2019-06-04 16:06:26,560 - VO - IE - GUMTREE - 2019-04-01 00:00:00 - ERROR - STAT - expect_column_values_to_not_be_null - ADRESSE - correctly filled rate (%) - 0.0
2019-06-04 16:06:26,656 - VO - IE - GUMTREE - 2019-04-01 00:00:00 - ERROR - STAT - expect_column_values_to_be_in_type_list - ANNEE - correctly filled rate (%) - 100.0
2019-06-04 16:06:26,656 - VO - IE - GUMTREE - 2019-04-01 00:00:00 - ERROR - STAT - expect_column_values_to_be_between - ANNEE - correctly filled rate (%) - 91.08
2019-06-04 16:06:26,656 - VO - IE - GUMTREE - 2019-04-01 00:00:00 - ERROR - STAT - expect_column_values_to_not_be_null - ANNEE - correctly filled rate (%) - 100.0
2019-06-04 16:06:26,656 - VO - IE - GUMTREE - 2019-04-01 00:00:00 - ERROR - FILE_CHECK - expect_column_values_to_match_regex - ANNEE - Unexpected value: 0 on line 10, value should match regexp ^[0-9]{4}$
2019-06-04 16:06:26,656 - VO - IE - GUMTREE - 2019-04-01 00:00:00 - ERROR - FILE_CHECK - expect_column_values_to_match_regex - ANNEE - Unexpected value: 0 on line 19, value should match regexp ^[0-9]{4}$
2019-06-04 16:06:26,656 - VO - IE - GUMTREE - 2019-04-01 00:00:00 - ERROR - FILE_CHECK - expect_column_values_to_match_regex - ANNEE - Unexpected value: 0 on line 22, value should match regexp ^[0-9]{4}$
2019-06-04 16:06:26,656 - VO - IE - GUMTREE - 2019-04-01 00:00:00 - ERROR - FILE_CHECK - expect_column_values_to_match_regex - ANNEE - Unexpected value: 0 on line 25, value should match regexp ^[0-9]{4}$
2019-06-04 16:06:26,656 - VO - IE - GUMTREE - 2019-04-01 00:00:00 - ERROR - FILE_CHECK - expect_column_values_to_match_regex - ANNEE - Unexpected value: 0 on line 26, value should match regexp ^[0-9]{4}$
2019-06-04 16:06:26,656 - VO - IE - GUMTREE - 2019-04-01 00:00:00 - ERROR - FILE_CHECK - expect_column_values_to_match_regex - ANNEE - Unexpected value: 0 on line 29, value should match regexp ^[0-9]{4}$
2019-06-04 16:06:26,656 - VO - IE - GUMTREE - 2019-04-01 00:00:00 - ERROR - FILE_CHECK - expect_column_values_to_match_regex - ANNEE - Unexpected value: 0 on line 30, value should match regexp ^[0-9]{4}$
2019-06-04 16:06:26,656 - VO - IE - GUMTREE - 2019-04-01 00:00:00 - ERROR - FILE_CHECK - expect_column_values_to_match_regex - ANNEE - Unexpected value: 0 on line 32, value should match regexp ^[0-9]{4}$
2019-06-04 16:06:26,657 - VO - IE - GUMTREE - 2019-04-01 00:00:00 - ERROR - FILE_CHECK - expect_column_values_to_match_regex - ANNEE - Unexpected value: 0 on line 37, value should match regexp ^[0-9]{4}$
2019-06-04 16:06:26,657 - VO - IE - GUMTREE - 2019-04-01 00:00:00 - ERROR - FILE_CHECK - expect_column_values_to_match_regex - ANNEE - Unexpected value: 0 on line 39, value should match regexp ^[0-9]{4}$
2019-06-04 16:06:26,657 - VO - IE - GUMTREE - 2019-04-01 00:00:00 - ERROR - FILE_CHECK - expect_column_values_to_match_regex - ANNEE - Unexpected value: 0 on line 44, value should match regexp ^[0-9]{4}$
2019-06-04 16:06:26,657 - VO - IE - GUMTREE - 2019-04-01 00:00:00 - ERROR - FILE_CHECK - expect_column_values_to_match_regex - ANNEE - Unexpected value: 0 on line 50, value should match regexp ^[0-9]{4}$
2019-06-04 16:06:26,657 - VO - IE - GUMTREE - 2019-04-01 00:00:00 - ERROR - FILE_CHECK - expect_column_values_to_match_regex - ANNEE - Unexpected value: 0 on line 53, value should match regexp ^[0-9]{4}$
2019-06-04 16:06:26,657 - VO - IE - GUMTREE - 2019-04-01 00:00:00 - ERROR - FILE_CHECK - expect_column_values_to_match_regex - ANNEE - Unexpected value: 0 on line 63, value should match regexp ^[0-9]{4}$
2019-06-04 16:06:26,657 - VO - IE - GUMTREE - 2019-04-01 00:00:00 - ERROR - FILE_CHECK - expect_column_values_to_match_regex - ANNEE - Unexpected value: 0 on line 94, value should match regexp ^[0-9]{4}$
2019-06-04 16:06:26,657 - VO - IE - GUMTREE - 2019-04-01 00:00:00 - ERROR - FILE_CHECK - expect_column_values_to_match_regex - ANNEE - Unexpected value: 0 on line 101, value should match regexp ^[0-9]{4}$
2019-06-04 16:06:26,657 - VO - IE - GUMTREE - 2019-04-01 00:00:00 - ERROR - FILE_CHECK - expect_column_values_to_match_regex - ANNEE - Unexpected value: 0 on line 129, value should match regexp ^[0-9]{4}$
2019-06-04 16:06:26,657 - VO - IE - GUMTREE - 2019-04-01 00:00:00 - ERROR - FILE_CHECK - expect_column_values_to_match_regex - ANNEE - Unexpected value: 0 on line 143, value should match regexp ^[0-9]{4}$
2019-06-04 16:06:26,657 - VO - IE - GUMTREE - 2019-04-01 00:00:00 - ERROR - FILE_CHECK - expect_column_values_to_match_regex - ANNEE - Unexpected value: 0 on line 152, value should match regexp ^[0-9]{4}$
2019-06-04 16:06:26,657 - VO - IE - GUMTREE - 2019-04-01 00:00:00 - ERROR - FILE_CHECK - expect_column_values_to_match_regex - ANNEE - Unexpected value: 0 on line 212, value should match regexp ^[0-9]{4}$
2019-06-04 16:06:26,657 - VO - IE - GUMTREE - 2019-04-01 00:00:00 - ERROR - STAT - expect_column_values_to_match_regex - ANNEE - correctly filled rate (%) - 91.52
2019-06-04 16:06:26,658 - VO - IE - GUMTREE - 2019-04-01 00:00:00 - ERROR - STAT - expect_column_values_to_not_be_null - ANNONCE_LINK - correctly filled rate (%) - 100.0
2019-06-04 16:06:26,658 - VO - IE - GUMTREE - 2019-04-01 00:00:00 - ERROR - STAT - expect_column_values_to_be_unique - ANNONCE_LINK - observed proportion - 100.0
2019-06-04 16:06:26,658 - VO - IE - GUMTREE - 2019-04-01 00:00:00 - ERROR - STAT - expect_column_values_to_not_be_null - CARBURANT - correctly filled rate (%) - 89.62
2019-06-04 16:06:26,658 - VO - IE - GUMTREE - 2019-04-01 00:00:00 - ERROR - STAT - expect_column_values_to_not_be_null - CARROSSERIE - correctly filled rate (%) - 83.77
2019-06-04 16:06:26,658 - VO - IE - GUMTREE - 2019-04-01 00:00:00 - ERROR - STAT - expect_column_values_to_not_be_null - CP - correctly filled rate (%) - 0.0
2019-06-04 16:06:26,658 - VO - IE - GUMTREE - 2019-04-01 00:00:00 - ERROR - STAT - expect_column_values_to_not_be_null - GARAGE_ID - correctly filled rate (%) - 0.0
2019-06-04 16:06:26,658 - VO - IE - GUMTREE - 2019-04-01 00:00:00 - ERROR - STAT - expect_column_values_to_not_be_null - ID_CLIENT - correctly filled rate (%) - 100.0
2019-06-04 16:06:26,658 - VO - IE - GUMTREE - 2019-04-01 00:00:00 - ERROR - STAT - expect_column_values_to_be_unique - ID_CLIENT - observed proportion - 100.0
2019-06-04 16:06:26,658 - VO - IE - GUMTREE - 2019-04-01 00:00:00 - ERROR - STAT - expect_returning_row_count - EVERY_COLUMNS - total number of rows - 684
2019-06-04 16:06:26,658 - VO - IE - GUMTREE - 2019-04-01 00:00:00 - ERROR - STAT - expect_column_values_to_not_be_null - IMMAT - correctly filled rate (%) - 100.0
2019-06-04 16:06:26,658 - VO - IE - GUMTREE - 2019-04-01 00:00:00 - ERROR - STAT - expect_column_values_to_be_in_type_list - KM - correctly filled rate (%) - 100.0
2019-06-04 16:06:26,658 - VO - IE - GUMTREE - 2019-04-01 00:00:00 - ERROR - STAT - expect_column_values_to_not_be_null - KM - correctly filled rate (%) - 100.0
2019-06-04 16:06:26,659 - VO - IE - GUMTREE - 2019-04-01 00:00:00 - ERROR - STAT - expect_column_values_to_be_in_type_list - LITRE - correctly filled rate (%) - 100.0
2019-06-04 16:06:26,659 - VO - IE - GUMTREE - 2019-04-01 00:00:00 - ERROR - STAT - expect_column_values_to_not_be_null - LITRE - correctly filled rate (%) - 100.0
2019-06-04 16:06:26,659 - VO - IE - GUMTREE - 2019-04-01 00:00:00 - ERROR - STAT - expect_column_values_to_not_be_null - MARQUE - correctly filled rate (%) - 94.3
2019-06-04 16:06:26,659 - VO - IE - GUMTREE - 2019-04-01 00:00:00 - ERROR - STAT - expect_column_values_to_not_be_null - MODELE - correctly filled rate (%) - 85.09
2019-06-04 16:06:26,659 - VO - IE - GUMTREE - 2019-04-01 00:00:00 - ERROR - STAT - expect_column_values_to_not_be_null - MOIS - correctly filled rate (%) - 100.0
2019-06-04 16:06:26,659 - VO - IE - GUMTREE - 2019-04-01 00:00:00 - ERROR - FILE_CHECK - expect_column_values_to_be_between - MOIS - Unexpected value: 0 on line 0, value should be between 1 and 12
2019-06-04 16:06:26,659 - VO - IE - GUMTREE - 2019-04-01 00:00:00 - ERROR - FILE_CHECK - expect_column_values_to_be_between - MOIS - Unexpected value: 0 on line 1, value should be between 1 and 12
2019-06-04 16:06:26,659 - VO - IE - GUMTREE - 2019-04-01 00:00:00 - ERROR - FILE_CHECK - expect_column_values_to_be_between - MOIS - Unexpected value: 0 on line 2, value should be between 1 and 12
2019-06-04 16:06:26,659 - VO - IE - GUMTREE - 2019-04-01 00:00:00 - ERROR - FILE_CHECK - expect_column_values_to_be_between - MOIS - Unexpected value: 0 on line 3, value should be between 1 and 12
2019-06-04 16:06:26,659 - VO - IE - GUMTREE - 2019-04-01 00:00:00 - ERROR - FILE_CHECK - expect_column_values_to_be_between - MOIS - Unexpected value: 0 on line 4, value should be between 1 and 12
2019-06-04 16:06:26,659 - VO - IE - GUMTREE - 2019-04-01 00:00:00 - ERROR - FILE_CHECK - expect_column_values_to_be_between - MOIS - Unexpected value: 0 on line 5, value should be between 1 and 12
2019-06-04 16:06:26,659 - VO - IE - GUMTREE - 2019-04-01 00:00:00 - ERROR - FILE_CHECK - expect_column_values_to_be_between - MOIS - Unexpected value: 0 on line 6, value should be between 1 and 12
2019-06-04 16:06:26,659 - VO - IE - GUMTREE - 2019-04-01 00:00:00 - ERROR - FILE_CHECK - expect_column_values_to_be_between - MOIS - Unexpected value: 0 on line 7, value should be between 1 and 12
2019-06-04 16:06:26,660 - VO - IE - GUMTREE - 2019-04-01 00:00:00 - ERROR - FILE_CHECK - expect_column_values_to_be_between - MOIS - Unexpected value: 0 on line 8, value should be between 1 and 12
2019-06-04 16:06:26,660 - VO - IE - GUMTREE - 2019-04-01 00:00:00 - ERROR - FILE_CHECK - expect_column_values_to_be_between - MOIS - Unexpected value: 0 on line 9, value should be between 1 and 12
2019-06-04 16:06:26,660 - VO - IE - GUMTREE - 2019-04-01 00:00:00 - ERROR - FILE_CHECK - expect_column_values_to_be_between - MOIS - Unexpected value: 0 on line 10, value should be between 1 and 12
2019-06-04 16:06:26,660 - VO - IE - GUMTREE - 2019-04-01 00:00:00 - ERROR - FILE_CHECK - expect_column_values_to_be_between - MOIS - Unexpected value: 0 on line 11, value should be between 1 and 12
2019-06-04 16:06:26,660 - VO - IE - GUMTREE - 2019-04-01 00:00:00 - ERROR - FILE_CHECK - expect_column_values_to_be_between - MOIS - Unexpected value: 0 on line 12, value should be between 1 and 12
2019-06-04 16:06:26,660 - VO - IE - GUMTREE - 2019-04-01 00:00:00 - ERROR - FILE_CHECK - expect_column_values_to_be_between - MOIS - Unexpected value: 0 on line 13, value should be between 1 and 12
2019-06-04 16:06:26,660 - VO - IE - GUMTREE - 2019-04-01 00:00:00 - ERROR - FILE_CHECK - expect_column_values_to_be_between - MOIS - Unexpected value: 0 on line 14, value should be between 1 and 12
2019-06-04 16:06:26,660 - VO - IE - GUMTREE - 2019-04-01 00:00:00 - ERROR - FILE_CHECK - expect_column_values_to_be_between - MOIS - Unexpected value: 0 on line 15, value should be between 1 and 12
2019-06-04 16:06:26,660 - VO - IE - GUMTREE - 2019-04-01 00:00:00 - ERROR - FILE_CHECK - expect_column_values_to_be_between - MOIS - Unexpected value: 0 on line 16, value should be between 1 and 12
2019-06-04 16:06:26,660 - VO - IE - GUMTREE - 2019-04-01 00:00:00 - ERROR - FILE_CHECK - expect_column_values_to_be_between - MOIS - Unexpected value: 0 on line 17, value should be between 1 and 12
2019-06-04 16:06:26,660 - VO - IE - GUMTREE - 2019-04-01 00:00:00 - ERROR - FILE_CHECK - expect_column_values_to_be_between - MOIS - Unexpected value: 0 on line 18, value should be between 1 and 12
2019-06-04 16:06:26,660 - VO - IE - GUMTREE - 2019-04-01 00:00:00 - ERROR - FILE_CHECK - expect_column_values_to_be_between - MOIS - Unexpected value: 0 on line 19, value should be between 1 and 12
2019-06-04 16:06:26,660 - VO - IE - GUMTREE - 2019-04-01 00:00:00 - ERROR - STAT - expect_column_values_to_be_between - MOIS - correctly filled rate (%) - 0.0
2019-06-04 16:06:26,661 - VO - IE - GUMTREE - 2019-04-01 00:00:00 - ERROR - STAT - expect_column_values_to_match_regex - MOIS - correctly filled rate (%) - 100.0
2019-06-04 16:06:26,661 - VO - IE - GUMTREE - 2019-04-01 00:00:00 - ERROR - STAT - expect_column_values_to_not_be_null - NOM - correctly filled rate (%) - 0.0
2019-06-04 16:06:26,661 - VO - IE - GUMTREE - 2019-04-01 00:00:00 - ERROR - STAT - expect_column_values_to_not_be_null - OPTIONS - correctly filled rate (%) - 0.0
2019-06-04 16:06:26,661 - VO - IE - GUMTREE - 2019-04-01 00:00:00 - ERROR - STAT - expect_column_values_to_be_in_type_list - PHOTO - correctly filled rate (%) - 100.0
2019-06-04 16:06:26,661 - VO - IE - GUMTREE - 2019-04-01 00:00:00 - ERROR - STAT - expect_column_values_to_not_be_null - PHOTO - correctly filled rate (%) - 100.0
2019-06-04 16:06:26,661 - VO - IE - GUMTREE - 2019-04-01 00:00:00 - ERROR - STAT - expect_column_values_to_not_be_null - PLACE - correctly filled rate (%) - 0.0
2019-06-04 16:06:26,661 - VO - IE - GUMTREE - 2019-04-01 00:00:00 - ERROR - STAT - expect_column_values_to_not_be_null - PORTE - correctly filled rate (%) - 0.0
2019-06-04 16:06:26,661 - VO - IE - GUMTREE - 2019-04-01 00:00:00 - ERROR - STAT - expect_column_values_to_be_in_type_list - PRIX - correctly filled rate (%) - 100.0
2019-06-04 16:06:26,661 - VO - IE - GUMTREE - 2019-04-01 00:00:00 - ERROR - STAT - expect_column_values_to_not_be_null - PRIX - correctly filled rate (%) - 100.0
2019-06-04 16:06:26,661 - VO - IE - GUMTREE - 2019-04-01 00:00:00 - ERROR - STAT - expect_column_values_to_not_be_null - PROVINCE - correctly filled rate (%) - 100.0
2019-06-04 16:06:26,661 - VO - IE - GUMTREE - 2019-04-01 00:00:00 - ERROR - STAT - expect_column_values_to_not_be_null - SITE - correctly filled rate (%) - 100.0
2019-06-04 16:06:26,661 - VO - IE - GUMTREE - 2019-04-01 00:00:00 - ERROR - STAT - expect_column_values_to_not_be_null - TELEPHONE - correctly filled rate (%) - 91.67
2019-06-04 16:06:26,662 - VO - IE - GUMTREE - 2019-04-01 00:00:00 - ERROR - STAT - expect_column_values_to_be_phone_number - TELEPHONE - correctly filled rate (%) - 97.29
2019-06-04 16:06:26,662 - VO - IE - GUMTREE - 2019-04-01 00:00:00 - ERROR - STAT - expect_column_values_to_not_be_null - TYPE - correctly filled rate (%) - 100.0
2019-06-04 16:06:26,662 - VO - IE - GUMTREE - 2019-04-01 00:00:00 - ERROR - STAT - expect_column_values_to_be_in_set_2 - TYPE - observed proportion - 100.0
2019-06-04 16:06:26,662 - VO - IE - GUMTREE - 2019-04-01 00:00:00 - ERROR - STAT - expect_column_values_to_not_be_null - VILLE - correctly filled rate (%) - 0.0
2019-06-04 16:06:26,662 - VO - IE - GUMTREE - 2019-04-01 00:00:00 - ERROR - STAT - expect_column_values_to_not_be_null - VN_IND - correctly filled rate (%) - 0.0
2019-06-04 16:06:26,662 - VO - IE - GUMTREE - 2019-04-01 00:00:00 - ERROR - STAT - expect_returning_row_count_on_conditions - DEALER_USEDCARS - total number of row with conditions - 56
2019-06-04 16:06:26,662 - VO - IE - GUMTREE - 2019-04-01 00:00:00 - ERROR - STAT - expect_returning_row_count_on_conditions - PRIVATE_USEDCARS - total number of row with conditions - 628
2019-06-04 16:06:26,662 - VO - IE - GUMTREE - 2019-04-01 00:00:00 - ERROR - STAT - expect_returning_row_unique_count - MARQUE_CORRECTED - total number of unique rows - 35
2019-06-04 16:06:26,662 - VO - IE - GUMTREE - 2019-04-01 00:00:00 - ERROR - STAT - expect_returning_row_unique_count - MODELE_CORRECTED - total number of unique rows - 70
2019-06-04 16:06:26,662 - VO - IE - GUMTREE - 2019-04-01 00:00:00 - ERROR - STAT - expect_returning_row_unique_count - CARROSSERIE - total number of unique rows - 9
2019-06-04 16:06:26,662 - VO - IE - GUMTREE - 2019-04-01 00:00:00 - ERROR - STAT - expect_returning_row_unique_count - CARBURANT - total number of unique rows - 4
2019-06-04 16:06:26,662 - VO - IE - GUMTREE - 2019-04-01 00:00:00 - ERROR - STAT - expect_column_values_to_not_be_null - CYLINDRE - correctly filled rate (%) - 0.0
2019-06-04 16:06:26,662 - VO - IE - GUMTREE - 2019-04-01 00:00:00 - ERROR - STAT - expect_returning_row_unique_count - PROVINCE - total number of unique rows - 26
2019-06-04 16:06:26,663 - VO - IE - GUMTREE - 2019-04-01 00:00:00 - ERROR - STAT - expect_returning_row_unique_count - VILLE - total number of unique rows - 0
2019-06-04 16:06:26,663 - VO - IE - GUMTREE - 2019-04-01 00:00:00 - ERROR - STAT - expect_returning_row_unique_count - DEPARTEMENT - total number of unique rows - 0
