2019-08-30 13:38:59,265 - CAMION - PL - TRUCK1 - 2019-07-01 00:00:00 - ERROR - STAT - expect_column_values_to_not_be_null - ADRESSE - correctly filled rate (%) - 0.0
2019-08-30 13:38:59,265 - CAMION - PL - TRUCK1 - 2019-07-01 00:00:00 - ERROR - STAT - expect_column_values_to_be_in_type_list - ANNEE - correctly filled rate (%) - 100.0
2019-08-30 13:38:59,265 - CAMION - PL - TRUCK1 - 2019-07-01 00:00:00 - ERROR - STAT - expect_column_values_to_be_between - ANNEE - correctly filled rate (%) - 93.97
2019-08-30 13:38:59,265 - CAMION - PL - TRUCK1 - 2019-07-01 00:00:00 - ERROR - STAT - expect_column_values_to_not_be_null - ANNEE - correctly filled rate (%) - 100.0
2019-08-30 13:38:59,265 - CAMION - PL - TRUCK1 - 2019-07-01 00:00:00 - ERROR - FILE_CHECK - expect_column_values_to_match_regex - ANNEE - Unexpected value: 0 on line 149, value should match regexp ^[0-9]{4}$
2019-08-30 13:38:59,265 - CAMION - PL - TRUCK1 - 2019-07-01 00:00:00 - ERROR - FILE_CHECK - expect_column_values_to_match_regex - ANNEE - Unexpected value: 0 on line 189, value should match regexp ^[0-9]{4}$
2019-08-30 13:38:59,265 - CAMION - PL - TRUCK1 - 2019-07-01 00:00:00 - ERROR - FILE_CHECK - expect_column_values_to_match_regex - ANNEE - Unexpected value: 0 on line 191, value should match regexp ^[0-9]{4}$
2019-08-30 13:38:59,265 - CAMION - PL - TRUCK1 - 2019-07-01 00:00:00 - ERROR - FILE_CHECK - expect_column_values_to_match_regex - ANNEE - Unexpected value: 0 on line 192, value should match regexp ^[0-9]{4}$
2019-08-30 13:38:59,265 - CAMION - PL - TRUCK1 - 2019-07-01 00:00:00 - ERROR - FILE_CHECK - expect_column_values_to_match_regex - ANNEE - Unexpected value: 0 on line 193, value should match regexp ^[0-9]{4}$
2019-08-30 13:38:59,265 - CAMION - PL - TRUCK1 - 2019-07-01 00:00:00 - ERROR - FILE_CHECK - expect_column_values_to_match_regex - ANNEE - Unexpected value: 0 on line 195, value should match regexp ^[0-9]{4}$
2019-08-30 13:38:59,265 - CAMION - PL - TRUCK1 - 2019-07-01 00:00:00 - ERROR - FILE_CHECK - expect_column_values_to_match_regex - ANNEE - Unexpected value: 0 on line 197, value should match regexp ^[0-9]{4}$
2019-08-30 13:38:59,266 - CAMION - PL - TRUCK1 - 2019-07-01 00:00:00 - ERROR - FILE_CHECK - expect_column_values_to_match_regex - ANNEE - Unexpected value: 0 on line 198, value should match regexp ^[0-9]{4}$
2019-08-30 13:38:59,266 - CAMION - PL - TRUCK1 - 2019-07-01 00:00:00 - ERROR - FILE_CHECK - expect_column_values_to_match_regex - ANNEE - Unexpected value: 0 on line 200, value should match regexp ^[0-9]{4}$
2019-08-30 13:38:59,266 - CAMION - PL - TRUCK1 - 2019-07-01 00:00:00 - ERROR - FILE_CHECK - expect_column_values_to_match_regex - ANNEE - Unexpected value: 0 on line 201, value should match regexp ^[0-9]{4}$
2019-08-30 13:38:59,266 - CAMION - PL - TRUCK1 - 2019-07-01 00:00:00 - ERROR - FILE_CHECK - expect_column_values_to_match_regex - ANNEE - Unexpected value: 0 on line 284, value should match regexp ^[0-9]{4}$
2019-08-30 13:38:59,266 - CAMION - PL - TRUCK1 - 2019-07-01 00:00:00 - ERROR - FILE_CHECK - expect_column_values_to_match_regex - ANNEE - Unexpected value: 0 on line 359, value should match regexp ^[0-9]{4}$
2019-08-30 13:38:59,266 - CAMION - PL - TRUCK1 - 2019-07-01 00:00:00 - ERROR - FILE_CHECK - expect_column_values_to_match_regex - ANNEE - Unexpected value: 0 on line 368, value should match regexp ^[0-9]{4}$
2019-08-30 13:38:59,266 - CAMION - PL - TRUCK1 - 2019-07-01 00:00:00 - ERROR - FILE_CHECK - expect_column_values_to_match_regex - ANNEE - Unexpected value: 0 on line 389, value should match regexp ^[0-9]{4}$
2019-08-30 13:38:59,266 - CAMION - PL - TRUCK1 - 2019-07-01 00:00:00 - ERROR - FILE_CHECK - expect_column_values_to_match_regex - ANNEE - Unexpected value: 0 on line 416, value should match regexp ^[0-9]{4}$
2019-08-30 13:38:59,266 - CAMION - PL - TRUCK1 - 2019-07-01 00:00:00 - ERROR - FILE_CHECK - expect_column_values_to_match_regex - ANNEE - Unexpected value: 0 on line 458, value should match regexp ^[0-9]{4}$
2019-08-30 13:38:59,266 - CAMION - PL - TRUCK1 - 2019-07-01 00:00:00 - ERROR - FILE_CHECK - expect_column_values_to_match_regex - ANNEE - Unexpected value: 0 on line 504, value should match regexp ^[0-9]{4}$
2019-08-30 13:38:59,266 - CAMION - PL - TRUCK1 - 2019-07-01 00:00:00 - ERROR - FILE_CHECK - expect_column_values_to_match_regex - ANNEE - Unexpected value: 0 on line 514, value should match regexp ^[0-9]{4}$
2019-08-30 13:38:59,266 - CAMION - PL - TRUCK1 - 2019-07-01 00:00:00 - ERROR - FILE_CHECK - expect_column_values_to_match_regex - ANNEE - Unexpected value: 0 on line 774, value should match regexp ^[0-9]{4}$
2019-08-30 13:38:59,266 - CAMION - PL - TRUCK1 - 2019-07-01 00:00:00 - ERROR - FILE_CHECK - expect_column_values_to_match_regex - ANNEE - Unexpected value: 0 on line 786, value should match regexp ^[0-9]{4}$
2019-08-30 13:38:59,267 - CAMION - PL - TRUCK1 - 2019-07-01 00:00:00 - ERROR - STAT - expect_column_values_to_match_regex - ANNEE - correctly filled rate (%) - 94.57
2019-08-30 13:38:59,267 - CAMION - PL - TRUCK1 - 2019-07-01 00:00:00 - ERROR - STAT - expect_column_values_to_not_be_null - ANNONCE_LINK - correctly filled rate (%) - 100.0
2019-08-30 13:38:59,267 - CAMION - PL - TRUCK1 - 2019-07-01 00:00:00 - ERROR - STAT - expect_column_values_to_be_unique - ANNONCE_LINK - observed proportion - 100.0
2019-08-30 13:38:59,267 - CAMION - PL - TRUCK1 - 2019-07-01 00:00:00 - ERROR - STAT - expect_column_values_to_not_be_null - CARBURANT - correctly filled rate (%) - 38.98
2019-08-30 13:38:59,267 - CAMION - PL - TRUCK1 - 2019-07-01 00:00:00 - ERROR - STAT - expect_column_values_to_not_be_null - CARROSSERIE - correctly filled rate (%) - 0.0
2019-08-30 13:38:59,267 - CAMION - PL - TRUCK1 - 2019-07-01 00:00:00 - ERROR - STAT - expect_column_values_to_not_be_null - CP - correctly filled rate (%) - 98.57
2019-08-30 13:38:59,267 - CAMION - PL - TRUCK1 - 2019-07-01 00:00:00 - ERROR - STAT - expect_column_values_to_match_regex - CP - correctly filled rate (%) - 98.78
2019-08-30 13:38:59,267 - CAMION - PL - TRUCK1 - 2019-07-01 00:00:00 - ERROR - STAT - expect_column_values_to_not_be_null - GARAGE_ID - correctly filled rate (%) - 100.0
2019-08-30 13:38:59,267 - CAMION - PL - TRUCK1 - 2019-07-01 00:00:00 - ERROR - STAT - expect_column_values_to_not_be_null - ID_CLIENT - correctly filled rate (%) - 100.0
2019-08-30 13:38:59,267 - CAMION - PL - TRUCK1 - 2019-07-01 00:00:00 - ERROR - STAT - expect_column_values_to_be_unique - ID_CLIENT - observed proportion - 100.0
2019-08-30 13:38:59,267 - CAMION - PL - TRUCK1 - 2019-07-01 00:00:00 - ERROR - STAT - expect_returning_row_count - EVERY_COLUMNS - total number of rows - 1824
2019-08-30 13:38:59,267 - CAMION - PL - TRUCK1 - 2019-07-01 00:00:00 - ERROR - STAT - expect_column_values_to_not_be_null - IMMAT - correctly filled rate (%) - 100.0
2019-08-30 13:38:59,267 - CAMION - PL - TRUCK1 - 2019-07-01 00:00:00 - ERROR - STAT - expect_column_values_to_be_in_type_list - KM - correctly filled rate (%) - 100.0
2019-08-30 13:38:59,267 - CAMION - PL - TRUCK1 - 2019-07-01 00:00:00 - ERROR - STAT - expect_column_values_to_not_be_null - KM - correctly filled rate (%) - 100.0
2019-08-30 13:38:59,267 - CAMION - PL - TRUCK1 - 2019-07-01 00:00:00 - ERROR - STAT - expect_column_values_to_be_in_type_list - LITRE - correctly filled rate (%) - 100.0
2019-08-30 13:38:59,267 - CAMION - PL - TRUCK1 - 2019-07-01 00:00:00 - ERROR - STAT - expect_column_values_to_not_be_null - LITRE - correctly filled rate (%) - 100.0
2019-08-30 13:38:59,268 - CAMION - PL - TRUCK1 - 2019-07-01 00:00:00 - ERROR - STAT - expect_column_values_to_not_be_null - MARQUE - correctly filled rate (%) - 97.53
2019-08-30 13:38:59,268 - CAMION - PL - TRUCK1 - 2019-07-01 00:00:00 - ERROR - STAT - expect_column_values_to_not_be_null - MODELE - correctly filled rate (%) - 52.14
2019-08-30 13:38:59,268 - CAMION - PL - TRUCK1 - 2019-07-01 00:00:00 - ERROR - STAT - expect_column_values_to_not_be_null - NOM - correctly filled rate (%) - 99.67
2019-08-30 13:38:59,268 - CAMION - PL - TRUCK1 - 2019-07-01 00:00:00 - ERROR - FILE_CHECK - expect_column_value_lengths_to_be_between - NOM - Unexpected characters count of: [TRAILOR...] on line  10, value length should be between 10 and 255
2019-08-30 13:38:59,268 - CAMION - PL - TRUCK1 - 2019-07-01 00:00:00 - ERROR - FILE_CHECK - expect_column_value_lengths_to_be_between - NOM - Unexpected characters count of: [GINAF...] on line  17, value length should be between 10 and 255
2019-08-30 13:38:59,268 - CAMION - PL - TRUCK1 - 2019-07-01 00:00:00 - ERROR - FILE_CHECK - expect_column_value_lengths_to_be_between - NOM - Unexpected characters count of: [JCB 3CX...] on line  30, value length should be between 10 and 255
2019-08-30 13:38:59,268 - CAMION - PL - TRUCK1 - 2019-07-01 00:00:00 - ERROR - FILE_CHECK - expect_column_value_lengths_to_be_between - NOM - Unexpected characters count of: [Case 721C...] on line  194, value length should be between 10 and 255
2019-08-30 13:38:59,268 - CAMION - PL - TRUCK1 - 2019-07-01 00:00:00 - ERROR - FILE_CHECK - expect_column_value_lengths_to_be_between - NOM - Unexpected characters count of: [JLG 4069...] on line  240, value length should be between 10 and 255
2019-08-30 13:38:59,268 - CAMION - PL - TRUCK1 - 2019-07-01 00:00:00 - ERROR - FILE_CHECK - expect_column_value_lengths_to_be_between - NOM - Unexpected characters count of: [HSW...] on line  426, value length should be between 10 and 255
2019-08-30 13:38:59,268 - CAMION - PL - TRUCK1 - 2019-07-01 00:00:00 - ERROR - FILE_CHECK - expect_column_value_lengths_to_be_between - NOM - Unexpected characters count of: [PERKINS...] on line  430, value length should be between 10 and 255
2019-08-30 13:38:59,268 - CAMION - PL - TRUCK1 - 2019-07-01 00:00:00 - ERROR - FILE_CHECK - expect_column_value_lengths_to_be_between - NOM - Unexpected characters count of: [- H4...] on line  434, value length should be between 10 and 255
2019-08-30 13:38:59,268 - CAMION - PL - TRUCK1 - 2019-07-01 00:00:00 - ERROR - FILE_CHECK - expect_column_value_lengths_to_be_between - NOM - Unexpected characters count of: [JCB -944...] on line  447, value length should be between 10 and 255
2019-08-30 13:38:59,268 - CAMION - PL - TRUCK1 - 2019-07-01 00:00:00 - ERROR - FILE_CHECK - expect_column_value_lengths_to_be_between - NOM - Unexpected characters count of: [JELCZ 6x4...] on line  459, value length should be between 10 and 255
2019-08-30 13:38:59,268 - CAMION - PL - TRUCK1 - 2019-07-01 00:00:00 - ERROR - FILE_CHECK - expect_column_value_lengths_to_be_between - NOM - Unexpected characters count of: [KRONE AZ...] on line  502, value length should be between 10 and 255
2019-08-30 13:38:59,268 - CAMION - PL - TRUCK1 - 2019-07-01 00:00:00 - ERROR - FILE_CHECK - expect_column_value_lengths_to_be_between - NOM - Unexpected characters count of: [KRONE AZ...] on line  507, value length should be between 10 and 255
2019-08-30 13:38:59,268 - CAMION - PL - TRUCK1 - 2019-07-01 00:00:00 - ERROR - FILE_CHECK - expect_column_value_lengths_to_be_between - NOM - Unexpected characters count of: [Kroll...] on line  512, value length should be between 10 and 255
2019-08-30 13:38:59,268 - CAMION - PL - TRUCK1 - 2019-07-01 00:00:00 - ERROR - FILE_CHECK - expect_column_value_lengths_to_be_between - NOM - Unexpected characters count of: [RENAULT...] on line  520, value length should be between 10 and 255
2019-08-30 13:38:59,269 - CAMION - PL - TRUCK1 - 2019-07-01 00:00:00 - ERROR - FILE_CHECK - expect_column_value_lengths_to_be_between - NOM - Unexpected characters count of: [KRONE SD...] on line  567, value length should be between 10 and 255
2019-08-30 13:38:59,269 - CAMION - PL - TRUCK1 - 2019-07-01 00:00:00 - ERROR - FILE_CHECK - expect_column_value_lengths_to_be_between - NOM - Unexpected characters count of: [JLG 800AJ...] on line  637, value length should be between 10 and 255
2019-08-30 13:38:59,269 - CAMION - PL - TRUCK1 - 2019-07-01 00:00:00 - ERROR - FILE_CHECK - expect_column_value_lengths_to_be_between - NOM - Unexpected characters count of: [JCB 1CXT...] on line  665, value length should be between 10 and 255
2019-08-30 13:38:59,269 - CAMION - PL - TRUCK1 - 2019-07-01 00:00:00 - ERROR - FILE_CHECK - expect_column_value_lengths_to_be_between - NOM - Unexpected characters count of: [JCB 407B...] on line  667, value length should be between 10 and 255
2019-08-30 13:38:59,269 - CAMION - PL - TRUCK1 - 2019-07-01 00:00:00 - ERROR - FILE_CHECK - expect_column_value_lengths_to_be_between - NOM - Unexpected characters count of: [HSW 534E...] on line  669, value length should be between 10 and 255
2019-08-30 13:38:59,269 - CAMION - PL - TRUCK1 - 2019-07-01 00:00:00 - ERROR - FILE_CHECK - expect_column_value_lengths_to_be_between - NOM - Unexpected characters count of: [KRONE SD...] on line  683, value length should be between 10 and 255
2019-08-30 13:38:59,269 - CAMION - PL - TRUCK1 - 2019-07-01 00:00:00 - ERROR - STAT - expect_column_value_lengths_to_be_between - NOM - correctly filled rate (%) - 95.54
2019-08-30 13:38:59,269 - CAMION - PL - TRUCK1 - 2019-07-01 00:00:00 - ERROR - STAT - expect_column_values_to_not_be_null - OPTIONS - correctly filled rate (%) - 0.0
2019-08-30 13:38:59,269 - CAMION - PL - TRUCK1 - 2019-07-01 00:00:00 - ERROR - STAT - expect_column_values_to_be_in_type_list - PHOTO - correctly filled rate (%) - 100.0
2019-08-30 13:38:59,269 - CAMION - PL - TRUCK1 - 2019-07-01 00:00:00 - ERROR - STAT - expect_column_values_to_not_be_null - PHOTO - correctly filled rate (%) - 100.0
2019-08-30 13:38:59,269 - CAMION - PL - TRUCK1 - 2019-07-01 00:00:00 - ERROR - STAT - expect_column_values_to_not_be_null - PLACE - correctly filled rate (%) - 0.0
2019-08-30 13:38:59,269 - CAMION - PL - TRUCK1 - 2019-07-01 00:00:00 - ERROR - STAT - expect_column_values_to_not_be_null - PORTE - correctly filled rate (%) - 0.0
2019-08-30 13:38:59,269 - CAMION - PL - TRUCK1 - 2019-07-01 00:00:00 - ERROR - STAT - expect_column_values_to_be_in_type_list - PRIX - correctly filled rate (%) - 100.0
2019-08-30 13:38:59,269 - CAMION - PL - TRUCK1 - 2019-07-01 00:00:00 - ERROR - STAT - expect_column_values_to_not_be_null - PRIX - correctly filled rate (%) - 100.0
2019-08-30 13:38:59,269 - CAMION - PL - TRUCK1 - 2019-07-01 00:00:00 - ERROR - STAT - expect_column_values_to_not_be_null - PROVINCE - correctly filled rate (%) - 0.0
2019-08-30 13:38:59,269 - CAMION - PL - TRUCK1 - 2019-07-01 00:00:00 - ERROR - STAT - expect_column_values_to_not_be_null - SITE - correctly filled rate (%) - 100.0
2019-08-30 13:38:59,269 - CAMION - PL - TRUCK1 - 2019-07-01 00:00:00 - ERROR - STAT - expect_column_values_to_not_be_null - TELEPHONE - correctly filled rate (%) - 100.0
2019-08-30 13:38:59,270 - CAMION - PL - TRUCK1 - 2019-07-01 00:00:00 - ERROR - STAT - expect_column_values_to_be_phone_number - TELEPHONE - correctly filled rate (%) - 94.68
2019-08-30 13:38:59,270 - CAMION - PL - TRUCK1 - 2019-07-01 00:00:00 - ERROR - STAT - expect_column_values_to_not_be_null - TYPE - correctly filled rate (%) - 100.0
2019-08-30 13:38:59,270 - CAMION - PL - TRUCK1 - 2019-07-01 00:00:00 - ERROR - STAT - expect_column_values_to_be_in_set_2 - TYPE - observed proportion - 100.0
2019-08-30 13:38:59,270 - CAMION - PL - TRUCK1 - 2019-07-01 00:00:00 - ERROR - STAT - expect_column_values_to_not_be_null - VILLE - correctly filled rate (%) - 100.0
2019-08-30 13:38:59,270 - CAMION - PL - TRUCK1 - 2019-07-01 00:00:00 - ERROR - STAT - expect_column_values_to_not_be_null - VN_IND - correctly filled rate (%) - 0.0
2019-08-30 13:38:59,270 - CAMION - PL - TRUCK1 - 2019-07-01 00:00:00 - ERROR - STAT - expect_returning_row_unique_count - MARQUE_CORRECTED - total number of unique rows - 153
2019-08-30 13:38:59,270 - CAMION - PL - TRUCK1 - 2019-07-01 00:00:00 - ERROR - STAT - expect_returning_row_unique_count - MODELE_CORRECTED - total number of unique rows - 141
2019-08-30 13:38:59,270 - CAMION - PL - TRUCK1 - 2019-07-01 00:00:00 - ERROR - STAT - expect_returning_row_unique_count - CARROSSERIE - total number of unique rows - 0
2019-08-30 13:38:59,270 - CAMION - PL - TRUCK1 - 2019-07-01 00:00:00 - ERROR - STAT - expect_returning_row_unique_count - CARBURANT - total number of unique rows - 3
2019-08-30 13:38:59,270 - CAMION - PL - TRUCK1 - 2019-07-01 00:00:00 - ERROR - STAT - expect_column_values_to_not_be_null - CYLINDRE - correctly filled rate (%) - 0.0
2019-08-30 13:38:59,270 - CAMION - PL - TRUCK1 - 2019-07-01 00:00:00 - ERROR - STAT - expect_returning_row_unique_count - PROVINCE - total number of unique rows - 0
2019-08-30 13:38:59,270 - CAMION - PL - TRUCK1 - 2019-07-01 00:00:00 - ERROR - STAT - expect_returning_row_unique_count - VILLE - total number of unique rows - 32
2019-08-30 13:38:59,270 - CAMION - PL - TRUCK1 - 2019-07-01 00:00:00 - ERROR - STAT - expect_returning_row_unique_count - DEPARTEMENT - total number of unique rows - 0
2019-08-30 13:38:59,270 - CAMION - PL - TRUCK1 - 2019-07-01 00:00:00 - ERROR - STAT - expect_returning_row_count_on_conditions - DEALER_USEDCARS - total number of row with conditions - 1824
2019-08-30 13:38:59,270 - CAMION - PL - TRUCK1 - 2019-07-01 00:00:00 - ERROR - STAT - expect_returning_row_count_on_conditions - PRIVATE_USEDCARS - total number of row with conditions - 0
2019-08-30 13:38:59,270 - CAMION - PL - TRUCK1 - 2019-07-01 00:00:00 - ERROR - STAT - expect_returning_row_count_on_conditions - TRUCKS - total number of row with conditions - 458
2019-08-30 13:38:59,270 - CAMION - PL - TRUCK1 - 2019-07-01 00:00:00 - ERROR - STAT - expect_returning_row_count_on_conditions - TRACTOR UNITS - total number of row with conditions - 151
2019-08-30 13:38:59,271 - CAMION - PL - TRUCK1 - 2019-07-01 00:00:00 - ERROR - STAT - expect_returning_row_count_on_conditions - TRAILERS - total number of row with conditions - 76
2019-08-30 13:38:59,271 - CAMION - PL - TRUCK1 - 2019-07-01 00:00:00 - ERROR - STAT - expect_returning_row_count_on_conditions - VANS - total number of row with conditions - 0
2019-08-30 13:38:59,271 - CAMION - PL - TRUCK1 - 2019-07-01 00:00:00 - ERROR - STAT - expect_returning_row_count_on_conditions - HEAVY EQUIPMENTS - total number of row with conditions - 965
2019-08-30 13:38:59,271 - CAMION - PL - TRUCK1 - 2019-07-01 00:00:00 - ERROR - STAT - expect_returning_row_count_on_conditions - SEMI TRAILERS - total number of row with conditions - 174
2019-08-30 13:38:59,271 - CAMION - PL - TRUCK1 - 2019-07-01 00:00:00 - ERROR - STAT - expect_returning_row_count_on_conditions - DEALER_TRUCKS - total number of row with conditions - 458
2019-08-30 13:38:59,271 - CAMION - PL - TRUCK1 - 2019-07-01 00:00:00 - ERROR - STAT - expect_returning_row_count_on_conditions - PRIVATE_TRUCKS - total number of row with conditions - 0
2019-08-30 13:38:59,271 - CAMION - PL - TRUCK1 - 2019-07-01 00:00:00 - ERROR - STAT - expect_returning_row_count_on_conditions - DEALER_TRACTOR UNITS - total number of row with conditions - 151
2019-08-30 13:38:59,271 - CAMION - PL - TRUCK1 - 2019-07-01 00:00:00 - ERROR - STAT - expect_returning_row_count_on_conditions - PRIVATE_TRACTOR UNITS - total number of row with conditions - 0
2019-08-30 13:38:59,271 - CAMION - PL - TRUCK1 - 2019-07-01 00:00:00 - ERROR - STAT - expect_returning_row_count_on_conditions - DEALER_TRAILERS - total number of row with conditions - 76
2019-08-30 13:38:59,271 - CAMION - PL - TRUCK1 - 2019-07-01 00:00:00 - ERROR - STAT - expect_returning_row_count_on_conditions - PRIVATE_TRAILERS - total number of row with conditions - 0
2019-08-30 13:38:59,271 - CAMION - PL - TRUCK1 - 2019-07-01 00:00:00 - ERROR - STAT - expect_returning_row_count_on_conditions - DEALER_VANS - total number of row with conditions - 0
2019-08-30 13:38:59,271 - CAMION - PL - TRUCK1 - 2019-07-01 00:00:00 - ERROR - STAT - expect_returning_row_count_on_conditions - PRIVATE_VANS - total number of row with conditions - 0
2019-08-30 13:38:59,271 - CAMION - PL - TRUCK1 - 2019-07-01 00:00:00 - ERROR - STAT - expect_returning_row_count_on_conditions - DEALER_HEAVY EQUIPMENTS - total number of row with conditions - 965
2019-08-30 13:38:59,271 - CAMION - PL - TRUCK1 - 2019-07-01 00:00:00 - ERROR - STAT - expect_returning_row_count_on_conditions - PRIVATE_HEAVY EQUIPMENTS - total number of row with conditions - 0
2019-08-30 13:38:59,271 - CAMION - PL - TRUCK1 - 2019-07-01 00:00:00 - ERROR - STAT - expect_returning_row_count_on_conditions - DEALER_SEMI TRAILERS - total number of row with conditions - 174
2019-08-30 13:38:59,271 - CAMION - PL - TRUCK1 - 2019-07-01 00:00:00 - ERROR - STAT - expect_returning_row_count_on_conditions - PRIVATE_SEMI TRAILERS - total number of row with conditions - 0
