2019-09-30 10:42:29,583 - IMMO - FR.NEUF - AVENDREALOUERNEUF - 2019-09-01 00:00:00 - ERROR - STAT - expect_column_values_to_not_be_null - ACHAT_LOC - correctly filled rate (%) - 100.0
2019-09-30 10:42:29,583 - IMMO - FR.NEUF - AVENDREALOUERNEUF - 2019-09-01 00:00:00 - ERROR - STAT - expect_column_values_to_be_in_set - ACHAT_LOC - correctly filled rate (%) - 100.0
2019-09-30 10:42:29,583 - IMMO - FR.NEUF - AVENDREALOUERNEUF - 2019-09-01 00:00:00 - ERROR - STAT - expect_column_values_to_not_be_null - ADRESSE - correctly filled rate (%) - 0.0
2019-09-30 10:42:29,584 - IMMO - FR.NEUF - AVENDREALOUERNEUF - 2019-09-01 00:00:00 - ERROR - STAT - expect_column_values_to_not_be_null - AGENCE_ADRESSE - correctly filled rate (%) - 0.0
2019-09-30 10:42:29,584 - IMMO - FR.NEUF - AVENDREALOUERNEUF - 2019-09-01 00:00:00 - ERROR - STAT - expect_column_values_to_not_be_null - AGENCE_CP - correctly filled rate (%) - 0.0
2019-09-30 10:42:29,584 - IMMO - FR.NEUF - AVENDREALOUERNEUF - 2019-09-01 00:00:00 - ERROR - STAT - expect_column_values_to_not_be_null - AGENCE_NOM - correctly filled rate (%) - 99.98
2019-09-30 10:42:29,584 - IMMO - FR.NEUF - AVENDREALOUERNEUF - 2019-09-01 00:00:00 - ERROR - STAT - expect_column_values_to_be_phone_number - AGENCE_TEL - correctly filled rate (%) - 100.0
2019-09-30 10:42:29,584 - IMMO - FR.NEUF - AVENDREALOUERNEUF - 2019-09-01 00:00:00 - ERROR - STAT - expect_column_values_to_not_be_null - AGENCE_TEL - correctly filled rate (%) - 97.5
2019-09-30 10:42:29,584 - IMMO - FR.NEUF - AVENDREALOUERNEUF - 2019-09-01 00:00:00 - ERROR - STAT - expect_column_values_to_not_be_null - AGENCE_VILLE - correctly filled rate (%) - 0.0
2019-09-30 10:42:29,584 - IMMO - FR.NEUF - AVENDREALOUERNEUF - 2019-09-01 00:00:00 - ERROR - STAT - expect_column_values_to_not_be_null - ANNONCE_DATE - correctly filled rate (%) - 0.0
2019-09-30 10:42:29,584 - IMMO - FR.NEUF - AVENDREALOUERNEUF - 2019-09-01 00:00:00 - ERROR - STAT - expect_column_values_to_not_be_null - ANNONCE_LINK - correctly filled rate (%) - 100.0
2019-09-30 10:42:29,584 - IMMO - FR.NEUF - AVENDREALOUERNEUF - 2019-09-01 00:00:00 - ERROR - STAT - expect_column_values_to_be_unique - ANNONCE_LINK - observed proportion - 100.0
2019-09-30 10:42:29,584 - IMMO - FR.NEUF - AVENDREALOUERNEUF - 2019-09-01 00:00:00 - ERROR - FILE_CHECK - expect_column_value_lengths_to_be_between - ANNONCE_TEXT - Unexpected characters count of: [A proximité du centr...] on line  0, value length should be between 0 and 255
2019-09-30 10:42:29,584 - IMMO - FR.NEUF - AVENDREALOUERNEUF - 2019-09-01 00:00:00 - ERROR - FILE_CHECK - expect_column_value_lengths_to_be_between - ANNONCE_TEXT - Unexpected characters count of: [Située aux portes de...] on line  1, value length should be between 0 and 255
2019-09-30 10:42:29,584 - IMMO - FR.NEUF - AVENDREALOUERNEUF - 2019-09-01 00:00:00 - ERROR - FILE_CHECK - expect_column_value_lengths_to_be_between - ANNONCE_TEXT - Unexpected characters count of: [Un programme immobil...] on line  2, value length should be between 0 and 255
2019-09-30 10:42:29,584 - IMMO - FR.NEUF - AVENDREALOUERNEUF - 2019-09-01 00:00:00 - ERROR - FILE_CHECK - expect_column_value_lengths_to_be_between - ANNONCE_TEXT - Unexpected characters count of: [DERNIERES OPPORTUNIT...] on line  3, value length should be between 0 and 255
2019-09-30 10:42:29,584 - IMMO - FR.NEUF - AVENDREALOUERNEUF - 2019-09-01 00:00:00 - ERROR - FILE_CHECK - expect_column_value_lengths_to_be_between - ANNONCE_TEXT - Unexpected characters count of: [Montpellier est le l...] on line  4, value length should be between 0 and 255
2019-09-30 10:42:29,584 - IMMO - FR.NEUF - AVENDREALOUERNEUF - 2019-09-01 00:00:00 - ERROR - FILE_CHECK - expect_column_value_lengths_to_be_between - ANNONCE_TEXT - Unexpected characters count of: [Véritable écrin de v...] on line  6, value length should be between 0 and 255
2019-09-30 10:42:29,584 - IMMO - FR.NEUF - AVENDREALOUERNEUF - 2019-09-01 00:00:00 - ERROR - FILE_CHECK - expect_column_value_lengths_to_be_between - ANNONCE_TEXT - Unexpected characters count of: [DERNIERES DISPONIBIL...] on line  7, value length should be between 0 and 255
2019-09-30 10:42:29,585 - IMMO - FR.NEUF - AVENDREALOUERNEUF - 2019-09-01 00:00:00 - ERROR - FILE_CHECK - expect_column_value_lengths_to_be_between - ANNONCE_TEXT - Unexpected characters count of: [Au cœur de plus de 3...] on line  8, value length should be between 0 and 255
2019-09-30 10:42:29,585 - IMMO - FR.NEUF - AVENDREALOUERNEUF - 2019-09-01 00:00:00 - ERROR - FILE_CHECK - expect_column_value_lengths_to_be_between - ANNONCE_TEXT - Unexpected characters count of: [Jusqu'au 27 octobre ...] on line  9, value length should be between 0 and 255
2019-09-30 10:42:29,585 - IMMO - FR.NEUF - AVENDREALOUERNEUF - 2019-09-01 00:00:00 - ERROR - FILE_CHECK - expect_column_value_lengths_to_be_between - ANNONCE_TEXT - Unexpected characters count of: [A Colombes à quelque...] on line  10, value length should be between 0 and 255
2019-09-30 10:42:29,585 - IMMO - FR.NEUF - AVENDREALOUERNEUF - 2019-09-01 00:00:00 - ERROR - FILE_CHECK - expect_column_value_lengths_to_be_between - ANNONCE_TEXT - Unexpected characters count of: [À Rosny-sous-Bois, p...] on line  11, value length should be between 0 and 255
2019-09-30 10:42:29,585 - IMMO - FR.NEUF - AVENDREALOUERNEUF - 2019-09-01 00:00:00 - ERROR - FILE_CHECK - expect_column_value_lengths_to_be_between - ANNONCE_TEXT - Unexpected characters count of: [Bénéficiez d'une REM...] on line  12, value length should be between 0 and 255
2019-09-30 10:42:29,585 - IMMO - FR.NEUF - AVENDREALOUERNEUF - 2019-09-01 00:00:00 - ERROR - FILE_CHECK - expect_column_value_lengths_to_be_between - ANNONCE_TEXT - Unexpected characters count of: [Située entre Le Lava...] on line  13, value length should be between 0 and 255
2019-09-30 10:42:29,585 - IMMO - FR.NEUF - AVENDREALOUERNEUF - 2019-09-01 00:00:00 - ERROR - FILE_CHECK - expect_column_value_lengths_to_be_between - ANNONCE_TEXT - Unexpected characters count of: [Découvrez à Antibes ...] on line  14, value length should be between 0 and 255
2019-09-30 10:42:29,585 - IMMO - FR.NEUF - AVENDREALOUERNEUF - 2019-09-01 00:00:00 - ERROR - FILE_CHECK - expect_column_value_lengths_to_be_between - ANNONCE_TEXT - Unexpected characters count of: [Saint-Barnabé, est u...] on line  15, value length should be between 0 and 255
2019-09-30 10:42:29,585 - IMMO - FR.NEUF - AVENDREALOUERNEUF - 2019-09-01 00:00:00 - ERROR - FILE_CHECK - expect_column_value_lengths_to_be_between - ANNONCE_TEXT - Unexpected characters count of: [Découvrez notre prog...] on line  16, value length should be between 0 and 255
2019-09-30 10:42:29,585 - IMMO - FR.NEUF - AVENDREALOUERNEUF - 2019-09-01 00:00:00 - ERROR - FILE_CHECK - expect_column_value_lengths_to_be_between - ANNONCE_TEXT - Unexpected characters count of: [DERNIERES OPPORTUNIT...] on line  17, value length should be between 0 and 255
2019-09-30 10:42:29,585 - IMMO - FR.NEUF - AVENDREALOUERNEUF - 2019-09-01 00:00:00 - ERROR - FILE_CHECK - expect_column_value_lengths_to_be_between - ANNONCE_TEXT - Unexpected characters count of: [SPECIAL INVESTISSEME...] on line  18, value length should be between 0 and 255
2019-09-30 10:42:29,585 - IMMO - FR.NEUF - AVENDREALOUERNEUF - 2019-09-01 00:00:00 - ERROR - FILE_CHECK - expect_column_value_lengths_to_be_between - ANNONCE_TEXT - Unexpected characters count of: [EDELIS signe le Séma...] on line  19, value length should be between 0 and 255
2019-09-30 10:42:29,585 - IMMO - FR.NEUF - AVENDREALOUERNEUF - 2019-09-01 00:00:00 - ERROR - FILE_CHECK - expect_column_value_lengths_to_be_between - ANNONCE_TEXT - Unexpected characters count of: [Frais de notaire off...] on line  20, value length should be between 0 and 255
2019-09-30 10:42:29,585 - IMMO - FR.NEUF - AVENDREALOUERNEUF - 2019-09-01 00:00:00 - ERROR - STAT - expect_column_value_lengths_to_be_between - ANNONCE_TEXT - correctly filled rate (%) - 3.12
2019-09-30 10:42:29,585 - IMMO - FR.NEUF - AVENDREALOUERNEUF - 2019-09-01 00:00:00 - ERROR - STAT - expect_column_values_to_not_be_null - ANNONCE_TEXT - correctly filled rate (%) - 99.98
2019-09-30 10:42:29,585 - IMMO - FR.NEUF - AVENDREALOUERNEUF - 2019-09-01 00:00:00 - ERROR - STAT - expect_column_values_to_not_be_null - CATEGORIE - correctly filled rate (%) - 100.0
2019-09-30 10:42:29,585 - IMMO - FR.NEUF - AVENDREALOUERNEUF - 2019-09-01 00:00:00 - ERROR - STAT - expect_column_values_to_not_be_null - CP - correctly filled rate (%) - 99.88
2019-09-30 10:42:29,585 - IMMO - FR.NEUF - AVENDREALOUERNEUF - 2019-09-01 00:00:00 - ERROR - STAT - expect_column_values_to_match_regex - CP - correctly filled rate (%) - 100.0
2019-09-30 10:42:29,586 - IMMO - FR.NEUF - AVENDREALOUERNEUF - 2019-09-01 00:00:00 - ERROR - STAT - expect_column_values_to_not_be_null - DEPARTEMENT - correctly filled rate (%) - 99.9
2019-09-30 10:42:29,586 - IMMO - FR.NEUF - AVENDREALOUERNEUF - 2019-09-01 00:00:00 - ERROR - STAT - expect_returning_row_count - EVERY_COLUMNS - total number of rows - 4873
2019-09-30 10:42:29,586 - IMMO - FR.NEUF - AVENDREALOUERNEUF - 2019-09-01 00:00:00 - ERROR - STAT - expect_column_values_to_not_be_null - ID_CLIENT - correctly filled rate (%) - 100.0
2019-09-30 10:42:29,586 - IMMO - FR.NEUF - AVENDREALOUERNEUF - 2019-09-01 00:00:00 - ERROR - STAT - expect_column_values_to_be_unique - ID_CLIENT - observed proportion - 100.0
2019-09-30 10:42:29,586 - IMMO - FR.NEUF - AVENDREALOUERNEUF - 2019-09-01 00:00:00 - ERROR - FILE_CHECK - expect_column_values_to_be_of_type - M2_TOTALE - Wrong type for value: 67.0 on line 0 should be int
2019-09-30 10:42:29,586 - IMMO - FR.NEUF - AVENDREALOUERNEUF - 2019-09-01 00:00:00 - ERROR - FILE_CHECK - expect_column_values_to_be_of_type - M2_TOTALE - Wrong type for value: 53.0 on line 1 should be int
2019-09-30 10:42:29,586 - IMMO - FR.NEUF - AVENDREALOUERNEUF - 2019-09-01 00:00:00 - ERROR - FILE_CHECK - expect_column_values_to_be_of_type - M2_TOTALE - Wrong type for value: 57.0 on line 3 should be int
2019-09-30 10:42:29,586 - IMMO - FR.NEUF - AVENDREALOUERNEUF - 2019-09-01 00:00:00 - ERROR - FILE_CHECK - expect_column_values_to_be_of_type - M2_TOTALE - Wrong type for value: 46.0 on line 6 should be int
2019-09-30 10:42:29,586 - IMMO - FR.NEUF - AVENDREALOUERNEUF - 2019-09-01 00:00:00 - ERROR - FILE_CHECK - expect_column_values_to_be_of_type - M2_TOTALE - Wrong type for value: 58.0 on line 7 should be int
2019-09-30 10:42:29,586 - IMMO - FR.NEUF - AVENDREALOUERNEUF - 2019-09-01 00:00:00 - ERROR - FILE_CHECK - expect_column_values_to_be_of_type - M2_TOTALE - Wrong type for value: 43.0 on line 8 should be int
2019-09-30 10:42:29,586 - IMMO - FR.NEUF - AVENDREALOUERNEUF - 2019-09-01 00:00:00 - ERROR - FILE_CHECK - expect_column_values_to_be_of_type - M2_TOTALE - Wrong type for value: 26.0 on line 9 should be int
2019-09-30 10:42:29,586 - IMMO - FR.NEUF - AVENDREALOUERNEUF - 2019-09-01 00:00:00 - ERROR - FILE_CHECK - expect_column_values_to_be_of_type - M2_TOTALE - Wrong type for value: 82.0 on line 10 should be int
2019-09-30 10:42:29,586 - IMMO - FR.NEUF - AVENDREALOUERNEUF - 2019-09-01 00:00:00 - ERROR - FILE_CHECK - expect_column_values_to_be_of_type - M2_TOTALE - Wrong type for value: 32.0 on line 11 should be int
2019-09-30 10:42:29,586 - IMMO - FR.NEUF - AVENDREALOUERNEUF - 2019-09-01 00:00:00 - ERROR - FILE_CHECK - expect_column_values_to_be_of_type - M2_TOTALE - Wrong type for value: 95.0 on line 12 should be int
2019-09-30 10:42:29,586 - IMMO - FR.NEUF - AVENDREALOUERNEUF - 2019-09-01 00:00:00 - ERROR - FILE_CHECK - expect_column_values_to_be_of_type - M2_TOTALE - Wrong type for value: 43.0 on line 13 should be int
2019-09-30 10:42:29,586 - IMMO - FR.NEUF - AVENDREALOUERNEUF - 2019-09-01 00:00:00 - ERROR - FILE_CHECK - expect_column_values_to_be_of_type - M2_TOTALE - Wrong type for value: 62.0 on line 14 should be int
2019-09-30 10:42:29,586 - IMMO - FR.NEUF - AVENDREALOUERNEUF - 2019-09-01 00:00:00 - ERROR - FILE_CHECK - expect_column_values_to_be_of_type - M2_TOTALE - Wrong type for value: 41.0 on line 15 should be int
2019-09-30 10:42:29,586 - IMMO - FR.NEUF - AVENDREALOUERNEUF - 2019-09-01 00:00:00 - ERROR - FILE_CHECK - expect_column_values_to_be_of_type - M2_TOTALE - Wrong type for value: 78.0 on line 16 should be int
2019-09-30 10:42:29,587 - IMMO - FR.NEUF - AVENDREALOUERNEUF - 2019-09-01 00:00:00 - ERROR - FILE_CHECK - expect_column_values_to_be_of_type - M2_TOTALE - Wrong type for value: 63.0 on line 19 should be int
2019-09-30 10:42:29,587 - IMMO - FR.NEUF - AVENDREALOUERNEUF - 2019-09-01 00:00:00 - ERROR - FILE_CHECK - expect_column_values_to_be_of_type - M2_TOTALE - Wrong type for value: 62.0 on line 20 should be int
2019-09-30 10:42:29,587 - IMMO - FR.NEUF - AVENDREALOUERNEUF - 2019-09-01 00:00:00 - ERROR - FILE_CHECK - expect_column_values_to_be_of_type - M2_TOTALE - Wrong type for value: 79.0 on line 21 should be int
2019-09-30 10:42:29,587 - IMMO - FR.NEUF - AVENDREALOUERNEUF - 2019-09-01 00:00:00 - ERROR - FILE_CHECK - expect_column_values_to_be_of_type - M2_TOTALE - Wrong type for value: 40.0 on line 22 should be int
2019-09-30 10:42:29,587 - IMMO - FR.NEUF - AVENDREALOUERNEUF - 2019-09-01 00:00:00 - ERROR - FILE_CHECK - expect_column_values_to_be_of_type - M2_TOTALE - Wrong type for value: 41.0 on line 24 should be int
2019-09-30 10:42:29,587 - IMMO - FR.NEUF - AVENDREALOUERNEUF - 2019-09-01 00:00:00 - ERROR - FILE_CHECK - expect_column_values_to_be_of_type - M2_TOTALE - Wrong type for value: 75.0 on line 25 should be int
2019-09-30 10:42:29,587 - IMMO - FR.NEUF - AVENDREALOUERNEUF - 2019-09-01 00:00:00 - ERROR - STAT - expect_column_values_to_be_of_type - M2_TOTALE - correctly filled rate (%) - 0.0
2019-09-30 10:42:29,587 - IMMO - FR.NEUF - AVENDREALOUERNEUF - 2019-09-01 00:00:00 - ERROR - STAT - expect_column_values_to_not_be_null - M2_TOTALE - correctly filled rate (%) - 81.82
2019-09-30 10:42:29,587 - IMMO - FR.NEUF - AVENDREALOUERNEUF - 2019-09-01 00:00:00 - ERROR - STAT - expect_column_values_to_not_be_null - MAISON_APT - correctly filled rate (%) - 0.0
2019-09-30 10:42:29,587 - IMMO - FR.NEUF - AVENDREALOUERNEUF - 2019-09-01 00:00:00 - ERROR - STAT - expect_column_values_to_not_be_null - MINI_SITE_ID - correctly filled rate (%) - 0.0
2019-09-30 10:42:29,587 - IMMO - FR.NEUF - AVENDREALOUERNEUF - 2019-09-01 00:00:00 - ERROR - STAT - expect_column_values_to_not_be_null - NOM - correctly filled rate (%) - 99.9
2019-09-30 10:42:29,587 - IMMO - FR.NEUF - AVENDREALOUERNEUF - 2019-09-01 00:00:00 - ERROR - STAT - expect_column_value_lengths_to_be_between - NOM - correctly filled rate (%) - 100.0
2019-09-30 10:42:29,587 - IMMO - FR.NEUF - AVENDREALOUERNEUF - 2019-09-01 00:00:00 - ERROR - STAT - expect_column_values_to_match_regex - PAYS_AD - correctly filled rate (%) - 100.0
2019-09-30 10:42:29,587 - IMMO - FR.NEUF - AVENDREALOUERNEUF - 2019-09-01 00:00:00 - ERROR - STAT - expect_column_values_to_not_be_null - PAYS_AD - correctly filled rate (%) - 100.0
2019-09-30 10:42:29,587 - IMMO - FR.NEUF - AVENDREALOUERNEUF - 2019-09-01 00:00:00 - ERROR - STAT - expect_column_values_to_not_be_null - PHOTO - correctly filled rate (%) - 100.0
2019-09-30 10:42:29,587 - IMMO - FR.NEUF - AVENDREALOUERNEUF - 2019-09-01 00:00:00 - ERROR - STAT - expect_column_values_to_be_in_type_list - PHOTO - correctly filled rate (%) - 100.0
2019-09-30 10:42:29,587 - IMMO - FR.NEUF - AVENDREALOUERNEUF - 2019-09-01 00:00:00 - ERROR - STAT - expect_column_values_to_not_be_null - PIECE - correctly filled rate (%) - 90.87
2019-09-30 10:42:29,588 - IMMO - FR.NEUF - AVENDREALOUERNEUF - 2019-09-01 00:00:00 - ERROR - STAT - expect_column_values_to_be_in_type_list - PIECE - correctly filled rate (%) - 100.0
2019-09-30 10:42:29,588 - IMMO - FR.NEUF - AVENDREALOUERNEUF - 2019-09-01 00:00:00 - ERROR - FILE_CHECK - expect_column_values_to_be_of_type - PRIX - Wrong type for value: 430000.0 on line 0 should be int
2019-09-30 10:42:29,588 - IMMO - FR.NEUF - AVENDREALOUERNEUF - 2019-09-01 00:00:00 - ERROR - FILE_CHECK - expect_column_values_to_be_of_type - PRIX - Wrong type for value: 260000.0 on line 1 should be int
2019-09-30 10:42:29,588 - IMMO - FR.NEUF - AVENDREALOUERNEUF - 2019-09-01 00:00:00 - ERROR - FILE_CHECK - expect_column_values_to_be_of_type - PRIX - Wrong type for value: 238200.0 on line 3 should be int
2019-09-30 10:42:29,588 - IMMO - FR.NEUF - AVENDREALOUERNEUF - 2019-09-01 00:00:00 - ERROR - FILE_CHECK - expect_column_values_to_be_of_type - PRIX - Wrong type for value: 190000.0 on line 6 should be int
2019-09-30 10:42:29,588 - IMMO - FR.NEUF - AVENDREALOUERNEUF - 2019-09-01 00:00:00 - ERROR - FILE_CHECK - expect_column_values_to_be_of_type - PRIX - Wrong type for value: 251600.0 on line 7 should be int
2019-09-30 10:42:29,588 - IMMO - FR.NEUF - AVENDREALOUERNEUF - 2019-09-01 00:00:00 - ERROR - FILE_CHECK - expect_column_values_to_be_of_type - PRIX - Wrong type for value: 189000.0 on line 8 should be int
2019-09-30 10:42:29,588 - IMMO - FR.NEUF - AVENDREALOUERNEUF - 2019-09-01 00:00:00 - ERROR - FILE_CHECK - expect_column_values_to_be_of_type - PRIX - Wrong type for value: 139000.0 on line 9 should be int
2019-09-30 10:42:29,588 - IMMO - FR.NEUF - AVENDREALOUERNEUF - 2019-09-01 00:00:00 - ERROR - FILE_CHECK - expect_column_values_to_be_of_type - PRIX - Wrong type for value: 341000.0 on line 10 should be int
2019-09-30 10:42:29,588 - IMMO - FR.NEUF - AVENDREALOUERNEUF - 2019-09-01 00:00:00 - ERROR - FILE_CHECK - expect_column_values_to_be_of_type - PRIX - Wrong type for value: 162300.0 on line 11 should be int
2019-09-30 10:42:29,588 - IMMO - FR.NEUF - AVENDREALOUERNEUF - 2019-09-01 00:00:00 - ERROR - FILE_CHECK - expect_column_values_to_be_of_type - PRIX - Wrong type for value: 850000.0 on line 12 should be int
2019-09-30 10:42:29,588 - IMMO - FR.NEUF - AVENDREALOUERNEUF - 2019-09-01 00:00:00 - ERROR - FILE_CHECK - expect_column_values_to_be_of_type - PRIX - Wrong type for value: 220000.0 on line 13 should be int
2019-09-30 10:42:29,588 - IMMO - FR.NEUF - AVENDREALOUERNEUF - 2019-09-01 00:00:00 - ERROR - FILE_CHECK - expect_column_values_to_be_of_type - PRIX - Wrong type for value: 445000.0 on line 14 should be int
2019-09-30 10:42:29,588 - IMMO - FR.NEUF - AVENDREALOUERNEUF - 2019-09-01 00:00:00 - ERROR - FILE_CHECK - expect_column_values_to_be_of_type - PRIX - Wrong type for value: 206000.0 on line 15 should be int
2019-09-30 10:42:29,588 - IMMO - FR.NEUF - AVENDREALOUERNEUF - 2019-09-01 00:00:00 - ERROR - FILE_CHECK - expect_column_values_to_be_of_type - PRIX - Wrong type for value: 445000.0 on line 16 should be int
2019-09-30 10:42:29,588 - IMMO - FR.NEUF - AVENDREALOUERNEUF - 2019-09-01 00:00:00 - ERROR - FILE_CHECK - expect_column_values_to_be_of_type - PRIX - Wrong type for value: 197500.0 on line 17 should be int
2019-09-30 10:42:29,588 - IMMO - FR.NEUF - AVENDREALOUERNEUF - 2019-09-01 00:00:00 - ERROR - FILE_CHECK - expect_column_values_to_be_of_type - PRIX - Wrong type for value: 172176.0 on line 19 should be int
2019-09-30 10:42:29,588 - IMMO - FR.NEUF - AVENDREALOUERNEUF - 2019-09-01 00:00:00 - ERROR - FILE_CHECK - expect_column_values_to_be_of_type - PRIX - Wrong type for value: 232000.0 on line 20 should be int
2019-09-30 10:42:29,589 - IMMO - FR.NEUF - AVENDREALOUERNEUF - 2019-09-01 00:00:00 - ERROR - FILE_CHECK - expect_column_values_to_be_of_type - PRIX - Wrong type for value: 267900.0 on line 21 should be int
2019-09-30 10:42:29,589 - IMMO - FR.NEUF - AVENDREALOUERNEUF - 2019-09-01 00:00:00 - ERROR - FILE_CHECK - expect_column_values_to_be_of_type - PRIX - Wrong type for value: 109896.0 on line 22 should be int
2019-09-30 10:42:29,589 - IMMO - FR.NEUF - AVENDREALOUERNEUF - 2019-09-01 00:00:00 - ERROR - FILE_CHECK - expect_column_values_to_be_of_type - PRIX - Wrong type for value: 222100.0 on line 23 should be int
2019-09-30 10:42:29,589 - IMMO - FR.NEUF - AVENDREALOUERNEUF - 2019-09-01 00:00:00 - ERROR - STAT - expect_column_values_to_be_of_type - PRIX - correctly filled rate (%) - 0.0
2019-09-30 10:42:29,589 - IMMO - FR.NEUF - AVENDREALOUERNEUF - 2019-09-01 00:00:00 - ERROR - STAT - expect_column_values_to_not_be_null - PRIX - correctly filled rate (%) - 88.65
2019-09-30 10:42:29,589 - IMMO - FR.NEUF - AVENDREALOUERNEUF - 2019-09-01 00:00:00 - ERROR - STAT - expect_column_values_to_not_be_null - PRO_IND - correctly filled rate (%) - 0.0
2019-09-30 10:42:29,589 - IMMO - FR.NEUF - AVENDREALOUERNEUF - 2019-09-01 00:00:00 - ERROR - STAT - expect_column_values_to_not_be_null - REGION - correctly filled rate (%) - 0.0
2019-09-30 10:42:29,589 - IMMO - FR.NEUF - AVENDREALOUERNEUF - 2019-09-01 00:00:00 - ERROR - STAT - expect_column_values_to_not_be_null - SELLER_TYPE - correctly filled rate (%) - 100.0
2019-09-30 10:42:29,589 - IMMO - FR.NEUF - AVENDREALOUERNEUF - 2019-09-01 00:00:00 - ERROR - STAT - expect_column_values_to_match_regex - SELLER_TYPE - correctly filled rate (%) - 100.0
2019-09-30 10:42:29,589 - IMMO - FR.NEUF - AVENDREALOUERNEUF - 2019-09-01 00:00:00 - ERROR - STAT - expect_column_values_to_match_regex - VILLE - correctly filled rate (%) - 100.0
2019-09-30 10:42:29,589 - IMMO - FR.NEUF - AVENDREALOUERNEUF - 2019-09-01 00:00:00 - ERROR - STAT - expect_column_values_to_not_be_null - VILLE - correctly filled rate (%) - 99.9
2019-09-30 10:42:29,589 - IMMO - FR.NEUF - AVENDREALOUERNEUF - 2019-09-01 00:00:00 - ERROR - STAT - expect_returning_row_unique_count - VILLE - total number of unique rows - 1467
2019-09-30 10:42:29,589 - IMMO - FR.NEUF - AVENDREALOUERNEUF - 2019-09-01 00:00:00 - ERROR - STAT - expect_returning_row_count_on_conditions - DEALER_LISTINGS - total number of row with conditions - 0
2019-09-30 10:42:29,589 - IMMO - FR.NEUF - AVENDREALOUERNEUF - 2019-09-01 00:00:00 - ERROR - STAT - expect_returning_row_count_on_conditions - PRIVATE_LISTINGS - total number of row with conditions - 0
