2019-08-30 13:23:03,694 - CAMION - IT - MACHINERYZONE - 2019-06-01 00:00:00 - ERROR - STAT - expect_column_values_to_not_be_null - ADRESSE - correctly filled rate (%) - 92.01
2019-08-30 13:23:03,694 - CAMION - IT - MACHINERYZONE - 2019-06-01 00:00:00 - ERROR - STAT - expect_column_values_to_be_in_type_list - ANNEE - correctly filled rate (%) - 100.0
2019-08-30 13:23:03,694 - CAMION - IT - MACHINERYZONE - 2019-06-01 00:00:00 - ERROR - FILE_CHECK - expect_column_values_to_be_between - ANNEE - Unexpected value: 0 on line 1, value should be between 1980 and 2019
2019-08-30 13:23:03,694 - CAMION - IT - MACHINERYZONE - 2019-06-01 00:00:00 - ERROR - FILE_CHECK - expect_column_values_to_be_between - ANNEE - Unexpected value: 0 on line 5, value should be between 1980 and 2019
2019-08-30 13:23:03,694 - CAMION - IT - MACHINERYZONE - 2019-06-01 00:00:00 - ERROR - FILE_CHECK - expect_column_values_to_be_between - ANNEE - Unexpected value: 0 on line 6, value should be between 1980 and 2019
2019-08-30 13:23:03,694 - CAMION - IT - MACHINERYZONE - 2019-06-01 00:00:00 - ERROR - FILE_CHECK - expect_column_values_to_be_between - ANNEE - Unexpected value: 0 on line 12, value should be between 1980 and 2019
2019-08-30 13:23:03,694 - CAMION - IT - MACHINERYZONE - 2019-06-01 00:00:00 - ERROR - FILE_CHECK - expect_column_values_to_be_between - ANNEE - Unexpected value: 0 on line 13, value should be between 1980 and 2019
2019-08-30 13:23:03,694 - CAMION - IT - MACHINERYZONE - 2019-06-01 00:00:00 - ERROR - FILE_CHECK - expect_column_values_to_be_between - ANNEE - Unexpected value: 0 on line 20, value should be between 1980 and 2019
2019-08-30 13:23:03,695 - CAMION - IT - MACHINERYZONE - 2019-06-01 00:00:00 - ERROR - FILE_CHECK - expect_column_values_to_be_between - ANNEE - Unexpected value: 0 on line 23, value should be between 1980 and 2019
2019-08-30 13:23:03,695 - CAMION - IT - MACHINERYZONE - 2019-06-01 00:00:00 - ERROR - FILE_CHECK - expect_column_values_to_be_between - ANNEE - Unexpected value: 0 on line 25, value should be between 1980 and 2019
2019-08-30 13:23:03,695 - CAMION - IT - MACHINERYZONE - 2019-06-01 00:00:00 - ERROR - FILE_CHECK - expect_column_values_to_be_between - ANNEE - Unexpected value: 0 on line 26, value should be between 1980 and 2019
2019-08-30 13:23:03,695 - CAMION - IT - MACHINERYZONE - 2019-06-01 00:00:00 - ERROR - FILE_CHECK - expect_column_values_to_be_between - ANNEE - Unexpected value: 0 on line 27, value should be between 1980 and 2019
2019-08-30 13:23:03,695 - CAMION - IT - MACHINERYZONE - 2019-06-01 00:00:00 - ERROR - FILE_CHECK - expect_column_values_to_be_between - ANNEE - Unexpected value: 0 on line 28, value should be between 1980 and 2019
2019-08-30 13:23:03,695 - CAMION - IT - MACHINERYZONE - 2019-06-01 00:00:00 - ERROR - FILE_CHECK - expect_column_values_to_be_between - ANNEE - Unexpected value: 0 on line 29, value should be between 1980 and 2019
2019-08-30 13:23:03,695 - CAMION - IT - MACHINERYZONE - 2019-06-01 00:00:00 - ERROR - FILE_CHECK - expect_column_values_to_be_between - ANNEE - Unexpected value: 0 on line 30, value should be between 1980 and 2019
2019-08-30 13:23:03,695 - CAMION - IT - MACHINERYZONE - 2019-06-01 00:00:00 - ERROR - FILE_CHECK - expect_column_values_to_be_between - ANNEE - Unexpected value: 0 on line 31, value should be between 1980 and 2019
2019-08-30 13:23:03,695 - CAMION - IT - MACHINERYZONE - 2019-06-01 00:00:00 - ERROR - FILE_CHECK - expect_column_values_to_be_between - ANNEE - Unexpected value: 0 on line 32, value should be between 1980 and 2019
2019-08-30 13:23:03,695 - CAMION - IT - MACHINERYZONE - 2019-06-01 00:00:00 - ERROR - FILE_CHECK - expect_column_values_to_be_between - ANNEE - Unexpected value: 0 on line 33, value should be between 1980 and 2019
2019-08-30 13:23:03,695 - CAMION - IT - MACHINERYZONE - 2019-06-01 00:00:00 - ERROR - FILE_CHECK - expect_column_values_to_be_between - ANNEE - Unexpected value: 0 on line 35, value should be between 1980 and 2019
2019-08-30 13:23:03,695 - CAMION - IT - MACHINERYZONE - 2019-06-01 00:00:00 - ERROR - FILE_CHECK - expect_column_values_to_be_between - ANNEE - Unexpected value: 0 on line 36, value should be between 1980 and 2019
2019-08-30 13:23:03,695 - CAMION - IT - MACHINERYZONE - 2019-06-01 00:00:00 - ERROR - FILE_CHECK - expect_column_values_to_be_between - ANNEE - Unexpected value: 0 on line 37, value should be between 1980 and 2019
2019-08-30 13:23:03,695 - CAMION - IT - MACHINERYZONE - 2019-06-01 00:00:00 - ERROR - FILE_CHECK - expect_column_values_to_be_between - ANNEE - Unexpected value: 0 on line 38, value should be between 1980 and 2019
2019-08-30 13:23:03,695 - CAMION - IT - MACHINERYZONE - 2019-06-01 00:00:00 - ERROR - STAT - expect_column_values_to_be_between - ANNEE - correctly filled rate (%) - 59.39
2019-08-30 13:23:03,695 - CAMION - IT - MACHINERYZONE - 2019-06-01 00:00:00 - ERROR - STAT - expect_column_values_to_not_be_null - ANNEE - correctly filled rate (%) - 100.0
2019-08-30 13:23:03,695 - CAMION - IT - MACHINERYZONE - 2019-06-01 00:00:00 - ERROR - FILE_CHECK - expect_column_values_to_match_regex - ANNEE - Unexpected value: 0 on line 1, value should match regexp ^[0-9]{4}$
2019-08-30 13:23:03,695 - CAMION - IT - MACHINERYZONE - 2019-06-01 00:00:00 - ERROR - FILE_CHECK - expect_column_values_to_match_regex - ANNEE - Unexpected value: 0 on line 5, value should match regexp ^[0-9]{4}$
2019-08-30 13:23:03,696 - CAMION - IT - MACHINERYZONE - 2019-06-01 00:00:00 - ERROR - FILE_CHECK - expect_column_values_to_match_regex - ANNEE - Unexpected value: 0 on line 6, value should match regexp ^[0-9]{4}$
2019-08-30 13:23:03,696 - CAMION - IT - MACHINERYZONE - 2019-06-01 00:00:00 - ERROR - FILE_CHECK - expect_column_values_to_match_regex - ANNEE - Unexpected value: 0 on line 12, value should match regexp ^[0-9]{4}$
2019-08-30 13:23:03,696 - CAMION - IT - MACHINERYZONE - 2019-06-01 00:00:00 - ERROR - FILE_CHECK - expect_column_values_to_match_regex - ANNEE - Unexpected value: 0 on line 13, value should match regexp ^[0-9]{4}$
2019-08-30 13:23:03,696 - CAMION - IT - MACHINERYZONE - 2019-06-01 00:00:00 - ERROR - FILE_CHECK - expect_column_values_to_match_regex - ANNEE - Unexpected value: 0 on line 20, value should match regexp ^[0-9]{4}$
2019-08-30 13:23:03,696 - CAMION - IT - MACHINERYZONE - 2019-06-01 00:00:00 - ERROR - FILE_CHECK - expect_column_values_to_match_regex - ANNEE - Unexpected value: 0 on line 23, value should match regexp ^[0-9]{4}$
2019-08-30 13:23:03,696 - CAMION - IT - MACHINERYZONE - 2019-06-01 00:00:00 - ERROR - FILE_CHECK - expect_column_values_to_match_regex - ANNEE - Unexpected value: 0 on line 25, value should match regexp ^[0-9]{4}$
2019-08-30 13:23:03,696 - CAMION - IT - MACHINERYZONE - 2019-06-01 00:00:00 - ERROR - FILE_CHECK - expect_column_values_to_match_regex - ANNEE - Unexpected value: 0 on line 26, value should match regexp ^[0-9]{4}$
2019-08-30 13:23:03,696 - CAMION - IT - MACHINERYZONE - 2019-06-01 00:00:00 - ERROR - FILE_CHECK - expect_column_values_to_match_regex - ANNEE - Unexpected value: 0 on line 27, value should match regexp ^[0-9]{4}$
2019-08-30 13:23:03,696 - CAMION - IT - MACHINERYZONE - 2019-06-01 00:00:00 - ERROR - FILE_CHECK - expect_column_values_to_match_regex - ANNEE - Unexpected value: 0 on line 28, value should match regexp ^[0-9]{4}$
2019-08-30 13:23:03,696 - CAMION - IT - MACHINERYZONE - 2019-06-01 00:00:00 - ERROR - FILE_CHECK - expect_column_values_to_match_regex - ANNEE - Unexpected value: 0 on line 29, value should match regexp ^[0-9]{4}$
2019-08-30 13:23:03,696 - CAMION - IT - MACHINERYZONE - 2019-06-01 00:00:00 - ERROR - FILE_CHECK - expect_column_values_to_match_regex - ANNEE - Unexpected value: 0 on line 30, value should match regexp ^[0-9]{4}$
2019-08-30 13:23:03,696 - CAMION - IT - MACHINERYZONE - 2019-06-01 00:00:00 - ERROR - FILE_CHECK - expect_column_values_to_match_regex - ANNEE - Unexpected value: 0 on line 31, value should match regexp ^[0-9]{4}$
2019-08-30 13:23:03,696 - CAMION - IT - MACHINERYZONE - 2019-06-01 00:00:00 - ERROR - FILE_CHECK - expect_column_values_to_match_regex - ANNEE - Unexpected value: 0 on line 32, value should match regexp ^[0-9]{4}$
2019-08-30 13:23:03,696 - CAMION - IT - MACHINERYZONE - 2019-06-01 00:00:00 - ERROR - FILE_CHECK - expect_column_values_to_match_regex - ANNEE - Unexpected value: 0 on line 33, value should match regexp ^[0-9]{4}$
2019-08-30 13:23:03,696 - CAMION - IT - MACHINERYZONE - 2019-06-01 00:00:00 - ERROR - FILE_CHECK - expect_column_values_to_match_regex - ANNEE - Unexpected value: 0 on line 35, value should match regexp ^[0-9]{4}$
2019-08-30 13:23:03,696 - CAMION - IT - MACHINERYZONE - 2019-06-01 00:00:00 - ERROR - FILE_CHECK - expect_column_values_to_match_regex - ANNEE - Unexpected value: 0 on line 36, value should match regexp ^[0-9]{4}$
2019-08-30 13:23:03,696 - CAMION - IT - MACHINERYZONE - 2019-06-01 00:00:00 - ERROR - FILE_CHECK - expect_column_values_to_match_regex - ANNEE - Unexpected value: 0 on line 37, value should match regexp ^[0-9]{4}$
2019-08-30 13:23:03,696 - CAMION - IT - MACHINERYZONE - 2019-06-01 00:00:00 - ERROR - FILE_CHECK - expect_column_values_to_match_regex - ANNEE - Unexpected value: 0 on line 38, value should match regexp ^[0-9]{4}$
2019-08-30 13:23:03,697 - CAMION - IT - MACHINERYZONE - 2019-06-01 00:00:00 - ERROR - STAT - expect_column_values_to_match_regex - ANNEE - correctly filled rate (%) - 60.11
2019-08-30 13:23:03,697 - CAMION - IT - MACHINERYZONE - 2019-06-01 00:00:00 - ERROR - STAT - expect_column_values_to_not_be_null - ANNONCE_LINK - correctly filled rate (%) - 100.0
2019-08-30 13:23:03,697 - CAMION - IT - MACHINERYZONE - 2019-06-01 00:00:00 - ERROR - STAT - expect_column_values_to_be_unique - ANNONCE_LINK - observed proportion - 100.0
2019-08-30 13:23:03,697 - CAMION - IT - MACHINERYZONE - 2019-06-01 00:00:00 - ERROR - STAT - expect_column_values_to_not_be_null - CARBURANT - correctly filled rate (%) - 1.45
2019-08-30 13:23:03,697 - CAMION - IT - MACHINERYZONE - 2019-06-01 00:00:00 - ERROR - STAT - expect_column_values_to_not_be_null - CARROSSERIE - correctly filled rate (%) - 100.0
2019-08-30 13:23:03,697 - CAMION - IT - MACHINERYZONE - 2019-06-01 00:00:00 - ERROR - STAT - expect_column_values_to_not_be_null - CP - correctly filled rate (%) - 100.0
2019-08-30 13:23:03,697 - CAMION - IT - MACHINERYZONE - 2019-06-01 00:00:00 - ERROR - STAT - expect_column_values_to_match_regex - CP - correctly filled rate (%) - 100.0
2019-08-30 13:23:03,697 - CAMION - IT - MACHINERYZONE - 2019-06-01 00:00:00 - ERROR - STAT - expect_column_values_to_not_be_null - GARAGE_ID - correctly filled rate (%) - 71.21
2019-08-30 13:23:03,697 - CAMION - IT - MACHINERYZONE - 2019-06-01 00:00:00 - ERROR - STAT - expect_column_values_to_not_be_null - ID_CLIENT - correctly filled rate (%) - 100.0
2019-08-30 13:23:03,697 - CAMION - IT - MACHINERYZONE - 2019-06-01 00:00:00 - ERROR - STAT - expect_column_values_to_be_unique - ID_CLIENT - observed proportion - 100.0
2019-08-30 13:23:03,697 - CAMION - IT - MACHINERYZONE - 2019-06-01 00:00:00 - ERROR - STAT - expect_returning_row_count - EVERY_COLUMNS - total number of rows - 6533
2019-08-30 13:23:03,697 - CAMION - IT - MACHINERYZONE - 2019-06-01 00:00:00 - ERROR - STAT - expect_column_values_to_not_be_null - IMMAT - correctly filled rate (%) - 100.0
2019-08-30 13:23:03,697 - CAMION - IT - MACHINERYZONE - 2019-06-01 00:00:00 - ERROR - STAT - expect_column_values_to_be_in_type_list - KM - correctly filled rate (%) - 100.0
2019-08-30 13:23:03,697 - CAMION - IT - MACHINERYZONE - 2019-06-01 00:00:00 - ERROR - STAT - expect_column_values_to_not_be_null - KM - correctly filled rate (%) - 100.0
2019-08-30 13:23:03,697 - CAMION - IT - MACHINERYZONE - 2019-06-01 00:00:00 - ERROR - STAT - expect_column_values_to_be_in_type_list - LITRE - correctly filled rate (%) - 100.0
2019-08-30 13:23:03,697 - CAMION - IT - MACHINERYZONE - 2019-06-01 00:00:00 - ERROR - STAT - expect_column_values_to_not_be_null - LITRE - correctly filled rate (%) - 100.0
2019-08-30 13:23:03,697 - CAMION - IT - MACHINERYZONE - 2019-06-01 00:00:00 - ERROR - STAT - expect_column_values_to_not_be_null - MARQUE - correctly filled rate (%) - 100.0
2019-08-30 13:23:03,698 - CAMION - IT - MACHINERYZONE - 2019-06-01 00:00:00 - ERROR - STAT - expect_column_values_to_not_be_null - MODELE - correctly filled rate (%) - 62.44
2019-08-30 13:23:03,698 - CAMION - IT - MACHINERYZONE - 2019-06-01 00:00:00 - ERROR - STAT - expect_column_values_to_not_be_null - NOM - correctly filled rate (%) - 99.94
2019-08-30 13:23:03,698 - CAMION - IT - MACHINERYZONE - 2019-06-01 00:00:00 - ERROR - FILE_CHECK - expect_column_value_lengths_to_be_between - NOM - Unexpected characters count of: [JCB 3CX...] on line  84, value length should be between 10 and 255
2019-08-30 13:23:03,698 - CAMION - IT - MACHINERYZONE - 2019-06-01 00:00:00 - ERROR - FILE_CHECK - expect_column_value_lengths_to_be_between - NOM - Unexpected characters count of: [JCB 8035...] on line  99, value length should be between 10 and 255
2019-08-30 13:23:03,698 - CAMION - IT - MACHINERYZONE - 2019-06-01 00:00:00 - ERROR - FILE_CHECK - expect_column_value_lengths_to_be_between - NOM - Unexpected characters count of: [POTAIN...] on line  158, value length should be between 10 and 255
2019-08-30 13:23:03,698 - CAMION - IT - MACHINERYZONE - 2019-06-01 00:00:00 - ERROR - FILE_CHECK - expect_column_value_lengths_to_be_between - NOM - Unexpected characters count of: [JCB 80.60...] on line  236, value length should be between 10 and 255
2019-08-30 13:23:03,698 - CAMION - IT - MACHINERYZONE - 2019-06-01 00:00:00 - ERROR - FILE_CHECK - expect_column_value_lengths_to_be_between - NOM - Unexpected characters count of: [JCB 3CX T...] on line  333, value length should be between 10 and 255
2019-08-30 13:23:03,698 - CAMION - IT - MACHINERYZONE - 2019-06-01 00:00:00 - ERROR - FILE_CHECK - expect_column_value_lengths_to_be_between - NOM - Unexpected characters count of: [PJ20-2000...] on line  445, value length should be between 10 and 255
2019-08-30 13:23:03,698 - CAMION - IT - MACHINERYZONE - 2019-06-01 00:00:00 - ERROR - FILE_CHECK - expect_column_value_lengths_to_be_between - NOM - Unexpected characters count of: [PJ10-1100...] on line  446, value length should be between 10 and 255
2019-08-30 13:23:03,698 - CAMION - IT - MACHINERYZONE - 2019-06-01 00:00:00 - ERROR - FILE_CHECK - expect_column_value_lengths_to_be_between - NOM - Unexpected characters count of: [PJ5-750S...] on line  447, value length should be between 10 and 255
2019-08-30 13:23:03,698 - CAMION - IT - MACHINERYZONE - 2019-06-01 00:00:00 - ERROR - FILE_CHECK - expect_column_value_lengths_to_be_between - NOM - Unexpected characters count of: [PERLINI...] on line  521, value length should be between 10 and 255
2019-08-30 13:23:03,698 - CAMION - IT - MACHINERYZONE - 2019-06-01 00:00:00 - ERROR - FILE_CHECK - expect_column_value_lengths_to_be_between - NOM - Unexpected characters count of: [Agis AG20...] on line  610, value length should be between 10 and 255
2019-08-30 13:23:03,698 - CAMION - IT - MACHINERYZONE - 2019-06-01 00:00:00 - ERROR - FILE_CHECK - expect_column_value_lengths_to_be_between - NOM - Unexpected characters count of: [JCB 30X...] on line  632, value length should be between 10 and 255
2019-08-30 13:23:03,698 - CAMION - IT - MACHINERYZONE - 2019-06-01 00:00:00 - ERROR - FILE_CHECK - expect_column_value_lengths_to_be_between - NOM - Unexpected characters count of: [ABG 473...] on line  685, value length should be between 10 and 255
2019-08-30 13:23:03,698 - CAMION - IT - MACHINERYZONE - 2019-06-01 00:00:00 - ERROR - FILE_CHECK - expect_column_value_lengths_to_be_between - NOM - Unexpected characters count of: [Pontone...] on line  700, value length should be between 10 and 255
2019-08-30 13:23:03,698 - CAMION - IT - MACHINERYZONE - 2019-06-01 00:00:00 - ERROR - FILE_CHECK - expect_column_value_lengths_to_be_between - NOM - Unexpected characters count of: [Daf XF95...] on line  890, value length should be between 10 and 255
2019-08-30 13:23:03,699 - CAMION - IT - MACHINERYZONE - 2019-06-01 00:00:00 - ERROR - FILE_CHECK - expect_column_value_lengths_to_be_between - NOM - Unexpected characters count of: [Oru...] on line  901, value length should be between 10 and 255
2019-08-30 13:23:03,699 - CAMION - IT - MACHINERYZONE - 2019-06-01 00:00:00 - ERROR - FILE_CHECK - expect_column_value_lengths_to_be_between - NOM - Unexpected characters count of: [Rev GCS98...] on line  927, value length should be between 10 and 255
2019-08-30 13:23:03,699 - CAMION - IT - MACHINERYZONE - 2019-06-01 00:00:00 - ERROR - FILE_CHECK - expect_column_value_lengths_to_be_between - NOM - Unexpected characters count of: [CMV TH 16...] on line  958, value length should be between 10 and 255
2019-08-30 13:23:03,699 - CAMION - IT - MACHINERYZONE - 2019-06-01 00:00:00 - ERROR - FILE_CHECK - expect_column_value_lengths_to_be_between - NOM - Unexpected characters count of: [OM ULISSE...] on line  970, value length should be between 10 and 255
2019-08-30 13:23:03,699 - CAMION - IT - MACHINERYZONE - 2019-06-01 00:00:00 - ERROR - FILE_CHECK - expect_column_value_lengths_to_be_between - NOM - Unexpected characters count of: [JCB 80.20...] on line  1116, value length should be between 10 and 255
2019-08-30 13:23:03,699 - CAMION - IT - MACHINERYZONE - 2019-06-01 00:00:00 - ERROR - FILE_CHECK - expect_column_value_lengths_to_be_between - NOM - Unexpected characters count of: [FCM CS70...] on line  1134, value length should be between 10 and 255
2019-08-30 13:23:03,699 - CAMION - IT - MACHINERYZONE - 2019-06-01 00:00:00 - ERROR - STAT - expect_column_value_lengths_to_be_between - NOM - correctly filled rate (%) - 95.63
2019-08-30 13:23:03,699 - CAMION - IT - MACHINERYZONE - 2019-06-01 00:00:00 - ERROR - STAT - expect_column_values_to_not_be_null - OPTIONS - correctly filled rate (%) - 0.0
2019-08-30 13:23:03,699 - CAMION - IT - MACHINERYZONE - 2019-06-01 00:00:00 - ERROR - STAT - expect_column_values_to_be_in_type_list - PHOTO - correctly filled rate (%) - 100.0
2019-08-30 13:23:03,699 - CAMION - IT - MACHINERYZONE - 2019-06-01 00:00:00 - ERROR - STAT - expect_column_values_to_not_be_null - PHOTO - correctly filled rate (%) - 100.0
2019-08-30 13:23:03,699 - CAMION - IT - MACHINERYZONE - 2019-06-01 00:00:00 - ERROR - STAT - expect_column_values_to_not_be_null - PLACE - correctly filled rate (%) - 0.0
2019-08-30 13:23:03,699 - CAMION - IT - MACHINERYZONE - 2019-06-01 00:00:00 - ERROR - STAT - expect_column_values_to_not_be_null - PORTE - correctly filled rate (%) - 0.0
2019-08-30 13:23:03,699 - CAMION - IT - MACHINERYZONE - 2019-06-01 00:00:00 - ERROR - STAT - expect_column_values_to_be_in_type_list - PRIX - correctly filled rate (%) - 100.0
2019-08-30 13:23:03,699 - CAMION - IT - MACHINERYZONE - 2019-06-01 00:00:00 - ERROR - STAT - expect_column_values_to_not_be_null - PRIX - correctly filled rate (%) - 100.0
2019-08-30 13:23:03,699 - CAMION - IT - MACHINERYZONE - 2019-06-01 00:00:00 - ERROR - STAT - expect_column_values_to_not_be_null - PROVINCE - correctly filled rate (%) - 0.0
2019-08-30 13:23:03,699 - CAMION - IT - MACHINERYZONE - 2019-06-01 00:00:00 - ERROR - STAT - expect_column_values_to_not_be_null - SITE - correctly filled rate (%) - 100.0
2019-08-30 13:23:03,699 - CAMION - IT - MACHINERYZONE - 2019-06-01 00:00:00 - ERROR - STAT - expect_column_values_to_not_be_null - TELEPHONE - correctly filled rate (%) - 100.0
2019-08-30 13:23:03,700 - CAMION - IT - MACHINERYZONE - 2019-06-01 00:00:00 - ERROR - STAT - expect_column_values_to_be_phone_number - TELEPHONE - correctly filled rate (%) - 99.98
2019-08-30 13:23:03,700 - CAMION - IT - MACHINERYZONE - 2019-06-01 00:00:00 - ERROR - STAT - expect_column_values_to_not_be_null - TYPE - correctly filled rate (%) - 100.0
2019-08-30 13:23:03,700 - CAMION - IT - MACHINERYZONE - 2019-06-01 00:00:00 - ERROR - STAT - expect_column_values_to_be_in_set_2 - TYPE - observed proportion - 100.0
2019-08-30 13:23:03,700 - CAMION - IT - MACHINERYZONE - 2019-06-01 00:00:00 - ERROR - STAT - expect_column_values_to_not_be_null - VILLE - correctly filled rate (%) - 100.0
2019-08-30 13:23:03,700 - CAMION - IT - MACHINERYZONE - 2019-06-01 00:00:00 - ERROR - STAT - expect_column_values_to_not_be_null - VN_IND - correctly filled rate (%) - 0.0
2019-08-30 13:23:03,700 - CAMION - IT - MACHINERYZONE - 2019-06-01 00:00:00 - ERROR - STAT - expect_returning_row_unique_count - MARQUE_CORRECTED - total number of unique rows - 760
2019-08-30 13:23:03,700 - CAMION - IT - MACHINERYZONE - 2019-06-01 00:00:00 - ERROR - STAT - expect_returning_row_unique_count - MODELE_CORRECTED - total number of unique rows - 2083
2019-08-30 13:23:03,700 - CAMION - IT - MACHINERYZONE - 2019-06-01 00:00:00 - ERROR - STAT - expect_returning_row_unique_count - CARROSSERIE - total number of unique rows - 92
2019-08-30 13:23:03,700 - CAMION - IT - MACHINERYZONE - 2019-06-01 00:00:00 - ERROR - STAT - expect_returning_row_unique_count - CARBURANT - total number of unique rows - 22
2019-08-30 13:23:03,700 - CAMION - IT - MACHINERYZONE - 2019-06-01 00:00:00 - ERROR - STAT - expect_column_values_to_not_be_null - CYLINDRE - correctly filled rate (%) - 0.0
2019-08-30 13:23:03,700 - CAMION - IT - MACHINERYZONE - 2019-06-01 00:00:00 - ERROR - STAT - expect_returning_row_unique_count - PROVINCE - total number of unique rows - 0
2019-08-30 13:23:03,700 - CAMION - IT - MACHINERYZONE - 2019-06-01 00:00:00 - ERROR - STAT - expect_returning_row_unique_count - VILLE - total number of unique rows - 379
2019-08-30 13:23:03,700 - CAMION - IT - MACHINERYZONE - 2019-06-01 00:00:00 - ERROR - STAT - expect_returning_row_unique_count - DEPARTEMENT - total number of unique rows - 76
2019-08-30 13:23:03,700 - CAMION - IT - MACHINERYZONE - 2019-06-01 00:00:00 - ERROR - STAT - expect_returning_row_count_on_conditions - DEALER_USEDCARS - total number of row with conditions - 6533
2019-08-30 13:23:03,700 - CAMION - IT - MACHINERYZONE - 2019-06-01 00:00:00 - ERROR - STAT - expect_returning_row_count_on_conditions - PRIVATE_USEDCARS - total number of row with conditions - 0
2019-08-30 13:23:03,701 - CAMION - IT - MACHINERYZONE - 2019-06-01 00:00:00 - ERROR - STAT - expect_returning_row_count_on_conditions - TRUCKS - total number of row with conditions - 487
2019-08-30 13:23:03,701 - CAMION - IT - MACHINERYZONE - 2019-06-01 00:00:00 - ERROR - STAT - expect_returning_row_count_on_conditions - TRACTOR UNITS - total number of row with conditions - 97
2019-08-30 13:23:03,701 - CAMION - IT - MACHINERYZONE - 2019-06-01 00:00:00 - ERROR - STAT - expect_returning_row_count_on_conditions - TRAILERS - total number of row with conditions - 40
2019-08-30 13:23:03,701 - CAMION - IT - MACHINERYZONE - 2019-06-01 00:00:00 - ERROR - STAT - expect_returning_row_count_on_conditions - VANS - total number of row with conditions - 211
2019-08-30 13:23:03,701 - CAMION - IT - MACHINERYZONE - 2019-06-01 00:00:00 - ERROR - STAT - expect_returning_row_count_on_conditions - HEAVY EQUIPMENTS - total number of row with conditions - 5605
2019-08-30 13:23:03,701 - CAMION - IT - MACHINERYZONE - 2019-06-01 00:00:00 - ERROR - STAT - expect_returning_row_count_on_conditions - SEMI TRAILERS - total number of row with conditions - 93
2019-08-30 13:23:03,701 - CAMION - IT - MACHINERYZONE - 2019-06-01 00:00:00 - ERROR - STAT - expect_returning_row_count_on_conditions - DEALER_TRUCKS - total number of row with conditions - 487
2019-08-30 13:23:03,701 - CAMION - IT - MACHINERYZONE - 2019-06-01 00:00:00 - ERROR - STAT - expect_returning_row_count_on_conditions - PRIVATE_TRUCKS - total number of row with conditions - 0
2019-08-30 13:23:03,701 - CAMION - IT - MACHINERYZONE - 2019-06-01 00:00:00 - ERROR - STAT - expect_returning_row_count_on_conditions - DEALER_TRACTOR UNITS - total number of row with conditions - 97
2019-08-30 13:23:03,701 - CAMION - IT - MACHINERYZONE - 2019-06-01 00:00:00 - ERROR - STAT - expect_returning_row_count_on_conditions - PRIVATE_TRACTOR UNITS - total number of row with conditions - 0
2019-08-30 13:23:03,701 - CAMION - IT - MACHINERYZONE - 2019-06-01 00:00:00 - ERROR - STAT - expect_returning_row_count_on_conditions - DEALER_TRAILERS - total number of row with conditions - 40
2019-08-30 13:23:03,701 - CAMION - IT - MACHINERYZONE - 2019-06-01 00:00:00 - ERROR - STAT - expect_returning_row_count_on_conditions - PRIVATE_TRAILERS - total number of row with conditions - 0
2019-08-30 13:23:03,701 - CAMION - IT - MACHINERYZONE - 2019-06-01 00:00:00 - ERROR - STAT - expect_returning_row_count_on_conditions - DEALER_VANS - total number of row with conditions - 211
2019-08-30 13:23:03,701 - CAMION - IT - MACHINERYZONE - 2019-06-01 00:00:00 - ERROR - STAT - expect_returning_row_count_on_conditions - PRIVATE_VANS - total number of row with conditions - 0
2019-08-30 13:23:03,701 - CAMION - IT - MACHINERYZONE - 2019-06-01 00:00:00 - ERROR - STAT - expect_returning_row_count_on_conditions - DEALER_HEAVY EQUIPMENTS - total number of row with conditions - 5605
2019-08-30 13:23:03,702 - CAMION - IT - MACHINERYZONE - 2019-06-01 00:00:00 - ERROR - STAT - expect_returning_row_count_on_conditions - PRIVATE_HEAVY EQUIPMENTS - total number of row with conditions - 0
2019-08-30 13:23:03,702 - CAMION - IT - MACHINERYZONE - 2019-06-01 00:00:00 - ERROR - STAT - expect_returning_row_count_on_conditions - DEALER_SEMI TRAILERS - total number of row with conditions - 93
2019-08-30 13:23:03,702 - CAMION - IT - MACHINERYZONE - 2019-06-01 00:00:00 - ERROR - STAT - expect_returning_row_count_on_conditions - PRIVATE_SEMI TRAILERS - total number of row with conditions - 0
