2019-08-30 10:43:40,454 - NPV - CA - MARKETBOOK - 2019-08-01 00:00:00 - ERROR - STAT - expect_column_values_to_not_be_null - ADRESSE - correctly filled rate (%) - 0.0
2019-08-30 10:43:40,454 - NPV - CA - MARKETBOOK - 2019-08-01 00:00:00 - ERROR - STAT - expect_column_values_to_be_in_type_list - ANNEE - correctly filled rate (%) - 100.0
2019-08-30 10:43:40,454 - NPV - CA - MARKETBOOK - 2019-08-01 00:00:00 - ERROR - FILE_CHECK - expect_column_values_to_be_between - ANNEE - Unexpected value: 2020 on line 3, value should be between 1980 and 2019
2019-08-30 10:43:40,454 - NPV - CA - MARKETBOOK - 2019-08-01 00:00:00 - ERROR - FILE_CHECK - expect_column_values_to_be_between - ANNEE - Unexpected value: 2020 on line 12, value should be between 1980 and 2019
2019-08-30 10:43:40,455 - NPV - CA - MARKETBOOK - 2019-08-01 00:00:00 - ERROR - FILE_CHECK - expect_column_values_to_be_between - ANNEE - Unexpected value: 2020 on line 40, value should be between 1980 and 2019
2019-08-30 10:43:40,455 - NPV - CA - MARKETBOOK - 2019-08-01 00:00:00 - ERROR - FILE_CHECK - expect_column_values_to_be_between - ANNEE - Unexpected value: 2020 on line 41, value should be between 1980 and 2019
2019-08-30 10:43:40,455 - NPV - CA - MARKETBOOK - 2019-08-01 00:00:00 - ERROR - FILE_CHECK - expect_column_values_to_be_between - ANNEE - Unexpected value: 2020 on line 42, value should be between 1980 and 2019
2019-08-30 10:43:40,455 - NPV - CA - MARKETBOOK - 2019-08-01 00:00:00 - ERROR - FILE_CHECK - expect_column_values_to_be_between - ANNEE - Unexpected value: 2020 on line 65, value should be between 1980 and 2019
2019-08-30 10:43:40,455 - NPV - CA - MARKETBOOK - 2019-08-01 00:00:00 - ERROR - FILE_CHECK - expect_column_values_to_be_between - ANNEE - Unexpected value: 2020 on line 75, value should be between 1980 and 2019
2019-08-30 10:43:40,455 - NPV - CA - MARKETBOOK - 2019-08-01 00:00:00 - ERROR - FILE_CHECK - expect_column_values_to_be_between - ANNEE - Unexpected value: 2020 on line 77, value should be between 1980 and 2019
2019-08-30 10:43:40,455 - NPV - CA - MARKETBOOK - 2019-08-01 00:00:00 - ERROR - FILE_CHECK - expect_column_values_to_be_between - ANNEE - Unexpected value: 2020 on line 196, value should be between 1980 and 2019
2019-08-30 10:43:40,455 - NPV - CA - MARKETBOOK - 2019-08-01 00:00:00 - ERROR - FILE_CHECK - expect_column_values_to_be_between - ANNEE - Unexpected value: 2020 on line 300, value should be between 1980 and 2019
2019-08-30 10:43:40,455 - NPV - CA - MARKETBOOK - 2019-08-01 00:00:00 - ERROR - FILE_CHECK - expect_column_values_to_be_between - ANNEE - Unexpected value: 1974 on line 393, value should be between 1980 and 2019
2019-08-30 10:43:40,455 - NPV - CA - MARKETBOOK - 2019-08-01 00:00:00 - ERROR - FILE_CHECK - expect_column_values_to_be_between - ANNEE - Unexpected value: 2020 on line 398, value should be between 1980 and 2019
2019-08-30 10:43:40,455 - NPV - CA - MARKETBOOK - 2019-08-01 00:00:00 - ERROR - FILE_CHECK - expect_column_values_to_be_between - ANNEE - Unexpected value: 1975 on line 478, value should be between 1980 and 2019
2019-08-30 10:43:40,455 - NPV - CA - MARKETBOOK - 2019-08-01 00:00:00 - ERROR - FILE_CHECK - expect_column_values_to_be_between - ANNEE - Unexpected value: 2020 on line 545, value should be between 1980 and 2019
2019-08-30 10:43:40,455 - NPV - CA - MARKETBOOK - 2019-08-01 00:00:00 - ERROR - FILE_CHECK - expect_column_values_to_be_between - ANNEE - Unexpected value: 2020 on line 574, value should be between 1980 and 2019
2019-08-30 10:43:40,455 - NPV - CA - MARKETBOOK - 2019-08-01 00:00:00 - ERROR - FILE_CHECK - expect_column_values_to_be_between - ANNEE - Unexpected value: 2020 on line 578, value should be between 1980 and 2019
2019-08-30 10:43:40,455 - NPV - CA - MARKETBOOK - 2019-08-01 00:00:00 - ERROR - FILE_CHECK - expect_column_values_to_be_between - ANNEE - Unexpected value: 2020 on line 707, value should be between 1980 and 2019
2019-08-30 10:43:40,455 - NPV - CA - MARKETBOOK - 2019-08-01 00:00:00 - ERROR - FILE_CHECK - expect_column_values_to_be_between - ANNEE - Unexpected value: 2020 on line 915, value should be between 1980 and 2019
2019-08-30 10:43:40,455 - NPV - CA - MARKETBOOK - 2019-08-01 00:00:00 - ERROR - FILE_CHECK - expect_column_values_to_be_between - ANNEE - Unexpected value: 2020 on line 998, value should be between 1980 and 2019
2019-08-30 10:43:40,456 - NPV - CA - MARKETBOOK - 2019-08-01 00:00:00 - ERROR - FILE_CHECK - expect_column_values_to_be_between - ANNEE - Unexpected value: 2020 on line 1096, value should be between 1980 and 2019
2019-08-30 10:43:40,456 - NPV - CA - MARKETBOOK - 2019-08-01 00:00:00 - ERROR - STAT - expect_column_values_to_be_between - ANNEE - correctly filled rate (%) - 89.25
2019-08-30 10:43:40,456 - NPV - CA - MARKETBOOK - 2019-08-01 00:00:00 - ERROR - STAT - expect_column_values_to_not_be_null - ANNEE - correctly filled rate (%) - 100.0
2019-08-30 10:43:40,456 - NPV - CA - MARKETBOOK - 2019-08-01 00:00:00 - ERROR - FILE_CHECK - expect_column_values_to_match_regex - ANNEE - Unexpected value: 0 on line 8791, value should match regexp ^[0-9]{4}$
2019-08-30 10:43:40,456 - NPV - CA - MARKETBOOK - 2019-08-01 00:00:00 - ERROR - FILE_CHECK - expect_column_values_to_match_regex - ANNEE - Unexpected value: 0 on line 8978, value should match regexp ^[0-9]{4}$
2019-08-30 10:43:40,456 - NPV - CA - MARKETBOOK - 2019-08-01 00:00:00 - ERROR - FILE_CHECK - expect_column_values_to_match_regex - ANNEE - Unexpected value: 0 on line 9329, value should match regexp ^[0-9]{4}$
2019-08-30 10:43:40,456 - NPV - CA - MARKETBOOK - 2019-08-01 00:00:00 - ERROR - STAT - expect_column_values_to_match_regex - ANNEE - correctly filled rate (%) - 99.97
2019-08-30 10:43:40,456 - NPV - CA - MARKETBOOK - 2019-08-01 00:00:00 - ERROR - STAT - expect_column_values_to_not_be_null - ANNONCE_LINK - correctly filled rate (%) - 100.0
2019-08-30 10:43:40,456 - NPV - CA - MARKETBOOK - 2019-08-01 00:00:00 - ERROR - STAT - expect_column_values_to_be_unique - ANNONCE_LINK - observed proportion - 100.0
2019-08-30 10:43:40,456 - NPV - CA - MARKETBOOK - 2019-08-01 00:00:00 - ERROR - STAT - expect_column_values_to_not_be_null - CARBURANT - correctly filled rate (%) - 29.08
2019-08-30 10:43:40,456 - NPV - CA - MARKETBOOK - 2019-08-01 00:00:00 - ERROR - STAT - expect_column_values_to_not_be_null - CARROSSERIE - correctly filled rate (%) - 0.0
2019-08-30 10:43:40,456 - NPV - CA - MARKETBOOK - 2019-08-01 00:00:00 - ERROR - STAT - expect_column_values_to_not_be_null - CP - correctly filled rate (%) - 99.62
2019-08-30 10:43:40,456 - NPV - CA - MARKETBOOK - 2019-08-01 00:00:00 - ERROR - STAT - expect_column_values_to_match_regex - CP - correctly filled rate (%) - 100.0
2019-08-30 10:43:40,456 - NPV - CA - MARKETBOOK - 2019-08-01 00:00:00 - ERROR - STAT - expect_column_values_to_not_be_null - GARAGE_ID - correctly filled rate (%) - 2.41
2019-08-30 10:43:40,456 - NPV - CA - MARKETBOOK - 2019-08-01 00:00:00 - ERROR - STAT - expect_column_values_to_not_be_null - ID_CLIENT - correctly filled rate (%) - 100.0
2019-08-30 10:43:40,456 - NPV - CA - MARKETBOOK - 2019-08-01 00:00:00 - ERROR - STAT - expect_column_values_to_be_unique - ID_CLIENT - observed proportion - 100.0
2019-08-30 10:43:40,456 - NPV - CA - MARKETBOOK - 2019-08-01 00:00:00 - ERROR - STAT - expect_returning_row_count - EVERY_COLUMNS - total number of rows - 9402
2019-08-30 10:43:40,457 - NPV - CA - MARKETBOOK - 2019-08-01 00:00:00 - ERROR - STAT - expect_column_values_to_not_be_null - IMMAT - correctly filled rate (%) - 100.0
2019-08-30 10:43:40,457 - NPV - CA - MARKETBOOK - 2019-08-01 00:00:00 - ERROR - STAT - expect_column_values_to_be_in_type_list - KM - correctly filled rate (%) - 100.0
2019-08-30 10:43:40,457 - NPV - CA - MARKETBOOK - 2019-08-01 00:00:00 - ERROR - STAT - expect_column_values_to_not_be_null - KM - correctly filled rate (%) - 100.0
2019-08-30 10:43:40,457 - NPV - CA - MARKETBOOK - 2019-08-01 00:00:00 - ERROR - STAT - expect_column_values_to_be_in_type_list - LITRE - correctly filled rate (%) - 100.0
2019-08-30 10:43:40,457 - NPV - CA - MARKETBOOK - 2019-08-01 00:00:00 - ERROR - STAT - expect_column_values_to_not_be_null - LITRE - correctly filled rate (%) - 100.0
2019-08-30 10:43:40,457 - NPV - CA - MARKETBOOK - 2019-08-01 00:00:00 - ERROR - STAT - expect_column_values_to_not_be_null - MARQUE - correctly filled rate (%) - 99.91
2019-08-30 10:43:40,457 - NPV - CA - MARKETBOOK - 2019-08-01 00:00:00 - ERROR - STAT - expect_column_values_to_not_be_null - MODELE - correctly filled rate (%) - 86.89
2019-08-30 10:43:40,457 - NPV - CA - MARKETBOOK - 2019-08-01 00:00:00 - ERROR - STAT - expect_column_values_to_not_be_null - MOIS - correctly filled rate (%) - 100.0
2019-08-30 10:43:40,457 - NPV - CA - MARKETBOOK - 2019-08-01 00:00:00 - ERROR - FILE_CHECK - expect_column_values_to_be_between - MOIS - Unexpected value: 0 on line 0, value should be between 1 and 12
2019-08-30 10:43:40,457 - NPV - CA - MARKETBOOK - 2019-08-01 00:00:00 - ERROR - FILE_CHECK - expect_column_values_to_be_between - MOIS - Unexpected value: 0 on line 1, value should be between 1 and 12
2019-08-30 10:43:40,457 - NPV - CA - MARKETBOOK - 2019-08-01 00:00:00 - ERROR - FILE_CHECK - expect_column_values_to_be_between - MOIS - Unexpected value: 0 on line 2, value should be between 1 and 12
2019-08-30 10:43:40,457 - NPV - CA - MARKETBOOK - 2019-08-01 00:00:00 - ERROR - FILE_CHECK - expect_column_values_to_be_between - MOIS - Unexpected value: 0 on line 3, value should be between 1 and 12
2019-08-30 10:43:40,457 - NPV - CA - MARKETBOOK - 2019-08-01 00:00:00 - ERROR - FILE_CHECK - expect_column_values_to_be_between - MOIS - Unexpected value: 0 on line 4, value should be between 1 and 12
2019-08-30 10:43:40,457 - NPV - CA - MARKETBOOK - 2019-08-01 00:00:00 - ERROR - FILE_CHECK - expect_column_values_to_be_between - MOIS - Unexpected value: 0 on line 5, value should be between 1 and 12
2019-08-30 10:43:40,457 - NPV - CA - MARKETBOOK - 2019-08-01 00:00:00 - ERROR - FILE_CHECK - expect_column_values_to_be_between - MOIS - Unexpected value: 0 on line 6, value should be between 1 and 12
2019-08-30 10:43:40,457 - NPV - CA - MARKETBOOK - 2019-08-01 00:00:00 - ERROR - FILE_CHECK - expect_column_values_to_be_between - MOIS - Unexpected value: 0 on line 7, value should be between 1 and 12
2019-08-30 10:43:40,457 - NPV - CA - MARKETBOOK - 2019-08-01 00:00:00 - ERROR - FILE_CHECK - expect_column_values_to_be_between - MOIS - Unexpected value: 0 on line 8, value should be between 1 and 12
2019-08-30 10:43:40,457 - NPV - CA - MARKETBOOK - 2019-08-01 00:00:00 - ERROR - FILE_CHECK - expect_column_values_to_be_between - MOIS - Unexpected value: 0 on line 9, value should be between 1 and 12
2019-08-30 10:43:40,458 - NPV - CA - MARKETBOOK - 2019-08-01 00:00:00 - ERROR - FILE_CHECK - expect_column_values_to_be_between - MOIS - Unexpected value: 0 on line 10, value should be between 1 and 12
2019-08-30 10:43:40,458 - NPV - CA - MARKETBOOK - 2019-08-01 00:00:00 - ERROR - FILE_CHECK - expect_column_values_to_be_between - MOIS - Unexpected value: 0 on line 11, value should be between 1 and 12
2019-08-30 10:43:40,458 - NPV - CA - MARKETBOOK - 2019-08-01 00:00:00 - ERROR - FILE_CHECK - expect_column_values_to_be_between - MOIS - Unexpected value: 0 on line 12, value should be between 1 and 12
2019-08-30 10:43:40,458 - NPV - CA - MARKETBOOK - 2019-08-01 00:00:00 - ERROR - FILE_CHECK - expect_column_values_to_be_between - MOIS - Unexpected value: 0 on line 13, value should be between 1 and 12
2019-08-30 10:43:40,458 - NPV - CA - MARKETBOOK - 2019-08-01 00:00:00 - ERROR - FILE_CHECK - expect_column_values_to_be_between - MOIS - Unexpected value: 0 on line 14, value should be between 1 and 12
2019-08-30 10:43:40,458 - NPV - CA - MARKETBOOK - 2019-08-01 00:00:00 - ERROR - FILE_CHECK - expect_column_values_to_be_between - MOIS - Unexpected value: 0 on line 15, value should be between 1 and 12
2019-08-30 10:43:40,458 - NPV - CA - MARKETBOOK - 2019-08-01 00:00:00 - ERROR - FILE_CHECK - expect_column_values_to_be_between - MOIS - Unexpected value: 0 on line 16, value should be between 1 and 12
2019-08-30 10:43:40,458 - NPV - CA - MARKETBOOK - 2019-08-01 00:00:00 - ERROR - FILE_CHECK - expect_column_values_to_be_between - MOIS - Unexpected value: 0 on line 17, value should be between 1 and 12
2019-08-30 10:43:40,458 - NPV - CA - MARKETBOOK - 2019-08-01 00:00:00 - ERROR - FILE_CHECK - expect_column_values_to_be_between - MOIS - Unexpected value: 0 on line 18, value should be between 1 and 12
2019-08-30 10:43:40,458 - NPV - CA - MARKETBOOK - 2019-08-01 00:00:00 - ERROR - FILE_CHECK - expect_column_values_to_be_between - MOIS - Unexpected value: 0 on line 19, value should be between 1 and 12
2019-08-30 10:43:40,458 - NPV - CA - MARKETBOOK - 2019-08-01 00:00:00 - ERROR - STAT - expect_column_values_to_be_between - MOIS - correctly filled rate (%) - 0.0
2019-08-30 10:43:40,458 - NPV - CA - MARKETBOOK - 2019-08-01 00:00:00 - ERROR - STAT - expect_column_values_to_match_regex - MOIS - correctly filled rate (%) - 100.0
2019-08-30 10:43:40,458 - NPV - CA - MARKETBOOK - 2019-08-01 00:00:00 - ERROR - STAT - expect_column_values_to_not_be_null - NOM - correctly filled rate (%) - 100.0
2019-08-30 10:43:40,458 - NPV - CA - MARKETBOOK - 2019-08-01 00:00:00 - ERROR - STAT - expect_column_value_lengths_to_be_between - NOM - correctly filled rate (%) - 100.0
2019-08-30 10:43:40,458 - NPV - CA - MARKETBOOK - 2019-08-01 00:00:00 - ERROR - STAT - expect_column_values_to_not_be_null - OPTIONS - correctly filled rate (%) - 90.7
2019-08-30 10:43:40,458 - NPV - CA - MARKETBOOK - 2019-08-01 00:00:00 - ERROR - FILE_CHECK - expect_column_value_lengths_to_be_between - OPTIONS - Unexpected characters count of: [One 6,000lb Torflex ...] on line  4, value length should be between 0 and 255
2019-08-30 10:43:40,458 - NPV - CA - MARKETBOOK - 2019-08-01 00:00:00 - ERROR - FILE_CHECK - expect_column_value_lengths_to_be_between - OPTIONS - Unexpected characters count of: [NEW ETNYRE FALCON TR...] on line  17, value length should be between 0 and 255
2019-08-30 10:43:40,459 - NPV - CA - MARKETBOOK - 2019-08-01 00:00:00 - ERROR - FILE_CHECK - expect_column_value_lengths_to_be_between - OPTIONS - Unexpected characters count of: [2011 VOLVO VNL670 HI...] on line  18, value length should be between 0 and 255
2019-08-30 10:43:40,459 - NPV - CA - MARKETBOOK - 2019-08-01 00:00:00 - ERROR - FILE_CHECK - expect_column_value_lengths_to_be_between - OPTIONS - Unexpected characters count of: [2009 INTERNATIONAL D...] on line  23, value length should be between 0 and 255
2019-08-30 10:43:40,459 - NPV - CA - MARKETBOOK - 2019-08-01 00:00:00 - ERROR - FILE_CHECK - expect_column_value_lengths_to_be_between - OPTIONS - Unexpected characters count of: [C/w 2003, Refurbishe...] on line  26, value length should be between 0 and 255
2019-08-30 10:43:40,459 - NPV - CA - MARKETBOOK - 2019-08-01 00:00:00 - ERROR - FILE_CHECK - expect_column_value_lengths_to_be_between - OPTIONS - Unexpected characters count of: [CLEAN WELL MAINTAINE...] on line  27, value length should be between 0 and 255
2019-08-30 10:43:40,459 - NPV - CA - MARKETBOOK - 2019-08-01 00:00:00 - ERROR - FILE_CHECK - expect_column_value_lengths_to_be_between - OPTIONS - Unexpected characters count of: [16' TRIDEM HYD DUMP ...] on line  28, value length should be between 0 and 255
2019-08-30 10:43:40,459 - NPV - CA - MARKETBOOK - 2019-08-01 00:00:00 - ERROR - FILE_CHECK - expect_column_value_lengths_to_be_between - OPTIONS - Unexpected characters count of: [*** Unit is In our R...] on line  30, value length should be between 0 and 255
2019-08-30 10:43:40,459 - NPV - CA - MARKETBOOK - 2019-08-01 00:00:00 - ERROR - FILE_CHECK - expect_column_value_lengths_to_be_between - OPTIONS - Unexpected characters count of: [*** Unit is In our R...] on line  31, value length should be between 0 and 255
2019-08-30 10:43:40,459 - NPV - CA - MARKETBOOK - 2019-08-01 00:00:00 - ERROR - FILE_CHECK - expect_column_value_lengths_to_be_between - OPTIONS - Unexpected characters count of: [Stock#651641 Purchas...] on line  32, value length should be between 0 and 255
2019-08-30 10:43:40,459 - NPV - CA - MARKETBOOK - 2019-08-01 00:00:00 - ERROR - FILE_CHECK - expect_column_value_lengths_to_be_between - OPTIONS - Unexpected characters count of: [ORIGINAL PRICE: $365...] on line  33, value length should be between 0 and 255
2019-08-30 10:43:40,459 - NPV - CA - MARKETBOOK - 2019-08-01 00:00:00 - ERROR - FILE_CHECK - expect_column_value_lengths_to_be_between - OPTIONS - Unexpected characters count of: [2011 INTERNATIONAL D...] on line  36, value length should be between 0 and 255
2019-08-30 10:43:40,459 - NPV - CA - MARKETBOOK - 2019-08-01 00:00:00 - ERROR - FILE_CHECK - expect_column_value_lengths_to_be_between - OPTIONS - Unexpected characters count of: [ORIGINAL PRICE: $397...] on line  37, value length should be between 0 and 255
2019-08-30 10:43:40,459 - NPV - CA - MARKETBOOK - 2019-08-01 00:00:00 - ERROR - FILE_CHECK - expect_column_value_lengths_to_be_between - OPTIONS - Unexpected characters count of: [2011 International 4...] on line  39, value length should be between 0 and 255
2019-08-30 10:43:40,459 - NPV - CA - MARKETBOOK - 2019-08-01 00:00:00 - ERROR - FILE_CHECK - expect_column_value_lengths_to_be_between - OPTIONS - Unexpected characters count of: [GREAT DANE CHAMPION ...] on line  40, value length should be between 0 and 255
2019-08-30 10:43:40,459 - NPV - CA - MARKETBOOK - 2019-08-01 00:00:00 - ERROR - FILE_CHECK - expect_column_value_lengths_to_be_between - OPTIONS - Unexpected characters count of: [GREAT DANE CHAMPION ...] on line  41, value length should be between 0 and 255
2019-08-30 10:43:40,459 - NPV - CA - MARKETBOOK - 2019-08-01 00:00:00 - ERROR - FILE_CHECK - expect_column_value_lengths_to_be_between - OPTIONS - Unexpected characters count of: [GREAT DANE EVEREST H...] on line  42, value length should be between 0 and 255
2019-08-30 10:43:40,459 - NPV - CA - MARKETBOOK - 2019-08-01 00:00:00 - ERROR - FILE_CHECK - expect_column_value_lengths_to_be_between - OPTIONS - Unexpected characters count of: [45ton per axle line ...] on line  52, value length should be between 0 and 255
2019-08-30 10:43:40,459 - NPV - CA - MARKETBOOK - 2019-08-01 00:00:00 - ERROR - FILE_CHECK - expect_column_value_lengths_to_be_between - OPTIONS - Unexpected characters count of: [2013 International 4...] on line  66, value length should be between 0 and 255
2019-08-30 10:43:40,459 - NPV - CA - MARKETBOOK - 2019-08-01 00:00:00 - ERROR - FILE_CHECK - expect_column_value_lengths_to_be_between - OPTIONS - Unexpected characters count of: [ORIGINAL PRICE: $377...] on line  67, value length should be between 0 and 255
2019-08-30 10:43:40,460 - NPV - CA - MARKETBOOK - 2019-08-01 00:00:00 - ERROR - STAT - expect_column_value_lengths_to_be_between - OPTIONS - correctly filled rate (%) - 47.29
2019-08-30 10:43:40,460 - NPV - CA - MARKETBOOK - 2019-08-01 00:00:00 - ERROR - STAT - expect_column_values_to_be_in_type_list - PHOTO - correctly filled rate (%) - 100.0
2019-08-30 10:43:40,460 - NPV - CA - MARKETBOOK - 2019-08-01 00:00:00 - ERROR - STAT - expect_column_values_to_not_be_null - PHOTO - correctly filled rate (%) - 100.0
2019-08-30 10:43:40,460 - NPV - CA - MARKETBOOK - 2019-08-01 00:00:00 - ERROR - STAT - expect_column_values_to_be_in_type_list - PLACE - correctly filled rate (%) - 100.0
2019-08-30 10:43:40,460 - NPV - CA - MARKETBOOK - 2019-08-01 00:00:00 - ERROR - STAT - expect_column_values_to_not_be_null - PLACE - correctly filled rate (%) - 100.0
2019-08-30 10:43:40,460 - NPV - CA - MARKETBOOK - 2019-08-01 00:00:00 - ERROR - STAT - expect_column_values_to_not_be_null - PORTE - correctly filled rate (%) - 0.0
2019-08-30 10:43:40,460 - NPV - CA - MARKETBOOK - 2019-08-01 00:00:00 - ERROR - STAT - expect_column_values_to_be_in_type_list - PRIX - correctly filled rate (%) - 100.0
2019-08-30 10:43:40,460 - NPV - CA - MARKETBOOK - 2019-08-01 00:00:00 - ERROR - STAT - expect_column_values_to_not_be_null - PRIX - correctly filled rate (%) - 100.0
2019-08-30 10:43:40,460 - NPV - CA - MARKETBOOK - 2019-08-01 00:00:00 - ERROR - STAT - expect_column_values_to_not_be_null - PROVINCE - correctly filled rate (%) - 99.76
2019-08-30 10:43:40,460 - NPV - CA - MARKETBOOK - 2019-08-01 00:00:00 - ERROR - STAT - expect_column_values_to_not_be_null - SITE - correctly filled rate (%) - 100.0
2019-08-30 10:43:40,460 - NPV - CA - MARKETBOOK - 2019-08-01 00:00:00 - ERROR - STAT - expect_column_values_to_not_be_null - TELEPHONE - correctly filled rate (%) - 99.97
2019-08-30 10:43:40,460 - NPV - CA - MARKETBOOK - 2019-08-01 00:00:00 - ERROR - STAT - expect_column_values_to_be_phone_number - TELEPHONE - correctly filled rate (%) - 99.97
2019-08-30 10:43:40,460 - NPV - CA - MARKETBOOK - 2019-08-01 00:00:00 - ERROR - STAT - expect_column_values_to_not_be_null - TYPE - correctly filled rate (%) - 100.0
2019-08-30 10:43:40,460 - NPV - CA - MARKETBOOK - 2019-08-01 00:00:00 - ERROR - STAT - expect_column_values_to_be_in_set_2 - TYPE - observed proportion - 100.0
2019-08-30 10:43:40,460 - NPV - CA - MARKETBOOK - 2019-08-01 00:00:00 - ERROR - STAT - expect_column_values_to_not_be_null - VILLE - correctly filled rate (%) - 99.77
2019-08-30 10:43:40,460 - NPV - CA - MARKETBOOK - 2019-08-01 00:00:00 - ERROR - STAT - expect_column_values_to_not_be_null - VN_IND - correctly filled rate (%) - 100.0
2019-08-30 10:43:40,460 - NPV - CA - MARKETBOOK - 2019-08-01 00:00:00 - ERROR - STAT - expect_column_values_to_be_in_set - VN_IND - correctly filled rate (%) - 100.0
2019-08-30 10:43:40,461 - NPV - CA - MARKETBOOK - 2019-08-01 00:00:00 - ERROR - STAT - expect_returning_row_unique_count - MARQUE_CORRECTED - total number of unique rows - 379
2019-08-30 10:43:40,461 - NPV - CA - MARKETBOOK - 2019-08-01 00:00:00 - ERROR - STAT - expect_returning_row_unique_count - MODELE_CORRECTED - total number of unique rows - 1374
2019-08-30 10:43:40,461 - NPV - CA - MARKETBOOK - 2019-08-01 00:00:00 - ERROR - STAT - expect_returning_row_unique_count - CARROSSERIE - total number of unique rows - 0
2019-08-30 10:43:40,461 - NPV - CA - MARKETBOOK - 2019-08-01 00:00:00 - ERROR - STAT - expect_returning_row_unique_count - CARBURANT - total number of unique rows - 4
2019-08-30 10:43:40,461 - NPV - CA - MARKETBOOK - 2019-08-01 00:00:00 - ERROR - STAT - expect_column_values_to_not_be_null - CYLINDRE - correctly filled rate (%) - 0.0
2019-08-30 10:43:40,461 - NPV - CA - MARKETBOOK - 2019-08-01 00:00:00 - ERROR - STAT - expect_returning_row_unique_count - PROVINCE - total number of unique rows - 10
2019-08-30 10:43:40,461 - NPV - CA - MARKETBOOK - 2019-08-01 00:00:00 - ERROR - STAT - expect_returning_row_unique_count - VILLE - total number of unique rows - 278
2019-08-30 10:43:40,461 - NPV - CA - MARKETBOOK - 2019-08-01 00:00:00 - ERROR - STAT - expect_returning_row_unique_count - DEPARTEMENT - total number of unique rows - 0
2019-08-30 10:43:40,461 - NPV - CA - MARKETBOOK - 2019-08-01 00:00:00 - ERROR - STAT - expect_returning_row_count_on_conditions - DEALER_USEDCARS - total number of row with conditions - 9402
2019-08-30 10:43:40,461 - NPV - CA - MARKETBOOK - 2019-08-01 00:00:00 - ERROR - STAT - expect_returning_row_count_on_conditions - PRIVATE_USEDCARS - total number of row with conditions - 0
2019-08-30 10:43:40,461 - NPV - CA - MARKETBOOK - 2019-08-01 00:00:00 - ERROR - STAT - expect_returning_row_count_groupby - SOUS_CATEGORIE_CORRECTED - Heavy_Trucks - 6044
2019-08-30 10:43:40,461 - NPV - CA - MARKETBOOK - 2019-08-01 00:00:00 - ERROR - STAT - expect_returning_row_count_groupby - SOUS_CATEGORIE_CORRECTED - Cargo_utilitaries_trailers - 3358
