2019-05-07 12:56:05,409 - IMMO - FR - LEBONCOIN - 2019-03-01 00:00:00 - ERROR - STAT - expect_column_values_to_not_be_null - ACHAT_LOC - correctly filled rate (%) - 100.0
2019-05-07 12:56:05,409 - IMMO - FR - LEBONCOIN - 2019-03-01 00:00:00 - ERROR - STAT - expect_column_values_to_be_in_set - ACHAT_LOC - correctly filled rate (%) - 99.08
2019-05-07 12:56:05,409 - IMMO - FR - LEBONCOIN - 2019-03-01 00:00:00 - ERROR - FILE_CHECK - expect_column_values_to_be_of_type - AGENCE_CP - Wrong type for value: 87000.0 on line 0 should be int
2019-05-07 12:56:05,409 - IMMO - FR - LEBONCOIN - 2019-03-01 00:00:00 - ERROR - FILE_CHECK - expect_column_values_to_be_of_type - AGENCE_CP - Wrong type for value: 25013.0 on line 1 should be int
2019-05-07 12:56:05,409 - IMMO - FR - LEBONCOIN - 2019-03-01 00:00:00 - ERROR - FILE_CHECK - expect_column_values_to_be_of_type - AGENCE_CP - Wrong type for value: 69290.0 on line 2 should be int
2019-05-07 12:56:05,410 - IMMO - FR - LEBONCOIN - 2019-03-01 00:00:00 - ERROR - FILE_CHECK - expect_column_values_to_be_of_type - AGENCE_CP - Wrong type for value: 69220.0 on line 3 should be int
2019-05-07 12:56:05,410 - IMMO - FR - LEBONCOIN - 2019-03-01 00:00:00 - ERROR - FILE_CHECK - expect_column_values_to_be_of_type - AGENCE_CP - Wrong type for value: 35000.0 on line 4 should be int
2019-05-07 12:56:05,410 - IMMO - FR - LEBONCOIN - 2019-03-01 00:00:00 - ERROR - FILE_CHECK - expect_column_values_to_be_of_type - AGENCE_CP - Wrong type for value: 68000.0 on line 8 should be int
2019-05-07 12:56:05,410 - IMMO - FR - LEBONCOIN - 2019-03-01 00:00:00 - ERROR - FILE_CHECK - expect_column_values_to_be_of_type - AGENCE_CP - Wrong type for value: 12000.0 on line 13 should be int
2019-05-07 12:56:05,410 - IMMO - FR - LEBONCOIN - 2019-03-01 00:00:00 - ERROR - FILE_CHECK - expect_column_values_to_be_of_type - AGENCE_CP - Wrong type for value: 38500.0 on line 17 should be int
2019-05-07 12:56:05,410 - IMMO - FR - LEBONCOIN - 2019-03-01 00:00:00 - ERROR - FILE_CHECK - expect_column_values_to_be_of_type - AGENCE_CP - Wrong type for value: 54210.0 on line 18 should be int
2019-05-07 12:56:05,410 - IMMO - FR - LEBONCOIN - 2019-03-01 00:00:00 - ERROR - FILE_CHECK - expect_column_values_to_be_of_type - AGENCE_CP - Wrong type for value: 75008.0 on line 19 should be int
2019-05-07 12:56:05,410 - IMMO - FR - LEBONCOIN - 2019-03-01 00:00:00 - ERROR - FILE_CHECK - expect_column_values_to_be_of_type - AGENCE_CP - Wrong type for value: 75008.0 on line 20 should be int
2019-05-07 12:56:05,410 - IMMO - FR - LEBONCOIN - 2019-03-01 00:00:00 - ERROR - FILE_CHECK - expect_column_values_to_be_of_type - AGENCE_CP - Wrong type for value: 62380.0 on line 22 should be int
2019-05-07 12:56:05,410 - IMMO - FR - LEBONCOIN - 2019-03-01 00:00:00 - ERROR - FILE_CHECK - expect_column_values_to_be_of_type - AGENCE_CP - Wrong type for value: 44390.0 on line 26 should be int
2019-05-07 12:56:05,410 - IMMO - FR - LEBONCOIN - 2019-03-01 00:00:00 - ERROR - FILE_CHECK - expect_column_values_to_be_of_type - AGENCE_CP - Wrong type for value: 1150.0 on line 28 should be int
2019-05-07 12:56:05,410 - IMMO - FR - LEBONCOIN - 2019-03-01 00:00:00 - ERROR - FILE_CHECK - expect_column_values_to_be_of_type - AGENCE_CP - Wrong type for value: 13960.0 on line 29 should be int
2019-05-07 12:56:05,410 - IMMO - FR - LEBONCOIN - 2019-03-01 00:00:00 - ERROR - FILE_CHECK - expect_column_values_to_be_of_type - AGENCE_CP - Wrong type for value: 24000.0 on line 30 should be int
2019-05-07 12:56:05,410 - IMMO - FR - LEBONCOIN - 2019-03-01 00:00:00 - ERROR - FILE_CHECK - expect_column_values_to_be_of_type - AGENCE_CP - Wrong type for value: 88150.0 on line 31 should be int
2019-05-07 12:56:05,410 - IMMO - FR - LEBONCOIN - 2019-03-01 00:00:00 - ERROR - FILE_CHECK - expect_column_values_to_be_of_type - AGENCE_CP - Wrong type for value: 86000.0 on line 32 should be int
2019-05-07 12:56:05,410 - IMMO - FR - LEBONCOIN - 2019-03-01 00:00:00 - ERROR - FILE_CHECK - expect_column_values_to_be_of_type - AGENCE_CP - Wrong type for value: 35150.0 on line 33 should be int
2019-05-07 12:56:05,410 - IMMO - FR - LEBONCOIN - 2019-03-01 00:00:00 - ERROR - FILE_CHECK - expect_column_values_to_be_of_type - AGENCE_CP - Wrong type for value: 46100.0 on line 34 should be int
2019-05-07 12:56:05,410 - IMMO - FR - LEBONCOIN - 2019-03-01 00:00:00 - ERROR - STAT - expect_column_values_to_be_of_type - AGENCE_CP - correctly filled rate (%) - 0.0
2019-05-07 12:56:05,411 - IMMO - FR - LEBONCOIN - 2019-03-01 00:00:00 - ERROR - STAT - expect_column_values_to_not_be_null - AGENCE_ID - correctly filled rate (%) - 100.0
2019-05-07 12:56:05,411 - IMMO - FR - LEBONCOIN - 2019-03-01 00:00:00 - ERROR - STAT - expect_column_values_to_not_be_null - AGENCE_NOM - correctly filled rate (%) - 100.0
2019-05-07 12:56:05,411 - IMMO - FR - LEBONCOIN - 2019-03-01 00:00:00 - ERROR - FILE_CHECK - expect_column_values_to_be_phone_number - AGENCE_TEL - Unexpected value: 607666765.0 on line 0, value should match a phone number format
2019-05-07 12:56:05,411 - IMMO - FR - LEBONCOIN - 2019-03-01 00:00:00 - ERROR - FILE_CHECK - expect_column_values_to_be_phone_number - AGENCE_TEL - Unexpected value: 381827492.0 on line 1, value should match a phone number format
2019-05-07 12:56:05,411 - IMMO - FR - LEBONCOIN - 2019-03-01 00:00:00 - ERROR - FILE_CHECK - expect_column_values_to_be_phone_number - AGENCE_TEL - Unexpected value: 472042010.0 on line 2, value should match a phone number format
2019-05-07 12:56:05,411 - IMMO - FR - LEBONCOIN - 2019-03-01 00:00:00 - ERROR - FILE_CHECK - expect_column_values_to_be_phone_number - AGENCE_TEL - Unexpected value: 474660363.0 on line 3, value should match a phone number format
2019-05-07 12:56:05,411 - IMMO - FR - LEBONCOIN - 2019-03-01 00:00:00 - ERROR - FILE_CHECK - expect_column_values_to_be_phone_number - AGENCE_TEL - Unexpected value: 299654067.0 on line 4, value should match a phone number format
2019-05-07 12:56:05,411 - IMMO - FR - LEBONCOIN - 2019-03-01 00:00:00 - ERROR - FILE_CHECK - expect_column_values_to_be_phone_number - AGENCE_TEL - Unexpected value: 681314261.0 on line 5, value should match a phone number format
2019-05-07 12:56:05,411 - IMMO - FR - LEBONCOIN - 2019-03-01 00:00:00 - ERROR - FILE_CHECK - expect_column_values_to_be_phone_number - AGENCE_TEL - Unexpected value: 632889320.0 on line 6, value should match a phone number format
2019-05-07 12:56:05,411 - IMMO - FR - LEBONCOIN - 2019-03-01 00:00:00 - ERROR - FILE_CHECK - expect_column_values_to_be_phone_number - AGENCE_TEL - Unexpected value: 248259388.0 on line 7, value should match a phone number format
2019-05-07 12:56:05,411 - IMMO - FR - LEBONCOIN - 2019-03-01 00:00:00 - ERROR - FILE_CHECK - expect_column_values_to_be_phone_number - AGENCE_TEL - Unexpected value: 389419318.0 on line 8, value should match a phone number format
2019-05-07 12:56:05,411 - IMMO - FR - LEBONCOIN - 2019-03-01 00:00:00 - ERROR - FILE_CHECK - expect_column_values_to_be_phone_number - AGENCE_TEL - Unexpected value: 677060179.0 on line 9, value should match a phone number format
2019-05-07 12:56:05,411 - IMMO - FR - LEBONCOIN - 2019-03-01 00:00:00 - ERROR - FILE_CHECK - expect_column_values_to_be_phone_number - AGENCE_TEL - Unexpected value: 100000010.0 on line 10, value should match a phone number format
2019-05-07 12:56:05,411 - IMMO - FR - LEBONCOIN - 2019-03-01 00:00:00 - ERROR - FILE_CHECK - expect_column_values_to_be_phone_number - AGENCE_TEL - Unexpected value: 684997123.0 on line 11, value should match a phone number format
2019-05-07 12:56:05,411 - IMMO - FR - LEBONCOIN - 2019-03-01 00:00:00 - ERROR - FILE_CHECK - expect_column_values_to_be_phone_number - AGENCE_TEL - Unexpected value: 637090745.0 on line 12, value should match a phone number format
2019-05-07 12:56:05,411 - IMMO - FR - LEBONCOIN - 2019-03-01 00:00:00 - ERROR - FILE_CHECK - expect_column_values_to_be_phone_number - AGENCE_TEL - Unexpected value: 565701049.0 on line 13, value should match a phone number format
2019-05-07 12:56:05,411 - IMMO - FR - LEBONCOIN - 2019-03-01 00:00:00 - ERROR - FILE_CHECK - expect_column_values_to_be_phone_number - AGENCE_TEL - Unexpected value: 658631988.0 on line 14, value should match a phone number format
2019-05-07 12:56:05,411 - IMMO - FR - LEBONCOIN - 2019-03-01 00:00:00 - ERROR - FILE_CHECK - expect_column_values_to_be_phone_number - AGENCE_TEL - Unexpected value: 100000010.0 on line 15, value should match a phone number format
2019-05-07 12:56:05,412 - IMMO - FR - LEBONCOIN - 2019-03-01 00:00:00 - ERROR - FILE_CHECK - expect_column_values_to_be_phone_number - AGENCE_TEL - Unexpected value: 100000010.0 on line 16, value should match a phone number format
2019-05-07 12:56:05,412 - IMMO - FR - LEBONCOIN - 2019-03-01 00:00:00 - ERROR - FILE_CHECK - expect_column_values_to_be_phone_number - AGENCE_TEL - Unexpected value: 476370937.0 on line 17, value should match a phone number format
2019-05-07 12:56:05,412 - IMMO - FR - LEBONCOIN - 2019-03-01 00:00:00 - ERROR - FILE_CHECK - expect_column_values_to_be_phone_number - AGENCE_TEL - Unexpected value: 383469700.0 on line 18, value should match a phone number format
2019-05-07 12:56:05,412 - IMMO - FR - LEBONCOIN - 2019-03-01 00:00:00 - ERROR - FILE_CHECK - expect_column_values_to_be_phone_number - AGENCE_TEL - Unexpected value: 170612715.0 on line 19, value should match a phone number format
2019-05-07 12:56:05,412 - IMMO - FR - LEBONCOIN - 2019-03-01 00:00:00 - ERROR - STAT - expect_column_values_to_be_phone_number - AGENCE_TEL - correctly filled rate (%) - 0.0
2019-05-07 12:56:05,412 - IMMO - FR - LEBONCOIN - 2019-03-01 00:00:00 - ERROR - STAT - expect_column_values_to_not_be_null - AGENCE_TEL - correctly filled rate (%) - 94.74
2019-05-07 12:56:05,412 - IMMO - FR - LEBONCOIN - 2019-03-01 00:00:00 - ERROR - STAT - expect_column_values_to_not_be_null - ANNONCE_DATE - correctly filled rate (%) - 100.0
2019-05-07 12:56:05,412 - IMMO - FR - LEBONCOIN - 2019-03-01 00:00:00 - ERROR - STAT - expect_column_values_to_not_be_null - ANNONCE_LINK - correctly filled rate (%) - 100.0
2019-05-07 12:56:05,412 - IMMO - FR - LEBONCOIN - 2019-03-01 00:00:00 - ERROR - STAT - expect_column_values_to_be_unique - ANNONCE_LINK - observed proportion - 100.0
2019-05-07 12:56:05,412 - IMMO - FR - LEBONCOIN - 2019-03-01 00:00:00 - ERROR - STAT - expect_column_values_to_not_be_null - CATEGORIE - correctly filled rate (%) - 100.0
2019-05-07 12:56:05,412 - IMMO - FR - LEBONCOIN - 2019-03-01 00:00:00 - ERROR - STAT - expect_column_values_to_not_be_null - CP - correctly filled rate (%) - 100.0
2019-05-07 12:56:05,412 - IMMO - FR - LEBONCOIN - 2019-03-01 00:00:00 - ERROR - STAT - expect_column_values_to_not_be_null - DEPARTEMENT - correctly filled rate (%) - 100.0
2019-05-07 12:56:05,412 - IMMO - FR - LEBONCOIN - 2019-03-01 00:00:00 - ERROR - STAT - expect_returning_row_count - EVERY_COLUMNS - total number of rows - 1374581
2019-05-07 12:56:05,412 - IMMO - FR - LEBONCOIN - 2019-03-01 00:00:00 - ERROR - STAT - expect_column_values_to_not_be_null - ID_CLIENT - correctly filled rate (%) - 100.0
2019-05-07 12:56:05,412 - IMMO - FR - LEBONCOIN - 2019-03-01 00:00:00 - ERROR - STAT - expect_column_values_to_be_unique - ID_CLIENT - observed proportion - 100.0
2019-05-07 12:56:05,412 - IMMO - FR - LEBONCOIN - 2019-03-01 00:00:00 - ERROR - FILE_CHECK - expect_column_values_to_be_of_type - M2_TOTALE - Wrong type for value: 1200.0 on line 0 should be int
2019-05-07 12:56:05,412 - IMMO - FR - LEBONCOIN - 2019-03-01 00:00:00 - ERROR - FILE_CHECK - expect_column_values_to_be_of_type - M2_TOTALE - Wrong type for value: 1074.0 on line 1 should be int
2019-05-07 12:56:05,413 - IMMO - FR - LEBONCOIN - 2019-03-01 00:00:00 - ERROR - FILE_CHECK - expect_column_values_to_be_of_type - M2_TOTALE - Wrong type for value: 75.0 on line 2 should be int
2019-05-07 12:56:05,413 - IMMO - FR - LEBONCOIN - 2019-03-01 00:00:00 - ERROR - FILE_CHECK - expect_column_values_to_be_of_type - M2_TOTALE - Wrong type for value: 260.0 on line 3 should be int
2019-05-07 12:56:05,413 - IMMO - FR - LEBONCOIN - 2019-03-01 00:00:00 - ERROR - FILE_CHECK - expect_column_values_to_be_of_type - M2_TOTALE - Wrong type for value: 64.0 on line 4 should be int
2019-05-07 12:56:05,413 - IMMO - FR - LEBONCOIN - 2019-03-01 00:00:00 - ERROR - FILE_CHECK - expect_column_values_to_be_of_type - M2_TOTALE - Wrong type for value: 1081.0 on line 5 should be int
2019-05-07 12:56:05,413 - IMMO - FR - LEBONCOIN - 2019-03-01 00:00:00 - ERROR - FILE_CHECK - expect_column_values_to_be_of_type - M2_TOTALE - Wrong type for value: 400.0 on line 6 should be int
2019-05-07 12:56:05,413 - IMMO - FR - LEBONCOIN - 2019-03-01 00:00:00 - ERROR - FILE_CHECK - expect_column_values_to_be_of_type - M2_TOTALE - Wrong type for value: 903.0 on line 7 should be int
2019-05-07 12:56:05,413 - IMMO - FR - LEBONCOIN - 2019-03-01 00:00:00 - ERROR - FILE_CHECK - expect_column_values_to_be_of_type - M2_TOTALE - Wrong type for value: 162.0 on line 8 should be int
2019-05-07 12:56:05,413 - IMMO - FR - LEBONCOIN - 2019-03-01 00:00:00 - ERROR - FILE_CHECK - expect_column_values_to_be_of_type - M2_TOTALE - Wrong type for value: 10000.0 on line 9 should be int
2019-05-07 12:56:05,413 - IMMO - FR - LEBONCOIN - 2019-03-01 00:00:00 - ERROR - FILE_CHECK - expect_column_values_to_be_of_type - M2_TOTALE - Wrong type for value: 97.0 on line 10 should be int
2019-05-07 12:56:05,413 - IMMO - FR - LEBONCOIN - 2019-03-01 00:00:00 - ERROR - FILE_CHECK - expect_column_values_to_be_of_type - M2_TOTALE - Wrong type for value: 1000.0 on line 11 should be int
2019-05-07 12:56:05,413 - IMMO - FR - LEBONCOIN - 2019-03-01 00:00:00 - ERROR - FILE_CHECK - expect_column_values_to_be_of_type - M2_TOTALE - Wrong type for value: 110.0 on line 12 should be int
2019-05-07 12:56:05,413 - IMMO - FR - LEBONCOIN - 2019-03-01 00:00:00 - ERROR - FILE_CHECK - expect_column_values_to_be_of_type - M2_TOTALE - Wrong type for value: 3221.0 on line 13 should be int
2019-05-07 12:56:05,413 - IMMO - FR - LEBONCOIN - 2019-03-01 00:00:00 - ERROR - FILE_CHECK - expect_column_values_to_be_of_type - M2_TOTALE - Wrong type for value: 3.0 on line 14 should be int
2019-05-07 12:56:05,413 - IMMO - FR - LEBONCOIN - 2019-03-01 00:00:00 - ERROR - FILE_CHECK - expect_column_values_to_be_of_type - M2_TOTALE - Wrong type for value: 127.0 on line 15 should be int
2019-05-07 12:56:05,413 - IMMO - FR - LEBONCOIN - 2019-03-01 00:00:00 - ERROR - FILE_CHECK - expect_column_values_to_be_of_type - M2_TOTALE - Wrong type for value: 81.0 on line 16 should be int
2019-05-07 12:56:05,413 - IMMO - FR - LEBONCOIN - 2019-03-01 00:00:00 - ERROR - FILE_CHECK - expect_column_values_to_be_of_type - M2_TOTALE - Wrong type for value: 102.0 on line 17 should be int
2019-05-07 12:56:05,413 - IMMO - FR - LEBONCOIN - 2019-03-01 00:00:00 - ERROR - FILE_CHECK - expect_column_values_to_be_of_type - M2_TOTALE - Wrong type for value: 343.0 on line 18 should be int
2019-05-07 12:56:05,413 - IMMO - FR - LEBONCOIN - 2019-03-01 00:00:00 - ERROR - FILE_CHECK - expect_column_values_to_be_of_type - M2_TOTALE - Wrong type for value: 120.0 on line 19 should be int
2019-05-07 12:56:05,413 - IMMO - FR - LEBONCOIN - 2019-03-01 00:00:00 - ERROR - STAT - expect_column_values_to_be_of_type - M2_TOTALE - correctly filled rate (%) - 0.0
2019-05-07 12:56:05,414 - IMMO - FR - LEBONCOIN - 2019-03-01 00:00:00 - ERROR - STAT - expect_column_values_to_not_be_null - M2_TOTALE - correctly filled rate (%) - 100.0
2019-05-07 12:56:05,414 - IMMO - FR - LEBONCOIN - 2019-03-01 00:00:00 - ERROR - STAT - expect_column_values_to_not_be_null - MAISON_APT - correctly filled rate (%) - 100.0
2019-05-07 12:56:05,414 - IMMO - FR - LEBONCOIN - 2019-03-01 00:00:00 - ERROR - STAT - expect_column_values_to_be_between - MAISON_APT - correctly filled rate (%) - 100.0
2019-05-07 12:56:05,414 - IMMO - FR - LEBONCOIN - 2019-03-01 00:00:00 - ERROR - STAT - expect_column_values_to_not_be_null - MINI_SITE_ID - correctly filled rate (%) - 100.0
2019-05-07 12:56:05,414 - IMMO - FR - LEBONCOIN - 2019-03-01 00:00:00 - ERROR - STAT - expect_column_values_to_not_be_null - NOM - correctly filled rate (%) - 100.0
2019-05-07 12:56:05,414 - IMMO - FR - LEBONCOIN - 2019-03-01 00:00:00 - ERROR - STAT - expect_column_values_to_match_regex - PAYS_AD - correctly filled rate (%) - 100.0
2019-05-07 12:56:05,414 - IMMO - FR - LEBONCOIN - 2019-03-01 00:00:00 - ERROR - STAT - expect_column_values_to_not_be_null - PAYS_AD - correctly filled rate (%) - 100.0
2019-05-07 12:56:05,414 - IMMO - FR - LEBONCOIN - 2019-03-01 00:00:00 - ERROR - STAT - expect_column_values_to_be_of_type - PHOTO - correctly filled rate (%) - 100.0
2019-05-07 12:56:05,414 - IMMO - FR - LEBONCOIN - 2019-03-01 00:00:00 - ERROR - STAT - expect_column_values_to_not_be_null - PHOTO - correctly filled rate (%) - 100.0
2019-05-07 12:56:05,414 - IMMO - FR - LEBONCOIN - 2019-03-01 00:00:00 - ERROR - STAT - expect_column_values_to_be_in_type_list - PHOTO - correctly filled rate (%) - 100.0
2019-05-07 12:56:05,414 - IMMO - FR - LEBONCOIN - 2019-03-01 00:00:00 - ERROR - STAT - expect_column_values_to_be_of_type - PIECE - correctly filled rate (%) - 100.0
2019-05-07 12:56:05,414 - IMMO - FR - LEBONCOIN - 2019-03-01 00:00:00 - ERROR - STAT - expect_column_values_to_not_be_null - PIECE - correctly filled rate (%) - 100.0
2019-05-07 12:56:05,414 - IMMO - FR - LEBONCOIN - 2019-03-01 00:00:00 - ERROR - STAT - expect_column_values_to_be_in_type_list - PIECE - correctly filled rate (%) - 100.0
2019-05-07 12:56:05,414 - IMMO - FR - LEBONCOIN - 2019-03-01 00:00:00 - ERROR - STAT - expect_column_values_to_be_of_type - PRIX - correctly filled rate (%) - 100.0
2019-05-07 12:56:05,414 - IMMO - FR - LEBONCOIN - 2019-03-01 00:00:00 - ERROR - STAT - expect_column_values_to_not_be_null - PRIX - correctly filled rate (%) - 100.0
2019-05-07 12:56:05,414 - IMMO - FR - LEBONCOIN - 2019-03-01 00:00:00 - ERROR - STAT - expect_column_values_to_not_be_null - PRO_IND - correctly filled rate (%) - 100.0
2019-05-07 12:56:05,415 - IMMO - FR - LEBONCOIN - 2019-03-01 00:00:00 - ERROR - STAT - expect_column_values_to_be_in_set - PRO_IND - correctly filled rate (%) - 100.0
2019-05-07 12:56:05,415 - IMMO - FR - LEBONCOIN - 2019-03-01 00:00:00 - ERROR - FILE_CHECK - expect_column_values_to_be_of_type - SURFACE_TERRAIN - Wrong type for value: 0.0 on line 0 should be int
2019-05-07 12:56:05,415 - IMMO - FR - LEBONCOIN - 2019-03-01 00:00:00 - ERROR - FILE_CHECK - expect_column_values_to_be_of_type - SURFACE_TERRAIN - Wrong type for value: 0.0 on line 1 should be int
2019-05-07 12:56:05,415 - IMMO - FR - LEBONCOIN - 2019-03-01 00:00:00 - ERROR - FILE_CHECK - expect_column_values_to_be_of_type - SURFACE_TERRAIN - Wrong type for value: 0.0 on line 2 should be int
2019-05-07 12:56:05,415 - IMMO - FR - LEBONCOIN - 2019-03-01 00:00:00 - ERROR - FILE_CHECK - expect_column_values_to_be_of_type - SURFACE_TERRAIN - Wrong type for value: 0.0 on line 3 should be int
2019-05-07 12:56:05,415 - IMMO - FR - LEBONCOIN - 2019-03-01 00:00:00 - ERROR - FILE_CHECK - expect_column_values_to_be_of_type - SURFACE_TERRAIN - Wrong type for value: 0.0 on line 4 should be int
2019-05-07 12:56:05,415 - IMMO - FR - LEBONCOIN - 2019-03-01 00:00:00 - ERROR - FILE_CHECK - expect_column_values_to_be_of_type - SURFACE_TERRAIN - Wrong type for value: 0.0 on line 5 should be int
2019-05-07 12:56:05,415 - IMMO - FR - LEBONCOIN - 2019-03-01 00:00:00 - ERROR - FILE_CHECK - expect_column_values_to_be_of_type - SURFACE_TERRAIN - Wrong type for value: 0.0 on line 6 should be int
2019-05-07 12:56:05,415 - IMMO - FR - LEBONCOIN - 2019-03-01 00:00:00 - ERROR - FILE_CHECK - expect_column_values_to_be_of_type - SURFACE_TERRAIN - Wrong type for value: 0.0 on line 7 should be int
2019-05-07 12:56:05,415 - IMMO - FR - LEBONCOIN - 2019-03-01 00:00:00 - ERROR - FILE_CHECK - expect_column_values_to_be_of_type - SURFACE_TERRAIN - Wrong type for value: 0.0 on line 8 should be int
2019-05-07 12:56:05,415 - IMMO - FR - LEBONCOIN - 2019-03-01 00:00:00 - ERROR - FILE_CHECK - expect_column_values_to_be_of_type - SURFACE_TERRAIN - Wrong type for value: 0.0 on line 9 should be int
2019-05-07 12:56:05,415 - IMMO - FR - LEBONCOIN - 2019-03-01 00:00:00 - ERROR - FILE_CHECK - expect_column_values_to_be_of_type - SURFACE_TERRAIN - Wrong type for value: 0.0 on line 10 should be int
2019-05-07 12:56:05,415 - IMMO - FR - LEBONCOIN - 2019-03-01 00:00:00 - ERROR - FILE_CHECK - expect_column_values_to_be_of_type - SURFACE_TERRAIN - Wrong type for value: 0.0 on line 11 should be int
2019-05-07 12:56:05,415 - IMMO - FR - LEBONCOIN - 2019-03-01 00:00:00 - ERROR - FILE_CHECK - expect_column_values_to_be_of_type - SURFACE_TERRAIN - Wrong type for value: 0.0 on line 12 should be int
2019-05-07 12:56:05,415 - IMMO - FR - LEBONCOIN - 2019-03-01 00:00:00 - ERROR - FILE_CHECK - expect_column_values_to_be_of_type - SURFACE_TERRAIN - Wrong type for value: 0.0 on line 13 should be int
2019-05-07 12:56:05,415 - IMMO - FR - LEBONCOIN - 2019-03-01 00:00:00 - ERROR - FILE_CHECK - expect_column_values_to_be_of_type - SURFACE_TERRAIN - Wrong type for value: 0.0 on line 14 should be int
2019-05-07 12:56:05,415 - IMMO - FR - LEBONCOIN - 2019-03-01 00:00:00 - ERROR - FILE_CHECK - expect_column_values_to_be_of_type - SURFACE_TERRAIN - Wrong type for value: 0.0 on line 15 should be int
2019-05-07 12:56:05,415 - IMMO - FR - LEBONCOIN - 2019-03-01 00:00:00 - ERROR - FILE_CHECK - expect_column_values_to_be_of_type - SURFACE_TERRAIN - Wrong type for value: 0.0 on line 16 should be int
2019-05-07 12:56:05,416 - IMMO - FR - LEBONCOIN - 2019-03-01 00:00:00 - ERROR - FILE_CHECK - expect_column_values_to_be_of_type - SURFACE_TERRAIN - Wrong type for value: 0.0 on line 17 should be int
2019-05-07 12:56:05,416 - IMMO - FR - LEBONCOIN - 2019-03-01 00:00:00 - ERROR - FILE_CHECK - expect_column_values_to_be_of_type - SURFACE_TERRAIN - Wrong type for value: 0.0 on line 18 should be int
2019-05-07 12:56:05,416 - IMMO - FR - LEBONCOIN - 2019-03-01 00:00:00 - ERROR - FILE_CHECK - expect_column_values_to_be_of_type - SURFACE_TERRAIN - Wrong type for value: 0.0 on line 19 should be int
2019-05-07 12:56:05,416 - IMMO - FR - LEBONCOIN - 2019-03-01 00:00:00 - ERROR - STAT - expect_column_values_to_be_of_type - SURFACE_TERRAIN - correctly filled rate (%) - 0.0
2019-05-07 12:56:05,416 - IMMO - FR - LEBONCOIN - 2019-03-01 00:00:00 - ERROR - STAT - expect_column_values_to_match_regex - VILLE - correctly filled rate (%) - 100.0
2019-05-07 12:56:05,416 - IMMO - FR - LEBONCOIN - 2019-03-01 00:00:00 - ERROR - STAT - expect_column_values_to_not_be_null - VILLE - correctly filled rate (%) - 99.75
2019-05-07 12:56:05,416 - IMMO - FR - LEBONCOIN - 2019-03-01 00:00:00 - ERROR - STAT - expect_column_values_to_match_regex - CP - correctly filled rate (%) - 93.13
2019-05-07 12:56:05,416 - IMMO - FR - LEBONCOIN - 2019-03-01 00:00:00 - ERROR - STAT - expect_returning_row_count_on_conditions - PRIVATE_LISTINGS - total number of row with conditions - 311654
2019-05-07 12:56:05,416 - IMMO - FR - LEBONCOIN - 2019-03-01 00:00:00 - ERROR - STAT - expect_returning_row_count_on_conditions - DEALER_LISTINGS - total number of row with conditions - 1062927
