2019-06-05 11:44:47,064 - VO - IT - AUTOSCOUT24 - 2019-05-01 00:00:00 - ERROR - STAT - expect_column_values_to_not_be_null - ADRESSE - correctly filled rate (%) - 66.93
2019-06-05 11:44:47,064 - VO - IT - AUTOSCOUT24 - 2019-05-01 00:00:00 - ERROR - STAT - expect_column_values_to_be_in_type_list - ANNEE - correctly filled rate (%) - 100.0
2019-06-05 11:44:47,064 - VO - IT - AUTOSCOUT24 - 2019-05-01 00:00:00 - ERROR - STAT - expect_column_values_to_be_between - ANNEE - correctly filled rate (%) - 93.48
2019-06-05 11:44:47,064 - VO - IT - AUTOSCOUT24 - 2019-05-01 00:00:00 - ERROR - STAT - expect_column_values_to_not_be_null - ANNEE - correctly filled rate (%) - 100.0
2019-06-05 11:44:47,064 - VO - IT - AUTOSCOUT24 - 2019-05-01 00:00:00 - ERROR - FILE_CHECK - expect_column_values_to_match_regex - ANNEE - Unexpected value: 0 on line 103, value should match regexp ^[0-9]{4}$
2019-06-05 11:44:47,064 - VO - IT - AUTOSCOUT24 - 2019-05-01 00:00:00 - ERROR - FILE_CHECK - expect_column_values_to_match_regex - ANNEE - Unexpected value: 0 on line 193, value should match regexp ^[0-9]{4}$
2019-06-05 11:44:47,064 - VO - IT - AUTOSCOUT24 - 2019-05-01 00:00:00 - ERROR - FILE_CHECK - expect_column_values_to_match_regex - ANNEE - Unexpected value: 0 on line 195, value should match regexp ^[0-9]{4}$
2019-06-05 11:44:47,064 - VO - IT - AUTOSCOUT24 - 2019-05-01 00:00:00 - ERROR - FILE_CHECK - expect_column_values_to_match_regex - ANNEE - Unexpected value: 0 on line 196, value should match regexp ^[0-9]{4}$
2019-06-05 11:44:47,064 - VO - IT - AUTOSCOUT24 - 2019-05-01 00:00:00 - ERROR - FILE_CHECK - expect_column_values_to_match_regex - ANNEE - Unexpected value: 0 on line 198, value should match regexp ^[0-9]{4}$
2019-06-05 11:44:47,064 - VO - IT - AUTOSCOUT24 - 2019-05-01 00:00:00 - ERROR - FILE_CHECK - expect_column_values_to_match_regex - ANNEE - Unexpected value: 0 on line 210, value should match regexp ^[0-9]{4}$
2019-06-05 11:44:47,064 - VO - IT - AUTOSCOUT24 - 2019-05-01 00:00:00 - ERROR - FILE_CHECK - expect_column_values_to_match_regex - ANNEE - Unexpected value: 0 on line 211, value should match regexp ^[0-9]{4}$
2019-06-05 11:44:47,064 - VO - IT - AUTOSCOUT24 - 2019-05-01 00:00:00 - ERROR - FILE_CHECK - expect_column_values_to_match_regex - ANNEE - Unexpected value: 0 on line 212, value should match regexp ^[0-9]{4}$
2019-06-05 11:44:47,064 - VO - IT - AUTOSCOUT24 - 2019-05-01 00:00:00 - ERROR - FILE_CHECK - expect_column_values_to_match_regex - ANNEE - Unexpected value: 0 on line 213, value should match regexp ^[0-9]{4}$
2019-06-05 11:44:47,065 - VO - IT - AUTOSCOUT24 - 2019-05-01 00:00:00 - ERROR - FILE_CHECK - expect_column_values_to_match_regex - ANNEE - Unexpected value: 0 on line 229, value should match regexp ^[0-9]{4}$
2019-06-05 11:44:47,065 - VO - IT - AUTOSCOUT24 - 2019-05-01 00:00:00 - ERROR - FILE_CHECK - expect_column_values_to_match_regex - ANNEE - Unexpected value: 0 on line 235, value should match regexp ^[0-9]{4}$
2019-06-05 11:44:47,065 - VO - IT - AUTOSCOUT24 - 2019-05-01 00:00:00 - ERROR - FILE_CHECK - expect_column_values_to_match_regex - ANNEE - Unexpected value: 0 on line 236, value should match regexp ^[0-9]{4}$
2019-06-05 11:44:47,065 - VO - IT - AUTOSCOUT24 - 2019-05-01 00:00:00 - ERROR - FILE_CHECK - expect_column_values_to_match_regex - ANNEE - Unexpected value: 0 on line 243, value should match regexp ^[0-9]{4}$
2019-06-05 11:44:47,065 - VO - IT - AUTOSCOUT24 - 2019-05-01 00:00:00 - ERROR - FILE_CHECK - expect_column_values_to_match_regex - ANNEE - Unexpected value: 0 on line 244, value should match regexp ^[0-9]{4}$
2019-06-05 11:44:47,065 - VO - IT - AUTOSCOUT24 - 2019-05-01 00:00:00 - ERROR - FILE_CHECK - expect_column_values_to_match_regex - ANNEE - Unexpected value: 0 on line 245, value should match regexp ^[0-9]{4}$
2019-06-05 11:44:47,065 - VO - IT - AUTOSCOUT24 - 2019-05-01 00:00:00 - ERROR - FILE_CHECK - expect_column_values_to_match_regex - ANNEE - Unexpected value: 0 on line 247, value should match regexp ^[0-9]{4}$
2019-06-05 11:44:47,065 - VO - IT - AUTOSCOUT24 - 2019-05-01 00:00:00 - ERROR - FILE_CHECK - expect_column_values_to_match_regex - ANNEE - Unexpected value: 0 on line 249, value should match regexp ^[0-9]{4}$
2019-06-05 11:44:47,065 - VO - IT - AUTOSCOUT24 - 2019-05-01 00:00:00 - ERROR - FILE_CHECK - expect_column_values_to_match_regex - ANNEE - Unexpected value: 0 on line 251, value should match regexp ^[0-9]{4}$
2019-06-05 11:44:47,065 - VO - IT - AUTOSCOUT24 - 2019-05-01 00:00:00 - ERROR - FILE_CHECK - expect_column_values_to_match_regex - ANNEE - Unexpected value: 0 on line 452, value should match regexp ^[0-9]{4}$
2019-06-05 11:44:47,065 - VO - IT - AUTOSCOUT24 - 2019-05-01 00:00:00 - ERROR - FILE_CHECK - expect_column_values_to_match_regex - ANNEE - Unexpected value: 0 on line 453, value should match regexp ^[0-9]{4}$
2019-06-05 11:44:47,065 - VO - IT - AUTOSCOUT24 - 2019-05-01 00:00:00 - ERROR - STAT - expect_column_values_to_match_regex - ANNEE - correctly filled rate (%) - 95.04
2019-06-05 11:44:47,065 - VO - IT - AUTOSCOUT24 - 2019-05-01 00:00:00 - ERROR - STAT - expect_column_values_to_not_be_null - ANNONCE_LINK - correctly filled rate (%) - 100.0
2019-06-05 11:44:47,065 - VO - IT - AUTOSCOUT24 - 2019-05-01 00:00:00 - ERROR - STAT - expect_column_values_to_be_unique - ANNONCE_LINK - observed proportion - 100.0
2019-06-05 11:44:47,065 - VO - IT - AUTOSCOUT24 - 2019-05-01 00:00:00 - ERROR - STAT - expect_column_values_to_not_be_null - CARBURANT - correctly filled rate (%) - 100.0
2019-06-05 11:44:47,065 - VO - IT - AUTOSCOUT24 - 2019-05-01 00:00:00 - ERROR - STAT - expect_column_values_to_not_be_null - CARROSSERIE - correctly filled rate (%) - 97.55
2019-06-05 11:44:47,065 - VO - IT - AUTOSCOUT24 - 2019-05-01 00:00:00 - ERROR - STAT - expect_column_values_to_not_be_null - CP - correctly filled rate (%) - 100.0
2019-06-05 11:44:47,066 - VO - IT - AUTOSCOUT24 - 2019-05-01 00:00:00 - ERROR - FILE_CHECK - expect_column_values_to_match_regex - CP - Unexpected value: 25030.0 on line 0, value should match regexp ^[0-9]{5}$
2019-06-05 11:44:47,066 - VO - IT - AUTOSCOUT24 - 2019-05-01 00:00:00 - ERROR - FILE_CHECK - expect_column_values_to_match_regex - CP - Unexpected value: 25030.0 on line 1, value should match regexp ^[0-9]{5}$
2019-06-05 11:44:47,066 - VO - IT - AUTOSCOUT24 - 2019-05-01 00:00:00 - ERROR - FILE_CHECK - expect_column_values_to_match_regex - CP - Unexpected value: 25030.0 on line 2, value should match regexp ^[0-9]{5}$
2019-06-05 11:44:47,066 - VO - IT - AUTOSCOUT24 - 2019-05-01 00:00:00 - ERROR - FILE_CHECK - expect_column_values_to_match_regex - CP - Unexpected value: 25030.0 on line 3, value should match regexp ^[0-9]{5}$
2019-06-05 11:44:47,066 - VO - IT - AUTOSCOUT24 - 2019-05-01 00:00:00 - ERROR - FILE_CHECK - expect_column_values_to_match_regex - CP - Unexpected value: 25030.0 on line 4, value should match regexp ^[0-9]{5}$
2019-06-05 11:44:47,066 - VO - IT - AUTOSCOUT24 - 2019-05-01 00:00:00 - ERROR - FILE_CHECK - expect_column_values_to_match_regex - CP - Unexpected value: 25030.0 on line 5, value should match regexp ^[0-9]{5}$
2019-06-05 11:44:47,066 - VO - IT - AUTOSCOUT24 - 2019-05-01 00:00:00 - ERROR - FILE_CHECK - expect_column_values_to_match_regex - CP - Unexpected value: 25030.0 on line 6, value should match regexp ^[0-9]{5}$
2019-06-05 11:44:47,066 - VO - IT - AUTOSCOUT24 - 2019-05-01 00:00:00 - ERROR - FILE_CHECK - expect_column_values_to_match_regex - CP - Unexpected value: 38010.0 on line 7, value should match regexp ^[0-9]{5}$
2019-06-05 11:44:47,066 - VO - IT - AUTOSCOUT24 - 2019-05-01 00:00:00 - ERROR - FILE_CHECK - expect_column_values_to_match_regex - CP - Unexpected value: 148.0 on line 8, value should match regexp ^[0-9]{5}$
2019-06-05 11:44:47,066 - VO - IT - AUTOSCOUT24 - 2019-05-01 00:00:00 - ERROR - FILE_CHECK - expect_column_values_to_match_regex - CP - Unexpected value: 6100.0 on line 9, value should match regexp ^[0-9]{5}$
2019-06-05 11:44:47,066 - VO - IT - AUTOSCOUT24 - 2019-05-01 00:00:00 - ERROR - FILE_CHECK - expect_column_values_to_match_regex - CP - Unexpected value: 6100.0 on line 10, value should match regexp ^[0-9]{5}$
2019-06-05 11:44:47,066 - VO - IT - AUTOSCOUT24 - 2019-05-01 00:00:00 - ERROR - FILE_CHECK - expect_column_values_to_match_regex - CP - Unexpected value: 24066.0 on line 11, value should match regexp ^[0-9]{5}$
2019-06-05 11:44:47,066 - VO - IT - AUTOSCOUT24 - 2019-05-01 00:00:00 - ERROR - FILE_CHECK - expect_column_values_to_match_regex - CP - Unexpected value: 10010.0 on line 12, value should match regexp ^[0-9]{5}$
2019-06-05 11:44:47,066 - VO - IT - AUTOSCOUT24 - 2019-05-01 00:00:00 - ERROR - FILE_CHECK - expect_column_values_to_match_regex - CP - Unexpected value: 66020.0 on line 13, value should match regexp ^[0-9]{5}$
2019-06-05 11:44:47,066 - VO - IT - AUTOSCOUT24 - 2019-05-01 00:00:00 - ERROR - FILE_CHECK - expect_column_values_to_match_regex - CP - Unexpected value: 25100.0 on line 14, value should match regexp ^[0-9]{5}$
2019-06-05 11:44:47,066 - VO - IT - AUTOSCOUT24 - 2019-05-01 00:00:00 - ERROR - FILE_CHECK - expect_column_values_to_match_regex - CP - Unexpected value: 85100.0 on line 15, value should match regexp ^[0-9]{5}$
2019-06-05 11:44:47,066 - VO - IT - AUTOSCOUT24 - 2019-05-01 00:00:00 - ERROR - FILE_CHECK - expect_column_values_to_match_regex - CP - Unexpected value: 12012.0 on line 16, value should match regexp ^[0-9]{5}$
2019-06-05 11:44:47,066 - VO - IT - AUTOSCOUT24 - 2019-05-01 00:00:00 - ERROR - FILE_CHECK - expect_column_values_to_match_regex - CP - Unexpected value: 21020.0 on line 17, value should match regexp ^[0-9]{5}$
2019-06-05 11:44:47,067 - VO - IT - AUTOSCOUT24 - 2019-05-01 00:00:00 - ERROR - FILE_CHECK - expect_column_values_to_match_regex - CP - Unexpected value: 21010.0 on line 18, value should match regexp ^[0-9]{5}$
2019-06-05 11:44:47,067 - VO - IT - AUTOSCOUT24 - 2019-05-01 00:00:00 - ERROR - FILE_CHECK - expect_column_values_to_match_regex - CP - Unexpected value: 10098.0 on line 19, value should match regexp ^[0-9]{5}$
2019-06-05 11:44:47,067 - VO - IT - AUTOSCOUT24 - 2019-05-01 00:00:00 - ERROR - STAT - expect_column_values_to_match_regex - CP - correctly filled rate (%) - 0.0
2019-06-05 11:44:47,067 - VO - IT - AUTOSCOUT24 - 2019-05-01 00:00:00 - ERROR - STAT - expect_column_values_to_not_be_null - GARAGE_ID - correctly filled rate (%) - 99.23
2019-06-05 11:44:47,067 - VO - IT - AUTOSCOUT24 - 2019-05-01 00:00:00 - ERROR - STAT - expect_column_values_to_not_be_null - ID_CLIENT - correctly filled rate (%) - 100.0
2019-06-05 11:44:47,067 - VO - IT - AUTOSCOUT24 - 2019-05-01 00:00:00 - ERROR - STAT - expect_column_values_to_be_unique - ID_CLIENT - observed proportion - 100.0
2019-06-05 11:44:47,067 - VO - IT - AUTOSCOUT24 - 2019-05-01 00:00:00 - ERROR - STAT - expect_returning_row_count - EVERY_COLUMNS - total number of rows - 428023
2019-06-05 11:44:47,067 - VO - IT - AUTOSCOUT24 - 2019-05-01 00:00:00 - ERROR - STAT - expect_column_values_to_not_be_null - IMMAT - correctly filled rate (%) - 100.0
2019-06-05 11:44:47,067 - VO - IT - AUTOSCOUT24 - 2019-05-01 00:00:00 - ERROR - STAT - expect_column_values_to_be_in_type_list - KM - correctly filled rate (%) - 100.0
2019-06-05 11:44:47,067 - VO - IT - AUTOSCOUT24 - 2019-05-01 00:00:00 - ERROR - STAT - expect_column_values_to_not_be_null - KM - correctly filled rate (%) - 100.0
2019-06-05 11:44:47,067 - VO - IT - AUTOSCOUT24 - 2019-05-01 00:00:00 - ERROR - STAT - expect_column_values_to_be_in_type_list - LITRE - correctly filled rate (%) - 100.0
2019-06-05 11:44:47,067 - VO - IT - AUTOSCOUT24 - 2019-05-01 00:00:00 - ERROR - STAT - expect_column_values_to_not_be_null - LITRE - correctly filled rate (%) - 100.0
2019-06-05 11:44:47,067 - VO - IT - AUTOSCOUT24 - 2019-05-01 00:00:00 - ERROR - STAT - expect_column_values_to_not_be_null - MARQUE - correctly filled rate (%) - 100.0
2019-06-05 11:44:47,067 - VO - IT - AUTOSCOUT24 - 2019-05-01 00:00:00 - ERROR - STAT - expect_column_values_to_not_be_null - MODELE - correctly filled rate (%) - 100.0
2019-06-05 11:44:47,067 - VO - IT - AUTOSCOUT24 - 2019-05-01 00:00:00 - ERROR - STAT - expect_column_values_to_not_be_null - MOIS - correctly filled rate (%) - 100.0
2019-06-05 11:44:47,067 - VO - IT - AUTOSCOUT24 - 2019-05-01 00:00:00 - ERROR - FILE_CHECK - expect_column_values_to_be_between - MOIS - Unexpected value: 0 on line 103, value should be between 1 and 12
2019-06-05 11:44:47,068 - VO - IT - AUTOSCOUT24 - 2019-05-01 00:00:00 - ERROR - FILE_CHECK - expect_column_values_to_be_between - MOIS - Unexpected value: 0 on line 193, value should be between 1 and 12
2019-06-05 11:44:47,068 - VO - IT - AUTOSCOUT24 - 2019-05-01 00:00:00 - ERROR - FILE_CHECK - expect_column_values_to_be_between - MOIS - Unexpected value: 0 on line 195, value should be between 1 and 12
2019-06-05 11:44:47,068 - VO - IT - AUTOSCOUT24 - 2019-05-01 00:00:00 - ERROR - FILE_CHECK - expect_column_values_to_be_between - MOIS - Unexpected value: 0 on line 196, value should be between 1 and 12
2019-06-05 11:44:47,068 - VO - IT - AUTOSCOUT24 - 2019-05-01 00:00:00 - ERROR - FILE_CHECK - expect_column_values_to_be_between - MOIS - Unexpected value: 0 on line 198, value should be between 1 and 12
2019-06-05 11:44:47,068 - VO - IT - AUTOSCOUT24 - 2019-05-01 00:00:00 - ERROR - FILE_CHECK - expect_column_values_to_be_between - MOIS - Unexpected value: 0 on line 210, value should be between 1 and 12
2019-06-05 11:44:47,068 - VO - IT - AUTOSCOUT24 - 2019-05-01 00:00:00 - ERROR - FILE_CHECK - expect_column_values_to_be_between - MOIS - Unexpected value: 0 on line 211, value should be between 1 and 12
2019-06-05 11:44:47,068 - VO - IT - AUTOSCOUT24 - 2019-05-01 00:00:00 - ERROR - FILE_CHECK - expect_column_values_to_be_between - MOIS - Unexpected value: 0 on line 212, value should be between 1 and 12
2019-06-05 11:44:47,068 - VO - IT - AUTOSCOUT24 - 2019-05-01 00:00:00 - ERROR - FILE_CHECK - expect_column_values_to_be_between - MOIS - Unexpected value: 0 on line 213, value should be between 1 and 12
2019-06-05 11:44:47,068 - VO - IT - AUTOSCOUT24 - 2019-05-01 00:00:00 - ERROR - FILE_CHECK - expect_column_values_to_be_between - MOIS - Unexpected value: 0 on line 229, value should be between 1 and 12
2019-06-05 11:44:47,068 - VO - IT - AUTOSCOUT24 - 2019-05-01 00:00:00 - ERROR - FILE_CHECK - expect_column_values_to_be_between - MOIS - Unexpected value: 0 on line 235, value should be between 1 and 12
2019-06-05 11:44:47,068 - VO - IT - AUTOSCOUT24 - 2019-05-01 00:00:00 - ERROR - FILE_CHECK - expect_column_values_to_be_between - MOIS - Unexpected value: 0 on line 236, value should be between 1 and 12
2019-06-05 11:44:47,068 - VO - IT - AUTOSCOUT24 - 2019-05-01 00:00:00 - ERROR - FILE_CHECK - expect_column_values_to_be_between - MOIS - Unexpected value: 0 on line 243, value should be between 1 and 12
2019-06-05 11:44:47,068 - VO - IT - AUTOSCOUT24 - 2019-05-01 00:00:00 - ERROR - FILE_CHECK - expect_column_values_to_be_between - MOIS - Unexpected value: 0 on line 244, value should be between 1 and 12
2019-06-05 11:44:47,068 - VO - IT - AUTOSCOUT24 - 2019-05-01 00:00:00 - ERROR - FILE_CHECK - expect_column_values_to_be_between - MOIS - Unexpected value: 0 on line 245, value should be between 1 and 12
2019-06-05 11:44:47,068 - VO - IT - AUTOSCOUT24 - 2019-05-01 00:00:00 - ERROR - FILE_CHECK - expect_column_values_to_be_between - MOIS - Unexpected value: 0 on line 247, value should be between 1 and 12
2019-06-05 11:44:47,068 - VO - IT - AUTOSCOUT24 - 2019-05-01 00:00:00 - ERROR - FILE_CHECK - expect_column_values_to_be_between - MOIS - Unexpected value: 0 on line 249, value should be between 1 and 12
2019-06-05 11:44:47,068 - VO - IT - AUTOSCOUT24 - 2019-05-01 00:00:00 - ERROR - FILE_CHECK - expect_column_values_to_be_between - MOIS - Unexpected value: 0 on line 251, value should be between 1 and 12
2019-06-05 11:44:47,068 - VO - IT - AUTOSCOUT24 - 2019-05-01 00:00:00 - ERROR - FILE_CHECK - expect_column_values_to_be_between - MOIS - Unexpected value: 0 on line 452, value should be between 1 and 12
2019-06-05 11:44:47,068 - VO - IT - AUTOSCOUT24 - 2019-05-01 00:00:00 - ERROR - FILE_CHECK - expect_column_values_to_be_between - MOIS - Unexpected value: 0 on line 453, value should be between 1 and 12
2019-06-05 11:44:47,069 - VO - IT - AUTOSCOUT24 - 2019-05-01 00:00:00 - ERROR - STAT - expect_column_values_to_be_between - MOIS - correctly filled rate (%) - 94.94
2019-06-05 11:44:47,069 - VO - IT - AUTOSCOUT24 - 2019-05-01 00:00:00 - ERROR - STAT - expect_column_values_to_match_regex - MOIS - correctly filled rate (%) - 100.0
2019-06-05 11:44:47,069 - VO - IT - AUTOSCOUT24 - 2019-05-01 00:00:00 - ERROR - STAT - expect_column_values_to_not_be_null - NOM - correctly filled rate (%) - 100.0
2019-06-05 11:44:47,069 - VO - IT - AUTOSCOUT24 - 2019-05-01 00:00:00 - ERROR - FILE_CHECK - expect_column_value_lengths_to_be_between - NOM - Unexpected characters count of: [Audi Q3...] on line  442, value length should be between 10 and 255
2019-06-05 11:44:47,069 - VO - IT - AUTOSCOUT24 - 2019-05-01 00:00:00 - ERROR - FILE_CHECK - expect_column_value_lengths_to_be_between - NOM - Unexpected characters count of: [Volvo C30...] on line  504, value length should be between 10 and 255
2019-06-05 11:44:47,069 - VO - IT - AUTOSCOUT24 - 2019-05-01 00:00:00 - ERROR - FILE_CHECK - expect_column_value_lengths_to_be_between - NOM - Unexpected characters count of: [Chatenet...] on line  508, value length should be between 10 and 255
2019-06-05 11:44:47,069 - VO - IT - AUTOSCOUT24 - 2019-05-01 00:00:00 - ERROR - FILE_CHECK - expect_column_value_lengths_to_be_between - NOM - Unexpected characters count of: [Fiat 500L...] on line  512, value length should be between 10 and 255
2019-06-05 11:44:47,069 - VO - IT - AUTOSCOUT24 - 2019-05-01 00:00:00 - ERROR - FILE_CHECK - expect_column_value_lengths_to_be_between - NOM - Unexpected characters count of: [Audi A5...] on line  615, value length should be between 10 and 255
2019-06-05 11:44:47,069 - VO - IT - AUTOSCOUT24 - 2019-05-01 00:00:00 - ERROR - FILE_CHECK - expect_column_value_lengths_to_be_between - NOM - Unexpected characters count of: [BMW 530...] on line  689, value length should be between 10 and 255
2019-06-05 11:44:47,069 - VO - IT - AUTOSCOUT24 - 2019-05-01 00:00:00 - ERROR - FILE_CHECK - expect_column_value_lengths_to_be_between - NOM - Unexpected characters count of: [Piaggio...] on line  701, value length should be between 10 and 255
2019-06-05 11:44:47,069 - VO - IT - AUTOSCOUT24 - 2019-05-01 00:00:00 - ERROR - FILE_CHECK - expect_column_value_lengths_to_be_between - NOM - Unexpected characters count of: [BMW 320...] on line  748, value length should be between 10 and 255
2019-06-05 11:44:47,069 - VO - IT - AUTOSCOUT24 - 2019-05-01 00:00:00 - ERROR - FILE_CHECK - expect_column_value_lengths_to_be_between - NOM - Unexpected characters count of: [Audi A1...] on line  1028, value length should be between 10 and 255
2019-06-05 11:44:47,069 - VO - IT - AUTOSCOUT24 - 2019-05-01 00:00:00 - ERROR - FILE_CHECK - expect_column_value_lengths_to_be_between - NOM - Unexpected characters count of: [BMW X5...] on line  1140, value length should be between 10 and 255
2019-06-05 11:44:47,069 - VO - IT - AUTOSCOUT24 - 2019-05-01 00:00:00 - ERROR - FILE_CHECK - expect_column_value_lengths_to_be_between - NOM - Unexpected characters count of: [BMW 240...] on line  1292, value length should be between 10 and 255
2019-06-05 11:44:47,069 - VO - IT - AUTOSCOUT24 - 2019-05-01 00:00:00 - ERROR - FILE_CHECK - expect_column_value_lengths_to_be_between - NOM - Unexpected characters count of: [BMW X3...] on line  1837, value length should be between 10 and 255
2019-06-05 11:44:47,069 - VO - IT - AUTOSCOUT24 - 2019-05-01 00:00:00 - ERROR - FILE_CHECK - expect_column_value_lengths_to_be_between - NOM - Unexpected characters count of: [Fiat 500L...] on line  1868, value length should be between 10 and 255
2019-06-05 11:44:47,069 - VO - IT - AUTOSCOUT24 - 2019-05-01 00:00:00 - ERROR - FILE_CHECK - expect_column_value_lengths_to_be_between - NOM - Unexpected characters count of: [Jaguar...] on line  1961, value length should be between 10 and 255
2019-06-05 11:44:47,070 - VO - IT - AUTOSCOUT24 - 2019-05-01 00:00:00 - ERROR - FILE_CHECK - expect_column_value_lengths_to_be_between - NOM - Unexpected characters count of: [Fiat 500C...] on line  2041, value length should be between 10 and 255
2019-06-05 11:44:47,070 - VO - IT - AUTOSCOUT24 - 2019-05-01 00:00:00 - ERROR - FILE_CHECK - expect_column_value_lengths_to_be_between - NOM - Unexpected characters count of: [BMW 320...] on line  2085, value length should be between 10 and 255
2019-06-05 11:44:47,070 - VO - IT - AUTOSCOUT24 - 2019-05-01 00:00:00 - ERROR - FILE_CHECK - expect_column_value_lengths_to_be_between - NOM - Unexpected characters count of: [Audi A4...] on line  2180, value length should be between 10 and 255
2019-06-05 11:44:47,070 - VO - IT - AUTOSCOUT24 - 2019-05-01 00:00:00 - ERROR - FILE_CHECK - expect_column_value_lengths_to_be_between - NOM - Unexpected characters count of: [Volvo V50...] on line  2190, value length should be between 10 and 255
2019-06-05 11:44:47,070 - VO - IT - AUTOSCOUT24 - 2019-05-01 00:00:00 - ERROR - FILE_CHECK - expect_column_value_lengths_to_be_between - NOM - Unexpected characters count of: [Fiat 500...] on line  2755, value length should be between 10 and 255
2019-06-05 11:44:47,070 - VO - IT - AUTOSCOUT24 - 2019-05-01 00:00:00 - ERROR - FILE_CHECK - expect_column_value_lengths_to_be_between - NOM - Unexpected characters count of: [Fiat 500...] on line  2762, value length should be between 10 and 255
2019-06-05 11:44:47,070 - VO - IT - AUTOSCOUT24 - 2019-05-01 00:00:00 - ERROR - STAT - expect_column_value_lengths_to_be_between - NOM - correctly filled rate (%) - 99.03
2019-06-05 11:44:47,070 - VO - IT - AUTOSCOUT24 - 2019-05-01 00:00:00 - ERROR - STAT - expect_column_values_to_not_be_null - OPTIONS - correctly filled rate (%) - 93.19
2019-06-05 11:44:47,070 - VO - IT - AUTOSCOUT24 - 2019-05-01 00:00:00 - ERROR - FILE_CHECK - expect_column_value_lengths_to_be_between - OPTIONS - Unexpected characters count of: [DEK:[2552460] RIF: 1...] on line  0, value length should be between 0 and 255
2019-06-05 11:44:47,070 - VO - IT - AUTOSCOUT24 - 2019-05-01 00:00:00 - ERROR - FILE_CHECK - expect_column_value_lengths_to_be_between - OPTIONS - Unexpected characters count of: [DEK:[2554405] RIF: 1...] on line  1, value length should be between 0 and 255
2019-06-05 11:44:47,070 - VO - IT - AUTOSCOUT24 - 2019-05-01 00:00:00 - ERROR - FILE_CHECK - expect_column_value_lengths_to_be_between - OPTIONS - Unexpected characters count of: [DEK:[2554406] RIF: 1...] on line  2, value length should be between 0 and 255
2019-06-05 11:44:47,070 - VO - IT - AUTOSCOUT24 - 2019-05-01 00:00:00 - ERROR - FILE_CHECK - expect_column_value_lengths_to_be_between - OPTIONS - Unexpected characters count of: [DEK:[2554408] RIF: 1...] on line  3, value length should be between 0 and 255
2019-06-05 11:44:47,070 - VO - IT - AUTOSCOUT24 - 2019-05-01 00:00:00 - ERROR - FILE_CHECK - expect_column_value_lengths_to_be_between - OPTIONS - Unexpected characters count of: [DEK:[2599523] RIF: 1...] on line  4, value length should be between 0 and 255
2019-06-05 11:44:47,070 - VO - IT - AUTOSCOUT24 - 2019-05-01 00:00:00 - ERROR - FILE_CHECK - expect_column_value_lengths_to_be_between - OPTIONS - Unexpected characters count of: [DEK:[2599899] RIF: 1...] on line  5, value length should be between 0 and 255
2019-06-05 11:44:47,070 - VO - IT - AUTOSCOUT24 - 2019-05-01 00:00:00 - ERROR - FILE_CHECK - expect_column_value_lengths_to_be_between - OPTIONS - Unexpected characters count of: [DEK:[2628433] RIF: N...] on line  6, value length should be between 0 and 255
2019-06-05 11:44:47,070 - VO - IT - AUTOSCOUT24 - 2019-05-01 00:00:00 - ERROR - FILE_CHECK - expect_column_value_lengths_to_be_between - OPTIONS - Unexpected characters count of: [Autovettura SKODA OC...] on line  7, value length should be between 0 and 255
2019-06-05 11:44:47,070 - VO - IT - AUTOSCOUT24 - 2019-05-01 00:00:00 - ERROR - FILE_CHECK - expect_column_value_lengths_to_be_between - OPTIONS - Unexpected characters count of: [DEK:[2628463] Fiat 5...] on line  9, value length should be between 0 and 255
2019-06-05 11:44:47,070 - VO - IT - AUTOSCOUT24 - 2019-05-01 00:00:00 - ERROR - FILE_CHECK - expect_column_value_lengths_to_be_between - OPTIONS - Unexpected characters count of: [DEK:[2628482] L&#x27...] on line  10, value length should be between 0 and 255
2019-06-05 11:44:47,071 - VO - IT - AUTOSCOUT24 - 2019-05-01 00:00:00 - ERROR - FILE_CHECK - expect_column_value_lengths_to_be_between - OPTIONS - Unexpected characters count of: [PEUGEOT 508 SW BLUEH...] on line  11, value length should be between 0 and 255
2019-06-05 11:44:47,071 - VO - IT - AUTOSCOUT24 - 2019-05-01 00:00:00 - ERROR - FILE_CHECK - expect_column_value_lengths_to_be_between - OPTIONS - Unexpected characters count of: [DEK:[1588840] Chiama...] on line  13, value length should be between 0 and 255
2019-06-05 11:44:47,071 - VO - IT - AUTOSCOUT24 - 2019-05-01 00:00:00 - ERROR - FILE_CHECK - expect_column_value_lengths_to_be_between - OPTIONS - Unexpected characters count of: [OPEL CORSA USATA PER...] on line  14, value length should be between 0 and 255
2019-06-05 11:44:47,071 - VO - IT - AUTOSCOUT24 - 2019-05-01 00:00:00 - ERROR - FILE_CHECK - expect_column_value_lengths_to_be_between - OPTIONS - Unexpected characters count of: [Vettura Italiana Uff...] on line  15, value length should be between 0 and 255
2019-06-05 11:44:47,071 - VO - IT - AUTOSCOUT24 - 2019-05-01 00:00:00 - ERROR - FILE_CHECK - expect_column_value_lengths_to_be_between - OPTIONS - Unexpected characters count of: [LANCIA MUSA 1.3 MJET...] on line  16, value length should be between 0 and 255
2019-06-05 11:44:47,071 - VO - IT - AUTOSCOUT24 - 2019-05-01 00:00:00 - ERROR - FILE_CHECK - expect_column_value_lengths_to_be_between - OPTIONS - Unexpected characters count of: [LA VETTURA E STATA C...] on line  17, value length should be between 0 and 255
2019-06-05 11:44:47,071 - VO - IT - AUTOSCOUT24 - 2019-05-01 00:00:00 - ERROR - FILE_CHECK - expect_column_value_lengths_to_be_between - OPTIONS - Unexpected characters count of: [- Cerchi in lega - B...] on line  18, value length should be between 0 and 255
2019-06-05 11:44:47,071 - VO - IT - AUTOSCOUT24 - 2019-05-01 00:00:00 - ERROR - FILE_CHECK - expect_column_value_lengths_to_be_between - OPTIONS - Unexpected characters count of: [Bellissima Kia Pican...] on line  20, value length should be between 0 and 255
2019-06-05 11:44:47,071 - VO - IT - AUTOSCOUT24 - 2019-05-01 00:00:00 - ERROR - FILE_CHECK - expect_column_value_lengths_to_be_between - OPTIONS - Unexpected characters count of: [COOPER D 112 CV BELL...] on line  21, value length should be between 0 and 255
2019-06-05 11:44:47,071 - VO - IT - AUTOSCOUT24 - 2019-05-01 00:00:00 - ERROR - FILE_CHECK - expect_column_value_lengths_to_be_between - OPTIONS - Unexpected characters count of: [Finalmente il tuo us...] on line  22, value length should be between 0 and 255
2019-06-05 11:44:47,071 - VO - IT - AUTOSCOUT24 - 2019-05-01 00:00:00 - ERROR - STAT - expect_column_value_lengths_to_be_between - OPTIONS - correctly filled rate (%) - 30.48
2019-06-05 11:44:47,071 - VO - IT - AUTOSCOUT24 - 2019-05-01 00:00:00 - ERROR - STAT - expect_column_values_to_be_in_type_list - PHOTO - correctly filled rate (%) - 100.0
2019-06-05 11:44:47,071 - VO - IT - AUTOSCOUT24 - 2019-05-01 00:00:00 - ERROR - STAT - expect_column_values_to_not_be_null - PHOTO - correctly filled rate (%) - 100.0
2019-06-05 11:44:47,071 - VO - IT - AUTOSCOUT24 - 2019-05-01 00:00:00 - ERROR - FILE_CHECK - expect_column_values_to_be_in_type_list - PLACE - Wrong type for value: 5.0 on line 0 should be in ['int']
2019-06-05 11:44:47,071 - VO - IT - AUTOSCOUT24 - 2019-05-01 00:00:00 - ERROR - FILE_CHECK - expect_column_values_to_be_in_type_list - PLACE - Wrong type for value: 5.0 on line 1 should be in ['int']
2019-06-05 11:44:47,071 - VO - IT - AUTOSCOUT24 - 2019-05-01 00:00:00 - ERROR - FILE_CHECK - expect_column_values_to_be_in_type_list - PLACE - Wrong type for value: 5.0 on line 2 should be in ['int']
2019-06-05 11:44:47,071 - VO - IT - AUTOSCOUT24 - 2019-05-01 00:00:00 - ERROR - FILE_CHECK - expect_column_values_to_be_in_type_list - PLACE - Wrong type for value: 5.0 on line 3 should be in ['int']
2019-06-05 11:44:47,072 - VO - IT - AUTOSCOUT24 - 2019-05-01 00:00:00 - ERROR - FILE_CHECK - expect_column_values_to_be_in_type_list - PLACE - Wrong type for value: 5.0 on line 4 should be in ['int']
2019-06-05 11:44:47,072 - VO - IT - AUTOSCOUT24 - 2019-05-01 00:00:00 - ERROR - FILE_CHECK - expect_column_values_to_be_in_type_list - PLACE - Wrong type for value: 5.0 on line 5 should be in ['int']
2019-06-05 11:44:47,072 - VO - IT - AUTOSCOUT24 - 2019-05-01 00:00:00 - ERROR - FILE_CHECK - expect_column_values_to_be_in_type_list - PLACE - Wrong type for value: 5.0 on line 6 should be in ['int']
2019-06-05 11:44:47,072 - VO - IT - AUTOSCOUT24 - 2019-05-01 00:00:00 - ERROR - FILE_CHECK - expect_column_values_to_be_in_type_list - PLACE - Wrong type for value: 5.0 on line 7 should be in ['int']
2019-06-05 11:44:47,072 - VO - IT - AUTOSCOUT24 - 2019-05-01 00:00:00 - ERROR - FILE_CHECK - expect_column_values_to_be_in_type_list - PLACE - Wrong type for value: 4.0 on line 8 should be in ['int']
2019-06-05 11:44:47,072 - VO - IT - AUTOSCOUT24 - 2019-05-01 00:00:00 - ERROR - FILE_CHECK - expect_column_values_to_be_in_type_list - PLACE - Wrong type for value: 4.0 on line 9 should be in ['int']
2019-06-05 11:44:47,072 - VO - IT - AUTOSCOUT24 - 2019-05-01 00:00:00 - ERROR - FILE_CHECK - expect_column_values_to_be_in_type_list - PLACE - Wrong type for value: 4.0 on line 10 should be in ['int']
2019-06-05 11:44:47,072 - VO - IT - AUTOSCOUT24 - 2019-05-01 00:00:00 - ERROR - FILE_CHECK - expect_column_values_to_be_in_type_list - PLACE - Wrong type for value: 5.0 on line 11 should be in ['int']
2019-06-05 11:44:47,072 - VO - IT - AUTOSCOUT24 - 2019-05-01 00:00:00 - ERROR - FILE_CHECK - expect_column_values_to_be_in_type_list - PLACE - Wrong type for value: 4.0 on line 12 should be in ['int']
2019-06-05 11:44:47,072 - VO - IT - AUTOSCOUT24 - 2019-05-01 00:00:00 - ERROR - FILE_CHECK - expect_column_values_to_be_in_type_list - PLACE - Wrong type for value: 5.0 on line 13 should be in ['int']
2019-06-05 11:44:47,072 - VO - IT - AUTOSCOUT24 - 2019-05-01 00:00:00 - ERROR - FILE_CHECK - expect_column_values_to_be_in_type_list - PLACE - Wrong type for value: 5.0 on line 14 should be in ['int']
2019-06-05 11:44:47,072 - VO - IT - AUTOSCOUT24 - 2019-05-01 00:00:00 - ERROR - FILE_CHECK - expect_column_values_to_be_in_type_list - PLACE - Wrong type for value: 5.0 on line 15 should be in ['int']
2019-06-05 11:44:47,072 - VO - IT - AUTOSCOUT24 - 2019-05-01 00:00:00 - ERROR - FILE_CHECK - expect_column_values_to_be_in_type_list - PLACE - Wrong type for value: 5.0 on line 16 should be in ['int']
2019-06-05 11:44:47,072 - VO - IT - AUTOSCOUT24 - 2019-05-01 00:00:00 - ERROR - FILE_CHECK - expect_column_values_to_be_in_type_list - PLACE - Wrong type for value: 5.0 on line 17 should be in ['int']
2019-06-05 11:44:47,072 - VO - IT - AUTOSCOUT24 - 2019-05-01 00:00:00 - ERROR - FILE_CHECK - expect_column_values_to_be_in_type_list - PLACE - Wrong type for value: 5.0 on line 18 should be in ['int']
2019-06-05 11:44:47,072 - VO - IT - AUTOSCOUT24 - 2019-05-01 00:00:00 - ERROR - FILE_CHECK - expect_column_values_to_be_in_type_list - PLACE - Wrong type for value: 5.0 on line 19 should be in ['int']
2019-06-05 11:44:47,073 - VO - IT - AUTOSCOUT24 - 2019-05-01 00:00:00 - ERROR - STAT - expect_column_values_to_be_in_type_list - PLACE - correctly filled rate (%) - 0.0
2019-06-05 11:44:47,073 - VO - IT - AUTOSCOUT24 - 2019-05-01 00:00:00 - ERROR - STAT - expect_column_values_to_not_be_null - PLACE - correctly filled rate (%) - 90.12
2019-06-05 11:44:47,073 - VO - IT - AUTOSCOUT24 - 2019-05-01 00:00:00 - ERROR - STAT - expect_column_values_to_not_be_null - PORTE - correctly filled rate (%) - 93.58
2019-06-05 11:44:47,073 - VO - IT - AUTOSCOUT24 - 2019-05-01 00:00:00 - ERROR - STAT - expect_column_values_to_be_in_type_list - PORTE - correctly filled rate (%) - 100.0
2019-06-05 11:44:47,073 - VO - IT - AUTOSCOUT24 - 2019-05-01 00:00:00 - ERROR - STAT - expect_column_values_to_be_in_type_list - PRIX - correctly filled rate (%) - 100.0
2019-06-05 11:44:47,073 - VO - IT - AUTOSCOUT24 - 2019-05-01 00:00:00 - ERROR - STAT - expect_column_values_to_not_be_null - PRIX - correctly filled rate (%) - 100.0
2019-06-05 11:44:47,073 - VO - IT - AUTOSCOUT24 - 2019-05-01 00:00:00 - ERROR - STAT - expect_column_values_to_not_be_null - PROVINCE - correctly filled rate (%) - 0.0
2019-06-05 11:44:47,073 - VO - IT - AUTOSCOUT24 - 2019-05-01 00:00:00 - ERROR - STAT - expect_column_values_to_not_be_null - SITE - correctly filled rate (%) - 100.0
2019-06-05 11:44:47,073 - VO - IT - AUTOSCOUT24 - 2019-05-01 00:00:00 - ERROR - STAT - expect_column_values_to_not_be_null - TELEPHONE - correctly filled rate (%) - 95.21
2019-06-05 11:44:47,073 - VO - IT - AUTOSCOUT24 - 2019-05-01 00:00:00 - ERROR - STAT - expect_column_values_to_be_phone_number - TELEPHONE - correctly filled rate (%) - 99.87
2019-06-05 11:44:47,073 - VO - IT - AUTOSCOUT24 - 2019-05-01 00:00:00 - ERROR - STAT - expect_column_values_to_not_be_null - TYPE - correctly filled rate (%) - 100.0
2019-06-05 11:44:47,073 - VO - IT - AUTOSCOUT24 - 2019-05-01 00:00:00 - ERROR - STAT - expect_column_values_to_be_in_set_2 - TYPE - observed proportion - 100.0
2019-06-05 11:44:47,073 - VO - IT - AUTOSCOUT24 - 2019-05-01 00:00:00 - ERROR - STAT - expect_column_values_to_not_be_null - VILLE - correctly filled rate (%) - 99.96
2019-06-05 11:44:47,073 - VO - IT - AUTOSCOUT24 - 2019-05-01 00:00:00 - ERROR - STAT - expect_column_values_to_not_be_null - VN_IND - correctly filled rate (%) - 14.31
2019-06-05 11:44:47,073 - VO - IT - AUTOSCOUT24 - 2019-05-01 00:00:00 - ERROR - STAT - expect_column_values_to_be_in_set - VN_IND - correctly filled rate (%) - 100.0
2019-06-05 11:44:47,073 - VO - IT - AUTOSCOUT24 - 2019-05-01 00:00:00 - ERROR - STAT - expect_returning_row_count_on_conditions - DEALER_USEDCARS - total number of row with conditions - 291724
2019-06-05 11:44:47,073 - VO - IT - AUTOSCOUT24 - 2019-05-01 00:00:00 - ERROR - STAT - expect_returning_row_count_on_conditions - PRIVATE_USEDCARS - total number of row with conditions - 136299
2019-06-05 11:44:47,074 - VO - IT - AUTOSCOUT24 - 2019-05-01 00:00:00 - ERROR - STAT - expect_returning_row_unique_count - MARQUE_CORRECTED - total number of unique rows - 155
2019-06-05 11:44:47,074 - VO - IT - AUTOSCOUT24 - 2019-05-01 00:00:00 - ERROR - STAT - expect_returning_row_unique_count - MODELE_CORRECTED - total number of unique rows - 1438
2019-06-05 11:44:47,074 - VO - IT - AUTOSCOUT24 - 2019-05-01 00:00:00 - ERROR - STAT - expect_returning_row_unique_count - CARROSSERIE - total number of unique rows - 9
2019-06-05 11:44:47,074 - VO - IT - AUTOSCOUT24 - 2019-05-01 00:00:00 - ERROR - STAT - expect_returning_row_unique_count - CARBURANT - total number of unique rows - 25
2019-06-05 11:44:47,074 - VO - IT - AUTOSCOUT24 - 2019-05-01 00:00:00 - ERROR - STAT - expect_column_values_to_not_be_null - CYLINDRE - correctly filled rate (%) - 89.85
2019-06-05 11:44:47,074 - VO - IT - AUTOSCOUT24 - 2019-05-01 00:00:00 - ERROR - FILE_CHECK - expect_column_values_to_be_in_type_list - CYLINDRE - Wrong type for value: 1560.0 on line 0 should be in ['int']
2019-06-05 11:44:47,074 - VO - IT - AUTOSCOUT24 - 2019-05-01 00:00:00 - ERROR - FILE_CHECK - expect_column_values_to_be_in_type_list - CYLINDRE - Wrong type for value: 1499.0 on line 1 should be in ['int']
2019-06-05 11:44:47,074 - VO - IT - AUTOSCOUT24 - 2019-05-01 00:00:00 - ERROR - FILE_CHECK - expect_column_values_to_be_in_type_list - CYLINDRE - Wrong type for value: 1499.0 on line 2 should be in ['int']
2019-06-05 11:44:47,074 - VO - IT - AUTOSCOUT24 - 2019-05-01 00:00:00 - ERROR - FILE_CHECK - expect_column_values_to_be_in_type_list - CYLINDRE - Wrong type for value: 1499.0 on line 3 should be in ['int']
2019-06-05 11:44:47,074 - VO - IT - AUTOSCOUT24 - 2019-05-01 00:00:00 - ERROR - FILE_CHECK - expect_column_values_to_be_in_type_list - CYLINDRE - Wrong type for value: 1598.0 on line 4 should be in ['int']
2019-06-05 11:44:47,074 - VO - IT - AUTOSCOUT24 - 2019-05-01 00:00:00 - ERROR - FILE_CHECK - expect_column_values_to_be_in_type_list - CYLINDRE - Wrong type for value: 1598.0 on line 5 should be in ['int']
2019-06-05 11:44:47,074 - VO - IT - AUTOSCOUT24 - 2019-05-01 00:00:00 - ERROR - FILE_CHECK - expect_column_values_to_be_in_type_list - CYLINDRE - Wrong type for value: 1300.0 on line 6 should be in ['int']
2019-06-05 11:44:47,074 - VO - IT - AUTOSCOUT24 - 2019-05-01 00:00:00 - ERROR - FILE_CHECK - expect_column_values_to_be_in_type_list - CYLINDRE - Wrong type for value: 1968.0 on line 7 should be in ['int']
2019-06-05 11:44:47,074 - VO - IT - AUTOSCOUT24 - 2019-05-01 00:00:00 - ERROR - FILE_CHECK - expect_column_values_to_be_in_type_list - CYLINDRE - Wrong type for value: 1248.0 on line 8 should be in ['int']
2019-06-05 11:44:47,074 - VO - IT - AUTOSCOUT24 - 2019-05-01 00:00:00 - ERROR - FILE_CHECK - expect_column_values_to_be_in_type_list - CYLINDRE - Wrong type for value: 1248.0 on line 9 should be in ['int']
2019-06-05 11:44:47,074 - VO - IT - AUTOSCOUT24 - 2019-05-01 00:00:00 - ERROR - FILE_CHECK - expect_column_values_to_be_in_type_list - CYLINDRE - Wrong type for value: 1242.0 on line 10 should be in ['int']
2019-06-05 11:44:47,074 - VO - IT - AUTOSCOUT24 - 2019-05-01 00:00:00 - ERROR - FILE_CHECK - expect_column_values_to_be_in_type_list - CYLINDRE - Wrong type for value: 1997.0 on line 11 should be in ['int']
2019-06-05 11:44:47,075 - VO - IT - AUTOSCOUT24 - 2019-05-01 00:00:00 - ERROR - FILE_CHECK - expect_column_values_to_be_in_type_list - CYLINDRE - Wrong type for value: 1328.0 on line 12 should be in ['int']
2019-06-05 11:44:47,075 - VO - IT - AUTOSCOUT24 - 2019-05-01 00:00:00 - ERROR - FILE_CHECK - expect_column_values_to_be_in_type_list - CYLINDRE - Wrong type for value: 1997.0 on line 13 should be in ['int']
2019-06-05 11:44:47,075 - VO - IT - AUTOSCOUT24 - 2019-05-01 00:00:00 - ERROR - FILE_CHECK - expect_column_values_to_be_in_type_list - CYLINDRE - Wrong type for value: 1248.0 on line 14 should be in ['int']
2019-06-05 11:44:47,075 - VO - IT - AUTOSCOUT24 - 2019-05-01 00:00:00 - ERROR - FILE_CHECK - expect_column_values_to_be_in_type_list - CYLINDRE - Wrong type for value: 2143.0 on line 15 should be in ['int']
2019-06-05 11:44:47,075 - VO - IT - AUTOSCOUT24 - 2019-05-01 00:00:00 - ERROR - FILE_CHECK - expect_column_values_to_be_in_type_list - CYLINDRE - Wrong type for value: 1248.0 on line 16 should be in ['int']
2019-06-05 11:44:47,075 - VO - IT - AUTOSCOUT24 - 2019-05-01 00:00:00 - ERROR - FILE_CHECK - expect_column_values_to_be_in_type_list - CYLINDRE - Wrong type for value: 898.0 on line 17 should be in ['int']
2019-06-05 11:44:47,075 - VO - IT - AUTOSCOUT24 - 2019-05-01 00:00:00 - ERROR - FILE_CHECK - expect_column_values_to_be_in_type_list - CYLINDRE - Wrong type for value: 1598.0 on line 18 should be in ['int']
2019-06-05 11:44:47,075 - VO - IT - AUTOSCOUT24 - 2019-05-01 00:00:00 - ERROR - FILE_CHECK - expect_column_values_to_be_in_type_list - CYLINDRE - Wrong type for value: 1499.0 on line 19 should be in ['int']
2019-06-05 11:44:47,075 - VO - IT - AUTOSCOUT24 - 2019-05-01 00:00:00 - ERROR - STAT - expect_column_values_to_be_in_type_list - CYLINDRE - correctly filled rate (%) - 0.0
2019-06-05 11:44:47,075 - VO - IT - AUTOSCOUT24 - 2019-05-01 00:00:00 - ERROR - STAT - expect_returning_row_unique_count - PROVINCE - total number of unique rows - 0
2019-06-05 11:44:47,075 - VO - IT - AUTOSCOUT24 - 2019-05-01 00:00:00 - ERROR - STAT - expect_returning_row_unique_count - VILLE - total number of unique rows - 23525
2019-06-05 11:44:47,075 - VO - IT - AUTOSCOUT24 - 2019-05-01 00:00:00 - ERROR - STAT - expect_returning_row_unique_count - DEPARTEMENT - total number of unique rows - 111
