2019-12-03 06:40:58,598 - VO - FR - ARGUS - 2019-12-01 00:00:00 - ERROR - FILE_VALIDATE - expect_file_to_be_validated - EVERY_COLUMNS - False - 0
2019-12-03 06:40:58,621 - VO - FR - ARGUS - 2019-12-01 00:00:00 - ERROR - STAT - expect_column_values_to_not_be_null - ADRESSE - correctly filled rate (%) - 80.15
2019-12-03 06:40:58,621 - VO - FR - ARGUS - 2019-12-01 00:00:00 - ERROR - FILE_VALIDATE - expect_column_values_to_not_be_null - ADRESSE - False - 0
2019-12-03 06:40:58,622 - VO - FR - ARGUS - 2019-12-01 00:00:00 - ERROR - STAT - expect_column_values_to_be_in_type_list - ANNEE - correctly filled rate (%) - 100.0
2019-12-03 06:40:58,622 - VO - FR - ARGUS - 2019-12-01 00:00:00 - ERROR - FILE_VALIDATE - expect_column_values_to_be_in_type_list - ANNEE - True - 1
2019-12-03 06:40:58,622 - VO - FR - ARGUS - 2019-12-01 00:00:00 - ERROR - FILE_CHECK - expect_column_values_to_be_between - ANNEE - Unexpected value: 0 on line 15, value should be between 1980 and 2019
2019-12-03 06:40:58,622 - VO - FR - ARGUS - 2019-12-01 00:00:00 - ERROR - FILE_CHECK - expect_column_values_to_be_between - ANNEE - Unexpected value: 0 on line 18, value should be between 1980 and 2019
2019-12-03 06:40:58,622 - VO - FR - ARGUS - 2019-12-01 00:00:00 - ERROR - FILE_CHECK - expect_column_values_to_be_between - ANNEE - Unexpected value: 0 on line 33, value should be between 1980 and 2019
2019-12-03 06:40:58,622 - VO - FR - ARGUS - 2019-12-01 00:00:00 - ERROR - FILE_CHECK - expect_column_values_to_be_between - ANNEE - Unexpected value: 0 on line 37, value should be between 1980 and 2019
2019-12-03 06:40:58,622 - VO - FR - ARGUS - 2019-12-01 00:00:00 - ERROR - FILE_CHECK - expect_column_values_to_be_between - ANNEE - Unexpected value: 0 on line 40, value should be between 1980 and 2019
2019-12-03 06:40:58,622 - VO - FR - ARGUS - 2019-12-01 00:00:00 - ERROR - FILE_CHECK - expect_column_values_to_be_between - ANNEE - Unexpected value: 0 on line 58, value should be between 1980 and 2019
2019-12-03 06:40:58,622 - VO - FR - ARGUS - 2019-12-01 00:00:00 - ERROR - FILE_CHECK - expect_column_values_to_be_between - ANNEE - Unexpected value: 0 on line 73, value should be between 1980 and 2019
2019-12-03 06:40:58,622 - VO - FR - ARGUS - 2019-12-01 00:00:00 - ERROR - FILE_CHECK - expect_column_values_to_be_between - ANNEE - Unexpected value: 0 on line 74, value should be between 1980 and 2019
2019-12-03 06:40:58,622 - VO - FR - ARGUS - 2019-12-01 00:00:00 - ERROR - FILE_CHECK - expect_column_values_to_be_between - ANNEE - Unexpected value: 0 on line 78, value should be between 1980 and 2019
2019-12-03 06:40:58,622 - VO - FR - ARGUS - 2019-12-01 00:00:00 - ERROR - FILE_CHECK - expect_column_values_to_be_between - ANNEE - Unexpected value: 0 on line 91, value should be between 1980 and 2019
2019-12-03 06:40:58,622 - VO - FR - ARGUS - 2019-12-01 00:00:00 - ERROR - FILE_CHECK - expect_column_values_to_be_between - ANNEE - Unexpected value: 0 on line 92, value should be between 1980 and 2019
2019-12-03 06:40:58,622 - VO - FR - ARGUS - 2019-12-01 00:00:00 - ERROR - FILE_CHECK - expect_column_values_to_be_between - ANNEE - Unexpected value: 0 on line 108, value should be between 1980 and 2019
2019-12-03 06:40:58,622 - VO - FR - ARGUS - 2019-12-01 00:00:00 - ERROR - FILE_CHECK - expect_column_values_to_be_between - ANNEE - Unexpected value: 0 on line 109, value should be between 1980 and 2019
2019-12-03 06:40:58,622 - VO - FR - ARGUS - 2019-12-01 00:00:00 - ERROR - FILE_CHECK - expect_column_values_to_be_between - ANNEE - Unexpected value: 0 on line 110, value should be between 1980 and 2019
2019-12-03 06:40:58,622 - VO - FR - ARGUS - 2019-12-01 00:00:00 - ERROR - FILE_CHECK - expect_column_values_to_be_between - ANNEE - Unexpected value: 0 on line 112, value should be between 1980 and 2019
2019-12-03 06:40:58,622 - VO - FR - ARGUS - 2019-12-01 00:00:00 - ERROR - FILE_CHECK - expect_column_values_to_be_between - ANNEE - Unexpected value: 0 on line 140, value should be between 1980 and 2019
2019-12-03 06:40:58,623 - VO - FR - ARGUS - 2019-12-01 00:00:00 - ERROR - FILE_CHECK - expect_column_values_to_be_between - ANNEE - Unexpected value: 0 on line 162, value should be between 1980 and 2019
2019-12-03 06:40:58,623 - VO - FR - ARGUS - 2019-12-01 00:00:00 - ERROR - FILE_CHECK - expect_column_values_to_be_between - ANNEE - Unexpected value: 0 on line 169, value should be between 1980 and 2019
2019-12-03 06:40:58,623 - VO - FR - ARGUS - 2019-12-01 00:00:00 - ERROR - FILE_CHECK - expect_column_values_to_be_between - ANNEE - Unexpected value: 0 on line 174, value should be between 1980 and 2019
2019-12-03 06:40:58,623 - VO - FR - ARGUS - 2019-12-01 00:00:00 - ERROR - FILE_CHECK - expect_column_values_to_be_between - ANNEE - Unexpected value: 0 on line 179, value should be between 1980 and 2019
2019-12-03 06:40:58,623 - VO - FR - ARGUS - 2019-12-01 00:00:00 - ERROR - STAT - expect_column_values_to_be_between - ANNEE - correctly filled rate (%) - 82.29
2019-12-03 06:40:58,623 - VO - FR - ARGUS - 2019-12-01 00:00:00 - ERROR - STAT - expect_column_values_to_be_between - ANNEE - unexpected count - 23522
2019-12-03 06:40:58,623 - VO - FR - ARGUS - 2019-12-01 00:00:00 - ERROR - FILE_VALIDATE - expect_column_values_to_be_between - ANNEE - False - 0
2019-12-03 06:40:58,623 - VO - FR - ARGUS - 2019-12-01 00:00:00 - ERROR - STAT - expect_column_values_to_not_be_null - ANNEE - correctly filled rate (%) - 100.0
2019-12-03 06:40:58,623 - VO - FR - ARGUS - 2019-12-01 00:00:00 - ERROR - FILE_VALIDATE - expect_column_values_to_not_be_null - ANNEE - True - 1
2019-12-03 06:40:58,623 - VO - FR - ARGUS - 2019-12-01 00:00:00 - ERROR - FILE_CHECK - expect_column_values_to_match_regex - ANNEE - Unexpected value: 0 on line 15, value should match regexp ^[0-9]{4}$
2019-12-03 06:40:58,623 - VO - FR - ARGUS - 2019-12-01 00:00:00 - ERROR - FILE_CHECK - expect_column_values_to_match_regex - ANNEE - Unexpected value: 0 on line 18, value should match regexp ^[0-9]{4}$
2019-12-03 06:40:58,623 - VO - FR - ARGUS - 2019-12-01 00:00:00 - ERROR - FILE_CHECK - expect_column_values_to_match_regex - ANNEE - Unexpected value: 0 on line 33, value should match regexp ^[0-9]{4}$
2019-12-03 06:40:58,623 - VO - FR - ARGUS - 2019-12-01 00:00:00 - ERROR - FILE_CHECK - expect_column_values_to_match_regex - ANNEE - Unexpected value: 0 on line 37, value should match regexp ^[0-9]{4}$
2019-12-03 06:40:58,623 - VO - FR - ARGUS - 2019-12-01 00:00:00 - ERROR - FILE_CHECK - expect_column_values_to_match_regex - ANNEE - Unexpected value: 0 on line 40, value should match regexp ^[0-9]{4}$
2019-12-03 06:40:58,623 - VO - FR - ARGUS - 2019-12-01 00:00:00 - ERROR - FILE_CHECK - expect_column_values_to_match_regex - ANNEE - Unexpected value: 0 on line 58, value should match regexp ^[0-9]{4}$
2019-12-03 06:40:58,623 - VO - FR - ARGUS - 2019-12-01 00:00:00 - ERROR - FILE_CHECK - expect_column_values_to_match_regex - ANNEE - Unexpected value: 0 on line 73, value should match regexp ^[0-9]{4}$
2019-12-03 06:40:58,623 - VO - FR - ARGUS - 2019-12-01 00:00:00 - ERROR - FILE_CHECK - expect_column_values_to_match_regex - ANNEE - Unexpected value: 0 on line 74, value should match regexp ^[0-9]{4}$
2019-12-03 06:40:58,623 - VO - FR - ARGUS - 2019-12-01 00:00:00 - ERROR - FILE_CHECK - expect_column_values_to_match_regex - ANNEE - Unexpected value: 0 on line 78, value should match regexp ^[0-9]{4}$
2019-12-03 06:40:58,624 - VO - FR - ARGUS - 2019-12-01 00:00:00 - ERROR - FILE_CHECK - expect_column_values_to_match_regex - ANNEE - Unexpected value: 0 on line 91, value should match regexp ^[0-9]{4}$
2019-12-03 06:40:58,624 - VO - FR - ARGUS - 2019-12-01 00:00:00 - ERROR - FILE_CHECK - expect_column_values_to_match_regex - ANNEE - Unexpected value: 0 on line 92, value should match regexp ^[0-9]{4}$
2019-12-03 06:40:58,624 - VO - FR - ARGUS - 2019-12-01 00:00:00 - ERROR - FILE_CHECK - expect_column_values_to_match_regex - ANNEE - Unexpected value: 0 on line 108, value should match regexp ^[0-9]{4}$
2019-12-03 06:40:58,624 - VO - FR - ARGUS - 2019-12-01 00:00:00 - ERROR - FILE_CHECK - expect_column_values_to_match_regex - ANNEE - Unexpected value: 0 on line 109, value should match regexp ^[0-9]{4}$
2019-12-03 06:40:58,624 - VO - FR - ARGUS - 2019-12-01 00:00:00 - ERROR - FILE_CHECK - expect_column_values_to_match_regex - ANNEE - Unexpected value: 0 on line 110, value should match regexp ^[0-9]{4}$
2019-12-03 06:40:58,624 - VO - FR - ARGUS - 2019-12-01 00:00:00 - ERROR - FILE_CHECK - expect_column_values_to_match_regex - ANNEE - Unexpected value: 0 on line 112, value should match regexp ^[0-9]{4}$
2019-12-03 06:40:58,624 - VO - FR - ARGUS - 2019-12-01 00:00:00 - ERROR - FILE_CHECK - expect_column_values_to_match_regex - ANNEE - Unexpected value: 0 on line 140, value should match regexp ^[0-9]{4}$
2019-12-03 06:40:58,624 - VO - FR - ARGUS - 2019-12-01 00:00:00 - ERROR - FILE_CHECK - expect_column_values_to_match_regex - ANNEE - Unexpected value: 0 on line 162, value should match regexp ^[0-9]{4}$
2019-12-03 06:40:58,624 - VO - FR - ARGUS - 2019-12-01 00:00:00 - ERROR - FILE_CHECK - expect_column_values_to_match_regex - ANNEE - Unexpected value: 0 on line 169, value should match regexp ^[0-9]{4}$
2019-12-03 06:40:58,624 - VO - FR - ARGUS - 2019-12-01 00:00:00 - ERROR - FILE_CHECK - expect_column_values_to_match_regex - ANNEE - Unexpected value: 0 on line 174, value should match regexp ^[0-9]{4}$
2019-12-03 06:40:58,624 - VO - FR - ARGUS - 2019-12-01 00:00:00 - ERROR - FILE_CHECK - expect_column_values_to_match_regex - ANNEE - Unexpected value: 0 on line 179, value should match regexp ^[0-9]{4}$
2019-12-03 06:40:58,624 - VO - FR - ARGUS - 2019-12-01 00:00:00 - ERROR - STAT - expect_column_values_to_match_regex - ANNEE - correctly filled rate (%) - 82.29
2019-12-03 06:40:58,624 - VO - FR - ARGUS - 2019-12-01 00:00:00 - ERROR - FILE_VALIDATE - expect_column_values_to_match_regex - ANNEE - False - 0
2019-12-03 06:40:58,624 - VO - FR - ARGUS - 2019-12-01 00:00:00 - ERROR - STAT - expect_column_values_to_not_be_null - ANNONCE_LINK - correctly filled rate (%) - 100.0
2019-12-03 06:40:58,624 - VO - FR - ARGUS - 2019-12-01 00:00:00 - ERROR - FILE_VALIDATE - expect_column_values_to_not_be_null - ANNONCE_LINK - True - 1
2019-12-03 06:40:58,624 - VO - FR - ARGUS - 2019-12-01 00:00:00 - ERROR - STAT - expect_column_values_to_be_unique - ANNONCE_LINK - observed proportion - 100.0
2019-12-03 06:40:58,624 - VO - FR - ARGUS - 2019-12-01 00:00:00 - ERROR - FILE_VALIDATE - expect_column_values_to_be_unique - ANNONCE_LINK - True - 1
2019-12-03 06:40:58,624 - VO - FR - ARGUS - 2019-12-01 00:00:00 - ERROR - STAT - expect_column_values_to_not_be_null - CARBURANT - correctly filled rate (%) - 87.5
2019-12-03 06:40:58,625 - VO - FR - ARGUS - 2019-12-01 00:00:00 - ERROR - FILE_VALIDATE - expect_column_values_to_not_be_null - CARBURANT - False - 0
2019-12-03 06:40:58,625 - VO - FR - ARGUS - 2019-12-01 00:00:00 - ERROR - STAT - expect_column_values_to_not_be_null - CARROSSERIE - correctly filled rate (%) - 0.0
2019-12-03 06:40:58,625 - VO - FR - ARGUS - 2019-12-01 00:00:00 - ERROR - FILE_VALIDATE - expect_column_values_to_not_be_null - CARROSSERIE - False - 0
2019-12-03 06:40:58,625 - VO - FR - ARGUS - 2019-12-01 00:00:00 - ERROR - STAT - expect_column_values_to_not_be_null - CP - correctly filled rate (%) - 82.39
2019-12-03 06:40:58,625 - VO - FR - ARGUS - 2019-12-01 00:00:00 - ERROR - FILE_VALIDATE - expect_column_values_to_not_be_null - CP - False - 0
2019-12-03 06:40:58,625 - VO - FR - ARGUS - 2019-12-01 00:00:00 - ERROR - STAT - expect_column_values_to_match_regex - CP - correctly filled rate (%) - 99.98
2019-12-03 06:40:58,625 - VO - FR - ARGUS - 2019-12-01 00:00:00 - ERROR - FILE_VALIDATE - expect_column_values_to_match_regex - CP - True - 1
2019-12-03 06:40:58,625 - VO - FR - ARGUS - 2019-12-01 00:00:00 - ERROR - STAT - expect_column_values_to_not_be_null - GARAGE_ID - correctly filled rate (%) - 82.39
2019-12-03 06:40:58,625 - VO - FR - ARGUS - 2019-12-01 00:00:00 - ERROR - FILE_VALIDATE - expect_column_values_to_not_be_null - GARAGE_ID - False - 0
2019-12-03 06:40:58,625 - VO - FR - ARGUS - 2019-12-01 00:00:00 - ERROR - STAT - expect_column_values_to_not_be_null - ID_CLIENT - correctly filled rate (%) - 100.0
2019-12-03 06:40:58,625 - VO - FR - ARGUS - 2019-12-01 00:00:00 - ERROR - FILE_VALIDATE - expect_column_values_to_not_be_null - ID_CLIENT - True - 1
2019-12-03 06:40:58,625 - VO - FR - ARGUS - 2019-12-01 00:00:00 - ERROR - STAT - expect_column_values_to_be_unique - ID_CLIENT - observed proportion - 100.0
2019-12-03 06:40:58,625 - VO - FR - ARGUS - 2019-12-01 00:00:00 - ERROR - FILE_VALIDATE - expect_column_values_to_be_unique - ID_CLIENT - True - 1
2019-12-03 06:40:58,625 - VO - FR - ARGUS - 2019-12-01 00:00:00 - ERROR - STAT - expect_returning_row_count - EVERY_COLUMNS - total number of rows - 132814
2019-12-03 06:40:58,625 - VO - FR - ARGUS - 2019-12-01 00:00:00 - ERROR - STAT - expect_column_values_to_not_be_null - IMMAT - correctly filled rate (%) - 100.0
2019-12-03 06:40:58,626 - VO - FR - ARGUS - 2019-12-01 00:00:00 - ERROR - FILE_VALIDATE - expect_column_values_to_not_be_null - IMMAT - True - 1
2019-12-03 06:40:58,626 - VO - FR - ARGUS - 2019-12-01 00:00:00 - ERROR - STAT - expect_column_values_to_be_in_type_list - KM - correctly filled rate (%) - 100.0
2019-12-03 06:40:58,626 - VO - FR - ARGUS - 2019-12-01 00:00:00 - ERROR - FILE_VALIDATE - expect_column_values_to_be_in_type_list - KM - True - 1
2019-12-03 06:40:58,626 - VO - FR - ARGUS - 2019-12-01 00:00:00 - ERROR - STAT - expect_column_values_to_not_be_null - KM - correctly filled rate (%) - 100.0
2019-12-03 06:40:58,626 - VO - FR - ARGUS - 2019-12-01 00:00:00 - ERROR - FILE_VALIDATE - expect_column_values_to_not_be_null - KM - True - 1
2019-12-03 06:40:58,626 - VO - FR - ARGUS - 2019-12-01 00:00:00 - ERROR - STAT - expect_column_values_to_be_in_type_list - LITRE - correctly filled rate (%) - 100.0
2019-12-03 06:40:58,626 - VO - FR - ARGUS - 2019-12-01 00:00:00 - ERROR - FILE_VALIDATE - expect_column_values_to_be_in_type_list - LITRE - True - 1
2019-12-03 06:40:58,626 - VO - FR - ARGUS - 2019-12-01 00:00:00 - ERROR - STAT - expect_column_values_to_not_be_null - LITRE - correctly filled rate (%) - 100.0
2019-12-03 06:40:58,626 - VO - FR - ARGUS - 2019-12-01 00:00:00 - ERROR - FILE_VALIDATE - expect_column_values_to_not_be_null - LITRE - True - 1
2019-12-03 06:40:58,626 - VO - FR - ARGUS - 2019-12-01 00:00:00 - ERROR - STAT - expect_column_values_to_not_be_null - MARQUE - correctly filled rate (%) - 100.0
2019-12-03 06:40:58,626 - VO - FR - ARGUS - 2019-12-01 00:00:00 - ERROR - FILE_VALIDATE - expect_column_values_to_not_be_null - MARQUE - True - 1
2019-12-03 06:40:58,626 - VO - FR - ARGUS - 2019-12-01 00:00:00 - ERROR - STAT - expect_column_values_to_not_be_null - MODELE - correctly filled rate (%) - 0.0
2019-12-03 06:40:58,626 - VO - FR - ARGUS - 2019-12-01 00:00:00 - ERROR - FILE_VALIDATE - expect_column_values_to_not_be_null - MODELE - False - 0
2019-12-03 06:40:58,626 - VO - FR - ARGUS - 2019-12-01 00:00:00 - ERROR - STAT - expect_column_values_to_not_be_null - MOIS - correctly filled rate (%) - 100.0
2019-12-03 06:40:58,626 - VO - FR - ARGUS - 2019-12-01 00:00:00 - ERROR - FILE_VALIDATE - expect_column_values_to_not_be_null - MOIS - True - 1
2019-12-03 06:40:58,626 - VO - FR - ARGUS - 2019-12-01 00:00:00 - ERROR - FILE_CHECK - expect_column_values_to_be_between - MOIS - Unexpected value: 0 on line 0, value should be between 1 and 12
2019-12-03 06:40:58,626 - VO - FR - ARGUS - 2019-12-01 00:00:00 - ERROR - FILE_CHECK - expect_column_values_to_be_between - MOIS - Unexpected value: 0 on line 2, value should be between 1 and 12
2019-12-03 06:40:58,626 - VO - FR - ARGUS - 2019-12-01 00:00:00 - ERROR - FILE_CHECK - expect_column_values_to_be_between - MOIS - Unexpected value: 0 on line 3, value should be between 1 and 12
2019-12-03 06:40:58,627 - VO - FR - ARGUS - 2019-12-01 00:00:00 - ERROR - FILE_CHECK - expect_column_values_to_be_between - MOIS - Unexpected value: 0 on line 4, value should be between 1 and 12
2019-12-03 06:40:58,627 - VO - FR - ARGUS - 2019-12-01 00:00:00 - ERROR - FILE_CHECK - expect_column_values_to_be_between - MOIS - Unexpected value: 0 on line 5, value should be between 1 and 12
2019-12-03 06:40:58,627 - VO - FR - ARGUS - 2019-12-01 00:00:00 - ERROR - FILE_CHECK - expect_column_values_to_be_between - MOIS - Unexpected value: 0 on line 7, value should be between 1 and 12
2019-12-03 06:40:58,627 - VO - FR - ARGUS - 2019-12-01 00:00:00 - ERROR - FILE_CHECK - expect_column_values_to_be_between - MOIS - Unexpected value: 0 on line 8, value should be between 1 and 12
2019-12-03 06:40:58,627 - VO - FR - ARGUS - 2019-12-01 00:00:00 - ERROR - FILE_CHECK - expect_column_values_to_be_between - MOIS - Unexpected value: 0 on line 9, value should be between 1 and 12
2019-12-03 06:40:58,627 - VO - FR - ARGUS - 2019-12-01 00:00:00 - ERROR - FILE_CHECK - expect_column_values_to_be_between - MOIS - Unexpected value: 0 on line 10, value should be between 1 and 12
2019-12-03 06:40:58,627 - VO - FR - ARGUS - 2019-12-01 00:00:00 - ERROR - FILE_CHECK - expect_column_values_to_be_between - MOIS - Unexpected value: 0 on line 11, value should be between 1 and 12
2019-12-03 06:40:58,627 - VO - FR - ARGUS - 2019-12-01 00:00:00 - ERROR - FILE_CHECK - expect_column_values_to_be_between - MOIS - Unexpected value: 0 on line 12, value should be between 1 and 12
2019-12-03 06:40:58,627 - VO - FR - ARGUS - 2019-12-01 00:00:00 - ERROR - FILE_CHECK - expect_column_values_to_be_between - MOIS - Unexpected value: 0 on line 14, value should be between 1 and 12
2019-12-03 06:40:58,627 - VO - FR - ARGUS - 2019-12-01 00:00:00 - ERROR - FILE_CHECK - expect_column_values_to_be_between - MOIS - Unexpected value: 0 on line 15, value should be between 1 and 12
2019-12-03 06:40:58,627 - VO - FR - ARGUS - 2019-12-01 00:00:00 - ERROR - FILE_CHECK - expect_column_values_to_be_between - MOIS - Unexpected value: 0 on line 18, value should be between 1 and 12
2019-12-03 06:40:58,627 - VO - FR - ARGUS - 2019-12-01 00:00:00 - ERROR - FILE_CHECK - expect_column_values_to_be_between - MOIS - Unexpected value: 0 on line 19, value should be between 1 and 12
2019-12-03 06:40:58,627 - VO - FR - ARGUS - 2019-12-01 00:00:00 - ERROR - FILE_CHECK - expect_column_values_to_be_between - MOIS - Unexpected value: 0 on line 21, value should be between 1 and 12
2019-12-03 06:40:58,627 - VO - FR - ARGUS - 2019-12-01 00:00:00 - ERROR - FILE_CHECK - expect_column_values_to_be_between - MOIS - Unexpected value: 0 on line 22, value should be between 1 and 12
2019-12-03 06:40:58,627 - VO - FR - ARGUS - 2019-12-01 00:00:00 - ERROR - FILE_CHECK - expect_column_values_to_be_between - MOIS - Unexpected value: 0 on line 23, value should be between 1 and 12
2019-12-03 06:40:58,627 - VO - FR - ARGUS - 2019-12-01 00:00:00 - ERROR - FILE_CHECK - expect_column_values_to_be_between - MOIS - Unexpected value: 0 on line 26, value should be between 1 and 12
2019-12-03 06:40:58,627 - VO - FR - ARGUS - 2019-12-01 00:00:00 - ERROR - FILE_CHECK - expect_column_values_to_be_between - MOIS - Unexpected value: 0 on line 27, value should be between 1 and 12
2019-12-03 06:40:58,627 - VO - FR - ARGUS - 2019-12-01 00:00:00 - ERROR - STAT - expect_column_values_to_be_between - MOIS - correctly filled rate (%) - 32.74
2019-12-03 06:40:58,627 - VO - FR - ARGUS - 2019-12-01 00:00:00 - ERROR - STAT - expect_column_values_to_be_between - MOIS - unexpected count - 89336
2019-12-03 06:40:58,628 - VO - FR - ARGUS - 2019-12-01 00:00:00 - ERROR - FILE_VALIDATE - expect_column_values_to_be_between - MOIS - False - 0
2019-12-03 06:40:58,628 - VO - FR - ARGUS - 2019-12-01 00:00:00 - ERROR - STAT - expect_column_values_to_match_regex - MOIS - correctly filled rate (%) - 100.0
2019-12-03 06:40:58,628 - VO - FR - ARGUS - 2019-12-01 00:00:00 - ERROR - FILE_VALIDATE - expect_column_values_to_match_regex - MOIS - True - 1
2019-12-03 06:40:58,628 - VO - FR - ARGUS - 2019-12-01 00:00:00 - ERROR - STAT - expect_column_values_to_not_be_null - NOM - correctly filled rate (%) - 100.0
2019-12-03 06:40:58,628 - VO - FR - ARGUS - 2019-12-01 00:00:00 - ERROR - FILE_VALIDATE - expect_column_values_to_not_be_null - NOM - True - 1
2019-12-03 06:40:58,628 - VO - FR - ARGUS - 2019-12-01 00:00:00 - ERROR - FILE_CHECK - expect_column_value_lengths_to_be_between - NOM - Unexpected characters count of: [4...] on line  116, value length should be between 10 and 255
2019-12-03 06:40:58,628 - VO - FR - ARGUS - 2019-12-01 00:00:00 - ERROR - FILE_CHECK - expect_column_value_lengths_to_be_between - NOM - Unexpected characters count of: [4...] on line  480, value length should be between 10 and 255
2019-12-03 06:40:58,628 - VO - FR - ARGUS - 2019-12-01 00:00:00 - ERROR - FILE_CHECK - expect_column_value_lengths_to_be_between - NOM - Unexpected characters count of: [4...] on line  504, value length should be between 10 and 255
2019-12-03 06:40:58,628 - VO - FR - ARGUS - 2019-12-01 00:00:00 - ERROR - FILE_CHECK - expect_column_value_lengths_to_be_between - NOM - Unexpected characters count of: [4...] on line  556, value length should be between 10 and 255
2019-12-03 06:40:58,628 - VO - FR - ARGUS - 2019-12-01 00:00:00 - ERROR - FILE_CHECK - expect_column_value_lengths_to_be_between - NOM - Unexpected characters count of: [4...] on line  617, value length should be between 10 and 255
2019-12-03 06:40:58,628 - VO - FR - ARGUS - 2019-12-01 00:00:00 - ERROR - FILE_CHECK - expect_column_value_lengths_to_be_between - NOM - Unexpected characters count of: [4...] on line  626, value length should be between 10 and 255
2019-12-03 06:40:58,628 - VO - FR - ARGUS - 2019-12-01 00:00:00 - ERROR - FILE_CHECK - expect_column_value_lengths_to_be_between - NOM - Unexpected characters count of: [4...] on line  1324, value length should be between 10 and 255
2019-12-03 06:40:58,628 - VO - FR - ARGUS - 2019-12-01 00:00:00 - ERROR - FILE_CHECK - expect_column_value_lengths_to_be_between - NOM - Unexpected characters count of: [4...] on line  1346, value length should be between 10 and 255
2019-12-03 06:40:58,628 - VO - FR - ARGUS - 2019-12-01 00:00:00 - ERROR - FILE_CHECK - expect_column_value_lengths_to_be_between - NOM - Unexpected characters count of: [4...] on line  1933, value length should be between 10 and 255
2019-12-03 06:40:58,628 - VO - FR - ARGUS - 2019-12-01 00:00:00 - ERROR - FILE_CHECK - expect_column_value_lengths_to_be_between - NOM - Unexpected characters count of: [4...] on line  1992, value length should be between 10 and 255
2019-12-03 06:40:58,628 - VO - FR - ARGUS - 2019-12-01 00:00:00 - ERROR - FILE_CHECK - expect_column_value_lengths_to_be_between - NOM - Unexpected characters count of: [4...] on line  2051, value length should be between 10 and 255
2019-12-03 06:40:58,628 - VO - FR - ARGUS - 2019-12-01 00:00:00 - ERROR - FILE_CHECK - expect_column_value_lengths_to_be_between - NOM - Unexpected characters count of: [4...] on line  2402, value length should be between 10 and 255
2019-12-03 06:40:58,628 - VO - FR - ARGUS - 2019-12-01 00:00:00 - ERROR - FILE_CHECK - expect_column_value_lengths_to_be_between - NOM - Unexpected characters count of: [4...] on line  2470, value length should be between 10 and 255
2019-12-03 06:40:58,629 - VO - FR - ARGUS - 2019-12-01 00:00:00 - ERROR - FILE_CHECK - expect_column_value_lengths_to_be_between - NOM - Unexpected characters count of: [4...] on line  2809, value length should be between 10 and 255
2019-12-03 06:40:58,629 - VO - FR - ARGUS - 2019-12-01 00:00:00 - ERROR - FILE_CHECK - expect_column_value_lengths_to_be_between - NOM - Unexpected characters count of: [4...] on line  3260, value length should be between 10 and 255
2019-12-03 06:40:58,629 - VO - FR - ARGUS - 2019-12-01 00:00:00 - ERROR - FILE_CHECK - expect_column_value_lengths_to_be_between - NOM - Unexpected characters count of: [4...] on line  3811, value length should be between 10 and 255
2019-12-03 06:40:58,629 - VO - FR - ARGUS - 2019-12-01 00:00:00 - ERROR - FILE_CHECK - expect_column_value_lengths_to_be_between - NOM - Unexpected characters count of: [4...] on line  4000, value length should be between 10 and 255
2019-12-03 06:40:58,629 - VO - FR - ARGUS - 2019-12-01 00:00:00 - ERROR - FILE_CHECK - expect_column_value_lengths_to_be_between - NOM - Unexpected characters count of: [4...] on line  4255, value length should be between 10 and 255
2019-12-03 06:40:58,629 - VO - FR - ARGUS - 2019-12-01 00:00:00 - ERROR - FILE_CHECK - expect_column_value_lengths_to_be_between - NOM - Unexpected characters count of: [4...] on line  4256, value length should be between 10 and 255
2019-12-03 06:40:58,629 - VO - FR - ARGUS - 2019-12-01 00:00:00 - ERROR - FILE_CHECK - expect_column_value_lengths_to_be_between - NOM - Unexpected characters count of: [4...] on line  4567, value length should be between 10 and 255
2019-12-03 06:40:58,629 - VO - FR - ARGUS - 2019-12-01 00:00:00 - ERROR - STAT - expect_column_value_lengths_to_be_between - NOM - correctly filled rate (%) - 99.63
2019-12-03 06:40:58,629 - VO - FR - ARGUS - 2019-12-01 00:00:00 - ERROR - FILE_VALIDATE - expect_column_value_lengths_to_be_between - NOM - False - 0
2019-12-03 06:40:58,629 - VO - FR - ARGUS - 2019-12-01 00:00:00 - ERROR - STAT - expect_column_values_to_not_be_null - OPTIONS - correctly filled rate (%) - 0.0
2019-12-03 06:40:58,629 - VO - FR - ARGUS - 2019-12-01 00:00:00 - ERROR - FILE_VALIDATE - expect_column_values_to_not_be_null - OPTIONS - False - 0
2019-12-03 06:40:58,629 - VO - FR - ARGUS - 2019-12-01 00:00:00 - ERROR - STAT - expect_column_values_to_be_in_type_list - PHOTO - correctly filled rate (%) - 100.0
2019-12-03 06:40:58,629 - VO - FR - ARGUS - 2019-12-01 00:00:00 - ERROR - FILE_VALIDATE - expect_column_values_to_be_in_type_list - PHOTO - True - 1
2019-12-03 06:40:58,629 - VO - FR - ARGUS - 2019-12-01 00:00:00 - ERROR - STAT - expect_column_values_to_not_be_null - PHOTO - correctly filled rate (%) - 100.0
2019-12-03 06:40:58,629 - VO - FR - ARGUS - 2019-12-01 00:00:00 - ERROR - FILE_VALIDATE - expect_column_values_to_not_be_null - PHOTO - True - 1
2019-12-03 06:40:58,629 - VO - FR - ARGUS - 2019-12-01 00:00:00 - ERROR - STAT - expect_column_values_to_not_be_null - PLACE - correctly filled rate (%) - 0.0
2019-12-03 06:40:58,629 - VO - FR - ARGUS - 2019-12-01 00:00:00 - ERROR - FILE_VALIDATE - expect_column_values_to_not_be_null - PLACE - False - 0
2019-12-03 06:40:58,629 - VO - FR - ARGUS - 2019-12-01 00:00:00 - ERROR - STAT - expect_column_values_to_not_be_null - PORTE - correctly filled rate (%) - 81.24
2019-12-03 06:40:58,630 - VO - FR - ARGUS - 2019-12-01 00:00:00 - ERROR - FILE_VALIDATE - expect_column_values_to_not_be_null - PORTE - False - 0
2019-12-03 06:40:58,630 - VO - FR - ARGUS - 2019-12-01 00:00:00 - ERROR - STAT - expect_column_values_to_be_in_type_list - PORTE - correctly filled rate (%) - 100.0
2019-12-03 06:40:58,630 - VO - FR - ARGUS - 2019-12-01 00:00:00 - ERROR - FILE_VALIDATE - expect_column_values_to_be_in_type_list - PORTE - True - 1
2019-12-03 06:40:58,630 - VO - FR - ARGUS - 2019-12-01 00:00:00 - ERROR - STAT - expect_column_values_to_be_in_type_list - PRIX - correctly filled rate (%) - 100.0
2019-12-03 06:40:58,630 - VO - FR - ARGUS - 2019-12-01 00:00:00 - ERROR - FILE_VALIDATE - expect_column_values_to_be_in_type_list - PRIX - True - 1
2019-12-03 06:40:58,630 - VO - FR - ARGUS - 2019-12-01 00:00:00 - ERROR - STAT - expect_column_values_to_not_be_null - PRIX - correctly filled rate (%) - 100.0
2019-12-03 06:40:58,630 - VO - FR - ARGUS - 2019-12-01 00:00:00 - ERROR - FILE_VALIDATE - expect_column_values_to_not_be_null - PRIX - True - 1
2019-12-03 06:40:58,630 - VO - FR - ARGUS - 2019-12-01 00:00:00 - ERROR - STAT - expect_column_values_to_not_be_null - PROVINCE - correctly filled rate (%) - 0.0
2019-12-03 06:40:58,630 - VO - FR - ARGUS - 2019-12-01 00:00:00 - ERROR - FILE_VALIDATE - expect_column_values_to_not_be_null - PROVINCE - False - 0
2019-12-03 06:40:58,630 - VO - FR - ARGUS - 2019-12-01 00:00:00 - ERROR - STAT - expect_column_values_to_not_be_null - SITE - correctly filled rate (%) - 100.0
2019-12-03 06:40:58,630 - VO - FR - ARGUS - 2019-12-01 00:00:00 - ERROR - FILE_VALIDATE - expect_column_values_to_not_be_null - SITE - True - 1
2019-12-03 06:40:58,630 - VO - FR - ARGUS - 2019-12-01 00:00:00 - ERROR - STAT - expect_column_values_to_not_be_null - TELEPHONE - correctly filled rate (%) - 81.19
2019-12-03 06:40:58,630 - VO - FR - ARGUS - 2019-12-01 00:00:00 - ERROR - FILE_VALIDATE - expect_column_values_to_not_be_null - TELEPHONE - False - 0
2019-12-03 06:40:58,630 - VO - FR - ARGUS - 2019-12-01 00:00:00 - ERROR - STAT - expect_column_values_to_be_phone_number - TELEPHONE - correctly filled rate (%) - 100.0
2019-12-03 06:40:58,630 - VO - FR - ARGUS - 2019-12-01 00:00:00 - ERROR - FILE_VALIDATE - expect_column_values_to_be_phone_number - TELEPHONE - True - 1
2019-12-03 06:40:58,630 - VO - FR - ARGUS - 2019-12-01 00:00:00 - ERROR - STAT - expect_column_values_to_not_be_null - TYPE - correctly filled rate (%) - 100.0
2019-12-03 06:40:58,630 - VO - FR - ARGUS - 2019-12-01 00:00:00 - ERROR - FILE_VALIDATE - expect_column_values_to_not_be_null - TYPE - True - 1
2019-12-03 06:40:58,630 - VO - FR - ARGUS - 2019-12-01 00:00:00 - ERROR - STAT - expect_column_values_to_be_in_set_2 - TYPE - observed proportion - 100.0
2019-12-03 06:40:58,631 - VO - FR - ARGUS - 2019-12-01 00:00:00 - ERROR - STAT - expect_column_values_to_not_be_null - VILLE - correctly filled rate (%) - 82.39
2019-12-03 06:40:58,631 - VO - FR - ARGUS - 2019-12-01 00:00:00 - ERROR - FILE_VALIDATE - expect_column_values_to_not_be_null - VILLE - False - 0
2019-12-03 06:40:58,631 - VO - FR - ARGUS - 2019-12-01 00:00:00 - ERROR - STAT - expect_column_values_to_not_be_null - VN_IND - correctly filled rate (%) - 100.0
2019-12-03 06:40:58,631 - VO - FR - ARGUS - 2019-12-01 00:00:00 - ERROR - FILE_VALIDATE - expect_column_values_to_not_be_null - VN_IND - True - 1
2019-12-03 06:40:58,631 - VO - FR - ARGUS - 2019-12-01 00:00:00 - ERROR - STAT - expect_column_values_to_be_in_set - VN_IND - correctly filled rate (%) - 100.0
2019-12-03 06:40:58,631 - VO - FR - ARGUS - 2019-12-01 00:00:00 - ERROR - FILE_VALIDATE - expect_column_values_to_be_in_set - VN_IND - True - 1
2019-12-03 06:40:58,631 - VO - FR - ARGUS - 2019-12-01 00:00:00 - ERROR - STAT - expect_returning_row_count_on_conditions - DEALER_USEDCARS - total number of row with conditions - 132814
2019-12-03 06:40:58,631 - VO - FR - ARGUS - 2019-12-01 00:00:00 - ERROR - STAT - expect_returning_row_count_on_conditions - PRIVATE_USEDCARS - total number of row with conditions - 0
2019-12-03 06:40:58,631 - VO - FR - ARGUS - 2019-12-01 00:00:00 - ERROR - STAT - expect_returning_row_unique_count - MARQUE_CORRECTED - total number of unique rows - 70
2019-12-03 06:40:58,631 - VO - FR - ARGUS - 2019-12-01 00:00:00 - ERROR - STAT - expect_returning_row_unique_count - MODELE_CORRECTED - total number of unique rows - 714
2019-12-03 06:40:58,631 - VO - FR - ARGUS - 2019-12-01 00:00:00 - ERROR - STAT - expect_returning_row_unique_count - CARROSSERIE - total number of unique rows - 0
2019-12-03 06:40:58,631 - VO - FR - ARGUS - 2019-12-01 00:00:00 - ERROR - STAT - expect_returning_row_unique_count - CARBURANT - total number of unique rows - 7
2019-12-03 06:40:58,631 - VO - FR - ARGUS - 2019-12-01 00:00:00 - ERROR - STAT - expect_column_values_to_not_be_null - CYLINDRE - correctly filled rate (%) - 43.69
2019-12-03 06:40:58,631 - VO - FR - ARGUS - 2019-12-01 00:00:00 - ERROR - FILE_VALIDATE - expect_column_values_to_not_be_null - CYLINDRE - False - 0
2019-12-03 06:40:58,631 - VO - FR - ARGUS - 2019-12-01 00:00:00 - ERROR - FILE_CHECK - expect_column_values_to_be_in_type_list - CYLINDRE - Wrong type for value: 2.3 on line 1 should be in ['int']
2019-12-03 06:40:58,631 - VO - FR - ARGUS - 2019-12-01 00:00:00 - ERROR - FILE_CHECK - expect_column_values_to_be_in_type_list - CYLINDRE - Wrong type for value: 1.4 on line 4 should be in ['int']
2019-12-03 06:40:58,631 - VO - FR - ARGUS - 2019-12-01 00:00:00 - ERROR - FILE_CHECK - expect_column_values_to_be_in_type_list - CYLINDRE - Wrong type for value: 1.2 on line 10 should be in ['int']
2019-12-03 06:40:58,631 - VO - FR - ARGUS - 2019-12-01 00:00:00 - ERROR - FILE_CHECK - expect_column_values_to_be_in_type_list - CYLINDRE - Wrong type for value: 1.6 on line 13 should be in ['int']
2019-12-03 06:40:58,631 - VO - FR - ARGUS - 2019-12-01 00:00:00 - ERROR - FILE_CHECK - expect_column_values_to_be_in_type_list - CYLINDRE - Wrong type for value: 1.5 on line 16 should be in ['int']
2019-12-03 06:40:58,632 - VO - FR - ARGUS - 2019-12-01 00:00:00 - ERROR - FILE_CHECK - expect_column_values_to_be_in_type_list - CYLINDRE - Wrong type for value: 1.6 on line 17 should be in ['int']
2019-12-03 06:40:58,632 - VO - FR - ARGUS - 2019-12-01 00:00:00 - ERROR - FILE_CHECK - expect_column_values_to_be_in_type_list - CYLINDRE - Wrong type for value: 1.3 on line 19 should be in ['int']
2019-12-03 06:40:58,632 - VO - FR - ARGUS - 2019-12-01 00:00:00 - ERROR - FILE_CHECK - expect_column_values_to_be_in_type_list - CYLINDRE - Wrong type for value: 1.2 on line 20 should be in ['int']
2019-12-03 06:40:58,632 - VO - FR - ARGUS - 2019-12-01 00:00:00 - ERROR - FILE_CHECK - expect_column_values_to_be_in_type_list - CYLINDRE - Wrong type for value: 1.5 on line 22 should be in ['int']
2019-12-03 06:40:58,632 - VO - FR - ARGUS - 2019-12-01 00:00:00 - ERROR - FILE_CHECK - expect_column_values_to_be_in_type_list - CYLINDRE - Wrong type for value: 1.5 on line 24 should be in ['int']
2019-12-03 06:40:58,632 - VO - FR - ARGUS - 2019-12-01 00:00:00 - ERROR - FILE_CHECK - expect_column_values_to_be_in_type_list - CYLINDRE - Wrong type for value: 1.6 on line 25 should be in ['int']
2019-12-03 06:40:58,632 - VO - FR - ARGUS - 2019-12-01 00:00:00 - ERROR - FILE_CHECK - expect_column_values_to_be_in_type_list - CYLINDRE - Wrong type for value: 1.5 on line 30 should be in ['int']
2019-12-03 06:40:58,632 - VO - FR - ARGUS - 2019-12-01 00:00:00 - ERROR - FILE_CHECK - expect_column_values_to_be_in_type_list - CYLINDRE - Wrong type for value: 1.0 on line 31 should be in ['int']
2019-12-03 06:40:58,632 - VO - FR - ARGUS - 2019-12-01 00:00:00 - ERROR - FILE_CHECK - expect_column_values_to_be_in_type_list - CYLINDRE - Wrong type for value: 2.0 on line 41 should be in ['int']
2019-12-03 06:40:58,632 - VO - FR - ARGUS - 2019-12-01 00:00:00 - ERROR - FILE_CHECK - expect_column_values_to_be_in_type_list - CYLINDRE - Wrong type for value: 1.0 on line 43 should be in ['int']
2019-12-03 06:40:58,632 - VO - FR - ARGUS - 2019-12-01 00:00:00 - ERROR - FILE_CHECK - expect_column_values_to_be_in_type_list - CYLINDRE - Wrong type for value: 1.0 on line 44 should be in ['int']
2019-12-03 06:40:58,632 - VO - FR - ARGUS - 2019-12-01 00:00:00 - ERROR - FILE_CHECK - expect_column_values_to_be_in_type_list - CYLINDRE - Wrong type for value: 2.0 on line 45 should be in ['int']
2019-12-03 06:40:58,632 - VO - FR - ARGUS - 2019-12-01 00:00:00 - ERROR - FILE_CHECK - expect_column_values_to_be_in_type_list - CYLINDRE - Wrong type for value: 1.5 on line 48 should be in ['int']
2019-12-03 06:40:58,632 - VO - FR - ARGUS - 2019-12-01 00:00:00 - ERROR - FILE_CHECK - expect_column_values_to_be_in_type_list - CYLINDRE - Wrong type for value: 1.5 on line 50 should be in ['int']
2019-12-03 06:40:58,632 - VO - FR - ARGUS - 2019-12-01 00:00:00 - ERROR - FILE_CHECK - expect_column_values_to_be_in_type_list - CYLINDRE - Wrong type for value: 1.2 on line 51 should be in ['int']
2019-12-03 06:40:58,632 - VO - FR - ARGUS - 2019-12-01 00:00:00 - ERROR - STAT - expect_column_values_to_be_in_type_list - CYLINDRE - correctly filled rate (%) - 0.0
2019-12-03 06:40:58,632 - VO - FR - ARGUS - 2019-12-01 00:00:00 - ERROR - FILE_VALIDATE - expect_column_values_to_be_in_type_list - CYLINDRE - False - 0
2019-12-03 06:40:58,632 - VO - FR - ARGUS - 2019-12-01 00:00:00 - ERROR - STAT - expect_returning_row_unique_count - PROVINCE - total number of unique rows - 0
2019-12-03 06:40:58,633 - VO - FR - ARGUS - 2019-12-01 00:00:00 - ERROR - STAT - expect_returning_row_unique_count - VILLE - total number of unique rows - 1240
2019-12-03 06:40:58,633 - VO - FR - ARGUS - 2019-12-01 00:00:00 - ERROR - STAT - expect_returning_row_unique_count - DEPARTEMENT - total number of unique rows - 96
