2019-08-30 13:13:52,513 - CAMION - BE - MOBILEDE - 2019-06-01 00:00:00 - ERROR - STAT - expect_column_values_to_not_be_null - ADRESSE - correctly filled rate (%) - 99.68
2019-08-30 13:13:52,513 - CAMION - BE - MOBILEDE - 2019-06-01 00:00:00 - ERROR - STAT - expect_column_values_to_be_in_type_list - ANNEE - correctly filled rate (%) - 100.0
2019-08-30 13:13:52,513 - CAMION - BE - MOBILEDE - 2019-06-01 00:00:00 - ERROR - STAT - expect_column_values_to_be_between - ANNEE - correctly filled rate (%) - 98.6
2019-08-30 13:13:52,513 - CAMION - BE - MOBILEDE - 2019-06-01 00:00:00 - ERROR - STAT - expect_column_values_to_not_be_null - ANNEE - correctly filled rate (%) - 100.0
2019-08-30 13:13:52,513 - CAMION - BE - MOBILEDE - 2019-06-01 00:00:00 - ERROR - FILE_CHECK - expect_column_values_to_match_regex - ANNEE - Unexpected value: 0 on line 382, value should match regexp ^[0-9]{4}$
2019-08-30 13:13:52,513 - CAMION - BE - MOBILEDE - 2019-06-01 00:00:00 - ERROR - FILE_CHECK - expect_column_values_to_match_regex - ANNEE - Unexpected value: 0 on line 714, value should match regexp ^[0-9]{4}$
2019-08-30 13:13:52,513 - CAMION - BE - MOBILEDE - 2019-06-01 00:00:00 - ERROR - FILE_CHECK - expect_column_values_to_match_regex - ANNEE - Unexpected value: 0 on line 754, value should match regexp ^[0-9]{4}$
2019-08-30 13:13:52,513 - CAMION - BE - MOBILEDE - 2019-06-01 00:00:00 - ERROR - FILE_CHECK - expect_column_values_to_match_regex - ANNEE - Unexpected value: 0 on line 856, value should match regexp ^[0-9]{4}$
2019-08-30 13:13:52,514 - CAMION - BE - MOBILEDE - 2019-06-01 00:00:00 - ERROR - FILE_CHECK - expect_column_values_to_match_regex - ANNEE - Unexpected value: 0 on line 969, value should match regexp ^[0-9]{4}$
2019-08-30 13:13:52,514 - CAMION - BE - MOBILEDE - 2019-06-01 00:00:00 - ERROR - FILE_CHECK - expect_column_values_to_match_regex - ANNEE - Unexpected value: 0 on line 1114, value should match regexp ^[0-9]{4}$
2019-08-30 13:13:52,514 - CAMION - BE - MOBILEDE - 2019-06-01 00:00:00 - ERROR - FILE_CHECK - expect_column_values_to_match_regex - ANNEE - Unexpected value: 0 on line 1267, value should match regexp ^[0-9]{4}$
2019-08-30 13:13:52,514 - CAMION - BE - MOBILEDE - 2019-06-01 00:00:00 - ERROR - FILE_CHECK - expect_column_values_to_match_regex - ANNEE - Unexpected value: 0 on line 1288, value should match regexp ^[0-9]{4}$
2019-08-30 13:13:52,514 - CAMION - BE - MOBILEDE - 2019-06-01 00:00:00 - ERROR - FILE_CHECK - expect_column_values_to_match_regex - ANNEE - Unexpected value: 0 on line 1758, value should match regexp ^[0-9]{4}$
2019-08-30 13:13:52,514 - CAMION - BE - MOBILEDE - 2019-06-01 00:00:00 - ERROR - FILE_CHECK - expect_column_values_to_match_regex - ANNEE - Unexpected value: 0 on line 1812, value should match regexp ^[0-9]{4}$
2019-08-30 13:13:52,514 - CAMION - BE - MOBILEDE - 2019-06-01 00:00:00 - ERROR - FILE_CHECK - expect_column_values_to_match_regex - ANNEE - Unexpected value: 0 on line 2222, value should match regexp ^[0-9]{4}$
2019-08-30 13:13:52,514 - CAMION - BE - MOBILEDE - 2019-06-01 00:00:00 - ERROR - FILE_CHECK - expect_column_values_to_match_regex - ANNEE - Unexpected value: 0 on line 2491, value should match regexp ^[0-9]{4}$
2019-08-30 13:13:52,514 - CAMION - BE - MOBILEDE - 2019-06-01 00:00:00 - ERROR - FILE_CHECK - expect_column_values_to_match_regex - ANNEE - Unexpected value: 0 on line 3066, value should match regexp ^[0-9]{4}$
2019-08-30 13:13:52,514 - CAMION - BE - MOBILEDE - 2019-06-01 00:00:00 - ERROR - FILE_CHECK - expect_column_values_to_match_regex - ANNEE - Unexpected value: 0 on line 3455, value should match regexp ^[0-9]{4}$
2019-08-30 13:13:52,514 - CAMION - BE - MOBILEDE - 2019-06-01 00:00:00 - ERROR - FILE_CHECK - expect_column_values_to_match_regex - ANNEE - Unexpected value: 0 on line 3483, value should match regexp ^[0-9]{4}$
2019-08-30 13:13:52,514 - CAMION - BE - MOBILEDE - 2019-06-01 00:00:00 - ERROR - FILE_CHECK - expect_column_values_to_match_regex - ANNEE - Unexpected value: 0 on line 3527, value should match regexp ^[0-9]{4}$
2019-08-30 13:13:52,514 - CAMION - BE - MOBILEDE - 2019-06-01 00:00:00 - ERROR - FILE_CHECK - expect_column_values_to_match_regex - ANNEE - Unexpected value: 0 on line 3567, value should match regexp ^[0-9]{4}$
2019-08-30 13:13:52,514 - CAMION - BE - MOBILEDE - 2019-06-01 00:00:00 - ERROR - FILE_CHECK - expect_column_values_to_match_regex - ANNEE - Unexpected value: 0 on line 3592, value should match regexp ^[0-9]{4}$
2019-08-30 13:13:52,514 - CAMION - BE - MOBILEDE - 2019-06-01 00:00:00 - ERROR - FILE_CHECK - expect_column_values_to_match_regex - ANNEE - Unexpected value: 0 on line 3609, value should match regexp ^[0-9]{4}$
2019-08-30 13:13:52,514 - CAMION - BE - MOBILEDE - 2019-06-01 00:00:00 - ERROR - FILE_CHECK - expect_column_values_to_match_regex - ANNEE - Unexpected value: 0 on line 3628, value should match regexp ^[0-9]{4}$
2019-08-30 13:13:52,514 - CAMION - BE - MOBILEDE - 2019-06-01 00:00:00 - ERROR - STAT - expect_column_values_to_match_regex - ANNEE - correctly filled rate (%) - 99.46
2019-08-30 13:13:52,514 - CAMION - BE - MOBILEDE - 2019-06-01 00:00:00 - ERROR - STAT - expect_column_values_to_not_be_null - ANNONCE_LINK - correctly filled rate (%) - 100.0
2019-08-30 13:13:52,515 - CAMION - BE - MOBILEDE - 2019-06-01 00:00:00 - ERROR - STAT - expect_column_values_to_be_unique - ANNONCE_LINK - observed proportion - 100.0
2019-08-30 13:13:52,515 - CAMION - BE - MOBILEDE - 2019-06-01 00:00:00 - ERROR - STAT - expect_column_values_to_not_be_null - CARBURANT - correctly filled rate (%) - 57.34
2019-08-30 13:13:52,515 - CAMION - BE - MOBILEDE - 2019-06-01 00:00:00 - ERROR - STAT - expect_column_values_to_not_be_null - CARROSSERIE - correctly filled rate (%) - 100.0
2019-08-30 13:13:52,515 - CAMION - BE - MOBILEDE - 2019-06-01 00:00:00 - ERROR - STAT - expect_column_values_to_not_be_null - CP - correctly filled rate (%) - 100.0
2019-08-30 13:13:52,515 - CAMION - BE - MOBILEDE - 2019-06-01 00:00:00 - ERROR - STAT - expect_column_values_to_match_regex - CP - correctly filled rate (%) - 100.0
2019-08-30 13:13:52,515 - CAMION - BE - MOBILEDE - 2019-06-01 00:00:00 - ERROR - STAT - expect_column_values_to_not_be_null - GARAGE_ID - correctly filled rate (%) - 98.71
2019-08-30 13:13:52,515 - CAMION - BE - MOBILEDE - 2019-06-01 00:00:00 - ERROR - STAT - expect_column_values_to_not_be_null - ID_CLIENT - correctly filled rate (%) - 100.0
2019-08-30 13:13:52,515 - CAMION - BE - MOBILEDE - 2019-06-01 00:00:00 - ERROR - STAT - expect_column_values_to_be_unique - ID_CLIENT - observed proportion - 100.0
2019-08-30 13:13:52,515 - CAMION - BE - MOBILEDE - 2019-06-01 00:00:00 - ERROR - STAT - expect_returning_row_count - EVERY_COLUMNS - total number of rows - 3711
2019-08-30 13:13:52,515 - CAMION - BE - MOBILEDE - 2019-06-01 00:00:00 - ERROR - STAT - expect_column_values_to_not_be_null - IMMAT - correctly filled rate (%) - 100.0
2019-08-30 13:13:52,515 - CAMION - BE - MOBILEDE - 2019-06-01 00:00:00 - ERROR - STAT - expect_column_values_to_be_in_type_list - KM - correctly filled rate (%) - 100.0
2019-08-30 13:13:52,515 - CAMION - BE - MOBILEDE - 2019-06-01 00:00:00 - ERROR - STAT - expect_column_values_to_not_be_null - KM - correctly filled rate (%) - 100.0
2019-08-30 13:13:52,515 - CAMION - BE - MOBILEDE - 2019-06-01 00:00:00 - ERROR - STAT - expect_column_values_to_be_in_type_list - LITRE - correctly filled rate (%) - 100.0
2019-08-30 13:13:52,515 - CAMION - BE - MOBILEDE - 2019-06-01 00:00:00 - ERROR - STAT - expect_column_values_to_not_be_null - LITRE - correctly filled rate (%) - 100.0
2019-08-30 13:13:52,515 - CAMION - BE - MOBILEDE - 2019-06-01 00:00:00 - ERROR - STAT - expect_column_values_to_not_be_null - MARQUE - correctly filled rate (%) - 100.0
2019-08-30 13:13:52,515 - CAMION - BE - MOBILEDE - 2019-06-01 00:00:00 - ERROR - STAT - expect_column_values_to_not_be_null - MODELE - correctly filled rate (%) - 0.0
2019-08-30 13:13:52,515 - CAMION - BE - MOBILEDE - 2019-06-01 00:00:00 - ERROR - STAT - expect_column_values_to_not_be_null - NOM - correctly filled rate (%) - 100.0
2019-08-30 13:13:52,516 - CAMION - BE - MOBILEDE - 2019-06-01 00:00:00 - ERROR - FILE_CHECK - expect_column_value_lengths_to_be_between - NOM - Unexpected characters count of: [FL 6 220...] on line  0, value length should be between 10 and 255
2019-08-30 13:13:52,516 - CAMION - BE - MOBILEDE - 2019-06-01 00:00:00 - ERROR - FILE_CHECK - expect_column_value_lengths_to_be_between - NOM - Unexpected characters count of: [Berlingo...] on line  2, value length should be between 10 and 255
2019-08-30 13:13:52,516 - CAMION - BE - MOBILEDE - 2019-06-01 00:00:00 - ERROR - FILE_CHECK - expect_column_value_lengths_to_be_between - NOM - Unexpected characters count of: [CF 85 410...] on line  4, value length should be between 10 and 255
2019-08-30 13:13:52,516 - CAMION - BE - MOBILEDE - 2019-06-01 00:00:00 - ERROR - FILE_CHECK - expect_column_value_lengths_to_be_between - NOM - Unexpected characters count of: [19.240...] on line  9, value length should be between 10 and 255
2019-08-30 13:13:52,516 - CAMION - BE - MOBILEDE - 2019-06-01 00:00:00 - ERROR - FILE_CHECK - expect_column_value_lengths_to_be_between - NOM - Unexpected characters count of: [KX 080-4...] on line  10, value length should be between 10 and 255
2019-08-30 13:13:52,516 - CAMION - BE - MOBILEDE - 2019-06-01 00:00:00 - ERROR - FILE_CHECK - expect_column_value_lengths_to_be_between - NOM - Unexpected characters count of: [Citan...] on line  21, value length should be between 10 and 255
2019-08-30 13:13:52,516 - CAMION - BE - MOBILEDE - 2019-06-01 00:00:00 - ERROR - FILE_CHECK - expect_column_value_lengths_to_be_between - NOM - Unexpected characters count of: [RT540E...] on line  24, value length should be between 10 and 255
2019-08-30 13:13:52,516 - CAMION - BE - MOBILEDE - 2019-06-01 00:00:00 - ERROR - FILE_CHECK - expect_column_value_lengths_to_be_between - NOM - Unexpected characters count of: [Vito 114...] on line  26, value length should be between 10 and 255
2019-08-30 13:13:52,516 - CAMION - BE - MOBILEDE - 2019-06-01 00:00:00 - ERROR - FILE_CHECK - expect_column_value_lengths_to_be_between - NOM - Unexpected characters count of: [PREMIUM...] on line  37, value length should be between 10 and 255
2019-08-30 13:13:52,516 - CAMION - BE - MOBILEDE - 2019-06-01 00:00:00 - ERROR - FILE_CHECK - expect_column_value_lengths_to_be_between - NOM - Unexpected characters count of: [Fiorino...] on line  43, value length should be between 10 and 255
2019-08-30 13:13:52,516 - CAMION - BE - MOBILEDE - 2019-06-01 00:00:00 - ERROR - FILE_CHECK - expect_column_value_lengths_to_be_between - NOM - Unexpected characters count of: [3B0026...] on line  49, value length should be between 10 and 255
2019-08-30 13:13:52,516 - CAMION - BE - MOBILEDE - 2019-06-01 00:00:00 - ERROR - FILE_CHECK - expect_column_value_lengths_to_be_between - NOM - Unexpected characters count of: [ZX 180 W...] on line  60, value length should be between 10 and 255
2019-08-30 13:13:52,516 - CAMION - BE - MOBILEDE - 2019-06-01 00:00:00 - ERROR - FILE_CHECK - expect_column_value_lengths_to_be_between - NOM - Unexpected characters count of: [1832 K...] on line  62, value length should be between 10 and 255
2019-08-30 13:13:52,516 - CAMION - BE - MOBILEDE - 2019-06-01 00:00:00 - ERROR - FILE_CHECK - expect_column_value_lengths_to_be_between - NOM - Unexpected characters count of: [FH40...] on line  66, value length should be between 10 and 255
2019-08-30 13:13:52,516 - CAMION - BE - MOBILEDE - 2019-06-01 00:00:00 - ERROR - FILE_CHECK - expect_column_value_lengths_to_be_between - NOM - Unexpected characters count of: [Kerax 385...] on line  84, value length should be between 10 and 255
2019-08-30 13:13:52,516 - CAMION - BE - MOBILEDE - 2019-06-01 00:00:00 - ERROR - FILE_CHECK - expect_column_value_lengths_to_be_between - NOM - Unexpected characters count of: [Flatbed...] on line  93, value length should be between 10 and 255
2019-08-30 13:13:52,516 - CAMION - BE - MOBILEDE - 2019-06-01 00:00:00 - ERROR - FILE_CHECK - expect_column_value_lengths_to_be_between - NOM - Unexpected characters count of: [CF 330...] on line  104, value length should be between 10 and 255
2019-08-30 13:13:52,516 - CAMION - BE - MOBILEDE - 2019-06-01 00:00:00 - ERROR - FILE_CHECK - expect_column_value_lengths_to_be_between - NOM - Unexpected characters count of: [Oplegger...] on line  105, value length should be between 10 and 255
2019-08-30 13:13:52,517 - CAMION - BE - MOBILEDE - 2019-06-01 00:00:00 - ERROR - FILE_CHECK - expect_column_value_lengths_to_be_between - NOM - Unexpected characters count of: [150...] on line  108, value length should be between 10 and 255
2019-08-30 13:13:52,517 - CAMION - BE - MOBILEDE - 2019-06-01 00:00:00 - ERROR - FILE_CHECK - expect_column_value_lengths_to_be_between - NOM - Unexpected characters count of: [3369 LE...] on line  109, value length should be between 10 and 255
2019-08-30 13:13:52,517 - CAMION - BE - MOBILEDE - 2019-06-01 00:00:00 - ERROR - STAT - expect_column_value_lengths_to_be_between - NOM - correctly filled rate (%) - 85.15
2019-08-30 13:13:52,517 - CAMION - BE - MOBILEDE - 2019-06-01 00:00:00 - ERROR - STAT - expect_column_values_to_not_be_null - OPTIONS - correctly filled rate (%) - 84.83
2019-08-30 13:13:52,517 - CAMION - BE - MOBILEDE - 2019-06-01 00:00:00 - ERROR - STAT - expect_column_value_lengths_to_be_between - OPTIONS - correctly filled rate (%) - 100.0
2019-08-30 13:13:52,517 - CAMION - BE - MOBILEDE - 2019-06-01 00:00:00 - ERROR - STAT - expect_column_values_to_be_in_type_list - PHOTO - correctly filled rate (%) - 100.0
2019-08-30 13:13:52,517 - CAMION - BE - MOBILEDE - 2019-06-01 00:00:00 - ERROR - STAT - expect_column_values_to_not_be_null - PHOTO - correctly filled rate (%) - 100.0
2019-08-30 13:13:52,517 - CAMION - BE - MOBILEDE - 2019-06-01 00:00:00 - ERROR - FILE_CHECK - expect_column_values_to_be_in_type_list - PLACE - Wrong type for value: 3.0 on line 1 should be in ['int']
2019-08-30 13:13:52,517 - CAMION - BE - MOBILEDE - 2019-06-01 00:00:00 - ERROR - FILE_CHECK - expect_column_values_to_be_in_type_list - PLACE - Wrong type for value: 2.0 on line 26 should be in ['int']
2019-08-30 13:13:52,517 - CAMION - BE - MOBILEDE - 2019-06-01 00:00:00 - ERROR - FILE_CHECK - expect_column_values_to_be_in_type_list - PLACE - Wrong type for value: 3.0 on line 27 should be in ['int']
2019-08-30 13:13:52,517 - CAMION - BE - MOBILEDE - 2019-06-01 00:00:00 - ERROR - FILE_CHECK - expect_column_values_to_be_in_type_list - PLACE - Wrong type for value: 3.0 on line 55 should be in ['int']
2019-08-30 13:13:52,517 - CAMION - BE - MOBILEDE - 2019-06-01 00:00:00 - ERROR - FILE_CHECK - expect_column_values_to_be_in_type_list - PLACE - Wrong type for value: 3.0 on line 107 should be in ['int']
2019-08-30 13:13:52,517 - CAMION - BE - MOBILEDE - 2019-06-01 00:00:00 - ERROR - FILE_CHECK - expect_column_values_to_be_in_type_list - PLACE - Wrong type for value: 3.0 on line 117 should be in ['int']
2019-08-30 13:13:52,517 - CAMION - BE - MOBILEDE - 2019-06-01 00:00:00 - ERROR - FILE_CHECK - expect_column_values_to_be_in_type_list - PLACE - Wrong type for value: 3.0 on line 125 should be in ['int']
2019-08-30 13:13:52,517 - CAMION - BE - MOBILEDE - 2019-06-01 00:00:00 - ERROR - FILE_CHECK - expect_column_values_to_be_in_type_list - PLACE - Wrong type for value: 2.0 on line 132 should be in ['int']
2019-08-30 13:13:52,517 - CAMION - BE - MOBILEDE - 2019-06-01 00:00:00 - ERROR - FILE_CHECK - expect_column_values_to_be_in_type_list - PLACE - Wrong type for value: 2.0 on line 143 should be in ['int']
2019-08-30 13:13:52,517 - CAMION - BE - MOBILEDE - 2019-06-01 00:00:00 - ERROR - FILE_CHECK - expect_column_values_to_be_in_type_list - PLACE - Wrong type for value: 3.0 on line 163 should be in ['int']
2019-08-30 13:13:52,517 - CAMION - BE - MOBILEDE - 2019-06-01 00:00:00 - ERROR - FILE_CHECK - expect_column_values_to_be_in_type_list - PLACE - Wrong type for value: 7.0 on line 170 should be in ['int']
2019-08-30 13:13:52,518 - CAMION - BE - MOBILEDE - 2019-06-01 00:00:00 - ERROR - FILE_CHECK - expect_column_values_to_be_in_type_list - PLACE - Wrong type for value: 3.0 on line 178 should be in ['int']
2019-08-30 13:13:52,518 - CAMION - BE - MOBILEDE - 2019-06-01 00:00:00 - ERROR - FILE_CHECK - expect_column_values_to_be_in_type_list - PLACE - Wrong type for value: 6.0 on line 189 should be in ['int']
2019-08-30 13:13:52,518 - CAMION - BE - MOBILEDE - 2019-06-01 00:00:00 - ERROR - FILE_CHECK - expect_column_values_to_be_in_type_list - PLACE - Wrong type for value: 2.0 on line 190 should be in ['int']
2019-08-30 13:13:52,518 - CAMION - BE - MOBILEDE - 2019-06-01 00:00:00 - ERROR - FILE_CHECK - expect_column_values_to_be_in_type_list - PLACE - Wrong type for value: 6.0 on line 194 should be in ['int']
2019-08-30 13:13:52,518 - CAMION - BE - MOBILEDE - 2019-06-01 00:00:00 - ERROR - FILE_CHECK - expect_column_values_to_be_in_type_list - PLACE - Wrong type for value: 5.0 on line 217 should be in ['int']
2019-08-30 13:13:52,518 - CAMION - BE - MOBILEDE - 2019-06-01 00:00:00 - ERROR - FILE_CHECK - expect_column_values_to_be_in_type_list - PLACE - Wrong type for value: 2.0 on line 219 should be in ['int']
2019-08-30 13:13:52,518 - CAMION - BE - MOBILEDE - 2019-06-01 00:00:00 - ERROR - FILE_CHECK - expect_column_values_to_be_in_type_list - PLACE - Wrong type for value: 7.0 on line 234 should be in ['int']
2019-08-30 13:13:52,518 - CAMION - BE - MOBILEDE - 2019-06-01 00:00:00 - ERROR - FILE_CHECK - expect_column_values_to_be_in_type_list - PLACE - Wrong type for value: 3.0 on line 252 should be in ['int']
2019-08-30 13:13:52,518 - CAMION - BE - MOBILEDE - 2019-06-01 00:00:00 - ERROR - FILE_CHECK - expect_column_values_to_be_in_type_list - PLACE - Wrong type for value: 2.0 on line 257 should be in ['int']
2019-08-30 13:13:52,518 - CAMION - BE - MOBILEDE - 2019-06-01 00:00:00 - ERROR - STAT - expect_column_values_to_be_in_type_list - PLACE - correctly filled rate (%) - 0.0
2019-08-30 13:13:52,518 - CAMION - BE - MOBILEDE - 2019-06-01 00:00:00 - ERROR - STAT - expect_column_values_to_not_be_null - PLACE - correctly filled rate (%) - 9.67
2019-08-30 13:13:52,518 - CAMION - BE - MOBILEDE - 2019-06-01 00:00:00 - ERROR - STAT - expect_column_values_to_not_be_null - PORTE - correctly filled rate (%) - 0.0
2019-08-30 13:13:52,518 - CAMION - BE - MOBILEDE - 2019-06-01 00:00:00 - ERROR - STAT - expect_column_values_to_be_in_type_list - PRIX - correctly filled rate (%) - 100.0
2019-08-30 13:13:52,518 - CAMION - BE - MOBILEDE - 2019-06-01 00:00:00 - ERROR - STAT - expect_column_values_to_not_be_null - PRIX - correctly filled rate (%) - 100.0
2019-08-30 13:13:52,518 - CAMION - BE - MOBILEDE - 2019-06-01 00:00:00 - ERROR - STAT - expect_column_values_to_not_be_null - PROVINCE - correctly filled rate (%) - 0.0
2019-08-30 13:13:52,518 - CAMION - BE - MOBILEDE - 2019-06-01 00:00:00 - ERROR - STAT - expect_column_values_to_not_be_null - SITE - correctly filled rate (%) - 100.0
2019-08-30 13:13:52,518 - CAMION - BE - MOBILEDE - 2019-06-01 00:00:00 - ERROR - STAT - expect_column_values_to_not_be_null - TELEPHONE - correctly filled rate (%) - 100.0
2019-08-30 13:13:52,518 - CAMION - BE - MOBILEDE - 2019-06-01 00:00:00 - ERROR - STAT - expect_column_values_to_be_phone_number - TELEPHONE - correctly filled rate (%) - 100.0
2019-08-30 13:13:52,519 - CAMION - BE - MOBILEDE - 2019-06-01 00:00:00 - ERROR - STAT - expect_column_values_to_not_be_null - TYPE - correctly filled rate (%) - 100.0
2019-08-30 13:13:52,519 - CAMION - BE - MOBILEDE - 2019-06-01 00:00:00 - ERROR - STAT - expect_column_values_to_be_in_set_2 - TYPE - observed proportion - 100.0
2019-08-30 13:13:52,519 - CAMION - BE - MOBILEDE - 2019-06-01 00:00:00 - ERROR - STAT - expect_column_values_to_not_be_null - VILLE - correctly filled rate (%) - 100.0
2019-08-30 13:13:52,519 - CAMION - BE - MOBILEDE - 2019-06-01 00:00:00 - ERROR - STAT - expect_column_values_to_not_be_null - VN_IND - correctly filled rate (%) - 100.0
2019-08-30 13:13:52,519 - CAMION - BE - MOBILEDE - 2019-06-01 00:00:00 - ERROR - STAT - expect_column_values_to_be_in_set - VN_IND - correctly filled rate (%) - 100.0
2019-08-30 13:13:52,519 - CAMION - BE - MOBILEDE - 2019-06-01 00:00:00 - ERROR - STAT - expect_returning_row_unique_count - MARQUE_CORRECTED - total number of unique rows - 127
2019-08-30 13:13:52,519 - CAMION - BE - MOBILEDE - 2019-06-01 00:00:00 - ERROR - STAT - expect_returning_row_unique_count - MODELE_CORRECTED - total number of unique rows - 167
2019-08-30 13:13:52,519 - CAMION - BE - MOBILEDE - 2019-06-01 00:00:00 - ERROR - STAT - expect_returning_row_unique_count - CARROSSERIE - total number of unique rows - 72
2019-08-30 13:13:52,519 - CAMION - BE - MOBILEDE - 2019-06-01 00:00:00 - ERROR - STAT - expect_returning_row_unique_count - CARBURANT - total number of unique rows - 3
2019-08-30 13:13:52,519 - CAMION - BE - MOBILEDE - 2019-06-01 00:00:00 - ERROR - STAT - expect_column_values_to_not_be_null - CYLINDRE - correctly filled rate (%) - 35.27
2019-08-30 13:13:52,519 - CAMION - BE - MOBILEDE - 2019-06-01 00:00:00 - ERROR - FILE_CHECK - expect_column_values_to_be_in_type_list - CYLINDRE - Wrong type for value: 124.0 on line 1 should be in ['int']
2019-08-30 13:13:52,519 - CAMION - BE - MOBILEDE - 2019-06-01 00:00:00 - ERROR - FILE_CHECK - expect_column_values_to_be_in_type_list - CYLINDRE - Wrong type for value: 300.0 on line 7 should be in ['int']
2019-08-30 13:13:52,519 - CAMION - BE - MOBILEDE - 2019-06-01 00:00:00 - ERROR - FILE_CHECK - expect_column_values_to_be_in_type_list - CYLINDRE - Wrong type for value: 126.0 on line 15 should be in ['int']
2019-08-30 13:13:52,519 - CAMION - BE - MOBILEDE - 2019-06-01 00:00:00 - ERROR - FILE_CHECK - expect_column_values_to_be_in_type_list - CYLINDRE - Wrong type for value: 105.0 on line 17 should be in ['int']
2019-08-30 13:13:52,519 - CAMION - BE - MOBILEDE - 2019-06-01 00:00:00 - ERROR - FILE_CHECK - expect_column_values_to_be_in_type_list - CYLINDRE - Wrong type for value: 129.0 on line 18 should be in ['int']
2019-08-30 13:13:52,519 - CAMION - BE - MOBILEDE - 2019-06-01 00:00:00 - ERROR - FILE_CHECK - expect_column_values_to_be_in_type_list - CYLINDRE - Wrong type for value: 119.0 on line 22 should be in ['int']
2019-08-30 13:13:52,519 - CAMION - BE - MOBILEDE - 2019-06-01 00:00:00 - ERROR - FILE_CHECK - expect_column_values_to_be_in_type_list - CYLINDRE - Wrong type for value: 214.0 on line 26 should be in ['int']
2019-08-30 13:13:52,520 - CAMION - BE - MOBILEDE - 2019-06-01 00:00:00 - ERROR - FILE_CHECK - expect_column_values_to_be_in_type_list - CYLINDRE - Wrong type for value: 214.0 on line 27 should be in ['int']
2019-08-30 13:13:52,520 - CAMION - BE - MOBILEDE - 2019-06-01 00:00:00 - ERROR - FILE_CHECK - expect_column_values_to_be_in_type_list - CYLINDRE - Wrong type for value: 119.0 on line 28 should be in ['int']
2019-08-30 13:13:52,520 - CAMION - BE - MOBILEDE - 2019-06-01 00:00:00 - ERROR - FILE_CHECK - expect_column_values_to_be_in_type_list - CYLINDRE - Wrong type for value: 111.0 on line 29 should be in ['int']
2019-08-30 13:13:52,520 - CAMION - BE - MOBILEDE - 2019-06-01 00:00:00 - ERROR - FILE_CHECK - expect_column_values_to_be_in_type_list - CYLINDRE - Wrong type for value: 687.0 on line 32 should be in ['int']
2019-08-30 13:13:52,520 - CAMION - BE - MOBILEDE - 2019-06-01 00:00:00 - ERROR - FILE_CHECK - expect_column_values_to_be_in_type_list - CYLINDRE - Wrong type for value: 108.0 on line 35 should be in ['int']
2019-08-30 13:13:52,520 - CAMION - BE - MOBILEDE - 2019-06-01 00:00:00 - ERROR - FILE_CHECK - expect_column_values_to_be_in_type_list - CYLINDRE - Wrong type for value: 105.0 on line 38 should be in ['int']
2019-08-30 13:13:52,520 - CAMION - BE - MOBILEDE - 2019-06-01 00:00:00 - ERROR - FILE_CHECK - expect_column_values_to_be_in_type_list - CYLINDRE - Wrong type for value: 125.0 on line 42 should be in ['int']
2019-08-30 13:13:52,520 - CAMION - BE - MOBILEDE - 2019-06-01 00:00:00 - ERROR - FILE_CHECK - expect_column_values_to_be_in_type_list - CYLINDRE - Wrong type for value: 219.0 on line 45 should be in ['int']
2019-08-30 13:13:52,520 - CAMION - BE - MOBILEDE - 2019-06-01 00:00:00 - ERROR - FILE_CHECK - expect_column_values_to_be_in_type_list - CYLINDRE - Wrong type for value: 228.0 on line 55 should be in ['int']
2019-08-30 13:13:52,520 - CAMION - BE - MOBILEDE - 2019-06-01 00:00:00 - ERROR - FILE_CHECK - expect_column_values_to_be_in_type_list - CYLINDRE - Wrong type for value: 268.0 on line 58 should be in ['int']
2019-08-30 13:13:52,520 - CAMION - BE - MOBILEDE - 2019-06-01 00:00:00 - ERROR - FILE_CHECK - expect_column_values_to_be_in_type_list - CYLINDRE - Wrong type for value: 119.0 on line 62 should be in ['int']
2019-08-30 13:13:52,520 - CAMION - BE - MOBILEDE - 2019-06-01 00:00:00 - ERROR - FILE_CHECK - expect_column_values_to_be_in_type_list - CYLINDRE - Wrong type for value: 129.0 on line 63 should be in ['int']
2019-08-30 13:13:52,520 - CAMION - BE - MOBILEDE - 2019-06-01 00:00:00 - ERROR - FILE_CHECK - expect_column_values_to_be_in_type_list - CYLINDRE - Wrong type for value: 119.0 on line 65 should be in ['int']
2019-08-30 13:13:52,520 - CAMION - BE - MOBILEDE - 2019-06-01 00:00:00 - ERROR - STAT - expect_column_values_to_be_in_type_list - CYLINDRE - correctly filled rate (%) - 0.0
2019-08-30 13:13:52,520 - CAMION - BE - MOBILEDE - 2019-06-01 00:00:00 - ERROR - STAT - expect_returning_row_unique_count - PROVINCE - total number of unique rows - 0
2019-08-30 13:13:52,520 - CAMION - BE - MOBILEDE - 2019-06-01 00:00:00 - ERROR - STAT - expect_returning_row_unique_count - VILLE - total number of unique rows - 146
2019-08-30 13:13:52,520 - CAMION - BE - MOBILEDE - 2019-06-01 00:00:00 - ERROR - STAT - expect_returning_row_unique_count - DEPARTEMENT - total number of unique rows - 0
2019-08-30 13:13:52,520 - CAMION - BE - MOBILEDE - 2019-06-01 00:00:00 - ERROR - STAT - expect_returning_row_count_on_conditions - DEALER_USEDCARS - total number of row with conditions - 3663
2019-08-30 13:13:52,521 - CAMION - BE - MOBILEDE - 2019-06-01 00:00:00 - ERROR - STAT - expect_returning_row_count_on_conditions - PRIVATE_USEDCARS - total number of row with conditions - 48
2019-08-30 13:13:52,521 - CAMION - BE - MOBILEDE - 2019-06-01 00:00:00 - ERROR - STAT - expect_returning_row_count_on_conditions - TRUCKS - total number of row with conditions - 1277
2019-08-30 13:13:52,521 - CAMION - BE - MOBILEDE - 2019-06-01 00:00:00 - ERROR - STAT - expect_returning_row_count_on_conditions - TRACTOR UNITS - total number of row with conditions - 878
2019-08-30 13:13:52,521 - CAMION - BE - MOBILEDE - 2019-06-01 00:00:00 - ERROR - STAT - expect_returning_row_count_on_conditions - TRAILERS - total number of row with conditions - 55
2019-08-30 13:13:52,521 - CAMION - BE - MOBILEDE - 2019-06-01 00:00:00 - ERROR - STAT - expect_returning_row_count_on_conditions - VANS - total number of row with conditions - 630
2019-08-30 13:13:52,521 - CAMION - BE - MOBILEDE - 2019-06-01 00:00:00 - ERROR - STAT - expect_returning_row_count_on_conditions - HEAVY EQUIPMENTS - total number of row with conditions - 281
2019-08-30 13:13:52,521 - CAMION - BE - MOBILEDE - 2019-06-01 00:00:00 - ERROR - STAT - expect_returning_row_count_on_conditions - SEMI TRAILERS - total number of row with conditions - 590
2019-08-30 13:13:52,521 - CAMION - BE - MOBILEDE - 2019-06-01 00:00:00 - ERROR - STAT - expect_returning_row_count_on_conditions - DEALER_TRUCKS - total number of row with conditions - 1265
2019-08-30 13:13:52,521 - CAMION - BE - MOBILEDE - 2019-06-01 00:00:00 - ERROR - STAT - expect_returning_row_count_on_conditions - PRIVATE_TRUCKS - total number of row with conditions - 12
2019-08-30 13:13:52,521 - CAMION - BE - MOBILEDE - 2019-06-01 00:00:00 - ERROR - STAT - expect_returning_row_count_on_conditions - DEALER_TRACTOR UNITS - total number of row with conditions - 872
2019-08-30 13:13:52,521 - CAMION - BE - MOBILEDE - 2019-06-01 00:00:00 - ERROR - STAT - expect_returning_row_count_on_conditions - PRIVATE_TRACTOR UNITS - total number of row with conditions - 6
2019-08-30 13:13:52,521 - CAMION - BE - MOBILEDE - 2019-06-01 00:00:00 - ERROR - STAT - expect_returning_row_count_on_conditions - DEALER_TRAILERS - total number of row with conditions - 54
2019-08-30 13:13:52,521 - CAMION - BE - MOBILEDE - 2019-06-01 00:00:00 - ERROR - STAT - expect_returning_row_count_on_conditions - PRIVATE_TRAILERS - total number of row with conditions - 1
2019-08-30 13:13:52,521 - CAMION - BE - MOBILEDE - 2019-06-01 00:00:00 - ERROR - STAT - expect_returning_row_count_on_conditions - DEALER_VANS - total number of row with conditions - 620
2019-08-30 13:13:52,521 - CAMION - BE - MOBILEDE - 2019-06-01 00:00:00 - ERROR - STAT - expect_returning_row_count_on_conditions - PRIVATE_VANS - total number of row with conditions - 10
2019-08-30 13:13:52,521 - CAMION - BE - MOBILEDE - 2019-06-01 00:00:00 - ERROR - STAT - expect_returning_row_count_on_conditions - DEALER_HEAVY EQUIPMENTS - total number of row with conditions - 276
2019-08-30 13:13:52,521 - CAMION - BE - MOBILEDE - 2019-06-01 00:00:00 - ERROR - STAT - expect_returning_row_count_on_conditions - PRIVATE_HEAVY EQUIPMENTS - total number of row with conditions - 5
2019-08-30 13:13:52,521 - CAMION - BE - MOBILEDE - 2019-06-01 00:00:00 - ERROR - STAT - expect_returning_row_count_on_conditions - DEALER_SEMI TRAILERS - total number of row with conditions - 576
2019-08-30 13:13:52,522 - CAMION - BE - MOBILEDE - 2019-06-01 00:00:00 - ERROR - STAT - expect_returning_row_count_on_conditions - PRIVATE_SEMI TRAILERS - total number of row with conditions - 14
