2019-05-08 14:23:39,590 - VO - AU - COUNTRYCARS - 2019-04-01 00:00:00 - ERROR - STAT - expect_column_values_to_be_in_type_list - ANNEE - correctly filled rate (%) - 100.0
2019-05-08 14:23:39,590 - VO - AU - COUNTRYCARS - 2019-04-01 00:00:00 - ERROR - STAT - expect_column_values_to_not_be_null - ANNEE - correctly filled rate (%) - 100.0
2019-05-08 14:23:39,590 - VO - AU - COUNTRYCARS - 2019-04-01 00:00:00 - ERROR - STAT - expect_column_values_to_be_between - ANNEE - correctly filled rate (%) - 99.85
2019-05-08 14:23:39,590 - VO - AU - COUNTRYCARS - 2019-04-01 00:00:00 - ERROR - STAT - expect_column_values_to_not_be_null - ANNONCE_LINK - correctly filled rate (%) - 100.0
2019-05-08 14:23:39,591 - VO - AU - COUNTRYCARS - 2019-04-01 00:00:00 - ERROR - STAT - expect_column_values_to_be_unique - ANNONCE_LINK - observed proportion - 100.0
2019-05-08 14:23:39,591 - VO - AU - COUNTRYCARS - 2019-04-01 00:00:00 - ERROR - STAT - expect_column_values_to_not_be_null - ID_CLIENT - correctly filled rate (%) - 100.0
2019-05-08 14:23:39,591 - VO - AU - COUNTRYCARS - 2019-04-01 00:00:00 - ERROR - STAT - expect_column_values_to_be_unique - ID_CLIENT - observed proportion - 100.0
2019-05-08 14:23:39,591 - VO - AU - COUNTRYCARS - 2019-04-01 00:00:00 - ERROR - STAT - expect_column_values_to_not_be_null - TYPE - correctly filled rate (%) - 100.0
2019-05-08 14:23:39,591 - VO - AU - COUNTRYCARS - 2019-04-01 00:00:00 - ERROR - STAT - expect_column_values_to_be_in_set_2 - TYPE - observed proportion - 100.0
2019-05-08 14:23:39,591 - VO - AU - COUNTRYCARS - 2019-04-01 00:00:00 - ERROR - STAT - expect_column_values_to_not_be_null - SITE - correctly filled rate (%) - 100.0
2019-05-08 14:23:39,591 - VO - AU - COUNTRYCARS - 2019-04-01 00:00:00 - ERROR - STAT - expect_column_values_to_not_be_null - MARQUE - correctly filled rate (%) - 100.0
2019-05-08 14:23:39,591 - VO - AU - COUNTRYCARS - 2019-04-01 00:00:00 - ERROR - STAT - expect_column_values_to_not_be_null - MODELE - correctly filled rate (%) - 100.0
2019-05-08 14:23:39,591 - VO - AU - COUNTRYCARS - 2019-04-01 00:00:00 - ERROR - STAT - expect_column_values_to_not_be_null - NOM - correctly filled rate (%) - 100.0
2019-05-08 14:23:39,591 - VO - AU - COUNTRYCARS - 2019-04-01 00:00:00 - ERROR - STAT - expect_column_values_to_not_be_null - CARROSSERIE - correctly filled rate (%) - 100.0
2019-05-08 14:23:39,591 - VO - AU - COUNTRYCARS - 2019-04-01 00:00:00 - ERROR - FILE_CHECK - expect_column_values_to_be_in_type_list - PRIX - Wrong type for value: 66990.0 on line 1 should be in ['int']
2019-05-08 14:23:39,591 - VO - AU - COUNTRYCARS - 2019-04-01 00:00:00 - ERROR - FILE_CHECK - expect_column_values_to_be_in_type_list - PRIX - Wrong type for value: 56990.0 on line 2 should be in ['int']
2019-05-08 14:23:39,592 - VO - AU - COUNTRYCARS - 2019-04-01 00:00:00 - ERROR - FILE_CHECK - expect_column_values_to_be_in_type_list - PRIX - Wrong type for value: 69990.0 on line 3 should be in ['int']
2019-05-08 14:23:39,592 - VO - AU - COUNTRYCARS - 2019-04-01 00:00:00 - ERROR - FILE_CHECK - expect_column_values_to_be_in_type_list - PRIX - Wrong type for value: 55900.0 on line 4 should be in ['int']
2019-05-08 14:23:39,592 - VO - AU - COUNTRYCARS - 2019-04-01 00:00:00 - ERROR - FILE_CHECK - expect_column_values_to_be_in_type_list - PRIX - Wrong type for value: 52990.0 on line 5 should be in ['int']
2019-05-08 14:23:39,592 - VO - AU - COUNTRYCARS - 2019-04-01 00:00:00 - ERROR - FILE_CHECK - expect_column_values_to_be_in_type_list - PRIX - Wrong type for value: 62990.0 on line 7 should be in ['int']
2019-05-08 14:23:39,592 - VO - AU - COUNTRYCARS - 2019-04-01 00:00:00 - ERROR - FILE_CHECK - expect_column_values_to_be_in_type_list - PRIX - Wrong type for value: 58990.0 on line 8 should be in ['int']
2019-05-08 14:23:39,592 - VO - AU - COUNTRYCARS - 2019-04-01 00:00:00 - ERROR - FILE_CHECK - expect_column_values_to_be_in_type_list - PRIX - Wrong type for value: 79999.0 on line 9 should be in ['int']
2019-05-08 14:23:39,592 - VO - AU - COUNTRYCARS - 2019-04-01 00:00:00 - ERROR - FILE_CHECK - expect_column_values_to_be_in_type_list - PRIX - Wrong type for value: 49998.0 on line 10 should be in ['int']
2019-05-08 14:23:39,592 - VO - AU - COUNTRYCARS - 2019-04-01 00:00:00 - ERROR - FILE_CHECK - expect_column_values_to_be_in_type_list - PRIX - Wrong type for value: 48990.0 on line 11 should be in ['int']
2019-05-08 14:23:39,593 - VO - AU - COUNTRYCARS - 2019-04-01 00:00:00 - ERROR - FILE_CHECK - expect_column_values_to_be_in_type_list - PRIX - Wrong type for value: 48990.0 on line 12 should be in ['int']
2019-05-08 14:23:39,593 - VO - AU - COUNTRYCARS - 2019-04-01 00:00:00 - ERROR - FILE_CHECK - expect_column_values_to_be_in_type_list - PRIX - Wrong type for value: 45860.0 on line 13 should be in ['int']
2019-05-08 14:23:39,593 - VO - AU - COUNTRYCARS - 2019-04-01 00:00:00 - ERROR - FILE_CHECK - expect_column_values_to_be_in_type_list - PRIX - Wrong type for value: 44990.0 on line 14 should be in ['int']
2019-05-08 14:23:39,593 - VO - AU - COUNTRYCARS - 2019-04-01 00:00:00 - ERROR - FILE_CHECK - expect_column_values_to_be_in_type_list - PRIX - Wrong type for value: 43990.0 on line 15 should be in ['int']
2019-05-08 14:23:39,593 - VO - AU - COUNTRYCARS - 2019-04-01 00:00:00 - ERROR - FILE_CHECK - expect_column_values_to_be_in_type_list - PRIX - Wrong type for value: 43990.0 on line 16 should be in ['int']
2019-05-08 14:23:39,593 - VO - AU - COUNTRYCARS - 2019-04-01 00:00:00 - ERROR - FILE_CHECK - expect_column_values_to_be_in_type_list - PRIX - Wrong type for value: 45888.0 on line 17 should be in ['int']
2019-05-08 14:23:39,593 - VO - AU - COUNTRYCARS - 2019-04-01 00:00:00 - ERROR - FILE_CHECK - expect_column_values_to_be_in_type_list - PRIX - Wrong type for value: 45990.0 on line 18 should be in ['int']
2019-05-08 14:23:39,593 - VO - AU - COUNTRYCARS - 2019-04-01 00:00:00 - ERROR - FILE_CHECK - expect_column_values_to_be_in_type_list - PRIX - Wrong type for value: 45990.0 on line 19 should be in ['int']
2019-05-08 14:23:39,594 - VO - AU - COUNTRYCARS - 2019-04-01 00:00:00 - ERROR - FILE_CHECK - expect_column_values_to_be_in_type_list - PRIX - Wrong type for value: 41990.0 on line 20 should be in ['int']
2019-05-08 14:23:39,594 - VO - AU - COUNTRYCARS - 2019-04-01 00:00:00 - ERROR - FILE_CHECK - expect_column_values_to_be_in_type_list - PRIX - Wrong type for value: 42950.0 on line 21 should be in ['int']
2019-05-08 14:23:39,594 - VO - AU - COUNTRYCARS - 2019-04-01 00:00:00 - ERROR - STAT - expect_column_values_to_be_in_type_list - PRIX - correctly filled rate (%) - 0.0
2019-05-08 14:23:39,594 - VO - AU - COUNTRYCARS - 2019-04-01 00:00:00 - ERROR - STAT - expect_column_values_to_not_be_null - PRIX - correctly filled rate (%) - 96.94
2019-05-08 14:23:39,594 - VO - AU - COUNTRYCARS - 2019-04-01 00:00:00 - ERROR - FILE_CHECK - expect_column_values_to_be_in_type_list - KM - Wrong type for value: 2306.0 on line 0 should be in ['int']
2019-05-08 14:23:39,594 - VO - AU - COUNTRYCARS - 2019-04-01 00:00:00 - ERROR - FILE_CHECK - expect_column_values_to_be_in_type_list - KM - Wrong type for value: 7869.0 on line 1 should be in ['int']
2019-05-08 14:23:39,594 - VO - AU - COUNTRYCARS - 2019-04-01 00:00:00 - ERROR - FILE_CHECK - expect_column_values_to_be_in_type_list - KM - Wrong type for value: 1500.0 on line 2 should be in ['int']
2019-05-08 14:23:39,594 - VO - AU - COUNTRYCARS - 2019-04-01 00:00:00 - ERROR - FILE_CHECK - expect_column_values_to_be_in_type_list - KM - Wrong type for value: 13054.0 on line 3 should be in ['int']
2019-05-08 14:23:39,595 - VO - AU - COUNTRYCARS - 2019-04-01 00:00:00 - ERROR - FILE_CHECK - expect_column_values_to_be_in_type_list - KM - Wrong type for value: 14500.0 on line 4 should be in ['int']
2019-05-08 14:23:39,595 - VO - AU - COUNTRYCARS - 2019-04-01 00:00:00 - ERROR - FILE_CHECK - expect_column_values_to_be_in_type_list - KM - Wrong type for value: 5011.0 on line 5 should be in ['int']
2019-05-08 14:23:39,595 - VO - AU - COUNTRYCARS - 2019-04-01 00:00:00 - ERROR - FILE_CHECK - expect_column_values_to_be_in_type_list - KM - Wrong type for value: 2010.0 on line 6 should be in ['int']
2019-05-08 14:23:39,595 - VO - AU - COUNTRYCARS - 2019-04-01 00:00:00 - ERROR - FILE_CHECK - expect_column_values_to_be_in_type_list - KM - Wrong type for value: 3235.0 on line 7 should be in ['int']
2019-05-08 14:23:39,595 - VO - AU - COUNTRYCARS - 2019-04-01 00:00:00 - ERROR - FILE_CHECK - expect_column_values_to_be_in_type_list - KM - Wrong type for value: 3654.0 on line 8 should be in ['int']
2019-05-08 14:23:39,595 - VO - AU - COUNTRYCARS - 2019-04-01 00:00:00 - ERROR - FILE_CHECK - expect_column_values_to_be_in_type_list - KM - Wrong type for value: 1565.0 on line 9 should be in ['int']
2019-05-08 14:23:39,595 - VO - AU - COUNTRYCARS - 2019-04-01 00:00:00 - ERROR - FILE_CHECK - expect_column_values_to_be_in_type_list - KM - Wrong type for value: 231050.0 on line 10 should be in ['int']
2019-05-08 14:23:39,595 - VO - AU - COUNTRYCARS - 2019-04-01 00:00:00 - ERROR - FILE_CHECK - expect_column_values_to_be_in_type_list - KM - Wrong type for value: 13490.0 on line 11 should be in ['int']
2019-05-08 14:23:39,596 - VO - AU - COUNTRYCARS - 2019-04-01 00:00:00 - ERROR - FILE_CHECK - expect_column_values_to_be_in_type_list - KM - Wrong type for value: 159643.0 on line 12 should be in ['int']
2019-05-08 14:23:39,596 - VO - AU - COUNTRYCARS - 2019-04-01 00:00:00 - ERROR - FILE_CHECK - expect_column_values_to_be_in_type_list - KM - Wrong type for value: 61146.0 on line 13 should be in ['int']
2019-05-08 14:23:39,596 - VO - AU - COUNTRYCARS - 2019-04-01 00:00:00 - ERROR - FILE_CHECK - expect_column_values_to_be_in_type_list - KM - Wrong type for value: 90300.0 on line 14 should be in ['int']
2019-05-08 14:23:39,596 - VO - AU - COUNTRYCARS - 2019-04-01 00:00:00 - ERROR - FILE_CHECK - expect_column_values_to_be_in_type_list - KM - Wrong type for value: 130823.0 on line 15 should be in ['int']
2019-05-08 14:23:39,596 - VO - AU - COUNTRYCARS - 2019-04-01 00:00:00 - ERROR - FILE_CHECK - expect_column_values_to_be_in_type_list - KM - Wrong type for value: 22016.0 on line 16 should be in ['int']
2019-05-08 14:23:39,596 - VO - AU - COUNTRYCARS - 2019-04-01 00:00:00 - ERROR - FILE_CHECK - expect_column_values_to_be_in_type_list - KM - Wrong type for value: 1580.0 on line 17 should be in ['int']
2019-05-08 14:23:39,596 - VO - AU - COUNTRYCARS - 2019-04-01 00:00:00 - ERROR - FILE_CHECK - expect_column_values_to_be_in_type_list - KM - Wrong type for value: 46419.0 on line 18 should be in ['int']
2019-05-08 14:23:39,596 - VO - AU - COUNTRYCARS - 2019-04-01 00:00:00 - ERROR - FILE_CHECK - expect_column_values_to_be_in_type_list - KM - Wrong type for value: 227171.0 on line 19 should be in ['int']
2019-05-08 14:23:39,596 - VO - AU - COUNTRYCARS - 2019-04-01 00:00:00 - ERROR - STAT - expect_column_values_to_be_in_type_list - KM - correctly filled rate (%) - 0.0
2019-05-08 14:23:39,597 - VO - AU - COUNTRYCARS - 2019-04-01 00:00:00 - ERROR - STAT - expect_column_values_to_not_be_null - KM - correctly filled rate (%) - 98.95
2019-05-08 14:23:39,597 - VO - AU - COUNTRYCARS - 2019-04-01 00:00:00 - ERROR - STAT - expect_column_values_to_be_in_type_list - PHOTO - correctly filled rate (%) - 100.0
2019-05-08 14:23:39,597 - VO - AU - COUNTRYCARS - 2019-04-01 00:00:00 - ERROR - STAT - expect_column_values_to_not_be_null - PHOTO - correctly filled rate (%) - 100.0
2019-05-08 14:23:39,597 - VO - AU - COUNTRYCARS - 2019-04-01 00:00:00 - ERROR - STAT - expect_column_values_to_not_be_null - IMMAT - correctly filled rate (%) - 92.58
2019-05-08 14:23:39,597 - VO - AU - COUNTRYCARS - 2019-04-01 00:00:00 - ERROR - STAT - expect_column_values_to_not_be_null - VN_IND - correctly filled rate (%) - 100.0
2019-05-08 14:23:39,597 - VO - AU - COUNTRYCARS - 2019-04-01 00:00:00 - ERROR - STAT - expect_column_values_to_be_in_set - VN_IND - correctly filled rate (%) - 100.0
2019-05-08 14:23:39,597 - VO - AU - COUNTRYCARS - 2019-04-01 00:00:00 - ERROR - STAT - expect_column_values_to_not_be_null - ADRESSE - correctly filled rate (%) - 100.0
2019-05-08 14:23:39,598 - VO - AU - COUNTRYCARS - 2019-04-01 00:00:00 - ERROR - STAT - expect_column_values_to_not_be_null - PROVINCE - correctly filled rate (%) - 100.0
2019-05-08 14:23:39,598 - VO - AU - COUNTRYCARS - 2019-04-01 00:00:00 - ERROR - STAT - expect_column_values_to_be_in_set_2 - PROVINCE - observed proportion - 100.0
2019-05-08 14:23:39,598 - VO - AU - COUNTRYCARS - 2019-04-01 00:00:00 - ERROR - STAT - expect_column_values_to_not_be_null - TELEPHONE - correctly filled rate (%) - 90.59
2019-05-08 14:23:39,598 - VO - AU - COUNTRYCARS - 2019-04-01 00:00:00 - ERROR - STAT - expect_column_values_to_be_phone_number - TELEPHONE - correctly filled rate (%) - 100.0
2019-05-08 14:23:39,598 - VO - AU - COUNTRYCARS - 2019-04-01 00:00:00 - ERROR - STAT - expect_returning_row_count - EVERY_COLUMNS - total number of rows - 7309
2019-05-08 14:23:39,598 - VO - AU - COUNTRYCARS - 2019-04-01 00:00:00 - ERROR - STAT - expect_returning_row_count_on_conditions - DEALER_USEDCARS - total number of row with conditions - 6999
2019-05-08 14:23:39,598 - VO - AU - COUNTRYCARS - 2019-04-01 00:00:00 - ERROR - STAT - expect_returning_row_count_on_conditions - PRIVATE_USEDCARS - total number of row with conditions - 235
2019-05-08 14:23:39,598 - VO - AU - COUNTRYCARS - 2019-04-01 00:00:00 - ERROR - STAT - expect_returning_row_count_on_conditions - DEALER_NEWCARS - total number of row with conditions - 0
2019-05-08 14:23:39,599 - VO - AU - COUNTRYCARS - 2019-04-01 00:00:00 - ERROR - STAT - expect_column_value_lengths_to_be_between - NOM - correctly filled rate (%) - 100.0
2019-05-08 14:23:39,599 - VO - AU - COUNTRYCARS - 2019-04-01 00:00:00 - ERROR - FILE_CHECK - expect_column_value_lengths_to_be_between - OPTIONS - Unexpected characters count of: [$6000 Deposit Contri...] on line  0, value length should be between 0 and 255
2019-05-08 14:23:39,599 - VO - AU - COUNTRYCARS - 2019-04-01 00:00:00 - ERROR - FILE_CHECK - expect_column_value_lengths_to_be_between - OPTIONS - Unexpected characters count of: [2017 Mercedes-Benz C...] on line  1, value length should be between 0 and 255
2019-05-08 14:23:39,599 - VO - AU - COUNTRYCARS - 2019-04-01 00:00:00 - ERROR - FILE_CHECK - expect_column_value_lengths_to_be_between - OPTIONS - Unexpected characters count of: [Check out this very ...] on line  3, value length should be between 0 and 255
2019-05-08 14:23:39,599 - VO - AU - COUNTRYCARS - 2019-04-01 00:00:00 - ERROR - FILE_CHECK - expect_column_value_lengths_to_be_between - OPTIONS - Unexpected characters count of: [Why should you buy f...] on line  6, value length should be between 0 and 255
2019-05-08 14:23:39,599 - VO - AU - COUNTRYCARS - 2019-04-01 00:00:00 - ERROR - FILE_CHECK - expect_column_value_lengths_to_be_between - OPTIONS - Unexpected characters count of: [Introducing the BRAN...] on line  8, value length should be between 0 and 255
2019-05-08 14:23:39,599 - VO - AU - COUNTRYCARS - 2019-04-01 00:00:00 - ERROR - FILE_CHECK - expect_column_value_lengths_to_be_between - OPTIONS - Unexpected characters count of: [We have been a trust...] on line  9, value length should be between 0 and 255
2019-05-08 14:23:39,599 - VO - AU - COUNTRYCARS - 2019-04-01 00:00:00 - ERROR - FILE_CHECK - expect_column_value_lengths_to_be_between - OPTIONS - Unexpected characters count of: [We are a GOLD COAST ...] on line  10, value length should be between 0 and 255
2019-05-08 14:23:39,599 - VO - AU - COUNTRYCARS - 2019-04-01 00:00:00 - ERROR - FILE_CHECK - expect_column_value_lengths_to_be_between - OPTIONS - Unexpected characters count of: [AS NEW Turbo Diesel ...] on line  11, value length should be between 0 and 255
2019-05-08 14:23:39,600 - VO - AU - COUNTRYCARS - 2019-04-01 00:00:00 - ERROR - FILE_CHECK - expect_column_value_lengths_to_be_between - OPTIONS - Unexpected characters count of: [2008 landcruiser wag...] on line  12, value length should be between 0 and 255
2019-05-08 14:23:39,600 - VO - AU - COUNTRYCARS - 2019-04-01 00:00:00 - ERROR - FILE_CHECK - expect_column_value_lengths_to_be_between - OPTIONS - Unexpected characters count of: [Fantistic truck with...] on line  13, value length should be between 0 and 255
2019-05-08 14:23:39,600 - VO - AU - COUNTRYCARS - 2019-04-01 00:00:00 - ERROR - FILE_CHECK - expect_column_value_lengths_to_be_between - OPTIONS - Unexpected characters count of: [WE ARE LOCATED 3 HOU...] on line  16, value length should be between 0 and 255
2019-05-08 14:23:39,600 - VO - AU - COUNTRYCARS - 2019-04-01 00:00:00 - ERROR - FILE_CHECK - expect_column_value_lengths_to_be_between - OPTIONS - Unexpected characters count of: [This Kia Sorento Si ...] on line  17, value length should be between 0 and 255
2019-05-08 14:23:39,600 - VO - AU - COUNTRYCARS - 2019-04-01 00:00:00 - ERROR - FILE_CHECK - expect_column_value_lengths_to_be_between - OPTIONS - Unexpected characters count of: [National DEALER OF T...] on line  18, value length should be between 0 and 255
2019-05-08 14:23:39,600 - VO - AU - COUNTRYCARS - 2019-04-01 00:00:00 - ERROR - FILE_CHECK - expect_column_value_lengths_to_be_between - OPTIONS - Unexpected characters count of: [Serving the Central ...] on line  19, value length should be between 0 and 255
2019-05-08 14:23:39,600 - VO - AU - COUNTRYCARS - 2019-04-01 00:00:00 - ERROR - FILE_CHECK - expect_column_value_lengths_to_be_between - OPTIONS - Unexpected characters count of: [Volvo Selekt Approve...] on line  20, value length should be between 0 and 255
2019-05-08 14:23:39,600 - VO - AU - COUNTRYCARS - 2019-04-01 00:00:00 - ERROR - FILE_CHECK - expect_column_value_lengths_to_be_between - OPTIONS - Unexpected characters count of: [! . 4X4. . ! . Wow a...] on line  21, value length should be between 0 and 255
2019-05-08 14:23:39,601 - VO - AU - COUNTRYCARS - 2019-04-01 00:00:00 - ERROR - FILE_CHECK - expect_column_value_lengths_to_be_between - OPTIONS - Unexpected characters count of: [2015 ford ranger xlt...] on line  22, value length should be between 0 and 255
2019-05-08 14:23:39,601 - VO - AU - COUNTRYCARS - 2019-04-01 00:00:00 - ERROR - FILE_CHECK - expect_column_value_lengths_to_be_between - OPTIONS - Unexpected characters count of: [2016 Toyota Hilux SR...] on line  23, value length should be between 0 and 255
2019-05-08 14:23:39,601 - VO - AU - COUNTRYCARS - 2019-04-01 00:00:00 - ERROR - FILE_CHECK - expect_column_value_lengths_to_be_between - OPTIONS - Unexpected characters count of: [Hilux 4x4 SR Automat...] on line  24, value length should be between 0 and 255
2019-05-08 14:23:39,601 - VO - AU - COUNTRYCARS - 2019-04-01 00:00:00 - ERROR - FILE_CHECK - expect_column_value_lengths_to_be_between - OPTIONS - Unexpected characters count of: [Trafic The latest Re...] on line  26, value length should be between 0 and 255
2019-05-08 14:23:39,601 - VO - AU - COUNTRYCARS - 2019-04-01 00:00:00 - ERROR - STAT - expect_column_value_lengths_to_be_between - OPTIONS - correctly filled rate (%) - 26.0
