2019-07-24 18:19:25,988 - IMMO - DE - IMMOWELT - 2019-07-01 00:00:00 - ERROR - STAT - expect_column_values_to_not_be_null - ACHAT_LOC - correctly filled rate (%) - 100.0
2019-07-24 18:19:25,988 - IMMO - DE - IMMOWELT - 2019-07-01 00:00:00 - ERROR - FILE_CHECK - expect_column_values_to_be_in_set - ACHAT_LOC - Unexpected value: 2 on line 16384, value should among [1, 2]
2019-07-24 18:19:25,988 - IMMO - DE - IMMOWELT - 2019-07-01 00:00:00 - ERROR - FILE_CHECK - expect_column_values_to_be_in_set - ACHAT_LOC - Unexpected value: 1 on line 16385, value should among [1, 2]
2019-07-24 18:19:25,988 - IMMO - DE - IMMOWELT - 2019-07-01 00:00:00 - ERROR - FILE_CHECK - expect_column_values_to_be_in_set - ACHAT_LOC - Unexpected value: 2 on line 16386, value should among [1, 2]
2019-07-24 18:19:25,988 - IMMO - DE - IMMOWELT - 2019-07-01 00:00:00 - ERROR - FILE_CHECK - expect_column_values_to_be_in_set - ACHAT_LOC - Unexpected value: 1 on line 16387, value should among [1, 2]
2019-07-24 18:19:25,988 - IMMO - DE - IMMOWELT - 2019-07-01 00:00:00 - ERROR - FILE_CHECK - expect_column_values_to_be_in_set - ACHAT_LOC - Unexpected value: 1 on line 16388, value should among [1, 2]
2019-07-24 18:19:25,989 - IMMO - DE - IMMOWELT - 2019-07-01 00:00:00 - ERROR - FILE_CHECK - expect_column_values_to_be_in_set - ACHAT_LOC - Unexpected value: 2 on line 16389, value should among [1, 2]
2019-07-24 18:19:25,989 - IMMO - DE - IMMOWELT - 2019-07-01 00:00:00 - ERROR - FILE_CHECK - expect_column_values_to_be_in_set - ACHAT_LOC - Unexpected value: 1 on line 16390, value should among [1, 2]
2019-07-24 18:19:25,989 - IMMO - DE - IMMOWELT - 2019-07-01 00:00:00 - ERROR - FILE_CHECK - expect_column_values_to_be_in_set - ACHAT_LOC - Unexpected value: 2 on line 16391, value should among [1, 2]
2019-07-24 18:19:25,989 - IMMO - DE - IMMOWELT - 2019-07-01 00:00:00 - ERROR - FILE_CHECK - expect_column_values_to_be_in_set - ACHAT_LOC - Unexpected value: 2 on line 16392, value should among [1, 2]
2019-07-24 18:19:25,989 - IMMO - DE - IMMOWELT - 2019-07-01 00:00:00 - ERROR - FILE_CHECK - expect_column_values_to_be_in_set - ACHAT_LOC - Unexpected value: 2 on line 16393, value should among [1, 2]
2019-07-24 18:19:25,989 - IMMO - DE - IMMOWELT - 2019-07-01 00:00:00 - ERROR - FILE_CHECK - expect_column_values_to_be_in_set - ACHAT_LOC - Unexpected value: 1 on line 16394, value should among [1, 2]
2019-07-24 18:19:25,989 - IMMO - DE - IMMOWELT - 2019-07-01 00:00:00 - ERROR - FILE_CHECK - expect_column_values_to_be_in_set - ACHAT_LOC - Unexpected value: 2 on line 16395, value should among [1, 2]
2019-07-24 18:19:25,989 - IMMO - DE - IMMOWELT - 2019-07-01 00:00:00 - ERROR - FILE_CHECK - expect_column_values_to_be_in_set - ACHAT_LOC - Unexpected value: 2 on line 16396, value should among [1, 2]
2019-07-24 18:19:25,989 - IMMO - DE - IMMOWELT - 2019-07-01 00:00:00 - ERROR - FILE_CHECK - expect_column_values_to_be_in_set - ACHAT_LOC - Unexpected value: 1 on line 16397, value should among [1, 2]
2019-07-24 18:19:25,989 - IMMO - DE - IMMOWELT - 2019-07-01 00:00:00 - ERROR - FILE_CHECK - expect_column_values_to_be_in_set - ACHAT_LOC - Unexpected value: 1 on line 16398, value should among [1, 2]
2019-07-24 18:19:25,989 - IMMO - DE - IMMOWELT - 2019-07-01 00:00:00 - ERROR - FILE_CHECK - expect_column_values_to_be_in_set - ACHAT_LOC - Unexpected value: 1 on line 16399, value should among [1, 2]
2019-07-24 18:19:25,989 - IMMO - DE - IMMOWELT - 2019-07-01 00:00:00 - ERROR - FILE_CHECK - expect_column_values_to_be_in_set - ACHAT_LOC - Unexpected value: 1 on line 16400, value should among [1, 2]
2019-07-24 18:19:25,989 - IMMO - DE - IMMOWELT - 2019-07-01 00:00:00 - ERROR - FILE_CHECK - expect_column_values_to_be_in_set - ACHAT_LOC - Unexpected value: 2 on line 16401, value should among [1, 2]
2019-07-24 18:19:25,989 - IMMO - DE - IMMOWELT - 2019-07-01 00:00:00 - ERROR - FILE_CHECK - expect_column_values_to_be_in_set - ACHAT_LOC - Unexpected value: 2 on line 16402, value should among [1, 2]
2019-07-24 18:19:25,989 - IMMO - DE - IMMOWELT - 2019-07-01 00:00:00 - ERROR - FILE_CHECK - expect_column_values_to_be_in_set - ACHAT_LOC - Unexpected value: 2 on line 16403, value should among [1, 2]
2019-07-24 18:19:25,989 - IMMO - DE - IMMOWELT - 2019-07-01 00:00:00 - ERROR - STAT - expect_column_values_to_be_in_set - ACHAT_LOC - correctly filled rate (%) - 42.03
2019-07-24 18:19:25,989 - IMMO - DE - IMMOWELT - 2019-07-01 00:00:00 - ERROR - STAT - expect_column_values_to_not_be_null - ADRESSE - correctly filled rate (%) - 0.0
2019-07-24 18:19:25,989 - IMMO - DE - IMMOWELT - 2019-07-01 00:00:00 - ERROR - STAT - expect_column_values_to_not_be_null - AGENCE_ADRESSE - correctly filled rate (%) - 21.28
2019-07-24 18:19:25,990 - IMMO - DE - IMMOWELT - 2019-07-01 00:00:00 - ERROR - STAT - expect_column_values_to_not_be_null - AGENCE_CP - correctly filled rate (%) - 0.02
2019-07-24 18:19:25,990 - IMMO - DE - IMMOWELT - 2019-07-01 00:00:00 - ERROR - FILE_CHECK - expect_column_values_to_match_regex - AGENCE_CP - Unexpected value: Y on line 18226, value should match regexp ^[0-9]{5}$
2019-07-24 18:19:25,990 - IMMO - DE - IMMOWELT - 2019-07-01 00:00:00 - ERROR - FILE_CHECK - expect_column_values_to_match_regex - AGENCE_CP - Unexpected value: Y on line 30113, value should match regexp ^[0-9]{5}$
2019-07-24 18:19:25,990 - IMMO - DE - IMMOWELT - 2019-07-01 00:00:00 - ERROR - FILE_CHECK - expect_column_values_to_match_regex - AGENCE_CP - Unexpected value: Y on line 49692, value should match regexp ^[0-9]{5}$
2019-07-24 18:19:25,990 - IMMO - DE - IMMOWELT - 2019-07-01 00:00:00 - ERROR - FILE_CHECK - expect_column_values_to_match_regex - AGENCE_CP - Unexpected value: Y on line 76671, value should match regexp ^[0-9]{5}$
2019-07-24 18:19:25,990 - IMMO - DE - IMMOWELT - 2019-07-01 00:00:00 - ERROR - FILE_CHECK - expect_column_values_to_match_regex - AGENCE_CP - Unexpected value: Y on line 78342, value should match regexp ^[0-9]{5}$
2019-07-24 18:19:25,990 - IMMO - DE - IMMOWELT - 2019-07-01 00:00:00 - ERROR - FILE_CHECK - expect_column_values_to_match_regex - AGENCE_CP - Unexpected value: Y on line 81532, value should match regexp ^[0-9]{5}$
2019-07-24 18:19:25,990 - IMMO - DE - IMMOWELT - 2019-07-01 00:00:00 - ERROR - FILE_CHECK - expect_column_values_to_match_regex - AGENCE_CP - Unexpected value: Y on line 84670, value should match regexp ^[0-9]{5}$
2019-07-24 18:19:25,990 - IMMO - DE - IMMOWELT - 2019-07-01 00:00:00 - ERROR - FILE_CHECK - expect_column_values_to_match_regex - AGENCE_CP - Unexpected value: Y on line 87691, value should match regexp ^[0-9]{5}$
2019-07-24 18:19:25,990 - IMMO - DE - IMMOWELT - 2019-07-01 00:00:00 - ERROR - FILE_CHECK - expect_column_values_to_match_regex - AGENCE_CP - Unexpected value: Y on line 87798, value should match regexp ^[0-9]{5}$
2019-07-24 18:19:25,990 - IMMO - DE - IMMOWELT - 2019-07-01 00:00:00 - ERROR - FILE_CHECK - expect_column_values_to_match_regex - AGENCE_CP - Unexpected value: Y on line 88030, value should match regexp ^[0-9]{5}$
2019-07-24 18:19:25,990 - IMMO - DE - IMMOWELT - 2019-07-01 00:00:00 - ERROR - FILE_CHECK - expect_column_values_to_match_regex - AGENCE_CP - Unexpected value: Y on line 90892, value should match regexp ^[0-9]{5}$
2019-07-24 18:19:25,990 - IMMO - DE - IMMOWELT - 2019-07-01 00:00:00 - ERROR - FILE_CHECK - expect_column_values_to_match_regex - AGENCE_CP - Unexpected value: Y on line 92539, value should match regexp ^[0-9]{5}$
2019-07-24 18:19:25,990 - IMMO - DE - IMMOWELT - 2019-07-01 00:00:00 - ERROR - FILE_CHECK - expect_column_values_to_match_regex - AGENCE_CP - Unexpected value: Y on line 97503, value should match regexp ^[0-9]{5}$
2019-07-24 18:19:25,990 - IMMO - DE - IMMOWELT - 2019-07-01 00:00:00 - ERROR - FILE_CHECK - expect_column_values_to_match_regex - AGENCE_CP - Unexpected value: Y on line 100249, value should match regexp ^[0-9]{5}$
2019-07-24 18:19:25,990 - IMMO - DE - IMMOWELT - 2019-07-01 00:00:00 - ERROR - FILE_CHECK - expect_column_values_to_match_regex - AGENCE_CP - Unexpected value: Y on line 105456, value should match regexp ^[0-9]{5}$
2019-07-24 18:19:25,990 - IMMO - DE - IMMOWELT - 2019-07-01 00:00:00 - ERROR - FILE_CHECK - expect_column_values_to_match_regex - AGENCE_CP - Unexpected value: Y on line 106622, value should match regexp ^[0-9]{5}$
2019-07-24 18:19:25,990 - IMMO - DE - IMMOWELT - 2019-07-01 00:00:00 - ERROR - FILE_CHECK - expect_column_values_to_match_regex - AGENCE_CP - Unexpected value: Y on line 106933, value should match regexp ^[0-9]{5}$
2019-07-24 18:19:25,990 - IMMO - DE - IMMOWELT - 2019-07-01 00:00:00 - ERROR - FILE_CHECK - expect_column_values_to_match_regex - AGENCE_CP - Unexpected value: Y on line 109698, value should match regexp ^[0-9]{5}$
2019-07-24 18:19:25,991 - IMMO - DE - IMMOWELT - 2019-07-01 00:00:00 - ERROR - FILE_CHECK - expect_column_values_to_match_regex - AGENCE_CP - Unexpected value: Y on line 110616, value should match regexp ^[0-9]{5}$
2019-07-24 18:19:25,991 - IMMO - DE - IMMOWELT - 2019-07-01 00:00:00 - ERROR - FILE_CHECK - expect_column_values_to_match_regex - AGENCE_CP - Unexpected value: Y on line 113521, value should match regexp ^[0-9]{5}$
2019-07-24 18:19:25,991 - IMMO - DE - IMMOWELT - 2019-07-01 00:00:00 - ERROR - STAT - expect_column_values_to_match_regex - AGENCE_CP - correctly filled rate (%) - 0.0
2019-07-24 18:19:25,991 - IMMO - DE - IMMOWELT - 2019-07-01 00:00:00 - ERROR - STAT - expect_column_values_to_not_be_null - AGENCE_ID - correctly filled rate (%) - 99.98
2019-07-24 18:19:25,991 - IMMO - DE - IMMOWELT - 2019-07-01 00:00:00 - ERROR - STAT - expect_column_values_to_not_be_null - AGENCE_NOM - correctly filled rate (%) - 64.99
2019-07-24 18:19:25,991 - IMMO - DE - IMMOWELT - 2019-07-01 00:00:00 - ERROR - STAT - expect_column_values_to_not_be_null - AGENCE_TEL - correctly filled rate (%) - 0.0
2019-07-24 18:19:25,991 - IMMO - DE - IMMOWELT - 2019-07-01 00:00:00 - ERROR - STAT - expect_column_values_to_not_be_null - AGENCE_VILLE - correctly filled rate (%) - 0.0
2019-07-24 18:19:25,991 - IMMO - DE - IMMOWELT - 2019-07-01 00:00:00 - ERROR - STAT - expect_column_values_to_not_be_null - ANNONCE_DATE - correctly filled rate (%) - 99.97
2019-07-24 18:19:25,991 - IMMO - DE - IMMOWELT - 2019-07-01 00:00:00 - ERROR - STAT - expect_column_values_to_not_be_null - ANNONCE_LINK - correctly filled rate (%) - 99.97
2019-07-24 18:19:25,991 - IMMO - DE - IMMOWELT - 2019-07-01 00:00:00 - ERROR - STAT - expect_column_values_to_be_unique - ANNONCE_LINK - observed proportion - 100.0
2019-07-24 18:19:25,991 - IMMO - DE - IMMOWELT - 2019-07-01 00:00:00 - ERROR - STAT - expect_column_values_to_not_be_null - CP - correctly filled rate (%) - 100.0
2019-07-24 18:19:25,991 - IMMO - DE - IMMOWELT - 2019-07-01 00:00:00 - ERROR - FILE_CHECK - expect_column_values_to_match_regex - CP - Unexpected value: - on line 3171, value should match regexp [0-9]{5}
2019-07-24 18:19:25,991 - IMMO - DE - IMMOWELT - 2019-07-01 00:00:00 - ERROR - FILE_CHECK - expect_column_values_to_match_regex - CP - Unexpected value: 8314 on line 7322, value should match regexp [0-9]{5}
2019-07-24 18:19:25,991 - IMMO - DE - IMMOWELT - 2019-07-01 00:00:00 - ERROR - FILE_CHECK - expect_column_values_to_match_regex - CP - Unexpected value: , on line 8894, value should match regexp [0-9]{5}
2019-07-24 18:19:25,991 - IMMO - DE - IMMOWELT - 2019-07-01 00:00:00 - ERROR - FILE_CHECK - expect_column_values_to_match_regex - CP - Unexpected value: 8784 on line 10166, value should match regexp [0-9]{5}
2019-07-24 18:19:25,991 - IMMO - DE - IMMOWELT - 2019-07-01 00:00:00 - ERROR - FILE_CHECK - expect_column_values_to_match_regex - CP - Unexpected value: 47 on line 10800, value should match regexp [0-9]{5}
2019-07-24 18:19:25,991 - IMMO - DE - IMMOWELT - 2019-07-01 00:00:00 - ERROR - FILE_CHECK - expect_column_values_to_match_regex - CP - Unexpected value: 6263 on line 11043, value should match regexp [0-9]{5}
2019-07-24 18:19:25,992 - IMMO - DE - IMMOWELT - 2019-07-01 00:00:00 - ERROR - FILE_CHECK - expect_column_values_to_match_regex - CP - Unexpected value: 117 on line 12050, value should match regexp [0-9]{5}
2019-07-24 18:19:25,992 - IMMO - DE - IMMOWELT - 2019-07-01 00:00:00 - ERROR - FILE_CHECK - expect_column_values_to_match_regex - CP - Unexpected value: 117 on line 12056, value should match regexp [0-9]{5}
2019-07-24 18:19:25,992 - IMMO - DE - IMMOWELT - 2019-07-01 00:00:00 - ERROR - FILE_CHECK - expect_column_values_to_match_regex - CP - Unexpected value: , on line 12593, value should match regexp [0-9]{5}
2019-07-24 18:19:25,992 - IMMO - DE - IMMOWELT - 2019-07-01 00:00:00 - ERROR - FILE_CHECK - expect_column_values_to_match_regex - CP - Unexpected value: Saktouria on line 13652, value should match regexp [0-9]{5}
2019-07-24 18:19:25,992 - IMMO - DE - IMMOWELT - 2019-07-01 00:00:00 - ERROR - FILE_CHECK - expect_column_values_to_match_regex - CP - Unexpected value: 4104 on line 14859, value should match regexp [0-9]{5}
2019-07-24 18:19:25,992 - IMMO - DE - IMMOWELT - 2019-07-01 00:00:00 - ERROR - FILE_CHECK - expect_column_values_to_match_regex - CP - Unexpected value: 4104 on line 15092, value should match regexp [0-9]{5}
2019-07-24 18:19:25,992 - IMMO - DE - IMMOWELT - 2019-07-01 00:00:00 - ERROR - FILE_CHECK - expect_column_values_to_match_regex - CP - Unexpected value: München on line 18020, value should match regexp [0-9]{5}
2019-07-24 18:19:25,992 - IMMO - DE - IMMOWELT - 2019-07-01 00:00:00 - ERROR - FILE_CHECK - expect_column_values_to_match_regex - CP - Unexpected value: Alanya on line 18225, value should match regexp [0-9]{5}
2019-07-24 18:19:25,992 - IMMO - DE - IMMOWELT - 2019-07-01 00:00:00 - ERROR - FILE_CHECK - expect_column_values_to_match_regex - CP - Unexpected value: thueringen on line 18226, value should match regexp [0-9]{5}
2019-07-24 18:19:25,992 - IMMO - DE - IMMOWELT - 2019-07-01 00:00:00 - ERROR - FILE_CHECK - expect_column_values_to_match_regex - CP - Unexpected value: Tolleric on line 30112, value should match regexp [0-9]{5}
2019-07-24 18:19:25,992 - IMMO - DE - IMMOWELT - 2019-07-01 00:00:00 - ERROR - FILE_CHECK - expect_column_values_to_match_regex - CP - Unexpected value: niedersachsen on line 30113, value should match regexp [0-9]{5}
2019-07-24 18:19:25,992 - IMMO - DE - IMMOWELT - 2019-07-01 00:00:00 - ERROR - FILE_CHECK - expect_column_values_to_match_regex - CP - Unexpected value: 1220 on line 32422, value should match regexp [0-9]{5}
2019-07-24 18:19:25,992 - IMMO - DE - IMMOWELT - 2019-07-01 00:00:00 - ERROR - FILE_CHECK - expect_column_values_to_match_regex - CP - Unexpected value: Berlin on line 33445, value should match regexp [0-9]{5}
2019-07-24 18:19:25,992 - IMMO - DE - IMMOWELT - 2019-07-01 00:00:00 - ERROR - FILE_CHECK - expect_column_values_to_match_regex - CP - Unexpected value: La on line 38610, value should match regexp [0-9]{5}
2019-07-24 18:19:25,992 - IMMO - DE - IMMOWELT - 2019-07-01 00:00:00 - ERROR - STAT - expect_column_values_to_match_regex - CP - correctly filled rate (%) - 99.34
2019-07-24 18:19:25,992 - IMMO - DE - IMMOWELT - 2019-07-01 00:00:00 - ERROR - STAT - expect_column_values_to_not_be_null - DEPARTEMENT - correctly filled rate (%) - 99.98
2019-07-24 18:19:25,992 - IMMO - DE - IMMOWELT - 2019-07-01 00:00:00 - ERROR - STAT - expect_returning_row_count - EVERY_COLUMNS - total number of rows - 183703
2019-07-24 18:19:25,992 - IMMO - DE - IMMOWELT - 2019-07-01 00:00:00 - ERROR - STAT - expect_column_values_to_not_be_null - ID_CLIENT - correctly filled rate (%) - 99.99
2019-07-24 18:19:25,993 - IMMO - DE - IMMOWELT - 2019-07-01 00:00:00 - ERROR - STAT - expect_column_values_to_be_unique - ID_CLIENT - observed proportion - 100.0
2019-07-24 18:19:25,993 - IMMO - DE - IMMOWELT - 2019-07-01 00:00:00 - ERROR - FILE_CHECK - expect_column_values_to_be_of_type - M2 - Wrong type for value: 62.0 on line 0 should be int
2019-07-24 18:19:25,993 - IMMO - DE - IMMOWELT - 2019-07-01 00:00:00 - ERROR - FILE_CHECK - expect_column_values_to_be_of_type - M2 - Wrong type for value: 25.0 on line 1 should be int
2019-07-24 18:19:25,993 - IMMO - DE - IMMOWELT - 2019-07-01 00:00:00 - ERROR - FILE_CHECK - expect_column_values_to_be_of_type - M2 - Wrong type for value: 85.0 on line 4 should be int
2019-07-24 18:19:25,993 - IMMO - DE - IMMOWELT - 2019-07-01 00:00:00 - ERROR - FILE_CHECK - expect_column_values_to_be_of_type - M2 - Wrong type for value: 69.0 on line 5 should be int
2019-07-24 18:19:25,993 - IMMO - DE - IMMOWELT - 2019-07-01 00:00:00 - ERROR - FILE_CHECK - expect_column_values_to_be_of_type - M2 - Wrong type for value: 128.0 on line 6 should be int
2019-07-24 18:19:25,993 - IMMO - DE - IMMOWELT - 2019-07-01 00:00:00 - ERROR - FILE_CHECK - expect_column_values_to_be_of_type - M2 - Wrong type for value: 31.0 on line 7 should be int
2019-07-24 18:19:25,993 - IMMO - DE - IMMOWELT - 2019-07-01 00:00:00 - ERROR - FILE_CHECK - expect_column_values_to_be_of_type - M2 - Wrong type for value: 62.0 on line 8 should be int
2019-07-24 18:19:25,993 - IMMO - DE - IMMOWELT - 2019-07-01 00:00:00 - ERROR - FILE_CHECK - expect_column_values_to_be_of_type - M2 - Wrong type for value: 128.0 on line 9 should be int
2019-07-24 18:19:25,993 - IMMO - DE - IMMOWELT - 2019-07-01 00:00:00 - ERROR - FILE_CHECK - expect_column_values_to_be_of_type - M2 - Wrong type for value: 79.0 on line 10 should be int
2019-07-24 18:19:25,993 - IMMO - DE - IMMOWELT - 2019-07-01 00:00:00 - ERROR - FILE_CHECK - expect_column_values_to_be_of_type - M2 - Wrong type for value: 45.0 on line 11 should be int
2019-07-24 18:19:25,993 - IMMO - DE - IMMOWELT - 2019-07-01 00:00:00 - ERROR - FILE_CHECK - expect_column_values_to_be_of_type - M2 - Wrong type for value: 72.0 on line 12 should be int
2019-07-24 18:19:25,993 - IMMO - DE - IMMOWELT - 2019-07-01 00:00:00 - ERROR - FILE_CHECK - expect_column_values_to_be_of_type - M2 - Wrong type for value: 220.0 on line 13 should be int
2019-07-24 18:19:25,993 - IMMO - DE - IMMOWELT - 2019-07-01 00:00:00 - ERROR - FILE_CHECK - expect_column_values_to_be_of_type - M2 - Wrong type for value: 78.0 on line 14 should be int
2019-07-24 18:19:25,993 - IMMO - DE - IMMOWELT - 2019-07-01 00:00:00 - ERROR - FILE_CHECK - expect_column_values_to_be_of_type - M2 - Wrong type for value: 747.0 on line 15 should be int
2019-07-24 18:19:25,993 - IMMO - DE - IMMOWELT - 2019-07-01 00:00:00 - ERROR - FILE_CHECK - expect_column_values_to_be_of_type - M2 - Wrong type for value: 1491.0 on line 16 should be int
2019-07-24 18:19:25,993 - IMMO - DE - IMMOWELT - 2019-07-01 00:00:00 - ERROR - FILE_CHECK - expect_column_values_to_be_of_type - M2 - Wrong type for value: 140.0 on line 17 should be int
2019-07-24 18:19:25,993 - IMMO - DE - IMMOWELT - 2019-07-01 00:00:00 - ERROR - FILE_CHECK - expect_column_values_to_be_of_type - M2 - Wrong type for value: 400.0 on line 18 should be int
2019-07-24 18:19:25,994 - IMMO - DE - IMMOWELT - 2019-07-01 00:00:00 - ERROR - FILE_CHECK - expect_column_values_to_be_of_type - M2 - Wrong type for value: 16.0 on line 19 should be int
2019-07-24 18:19:25,994 - IMMO - DE - IMMOWELT - 2019-07-01 00:00:00 - ERROR - FILE_CHECK - expect_column_values_to_be_of_type - M2 - Wrong type for value: 140.0 on line 20 should be int
2019-07-24 18:19:25,994 - IMMO - DE - IMMOWELT - 2019-07-01 00:00:00 - ERROR - FILE_CHECK - expect_column_values_to_be_of_type - M2 - Wrong type for value: 85.0 on line 21 should be int
2019-07-24 18:19:25,994 - IMMO - DE - IMMOWELT - 2019-07-01 00:00:00 - ERROR - STAT - expect_column_values_to_be_of_type - M2 - correctly filled rate (%) - 0.0
2019-07-24 18:19:25,994 - IMMO - DE - IMMOWELT - 2019-07-01 00:00:00 - ERROR - STAT - expect_column_values_to_not_be_null - M2 - correctly filled rate (%) - 98.06
2019-07-24 18:19:25,994 - IMMO - DE - IMMOWELT - 2019-07-01 00:00:00 - ERROR - STAT - expect_column_values_to_not_be_null - MAISON_APT - correctly filled rate (%) - 100.0
2019-07-24 18:19:25,994 - IMMO - DE - IMMOWELT - 2019-07-01 00:00:00 - ERROR - STAT - expect_column_values_to_be_between - MAISON_APT - correctly filled rate (%) - 100.0
2019-07-24 18:19:25,994 - IMMO - DE - IMMOWELT - 2019-07-01 00:00:00 - ERROR - STAT - expect_column_values_to_not_be_null - MINI_SITE_ID - correctly filled rate (%) - 99.97
2019-07-24 18:19:25,994 - IMMO - DE - IMMOWELT - 2019-07-01 00:00:00 - ERROR - STAT - expect_column_values_to_not_be_null - NOM - correctly filled rate (%) - 99.98
2019-07-24 18:19:25,994 - IMMO - DE - IMMOWELT - 2019-07-01 00:00:00 - ERROR - STAT - expect_column_value_lengths_to_be_between - NOM - correctly filled rate (%) - 100.0
2019-07-24 18:19:25,994 - IMMO - DE - IMMOWELT - 2019-07-01 00:00:00 - ERROR - STAT - expect_column_values_to_not_be_null - PHOTO - correctly filled rate (%) - 99.98
2019-07-24 18:19:25,994 - IMMO - DE - IMMOWELT - 2019-07-01 00:00:00 - ERROR - STAT - expect_column_values_to_be_in_type_list - PHOTO - correctly filled rate (%) - 100.0
2019-07-24 18:19:25,994 - IMMO - DE - IMMOWELT - 2019-07-01 00:00:00 - ERROR - STAT - expect_column_values_to_not_be_null - PIECE - correctly filled rate (%) - 99.98
2019-07-24 18:19:25,994 - IMMO - DE - IMMOWELT - 2019-07-01 00:00:00 - ERROR - FILE_CHECK - expect_column_values_to_be_in_type_list - PIECE - Wrong type for value: 8 on line 16384 should be in ['int', 'float']
2019-07-24 18:19:25,994 - IMMO - DE - IMMOWELT - 2019-07-01 00:00:00 - ERROR - FILE_CHECK - expect_column_values_to_be_in_type_list - PIECE - Wrong type for value: 2 on line 16385 should be in ['int', 'float']
2019-07-24 18:19:25,994 - IMMO - DE - IMMOWELT - 2019-07-01 00:00:00 - ERROR - FILE_CHECK - expect_column_values_to_be_in_type_list - PIECE - Wrong type for value: 1 on line 16386 should be in ['int', 'float']
2019-07-24 18:19:25,995 - IMMO - DE - IMMOWELT - 2019-07-01 00:00:00 - ERROR - FILE_CHECK - expect_column_values_to_be_in_type_list - PIECE - Wrong type for value: 5 on line 16387 should be in ['int', 'float']
2019-07-24 18:19:25,995 - IMMO - DE - IMMOWELT - 2019-07-01 00:00:00 - ERROR - FILE_CHECK - expect_column_values_to_be_in_type_list - PIECE - Wrong type for value: 4 on line 16388 should be in ['int', 'float']
2019-07-24 18:19:25,995 - IMMO - DE - IMMOWELT - 2019-07-01 00:00:00 - ERROR - FILE_CHECK - expect_column_values_to_be_in_type_list - PIECE - Wrong type for value: 0 on line 16389 should be in ['int', 'float']
2019-07-24 18:19:25,995 - IMMO - DE - IMMOWELT - 2019-07-01 00:00:00 - ERROR - FILE_CHECK - expect_column_values_to_be_in_type_list - PIECE - Wrong type for value: 2 on line 16390 should be in ['int', 'float']
2019-07-24 18:19:25,995 - IMMO - DE - IMMOWELT - 2019-07-01 00:00:00 - ERROR - FILE_CHECK - expect_column_values_to_be_in_type_list - PIECE - Wrong type for value: 0 on line 16391 should be in ['int', 'float']
2019-07-24 18:19:25,995 - IMMO - DE - IMMOWELT - 2019-07-01 00:00:00 - ERROR - FILE_CHECK - expect_column_values_to_be_in_type_list - PIECE - Wrong type for value: 8 on line 16392 should be in ['int', 'float']
2019-07-24 18:19:25,995 - IMMO - DE - IMMOWELT - 2019-07-01 00:00:00 - ERROR - FILE_CHECK - expect_column_values_to_be_in_type_list - PIECE - Wrong type for value: 1 on line 16393 should be in ['int', 'float']
2019-07-24 18:19:25,995 - IMMO - DE - IMMOWELT - 2019-07-01 00:00:00 - ERROR - FILE_CHECK - expect_column_values_to_be_in_type_list - PIECE - Wrong type for value: 1 on line 16394 should be in ['int', 'float']
2019-07-24 18:19:25,995 - IMMO - DE - IMMOWELT - 2019-07-01 00:00:00 - ERROR - FILE_CHECK - expect_column_values_to_be_in_type_list - PIECE - Wrong type for value: 2 on line 16395 should be in ['int', 'float']
2019-07-24 18:19:25,995 - IMMO - DE - IMMOWELT - 2019-07-01 00:00:00 - ERROR - FILE_CHECK - expect_column_values_to_be_in_type_list - PIECE - Wrong type for value: 8 on line 16396 should be in ['int', 'float']
2019-07-24 18:19:25,995 - IMMO - DE - IMMOWELT - 2019-07-01 00:00:00 - ERROR - FILE_CHECK - expect_column_values_to_be_in_type_list - PIECE - Wrong type for value: 2 on line 16397 should be in ['int', 'float']
2019-07-24 18:19:25,995 - IMMO - DE - IMMOWELT - 2019-07-01 00:00:00 - ERROR - FILE_CHECK - expect_column_values_to_be_in_type_list - PIECE - Wrong type for value: 7 on line 16398 should be in ['int', 'float']
2019-07-24 18:19:25,995 - IMMO - DE - IMMOWELT - 2019-07-01 00:00:00 - ERROR - FILE_CHECK - expect_column_values_to_be_in_type_list - PIECE - Wrong type for value: 3 on line 16399 should be in ['int', 'float']
2019-07-24 18:19:25,995 - IMMO - DE - IMMOWELT - 2019-07-01 00:00:00 - ERROR - FILE_CHECK - expect_column_values_to_be_in_type_list - PIECE - Wrong type for value: 5 on line 16400 should be in ['int', 'float']
2019-07-24 18:19:25,995 - IMMO - DE - IMMOWELT - 2019-07-01 00:00:00 - ERROR - FILE_CHECK - expect_column_values_to_be_in_type_list - PIECE - Wrong type for value: 0 on line 16401 should be in ['int', 'float']
2019-07-24 18:19:25,995 - IMMO - DE - IMMOWELT - 2019-07-01 00:00:00 - ERROR - FILE_CHECK - expect_column_values_to_be_in_type_list - PIECE - Wrong type for value: 5 on line 16402 should be in ['int', 'float']
2019-07-24 18:19:25,995 - IMMO - DE - IMMOWELT - 2019-07-01 00:00:00 - ERROR - FILE_CHECK - expect_column_values_to_be_in_type_list - PIECE - Wrong type for value: 0 on line 16403 should be in ['int', 'float']
2019-07-24 18:19:25,995 - IMMO - DE - IMMOWELT - 2019-07-01 00:00:00 - ERROR - STAT - expect_column_values_to_be_in_type_list - PIECE - correctly filled rate (%) - 42.04
2019-07-24 18:19:25,996 - IMMO - DE - IMMOWELT - 2019-07-01 00:00:00 - ERROR - FILE_CHECK - expect_column_values_to_be_of_type - PRIX - Wrong type for value: 258.0 on line 0 should be int
2019-07-24 18:19:25,996 - IMMO - DE - IMMOWELT - 2019-07-01 00:00:00 - ERROR - FILE_CHECK - expect_column_values_to_be_of_type - PRIX - Wrong type for value: 300.0 on line 1 should be int
2019-07-24 18:19:25,996 - IMMO - DE - IMMOWELT - 2019-07-01 00:00:00 - ERROR - FILE_CHECK - expect_column_values_to_be_of_type - PRIX - Wrong type for value: 1950.0 on line 2 should be int
2019-07-24 18:19:25,996 - IMMO - DE - IMMOWELT - 2019-07-01 00:00:00 - ERROR - FILE_CHECK - expect_column_values_to_be_of_type - PRIX - Wrong type for value: 32.0 on line 4 should be int
2019-07-24 18:19:25,996 - IMMO - DE - IMMOWELT - 2019-07-01 00:00:00 - ERROR - FILE_CHECK - expect_column_values_to_be_of_type - PRIX - Wrong type for value: 300.0 on line 5 should be int
2019-07-24 18:19:25,996 - IMMO - DE - IMMOWELT - 2019-07-01 00:00:00 - ERROR - FILE_CHECK - expect_column_values_to_be_of_type - PRIX - Wrong type for value: 448.0 on line 6 should be int
2019-07-24 18:19:25,996 - IMMO - DE - IMMOWELT - 2019-07-01 00:00:00 - ERROR - FILE_CHECK - expect_column_values_to_be_of_type - PRIX - Wrong type for value: 290.0 on line 7 should be int
2019-07-24 18:19:25,996 - IMMO - DE - IMMOWELT - 2019-07-01 00:00:00 - ERROR - FILE_CHECK - expect_column_values_to_be_of_type - PRIX - Wrong type for value: 384.0 on line 8 should be int
2019-07-24 18:19:25,996 - IMMO - DE - IMMOWELT - 2019-07-01 00:00:00 - ERROR - FILE_CHECK - expect_column_values_to_be_of_type - PRIX - Wrong type for value: 174500.0 on line 9 should be int
2019-07-24 18:19:25,996 - IMMO - DE - IMMOWELT - 2019-07-01 00:00:00 - ERROR - FILE_CHECK - expect_column_values_to_be_of_type - PRIX - Wrong type for value: 525.0 on line 10 should be int
2019-07-24 18:19:25,996 - IMMO - DE - IMMOWELT - 2019-07-01 00:00:00 - ERROR - FILE_CHECK - expect_column_values_to_be_of_type - PRIX - Wrong type for value: 78000.0 on line 11 should be int
2019-07-24 18:19:25,996 - IMMO - DE - IMMOWELT - 2019-07-01 00:00:00 - ERROR - FILE_CHECK - expect_column_values_to_be_of_type - PRIX - Wrong type for value: 450.0 on line 12 should be int
2019-07-24 18:19:25,996 - IMMO - DE - IMMOWELT - 2019-07-01 00:00:00 - ERROR - FILE_CHECK - expect_column_values_to_be_of_type - PRIX - Wrong type for value: 1390.0 on line 13 should be int
2019-07-24 18:19:25,996 - IMMO - DE - IMMOWELT - 2019-07-01 00:00:00 - ERROR - FILE_CHECK - expect_column_values_to_be_of_type - PRIX - Wrong type for value: 193730.0 on line 14 should be int
2019-07-24 18:19:25,996 - IMMO - DE - IMMOWELT - 2019-07-01 00:00:00 - ERROR - FILE_CHECK - expect_column_values_to_be_of_type - PRIX - Wrong type for value: 10.0 on line 15 should be int
2019-07-24 18:19:25,996 - IMMO - DE - IMMOWELT - 2019-07-01 00:00:00 - ERROR - FILE_CHECK - expect_column_values_to_be_of_type - PRIX - Wrong type for value: 10.0 on line 16 should be int
2019-07-24 18:19:25,996 - IMMO - DE - IMMOWELT - 2019-07-01 00:00:00 - ERROR - FILE_CHECK - expect_column_values_to_be_of_type - PRIX - Wrong type for value: 183000.0 on line 17 should be int
2019-07-24 18:19:25,996 - IMMO - DE - IMMOWELT - 2019-07-01 00:00:00 - ERROR - FILE_CHECK - expect_column_values_to_be_of_type - PRIX - Wrong type for value: 10.0 on line 18 should be int
2019-07-24 18:19:25,997 - IMMO - DE - IMMOWELT - 2019-07-01 00:00:00 - ERROR - FILE_CHECK - expect_column_values_to_be_of_type - PRIX - Wrong type for value: 400.0 on line 19 should be int
2019-07-24 18:19:25,997 - IMMO - DE - IMMOWELT - 2019-07-01 00:00:00 - ERROR - FILE_CHECK - expect_column_values_to_be_of_type - PRIX - Wrong type for value: 60000.0 on line 20 should be int
2019-07-24 18:19:25,997 - IMMO - DE - IMMOWELT - 2019-07-01 00:00:00 - ERROR - STAT - expect_column_values_to_be_of_type - PRIX - correctly filled rate (%) - 0.0
2019-07-24 18:19:25,997 - IMMO - DE - IMMOWELT - 2019-07-01 00:00:00 - ERROR - STAT - expect_column_values_to_not_be_null - PRIX - correctly filled rate (%) - 96.92
2019-07-24 18:19:25,997 - IMMO - DE - IMMOWELT - 2019-07-01 00:00:00 - ERROR - STAT - expect_column_values_to_not_be_null - PRO_IND - correctly filled rate (%) - 99.97
2019-07-24 18:19:25,997 - IMMO - DE - IMMOWELT - 2019-07-01 00:00:00 - ERROR - STAT - expect_column_values_to_be_in_set - PRO_IND - correctly filled rate (%) - 100.0
2019-07-24 18:19:25,997 - IMMO - DE - IMMOWELT - 2019-07-01 00:00:00 - ERROR - STAT - expect_column_values_to_not_be_null - REGION - correctly filled rate (%) - 0.0
2019-07-24 18:19:25,997 - IMMO - DE - IMMOWELT - 2019-07-01 00:00:00 - ERROR - FILE_CHECK - expect_column_values_to_be_of_type - SURFACE_TERRAIN - Wrong type for value: 0.0 on line 0 should be int
2019-07-24 18:19:25,997 - IMMO - DE - IMMOWELT - 2019-07-01 00:00:00 - ERROR - FILE_CHECK - expect_column_values_to_be_of_type - SURFACE_TERRAIN - Wrong type for value: 0.0 on line 1 should be int
2019-07-24 18:19:25,997 - IMMO - DE - IMMOWELT - 2019-07-01 00:00:00 - ERROR - FILE_CHECK - expect_column_values_to_be_of_type - SURFACE_TERRAIN - Wrong type for value: 0.0 on line 2 should be int
2019-07-24 18:19:25,997 - IMMO - DE - IMMOWELT - 2019-07-01 00:00:00 - ERROR - FILE_CHECK - expect_column_values_to_be_of_type - SURFACE_TERRAIN - Wrong type for value: 0.0 on line 3 should be int
2019-07-24 18:19:25,997 - IMMO - DE - IMMOWELT - 2019-07-01 00:00:00 - ERROR - FILE_CHECK - expect_column_values_to_be_of_type - SURFACE_TERRAIN - Wrong type for value: 0.0 on line 4 should be int
2019-07-24 18:19:25,997 - IMMO - DE - IMMOWELT - 2019-07-01 00:00:00 - ERROR - FILE_CHECK - expect_column_values_to_be_of_type - SURFACE_TERRAIN - Wrong type for value: 0.0 on line 5 should be int
2019-07-24 18:19:25,997 - IMMO - DE - IMMOWELT - 2019-07-01 00:00:00 - ERROR - FILE_CHECK - expect_column_values_to_be_of_type - SURFACE_TERRAIN - Wrong type for value: 0.0 on line 6 should be int
2019-07-24 18:19:25,997 - IMMO - DE - IMMOWELT - 2019-07-01 00:00:00 - ERROR - FILE_CHECK - expect_column_values_to_be_of_type - SURFACE_TERRAIN - Wrong type for value: 0.0 on line 7 should be int
2019-07-24 18:19:25,997 - IMMO - DE - IMMOWELT - 2019-07-01 00:00:00 - ERROR - FILE_CHECK - expect_column_values_to_be_of_type - SURFACE_TERRAIN - Wrong type for value: 0.0 on line 8 should be int
2019-07-24 18:19:25,997 - IMMO - DE - IMMOWELT - 2019-07-01 00:00:00 - ERROR - FILE_CHECK - expect_column_values_to_be_of_type - SURFACE_TERRAIN - Wrong type for value: 0.0 on line 9 should be int
2019-07-24 18:19:25,998 - IMMO - DE - IMMOWELT - 2019-07-01 00:00:00 - ERROR - FILE_CHECK - expect_column_values_to_be_of_type - SURFACE_TERRAIN - Wrong type for value: 0.0 on line 10 should be int
2019-07-24 18:19:25,998 - IMMO - DE - IMMOWELT - 2019-07-01 00:00:00 - ERROR - FILE_CHECK - expect_column_values_to_be_of_type - SURFACE_TERRAIN - Wrong type for value: 0.0 on line 11 should be int
2019-07-24 18:19:25,998 - IMMO - DE - IMMOWELT - 2019-07-01 00:00:00 - ERROR - FILE_CHECK - expect_column_values_to_be_of_type - SURFACE_TERRAIN - Wrong type for value: 0.0 on line 12 should be int
2019-07-24 18:19:25,998 - IMMO - DE - IMMOWELT - 2019-07-01 00:00:00 - ERROR - FILE_CHECK - expect_column_values_to_be_of_type - SURFACE_TERRAIN - Wrong type for value: 0.0 on line 13 should be int
2019-07-24 18:19:25,998 - IMMO - DE - IMMOWELT - 2019-07-01 00:00:00 - ERROR - FILE_CHECK - expect_column_values_to_be_of_type - SURFACE_TERRAIN - Wrong type for value: 0.0 on line 14 should be int
2019-07-24 18:19:25,998 - IMMO - DE - IMMOWELT - 2019-07-01 00:00:00 - ERROR - FILE_CHECK - expect_column_values_to_be_of_type - SURFACE_TERRAIN - Wrong type for value: 0.0 on line 15 should be int
2019-07-24 18:19:25,998 - IMMO - DE - IMMOWELT - 2019-07-01 00:00:00 - ERROR - FILE_CHECK - expect_column_values_to_be_of_type - SURFACE_TERRAIN - Wrong type for value: 0.0 on line 16 should be int
2019-07-24 18:19:25,998 - IMMO - DE - IMMOWELT - 2019-07-01 00:00:00 - ERROR - FILE_CHECK - expect_column_values_to_be_of_type - SURFACE_TERRAIN - Wrong type for value: 0.0 on line 17 should be int
2019-07-24 18:19:25,998 - IMMO - DE - IMMOWELT - 2019-07-01 00:00:00 - ERROR - FILE_CHECK - expect_column_values_to_be_of_type - SURFACE_TERRAIN - Wrong type for value: 0.0 on line 18 should be int
2019-07-24 18:19:25,998 - IMMO - DE - IMMOWELT - 2019-07-01 00:00:00 - ERROR - FILE_CHECK - expect_column_values_to_be_of_type - SURFACE_TERRAIN - Wrong type for value: 0.0 on line 19 should be int
2019-07-24 18:19:25,998 - IMMO - DE - IMMOWELT - 2019-07-01 00:00:00 - ERROR - STAT - expect_column_values_to_be_of_type - SURFACE_TERRAIN - correctly filled rate (%) - 0.0
2019-07-24 18:19:25,998 - IMMO - DE - IMMOWELT - 2019-07-01 00:00:00 - ERROR - STAT - expect_column_values_to_match_regex - VILLE - correctly filled rate (%) - 99.98
2019-07-24 18:19:25,998 - IMMO - DE - IMMOWELT - 2019-07-01 00:00:00 - ERROR - STAT - expect_column_values_to_not_be_null - VILLE - correctly filled rate (%) - 100.0
2019-07-24 18:19:25,998 - IMMO - DE - IMMOWELT - 2019-07-01 00:00:00 - ERROR - STAT - expect_returning_row_unique_count - VILLE - total number of unique rows - 14634
2019-07-24 18:19:25,998 - IMMO - DE - IMMOWELT - 2019-07-01 00:00:00 - ERROR - STAT - expect_returning_row_count_on_conditions - DEALER_LISTINGS - total number of row with conditions - 177466
2019-07-24 18:19:25,998 - IMMO - DE - IMMOWELT - 2019-07-01 00:00:00 - ERROR - STAT - expect_returning_row_count_on_conditions - PRIVATE_LISTINGS - total number of row with conditions - 6201
2019-07-24 18:19:25,998 - IMMO - DE - IMMOWELT - 2019-07-01 00:00:00 - ERROR - STAT - expect_returning_row_unique_count - DEPARTEMENT - total number of unique rows - 17
