2019-05-28 09:11:59,356 - IMMO - IT - IMMOBILIARE - 2019-04-01 00:00:00 - ERROR - STAT - expect_column_values_to_not_be_null - ACHAT_LOC - correctly filled rate (%) - 100.0
2019-05-28 09:11:59,356 - IMMO - IT - IMMOBILIARE - 2019-04-01 00:00:00 - ERROR - STAT - expect_column_values_to_be_in_set - ACHAT_LOC - correctly filled rate (%) - 100.0
2019-05-28 09:11:59,356 - IMMO - IT - IMMOBILIARE - 2019-04-01 00:00:00 - ERROR - STAT - expect_column_values_to_not_be_null - ADRESSE - correctly filled rate (%) - 0.0
2019-05-28 09:11:59,356 - IMMO - IT - IMMOBILIARE - 2019-04-01 00:00:00 - ERROR - STAT - expect_column_values_to_not_be_null - AGENCE_ADRESSE - correctly filled rate (%) - 0.0
2019-05-28 09:11:59,356 - IMMO - IT - IMMOBILIARE - 2019-04-01 00:00:00 - ERROR - STAT - expect_column_values_to_not_be_null - AGENCE_CP - correctly filled rate (%) - 0.0
2019-05-28 09:11:59,356 - IMMO - IT - IMMOBILIARE - 2019-04-01 00:00:00 - ERROR - STAT - expect_column_values_to_not_be_null - AGENCE_ID - correctly filled rate (%) - 100.0
2019-05-28 09:11:59,356 - IMMO - IT - IMMOBILIARE - 2019-04-01 00:00:00 - ERROR - STAT - expect_column_values_to_not_be_null - AGENCE_NOM - correctly filled rate (%) - 91.16
2019-05-28 09:11:59,356 - IMMO - IT - IMMOBILIARE - 2019-04-01 00:00:00 - ERROR - STAT - expect_column_values_to_be_phone_number - AGENCE_TEL - correctly filled rate (%) - 99.84
2019-05-28 09:11:59,356 - IMMO - IT - IMMOBILIARE - 2019-04-01 00:00:00 - ERROR - STAT - expect_column_values_to_not_be_null - AGENCE_TEL - correctly filled rate (%) - 96.75
2019-05-28 09:11:59,357 - IMMO - IT - IMMOBILIARE - 2019-04-01 00:00:00 - ERROR - STAT - expect_column_values_to_not_be_null - AGENCE_VILLE - correctly filled rate (%) - 0.0
2019-05-28 09:11:59,357 - IMMO - IT - IMMOBILIARE - 2019-04-01 00:00:00 - ERROR - STAT - expect_column_values_to_not_be_null - ANNONCE_DATE - correctly filled rate (%) - 100.0
2019-05-28 09:11:59,357 - IMMO - IT - IMMOBILIARE - 2019-04-01 00:00:00 - ERROR - STAT - expect_column_values_to_not_be_null - ANNONCE_LINK - correctly filled rate (%) - 100.0
2019-05-28 09:11:59,357 - IMMO - IT - IMMOBILIARE - 2019-04-01 00:00:00 - ERROR - STAT - expect_column_values_to_be_unique - ANNONCE_LINK - observed proportion - 100.0
2019-05-28 09:11:59,357 - IMMO - IT - IMMOBILIARE - 2019-04-01 00:00:00 - ERROR - STAT - expect_column_values_to_not_be_null - CATEGORIE - correctly filled rate (%) - 0.14
2019-05-28 09:11:59,357 - IMMO - IT - IMMOBILIARE - 2019-04-01 00:00:00 - ERROR - STAT - expect_column_values_to_not_be_null - CP - correctly filled rate (%) - 0.0
2019-05-28 09:11:59,357 - IMMO - IT - IMMOBILIARE - 2019-04-01 00:00:00 - ERROR - STAT - expect_returning_row_count - EVERY_COLUMNS - total number of rows - 829322
2019-05-28 09:11:59,357 - IMMO - IT - IMMOBILIARE - 2019-04-01 00:00:00 - ERROR - STAT - expect_column_values_to_not_be_null - ID_CLIENT - correctly filled rate (%) - 100.0
2019-05-28 09:11:59,357 - IMMO - IT - IMMOBILIARE - 2019-04-01 00:00:00 - ERROR - STAT - expect_column_values_to_be_unique - ID_CLIENT - observed proportion - 100.0
2019-05-28 09:11:59,357 - IMMO - IT - IMMOBILIARE - 2019-04-01 00:00:00 - ERROR - FILE_CHECK - expect_column_values_to_be_of_type - M2 - Wrong type for value: 12.0 on line 0 should be int
2019-05-28 09:11:59,357 - IMMO - IT - IMMOBILIARE - 2019-04-01 00:00:00 - ERROR - FILE_CHECK - expect_column_values_to_be_of_type - M2 - Wrong type for value: 330.0 on line 1 should be int
2019-05-28 09:11:59,357 - IMMO - IT - IMMOBILIARE - 2019-04-01 00:00:00 - ERROR - FILE_CHECK - expect_column_values_to_be_of_type - M2 - Wrong type for value: 45.0 on line 2 should be int
2019-05-28 09:11:59,357 - IMMO - IT - IMMOBILIARE - 2019-04-01 00:00:00 - ERROR - FILE_CHECK - expect_column_values_to_be_of_type - M2 - Wrong type for value: 400.0 on line 3 should be int
2019-05-28 09:11:59,357 - IMMO - IT - IMMOBILIARE - 2019-04-01 00:00:00 - ERROR - FILE_CHECK - expect_column_values_to_be_of_type - M2 - Wrong type for value: 60.0 on line 4 should be int
2019-05-28 09:11:59,357 - IMMO - IT - IMMOBILIARE - 2019-04-01 00:00:00 - ERROR - FILE_CHECK - expect_column_values_to_be_of_type - M2 - Wrong type for value: 66.0 on line 5 should be int
2019-05-28 09:11:59,357 - IMMO - IT - IMMOBILIARE - 2019-04-01 00:00:00 - ERROR - FILE_CHECK - expect_column_values_to_be_of_type - M2 - Wrong type for value: 120.0 on line 6 should be int
2019-05-28 09:11:59,357 - IMMO - IT - IMMOBILIARE - 2019-04-01 00:00:00 - ERROR - FILE_CHECK - expect_column_values_to_be_of_type - M2 - Wrong type for value: 75.0 on line 7 should be int
2019-05-28 09:11:59,358 - IMMO - IT - IMMOBILIARE - 2019-04-01 00:00:00 - ERROR - FILE_CHECK - expect_column_values_to_be_of_type - M2 - Wrong type for value: 45.0 on line 8 should be int
2019-05-28 09:11:59,358 - IMMO - IT - IMMOBILIARE - 2019-04-01 00:00:00 - ERROR - FILE_CHECK - expect_column_values_to_be_of_type - M2 - Wrong type for value: 38.0 on line 9 should be int
2019-05-28 09:11:59,358 - IMMO - IT - IMMOBILIARE - 2019-04-01 00:00:00 - ERROR - FILE_CHECK - expect_column_values_to_be_of_type - M2 - Wrong type for value: 140.0 on line 10 should be int
2019-05-28 09:11:59,358 - IMMO - IT - IMMOBILIARE - 2019-04-01 00:00:00 - ERROR - FILE_CHECK - expect_column_values_to_be_of_type - M2 - Wrong type for value: 33.0 on line 11 should be int
2019-05-28 09:11:59,358 - IMMO - IT - IMMOBILIARE - 2019-04-01 00:00:00 - ERROR - FILE_CHECK - expect_column_values_to_be_of_type - M2 - Wrong type for value: 180.0 on line 12 should be int
2019-05-28 09:11:59,358 - IMMO - IT - IMMOBILIARE - 2019-04-01 00:00:00 - ERROR - FILE_CHECK - expect_column_values_to_be_of_type - M2 - Wrong type for value: 700.0 on line 13 should be int
2019-05-28 09:11:59,358 - IMMO - IT - IMMOBILIARE - 2019-04-01 00:00:00 - ERROR - FILE_CHECK - expect_column_values_to_be_of_type - M2 - Wrong type for value: 120.0 on line 14 should be int
2019-05-28 09:11:59,358 - IMMO - IT - IMMOBILIARE - 2019-04-01 00:00:00 - ERROR - FILE_CHECK - expect_column_values_to_be_of_type - M2 - Wrong type for value: 67.0 on line 15 should be int
2019-05-28 09:11:59,358 - IMMO - IT - IMMOBILIARE - 2019-04-01 00:00:00 - ERROR - FILE_CHECK - expect_column_values_to_be_of_type - M2 - Wrong type for value: 138.0 on line 16 should be int
2019-05-28 09:11:59,358 - IMMO - IT - IMMOBILIARE - 2019-04-01 00:00:00 - ERROR - FILE_CHECK - expect_column_values_to_be_of_type - M2 - Wrong type for value: 140.0 on line 17 should be int
2019-05-28 09:11:59,358 - IMMO - IT - IMMOBILIARE - 2019-04-01 00:00:00 - ERROR - FILE_CHECK - expect_column_values_to_be_of_type - M2 - Wrong type for value: 78.0 on line 18 should be int
2019-05-28 09:11:59,358 - IMMO - IT - IMMOBILIARE - 2019-04-01 00:00:00 - ERROR - FILE_CHECK - expect_column_values_to_be_of_type - M2 - Wrong type for value: 45.0 on line 19 should be int
2019-05-28 09:11:59,358 - IMMO - IT - IMMOBILIARE - 2019-04-01 00:00:00 - ERROR - STAT - expect_column_values_to_be_of_type - M2 - correctly filled rate (%) - 0.0
2019-05-28 09:11:59,358 - IMMO - IT - IMMOBILIARE - 2019-04-01 00:00:00 - ERROR - STAT - expect_column_values_to_not_be_null - M2 - correctly filled rate (%) - 100.0
2019-05-28 09:11:59,358 - IMMO - IT - IMMOBILIARE - 2019-04-01 00:00:00 - ERROR - STAT - expect_column_values_to_not_be_null - MAISON_APT - correctly filled rate (%) - 100.0
2019-05-28 09:11:59,358 - IMMO - IT - IMMOBILIARE - 2019-04-01 00:00:00 - ERROR - STAT - expect_column_values_to_be_between - MAISON_APT - correctly filled rate (%) - 100.0
2019-05-28 09:11:59,358 - IMMO - IT - IMMOBILIARE - 2019-04-01 00:00:00 - ERROR - STAT - expect_column_values_to_not_be_null - MINI_SITE_ID - correctly filled rate (%) - 0.0
2019-05-28 09:11:59,359 - IMMO - IT - IMMOBILIARE - 2019-04-01 00:00:00 - ERROR - STAT - expect_column_values_to_not_be_null - PHOTO - correctly filled rate (%) - 100.0
2019-05-28 09:11:59,359 - IMMO - IT - IMMOBILIARE - 2019-04-01 00:00:00 - ERROR - STAT - expect_column_values_to_be_in_type_list - PHOTO - correctly filled rate (%) - 100.0
2019-05-28 09:11:59,359 - IMMO - IT - IMMOBILIARE - 2019-04-01 00:00:00 - ERROR - STAT - expect_column_values_to_not_be_null - PIECE - correctly filled rate (%) - 100.0
2019-05-28 09:11:59,359 - IMMO - IT - IMMOBILIARE - 2019-04-01 00:00:00 - ERROR - STAT - expect_column_values_to_be_in_type_list - PIECE - correctly filled rate (%) - 100.0
2019-05-28 09:11:59,359 - IMMO - IT - IMMOBILIARE - 2019-04-01 00:00:00 - ERROR - STAT - expect_column_values_to_be_of_type - PRIX - correctly filled rate (%) - 100.0
2019-05-28 09:11:59,359 - IMMO - IT - IMMOBILIARE - 2019-04-01 00:00:00 - ERROR - STAT - expect_column_values_to_not_be_null - PRIX - correctly filled rate (%) - 100.0
2019-05-28 09:11:59,359 - IMMO - IT - IMMOBILIARE - 2019-04-01 00:00:00 - ERROR - STAT - expect_column_values_to_not_be_null - PRO_IND - correctly filled rate (%) - 100.0
2019-05-28 09:11:59,359 - IMMO - IT - IMMOBILIARE - 2019-04-01 00:00:00 - ERROR - STAT - expect_column_values_to_be_in_set - PRO_IND - correctly filled rate (%) - 100.0
2019-05-28 09:11:59,359 - IMMO - IT - IMMOBILIARE - 2019-04-01 00:00:00 - ERROR - STAT - expect_column_values_to_not_be_null - REGION - correctly filled rate (%) - 100.0
2019-05-28 09:11:59,359 - IMMO - IT - IMMOBILIARE - 2019-04-01 00:00:00 - ERROR - STAT - expect_column_values_to_match_regex - VILLE - correctly filled rate (%) - 96.41
2019-05-28 09:11:59,359 - IMMO - IT - IMMOBILIARE - 2019-04-01 00:00:00 - ERROR - STAT - expect_column_values_to_not_be_null - VILLE - correctly filled rate (%) - 100.0
2019-05-28 09:11:59,359 - IMMO - IT - IMMOBILIARE - 2019-04-01 00:00:00 - ERROR - STAT - expect_returning_row_unique_count - VILLE - total number of unique rows - 44804
2019-05-28 09:11:59,359 - IMMO - IT - IMMOBILIARE - 2019-04-01 00:00:00 - ERROR - STAT - expect_returning_row_count_on_conditions - PRIVATE_LISTINGS - total number of row with conditions - 60870
2019-05-28 09:11:59,359 - IMMO - IT - IMMOBILIARE - 2019-04-01 00:00:00 - ERROR - STAT - expect_returning_row_count_on_conditions - DEALER_LISTINGS - total number of row with conditions - 768452
