2019-08-08 05:34:41,292 - VO - FR - LEBONCOIN - 2019-08-01 00:00:00 - ERROR - STAT - expect_column_values_to_not_be_null - ADRESSE - correctly filled rate (%) - 44.67
2019-08-08 05:34:41,292 - VO - FR - LEBONCOIN - 2019-08-01 00:00:00 - ERROR - STAT - expect_column_values_to_be_in_type_list - ANNEE - correctly filled rate (%) - 100.0
2019-08-08 05:34:41,292 - VO - FR - LEBONCOIN - 2019-08-01 00:00:00 - ERROR - STAT - expect_column_values_to_be_between - ANNEE - correctly filled rate (%) - 98.54
2019-08-08 05:34:41,292 - VO - FR - LEBONCOIN - 2019-08-01 00:00:00 - ERROR - STAT - expect_column_values_to_not_be_null - ANNEE - correctly filled rate (%) - 100.0
2019-08-08 05:34:41,292 - VO - FR - LEBONCOIN - 2019-08-01 00:00:00 - ERROR - FILE_CHECK - expect_column_values_to_match_regex - ANNEE - Unexpected value: 0 on line 10635, value should match regexp ^[0-9]{4}$
2019-08-08 05:34:41,293 - VO - FR - LEBONCOIN - 2019-08-01 00:00:00 - ERROR - FILE_CHECK - expect_column_values_to_match_regex - ANNEE - Unexpected value: 0 on line 59960, value should match regexp ^[0-9]{4}$
2019-08-08 05:34:41,293 - VO - FR - LEBONCOIN - 2019-08-01 00:00:00 - ERROR - FILE_CHECK - expect_column_values_to_match_regex - ANNEE - Unexpected value: 0 on line 60938, value should match regexp ^[0-9]{4}$
2019-08-08 05:34:41,293 - VO - FR - LEBONCOIN - 2019-08-01 00:00:00 - ERROR - FILE_CHECK - expect_column_values_to_match_regex - ANNEE - Unexpected value: 0 on line 64531, value should match regexp ^[0-9]{4}$
2019-08-08 05:34:41,293 - VO - FR - LEBONCOIN - 2019-08-01 00:00:00 - ERROR - FILE_CHECK - expect_column_values_to_match_regex - ANNEE - Unexpected value: 0 on line 84077, value should match regexp ^[0-9]{4}$
2019-08-08 05:34:41,293 - VO - FR - LEBONCOIN - 2019-08-01 00:00:00 - ERROR - FILE_CHECK - expect_column_values_to_match_regex - ANNEE - Unexpected value: 0 on line 94969, value should match regexp ^[0-9]{4}$
2019-08-08 05:34:41,293 - VO - FR - LEBONCOIN - 2019-08-01 00:00:00 - ERROR - FILE_CHECK - expect_column_values_to_match_regex - ANNEE - Unexpected value: 0 on line 106564, value should match regexp ^[0-9]{4}$
2019-08-08 05:34:41,293 - VO - FR - LEBONCOIN - 2019-08-01 00:00:00 - ERROR - FILE_CHECK - expect_column_values_to_match_regex - ANNEE - Unexpected value: 0 on line 173046, value should match regexp ^[0-9]{4}$
2019-08-08 05:34:41,293 - VO - FR - LEBONCOIN - 2019-08-01 00:00:00 - ERROR - FILE_CHECK - expect_column_values_to_match_regex - ANNEE - Unexpected value: 0 on line 174278, value should match regexp ^[0-9]{4}$
2019-08-08 05:34:41,293 - VO - FR - LEBONCOIN - 2019-08-01 00:00:00 - ERROR - FILE_CHECK - expect_column_values_to_match_regex - ANNEE - Unexpected value: 0 on line 175513, value should match regexp ^[0-9]{4}$
2019-08-08 05:34:41,293 - VO - FR - LEBONCOIN - 2019-08-01 00:00:00 - ERROR - FILE_CHECK - expect_column_values_to_match_regex - ANNEE - Unexpected value: 0 on line 178529, value should match regexp ^[0-9]{4}$
2019-08-08 05:34:41,293 - VO - FR - LEBONCOIN - 2019-08-01 00:00:00 - ERROR - FILE_CHECK - expect_column_values_to_match_regex - ANNEE - Unexpected value: 0 on line 184425, value should match regexp ^[0-9]{4}$
2019-08-08 05:34:41,293 - VO - FR - LEBONCOIN - 2019-08-01 00:00:00 - ERROR - FILE_CHECK - expect_column_values_to_match_regex - ANNEE - Unexpected value: 0 on line 194137, value should match regexp ^[0-9]{4}$
2019-08-08 05:34:41,293 - VO - FR - LEBONCOIN - 2019-08-01 00:00:00 - ERROR - FILE_CHECK - expect_column_values_to_match_regex - ANNEE - Unexpected value: 0 on line 195648, value should match regexp ^[0-9]{4}$
2019-08-08 05:34:41,293 - VO - FR - LEBONCOIN - 2019-08-01 00:00:00 - ERROR - FILE_CHECK - expect_column_values_to_match_regex - ANNEE - Unexpected value: 0 on line 196825, value should match regexp ^[0-9]{4}$
2019-08-08 05:34:41,293 - VO - FR - LEBONCOIN - 2019-08-01 00:00:00 - ERROR - FILE_CHECK - expect_column_values_to_match_regex - ANNEE - Unexpected value: 0 on line 196970, value should match regexp ^[0-9]{4}$
2019-08-08 05:34:41,293 - VO - FR - LEBONCOIN - 2019-08-01 00:00:00 - ERROR - FILE_CHECK - expect_column_values_to_match_regex - ANNEE - Unexpected value: 0 on line 197780, value should match regexp ^[0-9]{4}$
2019-08-08 05:34:41,293 - VO - FR - LEBONCOIN - 2019-08-01 00:00:00 - ERROR - FILE_CHECK - expect_column_values_to_match_regex - ANNEE - Unexpected value: 0 on line 207377, value should match regexp ^[0-9]{4}$
2019-08-08 05:34:41,293 - VO - FR - LEBONCOIN - 2019-08-01 00:00:00 - ERROR - FILE_CHECK - expect_column_values_to_match_regex - ANNEE - Unexpected value: 0 on line 212789, value should match regexp ^[0-9]{4}$
2019-08-08 05:34:41,294 - VO - FR - LEBONCOIN - 2019-08-01 00:00:00 - ERROR - FILE_CHECK - expect_column_values_to_match_regex - ANNEE - Unexpected value: 0 on line 213935, value should match regexp ^[0-9]{4}$
2019-08-08 05:34:41,294 - VO - FR - LEBONCOIN - 2019-08-01 00:00:00 - ERROR - STAT - expect_column_values_to_match_regex - ANNEE - correctly filled rate (%) - 99.98
2019-08-08 05:34:41,294 - VO - FR - LEBONCOIN - 2019-08-01 00:00:00 - ERROR - STAT - expect_column_values_to_not_be_null - ANNONCE_LINK - correctly filled rate (%) - 100.0
2019-08-08 05:34:41,294 - VO - FR - LEBONCOIN - 2019-08-01 00:00:00 - ERROR - STAT - expect_column_values_to_be_unique - ANNONCE_LINK - observed proportion - 100.0
2019-08-08 05:34:41,294 - VO - FR - LEBONCOIN - 2019-08-01 00:00:00 - ERROR - STAT - expect_column_values_to_not_be_null - CARBURANT - correctly filled rate (%) - 99.86
2019-08-08 05:34:41,294 - VO - FR - LEBONCOIN - 2019-08-01 00:00:00 - ERROR - STAT - expect_column_values_to_not_be_null - CARROSSERIE - correctly filled rate (%) - 0.0
2019-08-08 05:34:41,294 - VO - FR - LEBONCOIN - 2019-08-01 00:00:00 - ERROR - STAT - expect_column_values_to_not_be_null - CP - correctly filled rate (%) - 100.0
2019-08-08 05:34:41,294 - VO - FR - LEBONCOIN - 2019-08-01 00:00:00 - ERROR - STAT - expect_column_values_to_match_regex - CP - correctly filled rate (%) - 94.55
2019-08-08 05:34:41,294 - VO - FR - LEBONCOIN - 2019-08-01 00:00:00 - ERROR - STAT - expect_column_values_to_not_be_null - GARAGE_ID - correctly filled rate (%) - 100.0
2019-08-08 05:34:41,294 - VO - FR - LEBONCOIN - 2019-08-01 00:00:00 - ERROR - STAT - expect_column_values_to_not_be_null - ID_CLIENT - correctly filled rate (%) - 100.0
2019-08-08 05:34:41,294 - VO - FR - LEBONCOIN - 2019-08-01 00:00:00 - ERROR - STAT - expect_column_values_to_be_unique - ID_CLIENT - observed proportion - 100.0
2019-08-08 05:34:41,294 - VO - FR - LEBONCOIN - 2019-08-01 00:00:00 - ERROR - STAT - expect_returning_row_count - EVERY_COLUMNS - total number of rows - 845995
2019-08-08 05:34:41,294 - VO - FR - LEBONCOIN - 2019-08-01 00:00:00 - ERROR - STAT - expect_column_values_to_not_be_null - IMMAT - correctly filled rate (%) - 100.0
2019-08-08 05:34:41,294 - VO - FR - LEBONCOIN - 2019-08-01 00:00:00 - ERROR - STAT - expect_column_values_to_be_in_type_list - KM - correctly filled rate (%) - 100.0
2019-08-08 05:34:41,294 - VO - FR - LEBONCOIN - 2019-08-01 00:00:00 - ERROR - STAT - expect_column_values_to_not_be_null - KM - correctly filled rate (%) - 100.0
2019-08-08 05:34:41,294 - VO - FR - LEBONCOIN - 2019-08-01 00:00:00 - ERROR - STAT - expect_column_values_to_be_in_type_list - LITRE - correctly filled rate (%) - 100.0
2019-08-08 05:34:41,294 - VO - FR - LEBONCOIN - 2019-08-01 00:00:00 - ERROR - STAT - expect_column_values_to_not_be_null - LITRE - correctly filled rate (%) - 100.0
2019-08-08 05:34:41,295 - VO - FR - LEBONCOIN - 2019-08-01 00:00:00 - ERROR - STAT - expect_column_values_to_not_be_null - MARQUE - correctly filled rate (%) - 100.0
2019-08-08 05:34:41,295 - VO - FR - LEBONCOIN - 2019-08-01 00:00:00 - ERROR - STAT - expect_column_values_to_not_be_null - MODELE - correctly filled rate (%) - 91.07
2019-08-08 05:34:41,295 - VO - FR - LEBONCOIN - 2019-08-01 00:00:00 - ERROR - STAT - expect_column_values_to_not_be_null - MOIS - correctly filled rate (%) - 100.0
2019-08-08 05:34:41,295 - VO - FR - LEBONCOIN - 2019-08-01 00:00:00 - ERROR - FILE_CHECK - expect_column_values_to_be_between - MOIS - Unexpected value: 0 on line 0, value should be between 1 and 12
2019-08-08 05:34:41,295 - VO - FR - LEBONCOIN - 2019-08-01 00:00:00 - ERROR - FILE_CHECK - expect_column_values_to_be_between - MOIS - Unexpected value: 0 on line 1, value should be between 1 and 12
2019-08-08 05:34:41,295 - VO - FR - LEBONCOIN - 2019-08-01 00:00:00 - ERROR - FILE_CHECK - expect_column_values_to_be_between - MOIS - Unexpected value: 0 on line 2, value should be between 1 and 12
2019-08-08 05:34:41,295 - VO - FR - LEBONCOIN - 2019-08-01 00:00:00 - ERROR - FILE_CHECK - expect_column_values_to_be_between - MOIS - Unexpected value: 0 on line 3, value should be between 1 and 12
2019-08-08 05:34:41,295 - VO - FR - LEBONCOIN - 2019-08-01 00:00:00 - ERROR - FILE_CHECK - expect_column_values_to_be_between - MOIS - Unexpected value: 0 on line 4, value should be between 1 and 12
2019-08-08 05:34:41,295 - VO - FR - LEBONCOIN - 2019-08-01 00:00:00 - ERROR - FILE_CHECK - expect_column_values_to_be_between - MOIS - Unexpected value: 0 on line 5, value should be between 1 and 12
2019-08-08 05:34:41,295 - VO - FR - LEBONCOIN - 2019-08-01 00:00:00 - ERROR - FILE_CHECK - expect_column_values_to_be_between - MOIS - Unexpected value: 0 on line 6, value should be between 1 and 12
2019-08-08 05:34:41,295 - VO - FR - LEBONCOIN - 2019-08-01 00:00:00 - ERROR - FILE_CHECK - expect_column_values_to_be_between - MOIS - Unexpected value: 0 on line 7, value should be between 1 and 12
2019-08-08 05:34:41,295 - VO - FR - LEBONCOIN - 2019-08-01 00:00:00 - ERROR - FILE_CHECK - expect_column_values_to_be_between - MOIS - Unexpected value: 0 on line 8, value should be between 1 and 12
2019-08-08 05:34:41,295 - VO - FR - LEBONCOIN - 2019-08-01 00:00:00 - ERROR - FILE_CHECK - expect_column_values_to_be_between - MOIS - Unexpected value: 0 on line 9, value should be between 1 and 12
2019-08-08 05:34:41,295 - VO - FR - LEBONCOIN - 2019-08-01 00:00:00 - ERROR - FILE_CHECK - expect_column_values_to_be_between - MOIS - Unexpected value: 0 on line 10, value should be between 1 and 12
2019-08-08 05:34:41,295 - VO - FR - LEBONCOIN - 2019-08-01 00:00:00 - ERROR - FILE_CHECK - expect_column_values_to_be_between - MOIS - Unexpected value: 0 on line 11, value should be between 1 and 12
2019-08-08 05:34:41,295 - VO - FR - LEBONCOIN - 2019-08-01 00:00:00 - ERROR - FILE_CHECK - expect_column_values_to_be_between - MOIS - Unexpected value: 0 on line 12, value should be between 1 and 12
2019-08-08 05:34:41,295 - VO - FR - LEBONCOIN - 2019-08-01 00:00:00 - ERROR - FILE_CHECK - expect_column_values_to_be_between - MOIS - Unexpected value: 0 on line 13, value should be between 1 and 12
2019-08-08 05:34:41,295 - VO - FR - LEBONCOIN - 2019-08-01 00:00:00 - ERROR - FILE_CHECK - expect_column_values_to_be_between - MOIS - Unexpected value: 0 on line 14, value should be between 1 and 12
2019-08-08 05:34:41,296 - VO - FR - LEBONCOIN - 2019-08-01 00:00:00 - ERROR - FILE_CHECK - expect_column_values_to_be_between - MOIS - Unexpected value: 0 on line 15, value should be between 1 and 12
2019-08-08 05:34:41,296 - VO - FR - LEBONCOIN - 2019-08-01 00:00:00 - ERROR - FILE_CHECK - expect_column_values_to_be_between - MOIS - Unexpected value: 0 on line 16, value should be between 1 and 12
2019-08-08 05:34:41,296 - VO - FR - LEBONCOIN - 2019-08-01 00:00:00 - ERROR - FILE_CHECK - expect_column_values_to_be_between - MOIS - Unexpected value: 0 on line 17, value should be between 1 and 12
2019-08-08 05:34:41,296 - VO - FR - LEBONCOIN - 2019-08-01 00:00:00 - ERROR - FILE_CHECK - expect_column_values_to_be_between - MOIS - Unexpected value: 0 on line 18, value should be between 1 and 12
2019-08-08 05:34:41,296 - VO - FR - LEBONCOIN - 2019-08-01 00:00:00 - ERROR - FILE_CHECK - expect_column_values_to_be_between - MOIS - Unexpected value: 0 on line 19, value should be between 1 and 12
2019-08-08 05:34:41,296 - VO - FR - LEBONCOIN - 2019-08-01 00:00:00 - ERROR - STAT - expect_column_values_to_be_between - MOIS - correctly filled rate (%) - 0.0
2019-08-08 05:34:41,296 - VO - FR - LEBONCOIN - 2019-08-01 00:00:00 - ERROR - STAT - expect_column_values_to_match_regex - MOIS - correctly filled rate (%) - 100.0
2019-08-08 05:34:41,296 - VO - FR - LEBONCOIN - 2019-08-01 00:00:00 - ERROR - STAT - expect_column_values_to_not_be_null - NOM - correctly filled rate (%) - 99.98
2019-08-08 05:34:41,296 - VO - FR - LEBONCOIN - 2019-08-01 00:00:00 - ERROR - FILE_CHECK - expect_column_value_lengths_to_be_between - NOM - Unexpected characters count of: [Bmw x3...] on line  56, value length should be between 10 and 255
2019-08-08 05:34:41,296 - VO - FR - LEBONCOIN - 2019-08-01 00:00:00 - ERROR - FILE_CHECK - expect_column_value_lengths_to_be_between - NOM - Unexpected characters count of: [Golf 3...] on line  81, value length should be between 10 and 255
2019-08-08 05:34:41,296 - VO - FR - LEBONCOIN - 2019-08-01 00:00:00 - ERROR - FILE_CHECK - expect_column_value_lengths_to_be_between - NOM - Unexpected characters count of: [C 15...] on line  121, value length should be between 10 and 255
2019-08-08 05:34:41,296 - VO - FR - LEBONCOIN - 2019-08-01 00:00:00 - ERROR - FILE_CHECK - expect_column_value_lengths_to_be_between - NOM - Unexpected characters count of: [Golf2 d...] on line  155, value length should be between 10 and 255
2019-08-08 05:34:41,296 - VO - FR - LEBONCOIN - 2019-08-01 00:00:00 - ERROR - FILE_CHECK - expect_column_value_lengths_to_be_between - NOM - Unexpected characters count of: [Bmw 420 d...] on line  164, value length should be between 10 and 255
2019-08-08 05:34:41,296 - VO - FR - LEBONCOIN - 2019-08-01 00:00:00 - ERROR - FILE_CHECK - expect_column_value_lengths_to_be_between - NOM - Unexpected characters count of: [J9...] on line  173, value length should be between 10 and 255
2019-08-08 05:34:41,296 - VO - FR - LEBONCOIN - 2019-08-01 00:00:00 - ERROR - FILE_CHECK - expect_column_value_lengths_to_be_between - NOM - Unexpected characters count of: [Kangoo...] on line  202, value length should be between 10 and 255
2019-08-08 05:34:41,296 - VO - FR - LEBONCOIN - 2019-08-01 00:00:00 - ERROR - FILE_CHECK - expect_column_value_lengths_to_be_between - NOM - Unexpected characters count of: [Audi a1...] on line  203, value length should be between 10 and 255
2019-08-08 05:34:41,296 - VO - FR - LEBONCOIN - 2019-08-01 00:00:00 - ERROR - FILE_CHECK - expect_column_value_lengths_to_be_between - NOM - Unexpected characters count of: [Bmw 525d...] on line  233, value length should be between 10 and 255
2019-08-08 05:34:41,297 - VO - FR - LEBONCOIN - 2019-08-01 00:00:00 - ERROR - FILE_CHECK - expect_column_value_lengths_to_be_between - NOM - Unexpected characters count of: [Deux J5...] on line  261, value length should be between 10 and 255
2019-08-08 05:34:41,297 - VO - FR - LEBONCOIN - 2019-08-01 00:00:00 - ERROR - FILE_CHECK - expect_column_value_lengths_to_be_between - NOM - Unexpected characters count of: [2 cv 6...] on line  285, value length should be between 10 and 255
2019-08-08 05:34:41,297 - VO - FR - LEBONCOIN - 2019-08-01 00:00:00 - ERROR - FILE_CHECK - expect_column_value_lengths_to_be_between - NOM - Unexpected characters count of: [Trm 4000...] on line  291, value length should be between 10 and 255
2019-08-08 05:34:41,297 - VO - FR - LEBONCOIN - 2019-08-01 00:00:00 - ERROR - FILE_CHECK - expect_column_value_lengths_to_be_between - NOM - Unexpected characters count of: [Avia...] on line  306, value length should be between 10 and 255
2019-08-08 05:34:41,297 - VO - FR - LEBONCOIN - 2019-08-01 00:00:00 - ERROR - FILE_CHECK - expect_column_value_lengths_to_be_between - NOM - Unexpected characters count of: [Subaru GT...] on line  327, value length should be between 10 and 255
2019-08-08 05:34:41,297 - VO - FR - LEBONCOIN - 2019-08-01 00:00:00 - ERROR - FILE_CHECK - expect_column_value_lengths_to_be_between - NOM - Unexpected characters count of: [Iltis 183...] on line  347, value length should be between 10 and 255
2019-08-08 05:34:41,297 - VO - FR - LEBONCOIN - 2019-08-01 00:00:00 - ERROR - FILE_CHECK - expect_column_value_lengths_to_be_between - NOM - Unexpected characters count of: [Jantes...] on line  376, value length should be between 10 and 255
2019-08-08 05:34:41,297 - VO - FR - LEBONCOIN - 2019-08-01 00:00:00 - ERROR - FILE_CHECK - expect_column_value_lengths_to_be_between - NOM - Unexpected characters count of: [Buggy PGO...] on line  463, value length should be between 10 and 255
2019-08-08 05:34:41,297 - VO - FR - LEBONCOIN - 2019-08-01 00:00:00 - ERROR - FILE_CHECK - expect_column_value_lengths_to_be_between - NOM - Unexpected characters count of: [X-Trail...] on line  464, value length should be between 10 and 255
2019-08-08 05:34:41,297 - VO - FR - LEBONCOIN - 2019-08-01 00:00:00 - ERROR - FILE_CHECK - expect_column_value_lengths_to_be_between - NOM - Unexpected characters count of: [Audi 80...] on line  483, value length should be between 10 and 255
2019-08-08 05:34:41,297 - VO - FR - LEBONCOIN - 2019-08-01 00:00:00 - ERROR - FILE_CHECK - expect_column_value_lengths_to_be_between - NOM - Unexpected characters count of: [206 bleu...] on line  484, value length should be between 10 and 255
2019-08-08 05:34:41,297 - VO - FR - LEBONCOIN - 2019-08-01 00:00:00 - ERROR - STAT - expect_column_value_lengths_to_be_between - NOM - correctly filled rate (%) - 94.15
2019-08-08 05:34:41,297 - VO - FR - LEBONCOIN - 2019-08-01 00:00:00 - ERROR - STAT - expect_column_values_to_not_be_null - OPTIONS - correctly filled rate (%) - 100.0
2019-08-08 05:34:41,297 - VO - FR - LEBONCOIN - 2019-08-01 00:00:00 - ERROR - FILE_CHECK - expect_column_value_lengths_to_be_between - OPTIONS - Unexpected characters count of: [Citroen C5 1.6 HDI 1...] on line  0, value length should be between 0 and 255
2019-08-08 05:34:41,297 - VO - FR - LEBONCOIN - 2019-08-01 00:00:00 - ERROR - FILE_CHECK - expect_column_value_lengths_to_be_between - OPTIONS - Unexpected characters count of: [Dacia Duster 1.5 DCI...] on line  1, value length should be between 0 and 255
2019-08-08 05:34:41,297 - VO - FR - LEBONCOIN - 2019-08-01 00:00:00 - ERROR - FILE_CHECK - expect_column_value_lengths_to_be_between - OPTIONS - Unexpected characters count of: [Jeep Willys M201 PAC...] on line  2, value length should be between 0 and 255
2019-08-08 05:34:41,297 - VO - FR - LEBONCOIN - 2019-08-01 00:00:00 - ERROR - FILE_CHECK - expect_column_value_lengths_to_be_between - OPTIONS - Unexpected characters count of: [Renault Modus Confor...] on line  3, value length should be between 0 and 255
2019-08-08 05:34:41,298 - VO - FR - LEBONCOIN - 2019-08-01 00:00:00 - ERROR - FILE_CHECK - expect_column_value_lengths_to_be_between - OPTIONS - Unexpected characters count of: [Peugeot 405 srdt de ...] on line  5, value length should be between 0 and 255
2019-08-08 05:34:41,298 - VO - FR - LEBONCOIN - 2019-08-01 00:00:00 - ERROR - FILE_CHECK - expect_column_value_lengths_to_be_between - OPTIONS - Unexpected characters count of: [Renault clio 3 Model...] on line  6, value length should be between 0 and 255
2019-08-08 05:34:41,298 - VO - FR - LEBONCOIN - 2019-08-01 00:00:00 - ERROR - FILE_CHECK - expect_column_value_lengths_to_be_between - OPTIONS - Unexpected characters count of: [Hyundai ix35 2.0 CRD...] on line  8, value length should be between 0 and 255
2019-08-08 05:34:41,298 - VO - FR - LEBONCOIN - 2019-08-01 00:00:00 - ERROR - FILE_CHECK - expect_column_value_lengths_to_be_between - OPTIONS - Unexpected characters count of: [Jeep Grand Cherokee ...] on line  9, value length should be between 0 and 255
2019-08-08 05:34:41,298 - VO - FR - LEBONCOIN - 2019-08-01 00:00:00 - ERROR - FILE_CHECK - expect_column_value_lengths_to_be_between - OPTIONS - Unexpected characters count of: [***Notre garage est ...] on line  11, value length should be between 0 and 255
2019-08-08 05:34:41,298 - VO - FR - LEBONCOIN - 2019-08-01 00:00:00 - ERROR - FILE_CHECK - expect_column_value_lengths_to_be_between - OPTIONS - Unexpected characters count of: [Mini Countryman COOP...] on line  12, value length should be between 0 and 255
2019-08-08 05:34:41,298 - VO - FR - LEBONCOIN - 2019-08-01 00:00:00 - ERROR - FILE_CHECK - expect_column_value_lengths_to_be_between - OPTIONS - Unexpected characters count of: [Carrosserie Cavalcar...] on line  14, value length should be between 0 and 255
2019-08-08 05:34:41,298 - VO - FR - LEBONCOIN - 2019-08-01 00:00:00 - ERROR - FILE_CHECK - expect_column_value_lengths_to_be_between - OPTIONS - Unexpected characters count of: [Renault Master 2.3 D...] on line  15, value length should be between 0 and 255
2019-08-08 05:34:41,298 - VO - FR - LEBONCOIN - 2019-08-01 00:00:00 - ERROR - FILE_CHECK - expect_column_value_lengths_to_be_between - OPTIONS - Unexpected characters count of: [renault b120 de 1996...] on line  16, value length should be between 0 and 255
2019-08-08 05:34:41,298 - VO - FR - LEBONCOIN - 2019-08-01 00:00:00 - ERROR - FILE_CHECK - expect_column_value_lengths_to_be_between - OPTIONS - Unexpected characters count of: [Peugeot 206 + 1.4 HD...] on line  17, value length should be between 0 and 255
2019-08-08 05:34:41,298 - VO - FR - LEBONCOIN - 2019-08-01 00:00:00 - ERROR - FILE_CHECK - expect_column_value_lengths_to_be_between - OPTIONS - Unexpected characters count of: [BMW Serie 5 (F 10) 5...] on line  18, value length should be between 0 and 255
2019-08-08 05:34:41,298 - VO - FR - LEBONCOIN - 2019-08-01 00:00:00 - ERROR - FILE_CHECK - expect_column_value_lengths_to_be_between - OPTIONS - Unexpected characters count of: [Opel Vectra GTS 2.2 ...] on line  19, value length should be between 0 and 255
2019-08-08 05:34:41,298 - VO - FR - LEBONCOIN - 2019-08-01 00:00:00 - ERROR - FILE_CHECK - expect_column_value_lengths_to_be_between - OPTIONS - Unexpected characters count of: [Seat Arosa 1.7 SDI60...] on line  20, value length should be between 0 and 255
2019-08-08 05:34:41,298 - VO - FR - LEBONCOIN - 2019-08-01 00:00:00 - ERROR - FILE_CHECK - expect_column_value_lengths_to_be_between - OPTIONS - Unexpected characters count of: [Mercedes Classe S (W...] on line  21, value length should be between 0 and 255
2019-08-08 05:34:41,298 - VO - FR - LEBONCOIN - 2019-08-01 00:00:00 - ERROR - FILE_CHECK - expect_column_value_lengths_to_be_between - OPTIONS - Unexpected characters count of: [Fiat Doblo 1.3 JTD90...] on line  22, value length should be between 0 and 255
2019-08-08 05:34:41,298 - VO - FR - LEBONCOIN - 2019-08-01 00:00:00 - ERROR - FILE_CHECK - expect_column_value_lengths_to_be_between - OPTIONS - Unexpected characters count of: [Peugeot 308 SW 1.6 H...] on line  23, value length should be between 0 and 255
2019-08-08 05:34:41,298 - VO - FR - LEBONCOIN - 2019-08-01 00:00:00 - ERROR - STAT - expect_column_value_lengths_to_be_between - OPTIONS - correctly filled rate (%) - 21.18
2019-08-08 05:34:41,299 - VO - FR - LEBONCOIN - 2019-08-01 00:00:00 - ERROR - STAT - expect_column_values_to_be_in_type_list - PHOTO - correctly filled rate (%) - 100.0
2019-08-08 05:34:41,299 - VO - FR - LEBONCOIN - 2019-08-01 00:00:00 - ERROR - STAT - expect_column_values_to_not_be_null - PHOTO - correctly filled rate (%) - 100.0
2019-08-08 05:34:41,299 - VO - FR - LEBONCOIN - 2019-08-01 00:00:00 - ERROR - STAT - expect_column_values_to_not_be_null - PLACE - correctly filled rate (%) - 0.0
2019-08-08 05:34:41,299 - VO - FR - LEBONCOIN - 2019-08-01 00:00:00 - ERROR - STAT - expect_column_values_to_not_be_null - PORTE - correctly filled rate (%) - 0.0
2019-08-08 05:34:41,299 - VO - FR - LEBONCOIN - 2019-08-01 00:00:00 - ERROR - STAT - expect_column_values_to_be_in_type_list - PRIX - correctly filled rate (%) - 100.0
2019-08-08 05:34:41,299 - VO - FR - LEBONCOIN - 2019-08-01 00:00:00 - ERROR - STAT - expect_column_values_to_not_be_null - PRIX - correctly filled rate (%) - 100.0
2019-08-08 05:34:41,299 - VO - FR - LEBONCOIN - 2019-08-01 00:00:00 - ERROR - STAT - expect_column_values_to_not_be_null - PROVINCE - correctly filled rate (%) - 0.0
2019-08-08 05:34:41,299 - VO - FR - LEBONCOIN - 2019-08-01 00:00:00 - ERROR - STAT - expect_column_values_to_not_be_null - SITE - correctly filled rate (%) - 100.0
2019-08-08 05:34:41,299 - VO - FR - LEBONCOIN - 2019-08-01 00:00:00 - ERROR - STAT - expect_column_values_to_not_be_null - TELEPHONE - correctly filled rate (%) - 91.56
2019-08-08 05:34:41,299 - VO - FR - LEBONCOIN - 2019-08-01 00:00:00 - ERROR - STAT - expect_column_values_to_be_phone_number - TELEPHONE - correctly filled rate (%) - 100.0
2019-08-08 05:34:41,299 - VO - FR - LEBONCOIN - 2019-08-01 00:00:00 - ERROR - STAT - expect_column_values_to_not_be_null - TYPE - correctly filled rate (%) - 100.0
2019-08-08 05:34:41,299 - VO - FR - LEBONCOIN - 2019-08-01 00:00:00 - ERROR - STAT - expect_column_values_to_be_in_set_2 - TYPE - observed proportion - 100.0
2019-08-08 05:34:41,299 - VO - FR - LEBONCOIN - 2019-08-01 00:00:00 - ERROR - STAT - expect_column_values_to_not_be_null - VILLE - correctly filled rate (%) - 99.39
2019-08-08 05:34:41,299 - VO - FR - LEBONCOIN - 2019-08-01 00:00:00 - ERROR - STAT - expect_column_values_to_not_be_null - VN_IND - correctly filled rate (%) - 0.0
2019-08-08 05:34:41,299 - VO - FR - LEBONCOIN - 2019-08-01 00:00:00 - ERROR - STAT - expect_returning_row_count_on_conditions - DEALER_USEDCARS - total number of row with conditions - 460998
2019-08-08 05:34:41,299 - VO - FR - LEBONCOIN - 2019-08-01 00:00:00 - ERROR - STAT - expect_returning_row_count_on_conditions - PRIVATE_USEDCARS - total number of row with conditions - 384997
2019-08-08 05:34:41,299 - VO - FR - LEBONCOIN - 2019-08-01 00:00:00 - ERROR - STAT - expect_returning_row_unique_count - MARQUE_CORRECTED - total number of unique rows - 13128
2019-08-08 05:34:41,300 - VO - FR - LEBONCOIN - 2019-08-01 00:00:00 - ERROR - STAT - expect_returning_row_unique_count - MODELE_CORRECTED - total number of unique rows - 1717
2019-08-08 05:34:41,300 - VO - FR - LEBONCOIN - 2019-08-01 00:00:00 - ERROR - STAT - expect_returning_row_unique_count - CARROSSERIE - total number of unique rows - 0
2019-08-08 05:34:41,300 - VO - FR - LEBONCOIN - 2019-08-01 00:00:00 - ERROR - STAT - expect_returning_row_unique_count - CARBURANT - total number of unique rows - 7
2019-08-08 05:34:41,300 - VO - FR - LEBONCOIN - 2019-08-01 00:00:00 - ERROR - STAT - expect_column_values_to_not_be_null - CYLINDRE - correctly filled rate (%) - 42.1
2019-08-08 05:34:41,300 - VO - FR - LEBONCOIN - 2019-08-01 00:00:00 - ERROR - FILE_CHECK - expect_column_values_to_be_in_type_list - CYLINDRE - Wrong type for value: 1.6 on line 0 should be in ['int']
2019-08-08 05:34:41,300 - VO - FR - LEBONCOIN - 2019-08-01 00:00:00 - ERROR - FILE_CHECK - expect_column_values_to_be_in_type_list - CYLINDRE - Wrong type for value: 1.5 on line 1 should be in ['int']
2019-08-08 05:34:41,300 - VO - FR - LEBONCOIN - 2019-08-01 00:00:00 - ERROR - FILE_CHECK - expect_column_values_to_be_in_type_list - CYLINDRE - Wrong type for value: 2.0 on line 8 should be in ['int']
2019-08-08 05:34:41,300 - VO - FR - LEBONCOIN - 2019-08-01 00:00:00 - ERROR - FILE_CHECK - expect_column_values_to_be_in_type_list - CYLINDRE - Wrong type for value: 3.0 on line 9 should be in ['int']
2019-08-08 05:34:41,300 - VO - FR - LEBONCOIN - 2019-08-01 00:00:00 - ERROR - FILE_CHECK - expect_column_values_to_be_in_type_list - CYLINDRE - Wrong type for value: 1.6 on line 11 should be in ['int']
2019-08-08 05:34:41,300 - VO - FR - LEBONCOIN - 2019-08-01 00:00:00 - ERROR - FILE_CHECK - expect_column_values_to_be_in_type_list - CYLINDRE - Wrong type for value: 2.3 on line 15 should be in ['int']
2019-08-08 05:34:41,300 - VO - FR - LEBONCOIN - 2019-08-01 00:00:00 - ERROR - FILE_CHECK - expect_column_values_to_be_in_type_list - CYLINDRE - Wrong type for value: 1.4 on line 17 should be in ['int']
2019-08-08 05:34:41,300 - VO - FR - LEBONCOIN - 2019-08-01 00:00:00 - ERROR - FILE_CHECK - expect_column_values_to_be_in_type_list - CYLINDRE - Wrong type for value: 2.2 on line 19 should be in ['int']
2019-08-08 05:34:41,300 - VO - FR - LEBONCOIN - 2019-08-01 00:00:00 - ERROR - FILE_CHECK - expect_column_values_to_be_in_type_list - CYLINDRE - Wrong type for value: 1.7 on line 20 should be in ['int']
2019-08-08 05:34:41,300 - VO - FR - LEBONCOIN - 2019-08-01 00:00:00 - ERROR - FILE_CHECK - expect_column_values_to_be_in_type_list - CYLINDRE - Wrong type for value: 1.3 on line 22 should be in ['int']
2019-08-08 05:34:41,300 - VO - FR - LEBONCOIN - 2019-08-01 00:00:00 - ERROR - FILE_CHECK - expect_column_values_to_be_in_type_list - CYLINDRE - Wrong type for value: 1.6 on line 23 should be in ['int']
2019-08-08 05:34:41,300 - VO - FR - LEBONCOIN - 2019-08-01 00:00:00 - ERROR - FILE_CHECK - expect_column_values_to_be_in_type_list - CYLINDRE - Wrong type for value: 1.6 on line 25 should be in ['int']
2019-08-08 05:34:41,301 - VO - FR - LEBONCOIN - 2019-08-01 00:00:00 - ERROR - FILE_CHECK - expect_column_values_to_be_in_type_list - CYLINDRE - Wrong type for value: 1.6 on line 26 should be in ['int']
2019-08-08 05:34:41,301 - VO - FR - LEBONCOIN - 2019-08-01 00:00:00 - ERROR - FILE_CHECK - expect_column_values_to_be_in_type_list - CYLINDRE - Wrong type for value: 1.6 on line 27 should be in ['int']
2019-08-08 05:34:41,301 - VO - FR - LEBONCOIN - 2019-08-01 00:00:00 - ERROR - FILE_CHECK - expect_column_values_to_be_in_type_list - CYLINDRE - Wrong type for value: 1.5 on line 28 should be in ['int']
2019-08-08 05:34:41,301 - VO - FR - LEBONCOIN - 2019-08-01 00:00:00 - ERROR - FILE_CHECK - expect_column_values_to_be_in_type_list - CYLINDRE - Wrong type for value: 2.8 on line 37 should be in ['int']
2019-08-08 05:34:41,301 - VO - FR - LEBONCOIN - 2019-08-01 00:00:00 - ERROR - FILE_CHECK - expect_column_values_to_be_in_type_list - CYLINDRE - Wrong type for value: 1.4 on line 39 should be in ['int']
2019-08-08 05:34:41,301 - VO - FR - LEBONCOIN - 2019-08-01 00:00:00 - ERROR - FILE_CHECK - expect_column_values_to_be_in_type_list - CYLINDRE - Wrong type for value: 1.6 on line 42 should be in ['int']
2019-08-08 05:34:41,301 - VO - FR - LEBONCOIN - 2019-08-01 00:00:00 - ERROR - FILE_CHECK - expect_column_values_to_be_in_type_list - CYLINDRE - Wrong type for value: 1.6 on line 43 should be in ['int']
2019-08-08 05:34:41,301 - VO - FR - LEBONCOIN - 2019-08-01 00:00:00 - ERROR - FILE_CHECK - expect_column_values_to_be_in_type_list - CYLINDRE - Wrong type for value: 1.2 on line 44 should be in ['int']
2019-08-08 05:34:41,301 - VO - FR - LEBONCOIN - 2019-08-01 00:00:00 - ERROR - STAT - expect_column_values_to_be_in_type_list - CYLINDRE - correctly filled rate (%) - 0.0
2019-08-08 05:34:41,301 - VO - FR - LEBONCOIN - 2019-08-01 00:00:00 - ERROR - STAT - expect_returning_row_unique_count - PROVINCE - total number of unique rows - 0
2019-08-08 05:34:41,301 - VO - FR - LEBONCOIN - 2019-08-01 00:00:00 - ERROR - STAT - expect_returning_row_unique_count - VILLE - total number of unique rows - 25653
2019-08-08 05:34:41,301 - VO - FR - LEBONCOIN - 2019-08-01 00:00:00 - ERROR - STAT - expect_returning_row_unique_count - DEPARTEMENT - total number of unique rows - 96
