2019-12-17 08:12:41,077 - VO - NL - MARKTPLAATS - 2019-12-01 00:00:00 - ERROR - FILE_VALIDATE - expect_file_to_be_validated - EVERY_COLUMNS - False - 0
2019-12-17 08:12:41,077 - VO - NL - MARKTPLAATS - 2019-12-01 00:00:00 - ERROR - STAT - expect_column_values_to_not_be_null - ADRESSE - correctly filled rate (%) - 0.0
2019-12-17 08:12:41,077 - VO - NL - MARKTPLAATS - 2019-12-01 00:00:00 - ERROR - FILE_VALIDATE - expect_column_values_to_not_be_null - ADRESSE - False - 0
2019-12-17 08:12:41,077 - VO - NL - MARKTPLAATS - 2019-12-01 00:00:00 - ERROR - STAT - expect_column_values_to_be_in_type_list - ANNEE - correctly filled rate (%) - 100.0
2019-12-17 08:12:41,077 - VO - NL - MARKTPLAATS - 2019-12-01 00:00:00 - ERROR - FILE_VALIDATE - expect_column_values_to_be_in_type_list - ANNEE - True - 1
2019-12-17 08:12:41,077 - VO - NL - MARKTPLAATS - 2019-12-01 00:00:00 - ERROR - STAT - expect_column_values_to_be_between - ANNEE - correctly filled rate (%) - 97.82
2019-12-17 08:12:41,077 - VO - NL - MARKTPLAATS - 2019-12-01 00:00:00 - ERROR - STAT - expect_column_values_to_be_between - ANNEE - unexpected count - 4634
2019-12-17 08:12:41,077 - VO - NL - MARKTPLAATS - 2019-12-01 00:00:00 - ERROR - FILE_VALIDATE - expect_column_values_to_be_between - ANNEE - True - 1
2019-12-17 08:12:41,077 - VO - NL - MARKTPLAATS - 2019-12-01 00:00:00 - ERROR - STAT - expect_column_values_to_not_be_null - ANNEE - correctly filled rate (%) - 100.0
2019-12-17 08:12:41,078 - VO - NL - MARKTPLAATS - 2019-12-01 00:00:00 - ERROR - FILE_VALIDATE - expect_column_values_to_not_be_null - ANNEE - True - 1
2019-12-17 08:12:41,078 - VO - NL - MARKTPLAATS - 2019-12-01 00:00:00 - ERROR - FILE_CHECK - expect_column_values_to_match_regex - ANNEE - Unexpected value: 0 on line 0, value should match regexp ^[0-9]{4}$
2019-12-17 08:12:41,078 - VO - NL - MARKTPLAATS - 2019-12-01 00:00:00 - ERROR - FILE_CHECK - expect_column_values_to_match_regex - ANNEE - Unexpected value: 0 on line 1, value should match regexp ^[0-9]{4}$
2019-12-17 08:12:41,078 - VO - NL - MARKTPLAATS - 2019-12-01 00:00:00 - ERROR - FILE_CHECK - expect_column_values_to_match_regex - ANNEE - Unexpected value: 0 on line 3, value should match regexp ^[0-9]{4}$
2019-12-17 08:12:41,078 - VO - NL - MARKTPLAATS - 2019-12-01 00:00:00 - ERROR - FILE_CHECK - expect_column_values_to_match_regex - ANNEE - Unexpected value: 0 on line 4, value should match regexp ^[0-9]{4}$
2019-12-17 08:12:41,078 - VO - NL - MARKTPLAATS - 2019-12-01 00:00:00 - ERROR - FILE_CHECK - expect_column_values_to_match_regex - ANNEE - Unexpected value: 0 on line 6, value should match regexp ^[0-9]{4}$
2019-12-17 08:12:41,078 - VO - NL - MARKTPLAATS - 2019-12-01 00:00:00 - ERROR - FILE_CHECK - expect_column_values_to_match_regex - ANNEE - Unexpected value: 0 on line 7, value should match regexp ^[0-9]{4}$
2019-12-17 08:12:41,078 - VO - NL - MARKTPLAATS - 2019-12-01 00:00:00 - ERROR - FILE_CHECK - expect_column_values_to_match_regex - ANNEE - Unexpected value: 0 on line 8, value should match regexp ^[0-9]{4}$
2019-12-17 08:12:41,078 - VO - NL - MARKTPLAATS - 2019-12-01 00:00:00 - ERROR - FILE_CHECK - expect_column_values_to_match_regex - ANNEE - Unexpected value: 0 on line 9, value should match regexp ^[0-9]{4}$
2019-12-17 08:12:41,078 - VO - NL - MARKTPLAATS - 2019-12-01 00:00:00 - ERROR - FILE_CHECK - expect_column_values_to_match_regex - ANNEE - Unexpected value: 0 on line 11, value should match regexp ^[0-9]{4}$
2019-12-17 08:12:41,078 - VO - NL - MARKTPLAATS - 2019-12-01 00:00:00 - ERROR - FILE_CHECK - expect_column_values_to_match_regex - ANNEE - Unexpected value: 0 on line 60, value should match regexp ^[0-9]{4}$
2019-12-17 08:12:41,078 - VO - NL - MARKTPLAATS - 2019-12-01 00:00:00 - ERROR - FILE_CHECK - expect_column_values_to_match_regex - ANNEE - Unexpected value: 0 on line 61, value should match regexp ^[0-9]{4}$
2019-12-17 08:12:41,078 - VO - NL - MARKTPLAATS - 2019-12-01 00:00:00 - ERROR - FILE_CHECK - expect_column_values_to_match_regex - ANNEE - Unexpected value: 0 on line 62, value should match regexp ^[0-9]{4}$
2019-12-17 08:12:41,078 - VO - NL - MARKTPLAATS - 2019-12-01 00:00:00 - ERROR - FILE_CHECK - expect_column_values_to_match_regex - ANNEE - Unexpected value: 0 on line 63, value should match regexp ^[0-9]{4}$
2019-12-17 08:12:41,078 - VO - NL - MARKTPLAATS - 2019-12-01 00:00:00 - ERROR - FILE_CHECK - expect_column_values_to_match_regex - ANNEE - Unexpected value: 0 on line 64, value should match regexp ^[0-9]{4}$
2019-12-17 08:12:41,078 - VO - NL - MARKTPLAATS - 2019-12-01 00:00:00 - ERROR - FILE_CHECK - expect_column_values_to_match_regex - ANNEE - Unexpected value: 0 on line 65, value should match regexp ^[0-9]{4}$
2019-12-17 08:12:41,078 - VO - NL - MARKTPLAATS - 2019-12-01 00:00:00 - ERROR - FILE_CHECK - expect_column_values_to_match_regex - ANNEE - Unexpected value: 0 on line 71, value should match regexp ^[0-9]{4}$
2019-12-17 08:12:41,078 - VO - NL - MARKTPLAATS - 2019-12-01 00:00:00 - ERROR - FILE_CHECK - expect_column_values_to_match_regex - ANNEE - Unexpected value: 0 on line 73, value should match regexp ^[0-9]{4}$
2019-12-17 08:12:41,079 - VO - NL - MARKTPLAATS - 2019-12-01 00:00:00 - ERROR - FILE_CHECK - expect_column_values_to_match_regex - ANNEE - Unexpected value: 0 on line 76, value should match regexp ^[0-9]{4}$
2019-12-17 08:12:41,079 - VO - NL - MARKTPLAATS - 2019-12-01 00:00:00 - ERROR - FILE_CHECK - expect_column_values_to_match_regex - ANNEE - Unexpected value: 0 on line 77, value should match regexp ^[0-9]{4}$
2019-12-17 08:12:41,079 - VO - NL - MARKTPLAATS - 2019-12-01 00:00:00 - ERROR - FILE_CHECK - expect_column_values_to_match_regex - ANNEE - Unexpected value: 0 on line 81, value should match regexp ^[0-9]{4}$
2019-12-17 08:12:41,079 - VO - NL - MARKTPLAATS - 2019-12-01 00:00:00 - ERROR - STAT - expect_column_values_to_match_regex - ANNEE - correctly filled rate (%) - 98.96
2019-12-17 08:12:41,079 - VO - NL - MARKTPLAATS - 2019-12-01 00:00:00 - ERROR - FILE_VALIDATE - expect_column_values_to_match_regex - ANNEE - False - 0
2019-12-17 08:12:41,079 - VO - NL - MARKTPLAATS - 2019-12-01 00:00:00 - ERROR - STAT - expect_column_values_to_not_be_null - ANNONCE_LINK - correctly filled rate (%) - 100.0
2019-12-17 08:12:41,079 - VO - NL - MARKTPLAATS - 2019-12-01 00:00:00 - ERROR - FILE_VALIDATE - expect_column_values_to_not_be_null - ANNONCE_LINK - True - 1
2019-12-17 08:12:41,079 - VO - NL - MARKTPLAATS - 2019-12-01 00:00:00 - ERROR - STAT - expect_column_values_to_be_unique - ANNONCE_LINK - observed proportion - 100.0
2019-12-17 08:12:41,079 - VO - NL - MARKTPLAATS - 2019-12-01 00:00:00 - ERROR - FILE_VALIDATE - expect_column_values_to_be_unique - ANNONCE_LINK - True - 1
2019-12-17 08:12:41,079 - VO - NL - MARKTPLAATS - 2019-12-01 00:00:00 - ERROR - STAT - expect_column_values_to_not_be_null - CARBURANT - correctly filled rate (%) - 96.05
2019-12-17 08:12:41,079 - VO - NL - MARKTPLAATS - 2019-12-01 00:00:00 - ERROR - FILE_VALIDATE - expect_column_values_to_not_be_null - CARBURANT - True - 1
2019-12-17 08:12:41,079 - VO - NL - MARKTPLAATS - 2019-12-01 00:00:00 - ERROR - STAT - expect_column_values_to_not_be_null - CARROSSERIE - correctly filled rate (%) - 93.07
2019-12-17 08:12:41,079 - VO - NL - MARKTPLAATS - 2019-12-01 00:00:00 - ERROR - FILE_VALIDATE - expect_column_values_to_not_be_null - CARROSSERIE - True - 1
2019-12-17 08:12:41,079 - VO - NL - MARKTPLAATS - 2019-12-01 00:00:00 - ERROR - STAT - expect_column_values_to_not_be_null - CP - correctly filled rate (%) - 0.0
2019-12-17 08:12:41,079 - VO - NL - MARKTPLAATS - 2019-12-01 00:00:00 - ERROR - FILE_VALIDATE - expect_column_values_to_not_be_null - CP - False - 0
2019-12-17 08:12:41,079 - VO - NL - MARKTPLAATS - 2019-12-01 00:00:00 - ERROR - STAT - expect_column_values_to_not_be_null - GARAGE_ID - correctly filled rate (%) - 100.0
2019-12-17 08:12:41,079 - VO - NL - MARKTPLAATS - 2019-12-01 00:00:00 - ERROR - FILE_VALIDATE - expect_column_values_to_not_be_null - GARAGE_ID - True - 1
2019-12-17 08:12:41,079 - VO - NL - MARKTPLAATS - 2019-12-01 00:00:00 - ERROR - STAT - expect_column_values_to_not_be_null - ID_CLIENT - correctly filled rate (%) - 100.0
2019-12-17 08:12:41,080 - VO - NL - MARKTPLAATS - 2019-12-01 00:00:00 - ERROR - FILE_VALIDATE - expect_column_values_to_not_be_null - ID_CLIENT - True - 1
2019-12-17 08:12:41,080 - VO - NL - MARKTPLAATS - 2019-12-01 00:00:00 - ERROR - STAT - expect_column_values_to_be_unique - ID_CLIENT - observed proportion - 100.0
2019-12-17 08:12:41,080 - VO - NL - MARKTPLAATS - 2019-12-01 00:00:00 - ERROR - FILE_VALIDATE - expect_column_values_to_be_unique - ID_CLIENT - True - 1
2019-12-17 08:12:41,080 - VO - NL - MARKTPLAATS - 2019-12-01 00:00:00 - ERROR - STAT - expect_returning_row_count - EVERY_COLUMNS - total number of rows - 212480
2019-12-17 08:12:41,080 - VO - NL - MARKTPLAATS - 2019-12-01 00:00:00 - ERROR - STAT - expect_column_values_to_not_be_null - IMMAT - correctly filled rate (%) - 100.0
2019-12-17 08:12:41,080 - VO - NL - MARKTPLAATS - 2019-12-01 00:00:00 - ERROR - FILE_VALIDATE - expect_column_values_to_not_be_null - IMMAT - True - 1
2019-12-17 08:12:41,080 - VO - NL - MARKTPLAATS - 2019-12-01 00:00:00 - ERROR - STAT - expect_column_values_to_be_in_type_list - KM - correctly filled rate (%) - 100.0
2019-12-17 08:12:41,080 - VO - NL - MARKTPLAATS - 2019-12-01 00:00:00 - ERROR - FILE_VALIDATE - expect_column_values_to_be_in_type_list - KM - True - 1
2019-12-17 08:12:41,080 - VO - NL - MARKTPLAATS - 2019-12-01 00:00:00 - ERROR - STAT - expect_column_values_to_not_be_null - KM - correctly filled rate (%) - 100.0
2019-12-17 08:12:41,080 - VO - NL - MARKTPLAATS - 2019-12-01 00:00:00 - ERROR - FILE_VALIDATE - expect_column_values_to_not_be_null - KM - True - 1
2019-12-17 08:12:41,080 - VO - NL - MARKTPLAATS - 2019-12-01 00:00:00 - ERROR - STAT - expect_column_values_to_be_in_type_list - LITRE - correctly filled rate (%) - 100.0
2019-12-17 08:12:41,080 - VO - NL - MARKTPLAATS - 2019-12-01 00:00:00 - ERROR - FILE_VALIDATE - expect_column_values_to_be_in_type_list - LITRE - True - 1
2019-12-17 08:12:41,080 - VO - NL - MARKTPLAATS - 2019-12-01 00:00:00 - ERROR - STAT - expect_column_values_to_not_be_null - LITRE - correctly filled rate (%) - 100.0
2019-12-17 08:12:41,080 - VO - NL - MARKTPLAATS - 2019-12-01 00:00:00 - ERROR - FILE_VALIDATE - expect_column_values_to_not_be_null - LITRE - True - 1
2019-12-17 08:12:41,080 - VO - NL - MARKTPLAATS - 2019-12-01 00:00:00 - ERROR - STAT - expect_column_values_to_not_be_null - MARQUE - correctly filled rate (%) - 100.0
2019-12-17 08:12:41,080 - VO - NL - MARKTPLAATS - 2019-12-01 00:00:00 - ERROR - FILE_VALIDATE - expect_column_values_to_not_be_null - MARQUE - True - 1
2019-12-17 08:12:41,080 - VO - NL - MARKTPLAATS - 2019-12-01 00:00:00 - ERROR - STAT - expect_column_values_to_not_be_null - MODELE - correctly filled rate (%) - 88.06
2019-12-17 08:12:41,081 - VO - NL - MARKTPLAATS - 2019-12-01 00:00:00 - ERROR - FILE_VALIDATE - expect_column_values_to_not_be_null - MODELE - False - 0
2019-12-17 08:12:41,081 - VO - NL - MARKTPLAATS - 2019-12-01 00:00:00 - ERROR - STAT - expect_column_values_to_not_be_null - MOIS - correctly filled rate (%) - 100.0
2019-12-17 08:12:41,081 - VO - NL - MARKTPLAATS - 2019-12-01 00:00:00 - ERROR - FILE_VALIDATE - expect_column_values_to_not_be_null - MOIS - True - 1
2019-12-17 08:12:41,081 - VO - NL - MARKTPLAATS - 2019-12-01 00:00:00 - ERROR - FILE_CHECK - expect_column_values_to_be_between - MOIS - Unexpected value: 0 on line 0, value should be between 1 and 12
2019-12-17 08:12:41,081 - VO - NL - MARKTPLAATS - 2019-12-01 00:00:00 - ERROR - FILE_CHECK - expect_column_values_to_be_between - MOIS - Unexpected value: 0 on line 1, value should be between 1 and 12
2019-12-17 08:12:41,081 - VO - NL - MARKTPLAATS - 2019-12-01 00:00:00 - ERROR - FILE_CHECK - expect_column_values_to_be_between - MOIS - Unexpected value: 0 on line 2, value should be between 1 and 12
2019-12-17 08:12:41,081 - VO - NL - MARKTPLAATS - 2019-12-01 00:00:00 - ERROR - FILE_CHECK - expect_column_values_to_be_between - MOIS - Unexpected value: 0 on line 3, value should be between 1 and 12
2019-12-17 08:12:41,081 - VO - NL - MARKTPLAATS - 2019-12-01 00:00:00 - ERROR - FILE_CHECK - expect_column_values_to_be_between - MOIS - Unexpected value: 0 on line 4, value should be between 1 and 12
2019-12-17 08:12:41,081 - VO - NL - MARKTPLAATS - 2019-12-01 00:00:00 - ERROR - FILE_CHECK - expect_column_values_to_be_between - MOIS - Unexpected value: 0 on line 5, value should be between 1 and 12
2019-12-17 08:12:41,081 - VO - NL - MARKTPLAATS - 2019-12-01 00:00:00 - ERROR - FILE_CHECK - expect_column_values_to_be_between - MOIS - Unexpected value: 0 on line 6, value should be between 1 and 12
2019-12-17 08:12:41,081 - VO - NL - MARKTPLAATS - 2019-12-01 00:00:00 - ERROR - FILE_CHECK - expect_column_values_to_be_between - MOIS - Unexpected value: 0 on line 7, value should be between 1 and 12
2019-12-17 08:12:41,081 - VO - NL - MARKTPLAATS - 2019-12-01 00:00:00 - ERROR - FILE_CHECK - expect_column_values_to_be_between - MOIS - Unexpected value: 0 on line 8, value should be between 1 and 12
2019-12-17 08:12:41,081 - VO - NL - MARKTPLAATS - 2019-12-01 00:00:00 - ERROR - FILE_CHECK - expect_column_values_to_be_between - MOIS - Unexpected value: 0 on line 9, value should be between 1 and 12
2019-12-17 08:12:41,081 - VO - NL - MARKTPLAATS - 2019-12-01 00:00:00 - ERROR - FILE_CHECK - expect_column_values_to_be_between - MOIS - Unexpected value: 0 on line 10, value should be between 1 and 12
2019-12-17 08:12:41,081 - VO - NL - MARKTPLAATS - 2019-12-01 00:00:00 - ERROR - FILE_CHECK - expect_column_values_to_be_between - MOIS - Unexpected value: 0 on line 11, value should be between 1 and 12
2019-12-17 08:12:41,081 - VO - NL - MARKTPLAATS - 2019-12-01 00:00:00 - ERROR - FILE_CHECK - expect_column_values_to_be_between - MOIS - Unexpected value: 0 on line 12, value should be between 1 and 12
2019-12-17 08:12:41,081 - VO - NL - MARKTPLAATS - 2019-12-01 00:00:00 - ERROR - FILE_CHECK - expect_column_values_to_be_between - MOIS - Unexpected value: 0 on line 13, value should be between 1 and 12
2019-12-17 08:12:41,081 - VO - NL - MARKTPLAATS - 2019-12-01 00:00:00 - ERROR - FILE_CHECK - expect_column_values_to_be_between - MOIS - Unexpected value: 0 on line 14, value should be between 1 and 12
2019-12-17 08:12:41,082 - VO - NL - MARKTPLAATS - 2019-12-01 00:00:00 - ERROR - FILE_CHECK - expect_column_values_to_be_between - MOIS - Unexpected value: 0 on line 15, value should be between 1 and 12
2019-12-17 08:12:41,082 - VO - NL - MARKTPLAATS - 2019-12-01 00:00:00 - ERROR - FILE_CHECK - expect_column_values_to_be_between - MOIS - Unexpected value: 0 on line 16, value should be between 1 and 12
2019-12-17 08:12:41,082 - VO - NL - MARKTPLAATS - 2019-12-01 00:00:00 - ERROR - FILE_CHECK - expect_column_values_to_be_between - MOIS - Unexpected value: 0 on line 17, value should be between 1 and 12
2019-12-17 08:12:41,082 - VO - NL - MARKTPLAATS - 2019-12-01 00:00:00 - ERROR - FILE_CHECK - expect_column_values_to_be_between - MOIS - Unexpected value: 0 on line 18, value should be between 1 and 12
2019-12-17 08:12:41,082 - VO - NL - MARKTPLAATS - 2019-12-01 00:00:00 - ERROR - FILE_CHECK - expect_column_values_to_be_between - MOIS - Unexpected value: 0 on line 19, value should be between 1 and 12
2019-12-17 08:12:41,082 - VO - NL - MARKTPLAATS - 2019-12-01 00:00:00 - ERROR - STAT - expect_column_values_to_be_between - MOIS - correctly filled rate (%) - 72.9
2019-12-17 08:12:41,082 - VO - NL - MARKTPLAATS - 2019-12-01 00:00:00 - ERROR - STAT - expect_column_values_to_be_between - MOIS - unexpected count - 57587
2019-12-17 08:12:41,082 - VO - NL - MARKTPLAATS - 2019-12-01 00:00:00 - ERROR - FILE_VALIDATE - expect_column_values_to_be_between - MOIS - False - 0
2019-12-17 08:12:41,082 - VO - NL - MARKTPLAATS - 2019-12-01 00:00:00 - ERROR - STAT - expect_column_values_to_match_regex - MOIS - correctly filled rate (%) - 100.0
2019-12-17 08:12:41,082 - VO - NL - MARKTPLAATS - 2019-12-01 00:00:00 - ERROR - FILE_VALIDATE - expect_column_values_to_match_regex - MOIS - True - 1
2019-12-17 08:12:41,082 - VO - NL - MARKTPLAATS - 2019-12-01 00:00:00 - ERROR - STAT - expect_column_values_to_not_be_null - NOM - correctly filled rate (%) - 100.0
2019-12-17 08:12:41,082 - VO - NL - MARKTPLAATS - 2019-12-01 00:00:00 - ERROR - FILE_VALIDATE - expect_column_values_to_not_be_null - NOM - True - 1
2019-12-17 08:12:41,082 - VO - NL - MARKTPLAATS - 2019-12-01 00:00:00 - ERROR - FILE_CHECK - expect_column_value_lengths_to_be_between - NOM - Unexpected characters count of: [Trabant...] on line  8382, value length should be between 10 and 255
2019-12-17 08:12:41,082 - VO - NL - MARKTPLAATS - 2019-12-01 00:00:00 - ERROR - FILE_CHECK - expect_column_value_lengths_to_be_between - NOM - Unexpected characters count of: [Sb-213-j...] on line  8473, value length should be between 10 and 255
2019-12-17 08:12:41,082 - VO - NL - MARKTPLAATS - 2019-12-01 00:00:00 - ERROR - FILE_CHECK - expect_column_value_lengths_to_be_between - NOM - Unexpected characters count of: [Audi a4...] on line  8553, value length should be between 10 and 255
2019-12-17 08:12:41,082 - VO - NL - MARKTPLAATS - 2019-12-01 00:00:00 - ERROR - FILE_CHECK - expect_column_value_lengths_to_be_between - NOM - Unexpected characters count of: [Lada 2101...] on line  8651, value length should be between 10 and 255
2019-12-17 08:12:41,082 - VO - NL - MARKTPLAATS - 2019-12-01 00:00:00 - ERROR - FILE_CHECK - expect_column_value_lengths_to_be_between - NOM - Unexpected characters count of: [Audi 80...] on line  8655, value length should be between 10 and 255
2019-12-17 08:12:41,083 - VO - NL - MARKTPLAATS - 2019-12-01 00:00:00 - ERROR - FILE_CHECK - expect_column_value_lengths_to_be_between - NOM - Unexpected characters count of: [bmw x5...] on line  8903, value length should be between 10 and 255
2019-12-17 08:12:41,083 - VO - NL - MARKTPLAATS - 2019-12-01 00:00:00 - ERROR - FILE_CHECK - expect_column_value_lengths_to_be_between - NOM - Unexpected characters count of: [Audi A7...] on line  8929, value length should be between 10 and 255
2019-12-17 08:12:41,083 - VO - NL - MARKTPLAATS - 2019-12-01 00:00:00 - ERROR - FILE_CHECK - expect_column_value_lengths_to_be_between - NOM - Unexpected characters count of: [Mga 1600...] on line  9011, value length should be between 10 and 255
2019-12-17 08:12:41,083 - VO - NL - MARKTPLAATS - 2019-12-01 00:00:00 - ERROR - FILE_CHECK - expect_column_value_lengths_to_be_between - NOM - Unexpected characters count of: [Audi A6...] on line  9061, value length should be between 10 and 255
2019-12-17 08:12:41,083 - VO - NL - MARKTPLAATS - 2019-12-01 00:00:00 - ERROR - FILE_CHECK - expect_column_value_lengths_to_be_between - NOM - Unexpected characters count of: [Dieplader...] on line  9178, value length should be between 10 and 255
2019-12-17 08:12:41,083 - VO - NL - MARKTPLAATS - 2019-12-01 00:00:00 - ERROR - FILE_CHECK - expect_column_value_lengths_to_be_between - NOM - Unexpected characters count of: [auto...] on line  9250, value length should be between 10 and 255
2019-12-17 08:12:41,083 - VO - NL - MARKTPLAATS - 2019-12-01 00:00:00 - ERROR - FILE_CHECK - expect_column_value_lengths_to_be_between - NOM - Unexpected characters count of: [Te huur...] on line  9267, value length should be between 10 and 255
2019-12-17 08:12:41,083 - VO - NL - MARKTPLAATS - 2019-12-01 00:00:00 - ERROR - FILE_CHECK - expect_column_value_lengths_to_be_between - NOM - Unexpected characters count of: [auto...] on line  9467, value length should be between 10 and 255
2019-12-17 08:12:41,083 - VO - NL - MARKTPLAATS - 2019-12-01 00:00:00 - ERROR - FILE_CHECK - expect_column_value_lengths_to_be_between - NOM - Unexpected characters count of: [auto...] on line  9469, value length should be between 10 and 255
2019-12-17 08:12:41,083 - VO - NL - MARKTPLAATS - 2019-12-01 00:00:00 - ERROR - FILE_CHECK - expect_column_value_lengths_to_be_between - NOM - Unexpected characters count of: [MG midget...] on line  9657, value length should be between 10 and 255
2019-12-17 08:12:41,083 - VO - NL - MARKTPLAATS - 2019-12-01 00:00:00 - ERROR - FILE_CHECK - expect_column_value_lengths_to_be_between - NOM - Unexpected characters count of: [Bmw...] on line  9722, value length should be between 10 and 255
2019-12-17 08:12:41,083 - VO - NL - MARKTPLAATS - 2019-12-01 00:00:00 - ERROR - FILE_CHECK - expect_column_value_lengths_to_be_between - NOM - Unexpected characters count of: [oldtimer...] on line  9726, value length should be between 10 and 255
2019-12-17 08:12:41,083 - VO - NL - MARKTPLAATS - 2019-12-01 00:00:00 - ERROR - FILE_CHECK - expect_column_value_lengths_to_be_between - NOM - Unexpected characters count of: [Veetruck...] on line  10018, value length should be between 10 and 255
2019-12-17 08:12:41,083 - VO - NL - MARKTPLAATS - 2019-12-01 00:00:00 - ERROR - FILE_CHECK - expect_column_value_lengths_to_be_between - NOM - Unexpected characters count of: [Mercedes...] on line  10057, value length should be between 10 and 255
2019-12-17 08:12:41,083 - VO - NL - MARKTPLAATS - 2019-12-01 00:00:00 - ERROR - FILE_CHECK - expect_column_value_lengths_to_be_between - NOM - Unexpected characters count of: [chevrolet...] on line  10189, value length should be between 10 and 255
2019-12-17 08:12:41,083 - VO - NL - MARKTPLAATS - 2019-12-01 00:00:00 - ERROR - STAT - expect_column_value_lengths_to_be_between - NOM - correctly filled rate (%) - 99.9
2019-12-17 08:12:41,083 - VO - NL - MARKTPLAATS - 2019-12-01 00:00:00 - ERROR - FILE_VALIDATE - expect_column_value_lengths_to_be_between - NOM - False - 0
2019-12-17 08:12:41,083 - VO - NL - MARKTPLAATS - 2019-12-01 00:00:00 - ERROR - STAT - expect_column_values_to_not_be_null - OPTIONS - correctly filled rate (%) - 92.05
2019-12-17 08:12:41,084 - VO - NL - MARKTPLAATS - 2019-12-01 00:00:00 - ERROR - FILE_VALIDATE - expect_column_values_to_not_be_null - OPTIONS - True - 1
2019-12-17 08:12:41,084 - VO - NL - MARKTPLAATS - 2019-12-01 00:00:00 - ERROR - FILE_CHECK - expect_column_value_lengths_to_be_between - OPTIONS - Unexpected characters count of: [Bekleding leder, Cru...] on line  8173, value length should be between 0 and 255
2019-12-17 08:12:41,084 - VO - NL - MARKTPLAATS - 2019-12-01 00:00:00 - ERROR - FILE_CHECK - expect_column_value_lengths_to_be_between - OPTIONS - Unexpected characters count of: [Bekleding leder, Cru...] on line  8190, value length should be between 0 and 255
2019-12-17 08:12:41,084 - VO - NL - MARKTPLAATS - 2019-12-01 00:00:00 - ERROR - FILE_CHECK - expect_column_value_lengths_to_be_between - OPTIONS - Unexpected characters count of: [Bekleding leder, Cru...] on line  8191, value length should be between 0 and 255
2019-12-17 08:12:41,084 - VO - NL - MARKTPLAATS - 2019-12-01 00:00:00 - ERROR - FILE_CHECK - expect_column_value_lengths_to_be_between - OPTIONS - Unexpected characters count of: [Cruise Control, Boor...] on line  8211, value length should be between 0 and 255
2019-12-17 08:12:41,084 - VO - NL - MARKTPLAATS - 2019-12-01 00:00:00 - ERROR - FILE_CHECK - expect_column_value_lengths_to_be_between - OPTIONS - Unexpected characters count of: [Bekleding leder, Cru...] on line  8216, value length should be between 0 and 255
2019-12-17 08:12:41,084 - VO - NL - MARKTPLAATS - 2019-12-01 00:00:00 - ERROR - FILE_CHECK - expect_column_value_lengths_to_be_between - OPTIONS - Unexpected characters count of: [Cruise Control, Blue...] on line  8237, value length should be between 0 and 255
2019-12-17 08:12:41,084 - VO - NL - MARKTPLAATS - 2019-12-01 00:00:00 - ERROR - FILE_CHECK - expect_column_value_lengths_to_be_between - OPTIONS - Unexpected characters count of: [Cruise Control, Blue...] on line  8242, value length should be between 0 and 255
2019-12-17 08:12:41,084 - VO - NL - MARKTPLAATS - 2019-12-01 00:00:00 - ERROR - FILE_CHECK - expect_column_value_lengths_to_be_between - OPTIONS - Unexpected characters count of: [Cruise Control, Star...] on line  8245, value length should be between 0 and 255
2019-12-17 08:12:41,084 - VO - NL - MARKTPLAATS - 2019-12-01 00:00:00 - ERROR - FILE_CHECK - expect_column_value_lengths_to_be_between - OPTIONS - Unexpected characters count of: [Bekleding leder, Cru...] on line  8248, value length should be between 0 and 255
2019-12-17 08:12:41,084 - VO - NL - MARKTPLAATS - 2019-12-01 00:00:00 - ERROR - FILE_CHECK - expect_column_value_lengths_to_be_between - OPTIONS - Unexpected characters count of: [Bekleding leder, Cru...] on line  8250, value length should be between 0 and 255
2019-12-17 08:12:41,084 - VO - NL - MARKTPLAATS - 2019-12-01 00:00:00 - ERROR - FILE_CHECK - expect_column_value_lengths_to_be_between - OPTIONS - Unexpected characters count of: [Cruise Control, Star...] on line  8255, value length should be between 0 and 255
2019-12-17 08:12:41,084 - VO - NL - MARKTPLAATS - 2019-12-01 00:00:00 - ERROR - FILE_CHECK - expect_column_value_lengths_to_be_between - OPTIONS - Unexpected characters count of: [Cruise Control, Star...] on line  8269, value length should be between 0 and 255
2019-12-17 08:12:41,084 - VO - NL - MARKTPLAATS - 2019-12-01 00:00:00 - ERROR - FILE_CHECK - expect_column_value_lengths_to_be_between - OPTIONS - Unexpected characters count of: [Bekleding leder, Cru...] on line  8279, value length should be between 0 and 255
2019-12-17 08:12:41,084 - VO - NL - MARKTPLAATS - 2019-12-01 00:00:00 - ERROR - FILE_CHECK - expect_column_value_lengths_to_be_between - OPTIONS - Unexpected characters count of: [Cruise Control, Blue...] on line  8282, value length should be between 0 and 255
2019-12-17 08:12:41,084 - VO - NL - MARKTPLAATS - 2019-12-01 00:00:00 - ERROR - FILE_CHECK - expect_column_value_lengths_to_be_between - OPTIONS - Unexpected characters count of: [Bekleding leder, Cru...] on line  8298, value length should be between 0 and 255
2019-12-17 08:12:41,084 - VO - NL - MARKTPLAATS - 2019-12-01 00:00:00 - ERROR - FILE_CHECK - expect_column_value_lengths_to_be_between - OPTIONS - Unexpected characters count of: [Cruise Control, Star...] on line  8300, value length should be between 0 and 255
2019-12-17 08:12:41,084 - VO - NL - MARKTPLAATS - 2019-12-01 00:00:00 - ERROR - FILE_CHECK - expect_column_value_lengths_to_be_between - OPTIONS - Unexpected characters count of: [Bekleding leder, Cru...] on line  8302, value length should be between 0 and 255
2019-12-17 08:12:41,085 - VO - NL - MARKTPLAATS - 2019-12-01 00:00:00 - ERROR - FILE_CHECK - expect_column_value_lengths_to_be_between - OPTIONS - Unexpected characters count of: [Metallic lak, Bekled...] on line  8303, value length should be between 0 and 255
2019-12-17 08:12:41,085 - VO - NL - MARKTPLAATS - 2019-12-01 00:00:00 - ERROR - FILE_CHECK - expect_column_value_lengths_to_be_between - OPTIONS - Unexpected characters count of: [Cruise Control, Star...] on line  8318, value length should be between 0 and 255
2019-12-17 08:12:41,085 - VO - NL - MARKTPLAATS - 2019-12-01 00:00:00 - ERROR - FILE_CHECK - expect_column_value_lengths_to_be_between - OPTIONS - Unexpected characters count of: [Cruise Control, Star...] on line  8327, value length should be between 0 and 255
2019-12-17 08:12:41,085 - VO - NL - MARKTPLAATS - 2019-12-01 00:00:00 - ERROR - STAT - expect_column_value_lengths_to_be_between - OPTIONS - correctly filled rate (%) - 45.43
2019-12-17 08:12:41,085 - VO - NL - MARKTPLAATS - 2019-12-01 00:00:00 - ERROR - FILE_VALIDATE - expect_column_value_lengths_to_be_between - OPTIONS - False - 0
2019-12-17 08:12:41,085 - VO - NL - MARKTPLAATS - 2019-12-01 00:00:00 - ERROR - STAT - expect_column_values_to_be_in_type_list - PHOTO - correctly filled rate (%) - 100.0
2019-12-17 08:12:41,085 - VO - NL - MARKTPLAATS - 2019-12-01 00:00:00 - ERROR - FILE_VALIDATE - expect_column_values_to_be_in_type_list - PHOTO - True - 1
2019-12-17 08:12:41,085 - VO - NL - MARKTPLAATS - 2019-12-01 00:00:00 - ERROR - STAT - expect_column_values_to_not_be_null - PHOTO - correctly filled rate (%) - 100.0
2019-12-17 08:12:41,085 - VO - NL - MARKTPLAATS - 2019-12-01 00:00:00 - ERROR - FILE_VALIDATE - expect_column_values_to_not_be_null - PHOTO - True - 1
2019-12-17 08:12:41,085 - VO - NL - MARKTPLAATS - 2019-12-01 00:00:00 - ERROR - STAT - expect_column_values_to_not_be_null - PLACE - correctly filled rate (%) - 0.0
2019-12-17 08:12:41,085 - VO - NL - MARKTPLAATS - 2019-12-01 00:00:00 - ERROR - FILE_VALIDATE - expect_column_values_to_not_be_null - PLACE - False - 0
2019-12-17 08:12:41,085 - VO - NL - MARKTPLAATS - 2019-12-01 00:00:00 - ERROR - STAT - expect_column_values_to_not_be_null - PORTE - correctly filled rate (%) - 0.0
2019-12-17 08:12:41,085 - VO - NL - MARKTPLAATS - 2019-12-01 00:00:00 - ERROR - FILE_VALIDATE - expect_column_values_to_not_be_null - PORTE - False - 0
2019-12-17 08:12:41,085 - VO - NL - MARKTPLAATS - 2019-12-01 00:00:00 - ERROR - STAT - expect_column_values_to_be_in_type_list - PRIX - correctly filled rate (%) - 100.0
2019-12-17 08:12:41,085 - VO - NL - MARKTPLAATS - 2019-12-01 00:00:00 - ERROR - FILE_VALIDATE - expect_column_values_to_be_in_type_list - PRIX - True - 1
2019-12-17 08:12:41,085 - VO - NL - MARKTPLAATS - 2019-12-01 00:00:00 - ERROR - STAT - expect_column_values_to_not_be_null - PRIX - correctly filled rate (%) - 100.0
2019-12-17 08:12:41,085 - VO - NL - MARKTPLAATS - 2019-12-01 00:00:00 - ERROR - FILE_VALIDATE - expect_column_values_to_not_be_null - PRIX - True - 1
2019-12-17 08:12:41,086 - VO - NL - MARKTPLAATS - 2019-12-01 00:00:00 - ERROR - STAT - expect_column_values_to_not_be_null - PROVINCE - correctly filled rate (%) - 0.0
2019-12-17 08:12:41,086 - VO - NL - MARKTPLAATS - 2019-12-01 00:00:00 - ERROR - FILE_VALIDATE - expect_column_values_to_not_be_null - PROVINCE - False - 0
2019-12-17 08:12:41,086 - VO - NL - MARKTPLAATS - 2019-12-01 00:00:00 - ERROR - STAT - expect_column_values_to_not_be_null - SITE - correctly filled rate (%) - 100.0
2019-12-17 08:12:41,086 - VO - NL - MARKTPLAATS - 2019-12-01 00:00:00 - ERROR - FILE_VALIDATE - expect_column_values_to_not_be_null - SITE - True - 1
2019-12-17 08:12:41,086 - VO - NL - MARKTPLAATS - 2019-12-01 00:00:00 - ERROR - STAT - expect_column_values_to_not_be_null - TELEPHONE - correctly filled rate (%) - 95.52
2019-12-17 08:12:41,086 - VO - NL - MARKTPLAATS - 2019-12-01 00:00:00 - ERROR - FILE_VALIDATE - expect_column_values_to_not_be_null - TELEPHONE - True - 1
2019-12-17 08:12:41,086 - VO - NL - MARKTPLAATS - 2019-12-01 00:00:00 - ERROR - STAT - expect_column_values_to_be_phone_number - TELEPHONE - correctly filled rate (%) - 99.98
2019-12-17 08:12:41,086 - VO - NL - MARKTPLAATS - 2019-12-01 00:00:00 - ERROR - FILE_VALIDATE - expect_column_values_to_be_phone_number - TELEPHONE - True - 1
2019-12-17 08:12:41,086 - VO - NL - MARKTPLAATS - 2019-12-01 00:00:00 - ERROR - STAT - expect_column_values_to_not_be_null - TYPE - correctly filled rate (%) - 99.86
2019-12-17 08:12:41,086 - VO - NL - MARKTPLAATS - 2019-12-01 00:00:00 - ERROR - FILE_VALIDATE - expect_column_values_to_not_be_null - TYPE - True - 1
2019-12-17 08:12:41,086 - VO - NL - MARKTPLAATS - 2019-12-01 00:00:00 - ERROR - STAT - expect_column_values_to_be_in_set_2 - TYPE - observed proportion - 100.0
2019-12-17 08:12:41,086 - VO - NL - MARKTPLAATS - 2019-12-01 00:00:00 - ERROR - STAT - expect_column_values_to_not_be_null - VILLE - correctly filled rate (%) - 100.0
2019-12-17 08:12:41,086 - VO - NL - MARKTPLAATS - 2019-12-01 00:00:00 - ERROR - FILE_VALIDATE - expect_column_values_to_not_be_null - VILLE - True - 1
2019-12-17 08:12:41,086 - VO - NL - MARKTPLAATS - 2019-12-01 00:00:00 - ERROR - STAT - expect_column_values_to_not_be_null - VN_IND - correctly filled rate (%) - 100.0
2019-12-17 08:12:41,086 - VO - NL - MARKTPLAATS - 2019-12-01 00:00:00 - ERROR - FILE_VALIDATE - expect_column_values_to_not_be_null - VN_IND - True - 1
2019-12-17 08:12:41,086 - VO - NL - MARKTPLAATS - 2019-12-01 00:00:00 - ERROR - STAT - expect_column_values_to_be_in_set - VN_IND - correctly filled rate (%) - 100.0
2019-12-17 08:12:41,086 - VO - NL - MARKTPLAATS - 2019-12-01 00:00:00 - ERROR - FILE_VALIDATE - expect_column_values_to_be_in_set - VN_IND - True - 1
2019-12-17 08:12:41,087 - VO - NL - MARKTPLAATS - 2019-12-01 00:00:00 - ERROR - STAT - expect_returning_row_count_on_conditions - DEALER_USEDCARS - total number of row with conditions - 180888
2019-12-17 08:12:41,087 - VO - NL - MARKTPLAATS - 2019-12-01 00:00:00 - ERROR - STAT - expect_returning_row_count_on_conditions - PRIVATE_USEDCARS - total number of row with conditions - 31295
2019-12-17 08:12:41,087 - VO - NL - MARKTPLAATS - 2019-12-01 00:00:00 - ERROR - STAT - expect_returning_row_unique_count - MARQUE_CORRECTED - total number of unique rows - 571
2019-12-17 08:12:41,087 - VO - NL - MARKTPLAATS - 2019-12-01 00:00:00 - ERROR - STAT - expect_returning_row_unique_count - MODELE_CORRECTED - total number of unique rows - 1328
2019-12-17 08:12:41,087 - VO - NL - MARKTPLAATS - 2019-12-01 00:00:00 - ERROR - STAT - expect_returning_row_unique_count - CARROSSERIE - total number of unique rows - 49
2019-12-17 08:12:41,087 - VO - NL - MARKTPLAATS - 2019-12-01 00:00:00 - ERROR - STAT - expect_returning_row_unique_count - CARBURANT - total number of unique rows - 8
2019-12-17 08:12:41,087 - VO - NL - MARKTPLAATS - 2019-12-01 00:00:00 - ERROR - STAT - expect_column_values_to_not_be_null - CYLINDRE - correctly filled rate (%) - 94.01
2019-12-17 08:12:41,087 - VO - NL - MARKTPLAATS - 2019-12-01 00:00:00 - ERROR - FILE_VALIDATE - expect_column_values_to_not_be_null - CYLINDRE - True - 1
2019-12-17 08:12:41,087 - VO - NL - MARKTPLAATS - 2019-12-01 00:00:00 - ERROR - FILE_CHECK - expect_column_values_to_be_in_type_list - CYLINDRE - Wrong type for value: 1.6 on line 10 should be in ['int']
2019-12-17 08:12:41,087 - VO - NL - MARKTPLAATS - 2019-12-01 00:00:00 - ERROR - FILE_CHECK - expect_column_values_to_be_in_type_list - CYLINDRE - Wrong type for value: 1.8 on line 13 should be in ['int']
2019-12-17 08:12:41,087 - VO - NL - MARKTPLAATS - 2019-12-01 00:00:00 - ERROR - FILE_CHECK - expect_column_values_to_be_in_type_list - CYLINDRE - Wrong type for value: 1.3 on line 16 should be in ['int']
2019-12-17 08:12:41,087 - VO - NL - MARKTPLAATS - 2019-12-01 00:00:00 - ERROR - FILE_CHECK - expect_column_values_to_be_in_type_list - CYLINDRE - Wrong type for value: 1.4 on line 17 should be in ['int']
2019-12-17 08:12:41,087 - VO - NL - MARKTPLAATS - 2019-12-01 00:00:00 - ERROR - FILE_CHECK - expect_column_values_to_be_in_type_list - CYLINDRE - Wrong type for value: 1.4 on line 18 should be in ['int']
2019-12-17 08:12:41,087 - VO - NL - MARKTPLAATS - 2019-12-01 00:00:00 - ERROR - FILE_CHECK - expect_column_values_to_be_in_type_list - CYLINDRE - Wrong type for value: 1.6 on line 19 should be in ['int']
2019-12-17 08:12:41,087 - VO - NL - MARKTPLAATS - 2019-12-01 00:00:00 - ERROR - FILE_CHECK - expect_column_values_to_be_in_type_list - CYLINDRE - Wrong type for value: 1.2 on line 20 should be in ['int']
2019-12-17 08:12:41,087 - VO - NL - MARKTPLAATS - 2019-12-01 00:00:00 - ERROR - FILE_CHECK - expect_column_values_to_be_in_type_list - CYLINDRE - Wrong type for value: 1.2 on line 21 should be in ['int']
2019-12-17 08:12:41,087 - VO - NL - MARKTPLAATS - 2019-12-01 00:00:00 - ERROR - FILE_CHECK - expect_column_values_to_be_in_type_list - CYLINDRE - Wrong type for value: 2.0 on line 22 should be in ['int']
2019-12-17 08:12:41,087 - VO - NL - MARKTPLAATS - 2019-12-01 00:00:00 - ERROR - FILE_CHECK - expect_column_values_to_be_in_type_list - CYLINDRE - Wrong type for value: 1.6 on line 23 should be in ['int']
2019-12-17 08:12:41,088 - VO - NL - MARKTPLAATS - 2019-12-01 00:00:00 - ERROR - FILE_CHECK - expect_column_values_to_be_in_type_list - CYLINDRE - Wrong type for value: 1.6 on line 24 should be in ['int']
2019-12-17 08:12:41,088 - VO - NL - MARKTPLAATS - 2019-12-01 00:00:00 - ERROR - FILE_CHECK - expect_column_values_to_be_in_type_list - CYLINDRE - Wrong type for value: 1.4 on line 25 should be in ['int']
2019-12-17 08:12:41,088 - VO - NL - MARKTPLAATS - 2019-12-01 00:00:00 - ERROR - FILE_CHECK - expect_column_values_to_be_in_type_list - CYLINDRE - Wrong type for value: 1.2 on line 26 should be in ['int']
2019-12-17 08:12:41,088 - VO - NL - MARKTPLAATS - 2019-12-01 00:00:00 - ERROR - FILE_CHECK - expect_column_values_to_be_in_type_list - CYLINDRE - Wrong type for value: 1.4 on line 28 should be in ['int']
2019-12-17 08:12:41,088 - VO - NL - MARKTPLAATS - 2019-12-01 00:00:00 - ERROR - FILE_CHECK - expect_column_values_to_be_in_type_list - CYLINDRE - Wrong type for value: 2.0 on line 29 should be in ['int']
2019-12-17 08:12:41,088 - VO - NL - MARKTPLAATS - 2019-12-01 00:00:00 - ERROR - FILE_CHECK - expect_column_values_to_be_in_type_list - CYLINDRE - Wrong type for value: 1.8 on line 30 should be in ['int']
2019-12-17 08:12:41,088 - VO - NL - MARKTPLAATS - 2019-12-01 00:00:00 - ERROR - FILE_CHECK - expect_column_values_to_be_in_type_list - CYLINDRE - Wrong type for value: 2.0 on line 31 should be in ['int']
2019-12-17 08:12:41,088 - VO - NL - MARKTPLAATS - 2019-12-01 00:00:00 - ERROR - FILE_CHECK - expect_column_values_to_be_in_type_list - CYLINDRE - Wrong type for value: 1.8 on line 32 should be in ['int']
2019-12-17 08:12:41,088 - VO - NL - MARKTPLAATS - 2019-12-01 00:00:00 - ERROR - FILE_CHECK - expect_column_values_to_be_in_type_list - CYLINDRE - Wrong type for value: 2.0 on line 33 should be in ['int']
2019-12-17 08:12:41,088 - VO - NL - MARKTPLAATS - 2019-12-01 00:00:00 - ERROR - FILE_CHECK - expect_column_values_to_be_in_type_list - CYLINDRE - Wrong type for value: 1.8 on line 34 should be in ['int']
2019-12-17 08:12:41,088 - VO - NL - MARKTPLAATS - 2019-12-01 00:00:00 - ERROR - STAT - expect_column_values_to_be_in_type_list - CYLINDRE - correctly filled rate (%) - 0.0
2019-12-17 08:12:41,088 - VO - NL - MARKTPLAATS - 2019-12-01 00:00:00 - ERROR - FILE_VALIDATE - expect_column_values_to_be_in_type_list - CYLINDRE - False - 0
2019-12-17 08:12:41,088 - VO - NL - MARKTPLAATS - 2019-12-01 00:00:00 - ERROR - STAT - expect_returning_row_unique_count - PROVINCE - total number of unique rows - 0
2019-12-17 08:12:41,088 - VO - NL - MARKTPLAATS - 2019-12-01 00:00:00 - ERROR - STAT - expect_returning_row_unique_count - VILLE - total number of unique rows - 2011
2019-12-17 08:12:41,088 - VO - NL - MARKTPLAATS - 2019-12-01 00:00:00 - ERROR - STAT - expect_returning_row_unique_count - DEPARTEMENT - total number of unique rows - 0
