2019-05-14 15:54:16,340 - IMMO - UK - RIGHTMOVE - 2019-04-01 00:00:00 - ERROR - STAT - expect_column_values_to_not_be_null - ACHAT_LOC - correctly filled rate (%) - 100.0
2019-05-14 15:54:16,340 - IMMO - UK - RIGHTMOVE - 2019-04-01 00:00:00 - ERROR - STAT - expect_column_values_to_be_in_set - ACHAT_LOC - correctly filled rate (%) - 100.0
2019-05-14 15:54:16,341 - IMMO - UK - RIGHTMOVE - 2019-04-01 00:00:00 - ERROR - STAT - expect_column_values_to_not_be_null - ADRESSE - correctly filled rate (%) - 17.0
2019-05-14 15:54:16,341 - IMMO - UK - RIGHTMOVE - 2019-04-01 00:00:00 - ERROR - STAT - expect_column_values_to_not_be_null - AGENCE_ADRESSE - correctly filled rate (%) - 92.39
2019-05-14 15:54:16,341 - IMMO - UK - RIGHTMOVE - 2019-04-01 00:00:00 - ERROR - STAT - expect_column_values_to_not_be_null - AGENCE_CP - correctly filled rate (%) - 91.71
2019-05-14 15:54:16,341 - IMMO - UK - RIGHTMOVE - 2019-04-01 00:00:00 - ERROR - STAT - expect_column_values_to_not_be_null - AGENCE_ID - correctly filled rate (%) - 100.0
2019-05-14 15:54:16,341 - IMMO - UK - RIGHTMOVE - 2019-04-01 00:00:00 - ERROR - STAT - expect_column_values_to_not_be_null - AGENCE_NOM - correctly filled rate (%) - 98.32
2019-05-14 15:54:16,341 - IMMO - UK - RIGHTMOVE - 2019-04-01 00:00:00 - ERROR - FILE_CHECK - expect_column_values_to_be_phone_number - AGENCE_TEL - Unexpected value: 1455385061.0 on line 0, value should match a phone number format
2019-05-14 15:54:16,341 - IMMO - UK - RIGHTMOVE - 2019-04-01 00:00:00 - ERROR - FILE_CHECK - expect_column_values_to_be_phone_number - AGENCE_TEL - Unexpected value: 1582934157.0 on line 1, value should match a phone number format
2019-05-14 15:54:16,341 - IMMO - UK - RIGHTMOVE - 2019-04-01 00:00:00 - ERROR - FILE_CHECK - expect_column_values_to_be_phone_number - AGENCE_TEL - Unexpected value: 1423429111.0 on line 2, value should match a phone number format
2019-05-14 15:54:16,341 - IMMO - UK - RIGHTMOVE - 2019-04-01 00:00:00 - ERROR - FILE_CHECK - expect_column_values_to_be_phone_number - AGENCE_TEL - Unexpected value: 1773437107.0 on line 3, value should match a phone number format
2019-05-14 15:54:16,341 - IMMO - UK - RIGHTMOVE - 2019-04-01 00:00:00 - ERROR - FILE_CHECK - expect_column_values_to_be_phone_number - AGENCE_TEL - Unexpected value: 1452902024.0 on line 4, value should match a phone number format
2019-05-14 15:54:16,341 - IMMO - UK - RIGHTMOVE - 2019-04-01 00:00:00 - ERROR - FILE_CHECK - expect_column_values_to_be_phone_number - AGENCE_TEL - Unexpected value: 1565365009.0 on line 5, value should match a phone number format
2019-05-14 15:54:16,341 - IMMO - UK - RIGHTMOVE - 2019-04-01 00:00:00 - ERROR - FILE_CHECK - expect_column_values_to_be_phone_number - AGENCE_TEL - Unexpected value: 3455564122.0 on line 6, value should match a phone number format
2019-05-14 15:54:16,341 - IMMO - UK - RIGHTMOVE - 2019-04-01 00:00:00 - ERROR - FILE_CHECK - expect_column_values_to_be_phone_number - AGENCE_TEL - Unexpected value: 1270388017.0 on line 7, value should match a phone number format
2019-05-14 15:54:16,341 - IMMO - UK - RIGHTMOVE - 2019-04-01 00:00:00 - ERROR - FILE_CHECK - expect_column_values_to_be_phone_number - AGENCE_TEL - Unexpected value: 1738318033.0 on line 8, value should match a phone number format
2019-05-14 15:54:16,341 - IMMO - UK - RIGHTMOVE - 2019-04-01 00:00:00 - ERROR - FILE_CHECK - expect_column_values_to_be_phone_number - AGENCE_TEL - Unexpected value: 2080125236.0 on line 9, value should match a phone number format
2019-05-14 15:54:16,341 - IMMO - UK - RIGHTMOVE - 2019-04-01 00:00:00 - ERROR - FILE_CHECK - expect_column_values_to_be_phone_number - AGENCE_TEL - Unexpected value: 1698650083.0 on line 10, value should match a phone number format
2019-05-14 15:54:16,341 - IMMO - UK - RIGHTMOVE - 2019-04-01 00:00:00 - ERROR - FILE_CHECK - expect_column_values_to_be_phone_number - AGENCE_TEL - Unexpected value: 2038582663.0 on line 11, value should match a phone number format
2019-05-14 15:54:16,341 - IMMO - UK - RIGHTMOVE - 2019-04-01 00:00:00 - ERROR - FILE_CHECK - expect_column_values_to_be_phone_number - AGENCE_TEL - Unexpected value: 1707900044.0 on line 12, value should match a phone number format
2019-05-14 15:54:16,342 - IMMO - UK - RIGHTMOVE - 2019-04-01 00:00:00 - ERROR - FILE_CHECK - expect_column_values_to_be_phone_number - AGENCE_TEL - Unexpected value: 2080127402.0 on line 13, value should match a phone number format
2019-05-14 15:54:16,342 - IMMO - UK - RIGHTMOVE - 2019-04-01 00:00:00 - ERROR - FILE_CHECK - expect_column_values_to_be_phone_number - AGENCE_TEL - Unexpected value: 1207778012.0 on line 14, value should match a phone number format
2019-05-14 15:54:16,342 - IMMO - UK - RIGHTMOVE - 2019-04-01 00:00:00 - ERROR - FILE_CHECK - expect_column_values_to_be_phone_number - AGENCE_TEL - Unexpected value: 1213961125.0 on line 15, value should match a phone number format
2019-05-14 15:54:16,342 - IMMO - UK - RIGHTMOVE - 2019-04-01 00:00:00 - ERROR - FILE_CHECK - expect_column_values_to_be_phone_number - AGENCE_TEL - Unexpected value: 2382200440.0 on line 16, value should match a phone number format
2019-05-14 15:54:16,342 - IMMO - UK - RIGHTMOVE - 2019-04-01 00:00:00 - ERROR - FILE_CHECK - expect_column_values_to_be_phone_number - AGENCE_TEL - Unexpected value: 1184530347.0 on line 17, value should match a phone number format
2019-05-14 15:54:16,342 - IMMO - UK - RIGHTMOVE - 2019-04-01 00:00:00 - ERROR - FILE_CHECK - expect_column_values_to_be_phone_number - AGENCE_TEL - Unexpected value: 1473870054.0 on line 18, value should match a phone number format
2019-05-14 15:54:16,342 - IMMO - UK - RIGHTMOVE - 2019-04-01 00:00:00 - ERROR - FILE_CHECK - expect_column_values_to_be_phone_number - AGENCE_TEL - Unexpected value: 1184530347.0 on line 19, value should match a phone number format
2019-05-14 15:54:16,342 - IMMO - UK - RIGHTMOVE - 2019-04-01 00:00:00 - ERROR - STAT - expect_column_values_to_be_phone_number - AGENCE_TEL - correctly filled rate (%) - 0.0
2019-05-14 15:54:16,342 - IMMO - UK - RIGHTMOVE - 2019-04-01 00:00:00 - ERROR - STAT - expect_column_values_to_not_be_null - AGENCE_TEL - correctly filled rate (%) - 99.96
2019-05-14 15:54:16,342 - IMMO - UK - RIGHTMOVE - 2019-04-01 00:00:00 - ERROR - STAT - expect_column_values_to_not_be_null - AGENCE_VILLE - correctly filled rate (%) - 94.89
2019-05-14 15:54:16,342 - IMMO - UK - RIGHTMOVE - 2019-04-01 00:00:00 - ERROR - STAT - expect_column_values_to_not_be_null - ANNONCE_DATE - correctly filled rate (%) - 100.0
2019-05-14 15:54:16,342 - IMMO - UK - RIGHTMOVE - 2019-04-01 00:00:00 - ERROR - STAT - expect_column_values_to_not_be_null - ANNONCE_LINK - correctly filled rate (%) - 100.0
2019-05-14 15:54:16,342 - IMMO - UK - RIGHTMOVE - 2019-04-01 00:00:00 - ERROR - STAT - expect_column_values_to_be_unique - ANNONCE_LINK - observed proportion - 100.0
2019-05-14 15:54:16,342 - IMMO - UK - RIGHTMOVE - 2019-04-01 00:00:00 - ERROR - STAT - expect_column_values_to_not_be_null - CATEGORIE - correctly filled rate (%) - 80.9
2019-05-14 15:54:16,342 - IMMO - UK - RIGHTMOVE - 2019-04-01 00:00:00 - ERROR - STAT - expect_column_values_to_not_be_null - CP - correctly filled rate (%) - 82.48
2019-05-14 15:54:16,342 - IMMO - UK - RIGHTMOVE - 2019-04-01 00:00:00 - ERROR - STAT - expect_column_values_to_not_be_null - DEPARTEMENT - correctly filled rate (%) - 0.0
2019-05-14 15:54:16,342 - IMMO - UK - RIGHTMOVE - 2019-04-01 00:00:00 - ERROR - STAT - expect_returning_row_count - EVERY_COLUMNS - total number of rows - 1285011
2019-05-14 15:54:16,342 - IMMO - UK - RIGHTMOVE - 2019-04-01 00:00:00 - ERROR - STAT - expect_column_values_to_not_be_null - ID_CLIENT - correctly filled rate (%) - 100.0
2019-05-14 15:54:16,342 - IMMO - UK - RIGHTMOVE - 2019-04-01 00:00:00 - ERROR - STAT - expect_column_values_to_be_unique - ID_CLIENT - observed proportion - 100.0
2019-05-14 15:54:16,343 - IMMO - UK - RIGHTMOVE - 2019-04-01 00:00:00 - ERROR - STAT - expect_column_values_to_not_be_null - MAISON_APT - correctly filled rate (%) - 100.0
2019-05-14 15:54:16,343 - IMMO - UK - RIGHTMOVE - 2019-04-01 00:00:00 - ERROR - STAT - expect_column_values_to_be_between - MAISON_APT - correctly filled rate (%) - 100.0
2019-05-14 15:54:16,343 - IMMO - UK - RIGHTMOVE - 2019-04-01 00:00:00 - ERROR - STAT - expect_column_values_to_not_be_null - MINI_SITE_ID - correctly filled rate (%) - 100.0
2019-05-14 15:54:16,343 - IMMO - UK - RIGHTMOVE - 2019-04-01 00:00:00 - ERROR - STAT - expect_column_values_to_not_be_null - NOM - correctly filled rate (%) - 99.31
2019-05-14 15:54:16,343 - IMMO - UK - RIGHTMOVE - 2019-04-01 00:00:00 - ERROR - STAT - expect_column_values_to_not_be_null - PAYS_AD - correctly filled rate (%) - 0.0
2019-05-14 15:54:16,343 - IMMO - UK - RIGHTMOVE - 2019-04-01 00:00:00 - ERROR - STAT - expect_column_values_to_be_of_type - PHOTO - correctly filled rate (%) - 100.0
2019-05-14 15:54:16,343 - IMMO - UK - RIGHTMOVE - 2019-04-01 00:00:00 - ERROR - STAT - expect_column_values_to_not_be_null - PHOTO - correctly filled rate (%) - 100.0
2019-05-14 15:54:16,343 - IMMO - UK - RIGHTMOVE - 2019-04-01 00:00:00 - ERROR - STAT - expect_column_values_to_be_in_type_list - PHOTO - correctly filled rate (%) - 100.0
2019-05-14 15:54:16,343 - IMMO - UK - RIGHTMOVE - 2019-04-01 00:00:00 - ERROR - STAT - expect_column_values_to_be_of_type - PIECE - correctly filled rate (%) - 100.0
2019-05-14 15:54:16,343 - IMMO - UK - RIGHTMOVE - 2019-04-01 00:00:00 - ERROR - STAT - expect_column_values_to_not_be_null - PIECE - correctly filled rate (%) - 100.0
2019-05-14 15:54:16,343 - IMMO - UK - RIGHTMOVE - 2019-04-01 00:00:00 - ERROR - STAT - expect_column_values_to_be_in_type_list - PIECE - correctly filled rate (%) - 100.0
2019-05-14 15:54:16,343 - IMMO - UK - RIGHTMOVE - 2019-04-01 00:00:00 - ERROR - STAT - expect_column_values_to_be_of_type - PRIX - correctly filled rate (%) - 100.0
2019-05-14 15:54:16,343 - IMMO - UK - RIGHTMOVE - 2019-04-01 00:00:00 - ERROR - STAT - expect_column_values_to_not_be_null - PRIX - correctly filled rate (%) - 100.0
2019-05-14 15:54:16,343 - IMMO - UK - RIGHTMOVE - 2019-04-01 00:00:00 - ERROR - STAT - expect_column_values_to_not_be_null - PRO_IND - correctly filled rate (%) - 100.0
2019-05-14 15:54:16,343 - IMMO - UK - RIGHTMOVE - 2019-04-01 00:00:00 - ERROR - STAT - expect_column_values_to_be_in_set - PRO_IND - correctly filled rate (%) - 100.0
2019-05-14 15:54:16,343 - IMMO - UK - RIGHTMOVE - 2019-04-01 00:00:00 - ERROR - STAT - expect_column_values_to_not_be_null - REGION - correctly filled rate (%) - 0.0
2019-05-14 15:54:16,344 - IMMO - UK - RIGHTMOVE - 2019-04-01 00:00:00 - ERROR - FILE_CHECK - expect_column_values_to_be_of_type - SURFACE_TERRAIN - Wrong type for value: 0.0 on line 0 should be int
2019-05-14 15:54:16,344 - IMMO - UK - RIGHTMOVE - 2019-04-01 00:00:00 - ERROR - FILE_CHECK - expect_column_values_to_be_of_type - SURFACE_TERRAIN - Wrong type for value: 0.0 on line 1 should be int
2019-05-14 15:54:16,344 - IMMO - UK - RIGHTMOVE - 2019-04-01 00:00:00 - ERROR - FILE_CHECK - expect_column_values_to_be_of_type - SURFACE_TERRAIN - Wrong type for value: 0.0 on line 2 should be int
2019-05-14 15:54:16,344 - IMMO - UK - RIGHTMOVE - 2019-04-01 00:00:00 - ERROR - FILE_CHECK - expect_column_values_to_be_of_type - SURFACE_TERRAIN - Wrong type for value: 0.0 on line 3 should be int
2019-05-14 15:54:16,344 - IMMO - UK - RIGHTMOVE - 2019-04-01 00:00:00 - ERROR - FILE_CHECK - expect_column_values_to_be_of_type - SURFACE_TERRAIN - Wrong type for value: 0.0 on line 4 should be int
2019-05-14 15:54:16,344 - IMMO - UK - RIGHTMOVE - 2019-04-01 00:00:00 - ERROR - FILE_CHECK - expect_column_values_to_be_of_type - SURFACE_TERRAIN - Wrong type for value: 0.0 on line 5 should be int
2019-05-14 15:54:16,344 - IMMO - UK - RIGHTMOVE - 2019-04-01 00:00:00 - ERROR - FILE_CHECK - expect_column_values_to_be_of_type - SURFACE_TERRAIN - Wrong type for value: 0.0 on line 6 should be int
2019-05-14 15:54:16,344 - IMMO - UK - RIGHTMOVE - 2019-04-01 00:00:00 - ERROR - FILE_CHECK - expect_column_values_to_be_of_type - SURFACE_TERRAIN - Wrong type for value: 0.0 on line 7 should be int
2019-05-14 15:54:16,344 - IMMO - UK - RIGHTMOVE - 2019-04-01 00:00:00 - ERROR - FILE_CHECK - expect_column_values_to_be_of_type - SURFACE_TERRAIN - Wrong type for value: 0.0 on line 8 should be int
2019-05-14 15:54:16,344 - IMMO - UK - RIGHTMOVE - 2019-04-01 00:00:00 - ERROR - FILE_CHECK - expect_column_values_to_be_of_type - SURFACE_TERRAIN - Wrong type for value: 0.0 on line 9 should be int
2019-05-14 15:54:16,344 - IMMO - UK - RIGHTMOVE - 2019-04-01 00:00:00 - ERROR - FILE_CHECK - expect_column_values_to_be_of_type - SURFACE_TERRAIN - Wrong type for value: 0.0 on line 10 should be int
2019-05-14 15:54:16,344 - IMMO - UK - RIGHTMOVE - 2019-04-01 00:00:00 - ERROR - FILE_CHECK - expect_column_values_to_be_of_type - SURFACE_TERRAIN - Wrong type for value: 0.0 on line 11 should be int
2019-05-14 15:54:16,344 - IMMO - UK - RIGHTMOVE - 2019-04-01 00:00:00 - ERROR - FILE_CHECK - expect_column_values_to_be_of_type - SURFACE_TERRAIN - Wrong type for value: 0.0 on line 12 should be int
2019-05-14 15:54:16,344 - IMMO - UK - RIGHTMOVE - 2019-04-01 00:00:00 - ERROR - FILE_CHECK - expect_column_values_to_be_of_type - SURFACE_TERRAIN - Wrong type for value: 0.0 on line 13 should be int
2019-05-14 15:54:16,344 - IMMO - UK - RIGHTMOVE - 2019-04-01 00:00:00 - ERROR - FILE_CHECK - expect_column_values_to_be_of_type - SURFACE_TERRAIN - Wrong type for value: 0.0 on line 14 should be int
2019-05-14 15:54:16,344 - IMMO - UK - RIGHTMOVE - 2019-04-01 00:00:00 - ERROR - FILE_CHECK - expect_column_values_to_be_of_type - SURFACE_TERRAIN - Wrong type for value: 0.0 on line 15 should be int
2019-05-14 15:54:16,344 - IMMO - UK - RIGHTMOVE - 2019-04-01 00:00:00 - ERROR - FILE_CHECK - expect_column_values_to_be_of_type - SURFACE_TERRAIN - Wrong type for value: 0.0 on line 16 should be int
2019-05-14 15:54:16,345 - IMMO - UK - RIGHTMOVE - 2019-04-01 00:00:00 - ERROR - FILE_CHECK - expect_column_values_to_be_of_type - SURFACE_TERRAIN - Wrong type for value: 0.0 on line 17 should be int
2019-05-14 15:54:16,345 - IMMO - UK - RIGHTMOVE - 2019-04-01 00:00:00 - ERROR - FILE_CHECK - expect_column_values_to_be_of_type - SURFACE_TERRAIN - Wrong type for value: 0.0 on line 18 should be int
2019-05-14 15:54:16,345 - IMMO - UK - RIGHTMOVE - 2019-04-01 00:00:00 - ERROR - FILE_CHECK - expect_column_values_to_be_of_type - SURFACE_TERRAIN - Wrong type for value: 0.0 on line 19 should be int
2019-05-14 15:54:16,345 - IMMO - UK - RIGHTMOVE - 2019-04-01 00:00:00 - ERROR - STAT - expect_column_values_to_be_of_type - SURFACE_TERRAIN - correctly filled rate (%) - 0.0
2019-05-14 15:54:16,345 - IMMO - UK - RIGHTMOVE - 2019-04-01 00:00:00 - ERROR - FILE_CHECK - expect_column_values_to_match_regex - CP - Unexpected value: LE10 on line 0, value should match regexp ^[A-Z][A-Z0-9]{1,3} [0-9]{1}[A-Z]{2}$
2019-05-14 15:54:16,345 - IMMO - UK - RIGHTMOVE - 2019-04-01 00:00:00 - ERROR - FILE_CHECK - expect_column_values_to_match_regex - CP - Unexpected value: LU2 on line 1, value should match regexp ^[A-Z][A-Z0-9]{1,3} [0-9]{1}[A-Z]{2}$
2019-05-14 15:54:16,345 - IMMO - UK - RIGHTMOVE - 2019-04-01 00:00:00 - ERROR - FILE_CHECK - expect_column_values_to_match_regex - CP - Unexpected value: HG1 on line 2, value should match regexp ^[A-Z][A-Z0-9]{1,3} [0-9]{1}[A-Z]{2}$
2019-05-14 15:54:16,345 - IMMO - UK - RIGHTMOVE - 2019-04-01 00:00:00 - ERROR - FILE_CHECK - expect_column_values_to_match_regex - CP - Unexpected value: DE56 on line 3, value should match regexp ^[A-Z][A-Z0-9]{1,3} [0-9]{1}[A-Z]{2}$
2019-05-14 15:54:16,345 - IMMO - UK - RIGHTMOVE - 2019-04-01 00:00:00 - ERROR - FILE_CHECK - expect_column_values_to_match_regex - CP - Unexpected value: GL4 on line 4, value should match regexp ^[A-Z][A-Z0-9]{1,3} [0-9]{1}[A-Z]{2}$
2019-05-14 15:54:16,345 - IMMO - UK - RIGHTMOVE - 2019-04-01 00:00:00 - ERROR - FILE_CHECK - expect_column_values_to_match_regex - CP - Unexpected value: WA16 on line 5, value should match regexp ^[A-Z][A-Z0-9]{1,3} [0-9]{1}[A-Z]{2}$
2019-05-14 15:54:16,345 - IMMO - UK - RIGHTMOVE - 2019-04-01 00:00:00 - ERROR - FILE_CHECK - expect_column_values_to_match_regex - CP - Unexpected value: NR18 on line 6, value should match regexp ^[A-Z][A-Z0-9]{1,3} [0-9]{1}[A-Z]{2}$
2019-05-14 15:54:16,345 - IMMO - UK - RIGHTMOVE - 2019-04-01 00:00:00 - ERROR - FILE_CHECK - expect_column_values_to_match_regex - CP - Unexpected value: CW5 on line 7, value should match regexp ^[A-Z][A-Z0-9]{1,3} [0-9]{1}[A-Z]{2}$
2019-05-14 15:54:16,345 - IMMO - UK - RIGHTMOVE - 2019-04-01 00:00:00 - ERROR - FILE_CHECK - expect_column_values_to_match_regex - CP - Unexpected value: PH1 on line 8, value should match regexp ^[A-Z][A-Z0-9]{1,3} [0-9]{1}[A-Z]{2}$
2019-05-14 15:54:16,345 - IMMO - UK - RIGHTMOVE - 2019-04-01 00:00:00 - ERROR - FILE_CHECK - expect_column_values_to_match_regex - CP - Unexpected value: E5 on line 9, value should match regexp ^[A-Z][A-Z0-9]{1,3} [0-9]{1}[A-Z]{2}$
2019-05-14 15:54:16,345 - IMMO - UK - RIGHTMOVE - 2019-04-01 00:00:00 - ERROR - FILE_CHECK - expect_column_values_to_match_regex - CP - Unexpected value: G71 on line 10, value should match regexp ^[A-Z][A-Z0-9]{1,3} [0-9]{1}[A-Z]{2}$
2019-05-14 15:54:16,345 - IMMO - UK - RIGHTMOVE - 2019-04-01 00:00:00 - ERROR - FILE_CHECK - expect_column_values_to_match_regex - CP - Unexpected value: AL7 on line 12, value should match regexp ^[A-Z][A-Z0-9]{1,3} [0-9]{1}[A-Z]{2}$
2019-05-14 15:54:16,345 - IMMO - UK - RIGHTMOVE - 2019-04-01 00:00:00 - ERROR - FILE_CHECK - expect_column_values_to_match_regex - CP - Unexpected value: NW9 on line 13, value should match regexp ^[A-Z][A-Z0-9]{1,3} [0-9]{1}[A-Z]{2}$
2019-05-14 15:54:16,345 - IMMO - UK - RIGHTMOVE - 2019-04-01 00:00:00 - ERROR - FILE_CHECK - expect_column_values_to_match_regex - CP - Unexpected value: DH9 on line 14, value should match regexp ^[A-Z][A-Z0-9]{1,3} [0-9]{1}[A-Z]{2}$
2019-05-14 15:54:16,345 - IMMO - UK - RIGHTMOVE - 2019-04-01 00:00:00 - ERROR - FILE_CHECK - expect_column_values_to_match_regex - CP - Unexpected value: B3 on line 15, value should match regexp ^[A-Z][A-Z0-9]{1,3} [0-9]{1}[A-Z]{2}$
2019-05-14 15:54:16,346 - IMMO - UK - RIGHTMOVE - 2019-04-01 00:00:00 - ERROR - FILE_CHECK - expect_column_values_to_match_regex - CP - Unexpected value: SO14 on line 16, value should match regexp ^[A-Z][A-Z0-9]{1,3} [0-9]{1}[A-Z]{2}$
2019-05-14 15:54:16,346 - IMMO - UK - RIGHTMOVE - 2019-04-01 00:00:00 - ERROR - FILE_CHECK - expect_column_values_to_match_regex - CP - Unexpected value: RG1 on line 17, value should match regexp ^[A-Z][A-Z0-9]{1,3} [0-9]{1}[A-Z]{2}$
2019-05-14 15:54:16,346 - IMMO - UK - RIGHTMOVE - 2019-04-01 00:00:00 - ERROR - FILE_CHECK - expect_column_values_to_match_regex - CP - Unexpected value: IP3 on line 18, value should match regexp ^[A-Z][A-Z0-9]{1,3} [0-9]{1}[A-Z]{2}$
2019-05-14 15:54:16,346 - IMMO - UK - RIGHTMOVE - 2019-04-01 00:00:00 - ERROR - FILE_CHECK - expect_column_values_to_match_regex - CP - Unexpected value: RG1 on line 19, value should match regexp ^[A-Z][A-Z0-9]{1,3} [0-9]{1}[A-Z]{2}$
2019-05-14 15:54:16,346 - IMMO - UK - RIGHTMOVE - 2019-04-01 00:00:00 - ERROR - FILE_CHECK - expect_column_values_to_match_regex - CP - Unexpected value: CO15 on line 20, value should match regexp ^[A-Z][A-Z0-9]{1,3} [0-9]{1}[A-Z]{2}$
2019-05-14 15:54:16,346 - IMMO - UK - RIGHTMOVE - 2019-04-01 00:00:00 - ERROR - STAT - expect_column_values_to_match_regex - CP - correctly filled rate (%) - 0.0
2019-05-14 15:54:16,346 - IMMO - UK - RIGHTMOVE - 2019-04-01 00:00:00 - ERROR - STAT - expect_returning_row_count_on_conditions - PRIVATE_LISTINGS - total number of row with conditions - 455
2019-05-14 15:54:16,346 - IMMO - UK - RIGHTMOVE - 2019-04-01 00:00:00 - ERROR - STAT - expect_returning_row_count_on_conditions - DEALER_LISTINGS - total number of row with conditions - 1284556
2019-05-14 15:54:16,346 - IMMO - UK - RIGHTMOVE - 2019-04-01 00:00:00 - ERROR - STAT - expect_column_values_to_not_match_regex - CP - correctly filled rate (%) - 100.0
2019-05-14 15:54:16,346 - IMMO - UK - RIGHTMOVE - 2019-04-01 00:00:00 - ERROR - FILE_CHECK - expect_column_values_to_match_regex - AGENCE_CP - Unexpected value: LONDON on line 13, value should match regexp ^[A-Z][A-Z0-9]{1,3} [0-9]{1}[A-Z]{2}$
2019-05-14 15:54:16,346 - IMMO - UK - RIGHTMOVE - 2019-04-01 00:00:00 - ERROR - FILE_CHECK - expect_column_values_to_match_regex - AGENCE_CP - Unexpected value: Bedfordshire SG18 9R on line 147, value should match regexp ^[A-Z][A-Z0-9]{1,3} [0-9]{1}[A-Z]{2}$
2019-05-14 15:54:16,346 - IMMO - UK - RIGHTMOVE - 2019-04-01 00:00:00 - ERROR - FILE_CHECK - expect_column_values_to_match_regex - AGENCE_CP - Unexpected value: <p class=pad-0 overf on line 187, value should match regexp ^[A-Z][A-Z0-9]{1,3} [0-9]{1}[A-Z]{2}$
2019-05-14 15:54:16,346 - IMMO - UK - RIGHTMOVE - 2019-04-01 00:00:00 - ERROR - FILE_CHECK - expect_column_values_to_match_regex - AGENCE_CP - Unexpected value: Portugal on line 199, value should match regexp ^[A-Z][A-Z0-9]{1,3} [0-9]{1}[A-Z]{2}$
2019-05-14 15:54:16,346 - IMMO - UK - RIGHTMOVE - 2019-04-01 00:00:00 - ERROR - FILE_CHECK - expect_column_values_to_match_regex - AGENCE_CP - Unexpected value: NE13 on line 235, value should match regexp ^[A-Z][A-Z0-9]{1,3} [0-9]{1}[A-Z]{2}$
2019-05-14 15:54:16,346 - IMMO - UK - RIGHTMOVE - 2019-04-01 00:00:00 - ERROR - FILE_CHECK - expect_column_values_to_match_regex - AGENCE_CP - Unexpected value: S63 on line 238, value should match regexp ^[A-Z][A-Z0-9]{1,3} [0-9]{1}[A-Z]{2}$
2019-05-14 15:54:16,346 - IMMO - UK - RIGHTMOVE - 2019-04-01 00:00:00 - ERROR - FILE_CHECK - expect_column_values_to_match_regex - AGENCE_CP - Unexpected value: NE5 on line 239, value should match regexp ^[A-Z][A-Z0-9]{1,3} [0-9]{1}[A-Z]{2}$
2019-05-14 15:54:16,346 - IMMO - UK - RIGHTMOVE - 2019-04-01 00:00:00 - ERROR - FILE_CHECK - expect_column_values_to_match_regex - AGENCE_CP - Unexpected value: M46 on line 240, value should match regexp ^[A-Z][A-Z0-9]{1,3} [0-9]{1}[A-Z]{2}$
2019-05-14 15:54:16,346 - IMMO - UK - RIGHTMOVE - 2019-04-01 00:00:00 - ERROR - FILE_CHECK - expect_column_values_to_match_regex - AGENCE_CP - Unexpected value: M46 on line 241, value should match regexp ^[A-Z][A-Z0-9]{1,3} [0-9]{1}[A-Z]{2}$
2019-05-14 15:54:16,347 - IMMO - UK - RIGHTMOVE - 2019-04-01 00:00:00 - ERROR - FILE_CHECK - expect_column_values_to_match_regex - AGENCE_CP - Unexpected value: M46 on line 242, value should match regexp ^[A-Z][A-Z0-9]{1,3} [0-9]{1}[A-Z]{2}$
2019-05-14 15:54:16,347 - IMMO - UK - RIGHTMOVE - 2019-04-01 00:00:00 - ERROR - FILE_CHECK - expect_column_values_to_match_regex - AGENCE_CP - Unexpected value: WN8 on line 243, value should match regexp ^[A-Z][A-Z0-9]{1,3} [0-9]{1}[A-Z]{2}$
2019-05-14 15:54:16,347 - IMMO - UK - RIGHTMOVE - 2019-04-01 00:00:00 - ERROR - FILE_CHECK - expect_column_values_to_match_regex - AGENCE_CP - Unexpected value: BB6 on line 244, value should match regexp ^[A-Z][A-Z0-9]{1,3} [0-9]{1}[A-Z]{2}$
2019-05-14 15:54:16,347 - IMMO - UK - RIGHTMOVE - 2019-04-01 00:00:00 - ERROR - FILE_CHECK - expect_column_values_to_match_regex - AGENCE_CP - Unexpected value: BB6 on line 245, value should match regexp ^[A-Z][A-Z0-9]{1,3} [0-9]{1}[A-Z]{2}$
2019-05-14 15:54:16,347 - IMMO - UK - RIGHTMOVE - 2019-04-01 00:00:00 - ERROR - FILE_CHECK - expect_column_values_to_match_regex - AGENCE_CP - Unexpected value: BB6 on line 246, value should match regexp ^[A-Z][A-Z0-9]{1,3} [0-9]{1}[A-Z]{2}$
2019-05-14 15:54:16,347 - IMMO - UK - RIGHTMOVE - 2019-04-01 00:00:00 - ERROR - FILE_CHECK - expect_column_values_to_match_regex - AGENCE_CP - Unexpected value: BB6 on line 247, value should match regexp ^[A-Z][A-Z0-9]{1,3} [0-9]{1}[A-Z]{2}$
2019-05-14 15:54:16,347 - IMMO - UK - RIGHTMOVE - 2019-04-01 00:00:00 - ERROR - FILE_CHECK - expect_column_values_to_match_regex - AGENCE_CP - Unexpected value: BB6 on line 248, value should match regexp ^[A-Z][A-Z0-9]{1,3} [0-9]{1}[A-Z]{2}$
2019-05-14 15:54:16,347 - IMMO - UK - RIGHTMOVE - 2019-04-01 00:00:00 - ERROR - FILE_CHECK - expect_column_values_to_match_regex - AGENCE_CP - Unexpected value: HERTS HP1 1EZ on line 256, value should match regexp ^[A-Z][A-Z0-9]{1,3} [0-9]{1}[A-Z]{2}$
2019-05-14 15:54:16,347 - IMMO - UK - RIGHTMOVE - 2019-04-01 00:00:00 - ERROR - FILE_CHECK - expect_column_values_to_match_regex - AGENCE_CP - Unexpected value: Portugal on line 260, value should match regexp ^[A-Z][A-Z0-9]{1,3} [0-9]{1}[A-Z]{2}$
2019-05-14 15:54:16,347 - IMMO - UK - RIGHTMOVE - 2019-04-01 00:00:00 - ERROR - FILE_CHECK - expect_column_values_to_match_regex - AGENCE_CP - Unexpected value: Almeria on line 274, value should match regexp ^[A-Z][A-Z0-9]{1,3} [0-9]{1}[A-Z]{2}$
2019-05-14 15:54:16,347 - IMMO - UK - RIGHTMOVE - 2019-04-01 00:00:00 - ERROR - FILE_CHECK - expect_column_values_to_match_regex - AGENCE_CP - Unexpected value: Almeria on line 275, value should match regexp ^[A-Z][A-Z0-9]{1,3} [0-9]{1}[A-Z]{2}$
2019-05-14 15:54:16,347 - IMMO - UK - RIGHTMOVE - 2019-04-01 00:00:00 - ERROR - STAT - expect_column_values_to_match_regex - AGENCE_CP - correctly filled rate (%) - 84.75
2019-05-14 15:54:16,347 - IMMO - UK - RIGHTMOVE - 2019-04-01 00:00:00 - ERROR - FILE_CHECK - expect_column_values_to_be_of_type - M2 - Wrong type for value: 0.0 on line 0 should be int
2019-05-14 15:54:16,347 - IMMO - UK - RIGHTMOVE - 2019-04-01 00:00:00 - ERROR - FILE_CHECK - expect_column_values_to_be_of_type - M2 - Wrong type for value: 0.0 on line 1 should be int
2019-05-14 15:54:16,347 - IMMO - UK - RIGHTMOVE - 2019-04-01 00:00:00 - ERROR - FILE_CHECK - expect_column_values_to_be_of_type - M2 - Wrong type for value: 0.0 on line 2 should be int
2019-05-14 15:54:16,347 - IMMO - UK - RIGHTMOVE - 2019-04-01 00:00:00 - ERROR - FILE_CHECK - expect_column_values_to_be_of_type - M2 - Wrong type for value: 0.0 on line 3 should be int
2019-05-14 15:54:16,347 - IMMO - UK - RIGHTMOVE - 2019-04-01 00:00:00 - ERROR - FILE_CHECK - expect_column_values_to_be_of_type - M2 - Wrong type for value: 0.0 on line 4 should be int
2019-05-14 15:54:16,347 - IMMO - UK - RIGHTMOVE - 2019-04-01 00:00:00 - ERROR - FILE_CHECK - expect_column_values_to_be_of_type - M2 - Wrong type for value: 0.0 on line 5 should be int
2019-05-14 15:54:16,348 - IMMO - UK - RIGHTMOVE - 2019-04-01 00:00:00 - ERROR - FILE_CHECK - expect_column_values_to_be_of_type - M2 - Wrong type for value: 0.0 on line 6 should be int
2019-05-14 15:54:16,348 - IMMO - UK - RIGHTMOVE - 2019-04-01 00:00:00 - ERROR - FILE_CHECK - expect_column_values_to_be_of_type - M2 - Wrong type for value: 0.0 on line 7 should be int
2019-05-14 15:54:16,348 - IMMO - UK - RIGHTMOVE - 2019-04-01 00:00:00 - ERROR - FILE_CHECK - expect_column_values_to_be_of_type - M2 - Wrong type for value: 0.0 on line 8 should be int
2019-05-14 15:54:16,348 - IMMO - UK - RIGHTMOVE - 2019-04-01 00:00:00 - ERROR - FILE_CHECK - expect_column_values_to_be_of_type - M2 - Wrong type for value: 0.0 on line 9 should be int
2019-05-14 15:54:16,348 - IMMO - UK - RIGHTMOVE - 2019-04-01 00:00:00 - ERROR - FILE_CHECK - expect_column_values_to_be_of_type - M2 - Wrong type for value: 0.0 on line 10 should be int
2019-05-14 15:54:16,348 - IMMO - UK - RIGHTMOVE - 2019-04-01 00:00:00 - ERROR - FILE_CHECK - expect_column_values_to_be_of_type - M2 - Wrong type for value: 0.0 on line 11 should be int
2019-05-14 15:54:16,348 - IMMO - UK - RIGHTMOVE - 2019-04-01 00:00:00 - ERROR - FILE_CHECK - expect_column_values_to_be_of_type - M2 - Wrong type for value: 0.0 on line 12 should be int
2019-05-14 15:54:16,348 - IMMO - UK - RIGHTMOVE - 2019-04-01 00:00:00 - ERROR - FILE_CHECK - expect_column_values_to_be_of_type - M2 - Wrong type for value: 0.0 on line 13 should be int
2019-05-14 15:54:16,348 - IMMO - UK - RIGHTMOVE - 2019-04-01 00:00:00 - ERROR - FILE_CHECK - expect_column_values_to_be_of_type - M2 - Wrong type for value: 0.0 on line 14 should be int
2019-05-14 15:54:16,348 - IMMO - UK - RIGHTMOVE - 2019-04-01 00:00:00 - ERROR - FILE_CHECK - expect_column_values_to_be_of_type - M2 - Wrong type for value: 0.0 on line 15 should be int
2019-05-14 15:54:16,348 - IMMO - UK - RIGHTMOVE - 2019-04-01 00:00:00 - ERROR - FILE_CHECK - expect_column_values_to_be_of_type - M2 - Wrong type for value: 0.0 on line 16 should be int
2019-05-14 15:54:16,348 - IMMO - UK - RIGHTMOVE - 2019-04-01 00:00:00 - ERROR - FILE_CHECK - expect_column_values_to_be_of_type - M2 - Wrong type for value: 0.0 on line 17 should be int
2019-05-14 15:54:16,348 - IMMO - UK - RIGHTMOVE - 2019-04-01 00:00:00 - ERROR - FILE_CHECK - expect_column_values_to_be_of_type - M2 - Wrong type for value: 0.0 on line 18 should be int
2019-05-14 15:54:16,348 - IMMO - UK - RIGHTMOVE - 2019-04-01 00:00:00 - ERROR - FILE_CHECK - expect_column_values_to_be_of_type - M2 - Wrong type for value: 0.0 on line 19 should be int
2019-05-14 15:54:16,348 - IMMO - UK - RIGHTMOVE - 2019-04-01 00:00:00 - ERROR - STAT - expect_column_values_to_be_of_type - M2 - correctly filled rate (%) - 0.0
2019-05-14 15:54:16,348 - IMMO - UK - RIGHTMOVE - 2019-04-01 00:00:00 - ERROR - STAT - expect_column_values_to_not_be_null - M2 - correctly filled rate (%) - 100.0
2019-05-14 15:54:16,348 - IMMO - UK - RIGHTMOVE - 2019-04-01 00:00:00 - ERROR - STAT - expect_column_value_lengths_to_be_between - NOM - correctly filled rate (%) - 100.0
