2019-06-17 08:42:52,279 - IMMO - FR.CONSTRUIRE - AVENDREALOUERTERRAIN - 2019-05-01 00:00:00 - ERROR - STAT - expect_column_values_to_not_be_null - ACHAT_LOC - correctly filled rate (%) - 100.0
2019-06-17 08:42:52,280 - IMMO - FR.CONSTRUIRE - AVENDREALOUERTERRAIN - 2019-05-01 00:00:00 - ERROR - STAT - expect_column_values_to_be_in_set - ACHAT_LOC - correctly filled rate (%) - 100.0
2019-06-17 08:42:52,280 - IMMO - FR.CONSTRUIRE - AVENDREALOUERTERRAIN - 2019-05-01 00:00:00 - ERROR - STAT - expect_column_values_to_not_be_null - ADRESSE - correctly filled rate (%) - 0.0
2019-06-17 08:42:52,280 - IMMO - FR.CONSTRUIRE - AVENDREALOUERTERRAIN - 2019-05-01 00:00:00 - ERROR - STAT - expect_column_values_to_not_be_null - AGENCE_ADRESSE - correctly filled rate (%) - 99.7
2019-06-17 08:42:52,280 - IMMO - FR.CONSTRUIRE - AVENDREALOUERTERRAIN - 2019-05-01 00:00:00 - ERROR - STAT - expect_column_values_to_not_be_null - AGENCE_CP - correctly filled rate (%) - 100.0
2019-06-17 08:42:52,280 - IMMO - FR.CONSTRUIRE - AVENDREALOUERTERRAIN - 2019-05-01 00:00:00 - ERROR - STAT - expect_column_values_to_match_regex - AGENCE_CP - correctly filled rate (%) - 100.0
2019-06-17 08:42:52,280 - IMMO - FR.CONSTRUIRE - AVENDREALOUERTERRAIN - 2019-05-01 00:00:00 - ERROR - STAT - expect_column_values_to_not_be_null - AGENCE_NOM - correctly filled rate (%) - 99.75
2019-06-17 08:42:52,280 - IMMO - FR.CONSTRUIRE - AVENDREALOUERTERRAIN - 2019-05-01 00:00:00 - ERROR - STAT - expect_column_values_to_be_phone_number - AGENCE_TEL - correctly filled rate (%) - 100.0
2019-06-17 08:42:52,280 - IMMO - FR.CONSTRUIRE - AVENDREALOUERTERRAIN - 2019-05-01 00:00:00 - ERROR - STAT - expect_column_values_to_not_be_null - AGENCE_TEL - correctly filled rate (%) - 95.93
2019-06-17 08:42:52,280 - IMMO - FR.CONSTRUIRE - AVENDREALOUERTERRAIN - 2019-05-01 00:00:00 - ERROR - STAT - expect_column_values_to_not_be_null - AGENCE_VILLE - correctly filled rate (%) - 99.83
2019-06-17 08:42:52,281 - IMMO - FR.CONSTRUIRE - AVENDREALOUERTERRAIN - 2019-05-01 00:00:00 - ERROR - STAT - expect_column_values_to_not_be_null - ANNONCE_DATE - correctly filled rate (%) - 0.0
2019-06-17 08:42:52,281 - IMMO - FR.CONSTRUIRE - AVENDREALOUERTERRAIN - 2019-05-01 00:00:00 - ERROR - STAT - expect_column_values_to_not_be_null - ANNONCE_LINK - correctly filled rate (%) - 100.0
2019-06-17 08:42:52,281 - IMMO - FR.CONSTRUIRE - AVENDREALOUERTERRAIN - 2019-05-01 00:00:00 - ERROR - STAT - expect_column_values_to_be_unique - ANNONCE_LINK - observed proportion - 100.0
2019-06-17 08:42:52,281 - IMMO - FR.CONSTRUIRE - AVENDREALOUERTERRAIN - 2019-05-01 00:00:00 - ERROR - FILE_CHECK - expect_column_value_lengths_to_be_between - ANNONCE_TEXT - Unexpected characters count of: [LUTZELHOUSE, terrain...] on line  0, value length should be between 0 and 255
2019-06-17 08:42:52,281 - IMMO - FR.CONSTRUIRE - AVENDREALOUERTERRAIN - 2019-05-01 00:00:00 - ERROR - FILE_CHECK - expect_column_value_lengths_to_be_between - ANNONCE_TEXT - Unexpected characters count of: [Nouveauté à saisir !...] on line  3, value length should be between 0 and 255
2019-06-17 08:42:52,281 - IMMO - FR.CONSTRUIRE - AVENDREALOUERTERRAIN - 2019-05-01 00:00:00 - ERROR - FILE_CHECK - expect_column_value_lengths_to_be_between - ANNONCE_TEXT - Unexpected characters count of: [SECTEUR GIROMAGNY VU...] on line  7, value length should be between 0 and 255
2019-06-17 08:42:52,281 - IMMO - FR.CONSTRUIRE - AVENDREALOUERTERRAIN - 2019-05-01 00:00:00 - ERROR - FILE_CHECK - expect_column_value_lengths_to_be_between - ANNONCE_TEXT - Unexpected characters count of: [SÉLECTION IMMOBILIER...] on line  8, value length should be between 0 and 255
2019-06-17 08:42:52,281 - IMMO - FR.CONSTRUIRE - AVENDREALOUERTERRAIN - 2019-05-01 00:00:00 - ERROR - FILE_CHECK - expect_column_value_lengths_to_be_between - ANNONCE_TEXT - Unexpected characters count of: [Secteur Eguenigue Ga...] on line  9, value length should be between 0 and 255
2019-06-17 08:42:52,281 - IMMO - FR.CONSTRUIRE - AVENDREALOUERTERRAIN - 2019-05-01 00:00:00 - ERROR - FILE_CHECK - expect_column_value_lengths_to_be_between - ANNONCE_TEXT - Unexpected characters count of: [SÉLECTION IMMOBILIER...] on line  12, value length should be between 0 and 255
2019-06-17 08:42:52,281 - IMMO - FR.CONSTRUIRE - AVENDREALOUERTERRAIN - 2019-05-01 00:00:00 - ERROR - FILE_CHECK - expect_column_value_lengths_to_be_between - ANNONCE_TEXT - Unexpected characters count of: [SECTEUR GIROMAGNY AV...] on line  14, value length should be between 0 and 255
2019-06-17 08:42:52,281 - IMMO - FR.CONSTRUIRE - AVENDREALOUERTERRAIN - 2019-05-01 00:00:00 - ERROR - FILE_CHECK - expect_column_value_lengths_to_be_between - ANNONCE_TEXT - Unexpected characters count of: [Entre Agde et Pezena...] on line  17, value length should be between 0 and 255
2019-06-17 08:42:52,282 - IMMO - FR.CONSTRUIRE - AVENDREALOUERTERRAIN - 2019-05-01 00:00:00 - ERROR - FILE_CHECK - expect_column_value_lengths_to_be_between - ANNONCE_TEXT - Unexpected characters count of: [Magnifique terrain d...] on line  18, value length should be between 0 and 255
2019-06-17 08:42:52,282 - IMMO - FR.CONSTRUIRE - AVENDREALOUERTERRAIN - 2019-05-01 00:00:00 - ERROR - FILE_CHECK - expect_column_value_lengths_to_be_between - ANNONCE_TEXT - Unexpected characters count of: [Dans l'un des plus b...] on line  20, value length should be between 0 and 255
2019-06-17 08:42:52,282 - IMMO - FR.CONSTRUIRE - AVENDREALOUERTERRAIN - 2019-05-01 00:00:00 - ERROR - FILE_CHECK - expect_column_value_lengths_to_be_between - ANNONCE_TEXT - Unexpected characters count of: [Dans l'un des plus b...] on line  21, value length should be between 0 and 255
2019-06-17 08:42:52,282 - IMMO - FR.CONSTRUIRE - AVENDREALOUERTERRAIN - 2019-05-01 00:00:00 - ERROR - FILE_CHECK - expect_column_value_lengths_to_be_between - ANNONCE_TEXT - Unexpected characters count of: [Terrain à batir est ...] on line  23, value length should be between 0 and 255
2019-06-17 08:42:52,282 - IMMO - FR.CONSTRUIRE - AVENDREALOUERTERRAIN - 2019-05-01 00:00:00 - ERROR - FILE_CHECK - expect_column_value_lengths_to_be_between - ANNONCE_TEXT - Unexpected characters count of: [.Au coeur d'un trés ...] on line  38, value length should be between 0 and 255
2019-06-17 08:42:52,282 - IMMO - FR.CONSTRUIRE - AVENDREALOUERTERRAIN - 2019-05-01 00:00:00 - ERROR - FILE_CHECK - expect_column_value_lengths_to_be_between - ANNONCE_TEXT - Unexpected characters count of: [&lt;h2 style=\"color...] on line  42, value length should be between 0 and 255
2019-06-17 08:42:52,282 - IMMO - FR.CONSTRUIRE - AVENDREALOUERTERRAIN - 2019-05-01 00:00:00 - ERROR - FILE_CHECK - expect_column_value_lengths_to_be_between - ANNONCE_TEXT - Unexpected characters count of: [&lt;h2 style=\"color...] on line  43, value length should be between 0 and 255
2019-06-17 08:42:52,282 - IMMO - FR.CONSTRUIRE - AVENDREALOUERTERRAIN - 2019-05-01 00:00:00 - ERROR - FILE_CHECK - expect_column_value_lengths_to_be_between - ANNONCE_TEXT - Unexpected characters count of: [Constructible immédi...] on line  53, value length should be between 0 and 255
2019-06-17 08:42:52,282 - IMMO - FR.CONSTRUIRE - AVENDREALOUERTERRAIN - 2019-05-01 00:00:00 - ERROR - FILE_CHECK - expect_column_value_lengths_to_be_between - ANNONCE_TEXT - Unexpected characters count of: [CHANCELADE Vous appr...] on line  70, value length should be between 0 and 255
2019-06-17 08:42:52,282 - IMMO - FR.CONSTRUIRE - AVENDREALOUERTERRAIN - 2019-05-01 00:00:00 - ERROR - FILE_CHECK - expect_column_value_lengths_to_be_between - ANNONCE_TEXT - Unexpected characters count of: [Constructible immédi...] on line  76, value length should be between 0 and 255
2019-06-17 08:42:52,282 - IMMO - FR.CONSTRUIRE - AVENDREALOUERTERRAIN - 2019-05-01 00:00:00 - ERROR - FILE_CHECK - expect_column_value_lengths_to_be_between - ANNONCE_TEXT - Unexpected characters count of: [Constructible immédi...] on line  77, value length should be between 0 and 255
2019-06-17 08:42:52,283 - IMMO - FR.CONSTRUIRE - AVENDREALOUERTERRAIN - 2019-05-01 00:00:00 - ERROR - FILE_CHECK - expect_column_value_lengths_to_be_between - ANNONCE_TEXT - Unexpected characters count of: [Résidez en ville \"C...] on line  78, value length should be between 0 and 255
2019-06-17 08:42:52,283 - IMMO - FR.CONSTRUIRE - AVENDREALOUERTERRAIN - 2019-05-01 00:00:00 - ERROR - STAT - expect_column_value_lengths_to_be_between - ANNONCE_TEXT - correctly filled rate (%) - 71.43
2019-06-17 08:42:52,283 - IMMO - FR.CONSTRUIRE - AVENDREALOUERTERRAIN - 2019-05-01 00:00:00 - ERROR - STAT - expect_column_values_to_not_be_null - ANNONCE_TEXT - correctly filled rate (%) - 99.72
2019-06-17 08:42:52,283 - IMMO - FR.CONSTRUIRE - AVENDREALOUERTERRAIN - 2019-05-01 00:00:00 - ERROR - STAT - expect_column_values_to_not_be_null - CATEGORIE - correctly filled rate (%) - 100.0
2019-06-17 08:42:52,283 - IMMO - FR.CONSTRUIRE - AVENDREALOUERTERRAIN - 2019-05-01 00:00:00 - ERROR - STAT - expect_column_values_to_not_be_null - CP - correctly filled rate (%) - 99.69
2019-06-17 08:42:52,283 - IMMO - FR.CONSTRUIRE - AVENDREALOUERTERRAIN - 2019-05-01 00:00:00 - ERROR - FILE_CHECK - expect_column_values_to_match_regex - CP - Unexpected value: 67130.0 on line 0, value should match regexp ^[0-9]{5}$
2019-06-17 08:42:52,283 - IMMO - FR.CONSTRUIRE - AVENDREALOUERTERRAIN - 2019-05-01 00:00:00 - ERROR - FILE_CHECK - expect_column_values_to_match_regex - CP - Unexpected value: 68420.0 on line 1, value should match regexp ^[0-9]{5}$
2019-06-17 08:42:52,283 - IMMO - FR.CONSTRUIRE - AVENDREALOUERTERRAIN - 2019-05-01 00:00:00 - ERROR - FILE_CHECK - expect_column_values_to_match_regex - CP - Unexpected value: 67190.0 on line 2, value should match regexp ^[0-9]{5}$
2019-06-17 08:42:52,283 - IMMO - FR.CONSTRUIRE - AVENDREALOUERTERRAIN - 2019-05-01 00:00:00 - ERROR - FILE_CHECK - expect_column_values_to_match_regex - CP - Unexpected value: 90100.0 on line 3, value should match regexp ^[0-9]{5}$
2019-06-17 08:42:52,283 - IMMO - FR.CONSTRUIRE - AVENDREALOUERTERRAIN - 2019-05-01 00:00:00 - ERROR - FILE_CHECK - expect_column_values_to_match_regex - CP - Unexpected value: 67190.0 on line 4, value should match regexp ^[0-9]{5}$
2019-06-17 08:42:52,283 - IMMO - FR.CONSTRUIRE - AVENDREALOUERTERRAIN - 2019-05-01 00:00:00 - ERROR - FILE_CHECK - expect_column_values_to_match_regex - CP - Unexpected value: 77350.0 on line 5, value should match regexp ^[0-9]{5}$
2019-06-17 08:42:52,283 - IMMO - FR.CONSTRUIRE - AVENDREALOUERTERRAIN - 2019-05-01 00:00:00 - ERROR - FILE_CHECK - expect_column_values_to_match_regex - CP - Unexpected value: 77310.0 on line 6, value should match regexp ^[0-9]{5}$
2019-06-17 08:42:52,284 - IMMO - FR.CONSTRUIRE - AVENDREALOUERTERRAIN - 2019-05-01 00:00:00 - ERROR - FILE_CHECK - expect_column_values_to_match_regex - CP - Unexpected value: 90200.0 on line 7, value should match regexp ^[0-9]{5}$
2019-06-17 08:42:52,284 - IMMO - FR.CONSTRUIRE - AVENDREALOUERTERRAIN - 2019-05-01 00:00:00 - ERROR - FILE_CHECK - expect_column_values_to_match_regex - CP - Unexpected value: 69510.0 on line 8, value should match regexp ^[0-9]{5}$
2019-06-17 08:42:52,284 - IMMO - FR.CONSTRUIRE - AVENDREALOUERTERRAIN - 2019-05-01 00:00:00 - ERROR - FILE_CHECK - expect_column_values_to_match_regex - CP - Unexpected value: 90150.0 on line 9, value should match regexp ^[0-9]{5}$
2019-06-17 08:42:52,284 - IMMO - FR.CONSTRUIRE - AVENDREALOUERTERRAIN - 2019-05-01 00:00:00 - ERROR - FILE_CHECK - expect_column_values_to_match_regex - CP - Unexpected value: 1220.0 on line 10, value should match regexp ^[0-9]{5}$
2019-06-17 08:42:52,284 - IMMO - FR.CONSTRUIRE - AVENDREALOUERTERRAIN - 2019-05-01 00:00:00 - ERROR - FILE_CHECK - expect_column_values_to_match_regex - CP - Unexpected value: 67530.0 on line 11, value should match regexp ^[0-9]{5}$
2019-06-17 08:42:52,284 - IMMO - FR.CONSTRUIRE - AVENDREALOUERTERRAIN - 2019-05-01 00:00:00 - ERROR - FILE_CHECK - expect_column_values_to_match_regex - CP - Unexpected value: 69510.0 on line 12, value should match regexp ^[0-9]{5}$
2019-06-17 08:42:52,284 - IMMO - FR.CONSTRUIRE - AVENDREALOUERTERRAIN - 2019-05-01 00:00:00 - ERROR - FILE_CHECK - expect_column_values_to_match_regex - CP - Unexpected value: 77930.0 on line 13, value should match regexp ^[0-9]{5}$
2019-06-17 08:42:52,284 - IMMO - FR.CONSTRUIRE - AVENDREALOUERTERRAIN - 2019-05-01 00:00:00 - ERROR - FILE_CHECK - expect_column_values_to_match_regex - CP - Unexpected value: 90200.0 on line 14, value should match regexp ^[0-9]{5}$
2019-06-17 08:42:52,284 - IMMO - FR.CONSTRUIRE - AVENDREALOUERTERRAIN - 2019-05-01 00:00:00 - ERROR - FILE_CHECK - expect_column_values_to_match_regex - CP - Unexpected value: 90200.0 on line 15, value should match regexp ^[0-9]{5}$
2019-06-17 08:42:52,284 - IMMO - FR.CONSTRUIRE - AVENDREALOUERTERRAIN - 2019-05-01 00:00:00 - ERROR - FILE_CHECK - expect_column_values_to_match_regex - CP - Unexpected value: 21250.0 on line 16, value should match regexp ^[0-9]{5}$
2019-06-17 08:42:52,284 - IMMO - FR.CONSTRUIRE - AVENDREALOUERTERRAIN - 2019-05-01 00:00:00 - ERROR - FILE_CHECK - expect_column_values_to_match_regex - CP - Unexpected value: 34630.0 on line 17, value should match regexp ^[0-9]{5}$
2019-06-17 08:42:52,285 - IMMO - FR.CONSTRUIRE - AVENDREALOUERTERRAIN - 2019-05-01 00:00:00 - ERROR - FILE_CHECK - expect_column_values_to_match_regex - CP - Unexpected value: 57070.0 on line 18, value should match regexp ^[0-9]{5}$
2019-06-17 08:42:52,285 - IMMO - FR.CONSTRUIRE - AVENDREALOUERTERRAIN - 2019-05-01 00:00:00 - ERROR - FILE_CHECK - expect_column_values_to_match_regex - CP - Unexpected value: 86320.0 on line 19, value should match regexp ^[0-9]{5}$
2019-06-17 08:42:52,285 - IMMO - FR.CONSTRUIRE - AVENDREALOUERTERRAIN - 2019-05-01 00:00:00 - ERROR - STAT - expect_column_values_to_match_regex - CP - correctly filled rate (%) - 0.0
2019-06-17 08:42:52,285 - IMMO - FR.CONSTRUIRE - AVENDREALOUERTERRAIN - 2019-05-01 00:00:00 - ERROR - STAT - expect_column_values_to_not_be_null - DEPARTEMENT - correctly filled rate (%) - 99.38
2019-06-17 08:42:52,285 - IMMO - FR.CONSTRUIRE - AVENDREALOUERTERRAIN - 2019-05-01 00:00:00 - ERROR - STAT - expect_returning_row_count - EVERY_COLUMNS - total number of rows - 17162
2019-06-17 08:42:52,285 - IMMO - FR.CONSTRUIRE - AVENDREALOUERTERRAIN - 2019-05-01 00:00:00 - ERROR - STAT - expect_column_values_to_not_be_null - ID_CLIENT - correctly filled rate (%) - 100.0
2019-06-17 08:42:52,285 - IMMO - FR.CONSTRUIRE - AVENDREALOUERTERRAIN - 2019-05-01 00:00:00 - ERROR - STAT - expect_column_values_to_be_unique - ID_CLIENT - observed proportion - 100.0
2019-06-17 08:42:52,285 - IMMO - FR.CONSTRUIRE - AVENDREALOUERTERRAIN - 2019-05-01 00:00:00 - ERROR - STAT - expect_column_values_to_not_be_null - M2_TOTALE - correctly filled rate (%) - 0.0
2019-06-17 08:42:52,285 - IMMO - FR.CONSTRUIRE - AVENDREALOUERTERRAIN - 2019-05-01 00:00:00 - ERROR - STAT - expect_column_values_to_not_be_null - MAISON_APT - correctly filled rate (%) - 0.0
2019-06-17 08:42:52,285 - IMMO - FR.CONSTRUIRE - AVENDREALOUERTERRAIN - 2019-05-01 00:00:00 - ERROR - STAT - expect_column_values_to_not_be_null - MINI_SITE_ID - correctly filled rate (%) - 0.0
2019-06-17 08:42:52,285 - IMMO - FR.CONSTRUIRE - AVENDREALOUERTERRAIN - 2019-05-01 00:00:00 - ERROR - STAT - expect_column_values_to_not_be_null - NOM - correctly filled rate (%) - 100.0
2019-06-17 08:42:52,285 - IMMO - FR.CONSTRUIRE - AVENDREALOUERTERRAIN - 2019-05-01 00:00:00 - ERROR - STAT - expect_column_value_lengths_to_be_between - NOM - correctly filled rate (%) - 100.0
2019-06-17 08:42:52,286 - IMMO - FR.CONSTRUIRE - AVENDREALOUERTERRAIN - 2019-05-01 00:00:00 - ERROR - STAT - expect_column_values_to_match_regex - PAYS_AD - correctly filled rate (%) - 100.0
2019-06-17 08:42:52,286 - IMMO - FR.CONSTRUIRE - AVENDREALOUERTERRAIN - 2019-05-01 00:00:00 - ERROR - STAT - expect_column_values_to_not_be_null - PAYS_AD - correctly filled rate (%) - 100.0
2019-06-17 08:42:52,286 - IMMO - FR.CONSTRUIRE - AVENDREALOUERTERRAIN - 2019-05-01 00:00:00 - ERROR - STAT - expect_column_values_to_not_be_null - PHOTO - correctly filled rate (%) - 100.0
2019-06-17 08:42:52,286 - IMMO - FR.CONSTRUIRE - AVENDREALOUERTERRAIN - 2019-05-01 00:00:00 - ERROR - STAT - expect_column_values_to_be_in_type_list - PHOTO - correctly filled rate (%) - 100.0
2019-06-17 08:42:52,286 - IMMO - FR.CONSTRUIRE - AVENDREALOUERTERRAIN - 2019-05-01 00:00:00 - ERROR - STAT - expect_column_values_to_not_be_null - PIECE - correctly filled rate (%) - 0.0
2019-06-17 08:42:52,286 - IMMO - FR.CONSTRUIRE - AVENDREALOUERTERRAIN - 2019-05-01 00:00:00 - ERROR - FILE_CHECK - expect_column_values_to_be_of_type - PRIX - Wrong type for value: 97000.0 on line 0 should be int
2019-06-17 08:42:52,286 - IMMO - FR.CONSTRUIRE - AVENDREALOUERTERRAIN - 2019-05-01 00:00:00 - ERROR - FILE_CHECK - expect_column_values_to_be_of_type - PRIX - Wrong type for value: 28000.0 on line 1 should be int
2019-06-17 08:42:52,286 - IMMO - FR.CONSTRUIRE - AVENDREALOUERTERRAIN - 2019-05-01 00:00:00 - ERROR - FILE_CHECK - expect_column_values_to_be_of_type - PRIX - Wrong type for value: 154000.0 on line 2 should be int
2019-06-17 08:42:52,286 - IMMO - FR.CONSTRUIRE - AVENDREALOUERTERRAIN - 2019-05-01 00:00:00 - ERROR - FILE_CHECK - expect_column_values_to_be_of_type - PRIX - Wrong type for value: 47190.0 on line 3 should be int
2019-06-17 08:42:52,286 - IMMO - FR.CONSTRUIRE - AVENDREALOUERTERRAIN - 2019-05-01 00:00:00 - ERROR - FILE_CHECK - expect_column_values_to_be_of_type - PRIX - Wrong type for value: 154000.0 on line 4 should be int
2019-06-17 08:42:52,287 - IMMO - FR.CONSTRUIRE - AVENDREALOUERTERRAIN - 2019-05-01 00:00:00 - ERROR - FILE_CHECK - expect_column_values_to_be_of_type - PRIX - Wrong type for value: 110000.0 on line 5 should be int
2019-06-17 08:42:52,287 - IMMO - FR.CONSTRUIRE - AVENDREALOUERTERRAIN - 2019-05-01 00:00:00 - ERROR - FILE_CHECK - expect_column_values_to_be_of_type - PRIX - Wrong type for value: 149000.0 on line 6 should be int
2019-06-17 08:42:52,287 - IMMO - FR.CONSTRUIRE - AVENDREALOUERTERRAIN - 2019-05-01 00:00:00 - ERROR - FILE_CHECK - expect_column_values_to_be_of_type - PRIX - Wrong type for value: 65000.0 on line 7 should be int
2019-06-17 08:42:52,287 - IMMO - FR.CONSTRUIRE - AVENDREALOUERTERRAIN - 2019-05-01 00:00:00 - ERROR - FILE_CHECK - expect_column_values_to_be_of_type - PRIX - Wrong type for value: 10170.0 on line 8 should be int
2019-06-17 08:42:52,287 - IMMO - FR.CONSTRUIRE - AVENDREALOUERTERRAIN - 2019-05-01 00:00:00 - ERROR - FILE_CHECK - expect_column_values_to_be_of_type - PRIX - Wrong type for value: 7500.0 on line 9 should be int
2019-06-17 08:42:52,287 - IMMO - FR.CONSTRUIRE - AVENDREALOUERTERRAIN - 2019-05-01 00:00:00 - ERROR - FILE_CHECK - expect_column_values_to_be_of_type - PRIX - Wrong type for value: 18500.0 on line 10 should be int
2019-06-17 08:42:52,287 - IMMO - FR.CONSTRUIRE - AVENDREALOUERTERRAIN - 2019-05-01 00:00:00 - ERROR - FILE_CHECK - expect_column_values_to_be_of_type - PRIX - Wrong type for value: 135300.0 on line 11 should be int
2019-06-17 08:42:52,287 - IMMO - FR.CONSTRUIRE - AVENDREALOUERTERRAIN - 2019-05-01 00:00:00 - ERROR - FILE_CHECK - expect_column_values_to_be_of_type - PRIX - Wrong type for value: 15600.0 on line 12 should be int
2019-06-17 08:42:52,287 - IMMO - FR.CONSTRUIRE - AVENDREALOUERTERRAIN - 2019-05-01 00:00:00 - ERROR - FILE_CHECK - expect_column_values_to_be_of_type - PRIX - Wrong type for value: 130000.0 on line 13 should be int
2019-06-17 08:42:52,287 - IMMO - FR.CONSTRUIRE - AVENDREALOUERTERRAIN - 2019-05-01 00:00:00 - ERROR - FILE_CHECK - expect_column_values_to_be_of_type - PRIX - Wrong type for value: 55000.0 on line 14 should be int
2019-06-17 08:42:52,287 - IMMO - FR.CONSTRUIRE - AVENDREALOUERTERRAIN - 2019-05-01 00:00:00 - ERROR - FILE_CHECK - expect_column_values_to_be_of_type - PRIX - Wrong type for value: 60000.0 on line 15 should be int
2019-06-17 08:42:52,287 - IMMO - FR.CONSTRUIRE - AVENDREALOUERTERRAIN - 2019-05-01 00:00:00 - ERROR - FILE_CHECK - expect_column_values_to_be_of_type - PRIX - Wrong type for value: 225000.0 on line 18 should be int
2019-06-17 08:42:52,288 - IMMO - FR.CONSTRUIRE - AVENDREALOUERTERRAIN - 2019-05-01 00:00:00 - ERROR - FILE_CHECK - expect_column_values_to_be_of_type - PRIX - Wrong type for value: 88000.0 on line 155 should be int
2019-06-17 08:42:52,288 - IMMO - FR.CONSTRUIRE - AVENDREALOUERTERRAIN - 2019-05-01 00:00:00 - ERROR - FILE_CHECK - expect_column_values_to_be_of_type - PRIX - Wrong type for value: 76000.0 on line 156 should be int
2019-06-17 08:42:52,288 - IMMO - FR.CONSTRUIRE - AVENDREALOUERTERRAIN - 2019-05-01 00:00:00 - ERROR - FILE_CHECK - expect_column_values_to_be_of_type - PRIX - Wrong type for value: 198000.0 on line 158 should be int
2019-06-17 08:42:52,288 - IMMO - FR.CONSTRUIRE - AVENDREALOUERTERRAIN - 2019-05-01 00:00:00 - ERROR - STAT - expect_column_values_to_be_of_type - PRIX - correctly filled rate (%) - 0.0
2019-06-17 08:42:52,288 - IMMO - FR.CONSTRUIRE - AVENDREALOUERTERRAIN - 2019-05-01 00:00:00 - ERROR - STAT - expect_column_values_to_not_be_null - PRIX - correctly filled rate (%) - 91.36
2019-06-17 08:42:52,288 - IMMO - FR.CONSTRUIRE - AVENDREALOUERTERRAIN - 2019-05-01 00:00:00 - ERROR - STAT - expect_column_values_to_not_be_null - PRO_IND - correctly filled rate (%) - 100.0
2019-06-17 08:42:52,288 - IMMO - FR.CONSTRUIRE - AVENDREALOUERTERRAIN - 2019-05-01 00:00:00 - ERROR - STAT - expect_column_values_to_be_in_set - PRO_IND - correctly filled rate (%) - 100.0
2019-06-17 08:42:52,288 - IMMO - FR.CONSTRUIRE - AVENDREALOUERTERRAIN - 2019-05-01 00:00:00 - ERROR - STAT - expect_column_values_to_not_be_null - REGION - correctly filled rate (%) - 0.0
2019-06-17 08:42:52,288 - IMMO - FR.CONSTRUIRE - AVENDREALOUERTERRAIN - 2019-05-01 00:00:00 - ERROR - STAT - expect_column_values_to_not_be_null - SELLER_TYPE - correctly filled rate (%) - 100.0
2019-06-17 08:42:52,288 - IMMO - FR.CONSTRUIRE - AVENDREALOUERTERRAIN - 2019-05-01 00:00:00 - ERROR - STAT - expect_column_values_to_match_regex - SELLER_TYPE - correctly filled rate (%) - 100.0
2019-06-17 08:42:52,288 - IMMO - FR.CONSTRUIRE - AVENDREALOUERTERRAIN - 2019-05-01 00:00:00 - ERROR - FILE_CHECK - expect_column_values_to_be_of_type - SURFACE_TERRAIN - Wrong type for value: 10.0 on line 5 should be int
2019-06-17 08:42:52,289 - IMMO - FR.CONSTRUIRE - AVENDREALOUERTERRAIN - 2019-05-01 00:00:00 - ERROR - FILE_CHECK - expect_column_values_to_be_of_type - SURFACE_TERRAIN - Wrong type for value: 10.0 on line 6 should be int
2019-06-17 08:42:52,289 - IMMO - FR.CONSTRUIRE - AVENDREALOUERTERRAIN - 2019-05-01 00:00:00 - ERROR - FILE_CHECK - expect_column_values_to_be_of_type - SURFACE_TERRAIN - Wrong type for value: 13.0 on line 7 should be int
2019-06-17 08:42:52,289 - IMMO - FR.CONSTRUIRE - AVENDREALOUERTERRAIN - 2019-05-01 00:00:00 - ERROR - FILE_CHECK - expect_column_values_to_be_of_type - SURFACE_TERRAIN - Wrong type for value: 11.0 on line 8 should be int
2019-06-17 08:42:52,289 - IMMO - FR.CONSTRUIRE - AVENDREALOUERTERRAIN - 2019-05-01 00:00:00 - ERROR - FILE_CHECK - expect_column_values_to_be_of_type - SURFACE_TERRAIN - Wrong type for value: 15.0 on line 9 should be int
2019-06-17 08:42:52,289 - IMMO - FR.CONSTRUIRE - AVENDREALOUERTERRAIN - 2019-05-01 00:00:00 - ERROR - FILE_CHECK - expect_column_values_to_be_of_type - SURFACE_TERRAIN - Wrong type for value: 13.0 on line 10 should be int
2019-06-17 08:42:52,289 - IMMO - FR.CONSTRUIRE - AVENDREALOUERTERRAIN - 2019-05-01 00:00:00 - ERROR - FILE_CHECK - expect_column_values_to_be_of_type - SURFACE_TERRAIN - Wrong type for value: 16.0 on line 11 should be int
2019-06-17 08:42:52,289 - IMMO - FR.CONSTRUIRE - AVENDREALOUERTERRAIN - 2019-05-01 00:00:00 - ERROR - FILE_CHECK - expect_column_values_to_be_of_type - SURFACE_TERRAIN - Wrong type for value: 17.0 on line 12 should be int
2019-06-17 08:42:52,289 - IMMO - FR.CONSTRUIRE - AVENDREALOUERTERRAIN - 2019-05-01 00:00:00 - ERROR - FILE_CHECK - expect_column_values_to_be_of_type - SURFACE_TERRAIN - Wrong type for value: 10.0 on line 13 should be int
2019-06-17 08:42:52,289 - IMMO - FR.CONSTRUIRE - AVENDREALOUERTERRAIN - 2019-05-01 00:00:00 - ERROR - FILE_CHECK - expect_column_values_to_be_of_type - SURFACE_TERRAIN - Wrong type for value: 19.0 on line 14 should be int
2019-06-17 08:42:52,289 - IMMO - FR.CONSTRUIRE - AVENDREALOUERTERRAIN - 2019-05-01 00:00:00 - ERROR - FILE_CHECK - expect_column_values_to_be_of_type - SURFACE_TERRAIN - Wrong type for value: 10.0 on line 15 should be int
2019-06-17 08:42:52,289 - IMMO - FR.CONSTRUIRE - AVENDREALOUERTERRAIN - 2019-05-01 00:00:00 - ERROR - FILE_CHECK - expect_column_values_to_be_of_type - SURFACE_TERRAIN - Wrong type for value: 10.0 on line 18 should be int
2019-06-17 08:42:52,290 - IMMO - FR.CONSTRUIRE - AVENDREALOUERTERRAIN - 2019-05-01 00:00:00 - ERROR - FILE_CHECK - expect_column_values_to_be_of_type - SURFACE_TERRAIN - Wrong type for value: 10.0 on line 155 should be int
2019-06-17 08:42:52,290 - IMMO - FR.CONSTRUIRE - AVENDREALOUERTERRAIN - 2019-05-01 00:00:00 - ERROR - FILE_CHECK - expect_column_values_to_be_of_type - SURFACE_TERRAIN - Wrong type for value: 10.0 on line 156 should be int
2019-06-17 08:42:52,290 - IMMO - FR.CONSTRUIRE - AVENDREALOUERTERRAIN - 2019-05-01 00:00:00 - ERROR - FILE_CHECK - expect_column_values_to_be_of_type - SURFACE_TERRAIN - Wrong type for value: 10.0 on line 162 should be int
2019-06-17 08:42:52,290 - IMMO - FR.CONSTRUIRE - AVENDREALOUERTERRAIN - 2019-05-01 00:00:00 - ERROR - FILE_CHECK - expect_column_values_to_be_of_type - SURFACE_TERRAIN - Wrong type for value: 20.0 on line 233 should be int
2019-06-17 08:42:52,290 - IMMO - FR.CONSTRUIRE - AVENDREALOUERTERRAIN - 2019-05-01 00:00:00 - ERROR - FILE_CHECK - expect_column_values_to_be_of_type - SURFACE_TERRAIN - Wrong type for value: 24.0 on line 234 should be int
2019-06-17 08:42:52,290 - IMMO - FR.CONSTRUIRE - AVENDREALOUERTERRAIN - 2019-05-01 00:00:00 - ERROR - FILE_CHECK - expect_column_values_to_be_of_type - SURFACE_TERRAIN - Wrong type for value: 25.0 on line 235 should be int
2019-06-17 08:42:52,290 - IMMO - FR.CONSTRUIRE - AVENDREALOUERTERRAIN - 2019-05-01 00:00:00 - ERROR - FILE_CHECK - expect_column_values_to_be_of_type - SURFACE_TERRAIN - Wrong type for value: 25.0 on line 236 should be int
2019-06-17 08:42:52,290 - IMMO - FR.CONSTRUIRE - AVENDREALOUERTERRAIN - 2019-05-01 00:00:00 - ERROR - FILE_CHECK - expect_column_values_to_be_of_type - SURFACE_TERRAIN - Wrong type for value: 29.0 on line 237 should be int
2019-06-17 08:42:52,290 - IMMO - FR.CONSTRUIRE - AVENDREALOUERTERRAIN - 2019-05-01 00:00:00 - ERROR - STAT - expect_column_values_to_be_of_type - SURFACE_TERRAIN - correctly filled rate (%) - 0.0
2019-06-17 08:42:52,290 - IMMO - FR.CONSTRUIRE - AVENDREALOUERTERRAIN - 2019-05-01 00:00:00 - ERROR - STAT - expect_column_values_to_match_regex - VILLE - correctly filled rate (%) - 100.0
2019-06-17 08:42:52,290 - IMMO - FR.CONSTRUIRE - AVENDREALOUERTERRAIN - 2019-05-01 00:00:00 - ERROR - STAT - expect_column_values_to_not_be_null - VILLE - correctly filled rate (%) - 99.69
2019-06-17 08:42:52,290 - IMMO - FR.CONSTRUIRE - AVENDREALOUERTERRAIN - 2019-05-01 00:00:00 - ERROR - STAT - expect_returning_row_unique_count - VILLE - total number of unique rows - 5582
2019-06-17 08:42:52,291 - IMMO - FR.CONSTRUIRE - AVENDREALOUERTERRAIN - 2019-05-01 00:00:00 - ERROR - STAT - expect_returning_row_count_on_conditions - DEALER_LISTINGS - total number of row with conditions - 17162
2019-06-17 08:42:52,291 - IMMO - FR.CONSTRUIRE - AVENDREALOUERTERRAIN - 2019-05-01 00:00:00 - ERROR - STAT - expect_returning_row_count_on_conditions - PRIVATE_LISTINGS - total number of row with conditions - 0
