2019-09-30 10:44:27,183 - IMMO - FR.NEUF - LOGICIMMONEUF - 2019-09-01 00:00:00 - ERROR - STAT - expect_column_values_to_not_be_null - ACHAT_LOC - correctly filled rate (%) - 100.0
2019-09-30 10:44:27,184 - IMMO - FR.NEUF - LOGICIMMONEUF - 2019-09-01 00:00:00 - ERROR - STAT - expect_column_values_to_be_in_set - ACHAT_LOC - correctly filled rate (%) - 100.0
2019-09-30 10:44:27,184 - IMMO - FR.NEUF - LOGICIMMONEUF - 2019-09-01 00:00:00 - ERROR - STAT - expect_column_values_to_not_be_null - ADRESSE - correctly filled rate (%) - 86.57
2019-09-30 10:44:27,184 - IMMO - FR.NEUF - LOGICIMMONEUF - 2019-09-01 00:00:00 - ERROR - STAT - expect_column_values_to_not_be_null - AGENCE_ADRESSE - correctly filled rate (%) - 95.44
2019-09-30 10:44:27,184 - IMMO - FR.NEUF - LOGICIMMONEUF - 2019-09-01 00:00:00 - ERROR - STAT - expect_column_values_to_not_be_null - AGENCE_CP - correctly filled rate (%) - 95.38
2019-09-30 10:44:27,184 - IMMO - FR.NEUF - LOGICIMMONEUF - 2019-09-01 00:00:00 - ERROR - STAT - expect_column_values_to_match_regex - AGENCE_CP - correctly filled rate (%) - 100.0
2019-09-30 10:44:27,184 - IMMO - FR.NEUF - LOGICIMMONEUF - 2019-09-01 00:00:00 - ERROR - STAT - expect_column_values_to_not_be_null - AGENCE_NOM - correctly filled rate (%) - 95.44
2019-09-30 10:44:27,184 - IMMO - FR.NEUF - LOGICIMMONEUF - 2019-09-01 00:00:00 - ERROR - STAT - expect_column_values_to_be_phone_number - AGENCE_TEL - correctly filled rate (%) - 100.0
2019-09-30 10:44:27,184 - IMMO - FR.NEUF - LOGICIMMONEUF - 2019-09-01 00:00:00 - ERROR - STAT - expect_column_values_to_not_be_null - AGENCE_TEL - correctly filled rate (%) - 99.89
2019-09-30 10:44:27,184 - IMMO - FR.NEUF - LOGICIMMONEUF - 2019-09-01 00:00:00 - ERROR - STAT - expect_column_values_to_not_be_null - AGENCE_VILLE - correctly filled rate (%) - 95.44
2019-09-30 10:44:27,184 - IMMO - FR.NEUF - LOGICIMMONEUF - 2019-09-01 00:00:00 - ERROR - STAT - expect_column_values_to_not_be_null - ANNONCE_DATE - correctly filled rate (%) - 0.0
2019-09-30 10:44:27,184 - IMMO - FR.NEUF - LOGICIMMONEUF - 2019-09-01 00:00:00 - ERROR - STAT - expect_column_values_to_not_be_null - ANNONCE_LINK - correctly filled rate (%) - 100.0
2019-09-30 10:44:27,184 - IMMO - FR.NEUF - LOGICIMMONEUF - 2019-09-01 00:00:00 - ERROR - STAT - expect_column_values_to_be_unique - ANNONCE_LINK - observed proportion - 100.0
2019-09-30 10:44:27,184 - IMMO - FR.NEUF - LOGICIMMONEUF - 2019-09-01 00:00:00 - ERROR - STAT - expect_column_values_to_not_be_null - ANNONCE_TEXT - correctly filled rate (%) - 0.0
2019-09-30 10:44:27,184 - IMMO - FR.NEUF - LOGICIMMONEUF - 2019-09-01 00:00:00 - ERROR - STAT - expect_column_values_to_not_be_null - CATEGORIE - correctly filled rate (%) - 100.0
2019-09-30 10:44:27,184 - IMMO - FR.NEUF - LOGICIMMONEUF - 2019-09-01 00:00:00 - ERROR - STAT - expect_column_values_to_not_be_null - CP - correctly filled rate (%) - 100.0
2019-09-30 10:44:27,184 - IMMO - FR.NEUF - LOGICIMMONEUF - 2019-09-01 00:00:00 - ERROR - STAT - expect_column_values_to_match_regex - CP - correctly filled rate (%) - 100.0
2019-09-30 10:44:27,184 - IMMO - FR.NEUF - LOGICIMMONEUF - 2019-09-01 00:00:00 - ERROR - STAT - expect_column_values_to_not_be_null - DEPARTEMENT - correctly filled rate (%) - 100.0
2019-09-30 10:44:27,185 - IMMO - FR.NEUF - LOGICIMMONEUF - 2019-09-01 00:00:00 - ERROR - STAT - expect_returning_row_count - EVERY_COLUMNS - total number of rows - 5415
2019-09-30 10:44:27,185 - IMMO - FR.NEUF - LOGICIMMONEUF - 2019-09-01 00:00:00 - ERROR - STAT - expect_column_values_to_not_be_null - ID_CLIENT - correctly filled rate (%) - 100.0
2019-09-30 10:44:27,185 - IMMO - FR.NEUF - LOGICIMMONEUF - 2019-09-01 00:00:00 - ERROR - STAT - expect_column_values_to_be_unique - ID_CLIENT - observed proportion - 100.0
2019-09-30 10:44:27,185 - IMMO - FR.NEUF - LOGICIMMONEUF - 2019-09-01 00:00:00 - ERROR - FILE_CHECK - expect_column_values_to_be_of_type - M2_TOTALE - Wrong type for value: 81.0 on line 0 should be int
2019-09-30 10:44:27,185 - IMMO - FR.NEUF - LOGICIMMONEUF - 2019-09-01 00:00:00 - ERROR - FILE_CHECK - expect_column_values_to_be_of_type - M2_TOTALE - Wrong type for value: 62.0 on line 1 should be int
2019-09-30 10:44:27,185 - IMMO - FR.NEUF - LOGICIMMONEUF - 2019-09-01 00:00:00 - ERROR - FILE_CHECK - expect_column_values_to_be_of_type - M2_TOTALE - Wrong type for value: 39.0 on line 2 should be int
2019-09-30 10:44:27,185 - IMMO - FR.NEUF - LOGICIMMONEUF - 2019-09-01 00:00:00 - ERROR - FILE_CHECK - expect_column_values_to_be_of_type - M2_TOTALE - Wrong type for value: 36.0 on line 3 should be int
2019-09-30 10:44:27,185 - IMMO - FR.NEUF - LOGICIMMONEUF - 2019-09-01 00:00:00 - ERROR - FILE_CHECK - expect_column_values_to_be_of_type - M2_TOTALE - Wrong type for value: 83.0 on line 5 should be int
2019-09-30 10:44:27,185 - IMMO - FR.NEUF - LOGICIMMONEUF - 2019-09-01 00:00:00 - ERROR - FILE_CHECK - expect_column_values_to_be_of_type - M2_TOTALE - Wrong type for value: 39.0 on line 6 should be int
2019-09-30 10:44:27,185 - IMMO - FR.NEUF - LOGICIMMONEUF - 2019-09-01 00:00:00 - ERROR - FILE_CHECK - expect_column_values_to_be_of_type - M2_TOTALE - Wrong type for value: 64.0 on line 7 should be int
2019-09-30 10:44:27,185 - IMMO - FR.NEUF - LOGICIMMONEUF - 2019-09-01 00:00:00 - ERROR - FILE_CHECK - expect_column_values_to_be_of_type - M2_TOTALE - Wrong type for value: 39.0 on line 8 should be int
2019-09-30 10:44:27,185 - IMMO - FR.NEUF - LOGICIMMONEUF - 2019-09-01 00:00:00 - ERROR - FILE_CHECK - expect_column_values_to_be_of_type - M2_TOTALE - Wrong type for value: 401.0 on line 11 should be int
2019-09-30 10:44:27,185 - IMMO - FR.NEUF - LOGICIMMONEUF - 2019-09-01 00:00:00 - ERROR - FILE_CHECK - expect_column_values_to_be_of_type - M2_TOTALE - Wrong type for value: 61.0 on line 12 should be int
2019-09-30 10:44:27,185 - IMMO - FR.NEUF - LOGICIMMONEUF - 2019-09-01 00:00:00 - ERROR - FILE_CHECK - expect_column_values_to_be_of_type - M2_TOTALE - Wrong type for value: 40.0 on line 13 should be int
2019-09-30 10:44:27,185 - IMMO - FR.NEUF - LOGICIMMONEUF - 2019-09-01 00:00:00 - ERROR - FILE_CHECK - expect_column_values_to_be_of_type - M2_TOTALE - Wrong type for value: 26.0 on line 14 should be int
2019-09-30 10:44:27,185 - IMMO - FR.NEUF - LOGICIMMONEUF - 2019-09-01 00:00:00 - ERROR - FILE_CHECK - expect_column_values_to_be_of_type - M2_TOTALE - Wrong type for value: 42.0 on line 15 should be int
2019-09-30 10:44:27,185 - IMMO - FR.NEUF - LOGICIMMONEUF - 2019-09-01 00:00:00 - ERROR - FILE_CHECK - expect_column_values_to_be_of_type - M2_TOTALE - Wrong type for value: 46.0 on line 16 should be int
2019-09-30 10:44:27,185 - IMMO - FR.NEUF - LOGICIMMONEUF - 2019-09-01 00:00:00 - ERROR - FILE_CHECK - expect_column_values_to_be_of_type - M2_TOTALE - Wrong type for value: 48.0 on line 17 should be int
2019-09-30 10:44:27,186 - IMMO - FR.NEUF - LOGICIMMONEUF - 2019-09-01 00:00:00 - ERROR - FILE_CHECK - expect_column_values_to_be_of_type - M2_TOTALE - Wrong type for value: 45.0 on line 18 should be int
2019-09-30 10:44:27,186 - IMMO - FR.NEUF - LOGICIMMONEUF - 2019-09-01 00:00:00 - ERROR - FILE_CHECK - expect_column_values_to_be_of_type - M2_TOTALE - Wrong type for value: 69.0 on line 19 should be int
2019-09-30 10:44:27,186 - IMMO - FR.NEUF - LOGICIMMONEUF - 2019-09-01 00:00:00 - ERROR - FILE_CHECK - expect_column_values_to_be_of_type - M2_TOTALE - Wrong type for value: 63.0 on line 20 should be int
2019-09-30 10:44:27,186 - IMMO - FR.NEUF - LOGICIMMONEUF - 2019-09-01 00:00:00 - ERROR - FILE_CHECK - expect_column_values_to_be_of_type - M2_TOTALE - Wrong type for value: 46.0 on line 21 should be int
2019-09-30 10:44:27,186 - IMMO - FR.NEUF - LOGICIMMONEUF - 2019-09-01 00:00:00 - ERROR - FILE_CHECK - expect_column_values_to_be_of_type - M2_TOTALE - Wrong type for value: 30.0 on line 22 should be int
2019-09-30 10:44:27,186 - IMMO - FR.NEUF - LOGICIMMONEUF - 2019-09-01 00:00:00 - ERROR - STAT - expect_column_values_to_be_of_type - M2_TOTALE - correctly filled rate (%) - 0.0
2019-09-30 10:44:27,186 - IMMO - FR.NEUF - LOGICIMMONEUF - 2019-09-01 00:00:00 - ERROR - STAT - expect_column_values_to_not_be_null - M2_TOTALE - correctly filled rate (%) - 81.11
2019-09-30 10:44:27,186 - IMMO - FR.NEUF - LOGICIMMONEUF - 2019-09-01 00:00:00 - ERROR - STAT - expect_column_values_to_not_be_null - MAISON_APT - correctly filled rate (%) - 0.0
2019-09-30 10:44:27,186 - IMMO - FR.NEUF - LOGICIMMONEUF - 2019-09-01 00:00:00 - ERROR - STAT - expect_column_values_to_not_be_null - MINI_SITE_ID - correctly filled rate (%) - 98.01
2019-09-30 10:44:27,186 - IMMO - FR.NEUF - LOGICIMMONEUF - 2019-09-01 00:00:00 - ERROR - STAT - expect_column_values_to_not_be_null - NOM - correctly filled rate (%) - 100.0
2019-09-30 10:44:27,186 - IMMO - FR.NEUF - LOGICIMMONEUF - 2019-09-01 00:00:00 - ERROR - STAT - expect_column_value_lengths_to_be_between - NOM - correctly filled rate (%) - 100.0
2019-09-30 10:44:27,186 - IMMO - FR.NEUF - LOGICIMMONEUF - 2019-09-01 00:00:00 - ERROR - STAT - expect_column_values_to_match_regex - PAYS_AD - correctly filled rate (%) - 100.0
2019-09-30 10:44:27,186 - IMMO - FR.NEUF - LOGICIMMONEUF - 2019-09-01 00:00:00 - ERROR - STAT - expect_column_values_to_not_be_null - PAYS_AD - correctly filled rate (%) - 100.0
2019-09-30 10:44:27,186 - IMMO - FR.NEUF - LOGICIMMONEUF - 2019-09-01 00:00:00 - ERROR - STAT - expect_column_values_to_not_be_null - PHOTO - correctly filled rate (%) - 100.0
2019-09-30 10:44:27,186 - IMMO - FR.NEUF - LOGICIMMONEUF - 2019-09-01 00:00:00 - ERROR - STAT - expect_column_values_to_be_in_type_list - PHOTO - correctly filled rate (%) - 100.0
2019-09-30 10:44:27,186 - IMMO - FR.NEUF - LOGICIMMONEUF - 2019-09-01 00:00:00 - ERROR - STAT - expect_column_values_to_not_be_null - PIECE - correctly filled rate (%) - 86.56
2019-09-30 10:44:27,186 - IMMO - FR.NEUF - LOGICIMMONEUF - 2019-09-01 00:00:00 - ERROR - STAT - expect_column_values_to_be_in_type_list - PIECE - correctly filled rate (%) - 100.0
2019-09-30 10:44:27,187 - IMMO - FR.NEUF - LOGICIMMONEUF - 2019-09-01 00:00:00 - ERROR - FILE_CHECK - expect_column_values_to_be_of_type - PRIX - Wrong type for value: 215000.0 on line 0 should be int
2019-09-30 10:44:27,187 - IMMO - FR.NEUF - LOGICIMMONEUF - 2019-09-01 00:00:00 - ERROR - FILE_CHECK - expect_column_values_to_be_of_type - PRIX - Wrong type for value: 216860.0 on line 1 should be int
2019-09-30 10:44:27,187 - IMMO - FR.NEUF - LOGICIMMONEUF - 2019-09-01 00:00:00 - ERROR - FILE_CHECK - expect_column_values_to_be_of_type - PRIX - Wrong type for value: 178250.0 on line 2 should be int
2019-09-30 10:44:27,187 - IMMO - FR.NEUF - LOGICIMMONEUF - 2019-09-01 00:00:00 - ERROR - FILE_CHECK - expect_column_values_to_be_of_type - PRIX - Wrong type for value: 182000.0 on line 3 should be int
2019-09-30 10:44:27,187 - IMMO - FR.NEUF - LOGICIMMONEUF - 2019-09-01 00:00:00 - ERROR - FILE_CHECK - expect_column_values_to_be_of_type - PRIX - Wrong type for value: 197400.0 on line 5 should be int
2019-09-30 10:44:27,187 - IMMO - FR.NEUF - LOGICIMMONEUF - 2019-09-01 00:00:00 - ERROR - FILE_CHECK - expect_column_values_to_be_of_type - PRIX - Wrong type for value: 189500.0 on line 6 should be int
2019-09-30 10:44:27,187 - IMMO - FR.NEUF - LOGICIMMONEUF - 2019-09-01 00:00:00 - ERROR - FILE_CHECK - expect_column_values_to_be_of_type - PRIX - Wrong type for value: 388000.0 on line 7 should be int
2019-09-30 10:44:27,187 - IMMO - FR.NEUF - LOGICIMMONEUF - 2019-09-01 00:00:00 - ERROR - FILE_CHECK - expect_column_values_to_be_of_type - PRIX - Wrong type for value: 154417.0 on line 9 should be int
2019-09-30 10:44:27,187 - IMMO - FR.NEUF - LOGICIMMONEUF - 2019-09-01 00:00:00 - ERROR - FILE_CHECK - expect_column_values_to_be_of_type - PRIX - Wrong type for value: 116290.0 on line 11 should be int
2019-09-30 10:44:27,187 - IMMO - FR.NEUF - LOGICIMMONEUF - 2019-09-01 00:00:00 - ERROR - FILE_CHECK - expect_column_values_to_be_of_type - PRIX - Wrong type for value: 367000.0 on line 12 should be int
2019-09-30 10:44:27,187 - IMMO - FR.NEUF - LOGICIMMONEUF - 2019-09-01 00:00:00 - ERROR - FILE_CHECK - expect_column_values_to_be_of_type - PRIX - Wrong type for value: 190200.0 on line 13 should be int
2019-09-30 10:44:27,187 - IMMO - FR.NEUF - LOGICIMMONEUF - 2019-09-01 00:00:00 - ERROR - FILE_CHECK - expect_column_values_to_be_of_type - PRIX - Wrong type for value: 100990.0 on line 14 should be int
2019-09-30 10:44:27,187 - IMMO - FR.NEUF - LOGICIMMONEUF - 2019-09-01 00:00:00 - ERROR - FILE_CHECK - expect_column_values_to_be_of_type - PRIX - Wrong type for value: 209000.0 on line 15 should be int
2019-09-30 10:44:27,187 - IMMO - FR.NEUF - LOGICIMMONEUF - 2019-09-01 00:00:00 - ERROR - FILE_CHECK - expect_column_values_to_be_of_type - PRIX - Wrong type for value: 165000.0 on line 16 should be int
2019-09-30 10:44:27,187 - IMMO - FR.NEUF - LOGICIMMONEUF - 2019-09-01 00:00:00 - ERROR - FILE_CHECK - expect_column_values_to_be_of_type - PRIX - Wrong type for value: 160000.0 on line 17 should be int
2019-09-30 10:44:27,187 - IMMO - FR.NEUF - LOGICIMMONEUF - 2019-09-01 00:00:00 - ERROR - FILE_CHECK - expect_column_values_to_be_of_type - PRIX - Wrong type for value: 242000.0 on line 18 should be int
2019-09-30 10:44:27,187 - IMMO - FR.NEUF - LOGICIMMONEUF - 2019-09-01 00:00:00 - ERROR - FILE_CHECK - expect_column_values_to_be_of_type - PRIX - Wrong type for value: 220000.0 on line 19 should be int
2019-09-30 10:44:27,187 - IMMO - FR.NEUF - LOGICIMMONEUF - 2019-09-01 00:00:00 - ERROR - FILE_CHECK - expect_column_values_to_be_of_type - PRIX - Wrong type for value: 332000.0 on line 20 should be int
2019-09-30 10:44:27,188 - IMMO - FR.NEUF - LOGICIMMONEUF - 2019-09-01 00:00:00 - ERROR - FILE_CHECK - expect_column_values_to_be_of_type - PRIX - Wrong type for value: 248500.0 on line 21 should be int
2019-09-30 10:44:27,188 - IMMO - FR.NEUF - LOGICIMMONEUF - 2019-09-01 00:00:00 - ERROR - FILE_CHECK - expect_column_values_to_be_of_type - PRIX - Wrong type for value: 210000.0 on line 23 should be int
2019-09-30 10:44:27,188 - IMMO - FR.NEUF - LOGICIMMONEUF - 2019-09-01 00:00:00 - ERROR - STAT - expect_column_values_to_be_of_type - PRIX - correctly filled rate (%) - 0.0
2019-09-30 10:44:27,188 - IMMO - FR.NEUF - LOGICIMMONEUF - 2019-09-01 00:00:00 - ERROR - STAT - expect_column_values_to_not_be_null - PRIX - correctly filled rate (%) - 85.04
2019-09-30 10:44:27,188 - IMMO - FR.NEUF - LOGICIMMONEUF - 2019-09-01 00:00:00 - ERROR - STAT - expect_column_values_to_not_be_null - PRO_IND - correctly filled rate (%) - 100.0
2019-09-30 10:44:27,188 - IMMO - FR.NEUF - LOGICIMMONEUF - 2019-09-01 00:00:00 - ERROR - STAT - expect_column_values_to_be_in_set - PRO_IND - correctly filled rate (%) - 100.0
2019-09-30 10:44:27,188 - IMMO - FR.NEUF - LOGICIMMONEUF - 2019-09-01 00:00:00 - ERROR - STAT - expect_column_values_to_not_be_null - REGION - correctly filled rate (%) - 0.0
2019-09-30 10:44:27,188 - IMMO - FR.NEUF - LOGICIMMONEUF - 2019-09-01 00:00:00 - ERROR - STAT - expect_column_values_to_not_be_null - SELLER_TYPE - correctly filled rate (%) - 100.0
2019-09-30 10:44:27,188 - IMMO - FR.NEUF - LOGICIMMONEUF - 2019-09-01 00:00:00 - ERROR - STAT - expect_column_values_to_match_regex - SELLER_TYPE - correctly filled rate (%) - 100.0
2019-09-30 10:44:27,188 - IMMO - FR.NEUF - LOGICIMMONEUF - 2019-09-01 00:00:00 - ERROR - STAT - expect_column_values_to_match_regex - VILLE - correctly filled rate (%) - 100.0
2019-09-30 10:44:27,188 - IMMO - FR.NEUF - LOGICIMMONEUF - 2019-09-01 00:00:00 - ERROR - STAT - expect_column_values_to_not_be_null - VILLE - correctly filled rate (%) - 100.0
2019-09-30 10:44:27,188 - IMMO - FR.NEUF - LOGICIMMONEUF - 2019-09-01 00:00:00 - ERROR - STAT - expect_returning_row_unique_count - VILLE - total number of unique rows - 2388
2019-09-30 10:44:27,188 - IMMO - FR.NEUF - LOGICIMMONEUF - 2019-09-01 00:00:00 - ERROR - STAT - expect_returning_row_count_on_conditions - DEALER_LISTINGS - total number of row with conditions - 5415
2019-09-30 10:44:27,188 - IMMO - FR.NEUF - LOGICIMMONEUF - 2019-09-01 00:00:00 - ERROR - STAT - expect_returning_row_count_on_conditions - PRIVATE_LISTINGS - total number of row with conditions - 0
