2019-08-30 13:53:26,095 - CAMION - NL - TRUCK1 - 2019-08-01 00:00:00 - ERROR - STAT - expect_column_values_to_not_be_null - ADRESSE - correctly filled rate (%) - 0.0
2019-08-30 13:53:26,095 - CAMION - NL - TRUCK1 - 2019-08-01 00:00:00 - ERROR - STAT - expect_column_values_to_be_in_type_list - ANNEE - correctly filled rate (%) - 100.0
2019-08-30 13:53:26,095 - CAMION - NL - TRUCK1 - 2019-08-01 00:00:00 - ERROR - STAT - expect_column_values_to_be_between - ANNEE - correctly filled rate (%) - 94.63
2019-08-30 13:53:26,095 - CAMION - NL - TRUCK1 - 2019-08-01 00:00:00 - ERROR - STAT - expect_column_values_to_not_be_null - ANNEE - correctly filled rate (%) - 100.0
2019-08-30 13:53:26,095 - CAMION - NL - TRUCK1 - 2019-08-01 00:00:00 - ERROR - FILE_CHECK - expect_column_values_to_match_regex - ANNEE - Unexpected value: 0 on line 30, value should match regexp ^[0-9]{4}$
2019-08-30 13:53:26,095 - CAMION - NL - TRUCK1 - 2019-08-01 00:00:00 - ERROR - FILE_CHECK - expect_column_values_to_match_regex - ANNEE - Unexpected value: 0 on line 43, value should match regexp ^[0-9]{4}$
2019-08-30 13:53:26,095 - CAMION - NL - TRUCK1 - 2019-08-01 00:00:00 - ERROR - FILE_CHECK - expect_column_values_to_match_regex - ANNEE - Unexpected value: 0 on line 82, value should match regexp ^[0-9]{4}$
2019-08-30 13:53:26,095 - CAMION - NL - TRUCK1 - 2019-08-01 00:00:00 - ERROR - FILE_CHECK - expect_column_values_to_match_regex - ANNEE - Unexpected value: 0 on line 191, value should match regexp ^[0-9]{4}$
2019-08-30 13:53:26,095 - CAMION - NL - TRUCK1 - 2019-08-01 00:00:00 - ERROR - FILE_CHECK - expect_column_values_to_match_regex - ANNEE - Unexpected value: 0 on line 193, value should match regexp ^[0-9]{4}$
2019-08-30 13:53:26,095 - CAMION - NL - TRUCK1 - 2019-08-01 00:00:00 - ERROR - FILE_CHECK - expect_column_values_to_match_regex - ANNEE - Unexpected value: 0 on line 210, value should match regexp ^[0-9]{4}$
2019-08-30 13:53:26,095 - CAMION - NL - TRUCK1 - 2019-08-01 00:00:00 - ERROR - FILE_CHECK - expect_column_values_to_match_regex - ANNEE - Unexpected value: 0 on line 322, value should match regexp ^[0-9]{4}$
2019-08-30 13:53:26,095 - CAMION - NL - TRUCK1 - 2019-08-01 00:00:00 - ERROR - FILE_CHECK - expect_column_values_to_match_regex - ANNEE - Unexpected value: 0 on line 323, value should match regexp ^[0-9]{4}$
2019-08-30 13:53:26,095 - CAMION - NL - TRUCK1 - 2019-08-01 00:00:00 - ERROR - FILE_CHECK - expect_column_values_to_match_regex - ANNEE - Unexpected value: 0 on line 324, value should match regexp ^[0-9]{4}$
2019-08-30 13:53:26,095 - CAMION - NL - TRUCK1 - 2019-08-01 00:00:00 - ERROR - FILE_CHECK - expect_column_values_to_match_regex - ANNEE - Unexpected value: 0 on line 352, value should match regexp ^[0-9]{4}$
2019-08-30 13:53:26,095 - CAMION - NL - TRUCK1 - 2019-08-01 00:00:00 - ERROR - FILE_CHECK - expect_column_values_to_match_regex - ANNEE - Unexpected value: 0 on line 355, value should match regexp ^[0-9]{4}$
2019-08-30 13:53:26,096 - CAMION - NL - TRUCK1 - 2019-08-01 00:00:00 - ERROR - FILE_CHECK - expect_column_values_to_match_regex - ANNEE - Unexpected value: 0 on line 376, value should match regexp ^[0-9]{4}$
2019-08-30 13:53:26,096 - CAMION - NL - TRUCK1 - 2019-08-01 00:00:00 - ERROR - FILE_CHECK - expect_column_values_to_match_regex - ANNEE - Unexpected value: 0 on line 378, value should match regexp ^[0-9]{4}$
2019-08-30 13:53:26,096 - CAMION - NL - TRUCK1 - 2019-08-01 00:00:00 - ERROR - FILE_CHECK - expect_column_values_to_match_regex - ANNEE - Unexpected value: 0 on line 383, value should match regexp ^[0-9]{4}$
2019-08-30 13:53:26,096 - CAMION - NL - TRUCK1 - 2019-08-01 00:00:00 - ERROR - FILE_CHECK - expect_column_values_to_match_regex - ANNEE - Unexpected value: 0 on line 384, value should match regexp ^[0-9]{4}$
2019-08-30 13:53:26,096 - CAMION - NL - TRUCK1 - 2019-08-01 00:00:00 - ERROR - FILE_CHECK - expect_column_values_to_match_regex - ANNEE - Unexpected value: 0 on line 387, value should match regexp ^[0-9]{4}$
2019-08-30 13:53:26,096 - CAMION - NL - TRUCK1 - 2019-08-01 00:00:00 - ERROR - FILE_CHECK - expect_column_values_to_match_regex - ANNEE - Unexpected value: 0 on line 388, value should match regexp ^[0-9]{4}$
2019-08-30 13:53:26,096 - CAMION - NL - TRUCK1 - 2019-08-01 00:00:00 - ERROR - FILE_CHECK - expect_column_values_to_match_regex - ANNEE - Unexpected value: 0 on line 389, value should match regexp ^[0-9]{4}$
2019-08-30 13:53:26,096 - CAMION - NL - TRUCK1 - 2019-08-01 00:00:00 - ERROR - FILE_CHECK - expect_column_values_to_match_regex - ANNEE - Unexpected value: 0 on line 394, value should match regexp ^[0-9]{4}$
2019-08-30 13:53:26,096 - CAMION - NL - TRUCK1 - 2019-08-01 00:00:00 - ERROR - FILE_CHECK - expect_column_values_to_match_regex - ANNEE - Unexpected value: 0 on line 396, value should match regexp ^[0-9]{4}$
2019-08-30 13:53:26,096 - CAMION - NL - TRUCK1 - 2019-08-01 00:00:00 - ERROR - STAT - expect_column_values_to_match_regex - ANNEE - correctly filled rate (%) - 95.61
2019-08-30 13:53:26,096 - CAMION - NL - TRUCK1 - 2019-08-01 00:00:00 - ERROR - STAT - expect_column_values_to_not_be_null - ANNONCE_LINK - correctly filled rate (%) - 100.0
2019-08-30 13:53:26,096 - CAMION - NL - TRUCK1 - 2019-08-01 00:00:00 - ERROR - STAT - expect_column_values_to_be_unique - ANNONCE_LINK - observed proportion - 100.0
2019-08-30 13:53:26,096 - CAMION - NL - TRUCK1 - 2019-08-01 00:00:00 - ERROR - STAT - expect_column_values_to_not_be_null - CARBURANT - correctly filled rate (%) - 60.54
2019-08-30 13:53:26,096 - CAMION - NL - TRUCK1 - 2019-08-01 00:00:00 - ERROR - STAT - expect_column_values_to_not_be_null - CARROSSERIE - correctly filled rate (%) - 0.0
2019-08-30 13:53:26,096 - CAMION - NL - TRUCK1 - 2019-08-01 00:00:00 - ERROR - STAT - expect_column_values_to_not_be_null - CP - correctly filled rate (%) - 95.79
2019-08-30 13:53:26,096 - CAMION - NL - TRUCK1 - 2019-08-01 00:00:00 - ERROR - STAT - expect_column_values_to_match_regex - CP - correctly filled rate (%) - 100.0
2019-08-30 13:53:26,096 - CAMION - NL - TRUCK1 - 2019-08-01 00:00:00 - ERROR - STAT - expect_column_values_to_not_be_null - GARAGE_ID - correctly filled rate (%) - 100.0
2019-08-30 13:53:26,097 - CAMION - NL - TRUCK1 - 2019-08-01 00:00:00 - ERROR - STAT - expect_column_values_to_not_be_null - ID_CLIENT - correctly filled rate (%) - 100.0
2019-08-30 13:53:26,097 - CAMION - NL - TRUCK1 - 2019-08-01 00:00:00 - ERROR - STAT - expect_column_values_to_be_unique - ID_CLIENT - observed proportion - 100.0
2019-08-30 13:53:26,097 - CAMION - NL - TRUCK1 - 2019-08-01 00:00:00 - ERROR - STAT - expect_returning_row_count - EVERY_COLUMNS - total number of rows - 10490
2019-08-30 13:53:26,097 - CAMION - NL - TRUCK1 - 2019-08-01 00:00:00 - ERROR - STAT - expect_column_values_to_not_be_null - IMMAT - correctly filled rate (%) - 100.0
2019-08-30 13:53:26,097 - CAMION - NL - TRUCK1 - 2019-08-01 00:00:00 - ERROR - STAT - expect_column_values_to_be_in_type_list - KM - correctly filled rate (%) - 100.0
2019-08-30 13:53:26,097 - CAMION - NL - TRUCK1 - 2019-08-01 00:00:00 - ERROR - STAT - expect_column_values_to_not_be_null - KM - correctly filled rate (%) - 100.0
2019-08-30 13:53:26,097 - CAMION - NL - TRUCK1 - 2019-08-01 00:00:00 - ERROR - STAT - expect_column_values_to_be_in_type_list - LITRE - correctly filled rate (%) - 100.0
2019-08-30 13:53:26,097 - CAMION - NL - TRUCK1 - 2019-08-01 00:00:00 - ERROR - STAT - expect_column_values_to_not_be_null - LITRE - correctly filled rate (%) - 100.0
2019-08-30 13:53:26,097 - CAMION - NL - TRUCK1 - 2019-08-01 00:00:00 - ERROR - STAT - expect_column_values_to_not_be_null - MARQUE - correctly filled rate (%) - 98.46
2019-08-30 13:53:26,097 - CAMION - NL - TRUCK1 - 2019-08-01 00:00:00 - ERROR - STAT - expect_column_values_to_not_be_null - MODELE - correctly filled rate (%) - 63.6
2019-08-30 13:53:26,097 - CAMION - NL - TRUCK1 - 2019-08-01 00:00:00 - ERROR - STAT - expect_column_values_to_not_be_null - NOM - correctly filled rate (%) - 99.9
2019-08-30 13:53:26,097 - CAMION - NL - TRUCK1 - 2019-08-01 00:00:00 - ERROR - FILE_CHECK - expect_column_value_lengths_to_be_between - NOM - Unexpected characters count of: [Trilblok...] on line  82, value length should be between 10 and 255
2019-08-30 13:53:26,097 - CAMION - NL - TRUCK1 - 2019-08-01 00:00:00 - ERROR - FILE_CHECK - expect_column_value_lengths_to_be_between - NOM - Unexpected characters count of: [MAN TGS...] on line  122, value length should be between 10 and 255
2019-08-30 13:53:26,097 - CAMION - NL - TRUCK1 - 2019-08-01 00:00:00 - ERROR - FILE_CHECK - expect_column_value_lengths_to_be_between - NOM - Unexpected characters count of: [Trilblok...] on line  210, value length should be between 10 and 255
2019-08-30 13:53:26,097 - CAMION - NL - TRUCK1 - 2019-08-01 00:00:00 - ERROR - FILE_CHECK - expect_column_value_lengths_to_be_between - NOM - Unexpected characters count of: [DAF Ae 45...] on line  278, value length should be between 10 and 255
2019-08-30 13:53:26,097 - CAMION - NL - TRUCK1 - 2019-08-01 00:00:00 - ERROR - FILE_CHECK - expect_column_value_lengths_to_be_between - NOM - Unexpected characters count of: [VAIA MB45...] on line  352, value length should be between 10 and 255
2019-08-30 13:53:26,097 - CAMION - NL - TRUCK1 - 2019-08-01 00:00:00 - ERROR - FILE_CHECK - expect_column_value_lengths_to_be_between - NOM - Unexpected characters count of: [JLG 860SJ...] on line  358, value length should be between 10 and 255
2019-08-30 13:53:26,097 - CAMION - NL - TRUCK1 - 2019-08-01 00:00:00 - ERROR - FILE_CHECK - expect_column_value_lengths_to_be_between - NOM - Unexpected characters count of: [JLG 510AJ...] on line  365, value length should be between 10 and 255
2019-08-30 13:53:26,098 - CAMION - NL - TRUCK1 - 2019-08-01 00:00:00 - ERROR - FILE_CHECK - expect_column_value_lengths_to_be_between - NOM - Unexpected characters count of: [Volvo N10...] on line  425, value length should be between 10 and 255
2019-08-30 13:53:26,098 - CAMION - NL - TRUCK1 - 2019-08-01 00:00:00 - ERROR - FILE_CHECK - expect_column_value_lengths_to_be_between - NOM - Unexpected characters count of: [MAN E2842...] on line  644, value length should be between 10 and 255
2019-08-30 13:53:26,098 - CAMION - NL - TRUCK1 - 2019-08-01 00:00:00 - ERROR - FILE_CHECK - expect_column_value_lengths_to_be_between - NOM - Unexpected characters count of: [Cat 587R...] on line  685, value length should be between 10 and 255
2019-08-30 13:53:26,098 - CAMION - NL - TRUCK1 - 2019-08-01 00:00:00 - ERROR - FILE_CHECK - expect_column_value_lengths_to_be_between - NOM - Unexpected characters count of: [JLG 450AJ...] on line  715, value length should be between 10 and 255
2019-08-30 13:53:26,098 - CAMION - NL - TRUCK1 - 2019-08-01 00:00:00 - ERROR - FILE_CHECK - expect_column_value_lengths_to_be_between - NOM - Unexpected characters count of: [JLG 450AJ...] on line  716, value length should be between 10 and 255
2019-08-30 13:53:26,098 - CAMION - NL - TRUCK1 - 2019-08-01 00:00:00 - ERROR - FILE_CHECK - expect_column_value_lengths_to_be_between - NOM - Unexpected characters count of: [JLG 450AJ...] on line  717, value length should be between 10 and 255
2019-08-30 13:53:26,098 - CAMION - NL - TRUCK1 - 2019-08-01 00:00:00 - ERROR - FILE_CHECK - expect_column_value_lengths_to_be_between - NOM - Unexpected characters count of: [Fuso fuso...] on line  886, value length should be between 10 and 255
2019-08-30 13:53:26,098 - CAMION - NL - TRUCK1 - 2019-08-01 00:00:00 - ERROR - FILE_CHECK - expect_column_value_lengths_to_be_between - NOM - Unexpected characters count of: [Kooiaap D...] on line  1115, value length should be between 10 and 255
2019-08-30 13:53:26,098 - CAMION - NL - TRUCK1 - 2019-08-01 00:00:00 - ERROR - FILE_CHECK - expect_column_value_lengths_to_be_between - NOM - Unexpected characters count of: [JLG M4069...] on line  1346, value length should be between 10 and 255
2019-08-30 13:53:26,098 - CAMION - NL - TRUCK1 - 2019-08-01 00:00:00 - ERROR - FILE_CHECK - expect_column_value_lengths_to_be_between - NOM - Unexpected characters count of: [Cat 245B...] on line  1369, value length should be between 10 and 255
2019-08-30 13:53:26,098 - CAMION - NL - TRUCK1 - 2019-08-01 00:00:00 - ERROR - FILE_CHECK - expect_column_value_lengths_to_be_between - NOM - Unexpected characters count of: [Nck 305B...] on line  1560, value length should be between 10 and 255
2019-08-30 13:53:26,098 - CAMION - NL - TRUCK1 - 2019-08-01 00:00:00 - ERROR - FILE_CHECK - expect_column_value_lengths_to_be_between - NOM - Unexpected characters count of: [JLG 860SJ...] on line  1680, value length should be between 10 and 255
2019-08-30 13:53:26,098 - CAMION - NL - TRUCK1 - 2019-08-01 00:00:00 - ERROR - FILE_CHECK - expect_column_value_lengths_to_be_between - NOM - Unexpected characters count of: [JLG 510AJ...] on line  1684, value length should be between 10 and 255
2019-08-30 13:53:26,098 - CAMION - NL - TRUCK1 - 2019-08-01 00:00:00 - ERROR - STAT - expect_column_value_lengths_to_be_between - NOM - correctly filled rate (%) - 98.1
2019-08-30 13:53:26,098 - CAMION - NL - TRUCK1 - 2019-08-01 00:00:00 - ERROR - STAT - expect_column_values_to_not_be_null - OPTIONS - correctly filled rate (%) - 0.0
2019-08-30 13:53:26,098 - CAMION - NL - TRUCK1 - 2019-08-01 00:00:00 - ERROR - STAT - expect_column_values_to_be_in_type_list - PHOTO - correctly filled rate (%) - 100.0
2019-08-30 13:53:26,098 - CAMION - NL - TRUCK1 - 2019-08-01 00:00:00 - ERROR - STAT - expect_column_values_to_not_be_null - PHOTO - correctly filled rate (%) - 100.0
2019-08-30 13:53:26,098 - CAMION - NL - TRUCK1 - 2019-08-01 00:00:00 - ERROR - STAT - expect_column_values_to_not_be_null - PLACE - correctly filled rate (%) - 0.0
2019-08-30 13:53:26,099 - CAMION - NL - TRUCK1 - 2019-08-01 00:00:00 - ERROR - STAT - expect_column_values_to_not_be_null - PORTE - correctly filled rate (%) - 0.0
2019-08-30 13:53:26,099 - CAMION - NL - TRUCK1 - 2019-08-01 00:00:00 - ERROR - STAT - expect_column_values_to_be_in_type_list - PRIX - correctly filled rate (%) - 100.0
2019-08-30 13:53:26,099 - CAMION - NL - TRUCK1 - 2019-08-01 00:00:00 - ERROR - STAT - expect_column_values_to_not_be_null - PRIX - correctly filled rate (%) - 100.0
2019-08-30 13:53:26,099 - CAMION - NL - TRUCK1 - 2019-08-01 00:00:00 - ERROR - STAT - expect_column_values_to_not_be_null - PROVINCE - correctly filled rate (%) - 0.0
2019-08-30 13:53:26,099 - CAMION - NL - TRUCK1 - 2019-08-01 00:00:00 - ERROR - STAT - expect_column_values_to_not_be_null - SITE - correctly filled rate (%) - 100.0
2019-08-30 13:53:26,099 - CAMION - NL - TRUCK1 - 2019-08-01 00:00:00 - ERROR - STAT - expect_column_values_to_not_be_null - TELEPHONE - correctly filled rate (%) - 100.0
2019-08-30 13:53:26,099 - CAMION - NL - TRUCK1 - 2019-08-01 00:00:00 - ERROR - STAT - expect_column_values_to_be_phone_number - TELEPHONE - correctly filled rate (%) - 98.22
2019-08-30 13:53:26,099 - CAMION - NL - TRUCK1 - 2019-08-01 00:00:00 - ERROR - STAT - expect_column_values_to_not_be_null - TYPE - correctly filled rate (%) - 100.0
2019-08-30 13:53:26,099 - CAMION - NL - TRUCK1 - 2019-08-01 00:00:00 - ERROR - STAT - expect_column_values_to_be_in_set_2 - TYPE - observed proportion - 100.0
2019-08-30 13:53:26,099 - CAMION - NL - TRUCK1 - 2019-08-01 00:00:00 - ERROR - STAT - expect_column_values_to_not_be_null - VILLE - correctly filled rate (%) - 100.0
2019-08-30 13:53:26,099 - CAMION - NL - TRUCK1 - 2019-08-01 00:00:00 - ERROR - STAT - expect_column_values_to_not_be_null - VN_IND - correctly filled rate (%) - 0.0
2019-08-30 13:53:26,099 - CAMION - NL - TRUCK1 - 2019-08-01 00:00:00 - ERROR - STAT - expect_returning_row_unique_count - MARQUE_CORRECTED - total number of unique rows - 261
2019-08-30 13:53:26,099 - CAMION - NL - TRUCK1 - 2019-08-01 00:00:00 - ERROR - STAT - expect_returning_row_unique_count - MODELE_CORRECTED - total number of unique rows - 281
2019-08-30 13:53:26,099 - CAMION - NL - TRUCK1 - 2019-08-01 00:00:00 - ERROR - STAT - expect_returning_row_unique_count - CARROSSERIE - total number of unique rows - 0
2019-08-30 13:53:26,099 - CAMION - NL - TRUCK1 - 2019-08-01 00:00:00 - ERROR - STAT - expect_returning_row_unique_count - CARBURANT - total number of unique rows - 5
2019-08-30 13:53:26,099 - CAMION - NL - TRUCK1 - 2019-08-01 00:00:00 - ERROR - STAT - expect_column_values_to_not_be_null - CYLINDRE - correctly filled rate (%) - 0.0
2019-08-30 13:53:26,099 - CAMION - NL - TRUCK1 - 2019-08-01 00:00:00 - ERROR - STAT - expect_returning_row_unique_count - PROVINCE - total number of unique rows - 0
2019-08-30 13:53:26,100 - CAMION - NL - TRUCK1 - 2019-08-01 00:00:00 - ERROR - STAT - expect_returning_row_unique_count - VILLE - total number of unique rows - 112
2019-08-30 13:53:26,100 - CAMION - NL - TRUCK1 - 2019-08-01 00:00:00 - ERROR - STAT - expect_returning_row_unique_count - DEPARTEMENT - total number of unique rows - 0
2019-08-30 13:53:26,100 - CAMION - NL - TRUCK1 - 2019-08-01 00:00:00 - ERROR - STAT - expect_returning_row_count_on_conditions - DEALER_USEDCARS - total number of row with conditions - 10490
2019-08-30 13:53:26,100 - CAMION - NL - TRUCK1 - 2019-08-01 00:00:00 - ERROR - STAT - expect_returning_row_count_on_conditions - PRIVATE_USEDCARS - total number of row with conditions - 0
2019-08-30 13:53:26,100 - CAMION - NL - TRUCK1 - 2019-08-01 00:00:00 - ERROR - STAT - expect_returning_row_count_on_conditions - TRUCKS - total number of row with conditions - 2490
2019-08-30 13:53:26,100 - CAMION - NL - TRUCK1 - 2019-08-01 00:00:00 - ERROR - STAT - expect_returning_row_count_on_conditions - TRACTOR UNITS - total number of row with conditions - 3420
2019-08-30 13:53:26,100 - CAMION - NL - TRUCK1 - 2019-08-01 00:00:00 - ERROR - STAT - expect_returning_row_count_on_conditions - TRAILERS - total number of row with conditions - 392
2019-08-30 13:53:26,100 - CAMION - NL - TRUCK1 - 2019-08-01 00:00:00 - ERROR - STAT - expect_returning_row_count_on_conditions - VANS - total number of row with conditions - 0
2019-08-30 13:53:26,100 - CAMION - NL - TRUCK1 - 2019-08-01 00:00:00 - ERROR - STAT - expect_returning_row_count_on_conditions - HEAVY EQUIPMENTS - total number of row with conditions - 2050
2019-08-30 13:53:26,100 - CAMION - NL - TRUCK1 - 2019-08-01 00:00:00 - ERROR - STAT - expect_returning_row_count_on_conditions - SEMI TRAILERS - total number of row with conditions - 2138
2019-08-30 13:53:26,100 - CAMION - NL - TRUCK1 - 2019-08-01 00:00:00 - ERROR - STAT - expect_returning_row_count_on_conditions - DEALER_TRUCKS - total number of row with conditions - 2490
2019-08-30 13:53:26,100 - CAMION - NL - TRUCK1 - 2019-08-01 00:00:00 - ERROR - STAT - expect_returning_row_count_on_conditions - PRIVATE_TRUCKS - total number of row with conditions - 0
2019-08-30 13:53:26,100 - CAMION - NL - TRUCK1 - 2019-08-01 00:00:00 - ERROR - STAT - expect_returning_row_count_on_conditions - DEALER_TRACTOR UNITS - total number of row with conditions - 3420
2019-08-30 13:53:26,100 - CAMION - NL - TRUCK1 - 2019-08-01 00:00:00 - ERROR - STAT - expect_returning_row_count_on_conditions - PRIVATE_TRACTOR UNITS - total number of row with conditions - 0
2019-08-30 13:53:26,100 - CAMION - NL - TRUCK1 - 2019-08-01 00:00:00 - ERROR - STAT - expect_returning_row_count_on_conditions - DEALER_TRAILERS - total number of row with conditions - 392
2019-08-30 13:53:26,100 - CAMION - NL - TRUCK1 - 2019-08-01 00:00:00 - ERROR - STAT - expect_returning_row_count_on_conditions - PRIVATE_TRAILERS - total number of row with conditions - 0
2019-08-30 13:53:26,100 - CAMION - NL - TRUCK1 - 2019-08-01 00:00:00 - ERROR - STAT - expect_returning_row_count_on_conditions - DEALER_VANS - total number of row with conditions - 0
2019-08-30 13:53:26,100 - CAMION - NL - TRUCK1 - 2019-08-01 00:00:00 - ERROR - STAT - expect_returning_row_count_on_conditions - PRIVATE_VANS - total number of row with conditions - 0
2019-08-30 13:53:26,101 - CAMION - NL - TRUCK1 - 2019-08-01 00:00:00 - ERROR - STAT - expect_returning_row_count_on_conditions - DEALER_HEAVY EQUIPMENTS - total number of row with conditions - 2050
2019-08-30 13:53:26,101 - CAMION - NL - TRUCK1 - 2019-08-01 00:00:00 - ERROR - STAT - expect_returning_row_count_on_conditions - PRIVATE_HEAVY EQUIPMENTS - total number of row with conditions - 0
2019-08-30 13:53:26,101 - CAMION - NL - TRUCK1 - 2019-08-01 00:00:00 - ERROR - STAT - expect_returning_row_count_on_conditions - DEALER_SEMI TRAILERS - total number of row with conditions - 2138
2019-08-30 13:53:26,101 - CAMION - NL - TRUCK1 - 2019-08-01 00:00:00 - ERROR - STAT - expect_returning_row_count_on_conditions - PRIVATE_SEMI TRAILERS - total number of row with conditions - 0
