2019-07-05 22:20:18,230 - IMMO - NL - JAAP - 2019-06-01 00:00:00 - ERROR - STAT - expect_column_values_to_not_be_null - ACHAT_LOC - correctly filled rate (%) - 100.0
2019-07-05 22:20:18,230 - IMMO - NL - JAAP - 2019-06-01 00:00:00 - ERROR - FILE_CHECK - expect_column_values_to_be_in_set - ACHAT_LOC - Unexpected value: 1 on line 0, value should among [1, 2]
2019-07-05 22:20:18,230 - IMMO - NL - JAAP - 2019-06-01 00:00:00 - ERROR - FILE_CHECK - expect_column_values_to_be_in_set - ACHAT_LOC - Unexpected value: 1 on line 1, value should among [1, 2]
2019-07-05 22:20:18,230 - IMMO - NL - JAAP - 2019-06-01 00:00:00 - ERROR - FILE_CHECK - expect_column_values_to_be_in_set - ACHAT_LOC - Unexpected value: 1 on line 2, value should among [1, 2]
2019-07-05 22:20:18,230 - IMMO - NL - JAAP - 2019-06-01 00:00:00 - ERROR - FILE_CHECK - expect_column_values_to_be_in_set - ACHAT_LOC - Unexpected value: 1 on line 3, value should among [1, 2]
2019-07-05 22:20:18,230 - IMMO - NL - JAAP - 2019-06-01 00:00:00 - ERROR - FILE_CHECK - expect_column_values_to_be_in_set - ACHAT_LOC - Unexpected value: 1 on line 4, value should among [1, 2]
2019-07-05 22:20:18,230 - IMMO - NL - JAAP - 2019-06-01 00:00:00 - ERROR - FILE_CHECK - expect_column_values_to_be_in_set - ACHAT_LOC - Unexpected value: 1 on line 5, value should among [1, 2]
2019-07-05 22:20:18,230 - IMMO - NL - JAAP - 2019-06-01 00:00:00 - ERROR - FILE_CHECK - expect_column_values_to_be_in_set - ACHAT_LOC - Unexpected value: 1 on line 6, value should among [1, 2]
2019-07-05 22:20:18,230 - IMMO - NL - JAAP - 2019-06-01 00:00:00 - ERROR - FILE_CHECK - expect_column_values_to_be_in_set - ACHAT_LOC - Unexpected value: 1 on line 7, value should among [1, 2]
2019-07-05 22:20:18,231 - IMMO - NL - JAAP - 2019-06-01 00:00:00 - ERROR - FILE_CHECK - expect_column_values_to_be_in_set - ACHAT_LOC - Unexpected value: 1 on line 8, value should among [1, 2]
2019-07-05 22:20:18,231 - IMMO - NL - JAAP - 2019-06-01 00:00:00 - ERROR - FILE_CHECK - expect_column_values_to_be_in_set - ACHAT_LOC - Unexpected value: 1 on line 9, value should among [1, 2]
2019-07-05 22:20:18,231 - IMMO - NL - JAAP - 2019-06-01 00:00:00 - ERROR - FILE_CHECK - expect_column_values_to_be_in_set - ACHAT_LOC - Unexpected value: 1 on line 10, value should among [1, 2]
2019-07-05 22:20:18,231 - IMMO - NL - JAAP - 2019-06-01 00:00:00 - ERROR - FILE_CHECK - expect_column_values_to_be_in_set - ACHAT_LOC - Unexpected value: 1 on line 11, value should among [1, 2]
2019-07-05 22:20:18,231 - IMMO - NL - JAAP - 2019-06-01 00:00:00 - ERROR - FILE_CHECK - expect_column_values_to_be_in_set - ACHAT_LOC - Unexpected value: 1 on line 12, value should among [1, 2]
2019-07-05 22:20:18,231 - IMMO - NL - JAAP - 2019-06-01 00:00:00 - ERROR - FILE_CHECK - expect_column_values_to_be_in_set - ACHAT_LOC - Unexpected value: 1 on line 13, value should among [1, 2]
2019-07-05 22:20:18,231 - IMMO - NL - JAAP - 2019-06-01 00:00:00 - ERROR - FILE_CHECK - expect_column_values_to_be_in_set - ACHAT_LOC - Unexpected value: 1 on line 14, value should among [1, 2]
2019-07-05 22:20:18,231 - IMMO - NL - JAAP - 2019-06-01 00:00:00 - ERROR - FILE_CHECK - expect_column_values_to_be_in_set - ACHAT_LOC - Unexpected value: 1 on line 15, value should among [1, 2]
2019-07-05 22:20:18,231 - IMMO - NL - JAAP - 2019-06-01 00:00:00 - ERROR - FILE_CHECK - expect_column_values_to_be_in_set - ACHAT_LOC - Unexpected value: 1 on line 16, value should among [1, 2]
2019-07-05 22:20:18,231 - IMMO - NL - JAAP - 2019-06-01 00:00:00 - ERROR - FILE_CHECK - expect_column_values_to_be_in_set - ACHAT_LOC - Unexpected value: 1 on line 17, value should among [1, 2]
2019-07-05 22:20:18,231 - IMMO - NL - JAAP - 2019-06-01 00:00:00 - ERROR - FILE_CHECK - expect_column_values_to_be_in_set - ACHAT_LOC - Unexpected value: 1 on line 18, value should among [1, 2]
2019-07-05 22:20:18,231 - IMMO - NL - JAAP - 2019-06-01 00:00:00 - ERROR - FILE_CHECK - expect_column_values_to_be_in_set - ACHAT_LOC - Unexpected value: 1 on line 19, value should among [1, 2]
2019-07-05 22:20:18,231 - IMMO - NL - JAAP - 2019-06-01 00:00:00 - ERROR - STAT - expect_column_values_to_be_in_set - ACHAT_LOC - correctly filled rate (%) - 12.87
2019-07-05 22:20:18,231 - IMMO - NL - JAAP - 2019-06-01 00:00:00 - ERROR - STAT - expect_column_values_to_not_be_null - ADRESSE - correctly filled rate (%) - 25.91
2019-07-05 22:20:18,231 - IMMO - NL - JAAP - 2019-06-01 00:00:00 - ERROR - STAT - expect_column_values_to_not_be_null - AGENCE_ADRESSE - correctly filled rate (%) - 0.0
2019-07-05 22:20:18,231 - IMMO - NL - JAAP - 2019-06-01 00:00:00 - ERROR - FILE_CHECK - expect_column_values_to_be_of_type - AGENCE_CP - Wrong type for value: Zuid Holland on line 2721 should be int
2019-07-05 22:20:18,231 - IMMO - NL - JAAP - 2019-06-01 00:00:00 - ERROR - FILE_CHECK - expect_column_values_to_be_of_type - AGENCE_CP - Wrong type for value: Noord Holland on line 229378 should be int
2019-07-05 22:20:18,231 - IMMO - NL - JAAP - 2019-06-01 00:00:00 - ERROR - FILE_CHECK - expect_column_values_to_be_of_type - AGENCE_CP - Wrong type for value: Utrecht on line 376833 should be int
2019-07-05 22:20:18,231 - IMMO - NL - JAAP - 2019-06-01 00:00:00 - ERROR - STAT - expect_column_values_to_be_of_type - AGENCE_CP - correctly filled rate (%) - 0.0
2019-07-05 22:20:18,232 - IMMO - NL - JAAP - 2019-06-01 00:00:00 - ERROR - STAT - expect_column_values_to_not_be_null - AGENCE_CP - correctly filled rate (%) - 0.0
2019-07-05 22:20:18,232 - IMMO - NL - JAAP - 2019-06-01 00:00:00 - ERROR - STAT - expect_column_values_to_not_be_null - AGENCE_ID - correctly filled rate (%) - 25.91
2019-07-05 22:20:18,232 - IMMO - NL - JAAP - 2019-06-01 00:00:00 - ERROR - STAT - expect_column_values_to_not_be_null - AGENCE_NOM - correctly filled rate (%) - 24.35
2019-07-05 22:20:18,232 - IMMO - NL - JAAP - 2019-06-01 00:00:00 - ERROR - STAT - expect_column_values_to_be_phone_number - AGENCE_TEL - correctly filled rate (%) - 99.86
2019-07-05 22:20:18,232 - IMMO - NL - JAAP - 2019-06-01 00:00:00 - ERROR - STAT - expect_column_values_to_not_be_null - AGENCE_TEL - correctly filled rate (%) - 23.74
2019-07-05 22:20:18,232 - IMMO - NL - JAAP - 2019-06-01 00:00:00 - ERROR - STAT - expect_column_values_to_not_be_null - AGENCE_VILLE - correctly filled rate (%) - 0.0
2019-07-05 22:20:18,232 - IMMO - NL - JAAP - 2019-06-01 00:00:00 - ERROR - STAT - expect_column_values_to_not_be_null - ANNONCE_DATE - correctly filled rate (%) - 25.91
2019-07-05 22:20:18,232 - IMMO - NL - JAAP - 2019-06-01 00:00:00 - ERROR - STAT - expect_column_values_to_not_be_null - ANNONCE_LINK - correctly filled rate (%) - 25.91
2019-07-05 22:20:18,232 - IMMO - NL - JAAP - 2019-06-01 00:00:00 - ERROR - FILE_CHECK - expect_column_values_to_be_unique - ANNONCE_LINK - Unexpected value: https://www.jaap.nl/te-huur/noord+holland/groot-amsterdam/amsterdam/1017pg/leidsestraat+108+a/15625270/overzicht on line 23982, value should be unique
2019-07-05 22:20:18,232 - IMMO - NL - JAAP - 2019-06-01 00:00:00 - ERROR - FILE_CHECK - expect_column_values_to_be_unique - ANNONCE_LINK - Unexpected value: https://www.jaap.nl/te-huur/noord+holland/groot-amsterdam/amsterdam/1017pg/leidsestraat+108+a/15625270/overzicht on line 23984, value should be unique
2019-07-05 22:20:18,232 - IMMO - NL - JAAP - 2019-06-01 00:00:00 - ERROR - FILE_CHECK - expect_column_values_to_be_unique - ANNONCE_LINK - Unexpected value: https://www.jaap.nl/te-huur/noord+holland/groot-amsterdam/amsterdam/1017pg/leidsestraat+108+a/15625270/overzicht on line 23986, value should be unique
2019-07-05 22:20:18,232 - IMMO - NL - JAAP - 2019-06-01 00:00:00 - ERROR - FILE_CHECK - expect_column_values_to_be_unique - ANNONCE_LINK - Unexpected value: https://www.jaap.nl/te-huur/noord+holland/groot-amsterdam/amsterdam/1017pg/leidsestraat+108+a/15625270/overzicht on line 23988, value should be unique
2019-07-05 22:20:18,232 - IMMO - NL - JAAP - 2019-06-01 00:00:00 - ERROR - FILE_CHECK - expect_column_values_to_be_unique - ANNONCE_LINK - Unexpected value: https://www.jaap.nl/te-huur/noord+holland/groot-amsterdam/amsterdam/1017pg/leidsestraat+108+a/15625270/overzicht on line 23990, value should be unique
2019-07-05 22:20:18,232 - IMMO - NL - JAAP - 2019-06-01 00:00:00 - ERROR - FILE_CHECK - expect_column_values_to_be_unique - ANNONCE_LINK - Unexpected value: https://www.jaap.nl/te-huur/noord+holland/groot-amsterdam/amsterdam/1017pg/leidsestraat+108+a/15625270/overzicht on line 23992, value should be unique
2019-07-05 22:20:18,232 - IMMO - NL - JAAP - 2019-06-01 00:00:00 - ERROR - FILE_CHECK - expect_column_values_to_be_unique - ANNONCE_LINK - Unexpected value: https://www.jaap.nl/te-huur/noord+holland/groot-amsterdam/amsterdam/1017pg/leidsestraat+108+a/15625270/overzicht on line 23994, value should be unique
2019-07-05 22:20:18,232 - IMMO - NL - JAAP - 2019-06-01 00:00:00 - ERROR - FILE_CHECK - expect_column_values_to_be_unique - ANNONCE_LINK - Unexpected value: https://www.jaap.nl/te-huur/noord+holland/groot-amsterdam/amsterdam/1017pg/leidsestraat+108+a/15625270/overzicht on line 23996, value should be unique
2019-07-05 22:20:18,232 - IMMO - NL - JAAP - 2019-06-01 00:00:00 - ERROR - FILE_CHECK - expect_column_values_to_be_unique - ANNONCE_LINK - Unexpected value: https://www.jaap.nl/te-huur/noord+holland/groot-amsterdam/amsterdam/1017pg/leidsestraat+108+a/15625270/overzicht on line 23998, value should be unique
2019-07-05 22:20:18,232 - IMMO - NL - JAAP - 2019-06-01 00:00:00 - ERROR - FILE_CHECK - expect_column_values_to_be_unique - ANNONCE_LINK - Unexpected value: https://www.jaap.nl/te-huur/noord+holland/groot-amsterdam/amsterdam/1017pg/leidsestraat+108+a/15625270/overzicht on line 24000, value should be unique
2019-07-05 22:20:18,233 - IMMO - NL - JAAP - 2019-06-01 00:00:00 - ERROR - FILE_CHECK - expect_column_values_to_be_unique - ANNONCE_LINK - Unexpected value: https://www.jaap.nl/te-huur/noord+holland/groot-amsterdam/amsterdam/1017pg/leidsestraat+108+a/15625270/overzicht on line 24002, value should be unique
2019-07-05 22:20:18,233 - IMMO - NL - JAAP - 2019-06-01 00:00:00 - ERROR - FILE_CHECK - expect_column_values_to_be_unique - ANNONCE_LINK - Unexpected value: https://www.jaap.nl/te-huur/noord+holland/groot-amsterdam/amsterdam/1017pg/leidsestraat+108+a/15625270/overzicht on line 24004, value should be unique
2019-07-05 22:20:18,233 - IMMO - NL - JAAP - 2019-06-01 00:00:00 - ERROR - FILE_CHECK - expect_column_values_to_be_unique - ANNONCE_LINK - Unexpected value: https://www.jaap.nl/te-huur/noord+holland/groot-amsterdam/amsterdam/1017pg/leidsestraat+108+a/15625270/overzicht on line 24006, value should be unique
2019-07-05 22:20:18,233 - IMMO - NL - JAAP - 2019-06-01 00:00:00 - ERROR - FILE_CHECK - expect_column_values_to_be_unique - ANNONCE_LINK - Unexpected value: https://www.jaap.nl/te-huur/noord+holland/groot-amsterdam/amsterdam/1017pg/leidsestraat+108+a/15625270/overzicht on line 24008, value should be unique
2019-07-05 22:20:18,233 - IMMO - NL - JAAP - 2019-06-01 00:00:00 - ERROR - FILE_CHECK - expect_column_values_to_be_unique - ANNONCE_LINK - Unexpected value: https://www.jaap.nl/te-huur/noord+holland/groot-amsterdam/amsterdam/1017pg/leidsestraat+108+a/15625270/overzicht on line 24010, value should be unique
2019-07-05 22:20:18,233 - IMMO - NL - JAAP - 2019-06-01 00:00:00 - ERROR - FILE_CHECK - expect_column_values_to_be_unique - ANNONCE_LINK - Unexpected value: https://www.jaap.nl/te-huur/noord+holland/groot-amsterdam/amsterdam/1017pg/leidsestraat+108+a/15625270/overzicht on line 24012, value should be unique
2019-07-05 22:20:18,233 - IMMO - NL - JAAP - 2019-06-01 00:00:00 - ERROR - FILE_CHECK - expect_column_values_to_be_unique - ANNONCE_LINK - Unexpected value: https://www.jaap.nl/te-huur/noord+holland/groot-amsterdam/amsterdam/1017pg/leidsestraat+108+a/15625270/overzicht on line 24014, value should be unique
2019-07-05 22:20:18,233 - IMMO - NL - JAAP - 2019-06-01 00:00:00 - ERROR - FILE_CHECK - expect_column_values_to_be_unique - ANNONCE_LINK - Unexpected value: https://www.jaap.nl/te-huur/noord+holland/groot-amsterdam/amsterdam/1017pg/leidsestraat+108+a/15625270/overzicht on line 24016, value should be unique
2019-07-05 22:20:18,233 - IMMO - NL - JAAP - 2019-06-01 00:00:00 - ERROR - FILE_CHECK - expect_column_values_to_be_unique - ANNONCE_LINK - Unexpected value: https://www.jaap.nl/te-huur/noord+holland/groot-amsterdam/amsterdam/1017pg/leidsestraat+108+a/15625270/overzicht on line 24018, value should be unique
2019-07-05 22:20:18,233 - IMMO - NL - JAAP - 2019-06-01 00:00:00 - ERROR - FILE_CHECK - expect_column_values_to_be_unique - ANNONCE_LINK - Unexpected value: https://www.jaap.nl/te-huur/noord+holland/groot-amsterdam/amsterdam/1017pg/leidsestraat+108+a/15625270/overzicht on line 24020, value should be unique
2019-07-05 22:20:18,233 - IMMO - NL - JAAP - 2019-06-01 00:00:00 - ERROR - STAT - expect_column_values_to_be_unique - ANNONCE_LINK - observed proportion - 89.29
2019-07-05 22:20:18,233 - IMMO - NL - JAAP - 2019-06-01 00:00:00 - ERROR - STAT - expect_column_values_to_not_be_null - CATEGORIE - correctly filled rate (%) - 0.0
2019-07-05 22:20:18,233 - IMMO - NL - JAAP - 2019-06-01 00:00:00 - ERROR - STAT - expect_column_values_to_not_be_null - CP - correctly filled rate (%) - 25.91
2019-07-05 22:20:18,233 - IMMO - NL - JAAP - 2019-06-01 00:00:00 - ERROR - STAT - expect_column_values_to_not_be_null - DEPARTEMENT - correctly filled rate (%) - 0.0
2019-07-05 22:20:18,233 - IMMO - NL - JAAP - 2019-06-01 00:00:00 - ERROR - STAT - expect_returning_row_count - EVERY_COLUMNS - total number of rows - 98933
2019-07-05 22:20:18,233 - IMMO - NL - JAAP - 2019-06-01 00:00:00 - ERROR - STAT - expect_column_values_to_not_be_null - ID_CLIENT - correctly filled rate (%) - 25.91
2019-07-05 22:20:18,233 - IMMO - NL - JAAP - 2019-06-01 00:00:00 - ERROR - FILE_CHECK - expect_column_values_to_be_unique - ID_CLIENT - Unexpected value: 15625270.0 on line 23982, value should be unique
2019-07-05 22:20:18,234 - IMMO - NL - JAAP - 2019-06-01 00:00:00 - ERROR - FILE_CHECK - expect_column_values_to_be_unique - ID_CLIENT - Unexpected value: 15625270.0 on line 23984, value should be unique
2019-07-05 22:20:18,234 - IMMO - NL - JAAP - 2019-06-01 00:00:00 - ERROR - FILE_CHECK - expect_column_values_to_be_unique - ID_CLIENT - Unexpected value: 15625270.0 on line 23986, value should be unique
2019-07-05 22:20:18,234 - IMMO - NL - JAAP - 2019-06-01 00:00:00 - ERROR - FILE_CHECK - expect_column_values_to_be_unique - ID_CLIENT - Unexpected value: 15625270.0 on line 23988, value should be unique
2019-07-05 22:20:18,234 - IMMO - NL - JAAP - 2019-06-01 00:00:00 - ERROR - FILE_CHECK - expect_column_values_to_be_unique - ID_CLIENT - Unexpected value: 15625270.0 on line 23990, value should be unique
2019-07-05 22:20:18,234 - IMMO - NL - JAAP - 2019-06-01 00:00:00 - ERROR - FILE_CHECK - expect_column_values_to_be_unique - ID_CLIENT - Unexpected value: 15625270.0 on line 23992, value should be unique
2019-07-05 22:20:18,234 - IMMO - NL - JAAP - 2019-06-01 00:00:00 - ERROR - FILE_CHECK - expect_column_values_to_be_unique - ID_CLIENT - Unexpected value: 15625270.0 on line 23994, value should be unique
2019-07-05 22:20:18,234 - IMMO - NL - JAAP - 2019-06-01 00:00:00 - ERROR - FILE_CHECK - expect_column_values_to_be_unique - ID_CLIENT - Unexpected value: 15625270.0 on line 23996, value should be unique
2019-07-05 22:20:18,234 - IMMO - NL - JAAP - 2019-06-01 00:00:00 - ERROR - FILE_CHECK - expect_column_values_to_be_unique - ID_CLIENT - Unexpected value: 15625270.0 on line 23998, value should be unique
2019-07-05 22:20:18,234 - IMMO - NL - JAAP - 2019-06-01 00:00:00 - ERROR - FILE_CHECK - expect_column_values_to_be_unique - ID_CLIENT - Unexpected value: 15625270.0 on line 24000, value should be unique
2019-07-05 22:20:18,234 - IMMO - NL - JAAP - 2019-06-01 00:00:00 - ERROR - FILE_CHECK - expect_column_values_to_be_unique - ID_CLIENT - Unexpected value: 15625270.0 on line 24002, value should be unique
2019-07-05 22:20:18,234 - IMMO - NL - JAAP - 2019-06-01 00:00:00 - ERROR - FILE_CHECK - expect_column_values_to_be_unique - ID_CLIENT - Unexpected value: 15625270.0 on line 24004, value should be unique
2019-07-05 22:20:18,234 - IMMO - NL - JAAP - 2019-06-01 00:00:00 - ERROR - FILE_CHECK - expect_column_values_to_be_unique - ID_CLIENT - Unexpected value: 15625270.0 on line 24006, value should be unique
2019-07-05 22:20:18,234 - IMMO - NL - JAAP - 2019-06-01 00:00:00 - ERROR - FILE_CHECK - expect_column_values_to_be_unique - ID_CLIENT - Unexpected value: 15625270.0 on line 24008, value should be unique
2019-07-05 22:20:18,234 - IMMO - NL - JAAP - 2019-06-01 00:00:00 - ERROR - FILE_CHECK - expect_column_values_to_be_unique - ID_CLIENT - Unexpected value: 15625270.0 on line 24010, value should be unique
2019-07-05 22:20:18,234 - IMMO - NL - JAAP - 2019-06-01 00:00:00 - ERROR - FILE_CHECK - expect_column_values_to_be_unique - ID_CLIENT - Unexpected value: 15625270.0 on line 24012, value should be unique
2019-07-05 22:20:18,234 - IMMO - NL - JAAP - 2019-06-01 00:00:00 - ERROR - FILE_CHECK - expect_column_values_to_be_unique - ID_CLIENT - Unexpected value: 15625270.0 on line 24014, value should be unique
2019-07-05 22:20:18,234 - IMMO - NL - JAAP - 2019-06-01 00:00:00 - ERROR - FILE_CHECK - expect_column_values_to_be_unique - ID_CLIENT - Unexpected value: 15625270.0 on line 24016, value should be unique
2019-07-05 22:20:18,234 - IMMO - NL - JAAP - 2019-06-01 00:00:00 - ERROR - FILE_CHECK - expect_column_values_to_be_unique - ID_CLIENT - Unexpected value: 15625270.0 on line 24018, value should be unique
2019-07-05 22:20:18,234 - IMMO - NL - JAAP - 2019-06-01 00:00:00 - ERROR - FILE_CHECK - expect_column_values_to_be_unique - ID_CLIENT - Unexpected value: 15625270.0 on line 24020, value should be unique
2019-07-05 22:20:18,235 - IMMO - NL - JAAP - 2019-06-01 00:00:00 - ERROR - STAT - expect_column_values_to_be_unique - ID_CLIENT - observed proportion - 89.29
2019-07-05 22:20:18,235 - IMMO - NL - JAAP - 2019-06-01 00:00:00 - ERROR - FILE_CHECK - expect_column_values_to_be_of_type - M2_TOTALE - Wrong type for value: 84.0 on line 0 should be int
2019-07-05 22:20:18,235 - IMMO - NL - JAAP - 2019-06-01 00:00:00 - ERROR - FILE_CHECK - expect_column_values_to_be_of_type - M2_TOTALE - Wrong type for value: 120.0 on line 1 should be int
2019-07-05 22:20:18,235 - IMMO - NL - JAAP - 2019-06-01 00:00:00 - ERROR - FILE_CHECK - expect_column_values_to_be_of_type - M2_TOTALE - Wrong type for value: 100.0 on line 2 should be int
2019-07-05 22:20:18,235 - IMMO - NL - JAAP - 2019-06-01 00:00:00 - ERROR - FILE_CHECK - expect_column_values_to_be_of_type - M2_TOTALE - Wrong type for value: 150.0 on line 3 should be int
2019-07-05 22:20:18,235 - IMMO - NL - JAAP - 2019-06-01 00:00:00 - ERROR - FILE_CHECK - expect_column_values_to_be_of_type - M2_TOTALE - Wrong type for value: 82.0 on line 4 should be int
2019-07-05 22:20:18,235 - IMMO - NL - JAAP - 2019-06-01 00:00:00 - ERROR - FILE_CHECK - expect_column_values_to_be_of_type - M2_TOTALE - Wrong type for value: 153.0 on line 5 should be int
2019-07-05 22:20:18,235 - IMMO - NL - JAAP - 2019-06-01 00:00:00 - ERROR - FILE_CHECK - expect_column_values_to_be_of_type - M2_TOTALE - Wrong type for value: 126.0 on line 6 should be int
2019-07-05 22:20:18,235 - IMMO - NL - JAAP - 2019-06-01 00:00:00 - ERROR - FILE_CHECK - expect_column_values_to_be_of_type - M2_TOTALE - Wrong type for value: 170.0 on line 7 should be int
2019-07-05 22:20:18,235 - IMMO - NL - JAAP - 2019-06-01 00:00:00 - ERROR - FILE_CHECK - expect_column_values_to_be_of_type - M2_TOTALE - Wrong type for value: 120.0 on line 8 should be int
2019-07-05 22:20:18,235 - IMMO - NL - JAAP - 2019-06-01 00:00:00 - ERROR - FILE_CHECK - expect_column_values_to_be_of_type - M2_TOTALE - Wrong type for value: 125.0 on line 9 should be int
2019-07-05 22:20:18,235 - IMMO - NL - JAAP - 2019-06-01 00:00:00 - ERROR - FILE_CHECK - expect_column_values_to_be_of_type - M2_TOTALE - Wrong type for value: 161.0 on line 10 should be int
2019-07-05 22:20:18,235 - IMMO - NL - JAAP - 2019-06-01 00:00:00 - ERROR - FILE_CHECK - expect_column_values_to_be_of_type - M2_TOTALE - Wrong type for value: 120.0 on line 11 should be int
2019-07-05 22:20:18,235 - IMMO - NL - JAAP - 2019-06-01 00:00:00 - ERROR - FILE_CHECK - expect_column_values_to_be_of_type - M2_TOTALE - Wrong type for value: 142.0 on line 12 should be int
2019-07-05 22:20:18,235 - IMMO - NL - JAAP - 2019-06-01 00:00:00 - ERROR - FILE_CHECK - expect_column_values_to_be_of_type - M2_TOTALE - Wrong type for value: 146.0 on line 13 should be int
2019-07-05 22:20:18,235 - IMMO - NL - JAAP - 2019-06-01 00:00:00 - ERROR - FILE_CHECK - expect_column_values_to_be_of_type - M2_TOTALE - Wrong type for value: 130.0 on line 14 should be int
2019-07-05 22:20:18,235 - IMMO - NL - JAAP - 2019-06-01 00:00:00 - ERROR - FILE_CHECK - expect_column_values_to_be_of_type - M2_TOTALE - Wrong type for value: 115.0 on line 15 should be int
2019-07-05 22:20:18,235 - IMMO - NL - JAAP - 2019-06-01 00:00:00 - ERROR - FILE_CHECK - expect_column_values_to_be_of_type - M2_TOTALE - Wrong type for value: 107.0 on line 16 should be int
2019-07-05 22:20:18,235 - IMMO - NL - JAAP - 2019-06-01 00:00:00 - ERROR - FILE_CHECK - expect_column_values_to_be_of_type - M2_TOTALE - Wrong type for value: 125.0 on line 17 should be int
2019-07-05 22:20:18,236 - IMMO - NL - JAAP - 2019-06-01 00:00:00 - ERROR - FILE_CHECK - expect_column_values_to_be_of_type - M2_TOTALE - Wrong type for value: 235.0 on line 18 should be int
2019-07-05 22:20:18,236 - IMMO - NL - JAAP - 2019-06-01 00:00:00 - ERROR - FILE_CHECK - expect_column_values_to_be_of_type - M2_TOTALE - Wrong type for value: 119.0 on line 19 should be int
2019-07-05 22:20:18,236 - IMMO - NL - JAAP - 2019-06-01 00:00:00 - ERROR - STAT - expect_column_values_to_be_of_type - M2_TOTALE - correctly filled rate (%) - 0.0
2019-07-05 22:20:18,236 - IMMO - NL - JAAP - 2019-06-01 00:00:00 - ERROR - STAT - expect_column_values_to_not_be_null - M2_TOTALE - correctly filled rate (%) - 25.89
2019-07-05 22:20:18,236 - IMMO - NL - JAAP - 2019-06-01 00:00:00 - ERROR - STAT - expect_column_values_to_not_be_null - MAISON_APT - correctly filled rate (%) - 0.0
2019-07-05 22:20:18,236 - IMMO - NL - JAAP - 2019-06-01 00:00:00 - ERROR - STAT - expect_column_values_to_not_be_null - MINI_SITE_ID - correctly filled rate (%) - 24.39
2019-07-05 22:20:18,236 - IMMO - NL - JAAP - 2019-06-01 00:00:00 - ERROR - STAT - expect_column_values_to_not_be_null - NOM - correctly filled rate (%) - 24.39
2019-07-05 22:20:18,236 - IMMO - NL - JAAP - 2019-06-01 00:00:00 - ERROR - STAT - expect_column_values_to_match_regex - PAYS_AD - correctly filled rate (%) - 100.0
2019-07-05 22:20:18,236 - IMMO - NL - JAAP - 2019-06-01 00:00:00 - ERROR - STAT - expect_column_values_to_not_be_null - PAYS_AD - correctly filled rate (%) - 24.53
2019-07-05 22:20:18,236 - IMMO - NL - JAAP - 2019-06-01 00:00:00 - ERROR - FILE_CHECK - expect_column_values_to_be_of_type - PHOTO - Wrong type for value: 12.0 on line 0 should be int
2019-07-05 22:20:18,236 - IMMO - NL - JAAP - 2019-06-01 00:00:00 - ERROR - FILE_CHECK - expect_column_values_to_be_of_type - PHOTO - Wrong type for value: 15.0 on line 1 should be int
2019-07-05 22:20:18,236 - IMMO - NL - JAAP - 2019-06-01 00:00:00 - ERROR - FILE_CHECK - expect_column_values_to_be_of_type - PHOTO - Wrong type for value: 14.0 on line 3 should be int
2019-07-05 22:20:18,236 - IMMO - NL - JAAP - 2019-06-01 00:00:00 - ERROR - FILE_CHECK - expect_column_values_to_be_of_type - PHOTO - Wrong type for value: 33.0 on line 6 should be int
2019-07-05 22:20:18,236 - IMMO - NL - JAAP - 2019-06-01 00:00:00 - ERROR - FILE_CHECK - expect_column_values_to_be_of_type - PHOTO - Wrong type for value: 28.0 on line 7 should be int
2019-07-05 22:20:18,236 - IMMO - NL - JAAP - 2019-06-01 00:00:00 - ERROR - FILE_CHECK - expect_column_values_to_be_of_type - PHOTO - Wrong type for value: 29.0 on line 9 should be int
2019-07-05 22:20:18,236 - IMMO - NL - JAAP - 2019-06-01 00:00:00 - ERROR - FILE_CHECK - expect_column_values_to_be_of_type - PHOTO - Wrong type for value: 50.0 on line 10 should be int
2019-07-05 22:20:18,236 - IMMO - NL - JAAP - 2019-06-01 00:00:00 - ERROR - FILE_CHECK - expect_column_values_to_be_of_type - PHOTO - Wrong type for value: 16.0 on line 11 should be int
2019-07-05 22:20:18,236 - IMMO - NL - JAAP - 2019-06-01 00:00:00 - ERROR - FILE_CHECK - expect_column_values_to_be_of_type - PHOTO - Wrong type for value: 35.0 on line 12 should be int
2019-07-05 22:20:18,236 - IMMO - NL - JAAP - 2019-06-01 00:00:00 - ERROR - FILE_CHECK - expect_column_values_to_be_of_type - PHOTO - Wrong type for value: 32.0 on line 13 should be int
2019-07-05 22:20:18,237 - IMMO - NL - JAAP - 2019-06-01 00:00:00 - ERROR - FILE_CHECK - expect_column_values_to_be_of_type - PHOTO - Wrong type for value: 30.0 on line 15 should be int
2019-07-05 22:20:18,237 - IMMO - NL - JAAP - 2019-06-01 00:00:00 - ERROR - FILE_CHECK - expect_column_values_to_be_of_type - PHOTO - Wrong type for value: 26.0 on line 16 should be int
2019-07-05 22:20:18,237 - IMMO - NL - JAAP - 2019-06-01 00:00:00 - ERROR - FILE_CHECK - expect_column_values_to_be_of_type - PHOTO - Wrong type for value: 36.0 on line 17 should be int
2019-07-05 22:20:18,237 - IMMO - NL - JAAP - 2019-06-01 00:00:00 - ERROR - FILE_CHECK - expect_column_values_to_be_of_type - PHOTO - Wrong type for value: 39.0 on line 18 should be int
2019-07-05 22:20:18,237 - IMMO - NL - JAAP - 2019-06-01 00:00:00 - ERROR - FILE_CHECK - expect_column_values_to_be_of_type - PHOTO - Wrong type for value: 37.0 on line 19 should be int
2019-07-05 22:20:18,237 - IMMO - NL - JAAP - 2019-06-01 00:00:00 - ERROR - FILE_CHECK - expect_column_values_to_be_of_type - PHOTO - Wrong type for value: 29.0 on line 20 should be int
2019-07-05 22:20:18,237 - IMMO - NL - JAAP - 2019-06-01 00:00:00 - ERROR - FILE_CHECK - expect_column_values_to_be_of_type - PHOTO - Wrong type for value: 1.0 on line 21 should be int
2019-07-05 22:20:18,237 - IMMO - NL - JAAP - 2019-06-01 00:00:00 - ERROR - FILE_CHECK - expect_column_values_to_be_of_type - PHOTO - Wrong type for value: 32.0 on line 23 should be int
2019-07-05 22:20:18,237 - IMMO - NL - JAAP - 2019-06-01 00:00:00 - ERROR - FILE_CHECK - expect_column_values_to_be_of_type - PHOTO - Wrong type for value: 53.0 on line 24 should be int
2019-07-05 22:20:18,237 - IMMO - NL - JAAP - 2019-06-01 00:00:00 - ERROR - FILE_CHECK - expect_column_values_to_be_of_type - PHOTO - Wrong type for value: 23.0 on line 25 should be int
2019-07-05 22:20:18,237 - IMMO - NL - JAAP - 2019-06-01 00:00:00 - ERROR - STAT - expect_column_values_to_be_of_type - PHOTO - correctly filled rate (%) - 0.0
2019-07-05 22:20:18,237 - IMMO - NL - JAAP - 2019-06-01 00:00:00 - ERROR - STAT - expect_column_values_to_not_be_null - PHOTO - correctly filled rate (%) - 13.61
2019-07-05 22:20:18,237 - IMMO - NL - JAAP - 2019-06-01 00:00:00 - ERROR - STAT - expect_column_values_to_be_in_type_list - PHOTO - correctly filled rate (%) - 100.0
2019-07-05 22:20:18,237 - IMMO - NL - JAAP - 2019-06-01 00:00:00 - ERROR - FILE_CHECK - expect_column_values_to_be_of_type - PIECE - Wrong type for value: 0.0 on line 0 should be int
2019-07-05 22:20:18,237 - IMMO - NL - JAAP - 2019-06-01 00:00:00 - ERROR - FILE_CHECK - expect_column_values_to_be_of_type - PIECE - Wrong type for value: 5.0 on line 1 should be int
2019-07-05 22:20:18,237 - IMMO - NL - JAAP - 2019-06-01 00:00:00 - ERROR - FILE_CHECK - expect_column_values_to_be_of_type - PIECE - Wrong type for value: 5.0 on line 2 should be int
2019-07-05 22:20:18,237 - IMMO - NL - JAAP - 2019-06-01 00:00:00 - ERROR - FILE_CHECK - expect_column_values_to_be_of_type - PIECE - Wrong type for value: 8.0 on line 3 should be int
2019-07-05 22:20:18,238 - IMMO - NL - JAAP - 2019-06-01 00:00:00 - ERROR - FILE_CHECK - expect_column_values_to_be_of_type - PIECE - Wrong type for value: 4.0 on line 4 should be int
2019-07-05 22:20:18,238 - IMMO - NL - JAAP - 2019-06-01 00:00:00 - ERROR - FILE_CHECK - expect_column_values_to_be_of_type - PIECE - Wrong type for value: 5.0 on line 5 should be int
2019-07-05 22:20:18,238 - IMMO - NL - JAAP - 2019-06-01 00:00:00 - ERROR - FILE_CHECK - expect_column_values_to_be_of_type - PIECE - Wrong type for value: 5.0 on line 6 should be int
2019-07-05 22:20:18,238 - IMMO - NL - JAAP - 2019-06-01 00:00:00 - ERROR - FILE_CHECK - expect_column_values_to_be_of_type - PIECE - Wrong type for value: 5.0 on line 7 should be int
2019-07-05 22:20:18,238 - IMMO - NL - JAAP - 2019-06-01 00:00:00 - ERROR - FILE_CHECK - expect_column_values_to_be_of_type - PIECE - Wrong type for value: 0.0 on line 8 should be int
2019-07-05 22:20:18,238 - IMMO - NL - JAAP - 2019-06-01 00:00:00 - ERROR - FILE_CHECK - expect_column_values_to_be_of_type - PIECE - Wrong type for value: 7.0 on line 9 should be int
2019-07-05 22:20:18,238 - IMMO - NL - JAAP - 2019-06-01 00:00:00 - ERROR - FILE_CHECK - expect_column_values_to_be_of_type - PIECE - Wrong type for value: 5.0 on line 10 should be int
2019-07-05 22:20:18,238 - IMMO - NL - JAAP - 2019-06-01 00:00:00 - ERROR - FILE_CHECK - expect_column_values_to_be_of_type - PIECE - Wrong type for value: 0.0 on line 11 should be int
2019-07-05 22:20:18,238 - IMMO - NL - JAAP - 2019-06-01 00:00:00 - ERROR - FILE_CHECK - expect_column_values_to_be_of_type - PIECE - Wrong type for value: 6.0 on line 12 should be int
2019-07-05 22:20:18,238 - IMMO - NL - JAAP - 2019-06-01 00:00:00 - ERROR - FILE_CHECK - expect_column_values_to_be_of_type - PIECE - Wrong type for value: 6.0 on line 13 should be int
2019-07-05 22:20:18,238 - IMMO - NL - JAAP - 2019-06-01 00:00:00 - ERROR - FILE_CHECK - expect_column_values_to_be_of_type - PIECE - Wrong type for value: 5.0 on line 14 should be int
2019-07-05 22:20:18,238 - IMMO - NL - JAAP - 2019-06-01 00:00:00 - ERROR - FILE_CHECK - expect_column_values_to_be_of_type - PIECE - Wrong type for value: 4.0 on line 15 should be int
2019-07-05 22:20:18,238 - IMMO - NL - JAAP - 2019-06-01 00:00:00 - ERROR - FILE_CHECK - expect_column_values_to_be_of_type - PIECE - Wrong type for value: 6.0 on line 16 should be int
2019-07-05 22:20:18,238 - IMMO - NL - JAAP - 2019-06-01 00:00:00 - ERROR - FILE_CHECK - expect_column_values_to_be_of_type - PIECE - Wrong type for value: 6.0 on line 17 should be int
2019-07-05 22:20:18,238 - IMMO - NL - JAAP - 2019-06-01 00:00:00 - ERROR - FILE_CHECK - expect_column_values_to_be_of_type - PIECE - Wrong type for value: 6.0 on line 18 should be int
2019-07-05 22:20:18,238 - IMMO - NL - JAAP - 2019-06-01 00:00:00 - ERROR - FILE_CHECK - expect_column_values_to_be_of_type - PIECE - Wrong type for value: 6.0 on line 19 should be int
2019-07-05 22:20:18,238 - IMMO - NL - JAAP - 2019-06-01 00:00:00 - ERROR - STAT - expect_column_values_to_be_of_type - PIECE - correctly filled rate (%) - 0.0
2019-07-05 22:20:18,238 - IMMO - NL - JAAP - 2019-06-01 00:00:00 - ERROR - STAT - expect_column_values_to_not_be_null - PIECE - correctly filled rate (%) - 25.91
2019-07-05 22:20:18,238 - IMMO - NL - JAAP - 2019-06-01 00:00:00 - ERROR - STAT - expect_column_values_to_be_in_type_list - PIECE - correctly filled rate (%) - 100.0
2019-07-05 22:20:18,239 - IMMO - NL - JAAP - 2019-06-01 00:00:00 - ERROR - FILE_CHECK - expect_column_values_to_be_of_type - PRIX - Wrong type for value: 86000.0 on line 0 should be int
2019-07-05 22:20:18,239 - IMMO - NL - JAAP - 2019-06-01 00:00:00 - ERROR - FILE_CHECK - expect_column_values_to_be_of_type - PRIX - Wrong type for value: 169500.0 on line 1 should be int
2019-07-05 22:20:18,239 - IMMO - NL - JAAP - 2019-06-01 00:00:00 - ERROR - FILE_CHECK - expect_column_values_to_be_of_type - PRIX - Wrong type for value: 245000.0 on line 2 should be int
2019-07-05 22:20:18,239 - IMMO - NL - JAAP - 2019-06-01 00:00:00 - ERROR - FILE_CHECK - expect_column_values_to_be_of_type - PRIX - Wrong type for value: 144000.0 on line 3 should be int
2019-07-05 22:20:18,239 - IMMO - NL - JAAP - 2019-06-01 00:00:00 - ERROR - FILE_CHECK - expect_column_values_to_be_of_type - PRIX - Wrong type for value: 269000.0 on line 4 should be int
2019-07-05 22:20:18,239 - IMMO - NL - JAAP - 2019-06-01 00:00:00 - ERROR - FILE_CHECK - expect_column_values_to_be_of_type - PRIX - Wrong type for value: 450000.0 on line 5 should be int
2019-07-05 22:20:18,239 - IMMO - NL - JAAP - 2019-06-01 00:00:00 - ERROR - FILE_CHECK - expect_column_values_to_be_of_type - PRIX - Wrong type for value: 279000.0 on line 6 should be int
2019-07-05 22:20:18,239 - IMMO - NL - JAAP - 2019-06-01 00:00:00 - ERROR - FILE_CHECK - expect_column_values_to_be_of_type - PRIX - Wrong type for value: 289000.0 on line 7 should be int
2019-07-05 22:20:18,239 - IMMO - NL - JAAP - 2019-06-01 00:00:00 - ERROR - FILE_CHECK - expect_column_values_to_be_of_type - PRIX - Wrong type for value: 199000.0 on line 8 should be int
2019-07-05 22:20:18,239 - IMMO - NL - JAAP - 2019-06-01 00:00:00 - ERROR - FILE_CHECK - expect_column_values_to_be_of_type - PRIX - Wrong type for value: 182000.0 on line 9 should be int
2019-07-05 22:20:18,239 - IMMO - NL - JAAP - 2019-06-01 00:00:00 - ERROR - FILE_CHECK - expect_column_values_to_be_of_type - PRIX - Wrong type for value: 219000.0 on line 10 should be int
2019-07-05 22:20:18,239 - IMMO - NL - JAAP - 2019-06-01 00:00:00 - ERROR - FILE_CHECK - expect_column_values_to_be_of_type - PRIX - Wrong type for value: 196000.0 on line 11 should be int
2019-07-05 22:20:18,239 - IMMO - NL - JAAP - 2019-06-01 00:00:00 - ERROR - FILE_CHECK - expect_column_values_to_be_of_type - PRIX - Wrong type for value: 200000.0 on line 12 should be int
2019-07-05 22:20:18,239 - IMMO - NL - JAAP - 2019-06-01 00:00:00 - ERROR - FILE_CHECK - expect_column_values_to_be_of_type - PRIX - Wrong type for value: 192500.0 on line 13 should be int
2019-07-05 22:20:18,239 - IMMO - NL - JAAP - 2019-06-01 00:00:00 - ERROR - FILE_CHECK - expect_column_values_to_be_of_type - PRIX - Wrong type for value: 129000.0 on line 14 should be int
2019-07-05 22:20:18,239 - IMMO - NL - JAAP - 2019-06-01 00:00:00 - ERROR - FILE_CHECK - expect_column_values_to_be_of_type - PRIX - Wrong type for value: 249000.0 on line 15 should be int
2019-07-05 22:20:18,239 - IMMO - NL - JAAP - 2019-06-01 00:00:00 - ERROR - FILE_CHECK - expect_column_values_to_be_of_type - PRIX - Wrong type for value: 219000.0 on line 16 should be int
2019-07-05 22:20:18,239 - IMMO - NL - JAAP - 2019-06-01 00:00:00 - ERROR - FILE_CHECK - expect_column_values_to_be_of_type - PRIX - Wrong type for value: 199500.0 on line 17 should be int
2019-07-05 22:20:18,239 - IMMO - NL - JAAP - 2019-06-01 00:00:00 - ERROR - FILE_CHECK - expect_column_values_to_be_of_type - PRIX - Wrong type for value: 385000.0 on line 18 should be int
2019-07-05 22:20:18,240 - IMMO - NL - JAAP - 2019-06-01 00:00:00 - ERROR - FILE_CHECK - expect_column_values_to_be_of_type - PRIX - Wrong type for value: 245000.0 on line 19 should be int
2019-07-05 22:20:18,240 - IMMO - NL - JAAP - 2019-06-01 00:00:00 - ERROR - STAT - expect_column_values_to_be_of_type - PRIX - correctly filled rate (%) - 0.0
2019-07-05 22:20:18,240 - IMMO - NL - JAAP - 2019-06-01 00:00:00 - ERROR - STAT - expect_column_values_to_not_be_null - PRIX - correctly filled rate (%) - 24.59
2019-07-05 22:20:18,240 - IMMO - NL - JAAP - 2019-06-01 00:00:00 - ERROR - STAT - expect_column_values_to_not_be_null - PRO_IND - correctly filled rate (%) - 24.54
2019-07-05 22:20:18,240 - IMMO - NL - JAAP - 2019-06-01 00:00:00 - ERROR - STAT - expect_column_values_to_be_in_set - PRO_IND - correctly filled rate (%) - 100.0
2019-07-05 22:20:18,240 - IMMO - NL - JAAP - 2019-06-01 00:00:00 - ERROR - STAT - expect_column_values_to_not_be_null - REGION - correctly filled rate (%) - 0.0
2019-07-05 22:20:18,240 - IMMO - NL - JAAP - 2019-06-01 00:00:00 - ERROR - STAT - expect_column_values_to_not_be_null - SELLER_TYPE - correctly filled rate (%) - 0.0
2019-07-05 22:20:18,240 - IMMO - NL - JAAP - 2019-06-01 00:00:00 - ERROR - FILE_CHECK - expect_column_values_to_be_of_type - SURFACE_TERRAIN - Wrong type for value: 0.0 on line 0 should be int
2019-07-05 22:20:18,240 - IMMO - NL - JAAP - 2019-06-01 00:00:00 - ERROR - FILE_CHECK - expect_column_values_to_be_of_type - SURFACE_TERRAIN - Wrong type for value: 521.0 on line 1 should be int
2019-07-05 22:20:18,240 - IMMO - NL - JAAP - 2019-06-01 00:00:00 - ERROR - FILE_CHECK - expect_column_values_to_be_of_type - SURFACE_TERRAIN - Wrong type for value: 111.0 on line 2 should be int
2019-07-05 22:20:18,240 - IMMO - NL - JAAP - 2019-06-01 00:00:00 - ERROR - FILE_CHECK - expect_column_values_to_be_of_type - SURFACE_TERRAIN - Wrong type for value: 414.0 on line 3 should be int
2019-07-05 22:20:18,240 - IMMO - NL - JAAP - 2019-06-01 00:00:00 - ERROR - FILE_CHECK - expect_column_values_to_be_of_type - SURFACE_TERRAIN - Wrong type for value: 246.0 on line 4 should be int
2019-07-05 22:20:18,240 - IMMO - NL - JAAP - 2019-06-01 00:00:00 - ERROR - FILE_CHECK - expect_column_values_to_be_of_type - SURFACE_TERRAIN - Wrong type for value: 319.0 on line 5 should be int
2019-07-05 22:20:18,240 - IMMO - NL - JAAP - 2019-06-01 00:00:00 - ERROR - FILE_CHECK - expect_column_values_to_be_of_type - SURFACE_TERRAIN - Wrong type for value: 263.0 on line 6 should be int
2019-07-05 22:20:18,240 - IMMO - NL - JAAP - 2019-06-01 00:00:00 - ERROR - FILE_CHECK - expect_column_values_to_be_of_type - SURFACE_TERRAIN - Wrong type for value: 346.0 on line 7 should be int
2019-07-05 22:20:18,240 - IMMO - NL - JAAP - 2019-06-01 00:00:00 - ERROR - FILE_CHECK - expect_column_values_to_be_of_type - SURFACE_TERRAIN - Wrong type for value: 0.0 on line 8 should be int
2019-07-05 22:20:18,240 - IMMO - NL - JAAP - 2019-06-01 00:00:00 - ERROR - FILE_CHECK - expect_column_values_to_be_of_type - SURFACE_TERRAIN - Wrong type for value: 0.0 on line 9 should be int
2019-07-05 22:20:18,240 - IMMO - NL - JAAP - 2019-06-01 00:00:00 - ERROR - FILE_CHECK - expect_column_values_to_be_of_type - SURFACE_TERRAIN - Wrong type for value: 213.0 on line 10 should be int
2019-07-05 22:20:18,241 - IMMO - NL - JAAP - 2019-06-01 00:00:00 - ERROR - FILE_CHECK - expect_column_values_to_be_of_type - SURFACE_TERRAIN - Wrong type for value: 207.0 on line 11 should be int
2019-07-05 22:20:18,241 - IMMO - NL - JAAP - 2019-06-01 00:00:00 - ERROR - FILE_CHECK - expect_column_values_to_be_of_type - SURFACE_TERRAIN - Wrong type for value: 492.0 on line 12 should be int
2019-07-05 22:20:18,241 - IMMO - NL - JAAP - 2019-06-01 00:00:00 - ERROR - FILE_CHECK - expect_column_values_to_be_of_type - SURFACE_TERRAIN - Wrong type for value: 395.0 on line 13 should be int
2019-07-05 22:20:18,241 - IMMO - NL - JAAP - 2019-06-01 00:00:00 - ERROR - FILE_CHECK - expect_column_values_to_be_of_type - SURFACE_TERRAIN - Wrong type for value: 318.0 on line 14 should be int
2019-07-05 22:20:18,241 - IMMO - NL - JAAP - 2019-06-01 00:00:00 - ERROR - FILE_CHECK - expect_column_values_to_be_of_type - SURFACE_TERRAIN - Wrong type for value: 230.0 on line 15 should be int
2019-07-05 22:20:18,241 - IMMO - NL - JAAP - 2019-06-01 00:00:00 - ERROR - FILE_CHECK - expect_column_values_to_be_of_type - SURFACE_TERRAIN - Wrong type for value: 280.0 on line 16 should be int
2019-07-05 22:20:18,241 - IMMO - NL - JAAP - 2019-06-01 00:00:00 - ERROR - FILE_CHECK - expect_column_values_to_be_of_type - SURFACE_TERRAIN - Wrong type for value: 395.0 on line 17 should be int
2019-07-05 22:20:18,241 - IMMO - NL - JAAP - 2019-06-01 00:00:00 - ERROR - FILE_CHECK - expect_column_values_to_be_of_type - SURFACE_TERRAIN - Wrong type for value: 705.0 on line 18 should be int
2019-07-05 22:20:18,241 - IMMO - NL - JAAP - 2019-06-01 00:00:00 - ERROR - FILE_CHECK - expect_column_values_to_be_of_type - SURFACE_TERRAIN - Wrong type for value: 191.0 on line 19 should be int
2019-07-05 22:20:18,241 - IMMO - NL - JAAP - 2019-06-01 00:00:00 - ERROR - STAT - expect_column_values_to_be_of_type - SURFACE_TERRAIN - correctly filled rate (%) - 0.0
2019-07-05 22:20:18,241 - IMMO - NL - JAAP - 2019-06-01 00:00:00 - ERROR - STAT - expect_column_values_to_match_regex - VILLE - correctly filled rate (%) - 100.0
2019-07-05 22:20:18,241 - IMMO - NL - JAAP - 2019-06-01 00:00:00 - ERROR - STAT - expect_column_values_to_not_be_null - VILLE - correctly filled rate (%) - 25.82
2019-07-05 22:20:18,241 - IMMO - NL - JAAP - 2019-06-01 00:00:00 - ERROR - FILE_CHECK - expect_column_values_to_match_regex - CP - Unexpected value: 6439 AT on line 148, value should match regexp [0-9]{4}[A-Z]{2}
2019-07-05 22:20:18,241 - IMMO - NL - JAAP - 2019-06-01 00:00:00 - ERROR - FILE_CHECK - expect_column_values_to_match_regex - CP - Unexpected value: 6419 EN on line 219, value should match regexp [0-9]{4}[A-Z]{2}
2019-07-05 22:20:18,241 - IMMO - NL - JAAP - 2019-06-01 00:00:00 - ERROR - FILE_CHECK - expect_column_values_to_match_regex - CP - Unexpected value: 6181 NV on line 488, value should match regexp [0-9]{4}[A-Z]{2}
2019-07-05 22:20:18,241 - IMMO - NL - JAAP - 2019-06-01 00:00:00 - ERROR - FILE_CHECK - expect_column_values_to_match_regex - CP - Unexpected value: 6171 TM on line 496, value should match regexp [0-9]{4}[A-Z]{2}
2019-07-05 22:20:18,241 - IMMO - NL - JAAP - 2019-06-01 00:00:00 - ERROR - FILE_CHECK - expect_column_values_to_match_regex - CP - Unexpected value: 5863 AS on line 804, value should match regexp [0-9]{4}[A-Z]{2}
2019-07-05 22:20:18,241 - IMMO - NL - JAAP - 2019-06-01 00:00:00 - ERROR - FILE_CHECK - expect_column_values_to_match_regex - CP - Unexpected value: 5301 VG on line 1388, value should match regexp [0-9]{4}[A-Z]{2}
2019-07-05 22:20:18,242 - IMMO - NL - JAAP - 2019-06-01 00:00:00 - ERROR - FILE_CHECK - expect_column_values_to_match_regex - CP - Unexpected value: 5141 JN on line 1555, value should match regexp [0-9]{4}[A-Z]{2}
2019-07-05 22:20:18,242 - IMMO - NL - JAAP - 2019-06-01 00:00:00 - ERROR - FILE_CHECK - expect_column_values_to_match_regex - CP - Unexpected value: 5142 CD on line 1576, value should match regexp [0-9]{4}[A-Z]{2}
2019-07-05 22:20:18,242 - IMMO - NL - JAAP - 2019-06-01 00:00:00 - ERROR - FILE_CHECK - expect_column_values_to_match_regex - CP - Unexpected value: 5142 CB on line 1581, value should match regexp [0-9]{4}[A-Z]{2}
2019-07-05 22:20:18,242 - IMMO - NL - JAAP - 2019-06-01 00:00:00 - ERROR - FILE_CHECK - expect_column_values_to_match_regex - CP - Unexpected value: 4462 EB on line 1971, value should match regexp [0-9]{4}[A-Z]{2}
2019-07-05 22:20:18,242 - IMMO - NL - JAAP - 2019-06-01 00:00:00 - ERROR - FILE_CHECK - expect_column_values_to_match_regex - CP - Unexpected value: 4264 RJ on line 2057, value should match regexp [0-9]{4}[A-Z]{2}
2019-07-05 22:20:18,242 - IMMO - NL - JAAP - 2019-06-01 00:00:00 - ERROR - FILE_CHECK - expect_column_values_to_match_regex - CP - Unexpected value: 4041 GW on line 2175, value should match regexp [0-9]{4}[A-Z]{2}
2019-07-05 22:20:18,242 - IMMO - NL - JAAP - 2019-06-01 00:00:00 - ERROR - FILE_CHECK - expect_column_values_to_match_regex - CP - Unexpected value: 1382 RT on line 3578, value should match regexp [0-9]{4}[A-Z]{2}
2019-07-05 22:20:18,242 - IMMO - NL - JAAP - 2019-06-01 00:00:00 - ERROR - FILE_CHECK - expect_column_values_to_match_regex - CP - Unexpected value: 1391 BD on line 3593, value should match regexp [0-9]{4}[A-Z]{2}
2019-07-05 22:20:18,242 - IMMO - NL - JAAP - 2019-06-01 00:00:00 - ERROR - FILE_CHECK - expect_column_values_to_match_regex - CP - Unexpected value: 1483 BH on line 3733, value should match regexp [0-9]{4}[A-Z]{2}
2019-07-05 22:20:18,242 - IMMO - NL - JAAP - 2019-06-01 00:00:00 - ERROR - FILE_CHECK - expect_column_values_to_match_regex - CP - Unexpected value: 2285 TM on line 4767, value should match regexp [0-9]{4}[A-Z]{2}
2019-07-05 22:20:18,242 - IMMO - NL - JAAP - 2019-06-01 00:00:00 - ERROR - FILE_CHECK - expect_column_values_to_match_regex - CP - Unexpected value: 7443 BE on line 5703, value should match regexp [0-9]{4}[A-Z]{2}
2019-07-05 22:20:18,242 - IMMO - NL - JAAP - 2019-06-01 00:00:00 - ERROR - FILE_CHECK - expect_column_values_to_match_regex - CP - Unexpected value: 3314 CE on line 7973, value should match regexp [0-9]{4}[A-Z]{2}
2019-07-05 22:20:18,242 - IMMO - NL - JAAP - 2019-06-01 00:00:00 - ERROR - FILE_CHECK - expect_column_values_to_match_regex - CP - Unexpected value: 3433 BT on line 7999, value should match regexp [0-9]{4}[A-Z]{2}
2019-07-05 22:20:18,242 - IMMO - NL - JAAP - 2019-06-01 00:00:00 - ERROR - FILE_CHECK - expect_column_values_to_match_regex - CP - Unexpected value: 4264 RL on line 8383, value should match regexp [0-9]{4}[A-Z]{2}
2019-07-05 22:20:18,242 - IMMO - NL - JAAP - 2019-06-01 00:00:00 - ERROR - STAT - expect_column_values_to_match_regex - CP - correctly filled rate (%) - 88.13
2019-07-05 22:20:18,242 - IMMO - NL - JAAP - 2019-06-01 00:00:00 - ERROR - FILE_CHECK - expect_column_value_lengths_to_be_between - ANNONCE_TEXT - Unexpected characters count of: [Appartement (85 m²) ...] on line  0, value length should be between 0 and 255
2019-07-05 22:20:18,242 - IMMO - NL - JAAP - 2019-06-01 00:00:00 - ERROR - FILE_CHECK - expect_column_value_lengths_to_be_between - ANNONCE_TEXT - Unexpected characters count of: [Begane grond: Entree...] on line  1, value length should be between 0 and 255
2019-07-05 22:20:18,242 - IMMO - NL - JAAP - 2019-06-01 00:00:00 - ERROR - FILE_CHECK - expect_column_value_lengths_to_be_between - ANNONCE_TEXT - Unexpected characters count of: [Aan de rand van het ...] on line  3, value length should be between 0 and 255
2019-07-05 22:20:18,242 - IMMO - NL - JAAP - 2019-06-01 00:00:00 - ERROR - FILE_CHECK - expect_column_value_lengths_to_be_between - ANNONCE_TEXT - Unexpected characters count of: [In rustige verkeersl...] on line  6, value length should be between 0 and 255
2019-07-05 22:20:18,243 - IMMO - NL - JAAP - 2019-06-01 00:00:00 - ERROR - FILE_CHECK - expect_column_value_lengths_to_be_between - ANNONCE_TEXT - Unexpected characters count of: [In een verkeersluwe ...] on line  7, value length should be between 0 and 255
2019-07-05 22:20:18,243 - IMMO - NL - JAAP - 2019-06-01 00:00:00 - ERROR - FILE_CHECK - expect_column_value_lengths_to_be_between - ANNONCE_TEXT - Unexpected characters count of: [Mooi gelegen eengezi...] on line  9, value length should be between 0 and 255
2019-07-05 22:20:18,243 - IMMO - NL - JAAP - 2019-06-01 00:00:00 - ERROR - FILE_CHECK - expect_column_value_lengths_to_be_between - ANNONCE_TEXT - Unexpected characters count of: [In een rustige woono...] on line  10, value length should be between 0 and 255
2019-07-05 22:20:18,243 - IMMO - NL - JAAP - 2019-06-01 00:00:00 - ERROR - FILE_CHECK - expect_column_value_lengths_to_be_between - ANNONCE_TEXT - Unexpected characters count of: [Zeer rustig in woonw...] on line  11, value length should be between 0 and 255
2019-07-05 22:20:18,243 - IMMO - NL - JAAP - 2019-06-01 00:00:00 - ERROR - FILE_CHECK - expect_column_value_lengths_to_be_between - ANNONCE_TEXT - Unexpected characters count of: [Heerlijk ruime vrijs...] on line  12, value length should be between 0 and 255
2019-07-05 22:20:18,243 - IMMO - NL - JAAP - 2019-06-01 00:00:00 - ERROR - FILE_CHECK - expect_column_value_lengths_to_be_between - ANNONCE_TEXT - Unexpected characters count of: [Een prachtig karakte...] on line  13, value length should be between 0 and 255
2019-07-05 22:20:18,243 - IMMO - NL - JAAP - 2019-06-01 00:00:00 - ERROR - FILE_CHECK - expect_column_value_lengths_to_be_between - ANNONCE_TEXT - Unexpected characters count of: [Rustig op goede loca...] on line  15, value length should be between 0 and 255
2019-07-05 22:20:18,243 - IMMO - NL - JAAP - 2019-06-01 00:00:00 - ERROR - FILE_CHECK - expect_column_value_lengths_to_be_between - ANNONCE_TEXT - Unexpected characters count of: [Rustig aan bosrand g...] on line  16, value length should be between 0 and 255
2019-07-05 22:20:18,243 - IMMO - NL - JAAP - 2019-06-01 00:00:00 - ERROR - FILE_CHECK - expect_column_value_lengths_to_be_between - ANNONCE_TEXT - Unexpected characters count of: [Recentelijk geheel e...] on line  17, value length should be between 0 and 255
2019-07-05 22:20:18,243 - IMMO - NL - JAAP - 2019-06-01 00:00:00 - ERROR - FILE_CHECK - expect_column_value_lengths_to_be_between - ANNONCE_TEXT - Unexpected characters count of: [Karakteristiek vrijs...] on line  18, value length should be between 0 and 255
2019-07-05 22:20:18,243 - IMMO - NL - JAAP - 2019-06-01 00:00:00 - ERROR - FILE_CHECK - expect_column_value_lengths_to_be_between - ANNONCE_TEXT - Unexpected characters count of: [Slimmer kopen met Wi...] on line  19, value length should be between 0 and 255
2019-07-05 22:20:18,243 - IMMO - NL - JAAP - 2019-06-01 00:00:00 - ERROR - FILE_CHECK - expect_column_value_lengths_to_be_between - ANNONCE_TEXT - Unexpected characters count of: [Een karakteristieke ...] on line  20, value length should be between 0 and 255
2019-07-05 22:20:18,243 - IMMO - NL - JAAP - 2019-06-01 00:00:00 - ERROR - FILE_CHECK - expect_column_value_lengths_to_be_between - ANNONCE_TEXT - Unexpected characters count of: [: Omschrijving objec...] on line  21, value length should be between 0 and 255
2019-07-05 22:20:18,243 - IMMO - NL - JAAP - 2019-06-01 00:00:00 - ERROR - FILE_CHECK - expect_column_value_lengths_to_be_between - ANNONCE_TEXT - Unexpected characters count of: [Instap klaar en goed...] on line  23, value length should be between 0 and 255
2019-07-05 22:20:18,243 - IMMO - NL - JAAP - 2019-06-01 00:00:00 - ERROR - FILE_CHECK - expect_column_value_lengths_to_be_between - ANNONCE_TEXT - Unexpected characters count of: [Op een centrale loca...] on line  24, value length should be between 0 and 255
2019-07-05 22:20:18,243 - IMMO - NL - JAAP - 2019-06-01 00:00:00 - ERROR - FILE_CHECK - expect_column_value_lengths_to_be_between - ANNONCE_TEXT - Unexpected characters count of: [Heel goed onderhoude...] on line  25, value length should be between 0 and 255
2019-07-05 22:20:18,243 - IMMO - NL - JAAP - 2019-06-01 00:00:00 - ERROR - STAT - expect_column_value_lengths_to_be_between - ANNONCE_TEXT - correctly filled rate (%) - 18.56
2019-07-05 22:20:18,243 - IMMO - NL - JAAP - 2019-06-01 00:00:00 - ERROR - STAT - expect_returning_row_count_on_conditions - PRIVATE_LISTINGS - total number of row with conditions - 0
2019-07-05 22:20:18,243 - IMMO - NL - JAAP - 2019-06-01 00:00:00 - ERROR - STAT - expect_returning_row_count_on_conditions - DEALER_LISTINGS - total number of row with conditions - 0
