2019-10-23 21:27:30,011 - VO - MX - VIVANUNCIOS - 2019-10-01 00:00:00 - ERROR - FILE_VALIDATE - expect_file_to_be_validated - EVERY_COLUMNS - False - 0
2019-10-23 21:27:30,012 - VO - MX - VIVANUNCIOS - 2019-10-01 00:00:00 - ERROR - STAT - expect_column_values_to_not_be_null - ADRESSE - correctly filled rate (%) - 0.0
2019-10-23 21:27:30,012 - VO - MX - VIVANUNCIOS - 2019-10-01 00:00:00 - ERROR - FILE_VALIDATE - expect_column_values_to_not_be_null - ADRESSE - False - 0
2019-10-23 21:27:30,012 - VO - MX - VIVANUNCIOS - 2019-10-01 00:00:00 - ERROR - STAT - expect_column_values_to_be_in_type_list - ANNEE - correctly filled rate (%) - 100.0
2019-10-23 21:27:30,012 - VO - MX - VIVANUNCIOS - 2019-10-01 00:00:00 - ERROR - FILE_VALIDATE - expect_column_values_to_be_in_type_list - ANNEE - True - 1
2019-10-23 21:27:30,012 - VO - MX - VIVANUNCIOS - 2019-10-01 00:00:00 - ERROR - STAT - expect_column_values_to_be_between - ANNEE - correctly filled rate (%) - 98.83
2019-10-23 21:27:30,012 - VO - MX - VIVANUNCIOS - 2019-10-01 00:00:00 - ERROR - STAT - expect_column_values_to_be_between - ANNEE - unexpected count - 204
2019-10-23 21:27:30,012 - VO - MX - VIVANUNCIOS - 2019-10-01 00:00:00 - ERROR - FILE_VALIDATE - expect_column_values_to_be_between - ANNEE - True - 1
2019-10-23 21:27:30,012 - VO - MX - VIVANUNCIOS - 2019-10-01 00:00:00 - ERROR - STAT - expect_column_values_to_not_be_null - ANNEE - correctly filled rate (%) - 99.81
2019-10-23 21:27:30,012 - VO - MX - VIVANUNCIOS - 2019-10-01 00:00:00 - ERROR - FILE_VALIDATE - expect_column_values_to_not_be_null - ANNEE - False - 0
2019-10-23 21:27:30,012 - VO - MX - VIVANUNCIOS - 2019-10-01 00:00:00 - ERROR - FILE_CHECK - expect_column_values_to_match_regex - ANNEE - Unexpected value: 2013.0 on line 1, value should match regexp ^[0-9]{4}$
2019-10-23 21:27:30,012 - VO - MX - VIVANUNCIOS - 2019-10-01 00:00:00 - ERROR - FILE_CHECK - expect_column_values_to_match_regex - ANNEE - Unexpected value: 2013.0 on line 2, value should match regexp ^[0-9]{4}$
2019-10-23 21:27:30,012 - VO - MX - VIVANUNCIOS - 2019-10-01 00:00:00 - ERROR - FILE_CHECK - expect_column_values_to_match_regex - ANNEE - Unexpected value: 2010.0 on line 3, value should match regexp ^[0-9]{4}$
2019-10-23 21:27:30,012 - VO - MX - VIVANUNCIOS - 2019-10-01 00:00:00 - ERROR - FILE_CHECK - expect_column_values_to_match_regex - ANNEE - Unexpected value: 2008.0 on line 4, value should match regexp ^[0-9]{4}$
2019-10-23 21:27:30,012 - VO - MX - VIVANUNCIOS - 2019-10-01 00:00:00 - ERROR - FILE_CHECK - expect_column_values_to_match_regex - ANNEE - Unexpected value: 2008.0 on line 5, value should match regexp ^[0-9]{4}$
2019-10-23 21:27:30,012 - VO - MX - VIVANUNCIOS - 2019-10-01 00:00:00 - ERROR - FILE_CHECK - expect_column_values_to_match_regex - ANNEE - Unexpected value: 2008.0 on line 6, value should match regexp ^[0-9]{4}$
2019-10-23 21:27:30,012 - VO - MX - VIVANUNCIOS - 2019-10-01 00:00:00 - ERROR - FILE_CHECK - expect_column_values_to_match_regex - ANNEE - Unexpected value: 2006.0 on line 7, value should match regexp ^[0-9]{4}$
2019-10-23 21:27:30,012 - VO - MX - VIVANUNCIOS - 2019-10-01 00:00:00 - ERROR - FILE_CHECK - expect_column_values_to_match_regex - ANNEE - Unexpected value: 2014.0 on line 8, value should match regexp ^[0-9]{4}$
2019-10-23 21:27:30,012 - VO - MX - VIVANUNCIOS - 2019-10-01 00:00:00 - ERROR - FILE_CHECK - expect_column_values_to_match_regex - ANNEE - Unexpected value: 2013.0 on line 9, value should match regexp ^[0-9]{4}$
2019-10-23 21:27:30,013 - VO - MX - VIVANUNCIOS - 2019-10-01 00:00:00 - ERROR - FILE_CHECK - expect_column_values_to_match_regex - ANNEE - Unexpected value: 2007.0 on line 10, value should match regexp ^[0-9]{4}$
2019-10-23 21:27:30,013 - VO - MX - VIVANUNCIOS - 2019-10-01 00:00:00 - ERROR - FILE_CHECK - expect_column_values_to_match_regex - ANNEE - Unexpected value: 2005.0 on line 11, value should match regexp ^[0-9]{4}$
2019-10-23 21:27:30,013 - VO - MX - VIVANUNCIOS - 2019-10-01 00:00:00 - ERROR - FILE_CHECK - expect_column_values_to_match_regex - ANNEE - Unexpected value: 2012.0 on line 12, value should match regexp ^[0-9]{4}$
2019-10-23 21:27:30,013 - VO - MX - VIVANUNCIOS - 2019-10-01 00:00:00 - ERROR - FILE_CHECK - expect_column_values_to_match_regex - ANNEE - Unexpected value: 2016.0 on line 13, value should match regexp ^[0-9]{4}$
2019-10-23 21:27:30,013 - VO - MX - VIVANUNCIOS - 2019-10-01 00:00:00 - ERROR - FILE_CHECK - expect_column_values_to_match_regex - ANNEE - Unexpected value: 1999.0 on line 14, value should match regexp ^[0-9]{4}$
2019-10-23 21:27:30,013 - VO - MX - VIVANUNCIOS - 2019-10-01 00:00:00 - ERROR - FILE_CHECK - expect_column_values_to_match_regex - ANNEE - Unexpected value: 2016.0 on line 15, value should match regexp ^[0-9]{4}$
2019-10-23 21:27:30,013 - VO - MX - VIVANUNCIOS - 2019-10-01 00:00:00 - ERROR - FILE_CHECK - expect_column_values_to_match_regex - ANNEE - Unexpected value: 2019.0 on line 16, value should match regexp ^[0-9]{4}$
2019-10-23 21:27:30,013 - VO - MX - VIVANUNCIOS - 2019-10-01 00:00:00 - ERROR - FILE_CHECK - expect_column_values_to_match_regex - ANNEE - Unexpected value: 2009.0 on line 17, value should match regexp ^[0-9]{4}$
2019-10-23 21:27:30,013 - VO - MX - VIVANUNCIOS - 2019-10-01 00:00:00 - ERROR - FILE_CHECK - expect_column_values_to_match_regex - ANNEE - Unexpected value: 2009.0 on line 18, value should match regexp ^[0-9]{4}$
2019-10-23 21:27:30,013 - VO - MX - VIVANUNCIOS - 2019-10-01 00:00:00 - ERROR - FILE_CHECK - expect_column_values_to_match_regex - ANNEE - Unexpected value: 2009.0 on line 19, value should match regexp ^[0-9]{4}$
2019-10-23 21:27:30,013 - VO - MX - VIVANUNCIOS - 2019-10-01 00:00:00 - ERROR - FILE_CHECK - expect_column_values_to_match_regex - ANNEE - Unexpected value: 2018.0 on line 20, value should match regexp ^[0-9]{4}$
2019-10-23 21:27:30,013 - VO - MX - VIVANUNCIOS - 2019-10-01 00:00:00 - ERROR - STAT - expect_column_values_to_match_regex - ANNEE - correctly filled rate (%) - 0.0
2019-10-23 21:27:30,013 - VO - MX - VIVANUNCIOS - 2019-10-01 00:00:00 - ERROR - FILE_VALIDATE - expect_column_values_to_match_regex - ANNEE - False - 0
2019-10-23 21:27:30,013 - VO - MX - VIVANUNCIOS - 2019-10-01 00:00:00 - ERROR - STAT - expect_column_values_to_not_be_null - ANNONCE_LINK - correctly filled rate (%) - 100.0
2019-10-23 21:27:30,013 - VO - MX - VIVANUNCIOS - 2019-10-01 00:00:00 - ERROR - FILE_VALIDATE - expect_column_values_to_not_be_null - ANNONCE_LINK - True - 1
2019-10-23 21:27:30,013 - VO - MX - VIVANUNCIOS - 2019-10-01 00:00:00 - ERROR - STAT - expect_column_values_to_be_unique - ANNONCE_LINK - observed proportion - 100.0
2019-10-23 21:27:30,013 - VO - MX - VIVANUNCIOS - 2019-10-01 00:00:00 - ERROR - FILE_VALIDATE - expect_column_values_to_be_unique - ANNONCE_LINK - True - 1
2019-10-23 21:27:30,014 - VO - MX - VIVANUNCIOS - 2019-10-01 00:00:00 - ERROR - STAT - expect_column_values_to_not_be_null - CARBURANT - correctly filled rate (%) - 89.94
2019-10-23 21:27:30,014 - VO - MX - VIVANUNCIOS - 2019-10-01 00:00:00 - ERROR - FILE_VALIDATE - expect_column_values_to_not_be_null - CARBURANT - False - 0
2019-10-23 21:27:30,014 - VO - MX - VIVANUNCIOS - 2019-10-01 00:00:00 - ERROR - STAT - expect_column_values_to_not_be_null - CARROSSERIE - correctly filled rate (%) - 85.67
2019-10-23 21:27:30,014 - VO - MX - VIVANUNCIOS - 2019-10-01 00:00:00 - ERROR - FILE_VALIDATE - expect_column_values_to_not_be_null - CARROSSERIE - False - 0
2019-10-23 21:27:30,014 - VO - MX - VIVANUNCIOS - 2019-10-01 00:00:00 - ERROR - STAT - expect_column_values_to_not_be_null - GARAGE_ID - correctly filled rate (%) - 98.72
2019-10-23 21:27:30,014 - VO - MX - VIVANUNCIOS - 2019-10-01 00:00:00 - ERROR - FILE_VALIDATE - expect_column_values_to_not_be_null - GARAGE_ID - False - 0
2019-10-23 21:27:30,014 - VO - MX - VIVANUNCIOS - 2019-10-01 00:00:00 - ERROR - STAT - expect_column_values_to_not_be_null - ID_CLIENT - correctly filled rate (%) - 99.99
2019-10-23 21:27:30,014 - VO - MX - VIVANUNCIOS - 2019-10-01 00:00:00 - ERROR - FILE_VALIDATE - expect_column_values_to_not_be_null - ID_CLIENT - False - 0
2019-10-23 21:27:30,014 - VO - MX - VIVANUNCIOS - 2019-10-01 00:00:00 - ERROR - STAT - expect_column_values_to_be_unique - ID_CLIENT - observed proportion - 100.0
2019-10-23 21:27:30,014 - VO - MX - VIVANUNCIOS - 2019-10-01 00:00:00 - ERROR - FILE_VALIDATE - expect_column_values_to_be_unique - ID_CLIENT - True - 1
2019-10-23 21:27:30,014 - VO - MX - VIVANUNCIOS - 2019-10-01 00:00:00 - ERROR - STAT - expect_returning_row_count - EVERY_COLUMNS - total number of rows - 17416
2019-10-23 21:27:30,014 - VO - MX - VIVANUNCIOS - 2019-10-01 00:00:00 - ERROR - STAT - expect_column_values_to_not_be_null - IMMAT - correctly filled rate (%) - 0.0
2019-10-23 21:27:30,014 - VO - MX - VIVANUNCIOS - 2019-10-01 00:00:00 - ERROR - FILE_VALIDATE - expect_column_values_to_not_be_null - IMMAT - False - 0
2019-10-23 21:27:30,014 - VO - MX - VIVANUNCIOS - 2019-10-01 00:00:00 - ERROR - FILE_CHECK - expect_column_values_to_be_in_type_list - KM - Wrong type for value: None on line 0 should be in ['int']
2019-10-23 21:27:30,014 - VO - MX - VIVANUNCIOS - 2019-10-01 00:00:00 - ERROR - FILE_CHECK - expect_column_values_to_be_in_type_list - KM - Wrong type for value: 12000 on line 1 should be in ['int']
2019-10-23 21:27:30,014 - VO - MX - VIVANUNCIOS - 2019-10-01 00:00:00 - ERROR - FILE_CHECK - expect_column_values_to_be_in_type_list - KM - Wrong type for value: 55000 on line 2 should be in ['int']
2019-10-23 21:27:30,014 - VO - MX - VIVANUNCIOS - 2019-10-01 00:00:00 - ERROR - FILE_CHECK - expect_column_values_to_be_in_type_list - KM - Wrong type for value: 99536 on line 3 should be in ['int']
2019-10-23 21:27:30,015 - VO - MX - VIVANUNCIOS - 2019-10-01 00:00:00 - ERROR - FILE_CHECK - expect_column_values_to_be_in_type_list - KM - Wrong type for value: 115000 on line 4 should be in ['int']
2019-10-23 21:27:30,015 - VO - MX - VIVANUNCIOS - 2019-10-01 00:00:00 - ERROR - FILE_CHECK - expect_column_values_to_be_in_type_list - KM - Wrong type for value: 192000 on line 5 should be in ['int']
2019-10-23 21:27:30,015 - VO - MX - VIVANUNCIOS - 2019-10-01 00:00:00 - ERROR - FILE_CHECK - expect_column_values_to_be_in_type_list - KM - Wrong type for value: 192000 on line 6 should be in ['int']
2019-10-23 21:27:30,015 - VO - MX - VIVANUNCIOS - 2019-10-01 00:00:00 - ERROR - FILE_CHECK - expect_column_values_to_be_in_type_list - KM - Wrong type for value: 120000 on line 7 should be in ['int']
2019-10-23 21:27:30,015 - VO - MX - VIVANUNCIOS - 2019-10-01 00:00:00 - ERROR - FILE_CHECK - expect_column_values_to_be_in_type_list - KM - Wrong type for value: 80000 on line 8 should be in ['int']
2019-10-23 21:27:30,015 - VO - MX - VIVANUNCIOS - 2019-10-01 00:00:00 - ERROR - FILE_CHECK - expect_column_values_to_be_in_type_list - KM - Wrong type for value: 62600 on line 9 should be in ['int']
2019-10-23 21:27:30,015 - VO - MX - VIVANUNCIOS - 2019-10-01 00:00:00 - ERROR - FILE_CHECK - expect_column_values_to_be_in_type_list - KM - Wrong type for value: 210000 on line 10 should be in ['int']
2019-10-23 21:27:30,015 - VO - MX - VIVANUNCIOS - 2019-10-01 00:00:00 - ERROR - FILE_CHECK - expect_column_values_to_be_in_type_list - KM - Wrong type for value: 176000 on line 11 should be in ['int']
2019-10-23 21:27:30,015 - VO - MX - VIVANUNCIOS - 2019-10-01 00:00:00 - ERROR - FILE_CHECK - expect_column_values_to_be_in_type_list - KM - Wrong type for value: 180000 on line 12 should be in ['int']
2019-10-23 21:27:30,015 - VO - MX - VIVANUNCIOS - 2019-10-01 00:00:00 - ERROR - FILE_CHECK - expect_column_values_to_be_in_type_list - KM - Wrong type for value: 60000 on line 13 should be in ['int']
2019-10-23 21:27:30,015 - VO - MX - VIVANUNCIOS - 2019-10-01 00:00:00 - ERROR - FILE_CHECK - expect_column_values_to_be_in_type_list - KM - Wrong type for value: 100000 on line 14 should be in ['int']
2019-10-23 21:27:30,015 - VO - MX - VIVANUNCIOS - 2019-10-01 00:00:00 - ERROR - FILE_CHECK - expect_column_values_to_be_in_type_list - KM - Wrong type for value: 19200 on line 15 should be in ['int']
2019-10-23 21:27:30,015 - VO - MX - VIVANUNCIOS - 2019-10-01 00:00:00 - ERROR - FILE_CHECK - expect_column_values_to_be_in_type_list - KM - Wrong type for value: 9993 on line 16 should be in ['int']
2019-10-23 21:27:30,015 - VO - MX - VIVANUNCIOS - 2019-10-01 00:00:00 - ERROR - FILE_CHECK - expect_column_values_to_be_in_type_list - KM - Wrong type for value: 125000 on line 17 should be in ['int']
2019-10-23 21:27:30,015 - VO - MX - VIVANUNCIOS - 2019-10-01 00:00:00 - ERROR - FILE_CHECK - expect_column_values_to_be_in_type_list - KM - Wrong type for value: 125000 on line 18 should be in ['int']
2019-10-23 21:27:30,015 - VO - MX - VIVANUNCIOS - 2019-10-01 00:00:00 - ERROR - FILE_CHECK - expect_column_values_to_be_in_type_list - KM - Wrong type for value: 190000 on line 19 should be in ['int']
2019-10-23 21:27:30,015 - VO - MX - VIVANUNCIOS - 2019-10-01 00:00:00 - ERROR - STAT - expect_column_values_to_be_in_type_list - KM - correctly filled rate (%) - 0.0
2019-10-23 21:27:30,015 - VO - MX - VIVANUNCIOS - 2019-10-01 00:00:00 - ERROR - FILE_VALIDATE - expect_column_values_to_be_in_type_list - KM - False - 0
2019-10-23 21:27:30,015 - VO - MX - VIVANUNCIOS - 2019-10-01 00:00:00 - ERROR - STAT - expect_column_values_to_not_be_null - KM - correctly filled rate (%) - 100.0
2019-10-23 21:27:30,016 - VO - MX - VIVANUNCIOS - 2019-10-01 00:00:00 - ERROR - FILE_VALIDATE - expect_column_values_to_not_be_null - KM - True - 1
2019-10-23 21:27:30,016 - VO - MX - VIVANUNCIOS - 2019-10-01 00:00:00 - ERROR - STAT - expect_column_values_to_not_be_null - LITRE - correctly filled rate (%) - 0.0
2019-10-23 21:27:30,016 - VO - MX - VIVANUNCIOS - 2019-10-01 00:00:00 - ERROR - FILE_VALIDATE - expect_column_values_to_not_be_null - LITRE - False - 0
2019-10-23 21:27:30,016 - VO - MX - VIVANUNCIOS - 2019-10-01 00:00:00 - ERROR - STAT - expect_column_values_to_not_be_null - MARQUE - correctly filled rate (%) - 99.83
2019-10-23 21:27:30,016 - VO - MX - VIVANUNCIOS - 2019-10-01 00:00:00 - ERROR - FILE_VALIDATE - expect_column_values_to_not_be_null - MARQUE - True - 1
2019-10-23 21:27:30,016 - VO - MX - VIVANUNCIOS - 2019-10-01 00:00:00 - ERROR - STAT - expect_column_values_to_not_be_null - MODELE - correctly filled rate (%) - 99.83
2019-10-23 21:27:30,016 - VO - MX - VIVANUNCIOS - 2019-10-01 00:00:00 - ERROR - FILE_VALIDATE - expect_column_values_to_not_be_null - MODELE - True - 1
2019-10-23 21:27:30,016 - VO - MX - VIVANUNCIOS - 2019-10-01 00:00:00 - ERROR - STAT - expect_column_values_to_not_be_null - MOIS - correctly filled rate (%) - 0.0
2019-10-23 21:27:30,016 - VO - MX - VIVANUNCIOS - 2019-10-01 00:00:00 - ERROR - FILE_VALIDATE - expect_column_values_to_not_be_null - MOIS - False - 0
2019-10-23 21:27:30,016 - VO - MX - VIVANUNCIOS - 2019-10-01 00:00:00 - ERROR - STAT - expect_column_values_to_not_be_null - NOM - correctly filled rate (%) - 98.72
2019-10-23 21:27:30,016 - VO - MX - VIVANUNCIOS - 2019-10-01 00:00:00 - ERROR - FILE_VALIDATE - expect_column_values_to_not_be_null - NOM - True - 1
2019-10-23 21:27:30,016 - VO - MX - VIVANUNCIOS - 2019-10-01 00:00:00 - ERROR - FILE_CHECK - expect_column_value_lengths_to_be_between - NOM - Unexpected characters count of: [Dodge RAM...] on line  1, value length should be between 10 and 255
2019-10-23 21:27:30,016 - VO - MX - VIVANUNCIOS - 2019-10-01 00:00:00 - ERROR - FILE_CHECK - expect_column_value_lengths_to_be_between - NOM - Unexpected characters count of: [Dodge RAM...] on line  2, value length should be between 10 and 255
2019-10-23 21:27:30,016 - VO - MX - VIVANUNCIOS - 2019-10-01 00:00:00 - ERROR - FILE_CHECK - expect_column_value_lengths_to_be_between - NOM - Unexpected characters count of: [mazda cx3...] on line  16, value length should be between 10 and 255
2019-10-23 21:27:30,016 - VO - MX - VIVANUNCIOS - 2019-10-01 00:00:00 - ERROR - FILE_CHECK - expect_column_value_lengths_to_be_between - NOM - Unexpected characters count of: [Honda crv...] on line  32, value length should be between 10 and 255
2019-10-23 21:27:30,016 - VO - MX - VIVANUNCIOS - 2019-10-01 00:00:00 - ERROR - FILE_CHECK - expect_column_value_lengths_to_be_between - NOM - Unexpected characters count of: [Mazda CX5...] on line  42, value length should be between 10 and 255
2019-10-23 21:27:30,016 - VO - MX - VIVANUNCIOS - 2019-10-01 00:00:00 - ERROR - FILE_CHECK - expect_column_value_lengths_to_be_between - NOM - Unexpected characters count of: [Rav4 2008...] on line  49, value length should be between 10 and 255
2019-10-23 21:27:30,017 - VO - MX - VIVANUNCIOS - 2019-10-01 00:00:00 - ERROR - FILE_CHECK - expect_column_value_lengths_to_be_between - NOM - Unexpected characters count of: [CRV 2007...] on line  290, value length should be between 10 and 255
2019-10-23 21:27:30,017 - VO - MX - VIVANUNCIOS - 2019-10-01 00:00:00 - ERROR - FILE_CHECK - expect_column_value_lengths_to_be_between - NOM - Unexpected characters count of: [FORD EDGE...] on line  297, value length should be between 10 and 255
2019-10-23 21:27:30,017 - VO - MX - VIVANUNCIOS - 2019-10-01 00:00:00 - ERROR - FILE_CHECK - expect_column_value_lengths_to_be_between - NOM - Unexpected characters count of: [TRAX LTZ...] on line  366, value length should be between 10 and 255
2019-10-23 21:27:30,017 - VO - MX - VIVANUNCIOS - 2019-10-01 00:00:00 - ERROR - FILE_CHECK - expect_column_value_lengths_to_be_between - NOM - Unexpected characters count of: [CRV 2004...] on line  445, value length should be between 10 and 255
2019-10-23 21:27:30,017 - VO - MX - VIVANUNCIOS - 2019-10-01 00:00:00 - ERROR - FILE_CHECK - expect_column_value_lengths_to_be_between - NOM - Unexpected characters count of: [F150 1997...] on line  482, value length should be between 10 and 255
2019-10-23 21:27:30,017 - VO - MX - VIVANUNCIOS - 2019-10-01 00:00:00 - ERROR - FILE_CHECK - expect_column_value_lengths_to_be_between - NOM - Unexpected characters count of: [Ford lobo...] on line  527, value length should be between 10 and 255
2019-10-23 21:27:30,017 - VO - MX - VIVANUNCIOS - 2019-10-01 00:00:00 - ERROR - FILE_CHECK - expect_column_value_lengths_to_be_between - NOM - Unexpected characters count of: [ford f150...] on line  579, value length should be between 10 and 255
2019-10-23 21:27:30,017 - VO - MX - VIVANUNCIOS - 2019-10-01 00:00:00 - ERROR - FILE_CHECK - expect_column_value_lengths_to_be_between - NOM - Unexpected characters count of: [Audi Q7...] on line  584, value length should be between 10 and 255
2019-10-23 21:27:30,017 - VO - MX - VIVANUNCIOS - 2019-10-01 00:00:00 - ERROR - FILE_CHECK - expect_column_value_lengths_to_be_between - NOM - Unexpected characters count of: [BMW X4...] on line  588, value length should be between 10 and 255
2019-10-23 21:27:30,017 - VO - MX - VIVANUNCIOS - 2019-10-01 00:00:00 - ERROR - FILE_CHECK - expect_column_value_lengths_to_be_between - NOM - Unexpected characters count of: [RAM 700...] on line  799, value length should be between 10 and 255
2019-10-23 21:27:30,017 - VO - MX - VIVANUNCIOS - 2019-10-01 00:00:00 - ERROR - FILE_CHECK - expect_column_value_lengths_to_be_between - NOM - Unexpected characters count of: [Rav4 2013...] on line  800, value length should be between 10 and 255
2019-10-23 21:27:30,017 - VO - MX - VIVANUNCIOS - 2019-10-01 00:00:00 - ERROR - FILE_CHECK - expect_column_value_lengths_to_be_between - NOM - Unexpected characters count of: [DODGE RAM...] on line  814, value length should be between 10 and 255
2019-10-23 21:27:30,017 - VO - MX - VIVANUNCIOS - 2019-10-01 00:00:00 - ERROR - FILE_CHECK - expect_column_value_lengths_to_be_between - NOM - Unexpected characters count of: [FORD LOBO...] on line  816, value length should be between 10 and 255
2019-10-23 21:27:30,017 - VO - MX - VIVANUNCIOS - 2019-10-01 00:00:00 - ERROR - FILE_CHECK - expect_column_value_lengths_to_be_between - NOM - Unexpected characters count of: [FORD LOBO...] on line  817, value length should be between 10 and 255
2019-10-23 21:27:30,017 - VO - MX - VIVANUNCIOS - 2019-10-01 00:00:00 - ERROR - STAT - expect_column_value_lengths_to_be_between - NOM - correctly filled rate (%) - 97.12
2019-10-23 21:27:30,017 - VO - MX - VIVANUNCIOS - 2019-10-01 00:00:00 - ERROR - FILE_VALIDATE - expect_column_value_lengths_to_be_between - NOM - False - 0
2019-10-23 21:27:30,017 - VO - MX - VIVANUNCIOS - 2019-10-01 00:00:00 - ERROR - STAT - expect_column_values_to_not_be_null - OPTIONS - correctly filled rate (%) - 0.0
2019-10-23 21:27:30,017 - VO - MX - VIVANUNCIOS - 2019-10-01 00:00:00 - ERROR - FILE_VALIDATE - expect_column_values_to_not_be_null - OPTIONS - False - 0
2019-10-23 21:27:30,017 - VO - MX - VIVANUNCIOS - 2019-10-01 00:00:00 - ERROR - FILE_CHECK - expect_column_values_to_be_in_type_list - PHOTO - Wrong type for value: 10.0 on line 1 should be in ['int']
2019-10-23 21:27:30,018 - VO - MX - VIVANUNCIOS - 2019-10-01 00:00:00 - ERROR - FILE_CHECK - expect_column_values_to_be_in_type_list - PHOTO - Wrong type for value: 9.0 on line 2 should be in ['int']
2019-10-23 21:27:30,018 - VO - MX - VIVANUNCIOS - 2019-10-01 00:00:00 - ERROR - FILE_CHECK - expect_column_values_to_be_in_type_list - PHOTO - Wrong type for value: 11.0 on line 3 should be in ['int']
2019-10-23 21:27:30,018 - VO - MX - VIVANUNCIOS - 2019-10-01 00:00:00 - ERROR - FILE_CHECK - expect_column_values_to_be_in_type_list - PHOTO - Wrong type for value: 7.0 on line 4 should be in ['int']
2019-10-23 21:27:30,018 - VO - MX - VIVANUNCIOS - 2019-10-01 00:00:00 - ERROR - FILE_CHECK - expect_column_values_to_be_in_type_list - PHOTO - Wrong type for value: 1.0 on line 5 should be in ['int']
2019-10-23 21:27:30,018 - VO - MX - VIVANUNCIOS - 2019-10-01 00:00:00 - ERROR - FILE_CHECK - expect_column_values_to_be_in_type_list - PHOTO - Wrong type for value: 8.0 on line 6 should be in ['int']
2019-10-23 21:27:30,018 - VO - MX - VIVANUNCIOS - 2019-10-01 00:00:00 - ERROR - FILE_CHECK - expect_column_values_to_be_in_type_list - PHOTO - Wrong type for value: 7.0 on line 7 should be in ['int']
2019-10-23 21:27:30,018 - VO - MX - VIVANUNCIOS - 2019-10-01 00:00:00 - ERROR - FILE_CHECK - expect_column_values_to_be_in_type_list - PHOTO - Wrong type for value: 4.0 on line 8 should be in ['int']
2019-10-23 21:27:30,018 - VO - MX - VIVANUNCIOS - 2019-10-01 00:00:00 - ERROR - FILE_CHECK - expect_column_values_to_be_in_type_list - PHOTO - Wrong type for value: 9.0 on line 9 should be in ['int']
2019-10-23 21:27:30,018 - VO - MX - VIVANUNCIOS - 2019-10-01 00:00:00 - ERROR - FILE_CHECK - expect_column_values_to_be_in_type_list - PHOTO - Wrong type for value: 4.0 on line 10 should be in ['int']
2019-10-23 21:27:30,018 - VO - MX - VIVANUNCIOS - 2019-10-01 00:00:00 - ERROR - FILE_CHECK - expect_column_values_to_be_in_type_list - PHOTO - Wrong type for value: 12.0 on line 11 should be in ['int']
2019-10-23 21:27:30,018 - VO - MX - VIVANUNCIOS - 2019-10-01 00:00:00 - ERROR - FILE_CHECK - expect_column_values_to_be_in_type_list - PHOTO - Wrong type for value: 4.0 on line 12 should be in ['int']
2019-10-23 21:27:30,018 - VO - MX - VIVANUNCIOS - 2019-10-01 00:00:00 - ERROR - FILE_CHECK - expect_column_values_to_be_in_type_list - PHOTO - Wrong type for value: 3.0 on line 13 should be in ['int']
2019-10-23 21:27:30,018 - VO - MX - VIVANUNCIOS - 2019-10-01 00:00:00 - ERROR - FILE_CHECK - expect_column_values_to_be_in_type_list - PHOTO - Wrong type for value: 12.0 on line 14 should be in ['int']
2019-10-23 21:27:30,018 - VO - MX - VIVANUNCIOS - 2019-10-01 00:00:00 - ERROR - FILE_CHECK - expect_column_values_to_be_in_type_list - PHOTO - Wrong type for value: 7.0 on line 15 should be in ['int']
2019-10-23 21:27:30,018 - VO - MX - VIVANUNCIOS - 2019-10-01 00:00:00 - ERROR - FILE_CHECK - expect_column_values_to_be_in_type_list - PHOTO - Wrong type for value: 4.0 on line 16 should be in ['int']
2019-10-23 21:27:30,018 - VO - MX - VIVANUNCIOS - 2019-10-01 00:00:00 - ERROR - FILE_CHECK - expect_column_values_to_be_in_type_list - PHOTO - Wrong type for value: 6.0 on line 17 should be in ['int']
2019-10-23 21:27:30,018 - VO - MX - VIVANUNCIOS - 2019-10-01 00:00:00 - ERROR - FILE_CHECK - expect_column_values_to_be_in_type_list - PHOTO - Wrong type for value: 1.0 on line 18 should be in ['int']
2019-10-23 21:27:30,018 - VO - MX - VIVANUNCIOS - 2019-10-01 00:00:00 - ERROR - FILE_CHECK - expect_column_values_to_be_in_type_list - PHOTO - Wrong type for value: 5.0 on line 19 should be in ['int']
2019-10-23 21:27:30,019 - VO - MX - VIVANUNCIOS - 2019-10-01 00:00:00 - ERROR - FILE_CHECK - expect_column_values_to_be_in_type_list - PHOTO - Wrong type for value: 6.0 on line 20 should be in ['int']
2019-10-23 21:27:30,019 - VO - MX - VIVANUNCIOS - 2019-10-01 00:00:00 - ERROR - STAT - expect_column_values_to_be_in_type_list - PHOTO - correctly filled rate (%) - 0.0
2019-10-23 21:27:30,019 - VO - MX - VIVANUNCIOS - 2019-10-01 00:00:00 - ERROR - FILE_VALIDATE - expect_column_values_to_be_in_type_list - PHOTO - False - 0
2019-10-23 21:27:30,019 - VO - MX - VIVANUNCIOS - 2019-10-01 00:00:00 - ERROR - STAT - expect_column_values_to_not_be_null - PHOTO - correctly filled rate (%) - 98.72
2019-10-23 21:27:30,019 - VO - MX - VIVANUNCIOS - 2019-10-01 00:00:00 - ERROR - FILE_VALIDATE - expect_column_values_to_not_be_null - PHOTO - True - 1
2019-10-23 21:27:30,019 - VO - MX - VIVANUNCIOS - 2019-10-01 00:00:00 - ERROR - STAT - expect_column_values_to_not_be_null - PLACE - correctly filled rate (%) - 0.0
2019-10-23 21:27:30,019 - VO - MX - VIVANUNCIOS - 2019-10-01 00:00:00 - ERROR - FILE_VALIDATE - expect_column_values_to_not_be_null - PLACE - False - 0
2019-10-23 21:27:30,019 - VO - MX - VIVANUNCIOS - 2019-10-01 00:00:00 - ERROR - STAT - expect_column_values_to_not_be_null - PORTE - correctly filled rate (%) - 0.0
2019-10-23 21:27:30,019 - VO - MX - VIVANUNCIOS - 2019-10-01 00:00:00 - ERROR - FILE_VALIDATE - expect_column_values_to_not_be_null - PORTE - False - 0
2019-10-23 21:27:30,019 - VO - MX - VIVANUNCIOS - 2019-10-01 00:00:00 - ERROR - FILE_CHECK - expect_column_values_to_be_in_type_list - PRIX - Wrong type for value: 3100000MXN on line 0 should be in ['int']
2019-10-23 21:27:30,019 - VO - MX - VIVANUNCIOS - 2019-10-01 00:00:00 - ERROR - FILE_CHECK - expect_column_values_to_be_in_type_list - PRIX - Wrong type for value: 239999MXN on line 1 should be in ['int']
2019-10-23 21:27:30,019 - VO - MX - VIVANUNCIOS - 2019-10-01 00:00:00 - ERROR - FILE_CHECK - expect_column_values_to_be_in_type_list - PRIX - Wrong type for value: 239999MXN on line 2 should be in ['int']
2019-10-23 21:27:30,019 - VO - MX - VIVANUNCIOS - 2019-10-01 00:00:00 - ERROR - FILE_CHECK - expect_column_values_to_be_in_type_list - PRIX - Wrong type for value: 130000MXN on line 3 should be in ['int']
2019-10-23 21:27:30,019 - VO - MX - VIVANUNCIOS - 2019-10-01 00:00:00 - ERROR - FILE_CHECK - expect_column_values_to_be_in_type_list - PRIX - Wrong type for value: 115000MXN on line 4 should be in ['int']
2019-10-23 21:27:30,019 - VO - MX - VIVANUNCIOS - 2019-10-01 00:00:00 - ERROR - FILE_CHECK - expect_column_values_to_be_in_type_list - PRIX - Wrong type for value: 185000MXN on line 7 should be in ['int']
2019-10-23 21:27:30,019 - VO - MX - VIVANUNCIOS - 2019-10-01 00:00:00 - ERROR - FILE_CHECK - expect_column_values_to_be_in_type_list - PRIX - Wrong type for value: 182000MXN on line 8 should be in ['int']
2019-10-23 21:27:30,019 - VO - MX - VIVANUNCIOS - 2019-10-01 00:00:00 - ERROR - FILE_CHECK - expect_column_values_to_be_in_type_list - PRIX - Wrong type for value: 220000MXN on line 9 should be in ['int']
2019-10-23 21:27:30,019 - VO - MX - VIVANUNCIOS - 2019-10-01 00:00:00 - ERROR - FILE_CHECK - expect_column_values_to_be_in_type_list - PRIX - Wrong type for value: 90000MXN on line 10 should be in ['int']
2019-10-23 21:27:30,020 - VO - MX - VIVANUNCIOS - 2019-10-01 00:00:00 - ERROR - FILE_CHECK - expect_column_values_to_be_in_type_list - PRIX - Wrong type for value: 55000MXN on line 11 should be in ['int']
2019-10-23 21:27:30,020 - VO - MX - VIVANUNCIOS - 2019-10-01 00:00:00 - ERROR - FILE_CHECK - expect_column_values_to_be_in_type_list - PRIX - Wrong type for value: 259000MXN on line 12 should be in ['int']
2019-10-23 21:27:30,020 - VO - MX - VIVANUNCIOS - 2019-10-01 00:00:00 - ERROR - FILE_CHECK - expect_column_values_to_be_in_type_list - PRIX - Wrong type for value: 135000MXN on line 13 should be in ['int']
2019-10-23 21:27:30,020 - VO - MX - VIVANUNCIOS - 2019-10-01 00:00:00 - ERROR - FILE_CHECK - expect_column_values_to_be_in_type_list - PRIX - Wrong type for value: 90000MXN on line 14 should be in ['int']
2019-10-23 21:27:30,020 - VO - MX - VIVANUNCIOS - 2019-10-01 00:00:00 - ERROR - FILE_CHECK - expect_column_values_to_be_in_type_list - PRIX - Wrong type for value: 220000MXN on line 15 should be in ['int']
2019-10-23 21:27:30,020 - VO - MX - VIVANUNCIOS - 2019-10-01 00:00:00 - ERROR - FILE_CHECK - expect_column_values_to_be_in_type_list - PRIX - Wrong type for value: 325000MXN on line 16 should be in ['int']
2019-10-23 21:27:30,020 - VO - MX - VIVANUNCIOS - 2019-10-01 00:00:00 - ERROR - FILE_CHECK - expect_column_values_to_be_in_type_list - PRIX - Wrong type for value: 120000MXN on line 17 should be in ['int']
2019-10-23 21:27:30,020 - VO - MX - VIVANUNCIOS - 2019-10-01 00:00:00 - ERROR - FILE_CHECK - expect_column_values_to_be_in_type_list - PRIX - Wrong type for value: 135000MXN on line 18 should be in ['int']
2019-10-23 21:27:30,020 - VO - MX - VIVANUNCIOS - 2019-10-01 00:00:00 - ERROR - FILE_CHECK - expect_column_values_to_be_in_type_list - PRIX - Wrong type for value: 102000MXN on line 19 should be in ['int']
2019-10-23 21:27:30,020 - VO - MX - VIVANUNCIOS - 2019-10-01 00:00:00 - ERROR - FILE_CHECK - expect_column_values_to_be_in_type_list - PRIX - Wrong type for value: 380000MXN on line 20 should be in ['int']
2019-10-23 21:27:30,020 - VO - MX - VIVANUNCIOS - 2019-10-01 00:00:00 - ERROR - FILE_CHECK - expect_column_values_to_be_in_type_list - PRIX - Wrong type for value: 59800MXN on line 21 should be in ['int']
2019-10-23 21:27:30,020 - VO - MX - VIVANUNCIOS - 2019-10-01 00:00:00 - ERROR - STAT - expect_column_values_to_be_in_type_list - PRIX - correctly filled rate (%) - 0.0
2019-10-23 21:27:30,020 - VO - MX - VIVANUNCIOS - 2019-10-01 00:00:00 - ERROR - FILE_VALIDATE - expect_column_values_to_be_in_type_list - PRIX - False - 0
2019-10-23 21:27:30,020 - VO - MX - VIVANUNCIOS - 2019-10-01 00:00:00 - ERROR - STAT - expect_column_values_to_not_be_null - PRIX - correctly filled rate (%) - 99.89
2019-10-23 21:27:30,020 - VO - MX - VIVANUNCIOS - 2019-10-01 00:00:00 - ERROR - FILE_VALIDATE - expect_column_values_to_not_be_null - PRIX - True - 1
2019-10-23 21:27:30,020 - VO - MX - VIVANUNCIOS - 2019-10-01 00:00:00 - ERROR - STAT - expect_column_values_to_not_be_null - PROVINCE - correctly filled rate (%) - 90.22
2019-10-23 21:27:30,020 - VO - MX - VIVANUNCIOS - 2019-10-01 00:00:00 - ERROR - FILE_VALIDATE - expect_column_values_to_not_be_null - PROVINCE - True - 1
2019-10-23 21:27:30,021 - VO - MX - VIVANUNCIOS - 2019-10-01 00:00:00 - ERROR - STAT - expect_column_values_to_not_be_null - SITE - correctly filled rate (%) - 100.0
2019-10-23 21:27:30,021 - VO - MX - VIVANUNCIOS - 2019-10-01 00:00:00 - ERROR - FILE_VALIDATE - expect_column_values_to_not_be_null - SITE - True - 1
2019-10-23 21:27:30,021 - VO - MX - VIVANUNCIOS - 2019-10-01 00:00:00 - ERROR - STAT - expect_column_values_to_not_be_null - TELEPHONE - correctly filled rate (%) - 94.55
2019-10-23 21:27:30,021 - VO - MX - VIVANUNCIOS - 2019-10-01 00:00:00 - ERROR - FILE_VALIDATE - expect_column_values_to_not_be_null - TELEPHONE - True - 1
2019-10-23 21:27:30,021 - VO - MX - VIVANUNCIOS - 2019-10-01 00:00:00 - ERROR - STAT - expect_column_values_to_be_phone_number - TELEPHONE - correctly filled rate (%) - 99.31
2019-10-23 21:27:30,021 - VO - MX - VIVANUNCIOS - 2019-10-01 00:00:00 - ERROR - FILE_VALIDATE - expect_column_values_to_be_phone_number - TELEPHONE - True - 1
2019-10-23 21:27:30,021 - VO - MX - VIVANUNCIOS - 2019-10-01 00:00:00 - ERROR - STAT - expect_column_values_to_not_be_null - TYPE - correctly filled rate (%) - 91.01
2019-10-23 21:27:30,021 - VO - MX - VIVANUNCIOS - 2019-10-01 00:00:00 - ERROR - FILE_VALIDATE - expect_column_values_to_not_be_null - TYPE - True - 1
2019-10-23 21:27:30,021 - VO - MX - VIVANUNCIOS - 2019-10-01 00:00:00 - ERROR - STAT - expect_column_values_to_be_in_set_2 - TYPE - observed proportion - 100.0
2019-10-23 21:27:30,021 - VO - MX - VIVANUNCIOS - 2019-10-01 00:00:00 - ERROR - STAT - expect_column_values_to_not_be_null - VILLE - correctly filled rate (%) - 98.72
2019-10-23 21:27:30,021 - VO - MX - VIVANUNCIOS - 2019-10-01 00:00:00 - ERROR - FILE_VALIDATE - expect_column_values_to_not_be_null - VILLE - True - 1
2019-10-23 21:27:30,021 - VO - MX - VIVANUNCIOS - 2019-10-01 00:00:00 - ERROR - STAT - expect_column_values_to_not_be_null - VN_IND - correctly filled rate (%) - 0.0
2019-10-23 21:27:30,021 - VO - MX - VIVANUNCIOS - 2019-10-01 00:00:00 - ERROR - FILE_VALIDATE - expect_column_values_to_not_be_null - VN_IND - False - 0
2019-10-23 21:27:30,021 - VO - MX - VIVANUNCIOS - 2019-10-01 00:00:00 - ERROR - STAT - expect_returning_row_count_on_conditions - DEALER_USEDCARS - total number of row with conditions - 0
2019-10-23 21:27:30,021 - VO - MX - VIVANUNCIOS - 2019-10-01 00:00:00 - ERROR - STAT - expect_returning_row_count_on_conditions - PRIVATE_USEDCARS - total number of row with conditions - 0
2019-10-23 21:27:30,021 - VO - MX - VIVANUNCIOS - 2019-10-01 00:00:00 - ERROR - STAT - expect_returning_row_unique_count - CARROSSERIE - total number of unique rows - 9
2019-10-23 21:27:30,021 - VO - MX - VIVANUNCIOS - 2019-10-01 00:00:00 - ERROR - STAT - expect_returning_row_unique_count - CARBURANT - total number of unique rows - 6
2019-10-23 21:27:30,021 - VO - MX - VIVANUNCIOS - 2019-10-01 00:00:00 - ERROR - STAT - expect_column_values_to_not_be_null - CYLINDRE - correctly filled rate (%) - 0.0
2019-10-23 21:27:30,022 - VO - MX - VIVANUNCIOS - 2019-10-01 00:00:00 - ERROR - FILE_VALIDATE - expect_column_values_to_not_be_null - CYLINDRE - False - 0
2019-10-23 21:27:30,022 - VO - MX - VIVANUNCIOS - 2019-10-01 00:00:00 - ERROR - STAT - expect_returning_row_unique_count - PROVINCE - total number of unique rows - 32
2019-10-23 21:27:30,022 - VO - MX - VIVANUNCIOS - 2019-10-01 00:00:00 - ERROR - STAT - expect_returning_row_unique_count - VILLE - total number of unique rows - 1987
2019-10-23 21:27:30,022 - VO - MX - VIVANUNCIOS - 2019-10-01 00:00:00 - ERROR - STAT - expect_returning_row_unique_count - DEPARTEMENT - total number of unique rows - 0
2019-10-23 21:27:30,022 - VO - MX - VIVANUNCIOS - 2019-10-01 00:00:00 - ERROR - STAT - expect_returning_row_unique_count - GARAGE_ID - total number of unique rows - 9621
