2019-10-07 08:55:35,648 - CAMION - DE - TRUCKSCOUT24 - 2019-09-01 00:00:00 - ERROR - STAT - expect_column_values_to_not_be_null - ADRESSE - correctly filled rate (%) - 99.69
2019-10-07 08:55:35,649 - CAMION - DE - TRUCKSCOUT24 - 2019-09-01 00:00:00 - ERROR - STAT - expect_column_values_to_be_in_type_list - ANNEE - correctly filled rate (%) - 100.0
2019-10-07 08:55:35,649 - CAMION - DE - TRUCKSCOUT24 - 2019-09-01 00:00:00 - ERROR - FILE_CHECK - expect_column_values_to_be_between - ANNEE - Unexpected value: 0 on line 0, value should be between 1980 and 2019
2019-10-07 08:55:35,649 - CAMION - DE - TRUCKSCOUT24 - 2019-09-01 00:00:00 - ERROR - FILE_CHECK - expect_column_values_to_be_between - ANNEE - Unexpected value: 0 on line 1, value should be between 1980 and 2019
2019-10-07 08:55:35,649 - CAMION - DE - TRUCKSCOUT24 - 2019-09-01 00:00:00 - ERROR - FILE_CHECK - expect_column_values_to_be_between - ANNEE - Unexpected value: 0 on line 3, value should be between 1980 and 2019
2019-10-07 08:55:35,649 - CAMION - DE - TRUCKSCOUT24 - 2019-09-01 00:00:00 - ERROR - FILE_CHECK - expect_column_values_to_be_between - ANNEE - Unexpected value: 0 on line 21, value should be between 1980 and 2019
2019-10-07 08:55:35,649 - CAMION - DE - TRUCKSCOUT24 - 2019-09-01 00:00:00 - ERROR - FILE_CHECK - expect_column_values_to_be_between - ANNEE - Unexpected value: 0 on line 22, value should be between 1980 and 2019
2019-10-07 08:55:35,649 - CAMION - DE - TRUCKSCOUT24 - 2019-09-01 00:00:00 - ERROR - FILE_CHECK - expect_column_values_to_be_between - ANNEE - Unexpected value: 0 on line 23, value should be between 1980 and 2019
2019-10-07 08:55:35,649 - CAMION - DE - TRUCKSCOUT24 - 2019-09-01 00:00:00 - ERROR - FILE_CHECK - expect_column_values_to_be_between - ANNEE - Unexpected value: 0 on line 24, value should be between 1980 and 2019
2019-10-07 08:55:35,649 - CAMION - DE - TRUCKSCOUT24 - 2019-09-01 00:00:00 - ERROR - FILE_CHECK - expect_column_values_to_be_between - ANNEE - Unexpected value: 0 on line 25, value should be between 1980 and 2019
2019-10-07 08:55:35,649 - CAMION - DE - TRUCKSCOUT24 - 2019-09-01 00:00:00 - ERROR - FILE_CHECK - expect_column_values_to_be_between - ANNEE - Unexpected value: 0 on line 26, value should be between 1980 and 2019
2019-10-07 08:55:35,649 - CAMION - DE - TRUCKSCOUT24 - 2019-09-01 00:00:00 - ERROR - FILE_CHECK - expect_column_values_to_be_between - ANNEE - Unexpected value: 0 on line 27, value should be between 1980 and 2019
2019-10-07 08:55:35,649 - CAMION - DE - TRUCKSCOUT24 - 2019-09-01 00:00:00 - ERROR - FILE_CHECK - expect_column_values_to_be_between - ANNEE - Unexpected value: 0 on line 29, value should be between 1980 and 2019
2019-10-07 08:55:35,649 - CAMION - DE - TRUCKSCOUT24 - 2019-09-01 00:00:00 - ERROR - FILE_CHECK - expect_column_values_to_be_between - ANNEE - Unexpected value: 0 on line 30, value should be between 1980 and 2019
2019-10-07 08:55:35,649 - CAMION - DE - TRUCKSCOUT24 - 2019-09-01 00:00:00 - ERROR - FILE_CHECK - expect_column_values_to_be_between - ANNEE - Unexpected value: 0 on line 31, value should be between 1980 and 2019
2019-10-07 08:55:35,649 - CAMION - DE - TRUCKSCOUT24 - 2019-09-01 00:00:00 - ERROR - FILE_CHECK - expect_column_values_to_be_between - ANNEE - Unexpected value: 0 on line 32, value should be between 1980 and 2019
2019-10-07 08:55:35,649 - CAMION - DE - TRUCKSCOUT24 - 2019-09-01 00:00:00 - ERROR - FILE_CHECK - expect_column_values_to_be_between - ANNEE - Unexpected value: 0 on line 33, value should be between 1980 and 2019
2019-10-07 08:55:35,650 - CAMION - DE - TRUCKSCOUT24 - 2019-09-01 00:00:00 - ERROR - FILE_CHECK - expect_column_values_to_be_between - ANNEE - Unexpected value: 0 on line 34, value should be between 1980 and 2019
2019-10-07 08:55:35,650 - CAMION - DE - TRUCKSCOUT24 - 2019-09-01 00:00:00 - ERROR - FILE_CHECK - expect_column_values_to_be_between - ANNEE - Unexpected value: 0 on line 39, value should be between 1980 and 2019
2019-10-07 08:55:35,650 - CAMION - DE - TRUCKSCOUT24 - 2019-09-01 00:00:00 - ERROR - FILE_CHECK - expect_column_values_to_be_between - ANNEE - Unexpected value: 1979 on line 56, value should be between 1980 and 2019
2019-10-07 08:55:35,650 - CAMION - DE - TRUCKSCOUT24 - 2019-09-01 00:00:00 - ERROR - FILE_CHECK - expect_column_values_to_be_between - ANNEE - Unexpected value: 0 on line 60, value should be between 1980 and 2019
2019-10-07 08:55:35,650 - CAMION - DE - TRUCKSCOUT24 - 2019-09-01 00:00:00 - ERROR - FILE_CHECK - expect_column_values_to_be_between - ANNEE - Unexpected value: 0 on line 97, value should be between 1980 and 2019
2019-10-07 08:55:35,650 - CAMION - DE - TRUCKSCOUT24 - 2019-09-01 00:00:00 - ERROR - STAT - expect_column_values_to_be_between - ANNEE - correctly filled rate (%) - 77.7
2019-10-07 08:55:35,650 - CAMION - DE - TRUCKSCOUT24 - 2019-09-01 00:00:00 - ERROR - STAT - expect_column_values_to_not_be_null - ANNEE - correctly filled rate (%) - 100.0
2019-10-07 08:55:35,650 - CAMION - DE - TRUCKSCOUT24 - 2019-09-01 00:00:00 - ERROR - FILE_CHECK - expect_column_values_to_match_regex - ANNEE - Unexpected value: 0 on line 0, value should match regexp ^[0-9]{4}$
2019-10-07 08:55:35,650 - CAMION - DE - TRUCKSCOUT24 - 2019-09-01 00:00:00 - ERROR - FILE_CHECK - expect_column_values_to_match_regex - ANNEE - Unexpected value: 0 on line 1, value should match regexp ^[0-9]{4}$
2019-10-07 08:55:35,650 - CAMION - DE - TRUCKSCOUT24 - 2019-09-01 00:00:00 - ERROR - FILE_CHECK - expect_column_values_to_match_regex - ANNEE - Unexpected value: 0 on line 3, value should match regexp ^[0-9]{4}$
2019-10-07 08:55:35,650 - CAMION - DE - TRUCKSCOUT24 - 2019-09-01 00:00:00 - ERROR - FILE_CHECK - expect_column_values_to_match_regex - ANNEE - Unexpected value: 0 on line 21, value should match regexp ^[0-9]{4}$
2019-10-07 08:55:35,650 - CAMION - DE - TRUCKSCOUT24 - 2019-09-01 00:00:00 - ERROR - FILE_CHECK - expect_column_values_to_match_regex - ANNEE - Unexpected value: 0 on line 22, value should match regexp ^[0-9]{4}$
2019-10-07 08:55:35,650 - CAMION - DE - TRUCKSCOUT24 - 2019-09-01 00:00:00 - ERROR - FILE_CHECK - expect_column_values_to_match_regex - ANNEE - Unexpected value: 0 on line 23, value should match regexp ^[0-9]{4}$
2019-10-07 08:55:35,650 - CAMION - DE - TRUCKSCOUT24 - 2019-09-01 00:00:00 - ERROR - FILE_CHECK - expect_column_values_to_match_regex - ANNEE - Unexpected value: 0 on line 24, value should match regexp ^[0-9]{4}$
2019-10-07 08:55:35,650 - CAMION - DE - TRUCKSCOUT24 - 2019-09-01 00:00:00 - ERROR - FILE_CHECK - expect_column_values_to_match_regex - ANNEE - Unexpected value: 0 on line 25, value should match regexp ^[0-9]{4}$
2019-10-07 08:55:35,650 - CAMION - DE - TRUCKSCOUT24 - 2019-09-01 00:00:00 - ERROR - FILE_CHECK - expect_column_values_to_match_regex - ANNEE - Unexpected value: 0 on line 26, value should match regexp ^[0-9]{4}$
2019-10-07 08:55:35,650 - CAMION - DE - TRUCKSCOUT24 - 2019-09-01 00:00:00 - ERROR - FILE_CHECK - expect_column_values_to_match_regex - ANNEE - Unexpected value: 0 on line 27, value should match regexp ^[0-9]{4}$
2019-10-07 08:55:35,650 - CAMION - DE - TRUCKSCOUT24 - 2019-09-01 00:00:00 - ERROR - FILE_CHECK - expect_column_values_to_match_regex - ANNEE - Unexpected value: 0 on line 29, value should match regexp ^[0-9]{4}$
2019-10-07 08:55:35,651 - CAMION - DE - TRUCKSCOUT24 - 2019-09-01 00:00:00 - ERROR - FILE_CHECK - expect_column_values_to_match_regex - ANNEE - Unexpected value: 0 on line 30, value should match regexp ^[0-9]{4}$
2019-10-07 08:55:35,651 - CAMION - DE - TRUCKSCOUT24 - 2019-09-01 00:00:00 - ERROR - FILE_CHECK - expect_column_values_to_match_regex - ANNEE - Unexpected value: 0 on line 31, value should match regexp ^[0-9]{4}$
2019-10-07 08:55:35,651 - CAMION - DE - TRUCKSCOUT24 - 2019-09-01 00:00:00 - ERROR - FILE_CHECK - expect_column_values_to_match_regex - ANNEE - Unexpected value: 0 on line 32, value should match regexp ^[0-9]{4}$
2019-10-07 08:55:35,651 - CAMION - DE - TRUCKSCOUT24 - 2019-09-01 00:00:00 - ERROR - FILE_CHECK - expect_column_values_to_match_regex - ANNEE - Unexpected value: 0 on line 33, value should match regexp ^[0-9]{4}$
2019-10-07 08:55:35,651 - CAMION - DE - TRUCKSCOUT24 - 2019-09-01 00:00:00 - ERROR - FILE_CHECK - expect_column_values_to_match_regex - ANNEE - Unexpected value: 0 on line 34, value should match regexp ^[0-9]{4}$
2019-10-07 08:55:35,651 - CAMION - DE - TRUCKSCOUT24 - 2019-09-01 00:00:00 - ERROR - FILE_CHECK - expect_column_values_to_match_regex - ANNEE - Unexpected value: 0 on line 39, value should match regexp ^[0-9]{4}$
2019-10-07 08:55:35,651 - CAMION - DE - TRUCKSCOUT24 - 2019-09-01 00:00:00 - ERROR - FILE_CHECK - expect_column_values_to_match_regex - ANNEE - Unexpected value: 0 on line 60, value should match regexp ^[0-9]{4}$
2019-10-07 08:55:35,651 - CAMION - DE - TRUCKSCOUT24 - 2019-09-01 00:00:00 - ERROR - FILE_CHECK - expect_column_values_to_match_regex - ANNEE - Unexpected value: 0 on line 97, value should match regexp ^[0-9]{4}$
2019-10-07 08:55:35,651 - CAMION - DE - TRUCKSCOUT24 - 2019-09-01 00:00:00 - ERROR - FILE_CHECK - expect_column_values_to_match_regex - ANNEE - Unexpected value: 0 on line 102, value should match regexp ^[0-9]{4}$
2019-10-07 08:55:35,651 - CAMION - DE - TRUCKSCOUT24 - 2019-09-01 00:00:00 - ERROR - STAT - expect_column_values_to_match_regex - ANNEE - correctly filled rate (%) - 78.15
2019-10-07 08:55:35,651 - CAMION - DE - TRUCKSCOUT24 - 2019-09-01 00:00:00 - ERROR - STAT - expect_column_values_to_not_be_null - ANNONCE_LINK - correctly filled rate (%) - 100.0
2019-10-07 08:55:35,651 - CAMION - DE - TRUCKSCOUT24 - 2019-09-01 00:00:00 - ERROR - STAT - expect_column_values_to_be_unique - ANNONCE_LINK - observed proportion - 100.0
2019-10-07 08:55:35,651 - CAMION - DE - TRUCKSCOUT24 - 2019-09-01 00:00:00 - ERROR - STAT - expect_column_values_to_not_be_null - CARBURANT - correctly filled rate (%) - 58.44
2019-10-07 08:55:35,651 - CAMION - DE - TRUCKSCOUT24 - 2019-09-01 00:00:00 - ERROR - STAT - expect_column_values_to_not_be_null - CARROSSERIE - correctly filled rate (%) - 0.0
2019-10-07 08:55:35,651 - CAMION - DE - TRUCKSCOUT24 - 2019-09-01 00:00:00 - ERROR - STAT - expect_column_values_to_not_be_null - CP - correctly filled rate (%) - 100.0
2019-10-07 08:55:35,651 - CAMION - DE - TRUCKSCOUT24 - 2019-09-01 00:00:00 - ERROR - STAT - expect_column_values_to_match_regex - CP - correctly filled rate (%) - 100.0
2019-10-07 08:55:35,651 - CAMION - DE - TRUCKSCOUT24 - 2019-09-01 00:00:00 - ERROR - STAT - expect_column_values_to_not_be_null - GARAGE_ID - correctly filled rate (%) - 99.92
2019-10-07 08:55:35,652 - CAMION - DE - TRUCKSCOUT24 - 2019-09-01 00:00:00 - ERROR - STAT - expect_column_values_to_not_be_null - ID_CLIENT - correctly filled rate (%) - 100.0
2019-10-07 08:55:35,652 - CAMION - DE - TRUCKSCOUT24 - 2019-09-01 00:00:00 - ERROR - STAT - expect_column_values_to_be_unique - ID_CLIENT - observed proportion - 100.0
2019-10-07 08:55:35,652 - CAMION - DE - TRUCKSCOUT24 - 2019-09-01 00:00:00 - ERROR - STAT - expect_returning_row_count - EVERY_COLUMNS - total number of rows - 39836
2019-10-07 08:55:35,652 - CAMION - DE - TRUCKSCOUT24 - 2019-09-01 00:00:00 - ERROR - STAT - expect_column_values_to_not_be_null - IMMAT - correctly filled rate (%) - 100.0
2019-10-07 08:55:35,652 - CAMION - DE - TRUCKSCOUT24 - 2019-09-01 00:00:00 - ERROR - STAT - expect_column_values_to_be_in_type_list - KM - correctly filled rate (%) - 100.0
2019-10-07 08:55:35,652 - CAMION - DE - TRUCKSCOUT24 - 2019-09-01 00:00:00 - ERROR - STAT - expect_column_values_to_not_be_null - KM - correctly filled rate (%) - 100.0
2019-10-07 08:55:35,652 - CAMION - DE - TRUCKSCOUT24 - 2019-09-01 00:00:00 - ERROR - STAT - expect_column_values_to_be_in_type_list - LITRE - correctly filled rate (%) - 100.0
2019-10-07 08:55:35,652 - CAMION - DE - TRUCKSCOUT24 - 2019-09-01 00:00:00 - ERROR - STAT - expect_column_values_to_not_be_null - LITRE - correctly filled rate (%) - 100.0
2019-10-07 08:55:35,652 - CAMION - DE - TRUCKSCOUT24 - 2019-09-01 00:00:00 - ERROR - STAT - expect_column_values_to_not_be_null - MARQUE - correctly filled rate (%) - 100.0
2019-10-07 08:55:35,652 - CAMION - DE - TRUCKSCOUT24 - 2019-09-01 00:00:00 - ERROR - STAT - expect_column_values_to_not_be_null - MODELE - correctly filled rate (%) - 99.72
2019-10-07 08:55:35,652 - CAMION - DE - TRUCKSCOUT24 - 2019-09-01 00:00:00 - ERROR - STAT - expect_column_values_to_not_be_null - NOM - correctly filled rate (%) - 100.0
2019-10-07 08:55:35,652 - CAMION - DE - TRUCKSCOUT24 - 2019-09-01 00:00:00 - ERROR - FILE_CHECK - expect_column_value_lengths_to_be_between - NOM - Unexpected characters count of: [Saris...] on line  154, value length should be between 10 and 255
2019-10-07 08:55:35,652 - CAMION - DE - TRUCKSCOUT24 - 2019-09-01 00:00:00 - ERROR - FILE_CHECK - expect_column_value_lengths_to_be_between - NOM - Unexpected characters count of: [Saris...] on line  156, value length should be between 10 and 255
2019-10-07 08:55:35,652 - CAMION - DE - TRUCKSCOUT24 - 2019-09-01 00:00:00 - ERROR - FILE_CHECK - expect_column_value_lengths_to_be_between - NOM - Unexpected characters count of: [Saris...] on line  1226, value length should be between 10 and 255
2019-10-07 08:55:35,652 - CAMION - DE - TRUCKSCOUT24 - 2019-09-01 00:00:00 - ERROR - FILE_CHECK - expect_column_value_lengths_to_be_between - NOM - Unexpected characters count of: [Iveco...] on line  1242, value length should be between 10 and 255
2019-10-07 08:55:35,652 - CAMION - DE - TRUCKSCOUT24 - 2019-09-01 00:00:00 - ERROR - FILE_CHECK - expect_column_value_lengths_to_be_between - NOM - Unexpected characters count of: [Saris...] on line  2687, value length should be between 10 and 255
2019-10-07 08:55:35,652 - CAMION - DE - TRUCKSCOUT24 - 2019-09-01 00:00:00 - ERROR - FILE_CHECK - expect_column_value_lengths_to_be_between - NOM - Unexpected characters count of: [DAF...] on line  3943, value length should be between 10 and 255
2019-10-07 08:55:35,653 - CAMION - DE - TRUCKSCOUT24 - 2019-09-01 00:00:00 - ERROR - FILE_CHECK - expect_column_value_lengths_to_be_between - NOM - Unexpected characters count of: [Chereau...] on line  3946, value length should be between 10 and 255
2019-10-07 08:55:35,653 - CAMION - DE - TRUCKSCOUT24 - 2019-09-01 00:00:00 - ERROR - FILE_CHECK - expect_column_value_lengths_to_be_between - NOM - Unexpected characters count of: [MAN...] on line  4520, value length should be between 10 and 255
2019-10-07 08:55:35,653 - CAMION - DE - TRUCKSCOUT24 - 2019-09-01 00:00:00 - ERROR - FILE_CHECK - expect_column_value_lengths_to_be_between - NOM - Unexpected characters count of: [MAN...] on line  9302, value length should be between 10 and 255
2019-10-07 08:55:35,653 - CAMION - DE - TRUCKSCOUT24 - 2019-09-01 00:00:00 - ERROR - FILE_CHECK - expect_column_value_lengths_to_be_between - NOM - Unexpected characters count of: [Volvo...] on line  9469, value length should be between 10 and 255
2019-10-07 08:55:35,653 - CAMION - DE - TRUCKSCOUT24 - 2019-09-01 00:00:00 - ERROR - FILE_CHECK - expect_column_value_lengths_to_be_between - NOM - Unexpected characters count of: [VW T5*2,0...] on line  11730, value length should be between 10 and 255
2019-10-07 08:55:35,653 - CAMION - DE - TRUCKSCOUT24 - 2019-09-01 00:00:00 - ERROR - FILE_CHECK - expect_column_value_lengths_to_be_between - NOM - Unexpected characters count of: [Brenderup...] on line  12082, value length should be between 10 and 255
2019-10-07 08:55:35,653 - CAMION - DE - TRUCKSCOUT24 - 2019-09-01 00:00:00 - ERROR - FILE_CHECK - expect_column_value_lengths_to_be_between - NOM - Unexpected characters count of: [Barthau...] on line  12189, value length should be between 10 and 255
2019-10-07 08:55:35,653 - CAMION - DE - TRUCKSCOUT24 - 2019-09-01 00:00:00 - ERROR - FILE_CHECK - expect_column_value_lengths_to_be_between - NOM - Unexpected characters count of: [Barthau...] on line  12257, value length should be between 10 and 255
2019-10-07 08:55:35,653 - CAMION - DE - TRUCKSCOUT24 - 2019-09-01 00:00:00 - ERROR - FILE_CHECK - expect_column_value_lengths_to_be_between - NOM - Unexpected characters count of: [DAF...] on line  12449, value length should be between 10 and 255
2019-10-07 08:55:35,653 - CAMION - DE - TRUCKSCOUT24 - 2019-09-01 00:00:00 - ERROR - FILE_CHECK - expect_column_value_lengths_to_be_between - NOM - Unexpected characters count of: [Brenderup...] on line  12635, value length should be between 10 and 255
2019-10-07 08:55:35,653 - CAMION - DE - TRUCKSCOUT24 - 2019-09-01 00:00:00 - ERROR - FILE_CHECK - expect_column_value_lengths_to_be_between - NOM - Unexpected characters count of: [Nissan...] on line  12974, value length should be between 10 and 255
2019-10-07 08:55:35,653 - CAMION - DE - TRUCKSCOUT24 - 2019-09-01 00:00:00 - ERROR - FILE_CHECK - expect_column_value_lengths_to_be_between - NOM - Unexpected characters count of: [MAN TGL...] on line  14042, value length should be between 10 and 255
2019-10-07 08:55:35,653 - CAMION - DE - TRUCKSCOUT24 - 2019-09-01 00:00:00 - ERROR - FILE_CHECK - expect_column_value_lengths_to_be_between - NOM - Unexpected characters count of: [Brenderup...] on line  14515, value length should be between 10 and 255
2019-10-07 08:55:35,653 - CAMION - DE - TRUCKSCOUT24 - 2019-09-01 00:00:00 - ERROR - FILE_CHECK - expect_column_value_lengths_to_be_between - NOM - Unexpected characters count of: [MAN TGL...] on line  14654, value length should be between 10 and 255
2019-10-07 08:55:35,653 - CAMION - DE - TRUCKSCOUT24 - 2019-09-01 00:00:00 - ERROR - STAT - expect_column_value_lengths_to_be_between - NOM - correctly filled rate (%) - 99.87
2019-10-07 08:55:35,653 - CAMION - DE - TRUCKSCOUT24 - 2019-09-01 00:00:00 - ERROR - STAT - expect_column_values_to_not_be_null - OPTIONS - correctly filled rate (%) - 0.0
2019-10-07 08:55:35,653 - CAMION - DE - TRUCKSCOUT24 - 2019-09-01 00:00:00 - ERROR - STAT - expect_column_values_to_be_in_type_list - PHOTO - correctly filled rate (%) - 100.0
2019-10-07 08:55:35,653 - CAMION - DE - TRUCKSCOUT24 - 2019-09-01 00:00:00 - ERROR - STAT - expect_column_values_to_not_be_null - PHOTO - correctly filled rate (%) - 100.0
2019-10-07 08:55:35,653 - CAMION - DE - TRUCKSCOUT24 - 2019-09-01 00:00:00 - ERROR - STAT - expect_column_values_to_not_be_null - PLACE - correctly filled rate (%) - 0.0
2019-10-07 08:55:35,654 - CAMION - DE - TRUCKSCOUT24 - 2019-09-01 00:00:00 - ERROR - STAT - expect_column_values_to_not_be_null - PORTE - correctly filled rate (%) - 0.0
2019-10-07 08:55:35,654 - CAMION - DE - TRUCKSCOUT24 - 2019-09-01 00:00:00 - ERROR - STAT - expect_column_values_to_be_in_type_list - PRIX - correctly filled rate (%) - 100.0
2019-10-07 08:55:35,654 - CAMION - DE - TRUCKSCOUT24 - 2019-09-01 00:00:00 - ERROR - STAT - expect_column_values_to_not_be_null - PRIX - correctly filled rate (%) - 100.0
2019-10-07 08:55:35,654 - CAMION - DE - TRUCKSCOUT24 - 2019-09-01 00:00:00 - ERROR - STAT - expect_column_values_to_not_be_null - PROVINCE - correctly filled rate (%) - 0.0
2019-10-07 08:55:35,654 - CAMION - DE - TRUCKSCOUT24 - 2019-09-01 00:00:00 - ERROR - STAT - expect_column_values_to_not_be_null - SITE - correctly filled rate (%) - 100.0
2019-10-07 08:55:35,654 - CAMION - DE - TRUCKSCOUT24 - 2019-09-01 00:00:00 - ERROR - STAT - expect_column_values_to_not_be_null - TELEPHONE - correctly filled rate (%) - 99.87
2019-10-07 08:55:35,654 - CAMION - DE - TRUCKSCOUT24 - 2019-09-01 00:00:00 - ERROR - STAT - expect_column_values_to_be_phone_number - TELEPHONE - correctly filled rate (%) - 100.0
2019-10-07 08:55:35,654 - CAMION - DE - TRUCKSCOUT24 - 2019-09-01 00:00:00 - ERROR - STAT - expect_column_values_to_not_be_null - TYPE - correctly filled rate (%) - 100.0
2019-10-07 08:55:35,654 - CAMION - DE - TRUCKSCOUT24 - 2019-09-01 00:00:00 - ERROR - STAT - expect_column_values_to_be_in_set_2 - TYPE - observed proportion - 100.0
2019-10-07 08:55:35,654 - CAMION - DE - TRUCKSCOUT24 - 2019-09-01 00:00:00 - ERROR - STAT - expect_column_values_to_not_be_null - VILLE - correctly filled rate (%) - 100.0
2019-10-07 08:55:35,654 - CAMION - DE - TRUCKSCOUT24 - 2019-09-01 00:00:00 - ERROR - STAT - expect_column_values_to_not_be_null - VN_IND - correctly filled rate (%) - 0.0
2019-10-07 08:55:35,654 - CAMION - DE - TRUCKSCOUT24 - 2019-09-01 00:00:00 - ERROR - STAT - expect_returning_row_unique_count - MARQUE_CORRECTED - total number of unique rows - 427
2019-10-07 08:55:35,654 - CAMION - DE - TRUCKSCOUT24 - 2019-09-01 00:00:00 - ERROR - STAT - expect_returning_row_unique_count - MODELE_CORRECTED - total number of unique rows - 12648
2019-10-07 08:55:35,654 - CAMION - DE - TRUCKSCOUT24 - 2019-09-01 00:00:00 - ERROR - STAT - expect_returning_row_unique_count - CARROSSERIE - total number of unique rows - 0
2019-10-07 08:55:35,654 - CAMION - DE - TRUCKSCOUT24 - 2019-09-01 00:00:00 - ERROR - STAT - expect_returning_row_unique_count - CARBURANT - total number of unique rows - 6
2019-10-07 08:55:35,654 - CAMION - DE - TRUCKSCOUT24 - 2019-09-01 00:00:00 - ERROR - STAT - expect_column_values_to_not_be_null - CYLINDRE - correctly filled rate (%) - 0.0
2019-10-07 08:55:35,654 - CAMION - DE - TRUCKSCOUT24 - 2019-09-01 00:00:00 - ERROR - STAT - expect_returning_row_unique_count - PROVINCE - total number of unique rows - 0
2019-10-07 08:55:35,655 - CAMION - DE - TRUCKSCOUT24 - 2019-09-01 00:00:00 - ERROR - STAT - expect_returning_row_unique_count - VILLE - total number of unique rows - 984
2019-10-07 08:55:35,655 - CAMION - DE - TRUCKSCOUT24 - 2019-09-01 00:00:00 - ERROR - STAT - expect_returning_row_unique_count - DEPARTEMENT - total number of unique rows - 0
2019-10-07 08:55:35,655 - CAMION - DE - TRUCKSCOUT24 - 2019-09-01 00:00:00 - ERROR - STAT - expect_returning_row_count_on_conditions - DEALER_USEDCARS - total number of row with conditions - 39686
2019-10-07 08:55:35,655 - CAMION - DE - TRUCKSCOUT24 - 2019-09-01 00:00:00 - ERROR - STAT - expect_returning_row_count_on_conditions - PRIVATE_USEDCARS - total number of row with conditions - 150
2019-10-07 08:55:35,655 - CAMION - DE - TRUCKSCOUT24 - 2019-09-01 00:00:00 - ERROR - STAT - expect_returning_row_count_on_conditions - TRUCKS - total number of row with conditions - 7549
2019-10-07 08:55:35,655 - CAMION - DE - TRUCKSCOUT24 - 2019-09-01 00:00:00 - ERROR - STAT - expect_returning_row_count_on_conditions - TRACTOR UNITS - total number of row with conditions - 3395
2019-10-07 08:55:35,655 - CAMION - DE - TRUCKSCOUT24 - 2019-09-01 00:00:00 - ERROR - STAT - expect_returning_row_count_on_conditions - TRAILERS - total number of row with conditions - 11313
2019-10-07 08:55:35,655 - CAMION - DE - TRUCKSCOUT24 - 2019-09-01 00:00:00 - ERROR - STAT - expect_returning_row_count_on_conditions - VANS - total number of row with conditions - 10565
2019-10-07 08:55:35,655 - CAMION - DE - TRUCKSCOUT24 - 2019-09-01 00:00:00 - ERROR - STAT - expect_returning_row_count_on_conditions - HEAVY EQUIPMENTS - total number of row with conditions - 3624
2019-10-07 08:55:35,655 - CAMION - DE - TRUCKSCOUT24 - 2019-09-01 00:00:00 - ERROR - STAT - expect_returning_row_count_on_conditions - SEMI TRAILERS - total number of row with conditions - 3390
2019-10-07 08:55:35,655 - CAMION - DE - TRUCKSCOUT24 - 2019-09-01 00:00:00 - ERROR - STAT - expect_returning_row_count_on_conditions - DEALER_TRUCKS - total number of row with conditions - 7516
2019-10-07 08:55:35,655 - CAMION - DE - TRUCKSCOUT24 - 2019-09-01 00:00:00 - ERROR - STAT - expect_returning_row_count_on_conditions - PRIVATE_TRUCKS - total number of row with conditions - 33
2019-10-07 08:55:35,655 - CAMION - DE - TRUCKSCOUT24 - 2019-09-01 00:00:00 - ERROR - STAT - expect_returning_row_count_on_conditions - DEALER_TRACTOR UNITS - total number of row with conditions - 3384
2019-10-07 08:55:35,655 - CAMION - DE - TRUCKSCOUT24 - 2019-09-01 00:00:00 - ERROR - STAT - expect_returning_row_count_on_conditions - PRIVATE_TRACTOR UNITS - total number of row with conditions - 11
2019-10-07 08:55:35,655 - CAMION - DE - TRUCKSCOUT24 - 2019-09-01 00:00:00 - ERROR - STAT - expect_returning_row_count_on_conditions - DEALER_TRAILERS - total number of row with conditions - 11271
2019-10-07 08:55:35,655 - CAMION - DE - TRUCKSCOUT24 - 2019-09-01 00:00:00 - ERROR - STAT - expect_returning_row_count_on_conditions - PRIVATE_TRAILERS - total number of row with conditions - 42
2019-10-07 08:55:35,655 - CAMION - DE - TRUCKSCOUT24 - 2019-09-01 00:00:00 - ERROR - STAT - expect_returning_row_count_on_conditions - DEALER_VANS - total number of row with conditions - 10530
2019-10-07 08:55:35,655 - CAMION - DE - TRUCKSCOUT24 - 2019-09-01 00:00:00 - ERROR - STAT - expect_returning_row_count_on_conditions - PRIVATE_VANS - total number of row with conditions - 35
2019-10-07 08:55:35,656 - CAMION - DE - TRUCKSCOUT24 - 2019-09-01 00:00:00 - ERROR - STAT - expect_returning_row_count_on_conditions - DEALER_HEAVY EQUIPMENTS - total number of row with conditions - 3616
2019-10-07 08:55:35,656 - CAMION - DE - TRUCKSCOUT24 - 2019-09-01 00:00:00 - ERROR - STAT - expect_returning_row_count_on_conditions - PRIVATE_HEAVY EQUIPMENTS - total number of row with conditions - 8
2019-10-07 08:55:35,656 - CAMION - DE - TRUCKSCOUT24 - 2019-09-01 00:00:00 - ERROR - STAT - expect_returning_row_count_on_conditions - DEALER_SEMI TRAILERS - total number of row with conditions - 3369
2019-10-07 08:55:35,656 - CAMION - DE - TRUCKSCOUT24 - 2019-09-01 00:00:00 - ERROR - STAT - expect_returning_row_count_on_conditions - PRIVATE_SEMI TRAILERS - total number of row with conditions - 21
