2019-06-03 11:44:31,273 - VO - BE - MOBILE - 2019-05-01 00:00:00 - ERROR - STAT - expect_column_values_to_not_be_null - ADRESSE - correctly filled rate (%) - 94.28
2019-06-03 11:44:31,273 - VO - BE - MOBILE - 2019-05-01 00:00:00 - ERROR - STAT - expect_column_values_to_be_in_type_list - ANNEE - correctly filled rate (%) - 100.0
2019-06-03 11:44:31,274 - VO - BE - MOBILE - 2019-05-01 00:00:00 - ERROR - FILE_CHECK - expect_column_values_to_be_between - ANNEE - Unexpected value: 0 on line 3, value should be between 1980 and 2019
2019-06-03 11:44:31,274 - VO - BE - MOBILE - 2019-05-01 00:00:00 - ERROR - FILE_CHECK - expect_column_values_to_be_between - ANNEE - Unexpected value: 0 on line 9, value should be between 1980 and 2019
2019-06-03 11:44:31,274 - VO - BE - MOBILE - 2019-05-01 00:00:00 - ERROR - FILE_CHECK - expect_column_values_to_be_between - ANNEE - Unexpected value: 1959 on line 13, value should be between 1980 and 2019
2019-06-03 11:44:31,274 - VO - BE - MOBILE - 2019-05-01 00:00:00 - ERROR - FILE_CHECK - expect_column_values_to_be_between - ANNEE - Unexpected value: 1973 on line 14, value should be between 1980 and 2019
2019-06-03 11:44:31,274 - VO - BE - MOBILE - 2019-05-01 00:00:00 - ERROR - FILE_CHECK - expect_column_values_to_be_between - ANNEE - Unexpected value: 1971 on line 16, value should be between 1980 and 2019
2019-06-03 11:44:31,274 - VO - BE - MOBILE - 2019-05-01 00:00:00 - ERROR - FILE_CHECK - expect_column_values_to_be_between - ANNEE - Unexpected value: 0 on line 18, value should be between 1980 and 2019
2019-06-03 11:44:31,274 - VO - BE - MOBILE - 2019-05-01 00:00:00 - ERROR - FILE_CHECK - expect_column_values_to_be_between - ANNEE - Unexpected value: 1969 on line 19, value should be between 1980 and 2019
2019-06-03 11:44:31,274 - VO - BE - MOBILE - 2019-05-01 00:00:00 - ERROR - FILE_CHECK - expect_column_values_to_be_between - ANNEE - Unexpected value: 1978 on line 40, value should be between 1980 and 2019
2019-06-03 11:44:31,274 - VO - BE - MOBILE - 2019-05-01 00:00:00 - ERROR - FILE_CHECK - expect_column_values_to_be_between - ANNEE - Unexpected value: 1970 on line 55, value should be between 1980 and 2019
2019-06-03 11:44:31,274 - VO - BE - MOBILE - 2019-05-01 00:00:00 - ERROR - FILE_CHECK - expect_column_values_to_be_between - ANNEE - Unexpected value: 1975 on line 63, value should be between 1980 and 2019
2019-06-03 11:44:31,274 - VO - BE - MOBILE - 2019-05-01 00:00:00 - ERROR - FILE_CHECK - expect_column_values_to_be_between - ANNEE - Unexpected value: 1959 on line 74, value should be between 1980 and 2019
2019-06-03 11:44:31,274 - VO - BE - MOBILE - 2019-05-01 00:00:00 - ERROR - FILE_CHECK - expect_column_values_to_be_between - ANNEE - Unexpected value: 1973 on line 87, value should be between 1980 and 2019
2019-06-03 11:44:31,274 - VO - BE - MOBILE - 2019-05-01 00:00:00 - ERROR - FILE_CHECK - expect_column_values_to_be_between - ANNEE - Unexpected value: 0 on line 94, value should be between 1980 and 2019
2019-06-03 11:44:31,274 - VO - BE - MOBILE - 2019-05-01 00:00:00 - ERROR - FILE_CHECK - expect_column_values_to_be_between - ANNEE - Unexpected value: 1929 on line 101, value should be between 1980 and 2019
2019-06-03 11:44:31,274 - VO - BE - MOBILE - 2019-05-01 00:00:00 - ERROR - FILE_CHECK - expect_column_values_to_be_between - ANNEE - Unexpected value: 1967 on line 104, value should be between 1980 and 2019
2019-06-03 11:44:31,274 - VO - BE - MOBILE - 2019-05-01 00:00:00 - ERROR - FILE_CHECK - expect_column_values_to_be_between - ANNEE - Unexpected value: 1970 on line 120, value should be between 1980 and 2019
2019-06-03 11:44:31,274 - VO - BE - MOBILE - 2019-05-01 00:00:00 - ERROR - FILE_CHECK - expect_column_values_to_be_between - ANNEE - Unexpected value: 1955 on line 125, value should be between 1980 and 2019
2019-06-03 11:44:31,274 - VO - BE - MOBILE - 2019-05-01 00:00:00 - ERROR - FILE_CHECK - expect_column_values_to_be_between - ANNEE - Unexpected value: 1955 on line 135, value should be between 1980 and 2019
2019-06-03 11:44:31,275 - VO - BE - MOBILE - 2019-05-01 00:00:00 - ERROR - FILE_CHECK - expect_column_values_to_be_between - ANNEE - Unexpected value: 0 on line 136, value should be between 1980 and 2019
2019-06-03 11:44:31,275 - VO - BE - MOBILE - 2019-05-01 00:00:00 - ERROR - FILE_CHECK - expect_column_values_to_be_between - ANNEE - Unexpected value: 1954 on line 137, value should be between 1980 and 2019
2019-06-03 11:44:31,275 - VO - BE - MOBILE - 2019-05-01 00:00:00 - ERROR - STAT - expect_column_values_to_be_between - ANNEE - correctly filled rate (%) - 87.89
2019-06-03 11:44:31,275 - VO - BE - MOBILE - 2019-05-01 00:00:00 - ERROR - STAT - expect_column_values_to_not_be_null - ANNEE - correctly filled rate (%) - 100.0
2019-06-03 11:44:31,275 - VO - BE - MOBILE - 2019-05-01 00:00:00 - ERROR - FILE_CHECK - expect_column_values_to_match_regex - ANNEE - Unexpected value: 0 on line 3, value should match regexp ^[0-9]{4}$
2019-06-03 11:44:31,275 - VO - BE - MOBILE - 2019-05-01 00:00:00 - ERROR - FILE_CHECK - expect_column_values_to_match_regex - ANNEE - Unexpected value: 0 on line 9, value should match regexp ^[0-9]{4}$
2019-06-03 11:44:31,275 - VO - BE - MOBILE - 2019-05-01 00:00:00 - ERROR - FILE_CHECK - expect_column_values_to_match_regex - ANNEE - Unexpected value: 0 on line 18, value should match regexp ^[0-9]{4}$
2019-06-03 11:44:31,275 - VO - BE - MOBILE - 2019-05-01 00:00:00 - ERROR - FILE_CHECK - expect_column_values_to_match_regex - ANNEE - Unexpected value: 0 on line 94, value should match regexp ^[0-9]{4}$
2019-06-03 11:44:31,275 - VO - BE - MOBILE - 2019-05-01 00:00:00 - ERROR - FILE_CHECK - expect_column_values_to_match_regex - ANNEE - Unexpected value: 0 on line 136, value should match regexp ^[0-9]{4}$
2019-06-03 11:44:31,275 - VO - BE - MOBILE - 2019-05-01 00:00:00 - ERROR - FILE_CHECK - expect_column_values_to_match_regex - ANNEE - Unexpected value: 0 on line 150, value should match regexp ^[0-9]{4}$
2019-06-03 11:44:31,275 - VO - BE - MOBILE - 2019-05-01 00:00:00 - ERROR - FILE_CHECK - expect_column_values_to_match_regex - ANNEE - Unexpected value: 0 on line 227, value should match regexp ^[0-9]{4}$
2019-06-03 11:44:31,275 - VO - BE - MOBILE - 2019-05-01 00:00:00 - ERROR - FILE_CHECK - expect_column_values_to_match_regex - ANNEE - Unexpected value: 0 on line 242, value should match regexp ^[0-9]{4}$
2019-06-03 11:44:31,275 - VO - BE - MOBILE - 2019-05-01 00:00:00 - ERROR - FILE_CHECK - expect_column_values_to_match_regex - ANNEE - Unexpected value: 0 on line 290, value should match regexp ^[0-9]{4}$
2019-06-03 11:44:31,275 - VO - BE - MOBILE - 2019-05-01 00:00:00 - ERROR - FILE_CHECK - expect_column_values_to_match_regex - ANNEE - Unexpected value: 0 on line 294, value should match regexp ^[0-9]{4}$
2019-06-03 11:44:31,275 - VO - BE - MOBILE - 2019-05-01 00:00:00 - ERROR - FILE_CHECK - expect_column_values_to_match_regex - ANNEE - Unexpected value: 0 on line 299, value should match regexp ^[0-9]{4}$
2019-06-03 11:44:31,275 - VO - BE - MOBILE - 2019-05-01 00:00:00 - ERROR - FILE_CHECK - expect_column_values_to_match_regex - ANNEE - Unexpected value: 0 on line 301, value should match regexp ^[0-9]{4}$
2019-06-03 11:44:31,275 - VO - BE - MOBILE - 2019-05-01 00:00:00 - ERROR - FILE_CHECK - expect_column_values_to_match_regex - ANNEE - Unexpected value: 0 on line 307, value should match regexp ^[0-9]{4}$
2019-06-03 11:44:31,275 - VO - BE - MOBILE - 2019-05-01 00:00:00 - ERROR - FILE_CHECK - expect_column_values_to_match_regex - ANNEE - Unexpected value: 0 on line 314, value should match regexp ^[0-9]{4}$
2019-06-03 11:44:31,276 - VO - BE - MOBILE - 2019-05-01 00:00:00 - ERROR - FILE_CHECK - expect_column_values_to_match_regex - ANNEE - Unexpected value: 0 on line 317, value should match regexp ^[0-9]{4}$
2019-06-03 11:44:31,276 - VO - BE - MOBILE - 2019-05-01 00:00:00 - ERROR - FILE_CHECK - expect_column_values_to_match_regex - ANNEE - Unexpected value: 0 on line 324, value should match regexp ^[0-9]{4}$
2019-06-03 11:44:31,276 - VO - BE - MOBILE - 2019-05-01 00:00:00 - ERROR - FILE_CHECK - expect_column_values_to_match_regex - ANNEE - Unexpected value: 0 on line 328, value should match regexp ^[0-9]{4}$
2019-06-03 11:44:31,276 - VO - BE - MOBILE - 2019-05-01 00:00:00 - ERROR - FILE_CHECK - expect_column_values_to_match_regex - ANNEE - Unexpected value: 0 on line 404, value should match regexp ^[0-9]{4}$
2019-06-03 11:44:31,276 - VO - BE - MOBILE - 2019-05-01 00:00:00 - ERROR - FILE_CHECK - expect_column_values_to_match_regex - ANNEE - Unexpected value: 0 on line 452, value should match regexp ^[0-9]{4}$
2019-06-03 11:44:31,276 - VO - BE - MOBILE - 2019-05-01 00:00:00 - ERROR - FILE_CHECK - expect_column_values_to_match_regex - ANNEE - Unexpected value: 0 on line 501, value should match regexp ^[0-9]{4}$
2019-06-03 11:44:31,276 - VO - BE - MOBILE - 2019-05-01 00:00:00 - ERROR - STAT - expect_column_values_to_match_regex - ANNEE - correctly filled rate (%) - 95.95
2019-06-03 11:44:31,276 - VO - BE - MOBILE - 2019-05-01 00:00:00 - ERROR - STAT - expect_column_values_to_not_be_null - ANNONCE_LINK - correctly filled rate (%) - 100.0
2019-06-03 11:44:31,276 - VO - BE - MOBILE - 2019-05-01 00:00:00 - ERROR - STAT - expect_column_values_to_be_unique - ANNONCE_LINK - observed proportion - 100.0
2019-06-03 11:44:31,276 - VO - BE - MOBILE - 2019-05-01 00:00:00 - ERROR - STAT - expect_column_values_to_not_be_null - CARBURANT - correctly filled rate (%) - 97.63
2019-06-03 11:44:31,276 - VO - BE - MOBILE - 2019-05-01 00:00:00 - ERROR - STAT - expect_column_values_to_not_be_null - CARROSSERIE - correctly filled rate (%) - 99.99
2019-06-03 11:44:31,276 - VO - BE - MOBILE - 2019-05-01 00:00:00 - ERROR - STAT - expect_column_values_to_not_be_null - CP - correctly filled rate (%) - 100.0
2019-06-03 11:44:31,276 - VO - BE - MOBILE - 2019-05-01 00:00:00 - ERROR - STAT - expect_column_values_to_match_regex - CP - correctly filled rate (%) - 100.0
2019-06-03 11:44:31,276 - VO - BE - MOBILE - 2019-05-01 00:00:00 - ERROR - STAT - expect_column_values_to_not_be_null - GARAGE_ID - correctly filled rate (%) - 94.24
2019-06-03 11:44:31,276 - VO - BE - MOBILE - 2019-05-01 00:00:00 - ERROR - STAT - expect_column_values_to_not_be_null - ID_CLIENT - correctly filled rate (%) - 100.0
2019-06-03 11:44:31,276 - VO - BE - MOBILE - 2019-05-01 00:00:00 - ERROR - STAT - expect_column_values_to_be_unique - ID_CLIENT - observed proportion - 100.0
2019-06-03 11:44:31,276 - VO - BE - MOBILE - 2019-05-01 00:00:00 - ERROR - STAT - expect_returning_row_count - EVERY_COLUMNS - total number of rows - 7118
2019-06-03 11:44:31,276 - VO - BE - MOBILE - 2019-05-01 00:00:00 - ERROR - STAT - expect_column_values_to_not_be_null - IMMAT - correctly filled rate (%) - 100.0
2019-06-03 11:44:31,277 - VO - BE - MOBILE - 2019-05-01 00:00:00 - ERROR - STAT - expect_column_values_to_be_in_type_list - KM - correctly filled rate (%) - 100.0
2019-06-03 11:44:31,277 - VO - BE - MOBILE - 2019-05-01 00:00:00 - ERROR - STAT - expect_column_values_to_not_be_null - KM - correctly filled rate (%) - 100.0
2019-06-03 11:44:31,277 - VO - BE - MOBILE - 2019-05-01 00:00:00 - ERROR - FILE_CHECK - expect_column_values_to_be_in_type_list - LITRE - Wrong type for value: 0.0 on line 0 should be in ['int', 'float']
2019-06-03 11:44:31,277 - VO - BE - MOBILE - 2019-05-01 00:00:00 - ERROR - FILE_CHECK - expect_column_values_to_be_in_type_list - LITRE - Wrong type for value: 0.0 on line 1 should be in ['int', 'float']
2019-06-03 11:44:31,277 - VO - BE - MOBILE - 2019-05-01 00:00:00 - ERROR - FILE_CHECK - expect_column_values_to_be_in_type_list - LITRE - Wrong type for value: 0.0 on line 2 should be in ['int', 'float']
2019-06-03 11:44:31,277 - VO - BE - MOBILE - 2019-05-01 00:00:00 - ERROR - FILE_CHECK - expect_column_values_to_be_in_type_list - LITRE - Wrong type for value: 0.0 on line 3 should be in ['int', 'float']
2019-06-03 11:44:31,277 - VO - BE - MOBILE - 2019-05-01 00:00:00 - ERROR - FILE_CHECK - expect_column_values_to_be_in_type_list - LITRE - Wrong type for value: 0.0 on line 4 should be in ['int', 'float']
2019-06-03 11:44:31,277 - VO - BE - MOBILE - 2019-05-01 00:00:00 - ERROR - FILE_CHECK - expect_column_values_to_be_in_type_list - LITRE - Wrong type for value: 0.0 on line 5 should be in ['int', 'float']
2019-06-03 11:44:31,277 - VO - BE - MOBILE - 2019-05-01 00:00:00 - ERROR - FILE_CHECK - expect_column_values_to_be_in_type_list - LITRE - Wrong type for value: 0.0 on line 6 should be in ['int', 'float']
2019-06-03 11:44:31,277 - VO - BE - MOBILE - 2019-05-01 00:00:00 - ERROR - FILE_CHECK - expect_column_values_to_be_in_type_list - LITRE - Wrong type for value: 0.0 on line 7 should be in ['int', 'float']
2019-06-03 11:44:31,277 - VO - BE - MOBILE - 2019-05-01 00:00:00 - ERROR - FILE_CHECK - expect_column_values_to_be_in_type_list - LITRE - Wrong type for value: 0.0 on line 8 should be in ['int', 'float']
2019-06-03 11:44:31,277 - VO - BE - MOBILE - 2019-05-01 00:00:00 - ERROR - FILE_CHECK - expect_column_values_to_be_in_type_list - LITRE - Wrong type for value: 0.0 on line 9 should be in ['int', 'float']
2019-06-03 11:44:31,277 - VO - BE - MOBILE - 2019-05-01 00:00:00 - ERROR - FILE_CHECK - expect_column_values_to_be_in_type_list - LITRE - Wrong type for value: 0.0 on line 10 should be in ['int', 'float']
2019-06-03 11:44:31,277 - VO - BE - MOBILE - 2019-05-01 00:00:00 - ERROR - FILE_CHECK - expect_column_values_to_be_in_type_list - LITRE - Wrong type for value: 0.0 on line 11 should be in ['int', 'float']
2019-06-03 11:44:31,277 - VO - BE - MOBILE - 2019-05-01 00:00:00 - ERROR - FILE_CHECK - expect_column_values_to_be_in_type_list - LITRE - Wrong type for value: 0.0 on line 12 should be in ['int', 'float']
2019-06-03 11:44:31,277 - VO - BE - MOBILE - 2019-05-01 00:00:00 - ERROR - FILE_CHECK - expect_column_values_to_be_in_type_list - LITRE - Wrong type for value: 0.0 on line 13 should be in ['int', 'float']
2019-06-03 11:44:31,277 - VO - BE - MOBILE - 2019-05-01 00:00:00 - ERROR - FILE_CHECK - expect_column_values_to_be_in_type_list - LITRE - Wrong type for value: 0.0 on line 14 should be in ['int', 'float']
2019-06-03 11:44:31,277 - VO - BE - MOBILE - 2019-05-01 00:00:00 - ERROR - FILE_CHECK - expect_column_values_to_be_in_type_list - LITRE - Wrong type for value: 0.0 on line 15 should be in ['int', 'float']
2019-06-03 11:44:31,277 - VO - BE - MOBILE - 2019-05-01 00:00:00 - ERROR - FILE_CHECK - expect_column_values_to_be_in_type_list - LITRE - Wrong type for value: 0.0 on line 16 should be in ['int', 'float']
2019-06-03 11:44:31,278 - VO - BE - MOBILE - 2019-05-01 00:00:00 - ERROR - FILE_CHECK - expect_column_values_to_be_in_type_list - LITRE - Wrong type for value: 0.0 on line 17 should be in ['int', 'float']
2019-06-03 11:44:31,278 - VO - BE - MOBILE - 2019-05-01 00:00:00 - ERROR - FILE_CHECK - expect_column_values_to_be_in_type_list - LITRE - Wrong type for value: 0.0 on line 18 should be in ['int', 'float']
2019-06-03 11:44:31,278 - VO - BE - MOBILE - 2019-05-01 00:00:00 - ERROR - FILE_CHECK - expect_column_values_to_be_in_type_list - LITRE - Wrong type for value: 0.0 on line 19 should be in ['int', 'float']
2019-06-03 11:44:31,278 - VO - BE - MOBILE - 2019-05-01 00:00:00 - ERROR - STAT - expect_column_values_to_be_in_type_list - LITRE - correctly filled rate (%) - 0.0
2019-06-03 11:44:31,278 - VO - BE - MOBILE - 2019-05-01 00:00:00 - ERROR - STAT - expect_column_values_to_not_be_null - LITRE - correctly filled rate (%) - 100.0
2019-06-03 11:44:31,278 - VO - BE - MOBILE - 2019-05-01 00:00:00 - ERROR - STAT - expect_column_values_to_not_be_null - MARQUE - correctly filled rate (%) - 100.0
2019-06-03 11:44:31,278 - VO - BE - MOBILE - 2019-05-01 00:00:00 - ERROR - STAT - expect_column_values_to_not_be_null - MODELE - correctly filled rate (%) - 100.0
2019-06-03 11:44:31,278 - VO - BE - MOBILE - 2019-05-01 00:00:00 - ERROR - STAT - expect_column_values_to_not_be_null - MOIS - correctly filled rate (%) - 100.0
2019-06-03 11:44:31,278 - VO - BE - MOBILE - 2019-05-01 00:00:00 - ERROR - FILE_CHECK - expect_column_values_to_be_between - MOIS - Unexpected value: 0.0 on line 3, value should be between 1 and 12
2019-06-03 11:44:31,278 - VO - BE - MOBILE - 2019-05-01 00:00:00 - ERROR - FILE_CHECK - expect_column_values_to_be_between - MOIS - Unexpected value: 0.0 on line 9, value should be between 1 and 12
2019-06-03 11:44:31,278 - VO - BE - MOBILE - 2019-05-01 00:00:00 - ERROR - FILE_CHECK - expect_column_values_to_be_between - MOIS - Unexpected value: 0.0 on line 18, value should be between 1 and 12
2019-06-03 11:44:31,278 - VO - BE - MOBILE - 2019-05-01 00:00:00 - ERROR - FILE_CHECK - expect_column_values_to_be_between - MOIS - Unexpected value: 0.0 on line 59, value should be between 1 and 12
2019-06-03 11:44:31,278 - VO - BE - MOBILE - 2019-05-01 00:00:00 - ERROR - FILE_CHECK - expect_column_values_to_be_between - MOIS - Unexpected value: 0.0 on line 60, value should be between 1 and 12
2019-06-03 11:44:31,278 - VO - BE - MOBILE - 2019-05-01 00:00:00 - ERROR - FILE_CHECK - expect_column_values_to_be_between - MOIS - Unexpected value: 0.0 on line 94, value should be between 1 and 12
2019-06-03 11:44:31,278 - VO - BE - MOBILE - 2019-05-01 00:00:00 - ERROR - FILE_CHECK - expect_column_values_to_be_between - MOIS - Unexpected value: 0.0 on line 136, value should be between 1 and 12
2019-06-03 11:44:31,278 - VO - BE - MOBILE - 2019-05-01 00:00:00 - ERROR - FILE_CHECK - expect_column_values_to_be_between - MOIS - Unexpected value: 0.0 on line 150, value should be between 1 and 12
2019-06-03 11:44:31,278 - VO - BE - MOBILE - 2019-05-01 00:00:00 - ERROR - FILE_CHECK - expect_column_values_to_be_between - MOIS - Unexpected value: 0.0 on line 155, value should be between 1 and 12
2019-06-03 11:44:31,278 - VO - BE - MOBILE - 2019-05-01 00:00:00 - ERROR - FILE_CHECK - expect_column_values_to_be_between - MOIS - Unexpected value: 0.0 on line 227, value should be between 1 and 12
2019-06-03 11:44:31,279 - VO - BE - MOBILE - 2019-05-01 00:00:00 - ERROR - FILE_CHECK - expect_column_values_to_be_between - MOIS - Unexpected value: 0.0 on line 242, value should be between 1 and 12
2019-06-03 11:44:31,279 - VO - BE - MOBILE - 2019-05-01 00:00:00 - ERROR - FILE_CHECK - expect_column_values_to_be_between - MOIS - Unexpected value: 0.0 on line 290, value should be between 1 and 12
2019-06-03 11:44:31,279 - VO - BE - MOBILE - 2019-05-01 00:00:00 - ERROR - FILE_CHECK - expect_column_values_to_be_between - MOIS - Unexpected value: 0.0 on line 294, value should be between 1 and 12
2019-06-03 11:44:31,279 - VO - BE - MOBILE - 2019-05-01 00:00:00 - ERROR - FILE_CHECK - expect_column_values_to_be_between - MOIS - Unexpected value: 0.0 on line 299, value should be between 1 and 12
2019-06-03 11:44:31,279 - VO - BE - MOBILE - 2019-05-01 00:00:00 - ERROR - FILE_CHECK - expect_column_values_to_be_between - MOIS - Unexpected value: 0.0 on line 301, value should be between 1 and 12
2019-06-03 11:44:31,279 - VO - BE - MOBILE - 2019-05-01 00:00:00 - ERROR - FILE_CHECK - expect_column_values_to_be_between - MOIS - Unexpected value: 0.0 on line 307, value should be between 1 and 12
2019-06-03 11:44:31,279 - VO - BE - MOBILE - 2019-05-01 00:00:00 - ERROR - FILE_CHECK - expect_column_values_to_be_between - MOIS - Unexpected value: 0.0 on line 314, value should be between 1 and 12
2019-06-03 11:44:31,279 - VO - BE - MOBILE - 2019-05-01 00:00:00 - ERROR - FILE_CHECK - expect_column_values_to_be_between - MOIS - Unexpected value: 0.0 on line 317, value should be between 1 and 12
2019-06-03 11:44:31,279 - VO - BE - MOBILE - 2019-05-01 00:00:00 - ERROR - FILE_CHECK - expect_column_values_to_be_between - MOIS - Unexpected value: 0.0 on line 324, value should be between 1 and 12
2019-06-03 11:44:31,279 - VO - BE - MOBILE - 2019-05-01 00:00:00 - ERROR - FILE_CHECK - expect_column_values_to_be_between - MOIS - Unexpected value: 0.0 on line 328, value should be between 1 and 12
2019-06-03 11:44:31,279 - VO - BE - MOBILE - 2019-05-01 00:00:00 - ERROR - STAT - expect_column_values_to_be_between - MOIS - correctly filled rate (%) - 95.62
2019-06-03 11:44:31,279 - VO - BE - MOBILE - 2019-05-01 00:00:00 - ERROR - FILE_CHECK - expect_column_values_to_match_regex - MOIS - Unexpected value: 6.0 on line 0, value should match regexp ^[0-9]{1,2}$
2019-06-03 11:44:31,279 - VO - BE - MOBILE - 2019-05-01 00:00:00 - ERROR - FILE_CHECK - expect_column_values_to_match_regex - MOIS - Unexpected value: 1.0 on line 1, value should match regexp ^[0-9]{1,2}$
2019-06-03 11:44:31,279 - VO - BE - MOBILE - 2019-05-01 00:00:00 - ERROR - FILE_CHECK - expect_column_values_to_match_regex - MOIS - Unexpected value: 1.0 on line 2, value should match regexp ^[0-9]{1,2}$
2019-06-03 11:44:31,279 - VO - BE - MOBILE - 2019-05-01 00:00:00 - ERROR - FILE_CHECK - expect_column_values_to_match_regex - MOIS - Unexpected value: 0.0 on line 3, value should match regexp ^[0-9]{1,2}$
2019-06-03 11:44:31,279 - VO - BE - MOBILE - 2019-05-01 00:00:00 - ERROR - FILE_CHECK - expect_column_values_to_match_regex - MOIS - Unexpected value: 3.0 on line 4, value should match regexp ^[0-9]{1,2}$
2019-06-03 11:44:31,279 - VO - BE - MOBILE - 2019-05-01 00:00:00 - ERROR - FILE_CHECK - expect_column_values_to_match_regex - MOIS - Unexpected value: 2.0 on line 5, value should match regexp ^[0-9]{1,2}$
2019-06-03 11:44:31,279 - VO - BE - MOBILE - 2019-05-01 00:00:00 - ERROR - FILE_CHECK - expect_column_values_to_match_regex - MOIS - Unexpected value: 3.0 on line 6, value should match regexp ^[0-9]{1,2}$
2019-06-03 11:44:31,280 - VO - BE - MOBILE - 2019-05-01 00:00:00 - ERROR - FILE_CHECK - expect_column_values_to_match_regex - MOIS - Unexpected value: 4.0 on line 7, value should match regexp ^[0-9]{1,2}$
2019-06-03 11:44:31,280 - VO - BE - MOBILE - 2019-05-01 00:00:00 - ERROR - FILE_CHECK - expect_column_values_to_match_regex - MOIS - Unexpected value: 3.0 on line 8, value should match regexp ^[0-9]{1,2}$
2019-06-03 11:44:31,280 - VO - BE - MOBILE - 2019-05-01 00:00:00 - ERROR - FILE_CHECK - expect_column_values_to_match_regex - MOIS - Unexpected value: 0.0 on line 9, value should match regexp ^[0-9]{1,2}$
2019-06-03 11:44:31,280 - VO - BE - MOBILE - 2019-05-01 00:00:00 - ERROR - FILE_CHECK - expect_column_values_to_match_regex - MOIS - Unexpected value: 5.0 on line 10, value should match regexp ^[0-9]{1,2}$
2019-06-03 11:44:31,280 - VO - BE - MOBILE - 2019-05-01 00:00:00 - ERROR - FILE_CHECK - expect_column_values_to_match_regex - MOIS - Unexpected value: 5.0 on line 11, value should match regexp ^[0-9]{1,2}$
2019-06-03 11:44:31,280 - VO - BE - MOBILE - 2019-05-01 00:00:00 - ERROR - FILE_CHECK - expect_column_values_to_match_regex - MOIS - Unexpected value: 8.0 on line 12, value should match regexp ^[0-9]{1,2}$
2019-06-03 11:44:31,280 - VO - BE - MOBILE - 2019-05-01 00:00:00 - ERROR - FILE_CHECK - expect_column_values_to_match_regex - MOIS - Unexpected value: 9.0 on line 13, value should match regexp ^[0-9]{1,2}$
2019-06-03 11:44:31,280 - VO - BE - MOBILE - 2019-05-01 00:00:00 - ERROR - FILE_CHECK - expect_column_values_to_match_regex - MOIS - Unexpected value: 5.0 on line 14, value should match regexp ^[0-9]{1,2}$
2019-06-03 11:44:31,280 - VO - BE - MOBILE - 2019-05-01 00:00:00 - ERROR - FILE_CHECK - expect_column_values_to_match_regex - MOIS - Unexpected value: 5.0 on line 15, value should match regexp ^[0-9]{1,2}$
2019-06-03 11:44:31,280 - VO - BE - MOBILE - 2019-05-01 00:00:00 - ERROR - FILE_CHECK - expect_column_values_to_match_regex - MOIS - Unexpected value: 1.0 on line 16, value should match regexp ^[0-9]{1,2}$
2019-06-03 11:44:31,280 - VO - BE - MOBILE - 2019-05-01 00:00:00 - ERROR - FILE_CHECK - expect_column_values_to_match_regex - MOIS - Unexpected value: 3.0 on line 17, value should match regexp ^[0-9]{1,2}$
2019-06-03 11:44:31,280 - VO - BE - MOBILE - 2019-05-01 00:00:00 - ERROR - FILE_CHECK - expect_column_values_to_match_regex - MOIS - Unexpected value: 0.0 on line 18, value should match regexp ^[0-9]{1,2}$
2019-06-03 11:44:31,280 - VO - BE - MOBILE - 2019-05-01 00:00:00 - ERROR - FILE_CHECK - expect_column_values_to_match_regex - MOIS - Unexpected value: 2.0 on line 19, value should match regexp ^[0-9]{1,2}$
2019-06-03 11:44:31,280 - VO - BE - MOBILE - 2019-05-01 00:00:00 - ERROR - STAT - expect_column_values_to_match_regex - MOIS - correctly filled rate (%) - 0.0
2019-06-03 11:44:31,280 - VO - BE - MOBILE - 2019-05-01 00:00:00 - ERROR - STAT - expect_column_values_to_not_be_null - NOM - correctly filled rate (%) - 100.0
2019-06-03 11:44:31,280 - VO - BE - MOBILE - 2019-05-01 00:00:00 - ERROR - FILE_CHECK - expect_column_value_lengths_to_be_between - NOM - Unexpected characters count of: [TR250...] on line  16, value length should be between 10 and 255
2019-06-03 11:44:31,280 - VO - BE - MOBILE - 2019-05-01 00:00:00 - ERROR - FILE_CHECK - expect_column_value_lengths_to_be_between - NOM - Unexpected characters count of: [911...] on line  19, value length should be between 10 and 255
2019-06-03 11:44:31,280 - VO - BE - MOBILE - 2019-05-01 00:00:00 - ERROR - FILE_CHECK - expect_column_value_lengths_to_be_between - NOM - Unexpected characters count of: [Clio...] on line  25, value length should be between 10 and 255
2019-06-03 11:44:31,281 - VO - BE - MOBILE - 2019-05-01 00:00:00 - ERROR - FILE_CHECK - expect_column_value_lengths_to_be_between - NOM - Unexpected characters count of: [XC 60...] on line  26, value length should be between 10 and 255
2019-06-03 11:44:31,281 - VO - BE - MOBILE - 2019-05-01 00:00:00 - ERROR - FILE_CHECK - expect_column_value_lengths_to_be_between - NOM - Unexpected characters count of: [Adam...] on line  29, value length should be between 10 and 255
2019-06-03 11:44:31,281 - VO - BE - MOBILE - 2019-05-01 00:00:00 - ERROR - FILE_CHECK - expect_column_value_lengths_to_be_between - NOM - Unexpected characters count of: [Fiesta...] on line  33, value length should be between 10 and 255
2019-06-03 11:44:31,281 - VO - BE - MOBILE - 2019-05-01 00:00:00 - ERROR - FILE_CHECK - expect_column_value_lengths_to_be_between - NOM - Unexpected characters count of: [A 180...] on line  46, value length should be between 10 and 255
2019-06-03 11:44:31,281 - VO - BE - MOBILE - 2019-05-01 00:00:00 - ERROR - FILE_CHECK - expect_column_value_lengths_to_be_between - NOM - Unexpected characters count of: [Cooper D...] on line  49, value length should be between 10 and 255
2019-06-03 11:44:31,281 - VO - BE - MOBILE - 2019-05-01 00:00:00 - ERROR - FILE_CHECK - expect_column_value_lengths_to_be_between - NOM - Unexpected characters count of: [Astra...] on line  65, value length should be between 10 and 255
2019-06-03 11:44:31,281 - VO - BE - MOBILE - 2019-05-01 00:00:00 - ERROR - FILE_CHECK - expect_column_value_lengths_to_be_between - NOM - Unexpected characters count of: [Passat...] on line  68, value length should be between 10 and 255
2019-06-03 11:44:31,281 - VO - BE - MOBILE - 2019-05-01 00:00:00 - ERROR - FILE_CHECK - expect_column_value_lengths_to_be_between - NOM - Unexpected characters count of: [Turbo...] on line  89, value length should be between 10 and 255
2019-06-03 11:44:31,281 - VO - BE - MOBILE - 2019-05-01 00:00:00 - ERROR - FILE_CHECK - expect_column_value_lengths_to_be_between - NOM - Unexpected characters count of: [Clio...] on line  93, value length should be between 10 and 255
2019-06-03 11:44:31,281 - VO - BE - MOBILE - 2019-05-01 00:00:00 - ERROR - FILE_CHECK - expect_column_value_lengths_to_be_between - NOM - Unexpected characters count of: [Z1...] on line  128, value length should be between 10 and 255
2019-06-03 11:44:31,281 - VO - BE - MOBILE - 2019-05-01 00:00:00 - ERROR - FILE_CHECK - expect_column_value_lengths_to_be_between - NOM - Unexpected characters count of: [280...] on line  145, value length should be between 10 and 255
2019-06-03 11:44:31,281 - VO - BE - MOBILE - 2019-05-01 00:00:00 - ERROR - FILE_CHECK - expect_column_value_lengths_to_be_between - NOM - Unexpected characters count of: [NP 300...] on line  159, value length should be between 10 and 255
2019-06-03 11:44:31,281 - VO - BE - MOBILE - 2019-05-01 00:00:00 - ERROR - FILE_CHECK - expect_column_value_lengths_to_be_between - NOM - Unexpected characters count of: [Kadett...] on line  163, value length should be between 10 and 255
2019-06-03 11:44:31,281 - VO - BE - MOBILE - 2019-05-01 00:00:00 - ERROR - FILE_CHECK - expect_column_value_lengths_to_be_between - NOM - Unexpected characters count of: [S-10...] on line  179, value length should be between 10 and 255
2019-06-03 11:44:31,281 - VO - BE - MOBILE - 2019-05-01 00:00:00 - ERROR - FILE_CHECK - expect_column_value_lengths_to_be_between - NOM - Unexpected characters count of: [DUPORT...] on line  188, value length should be between 10 and 255
2019-06-03 11:44:31,281 - VO - BE - MOBILE - 2019-05-01 00:00:00 - ERROR - FILE_CHECK - expect_column_value_lengths_to_be_between - NOM - Unexpected characters count of: [308...] on line  189, value length should be between 10 and 255
2019-06-03 11:44:31,281 - VO - BE - MOBILE - 2019-05-01 00:00:00 - ERROR - FILE_CHECK - expect_column_value_lengths_to_be_between - NOM - Unexpected characters count of: [M3 CS...] on line  194, value length should be between 10 and 255
2019-06-03 11:44:31,281 - VO - BE - MOBILE - 2019-05-01 00:00:00 - ERROR - STAT - expect_column_value_lengths_to_be_between - NOM - correctly filled rate (%) - 86.29
2019-06-03 11:44:31,281 - VO - BE - MOBILE - 2019-05-01 00:00:00 - ERROR - STAT - expect_column_values_to_not_be_null - OPTIONS - correctly filled rate (%) - 91.96
2019-06-03 11:44:31,282 - VO - BE - MOBILE - 2019-05-01 00:00:00 - ERROR - FILE_CHECK - expect_column_value_lengths_to_be_between - OPTIONS - Unexpected characters count of: [ METALLIC  ALLOY_WHE...] on line  0, value length should be between 0 and 255
2019-06-03 11:44:31,282 - VO - BE - MOBILE - 2019-05-01 00:00:00 - ERROR - FILE_CHECK - expect_column_value_lengths_to_be_between - OPTIONS - Unexpected characters count of: [ ALLOY_WHEELS  CENTR...] on line  1, value length should be between 0 and 255
2019-06-03 11:44:31,282 - VO - BE - MOBILE - 2019-05-01 00:00:00 - ERROR - FILE_CHECK - expect_column_value_lengths_to_be_between - OPTIONS - Unexpected characters count of: [ FOUR_WHEEL_DRIVE  A...] on line  2, value length should be between 0 and 255
2019-06-03 11:44:31,282 - VO - BE - MOBILE - 2019-05-01 00:00:00 - ERROR - FILE_CHECK - expect_column_value_lengths_to_be_between - OPTIONS - Unexpected characters count of: [ METALLIC  FOUR_WHEE...] on line  3, value length should be between 0 and 255
2019-06-03 11:44:31,282 - VO - BE - MOBILE - 2019-05-01 00:00:00 - ERROR - FILE_CHECK - expect_column_value_lengths_to_be_between - OPTIONS - Unexpected characters count of: [ METALLIC  SUNROOF  ...] on line  4, value length should be between 0 and 255
2019-06-03 11:44:31,282 - VO - BE - MOBILE - 2019-05-01 00:00:00 - ERROR - FILE_CHECK - expect_column_value_lengths_to_be_between - OPTIONS - Unexpected characters count of: [ METALLIC  FOUR_WHEE...] on line  6, value length should be between 0 and 255
2019-06-03 11:44:31,282 - VO - BE - MOBILE - 2019-05-01 00:00:00 - ERROR - FILE_CHECK - expect_column_value_lengths_to_be_between - OPTIONS - Unexpected characters count of: [ METALLIC  ALLOY_WHE...] on line  7, value length should be between 0 and 255
2019-06-03 11:44:31,282 - VO - BE - MOBILE - 2019-05-01 00:00:00 - ERROR - FILE_CHECK - expect_column_value_lengths_to_be_between - OPTIONS - Unexpected characters count of: [ METALLIC  ALLOY_WHE...] on line  9, value length should be between 0 and 255
2019-06-03 11:44:31,282 - VO - BE - MOBILE - 2019-05-01 00:00:00 - ERROR - FILE_CHECK - expect_column_value_lengths_to_be_between - OPTIONS - Unexpected characters count of: [ METALLIC  SUNROOF  ...] on line  11, value length should be between 0 and 255
2019-06-03 11:44:31,282 - VO - BE - MOBILE - 2019-05-01 00:00:00 - ERROR - FILE_CHECK - expect_column_value_lengths_to_be_between - OPTIONS - Unexpected characters count of: [ SUNROOF  CENTRAL_LO...] on line  12, value length should be between 0 and 255
2019-06-03 11:44:31,282 - VO - BE - MOBILE - 2019-05-01 00:00:00 - ERROR - FILE_CHECK - expect_column_value_lengths_to_be_between - OPTIONS - Unexpected characters count of: [ METALLIC  ALLOY_WHE...] on line  18, value length should be between 0 and 255
2019-06-03 11:44:31,282 - VO - BE - MOBILE - 2019-05-01 00:00:00 - ERROR - FILE_CHECK - expect_column_value_lengths_to_be_between - OPTIONS - Unexpected characters count of: [ METALLIC  ALLOY_WHE...] on line  21, value length should be between 0 and 255
2019-06-03 11:44:31,282 - VO - BE - MOBILE - 2019-05-01 00:00:00 - ERROR - FILE_CHECK - expect_column_value_lengths_to_be_between - OPTIONS - Unexpected characters count of: [ METALLIC  ALLOY_WHE...] on line  22, value length should be between 0 and 255
2019-06-03 11:44:31,282 - VO - BE - MOBILE - 2019-05-01 00:00:00 - ERROR - FILE_CHECK - expect_column_value_lengths_to_be_between - OPTIONS - Unexpected characters count of: [ METALLIC  FOUR_WHEE...] on line  23, value length should be between 0 and 255
2019-06-03 11:44:31,282 - VO - BE - MOBILE - 2019-05-01 00:00:00 - ERROR - FILE_CHECK - expect_column_value_lengths_to_be_between - OPTIONS - Unexpected characters count of: [ METALLIC  ALLOY_WHE...] on line  25, value length should be between 0 and 255
2019-06-03 11:44:31,282 - VO - BE - MOBILE - 2019-05-01 00:00:00 - ERROR - FILE_CHECK - expect_column_value_lengths_to_be_between - OPTIONS - Unexpected characters count of: [ ALLOY_WHEELS  ELECT...] on line  26, value length should be between 0 and 255
2019-06-03 11:44:31,282 - VO - BE - MOBILE - 2019-05-01 00:00:00 - ERROR - FILE_CHECK - expect_column_value_lengths_to_be_between - OPTIONS - Unexpected characters count of: [ FOUR_WHEEL_DRIVE  S...] on line  27, value length should be between 0 and 255
2019-06-03 11:44:31,282 - VO - BE - MOBILE - 2019-05-01 00:00:00 - ERROR - FILE_CHECK - expect_column_value_lengths_to_be_between - OPTIONS - Unexpected characters count of: [ METALLIC  ALLOY_WHE...] on line  31, value length should be between 0 and 255
2019-06-03 11:44:31,282 - VO - BE - MOBILE - 2019-05-01 00:00:00 - ERROR - FILE_CHECK - expect_column_value_lengths_to_be_between - OPTIONS - Unexpected characters count of: [ METALLIC  FOUR_WHEE...] on line  32, value length should be between 0 and 255
2019-06-03 11:44:31,283 - VO - BE - MOBILE - 2019-05-01 00:00:00 - ERROR - FILE_CHECK - expect_column_value_lengths_to_be_between - OPTIONS - Unexpected characters count of: [ METALLIC  SUNROOF  ...] on line  34, value length should be between 0 and 255
2019-06-03 11:44:31,283 - VO - BE - MOBILE - 2019-05-01 00:00:00 - ERROR - STAT - expect_column_value_lengths_to_be_between - OPTIONS - correctly filled rate (%) - 37.55
2019-06-03 11:44:31,283 - VO - BE - MOBILE - 2019-05-01 00:00:00 - ERROR - STAT - expect_column_values_to_be_in_type_list - PHOTO - correctly filled rate (%) - 100.0
2019-06-03 11:44:31,283 - VO - BE - MOBILE - 2019-05-01 00:00:00 - ERROR - STAT - expect_column_values_to_not_be_null - PHOTO - correctly filled rate (%) - 100.0
2019-06-03 11:44:31,283 - VO - BE - MOBILE - 2019-05-01 00:00:00 - ERROR - FILE_CHECK - expect_column_values_to_be_in_type_list - PLACE - Wrong type for value: 5.0 on line 0 should be in ['int']
2019-06-03 11:44:31,283 - VO - BE - MOBILE - 2019-05-01 00:00:00 - ERROR - FILE_CHECK - expect_column_values_to_be_in_type_list - PLACE - Wrong type for value: 5.0 on line 1 should be in ['int']
2019-06-03 11:44:31,283 - VO - BE - MOBILE - 2019-05-01 00:00:00 - ERROR - FILE_CHECK - expect_column_values_to_be_in_type_list - PLACE - Wrong type for value: 5.0 on line 3 should be in ['int']
2019-06-03 11:44:31,283 - VO - BE - MOBILE - 2019-05-01 00:00:00 - ERROR - FILE_CHECK - expect_column_values_to_be_in_type_list - PLACE - Wrong type for value: 5.0 on line 4 should be in ['int']
2019-06-03 11:44:31,283 - VO - BE - MOBILE - 2019-05-01 00:00:00 - ERROR - FILE_CHECK - expect_column_values_to_be_in_type_list - PLACE - Wrong type for value: 5.0 on line 6 should be in ['int']
2019-06-03 11:44:31,283 - VO - BE - MOBILE - 2019-05-01 00:00:00 - ERROR - FILE_CHECK - expect_column_values_to_be_in_type_list - PLACE - Wrong type for value: 5.0 on line 7 should be in ['int']
2019-06-03 11:44:31,283 - VO - BE - MOBILE - 2019-05-01 00:00:00 - ERROR - FILE_CHECK - expect_column_values_to_be_in_type_list - PLACE - Wrong type for value: 4.0 on line 9 should be in ['int']
2019-06-03 11:44:31,283 - VO - BE - MOBILE - 2019-05-01 00:00:00 - ERROR - FILE_CHECK - expect_column_values_to_be_in_type_list - PLACE - Wrong type for value: 5.0 on line 12 should be in ['int']
2019-06-03 11:44:31,283 - VO - BE - MOBILE - 2019-05-01 00:00:00 - ERROR - FILE_CHECK - expect_column_values_to_be_in_type_list - PLACE - Wrong type for value: 5.0 on line 18 should be in ['int']
2019-06-03 11:44:31,283 - VO - BE - MOBILE - 2019-05-01 00:00:00 - ERROR - FILE_CHECK - expect_column_values_to_be_in_type_list - PLACE - Wrong type for value: 4.0 on line 19 should be in ['int']
2019-06-03 11:44:31,283 - VO - BE - MOBILE - 2019-05-01 00:00:00 - ERROR - FILE_CHECK - expect_column_values_to_be_in_type_list - PLACE - Wrong type for value: 5.0 on line 21 should be in ['int']
2019-06-03 11:44:31,283 - VO - BE - MOBILE - 2019-05-01 00:00:00 - ERROR - FILE_CHECK - expect_column_values_to_be_in_type_list - PLACE - Wrong type for value: 5.0 on line 22 should be in ['int']
2019-06-03 11:44:31,283 - VO - BE - MOBILE - 2019-05-01 00:00:00 - ERROR - FILE_CHECK - expect_column_values_to_be_in_type_list - PLACE - Wrong type for value: 5.0 on line 23 should be in ['int']
2019-06-03 11:44:31,284 - VO - BE - MOBILE - 2019-05-01 00:00:00 - ERROR - FILE_CHECK - expect_column_values_to_be_in_type_list - PLACE - Wrong type for value: 2.0 on line 24 should be in ['int']
2019-06-03 11:44:31,284 - VO - BE - MOBILE - 2019-05-01 00:00:00 - ERROR - FILE_CHECK - expect_column_values_to_be_in_type_list - PLACE - Wrong type for value: 5.0 on line 25 should be in ['int']
2019-06-03 11:44:31,284 - VO - BE - MOBILE - 2019-05-01 00:00:00 - ERROR - FILE_CHECK - expect_column_values_to_be_in_type_list - PLACE - Wrong type for value: 5.0 on line 27 should be in ['int']
2019-06-03 11:44:31,284 - VO - BE - MOBILE - 2019-05-01 00:00:00 - ERROR - FILE_CHECK - expect_column_values_to_be_in_type_list - PLACE - Wrong type for value: 2.0 on line 28 should be in ['int']
2019-06-03 11:44:31,284 - VO - BE - MOBILE - 2019-05-01 00:00:00 - ERROR - FILE_CHECK - expect_column_values_to_be_in_type_list - PLACE - Wrong type for value: 3.0 on line 30 should be in ['int']
2019-06-03 11:44:31,284 - VO - BE - MOBILE - 2019-05-01 00:00:00 - ERROR - FILE_CHECK - expect_column_values_to_be_in_type_list - PLACE - Wrong type for value: 4.0 on line 31 should be in ['int']
2019-06-03 11:44:31,284 - VO - BE - MOBILE - 2019-05-01 00:00:00 - ERROR - FILE_CHECK - expect_column_values_to_be_in_type_list - PLACE - Wrong type for value: 5.0 on line 32 should be in ['int']
2019-06-03 11:44:31,284 - VO - BE - MOBILE - 2019-05-01 00:00:00 - ERROR - STAT - expect_column_values_to_be_in_type_list - PLACE - correctly filled rate (%) - 0.0
2019-06-03 11:44:31,284 - VO - BE - MOBILE - 2019-05-01 00:00:00 - ERROR - STAT - expect_column_values_to_not_be_null - PLACE - correctly filled rate (%) - 76.72
2019-06-03 11:44:31,284 - VO - BE - MOBILE - 2019-05-01 00:00:00 - ERROR - STAT - expect_column_values_to_not_be_null - PORTE - correctly filled rate (%) - 89.13
2019-06-03 11:44:31,284 - VO - BE - MOBILE - 2019-05-01 00:00:00 - ERROR - FILE_CHECK - expect_column_values_to_be_in_type_list - PORTE - Wrong type for value: 4/5 on line 0 should be in ['int', 'float']
2019-06-03 11:44:31,284 - VO - BE - MOBILE - 2019-05-01 00:00:00 - ERROR - FILE_CHECK - expect_column_values_to_be_in_type_list - PORTE - Wrong type for value: 4/5 on line 1 should be in ['int', 'float']
2019-06-03 11:44:31,284 - VO - BE - MOBILE - 2019-05-01 00:00:00 - ERROR - FILE_CHECK - expect_column_values_to_be_in_type_list - PORTE - Wrong type for value: 2/3 on line 2 should be in ['int', 'float']
2019-06-03 11:44:31,284 - VO - BE - MOBILE - 2019-05-01 00:00:00 - ERROR - FILE_CHECK - expect_column_values_to_be_in_type_list - PORTE - Wrong type for value: 4/5 on line 3 should be in ['int', 'float']
2019-06-03 11:44:31,284 - VO - BE - MOBILE - 2019-05-01 00:00:00 - ERROR - FILE_CHECK - expect_column_values_to_be_in_type_list - PORTE - Wrong type for value: 4/5 on line 4 should be in ['int', 'float']
2019-06-03 11:44:31,284 - VO - BE - MOBILE - 2019-05-01 00:00:00 - ERROR - FILE_CHECK - expect_column_values_to_be_in_type_list - PORTE - Wrong type for value: 4/5 on line 6 should be in ['int', 'float']
2019-06-03 11:44:31,284 - VO - BE - MOBILE - 2019-05-01 00:00:00 - ERROR - FILE_CHECK - expect_column_values_to_be_in_type_list - PORTE - Wrong type for value: 4/5 on line 7 should be in ['int', 'float']
2019-06-03 11:44:31,284 - VO - BE - MOBILE - 2019-05-01 00:00:00 - ERROR - FILE_CHECK - expect_column_values_to_be_in_type_list - PORTE - Wrong type for value: 2/3 on line 9 should be in ['int', 'float']
2019-06-03 11:44:31,285 - VO - BE - MOBILE - 2019-05-01 00:00:00 - ERROR - FILE_CHECK - expect_column_values_to_be_in_type_list - PORTE - Wrong type for value: 2/3 on line 11 should be in ['int', 'float']
2019-06-03 11:44:31,285 - VO - BE - MOBILE - 2019-05-01 00:00:00 - ERROR - FILE_CHECK - expect_column_values_to_be_in_type_list - PORTE - Wrong type for value: 4/5 on line 12 should be in ['int', 'float']
2019-06-03 11:44:31,285 - VO - BE - MOBILE - 2019-05-01 00:00:00 - ERROR - FILE_CHECK - expect_column_values_to_be_in_type_list - PORTE - Wrong type for value: 4/5 on line 15 should be in ['int', 'float']
2019-06-03 11:44:31,285 - VO - BE - MOBILE - 2019-05-01 00:00:00 - ERROR - FILE_CHECK - expect_column_values_to_be_in_type_list - PORTE - Wrong type for value: 2/3 on line 16 should be in ['int', 'float']
2019-06-03 11:44:31,285 - VO - BE - MOBILE - 2019-05-01 00:00:00 - ERROR - FILE_CHECK - expect_column_values_to_be_in_type_list - PORTE - Wrong type for value: 4/5 on line 18 should be in ['int', 'float']
2019-06-03 11:44:31,285 - VO - BE - MOBILE - 2019-05-01 00:00:00 - ERROR - FILE_CHECK - expect_column_values_to_be_in_type_list - PORTE - Wrong type for value: 2/3 on line 19 should be in ['int', 'float']
2019-06-03 11:44:31,285 - VO - BE - MOBILE - 2019-05-01 00:00:00 - ERROR - FILE_CHECK - expect_column_values_to_be_in_type_list - PORTE - Wrong type for value: 4/5 on line 20 should be in ['int', 'float']
2019-06-03 11:44:31,285 - VO - BE - MOBILE - 2019-05-01 00:00:00 - ERROR - FILE_CHECK - expect_column_values_to_be_in_type_list - PORTE - Wrong type for value: 4/5 on line 21 should be in ['int', 'float']
2019-06-03 11:44:31,285 - VO - BE - MOBILE - 2019-05-01 00:00:00 - ERROR - FILE_CHECK - expect_column_values_to_be_in_type_list - PORTE - Wrong type for value: 4/5 on line 22 should be in ['int', 'float']
2019-06-03 11:44:31,285 - VO - BE - MOBILE - 2019-05-01 00:00:00 - ERROR - FILE_CHECK - expect_column_values_to_be_in_type_list - PORTE - Wrong type for value: 4/5 on line 23 should be in ['int', 'float']
2019-06-03 11:44:31,285 - VO - BE - MOBILE - 2019-05-01 00:00:00 - ERROR - FILE_CHECK - expect_column_values_to_be_in_type_list - PORTE - Wrong type for value: 2/3 on line 24 should be in ['int', 'float']
2019-06-03 11:44:31,285 - VO - BE - MOBILE - 2019-05-01 00:00:00 - ERROR - FILE_CHECK - expect_column_values_to_be_in_type_list - PORTE - Wrong type for value: 4/5 on line 25 should be in ['int', 'float']
2019-06-03 11:44:31,285 - VO - BE - MOBILE - 2019-05-01 00:00:00 - ERROR - STAT - expect_column_values_to_be_in_type_list - PORTE - correctly filled rate (%) - 0.0
2019-06-03 11:44:31,285 - VO - BE - MOBILE - 2019-05-01 00:00:00 - ERROR - STAT - expect_column_values_to_be_in_type_list - PRIX - correctly filled rate (%) - 100.0
2019-06-03 11:44:31,285 - VO - BE - MOBILE - 2019-05-01 00:00:00 - ERROR - STAT - expect_column_values_to_not_be_null - PRIX - correctly filled rate (%) - 100.0
2019-06-03 11:44:31,285 - VO - BE - MOBILE - 2019-05-01 00:00:00 - ERROR - STAT - expect_column_values_to_not_be_null - PROVINCE - correctly filled rate (%) - 0.25
2019-06-03 11:44:31,285 - VO - BE - MOBILE - 2019-05-01 00:00:00 - ERROR - STAT - expect_column_values_to_not_be_null - SITE - correctly filled rate (%) - 100.0
2019-06-03 11:44:31,285 - VO - BE - MOBILE - 2019-05-01 00:00:00 - ERROR - STAT - expect_column_values_to_not_be_null - TELEPHONE - correctly filled rate (%) - 98.82
2019-06-03 11:44:31,286 - VO - BE - MOBILE - 2019-05-01 00:00:00 - ERROR - FILE_CHECK - expect_column_values_to_be_phone_number - TELEPHONE - Unexpected value: 498527224.0 on line 0, value should match a phone number format
2019-06-03 11:44:31,286 - VO - BE - MOBILE - 2019-05-01 00:00:00 - ERROR - FILE_CHECK - expect_column_values_to_be_phone_number - TELEPHONE - Unexpected value: 475289355.0 on line 4, value should match a phone number format
2019-06-03 11:44:31,286 - VO - BE - MOBILE - 2019-05-01 00:00:00 - ERROR - FILE_CHECK - expect_column_values_to_be_phone_number - TELEPHONE - Unexpected value: 476330270.0 on line 6, value should match a phone number format
2019-06-03 11:44:31,286 - VO - BE - MOBILE - 2019-05-01 00:00:00 - ERROR - FILE_CHECK - expect_column_values_to_be_phone_number - TELEPHONE - Unexpected value: 475726934.0 on line 7, value should match a phone number format
2019-06-03 11:44:31,286 - VO - BE - MOBILE - 2019-05-01 00:00:00 - ERROR - FILE_CHECK - expect_column_values_to_be_phone_number - TELEPHONE - Unexpected value: 486456186.0 on line 11, value should match a phone number format
2019-06-03 11:44:31,286 - VO - BE - MOBILE - 2019-05-01 00:00:00 - ERROR - FILE_CHECK - expect_column_values_to_be_phone_number - TELEPHONE - Unexpected value: 49015207418804.0 on line 12, value should match a phone number format
2019-06-03 11:44:31,286 - VO - BE - MOBILE - 2019-05-01 00:00:00 - ERROR - FILE_CHECK - expect_column_values_to_be_phone_number - TELEPHONE - Unexpected value: 499149525.0 on line 14, value should match a phone number format
2019-06-03 11:44:31,286 - VO - BE - MOBILE - 2019-05-01 00:00:00 - ERROR - FILE_CHECK - expect_column_values_to_be_phone_number - TELEPHONE - Unexpected value: 488273276.0 on line 28, value should match a phone number format
2019-06-03 11:44:31,286 - VO - BE - MOBILE - 2019-05-01 00:00:00 - ERROR - FILE_CHECK - expect_column_values_to_be_phone_number - TELEPHONE - Unexpected value: 479705537.0 on line 30, value should match a phone number format
2019-06-03 11:44:31,286 - VO - BE - MOBILE - 2019-05-01 00:00:00 - ERROR - FILE_CHECK - expect_column_values_to_be_phone_number - TELEPHONE - Unexpected value: 495408445.0 on line 34, value should match a phone number format
2019-06-03 11:44:31,286 - VO - BE - MOBILE - 2019-05-01 00:00:00 - ERROR - FILE_CHECK - expect_column_values_to_be_phone_number - TELEPHONE - Unexpected value: 470757776.0 on line 36, value should match a phone number format
2019-06-03 11:44:31,286 - VO - BE - MOBILE - 2019-05-01 00:00:00 - ERROR - FILE_CHECK - expect_column_values_to_be_phone_number - TELEPHONE - Unexpected value: 475277656.0 on line 38, value should match a phone number format
2019-06-03 11:44:31,286 - VO - BE - MOBILE - 2019-05-01 00:00:00 - ERROR - FILE_CHECK - expect_column_values_to_be_phone_number - TELEPHONE - Unexpected value: 472401338.0 on line 39, value should match a phone number format
2019-06-03 11:44:31,286 - VO - BE - MOBILE - 2019-05-01 00:00:00 - ERROR - FILE_CHECK - expect_column_values_to_be_phone_number - TELEPHONE - Unexpected value: 472401338.0 on line 40, value should match a phone number format
2019-06-03 11:44:31,286 - VO - BE - MOBILE - 2019-05-01 00:00:00 - ERROR - FILE_CHECK - expect_column_values_to_be_phone_number - TELEPHONE - Unexpected value: 484343374.0 on line 41, value should match a phone number format
2019-06-03 11:44:31,286 - VO - BE - MOBILE - 2019-05-01 00:00:00 - ERROR - FILE_CHECK - expect_column_values_to_be_phone_number - TELEPHONE - Unexpected value: 473472909.0 on line 44, value should match a phone number format
2019-06-03 11:44:31,286 - VO - BE - MOBILE - 2019-05-01 00:00:00 - ERROR - FILE_CHECK - expect_column_values_to_be_phone_number - TELEPHONE - Unexpected value: 466163254.0 on line 48, value should match a phone number format
2019-06-03 11:44:31,286 - VO - BE - MOBILE - 2019-05-01 00:00:00 - ERROR - FILE_CHECK - expect_column_values_to_be_phone_number - TELEPHONE - Unexpected value: 488273276.0 on line 49, value should match a phone number format
2019-06-03 11:44:31,286 - VO - BE - MOBILE - 2019-05-01 00:00:00 - ERROR - FILE_CHECK - expect_column_values_to_be_phone_number - TELEPHONE - Unexpected value: 488273276.0 on line 52, value should match a phone number format
2019-06-03 11:44:31,287 - VO - BE - MOBILE - 2019-05-01 00:00:00 - ERROR - FILE_CHECK - expect_column_values_to_be_phone_number - TELEPHONE - Unexpected value: 496920329.0 on line 53, value should match a phone number format
2019-06-03 11:44:31,287 - VO - BE - MOBILE - 2019-05-01 00:00:00 - ERROR - STAT - expect_column_values_to_be_phone_number - TELEPHONE - correctly filled rate (%) - 57.41
2019-06-03 11:44:31,287 - VO - BE - MOBILE - 2019-05-01 00:00:00 - ERROR - STAT - expect_column_values_to_not_be_null - TYPE - correctly filled rate (%) - 100.0
2019-06-03 11:44:31,287 - VO - BE - MOBILE - 2019-05-01 00:00:00 - ERROR - STAT - expect_column_values_to_be_in_set_2 - TYPE - observed proportion - 100.0
2019-06-03 11:44:31,287 - VO - BE - MOBILE - 2019-05-01 00:00:00 - ERROR - STAT - expect_column_values_to_not_be_null - VILLE - correctly filled rate (%) - 100.0
2019-06-03 11:44:31,287 - VO - BE - MOBILE - 2019-05-01 00:00:00 - ERROR - STAT - expect_column_values_to_not_be_null - VN_IND - correctly filled rate (%) - 99.75
2019-06-03 11:44:31,287 - VO - BE - MOBILE - 2019-05-01 00:00:00 - ERROR - STAT - expect_column_values_to_be_in_set - VN_IND - correctly filled rate (%) - 100.0
2019-06-03 11:44:31,287 - VO - BE - MOBILE - 2019-05-01 00:00:00 - ERROR - STAT - expect_returning_row_unique_count - MARQUE_CORRECTED - total number of unique rows - 106
2019-06-03 11:44:31,287 - VO - BE - MOBILE - 2019-05-01 00:00:00 - ERROR - STAT - expect_returning_row_unique_count - MODELE_CORRECTED - total number of unique rows - 767
2019-06-03 11:44:31,287 - VO - BE - MOBILE - 2019-05-01 00:00:00 - ERROR - STAT - expect_returning_row_unique_count - CARROSSERIE - total number of unique rows - 23
2019-06-03 11:44:31,287 - VO - BE - MOBILE - 2019-05-01 00:00:00 - ERROR - STAT - expect_returning_row_unique_count - CARBURANT - total number of unique rows - 10
2019-06-03 11:44:31,287 - VO - BE - MOBILE - 2019-05-01 00:00:00 - ERROR - STAT - expect_column_values_to_not_be_null - CYLINDRE - correctly filled rate (%) - 82.33
2019-06-03 11:44:31,287 - VO - BE - MOBILE - 2019-05-01 00:00:00 - ERROR - FILE_CHECK - expect_column_values_to_be_in_type_list - CYLINDRE - Wrong type for value: 1591.0 on line 0 should be in ['int']
2019-06-03 11:44:31,287 - VO - BE - MOBILE - 2019-05-01 00:00:00 - ERROR - FILE_CHECK - expect_column_values_to_be_in_type_list - CYLINDRE - Wrong type for value: 6750.0 on line 1 should be in ['int']
2019-06-03 11:44:31,287 - VO - BE - MOBILE - 2019-05-01 00:00:00 - ERROR - FILE_CHECK - expect_column_values_to_be_in_type_list - CYLINDRE - Wrong type for value: 3800.0 on line 2 should be in ['int']
2019-06-03 11:44:31,287 - VO - BE - MOBILE - 2019-05-01 00:00:00 - ERROR - FILE_CHECK - expect_column_values_to_be_in_type_list - CYLINDRE - Wrong type for value: 5700.0 on line 3 should be in ['int']
2019-06-03 11:44:31,287 - VO - BE - MOBILE - 2019-05-01 00:00:00 - ERROR - FILE_CHECK - expect_column_values_to_be_in_type_list - CYLINDRE - Wrong type for value: 1598.0 on line 4 should be in ['int']
2019-06-03 11:44:31,288 - VO - BE - MOBILE - 2019-05-01 00:00:00 - ERROR - FILE_CHECK - expect_column_values_to_be_in_type_list - CYLINDRE - Wrong type for value: 2298.0 on line 6 should be in ['int']
2019-06-03 11:44:31,288 - VO - BE - MOBILE - 2019-05-01 00:00:00 - ERROR - FILE_CHECK - expect_column_values_to_be_in_type_list - CYLINDRE - Wrong type for value: 1598.0 on line 7 should be in ['int']
2019-06-03 11:44:31,288 - VO - BE - MOBILE - 2019-05-01 00:00:00 - ERROR - FILE_CHECK - expect_column_values_to_be_in_type_list - CYLINDRE - Wrong type for value: 3982.0 on line 9 should be in ['int']
2019-06-03 11:44:31,288 - VO - BE - MOBILE - 2019-05-01 00:00:00 - ERROR - FILE_CHECK - expect_column_values_to_be_in_type_list - CYLINDRE - Wrong type for value: 2979.0 on line 11 should be in ['int']
2019-06-03 11:44:31,288 - VO - BE - MOBILE - 2019-05-01 00:00:00 - ERROR - FILE_CHECK - expect_column_values_to_be_in_type_list - CYLINDRE - Wrong type for value: 1598.0 on line 12 should be in ['int']
2019-06-03 11:44:31,288 - VO - BE - MOBILE - 2019-05-01 00:00:00 - ERROR - FILE_CHECK - expect_column_values_to_be_in_type_list - CYLINDRE - Wrong type for value: 1500.0 on line 13 should be in ['int']
2019-06-03 11:44:31,288 - VO - BE - MOBILE - 2019-05-01 00:00:00 - ERROR - FILE_CHECK - expect_column_values_to_be_in_type_list - CYLINDRE - Wrong type for value: 1591.0 on line 18 should be in ['int']
2019-06-03 11:44:31,288 - VO - BE - MOBILE - 2019-05-01 00:00:00 - ERROR - FILE_CHECK - expect_column_values_to_be_in_type_list - CYLINDRE - Wrong type for value: 1991.0 on line 19 should be in ['int']
2019-06-03 11:44:31,288 - VO - BE - MOBILE - 2019-05-01 00:00:00 - ERROR - FILE_CHECK - expect_column_values_to_be_in_type_list - CYLINDRE - Wrong type for value: 1968.0 on line 21 should be in ['int']
2019-06-03 11:44:31,288 - VO - BE - MOBILE - 2019-05-01 00:00:00 - ERROR - FILE_CHECK - expect_column_values_to_be_in_type_list - CYLINDRE - Wrong type for value: 2143.0 on line 22 should be in ['int']
2019-06-03 11:44:31,288 - VO - BE - MOBILE - 2019-05-01 00:00:00 - ERROR - FILE_CHECK - expect_column_values_to_be_in_type_list - CYLINDRE - Wrong type for value: 1991.0 on line 23 should be in ['int']
2019-06-03 11:44:31,288 - VO - BE - MOBILE - 2019-05-01 00:00:00 - ERROR - FILE_CHECK - expect_column_values_to_be_in_type_list - CYLINDRE - Wrong type for value: 3496.0 on line 24 should be in ['int']
2019-06-03 11:44:31,288 - VO - BE - MOBILE - 2019-05-01 00:00:00 - ERROR - FILE_CHECK - expect_column_values_to_be_in_type_list - CYLINDRE - Wrong type for value: 1461.0 on line 25 should be in ['int']
2019-06-03 11:44:31,288 - VO - BE - MOBILE - 2019-05-01 00:00:00 - ERROR - FILE_CHECK - expect_column_values_to_be_in_type_list - CYLINDRE - Wrong type for value: 1991.0 on line 27 should be in ['int']
2019-06-03 11:44:31,288 - VO - BE - MOBILE - 2019-05-01 00:00:00 - ERROR - FILE_CHECK - expect_column_values_to_be_in_type_list - CYLINDRE - Wrong type for value: 1598.0 on line 28 should be in ['int']
2019-06-03 11:44:31,288 - VO - BE - MOBILE - 2019-05-01 00:00:00 - ERROR - STAT - expect_column_values_to_be_in_type_list - CYLINDRE - correctly filled rate (%) - 0.0
2019-06-03 11:44:31,288 - VO - BE - MOBILE - 2019-05-01 00:00:00 - ERROR - STAT - expect_returning_row_unique_count - PROVINCE - total number of unique rows - 1
2019-06-03 11:44:31,288 - VO - BE - MOBILE - 2019-05-01 00:00:00 - ERROR - STAT - expect_returning_row_unique_count - VILLE - total number of unique rows - 412
2019-06-03 11:44:31,288 - VO - BE - MOBILE - 2019-05-01 00:00:00 - ERROR - STAT - expect_returning_row_unique_count - DEPARTEMENT - total number of unique rows - 0
2019-06-03 11:44:31,289 - VO - BE - MOBILE - 2019-05-01 00:00:00 - ERROR - STAT - expect_returning_row_count_on_conditions - DEALER_USEDCARS - total number of row with conditions - 6757
2019-06-03 11:44:31,289 - VO - BE - MOBILE - 2019-05-01 00:00:00 - ERROR - STAT - expect_returning_row_count_on_conditions - PRIVATE_USEDCARS - total number of row with conditions - 361
