2019-08-06 13:32:22,768 - VO - MX - MERCADOLIBRE - 2019-07-01 00:00:00 - ERROR - STAT - expect_column_values_to_not_be_null - ADRESSE - correctly filled rate (%) - 0.0
2019-08-06 13:32:22,768 - VO - MX - MERCADOLIBRE - 2019-07-01 00:00:00 - ERROR - STAT - expect_column_values_to_be_in_type_list - ANNEE - correctly filled rate (%) - 100.0
2019-08-06 13:32:22,768 - VO - MX - MERCADOLIBRE - 2019-07-01 00:00:00 - ERROR - STAT - expect_column_values_to_be_between - ANNEE - correctly filled rate (%) - 99.8
2019-08-06 13:32:22,768 - VO - MX - MERCADOLIBRE - 2019-07-01 00:00:00 - ERROR - STAT - expect_column_values_to_not_be_null - ANNEE - correctly filled rate (%) - 99.95
2019-08-06 13:32:22,768 - VO - MX - MERCADOLIBRE - 2019-07-01 00:00:00 - ERROR - FILE_CHECK - expect_column_values_to_match_regex - ANNEE - Unexpected value: 2014.0 on line 0, value should match regexp ^[0-9]{4}$
2019-08-06 13:32:22,768 - VO - MX - MERCADOLIBRE - 2019-07-01 00:00:00 - ERROR - FILE_CHECK - expect_column_values_to_match_regex - ANNEE - Unexpected value: 2011.0 on line 1, value should match regexp ^[0-9]{4}$
2019-08-06 13:32:22,768 - VO - MX - MERCADOLIBRE - 2019-07-01 00:00:00 - ERROR - FILE_CHECK - expect_column_values_to_match_regex - ANNEE - Unexpected value: 2015.0 on line 2, value should match regexp ^[0-9]{4}$
2019-08-06 13:32:22,768 - VO - MX - MERCADOLIBRE - 2019-07-01 00:00:00 - ERROR - FILE_CHECK - expect_column_values_to_match_regex - ANNEE - Unexpected value: 2014.0 on line 3, value should match regexp ^[0-9]{4}$
2019-08-06 13:32:22,769 - VO - MX - MERCADOLIBRE - 2019-07-01 00:00:00 - ERROR - FILE_CHECK - expect_column_values_to_match_regex - ANNEE - Unexpected value: 2012.0 on line 4, value should match regexp ^[0-9]{4}$
2019-08-06 13:32:22,769 - VO - MX - MERCADOLIBRE - 2019-07-01 00:00:00 - ERROR - FILE_CHECK - expect_column_values_to_match_regex - ANNEE - Unexpected value: 2005.0 on line 5, value should match regexp ^[0-9]{4}$
2019-08-06 13:32:22,769 - VO - MX - MERCADOLIBRE - 2019-07-01 00:00:00 - ERROR - FILE_CHECK - expect_column_values_to_match_regex - ANNEE - Unexpected value: 2018.0 on line 6, value should match regexp ^[0-9]{4}$
2019-08-06 13:32:22,769 - VO - MX - MERCADOLIBRE - 2019-07-01 00:00:00 - ERROR - FILE_CHECK - expect_column_values_to_match_regex - ANNEE - Unexpected value: 2018.0 on line 7, value should match regexp ^[0-9]{4}$
2019-08-06 13:32:22,769 - VO - MX - MERCADOLIBRE - 2019-07-01 00:00:00 - ERROR - FILE_CHECK - expect_column_values_to_match_regex - ANNEE - Unexpected value: 2011.0 on line 8, value should match regexp ^[0-9]{4}$
2019-08-06 13:32:22,769 - VO - MX - MERCADOLIBRE - 2019-07-01 00:00:00 - ERROR - FILE_CHECK - expect_column_values_to_match_regex - ANNEE - Unexpected value: 2011.0 on line 9, value should match regexp ^[0-9]{4}$
2019-08-06 13:32:22,769 - VO - MX - MERCADOLIBRE - 2019-07-01 00:00:00 - ERROR - FILE_CHECK - expect_column_values_to_match_regex - ANNEE - Unexpected value: 2012.0 on line 10, value should match regexp ^[0-9]{4}$
2019-08-06 13:32:22,769 - VO - MX - MERCADOLIBRE - 2019-07-01 00:00:00 - ERROR - FILE_CHECK - expect_column_values_to_match_regex - ANNEE - Unexpected value: 2011.0 on line 11, value should match regexp ^[0-9]{4}$
2019-08-06 13:32:22,769 - VO - MX - MERCADOLIBRE - 2019-07-01 00:00:00 - ERROR - FILE_CHECK - expect_column_values_to_match_regex - ANNEE - Unexpected value: 2014.0 on line 12, value should match regexp ^[0-9]{4}$
2019-08-06 13:32:22,769 - VO - MX - MERCADOLIBRE - 2019-07-01 00:00:00 - ERROR - FILE_CHECK - expect_column_values_to_match_regex - ANNEE - Unexpected value: 2012.0 on line 13, value should match regexp ^[0-9]{4}$
2019-08-06 13:32:22,769 - VO - MX - MERCADOLIBRE - 2019-07-01 00:00:00 - ERROR - FILE_CHECK - expect_column_values_to_match_regex - ANNEE - Unexpected value: 2007.0 on line 14, value should match regexp ^[0-9]{4}$
2019-08-06 13:32:22,769 - VO - MX - MERCADOLIBRE - 2019-07-01 00:00:00 - ERROR - FILE_CHECK - expect_column_values_to_match_regex - ANNEE - Unexpected value: 2005.0 on line 15, value should match regexp ^[0-9]{4}$
2019-08-06 13:32:22,769 - VO - MX - MERCADOLIBRE - 2019-07-01 00:00:00 - ERROR - FILE_CHECK - expect_column_values_to_match_regex - ANNEE - Unexpected value: 2012.0 on line 16, value should match regexp ^[0-9]{4}$
2019-08-06 13:32:22,769 - VO - MX - MERCADOLIBRE - 2019-07-01 00:00:00 - ERROR - FILE_CHECK - expect_column_values_to_match_regex - ANNEE - Unexpected value: 2011.0 on line 17, value should match regexp ^[0-9]{4}$
2019-08-06 13:32:22,769 - VO - MX - MERCADOLIBRE - 2019-07-01 00:00:00 - ERROR - FILE_CHECK - expect_column_values_to_match_regex - ANNEE - Unexpected value: 2008.0 on line 18, value should match regexp ^[0-9]{4}$
2019-08-06 13:32:22,769 - VO - MX - MERCADOLIBRE - 2019-07-01 00:00:00 - ERROR - FILE_CHECK - expect_column_values_to_match_regex - ANNEE - Unexpected value: 2010.0 on line 19, value should match regexp ^[0-9]{4}$
2019-08-06 13:32:22,769 - VO - MX - MERCADOLIBRE - 2019-07-01 00:00:00 - ERROR - STAT - expect_column_values_to_match_regex - ANNEE - correctly filled rate (%) - 0.0
2019-08-06 13:32:22,769 - VO - MX - MERCADOLIBRE - 2019-07-01 00:00:00 - ERROR - STAT - expect_column_values_to_not_be_null - ANNONCE_LINK - correctly filled rate (%) - 100.0
2019-08-06 13:32:22,770 - VO - MX - MERCADOLIBRE - 2019-07-01 00:00:00 - ERROR - STAT - expect_column_values_to_be_unique - ANNONCE_LINK - observed proportion - 100.0
2019-08-06 13:32:22,770 - VO - MX - MERCADOLIBRE - 2019-07-01 00:00:00 - ERROR - STAT - expect_column_values_to_not_be_null - CARBURANT - correctly filled rate (%) - 99.86
2019-08-06 13:32:22,770 - VO - MX - MERCADOLIBRE - 2019-07-01 00:00:00 - ERROR - STAT - expect_column_values_to_not_be_null - CARROSSERIE - correctly filled rate (%) - 87.78
2019-08-06 13:32:22,770 - VO - MX - MERCADOLIBRE - 2019-07-01 00:00:00 - ERROR - STAT - expect_column_values_to_not_be_null - GARAGE_ID - correctly filled rate (%) - 0.0
2019-08-06 13:32:22,770 - VO - MX - MERCADOLIBRE - 2019-07-01 00:00:00 - ERROR - STAT - expect_column_values_to_not_be_null - ID_CLIENT - correctly filled rate (%) - 100.0
2019-08-06 13:32:22,770 - VO - MX - MERCADOLIBRE - 2019-07-01 00:00:00 - ERROR - STAT - expect_column_values_to_be_unique - ID_CLIENT - observed proportion - 100.0
2019-08-06 13:32:22,770 - VO - MX - MERCADOLIBRE - 2019-07-01 00:00:00 - ERROR - STAT - expect_returning_row_count - EVERY_COLUMNS - total number of rows - 83095
2019-08-06 13:32:22,770 - VO - MX - MERCADOLIBRE - 2019-07-01 00:00:00 - ERROR - STAT - expect_column_values_to_not_be_null - IMMAT - correctly filled rate (%) - 0.0
2019-08-06 13:32:22,770 - VO - MX - MERCADOLIBRE - 2019-07-01 00:00:00 - ERROR - FILE_CHECK - expect_column_values_to_be_in_type_list - KM - Wrong type for value: 18590.0 on line 0 should be in ['int']
2019-08-06 13:32:22,770 - VO - MX - MERCADOLIBRE - 2019-07-01 00:00:00 - ERROR - FILE_CHECK - expect_column_values_to_be_in_type_list - KM - Wrong type for value: 75000.0 on line 1 should be in ['int']
2019-08-06 13:32:22,770 - VO - MX - MERCADOLIBRE - 2019-07-01 00:00:00 - ERROR - FILE_CHECK - expect_column_values_to_be_in_type_list - KM - Wrong type for value: 52900.0 on line 2 should be in ['int']
2019-08-06 13:32:22,770 - VO - MX - MERCADOLIBRE - 2019-07-01 00:00:00 - ERROR - FILE_CHECK - expect_column_values_to_be_in_type_list - KM - Wrong type for value: 17000.0 on line 3 should be in ['int']
2019-08-06 13:32:22,770 - VO - MX - MERCADOLIBRE - 2019-07-01 00:00:00 - ERROR - FILE_CHECK - expect_column_values_to_be_in_type_list - KM - Wrong type for value: 87355.0 on line 4 should be in ['int']
2019-08-06 13:32:22,770 - VO - MX - MERCADOLIBRE - 2019-07-01 00:00:00 - ERROR - FILE_CHECK - expect_column_values_to_be_in_type_list - KM - Wrong type for value: 116890.0 on line 5 should be in ['int']
2019-08-06 13:32:22,770 - VO - MX - MERCADOLIBRE - 2019-07-01 00:00:00 - ERROR - FILE_CHECK - expect_column_values_to_be_in_type_list - KM - Wrong type for value: 0.0 on line 6 should be in ['int']
2019-08-06 13:32:22,770 - VO - MX - MERCADOLIBRE - 2019-07-01 00:00:00 - ERROR - FILE_CHECK - expect_column_values_to_be_in_type_list - KM - Wrong type for value: 0.0 on line 7 should be in ['int']
2019-08-06 13:32:22,770 - VO - MX - MERCADOLIBRE - 2019-07-01 00:00:00 - ERROR - FILE_CHECK - expect_column_values_to_be_in_type_list - KM - Wrong type for value: 66513.0 on line 8 should be in ['int']
2019-08-06 13:32:22,771 - VO - MX - MERCADOLIBRE - 2019-07-01 00:00:00 - ERROR - FILE_CHECK - expect_column_values_to_be_in_type_list - KM - Wrong type for value: 23606.0 on line 9 should be in ['int']
2019-08-06 13:32:22,771 - VO - MX - MERCADOLIBRE - 2019-07-01 00:00:00 - ERROR - FILE_CHECK - expect_column_values_to_be_in_type_list - KM - Wrong type for value: 15258.0 on line 10 should be in ['int']
2019-08-06 13:32:22,771 - VO - MX - MERCADOLIBRE - 2019-07-01 00:00:00 - ERROR - FILE_CHECK - expect_column_values_to_be_in_type_list - KM - Wrong type for value: 89613.0 on line 11 should be in ['int']
2019-08-06 13:32:22,771 - VO - MX - MERCADOLIBRE - 2019-07-01 00:00:00 - ERROR - FILE_CHECK - expect_column_values_to_be_in_type_list - KM - Wrong type for value: 55000.0 on line 12 should be in ['int']
2019-08-06 13:32:22,771 - VO - MX - MERCADOLIBRE - 2019-07-01 00:00:00 - ERROR - FILE_CHECK - expect_column_values_to_be_in_type_list - KM - Wrong type for value: 81000.0 on line 13 should be in ['int']
2019-08-06 13:32:22,771 - VO - MX - MERCADOLIBRE - 2019-07-01 00:00:00 - ERROR - FILE_CHECK - expect_column_values_to_be_in_type_list - KM - Wrong type for value: 73000.0 on line 14 should be in ['int']
2019-08-06 13:32:22,771 - VO - MX - MERCADOLIBRE - 2019-07-01 00:00:00 - ERROR - FILE_CHECK - expect_column_values_to_be_in_type_list - KM - Wrong type for value: 35000.0 on line 15 should be in ['int']
2019-08-06 13:32:22,771 - VO - MX - MERCADOLIBRE - 2019-07-01 00:00:00 - ERROR - FILE_CHECK - expect_column_values_to_be_in_type_list - KM - Wrong type for value: 104000.0 on line 16 should be in ['int']
2019-08-06 13:32:22,771 - VO - MX - MERCADOLIBRE - 2019-07-01 00:00:00 - ERROR - FILE_CHECK - expect_column_values_to_be_in_type_list - KM - Wrong type for value: 300000.0 on line 17 should be in ['int']
2019-08-06 13:32:22,771 - VO - MX - MERCADOLIBRE - 2019-07-01 00:00:00 - ERROR - FILE_CHECK - expect_column_values_to_be_in_type_list - KM - Wrong type for value: 115000.0 on line 18 should be in ['int']
2019-08-06 13:32:22,771 - VO - MX - MERCADOLIBRE - 2019-07-01 00:00:00 - ERROR - FILE_CHECK - expect_column_values_to_be_in_type_list - KM - Wrong type for value: 57200.0 on line 19 should be in ['int']
2019-08-06 13:32:22,771 - VO - MX - MERCADOLIBRE - 2019-07-01 00:00:00 - ERROR - STAT - expect_column_values_to_be_in_type_list - KM - correctly filled rate (%) - 0.0
2019-08-06 13:32:22,771 - VO - MX - MERCADOLIBRE - 2019-07-01 00:00:00 - ERROR - STAT - expect_column_values_to_not_be_null - KM - correctly filled rate (%) - 99.95
2019-08-06 13:32:22,771 - VO - MX - MERCADOLIBRE - 2019-07-01 00:00:00 - ERROR - STAT - expect_column_values_to_not_be_null - LITRE - correctly filled rate (%) - 0.0
2019-08-06 13:32:22,771 - VO - MX - MERCADOLIBRE - 2019-07-01 00:00:00 - ERROR - STAT - expect_column_values_to_not_be_null - MARQUE - correctly filled rate (%) - 99.94
2019-08-06 13:32:22,771 - VO - MX - MERCADOLIBRE - 2019-07-01 00:00:00 - ERROR - STAT - expect_column_values_to_not_be_null - MODELE - correctly filled rate (%) - 0.0
2019-08-06 13:32:22,771 - VO - MX - MERCADOLIBRE - 2019-07-01 00:00:00 - ERROR - STAT - expect_column_values_to_not_be_null - MOIS - correctly filled rate (%) - 0.0
2019-08-06 13:32:22,772 - VO - MX - MERCADOLIBRE - 2019-07-01 00:00:00 - ERROR - STAT - expect_column_values_to_not_be_null - NOM - correctly filled rate (%) - 99.96
2019-08-06 13:32:22,772 - VO - MX - MERCADOLIBRE - 2019-07-01 00:00:00 - ERROR - FILE_CHECK - expect_column_value_lengths_to_be_between - NOM - Unexpected characters count of: [Dodge Ram...] on line  1546, value length should be between 10 and 255
2019-08-06 13:32:22,772 - VO - MX - MERCADOLIBRE - 2019-07-01 00:00:00 - ERROR - FILE_CHECK - expect_column_value_lengths_to_be_between - NOM - Unexpected characters count of: [Ford Lobo...] on line  1600, value length should be between 10 and 255
2019-08-06 13:32:22,772 - VO - MX - MERCADOLIBRE - 2019-07-01 00:00:00 - ERROR - FILE_CHECK - expect_column_value_lengths_to_be_between - NOM - Unexpected characters count of: [Audi A4...] on line  1876, value length should be between 10 and 255
2019-08-06 13:32:22,772 - VO - MX - MERCADOLIBRE - 2019-07-01 00:00:00 - ERROR - FILE_CHECK - expect_column_value_lengths_to_be_between - NOM - Unexpected characters count of: [Bmw X5 M...] on line  2737, value length should be between 10 and 255
2019-08-06 13:32:22,772 - VO - MX - MERCADOLIBRE - 2019-07-01 00:00:00 - ERROR - FILE_CHECK - expect_column_value_lengths_to_be_between - NOM - Unexpected characters count of: [Volvo S70...] on line  3665, value length should be between 10 and 255
2019-08-06 13:32:22,772 - VO - MX - MERCADOLIBRE - 2019-07-01 00:00:00 - ERROR - FILE_CHECK - expect_column_value_lengths_to_be_between - NOM - Unexpected characters count of: [Ml 63 Amg...] on line  3831, value length should be between 10 and 255
2019-08-06 13:32:22,772 - VO - MX - MERCADOLIBRE - 2019-07-01 00:00:00 - ERROR - FILE_CHECK - expect_column_value_lengths_to_be_between - NOM - Unexpected characters count of: [Volvo V60...] on line  3883, value length should be between 10 and 255
2019-08-06 13:32:22,772 - VO - MX - MERCADOLIBRE - 2019-07-01 00:00:00 - ERROR - FILE_CHECK - expect_column_value_lengths_to_be_between - NOM - Unexpected characters count of: [Bmw 520...] on line  4083, value length should be between 10 and 255
2019-08-06 13:32:22,772 - VO - MX - MERCADOLIBRE - 2019-07-01 00:00:00 - ERROR - FILE_CHECK - expect_column_value_lengths_to_be_between - NOM - Unexpected characters count of: [Dodge Ram...] on line  4916, value length should be between 10 and 255
2019-08-06 13:32:22,772 - VO - MX - MERCADOLIBRE - 2019-07-01 00:00:00 - ERROR - FILE_CHECK - expect_column_value_lengths_to_be_between - NOM - Unexpected characters count of: [Ford Lobo...] on line  6880, value length should be between 10 and 255
2019-08-06 13:32:22,772 - VO - MX - MERCADOLIBRE - 2019-07-01 00:00:00 - ERROR - FILE_CHECK - expect_column_value_lengths_to_be_between - NOM - Unexpected characters count of: [Volvo V60...] on line  7110, value length should be between 10 and 255
2019-08-06 13:32:22,772 - VO - MX - MERCADOLIBRE - 2019-07-01 00:00:00 - ERROR - FILE_CHECK - expect_column_value_lengths_to_be_between - NOM - Unexpected characters count of: [BMW X6 X6...] on line  8655, value length should be between 10 and 255
2019-08-06 13:32:22,772 - VO - MX - MERCADOLIBRE - 2019-07-01 00:00:00 - ERROR - FILE_CHECK - expect_column_value_lengths_to_be_between - NOM - Unexpected characters count of: [Cr-v Ex...] on line  9348, value length should be between 10 and 255
2019-08-06 13:32:22,772 - VO - MX - MERCADOLIBRE - 2019-07-01 00:00:00 - ERROR - FILE_CHECK - expect_column_value_lengths_to_be_between - NOM - Unexpected characters count of: [Cherokee...] on line  9712, value length should be between 10 and 255
2019-08-06 13:32:22,772 - VO - MX - MERCADOLIBRE - 2019-07-01 00:00:00 - ERROR - FILE_CHECK - expect_column_value_lengths_to_be_between - NOM - Unexpected characters count of: [Bora 2008...] on line  9883, value length should be between 10 and 255
2019-08-06 13:32:22,772 - VO - MX - MERCADOLIBRE - 2019-07-01 00:00:00 - ERROR - FILE_CHECK - expect_column_value_lengths_to_be_between - NOM - Unexpected characters count of: [Ram 2500...] on line  10122, value length should be between 10 and 255
2019-08-06 13:32:22,772 - VO - MX - MERCADOLIBRE - 2019-07-01 00:00:00 - ERROR - FILE_CHECK - expect_column_value_lengths_to_be_between - NOM - Unexpected characters count of: [Ram 4000...] on line  10796, value length should be between 10 and 255
2019-08-06 13:32:22,773 - VO - MX - MERCADOLIBRE - 2019-07-01 00:00:00 - ERROR - FILE_CHECK - expect_column_value_lengths_to_be_between - NOM - Unexpected characters count of: [Cruze-d...] on line  10914, value length should be between 10 and 255
2019-08-06 13:32:22,773 - VO - MX - MERCADOLIBRE - 2019-07-01 00:00:00 - ERROR - FILE_CHECK - expect_column_value_lengths_to_be_between - NOM - Unexpected characters count of: [Chr 2019...] on line  11483, value length should be between 10 and 255
2019-08-06 13:32:22,773 - VO - MX - MERCADOLIBRE - 2019-07-01 00:00:00 - ERROR - FILE_CHECK - expect_column_value_lengths_to_be_between - NOM - Unexpected characters count of: [Original...] on line  13366, value length should be between 10 and 255
2019-08-06 13:32:22,773 - VO - MX - MERCADOLIBRE - 2019-07-01 00:00:00 - ERROR - STAT - expect_column_value_lengths_to_be_between - NOM - correctly filled rate (%) - 99.85
2019-08-06 13:32:22,773 - VO - MX - MERCADOLIBRE - 2019-07-01 00:00:00 - ERROR - STAT - expect_column_values_to_not_be_null - OPTIONS - correctly filled rate (%) - 76.38
2019-08-06 13:32:22,773 - VO - MX - MERCADOLIBRE - 2019-07-01 00:00:00 - ERROR - FILE_CHECK - expect_column_value_lengths_to_be_between - OPTIONS - Unexpected characters count of: ['PLANES DESDE 10% DE...] on line  7, value length should be between 0 and 255
2019-08-06 13:32:22,773 - VO - MX - MERCADOLIBRE - 2019-07-01 00:00:00 - ERROR - FILE_CHECK - expect_column_value_lengths_to_be_between - OPTIONS - Unexpected characters count of: ['IMPECABLE ODYSSEY '...] on line  14, value length should be between 0 and 255
2019-08-06 13:32:22,773 - VO - MX - MERCADOLIBRE - 2019-07-01 00:00:00 - ERROR - FILE_CHECK - expect_column_value_lengths_to_be_between - OPTIONS - Unexpected characters count of: ['Mas de 200 Vehiculo...] on line  18, value length should be between 0 and 255
2019-08-06 13:32:22,773 - VO - MX - MERCADOLIBRE - 2019-07-01 00:00:00 - ERROR - FILE_CHECK - expect_column_value_lengths_to_be_between - OPTIONS - Unexpected characters count of: ['Mas de 200 Vehiculo...] on line  20, value length should be between 0 and 255
2019-08-06 13:32:22,773 - VO - MX - MERCADOLIBRE - 2019-07-01 00:00:00 - ERROR - FILE_CHECK - expect_column_value_lengths_to_be_between - OPTIONS - Unexpected characters count of: ['IMPECABLE JEEP GRAN...] on line  30, value length should be between 0 and 255
2019-08-06 13:32:22,773 - VO - MX - MERCADOLIBRE - 2019-07-01 00:00:00 - ERROR - FILE_CHECK - expect_column_value_lengths_to_be_between - OPTIONS - Unexpected characters count of: ['EUROPARTES GDL', 'B...] on line  40, value length should be between 0 and 255
2019-08-06 13:32:22,773 - VO - MX - MERCADOLIBRE - 2019-07-01 00:00:00 - ERROR - FILE_CHECK - expect_column_value_lengths_to_be_between - OPTIONS - Unexpected characters count of: ['INTERIORES EN PIEL,...] on line  42, value length should be between 0 and 255
2019-08-06 13:32:22,773 - VO - MX - MERCADOLIBRE - 2019-07-01 00:00:00 - ERROR - FILE_CHECK - expect_column_value_lengths_to_be_between - OPTIONS - Unexpected characters count of: ['BMW X5 2009 8 CIL 4...] on line  45, value length should be between 0 and 255
2019-08-06 13:32:22,773 - VO - MX - MERCADOLIBRE - 2019-07-01 00:00:00 - ERROR - FILE_CHECK - expect_column_value_lengths_to_be_between - OPTIONS - Unexpected characters count of: ['MERCEDES C280 2008'...] on line  47, value length should be between 0 and 255
2019-08-06 13:32:22,773 - VO - MX - MERCADOLIBRE - 2019-07-01 00:00:00 - ERROR - FILE_CHECK - expect_column_value_lengths_to_be_between - OPTIONS - Unexpected characters count of: ['MERCEDES C280 2008'...] on line  48, value length should be between 0 and 255
2019-08-06 13:32:22,773 - VO - MX - MERCADOLIBRE - 2019-07-01 00:00:00 - ERROR - FILE_CHECK - expect_column_value_lengths_to_be_between - OPTIONS - Unexpected characters count of: ['MERCEDES C280 2008'...] on line  49, value length should be between 0 and 255
2019-08-06 13:32:22,774 - VO - MX - MERCADOLIBRE - 2019-07-01 00:00:00 - ERROR - FILE_CHECK - expect_column_value_lengths_to_be_between - OPTIONS - Unexpected characters count of: ['VENTA EN PARTES COR...] on line  52, value length should be between 0 and 255
2019-08-06 13:32:22,774 - VO - MX - MERCADOLIBRE - 2019-07-01 00:00:00 - ERROR - FILE_CHECK - expect_column_value_lengths_to_be_between - OPTIONS - Unexpected characters count of: ['VENTA EN PARTES CAM...] on line  53, value length should be between 0 and 255
2019-08-06 13:32:22,774 - VO - MX - MERCADOLIBRE - 2019-07-01 00:00:00 - ERROR - FILE_CHECK - expect_column_value_lengths_to_be_between - OPTIONS - Unexpected characters count of: ['VENTA EN PARTES END...] on line  54, value length should be between 0 and 255
2019-08-06 13:32:22,774 - VO - MX - MERCADOLIBRE - 2019-07-01 00:00:00 - ERROR - FILE_CHECK - expect_column_value_lengths_to_be_between - OPTIONS - Unexpected characters count of: ['SEMINUEVOS PUENTE T...] on line  55, value length should be between 0 and 255
2019-08-06 13:32:22,774 - VO - MX - MERCADOLIBRE - 2019-07-01 00:00:00 - ERROR - FILE_CHECK - expect_column_value_lengths_to_be_between - OPTIONS - Unexpected characters count of: ['SEMINUEVOS PUENTE t...] on line  56, value length should be between 0 and 255
2019-08-06 13:32:22,774 - VO - MX - MERCADOLIBRE - 2019-07-01 00:00:00 - ERROR - FILE_CHECK - expect_column_value_lengths_to_be_between - OPTIONS - Unexpected characters count of: ['Disponible para ent...] on line  57, value length should be between 0 and 255
2019-08-06 13:32:22,774 - VO - MX - MERCADOLIBRE - 2019-07-01 00:00:00 - ERROR - FILE_CHECK - expect_column_value_lengths_to_be_between - OPTIONS - Unexpected characters count of: ['BMW 325 2011', 'SOL...] on line  58, value length should be between 0 and 255
2019-08-06 13:32:22,774 - VO - MX - MERCADOLIBRE - 2019-07-01 00:00:00 - ERROR - FILE_CHECK - expect_column_value_lengths_to_be_between - OPTIONS - Unexpected characters count of: ['SEMINUEVOS PUENTE t...] on line  59, value length should be between 0 and 255
2019-08-06 13:32:22,774 - VO - MX - MERCADOLIBRE - 2019-07-01 00:00:00 - ERROR - FILE_CHECK - expect_column_value_lengths_to_be_between - OPTIONS - Unexpected characters count of: ['SEMINUEVOS PUENTE T...] on line  60, value length should be between 0 and 255
2019-08-06 13:32:22,774 - VO - MX - MERCADOLIBRE - 2019-07-01 00:00:00 - ERROR - STAT - expect_column_value_lengths_to_be_between - OPTIONS - correctly filled rate (%) - 36.77
2019-08-06 13:32:22,774 - VO - MX - MERCADOLIBRE - 2019-07-01 00:00:00 - ERROR - STAT - expect_column_values_to_be_in_type_list - PHOTO - correctly filled rate (%) - 100.0
2019-08-06 13:32:22,774 - VO - MX - MERCADOLIBRE - 2019-07-01 00:00:00 - ERROR - STAT - expect_column_values_to_not_be_null - PHOTO - correctly filled rate (%) - 100.0
2019-08-06 13:32:22,774 - VO - MX - MERCADOLIBRE - 2019-07-01 00:00:00 - ERROR - FILE_CHECK - expect_column_values_to_be_in_type_list - PLACE - Wrong type for value: 5.0 on line 3 should be in ['int']
2019-08-06 13:32:22,774 - VO - MX - MERCADOLIBRE - 2019-07-01 00:00:00 - ERROR - FILE_CHECK - expect_column_values_to_be_in_type_list - PLACE - Wrong type for value: 2.0 on line 5 should be in ['int']
2019-08-06 13:32:22,774 - VO - MX - MERCADOLIBRE - 2019-07-01 00:00:00 - ERROR - FILE_CHECK - expect_column_values_to_be_in_type_list - PLACE - Wrong type for value: 4.0 on line 7 should be in ['int']
2019-08-06 13:32:22,774 - VO - MX - MERCADOLIBRE - 2019-07-01 00:00:00 - ERROR - FILE_CHECK - expect_column_values_to_be_in_type_list - PLACE - Wrong type for value: 5.0 on line 8 should be in ['int']
2019-08-06 13:32:22,774 - VO - MX - MERCADOLIBRE - 2019-07-01 00:00:00 - ERROR - FILE_CHECK - expect_column_values_to_be_in_type_list - PLACE - Wrong type for value: 5.0 on line 13 should be in ['int']
2019-08-06 13:32:22,774 - VO - MX - MERCADOLIBRE - 2019-07-01 00:00:00 - ERROR - FILE_CHECK - expect_column_values_to_be_in_type_list - PLACE - Wrong type for value: 5.0 on line 14 should be in ['int']
2019-08-06 13:32:22,775 - VO - MX - MERCADOLIBRE - 2019-07-01 00:00:00 - ERROR - FILE_CHECK - expect_column_values_to_be_in_type_list - PLACE - Wrong type for value: 5.0 on line 18 should be in ['int']
2019-08-06 13:32:22,775 - VO - MX - MERCADOLIBRE - 2019-07-01 00:00:00 - ERROR - FILE_CHECK - expect_column_values_to_be_in_type_list - PLACE - Wrong type for value: 5.0 on line 24 should be in ['int']
2019-08-06 13:32:22,775 - VO - MX - MERCADOLIBRE - 2019-07-01 00:00:00 - ERROR - FILE_CHECK - expect_column_values_to_be_in_type_list - PLACE - Wrong type for value: 5.0 on line 25 should be in ['int']
2019-08-06 13:32:22,775 - VO - MX - MERCADOLIBRE - 2019-07-01 00:00:00 - ERROR - FILE_CHECK - expect_column_values_to_be_in_type_list - PLACE - Wrong type for value: 5.0 on line 27 should be in ['int']
2019-08-06 13:32:22,775 - VO - MX - MERCADOLIBRE - 2019-07-01 00:00:00 - ERROR - FILE_CHECK - expect_column_values_to_be_in_type_list - PLACE - Wrong type for value: 5.0 on line 28 should be in ['int']
2019-08-06 13:32:22,775 - VO - MX - MERCADOLIBRE - 2019-07-01 00:00:00 - ERROR - FILE_CHECK - expect_column_values_to_be_in_type_list - PLACE - Wrong type for value: 5.0 on line 30 should be in ['int']
2019-08-06 13:32:22,775 - VO - MX - MERCADOLIBRE - 2019-07-01 00:00:00 - ERROR - FILE_CHECK - expect_column_values_to_be_in_type_list - PLACE - Wrong type for value: 4.0 on line 31 should be in ['int']
2019-08-06 13:32:22,775 - VO - MX - MERCADOLIBRE - 2019-07-01 00:00:00 - ERROR - FILE_CHECK - expect_column_values_to_be_in_type_list - PLACE - Wrong type for value: 5.0 on line 32 should be in ['int']
2019-08-06 13:32:22,775 - VO - MX - MERCADOLIBRE - 2019-07-01 00:00:00 - ERROR - FILE_CHECK - expect_column_values_to_be_in_type_list - PLACE - Wrong type for value: 5.0 on line 33 should be in ['int']
2019-08-06 13:32:22,775 - VO - MX - MERCADOLIBRE - 2019-07-01 00:00:00 - ERROR - FILE_CHECK - expect_column_values_to_be_in_type_list - PLACE - Wrong type for value: 5.0 on line 34 should be in ['int']
2019-08-06 13:32:22,775 - VO - MX - MERCADOLIBRE - 2019-07-01 00:00:00 - ERROR - FILE_CHECK - expect_column_values_to_be_in_type_list - PLACE - Wrong type for value: 5.0 on line 35 should be in ['int']
2019-08-06 13:32:22,775 - VO - MX - MERCADOLIBRE - 2019-07-01 00:00:00 - ERROR - FILE_CHECK - expect_column_values_to_be_in_type_list - PLACE - Wrong type for value: 4.0 on line 36 should be in ['int']
2019-08-06 13:32:22,775 - VO - MX - MERCADOLIBRE - 2019-07-01 00:00:00 - ERROR - FILE_CHECK - expect_column_values_to_be_in_type_list - PLACE - Wrong type for value: 4.0 on line 37 should be in ['int']
2019-08-06 13:32:22,775 - VO - MX - MERCADOLIBRE - 2019-07-01 00:00:00 - ERROR - FILE_CHECK - expect_column_values_to_be_in_type_list - PLACE - Wrong type for value: 5.0 on line 38 should be in ['int']
2019-08-06 13:32:22,775 - VO - MX - MERCADOLIBRE - 2019-07-01 00:00:00 - ERROR - STAT - expect_column_values_to_be_in_type_list - PLACE - correctly filled rate (%) - 0.0
2019-08-06 13:32:22,775 - VO - MX - MERCADOLIBRE - 2019-07-01 00:00:00 - ERROR - STAT - expect_column_values_to_not_be_null - PLACE - correctly filled rate (%) - 73.09
2019-08-06 13:32:22,775 - VO - MX - MERCADOLIBRE - 2019-07-01 00:00:00 - ERROR - STAT - expect_column_values_to_not_be_null - PORTE - correctly filled rate (%) - 98.34
2019-08-06 13:32:22,775 - VO - MX - MERCADOLIBRE - 2019-07-01 00:00:00 - ERROR - STAT - expect_column_values_to_be_in_type_list - PORTE - correctly filled rate (%) - 100.0
2019-08-06 13:32:22,776 - VO - MX - MERCADOLIBRE - 2019-07-01 00:00:00 - ERROR - FILE_CHECK - expect_column_values_to_be_in_type_list - PRIX - Wrong type for value: 325000 MXN on line 0 should be in ['int']
2019-08-06 13:32:22,776 - VO - MX - MERCADOLIBRE - 2019-07-01 00:00:00 - ERROR - FILE_CHECK - expect_column_values_to_be_in_type_list - PRIX - Wrong type for value: 185000 MXN on line 1 should be in ['int']
2019-08-06 13:32:22,776 - VO - MX - MERCADOLIBRE - 2019-07-01 00:00:00 - ERROR - FILE_CHECK - expect_column_values_to_be_in_type_list - PRIX - Wrong type for value: 235000 MXN on line 2 should be in ['int']
2019-08-06 13:32:22,776 - VO - MX - MERCADOLIBRE - 2019-07-01 00:00:00 - ERROR - FILE_CHECK - expect_column_values_to_be_in_type_list - PRIX - Wrong type for value: 325000 MXN on line 3 should be in ['int']
2019-08-06 13:32:22,776 - VO - MX - MERCADOLIBRE - 2019-07-01 00:00:00 - ERROR - FILE_CHECK - expect_column_values_to_be_in_type_list - PRIX - Wrong type for value: 205000 MXN on line 4 should be in ['int']
2019-08-06 13:32:22,776 - VO - MX - MERCADOLIBRE - 2019-07-01 00:00:00 - ERROR - FILE_CHECK - expect_column_values_to_be_in_type_list - PRIX - Wrong type for value: 114000 MXN on line 5 should be in ['int']
2019-08-06 13:32:22,776 - VO - MX - MERCADOLIBRE - 2019-07-01 00:00:00 - ERROR - FILE_CHECK - expect_column_values_to_be_in_type_list - PRIX - Wrong type for value: 216200 MXN on line 6 should be in ['int']
2019-08-06 13:32:22,776 - VO - MX - MERCADOLIBRE - 2019-07-01 00:00:00 - ERROR - FILE_CHECK - expect_column_values_to_be_in_type_list - PRIX - Wrong type for value: 207480 MXN on line 7 should be in ['int']
2019-08-06 13:32:22,776 - VO - MX - MERCADOLIBRE - 2019-07-01 00:00:00 - ERROR - FILE_CHECK - expect_column_values_to_be_in_type_list - PRIX - Wrong type for value: 165000 MXN on line 8 should be in ['int']
2019-08-06 13:32:22,776 - VO - MX - MERCADOLIBRE - 2019-07-01 00:00:00 - ERROR - FILE_CHECK - expect_column_values_to_be_in_type_list - PRIX - Wrong type for value: 250000 MXN on line 9 should be in ['int']
2019-08-06 13:32:22,776 - VO - MX - MERCADOLIBRE - 2019-07-01 00:00:00 - ERROR - FILE_CHECK - expect_column_values_to_be_in_type_list - PRIX - Wrong type for value: 172000 MXN on line 10 should be in ['int']
2019-08-06 13:32:22,776 - VO - MX - MERCADOLIBRE - 2019-07-01 00:00:00 - ERROR - FILE_CHECK - expect_column_values_to_be_in_type_list - PRIX - Wrong type for value: 310000 MXN on line 11 should be in ['int']
2019-08-06 13:32:22,776 - VO - MX - MERCADOLIBRE - 2019-07-01 00:00:00 - ERROR - FILE_CHECK - expect_column_values_to_be_in_type_list - PRIX - Wrong type for value: 308000 MXN on line 12 should be in ['int']
2019-08-06 13:32:22,776 - VO - MX - MERCADOLIBRE - 2019-07-01 00:00:00 - ERROR - FILE_CHECK - expect_column_values_to_be_in_type_list - PRIX - Wrong type for value: 415000 MXN on line 13 should be in ['int']
2019-08-06 13:32:22,776 - VO - MX - MERCADOLIBRE - 2019-07-01 00:00:00 - ERROR - FILE_CHECK - expect_column_values_to_be_in_type_list - PRIX - Wrong type for value: 139500 MXN on line 14 should be in ['int']
2019-08-06 13:32:22,776 - VO - MX - MERCADOLIBRE - 2019-07-01 00:00:00 - ERROR - FILE_CHECK - expect_column_values_to_be_in_type_list - PRIX - Wrong type for value: 45000 MXN on line 15 should be in ['int']
2019-08-06 13:32:22,776 - VO - MX - MERCADOLIBRE - 2019-07-01 00:00:00 - ERROR - FILE_CHECK - expect_column_values_to_be_in_type_list - PRIX - Wrong type for value: 590000 MXN on line 16 should be in ['int']
2019-08-06 13:32:22,776 - VO - MX - MERCADOLIBRE - 2019-07-01 00:00:00 - ERROR - FILE_CHECK - expect_column_values_to_be_in_type_list - PRIX - Wrong type for value: 475000 MXN on line 17 should be in ['int']
2019-08-06 13:32:22,777 - VO - MX - MERCADOLIBRE - 2019-07-01 00:00:00 - ERROR - FILE_CHECK - expect_column_values_to_be_in_type_list - PRIX - Wrong type for value: 550000 MXN on line 18 should be in ['int']
2019-08-06 13:32:22,777 - VO - MX - MERCADOLIBRE - 2019-07-01 00:00:00 - ERROR - FILE_CHECK - expect_column_values_to_be_in_type_list - PRIX - Wrong type for value: 630000 MXN on line 19 should be in ['int']
2019-08-06 13:32:22,777 - VO - MX - MERCADOLIBRE - 2019-07-01 00:00:00 - ERROR - STAT - expect_column_values_to_be_in_type_list - PRIX - correctly filled rate (%) - 0.0
2019-08-06 13:32:22,777 - VO - MX - MERCADOLIBRE - 2019-07-01 00:00:00 - ERROR - STAT - expect_column_values_to_not_be_null - PRIX - correctly filled rate (%) - 100.0
2019-08-06 13:32:22,777 - VO - MX - MERCADOLIBRE - 2019-07-01 00:00:00 - ERROR - STAT - expect_column_values_to_not_be_null - PROVINCE - correctly filled rate (%) - 0.0
2019-08-06 13:32:22,777 - VO - MX - MERCADOLIBRE - 2019-07-01 00:00:00 - ERROR - STAT - expect_column_values_to_not_be_null - SITE - correctly filled rate (%) - 100.0
2019-08-06 13:32:22,777 - VO - MX - MERCADOLIBRE - 2019-07-01 00:00:00 - ERROR - STAT - expect_column_values_to_not_be_null - TELEPHONE - correctly filled rate (%) - 99.95
2019-08-06 13:32:22,777 - VO - MX - MERCADOLIBRE - 2019-07-01 00:00:00 - ERROR - STAT - expect_column_values_to_be_phone_number - TELEPHONE - correctly filled rate (%) - 99.35
2019-08-06 13:32:22,777 - VO - MX - MERCADOLIBRE - 2019-07-01 00:00:00 - ERROR - STAT - expect_column_values_to_not_be_null - TYPE - correctly filled rate (%) - 99.96
2019-08-06 13:32:22,777 - VO - MX - MERCADOLIBRE - 2019-07-01 00:00:00 - ERROR - STAT - expect_column_values_to_be_in_set_2 - TYPE - observed proportion - 100.0
2019-08-06 13:32:22,777 - VO - MX - MERCADOLIBRE - 2019-07-01 00:00:00 - ERROR - STAT - expect_column_values_to_not_be_null - VILLE - correctly filled rate (%) - 0.0
2019-08-06 13:32:22,777 - VO - MX - MERCADOLIBRE - 2019-07-01 00:00:00 - ERROR - STAT - expect_column_values_to_not_be_null - VN_IND - correctly filled rate (%) - 0.0
2019-08-06 13:32:22,777 - VO - MX - MERCADOLIBRE - 2019-07-01 00:00:00 - ERROR - STAT - expect_returning_row_count_on_conditions - DEALER_USEDCARS - total number of row with conditions - 48936
2019-08-06 13:32:22,777 - VO - MX - MERCADOLIBRE - 2019-07-01 00:00:00 - ERROR - STAT - expect_returning_row_count_on_conditions - PRIVATE_USEDCARS - total number of row with conditions - 34123
2019-08-06 13:32:22,777 - VO - MX - MERCADOLIBRE - 2019-07-01 00:00:00 - ERROR - STAT - expect_returning_row_unique_count - CARROSSERIE - total number of unique rows - 33
2019-08-06 13:32:22,777 - VO - MX - MERCADOLIBRE - 2019-07-01 00:00:00 - ERROR - STAT - expect_returning_row_unique_count - CARBURANT - total number of unique rows - 6
2019-08-06 13:32:22,777 - VO - MX - MERCADOLIBRE - 2019-07-01 00:00:00 - ERROR - STAT - expect_column_values_to_not_be_null - CYLINDRE - correctly filled rate (%) - 76.88
2019-08-06 13:32:22,778 - VO - MX - MERCADOLIBRE - 2019-07-01 00:00:00 - ERROR - FILE_CHECK - expect_column_values_to_be_in_type_list - CYLINDRE - Wrong type for value: 5.4 L on line 3 should be in ['int']
2019-08-06 13:32:22,778 - VO - MX - MERCADOLIBRE - 2019-07-01 00:00:00 - ERROR - FILE_CHECK - expect_column_values_to_be_in_type_list - CYLINDRE - Wrong type for value: 4.6 L on line 5 should be in ['int']
2019-08-06 13:32:22,778 - VO - MX - MERCADOLIBRE - 2019-07-01 00:00:00 - ERROR - FILE_CHECK - expect_column_values_to_be_in_type_list - CYLINDRE - Wrong type for value: 1193 on line 7 should be in ['int']
2019-08-06 13:32:22,778 - VO - MX - MERCADOLIBRE - 2019-07-01 00:00:00 - ERROR - FILE_CHECK - expect_column_values_to_be_in_type_list - CYLINDRE - Wrong type for value: 1800 on line 8 should be in ['int']
2019-08-06 13:32:22,778 - VO - MX - MERCADOLIBRE - 2019-07-01 00:00:00 - ERROR - FILE_CHECK - expect_column_values_to_be_in_type_list - CYLINDRE - Wrong type for value: 2 L on line 13 should be in ['int']
2019-08-06 13:32:22,778 - VO - MX - MERCADOLIBRE - 2019-07-01 00:00:00 - ERROR - FILE_CHECK - expect_column_values_to_be_in_type_list - CYLINDRE - Wrong type for value: 3.5 L on line 14 should be in ['int']
2019-08-06 13:32:22,778 - VO - MX - MERCADOLIBRE - 2019-07-01 00:00:00 - ERROR - FILE_CHECK - expect_column_values_to_be_in_type_list - CYLINDRE - Wrong type for value: 6.2 L on line 18 should be in ['int']
2019-08-06 13:32:22,778 - VO - MX - MERCADOLIBRE - 2019-07-01 00:00:00 - ERROR - FILE_CHECK - expect_column_values_to_be_in_type_list - CYLINDRE - Wrong type for value: 1.6 L on line 22 should be in ['int']
2019-08-06 13:32:22,778 - VO - MX - MERCADOLIBRE - 2019-07-01 00:00:00 - ERROR - FILE_CHECK - expect_column_values_to_be_in_type_list - CYLINDRE - Wrong type for value: 5.3 L on line 24 should be in ['int']
2019-08-06 13:32:22,778 - VO - MX - MERCADOLIBRE - 2019-07-01 00:00:00 - ERROR - FILE_CHECK - expect_column_values_to_be_in_type_list - CYLINDRE - Wrong type for value: 5.3 L on line 27 should be in ['int']
2019-08-06 13:32:22,778 - VO - MX - MERCADOLIBRE - 2019-07-01 00:00:00 - ERROR - FILE_CHECK - expect_column_values_to_be_in_type_list - CYLINDRE - Wrong type for value: 5.3 L on line 28 should be in ['int']
2019-08-06 13:32:22,778 - VO - MX - MERCADOLIBRE - 2019-07-01 00:00:00 - ERROR - FILE_CHECK - expect_column_values_to_be_in_type_list - CYLINDRE - Wrong type for value: 3.6 L on line 30 should be in ['int']
2019-08-06 13:32:22,778 - VO - MX - MERCADOLIBRE - 2019-07-01 00:00:00 - ERROR - FILE_CHECK - expect_column_values_to_be_in_type_list - CYLINDRE - Wrong type for value: 1.8 L on line 31 should be in ['int']
2019-08-06 13:32:22,778 - VO - MX - MERCADOLIBRE - 2019-07-01 00:00:00 - ERROR - FILE_CHECK - expect_column_values_to_be_in_type_list - CYLINDRE - Wrong type for value: 4.7 L on line 32 should be in ['int']
2019-08-06 13:32:22,778 - VO - MX - MERCADOLIBRE - 2019-07-01 00:00:00 - ERROR - FILE_CHECK - expect_column_values_to_be_in_type_list - CYLINDRE - Wrong type for value: 2521 on line 33 should be in ['int']
2019-08-06 13:32:22,778 - VO - MX - MERCADOLIBRE - 2019-07-01 00:00:00 - ERROR - FILE_CHECK - expect_column_values_to_be_in_type_list - CYLINDRE - Wrong type for value: 2521 on line 34 should be in ['int']
2019-08-06 13:32:22,778 - VO - MX - MERCADOLIBRE - 2019-07-01 00:00:00 - ERROR - FILE_CHECK - expect_column_values_to_be_in_type_list - CYLINDRE - Wrong type for value: 2.5 L on line 35 should be in ['int']
2019-08-06 13:32:22,778 - VO - MX - MERCADOLIBRE - 2019-07-01 00:00:00 - ERROR - FILE_CHECK - expect_column_values_to_be_in_type_list - CYLINDRE - Wrong type for value: 1.8 L on line 36 should be in ['int']
2019-08-06 13:32:22,778 - VO - MX - MERCADOLIBRE - 2019-07-01 00:00:00 - ERROR - FILE_CHECK - expect_column_values_to_be_in_type_list - CYLINDRE - Wrong type for value: 2.8 L on line 37 should be in ['int']
2019-08-06 13:32:22,779 - VO - MX - MERCADOLIBRE - 2019-07-01 00:00:00 - ERROR - FILE_CHECK - expect_column_values_to_be_in_type_list - CYLINDRE - Wrong type for value: 3.6 L on line 38 should be in ['int']
2019-08-06 13:32:22,779 - VO - MX - MERCADOLIBRE - 2019-07-01 00:00:00 - ERROR - STAT - expect_column_values_to_be_in_type_list - CYLINDRE - correctly filled rate (%) - 0.0
2019-08-06 13:32:22,779 - VO - MX - MERCADOLIBRE - 2019-07-01 00:00:00 - ERROR - STAT - expect_returning_row_unique_count - PROVINCE - total number of unique rows - 0
2019-08-06 13:32:22,779 - VO - MX - MERCADOLIBRE - 2019-07-01 00:00:00 - ERROR - STAT - expect_returning_row_unique_count - VILLE - total number of unique rows - 0
2019-08-06 13:32:22,779 - VO - MX - MERCADOLIBRE - 2019-07-01 00:00:00 - ERROR - STAT - expect_returning_row_unique_count - DEPARTEMENT - total number of unique rows - 0
2019-08-06 13:32:22,779 - VO - MX - MERCADOLIBRE - 2019-07-01 00:00:00 - ERROR - STAT - expect_returning_row_unique_count - GARAGE_ID - total number of unique rows - 0
