2019-07-17 04:15:26,302 - VO - CA - LETGO - 2019-07-01 00:00:00 - ERROR - STAT - expect_column_values_to_not_be_null - ADRESSE - correctly filled rate (%) - 0.0
2019-07-17 04:15:26,302 - VO - CA - LETGO - 2019-07-01 00:00:00 - ERROR - STAT - expect_column_values_to_be_in_type_list - ANNEE - correctly filled rate (%) - 100.0
2019-07-17 04:15:26,302 - VO - CA - LETGO - 2019-07-01 00:00:00 - ERROR - FILE_CHECK - expect_column_values_to_be_between - ANNEE - Unexpected value: 0 on line 13, value should be between 1980 and 2019
2019-07-17 04:15:26,302 - VO - CA - LETGO - 2019-07-01 00:00:00 - ERROR - FILE_CHECK - expect_column_values_to_be_between - ANNEE - Unexpected value: 0 on line 15, value should be between 1980 and 2019
2019-07-17 04:15:26,302 - VO - CA - LETGO - 2019-07-01 00:00:00 - ERROR - FILE_CHECK - expect_column_values_to_be_between - ANNEE - Unexpected value: 0 on line 23, value should be between 1980 and 2019
2019-07-17 04:15:26,302 - VO - CA - LETGO - 2019-07-01 00:00:00 - ERROR - FILE_CHECK - expect_column_values_to_be_between - ANNEE - Unexpected value: 0 on line 24, value should be between 1980 and 2019
2019-07-17 04:15:26,302 - VO - CA - LETGO - 2019-07-01 00:00:00 - ERROR - FILE_CHECK - expect_column_values_to_be_between - ANNEE - Unexpected value: 0 on line 34, value should be between 1980 and 2019
2019-07-17 04:15:26,302 - VO - CA - LETGO - 2019-07-01 00:00:00 - ERROR - FILE_CHECK - expect_column_values_to_be_between - ANNEE - Unexpected value: 0 on line 37, value should be between 1980 and 2019
2019-07-17 04:15:26,302 - VO - CA - LETGO - 2019-07-01 00:00:00 - ERROR - FILE_CHECK - expect_column_values_to_be_between - ANNEE - Unexpected value: 0 on line 38, value should be between 1980 and 2019
2019-07-17 04:15:26,302 - VO - CA - LETGO - 2019-07-01 00:00:00 - ERROR - FILE_CHECK - expect_column_values_to_be_between - ANNEE - Unexpected value: 0 on line 55, value should be between 1980 and 2019
2019-07-17 04:15:26,302 - VO - CA - LETGO - 2019-07-01 00:00:00 - ERROR - FILE_CHECK - expect_column_values_to_be_between - ANNEE - Unexpected value: 0 on line 58, value should be between 1980 and 2019
2019-07-17 04:15:26,303 - VO - CA - LETGO - 2019-07-01 00:00:00 - ERROR - FILE_CHECK - expect_column_values_to_be_between - ANNEE - Unexpected value: 0 on line 59, value should be between 1980 and 2019
2019-07-17 04:15:26,303 - VO - CA - LETGO - 2019-07-01 00:00:00 - ERROR - FILE_CHECK - expect_column_values_to_be_between - ANNEE - Unexpected value: 0 on line 65, value should be between 1980 and 2019
2019-07-17 04:15:26,303 - VO - CA - LETGO - 2019-07-01 00:00:00 - ERROR - FILE_CHECK - expect_column_values_to_be_between - ANNEE - Unexpected value: 0 on line 68, value should be between 1980 and 2019
2019-07-17 04:15:26,303 - VO - CA - LETGO - 2019-07-01 00:00:00 - ERROR - FILE_CHECK - expect_column_values_to_be_between - ANNEE - Unexpected value: 0 on line 70, value should be between 1980 and 2019
2019-07-17 04:15:26,303 - VO - CA - LETGO - 2019-07-01 00:00:00 - ERROR - FILE_CHECK - expect_column_values_to_be_between - ANNEE - Unexpected value: 0 on line 75, value should be between 1980 and 2019
2019-07-17 04:15:26,303 - VO - CA - LETGO - 2019-07-01 00:00:00 - ERROR - FILE_CHECK - expect_column_values_to_be_between - ANNEE - Unexpected value: 0 on line 80, value should be between 1980 and 2019
2019-07-17 04:15:26,303 - VO - CA - LETGO - 2019-07-01 00:00:00 - ERROR - FILE_CHECK - expect_column_values_to_be_between - ANNEE - Unexpected value: 0 on line 84, value should be between 1980 and 2019
2019-07-17 04:15:26,303 - VO - CA - LETGO - 2019-07-01 00:00:00 - ERROR - FILE_CHECK - expect_column_values_to_be_between - ANNEE - Unexpected value: 0 on line 89, value should be between 1980 and 2019
2019-07-17 04:15:26,303 - VO - CA - LETGO - 2019-07-01 00:00:00 - ERROR - FILE_CHECK - expect_column_values_to_be_between - ANNEE - Unexpected value: 0 on line 96, value should be between 1980 and 2019
2019-07-17 04:15:26,303 - VO - CA - LETGO - 2019-07-01 00:00:00 - ERROR - FILE_CHECK - expect_column_values_to_be_between - ANNEE - Unexpected value: 0 on line 97, value should be between 1980 and 2019
2019-07-17 04:15:26,303 - VO - CA - LETGO - 2019-07-01 00:00:00 - ERROR - FILE_CHECK - expect_column_values_to_be_between - ANNEE - Unexpected value: 0 on line 110, value should be between 1980 and 2019
2019-07-17 04:15:26,303 - VO - CA - LETGO - 2019-07-01 00:00:00 - ERROR - STAT - expect_column_values_to_be_between - ANNEE - correctly filled rate (%) - 78.91
2019-07-17 04:15:26,303 - VO - CA - LETGO - 2019-07-01 00:00:00 - ERROR - STAT - expect_column_values_to_not_be_null - ANNEE - correctly filled rate (%) - 100.0
2019-07-17 04:15:26,303 - VO - CA - LETGO - 2019-07-01 00:00:00 - ERROR - FILE_CHECK - expect_column_values_to_match_regex - ANNEE - Unexpected value: 0 on line 13, value should match regexp ^[0-9]{4}$
2019-07-17 04:15:26,303 - VO - CA - LETGO - 2019-07-01 00:00:00 - ERROR - FILE_CHECK - expect_column_values_to_match_regex - ANNEE - Unexpected value: 0 on line 15, value should match regexp ^[0-9]{4}$
2019-07-17 04:15:26,303 - VO - CA - LETGO - 2019-07-01 00:00:00 - ERROR - FILE_CHECK - expect_column_values_to_match_regex - ANNEE - Unexpected value: 0 on line 23, value should match regexp ^[0-9]{4}$
2019-07-17 04:15:26,303 - VO - CA - LETGO - 2019-07-01 00:00:00 - ERROR - FILE_CHECK - expect_column_values_to_match_regex - ANNEE - Unexpected value: 0 on line 24, value should match regexp ^[0-9]{4}$
2019-07-17 04:15:26,303 - VO - CA - LETGO - 2019-07-01 00:00:00 - ERROR - FILE_CHECK - expect_column_values_to_match_regex - ANNEE - Unexpected value: 0 on line 34, value should match regexp ^[0-9]{4}$
2019-07-17 04:15:26,304 - VO - CA - LETGO - 2019-07-01 00:00:00 - ERROR - FILE_CHECK - expect_column_values_to_match_regex - ANNEE - Unexpected value: 0 on line 37, value should match regexp ^[0-9]{4}$
2019-07-17 04:15:26,304 - VO - CA - LETGO - 2019-07-01 00:00:00 - ERROR - FILE_CHECK - expect_column_values_to_match_regex - ANNEE - Unexpected value: 0 on line 38, value should match regexp ^[0-9]{4}$
2019-07-17 04:15:26,304 - VO - CA - LETGO - 2019-07-01 00:00:00 - ERROR - FILE_CHECK - expect_column_values_to_match_regex - ANNEE - Unexpected value: 0 on line 55, value should match regexp ^[0-9]{4}$
2019-07-17 04:15:26,304 - VO - CA - LETGO - 2019-07-01 00:00:00 - ERROR - FILE_CHECK - expect_column_values_to_match_regex - ANNEE - Unexpected value: 0 on line 58, value should match regexp ^[0-9]{4}$
2019-07-17 04:15:26,304 - VO - CA - LETGO - 2019-07-01 00:00:00 - ERROR - FILE_CHECK - expect_column_values_to_match_regex - ANNEE - Unexpected value: 0 on line 59, value should match regexp ^[0-9]{4}$
2019-07-17 04:15:26,304 - VO - CA - LETGO - 2019-07-01 00:00:00 - ERROR - FILE_CHECK - expect_column_values_to_match_regex - ANNEE - Unexpected value: 0 on line 65, value should match regexp ^[0-9]{4}$
2019-07-17 04:15:26,304 - VO - CA - LETGO - 2019-07-01 00:00:00 - ERROR - FILE_CHECK - expect_column_values_to_match_regex - ANNEE - Unexpected value: 0 on line 68, value should match regexp ^[0-9]{4}$
2019-07-17 04:15:26,304 - VO - CA - LETGO - 2019-07-01 00:00:00 - ERROR - FILE_CHECK - expect_column_values_to_match_regex - ANNEE - Unexpected value: 0 on line 70, value should match regexp ^[0-9]{4}$
2019-07-17 04:15:26,304 - VO - CA - LETGO - 2019-07-01 00:00:00 - ERROR - FILE_CHECK - expect_column_values_to_match_regex - ANNEE - Unexpected value: 0 on line 75, value should match regexp ^[0-9]{4}$
2019-07-17 04:15:26,304 - VO - CA - LETGO - 2019-07-01 00:00:00 - ERROR - FILE_CHECK - expect_column_values_to_match_regex - ANNEE - Unexpected value: 0 on line 80, value should match regexp ^[0-9]{4}$
2019-07-17 04:15:26,304 - VO - CA - LETGO - 2019-07-01 00:00:00 - ERROR - FILE_CHECK - expect_column_values_to_match_regex - ANNEE - Unexpected value: 0 on line 84, value should match regexp ^[0-9]{4}$
2019-07-17 04:15:26,304 - VO - CA - LETGO - 2019-07-01 00:00:00 - ERROR - FILE_CHECK - expect_column_values_to_match_regex - ANNEE - Unexpected value: 0 on line 89, value should match regexp ^[0-9]{4}$
2019-07-17 04:15:26,304 - VO - CA - LETGO - 2019-07-01 00:00:00 - ERROR - FILE_CHECK - expect_column_values_to_match_regex - ANNEE - Unexpected value: 0 on line 96, value should match regexp ^[0-9]{4}$
2019-07-17 04:15:26,304 - VO - CA - LETGO - 2019-07-01 00:00:00 - ERROR - FILE_CHECK - expect_column_values_to_match_regex - ANNEE - Unexpected value: 0 on line 97, value should match regexp ^[0-9]{4}$
2019-07-17 04:15:26,304 - VO - CA - LETGO - 2019-07-01 00:00:00 - ERROR - FILE_CHECK - expect_column_values_to_match_regex - ANNEE - Unexpected value: 0 on line 110, value should match regexp ^[0-9]{4}$
2019-07-17 04:15:26,304 - VO - CA - LETGO - 2019-07-01 00:00:00 - ERROR - STAT - expect_column_values_to_match_regex - ANNEE - correctly filled rate (%) - 80.06
2019-07-17 04:15:26,304 - VO - CA - LETGO - 2019-07-01 00:00:00 - ERROR - STAT - expect_column_values_to_not_be_null - ANNONCE_LINK - correctly filled rate (%) - 100.0
2019-07-17 04:15:26,304 - VO - CA - LETGO - 2019-07-01 00:00:00 - ERROR - STAT - expect_column_values_to_be_unique - ANNONCE_LINK - observed proportion - 100.0
2019-07-17 04:15:26,304 - VO - CA - LETGO - 2019-07-01 00:00:00 - ERROR - STAT - expect_column_values_to_not_be_null - CARBURANT - correctly filled rate (%) - 0.44
2019-07-17 04:15:26,305 - VO - CA - LETGO - 2019-07-01 00:00:00 - ERROR - STAT - expect_column_values_to_not_be_null - CARROSSERIE - correctly filled rate (%) - 0.0
2019-07-17 04:15:26,305 - VO - CA - LETGO - 2019-07-01 00:00:00 - ERROR - STAT - expect_column_values_to_not_be_null - CP - correctly filled rate (%) - 92.42
2019-07-17 04:15:26,305 - VO - CA - LETGO - 2019-07-01 00:00:00 - ERROR - FILE_CHECK - expect_column_values_to_match_regex - CP - Unexpected value: M3C on line 25, value should match regexp [A-Z]{1}[0-9]{1}[A-Z]{1} [0-9]{1}[A-Z]{1}[0-9]{1}
2019-07-17 04:15:26,305 - VO - CA - LETGO - 2019-07-01 00:00:00 - ERROR - FILE_CHECK - expect_column_values_to_match_regex - CP - Unexpected value: M9L on line 45, value should match regexp [A-Z]{1}[0-9]{1}[A-Z]{1} [0-9]{1}[A-Z]{1}[0-9]{1}
2019-07-17 04:15:26,305 - VO - CA - LETGO - 2019-07-01 00:00:00 - ERROR - FILE_CHECK - expect_column_values_to_match_regex - CP - Unexpected value: L4A on line 49, value should match regexp [A-Z]{1}[0-9]{1}[A-Z]{1} [0-9]{1}[A-Z]{1}[0-9]{1}
2019-07-17 04:15:26,305 - VO - CA - LETGO - 2019-07-01 00:00:00 - ERROR - FILE_CHECK - expect_column_values_to_match_regex - CP - Unexpected value: M5B on line 52, value should match regexp [A-Z]{1}[0-9]{1}[A-Z]{1} [0-9]{1}[A-Z]{1}[0-9]{1}
2019-07-17 04:15:26,305 - VO - CA - LETGO - 2019-07-01 00:00:00 - ERROR - FILE_CHECK - expect_column_values_to_match_regex - CP - Unexpected value: J8T on line 53, value should match regexp [A-Z]{1}[0-9]{1}[A-Z]{1} [0-9]{1}[A-Z]{1}[0-9]{1}
2019-07-17 04:15:26,305 - VO - CA - LETGO - 2019-07-01 00:00:00 - ERROR - FILE_CHECK - expect_column_values_to_match_regex - CP - Unexpected value: T6H on line 69, value should match regexp [A-Z]{1}[0-9]{1}[A-Z]{1} [0-9]{1}[A-Z]{1}[0-9]{1}
2019-07-17 04:15:26,305 - VO - CA - LETGO - 2019-07-01 00:00:00 - ERROR - FILE_CHECK - expect_column_values_to_match_regex - CP - Unexpected value: V3E on line 90, value should match regexp [A-Z]{1}[0-9]{1}[A-Z]{1} [0-9]{1}[A-Z]{1}[0-9]{1}
2019-07-17 04:15:26,305 - VO - CA - LETGO - 2019-07-01 00:00:00 - ERROR - FILE_CHECK - expect_column_values_to_match_regex - CP - Unexpected value: H9A on line 94, value should match regexp [A-Z]{1}[0-9]{1}[A-Z]{1} [0-9]{1}[A-Z]{1}[0-9]{1}
2019-07-17 04:15:26,305 - VO - CA - LETGO - 2019-07-01 00:00:00 - ERROR - FILE_CHECK - expect_column_values_to_match_regex - CP - Unexpected value: L5N on line 100, value should match regexp [A-Z]{1}[0-9]{1}[A-Z]{1} [0-9]{1}[A-Z]{1}[0-9]{1}
2019-07-17 04:15:26,305 - VO - CA - LETGO - 2019-07-01 00:00:00 - ERROR - FILE_CHECK - expect_column_values_to_match_regex - CP - Unexpected value: J6X on line 101, value should match regexp [A-Z]{1}[0-9]{1}[A-Z]{1} [0-9]{1}[A-Z]{1}[0-9]{1}
2019-07-17 04:15:26,305 - VO - CA - LETGO - 2019-07-01 00:00:00 - ERROR - FILE_CHECK - expect_column_values_to_match_regex - CP - Unexpected value: T5T on line 104, value should match regexp [A-Z]{1}[0-9]{1}[A-Z]{1} [0-9]{1}[A-Z]{1}[0-9]{1}
2019-07-17 04:15:26,305 - VO - CA - LETGO - 2019-07-01 00:00:00 - ERROR - FILE_CHECK - expect_column_values_to_match_regex - CP - Unexpected value: L3T on line 113, value should match regexp [A-Z]{1}[0-9]{1}[A-Z]{1} [0-9]{1}[A-Z]{1}[0-9]{1}
2019-07-17 04:15:26,305 - VO - CA - LETGO - 2019-07-01 00:00:00 - ERROR - FILE_CHECK - expect_column_values_to_match_regex - CP - Unexpected value: M9L on line 125, value should match regexp [A-Z]{1}[0-9]{1}[A-Z]{1} [0-9]{1}[A-Z]{1}[0-9]{1}
2019-07-17 04:15:26,305 - VO - CA - LETGO - 2019-07-01 00:00:00 - ERROR - FILE_CHECK - expect_column_values_to_match_regex - CP - Unexpected value: M9L on line 142, value should match regexp [A-Z]{1}[0-9]{1}[A-Z]{1} [0-9]{1}[A-Z]{1}[0-9]{1}
2019-07-17 04:15:26,305 - VO - CA - LETGO - 2019-07-01 00:00:00 - ERROR - FILE_CHECK - expect_column_values_to_match_regex - CP - Unexpected value: M9L on line 153, value should match regexp [A-Z]{1}[0-9]{1}[A-Z]{1} [0-9]{1}[A-Z]{1}[0-9]{1}
2019-07-17 04:15:26,306 - VO - CA - LETGO - 2019-07-01 00:00:00 - ERROR - FILE_CHECK - expect_column_values_to_match_regex - CP - Unexpected value: L7R on line 158, value should match regexp [A-Z]{1}[0-9]{1}[A-Z]{1} [0-9]{1}[A-Z]{1}[0-9]{1}
2019-07-17 04:15:26,306 - VO - CA - LETGO - 2019-07-01 00:00:00 - ERROR - FILE_CHECK - expect_column_values_to_match_regex - CP - Unexpected value: L4K on line 171, value should match regexp [A-Z]{1}[0-9]{1}[A-Z]{1} [0-9]{1}[A-Z]{1}[0-9]{1}
2019-07-17 04:15:26,306 - VO - CA - LETGO - 2019-07-01 00:00:00 - ERROR - FILE_CHECK - expect_column_values_to_match_regex - CP - Unexpected value: L7E on line 173, value should match regexp [A-Z]{1}[0-9]{1}[A-Z]{1} [0-9]{1}[A-Z]{1}[0-9]{1}
2019-07-17 04:15:26,306 - VO - CA - LETGO - 2019-07-01 00:00:00 - ERROR - FILE_CHECK - expect_column_values_to_match_regex - CP - Unexpected value: K2B on line 183, value should match regexp [A-Z]{1}[0-9]{1}[A-Z]{1} [0-9]{1}[A-Z]{1}[0-9]{1}
2019-07-17 04:15:26,306 - VO - CA - LETGO - 2019-07-01 00:00:00 - ERROR - FILE_CHECK - expect_column_values_to_match_regex - CP - Unexpected value: V3S on line 201, value should match regexp [A-Z]{1}[0-9]{1}[A-Z]{1} [0-9]{1}[A-Z]{1}[0-9]{1}
2019-07-17 04:15:26,306 - VO - CA - LETGO - 2019-07-01 00:00:00 - ERROR - STAT - expect_column_values_to_match_regex - CP - correctly filled rate (%) - 86.01
2019-07-17 04:15:26,306 - VO - CA - LETGO - 2019-07-01 00:00:00 - ERROR - STAT - expect_column_values_to_not_be_null - GARAGE_ID - correctly filled rate (%) - 100.0
2019-07-17 04:15:26,306 - VO - CA - LETGO - 2019-07-01 00:00:00 - ERROR - STAT - expect_column_values_to_not_be_null - ID_CLIENT - correctly filled rate (%) - 100.0
2019-07-17 04:15:26,306 - VO - CA - LETGO - 2019-07-01 00:00:00 - ERROR - STAT - expect_column_values_to_be_unique - ID_CLIENT - observed proportion - 100.0
2019-07-17 04:15:26,306 - VO - CA - LETGO - 2019-07-01 00:00:00 - ERROR - STAT - expect_returning_row_count - EVERY_COLUMNS - total number of rows - 4959
2019-07-17 04:15:26,306 - VO - CA - LETGO - 2019-07-01 00:00:00 - ERROR - STAT - expect_column_values_to_not_be_null - IMMAT - correctly filled rate (%) - 100.0
2019-07-17 04:15:26,306 - VO - CA - LETGO - 2019-07-01 00:00:00 - ERROR - STAT - expect_column_values_to_be_in_type_list - KM - correctly filled rate (%) - 100.0
2019-07-17 04:15:26,306 - VO - CA - LETGO - 2019-07-01 00:00:00 - ERROR - STAT - expect_column_values_to_not_be_null - KM - correctly filled rate (%) - 100.0
2019-07-17 04:15:26,306 - VO - CA - LETGO - 2019-07-01 00:00:00 - ERROR - STAT - expect_column_values_to_be_in_type_list - LITRE - correctly filled rate (%) - 100.0
2019-07-17 04:15:26,306 - VO - CA - LETGO - 2019-07-01 00:00:00 - ERROR - STAT - expect_column_values_to_not_be_null - LITRE - correctly filled rate (%) - 100.0
2019-07-17 04:15:26,306 - VO - CA - LETGO - 2019-07-01 00:00:00 - ERROR - STAT - expect_column_values_to_not_be_null - MARQUE - correctly filled rate (%) - 0.0
2019-07-17 04:15:26,306 - VO - CA - LETGO - 2019-07-01 00:00:00 - ERROR - STAT - expect_column_values_to_not_be_null - MODELE - correctly filled rate (%) - 0.0
2019-07-17 04:15:26,307 - VO - CA - LETGO - 2019-07-01 00:00:00 - ERROR - STAT - expect_column_values_to_not_be_null - MOIS - correctly filled rate (%) - 100.0
2019-07-17 04:15:26,307 - VO - CA - LETGO - 2019-07-01 00:00:00 - ERROR - FILE_CHECK - expect_column_values_to_be_between - MOIS - Unexpected value: 0 on line 0, value should be between 1 and 12
2019-07-17 04:15:26,307 - VO - CA - LETGO - 2019-07-01 00:00:00 - ERROR - FILE_CHECK - expect_column_values_to_be_between - MOIS - Unexpected value: 0 on line 1, value should be between 1 and 12
2019-07-17 04:15:26,307 - VO - CA - LETGO - 2019-07-01 00:00:00 - ERROR - FILE_CHECK - expect_column_values_to_be_between - MOIS - Unexpected value: 0 on line 2, value should be between 1 and 12
2019-07-17 04:15:26,307 - VO - CA - LETGO - 2019-07-01 00:00:00 - ERROR - FILE_CHECK - expect_column_values_to_be_between - MOIS - Unexpected value: 0 on line 3, value should be between 1 and 12
2019-07-17 04:15:26,307 - VO - CA - LETGO - 2019-07-01 00:00:00 - ERROR - FILE_CHECK - expect_column_values_to_be_between - MOIS - Unexpected value: 0 on line 4, value should be between 1 and 12
2019-07-17 04:15:26,307 - VO - CA - LETGO - 2019-07-01 00:00:00 - ERROR - FILE_CHECK - expect_column_values_to_be_between - MOIS - Unexpected value: 0 on line 5, value should be between 1 and 12
2019-07-17 04:15:26,307 - VO - CA - LETGO - 2019-07-01 00:00:00 - ERROR - FILE_CHECK - expect_column_values_to_be_between - MOIS - Unexpected value: 0 on line 6, value should be between 1 and 12
2019-07-17 04:15:26,307 - VO - CA - LETGO - 2019-07-01 00:00:00 - ERROR - FILE_CHECK - expect_column_values_to_be_between - MOIS - Unexpected value: 0 on line 7, value should be between 1 and 12
2019-07-17 04:15:26,307 - VO - CA - LETGO - 2019-07-01 00:00:00 - ERROR - FILE_CHECK - expect_column_values_to_be_between - MOIS - Unexpected value: 0 on line 8, value should be between 1 and 12
2019-07-17 04:15:26,307 - VO - CA - LETGO - 2019-07-01 00:00:00 - ERROR - FILE_CHECK - expect_column_values_to_be_between - MOIS - Unexpected value: 0 on line 9, value should be between 1 and 12
2019-07-17 04:15:26,307 - VO - CA - LETGO - 2019-07-01 00:00:00 - ERROR - FILE_CHECK - expect_column_values_to_be_between - MOIS - Unexpected value: 0 on line 10, value should be between 1 and 12
2019-07-17 04:15:26,307 - VO - CA - LETGO - 2019-07-01 00:00:00 - ERROR - FILE_CHECK - expect_column_values_to_be_between - MOIS - Unexpected value: 0 on line 11, value should be between 1 and 12
2019-07-17 04:15:26,307 - VO - CA - LETGO - 2019-07-01 00:00:00 - ERROR - FILE_CHECK - expect_column_values_to_be_between - MOIS - Unexpected value: 0 on line 12, value should be between 1 and 12
2019-07-17 04:15:26,307 - VO - CA - LETGO - 2019-07-01 00:00:00 - ERROR - FILE_CHECK - expect_column_values_to_be_between - MOIS - Unexpected value: 0 on line 13, value should be between 1 and 12
2019-07-17 04:15:26,307 - VO - CA - LETGO - 2019-07-01 00:00:00 - ERROR - FILE_CHECK - expect_column_values_to_be_between - MOIS - Unexpected value: 0 on line 14, value should be between 1 and 12
2019-07-17 04:15:26,307 - VO - CA - LETGO - 2019-07-01 00:00:00 - ERROR - FILE_CHECK - expect_column_values_to_be_between - MOIS - Unexpected value: 0 on line 15, value should be between 1 and 12
2019-07-17 04:15:26,307 - VO - CA - LETGO - 2019-07-01 00:00:00 - ERROR - FILE_CHECK - expect_column_values_to_be_between - MOIS - Unexpected value: 0 on line 16, value should be between 1 and 12
2019-07-17 04:15:26,307 - VO - CA - LETGO - 2019-07-01 00:00:00 - ERROR - FILE_CHECK - expect_column_values_to_be_between - MOIS - Unexpected value: 0 on line 17, value should be between 1 and 12
2019-07-17 04:15:26,308 - VO - CA - LETGO - 2019-07-01 00:00:00 - ERROR - FILE_CHECK - expect_column_values_to_be_between - MOIS - Unexpected value: 0 on line 18, value should be between 1 and 12
2019-07-17 04:15:26,308 - VO - CA - LETGO - 2019-07-01 00:00:00 - ERROR - FILE_CHECK - expect_column_values_to_be_between - MOIS - Unexpected value: 0 on line 19, value should be between 1 and 12
2019-07-17 04:15:26,308 - VO - CA - LETGO - 2019-07-01 00:00:00 - ERROR - STAT - expect_column_values_to_be_between - MOIS - correctly filled rate (%) - 0.0
2019-07-17 04:15:26,308 - VO - CA - LETGO - 2019-07-01 00:00:00 - ERROR - STAT - expect_column_values_to_match_regex - MOIS - correctly filled rate (%) - 100.0
2019-07-17 04:15:26,308 - VO - CA - LETGO - 2019-07-01 00:00:00 - ERROR - STAT - expect_column_values_to_not_be_null - NOM - correctly filled rate (%) - 96.79
2019-07-17 04:15:26,308 - VO - CA - LETGO - 2019-07-01 00:00:00 - ERROR - FILE_CHECK - expect_column_value_lengths_to_be_between - NOM - Unexpected characters count of: [18...] on line  15, value length should be between 10 and 255
2019-07-17 04:15:26,308 - VO - CA - LETGO - 2019-07-01 00:00:00 - ERROR - FILE_CHECK - expect_column_value_lengths_to_be_between - NOM - Unexpected characters count of: [Exhaust...] on line  24, value length should be between 10 and 255
2019-07-17 04:15:26,308 - VO - CA - LETGO - 2019-07-01 00:00:00 - ERROR - FILE_CHECK - expect_column_value_lengths_to_be_between - NOM - Unexpected characters count of: [F250...] on line  78, value length should be between 10 and 255
2019-07-17 04:15:26,308 - VO - CA - LETGO - 2019-07-01 00:00:00 - ERROR - FILE_CHECK - expect_column_value_lengths_to_be_between - NOM - Unexpected characters count of: [1910...] on line  206, value length should be between 10 and 255
2019-07-17 04:15:26,308 - VO - CA - LETGO - 2019-07-01 00:00:00 - ERROR - FILE_CHECK - expect_column_value_lengths_to_be_between - NOM - Unexpected characters count of: [Honda...] on line  226, value length should be between 10 and 255
2019-07-17 04:15:26,308 - VO - CA - LETGO - 2019-07-01 00:00:00 - ERROR - FILE_CHECK - expect_column_value_lengths_to_be_between - NOM - Unexpected characters count of: [Audi - A4...] on line  366, value length should be between 10 and 255
2019-07-17 04:15:26,308 - VO - CA - LETGO - 2019-07-01 00:00:00 - ERROR - FILE_CHECK - expect_column_value_lengths_to_be_between - NOM - Unexpected characters count of: [Anadol...] on line  385, value length should be between 10 and 255
2019-07-17 04:15:26,308 - VO - CA - LETGO - 2019-07-01 00:00:00 - ERROR - FILE_CHECK - expect_column_value_lengths_to_be_between - NOM - Unexpected characters count of: [3 16...] on line  397, value length should be between 10 and 255
2019-07-17 04:15:26,308 - VO - CA - LETGO - 2019-07-01 00:00:00 - ERROR - FILE_CHECK - expect_column_value_lengths_to_be_between - NOM - Unexpected characters count of: [Ford tire...] on line  501, value length should be between 10 and 255
2019-07-17 04:15:26,308 - VO - CA - LETGO - 2019-07-01 00:00:00 - ERROR - FILE_CHECK - expect_column_value_lengths_to_be_between - NOM - Unexpected characters count of: [tires...] on line  602, value length should be between 10 and 255
2019-07-17 04:15:26,308 - VO - CA - LETGO - 2019-07-01 00:00:00 - ERROR - FILE_CHECK - expect_column_value_lengths_to_be_between - NOM - Unexpected characters count of: [50...] on line  613, value length should be between 10 and 255
2019-07-17 04:15:26,308 - VO - CA - LETGO - 2019-07-01 00:00:00 - ERROR - FILE_CHECK - expect_column_value_lengths_to_be_between - NOM - Unexpected characters count of: [Rims...] on line  647, value length should be between 10 and 255
2019-07-17 04:15:26,309 - VO - CA - LETGO - 2019-07-01 00:00:00 - ERROR - FILE_CHECK - expect_column_value_lengths_to_be_between - NOM - Unexpected characters count of: [Old chair...] on line  671, value length should be between 10 and 255
2019-07-17 04:15:26,309 - VO - CA - LETGO - 2019-07-01 00:00:00 - ERROR - FILE_CHECK - expect_column_value_lengths_to_be_between - NOM - Unexpected characters count of: [Toyota corolla 1997 ...] on line  688, value length should be between 10 and 255
2019-07-17 04:15:26,309 - VO - CA - LETGO - 2019-07-01 00:00:00 - ERROR - FILE_CHECK - expect_column_value_lengths_to_be_between - NOM - Unexpected characters count of: [smart...] on line  806, value length should be between 10 and 255
2019-07-17 04:15:26,309 - VO - CA - LETGO - 2019-07-01 00:00:00 - ERROR - FILE_CHECK - expect_column_value_lengths_to_be_between - NOM - Unexpected characters count of: [Rims...] on line  897, value length should be between 10 and 255
2019-07-17 04:15:26,309 - VO - CA - LETGO - 2019-07-01 00:00:00 - ERROR - FILE_CHECK - expect_column_value_lengths_to_be_between - NOM - Unexpected characters count of: [Truck 2...] on line  898, value length should be between 10 and 255
2019-07-17 04:15:26,309 - VO - CA - LETGO - 2019-07-01 00:00:00 - ERROR - FILE_CHECK - expect_column_value_lengths_to_be_between - NOM - Unexpected characters count of: [Hino 2008...] on line  909, value length should be between 10 and 255
2019-07-17 04:15:26,309 - VO - CA - LETGO - 2019-07-01 00:00:00 - ERROR - FILE_CHECK - expect_column_value_lengths_to_be_between - NOM - Unexpected characters count of: [1 1/4...] on line  930, value length should be between 10 and 255
2019-07-17 04:15:26,309 - VO - CA - LETGO - 2019-07-01 00:00:00 - ERROR - FILE_CHECK - expect_column_value_lengths_to_be_between - NOM - Unexpected characters count of: [antenna...] on line  938, value length should be between 10 and 255
2019-07-17 04:15:26,309 - VO - CA - LETGO - 2019-07-01 00:00:00 - ERROR - STAT - expect_column_value_lengths_to_be_between - NOM - correctly filled rate (%) - 97.83
2019-07-17 04:15:26,309 - VO - CA - LETGO - 2019-07-01 00:00:00 - ERROR - STAT - expect_column_values_to_not_be_null - OPTIONS - correctly filled rate (%) - 0.0
2019-07-17 04:15:26,309 - VO - CA - LETGO - 2019-07-01 00:00:00 - ERROR - STAT - expect_column_values_to_be_in_type_list - PHOTO - correctly filled rate (%) - 100.0
2019-07-17 04:15:26,309 - VO - CA - LETGO - 2019-07-01 00:00:00 - ERROR - STAT - expect_column_values_to_not_be_null - PHOTO - correctly filled rate (%) - 100.0
2019-07-17 04:15:26,309 - VO - CA - LETGO - 2019-07-01 00:00:00 - ERROR - STAT - expect_column_values_to_not_be_null - PLACE - correctly filled rate (%) - 0.0
2019-07-17 04:15:26,309 - VO - CA - LETGO - 2019-07-01 00:00:00 - ERROR - STAT - expect_column_values_to_not_be_null - PORTE - correctly filled rate (%) - 0.0
2019-07-17 04:15:26,309 - VO - CA - LETGO - 2019-07-01 00:00:00 - ERROR - STAT - expect_column_values_to_be_in_type_list - PRIX - correctly filled rate (%) - 100.0
2019-07-17 04:15:26,309 - VO - CA - LETGO - 2019-07-01 00:00:00 - ERROR - STAT - expect_column_values_to_not_be_null - PRIX - correctly filled rate (%) - 100.0
2019-07-17 04:15:26,310 - VO - CA - LETGO - 2019-07-01 00:00:00 - ERROR - STAT - expect_column_values_to_not_be_null - PROVINCE - correctly filled rate (%) - 0.0
2019-07-17 04:15:26,310 - VO - CA - LETGO - 2019-07-01 00:00:00 - ERROR - STAT - expect_column_values_to_not_be_null - SITE - correctly filled rate (%) - 100.0
2019-07-17 04:15:26,310 - VO - CA - LETGO - 2019-07-01 00:00:00 - ERROR - STAT - expect_column_values_to_not_be_null - TELEPHONE - correctly filled rate (%) - 0.0
2019-07-17 04:15:26,310 - VO - CA - LETGO - 2019-07-01 00:00:00 - ERROR - STAT - expect_column_values_to_not_be_null - TYPE - correctly filled rate (%) - 0.0
2019-07-17 04:15:26,310 - VO - CA - LETGO - 2019-07-01 00:00:00 - ERROR - STAT - expect_column_values_to_not_be_null - VILLE - correctly filled rate (%) - 98.23
2019-07-17 04:15:26,310 - VO - CA - LETGO - 2019-07-01 00:00:00 - ERROR - STAT - expect_column_values_to_not_be_null - VN_IND - correctly filled rate (%) - 100.0
2019-07-17 04:15:26,310 - VO - CA - LETGO - 2019-07-01 00:00:00 - ERROR - STAT - expect_column_values_to_be_in_set - VN_IND - correctly filled rate (%) - 100.0
2019-07-17 04:15:26,310 - VO - CA - LETGO - 2019-07-01 00:00:00 - ERROR - STAT - expect_returning_row_unique_count - MARQUE_CORRECTED - total number of unique rows - 66
2019-07-17 04:15:26,310 - VO - CA - LETGO - 2019-07-01 00:00:00 - ERROR - STAT - expect_returning_row_unique_count - MODELE_CORRECTED - total number of unique rows - 430
2019-07-17 04:15:26,310 - VO - CA - LETGO - 2019-07-01 00:00:00 - ERROR - STAT - expect_returning_row_unique_count - CARROSSERIE - total number of unique rows - 0
2019-07-17 04:15:26,310 - VO - CA - LETGO - 2019-07-01 00:00:00 - ERROR - STAT - expect_returning_row_unique_count - CARBURANT - total number of unique rows - 1
2019-07-17 04:15:26,310 - VO - CA - LETGO - 2019-07-01 00:00:00 - ERROR - STAT - expect_column_values_to_not_be_null - CYLINDRE - correctly filled rate (%) - 0.0
2019-07-17 04:15:26,310 - VO - CA - LETGO - 2019-07-01 00:00:00 - ERROR - STAT - expect_returning_row_unique_count - PROVINCE - total number of unique rows - 0
2019-07-17 04:15:26,310 - VO - CA - LETGO - 2019-07-01 00:00:00 - ERROR - STAT - expect_returning_row_unique_count - VILLE - total number of unique rows - 440
2019-07-17 04:15:26,310 - VO - CA - LETGO - 2019-07-01 00:00:00 - ERROR - STAT - expect_returning_row_unique_count - DEPARTEMENT - total number of unique rows - 0
2019-07-17 04:15:26,310 - VO - CA - LETGO - 2019-07-01 00:00:00 - ERROR - STAT - expect_returning_row_count_on_conditions - DEALER_USEDCARS - total number of row with conditions - 0
2019-07-17 04:15:26,310 - VO - CA - LETGO - 2019-07-01 00:00:00 - ERROR - STAT - expect_returning_row_count_on_conditions - PRIVATE_USEDCARS - total number of row with conditions - 0
