2019-12-12 13:12:05,589 - CAMION - AT - TRUCKSCOUT24 - 2019-12-01 00:00:00 - ERROR - FILE_VALIDATE - expect_file_to_be_validated - EVERY_COLUMNS - False - 0
2019-12-12 13:12:05,589 - CAMION - AT - TRUCKSCOUT24 - 2019-12-01 00:00:00 - ERROR - STAT - expect_column_values_to_not_be_null - ADRESSE - correctly filled rate (%) - 99.64
2019-12-12 13:12:05,589 - CAMION - AT - TRUCKSCOUT24 - 2019-12-01 00:00:00 - ERROR - FILE_VALIDATE - expect_column_values_to_not_be_null - ADRESSE - True - 1
2019-12-12 13:12:05,589 - CAMION - AT - TRUCKSCOUT24 - 2019-12-01 00:00:00 - ERROR - STAT - expect_column_values_to_be_in_type_list - ANNEE - correctly filled rate (%) - 100.0
2019-12-12 13:12:05,589 - CAMION - AT - TRUCKSCOUT24 - 2019-12-01 00:00:00 - ERROR - FILE_VALIDATE - expect_column_values_to_be_in_type_list - ANNEE - True - 1
2019-12-12 13:12:05,589 - CAMION - AT - TRUCKSCOUT24 - 2019-12-01 00:00:00 - ERROR - FILE_CHECK - expect_column_values_to_be_between - ANNEE - Unexpected value: 0 on line 0, value should be between 1980 and 2019
2019-12-12 13:12:05,590 - CAMION - AT - TRUCKSCOUT24 - 2019-12-01 00:00:00 - ERROR - FILE_CHECK - expect_column_values_to_be_between - ANNEE - Unexpected value: 0 on line 1, value should be between 1980 and 2019
2019-12-12 13:12:05,590 - CAMION - AT - TRUCKSCOUT24 - 2019-12-01 00:00:00 - ERROR - FILE_CHECK - expect_column_values_to_be_between - ANNEE - Unexpected value: 0 on line 2, value should be between 1980 and 2019
2019-12-12 13:12:05,590 - CAMION - AT - TRUCKSCOUT24 - 2019-12-01 00:00:00 - ERROR - FILE_CHECK - expect_column_values_to_be_between - ANNEE - Unexpected value: 0 on line 3, value should be between 1980 and 2019
2019-12-12 13:12:05,590 - CAMION - AT - TRUCKSCOUT24 - 2019-12-01 00:00:00 - ERROR - FILE_CHECK - expect_column_values_to_be_between - ANNEE - Unexpected value: 0 on line 4, value should be between 1980 and 2019
2019-12-12 13:12:05,590 - CAMION - AT - TRUCKSCOUT24 - 2019-12-01 00:00:00 - ERROR - FILE_CHECK - expect_column_values_to_be_between - ANNEE - Unexpected value: 0 on line 5, value should be between 1980 and 2019
2019-12-12 13:12:05,590 - CAMION - AT - TRUCKSCOUT24 - 2019-12-01 00:00:00 - ERROR - FILE_CHECK - expect_column_values_to_be_between - ANNEE - Unexpected value: 0 on line 6, value should be between 1980 and 2019
2019-12-12 13:12:05,590 - CAMION - AT - TRUCKSCOUT24 - 2019-12-01 00:00:00 - ERROR - FILE_CHECK - expect_column_values_to_be_between - ANNEE - Unexpected value: 0 on line 7, value should be between 1980 and 2019
2019-12-12 13:12:05,590 - CAMION - AT - TRUCKSCOUT24 - 2019-12-01 00:00:00 - ERROR - FILE_CHECK - expect_column_values_to_be_between - ANNEE - Unexpected value: 0 on line 8, value should be between 1980 and 2019
2019-12-12 13:12:05,590 - CAMION - AT - TRUCKSCOUT24 - 2019-12-01 00:00:00 - ERROR - FILE_CHECK - expect_column_values_to_be_between - ANNEE - Unexpected value: 0 on line 11, value should be between 1980 and 2019
2019-12-12 13:12:05,590 - CAMION - AT - TRUCKSCOUT24 - 2019-12-01 00:00:00 - ERROR - FILE_CHECK - expect_column_values_to_be_between - ANNEE - Unexpected value: 0 on line 13, value should be between 1980 and 2019
2019-12-12 13:12:05,590 - CAMION - AT - TRUCKSCOUT24 - 2019-12-01 00:00:00 - ERROR - FILE_CHECK - expect_column_values_to_be_between - ANNEE - Unexpected value: 0 on line 14, value should be between 1980 and 2019
2019-12-12 13:12:05,590 - CAMION - AT - TRUCKSCOUT24 - 2019-12-01 00:00:00 - ERROR - FILE_CHECK - expect_column_values_to_be_between - ANNEE - Unexpected value: 0 on line 15, value should be between 1980 and 2019
2019-12-12 13:12:05,590 - CAMION - AT - TRUCKSCOUT24 - 2019-12-01 00:00:00 - ERROR - FILE_CHECK - expect_column_values_to_be_between - ANNEE - Unexpected value: 0 on line 16, value should be between 1980 and 2019
2019-12-12 13:12:05,590 - CAMION - AT - TRUCKSCOUT24 - 2019-12-01 00:00:00 - ERROR - FILE_CHECK - expect_column_values_to_be_between - ANNEE - Unexpected value: 0 on line 17, value should be between 1980 and 2019
2019-12-12 13:12:05,590 - CAMION - AT - TRUCKSCOUT24 - 2019-12-01 00:00:00 - ERROR - FILE_CHECK - expect_column_values_to_be_between - ANNEE - Unexpected value: 0 on line 19, value should be between 1980 and 2019
2019-12-12 13:12:05,590 - CAMION - AT - TRUCKSCOUT24 - 2019-12-01 00:00:00 - ERROR - FILE_CHECK - expect_column_values_to_be_between - ANNEE - Unexpected value: 0 on line 20, value should be between 1980 and 2019
2019-12-12 13:12:05,590 - CAMION - AT - TRUCKSCOUT24 - 2019-12-01 00:00:00 - ERROR - FILE_CHECK - expect_column_values_to_be_between - ANNEE - Unexpected value: 0 on line 21, value should be between 1980 and 2019
2019-12-12 13:12:05,591 - CAMION - AT - TRUCKSCOUT24 - 2019-12-01 00:00:00 - ERROR - FILE_CHECK - expect_column_values_to_be_between - ANNEE - Unexpected value: 0 on line 26, value should be between 1980 and 2019
2019-12-12 13:12:05,591 - CAMION - AT - TRUCKSCOUT24 - 2019-12-01 00:00:00 - ERROR - FILE_CHECK - expect_column_values_to_be_between - ANNEE - Unexpected value: 0 on line 27, value should be between 1980 and 2019
2019-12-12 13:12:05,591 - CAMION - AT - TRUCKSCOUT24 - 2019-12-01 00:00:00 - ERROR - STAT - expect_column_values_to_be_between - ANNEE - correctly filled rate (%) - 82.97
2019-12-12 13:12:05,591 - CAMION - AT - TRUCKSCOUT24 - 2019-12-01 00:00:00 - ERROR - STAT - expect_column_values_to_be_between - ANNEE - unexpected count - 11655
2019-12-12 13:12:05,591 - CAMION - AT - TRUCKSCOUT24 - 2019-12-01 00:00:00 - ERROR - FILE_VALIDATE - expect_column_values_to_be_between - ANNEE - False - 0
2019-12-12 13:12:05,591 - CAMION - AT - TRUCKSCOUT24 - 2019-12-01 00:00:00 - ERROR - STAT - expect_column_values_to_not_be_null - ANNEE - correctly filled rate (%) - 100.0
2019-12-12 13:12:05,591 - CAMION - AT - TRUCKSCOUT24 - 2019-12-01 00:00:00 - ERROR - FILE_VALIDATE - expect_column_values_to_not_be_null - ANNEE - True - 1
2019-12-12 13:12:05,591 - CAMION - AT - TRUCKSCOUT24 - 2019-12-01 00:00:00 - ERROR - FILE_CHECK - expect_column_values_to_match_regex - ANNEE - Unexpected value: 0 on line 0, value should match regexp ^[0-9]{4}$
2019-12-12 13:12:05,591 - CAMION - AT - TRUCKSCOUT24 - 2019-12-01 00:00:00 - ERROR - FILE_CHECK - expect_column_values_to_match_regex - ANNEE - Unexpected value: 0 on line 1, value should match regexp ^[0-9]{4}$
2019-12-12 13:12:05,591 - CAMION - AT - TRUCKSCOUT24 - 2019-12-01 00:00:00 - ERROR - FILE_CHECK - expect_column_values_to_match_regex - ANNEE - Unexpected value: 0 on line 2, value should match regexp ^[0-9]{4}$
2019-12-12 13:12:05,591 - CAMION - AT - TRUCKSCOUT24 - 2019-12-01 00:00:00 - ERROR - FILE_CHECK - expect_column_values_to_match_regex - ANNEE - Unexpected value: 0 on line 3, value should match regexp ^[0-9]{4}$
2019-12-12 13:12:05,591 - CAMION - AT - TRUCKSCOUT24 - 2019-12-01 00:00:00 - ERROR - FILE_CHECK - expect_column_values_to_match_regex - ANNEE - Unexpected value: 0 on line 4, value should match regexp ^[0-9]{4}$
2019-12-12 13:12:05,591 - CAMION - AT - TRUCKSCOUT24 - 2019-12-01 00:00:00 - ERROR - FILE_CHECK - expect_column_values_to_match_regex - ANNEE - Unexpected value: 0 on line 5, value should match regexp ^[0-9]{4}$
2019-12-12 13:12:05,591 - CAMION - AT - TRUCKSCOUT24 - 2019-12-01 00:00:00 - ERROR - FILE_CHECK - expect_column_values_to_match_regex - ANNEE - Unexpected value: 0 on line 6, value should match regexp ^[0-9]{4}$
2019-12-12 13:12:05,591 - CAMION - AT - TRUCKSCOUT24 - 2019-12-01 00:00:00 - ERROR - FILE_CHECK - expect_column_values_to_match_regex - ANNEE - Unexpected value: 0 on line 7, value should match regexp ^[0-9]{4}$
2019-12-12 13:12:05,591 - CAMION - AT - TRUCKSCOUT24 - 2019-12-01 00:00:00 - ERROR - FILE_CHECK - expect_column_values_to_match_regex - ANNEE - Unexpected value: 0 on line 8, value should match regexp ^[0-9]{4}$
2019-12-12 13:12:05,591 - CAMION - AT - TRUCKSCOUT24 - 2019-12-01 00:00:00 - ERROR - FILE_CHECK - expect_column_values_to_match_regex - ANNEE - Unexpected value: 0 on line 11, value should match regexp ^[0-9]{4}$
2019-12-12 13:12:05,592 - CAMION - AT - TRUCKSCOUT24 - 2019-12-01 00:00:00 - ERROR - FILE_CHECK - expect_column_values_to_match_regex - ANNEE - Unexpected value: 0 on line 13, value should match regexp ^[0-9]{4}$
2019-12-12 13:12:05,592 - CAMION - AT - TRUCKSCOUT24 - 2019-12-01 00:00:00 - ERROR - FILE_CHECK - expect_column_values_to_match_regex - ANNEE - Unexpected value: 0 on line 14, value should match regexp ^[0-9]{4}$
2019-12-12 13:12:05,592 - CAMION - AT - TRUCKSCOUT24 - 2019-12-01 00:00:00 - ERROR - FILE_CHECK - expect_column_values_to_match_regex - ANNEE - Unexpected value: 0 on line 15, value should match regexp ^[0-9]{4}$
2019-12-12 13:12:05,592 - CAMION - AT - TRUCKSCOUT24 - 2019-12-01 00:00:00 - ERROR - FILE_CHECK - expect_column_values_to_match_regex - ANNEE - Unexpected value: 0 on line 16, value should match regexp ^[0-9]{4}$
2019-12-12 13:12:05,592 - CAMION - AT - TRUCKSCOUT24 - 2019-12-01 00:00:00 - ERROR - FILE_CHECK - expect_column_values_to_match_regex - ANNEE - Unexpected value: 0 on line 17, value should match regexp ^[0-9]{4}$
2019-12-12 13:12:05,592 - CAMION - AT - TRUCKSCOUT24 - 2019-12-01 00:00:00 - ERROR - FILE_CHECK - expect_column_values_to_match_regex - ANNEE - Unexpected value: 0 on line 19, value should match regexp ^[0-9]{4}$
2019-12-12 13:12:05,592 - CAMION - AT - TRUCKSCOUT24 - 2019-12-01 00:00:00 - ERROR - FILE_CHECK - expect_column_values_to_match_regex - ANNEE - Unexpected value: 0 on line 20, value should match regexp ^[0-9]{4}$
2019-12-12 13:12:05,592 - CAMION - AT - TRUCKSCOUT24 - 2019-12-01 00:00:00 - ERROR - FILE_CHECK - expect_column_values_to_match_regex - ANNEE - Unexpected value: 0 on line 21, value should match regexp ^[0-9]{4}$
2019-12-12 13:12:05,592 - CAMION - AT - TRUCKSCOUT24 - 2019-12-01 00:00:00 - ERROR - FILE_CHECK - expect_column_values_to_match_regex - ANNEE - Unexpected value: 0 on line 26, value should match regexp ^[0-9]{4}$
2019-12-12 13:12:05,592 - CAMION - AT - TRUCKSCOUT24 - 2019-12-01 00:00:00 - ERROR - FILE_CHECK - expect_column_values_to_match_regex - ANNEE - Unexpected value: 0 on line 27, value should match regexp ^[0-9]{4}$
2019-12-12 13:12:05,592 - CAMION - AT - TRUCKSCOUT24 - 2019-12-01 00:00:00 - ERROR - STAT - expect_column_values_to_match_regex - ANNEE - correctly filled rate (%) - 83.84
2019-12-12 13:12:05,592 - CAMION - AT - TRUCKSCOUT24 - 2019-12-01 00:00:00 - ERROR - FILE_VALIDATE - expect_column_values_to_match_regex - ANNEE - False - 0
2019-12-12 13:12:05,592 - CAMION - AT - TRUCKSCOUT24 - 2019-12-01 00:00:00 - ERROR - STAT - expect_column_values_to_not_be_null - ANNONCE_LINK - correctly filled rate (%) - 100.0
2019-12-12 13:12:05,592 - CAMION - AT - TRUCKSCOUT24 - 2019-12-01 00:00:00 - ERROR - FILE_VALIDATE - expect_column_values_to_not_be_null - ANNONCE_LINK - True - 1
2019-12-12 13:12:05,592 - CAMION - AT - TRUCKSCOUT24 - 2019-12-01 00:00:00 - ERROR - STAT - expect_column_values_to_be_unique - ANNONCE_LINK - observed proportion - 100.0
2019-12-12 13:12:05,592 - CAMION - AT - TRUCKSCOUT24 - 2019-12-01 00:00:00 - ERROR - FILE_VALIDATE - expect_column_values_to_be_unique - ANNONCE_LINK - True - 1
2019-12-12 13:12:05,592 - CAMION - AT - TRUCKSCOUT24 - 2019-12-01 00:00:00 - ERROR - STAT - expect_column_values_to_not_be_null - CARBURANT - correctly filled rate (%) - 59.48
2019-12-12 13:12:05,593 - CAMION - AT - TRUCKSCOUT24 - 2019-12-01 00:00:00 - ERROR - FILE_VALIDATE - expect_column_values_to_not_be_null - CARBURANT - False - 0
2019-12-12 13:12:05,593 - CAMION - AT - TRUCKSCOUT24 - 2019-12-01 00:00:00 - ERROR - STAT - expect_column_values_to_not_be_null - CARROSSERIE - correctly filled rate (%) - 0.0
2019-12-12 13:12:05,593 - CAMION - AT - TRUCKSCOUT24 - 2019-12-01 00:00:00 - ERROR - FILE_VALIDATE - expect_column_values_to_not_be_null - CARROSSERIE - False - 0
2019-12-12 13:12:05,593 - CAMION - AT - TRUCKSCOUT24 - 2019-12-01 00:00:00 - ERROR - STAT - expect_column_values_to_not_be_null - CP - correctly filled rate (%) - 100.0
2019-12-12 13:12:05,593 - CAMION - AT - TRUCKSCOUT24 - 2019-12-01 00:00:00 - ERROR - FILE_VALIDATE - expect_column_values_to_not_be_null - CP - True - 1
2019-12-12 13:12:05,593 - CAMION - AT - TRUCKSCOUT24 - 2019-12-01 00:00:00 - ERROR - FILE_CHECK - expect_column_values_to_match_regex - CP - Unexpected value: 51107 on line 0, value should match regexp ^[0-9]{4}$
2019-12-12 13:12:05,593 - CAMION - AT - TRUCKSCOUT24 - 2019-12-01 00:00:00 - ERROR - FILE_CHECK - expect_column_values_to_match_regex - CP - Unexpected value: 34454 on line 1, value should match regexp ^[0-9]{4}$
2019-12-12 13:12:05,593 - CAMION - AT - TRUCKSCOUT24 - 2019-12-01 00:00:00 - ERROR - FILE_CHECK - expect_column_values_to_match_regex - CP - Unexpected value: 92339 on line 2, value should match regexp ^[0-9]{4}$
2019-12-12 13:12:05,593 - CAMION - AT - TRUCKSCOUT24 - 2019-12-01 00:00:00 - ERROR - FILE_CHECK - expect_column_values_to_match_regex - CP - Unexpected value: 92339 on line 3, value should match regexp ^[0-9]{4}$
2019-12-12 13:12:05,593 - CAMION - AT - TRUCKSCOUT24 - 2019-12-01 00:00:00 - ERROR - FILE_CHECK - expect_column_values_to_match_regex - CP - Unexpected value: 92339 on line 4, value should match regexp ^[0-9]{4}$
2019-12-12 13:12:05,593 - CAMION - AT - TRUCKSCOUT24 - 2019-12-01 00:00:00 - ERROR - FILE_CHECK - expect_column_values_to_match_regex - CP - Unexpected value: 92339 on line 5, value should match regexp ^[0-9]{4}$
2019-12-12 13:12:05,593 - CAMION - AT - TRUCKSCOUT24 - 2019-12-01 00:00:00 - ERROR - FILE_CHECK - expect_column_values_to_match_regex - CP - Unexpected value: 92339 on line 6, value should match regexp ^[0-9]{4}$
2019-12-12 13:12:05,593 - CAMION - AT - TRUCKSCOUT24 - 2019-12-01 00:00:00 - ERROR - FILE_CHECK - expect_column_values_to_match_regex - CP - Unexpected value: 92339 on line 7, value should match regexp ^[0-9]{4}$
2019-12-12 13:12:05,593 - CAMION - AT - TRUCKSCOUT24 - 2019-12-01 00:00:00 - ERROR - FILE_CHECK - expect_column_values_to_match_regex - CP - Unexpected value: 48356 on line 8, value should match regexp ^[0-9]{4}$
2019-12-12 13:12:05,593 - CAMION - AT - TRUCKSCOUT24 - 2019-12-01 00:00:00 - ERROR - FILE_CHECK - expect_column_values_to_match_regex - CP - Unexpected value: 89081 on line 9, value should match regexp ^[0-9]{4}$
2019-12-12 13:12:05,593 - CAMION - AT - TRUCKSCOUT24 - 2019-12-01 00:00:00 - ERROR - FILE_CHECK - expect_column_values_to_match_regex - CP - Unexpected value: 97483 on line 10, value should match regexp ^[0-9]{4}$
2019-12-12 13:12:05,593 - CAMION - AT - TRUCKSCOUT24 - 2019-12-01 00:00:00 - ERROR - FILE_CHECK - expect_column_values_to_match_regex - CP - Unexpected value: 92339 on line 11, value should match regexp ^[0-9]{4}$
2019-12-12 13:12:05,594 - CAMION - AT - TRUCKSCOUT24 - 2019-12-01 00:00:00 - ERROR - FILE_CHECK - expect_column_values_to_match_regex - CP - Unexpected value: 34260 on line 12, value should match regexp ^[0-9]{4}$
2019-12-12 13:12:05,594 - CAMION - AT - TRUCKSCOUT24 - 2019-12-01 00:00:00 - ERROR - FILE_CHECK - expect_column_values_to_match_regex - CP - Unexpected value: 92289 on line 13, value should match regexp ^[0-9]{4}$
2019-12-12 13:12:05,594 - CAMION - AT - TRUCKSCOUT24 - 2019-12-01 00:00:00 - ERROR - FILE_CHECK - expect_column_values_to_match_regex - CP - Unexpected value: 92318 on line 14, value should match regexp ^[0-9]{4}$
2019-12-12 13:12:05,594 - CAMION - AT - TRUCKSCOUT24 - 2019-12-01 00:00:00 - ERROR - FILE_CHECK - expect_column_values_to_match_regex - CP - Unexpected value: 27404 on line 15, value should match regexp ^[0-9]{4}$
2019-12-12 13:12:05,594 - CAMION - AT - TRUCKSCOUT24 - 2019-12-01 00:00:00 - ERROR - FILE_CHECK - expect_column_values_to_match_regex - CP - Unexpected value: 27404 on line 16, value should match regexp ^[0-9]{4}$
2019-12-12 13:12:05,594 - CAMION - AT - TRUCKSCOUT24 - 2019-12-01 00:00:00 - ERROR - FILE_CHECK - expect_column_values_to_match_regex - CP - Unexpected value: 92339 on line 17, value should match regexp ^[0-9]{4}$
2019-12-12 13:12:05,594 - CAMION - AT - TRUCKSCOUT24 - 2019-12-01 00:00:00 - ERROR - FILE_CHECK - expect_column_values_to_match_regex - CP - Unexpected value: 16540 on line 19, value should match regexp ^[0-9]{4}$
2019-12-12 13:12:05,594 - CAMION - AT - TRUCKSCOUT24 - 2019-12-01 00:00:00 - ERROR - FILE_CHECK - expect_column_values_to_match_regex - CP - Unexpected value: 89231 on line 20, value should match regexp ^[0-9]{4}$
2019-12-12 13:12:05,594 - CAMION - AT - TRUCKSCOUT24 - 2019-12-01 00:00:00 - ERROR - STAT - expect_column_values_to_match_regex - CP - correctly filled rate (%) - 11.4
2019-12-12 13:12:05,594 - CAMION - AT - TRUCKSCOUT24 - 2019-12-01 00:00:00 - ERROR - FILE_VALIDATE - expect_column_values_to_match_regex - CP - False - 0
2019-12-12 13:12:05,594 - CAMION - AT - TRUCKSCOUT24 - 2019-12-01 00:00:00 - ERROR - STAT - expect_column_values_to_not_be_null - GARAGE_ID - correctly filled rate (%) - 99.92
2019-12-12 13:12:05,594 - CAMION - AT - TRUCKSCOUT24 - 2019-12-01 00:00:00 - ERROR - FILE_VALIDATE - expect_column_values_to_not_be_null - GARAGE_ID - False - 0
2019-12-12 13:12:05,594 - CAMION - AT - TRUCKSCOUT24 - 2019-12-01 00:00:00 - ERROR - STAT - expect_column_values_to_not_be_null - ID_CLIENT - correctly filled rate (%) - 100.0
2019-12-12 13:12:05,594 - CAMION - AT - TRUCKSCOUT24 - 2019-12-01 00:00:00 - ERROR - FILE_VALIDATE - expect_column_values_to_not_be_null - ID_CLIENT - True - 1
2019-12-12 13:12:05,594 - CAMION - AT - TRUCKSCOUT24 - 2019-12-01 00:00:00 - ERROR - STAT - expect_column_values_to_be_unique - ID_CLIENT - observed proportion - 100.0
2019-12-12 13:12:05,594 - CAMION - AT - TRUCKSCOUT24 - 2019-12-01 00:00:00 - ERROR - FILE_VALIDATE - expect_column_values_to_be_unique - ID_CLIENT - True - 1
2019-12-12 13:12:05,595 - CAMION - AT - TRUCKSCOUT24 - 2019-12-01 00:00:00 - ERROR - STAT - expect_returning_row_count - EVERY_COLUMNS - total number of rows - 68423
2019-12-12 13:12:05,595 - CAMION - AT - TRUCKSCOUT24 - 2019-12-01 00:00:00 - ERROR - STAT - expect_column_values_to_not_be_null - IMMAT - correctly filled rate (%) - 100.0
2019-12-12 13:12:05,595 - CAMION - AT - TRUCKSCOUT24 - 2019-12-01 00:00:00 - ERROR - FILE_VALIDATE - expect_column_values_to_not_be_null - IMMAT - True - 1
2019-12-12 13:12:05,595 - CAMION - AT - TRUCKSCOUT24 - 2019-12-01 00:00:00 - ERROR - STAT - expect_column_values_to_be_in_type_list - KM - correctly filled rate (%) - 100.0
2019-12-12 13:12:05,595 - CAMION - AT - TRUCKSCOUT24 - 2019-12-01 00:00:00 - ERROR - FILE_VALIDATE - expect_column_values_to_be_in_type_list - KM - True - 1
2019-12-12 13:12:05,595 - CAMION - AT - TRUCKSCOUT24 - 2019-12-01 00:00:00 - ERROR - STAT - expect_column_values_to_not_be_null - KM - correctly filled rate (%) - 100.0
2019-12-12 13:12:05,595 - CAMION - AT - TRUCKSCOUT24 - 2019-12-01 00:00:00 - ERROR - FILE_VALIDATE - expect_column_values_to_not_be_null - KM - True - 1
2019-12-12 13:12:05,595 - CAMION - AT - TRUCKSCOUT24 - 2019-12-01 00:00:00 - ERROR - STAT - expect_column_values_to_be_in_type_list - LITRE - correctly filled rate (%) - 100.0
2019-12-12 13:12:05,595 - CAMION - AT - TRUCKSCOUT24 - 2019-12-01 00:00:00 - ERROR - FILE_VALIDATE - expect_column_values_to_be_in_type_list - LITRE - True - 1
2019-12-12 13:12:05,595 - CAMION - AT - TRUCKSCOUT24 - 2019-12-01 00:00:00 - ERROR - STAT - expect_column_values_to_not_be_null - LITRE - correctly filled rate (%) - 100.0
2019-12-12 13:12:05,595 - CAMION - AT - TRUCKSCOUT24 - 2019-12-01 00:00:00 - ERROR - FILE_VALIDATE - expect_column_values_to_not_be_null - LITRE - True - 1
2019-12-12 13:12:05,595 - CAMION - AT - TRUCKSCOUT24 - 2019-12-01 00:00:00 - ERROR - STAT - expect_column_values_to_not_be_null - MARQUE - correctly filled rate (%) - 100.0
2019-12-12 13:12:05,595 - CAMION - AT - TRUCKSCOUT24 - 2019-12-01 00:00:00 - ERROR - FILE_VALIDATE - expect_column_values_to_not_be_null - MARQUE - True - 1
2019-12-12 13:12:05,595 - CAMION - AT - TRUCKSCOUT24 - 2019-12-01 00:00:00 - ERROR - STAT - expect_column_values_to_not_be_null - MODELE - correctly filled rate (%) - 99.8
2019-12-12 13:12:05,595 - CAMION - AT - TRUCKSCOUT24 - 2019-12-01 00:00:00 - ERROR - FILE_VALIDATE - expect_column_values_to_not_be_null - MODELE - True - 1
2019-12-12 13:12:05,595 - CAMION - AT - TRUCKSCOUT24 - 2019-12-01 00:00:00 - ERROR - STAT - expect_column_values_to_not_be_null - NOM - correctly filled rate (%) - 100.0
2019-12-12 13:12:05,595 - CAMION - AT - TRUCKSCOUT24 - 2019-12-01 00:00:00 - ERROR - FILE_VALIDATE - expect_column_values_to_not_be_null - NOM - True - 1
2019-12-12 13:12:05,596 - CAMION - AT - TRUCKSCOUT24 - 2019-12-01 00:00:00 - ERROR - FILE_CHECK - expect_column_value_lengths_to_be_between - NOM - Unexpected characters count of: [Brenderup...] on line  287, value length should be between 10 and 255
2019-12-12 13:12:05,596 - CAMION - AT - TRUCKSCOUT24 - 2019-12-01 00:00:00 - ERROR - FILE_CHECK - expect_column_value_lengths_to_be_between - NOM - Unexpected characters count of: [Barthau...] on line  289, value length should be between 10 and 255
2019-12-12 13:12:05,596 - CAMION - AT - TRUCKSCOUT24 - 2019-12-01 00:00:00 - ERROR - FILE_CHECK - expect_column_value_lengths_to_be_between - NOM - Unexpected characters count of: [Barthau...] on line  290, value length should be between 10 and 255
2019-12-12 13:12:05,596 - CAMION - AT - TRUCKSCOUT24 - 2019-12-01 00:00:00 - ERROR - FILE_CHECK - expect_column_value_lengths_to_be_between - NOM - Unexpected characters count of: [Brenderup...] on line  296, value length should be between 10 and 255
2019-12-12 13:12:05,596 - CAMION - AT - TRUCKSCOUT24 - 2019-12-01 00:00:00 - ERROR - FILE_CHECK - expect_column_value_lengths_to_be_between - NOM - Unexpected characters count of: [Brenderup...] on line  323, value length should be between 10 and 255
2019-12-12 13:12:05,596 - CAMION - AT - TRUCKSCOUT24 - 2019-12-01 00:00:00 - ERROR - FILE_CHECK - expect_column_value_lengths_to_be_between - NOM - Unexpected characters count of: [Saris...] on line  534, value length should be between 10 and 255
2019-12-12 13:12:05,596 - CAMION - AT - TRUCKSCOUT24 - 2019-12-01 00:00:00 - ERROR - FILE_CHECK - expect_column_value_lengths_to_be_between - NOM - Unexpected characters count of: [Saris...] on line  541, value length should be between 10 and 255
2019-12-12 13:12:05,596 - CAMION - AT - TRUCKSCOUT24 - 2019-12-01 00:00:00 - ERROR - FILE_CHECK - expect_column_value_lengths_to_be_between - NOM - Unexpected characters count of: [Brenderup...] on line  627, value length should be between 10 and 255
2019-12-12 13:12:05,596 - CAMION - AT - TRUCKSCOUT24 - 2019-12-01 00:00:00 - ERROR - FILE_CHECK - expect_column_value_lengths_to_be_between - NOM - Unexpected characters count of: [Barthau...] on line  631, value length should be between 10 and 255
2019-12-12 13:12:05,596 - CAMION - AT - TRUCKSCOUT24 - 2019-12-01 00:00:00 - ERROR - FILE_CHECK - expect_column_value_lengths_to_be_between - NOM - Unexpected characters count of: [Koch...] on line  788, value length should be between 10 and 255
2019-12-12 13:12:05,596 - CAMION - AT - TRUCKSCOUT24 - 2019-12-01 00:00:00 - ERROR - FILE_CHECK - expect_column_value_lengths_to_be_between - NOM - Unexpected characters count of: [Brenderup...] on line  875, value length should be between 10 and 255
2019-12-12 13:12:05,596 - CAMION - AT - TRUCKSCOUT24 - 2019-12-01 00:00:00 - ERROR - FILE_CHECK - expect_column_value_lengths_to_be_between - NOM - Unexpected characters count of: [Saris...] on line  1131, value length should be between 10 and 255
2019-12-12 13:12:05,596 - CAMION - AT - TRUCKSCOUT24 - 2019-12-01 00:00:00 - ERROR - FILE_CHECK - expect_column_value_lengths_to_be_between - NOM - Unexpected characters count of: [Saris...] on line  1342, value length should be between 10 and 255
2019-12-12 13:12:05,596 - CAMION - AT - TRUCKSCOUT24 - 2019-12-01 00:00:00 - ERROR - FILE_CHECK - expect_column_value_lengths_to_be_between - NOM - Unexpected characters count of: [MAN...] on line  2340, value length should be between 10 and 255
2019-12-12 13:12:05,596 - CAMION - AT - TRUCKSCOUT24 - 2019-12-01 00:00:00 - ERROR - FILE_CHECK - expect_column_value_lengths_to_be_between - NOM - Unexpected characters count of: [Saris...] on line  8981, value length should be between 10 and 255
2019-12-12 13:12:05,596 - CAMION - AT - TRUCKSCOUT24 - 2019-12-01 00:00:00 - ERROR - FILE_CHECK - expect_column_value_lengths_to_be_between - NOM - Unexpected characters count of: [Saris...] on line  8982, value length should be between 10 and 255
2019-12-12 13:12:05,596 - CAMION - AT - TRUCKSCOUT24 - 2019-12-01 00:00:00 - ERROR - FILE_CHECK - expect_column_value_lengths_to_be_between - NOM - Unexpected characters count of: [Volvo...] on line  18785, value length should be between 10 and 255
2019-12-12 13:12:05,597 - CAMION - AT - TRUCKSCOUT24 - 2019-12-01 00:00:00 - ERROR - FILE_CHECK - expect_column_value_lengths_to_be_between - NOM - Unexpected characters count of: [Samro...] on line  19020, value length should be between 10 and 255
2019-12-12 13:12:05,597 - CAMION - AT - TRUCKSCOUT24 - 2019-12-01 00:00:00 - ERROR - FILE_CHECK - expect_column_value_lengths_to_be_between - NOM - Unexpected characters count of: [Nissan...] on line  22025, value length should be between 10 and 255
2019-12-12 13:12:05,597 - CAMION - AT - TRUCKSCOUT24 - 2019-12-01 00:00:00 - ERROR - FILE_CHECK - expect_column_value_lengths_to_be_between - NOM - Unexpected characters count of: [MAN TGL...] on line  22955, value length should be between 10 and 255
2019-12-12 13:12:05,597 - CAMION - AT - TRUCKSCOUT24 - 2019-12-01 00:00:00 - ERROR - STAT - expect_column_value_lengths_to_be_between - NOM - correctly filled rate (%) - 99.95
2019-12-12 13:12:05,597 - CAMION - AT - TRUCKSCOUT24 - 2019-12-01 00:00:00 - ERROR - FILE_VALIDATE - expect_column_value_lengths_to_be_between - NOM - False - 0
2019-12-12 13:12:05,597 - CAMION - AT - TRUCKSCOUT24 - 2019-12-01 00:00:00 - ERROR - STAT - expect_column_values_to_not_be_null - OPTIONS - correctly filled rate (%) - 0.0
2019-12-12 13:12:05,597 - CAMION - AT - TRUCKSCOUT24 - 2019-12-01 00:00:00 - ERROR - FILE_VALIDATE - expect_column_values_to_not_be_null - OPTIONS - False - 0
2019-12-12 13:12:05,597 - CAMION - AT - TRUCKSCOUT24 - 2019-12-01 00:00:00 - ERROR - STAT - expect_column_values_to_be_in_type_list - PHOTO - correctly filled rate (%) - 100.0
2019-12-12 13:12:05,597 - CAMION - AT - TRUCKSCOUT24 - 2019-12-01 00:00:00 - ERROR - FILE_VALIDATE - expect_column_values_to_be_in_type_list - PHOTO - True - 1
2019-12-12 13:12:05,597 - CAMION - AT - TRUCKSCOUT24 - 2019-12-01 00:00:00 - ERROR - STAT - expect_column_values_to_not_be_null - PHOTO - correctly filled rate (%) - 100.0
2019-12-12 13:12:05,597 - CAMION - AT - TRUCKSCOUT24 - 2019-12-01 00:00:00 - ERROR - FILE_VALIDATE - expect_column_values_to_not_be_null - PHOTO - True - 1
2019-12-12 13:12:05,597 - CAMION - AT - TRUCKSCOUT24 - 2019-12-01 00:00:00 - ERROR - STAT - expect_column_values_to_not_be_null - PLACE - correctly filled rate (%) - 0.0
2019-12-12 13:12:05,597 - CAMION - AT - TRUCKSCOUT24 - 2019-12-01 00:00:00 - ERROR - FILE_VALIDATE - expect_column_values_to_not_be_null - PLACE - False - 0
2019-12-12 13:12:05,597 - CAMION - AT - TRUCKSCOUT24 - 2019-12-01 00:00:00 - ERROR - STAT - expect_column_values_to_not_be_null - PORTE - correctly filled rate (%) - 0.0
2019-12-12 13:12:05,597 - CAMION - AT - TRUCKSCOUT24 - 2019-12-01 00:00:00 - ERROR - FILE_VALIDATE - expect_column_values_to_not_be_null - PORTE - False - 0
2019-12-12 13:12:05,597 - CAMION - AT - TRUCKSCOUT24 - 2019-12-01 00:00:00 - ERROR - STAT - expect_column_values_to_be_in_type_list - PRIX - correctly filled rate (%) - 100.0
2019-12-12 13:12:05,598 - CAMION - AT - TRUCKSCOUT24 - 2019-12-01 00:00:00 - ERROR - FILE_VALIDATE - expect_column_values_to_be_in_type_list - PRIX - True - 1
2019-12-12 13:12:05,598 - CAMION - AT - TRUCKSCOUT24 - 2019-12-01 00:00:00 - ERROR - STAT - expect_column_values_to_not_be_null - PRIX - correctly filled rate (%) - 100.0
2019-12-12 13:12:05,598 - CAMION - AT - TRUCKSCOUT24 - 2019-12-01 00:00:00 - ERROR - FILE_VALIDATE - expect_column_values_to_not_be_null - PRIX - True - 1
2019-12-12 13:12:05,598 - CAMION - AT - TRUCKSCOUT24 - 2019-12-01 00:00:00 - ERROR - STAT - expect_column_values_to_not_be_null - PROVINCE - correctly filled rate (%) - 0.0
2019-12-12 13:12:05,598 - CAMION - AT - TRUCKSCOUT24 - 2019-12-01 00:00:00 - ERROR - FILE_VALIDATE - expect_column_values_to_not_be_null - PROVINCE - False - 0
2019-12-12 13:12:05,598 - CAMION - AT - TRUCKSCOUT24 - 2019-12-01 00:00:00 - ERROR - STAT - expect_column_values_to_not_be_null - SITE - correctly filled rate (%) - 100.0
2019-12-12 13:12:05,598 - CAMION - AT - TRUCKSCOUT24 - 2019-12-01 00:00:00 - ERROR - FILE_VALIDATE - expect_column_values_to_not_be_null - SITE - True - 1
2019-12-12 13:12:05,598 - CAMION - AT - TRUCKSCOUT24 - 2019-12-01 00:00:00 - ERROR - STAT - expect_column_values_to_not_be_null - TELEPHONE - correctly filled rate (%) - 99.68
2019-12-12 13:12:05,598 - CAMION - AT - TRUCKSCOUT24 - 2019-12-01 00:00:00 - ERROR - FILE_VALIDATE - expect_column_values_to_not_be_null - TELEPHONE - True - 1
2019-12-12 13:12:05,598 - CAMION - AT - TRUCKSCOUT24 - 2019-12-01 00:00:00 - ERROR - STAT - expect_column_values_to_be_phone_number - TELEPHONE - correctly filled rate (%) - 99.86
2019-12-12 13:12:05,598 - CAMION - AT - TRUCKSCOUT24 - 2019-12-01 00:00:00 - ERROR - FILE_VALIDATE - expect_column_values_to_be_phone_number - TELEPHONE - True - 1
2019-12-12 13:12:05,598 - CAMION - AT - TRUCKSCOUT24 - 2019-12-01 00:00:00 - ERROR - STAT - expect_column_values_to_not_be_null - TYPE - correctly filled rate (%) - 99.95
2019-12-12 13:12:05,598 - CAMION - AT - TRUCKSCOUT24 - 2019-12-01 00:00:00 - ERROR - FILE_VALIDATE - expect_column_values_to_not_be_null - TYPE - True - 1
2019-12-12 13:12:05,598 - CAMION - AT - TRUCKSCOUT24 - 2019-12-01 00:00:00 - ERROR - STAT - expect_column_values_to_be_in_set_2 - TYPE - observed proportion - 100.0
2019-12-12 13:12:05,598 - CAMION - AT - TRUCKSCOUT24 - 2019-12-01 00:00:00 - ERROR - STAT - expect_column_values_to_not_be_null - VILLE - correctly filled rate (%) - 100.0
2019-12-12 13:12:05,598 - CAMION - AT - TRUCKSCOUT24 - 2019-12-01 00:00:00 - ERROR - FILE_VALIDATE - expect_column_values_to_not_be_null - VILLE - True - 1
2019-12-12 13:12:05,598 - CAMION - AT - TRUCKSCOUT24 - 2019-12-01 00:00:00 - ERROR - STAT - expect_column_values_to_not_be_null - VN_IND - correctly filled rate (%) - 0.0
2019-12-12 13:12:05,599 - CAMION - AT - TRUCKSCOUT24 - 2019-12-01 00:00:00 - ERROR - FILE_VALIDATE - expect_column_values_to_not_be_null - VN_IND - False - 0
2019-12-12 13:12:05,599 - CAMION - AT - TRUCKSCOUT24 - 2019-12-01 00:00:00 - ERROR - STAT - expect_returning_row_unique_count - MARQUE_CORRECTED - total number of unique rows - 518
2019-12-12 13:12:05,599 - CAMION - AT - TRUCKSCOUT24 - 2019-12-01 00:00:00 - ERROR - STAT - expect_returning_row_unique_count - MODELE_CORRECTED - total number of unique rows - 18533
2019-12-12 13:12:05,599 - CAMION - AT - TRUCKSCOUT24 - 2019-12-01 00:00:00 - ERROR - STAT - expect_returning_row_unique_count - CARROSSERIE - total number of unique rows - 0
2019-12-12 13:12:05,599 - CAMION - AT - TRUCKSCOUT24 - 2019-12-01 00:00:00 - ERROR - STAT - expect_returning_row_unique_count - CARBURANT - total number of unique rows - 5
2019-12-12 13:12:05,599 - CAMION - AT - TRUCKSCOUT24 - 2019-12-01 00:00:00 - ERROR - STAT - expect_column_values_to_not_be_null - CYLINDRE - correctly filled rate (%) - 0.0
2019-12-12 13:12:05,599 - CAMION - AT - TRUCKSCOUT24 - 2019-12-01 00:00:00 - ERROR - FILE_VALIDATE - expect_column_values_to_not_be_null - CYLINDRE - False - 0
2019-12-12 13:12:05,599 - CAMION - AT - TRUCKSCOUT24 - 2019-12-01 00:00:00 - ERROR - STAT - expect_returning_row_unique_count - PROVINCE - total number of unique rows - 1
2019-12-12 13:12:05,599 - CAMION - AT - TRUCKSCOUT24 - 2019-12-01 00:00:00 - ERROR - STAT - expect_returning_row_unique_count - VILLE - total number of unique rows - 1701
2019-12-12 13:12:05,599 - CAMION - AT - TRUCKSCOUT24 - 2019-12-01 00:00:00 - ERROR - STAT - expect_returning_row_unique_count - DEPARTEMENT - total number of unique rows - 0
2019-12-12 13:12:05,599 - CAMION - AT - TRUCKSCOUT24 - 2019-12-01 00:00:00 - ERROR - STAT - expect_returning_row_count_on_conditions - DEALER_USEDCARS - total number of row with conditions - 68063
2019-12-12 13:12:05,599 - CAMION - AT - TRUCKSCOUT24 - 2019-12-01 00:00:00 - ERROR - STAT - expect_returning_row_count_on_conditions - PRIVATE_USEDCARS - total number of row with conditions - 328
2019-12-12 13:12:05,599 - CAMION - AT - TRUCKSCOUT24 - 2019-12-01 00:00:00 - ERROR - STAT - expect_returning_row_count_on_conditions - TRUCKS - total number of row with conditions - 0
2019-12-12 13:12:05,599 - CAMION - AT - TRUCKSCOUT24 - 2019-12-01 00:00:00 - ERROR - STAT - expect_returning_row_count_on_conditions - TRACTOR UNITS - total number of row with conditions - 0
2019-12-12 13:12:05,599 - CAMION - AT - TRUCKSCOUT24 - 2019-12-01 00:00:00 - ERROR - STAT - expect_returning_row_count_on_conditions - TRAILERS - total number of row with conditions - 0
2019-12-12 13:12:05,599 - CAMION - AT - TRUCKSCOUT24 - 2019-12-01 00:00:00 - ERROR - STAT - expect_returning_row_count_on_conditions - VANS - total number of row with conditions - 0
2019-12-12 13:12:05,600 - CAMION - AT - TRUCKSCOUT24 - 2019-12-01 00:00:00 - ERROR - STAT - expect_returning_row_count_on_conditions - HEAVY EQUIPMENTS - total number of row with conditions - 0
2019-12-12 13:12:05,600 - CAMION - AT - TRUCKSCOUT24 - 2019-12-01 00:00:00 - ERROR - STAT - expect_returning_row_count_on_conditions - SEMI TRAILERS - total number of row with conditions - 0
2019-12-12 13:12:05,600 - CAMION - AT - TRUCKSCOUT24 - 2019-12-01 00:00:00 - ERROR - STAT - expect_returning_row_count_on_conditions - DEALER_TRUCKS - total number of row with conditions - 0
2019-12-12 13:12:05,600 - CAMION - AT - TRUCKSCOUT24 - 2019-12-01 00:00:00 - ERROR - STAT - expect_returning_row_count_on_conditions - PRIVATE_TRUCKS - total number of row with conditions - 0
2019-12-12 13:12:05,600 - CAMION - AT - TRUCKSCOUT24 - 2019-12-01 00:00:00 - ERROR - STAT - expect_returning_row_count_on_conditions - DEALER_TRACTOR UNITS - total number of row with conditions - 0
2019-12-12 13:12:05,600 - CAMION - AT - TRUCKSCOUT24 - 2019-12-01 00:00:00 - ERROR - STAT - expect_returning_row_count_on_conditions - PRIVATE_TRACTOR UNITS - total number of row with conditions - 0
2019-12-12 13:12:05,600 - CAMION - AT - TRUCKSCOUT24 - 2019-12-01 00:00:00 - ERROR - STAT - expect_returning_row_count_on_conditions - DEALER_TRAILERS - total number of row with conditions - 0
2019-12-12 13:12:05,600 - CAMION - AT - TRUCKSCOUT24 - 2019-12-01 00:00:00 - ERROR - STAT - expect_returning_row_count_on_conditions - PRIVATE_TRAILERS - total number of row with conditions - 0
2019-12-12 13:12:05,600 - CAMION - AT - TRUCKSCOUT24 - 2019-12-01 00:00:00 - ERROR - STAT - expect_returning_row_count_on_conditions - DEALER_VANS - total number of row with conditions - 0
2019-12-12 13:12:05,600 - CAMION - AT - TRUCKSCOUT24 - 2019-12-01 00:00:00 - ERROR - STAT - expect_returning_row_count_on_conditions - PRIVATE_VANS - total number of row with conditions - 0
2019-12-12 13:12:05,600 - CAMION - AT - TRUCKSCOUT24 - 2019-12-01 00:00:00 - ERROR - STAT - expect_returning_row_count_on_conditions - DEALER_HEAVY EQUIPMENTS - total number of row with conditions - 0
2019-12-12 13:12:05,600 - CAMION - AT - TRUCKSCOUT24 - 2019-12-01 00:00:00 - ERROR - STAT - expect_returning_row_count_on_conditions - PRIVATE_HEAVY EQUIPMENTS - total number of row with conditions - 0
2019-12-12 13:12:05,600 - CAMION - AT - TRUCKSCOUT24 - 2019-12-01 00:00:00 - ERROR - STAT - expect_returning_row_count_on_conditions - DEALER_SEMI TRAILERS - total number of row with conditions - 0
2019-12-12 13:12:05,600 - CAMION - AT - TRUCKSCOUT24 - 2019-12-01 00:00:00 - ERROR - STAT - expect_returning_row_count_on_conditions - PRIVATE_SEMI TRAILERS - total number of row with conditions - 0
