2019-07-06 08:08:51,876 - IMMO - NL - MARKTPLAATS - 2019-05-01 00:00:00 - ERROR - STAT - expect_column_values_to_not_be_null - ACHAT_LOC - correctly filled rate (%) - 100.0
2019-07-06 08:08:51,876 - IMMO - NL - MARKTPLAATS - 2019-05-01 00:00:00 - ERROR - STAT - expect_column_values_to_be_in_set - ACHAT_LOC - correctly filled rate (%) - 100.0
2019-07-06 08:08:51,876 - IMMO - NL - MARKTPLAATS - 2019-05-01 00:00:00 - ERROR - STAT - expect_column_values_to_not_be_null - ADRESSE - correctly filled rate (%) - 87.57
2019-07-06 08:08:51,876 - IMMO - NL - MARKTPLAATS - 2019-05-01 00:00:00 - ERROR - STAT - expect_column_values_to_not_be_null - AGENCE_ADRESSE - correctly filled rate (%) - 0.0
2019-07-06 08:08:51,876 - IMMO - NL - MARKTPLAATS - 2019-05-01 00:00:00 - ERROR - STAT - expect_column_values_to_not_be_null - AGENCE_CP - correctly filled rate (%) - 0.0
2019-07-06 08:08:51,876 - IMMO - NL - MARKTPLAATS - 2019-05-01 00:00:00 - ERROR - STAT - expect_column_values_to_not_be_null - AGENCE_ID - correctly filled rate (%) - 100.0
2019-07-06 08:08:51,876 - IMMO - NL - MARKTPLAATS - 2019-05-01 00:00:00 - ERROR - STAT - expect_column_values_to_not_be_null - AGENCE_NOM - correctly filled rate (%) - 100.0
2019-07-06 08:08:51,876 - IMMO - NL - MARKTPLAATS - 2019-05-01 00:00:00 - ERROR - STAT - expect_column_values_to_be_phone_number - AGENCE_TEL - correctly filled rate (%) - 99.68
2019-07-06 08:08:51,876 - IMMO - NL - MARKTPLAATS - 2019-05-01 00:00:00 - ERROR - STAT - expect_column_values_to_not_be_null - AGENCE_TEL - correctly filled rate (%) - 44.49
2019-07-06 08:08:51,876 - IMMO - NL - MARKTPLAATS - 2019-05-01 00:00:00 - ERROR - STAT - expect_column_values_to_not_be_null - AGENCE_VILLE - correctly filled rate (%) - 0.0
2019-07-06 08:08:51,876 - IMMO - NL - MARKTPLAATS - 2019-05-01 00:00:00 - ERROR - STAT - expect_column_values_to_not_be_null - ANNONCE_DATE - correctly filled rate (%) - 100.0
2019-07-06 08:08:51,876 - IMMO - NL - MARKTPLAATS - 2019-05-01 00:00:00 - ERROR - STAT - expect_column_values_to_not_be_null - ANNONCE_LINK - correctly filled rate (%) - 100.0
2019-07-06 08:08:51,876 - IMMO - NL - MARKTPLAATS - 2019-05-01 00:00:00 - ERROR - FILE_CHECK - expect_column_values_to_be_unique - ANNONCE_LINK - Unexpected value: https://www.marktplaats.nlpreviousPage=lr on line 9698, value should be unique
2019-07-06 08:08:51,876 - IMMO - NL - MARKTPLAATS - 2019-05-01 00:00:00 - ERROR - FILE_CHECK - expect_column_values_to_be_unique - ANNONCE_LINK - Unexpected value: https://www.marktplaats.nlpreviousPage=lr on line 9707, value should be unique
2019-07-06 08:08:51,877 - IMMO - NL - MARKTPLAATS - 2019-05-01 00:00:00 - ERROR - STAT - expect_column_values_to_be_unique - ANNONCE_LINK - observed proportion - 99.98
2019-07-06 08:08:51,877 - IMMO - NL - MARKTPLAATS - 2019-05-01 00:00:00 - ERROR - STAT - expect_column_values_to_not_be_null - CATEGORIE - correctly filled rate (%) - 99.95
2019-07-06 08:08:51,877 - IMMO - NL - MARKTPLAATS - 2019-05-01 00:00:00 - ERROR - STAT - expect_column_values_to_not_be_null - CP - correctly filled rate (%) - 0.0
2019-07-06 08:08:51,877 - IMMO - NL - MARKTPLAATS - 2019-05-01 00:00:00 - ERROR - STAT - expect_column_values_to_not_be_null - DEPARTEMENT - correctly filled rate (%) - 0.14
2019-07-06 08:08:51,877 - IMMO - NL - MARKTPLAATS - 2019-05-01 00:00:00 - ERROR - STAT - expect_returning_row_count - EVERY_COLUMNS - total number of rows - 9854
2019-07-06 08:08:51,877 - IMMO - NL - MARKTPLAATS - 2019-05-01 00:00:00 - ERROR - STAT - expect_column_values_to_not_be_null - ID_CLIENT - correctly filled rate (%) - 100.0
2019-07-06 08:08:51,877 - IMMO - NL - MARKTPLAATS - 2019-05-01 00:00:00 - ERROR - STAT - expect_column_values_to_be_unique - ID_CLIENT - observed proportion - 100.0
2019-07-06 08:08:51,877 - IMMO - NL - MARKTPLAATS - 2019-05-01 00:00:00 - ERROR - FILE_CHECK - expect_column_values_to_be_of_type - M2_TOTALE - Wrong type for value: 0.00 on line 0 should be int
2019-07-06 08:08:51,877 - IMMO - NL - MARKTPLAATS - 2019-05-01 00:00:00 - ERROR - FILE_CHECK - expect_column_values_to_be_of_type - M2_TOTALE - Wrong type for value: 0.00 on line 1 should be int
2019-07-06 08:08:51,877 - IMMO - NL - MARKTPLAATS - 2019-05-01 00:00:00 - ERROR - FILE_CHECK - expect_column_values_to_be_of_type - M2_TOTALE - Wrong type for value: 0.00 on line 2 should be int
2019-07-06 08:08:51,877 - IMMO - NL - MARKTPLAATS - 2019-05-01 00:00:00 - ERROR - FILE_CHECK - expect_column_values_to_be_of_type - M2_TOTALE - Wrong type for value: 0.00 on line 3 should be int
2019-07-06 08:08:51,877 - IMMO - NL - MARKTPLAATS - 2019-05-01 00:00:00 - ERROR - FILE_CHECK - expect_column_values_to_be_of_type - M2_TOTALE - Wrong type for value: 0.00 on line 4 should be int
2019-07-06 08:08:51,877 - IMMO - NL - MARKTPLAATS - 2019-05-01 00:00:00 - ERROR - FILE_CHECK - expect_column_values_to_be_of_type - M2_TOTALE - Wrong type for value: 0.00 on line 5 should be int
2019-07-06 08:08:51,877 - IMMO - NL - MARKTPLAATS - 2019-05-01 00:00:00 - ERROR - FILE_CHECK - expect_column_values_to_be_of_type - M2_TOTALE - Wrong type for value: 0.00 on line 6 should be int
2019-07-06 08:08:51,877 - IMMO - NL - MARKTPLAATS - 2019-05-01 00:00:00 - ERROR - FILE_CHECK - expect_column_values_to_be_of_type - M2_TOTALE - Wrong type for value: 0.00 on line 7 should be int
2019-07-06 08:08:51,877 - IMMO - NL - MARKTPLAATS - 2019-05-01 00:00:00 - ERROR - FILE_CHECK - expect_column_values_to_be_of_type - M2_TOTALE - Wrong type for value: 0.00 on line 8 should be int
2019-07-06 08:08:51,877 - IMMO - NL - MARKTPLAATS - 2019-05-01 00:00:00 - ERROR - FILE_CHECK - expect_column_values_to_be_of_type - M2_TOTALE - Wrong type for value: 0.00 on line 9 should be int
2019-07-06 08:08:51,878 - IMMO - NL - MARKTPLAATS - 2019-05-01 00:00:00 - ERROR - FILE_CHECK - expect_column_values_to_be_of_type - M2_TOTALE - Wrong type for value: 0.00 on line 10 should be int
2019-07-06 08:08:51,878 - IMMO - NL - MARKTPLAATS - 2019-05-01 00:00:00 - ERROR - FILE_CHECK - expect_column_values_to_be_of_type - M2_TOTALE - Wrong type for value: 0.00 on line 11 should be int
2019-07-06 08:08:51,878 - IMMO - NL - MARKTPLAATS - 2019-05-01 00:00:00 - ERROR - FILE_CHECK - expect_column_values_to_be_of_type - M2_TOTALE - Wrong type for value: 0.00 on line 12 should be int
2019-07-06 08:08:51,878 - IMMO - NL - MARKTPLAATS - 2019-05-01 00:00:00 - ERROR - FILE_CHECK - expect_column_values_to_be_of_type - M2_TOTALE - Wrong type for value: 0.00 on line 13 should be int
2019-07-06 08:08:51,878 - IMMO - NL - MARKTPLAATS - 2019-05-01 00:00:00 - ERROR - FILE_CHECK - expect_column_values_to_be_of_type - M2_TOTALE - Wrong type for value: 0.00 on line 14 should be int
2019-07-06 08:08:51,878 - IMMO - NL - MARKTPLAATS - 2019-05-01 00:00:00 - ERROR - FILE_CHECK - expect_column_values_to_be_of_type - M2_TOTALE - Wrong type for value: 0.00 on line 15 should be int
2019-07-06 08:08:51,878 - IMMO - NL - MARKTPLAATS - 2019-05-01 00:00:00 - ERROR - FILE_CHECK - expect_column_values_to_be_of_type - M2_TOTALE - Wrong type for value: 0.00 on line 16 should be int
2019-07-06 08:08:51,878 - IMMO - NL - MARKTPLAATS - 2019-05-01 00:00:00 - ERROR - FILE_CHECK - expect_column_values_to_be_of_type - M2_TOTALE - Wrong type for value: 0.00 on line 17 should be int
2019-07-06 08:08:51,878 - IMMO - NL - MARKTPLAATS - 2019-05-01 00:00:00 - ERROR - FILE_CHECK - expect_column_values_to_be_of_type - M2_TOTALE - Wrong type for value: 0.00 on line 18 should be int
2019-07-06 08:08:51,878 - IMMO - NL - MARKTPLAATS - 2019-05-01 00:00:00 - ERROR - FILE_CHECK - expect_column_values_to_be_of_type - M2_TOTALE - Wrong type for value: 0.00 on line 19 should be int
2019-07-06 08:08:51,878 - IMMO - NL - MARKTPLAATS - 2019-05-01 00:00:00 - ERROR - STAT - expect_column_values_to_be_of_type - M2_TOTALE - correctly filled rate (%) - 0.0
2019-07-06 08:08:51,878 - IMMO - NL - MARKTPLAATS - 2019-05-01 00:00:00 - ERROR - STAT - expect_column_values_to_not_be_null - M2_TOTALE - correctly filled rate (%) - 100.0
2019-07-06 08:08:51,878 - IMMO - NL - MARKTPLAATS - 2019-05-01 00:00:00 - ERROR - STAT - expect_column_values_to_not_be_null - MAISON_APT - correctly filled rate (%) - 100.0
2019-07-06 08:08:51,878 - IMMO - NL - MARKTPLAATS - 2019-05-01 00:00:00 - ERROR - STAT - expect_column_values_to_be_between - MAISON_APT - correctly filled rate (%) - 100.0
2019-07-06 08:08:51,878 - IMMO - NL - MARKTPLAATS - 2019-05-01 00:00:00 - ERROR - STAT - expect_column_values_to_not_be_null - MINI_SITE_ID - correctly filled rate (%) - 100.0
2019-07-06 08:08:51,878 - IMMO - NL - MARKTPLAATS - 2019-05-01 00:00:00 - ERROR - STAT - expect_column_values_to_not_be_null - NOM - correctly filled rate (%) - 87.8
2019-07-06 08:08:51,878 - IMMO - NL - MARKTPLAATS - 2019-05-01 00:00:00 - ERROR - STAT - expect_column_values_to_match_regex - PAYS_AD - correctly filled rate (%) - 100.0
2019-07-06 08:08:51,879 - IMMO - NL - MARKTPLAATS - 2019-05-01 00:00:00 - ERROR - STAT - expect_column_values_to_not_be_null - PAYS_AD - correctly filled rate (%) - 87.77
2019-07-06 08:08:51,879 - IMMO - NL - MARKTPLAATS - 2019-05-01 00:00:00 - ERROR - STAT - expect_column_values_to_not_be_null - PHOTO - correctly filled rate (%) - 0.0
2019-07-06 08:08:51,879 - IMMO - NL - MARKTPLAATS - 2019-05-01 00:00:00 - ERROR - STAT - expect_column_values_to_be_of_type - PIECE - correctly filled rate (%) - 100.0
2019-07-06 08:08:51,879 - IMMO - NL - MARKTPLAATS - 2019-05-01 00:00:00 - ERROR - STAT - expect_column_values_to_not_be_null - PIECE - correctly filled rate (%) - 100.0
2019-07-06 08:08:51,879 - IMMO - NL - MARKTPLAATS - 2019-05-01 00:00:00 - ERROR - STAT - expect_column_values_to_be_in_type_list - PIECE - correctly filled rate (%) - 100.0
2019-07-06 08:08:51,879 - IMMO - NL - MARKTPLAATS - 2019-05-01 00:00:00 - ERROR - STAT - expect_column_values_to_be_of_type - PRIX - correctly filled rate (%) - 100.0
2019-07-06 08:08:51,879 - IMMO - NL - MARKTPLAATS - 2019-05-01 00:00:00 - ERROR - STAT - expect_column_values_to_not_be_null - PRIX - correctly filled rate (%) - 100.0
2019-07-06 08:08:51,879 - IMMO - NL - MARKTPLAATS - 2019-05-01 00:00:00 - ERROR - STAT - expect_column_values_to_not_be_null - PRO_IND - correctly filled rate (%) - 100.0
2019-07-06 08:08:51,879 - IMMO - NL - MARKTPLAATS - 2019-05-01 00:00:00 - ERROR - STAT - expect_column_values_to_be_in_set - PRO_IND - correctly filled rate (%) - 100.0
2019-07-06 08:08:51,879 - IMMO - NL - MARKTPLAATS - 2019-05-01 00:00:00 - ERROR - STAT - expect_column_values_to_not_be_null - REGION - correctly filled rate (%) - 0.0
2019-07-06 08:08:51,879 - IMMO - NL - MARKTPLAATS - 2019-05-01 00:00:00 - ERROR - STAT - expect_column_values_to_not_be_null - SELLER_TYPE - correctly filled rate (%) - 0.0
2019-07-06 08:08:51,879 - IMMO - NL - MARKTPLAATS - 2019-05-01 00:00:00 - ERROR - FILE_CHECK - expect_column_values_to_be_of_type - SURFACE_TERRAIN - Wrong type for value: 0.0 on line 0 should be int
2019-07-06 08:08:51,879 - IMMO - NL - MARKTPLAATS - 2019-05-01 00:00:00 - ERROR - FILE_CHECK - expect_column_values_to_be_of_type - SURFACE_TERRAIN - Wrong type for value: 0.0 on line 1 should be int
2019-07-06 08:08:51,879 - IMMO - NL - MARKTPLAATS - 2019-05-01 00:00:00 - ERROR - FILE_CHECK - expect_column_values_to_be_of_type - SURFACE_TERRAIN - Wrong type for value: 0.0 on line 2 should be int
2019-07-06 08:08:51,879 - IMMO - NL - MARKTPLAATS - 2019-05-01 00:00:00 - ERROR - FILE_CHECK - expect_column_values_to_be_of_type - SURFACE_TERRAIN - Wrong type for value: 0.0 on line 3 should be int
2019-07-06 08:08:51,879 - IMMO - NL - MARKTPLAATS - 2019-05-01 00:00:00 - ERROR - FILE_CHECK - expect_column_values_to_be_of_type - SURFACE_TERRAIN - Wrong type for value: 0.0 on line 4 should be int
2019-07-06 08:08:51,879 - IMMO - NL - MARKTPLAATS - 2019-05-01 00:00:00 - ERROR - FILE_CHECK - expect_column_values_to_be_of_type - SURFACE_TERRAIN - Wrong type for value: 0.0 on line 5 should be int
2019-07-06 08:08:51,880 - IMMO - NL - MARKTPLAATS - 2019-05-01 00:00:00 - ERROR - FILE_CHECK - expect_column_values_to_be_of_type - SURFACE_TERRAIN - Wrong type for value: 0.0 on line 6 should be int
2019-07-06 08:08:51,880 - IMMO - NL - MARKTPLAATS - 2019-05-01 00:00:00 - ERROR - FILE_CHECK - expect_column_values_to_be_of_type - SURFACE_TERRAIN - Wrong type for value: 0.0 on line 7 should be int
2019-07-06 08:08:51,880 - IMMO - NL - MARKTPLAATS - 2019-05-01 00:00:00 - ERROR - FILE_CHECK - expect_column_values_to_be_of_type - SURFACE_TERRAIN - Wrong type for value: 0.0 on line 8 should be int
2019-07-06 08:08:51,880 - IMMO - NL - MARKTPLAATS - 2019-05-01 00:00:00 - ERROR - FILE_CHECK - expect_column_values_to_be_of_type - SURFACE_TERRAIN - Wrong type for value: 0.0 on line 9 should be int
2019-07-06 08:08:51,880 - IMMO - NL - MARKTPLAATS - 2019-05-01 00:00:00 - ERROR - FILE_CHECK - expect_column_values_to_be_of_type - SURFACE_TERRAIN - Wrong type for value: 0.0 on line 10 should be int
2019-07-06 08:08:51,880 - IMMO - NL - MARKTPLAATS - 2019-05-01 00:00:00 - ERROR - FILE_CHECK - expect_column_values_to_be_of_type - SURFACE_TERRAIN - Wrong type for value: 0.0 on line 11 should be int
2019-07-06 08:08:51,880 - IMMO - NL - MARKTPLAATS - 2019-05-01 00:00:00 - ERROR - FILE_CHECK - expect_column_values_to_be_of_type - SURFACE_TERRAIN - Wrong type for value: 0.0 on line 12 should be int
2019-07-06 08:08:51,880 - IMMO - NL - MARKTPLAATS - 2019-05-01 00:00:00 - ERROR - FILE_CHECK - expect_column_values_to_be_of_type - SURFACE_TERRAIN - Wrong type for value: 0.0 on line 13 should be int
2019-07-06 08:08:51,880 - IMMO - NL - MARKTPLAATS - 2019-05-01 00:00:00 - ERROR - FILE_CHECK - expect_column_values_to_be_of_type - SURFACE_TERRAIN - Wrong type for value: 0.0 on line 14 should be int
2019-07-06 08:08:51,880 - IMMO - NL - MARKTPLAATS - 2019-05-01 00:00:00 - ERROR - FILE_CHECK - expect_column_values_to_be_of_type - SURFACE_TERRAIN - Wrong type for value: 0.0 on line 15 should be int
2019-07-06 08:08:51,880 - IMMO - NL - MARKTPLAATS - 2019-05-01 00:00:00 - ERROR - FILE_CHECK - expect_column_values_to_be_of_type - SURFACE_TERRAIN - Wrong type for value: 0.0 on line 16 should be int
2019-07-06 08:08:51,880 - IMMO - NL - MARKTPLAATS - 2019-05-01 00:00:00 - ERROR - FILE_CHECK - expect_column_values_to_be_of_type - SURFACE_TERRAIN - Wrong type for value: 0.0 on line 17 should be int
2019-07-06 08:08:51,880 - IMMO - NL - MARKTPLAATS - 2019-05-01 00:00:00 - ERROR - FILE_CHECK - expect_column_values_to_be_of_type - SURFACE_TERRAIN - Wrong type for value: 0.0 on line 18 should be int
2019-07-06 08:08:51,880 - IMMO - NL - MARKTPLAATS - 2019-05-01 00:00:00 - ERROR - FILE_CHECK - expect_column_values_to_be_of_type - SURFACE_TERRAIN - Wrong type for value: 0.0 on line 19 should be int
2019-07-06 08:08:51,880 - IMMO - NL - MARKTPLAATS - 2019-05-01 00:00:00 - ERROR - STAT - expect_column_values_to_be_of_type - SURFACE_TERRAIN - correctly filled rate (%) - 0.0
2019-07-06 08:08:51,880 - IMMO - NL - MARKTPLAATS - 2019-05-01 00:00:00 - ERROR - STAT - expect_column_values_to_match_regex - VILLE - correctly filled rate (%) - 100.0
2019-07-06 08:08:51,880 - IMMO - NL - MARKTPLAATS - 2019-05-01 00:00:00 - ERROR - STAT - expect_column_values_to_not_be_null - VILLE - correctly filled rate (%) - 100.0
2019-07-06 08:08:51,881 - IMMO - NL - MARKTPLAATS - 2019-05-01 00:00:00 - ERROR - STAT - expect_column_value_lengths_to_be_between - ANNONCE_TEXT - correctly filled rate (%) - 100.0
2019-07-06 08:08:51,881 - IMMO - NL - MARKTPLAATS - 2019-05-01 00:00:00 - ERROR - STAT - expect_returning_row_count_on_conditions - PRIVATE_LISTINGS - total number of row with conditions - 199
2019-07-06 08:08:51,881 - IMMO - NL - MARKTPLAATS - 2019-05-01 00:00:00 - ERROR - STAT - expect_returning_row_count_on_conditions - DEALER_LISTINGS - total number of row with conditions - 9655
