2019-08-30 13:42:49,692 - CAMION - DE - MASCUS - 2019-08-01 00:00:00 - ERROR - STAT - expect_column_values_to_not_be_null - ADRESSE - correctly filled rate (%) - 96.85
2019-08-30 13:42:49,692 - CAMION - DE - MASCUS - 2019-08-01 00:00:00 - ERROR - STAT - expect_column_values_to_be_in_type_list - ANNEE - correctly filled rate (%) - 100.0
2019-08-30 13:42:49,693 - CAMION - DE - MASCUS - 2019-08-01 00:00:00 - ERROR - STAT - expect_column_values_to_be_between - ANNEE - correctly filled rate (%) - 92.03
2019-08-30 13:42:49,693 - CAMION - DE - MASCUS - 2019-08-01 00:00:00 - ERROR - STAT - expect_column_values_to_not_be_null - ANNEE - correctly filled rate (%) - 100.0
2019-08-30 13:42:49,693 - CAMION - DE - MASCUS - 2019-08-01 00:00:00 - ERROR - FILE_CHECK - expect_column_values_to_match_regex - ANNEE - Unexpected value: 0 on line 13, value should match regexp ^[0-9]{4}$
2019-08-30 13:42:49,693 - CAMION - DE - MASCUS - 2019-08-01 00:00:00 - ERROR - FILE_CHECK - expect_column_values_to_match_regex - ANNEE - Unexpected value: 0 on line 32, value should match regexp ^[0-9]{4}$
2019-08-30 13:42:49,693 - CAMION - DE - MASCUS - 2019-08-01 00:00:00 - ERROR - FILE_CHECK - expect_column_values_to_match_regex - ANNEE - Unexpected value: 0 on line 59, value should match regexp ^[0-9]{4}$
2019-08-30 13:42:49,693 - CAMION - DE - MASCUS - 2019-08-01 00:00:00 - ERROR - FILE_CHECK - expect_column_values_to_match_regex - ANNEE - Unexpected value: 0 on line 74, value should match regexp ^[0-9]{4}$
2019-08-30 13:42:49,693 - CAMION - DE - MASCUS - 2019-08-01 00:00:00 - ERROR - FILE_CHECK - expect_column_values_to_match_regex - ANNEE - Unexpected value: 0 on line 88, value should match regexp ^[0-9]{4}$
2019-08-30 13:42:49,693 - CAMION - DE - MASCUS - 2019-08-01 00:00:00 - ERROR - FILE_CHECK - expect_column_values_to_match_regex - ANNEE - Unexpected value: 0 on line 93, value should match regexp ^[0-9]{4}$
2019-08-30 13:42:49,693 - CAMION - DE - MASCUS - 2019-08-01 00:00:00 - ERROR - FILE_CHECK - expect_column_values_to_match_regex - ANNEE - Unexpected value: 0 on line 107, value should match regexp ^[0-9]{4}$
2019-08-30 13:42:49,693 - CAMION - DE - MASCUS - 2019-08-01 00:00:00 - ERROR - FILE_CHECK - expect_column_values_to_match_regex - ANNEE - Unexpected value: 0 on line 111, value should match regexp ^[0-9]{4}$
2019-08-30 13:42:49,693 - CAMION - DE - MASCUS - 2019-08-01 00:00:00 - ERROR - FILE_CHECK - expect_column_values_to_match_regex - ANNEE - Unexpected value: 0 on line 112, value should match regexp ^[0-9]{4}$
2019-08-30 13:42:49,693 - CAMION - DE - MASCUS - 2019-08-01 00:00:00 - ERROR - FILE_CHECK - expect_column_values_to_match_regex - ANNEE - Unexpected value: 0 on line 142, value should match regexp ^[0-9]{4}$
2019-08-30 13:42:49,693 - CAMION - DE - MASCUS - 2019-08-01 00:00:00 - ERROR - FILE_CHECK - expect_column_values_to_match_regex - ANNEE - Unexpected value: 0 on line 145, value should match regexp ^[0-9]{4}$
2019-08-30 13:42:49,693 - CAMION - DE - MASCUS - 2019-08-01 00:00:00 - ERROR - FILE_CHECK - expect_column_values_to_match_regex - ANNEE - Unexpected value: 0 on line 149, value should match regexp ^[0-9]{4}$
2019-08-30 13:42:49,693 - CAMION - DE - MASCUS - 2019-08-01 00:00:00 - ERROR - FILE_CHECK - expect_column_values_to_match_regex - ANNEE - Unexpected value: 0 on line 155, value should match regexp ^[0-9]{4}$
2019-08-30 13:42:49,693 - CAMION - DE - MASCUS - 2019-08-01 00:00:00 - ERROR - FILE_CHECK - expect_column_values_to_match_regex - ANNEE - Unexpected value: 0 on line 163, value should match regexp ^[0-9]{4}$
2019-08-30 13:42:49,693 - CAMION - DE - MASCUS - 2019-08-01 00:00:00 - ERROR - FILE_CHECK - expect_column_values_to_match_regex - ANNEE - Unexpected value: 0 on line 288, value should match regexp ^[0-9]{4}$
2019-08-30 13:42:49,693 - CAMION - DE - MASCUS - 2019-08-01 00:00:00 - ERROR - FILE_CHECK - expect_column_values_to_match_regex - ANNEE - Unexpected value: 0 on line 291, value should match regexp ^[0-9]{4}$
2019-08-30 13:42:49,694 - CAMION - DE - MASCUS - 2019-08-01 00:00:00 - ERROR - FILE_CHECK - expect_column_values_to_match_regex - ANNEE - Unexpected value: 0 on line 293, value should match regexp ^[0-9]{4}$
2019-08-30 13:42:49,694 - CAMION - DE - MASCUS - 2019-08-01 00:00:00 - ERROR - FILE_CHECK - expect_column_values_to_match_regex - ANNEE - Unexpected value: 0 on line 300, value should match regexp ^[0-9]{4}$
2019-08-30 13:42:49,694 - CAMION - DE - MASCUS - 2019-08-01 00:00:00 - ERROR - FILE_CHECK - expect_column_values_to_match_regex - ANNEE - Unexpected value: 0 on line 306, value should match regexp ^[0-9]{4}$
2019-08-30 13:42:49,694 - CAMION - DE - MASCUS - 2019-08-01 00:00:00 - ERROR - FILE_CHECK - expect_column_values_to_match_regex - ANNEE - Unexpected value: 0 on line 309, value should match regexp ^[0-9]{4}$
2019-08-30 13:42:49,694 - CAMION - DE - MASCUS - 2019-08-01 00:00:00 - ERROR - STAT - expect_column_values_to_match_regex - ANNEE - correctly filled rate (%) - 93.58
2019-08-30 13:42:49,694 - CAMION - DE - MASCUS - 2019-08-01 00:00:00 - ERROR - STAT - expect_column_values_to_not_be_null - ANNONCE_LINK - correctly filled rate (%) - 100.0
2019-08-30 13:42:49,694 - CAMION - DE - MASCUS - 2019-08-01 00:00:00 - ERROR - STAT - expect_column_values_to_be_unique - ANNONCE_LINK - observed proportion - 100.0
2019-08-30 13:42:49,694 - CAMION - DE - MASCUS - 2019-08-01 00:00:00 - ERROR - STAT - expect_column_values_to_not_be_null - CARBURANT - correctly filled rate (%) - 0.36
2019-08-30 13:42:49,694 - CAMION - DE - MASCUS - 2019-08-01 00:00:00 - ERROR - STAT - expect_column_values_to_not_be_null - CARROSSERIE - correctly filled rate (%) - 0.0
2019-08-30 13:42:49,694 - CAMION - DE - MASCUS - 2019-08-01 00:00:00 - ERROR - STAT - expect_column_values_to_not_be_null - CP - correctly filled rate (%) - 97.27
2019-08-30 13:42:49,694 - CAMION - DE - MASCUS - 2019-08-01 00:00:00 - ERROR - STAT - expect_column_values_to_match_regex - CP - correctly filled rate (%) - 99.34
2019-08-30 13:42:49,694 - CAMION - DE - MASCUS - 2019-08-01 00:00:00 - ERROR - STAT - expect_column_values_to_not_be_null - GARAGE_ID - correctly filled rate (%) - 0.0
2019-08-30 13:42:49,694 - CAMION - DE - MASCUS - 2019-08-01 00:00:00 - ERROR - STAT - expect_column_values_to_not_be_null - ID_CLIENT - correctly filled rate (%) - 100.0
2019-08-30 13:42:49,694 - CAMION - DE - MASCUS - 2019-08-01 00:00:00 - ERROR - STAT - expect_column_values_to_be_unique - ID_CLIENT - observed proportion - 100.0
2019-08-30 13:42:49,694 - CAMION - DE - MASCUS - 2019-08-01 00:00:00 - ERROR - STAT - expect_returning_row_count - EVERY_COLUMNS - total number of rows - 18177
2019-08-30 13:42:49,694 - CAMION - DE - MASCUS - 2019-08-01 00:00:00 - ERROR - STAT - expect_column_values_to_not_be_null - IMMAT - correctly filled rate (%) - 100.0
2019-08-30 13:42:49,694 - CAMION - DE - MASCUS - 2019-08-01 00:00:00 - ERROR - STAT - expect_column_values_to_be_in_type_list - KM - correctly filled rate (%) - 100.0
2019-08-30 13:42:49,695 - CAMION - DE - MASCUS - 2019-08-01 00:00:00 - ERROR - STAT - expect_column_values_to_not_be_null - KM - correctly filled rate (%) - 100.0
2019-08-30 13:42:49,695 - CAMION - DE - MASCUS - 2019-08-01 00:00:00 - ERROR - STAT - expect_column_values_to_be_in_type_list - LITRE - correctly filled rate (%) - 100.0
2019-08-30 13:42:49,695 - CAMION - DE - MASCUS - 2019-08-01 00:00:00 - ERROR - STAT - expect_column_values_to_not_be_null - LITRE - correctly filled rate (%) - 100.0
2019-08-30 13:42:49,695 - CAMION - DE - MASCUS - 2019-08-01 00:00:00 - ERROR - STAT - expect_column_values_to_not_be_null - MARQUE - correctly filled rate (%) - 0.0
2019-08-30 13:42:49,695 - CAMION - DE - MASCUS - 2019-08-01 00:00:00 - ERROR - STAT - expect_column_values_to_not_be_null - MODELE - correctly filled rate (%) - 0.0
2019-08-30 13:42:49,695 - CAMION - DE - MASCUS - 2019-08-01 00:00:00 - ERROR - STAT - expect_column_values_to_not_be_null - NOM - correctly filled rate (%) - 99.99
2019-08-30 13:42:49,695 - CAMION - DE - MASCUS - 2019-08-01 00:00:00 - ERROR - FILE_CHECK - expect_column_value_lengths_to_be_between - NOM - Unexpected characters count of: [0...] on line  13, value length should be between 10 and 255
2019-08-30 13:42:49,695 - CAMION - DE - MASCUS - 2019-08-01 00:00:00 - ERROR - FILE_CHECK - expect_column_value_lengths_to_be_between - NOM - Unexpected characters count of: [MK7...] on line  65, value length should be between 10 and 255
2019-08-30 13:42:49,695 - CAMION - DE - MASCUS - 2019-08-01 00:00:00 - ERROR - FILE_CHECK - expect_column_value_lengths_to_be_between - NOM - Unexpected characters count of: [0 11.2019...] on line  88, value length should be between 10 and 255
2019-08-30 13:42:49,695 - CAMION - DE - MASCUS - 2019-08-01 00:00:00 - ERROR - FILE_CHECK - expect_column_value_lengths_to_be_between - NOM - Unexpected characters count of: [0...] on line  93, value length should be between 10 and 255
2019-08-30 13:42:49,695 - CAMION - DE - MASCUS - 2019-08-01 00:00:00 - ERROR - FILE_CHECK - expect_column_value_lengths_to_be_between - NOM - Unexpected characters count of: [07.2020...] on line  107, value length should be between 10 and 255
2019-08-30 13:42:49,695 - CAMION - DE - MASCUS - 2019-08-01 00:00:00 - ERROR - FILE_CHECK - expect_column_value_lengths_to_be_between - NOM - Unexpected characters count of: [0...] on line  112, value length should be between 10 and 255
2019-08-30 13:42:49,695 - CAMION - DE - MASCUS - 2019-08-01 00:00:00 - ERROR - FILE_CHECK - expect_column_value_lengths_to_be_between - NOM - Unexpected characters count of: [0 10.2019...] on line  142, value length should be between 10 and 255
2019-08-30 13:42:49,695 - CAMION - DE - MASCUS - 2019-08-01 00:00:00 - ERROR - FILE_CHECK - expect_column_value_lengths_to_be_between - NOM - Unexpected characters count of: [0...] on line  163, value length should be between 10 and 255
2019-08-30 13:42:49,695 - CAMION - DE - MASCUS - 2019-08-01 00:00:00 - ERROR - FILE_CHECK - expect_column_value_lengths_to_be_between - NOM - Unexpected characters count of: [0...] on line  288, value length should be between 10 and 255
2019-08-30 13:42:49,695 - CAMION - DE - MASCUS - 2019-08-01 00:00:00 - ERROR - FILE_CHECK - expect_column_value_lengths_to_be_between - NOM - Unexpected characters count of: [0...] on line  293, value length should be between 10 and 255
2019-08-30 13:42:49,695 - CAMION - DE - MASCUS - 2019-08-01 00:00:00 - ERROR - FILE_CHECK - expect_column_value_lengths_to_be_between - NOM - Unexpected characters count of: [0...] on line  306, value length should be between 10 and 255
2019-08-30 13:42:49,695 - CAMION - DE - MASCUS - 2019-08-01 00:00:00 - ERROR - FILE_CHECK - expect_column_value_lengths_to_be_between - NOM - Unexpected characters count of: [0...] on line  309, value length should be between 10 and 255
2019-08-30 13:42:49,696 - CAMION - DE - MASCUS - 2019-08-01 00:00:00 - ERROR - FILE_CHECK - expect_column_value_lengths_to_be_between - NOM - Unexpected characters count of: [Krone - -...] on line  337, value length should be between 10 and 255
2019-08-30 13:42:49,696 - CAMION - DE - MASCUS - 2019-08-01 00:00:00 - ERROR - FILE_CHECK - expect_column_value_lengths_to_be_between - NOM - Unexpected characters count of: [1-Achser...] on line  387, value length should be between 10 and 255
2019-08-30 13:42:49,696 - CAMION - DE - MASCUS - 2019-08-01 00:00:00 - ERROR - FILE_CHECK - expect_column_value_lengths_to_be_between - NOM - Unexpected characters count of: [0...] on line  433, value length should be between 10 and 255
2019-08-30 13:42:49,696 - CAMION - DE - MASCUS - 2019-08-01 00:00:00 - ERROR - FILE_CHECK - expect_column_value_lengths_to_be_between - NOM - Unexpected characters count of: [Paus Z70...] on line  578, value length should be between 10 and 255
2019-08-30 13:42:49,696 - CAMION - DE - MASCUS - 2019-08-01 00:00:00 - ERROR - FILE_CHECK - expect_column_value_lengths_to_be_between - NOM - Unexpected characters count of: [0...] on line  580, value length should be between 10 and 255
2019-08-30 13:42:49,696 - CAMION - DE - MASCUS - 2019-08-01 00:00:00 - ERROR - FILE_CHECK - expect_column_value_lengths_to_be_between - NOM - Unexpected characters count of: [0...] on line  591, value length should be between 10 and 255
2019-08-30 13:42:49,696 - CAMION - DE - MASCUS - 2019-08-01 00:00:00 - ERROR - FILE_CHECK - expect_column_value_lengths_to_be_between - NOM - Unexpected characters count of: [8 to...] on line  677, value length should be between 10 and 255
2019-08-30 13:42:49,696 - CAMION - DE - MASCUS - 2019-08-01 00:00:00 - ERROR - FILE_CHECK - expect_column_value_lengths_to_be_between - NOM - Unexpected characters count of: [0...] on line  698, value length should be between 10 and 255
2019-08-30 13:42:49,696 - CAMION - DE - MASCUS - 2019-08-01 00:00:00 - ERROR - STAT - expect_column_value_lengths_to_be_between - NOM - correctly filled rate (%) - 97.51
2019-08-30 13:42:49,696 - CAMION - DE - MASCUS - 2019-08-01 00:00:00 - ERROR - STAT - expect_column_values_to_not_be_null - OPTIONS - correctly filled rate (%) - 31.14
2019-08-30 13:42:49,696 - CAMION - DE - MASCUS - 2019-08-01 00:00:00 - ERROR - FILE_CHECK - expect_column_value_lengths_to_be_between - OPTIONS - Unexpected characters count of: [Bordcomputer, Bremsa...] on line  858, value length should be between 0 and 255
2019-08-30 13:42:49,696 - CAMION - DE - MASCUS - 2019-08-01 00:00:00 - ERROR - FILE_CHECK - expect_column_value_lengths_to_be_between - OPTIONS - Unexpected characters count of: [ABS, Airbags, beheiz...] on line  1251, value length should be between 0 and 255
2019-08-30 13:42:49,696 - CAMION - DE - MASCUS - 2019-08-01 00:00:00 - ERROR - FILE_CHECK - expect_column_value_lengths_to_be_between - OPTIONS - Unexpected characters count of: [Radio, Klimaanlage, ...] on line  1294, value length should be between 0 and 255
2019-08-30 13:42:49,696 - CAMION - DE - MASCUS - 2019-08-01 00:00:00 - ERROR - FILE_CHECK - expect_column_value_lengths_to_be_between - OPTIONS - Unexpected characters count of: [ABS, Airbags, beheiz...] on line  4300, value length should be between 0 and 255
2019-08-30 13:42:49,696 - CAMION - DE - MASCUS - 2019-08-01 00:00:00 - ERROR - FILE_CHECK - expect_column_value_lengths_to_be_between - OPTIONS - Unexpected characters count of: [ABS, ASR  - Antriebs...] on line  4470, value length should be between 0 and 255
2019-08-30 13:42:49,696 - CAMION - DE - MASCUS - 2019-08-01 00:00:00 - ERROR - FILE_CHECK - expect_column_value_lengths_to_be_between - OPTIONS - Unexpected characters count of: [Bordcomputer, Bremsa...] on line  4576, value length should be between 0 and 255
2019-08-30 13:42:49,696 - CAMION - DE - MASCUS - 2019-08-01 00:00:00 - ERROR - FILE_CHECK - expect_column_value_lengths_to_be_between - OPTIONS - Unexpected characters count of: [Bremsanlage, Einzelk...] on line  5761, value length should be between 0 and 255
2019-08-30 13:42:49,696 - CAMION - DE - MASCUS - 2019-08-01 00:00:00 - ERROR - FILE_CHECK - expect_column_value_lengths_to_be_between - OPTIONS - Unexpected characters count of: [ABS, Airbags, ASR  -...] on line  6737, value length should be between 0 and 255
2019-08-30 13:42:49,697 - CAMION - DE - MASCUS - 2019-08-01 00:00:00 - ERROR - FILE_CHECK - expect_column_value_lengths_to_be_between - OPTIONS - Unexpected characters count of: [ABS, Airbags, BDF-Co...] on line  7084, value length should be between 0 and 255
2019-08-30 13:42:49,697 - CAMION - DE - MASCUS - 2019-08-01 00:00:00 - ERROR - FILE_CHECK - expect_column_value_lengths_to_be_between - OPTIONS - Unexpected characters count of: [ABS, ASR  - Antriebs...] on line  8221, value length should be between 0 and 255
2019-08-30 13:42:49,697 - CAMION - DE - MASCUS - 2019-08-01 00:00:00 - ERROR - FILE_CHECK - expect_column_value_lengths_to_be_between - OPTIONS - Unexpected characters count of: [Bordcomputer, Bremsa...] on line  9274, value length should be between 0 and 255
2019-08-30 13:42:49,697 - CAMION - DE - MASCUS - 2019-08-01 00:00:00 - ERROR - FILE_CHECK - expect_column_value_lengths_to_be_between - OPTIONS - Unexpected characters count of: [ABS, ASR  - Antriebs...] on line  10135, value length should be between 0 and 255
2019-08-30 13:42:49,697 - CAMION - DE - MASCUS - 2019-08-01 00:00:00 - ERROR - FILE_CHECK - expect_column_value_lengths_to_be_between - OPTIONS - Unexpected characters count of: [ABS, Anhängerkupplun...] on line  13417, value length should be between 0 and 255
2019-08-30 13:42:49,697 - CAMION - DE - MASCUS - 2019-08-01 00:00:00 - ERROR - FILE_CHECK - expect_column_value_lengths_to_be_between - OPTIONS - Unexpected characters count of: [Bordcomputer, Bremsa...] on line  13490, value length should be between 0 and 255
2019-08-30 13:42:49,697 - CAMION - DE - MASCUS - 2019-08-01 00:00:00 - ERROR - FILE_CHECK - expect_column_value_lengths_to_be_between - OPTIONS - Unexpected characters count of: [ABS, Airbags, Anhäng...] on line  14464, value length should be between 0 and 255
2019-08-30 13:42:49,697 - CAMION - DE - MASCUS - 2019-08-01 00:00:00 - ERROR - FILE_CHECK - expect_column_value_lengths_to_be_between - OPTIONS - Unexpected characters count of: [Abgassbremse, Bordco...] on line  14542, value length should be between 0 and 255
2019-08-30 13:42:49,697 - CAMION - DE - MASCUS - 2019-08-01 00:00:00 - ERROR - FILE_CHECK - expect_column_value_lengths_to_be_between - OPTIONS - Unexpected characters count of: [ABS, ASR  - Antriebs...] on line  14772, value length should be between 0 and 255
2019-08-30 13:42:49,697 - CAMION - DE - MASCUS - 2019-08-01 00:00:00 - ERROR - FILE_CHECK - expect_column_value_lengths_to_be_between - OPTIONS - Unexpected characters count of: [Bremsanlage, Elektri...] on line  15776, value length should be between 0 and 255
2019-08-30 13:42:49,697 - CAMION - DE - MASCUS - 2019-08-01 00:00:00 - ERROR - FILE_CHECK - expect_column_value_lengths_to_be_between - OPTIONS - Unexpected characters count of: [Bordcomputer, CB-Rad...] on line  15806, value length should be between 0 and 255
2019-08-30 13:42:49,697 - CAMION - DE - MASCUS - 2019-08-01 00:00:00 - ERROR - STAT - expect_column_value_lengths_to_be_between - OPTIONS - correctly filled rate (%) - 99.66
2019-08-30 13:42:49,697 - CAMION - DE - MASCUS - 2019-08-01 00:00:00 - ERROR - STAT - expect_column_values_to_be_in_type_list - PHOTO - correctly filled rate (%) - 100.0
2019-08-30 13:42:49,697 - CAMION - DE - MASCUS - 2019-08-01 00:00:00 - ERROR - STAT - expect_column_values_to_not_be_null - PHOTO - correctly filled rate (%) - 100.0
2019-08-30 13:42:49,697 - CAMION - DE - MASCUS - 2019-08-01 00:00:00 - ERROR - STAT - expect_column_values_to_not_be_null - PLACE - correctly filled rate (%) - 0.0
2019-08-30 13:42:49,697 - CAMION - DE - MASCUS - 2019-08-01 00:00:00 - ERROR - STAT - expect_column_values_to_not_be_null - PORTE - correctly filled rate (%) - 0.0
2019-08-30 13:42:49,697 - CAMION - DE - MASCUS - 2019-08-01 00:00:00 - ERROR - STAT - expect_column_values_to_be_in_type_list - PRIX - correctly filled rate (%) - 100.0
2019-08-30 13:42:49,698 - CAMION - DE - MASCUS - 2019-08-01 00:00:00 - ERROR - STAT - expect_column_values_to_not_be_null - PRIX - correctly filled rate (%) - 100.0
2019-08-30 13:42:49,698 - CAMION - DE - MASCUS - 2019-08-01 00:00:00 - ERROR - STAT - expect_column_values_to_not_be_null - PROVINCE - correctly filled rate (%) - 0.0
2019-08-30 13:42:49,698 - CAMION - DE - MASCUS - 2019-08-01 00:00:00 - ERROR - STAT - expect_column_values_to_not_be_null - SITE - correctly filled rate (%) - 100.0
2019-08-30 13:42:49,698 - CAMION - DE - MASCUS - 2019-08-01 00:00:00 - ERROR - STAT - expect_column_values_to_not_be_null - TELEPHONE - correctly filled rate (%) - 99.2
2019-08-30 13:42:49,698 - CAMION - DE - MASCUS - 2019-08-01 00:00:00 - ERROR - STAT - expect_column_values_to_be_phone_number - TELEPHONE - correctly filled rate (%) - 99.98
2019-08-30 13:42:49,698 - CAMION - DE - MASCUS - 2019-08-01 00:00:00 - ERROR - STAT - expect_column_values_to_not_be_null - TYPE - correctly filled rate (%) - 100.0
2019-08-30 13:42:49,698 - CAMION - DE - MASCUS - 2019-08-01 00:00:00 - ERROR - STAT - expect_column_values_to_be_in_set_2 - TYPE - observed proportion - 100.0
2019-08-30 13:42:49,698 - CAMION - DE - MASCUS - 2019-08-01 00:00:00 - ERROR - STAT - expect_column_values_to_not_be_null - VILLE - correctly filled rate (%) - 99.53
2019-08-30 13:42:49,698 - CAMION - DE - MASCUS - 2019-08-01 00:00:00 - ERROR - STAT - expect_column_values_to_not_be_null - VN_IND - correctly filled rate (%) - 0.0
2019-08-30 13:42:49,698 - CAMION - DE - MASCUS - 2019-08-01 00:00:00 - ERROR - STAT - expect_returning_row_unique_count - MARQUE_CORRECTED - total number of unique rows - 144
2019-08-30 13:42:49,698 - CAMION - DE - MASCUS - 2019-08-01 00:00:00 - ERROR - STAT - expect_returning_row_unique_count - MODELE_CORRECTED - total number of unique rows - 395
2019-08-30 13:42:49,698 - CAMION - DE - MASCUS - 2019-08-01 00:00:00 - ERROR - STAT - expect_returning_row_unique_count - CARROSSERIE - total number of unique rows - 0
2019-08-30 13:42:49,698 - CAMION - DE - MASCUS - 2019-08-01 00:00:00 - ERROR - STAT - expect_returning_row_unique_count - CARBURANT - total number of unique rows - 1
2019-08-30 13:42:49,698 - CAMION - DE - MASCUS - 2019-08-01 00:00:00 - ERROR - STAT - expect_column_values_to_not_be_null - CYLINDRE - correctly filled rate (%) - 0.0
2019-08-30 13:42:49,698 - CAMION - DE - MASCUS - 2019-08-01 00:00:00 - ERROR - STAT - expect_returning_row_unique_count - PROVINCE - total number of unique rows - 0
2019-08-30 13:42:49,698 - CAMION - DE - MASCUS - 2019-08-01 00:00:00 - ERROR - STAT - expect_returning_row_unique_count - VILLE - total number of unique rows - 887
2019-08-30 13:42:49,698 - CAMION - DE - MASCUS - 2019-08-01 00:00:00 - ERROR - STAT - expect_returning_row_unique_count - DEPARTEMENT - total number of unique rows - 0
2019-08-30 13:42:49,698 - CAMION - DE - MASCUS - 2019-08-01 00:00:00 - ERROR - STAT - expect_returning_row_count_on_conditions - DEALER_USEDCARS - total number of row with conditions - 18169
2019-08-30 13:42:49,699 - CAMION - DE - MASCUS - 2019-08-01 00:00:00 - ERROR - STAT - expect_returning_row_count_on_conditions - PRIVATE_USEDCARS - total number of row with conditions - 8
2019-08-30 13:42:49,699 - CAMION - DE - MASCUS - 2019-08-01 00:00:00 - ERROR - STAT - expect_returning_row_count_on_conditions - TRUCKS - total number of row with conditions - 4331
2019-08-30 13:42:49,699 - CAMION - DE - MASCUS - 2019-08-01 00:00:00 - ERROR - STAT - expect_returning_row_count_on_conditions - TRACTOR UNITS - total number of row with conditions - 691
2019-08-30 13:42:49,699 - CAMION - DE - MASCUS - 2019-08-01 00:00:00 - ERROR - STAT - expect_returning_row_count_on_conditions - TRAILERS - total number of row with conditions - 855
2019-08-30 13:42:49,699 - CAMION - DE - MASCUS - 2019-08-01 00:00:00 - ERROR - STAT - expect_returning_row_count_on_conditions - VANS - total number of row with conditions - 724
2019-08-30 13:42:49,699 - CAMION - DE - MASCUS - 2019-08-01 00:00:00 - ERROR - STAT - expect_returning_row_count_on_conditions - HEAVY EQUIPMENTS - total number of row with conditions - 10297
2019-08-30 13:42:49,699 - CAMION - DE - MASCUS - 2019-08-01 00:00:00 - ERROR - STAT - expect_returning_row_count_on_conditions - SEMI TRAILERS - total number of row with conditions - 1279
2019-08-30 13:42:49,699 - CAMION - DE - MASCUS - 2019-08-01 00:00:00 - ERROR - STAT - expect_returning_row_count_on_conditions - DEALER_TRUCKS - total number of row with conditions - 4330
2019-08-30 13:42:49,699 - CAMION - DE - MASCUS - 2019-08-01 00:00:00 - ERROR - STAT - expect_returning_row_count_on_conditions - PRIVATE_TRUCKS - total number of row with conditions - 1
2019-08-30 13:42:49,699 - CAMION - DE - MASCUS - 2019-08-01 00:00:00 - ERROR - STAT - expect_returning_row_count_on_conditions - DEALER_TRACTOR UNITS - total number of row with conditions - 690
2019-08-30 13:42:49,699 - CAMION - DE - MASCUS - 2019-08-01 00:00:00 - ERROR - STAT - expect_returning_row_count_on_conditions - PRIVATE_TRACTOR UNITS - total number of row with conditions - 1
2019-08-30 13:42:49,699 - CAMION - DE - MASCUS - 2019-08-01 00:00:00 - ERROR - STAT - expect_returning_row_count_on_conditions - DEALER_TRAILERS - total number of row with conditions - 854
2019-08-30 13:42:49,699 - CAMION - DE - MASCUS - 2019-08-01 00:00:00 - ERROR - STAT - expect_returning_row_count_on_conditions - PRIVATE_TRAILERS - total number of row with conditions - 1
2019-08-30 13:42:49,699 - CAMION - DE - MASCUS - 2019-08-01 00:00:00 - ERROR - STAT - expect_returning_row_count_on_conditions - DEALER_VANS - total number of row with conditions - 724
2019-08-30 13:42:49,699 - CAMION - DE - MASCUS - 2019-08-01 00:00:00 - ERROR - STAT - expect_returning_row_count_on_conditions - PRIVATE_VANS - total number of row with conditions - 0
2019-08-30 13:42:49,699 - CAMION - DE - MASCUS - 2019-08-01 00:00:00 - ERROR - STAT - expect_returning_row_count_on_conditions - DEALER_HEAVY EQUIPMENTS - total number of row with conditions - 10292
2019-08-30 13:42:49,699 - CAMION - DE - MASCUS - 2019-08-01 00:00:00 - ERROR - STAT - expect_returning_row_count_on_conditions - PRIVATE_HEAVY EQUIPMENTS - total number of row with conditions - 5
2019-08-30 13:42:49,699 - CAMION - DE - MASCUS - 2019-08-01 00:00:00 - ERROR - STAT - expect_returning_row_count_on_conditions - DEALER_SEMI TRAILERS - total number of row with conditions - 1279
2019-08-30 13:42:49,700 - CAMION - DE - MASCUS - 2019-08-01 00:00:00 - ERROR - STAT - expect_returning_row_count_on_conditions - PRIVATE_SEMI TRAILERS - total number of row with conditions - 0
