2019-08-23 21:52:24,603 - IMMO - FR.LUXE - RESIDENCESIMMOBILIER - 2019-08-01 00:00:00 - ERROR - STAT - expect_column_values_to_not_be_null - ACHAT_LOC - correctly filled rate (%) - 100.0
2019-08-23 21:52:24,603 - IMMO - FR.LUXE - RESIDENCESIMMOBILIER - 2019-08-01 00:00:00 - ERROR - STAT - expect_column_values_to_be_in_set - ACHAT_LOC - correctly filled rate (%) - 100.0
2019-08-23 21:52:24,603 - IMMO - FR.LUXE - RESIDENCESIMMOBILIER - 2019-08-01 00:00:00 - ERROR - STAT - expect_column_values_to_not_be_null - ADRESSE - correctly filled rate (%) - 0.0
2019-08-23 21:52:24,603 - IMMO - FR.LUXE - RESIDENCESIMMOBILIER - 2019-08-01 00:00:00 - ERROR - STAT - expect_column_values_to_not_be_null - AGENCE_ADRESSE - correctly filled rate (%) - 99.89
2019-08-23 21:52:24,603 - IMMO - FR.LUXE - RESIDENCESIMMOBILIER - 2019-08-01 00:00:00 - ERROR - STAT - expect_column_values_to_not_be_null - AGENCE_CP - correctly filled rate (%) - 99.88
2019-08-23 21:52:24,603 - IMMO - FR.LUXE - RESIDENCESIMMOBILIER - 2019-08-01 00:00:00 - ERROR - FILE_CHECK - expect_column_values_to_match_regex - AGENCE_CP - Unexpected value: 10571  13002 on line 1029, value should match regexp ^[0-9]{5}$
2019-08-23 21:52:24,604 - IMMO - FR.LUXE - RESIDENCESIMMOBILIER - 2019-08-01 00:00:00 - ERROR - FILE_CHECK - expect_column_values_to_match_regex - AGENCE_CP - Unexpected value: 06190  06500 on line 1093, value should match regexp ^[0-9]{5}$
2019-08-23 21:52:24,604 - IMMO - FR.LUXE - RESIDENCESIMMOBILIER - 2019-08-01 00:00:00 - ERROR - FILE_CHECK - expect_column_values_to_match_regex - AGENCE_CP - Unexpected value: 06190  06500 on line 1117, value should match regexp ^[0-9]{5}$
2019-08-23 21:52:24,604 - IMMO - FR.LUXE - RESIDENCESIMMOBILIER - 2019-08-01 00:00:00 - ERROR - FILE_CHECK - expect_column_values_to_match_regex - AGENCE_CP - Unexpected value: 06190  06500 on line 1512, value should match regexp ^[0-9]{5}$
2019-08-23 21:52:24,604 - IMMO - FR.LUXE - RESIDENCESIMMOBILIER - 2019-08-01 00:00:00 - ERROR - FILE_CHECK - expect_column_values_to_match_regex - AGENCE_CP - Unexpected value: 06190  06500 on line 1571, value should match regexp ^[0-9]{5}$
2019-08-23 21:52:24,604 - IMMO - FR.LUXE - RESIDENCESIMMOBILIER - 2019-08-01 00:00:00 - ERROR - FILE_CHECK - expect_column_values_to_match_regex - AGENCE_CP - Unexpected value: 75004  75016  75004 on line 1573, value should match regexp ^[0-9]{5}$
2019-08-23 21:52:24,604 - IMMO - FR.LUXE - RESIDENCESIMMOBILIER - 2019-08-01 00:00:00 - ERROR - FILE_CHECK - expect_column_values_to_match_regex - AGENCE_CP - Unexpected value: 06190  06500 on line 1610, value should match regexp ^[0-9]{5}$
2019-08-23 21:52:24,604 - IMMO - FR.LUXE - RESIDENCESIMMOBILIER - 2019-08-01 00:00:00 - ERROR - FILE_CHECK - expect_column_values_to_match_regex - AGENCE_CP - Unexpected value: 92160  83120 on line 1778, value should match regexp ^[0-9]{5}$
2019-08-23 21:52:24,604 - IMMO - FR.LUXE - RESIDENCESIMMOBILIER - 2019-08-01 00:00:00 - ERROR - FILE_CHECK - expect_column_values_to_match_regex - AGENCE_CP - Unexpected value: 06190  06500 on line 1959, value should match regexp ^[0-9]{5}$
2019-08-23 21:52:24,604 - IMMO - FR.LUXE - RESIDENCESIMMOBILIER - 2019-08-01 00:00:00 - ERROR - FILE_CHECK - expect_column_values_to_match_regex - AGENCE_CP - Unexpected value: 92160  83120 on line 1972, value should match regexp ^[0-9]{5}$
2019-08-23 21:52:24,604 - IMMO - FR.LUXE - RESIDENCESIMMOBILIER - 2019-08-01 00:00:00 - ERROR - FILE_CHECK - expect_column_values_to_match_regex - AGENCE_CP - Unexpected value: 06190  06500 on line 2021, value should match regexp ^[0-9]{5}$
2019-08-23 21:52:24,604 - IMMO - FR.LUXE - RESIDENCESIMMOBILIER - 2019-08-01 00:00:00 - ERROR - FILE_CHECK - expect_column_values_to_match_regex - AGENCE_CP - Unexpected value: 06190  06500 on line 2100, value should match regexp ^[0-9]{5}$
2019-08-23 21:52:24,604 - IMMO - FR.LUXE - RESIDENCESIMMOBILIER - 2019-08-01 00:00:00 - ERROR - FILE_CHECK - expect_column_values_to_match_regex - AGENCE_CP - Unexpected value: 06190  06500 on line 2356, value should match regexp ^[0-9]{5}$
2019-08-23 21:52:24,604 - IMMO - FR.LUXE - RESIDENCESIMMOBILIER - 2019-08-01 00:00:00 - ERROR - FILE_CHECK - expect_column_values_to_match_regex - AGENCE_CP - Unexpected value: 06190  06500 on line 2433, value should match regexp ^[0-9]{5}$
2019-08-23 21:52:24,604 - IMMO - FR.LUXE - RESIDENCESIMMOBILIER - 2019-08-01 00:00:00 - ERROR - FILE_CHECK - expect_column_values_to_match_regex - AGENCE_CP - Unexpected value: 75004  75016  75004 on line 2459, value should match regexp ^[0-9]{5}$
2019-08-23 21:52:24,605 - IMMO - FR.LUXE - RESIDENCESIMMOBILIER - 2019-08-01 00:00:00 - ERROR - FILE_CHECK - expect_column_values_to_match_regex - AGENCE_CP - Unexpected value: 10571  13002 on line 2638, value should match regexp ^[0-9]{5}$
2019-08-23 21:52:24,605 - IMMO - FR.LUXE - RESIDENCESIMMOBILIER - 2019-08-01 00:00:00 - ERROR - FILE_CHECK - expect_column_values_to_match_regex - AGENCE_CP - Unexpected value: 06190  06500 on line 2657, value should match regexp ^[0-9]{5}$
2019-08-23 21:52:24,605 - IMMO - FR.LUXE - RESIDENCESIMMOBILIER - 2019-08-01 00:00:00 - ERROR - FILE_CHECK - expect_column_values_to_match_regex - AGENCE_CP - Unexpected value: 06190  06500 on line 2685, value should match regexp ^[0-9]{5}$
2019-08-23 21:52:24,606 - IMMO - FR.LUXE - RESIDENCESIMMOBILIER - 2019-08-01 00:00:00 - ERROR - FILE_CHECK - expect_column_values_to_match_regex - AGENCE_CP - Unexpected value: 06190  06500 on line 2748, value should match regexp ^[0-9]{5}$
2019-08-23 21:52:24,606 - IMMO - FR.LUXE - RESIDENCESIMMOBILIER - 2019-08-01 00:00:00 - ERROR - FILE_CHECK - expect_column_values_to_match_regex - AGENCE_CP - Unexpected value: 06190  06500 on line 2749, value should match regexp ^[0-9]{5}$
2019-08-23 21:52:24,606 - IMMO - FR.LUXE - RESIDENCESIMMOBILIER - 2019-08-01 00:00:00 - ERROR - STAT - expect_column_values_to_match_regex - AGENCE_CP - correctly filled rate (%) - 93.87
2019-08-23 21:52:24,606 - IMMO - FR.LUXE - RESIDENCESIMMOBILIER - 2019-08-01 00:00:00 - ERROR - STAT - expect_column_values_to_not_be_null - AGENCE_NOM - correctly filled rate (%) - 99.89
2019-08-23 21:52:24,606 - IMMO - FR.LUXE - RESIDENCESIMMOBILIER - 2019-08-01 00:00:00 - ERROR - STAT - expect_column_values_to_be_phone_number - AGENCE_TEL - correctly filled rate (%) - 94.97
2019-08-23 21:52:24,606 - IMMO - FR.LUXE - RESIDENCESIMMOBILIER - 2019-08-01 00:00:00 - ERROR - STAT - expect_column_values_to_not_be_null - AGENCE_TEL - correctly filled rate (%) - 90.72
2019-08-23 21:52:24,606 - IMMO - FR.LUXE - RESIDENCESIMMOBILIER - 2019-08-01 00:00:00 - ERROR - STAT - expect_column_values_to_not_be_null - AGENCE_VILLE - correctly filled rate (%) - 99.88
2019-08-23 21:52:24,607 - IMMO - FR.LUXE - RESIDENCESIMMOBILIER - 2019-08-01 00:00:00 - ERROR - STAT - expect_column_values_to_not_be_null - ANNONCE_DATE - correctly filled rate (%) - 7.93
2019-08-23 21:52:24,607 - IMMO - FR.LUXE - RESIDENCESIMMOBILIER - 2019-08-01 00:00:00 - ERROR - STAT - expect_column_values_to_not_be_null - ANNONCE_LINK - correctly filled rate (%) - 100.0
2019-08-23 21:52:24,607 - IMMO - FR.LUXE - RESIDENCESIMMOBILIER - 2019-08-01 00:00:00 - ERROR - STAT - expect_column_values_to_be_unique - ANNONCE_LINK - observed proportion - 100.0
2019-08-23 21:52:24,607 - IMMO - FR.LUXE - RESIDENCESIMMOBILIER - 2019-08-01 00:00:00 - ERROR - FILE_CHECK - expect_column_value_lengths_to_be_between - ANNONCE_TEXT - Unexpected characters count of: [En plein coeur du 16...] on line  0, value length should be between 0 and 255
2019-08-23 21:52:24,607 - IMMO - FR.LUXE - RESIDENCESIMMOBILIER - 2019-08-01 00:00:00 - ERROR - FILE_CHECK - expect_column_value_lengths_to_be_between - ANNONCE_TEXT - Unexpected characters count of: [Dans un environnemen...] on line  2, value length should be between 0 and 255
2019-08-23 21:52:24,607 - IMMO - FR.LUXE - RESIDENCESIMMOBILIER - 2019-08-01 00:00:00 - ERROR - FILE_CHECK - expect_column_value_lengths_to_be_between - ANNONCE_TEXT - Unexpected characters count of: [Entre Biarritz et Sa...] on line  3, value length should be between 0 and 255
2019-08-23 21:52:24,607 - IMMO - FR.LUXE - RESIDENCESIMMOBILIER - 2019-08-01 00:00:00 - ERROR - FILE_CHECK - expect_column_value_lengths_to_be_between - ANNONCE_TEXT - Unexpected characters count of: [A mi-chemin entre l'...] on line  4, value length should be between 0 and 255
2019-08-23 21:52:24,607 - IMMO - FR.LUXE - RESIDENCESIMMOBILIER - 2019-08-01 00:00:00 - ERROR - FILE_CHECK - expect_column_value_lengths_to_be_between - ANNONCE_TEXT - Unexpected characters count of: [Entre la maison d'am...] on line  5, value length should be between 0 and 255
2019-08-23 21:52:24,607 - IMMO - FR.LUXE - RESIDENCESIMMOBILIER - 2019-08-01 00:00:00 - ERROR - FILE_CHECK - expect_column_value_lengths_to_be_between - ANNONCE_TEXT - Unexpected characters count of: [Dans l'un des quarti...] on line  6, value length should be between 0 and 255
2019-08-23 21:52:24,607 - IMMO - FR.LUXE - RESIDENCESIMMOBILIER - 2019-08-01 00:00:00 - ERROR - FILE_CHECK - expect_column_value_lengths_to_be_between - ANNONCE_TEXT - Unexpected characters count of: [Disponible 1er novem...] on line  7, value length should be between 0 and 255
2019-08-23 21:52:24,607 - IMMO - FR.LUXE - RESIDENCESIMMOBILIER - 2019-08-01 00:00:00 - ERROR - FILE_CHECK - expect_column_value_lengths_to_be_between - ANNONCE_TEXT - Unexpected characters count of: [Pour passer les vaca...] on line  8, value length should be between 0 and 255
2019-08-23 21:52:24,607 - IMMO - FR.LUXE - RESIDENCESIMMOBILIER - 2019-08-01 00:00:00 - ERROR - FILE_CHECK - expect_column_value_lengths_to_be_between - ANNONCE_TEXT - Unexpected characters count of: [Entre cour et jardin...] on line  9, value length should be between 0 and 255
2019-08-23 21:52:24,607 - IMMO - FR.LUXE - RESIDENCESIMMOBILIER - 2019-08-01 00:00:00 - ERROR - FILE_CHECK - expect_column_value_lengths_to_be_between - ANNONCE_TEXT - Unexpected characters count of: [PARIS VII - ENTRE LE...] on line  10, value length should be between 0 and 255
2019-08-23 21:52:24,608 - IMMO - FR.LUXE - RESIDENCESIMMOBILIER - 2019-08-01 00:00:00 - ERROR - FILE_CHECK - expect_column_value_lengths_to_be_between - ANNONCE_TEXT - Unexpected characters count of: [Appartement meublé -...] on line  11, value length should be between 0 and 255
2019-08-23 21:52:24,608 - IMMO - FR.LUXE - RESIDENCESIMMOBILIER - 2019-08-01 00:00:00 - ERROR - FILE_CHECK - expect_column_value_lengths_to_be_between - ANNONCE_TEXT - Unexpected characters count of: [Dans un immeuble en ...] on line  12, value length should be between 0 and 255
2019-08-23 21:52:24,608 - IMMO - FR.LUXE - RESIDENCESIMMOBILIER - 2019-08-01 00:00:00 - ERROR - FILE_CHECK - expect_column_value_lengths_to_be_between - ANNONCE_TEXT - Unexpected characters count of: [Au coeur de Cap Ferr...] on line  13, value length should be between 0 and 255
2019-08-23 21:52:24,608 - IMMO - FR.LUXE - RESIDENCESIMMOBILIER - 2019-08-01 00:00:00 - ERROR - FILE_CHECK - expect_column_value_lengths_to_be_between - ANNONCE_TEXT - Unexpected characters count of: [Un superbe apparteme...] on line  14, value length should be between 0 and 255
2019-08-23 21:52:24,608 - IMMO - FR.LUXE - RESIDENCESIMMOBILIER - 2019-08-01 00:00:00 - ERROR - FILE_CHECK - expect_column_value_lengths_to_be_between - ANNONCE_TEXT - Unexpected characters count of: [Vue exceptionnelle s...] on line  16, value length should be between 0 and 255
2019-08-23 21:52:24,608 - IMMO - FR.LUXE - RESIDENCESIMMOBILIER - 2019-08-01 00:00:00 - ERROR - FILE_CHECK - expect_column_value_lengths_to_be_between - ANNONCE_TEXT - Unexpected characters count of: [Hotel particulier d'...] on line  17, value length should be between 0 and 255
2019-08-23 21:52:24,608 - IMMO - FR.LUXE - RESIDENCESIMMOBILIER - 2019-08-01 00:00:00 - ERROR - FILE_CHECK - expect_column_value_lengths_to_be_between - ANNONCE_TEXT - Unexpected characters count of: [L'agence du 6ème arr...] on line  18, value length should be between 0 and 255
2019-08-23 21:52:24,608 - IMMO - FR.LUXE - RESIDENCESIMMOBILIER - 2019-08-01 00:00:00 - ERROR - FILE_CHECK - expect_column_value_lengths_to_be_between - ANNONCE_TEXT - Unexpected characters count of: [Très rare et unique ...] on line  19, value length should be between 0 and 255
2019-08-23 21:52:24,608 - IMMO - FR.LUXE - RESIDENCESIMMOBILIER - 2019-08-01 00:00:00 - ERROR - FILE_CHECK - expect_column_value_lengths_to_be_between - ANNONCE_TEXT - Unexpected characters count of: [Appartement atypique...] on line  20, value length should be between 0 and 255
2019-08-23 21:52:24,608 - IMMO - FR.LUXE - RESIDENCESIMMOBILIER - 2019-08-01 00:00:00 - ERROR - FILE_CHECK - expect_column_value_lengths_to_be_between - ANNONCE_TEXT - Unexpected characters count of: [En plein coeur du tr...] on line  21, value length should be between 0 and 255
2019-08-23 21:52:24,608 - IMMO - FR.LUXE - RESIDENCESIMMOBILIER - 2019-08-01 00:00:00 - ERROR - STAT - expect_column_value_lengths_to_be_between - ANNONCE_TEXT - correctly filled rate (%) - 8.0
2019-08-23 21:52:24,608 - IMMO - FR.LUXE - RESIDENCESIMMOBILIER - 2019-08-01 00:00:00 - ERROR - STAT - expect_column_values_to_not_be_null - ANNONCE_TEXT - correctly filled rate (%) - 97.43
2019-08-23 21:52:24,608 - IMMO - FR.LUXE - RESIDENCESIMMOBILIER - 2019-08-01 00:00:00 - ERROR - STAT - expect_column_values_to_not_be_null - CATEGORIE - correctly filled rate (%) - 100.0
2019-08-23 21:52:24,608 - IMMO - FR.LUXE - RESIDENCESIMMOBILIER - 2019-08-01 00:00:00 - ERROR - STAT - expect_column_values_to_not_be_null - CP - correctly filled rate (%) - 97.34
2019-08-23 21:52:24,609 - IMMO - FR.LUXE - RESIDENCESIMMOBILIER - 2019-08-01 00:00:00 - ERROR - FILE_CHECK - expect_column_values_to_match_regex - CP - Unexpected value: 75000.0 on line 0, value should match regexp ^[0-9]{5}$
2019-08-23 21:52:24,609 - IMMO - FR.LUXE - RESIDENCESIMMOBILIER - 2019-08-01 00:00:00 - ERROR - FILE_CHECK - expect_column_values_to_match_regex - CP - Unexpected value: 75000.0 on line 1, value should match regexp ^[0-9]{5}$
2019-08-23 21:52:24,609 - IMMO - FR.LUXE - RESIDENCESIMMOBILIER - 2019-08-01 00:00:00 - ERROR - FILE_CHECK - expect_column_values_to_match_regex - CP - Unexpected value: 6000.0 on line 2, value should match regexp ^[0-9]{5}$
2019-08-23 21:52:24,609 - IMMO - FR.LUXE - RESIDENCESIMMOBILIER - 2019-08-01 00:00:00 - ERROR - FILE_CHECK - expect_column_values_to_match_regex - CP - Unexpected value: 64000.0 on line 3, value should match regexp ^[0-9]{5}$
2019-08-23 21:52:24,609 - IMMO - FR.LUXE - RESIDENCESIMMOBILIER - 2019-08-01 00:00:00 - ERROR - FILE_CHECK - expect_column_values_to_match_regex - CP - Unexpected value: 75000.0 on line 4, value should match regexp ^[0-9]{5}$
2019-08-23 21:52:24,609 - IMMO - FR.LUXE - RESIDENCESIMMOBILIER - 2019-08-01 00:00:00 - ERROR - FILE_CHECK - expect_column_values_to_match_regex - CP - Unexpected value: 75000.0 on line 5, value should match regexp ^[0-9]{5}$
2019-08-23 21:52:24,609 - IMMO - FR.LUXE - RESIDENCESIMMOBILIER - 2019-08-01 00:00:00 - ERROR - FILE_CHECK - expect_column_values_to_match_regex - CP - Unexpected value: 75000.0 on line 6, value should match regexp ^[0-9]{5}$
2019-08-23 21:52:24,609 - IMMO - FR.LUXE - RESIDENCESIMMOBILIER - 2019-08-01 00:00:00 - ERROR - FILE_CHECK - expect_column_values_to_match_regex - CP - Unexpected value: 92000.0 on line 7, value should match regexp ^[0-9]{5}$
2019-08-23 21:52:24,609 - IMMO - FR.LUXE - RESIDENCESIMMOBILIER - 2019-08-01 00:00:00 - ERROR - FILE_CHECK - expect_column_values_to_match_regex - CP - Unexpected value: 73000.0 on line 8, value should match regexp ^[0-9]{5}$
2019-08-23 21:52:24,609 - IMMO - FR.LUXE - RESIDENCESIMMOBILIER - 2019-08-01 00:00:00 - ERROR - FILE_CHECK - expect_column_values_to_match_regex - CP - Unexpected value: 75000.0 on line 9, value should match regexp ^[0-9]{5}$
2019-08-23 21:52:24,609 - IMMO - FR.LUXE - RESIDENCESIMMOBILIER - 2019-08-01 00:00:00 - ERROR - FILE_CHECK - expect_column_values_to_match_regex - CP - Unexpected value: 75000.0 on line 10, value should match regexp ^[0-9]{5}$
2019-08-23 21:52:24,609 - IMMO - FR.LUXE - RESIDENCESIMMOBILIER - 2019-08-01 00:00:00 - ERROR - FILE_CHECK - expect_column_values_to_match_regex - CP - Unexpected value: 75000.0 on line 11, value should match regexp ^[0-9]{5}$
2019-08-23 21:52:24,609 - IMMO - FR.LUXE - RESIDENCESIMMOBILIER - 2019-08-01 00:00:00 - ERROR - FILE_CHECK - expect_column_values_to_match_regex - CP - Unexpected value: 75000.0 on line 12, value should match regexp ^[0-9]{5}$
2019-08-23 21:52:24,610 - IMMO - FR.LUXE - RESIDENCESIMMOBILIER - 2019-08-01 00:00:00 - ERROR - FILE_CHECK - expect_column_values_to_match_regex - CP - Unexpected value: 6000.0 on line 13, value should match regexp ^[0-9]{5}$
2019-08-23 21:52:24,610 - IMMO - FR.LUXE - RESIDENCESIMMOBILIER - 2019-08-01 00:00:00 - ERROR - FILE_CHECK - expect_column_values_to_match_regex - CP - Unexpected value: 75000.0 on line 14, value should match regexp ^[0-9]{5}$
2019-08-23 21:52:24,610 - IMMO - FR.LUXE - RESIDENCESIMMOBILIER - 2019-08-01 00:00:00 - ERROR - FILE_CHECK - expect_column_values_to_match_regex - CP - Unexpected value: 98000.0 on line 15, value should match regexp ^[0-9]{5}$
2019-08-23 21:52:24,610 - IMMO - FR.LUXE - RESIDENCESIMMOBILIER - 2019-08-01 00:00:00 - ERROR - FILE_CHECK - expect_column_values_to_match_regex - CP - Unexpected value: 75000.0 on line 16, value should match regexp ^[0-9]{5}$
2019-08-23 21:52:24,610 - IMMO - FR.LUXE - RESIDENCESIMMOBILIER - 2019-08-01 00:00:00 - ERROR - FILE_CHECK - expect_column_values_to_match_regex - CP - Unexpected value: 75000.0 on line 17, value should match regexp ^[0-9]{5}$
2019-08-23 21:52:24,610 - IMMO - FR.LUXE - RESIDENCESIMMOBILIER - 2019-08-01 00:00:00 - ERROR - FILE_CHECK - expect_column_values_to_match_regex - CP - Unexpected value: 75000.0 on line 18, value should match regexp ^[0-9]{5}$
2019-08-23 21:52:24,610 - IMMO - FR.LUXE - RESIDENCESIMMOBILIER - 2019-08-01 00:00:00 - ERROR - FILE_CHECK - expect_column_values_to_match_regex - CP - Unexpected value: 75000.0 on line 19, value should match regexp ^[0-9]{5}$
2019-08-23 21:52:24,610 - IMMO - FR.LUXE - RESIDENCESIMMOBILIER - 2019-08-01 00:00:00 - ERROR - STAT - expect_column_values_to_match_regex - CP - correctly filled rate (%) - 0.0
2019-08-23 21:52:24,610 - IMMO - FR.LUXE - RESIDENCESIMMOBILIER - 2019-08-01 00:00:00 - ERROR - STAT - expect_column_values_to_not_be_null - DEPARTEMENT - correctly filled rate (%) - 97.34
2019-08-23 21:52:24,610 - IMMO - FR.LUXE - RESIDENCESIMMOBILIER - 2019-08-01 00:00:00 - ERROR - STAT - expect_returning_row_count - EVERY_COLUMNS - total number of rows - 17286
2019-08-23 21:52:24,610 - IMMO - FR.LUXE - RESIDENCESIMMOBILIER - 2019-08-01 00:00:00 - ERROR - STAT - expect_column_values_to_not_be_null - ID_CLIENT - correctly filled rate (%) - 100.0
2019-08-23 21:52:24,610 - IMMO - FR.LUXE - RESIDENCESIMMOBILIER - 2019-08-01 00:00:00 - ERROR - STAT - expect_column_values_to_be_unique - ID_CLIENT - observed proportion - 100.0
2019-08-23 21:52:24,610 - IMMO - FR.LUXE - RESIDENCESIMMOBILIER - 2019-08-01 00:00:00 - ERROR - FILE_CHECK - expect_column_values_to_be_of_type - M2_TOTALE - Wrong type for value: 461.0 on line 0 should be int
2019-08-23 21:52:24,611 - IMMO - FR.LUXE - RESIDENCESIMMOBILIER - 2019-08-01 00:00:00 - ERROR - FILE_CHECK - expect_column_values_to_be_of_type - M2_TOTALE - Wrong type for value: 60.0 on line 1 should be int
2019-08-23 21:52:24,611 - IMMO - FR.LUXE - RESIDENCESIMMOBILIER - 2019-08-01 00:00:00 - ERROR - FILE_CHECK - expect_column_values_to_be_of_type - M2_TOTALE - Wrong type for value: 225.0 on line 2 should be int
2019-08-23 21:52:24,611 - IMMO - FR.LUXE - RESIDENCESIMMOBILIER - 2019-08-01 00:00:00 - ERROR - FILE_CHECK - expect_column_values_to_be_of_type - M2_TOTALE - Wrong type for value: 150.0 on line 3 should be int
2019-08-23 21:52:24,611 - IMMO - FR.LUXE - RESIDENCESIMMOBILIER - 2019-08-01 00:00:00 - ERROR - FILE_CHECK - expect_column_values_to_be_of_type - M2_TOTALE - Wrong type for value: 92.0 on line 4 should be int
2019-08-23 21:52:24,611 - IMMO - FR.LUXE - RESIDENCESIMMOBILIER - 2019-08-01 00:00:00 - ERROR - FILE_CHECK - expect_column_values_to_be_of_type - M2_TOTALE - Wrong type for value: 340.0 on line 5 should be int
2019-08-23 21:52:24,611 - IMMO - FR.LUXE - RESIDENCESIMMOBILIER - 2019-08-01 00:00:00 - ERROR - FILE_CHECK - expect_column_values_to_be_of_type - M2_TOTALE - Wrong type for value: 120.0 on line 6 should be int
2019-08-23 21:52:24,611 - IMMO - FR.LUXE - RESIDENCESIMMOBILIER - 2019-08-01 00:00:00 - ERROR - FILE_CHECK - expect_column_values_to_be_of_type - M2_TOTALE - Wrong type for value: 74.0 on line 7 should be int
2019-08-23 21:52:24,611 - IMMO - FR.LUXE - RESIDENCESIMMOBILIER - 2019-08-01 00:00:00 - ERROR - FILE_CHECK - expect_column_values_to_be_of_type - M2_TOTALE - Wrong type for value: 80.0 on line 8 should be int
2019-08-23 21:52:24,611 - IMMO - FR.LUXE - RESIDENCESIMMOBILIER - 2019-08-01 00:00:00 - ERROR - FILE_CHECK - expect_column_values_to_be_of_type - M2_TOTALE - Wrong type for value: 340.0 on line 9 should be int
2019-08-23 21:52:24,611 - IMMO - FR.LUXE - RESIDENCESIMMOBILIER - 2019-08-01 00:00:00 - ERROR - FILE_CHECK - expect_column_values_to_be_of_type - M2_TOTALE - Wrong type for value: 266.0 on line 10 should be int
2019-08-23 21:52:24,611 - IMMO - FR.LUXE - RESIDENCESIMMOBILIER - 2019-08-01 00:00:00 - ERROR - FILE_CHECK - expect_column_values_to_be_of_type - M2_TOTALE - Wrong type for value: 250.0 on line 11 should be int
2019-08-23 21:52:24,611 - IMMO - FR.LUXE - RESIDENCESIMMOBILIER - 2019-08-01 00:00:00 - ERROR - FILE_CHECK - expect_column_values_to_be_of_type - M2_TOTALE - Wrong type for value: 234.0 on line 12 should be int
2019-08-23 21:52:24,611 - IMMO - FR.LUXE - RESIDENCESIMMOBILIER - 2019-08-01 00:00:00 - ERROR - FILE_CHECK - expect_column_values_to_be_of_type - M2_TOTALE - Wrong type for value: 240.0 on line 13 should be int
2019-08-23 21:52:24,611 - IMMO - FR.LUXE - RESIDENCESIMMOBILIER - 2019-08-01 00:00:00 - ERROR - FILE_CHECK - expect_column_values_to_be_of_type - M2_TOTALE - Wrong type for value: 260.0 on line 14 should be int
2019-08-23 21:52:24,612 - IMMO - FR.LUXE - RESIDENCESIMMOBILIER - 2019-08-01 00:00:00 - ERROR - FILE_CHECK - expect_column_values_to_be_of_type - M2_TOTALE - Wrong type for value: 15.0 on line 15 should be int
2019-08-23 21:52:24,612 - IMMO - FR.LUXE - RESIDENCESIMMOBILIER - 2019-08-01 00:00:00 - ERROR - FILE_CHECK - expect_column_values_to_be_of_type - M2_TOTALE - Wrong type for value: 135.0 on line 16 should be int
2019-08-23 21:52:24,612 - IMMO - FR.LUXE - RESIDENCESIMMOBILIER - 2019-08-01 00:00:00 - ERROR - FILE_CHECK - expect_column_values_to_be_of_type - M2_TOTALE - Wrong type for value: 350.0 on line 17 should be int
2019-08-23 21:52:24,612 - IMMO - FR.LUXE - RESIDENCESIMMOBILIER - 2019-08-01 00:00:00 - ERROR - FILE_CHECK - expect_column_values_to_be_of_type - M2_TOTALE - Wrong type for value: 102.0 on line 18 should be int
2019-08-23 21:52:24,612 - IMMO - FR.LUXE - RESIDENCESIMMOBILIER - 2019-08-01 00:00:00 - ERROR - FILE_CHECK - expect_column_values_to_be_of_type - M2_TOTALE - Wrong type for value: 27.0 on line 19 should be int
2019-08-23 21:52:24,612 - IMMO - FR.LUXE - RESIDENCESIMMOBILIER - 2019-08-01 00:00:00 - ERROR - STAT - expect_column_values_to_be_of_type - M2_TOTALE - correctly filled rate (%) - 0.0
2019-08-23 21:52:24,612 - IMMO - FR.LUXE - RESIDENCESIMMOBILIER - 2019-08-01 00:00:00 - ERROR - STAT - expect_column_values_to_not_be_null - M2_TOTALE - correctly filled rate (%) - 93.52
2019-08-23 21:52:24,612 - IMMO - FR.LUXE - RESIDENCESIMMOBILIER - 2019-08-01 00:00:00 - ERROR - STAT - expect_column_values_to_not_be_null - MAISON_APT - correctly filled rate (%) - 0.0
2019-08-23 21:52:24,612 - IMMO - FR.LUXE - RESIDENCESIMMOBILIER - 2019-08-01 00:00:00 - ERROR - STAT - expect_column_values_to_not_be_null - MINI_SITE_ID - correctly filled rate (%) - 99.89
2019-08-23 21:52:24,612 - IMMO - FR.LUXE - RESIDENCESIMMOBILIER - 2019-08-01 00:00:00 - ERROR - STAT - expect_column_values_to_not_be_null - NOM - correctly filled rate (%) - 96.04
2019-08-23 21:52:24,612 - IMMO - FR.LUXE - RESIDENCESIMMOBILIER - 2019-08-01 00:00:00 - ERROR - STAT - expect_column_value_lengths_to_be_between - NOM - correctly filled rate (%) - 100.0
2019-08-23 21:52:24,612 - IMMO - FR.LUXE - RESIDENCESIMMOBILIER - 2019-08-01 00:00:00 - ERROR - STAT - expect_column_values_to_match_regex - PAYS_AD - correctly filled rate (%) - 100.0
2019-08-23 21:52:24,612 - IMMO - FR.LUXE - RESIDENCESIMMOBILIER - 2019-08-01 00:00:00 - ERROR - STAT - expect_column_values_to_not_be_null - PAYS_AD - correctly filled rate (%) - 99.99
2019-08-23 21:52:24,613 - IMMO - FR.LUXE - RESIDENCESIMMOBILIER - 2019-08-01 00:00:00 - ERROR - STAT - expect_column_values_to_not_be_null - PHOTO - correctly filled rate (%) - 99.2
2019-08-23 21:52:24,613 - IMMO - FR.LUXE - RESIDENCESIMMOBILIER - 2019-08-01 00:00:00 - ERROR - STAT - expect_column_values_to_be_in_type_list - PHOTO - correctly filled rate (%) - 100.0
2019-08-23 21:52:24,613 - IMMO - FR.LUXE - RESIDENCESIMMOBILIER - 2019-08-01 00:00:00 - ERROR - STAT - expect_column_values_to_not_be_null - PIECE - correctly filled rate (%) - 85.72
2019-08-23 21:52:24,613 - IMMO - FR.LUXE - RESIDENCESIMMOBILIER - 2019-08-01 00:00:00 - ERROR - STAT - expect_column_values_to_be_in_type_list - PIECE - correctly filled rate (%) - 100.0
2019-08-23 21:52:24,613 - IMMO - FR.LUXE - RESIDENCESIMMOBILIER - 2019-08-01 00:00:00 - ERROR - FILE_CHECK - expect_column_values_to_be_of_type - PRIX - Wrong type for value: 23000.0 on line 0 should be int
2019-08-23 21:52:24,613 - IMMO - FR.LUXE - RESIDENCESIMMOBILIER - 2019-08-01 00:00:00 - ERROR - FILE_CHECK - expect_column_values_to_be_of_type - PRIX - Wrong type for value: 2300.0 on line 1 should be int
2019-08-23 21:52:24,613 - IMMO - FR.LUXE - RESIDENCESIMMOBILIER - 2019-08-01 00:00:00 - ERROR - FILE_CHECK - expect_column_values_to_be_of_type - PRIX - Wrong type for value: 4900.0 on line 3 should be int
2019-08-23 21:52:24,613 - IMMO - FR.LUXE - RESIDENCESIMMOBILIER - 2019-08-01 00:00:00 - ERROR - FILE_CHECK - expect_column_values_to_be_of_type - PRIX - Wrong type for value: 3800.0 on line 4 should be int
2019-08-23 21:52:24,613 - IMMO - FR.LUXE - RESIDENCESIMMOBILIER - 2019-08-01 00:00:00 - ERROR - FILE_CHECK - expect_column_values_to_be_of_type - PRIX - Wrong type for value: 28000.0 on line 5 should be int
2019-08-23 21:52:24,613 - IMMO - FR.LUXE - RESIDENCESIMMOBILIER - 2019-08-01 00:00:00 - ERROR - FILE_CHECK - expect_column_values_to_be_of_type - PRIX - Wrong type for value: 4400.0 on line 6 should be int
2019-08-23 21:52:24,613 - IMMO - FR.LUXE - RESIDENCESIMMOBILIER - 2019-08-01 00:00:00 - ERROR - FILE_CHECK - expect_column_values_to_be_of_type - PRIX - Wrong type for value: 2020.0 on line 7 should be int
2019-08-23 21:52:24,613 - IMMO - FR.LUXE - RESIDENCESIMMOBILIER - 2019-08-01 00:00:00 - ERROR - FILE_CHECK - expect_column_values_to_be_of_type - PRIX - Wrong type for value: 18000.0 on line 9 should be int
2019-08-23 21:52:24,613 - IMMO - FR.LUXE - RESIDENCESIMMOBILIER - 2019-08-01 00:00:00 - ERROR - FILE_CHECK - expect_column_values_to_be_of_type - PRIX - Wrong type for value: 16000.0 on line 10 should be int
2019-08-23 21:52:24,614 - IMMO - FR.LUXE - RESIDENCESIMMOBILIER - 2019-08-01 00:00:00 - ERROR - FILE_CHECK - expect_column_values_to_be_of_type - PRIX - Wrong type for value: 9800.0 on line 11 should be int
2019-08-23 21:52:24,614 - IMMO - FR.LUXE - RESIDENCESIMMOBILIER - 2019-08-01 00:00:00 - ERROR - FILE_CHECK - expect_column_values_to_be_of_type - PRIX - Wrong type for value: 9000.0 on line 12 should be int
2019-08-23 21:52:24,614 - IMMO - FR.LUXE - RESIDENCESIMMOBILIER - 2019-08-01 00:00:00 - ERROR - FILE_CHECK - expect_column_values_to_be_of_type - PRIX - Wrong type for value: 12000.0 on line 14 should be int
2019-08-23 21:52:24,614 - IMMO - FR.LUXE - RESIDENCESIMMOBILIER - 2019-08-01 00:00:00 - ERROR - FILE_CHECK - expect_column_values_to_be_of_type - PRIX - Wrong type for value: 1500.0 on line 15 should be int
2019-08-23 21:52:24,614 - IMMO - FR.LUXE - RESIDENCESIMMOBILIER - 2019-08-01 00:00:00 - ERROR - FILE_CHECK - expect_column_values_to_be_of_type - PRIX - Wrong type for value: 4800.0 on line 16 should be int
2019-08-23 21:52:24,614 - IMMO - FR.LUXE - RESIDENCESIMMOBILIER - 2019-08-01 00:00:00 - ERROR - FILE_CHECK - expect_column_values_to_be_of_type - PRIX - Wrong type for value: 35000.0 on line 17 should be int
2019-08-23 21:52:24,614 - IMMO - FR.LUXE - RESIDENCESIMMOBILIER - 2019-08-01 00:00:00 - ERROR - FILE_CHECK - expect_column_values_to_be_of_type - PRIX - Wrong type for value: 3039.0 on line 18 should be int
2019-08-23 21:52:24,614 - IMMO - FR.LUXE - RESIDENCESIMMOBILIER - 2019-08-01 00:00:00 - ERROR - FILE_CHECK - expect_column_values_to_be_of_type - PRIX - Wrong type for value: 1750.0 on line 19 should be int
2019-08-23 21:52:24,614 - IMMO - FR.LUXE - RESIDENCESIMMOBILIER - 2019-08-01 00:00:00 - ERROR - FILE_CHECK - expect_column_values_to_be_of_type - PRIX - Wrong type for value: 3960.0 on line 20 should be int
2019-08-23 21:52:24,614 - IMMO - FR.LUXE - RESIDENCESIMMOBILIER - 2019-08-01 00:00:00 - ERROR - FILE_CHECK - expect_column_values_to_be_of_type - PRIX - Wrong type for value: 4500.0 on line 21 should be int
2019-08-23 21:52:24,614 - IMMO - FR.LUXE - RESIDENCESIMMOBILIER - 2019-08-01 00:00:00 - ERROR - FILE_CHECK - expect_column_values_to_be_of_type - PRIX - Wrong type for value: 4300.0 on line 22 should be int
2019-08-23 21:52:24,614 - IMMO - FR.LUXE - RESIDENCESIMMOBILIER - 2019-08-01 00:00:00 - ERROR - STAT - expect_column_values_to_be_of_type - PRIX - correctly filled rate (%) - 0.0
2019-08-23 21:52:24,614 - IMMO - FR.LUXE - RESIDENCESIMMOBILIER - 2019-08-01 00:00:00 - ERROR - STAT - expect_column_values_to_not_be_null - PRIX - correctly filled rate (%) - 89.07
2019-08-23 21:52:24,614 - IMMO - FR.LUXE - RESIDENCESIMMOBILIER - 2019-08-01 00:00:00 - ERROR - STAT - expect_column_values_to_not_be_null - PRO_IND - correctly filled rate (%) - 0.0
2019-08-23 21:52:24,615 - IMMO - FR.LUXE - RESIDENCESIMMOBILIER - 2019-08-01 00:00:00 - ERROR - STAT - expect_column_values_to_not_be_null - REGION - correctly filled rate (%) - 0.0
2019-08-23 21:52:24,615 - IMMO - FR.LUXE - RESIDENCESIMMOBILIER - 2019-08-01 00:00:00 - ERROR - STAT - expect_column_values_to_not_be_null - SELLER_TYPE - correctly filled rate (%) - 100.0
2019-08-23 21:52:24,615 - IMMO - FR.LUXE - RESIDENCESIMMOBILIER - 2019-08-01 00:00:00 - ERROR - STAT - expect_column_values_to_match_regex - SELLER_TYPE - correctly filled rate (%) - 100.0
2019-08-23 21:52:24,615 - IMMO - FR.LUXE - RESIDENCESIMMOBILIER - 2019-08-01 00:00:00 - ERROR - STAT - expect_column_values_to_match_regex - VILLE - correctly filled rate (%) - 100.0
2019-08-23 21:52:24,615 - IMMO - FR.LUXE - RESIDENCESIMMOBILIER - 2019-08-01 00:00:00 - ERROR - STAT - expect_column_values_to_not_be_null - VILLE - correctly filled rate (%) - 99.99
2019-08-23 21:52:24,615 - IMMO - FR.LUXE - RESIDENCESIMMOBILIER - 2019-08-01 00:00:00 - ERROR - STAT - expect_returning_row_unique_count - VILLE - total number of unique rows - 934
2019-08-23 21:52:24,615 - IMMO - FR.LUXE - RESIDENCESIMMOBILIER - 2019-08-01 00:00:00 - ERROR - STAT - expect_returning_row_count_on_conditions - DEALER_LISTINGS - total number of row with conditions - 17286
2019-08-23 21:52:24,615 - IMMO - FR.LUXE - RESIDENCESIMMOBILIER - 2019-08-01 00:00:00 - ERROR - STAT - expect_returning_row_count_on_conditions - PRIVATE_LISTINGS - total number of row with conditions - 0
