2019-07-05 17:09:28,095 - IMMO - UK - ZOOPLA - 2019-06-01 00:00:00 - ERROR - STAT - expect_column_values_to_not_be_null - ACHAT_LOC - correctly filled rate (%) - 100.0
2019-07-05 17:09:28,095 - IMMO - UK - ZOOPLA - 2019-06-01 00:00:00 - ERROR - STAT - expect_column_values_to_be_in_set - ACHAT_LOC - correctly filled rate (%) - 100.0
2019-07-05 17:09:28,095 - IMMO - UK - ZOOPLA - 2019-06-01 00:00:00 - ERROR - STAT - expect_column_values_to_not_be_null - ADRESSE - correctly filled rate (%) - 99.76
2019-07-05 17:09:28,095 - IMMO - UK - ZOOPLA - 2019-06-01 00:00:00 - ERROR - STAT - expect_column_values_to_not_be_null - AGENCE_ADRESSE - correctly filled rate (%) - 100.0
2019-07-05 17:09:28,095 - IMMO - UK - ZOOPLA - 2019-06-01 00:00:00 - ERROR - STAT - expect_column_values_to_not_be_null - AGENCE_CP - correctly filled rate (%) - 99.76
2019-07-05 17:09:28,095 - IMMO - UK - ZOOPLA - 2019-06-01 00:00:00 - ERROR - STAT - expect_column_values_to_not_be_null - AGENCE_ID - correctly filled rate (%) - 100.0
2019-07-05 17:09:28,095 - IMMO - UK - ZOOPLA - 2019-06-01 00:00:00 - ERROR - STAT - expect_column_values_to_not_be_null - AGENCE_NOM - correctly filled rate (%) - 99.76
2019-07-05 17:09:28,095 - IMMO - UK - ZOOPLA - 2019-06-01 00:00:00 - ERROR - FILE_CHECK - expect_column_values_to_be_phone_number - AGENCE_TEL - Unexpected value: 2035422182.0 on line 0, value should match a phone number format
2019-07-05 17:09:28,095 - IMMO - UK - ZOOPLA - 2019-06-01 00:00:00 - ERROR - FILE_CHECK - expect_column_values_to_be_phone_number - AGENCE_TEL - Unexpected value: 2035422182.0 on line 1, value should match a phone number format
2019-07-05 17:09:28,096 - IMMO - UK - ZOOPLA - 2019-06-01 00:00:00 - ERROR - FILE_CHECK - expect_column_values_to_be_phone_number - AGENCE_TEL - Unexpected value: 2035422182.0 on line 2, value should match a phone number format
2019-07-05 17:09:28,096 - IMMO - UK - ZOOPLA - 2019-06-01 00:00:00 - ERROR - FILE_CHECK - expect_column_values_to_be_phone_number - AGENCE_TEL - Unexpected value: 1924842410.0 on line 3, value should match a phone number format
2019-07-05 17:09:28,096 - IMMO - UK - ZOOPLA - 2019-06-01 00:00:00 - ERROR - FILE_CHECK - expect_column_values_to_be_phone_number - AGENCE_TEL - Unexpected value: 2475118874.0 on line 4, value should match a phone number format
2019-07-05 17:09:28,096 - IMMO - UK - ZOOPLA - 2019-06-01 00:00:00 - ERROR - FILE_CHECK - expect_column_values_to_be_phone_number - AGENCE_TEL - Unexpected value: 1287567000.0 on line 5, value should match a phone number format
2019-07-05 17:09:28,096 - IMMO - UK - ZOOPLA - 2019-06-01 00:00:00 - ERROR - FILE_CHECK - expect_column_values_to_be_phone_number - AGENCE_TEL - Unexpected value: 2475118874.0 on line 6, value should match a phone number format
2019-07-05 17:09:28,096 - IMMO - UK - ZOOPLA - 2019-06-01 00:00:00 - ERROR - FILE_CHECK - expect_column_values_to_be_phone_number - AGENCE_TEL - Unexpected value: 1254271153.0 on line 7, value should match a phone number format
2019-07-05 17:09:28,096 - IMMO - UK - ZOOPLA - 2019-06-01 00:00:00 - ERROR - FILE_CHECK - expect_column_values_to_be_phone_number - AGENCE_TEL - Unexpected value: 1413768089.0 on line 8, value should match a phone number format
2019-07-05 17:09:28,096 - IMMO - UK - ZOOPLA - 2019-06-01 00:00:00 - ERROR - FILE_CHECK - expect_column_values_to_be_phone_number - AGENCE_TEL - Unexpected value: 2080339322.0 on line 9, value should match a phone number format
2019-07-05 17:09:28,096 - IMMO - UK - ZOOPLA - 2019-06-01 00:00:00 - ERROR - FILE_CHECK - expect_column_values_to_be_phone_number - AGENCE_TEL - Unexpected value: 1209254928.0 on line 10, value should match a phone number format
2019-07-05 17:09:28,096 - IMMO - UK - ZOOPLA - 2019-06-01 00:00:00 - ERROR - FILE_CHECK - expect_column_values_to_be_phone_number - AGENCE_TEL - Unexpected value: 1785292729.0 on line 11, value should match a phone number format
2019-07-05 17:09:28,096 - IMMO - UK - ZOOPLA - 2019-06-01 00:00:00 - ERROR - FILE_CHECK - expect_column_values_to_be_phone_number - AGENCE_TEL - Unexpected value: 1942919840.0 on line 12, value should match a phone number format
2019-07-05 17:09:28,096 - IMMO - UK - ZOOPLA - 2019-06-01 00:00:00 - ERROR - FILE_CHECK - expect_column_values_to_be_phone_number - AGENCE_TEL - Unexpected value: 2072245545.0 on line 13, value should match a phone number format
2019-07-05 17:09:28,096 - IMMO - UK - ZOOPLA - 2019-06-01 00:00:00 - ERROR - FILE_CHECK - expect_column_values_to_be_phone_number - AGENCE_TEL - Unexpected value: 2088962121.0 on line 14, value should match a phone number format
2019-07-05 17:09:28,096 - IMMO - UK - ZOOPLA - 2019-06-01 00:00:00 - ERROR - FILE_CHECK - expect_column_values_to_be_phone_number - AGENCE_TEL - Unexpected value: 1753383009.0 on line 15, value should match a phone number format
2019-07-05 17:09:28,096 - IMMO - UK - ZOOPLA - 2019-06-01 00:00:00 - ERROR - FILE_CHECK - expect_column_values_to_be_phone_number - AGENCE_TEL - Unexpected value: 1473679807.0 on line 16, value should match a phone number format
2019-07-05 17:09:28,096 - IMMO - UK - ZOOPLA - 2019-06-01 00:00:00 - ERROR - FILE_CHECK - expect_column_values_to_be_phone_number - AGENCE_TEL - Unexpected value: 1172957279.0 on line 17, value should match a phone number format
2019-07-05 17:09:28,096 - IMMO - UK - ZOOPLA - 2019-06-01 00:00:00 - ERROR - FILE_CHECK - expect_column_values_to_be_phone_number - AGENCE_TEL - Unexpected value: 1144889803.0 on line 18, value should match a phone number format
2019-07-05 17:09:28,096 - IMMO - UK - ZOOPLA - 2019-06-01 00:00:00 - ERROR - FILE_CHECK - expect_column_values_to_be_phone_number - AGENCE_TEL - Unexpected value: 1769307941.0 on line 19, value should match a phone number format
2019-07-05 17:09:28,097 - IMMO - UK - ZOOPLA - 2019-06-01 00:00:00 - ERROR - STAT - expect_column_values_to_be_phone_number - AGENCE_TEL - correctly filled rate (%) - 0.0
2019-07-05 17:09:28,097 - IMMO - UK - ZOOPLA - 2019-06-01 00:00:00 - ERROR - STAT - expect_column_values_to_not_be_null - AGENCE_TEL - correctly filled rate (%) - 99.69
2019-07-05 17:09:28,097 - IMMO - UK - ZOOPLA - 2019-06-01 00:00:00 - ERROR - STAT - expect_column_values_to_not_be_null - AGENCE_VILLE - correctly filled rate (%) - 99.18
2019-07-05 17:09:28,097 - IMMO - UK - ZOOPLA - 2019-06-01 00:00:00 - ERROR - STAT - expect_column_values_to_not_be_null - ANNONCE_DATE - correctly filled rate (%) - 100.0
2019-07-05 17:09:28,097 - IMMO - UK - ZOOPLA - 2019-06-01 00:00:00 - ERROR - STAT - expect_column_values_to_not_be_null - ANNONCE_LINK - correctly filled rate (%) - 99.93
2019-07-05 17:09:28,097 - IMMO - UK - ZOOPLA - 2019-06-01 00:00:00 - ERROR - STAT - expect_column_values_to_be_unique - ANNONCE_LINK - observed proportion - 100.0
2019-07-05 17:09:28,097 - IMMO - UK - ZOOPLA - 2019-06-01 00:00:00 - ERROR - STAT - expect_column_values_to_not_be_null - CATEGORIE - correctly filled rate (%) - 0.0
2019-07-05 17:09:28,097 - IMMO - UK - ZOOPLA - 2019-06-01 00:00:00 - ERROR - STAT - expect_column_values_to_not_be_null - CP - correctly filled rate (%) - 81.85
2019-07-05 17:09:28,097 - IMMO - UK - ZOOPLA - 2019-06-01 00:00:00 - ERROR - STAT - expect_column_values_to_not_be_null - DEPARTEMENT - correctly filled rate (%) - 100.0
2019-07-05 17:09:28,097 - IMMO - UK - ZOOPLA - 2019-06-01 00:00:00 - ERROR - STAT - expect_returning_row_count - EVERY_COLUMNS - total number of rows - 1071679
2019-07-05 17:09:28,097 - IMMO - UK - ZOOPLA - 2019-06-01 00:00:00 - ERROR - STAT - expect_column_values_to_not_be_null - ID_CLIENT - correctly filled rate (%) - 100.0
2019-07-05 17:09:28,097 - IMMO - UK - ZOOPLA - 2019-06-01 00:00:00 - ERROR - STAT - expect_column_values_to_be_unique - ID_CLIENT - observed proportion - 100.0
2019-07-05 17:09:28,097 - IMMO - UK - ZOOPLA - 2019-06-01 00:00:00 - ERROR - STAT - expect_column_values_to_not_be_null - MAISON_APT - correctly filled rate (%) - 100.0
2019-07-05 17:09:28,097 - IMMO - UK - ZOOPLA - 2019-06-01 00:00:00 - ERROR - STAT - expect_column_values_to_be_between - MAISON_APT - correctly filled rate (%) - 100.0
2019-07-05 17:09:28,097 - IMMO - UK - ZOOPLA - 2019-06-01 00:00:00 - ERROR - STAT - expect_column_values_to_not_be_null - MINI_SITE_ID - correctly filled rate (%) - 100.0
2019-07-05 17:09:28,097 - IMMO - UK - ZOOPLA - 2019-06-01 00:00:00 - ERROR - STAT - expect_column_values_to_not_be_null - NOM - correctly filled rate (%) - 0.0
2019-07-05 17:09:28,097 - IMMO - UK - ZOOPLA - 2019-06-01 00:00:00 - ERROR - FILE_CHECK - expect_column_values_to_match_regex - PAYS_AD - Unexpected value: Cyprus on line 68, value should match regexp [A-Z]{2}
2019-07-05 17:09:28,098 - IMMO - UK - ZOOPLA - 2019-06-01 00:00:00 - ERROR - FILE_CHECK - expect_column_values_to_match_regex - PAYS_AD - Unexpected value: Spain on line 163, value should match regexp [A-Z]{2}
2019-07-05 17:09:28,098 - IMMO - UK - ZOOPLA - 2019-06-01 00:00:00 - ERROR - FILE_CHECK - expect_column_values_to_match_regex - PAYS_AD - Unexpected value: Spain on line 173, value should match regexp [A-Z]{2}
2019-07-05 17:09:28,098 - IMMO - UK - ZOOPLA - 2019-06-01 00:00:00 - ERROR - FILE_CHECK - expect_column_values_to_match_regex - PAYS_AD - Unexpected value: Spain on line 266, value should match regexp [A-Z]{2}
2019-07-05 17:09:28,098 - IMMO - UK - ZOOPLA - 2019-06-01 00:00:00 - ERROR - FILE_CHECK - expect_column_values_to_match_regex - PAYS_AD - Unexpected value: South Africa on line 268, value should match regexp [A-Z]{2}
2019-07-05 17:09:28,098 - IMMO - UK - ZOOPLA - 2019-06-01 00:00:00 - ERROR - FILE_CHECK - expect_column_values_to_match_regex - PAYS_AD - Unexpected value: South Africa on line 279, value should match regexp [A-Z]{2}
2019-07-05 17:09:28,098 - IMMO - UK - ZOOPLA - 2019-06-01 00:00:00 - ERROR - FILE_CHECK - expect_column_values_to_match_regex - PAYS_AD - Unexpected value: Italy on line 328, value should match regexp [A-Z]{2}
2019-07-05 17:09:28,098 - IMMO - UK - ZOOPLA - 2019-06-01 00:00:00 - ERROR - FILE_CHECK - expect_column_values_to_match_regex - PAYS_AD - Unexpected value: Cyprus on line 360, value should match regexp [A-Z]{2}
2019-07-05 17:09:28,098 - IMMO - UK - ZOOPLA - 2019-06-01 00:00:00 - ERROR - FILE_CHECK - expect_column_values_to_match_regex - PAYS_AD - Unexpected value: Spain on line 411, value should match regexp [A-Z]{2}
2019-07-05 17:09:28,098 - IMMO - UK - ZOOPLA - 2019-06-01 00:00:00 - ERROR - FILE_CHECK - expect_column_values_to_match_regex - PAYS_AD - Unexpected value: Cyprus on line 436, value should match regexp [A-Z]{2}
2019-07-05 17:09:28,098 - IMMO - UK - ZOOPLA - 2019-06-01 00:00:00 - ERROR - FILE_CHECK - expect_column_values_to_match_regex - PAYS_AD - Unexpected value: South Africa on line 448, value should match regexp [A-Z]{2}
2019-07-05 17:09:28,098 - IMMO - UK - ZOOPLA - 2019-06-01 00:00:00 - ERROR - FILE_CHECK - expect_column_values_to_match_regex - PAYS_AD - Unexpected value: Ireland on line 507, value should match regexp [A-Z]{2}
2019-07-05 17:09:28,098 - IMMO - UK - ZOOPLA - 2019-06-01 00:00:00 - ERROR - FILE_CHECK - expect_column_values_to_match_regex - PAYS_AD - Unexpected value: Greece on line 510, value should match regexp [A-Z]{2}
2019-07-05 17:09:28,098 - IMMO - UK - ZOOPLA - 2019-06-01 00:00:00 - ERROR - FILE_CHECK - expect_column_values_to_match_regex - PAYS_AD - Unexpected value: Malta on line 526, value should match regexp [A-Z]{2}
2019-07-05 17:09:28,098 - IMMO - UK - ZOOPLA - 2019-06-01 00:00:00 - ERROR - FILE_CHECK - expect_column_values_to_match_regex - PAYS_AD - Unexpected value: Ireland on line 538, value should match regexp [A-Z]{2}
2019-07-05 17:09:28,098 - IMMO - UK - ZOOPLA - 2019-06-01 00:00:00 - ERROR - FILE_CHECK - expect_column_values_to_match_regex - PAYS_AD - Unexpected value: Cyprus on line 548, value should match regexp [A-Z]{2}
2019-07-05 17:09:28,098 - IMMO - UK - ZOOPLA - 2019-06-01 00:00:00 - ERROR - FILE_CHECK - expect_column_values_to_match_regex - PAYS_AD - Unexpected value: Italy on line 612, value should match regexp [A-Z]{2}
2019-07-05 17:09:28,098 - IMMO - UK - ZOOPLA - 2019-06-01 00:00:00 - ERROR - FILE_CHECK - expect_column_values_to_match_regex - PAYS_AD - Unexpected value: South Africa on line 629, value should match regexp [A-Z]{2}
2019-07-05 17:09:28,098 - IMMO - UK - ZOOPLA - 2019-06-01 00:00:00 - ERROR - FILE_CHECK - expect_column_values_to_match_regex - PAYS_AD - Unexpected value: Cyprus on line 640, value should match regexp [A-Z]{2}
2019-07-05 17:09:28,099 - IMMO - UK - ZOOPLA - 2019-06-01 00:00:00 - ERROR - FILE_CHECK - expect_column_values_to_match_regex - PAYS_AD - Unexpected value: South Africa on line 777, value should match regexp [A-Z]{2}
2019-07-05 17:09:28,099 - IMMO - UK - ZOOPLA - 2019-06-01 00:00:00 - ERROR - STAT - expect_column_values_to_match_regex - PAYS_AD - correctly filled rate (%) - 81.74
2019-07-05 17:09:28,099 - IMMO - UK - ZOOPLA - 2019-06-01 00:00:00 - ERROR - STAT - expect_column_values_to_not_be_null - PAYS_AD - correctly filled rate (%) - 100.0
2019-07-05 17:09:28,099 - IMMO - UK - ZOOPLA - 2019-06-01 00:00:00 - ERROR - STAT - expect_column_values_to_be_of_type - PHOTO - correctly filled rate (%) - 100.0
2019-07-05 17:09:28,099 - IMMO - UK - ZOOPLA - 2019-06-01 00:00:00 - ERROR - STAT - expect_column_values_to_not_be_null - PHOTO - correctly filled rate (%) - 100.0
2019-07-05 17:09:28,099 - IMMO - UK - ZOOPLA - 2019-06-01 00:00:00 - ERROR - STAT - expect_column_values_to_be_in_type_list - PHOTO - correctly filled rate (%) - 100.0
2019-07-05 17:09:28,099 - IMMO - UK - ZOOPLA - 2019-06-01 00:00:00 - ERROR - STAT - expect_column_values_to_be_of_type - PIECE - correctly filled rate (%) - 100.0
2019-07-05 17:09:28,099 - IMMO - UK - ZOOPLA - 2019-06-01 00:00:00 - ERROR - STAT - expect_column_values_to_not_be_null - PIECE - correctly filled rate (%) - 100.0
2019-07-05 17:09:28,099 - IMMO - UK - ZOOPLA - 2019-06-01 00:00:00 - ERROR - STAT - expect_column_values_to_be_in_type_list - PIECE - correctly filled rate (%) - 100.0
2019-07-05 17:09:28,099 - IMMO - UK - ZOOPLA - 2019-06-01 00:00:00 - ERROR - STAT - expect_column_values_to_be_of_type - PRIX - correctly filled rate (%) - 100.0
2019-07-05 17:09:28,099 - IMMO - UK - ZOOPLA - 2019-06-01 00:00:00 - ERROR - STAT - expect_column_values_to_not_be_null - PRIX - correctly filled rate (%) - 100.0
2019-07-05 17:09:28,099 - IMMO - UK - ZOOPLA - 2019-06-01 00:00:00 - ERROR - STAT - expect_column_values_to_not_be_null - PRO_IND - correctly filled rate (%) - 100.0
2019-07-05 17:09:28,099 - IMMO - UK - ZOOPLA - 2019-06-01 00:00:00 - ERROR - STAT - expect_column_values_to_be_in_set - PRO_IND - correctly filled rate (%) - 100.0
2019-07-05 17:09:28,099 - IMMO - UK - ZOOPLA - 2019-06-01 00:00:00 - ERROR - STAT - expect_column_values_to_not_be_null - REGION - correctly filled rate (%) - 0.0
2019-07-05 17:09:28,099 - IMMO - UK - ZOOPLA - 2019-06-01 00:00:00 - ERROR - FILE_CHECK - expect_column_values_to_be_of_type - SURFACE_TERRAIN - Wrong type for value: 0.0 on line 0 should be int
2019-07-05 17:09:28,099 - IMMO - UK - ZOOPLA - 2019-06-01 00:00:00 - ERROR - FILE_CHECK - expect_column_values_to_be_of_type - SURFACE_TERRAIN - Wrong type for value: 0.0 on line 1 should be int
2019-07-05 17:09:28,099 - IMMO - UK - ZOOPLA - 2019-06-01 00:00:00 - ERROR - FILE_CHECK - expect_column_values_to_be_of_type - SURFACE_TERRAIN - Wrong type for value: 0.0 on line 2 should be int
2019-07-05 17:09:28,100 - IMMO - UK - ZOOPLA - 2019-06-01 00:00:00 - ERROR - FILE_CHECK - expect_column_values_to_be_of_type - SURFACE_TERRAIN - Wrong type for value: 0.0 on line 3 should be int
2019-07-05 17:09:28,100 - IMMO - UK - ZOOPLA - 2019-06-01 00:00:00 - ERROR - FILE_CHECK - expect_column_values_to_be_of_type - SURFACE_TERRAIN - Wrong type for value: 0.0 on line 4 should be int
2019-07-05 17:09:28,100 - IMMO - UK - ZOOPLA - 2019-06-01 00:00:00 - ERROR - FILE_CHECK - expect_column_values_to_be_of_type - SURFACE_TERRAIN - Wrong type for value: 0.0 on line 5 should be int
2019-07-05 17:09:28,100 - IMMO - UK - ZOOPLA - 2019-06-01 00:00:00 - ERROR - FILE_CHECK - expect_column_values_to_be_of_type - SURFACE_TERRAIN - Wrong type for value: 0.0 on line 6 should be int
2019-07-05 17:09:28,100 - IMMO - UK - ZOOPLA - 2019-06-01 00:00:00 - ERROR - FILE_CHECK - expect_column_values_to_be_of_type - SURFACE_TERRAIN - Wrong type for value: 0.0 on line 7 should be int
2019-07-05 17:09:28,100 - IMMO - UK - ZOOPLA - 2019-06-01 00:00:00 - ERROR - FILE_CHECK - expect_column_values_to_be_of_type - SURFACE_TERRAIN - Wrong type for value: 0.0 on line 8 should be int
2019-07-05 17:09:28,100 - IMMO - UK - ZOOPLA - 2019-06-01 00:00:00 - ERROR - FILE_CHECK - expect_column_values_to_be_of_type - SURFACE_TERRAIN - Wrong type for value: 0.0 on line 9 should be int
2019-07-05 17:09:28,100 - IMMO - UK - ZOOPLA - 2019-06-01 00:00:00 - ERROR - FILE_CHECK - expect_column_values_to_be_of_type - SURFACE_TERRAIN - Wrong type for value: 0.0 on line 10 should be int
2019-07-05 17:09:28,100 - IMMO - UK - ZOOPLA - 2019-06-01 00:00:00 - ERROR - FILE_CHECK - expect_column_values_to_be_of_type - SURFACE_TERRAIN - Wrong type for value: 0.0 on line 11 should be int
2019-07-05 17:09:28,100 - IMMO - UK - ZOOPLA - 2019-06-01 00:00:00 - ERROR - FILE_CHECK - expect_column_values_to_be_of_type - SURFACE_TERRAIN - Wrong type for value: 0.0 on line 12 should be int
2019-07-05 17:09:28,100 - IMMO - UK - ZOOPLA - 2019-06-01 00:00:00 - ERROR - FILE_CHECK - expect_column_values_to_be_of_type - SURFACE_TERRAIN - Wrong type for value: 0.0 on line 13 should be int
2019-07-05 17:09:28,100 - IMMO - UK - ZOOPLA - 2019-06-01 00:00:00 - ERROR - FILE_CHECK - expect_column_values_to_be_of_type - SURFACE_TERRAIN - Wrong type for value: 0.0 on line 14 should be int
2019-07-05 17:09:28,100 - IMMO - UK - ZOOPLA - 2019-06-01 00:00:00 - ERROR - FILE_CHECK - expect_column_values_to_be_of_type - SURFACE_TERRAIN - Wrong type for value: 0.0 on line 15 should be int
2019-07-05 17:09:28,100 - IMMO - UK - ZOOPLA - 2019-06-01 00:00:00 - ERROR - FILE_CHECK - expect_column_values_to_be_of_type - SURFACE_TERRAIN - Wrong type for value: 0.0 on line 16 should be int
2019-07-05 17:09:28,100 - IMMO - UK - ZOOPLA - 2019-06-01 00:00:00 - ERROR - FILE_CHECK - expect_column_values_to_be_of_type - SURFACE_TERRAIN - Wrong type for value: 0.0 on line 17 should be int
2019-07-05 17:09:28,100 - IMMO - UK - ZOOPLA - 2019-06-01 00:00:00 - ERROR - FILE_CHECK - expect_column_values_to_be_of_type - SURFACE_TERRAIN - Wrong type for value: 0.0 on line 18 should be int
2019-07-05 17:09:28,100 - IMMO - UK - ZOOPLA - 2019-06-01 00:00:00 - ERROR - FILE_CHECK - expect_column_values_to_be_of_type - SURFACE_TERRAIN - Wrong type for value: 0.0 on line 19 should be int
2019-07-05 17:09:28,100 - IMMO - UK - ZOOPLA - 2019-06-01 00:00:00 - ERROR - STAT - expect_column_values_to_be_of_type - SURFACE_TERRAIN - correctly filled rate (%) - 0.0
2019-07-05 17:09:28,100 - IMMO - UK - ZOOPLA - 2019-06-01 00:00:00 - ERROR - STAT - expect_column_values_to_match_regex - VILLE - correctly filled rate (%) - 96.02
2019-07-05 17:09:28,101 - IMMO - UK - ZOOPLA - 2019-06-01 00:00:00 - ERROR - STAT - expect_column_values_to_not_be_null - VILLE - correctly filled rate (%) - 80.83
2019-07-05 17:09:28,101 - IMMO - UK - ZOOPLA - 2019-06-01 00:00:00 - ERROR - FILE_CHECK - expect_column_values_to_match_regex - CP - Unexpected value: NW3 on line 0, value should match regexp ^[A-Z][A-Z0-9]{1,3} [0-9]{1}[A-Z]{2}$
2019-07-05 17:09:28,101 - IMMO - UK - ZOOPLA - 2019-06-01 00:00:00 - ERROR - FILE_CHECK - expect_column_values_to_match_regex - CP - Unexpected value: NW3 on line 1, value should match regexp ^[A-Z][A-Z0-9]{1,3} [0-9]{1}[A-Z]{2}$
2019-07-05 17:09:28,101 - IMMO - UK - ZOOPLA - 2019-06-01 00:00:00 - ERROR - FILE_CHECK - expect_column_values_to_match_regex - CP - Unexpected value: NW2 on line 2, value should match regexp ^[A-Z][A-Z0-9]{1,3} [0-9]{1}[A-Z]{2}$
2019-07-05 17:09:28,101 - IMMO - UK - ZOOPLA - 2019-06-01 00:00:00 - ERROR - FILE_CHECK - expect_column_values_to_match_regex - CP - Unexpected value: WF5 on line 3, value should match regexp ^[A-Z][A-Z0-9]{1,3} [0-9]{1}[A-Z]{2}$
2019-07-05 17:09:28,101 - IMMO - UK - ZOOPLA - 2019-06-01 00:00:00 - ERROR - FILE_CHECK - expect_column_values_to_match_regex - CP - Unexpected value: EH8 on line 4, value should match regexp ^[A-Z][A-Z0-9]{1,3} [0-9]{1}[A-Z]{2}$
2019-07-05 17:09:28,101 - IMMO - UK - ZOOPLA - 2019-06-01 00:00:00 - ERROR - FILE_CHECK - expect_column_values_to_match_regex - CP - Unexpected value: TS13 on line 5, value should match regexp ^[A-Z][A-Z0-9]{1,3} [0-9]{1}[A-Z]{2}$
2019-07-05 17:09:28,101 - IMMO - UK - ZOOPLA - 2019-06-01 00:00:00 - ERROR - FILE_CHECK - expect_column_values_to_match_regex - CP - Unexpected value: BB3 on line 6, value should match regexp ^[A-Z][A-Z0-9]{1,3} [0-9]{1}[A-Z]{2}$
2019-07-05 17:09:28,101 - IMMO - UK - ZOOPLA - 2019-06-01 00:00:00 - ERROR - FILE_CHECK - expect_column_values_to_match_regex - CP - Unexpected value: BB3 on line 7, value should match regexp ^[A-Z][A-Z0-9]{1,3} [0-9]{1}[A-Z]{2}$
2019-07-05 17:09:28,101 - IMMO - UK - ZOOPLA - 2019-06-01 00:00:00 - ERROR - FILE_CHECK - expect_column_values_to_match_regex - CP - Unexpected value: G66 on line 8, value should match regexp ^[A-Z][A-Z0-9]{1,3} [0-9]{1}[A-Z]{2}$
2019-07-05 17:09:28,101 - IMMO - UK - ZOOPLA - 2019-06-01 00:00:00 - ERROR - FILE_CHECK - expect_column_values_to_match_regex - CP - Unexpected value: HA2 on line 9, value should match regexp ^[A-Z][A-Z0-9]{1,3} [0-9]{1}[A-Z]{2}$
2019-07-05 17:09:28,101 - IMMO - UK - ZOOPLA - 2019-06-01 00:00:00 - ERROR - FILE_CHECK - expect_column_values_to_match_regex - CP - Unexpected value: TR18 on line 10, value should match regexp ^[A-Z][A-Z0-9]{1,3} [0-9]{1}[A-Z]{2}$
2019-07-05 17:09:28,101 - IMMO - UK - ZOOPLA - 2019-06-01 00:00:00 - ERROR - FILE_CHECK - expect_column_values_to_match_regex - CP - Unexpected value: ST16 on line 11, value should match regexp ^[A-Z][A-Z0-9]{1,3} [0-9]{1}[A-Z]{2}$
2019-07-05 17:09:28,101 - IMMO - UK - ZOOPLA - 2019-06-01 00:00:00 - ERROR - FILE_CHECK - expect_column_values_to_match_regex - CP - Unexpected value: NE4 on line 12, value should match regexp ^[A-Z][A-Z0-9]{1,3} [0-9]{1}[A-Z]{2}$
2019-07-05 17:09:28,101 - IMMO - UK - ZOOPLA - 2019-06-01 00:00:00 - ERROR - FILE_CHECK - expect_column_values_to_match_regex - CP - Unexpected value: W1W on line 13, value should match regexp ^[A-Z][A-Z0-9]{1,3} [0-9]{1}[A-Z]{2}$
2019-07-05 17:09:28,101 - IMMO - UK - ZOOPLA - 2019-06-01 00:00:00 - ERROR - FILE_CHECK - expect_column_values_to_match_regex - CP - Unexpected value: W3 on line 14, value should match regexp ^[A-Z][A-Z0-9]{1,3} [0-9]{1}[A-Z]{2}$
2019-07-05 17:09:28,101 - IMMO - UK - ZOOPLA - 2019-06-01 00:00:00 - ERROR - FILE_CHECK - expect_column_values_to_match_regex - CP - Unexpected value: SL1 on line 15, value should match regexp ^[A-Z][A-Z0-9]{1,3} [0-9]{1}[A-Z]{2}$
2019-07-05 17:09:28,101 - IMMO - UK - ZOOPLA - 2019-06-01 00:00:00 - ERROR - FILE_CHECK - expect_column_values_to_match_regex - CP - Unexpected value: IP7 on line 16, value should match regexp ^[A-Z][A-Z0-9]{1,3} [0-9]{1}[A-Z]{2}$
2019-07-05 17:09:28,102 - IMMO - UK - ZOOPLA - 2019-06-01 00:00:00 - ERROR - FILE_CHECK - expect_column_values_to_match_regex - CP - Unexpected value: BS9 on line 17, value should match regexp ^[A-Z][A-Z0-9]{1,3} [0-9]{1}[A-Z]{2}$
2019-07-05 17:09:28,102 - IMMO - UK - ZOOPLA - 2019-06-01 00:00:00 - ERROR - FILE_CHECK - expect_column_values_to_match_regex - CP - Unexpected value: S10 on line 18, value should match regexp ^[A-Z][A-Z0-9]{1,3} [0-9]{1}[A-Z]{2}$
2019-07-05 17:09:28,102 - IMMO - UK - ZOOPLA - 2019-06-01 00:00:00 - ERROR - FILE_CHECK - expect_column_values_to_match_regex - CP - Unexpected value: EX37 on line 19, value should match regexp ^[A-Z][A-Z0-9]{1,3} [0-9]{1}[A-Z]{2}$
2019-07-05 17:09:28,102 - IMMO - UK - ZOOPLA - 2019-06-01 00:00:00 - ERROR - STAT - expect_column_values_to_match_regex - CP - correctly filled rate (%) - 0.0
2019-07-05 17:09:28,102 - IMMO - UK - ZOOPLA - 2019-06-01 00:00:00 - ERROR - STAT - expect_returning_row_count_on_conditions - PRIVATE_LISTINGS - total number of row with conditions - 0
2019-07-05 17:09:28,102 - IMMO - UK - ZOOPLA - 2019-06-01 00:00:00 - ERROR - STAT - expect_returning_row_count_on_conditions - DEALER_LISTINGS - total number of row with conditions - 1071679
2019-07-05 17:09:28,102 - IMMO - UK - ZOOPLA - 2019-06-01 00:00:00 - ERROR - STAT - expect_column_values_to_not_match_regex - VILLE - correctly filled rate (%) - 100.0
2019-07-05 17:09:28,102 - IMMO - UK - ZOOPLA - 2019-06-01 00:00:00 - ERROR - STAT - expect_column_values_to_not_match_regex - CP - correctly filled rate (%) - 100.0
2019-07-05 17:09:28,102 - IMMO - UK - ZOOPLA - 2019-06-01 00:00:00 - ERROR - FILE_CHECK - expect_column_values_to_match_regex - AGENCE_CP - Unexpected value: NW36TP on line 0, value should match regexp ^[A-Z][A-Z0-9]{1,3} [0-9]{1}[A-Z]{2}$
2019-07-05 17:09:28,102 - IMMO - UK - ZOOPLA - 2019-06-01 00:00:00 - ERROR - FILE_CHECK - expect_column_values_to_match_regex - AGENCE_CP - Unexpected value: NW36TP on line 1, value should match regexp ^[A-Z][A-Z0-9]{1,3} [0-9]{1}[A-Z]{2}$
2019-07-05 17:09:28,102 - IMMO - UK - ZOOPLA - 2019-06-01 00:00:00 - ERROR - FILE_CHECK - expect_column_values_to_match_regex - AGENCE_CP - Unexpected value: NW36TP on line 2, value should match regexp ^[A-Z][A-Z0-9]{1,3} [0-9]{1}[A-Z]{2}$
2019-07-05 17:09:28,102 - IMMO - UK - ZOOPLA - 2019-06-01 00:00:00 - ERROR - FILE_CHECK - expect_column_values_to_match_regex - AGENCE_CP - Unexpected value: WF58AB on line 3, value should match regexp ^[A-Z][A-Z0-9]{1,3} [0-9]{1}[A-Z]{2}$
2019-07-05 17:09:28,102 - IMMO - UK - ZOOPLA - 2019-06-01 00:00:00 - ERROR - FILE_CHECK - expect_column_values_to_match_regex - AGENCE_CP - Unexpected value: B904RZ on line 4, value should match regexp ^[A-Z][A-Z0-9]{1,3} [0-9]{1}[A-Z]{2}$
2019-07-05 17:09:28,102 - IMMO - UK - ZOOPLA - 2019-06-01 00:00:00 - ERROR - FILE_CHECK - expect_column_values_to_match_regex - AGENCE_CP - Unexpected value: TS134HA on line 5, value should match regexp ^[A-Z][A-Z0-9]{1,3} [0-9]{1}[A-Z]{2}$
2019-07-05 17:09:28,102 - IMMO - UK - ZOOPLA - 2019-06-01 00:00:00 - ERROR - FILE_CHECK - expect_column_values_to_match_regex - AGENCE_CP - Unexpected value: B904RZ on line 6, value should match regexp ^[A-Z][A-Z0-9]{1,3} [0-9]{1}[A-Z]{2}$
2019-07-05 17:09:28,102 - IMMO - UK - ZOOPLA - 2019-06-01 00:00:00 - ERROR - FILE_CHECK - expect_column_values_to_match_regex - AGENCE_CP - Unexpected value: BB31PX on line 7, value should match regexp ^[A-Z][A-Z0-9]{1,3} [0-9]{1}[A-Z]{2}$
2019-07-05 17:09:28,103 - IMMO - UK - ZOOPLA - 2019-06-01 00:00:00 - ERROR - FILE_CHECK - expect_column_values_to_match_regex - AGENCE_CP - Unexpected value: G664LG on line 8, value should match regexp ^[A-Z][A-Z0-9]{1,3} [0-9]{1}[A-Z]{2}$
2019-07-05 17:09:28,103 - IMMO - UK - ZOOPLA - 2019-06-01 00:00:00 - ERROR - FILE_CHECK - expect_column_values_to_match_regex - AGENCE_CP - Unexpected value: HA14HP on line 9, value should match regexp ^[A-Z][A-Z0-9]{1,3} [0-9]{1}[A-Z]{2}$
2019-07-05 17:09:28,103 - IMMO - UK - ZOOPLA - 2019-06-01 00:00:00 - ERROR - FILE_CHECK - expect_column_values_to_match_regex - AGENCE_CP - Unexpected value: TR153RQ on line 10, value should match regexp ^[A-Z][A-Z0-9]{1,3} [0-9]{1}[A-Z]{2}$
2019-07-05 17:09:28,103 - IMMO - UK - ZOOPLA - 2019-06-01 00:00:00 - ERROR - FILE_CHECK - expect_column_values_to_match_regex - AGENCE_CP - Unexpected value: ST162JU on line 11, value should match regexp ^[A-Z][A-Z0-9]{1,3} [0-9]{1}[A-Z]{2}$
2019-07-05 17:09:28,103 - IMMO - UK - ZOOPLA - 2019-06-01 00:00:00 - ERROR - FILE_CHECK - expect_column_values_to_match_regex - AGENCE_CP - Unexpected value: WN36XU on line 12, value should match regexp ^[A-Z][A-Z0-9]{1,3} [0-9]{1}[A-Z]{2}$
2019-07-05 17:09:28,103 - IMMO - UK - ZOOPLA - 2019-06-01 00:00:00 - ERROR - FILE_CHECK - expect_column_values_to_match_regex - AGENCE_CP - Unexpected value: W1G8NJ on line 13, value should match regexp ^[A-Z][A-Z0-9]{1,3} [0-9]{1}[A-Z]{2}$
2019-07-05 17:09:28,103 - IMMO - UK - ZOOPLA - 2019-06-01 00:00:00 - ERROR - FILE_CHECK - expect_column_values_to_match_regex - AGENCE_CP - Unexpected value: W36QZ on line 14, value should match regexp ^[A-Z][A-Z0-9]{1,3} [0-9]{1}[A-Z]{2}$
2019-07-05 17:09:28,103 - IMMO - UK - ZOOPLA - 2019-06-01 00:00:00 - ERROR - FILE_CHECK - expect_column_values_to_match_regex - AGENCE_CP - Unexpected value: SL12EJ on line 15, value should match regexp ^[A-Z][A-Z0-9]{1,3} [0-9]{1}[A-Z]{2}$
2019-07-05 17:09:28,103 - IMMO - UK - ZOOPLA - 2019-06-01 00:00:00 - ERROR - FILE_CHECK - expect_column_values_to_match_regex - AGENCE_CP - Unexpected value: IP75EF on line 16, value should match regexp ^[A-Z][A-Z0-9]{1,3} [0-9]{1}[A-Z]{2}$
2019-07-05 17:09:28,103 - IMMO - UK - ZOOPLA - 2019-06-01 00:00:00 - ERROR - FILE_CHECK - expect_column_values_to_match_regex - AGENCE_CP - Unexpected value: BS94NB on line 17, value should match regexp ^[A-Z][A-Z0-9]{1,3} [0-9]{1}[A-Z]{2}$
2019-07-05 17:09:28,103 - IMMO - UK - ZOOPLA - 2019-06-01 00:00:00 - ERROR - FILE_CHECK - expect_column_values_to_match_regex - AGENCE_CP - Unexpected value: S12DJ on line 18, value should match regexp ^[A-Z][A-Z0-9]{1,3} [0-9]{1}[A-Z]{2}$
2019-07-05 17:09:28,103 - IMMO - UK - ZOOPLA - 2019-06-01 00:00:00 - ERROR - FILE_CHECK - expect_column_values_to_match_regex - AGENCE_CP - Unexpected value: EX363BL on line 19, value should match regexp ^[A-Z][A-Z0-9]{1,3} [0-9]{1}[A-Z]{2}$
2019-07-05 17:09:28,103 - IMMO - UK - ZOOPLA - 2019-06-01 00:00:00 - ERROR - STAT - expect_column_values_to_match_regex - AGENCE_CP - correctly filled rate (%) - 0.0
2019-07-05 17:09:28,103 - IMMO - UK - ZOOPLA - 2019-06-01 00:00:00 - ERROR - FILE_CHECK - expect_column_values_to_be_of_type - M2 - Wrong type for value: 0.0 on line 0 should be int
2019-07-05 17:09:28,103 - IMMO - UK - ZOOPLA - 2019-06-01 00:00:00 - ERROR - FILE_CHECK - expect_column_values_to_be_of_type - M2 - Wrong type for value: 0.0 on line 1 should be int
2019-07-05 17:09:28,103 - IMMO - UK - ZOOPLA - 2019-06-01 00:00:00 - ERROR - FILE_CHECK - expect_column_values_to_be_of_type - M2 - Wrong type for value: 0.0 on line 2 should be int
2019-07-05 17:09:28,103 - IMMO - UK - ZOOPLA - 2019-06-01 00:00:00 - ERROR - FILE_CHECK - expect_column_values_to_be_of_type - M2 - Wrong type for value: 0.0 on line 3 should be int
2019-07-05 17:09:28,103 - IMMO - UK - ZOOPLA - 2019-06-01 00:00:00 - ERROR - FILE_CHECK - expect_column_values_to_be_of_type - M2 - Wrong type for value: 0.0 on line 4 should be int
2019-07-05 17:09:28,103 - IMMO - UK - ZOOPLA - 2019-06-01 00:00:00 - ERROR - FILE_CHECK - expect_column_values_to_be_of_type - M2 - Wrong type for value: 0.0 on line 5 should be int
2019-07-05 17:09:28,104 - IMMO - UK - ZOOPLA - 2019-06-01 00:00:00 - ERROR - FILE_CHECK - expect_column_values_to_be_of_type - M2 - Wrong type for value: 0.0 on line 6 should be int
2019-07-05 17:09:28,104 - IMMO - UK - ZOOPLA - 2019-06-01 00:00:00 - ERROR - FILE_CHECK - expect_column_values_to_be_of_type - M2 - Wrong type for value: 0.0 on line 7 should be int
2019-07-05 17:09:28,104 - IMMO - UK - ZOOPLA - 2019-06-01 00:00:00 - ERROR - FILE_CHECK - expect_column_values_to_be_of_type - M2 - Wrong type for value: 0.0 on line 8 should be int
2019-07-05 17:09:28,104 - IMMO - UK - ZOOPLA - 2019-06-01 00:00:00 - ERROR - FILE_CHECK - expect_column_values_to_be_of_type - M2 - Wrong type for value: 0.0 on line 9 should be int
2019-07-05 17:09:28,104 - IMMO - UK - ZOOPLA - 2019-06-01 00:00:00 - ERROR - FILE_CHECK - expect_column_values_to_be_of_type - M2 - Wrong type for value: 0.0 on line 10 should be int
2019-07-05 17:09:28,104 - IMMO - UK - ZOOPLA - 2019-06-01 00:00:00 - ERROR - FILE_CHECK - expect_column_values_to_be_of_type - M2 - Wrong type for value: 0.0 on line 11 should be int
2019-07-05 17:09:28,104 - IMMO - UK - ZOOPLA - 2019-06-01 00:00:00 - ERROR - FILE_CHECK - expect_column_values_to_be_of_type - M2 - Wrong type for value: 0.0 on line 12 should be int
2019-07-05 17:09:28,104 - IMMO - UK - ZOOPLA - 2019-06-01 00:00:00 - ERROR - FILE_CHECK - expect_column_values_to_be_of_type - M2 - Wrong type for value: 0.0 on line 13 should be int
2019-07-05 17:09:28,104 - IMMO - UK - ZOOPLA - 2019-06-01 00:00:00 - ERROR - FILE_CHECK - expect_column_values_to_be_of_type - M2 - Wrong type for value: 0.0 on line 14 should be int
2019-07-05 17:09:28,104 - IMMO - UK - ZOOPLA - 2019-06-01 00:00:00 - ERROR - FILE_CHECK - expect_column_values_to_be_of_type - M2 - Wrong type for value: 0.0 on line 15 should be int
2019-07-05 17:09:28,104 - IMMO - UK - ZOOPLA - 2019-06-01 00:00:00 - ERROR - FILE_CHECK - expect_column_values_to_be_of_type - M2 - Wrong type for value: 0.0 on line 16 should be int
2019-07-05 17:09:28,104 - IMMO - UK - ZOOPLA - 2019-06-01 00:00:00 - ERROR - FILE_CHECK - expect_column_values_to_be_of_type - M2 - Wrong type for value: 0.0 on line 17 should be int
2019-07-05 17:09:28,104 - IMMO - UK - ZOOPLA - 2019-06-01 00:00:00 - ERROR - FILE_CHECK - expect_column_values_to_be_of_type - M2 - Wrong type for value: 0.0 on line 18 should be int
2019-07-05 17:09:28,104 - IMMO - UK - ZOOPLA - 2019-06-01 00:00:00 - ERROR - FILE_CHECK - expect_column_values_to_be_of_type - M2 - Wrong type for value: 0.0 on line 19 should be int
2019-07-05 17:09:28,104 - IMMO - UK - ZOOPLA - 2019-06-01 00:00:00 - ERROR - STAT - expect_column_values_to_be_of_type - M2 - correctly filled rate (%) - 0.0
2019-07-05 17:09:28,104 - IMMO - UK - ZOOPLA - 2019-06-01 00:00:00 - ERROR - STAT - expect_column_values_to_not_be_null - M2 - correctly filled rate (%) - 100.0
