2019-10-30 11:27:16,772 - CAMION - DE - MASCUS - 2019-10-01 00:00:00 - ERROR - FILE_VALIDATE - expect_file_to_be_validated - EVERY_COLUMNS - False - 0
2019-10-30 11:27:16,772 - CAMION - DE - MASCUS - 2019-10-01 00:00:00 - ERROR - STAT - expect_column_values_to_not_be_null - ADRESSE - correctly filled rate (%) - 96.52
2019-10-30 11:27:16,772 - CAMION - DE - MASCUS - 2019-10-01 00:00:00 - ERROR - FILE_VALIDATE - expect_column_values_to_not_be_null - ADRESSE - True - 1
2019-10-30 11:27:16,772 - CAMION - DE - MASCUS - 2019-10-01 00:00:00 - ERROR - STAT - expect_column_values_to_be_in_type_list - ANNEE - correctly filled rate (%) - 100.0
2019-10-30 11:27:16,772 - CAMION - DE - MASCUS - 2019-10-01 00:00:00 - ERROR - FILE_VALIDATE - expect_column_values_to_be_in_type_list - ANNEE - True - 1
2019-10-30 11:27:16,772 - CAMION - DE - MASCUS - 2019-10-01 00:00:00 - ERROR - STAT - expect_column_values_to_be_between - ANNEE - correctly filled rate (%) - 92.92
2019-10-30 11:27:16,772 - CAMION - DE - MASCUS - 2019-10-01 00:00:00 - ERROR - STAT - expect_column_values_to_be_between - ANNEE - unexpected count - 1327
2019-10-30 11:27:16,772 - CAMION - DE - MASCUS - 2019-10-01 00:00:00 - ERROR - FILE_VALIDATE - expect_column_values_to_be_between - ANNEE - True - 1
2019-10-30 11:27:16,772 - CAMION - DE - MASCUS - 2019-10-01 00:00:00 - ERROR - STAT - expect_column_values_to_not_be_null - ANNEE - correctly filled rate (%) - 100.0
2019-10-30 11:27:16,772 - CAMION - DE - MASCUS - 2019-10-01 00:00:00 - ERROR - FILE_VALIDATE - expect_column_values_to_not_be_null - ANNEE - True - 1
2019-10-30 11:27:16,772 - CAMION - DE - MASCUS - 2019-10-01 00:00:00 - ERROR - FILE_CHECK - expect_column_values_to_match_regex - ANNEE - Unexpected value: 0 on line 1, value should match regexp ^[0-9]{4}$
2019-10-30 11:27:16,772 - CAMION - DE - MASCUS - 2019-10-01 00:00:00 - ERROR - FILE_CHECK - expect_column_values_to_match_regex - ANNEE - Unexpected value: 0 on line 30, value should match regexp ^[0-9]{4}$
2019-10-30 11:27:16,772 - CAMION - DE - MASCUS - 2019-10-01 00:00:00 - ERROR - FILE_CHECK - expect_column_values_to_match_regex - ANNEE - Unexpected value: 0 on line 51, value should match regexp ^[0-9]{4}$
2019-10-30 11:27:16,772 - CAMION - DE - MASCUS - 2019-10-01 00:00:00 - ERROR - FILE_CHECK - expect_column_values_to_match_regex - ANNEE - Unexpected value: 0 on line 78, value should match regexp ^[0-9]{4}$
2019-10-30 11:27:16,772 - CAMION - DE - MASCUS - 2019-10-01 00:00:00 - ERROR - FILE_CHECK - expect_column_values_to_match_regex - ANNEE - Unexpected value: 0 on line 104, value should match regexp ^[0-9]{4}$
2019-10-30 11:27:16,772 - CAMION - DE - MASCUS - 2019-10-01 00:00:00 - ERROR - FILE_CHECK - expect_column_values_to_match_regex - ANNEE - Unexpected value: 0 on line 133, value should match regexp ^[0-9]{4}$
2019-10-30 11:27:16,773 - CAMION - DE - MASCUS - 2019-10-01 00:00:00 - ERROR - FILE_CHECK - expect_column_values_to_match_regex - ANNEE - Unexpected value: 0 on line 138, value should match regexp ^[0-9]{4}$
2019-10-30 11:27:16,773 - CAMION - DE - MASCUS - 2019-10-01 00:00:00 - ERROR - FILE_CHECK - expect_column_values_to_match_regex - ANNEE - Unexpected value: 0 on line 140, value should match regexp ^[0-9]{4}$
2019-10-30 11:27:16,773 - CAMION - DE - MASCUS - 2019-10-01 00:00:00 - ERROR - FILE_CHECK - expect_column_values_to_match_regex - ANNEE - Unexpected value: 0 on line 220, value should match regexp ^[0-9]{4}$
2019-10-30 11:27:16,773 - CAMION - DE - MASCUS - 2019-10-01 00:00:00 - ERROR - FILE_CHECK - expect_column_values_to_match_regex - ANNEE - Unexpected value: 0 on line 226, value should match regexp ^[0-9]{4}$
2019-10-30 11:27:16,773 - CAMION - DE - MASCUS - 2019-10-01 00:00:00 - ERROR - FILE_CHECK - expect_column_values_to_match_regex - ANNEE - Unexpected value: 0 on line 270, value should match regexp ^[0-9]{4}$
2019-10-30 11:27:16,773 - CAMION - DE - MASCUS - 2019-10-01 00:00:00 - ERROR - FILE_CHECK - expect_column_values_to_match_regex - ANNEE - Unexpected value: 0 on line 282, value should match regexp ^[0-9]{4}$
2019-10-30 11:27:16,773 - CAMION - DE - MASCUS - 2019-10-01 00:00:00 - ERROR - FILE_CHECK - expect_column_values_to_match_regex - ANNEE - Unexpected value: 0 on line 294, value should match regexp ^[0-9]{4}$
2019-10-30 11:27:16,773 - CAMION - DE - MASCUS - 2019-10-01 00:00:00 - ERROR - FILE_CHECK - expect_column_values_to_match_regex - ANNEE - Unexpected value: 0 on line 315, value should match regexp ^[0-9]{4}$
2019-10-30 11:27:16,773 - CAMION - DE - MASCUS - 2019-10-01 00:00:00 - ERROR - FILE_CHECK - expect_column_values_to_match_regex - ANNEE - Unexpected value: 0 on line 318, value should match regexp ^[0-9]{4}$
2019-10-30 11:27:16,773 - CAMION - DE - MASCUS - 2019-10-01 00:00:00 - ERROR - FILE_CHECK - expect_column_values_to_match_regex - ANNEE - Unexpected value: 0 on line 324, value should match regexp ^[0-9]{4}$
2019-10-30 11:27:16,773 - CAMION - DE - MASCUS - 2019-10-01 00:00:00 - ERROR - FILE_CHECK - expect_column_values_to_match_regex - ANNEE - Unexpected value: 0 on line 326, value should match regexp ^[0-9]{4}$
2019-10-30 11:27:16,773 - CAMION - DE - MASCUS - 2019-10-01 00:00:00 - ERROR - FILE_CHECK - expect_column_values_to_match_regex - ANNEE - Unexpected value: 0 on line 348, value should match regexp ^[0-9]{4}$
2019-10-30 11:27:16,773 - CAMION - DE - MASCUS - 2019-10-01 00:00:00 - ERROR - FILE_CHECK - expect_column_values_to_match_regex - ANNEE - Unexpected value: 0 on line 352, value should match regexp ^[0-9]{4}$
2019-10-30 11:27:16,773 - CAMION - DE - MASCUS - 2019-10-01 00:00:00 - ERROR - FILE_CHECK - expect_column_values_to_match_regex - ANNEE - Unexpected value: 0 on line 381, value should match regexp ^[0-9]{4}$
2019-10-30 11:27:16,773 - CAMION - DE - MASCUS - 2019-10-01 00:00:00 - ERROR - STAT - expect_column_values_to_match_regex - ANNEE - correctly filled rate (%) - 94.46
2019-10-30 11:27:16,773 - CAMION - DE - MASCUS - 2019-10-01 00:00:00 - ERROR - FILE_VALIDATE - expect_column_values_to_match_regex - ANNEE - False - 0
2019-10-30 11:27:16,773 - CAMION - DE - MASCUS - 2019-10-01 00:00:00 - ERROR - STAT - expect_column_values_to_not_be_null - ANNONCE_LINK - correctly filled rate (%) - 100.0
2019-10-30 11:27:16,773 - CAMION - DE - MASCUS - 2019-10-01 00:00:00 - ERROR - FILE_VALIDATE - expect_column_values_to_not_be_null - ANNONCE_LINK - True - 1
2019-10-30 11:27:16,774 - CAMION - DE - MASCUS - 2019-10-01 00:00:00 - ERROR - STAT - expect_column_values_to_be_unique - ANNONCE_LINK - observed proportion - 100.0
2019-10-30 11:27:16,774 - CAMION - DE - MASCUS - 2019-10-01 00:00:00 - ERROR - FILE_VALIDATE - expect_column_values_to_be_unique - ANNONCE_LINK - True - 1
2019-10-30 11:27:16,774 - CAMION - DE - MASCUS - 2019-10-01 00:00:00 - ERROR - STAT - expect_column_values_to_not_be_null - CARBURANT - correctly filled rate (%) - 0.62
2019-10-30 11:27:16,774 - CAMION - DE - MASCUS - 2019-10-01 00:00:00 - ERROR - FILE_VALIDATE - expect_column_values_to_not_be_null - CARBURANT - False - 0
2019-10-30 11:27:16,774 - CAMION - DE - MASCUS - 2019-10-01 00:00:00 - ERROR - STAT - expect_column_values_to_not_be_null - CARROSSERIE - correctly filled rate (%) - 0.0
2019-10-30 11:27:16,774 - CAMION - DE - MASCUS - 2019-10-01 00:00:00 - ERROR - FILE_VALIDATE - expect_column_values_to_not_be_null - CARROSSERIE - False - 0
2019-10-30 11:27:16,774 - CAMION - DE - MASCUS - 2019-10-01 00:00:00 - ERROR - STAT - expect_column_values_to_not_be_null - CP - correctly filled rate (%) - 96.87
2019-10-30 11:27:16,774 - CAMION - DE - MASCUS - 2019-10-01 00:00:00 - ERROR - FILE_VALIDATE - expect_column_values_to_not_be_null - CP - True - 1
2019-10-30 11:27:16,774 - CAMION - DE - MASCUS - 2019-10-01 00:00:00 - ERROR - STAT - expect_column_values_to_match_regex - CP - correctly filled rate (%) - 99.27
2019-10-30 11:27:16,774 - CAMION - DE - MASCUS - 2019-10-01 00:00:00 - ERROR - FILE_VALIDATE - expect_column_values_to_match_regex - CP - True - 1
2019-10-30 11:27:16,774 - CAMION - DE - MASCUS - 2019-10-01 00:00:00 - ERROR - STAT - expect_column_values_to_not_be_null - GARAGE_ID - correctly filled rate (%) - 0.0
2019-10-30 11:27:16,774 - CAMION - DE - MASCUS - 2019-10-01 00:00:00 - ERROR - FILE_VALIDATE - expect_column_values_to_not_be_null - GARAGE_ID - False - 0
2019-10-30 11:27:16,774 - CAMION - DE - MASCUS - 2019-10-01 00:00:00 - ERROR - STAT - expect_column_values_to_not_be_null - ID_CLIENT - correctly filled rate (%) - 100.0
2019-10-30 11:27:16,774 - CAMION - DE - MASCUS - 2019-10-01 00:00:00 - ERROR - FILE_VALIDATE - expect_column_values_to_not_be_null - ID_CLIENT - True - 1
2019-10-30 11:27:16,774 - CAMION - DE - MASCUS - 2019-10-01 00:00:00 - ERROR - STAT - expect_column_values_to_be_unique - ID_CLIENT - observed proportion - 100.0
2019-10-30 11:27:16,774 - CAMION - DE - MASCUS - 2019-10-01 00:00:00 - ERROR - FILE_VALIDATE - expect_column_values_to_be_unique - ID_CLIENT - True - 1
2019-10-30 11:27:16,774 - CAMION - DE - MASCUS - 2019-10-01 00:00:00 - ERROR - STAT - expect_returning_row_count - EVERY_COLUMNS - total number of rows - 18735
2019-10-30 11:27:16,774 - CAMION - DE - MASCUS - 2019-10-01 00:00:00 - ERROR - STAT - expect_column_values_to_not_be_null - IMMAT - correctly filled rate (%) - 100.0
2019-10-30 11:27:16,774 - CAMION - DE - MASCUS - 2019-10-01 00:00:00 - ERROR - FILE_VALIDATE - expect_column_values_to_not_be_null - IMMAT - True - 1
2019-10-30 11:27:16,775 - CAMION - DE - MASCUS - 2019-10-01 00:00:00 - ERROR - STAT - expect_column_values_to_be_in_type_list - KM - correctly filled rate (%) - 100.0
2019-10-30 11:27:16,775 - CAMION - DE - MASCUS - 2019-10-01 00:00:00 - ERROR - FILE_VALIDATE - expect_column_values_to_be_in_type_list - KM - True - 1
2019-10-30 11:27:16,775 - CAMION - DE - MASCUS - 2019-10-01 00:00:00 - ERROR - STAT - expect_column_values_to_not_be_null - KM - correctly filled rate (%) - 100.0
2019-10-30 11:27:16,775 - CAMION - DE - MASCUS - 2019-10-01 00:00:00 - ERROR - FILE_VALIDATE - expect_column_values_to_not_be_null - KM - True - 1
2019-10-30 11:27:16,775 - CAMION - DE - MASCUS - 2019-10-01 00:00:00 - ERROR - STAT - expect_column_values_to_be_in_type_list - LITRE - correctly filled rate (%) - 100.0
2019-10-30 11:27:16,775 - CAMION - DE - MASCUS - 2019-10-01 00:00:00 - ERROR - FILE_VALIDATE - expect_column_values_to_be_in_type_list - LITRE - True - 1
2019-10-30 11:27:16,775 - CAMION - DE - MASCUS - 2019-10-01 00:00:00 - ERROR - STAT - expect_column_values_to_not_be_null - LITRE - correctly filled rate (%) - 100.0
2019-10-30 11:27:16,775 - CAMION - DE - MASCUS - 2019-10-01 00:00:00 - ERROR - FILE_VALIDATE - expect_column_values_to_not_be_null - LITRE - True - 1
2019-10-30 11:27:16,775 - CAMION - DE - MASCUS - 2019-10-01 00:00:00 - ERROR - STAT - expect_column_values_to_not_be_null - MARQUE - correctly filled rate (%) - 0.0
2019-10-30 11:27:16,775 - CAMION - DE - MASCUS - 2019-10-01 00:00:00 - ERROR - FILE_VALIDATE - expect_column_values_to_not_be_null - MARQUE - False - 0
2019-10-30 11:27:16,775 - CAMION - DE - MASCUS - 2019-10-01 00:00:00 - ERROR - STAT - expect_column_values_to_not_be_null - MODELE - correctly filled rate (%) - 0.0
2019-10-30 11:27:16,775 - CAMION - DE - MASCUS - 2019-10-01 00:00:00 - ERROR - FILE_VALIDATE - expect_column_values_to_not_be_null - MODELE - False - 0
2019-10-30 11:27:16,775 - CAMION - DE - MASCUS - 2019-10-01 00:00:00 - ERROR - STAT - expect_column_values_to_not_be_null - NOM - correctly filled rate (%) - 99.97
2019-10-30 11:27:16,775 - CAMION - DE - MASCUS - 2019-10-01 00:00:00 - ERROR - FILE_VALIDATE - expect_column_values_to_not_be_null - NOM - True - 1
2019-10-30 11:27:16,775 - CAMION - DE - MASCUS - 2019-10-01 00:00:00 - ERROR - FILE_CHECK - expect_column_value_lengths_to_be_between - NOM - Unexpected characters count of: [MK7...] on line  57, value length should be between 10 and 255
2019-10-30 11:27:16,775 - CAMION - DE - MASCUS - 2019-10-01 00:00:00 - ERROR - FILE_CHECK - expect_column_value_lengths_to_be_between - NOM - Unexpected characters count of: [Krone - -...] on line  328, value length should be between 10 and 255
2019-10-30 11:27:16,775 - CAMION - DE - MASCUS - 2019-10-01 00:00:00 - ERROR - FILE_CHECK - expect_column_value_lengths_to_be_between - NOM - Unexpected characters count of: [1-Achser...] on line  381, value length should be between 10 and 255
2019-10-30 11:27:16,776 - CAMION - DE - MASCUS - 2019-10-01 00:00:00 - ERROR - FILE_CHECK - expect_column_value_lengths_to_be_between - NOM - Unexpected characters count of: [Paus Z70...] on line  577, value length should be between 10 and 255
2019-10-30 11:27:16,776 - CAMION - DE - MASCUS - 2019-10-01 00:00:00 - ERROR - FILE_CHECK - expect_column_value_lengths_to_be_between - NOM - Unexpected characters count of: [8 to...] on line  670, value length should be between 10 and 255
2019-10-30 11:27:16,776 - CAMION - DE - MASCUS - 2019-10-01 00:00:00 - ERROR - FILE_CHECK - expect_column_value_lengths_to_be_between - NOM - Unexpected characters count of: [DH 8-40...] on line  1249, value length should be between 10 and 255
2019-10-30 11:27:16,776 - CAMION - DE - MASCUS - 2019-10-01 00:00:00 - ERROR - FILE_CHECK - expect_column_value_lengths_to_be_between - NOM - Unexpected characters count of: [JCB 409...] on line  1329, value length should be between 10 and 255
2019-10-30 11:27:16,776 - CAMION - DE - MASCUS - 2019-10-01 00:00:00 - ERROR - FILE_CHECK - expect_column_value_lengths_to_be_between - NOM - Unexpected characters count of: [GTS 130...] on line  1331, value length should be between 10 and 255
2019-10-30 11:27:16,776 - CAMION - DE - MASCUS - 2019-10-01 00:00:00 - ERROR - FILE_CHECK - expect_column_value_lengths_to_be_between - NOM - Unexpected characters count of: [Avant 640...] on line  1441, value length should be between 10 and 255
2019-10-30 11:27:16,776 - CAMION - DE - MASCUS - 2019-10-01 00:00:00 - ERROR - FILE_CHECK - expect_column_value_lengths_to_be_between - NOM - Unexpected characters count of: [DB 37...] on line  1511, value length should be between 10 and 255
2019-10-30 11:27:16,776 - CAMION - DE - MASCUS - 2019-10-01 00:00:00 - ERROR - FILE_CHECK - expect_column_value_lengths_to_be_between - NOM - Unexpected characters count of: [Valla 25E...] on line  1606, value length should be between 10 and 255
2019-10-30 11:27:16,776 - CAMION - DE - MASCUS - 2019-10-01 00:00:00 - ERROR - FILE_CHECK - expect_column_value_lengths_to_be_between - NOM - Unexpected characters count of: [Dino 120T...] on line  1615, value length should be between 10 and 255
2019-10-30 11:27:16,776 - CAMION - DE - MASCUS - 2019-10-01 00:00:00 - ERROR - FILE_CHECK - expect_column_value_lengths_to_be_between - NOM - Unexpected characters count of: [JCB 407...] on line  1644, value length should be between 10 and 255
2019-10-30 11:27:16,776 - CAMION - DE - MASCUS - 2019-10-01 00:00:00 - ERROR - FILE_CHECK - expect_column_value_lengths_to_be_between - NOM - Unexpected characters count of: [JCB 86C-1...] on line  1654, value length should be between 10 and 255
2019-10-30 11:27:16,776 - CAMION - DE - MASCUS - 2019-10-01 00:00:00 - ERROR - FILE_CHECK - expect_column_value_lengths_to_be_between - NOM - Unexpected characters count of: [JCB S1930...] on line  1736, value length should be between 10 and 255
2019-10-30 11:27:16,776 - CAMION - DE - MASCUS - 2019-10-01 00:00:00 - ERROR - FILE_CHECK - expect_column_value_lengths_to_be_between - NOM - Unexpected characters count of: [JCB 407...] on line  1765, value length should be between 10 and 255
2019-10-30 11:27:16,776 - CAMION - DE - MASCUS - 2019-10-01 00:00:00 - ERROR - FILE_CHECK - expect_column_value_lengths_to_be_between - NOM - Unexpected characters count of: [CASE 836C...] on line  1886, value length should be between 10 and 255
2019-10-30 11:27:16,776 - CAMION - DE - MASCUS - 2019-10-01 00:00:00 - ERROR - FILE_CHECK - expect_column_value_lengths_to_be_between - NOM - Unexpected characters count of: [JLG 400S...] on line  1955, value length should be between 10 and 255
2019-10-30 11:27:16,776 - CAMION - DE - MASCUS - 2019-10-01 00:00:00 - ERROR - FILE_CHECK - expect_column_value_lengths_to_be_between - NOM - Unexpected characters count of: [JCB 8080...] on line  1998, value length should be between 10 and 255
2019-10-30 11:27:16,776 - CAMION - DE - MASCUS - 2019-10-01 00:00:00 - ERROR - FILE_CHECK - expect_column_value_lengths_to_be_between - NOM - Unexpected characters count of: [JCB 19C-1...] on line  2035, value length should be between 10 and 255
2019-10-30 11:27:16,776 - CAMION - DE - MASCUS - 2019-10-01 00:00:00 - ERROR - STAT - expect_column_value_lengths_to_be_between - NOM - correctly filled rate (%) - 98.71
2019-10-30 11:27:16,777 - CAMION - DE - MASCUS - 2019-10-01 00:00:00 - ERROR - FILE_VALIDATE - expect_column_value_lengths_to_be_between - NOM - False - 0
2019-10-30 11:27:16,777 - CAMION - DE - MASCUS - 2019-10-01 00:00:00 - ERROR - STAT - expect_column_values_to_not_be_null - OPTIONS - correctly filled rate (%) - 30.96
2019-10-30 11:27:16,777 - CAMION - DE - MASCUS - 2019-10-01 00:00:00 - ERROR - FILE_VALIDATE - expect_column_values_to_not_be_null - OPTIONS - False - 0
2019-10-30 11:27:16,777 - CAMION - DE - MASCUS - 2019-10-01 00:00:00 - ERROR - FILE_CHECK - expect_column_value_lengths_to_be_between - OPTIONS - Unexpected characters count of: [Bordcomputer, CB-Rad...] on line  467, value length should be between 0 and 255
2019-10-30 11:27:16,777 - CAMION - DE - MASCUS - 2019-10-01 00:00:00 - ERROR - FILE_CHECK - expect_column_value_lengths_to_be_between - OPTIONS - Unexpected characters count of: [Elektrische Fenster,...] on line  689, value length should be between 0 and 255
2019-10-30 11:27:16,777 - CAMION - DE - MASCUS - 2019-10-01 00:00:00 - ERROR - FILE_CHECK - expect_column_value_lengths_to_be_between - OPTIONS - Unexpected characters count of: [Bordcomputer, Bremsa...] on line  1066, value length should be between 0 and 255
2019-10-30 11:27:16,777 - CAMION - DE - MASCUS - 2019-10-01 00:00:00 - ERROR - FILE_CHECK - expect_column_value_lengths_to_be_between - OPTIONS - Unexpected characters count of: [ABS, Anhängerkupplun...] on line  1140, value length should be between 0 and 255
2019-10-30 11:27:16,777 - CAMION - DE - MASCUS - 2019-10-01 00:00:00 - ERROR - FILE_CHECK - expect_column_value_lengths_to_be_between - OPTIONS - Unexpected characters count of: [ABS, Airbags, beheiz...] on line  1251, value length should be between 0 and 255
2019-10-30 11:27:16,777 - CAMION - DE - MASCUS - 2019-10-01 00:00:00 - ERROR - FILE_CHECK - expect_column_value_lengths_to_be_between - OPTIONS - Unexpected characters count of: [Radio, Klimaanlage, ...] on line  1288, value length should be between 0 and 255
2019-10-30 11:27:16,777 - CAMION - DE - MASCUS - 2019-10-01 00:00:00 - ERROR - FILE_CHECK - expect_column_value_lengths_to_be_between - OPTIONS - Unexpected characters count of: [Anhängerkupplung, be...] on line  2070, value length should be between 0 and 255
2019-10-30 11:27:16,777 - CAMION - DE - MASCUS - 2019-10-01 00:00:00 - ERROR - FILE_CHECK - expect_column_value_lengths_to_be_between - OPTIONS - Unexpected characters count of: [ABS, Airbags, beheiz...] on line  4437, value length should be between 0 and 255
2019-10-30 11:27:16,777 - CAMION - DE - MASCUS - 2019-10-01 00:00:00 - ERROR - FILE_CHECK - expect_column_value_lengths_to_be_between - OPTIONS - Unexpected characters count of: [ABS, ASR  - Antriebs...] on line  4607, value length should be between 0 and 255
2019-10-30 11:27:16,777 - CAMION - DE - MASCUS - 2019-10-01 00:00:00 - ERROR - FILE_CHECK - expect_column_value_lengths_to_be_between - OPTIONS - Unexpected characters count of: [Bremsanlage, Einzelk...] on line  5954, value length should be between 0 and 255
2019-10-30 11:27:16,777 - CAMION - DE - MASCUS - 2019-10-01 00:00:00 - ERROR - FILE_CHECK - expect_column_value_lengths_to_be_between - OPTIONS - Unexpected characters count of: [ABS, Airbags, ASR  -...] on line  6963, value length should be between 0 and 255
2019-10-30 11:27:16,777 - CAMION - DE - MASCUS - 2019-10-01 00:00:00 - ERROR - FILE_CHECK - expect_column_value_lengths_to_be_between - OPTIONS - Unexpected characters count of: [ABS, Airbags, BDF-Co...] on line  7334, value length should be between 0 and 255
2019-10-30 11:27:16,777 - CAMION - DE - MASCUS - 2019-10-01 00:00:00 - ERROR - FILE_CHECK - expect_column_value_lengths_to_be_between - OPTIONS - Unexpected characters count of: [Airbags, ASR  - Antr...] on line  11451, value length should be between 0 and 255
2019-10-30 11:27:16,777 - CAMION - DE - MASCUS - 2019-10-01 00:00:00 - ERROR - FILE_CHECK - expect_column_value_lengths_to_be_between - OPTIONS - Unexpected characters count of: [Bordcomputer, Bremsa...] on line  13072, value length should be between 0 and 255
2019-10-30 11:27:16,777 - CAMION - DE - MASCUS - 2019-10-01 00:00:00 - ERROR - FILE_CHECK - expect_column_value_lengths_to_be_between - OPTIONS - Unexpected characters count of: [ABS, ASR  - Antriebs...] on line  15240, value length should be between 0 and 255
2019-10-30 11:27:16,778 - CAMION - DE - MASCUS - 2019-10-01 00:00:00 - ERROR - FILE_CHECK - expect_column_value_lengths_to_be_between - OPTIONS - Unexpected characters count of: [Bremsanlage, Elektri...] on line  16284, value length should be between 0 and 255
2019-10-30 11:27:16,778 - CAMION - DE - MASCUS - 2019-10-01 00:00:00 - ERROR - STAT - expect_column_value_lengths_to_be_between - OPTIONS - correctly filled rate (%) - 99.72
2019-10-30 11:27:16,778 - CAMION - DE - MASCUS - 2019-10-01 00:00:00 - ERROR - FILE_VALIDATE - expect_column_value_lengths_to_be_between - OPTIONS - False - 0
2019-10-30 11:27:16,778 - CAMION - DE - MASCUS - 2019-10-01 00:00:00 - ERROR - STAT - expect_column_values_to_be_in_type_list - PHOTO - correctly filled rate (%) - 100.0
2019-10-30 11:27:16,778 - CAMION - DE - MASCUS - 2019-10-01 00:00:00 - ERROR - FILE_VALIDATE - expect_column_values_to_be_in_type_list - PHOTO - True - 1
2019-10-30 11:27:16,778 - CAMION - DE - MASCUS - 2019-10-01 00:00:00 - ERROR - STAT - expect_column_values_to_not_be_null - PHOTO - correctly filled rate (%) - 100.0
2019-10-30 11:27:16,778 - CAMION - DE - MASCUS - 2019-10-01 00:00:00 - ERROR - FILE_VALIDATE - expect_column_values_to_not_be_null - PHOTO - True - 1
2019-10-30 11:27:16,778 - CAMION - DE - MASCUS - 2019-10-01 00:00:00 - ERROR - STAT - expect_column_values_to_not_be_null - PLACE - correctly filled rate (%) - 0.0
2019-10-30 11:27:16,778 - CAMION - DE - MASCUS - 2019-10-01 00:00:00 - ERROR - FILE_VALIDATE - expect_column_values_to_not_be_null - PLACE - False - 0
2019-10-30 11:27:16,778 - CAMION - DE - MASCUS - 2019-10-01 00:00:00 - ERROR - STAT - expect_column_values_to_not_be_null - PORTE - correctly filled rate (%) - 0.0
2019-10-30 11:27:16,778 - CAMION - DE - MASCUS - 2019-10-01 00:00:00 - ERROR - FILE_VALIDATE - expect_column_values_to_not_be_null - PORTE - False - 0
2019-10-30 11:27:16,778 - CAMION - DE - MASCUS - 2019-10-01 00:00:00 - ERROR - STAT - expect_column_values_to_be_in_type_list - PRIX - correctly filled rate (%) - 100.0
2019-10-30 11:27:16,778 - CAMION - DE - MASCUS - 2019-10-01 00:00:00 - ERROR - FILE_VALIDATE - expect_column_values_to_be_in_type_list - PRIX - True - 1
2019-10-30 11:27:16,778 - CAMION - DE - MASCUS - 2019-10-01 00:00:00 - ERROR - STAT - expect_column_values_to_not_be_null - PRIX - correctly filled rate (%) - 100.0
2019-10-30 11:27:16,778 - CAMION - DE - MASCUS - 2019-10-01 00:00:00 - ERROR - FILE_VALIDATE - expect_column_values_to_not_be_null - PRIX - True - 1
2019-10-30 11:27:16,778 - CAMION - DE - MASCUS - 2019-10-01 00:00:00 - ERROR - STAT - expect_column_values_to_not_be_null - PROVINCE - correctly filled rate (%) - 0.0
2019-10-30 11:27:16,778 - CAMION - DE - MASCUS - 2019-10-01 00:00:00 - ERROR - FILE_VALIDATE - expect_column_values_to_not_be_null - PROVINCE - False - 0
2019-10-30 11:27:16,779 - CAMION - DE - MASCUS - 2019-10-01 00:00:00 - ERROR - STAT - expect_column_values_to_not_be_null - SITE - correctly filled rate (%) - 100.0
2019-10-30 11:27:16,779 - CAMION - DE - MASCUS - 2019-10-01 00:00:00 - ERROR - FILE_VALIDATE - expect_column_values_to_not_be_null - SITE - True - 1
2019-10-30 11:27:16,779 - CAMION - DE - MASCUS - 2019-10-01 00:00:00 - ERROR - STAT - expect_column_values_to_not_be_null - TELEPHONE - correctly filled rate (%) - 99.0
2019-10-30 11:27:16,779 - CAMION - DE - MASCUS - 2019-10-01 00:00:00 - ERROR - FILE_VALIDATE - expect_column_values_to_not_be_null - TELEPHONE - True - 1
2019-10-30 11:27:16,779 - CAMION - DE - MASCUS - 2019-10-01 00:00:00 - ERROR - STAT - expect_column_values_to_be_phone_number - TELEPHONE - correctly filled rate (%) - 99.98
2019-10-30 11:27:16,779 - CAMION - DE - MASCUS - 2019-10-01 00:00:00 - ERROR - FILE_VALIDATE - expect_column_values_to_be_phone_number - TELEPHONE - True - 1
2019-10-30 11:27:16,779 - CAMION - DE - MASCUS - 2019-10-01 00:00:00 - ERROR - STAT - expect_column_values_to_not_be_null - TYPE - correctly filled rate (%) - 100.0
2019-10-30 11:27:16,779 - CAMION - DE - MASCUS - 2019-10-01 00:00:00 - ERROR - FILE_VALIDATE - expect_column_values_to_not_be_null - TYPE - True - 1
2019-10-30 11:27:16,779 - CAMION - DE - MASCUS - 2019-10-01 00:00:00 - ERROR - STAT - expect_column_values_to_be_in_set_2 - TYPE - observed proportion - 100.0
2019-10-30 11:27:16,779 - CAMION - DE - MASCUS - 2019-10-01 00:00:00 - ERROR - STAT - expect_column_values_to_not_be_null - VILLE - correctly filled rate (%) - 99.62
2019-10-30 11:27:16,779 - CAMION - DE - MASCUS - 2019-10-01 00:00:00 - ERROR - FILE_VALIDATE - expect_column_values_to_not_be_null - VILLE - True - 1
2019-10-30 11:27:16,779 - CAMION - DE - MASCUS - 2019-10-01 00:00:00 - ERROR - STAT - expect_column_values_to_not_be_null - VN_IND - correctly filled rate (%) - 0.0
2019-10-30 11:27:16,779 - CAMION - DE - MASCUS - 2019-10-01 00:00:00 - ERROR - FILE_VALIDATE - expect_column_values_to_not_be_null - VN_IND - False - 0
2019-10-30 11:27:16,779 - CAMION - DE - MASCUS - 2019-10-01 00:00:00 - ERROR - STAT - expect_returning_row_unique_count - MARQUE_CORRECTED - total number of unique rows - 145
2019-10-30 11:27:16,779 - CAMION - DE - MASCUS - 2019-10-01 00:00:00 - ERROR - STAT - expect_returning_row_unique_count - MODELE_CORRECTED - total number of unique rows - 396
2019-10-30 11:27:16,779 - CAMION - DE - MASCUS - 2019-10-01 00:00:00 - ERROR - STAT - expect_returning_row_unique_count - CARROSSERIE - total number of unique rows - 0
2019-10-30 11:27:16,779 - CAMION - DE - MASCUS - 2019-10-01 00:00:00 - ERROR - STAT - expect_returning_row_unique_count - CARBURANT - total number of unique rows - 1
2019-10-30 11:27:16,779 - CAMION - DE - MASCUS - 2019-10-01 00:00:00 - ERROR - STAT - expect_column_values_to_not_be_null - CYLINDRE - correctly filled rate (%) - 0.0
2019-10-30 11:27:16,780 - CAMION - DE - MASCUS - 2019-10-01 00:00:00 - ERROR - FILE_VALIDATE - expect_column_values_to_not_be_null - CYLINDRE - False - 0
2019-10-30 11:27:16,780 - CAMION - DE - MASCUS - 2019-10-01 00:00:00 - ERROR - STAT - expect_returning_row_unique_count - PROVINCE - total number of unique rows - 0
2019-10-30 11:27:16,780 - CAMION - DE - MASCUS - 2019-10-01 00:00:00 - ERROR - STAT - expect_returning_row_unique_count - VILLE - total number of unique rows - 890
2019-10-30 11:27:16,780 - CAMION - DE - MASCUS - 2019-10-01 00:00:00 - ERROR - STAT - expect_returning_row_unique_count - DEPARTEMENT - total number of unique rows - 0
2019-10-30 11:27:16,780 - CAMION - DE - MASCUS - 2019-10-01 00:00:00 - ERROR - STAT - expect_returning_row_count_on_conditions - DEALER_USEDCARS - total number of row with conditions - 18734
2019-10-30 11:27:16,780 - CAMION - DE - MASCUS - 2019-10-01 00:00:00 - ERROR - STAT - expect_returning_row_count_on_conditions - PRIVATE_USEDCARS - total number of row with conditions - 1
2019-10-30 11:27:16,780 - CAMION - DE - MASCUS - 2019-10-01 00:00:00 - ERROR - STAT - expect_returning_row_count_on_conditions - TRUCKS - total number of row with conditions - 4081
2019-10-30 11:27:16,780 - CAMION - DE - MASCUS - 2019-10-01 00:00:00 - ERROR - STAT - expect_returning_row_count_on_conditions - TRACTOR UNITS - total number of row with conditions - 664
2019-10-30 11:27:16,780 - CAMION - DE - MASCUS - 2019-10-01 00:00:00 - ERROR - STAT - expect_returning_row_count_on_conditions - TRAILERS - total number of row with conditions - 1042
2019-10-30 11:27:16,780 - CAMION - DE - MASCUS - 2019-10-01 00:00:00 - ERROR - STAT - expect_returning_row_count_on_conditions - VANS - total number of row with conditions - 842
2019-10-30 11:27:16,780 - CAMION - DE - MASCUS - 2019-10-01 00:00:00 - ERROR - STAT - expect_returning_row_count_on_conditions - HEAVY EQUIPMENTS - total number of row with conditions - 10856
2019-10-30 11:27:16,780 - CAMION - DE - MASCUS - 2019-10-01 00:00:00 - ERROR - STAT - expect_returning_row_count_on_conditions - SEMI TRAILERS - total number of row with conditions - 1250
2019-10-30 11:27:16,780 - CAMION - DE - MASCUS - 2019-10-01 00:00:00 - ERROR - STAT - expect_returning_row_count_on_conditions - DEALER_TRUCKS - total number of row with conditions - 4081
2019-10-30 11:27:16,780 - CAMION - DE - MASCUS - 2019-10-01 00:00:00 - ERROR - STAT - expect_returning_row_count_on_conditions - PRIVATE_TRUCKS - total number of row with conditions - 0
2019-10-30 11:27:16,780 - CAMION - DE - MASCUS - 2019-10-01 00:00:00 - ERROR - STAT - expect_returning_row_count_on_conditions - DEALER_TRACTOR UNITS - total number of row with conditions - 664
2019-10-30 11:27:16,780 - CAMION - DE - MASCUS - 2019-10-01 00:00:00 - ERROR - STAT - expect_returning_row_count_on_conditions - PRIVATE_TRACTOR UNITS - total number of row with conditions - 0
2019-10-30 11:27:16,780 - CAMION - DE - MASCUS - 2019-10-01 00:00:00 - ERROR - STAT - expect_returning_row_count_on_conditions - DEALER_TRAILERS - total number of row with conditions - 1042
2019-10-30 11:27:16,780 - CAMION - DE - MASCUS - 2019-10-01 00:00:00 - ERROR - STAT - expect_returning_row_count_on_conditions - PRIVATE_TRAILERS - total number of row with conditions - 0
2019-10-30 11:27:16,781 - CAMION - DE - MASCUS - 2019-10-01 00:00:00 - ERROR - STAT - expect_returning_row_count_on_conditions - DEALER_VANS - total number of row with conditions - 842
2019-10-30 11:27:16,781 - CAMION - DE - MASCUS - 2019-10-01 00:00:00 - ERROR - STAT - expect_returning_row_count_on_conditions - PRIVATE_VANS - total number of row with conditions - 0
2019-10-30 11:27:16,781 - CAMION - DE - MASCUS - 2019-10-01 00:00:00 - ERROR - STAT - expect_returning_row_count_on_conditions - DEALER_HEAVY EQUIPMENTS - total number of row with conditions - 10855
2019-10-30 11:27:16,781 - CAMION - DE - MASCUS - 2019-10-01 00:00:00 - ERROR - STAT - expect_returning_row_count_on_conditions - PRIVATE_HEAVY EQUIPMENTS - total number of row with conditions - 1
2019-10-30 11:27:16,781 - CAMION - DE - MASCUS - 2019-10-01 00:00:00 - ERROR - STAT - expect_returning_row_count_on_conditions - DEALER_SEMI TRAILERS - total number of row with conditions - 1250
2019-10-30 11:27:16,781 - CAMION - DE - MASCUS - 2019-10-01 00:00:00 - ERROR - STAT - expect_returning_row_count_on_conditions - PRIVATE_SEMI TRAILERS - total number of row with conditions - 0
