2019-10-09 05:52:00,238 - VO - UK - GUMTREE - 2019-10-01 00:00:00 - ERROR - STAT - expect_column_values_to_not_be_null - ADRESSE - correctly filled rate (%) - 0.0
2019-10-09 05:52:00,238 - VO - UK - GUMTREE - 2019-10-01 00:00:00 - ERROR - STAT - expect_column_values_to_be_in_type_list - ANNEE - correctly filled rate (%) - 100.0
2019-10-09 05:52:00,238 - VO - UK - GUMTREE - 2019-10-01 00:00:00 - ERROR - STAT - expect_column_values_to_be_between - ANNEE - correctly filled rate (%) - 99.66
2019-10-09 05:52:00,238 - VO - UK - GUMTREE - 2019-10-01 00:00:00 - ERROR - STAT - expect_column_values_to_not_be_null - ANNEE - correctly filled rate (%) - 100.0
2019-10-09 05:52:00,238 - VO - UK - GUMTREE - 2019-10-01 00:00:00 - ERROR - STAT - expect_column_values_to_match_regex - ANNEE - correctly filled rate (%) - 100.0
2019-10-09 05:52:00,238 - VO - UK - GUMTREE - 2019-10-01 00:00:00 - ERROR - STAT - expect_column_values_to_not_be_null - ANNONCE_LINK - correctly filled rate (%) - 100.0
2019-10-09 05:52:00,238 - VO - UK - GUMTREE - 2019-10-01 00:00:00 - ERROR - STAT - expect_column_values_to_be_unique - ANNONCE_LINK - observed proportion - 100.0
2019-10-09 05:52:00,238 - VO - UK - GUMTREE - 2019-10-01 00:00:00 - ERROR - STAT - expect_column_values_to_not_be_null - CARBURANT - correctly filled rate (%) - 99.58
2019-10-09 05:52:00,238 - VO - UK - GUMTREE - 2019-10-01 00:00:00 - ERROR - STAT - expect_column_values_to_not_be_null - CARROSSERIE - correctly filled rate (%) - 94.58
2019-10-09 05:52:00,238 - VO - UK - GUMTREE - 2019-10-01 00:00:00 - ERROR - STAT - expect_column_values_to_not_be_null - CP - correctly filled rate (%) - 81.18
2019-10-09 05:52:00,238 - VO - UK - GUMTREE - 2019-10-01 00:00:00 - ERROR - FILE_CHECK - expect_column_values_to_match_regex - CP - Unexpected value: EN110DU on line 0, value should match regexp ^[A-Z][A-Z0-9]{1,3} [0-9]{1}[A-Z]{2}$
2019-10-09 05:52:00,238 - VO - UK - GUMTREE - 2019-10-01 00:00:00 - ERROR - FILE_CHECK - expect_column_values_to_match_regex - CP - Unexpected value: E163QN on line 3, value should match regexp ^[A-Z][A-Z0-9]{1,3} [0-9]{1}[A-Z]{2}$
2019-10-09 05:52:00,238 - VO - UK - GUMTREE - 2019-10-01 00:00:00 - ERROR - FILE_CHECK - expect_column_values_to_match_regex - CP - Unexpected value: B57PS on line 4, value should match regexp ^[A-Z][A-Z0-9]{1,3} [0-9]{1}[A-Z]{2}$
2019-10-09 05:52:00,238 - VO - UK - GUMTREE - 2019-10-01 00:00:00 - ERROR - FILE_CHECK - expect_column_values_to_match_regex - CP - Unexpected value: WF127QY on line 5, value should match regexp ^[A-Z][A-Z0-9]{1,3} [0-9]{1}[A-Z]{2}$
2019-10-09 05:52:00,239 - VO - UK - GUMTREE - 2019-10-01 00:00:00 - ERROR - FILE_CHECK - expect_column_values_to_match_regex - CP - Unexpected value: BA21NZ on line 9, value should match regexp ^[A-Z][A-Z0-9]{1,3} [0-9]{1}[A-Z]{2}$
2019-10-09 05:52:00,239 - VO - UK - GUMTREE - 2019-10-01 00:00:00 - ERROR - FILE_CHECK - expect_column_values_to_match_regex - CP - Unexpected value: WF127RB on line 10, value should match regexp ^[A-Z][A-Z0-9]{1,3} [0-9]{1}[A-Z]{2}$
2019-10-09 05:52:00,239 - VO - UK - GUMTREE - 2019-10-01 00:00:00 - ERROR - FILE_CHECK - expect_column_values_to_match_regex - CP - Unexpected value: BA21NZ on line 11, value should match regexp ^[A-Z][A-Z0-9]{1,3} [0-9]{1}[A-Z]{2}$
2019-10-09 05:52:00,239 - VO - UK - GUMTREE - 2019-10-01 00:00:00 - ERROR - FILE_CHECK - expect_column_values_to_match_regex - CP - Unexpected value: WF127RB on line 12, value should match regexp ^[A-Z][A-Z0-9]{1,3} [0-9]{1}[A-Z]{2}$
2019-10-09 05:52:00,239 - VO - UK - GUMTREE - 2019-10-01 00:00:00 - ERROR - FILE_CHECK - expect_column_values_to_match_regex - CP - Unexpected value: SE120ER on line 13, value should match regexp ^[A-Z][A-Z0-9]{1,3} [0-9]{1}[A-Z]{2}$
2019-10-09 05:52:00,239 - VO - UK - GUMTREE - 2019-10-01 00:00:00 - ERROR - FILE_CHECK - expect_column_values_to_match_regex - CP - Unexpected value: EN110DU on line 14, value should match regexp ^[A-Z][A-Z0-9]{1,3} [0-9]{1}[A-Z]{2}$
2019-10-09 05:52:00,239 - VO - UK - GUMTREE - 2019-10-01 00:00:00 - ERROR - FILE_CHECK - expect_column_values_to_match_regex - CP - Unexpected value: DA159PJ on line 15, value should match regexp ^[A-Z][A-Z0-9]{1,3} [0-9]{1}[A-Z]{2}$
2019-10-09 05:52:00,239 - VO - UK - GUMTREE - 2019-10-01 00:00:00 - ERROR - FILE_CHECK - expect_column_values_to_match_regex - CP - Unexpected value: EN110DU on line 16, value should match regexp ^[A-Z][A-Z0-9]{1,3} [0-9]{1}[A-Z]{2}$
2019-10-09 05:52:00,239 - VO - UK - GUMTREE - 2019-10-01 00:00:00 - ERROR - FILE_CHECK - expect_column_values_to_match_regex - CP - Unexpected value: SE207RU on line 17, value should match regexp ^[A-Z][A-Z0-9]{1,3} [0-9]{1}[A-Z]{2}$
2019-10-09 05:52:00,239 - VO - UK - GUMTREE - 2019-10-01 00:00:00 - ERROR - FILE_CHECK - expect_column_values_to_match_regex - CP - Unexpected value: WF127QY on line 19, value should match regexp ^[A-Z][A-Z0-9]{1,3} [0-9]{1}[A-Z]{2}$
2019-10-09 05:52:00,239 - VO - UK - GUMTREE - 2019-10-01 00:00:00 - ERROR - FILE_CHECK - expect_column_values_to_match_regex - CP - Unexpected value: FY39JH on line 20, value should match regexp ^[A-Z][A-Z0-9]{1,3} [0-9]{1}[A-Z]{2}$
2019-10-09 05:52:00,239 - VO - UK - GUMTREE - 2019-10-01 00:00:00 - ERROR - FILE_CHECK - expect_column_values_to_match_regex - CP - Unexpected value: OL111PX on line 21, value should match regexp ^[A-Z][A-Z0-9]{1,3} [0-9]{1}[A-Z]{2}$
2019-10-09 05:52:00,239 - VO - UK - GUMTREE - 2019-10-01 00:00:00 - ERROR - FILE_CHECK - expect_column_values_to_match_regex - CP - Unexpected value: OL111PX on line 22, value should match regexp ^[A-Z][A-Z0-9]{1,3} [0-9]{1}[A-Z]{2}$
2019-10-09 05:52:00,239 - VO - UK - GUMTREE - 2019-10-01 00:00:00 - ERROR - FILE_CHECK - expect_column_values_to_match_regex - CP - Unexpected value: OL111PX on line 23, value should match regexp ^[A-Z][A-Z0-9]{1,3} [0-9]{1}[A-Z]{2}$
2019-10-09 05:52:00,239 - VO - UK - GUMTREE - 2019-10-01 00:00:00 - ERROR - FILE_CHECK - expect_column_values_to_match_regex - CP - Unexpected value: WF127QY on line 25, value should match regexp ^[A-Z][A-Z0-9]{1,3} [0-9]{1}[A-Z]{2}$
2019-10-09 05:52:00,239 - VO - UK - GUMTREE - 2019-10-01 00:00:00 - ERROR - FILE_CHECK - expect_column_values_to_match_regex - CP - Unexpected value: NR67AP on line 26, value should match regexp ^[A-Z][A-Z0-9]{1,3} [0-9]{1}[A-Z]{2}$
2019-10-09 05:52:00,239 - VO - UK - GUMTREE - 2019-10-01 00:00:00 - ERROR - STAT - expect_column_values_to_match_regex - CP - correctly filled rate (%) - 0.0
2019-10-09 05:52:00,239 - VO - UK - GUMTREE - 2019-10-01 00:00:00 - ERROR - STAT - expect_column_values_to_not_be_null - GARAGE_ID - correctly filled rate (%) - 95.62
2019-10-09 05:52:00,240 - VO - UK - GUMTREE - 2019-10-01 00:00:00 - ERROR - STAT - expect_column_values_to_not_be_null - ID_CLIENT - correctly filled rate (%) - 100.0
2019-10-09 05:52:00,240 - VO - UK - GUMTREE - 2019-10-01 00:00:00 - ERROR - STAT - expect_column_values_to_be_unique - ID_CLIENT - observed proportion - 100.0
2019-10-09 05:52:00,240 - VO - UK - GUMTREE - 2019-10-01 00:00:00 - ERROR - STAT - expect_returning_row_count - EVERY_COLUMNS - total number of rows - 215456
2019-10-09 05:52:00,240 - VO - UK - GUMTREE - 2019-10-01 00:00:00 - ERROR - STAT - expect_column_values_to_not_be_null - IMMAT - correctly filled rate (%) - 100.0
2019-10-09 05:52:00,240 - VO - UK - GUMTREE - 2019-10-01 00:00:00 - ERROR - STAT - expect_column_values_to_be_in_type_list - KM - correctly filled rate (%) - 100.0
2019-10-09 05:52:00,240 - VO - UK - GUMTREE - 2019-10-01 00:00:00 - ERROR - STAT - expect_column_values_to_not_be_null - KM - correctly filled rate (%) - 100.0
2019-10-09 05:52:00,240 - VO - UK - GUMTREE - 2019-10-01 00:00:00 - ERROR - STAT - expect_column_values_to_be_in_type_list - LITRE - correctly filled rate (%) - 100.0
2019-10-09 05:52:00,240 - VO - UK - GUMTREE - 2019-10-01 00:00:00 - ERROR - STAT - expect_column_values_to_not_be_null - LITRE - correctly filled rate (%) - 100.0
2019-10-09 05:52:00,240 - VO - UK - GUMTREE - 2019-10-01 00:00:00 - ERROR - STAT - expect_column_values_to_not_be_null - MARQUE - correctly filled rate (%) - 100.0
2019-10-09 05:52:00,240 - VO - UK - GUMTREE - 2019-10-01 00:00:00 - ERROR - STAT - expect_column_values_to_not_be_null - MODELE - correctly filled rate (%) - 95.61
2019-10-09 05:52:00,240 - VO - UK - GUMTREE - 2019-10-01 00:00:00 - ERROR - STAT - expect_column_values_to_not_be_null - MOIS - correctly filled rate (%) - 100.0
2019-10-09 05:52:00,240 - VO - UK - GUMTREE - 2019-10-01 00:00:00 - ERROR - FILE_CHECK - expect_column_values_to_be_between - MOIS - Unexpected value: 0 on line 0, value should be between 1 and 12
2019-10-09 05:52:00,240 - VO - UK - GUMTREE - 2019-10-01 00:00:00 - ERROR - FILE_CHECK - expect_column_values_to_be_between - MOIS - Unexpected value: 0 on line 1, value should be between 1 and 12
2019-10-09 05:52:00,240 - VO - UK - GUMTREE - 2019-10-01 00:00:00 - ERROR - FILE_CHECK - expect_column_values_to_be_between - MOIS - Unexpected value: 0 on line 2, value should be between 1 and 12
2019-10-09 05:52:00,240 - VO - UK - GUMTREE - 2019-10-01 00:00:00 - ERROR - FILE_CHECK - expect_column_values_to_be_between - MOIS - Unexpected value: 0 on line 3, value should be between 1 and 12
2019-10-09 05:52:00,240 - VO - UK - GUMTREE - 2019-10-01 00:00:00 - ERROR - FILE_CHECK - expect_column_values_to_be_between - MOIS - Unexpected value: 0 on line 4, value should be between 1 and 12
2019-10-09 05:52:00,240 - VO - UK - GUMTREE - 2019-10-01 00:00:00 - ERROR - FILE_CHECK - expect_column_values_to_be_between - MOIS - Unexpected value: 0 on line 5, value should be between 1 and 12
2019-10-09 05:52:00,241 - VO - UK - GUMTREE - 2019-10-01 00:00:00 - ERROR - FILE_CHECK - expect_column_values_to_be_between - MOIS - Unexpected value: 0 on line 6, value should be between 1 and 12
2019-10-09 05:52:00,241 - VO - UK - GUMTREE - 2019-10-01 00:00:00 - ERROR - FILE_CHECK - expect_column_values_to_be_between - MOIS - Unexpected value: 0 on line 7, value should be between 1 and 12
2019-10-09 05:52:00,241 - VO - UK - GUMTREE - 2019-10-01 00:00:00 - ERROR - FILE_CHECK - expect_column_values_to_be_between - MOIS - Unexpected value: 0 on line 8, value should be between 1 and 12
2019-10-09 05:52:00,241 - VO - UK - GUMTREE - 2019-10-01 00:00:00 - ERROR - FILE_CHECK - expect_column_values_to_be_between - MOIS - Unexpected value: 0 on line 9, value should be between 1 and 12
2019-10-09 05:52:00,241 - VO - UK - GUMTREE - 2019-10-01 00:00:00 - ERROR - FILE_CHECK - expect_column_values_to_be_between - MOIS - Unexpected value: 0 on line 10, value should be between 1 and 12
2019-10-09 05:52:00,241 - VO - UK - GUMTREE - 2019-10-01 00:00:00 - ERROR - FILE_CHECK - expect_column_values_to_be_between - MOIS - Unexpected value: 0 on line 11, value should be between 1 and 12
2019-10-09 05:52:00,241 - VO - UK - GUMTREE - 2019-10-01 00:00:00 - ERROR - FILE_CHECK - expect_column_values_to_be_between - MOIS - Unexpected value: 0 on line 12, value should be between 1 and 12
2019-10-09 05:52:00,241 - VO - UK - GUMTREE - 2019-10-01 00:00:00 - ERROR - FILE_CHECK - expect_column_values_to_be_between - MOIS - Unexpected value: 0 on line 13, value should be between 1 and 12
2019-10-09 05:52:00,241 - VO - UK - GUMTREE - 2019-10-01 00:00:00 - ERROR - FILE_CHECK - expect_column_values_to_be_between - MOIS - Unexpected value: 0 on line 14, value should be between 1 and 12
2019-10-09 05:52:00,241 - VO - UK - GUMTREE - 2019-10-01 00:00:00 - ERROR - FILE_CHECK - expect_column_values_to_be_between - MOIS - Unexpected value: 0 on line 15, value should be between 1 and 12
2019-10-09 05:52:00,241 - VO - UK - GUMTREE - 2019-10-01 00:00:00 - ERROR - FILE_CHECK - expect_column_values_to_be_between - MOIS - Unexpected value: 0 on line 16, value should be between 1 and 12
2019-10-09 05:52:00,241 - VO - UK - GUMTREE - 2019-10-01 00:00:00 - ERROR - FILE_CHECK - expect_column_values_to_be_between - MOIS - Unexpected value: 0 on line 17, value should be between 1 and 12
2019-10-09 05:52:00,241 - VO - UK - GUMTREE - 2019-10-01 00:00:00 - ERROR - FILE_CHECK - expect_column_values_to_be_between - MOIS - Unexpected value: 0 on line 18, value should be between 1 and 12
2019-10-09 05:52:00,241 - VO - UK - GUMTREE - 2019-10-01 00:00:00 - ERROR - FILE_CHECK - expect_column_values_to_be_between - MOIS - Unexpected value: 0 on line 19, value should be between 1 and 12
2019-10-09 05:52:00,241 - VO - UK - GUMTREE - 2019-10-01 00:00:00 - ERROR - STAT - expect_column_values_to_be_between - MOIS - correctly filled rate (%) - 0.0
2019-10-09 05:52:00,241 - VO - UK - GUMTREE - 2019-10-01 00:00:00 - ERROR - STAT - expect_column_values_to_match_regex - MOIS - correctly filled rate (%) - 100.0
2019-10-09 05:52:00,241 - VO - UK - GUMTREE - 2019-10-01 00:00:00 - ERROR - STAT - expect_column_values_to_not_be_null - NOM - correctly filled rate (%) - 95.64
2019-10-09 05:52:00,241 - VO - UK - GUMTREE - 2019-10-01 00:00:00 - ERROR - FILE_CHECK - expect_column_value_lengths_to_be_between - NOM - Unexpected characters count of: [car...] on line  15, value length should be between 10 and 255
2019-10-09 05:52:00,242 - VO - UK - GUMTREE - 2019-10-01 00:00:00 - ERROR - FILE_CHECK - expect_column_value_lengths_to_be_between - NOM - Unexpected characters count of: [MG TF...] on line  130, value length should be between 10 and 255
2019-10-09 05:52:00,242 - VO - UK - GUMTREE - 2019-10-01 00:00:00 - ERROR - FILE_CHECK - expect_column_value_lengths_to_be_between - NOM - Unexpected characters count of: [Car Sale...] on line  199, value length should be between 10 and 255
2019-10-09 05:52:00,242 - VO - UK - GUMTREE - 2019-10-01 00:00:00 - ERROR - FILE_CHECK - expect_column_value_lengths_to_be_between - NOM - Unexpected characters count of: [Audi A3...] on line  397, value length should be between 10 and 255
2019-10-09 05:52:00,242 - VO - UK - GUMTREE - 2019-10-01 00:00:00 - ERROR - FILE_CHECK - expect_column_value_lengths_to_be_between - NOM - Unexpected characters count of: [Car Sale...] on line  501, value length should be between 10 and 255
2019-10-09 05:52:00,242 - VO - UK - GUMTREE - 2019-10-01 00:00:00 - ERROR - FILE_CHECK - expect_column_value_lengths_to_be_between - NOM - Unexpected characters count of: [Smart car...] on line  512, value length should be between 10 and 255
2019-10-09 05:52:00,242 - VO - UK - GUMTREE - 2019-10-01 00:00:00 - ERROR - FILE_CHECK - expect_column_value_lengths_to_be_between - NOM - Unexpected characters count of: [Jaguar Xj...] on line  735, value length should be between 10 and 255
2019-10-09 05:52:00,242 - VO - UK - GUMTREE - 2019-10-01 00:00:00 - ERROR - FILE_CHECK - expect_column_value_lengths_to_be_between - NOM - Unexpected characters count of: [Volvo C30...] on line  965, value length should be between 10 and 255
2019-10-09 05:52:00,242 - VO - UK - GUMTREE - 2019-10-01 00:00:00 - ERROR - FILE_CHECK - expect_column_value_lengths_to_be_between - NOM - Unexpected characters count of: [Bmw e39...] on line  1496, value length should be between 10 and 255
2019-10-09 05:52:00,242 - VO - UK - GUMTREE - 2019-10-01 00:00:00 - ERROR - FILE_CHECK - expect_column_value_lengths_to_be_between - NOM - Unexpected characters count of: [Audi A1...] on line  2360, value length should be between 10 and 255
2019-10-09 05:52:00,242 - VO - UK - GUMTREE - 2019-10-01 00:00:00 - ERROR - FILE_CHECK - expect_column_value_lengths_to_be_between - NOM - Unexpected characters count of: [Mercedes...] on line  2988, value length should be between 10 and 255
2019-10-09 05:52:00,242 - VO - UK - GUMTREE - 2019-10-01 00:00:00 - ERROR - FILE_CHECK - expect_column_value_lengths_to_be_between - NOM - Unexpected characters count of: [Ford Kuga...] on line  3103, value length should be between 10 and 255
2019-10-09 05:52:00,242 - VO - UK - GUMTREE - 2019-10-01 00:00:00 - ERROR - FILE_CHECK - expect_column_value_lengths_to_be_between - NOM - Unexpected characters count of: [Mr...] on line  3182, value length should be between 10 and 255
2019-10-09 05:52:00,242 - VO - UK - GUMTREE - 2019-10-01 00:00:00 - ERROR - FILE_CHECK - expect_column_value_lengths_to_be_between - NOM - Unexpected characters count of: [Bmw...] on line  4436, value length should be between 10 and 255
2019-10-09 05:52:00,242 - VO - UK - GUMTREE - 2019-10-01 00:00:00 - ERROR - FILE_CHECK - expect_column_value_lengths_to_be_between - NOM - Unexpected characters count of: [VW touran...] on line  4551, value length should be between 10 and 255
2019-10-09 05:52:00,242 - VO - UK - GUMTREE - 2019-10-01 00:00:00 - ERROR - FILE_CHECK - expect_column_value_lengths_to_be_between - NOM - Unexpected characters count of: [Car...] on line  4552, value length should be between 10 and 255
2019-10-09 05:52:00,242 - VO - UK - GUMTREE - 2019-10-01 00:00:00 - ERROR - FILE_CHECK - expect_column_value_lengths_to_be_between - NOM - Unexpected characters count of: [Trabant...] on line  5962, value length should be between 10 and 255
2019-10-09 05:52:00,242 - VO - UK - GUMTREE - 2019-10-01 00:00:00 - ERROR - FILE_CHECK - expect_column_value_lengths_to_be_between - NOM - Unexpected characters count of: [Car...] on line  6031, value length should be between 10 and 255
2019-10-09 05:52:00,242 - VO - UK - GUMTREE - 2019-10-01 00:00:00 - ERROR - FILE_CHECK - expect_column_value_lengths_to_be_between - NOM - Unexpected characters count of: [Mercedes...] on line  6656, value length should be between 10 and 255
2019-10-09 05:52:00,242 - VO - UK - GUMTREE - 2019-10-01 00:00:00 - ERROR - FILE_CHECK - expect_column_value_lengths_to_be_between - NOM - Unexpected characters count of: [BMW 123D...] on line  6665, value length should be between 10 and 255
2019-10-09 05:52:00,243 - VO - UK - GUMTREE - 2019-10-01 00:00:00 - ERROR - STAT - expect_column_value_lengths_to_be_between - NOM - correctly filled rate (%) - 98.59
2019-10-09 05:52:00,243 - VO - UK - GUMTREE - 2019-10-01 00:00:00 - ERROR - STAT - expect_column_values_to_not_be_null - OPTIONS - correctly filled rate (%) - 95.61
2019-10-09 05:52:00,243 - VO - UK - GUMTREE - 2019-10-01 00:00:00 - ERROR - FILE_CHECK - expect_column_value_lengths_to_be_between - OPTIONS - Unexpected characters count of: [Hi, Our post code is...] on line  0, value length should be between 0 and 255
2019-10-09 05:52:00,243 - VO - UK - GUMTREE - 2019-10-01 00:00:00 - ERROR - FILE_CHECK - expect_column_value_lengths_to_be_between - OPTIONS - Unexpected characters count of: [BMW 120d SE (170BHP)...] on line  2, value length should be between 0 and 255
2019-10-09 05:52:00,243 - VO - UK - GUMTREE - 2019-10-01 00:00:00 - ERROR - FILE_CHECK - expect_column_value_lengths_to_be_between - OPTIONS - Unexpected characters count of: [Mercedes Benz S clas...] on line  3, value length should be between 0 and 255
2019-10-09 05:52:00,243 - VO - UK - GUMTREE - 2019-10-01 00:00:00 - ERROR - FILE_CHECK - expect_column_value_lengths_to_be_between - OPTIONS - Unexpected characters count of: [FIAT QUBO 1.3 TD MUL...] on line  5, value length should be between 0 and 255
2019-10-09 05:52:00,243 - VO - UK - GUMTREE - 2019-10-01 00:00:00 - ERROR - FILE_CHECK - expect_column_value_lengths_to_be_between - OPTIONS - Unexpected characters count of: [*STUNNING* A VERY RE...] on line  6, value length should be between 0 and 255
2019-10-09 05:52:00,243 - VO - UK - GUMTREE - 2019-10-01 00:00:00 - ERROR - FILE_CHECK - expect_column_value_lengths_to_be_between - OPTIONS - Unexpected characters count of: [HPi clear, genuine m...] on line  7, value length should be between 0 and 255
2019-10-09 05:52:00,243 - VO - UK - GUMTREE - 2019-10-01 00:00:00 - ERROR - FILE_CHECK - expect_column_value_lengths_to_be_between - OPTIONS - Unexpected characters count of: [For sale Vauxhall As...] on line  8, value length should be between 0 and 255
2019-10-09 05:52:00,243 - VO - UK - GUMTREE - 2019-10-01 00:00:00 - ERROR - FILE_CHECK - expect_column_value_lengths_to_be_between - OPTIONS - Unexpected characters count of: [Mot 10 September , A...] on line  9, value length should be between 0 and 255
2019-10-09 05:52:00,243 - VO - UK - GUMTREE - 2019-10-01 00:00:00 - ERROR - FILE_CHECK - expect_column_value_lengths_to_be_between - OPTIONS - Unexpected characters count of: [VOLKSWAGEN POLO 1,2 ...] on line  10, value length should be between 0 and 255
2019-10-09 05:52:00,243 - VO - UK - GUMTREE - 2019-10-01 00:00:00 - ERROR - FILE_CHECK - expect_column_value_lengths_to_be_between - OPTIONS - Unexpected characters count of: [Air Conditioning,Eng...] on line  11, value length should be between 0 and 255
2019-10-09 05:52:00,243 - VO - UK - GUMTREE - 2019-10-01 00:00:00 - ERROR - FILE_CHECK - expect_column_value_lengths_to_be_between - OPTIONS - Unexpected characters count of: [DIAHATSU TERIOS 1.3 ...] on line  12, value length should be between 0 and 255
2019-10-09 05:52:00,243 - VO - UK - GUMTREE - 2019-10-01 00:00:00 - ERROR - FILE_CHECK - expect_column_value_lengths_to_be_between - OPTIONS - Unexpected characters count of: [2011 61 REG NISSAN J...] on line  13, value length should be between 0 and 255
2019-10-09 05:52:00,243 - VO - UK - GUMTREE - 2019-10-01 00:00:00 - ERROR - FILE_CHECK - expect_column_value_lengths_to_be_between - OPTIONS - Unexpected characters count of: [Hi, Our post code is...] on line  14, value length should be between 0 and 255
2019-10-09 05:52:00,243 - VO - UK - GUMTREE - 2019-10-01 00:00:00 - ERROR - FILE_CHECK - expect_column_value_lengths_to_be_between - OPTIONS - Unexpected characters count of: [Here we will have a ...] on line  15, value length should be between 0 and 255
2019-10-09 05:52:00,243 - VO - UK - GUMTREE - 2019-10-01 00:00:00 - ERROR - FILE_CHECK - expect_column_value_lengths_to_be_between - OPTIONS - Unexpected characters count of: [, Hi, Our post code ...] on line  16, value length should be between 0 and 255
2019-10-09 05:52:00,243 - VO - UK - GUMTREE - 2019-10-01 00:00:00 - ERROR - FILE_CHECK - expect_column_value_lengths_to_be_between - OPTIONS - Unexpected characters count of: [Hi welcome to my sal...] on line  17, value length should be between 0 and 255
2019-10-09 05:52:00,244 - VO - UK - GUMTREE - 2019-10-01 00:00:00 - ERROR - FILE_CHECK - expect_column_value_lengths_to_be_between - OPTIONS - Unexpected characters count of: [AUDI. A4 CONVERTIBLE...] on line  18, value length should be between 0 and 255
2019-10-09 05:52:00,244 - VO - UK - GUMTREE - 2019-10-01 00:00:00 - ERROR - FILE_CHECK - expect_column_value_lengths_to_be_between - OPTIONS - Unexpected characters count of: [PLEASE READ FULL DET...] on line  19, value length should be between 0 and 255
2019-10-09 05:52:00,244 - VO - UK - GUMTREE - 2019-10-01 00:00:00 - ERROR - FILE_CHECK - expect_column_value_lengths_to_be_between - OPTIONS - Unexpected characters count of: [, HYUNDAI I30 2.0 CR...] on line  21, value length should be between 0 and 255
2019-10-09 05:52:00,244 - VO - UK - GUMTREE - 2019-10-01 00:00:00 - ERROR - FILE_CHECK - expect_column_value_lengths_to_be_between - OPTIONS - Unexpected characters count of: [VOLKSWAGEN GOLF 1.9 ...] on line  22, value length should be between 0 and 255
2019-10-09 05:52:00,244 - VO - UK - GUMTREE - 2019-10-01 00:00:00 - ERROR - STAT - expect_column_value_lengths_to_be_between - OPTIONS - correctly filled rate (%) - 13.91
2019-10-09 05:52:00,244 - VO - UK - GUMTREE - 2019-10-01 00:00:00 - ERROR - STAT - expect_column_values_to_be_in_type_list - PHOTO - correctly filled rate (%) - 100.0
2019-10-09 05:52:00,244 - VO - UK - GUMTREE - 2019-10-01 00:00:00 - ERROR - STAT - expect_column_values_to_not_be_null - PHOTO - correctly filled rate (%) - 100.0
2019-10-09 05:52:00,244 - VO - UK - GUMTREE - 2019-10-01 00:00:00 - ERROR - STAT - expect_column_values_to_not_be_null - PLACE - correctly filled rate (%) - 0.0
2019-10-09 05:52:00,244 - VO - UK - GUMTREE - 2019-10-01 00:00:00 - ERROR - STAT - expect_column_values_to_not_be_null - PORTE - correctly filled rate (%) - 0.0
2019-10-09 05:52:00,244 - VO - UK - GUMTREE - 2019-10-01 00:00:00 - ERROR - STAT - expect_column_values_to_be_in_type_list - PRIX - correctly filled rate (%) - 100.0
2019-10-09 05:52:00,244 - VO - UK - GUMTREE - 2019-10-01 00:00:00 - ERROR - STAT - expect_column_values_to_not_be_null - PRIX - correctly filled rate (%) - 100.0
2019-10-09 05:52:00,244 - VO - UK - GUMTREE - 2019-10-01 00:00:00 - ERROR - STAT - expect_column_values_to_not_be_null - PROVINCE - correctly filled rate (%) - 95.61
2019-10-09 05:52:00,244 - VO - UK - GUMTREE - 2019-10-01 00:00:00 - ERROR - STAT - expect_column_values_to_not_be_null - SITE - correctly filled rate (%) - 100.0
2019-10-09 05:52:00,244 - VO - UK - GUMTREE - 2019-10-01 00:00:00 - ERROR - STAT - expect_column_values_to_not_be_null - TELEPHONE - correctly filled rate (%) - 22.04
2019-10-09 05:52:00,244 - VO - UK - GUMTREE - 2019-10-01 00:00:00 - ERROR - FILE_CHECK - expect_column_values_to_be_phone_number - TELEPHONE - Unexpected value: 0786317XXXX on line 0, value should match a phone number format
2019-10-09 05:52:00,244 - VO - UK - GUMTREE - 2019-10-01 00:00:00 - ERROR - FILE_CHECK - expect_column_values_to_be_phone_number - TELEPHONE - Unexpected value: 0787655XXXX on line 1, value should match a phone number format
2019-10-09 05:52:00,244 - VO - UK - GUMTREE - 2019-10-01 00:00:00 - ERROR - FILE_CHECK - expect_column_values_to_be_phone_number - TELEPHONE - Unexpected value: 0745926XXXX on line 2, value should match a phone number format
2019-10-09 05:52:00,245 - VO - UK - GUMTREE - 2019-10-01 00:00:00 - ERROR - FILE_CHECK - expect_column_values_to_be_phone_number - TELEPHONE - Unexpected value: 0796021XXXX on line 3, value should match a phone number format
2019-10-09 05:52:00,245 - VO - UK - GUMTREE - 2019-10-01 00:00:00 - ERROR - FILE_CHECK - expect_column_values_to_be_phone_number - TELEPHONE - Unexpected value: 0774848XXXX on line 4, value should match a phone number format
2019-10-09 05:52:00,245 - VO - UK - GUMTREE - 2019-10-01 00:00:00 - ERROR - FILE_CHECK - expect_column_values_to_be_phone_number - TELEPHONE - Unexpected value: 0781293XXXX on line 5, value should match a phone number format
2019-10-09 05:52:00,245 - VO - UK - GUMTREE - 2019-10-01 00:00:00 - ERROR - FILE_CHECK - expect_column_values_to_be_phone_number - TELEPHONE - Unexpected value: 0772118XXXX on line 6, value should match a phone number format
2019-10-09 05:52:00,245 - VO - UK - GUMTREE - 2019-10-01 00:00:00 - ERROR - FILE_CHECK - expect_column_values_to_be_phone_number - TELEPHONE - Unexpected value: 0773299XXXX on line 7, value should match a phone number format
2019-10-09 05:52:00,245 - VO - UK - GUMTREE - 2019-10-01 00:00:00 - ERROR - FILE_CHECK - expect_column_values_to_be_phone_number - TELEPHONE - Unexpected value: 0785782XXXX on line 8, value should match a phone number format
2019-10-09 05:52:00,245 - VO - UK - GUMTREE - 2019-10-01 00:00:00 - ERROR - FILE_CHECK - expect_column_values_to_be_phone_number - TELEPHONE - Unexpected value: 0779117XXXX on line 9, value should match a phone number format
2019-10-09 05:52:00,245 - VO - UK - GUMTREE - 2019-10-01 00:00:00 - ERROR - FILE_CHECK - expect_column_values_to_be_phone_number - TELEPHONE - Unexpected value: 0781293XXXX on line 10, value should match a phone number format
2019-10-09 05:52:00,245 - VO - UK - GUMTREE - 2019-10-01 00:00:00 - ERROR - FILE_CHECK - expect_column_values_to_be_phone_number - TELEPHONE - Unexpected value: 0779117XXXX on line 11, value should match a phone number format
2019-10-09 05:52:00,245 - VO - UK - GUMTREE - 2019-10-01 00:00:00 - ERROR - FILE_CHECK - expect_column_values_to_be_phone_number - TELEPHONE - Unexpected value: 0781293XXXX on line 12, value should match a phone number format
2019-10-09 05:52:00,245 - VO - UK - GUMTREE - 2019-10-01 00:00:00 - ERROR - FILE_CHECK - expect_column_values_to_be_phone_number - TELEPHONE - Unexpected value: 0794739XXXX on line 13, value should match a phone number format
2019-10-09 05:52:00,245 - VO - UK - GUMTREE - 2019-10-01 00:00:00 - ERROR - FILE_CHECK - expect_column_values_to_be_phone_number - TELEPHONE - Unexpected value: 0786317XXXX on line 14, value should match a phone number format
2019-10-09 05:52:00,245 - VO - UK - GUMTREE - 2019-10-01 00:00:00 - ERROR - FILE_CHECK - expect_column_values_to_be_phone_number - TELEPHONE - Unexpected value: 0774321XXXX on line 15, value should match a phone number format
2019-10-09 05:52:00,245 - VO - UK - GUMTREE - 2019-10-01 00:00:00 - ERROR - FILE_CHECK - expect_column_values_to_be_phone_number - TELEPHONE - Unexpected value: 0786317XXXX on line 16, value should match a phone number format
2019-10-09 05:52:00,245 - VO - UK - GUMTREE - 2019-10-01 00:00:00 - ERROR - FILE_CHECK - expect_column_values_to_be_phone_number - TELEPHONE - Unexpected value: 0739553XXXX on line 17, value should match a phone number format
2019-10-09 05:52:00,245 - VO - UK - GUMTREE - 2019-10-01 00:00:00 - ERROR - FILE_CHECK - expect_column_values_to_be_phone_number - TELEPHONE - Unexpected value: 0777914XXXX on line 18, value should match a phone number format
2019-10-09 05:52:00,245 - VO - UK - GUMTREE - 2019-10-01 00:00:00 - ERROR - FILE_CHECK - expect_column_values_to_be_phone_number - TELEPHONE - Unexpected value: 0781293XXXX on line 19, value should match a phone number format
2019-10-09 05:52:00,245 - VO - UK - GUMTREE - 2019-10-01 00:00:00 - ERROR - STAT - expect_column_values_to_be_phone_number - TELEPHONE - correctly filled rate (%) - 0.01
2019-10-09 05:52:00,246 - VO - UK - GUMTREE - 2019-10-01 00:00:00 - ERROR - STAT - expect_column_values_to_not_be_null - TYPE - correctly filled rate (%) - 95.62
2019-10-09 05:52:00,246 - VO - UK - GUMTREE - 2019-10-01 00:00:00 - ERROR - STAT - expect_column_values_to_be_in_set_2 - TYPE - observed proportion - 100.0
2019-10-09 05:52:00,246 - VO - UK - GUMTREE - 2019-10-01 00:00:00 - ERROR - STAT - expect_column_values_to_not_be_null - VILLE - correctly filled rate (%) - 0.0
2019-10-09 05:52:00,246 - VO - UK - GUMTREE - 2019-10-01 00:00:00 - ERROR - STAT - expect_column_values_to_not_be_null - VN_IND - correctly filled rate (%) - 0.0
2019-10-09 05:52:00,246 - VO - UK - GUMTREE - 2019-10-01 00:00:00 - ERROR - STAT - expect_returning_row_count_on_conditions - DEALER_USEDCARS - total number of row with conditions - 143977
2019-10-09 05:52:00,246 - VO - UK - GUMTREE - 2019-10-01 00:00:00 - ERROR - STAT - expect_returning_row_count_on_conditions - PRIVATE_USEDCARS - total number of row with conditions - 62032
2019-10-09 05:52:00,246 - VO - UK - GUMTREE - 2019-10-01 00:00:00 - ERROR - STAT - expect_returning_row_unique_count - MARQUE_CORRECTED - total number of unique rows - 100
2019-10-09 05:52:00,246 - VO - UK - GUMTREE - 2019-10-01 00:00:00 - ERROR - STAT - expect_returning_row_unique_count - MODELE_CORRECTED - total number of unique rows - 1471
2019-10-09 05:52:00,246 - VO - UK - GUMTREE - 2019-10-01 00:00:00 - ERROR - STAT - expect_returning_row_unique_count - CARROSSERIE - total number of unique rows - 16
2019-10-09 05:52:00,246 - VO - UK - GUMTREE - 2019-10-01 00:00:00 - ERROR - STAT - expect_returning_row_unique_count - CARBURANT - total number of unique rows - 9
2019-10-09 05:52:00,246 - VO - UK - GUMTREE - 2019-10-01 00:00:00 - ERROR - STAT - expect_column_values_to_not_be_null - CYLINDRE - correctly filled rate (%) - 94.25
2019-10-09 05:52:00,246 - VO - UK - GUMTREE - 2019-10-01 00:00:00 - ERROR - FILE_CHECK - expect_column_values_to_be_in_type_list - CYLINDRE - Wrong type for value: 2148.0 on line 0 should be in ['int']
2019-10-09 05:52:00,246 - VO - UK - GUMTREE - 2019-10-01 00:00:00 - ERROR - FILE_CHECK - expect_column_values_to_be_in_type_list - CYLINDRE - Wrong type for value: 1956.0 on line 1 should be in ['int']
2019-10-09 05:52:00,246 - VO - UK - GUMTREE - 2019-10-01 00:00:00 - ERROR - FILE_CHECK - expect_column_values_to_be_in_type_list - CYLINDRE - Wrong type for value: 1995.0 on line 2 should be in ['int']
2019-10-09 05:52:00,246 - VO - UK - GUMTREE - 2019-10-01 00:00:00 - ERROR - FILE_CHECK - expect_column_values_to_be_in_type_list - CYLINDRE - Wrong type for value: 3195.0 on line 3 should be in ['int']
2019-10-09 05:52:00,246 - VO - UK - GUMTREE - 2019-10-01 00:00:00 - ERROR - FILE_CHECK - expect_column_values_to_be_in_type_list - CYLINDRE - Wrong type for value: 2987.0 on line 4 should be in ['int']
2019-10-09 05:52:00,246 - VO - UK - GUMTREE - 2019-10-01 00:00:00 - ERROR - FILE_CHECK - expect_column_values_to_be_in_type_list - CYLINDRE - Wrong type for value: 1248.0 on line 5 should be in ['int']
2019-10-09 05:52:00,246 - VO - UK - GUMTREE - 2019-10-01 00:00:00 - ERROR - FILE_CHECK - expect_column_values_to_be_in_type_list - CYLINDRE - Wrong type for value: 1086.0 on line 6 should be in ['int']
2019-10-09 05:52:00,247 - VO - UK - GUMTREE - 2019-10-01 00:00:00 - ERROR - FILE_CHECK - expect_column_values_to_be_in_type_list - CYLINDRE - Wrong type for value: 2295.0 on line 7 should be in ['int']
2019-10-09 05:52:00,247 - VO - UK - GUMTREE - 2019-10-01 00:00:00 - ERROR - FILE_CHECK - expect_column_values_to_be_in_type_list - CYLINDRE - Wrong type for value: 1598.0 on line 8 should be in ['int']
2019-10-09 05:52:00,247 - VO - UK - GUMTREE - 2019-10-01 00:00:00 - ERROR - FILE_CHECK - expect_column_values_to_be_in_type_list - CYLINDRE - Wrong type for value: 1368.0 on line 9 should be in ['int']
2019-10-09 05:52:00,247 - VO - UK - GUMTREE - 2019-10-01 00:00:00 - ERROR - FILE_CHECK - expect_column_values_to_be_in_type_list - CYLINDRE - Wrong type for value: 1198.0 on line 10 should be in ['int']
2019-10-09 05:52:00,247 - VO - UK - GUMTREE - 2019-10-01 00:00:00 - ERROR - FILE_CHECK - expect_column_values_to_be_in_type_list - CYLINDRE - Wrong type for value: 1686.0 on line 11 should be in ['int']
2019-10-09 05:52:00,247 - VO - UK - GUMTREE - 2019-10-01 00:00:00 - ERROR - FILE_CHECK - expect_column_values_to_be_in_type_list - CYLINDRE - Wrong type for value: 1298.0 on line 12 should be in ['int']
2019-10-09 05:52:00,247 - VO - UK - GUMTREE - 2019-10-01 00:00:00 - ERROR - FILE_CHECK - expect_column_values_to_be_in_type_list - CYLINDRE - Wrong type for value: 1598.0 on line 13 should be in ['int']
2019-10-09 05:52:00,247 - VO - UK - GUMTREE - 2019-10-01 00:00:00 - ERROR - FILE_CHECK - expect_column_values_to_be_in_type_list - CYLINDRE - Wrong type for value: 2500.0 on line 14 should be in ['int']
2019-10-09 05:52:00,247 - VO - UK - GUMTREE - 2019-10-01 00:00:00 - ERROR - FILE_CHECK - expect_column_values_to_be_in_type_list - CYLINDRE - Wrong type for value: 1388.0 on line 15 should be in ['int']
2019-10-09 05:52:00,247 - VO - UK - GUMTREE - 2019-10-01 00:00:00 - ERROR - FILE_CHECK - expect_column_values_to_be_in_type_list - CYLINDRE - Wrong type for value: 998.0 on line 16 should be in ['int']
2019-10-09 05:52:00,247 - VO - UK - GUMTREE - 2019-10-01 00:00:00 - ERROR - FILE_CHECK - expect_column_values_to_be_in_type_list - CYLINDRE - Wrong type for value: 1910.0 on line 17 should be in ['int']
2019-10-09 05:52:00,247 - VO - UK - GUMTREE - 2019-10-01 00:00:00 - ERROR - FILE_CHECK - expect_column_values_to_be_in_type_list - CYLINDRE - Wrong type for value: 2496.0 on line 18 should be in ['int']
2019-10-09 05:52:00,247 - VO - UK - GUMTREE - 2019-10-01 00:00:00 - ERROR - FILE_CHECK - expect_column_values_to_be_in_type_list - CYLINDRE - Wrong type for value: 2987.0 on line 19 should be in ['int']
2019-10-09 05:52:00,247 - VO - UK - GUMTREE - 2019-10-01 00:00:00 - ERROR - STAT - expect_column_values_to_be_in_type_list - CYLINDRE - correctly filled rate (%) - 0.0
2019-10-09 05:52:00,247 - VO - UK - GUMTREE - 2019-10-01 00:00:00 - ERROR - STAT - expect_returning_row_unique_count - PROVINCE - total number of unique rows - 109
2019-10-09 05:52:00,247 - VO - UK - GUMTREE - 2019-10-01 00:00:00 - ERROR - STAT - expect_returning_row_unique_count - VILLE - total number of unique rows - 0
2019-10-09 05:52:00,247 - VO - UK - GUMTREE - 2019-10-01 00:00:00 - ERROR - STAT - expect_returning_row_unique_count - DEPARTEMENT - total number of unique rows - 0
