2019-10-16 07:44:46,961 - VO - CA - AUTO123 - 2019-10-01 00:00:00 - ERROR - FILE_VALIDATE - expect_file_to_be_validated - EVERY_COLUMNS - False - 0
2019-10-16 07:44:47,683 - VO - CA - AUTO123 - 2019-10-01 00:00:00 - ERROR - STAT - expect_column_values_to_not_be_null - ADRESSE - correctly filled rate (%) - 99.11
2019-10-16 07:44:47,683 - VO - CA - AUTO123 - 2019-10-01 00:00:00 - ERROR - FILE_VALIDATE - expect_column_values_to_not_be_null - ADRESSE - True - 1
2019-10-16 07:44:47,684 - VO - CA - AUTO123 - 2019-10-01 00:00:00 - ERROR - STAT - expect_column_values_to_be_in_type_list - ANNEE - correctly filled rate (%) - 100.0
2019-10-16 07:44:47,684 - VO - CA - AUTO123 - 2019-10-01 00:00:00 - ERROR - FILE_VALIDATE - expect_column_values_to_be_in_type_list - ANNEE - True - 1
2019-10-16 07:44:47,684 - VO - CA - AUTO123 - 2019-10-01 00:00:00 - ERROR - STAT - expect_column_values_to_be_between - ANNEE - correctly filled rate (%) - 96.31
2019-10-16 07:44:47,684 - VO - CA - AUTO123 - 2019-10-01 00:00:00 - ERROR - STAT - expect_column_values_to_be_between - ANNEE - unexpected count - 1855
2019-10-16 07:44:47,684 - VO - CA - AUTO123 - 2019-10-01 00:00:00 - ERROR - FILE_VALIDATE - expect_column_values_to_be_between - ANNEE - True - 1
2019-10-16 07:44:47,684 - VO - CA - AUTO123 - 2019-10-01 00:00:00 - ERROR - STAT - expect_column_values_to_not_be_null - ANNEE - correctly filled rate (%) - 100.0
2019-10-16 07:44:47,684 - VO - CA - AUTO123 - 2019-10-01 00:00:00 - ERROR - FILE_VALIDATE - expect_column_values_to_not_be_null - ANNEE - True - 1
2019-10-16 07:44:47,684 - VO - CA - AUTO123 - 2019-10-01 00:00:00 - ERROR - STAT - expect_column_values_to_match_regex - ANNEE - correctly filled rate (%) - 100.0
2019-10-16 07:44:47,684 - VO - CA - AUTO123 - 2019-10-01 00:00:00 - ERROR - FILE_VALIDATE - expect_column_values_to_match_regex - ANNEE - True - 1
2019-10-16 07:44:47,685 - VO - CA - AUTO123 - 2019-10-01 00:00:00 - ERROR - STAT - expect_column_values_to_not_be_null - ANNONCE_LINK - correctly filled rate (%) - 100.0
2019-10-16 07:44:47,685 - VO - CA - AUTO123 - 2019-10-01 00:00:00 - ERROR - FILE_VALIDATE - expect_column_values_to_not_be_null - ANNONCE_LINK - True - 1
2019-10-16 07:44:47,685 - VO - CA - AUTO123 - 2019-10-01 00:00:00 - ERROR - STAT - expect_column_values_to_be_unique - ANNONCE_LINK - observed proportion - 100.0
2019-10-16 07:44:47,685 - VO - CA - AUTO123 - 2019-10-01 00:00:00 - ERROR - FILE_VALIDATE - expect_column_values_to_be_unique - ANNONCE_LINK - True - 1
2019-10-16 07:44:47,685 - VO - CA - AUTO123 - 2019-10-01 00:00:00 - ERROR - STAT - expect_column_values_to_not_be_null - CARBURANT - correctly filled rate (%) - 0.07
2019-10-16 07:44:47,685 - VO - CA - AUTO123 - 2019-10-01 00:00:00 - ERROR - FILE_VALIDATE - expect_column_values_to_not_be_null - CARBURANT - False - 0
2019-10-16 07:44:47,685 - VO - CA - AUTO123 - 2019-10-01 00:00:00 - ERROR - STAT - expect_column_values_to_not_be_null - CARROSSERIE - correctly filled rate (%) - 40.03
2019-10-16 07:44:47,685 - VO - CA - AUTO123 - 2019-10-01 00:00:00 - ERROR - FILE_VALIDATE - expect_column_values_to_not_be_null - CARROSSERIE - False - 0
2019-10-16 07:44:47,686 - VO - CA - AUTO123 - 2019-10-01 00:00:00 - ERROR - STAT - expect_column_values_to_not_be_null - CP - correctly filled rate (%) - 99.11
2019-10-16 07:44:47,686 - VO - CA - AUTO123 - 2019-10-01 00:00:00 - ERROR - FILE_VALIDATE - expect_column_values_to_not_be_null - CP - True - 1
2019-10-16 07:44:47,686 - VO - CA - AUTO123 - 2019-10-01 00:00:00 - ERROR - STAT - expect_column_values_to_match_regex - CP - correctly filled rate (%) - 100.0
2019-10-16 07:44:47,686 - VO - CA - AUTO123 - 2019-10-01 00:00:00 - ERROR - FILE_VALIDATE - expect_column_values_to_match_regex - CP - True - 1
2019-10-16 07:44:47,686 - VO - CA - AUTO123 - 2019-10-01 00:00:00 - ERROR - STAT - expect_column_values_to_not_be_null - GARAGE_ID - correctly filled rate (%) - 0.0
2019-10-16 07:44:47,686 - VO - CA - AUTO123 - 2019-10-01 00:00:00 - ERROR - FILE_VALIDATE - expect_column_values_to_not_be_null - GARAGE_ID - False - 0
2019-10-16 07:44:47,686 - VO - CA - AUTO123 - 2019-10-01 00:00:00 - ERROR - STAT - expect_column_values_to_not_be_null - ID_CLIENT - correctly filled rate (%) - 100.0
2019-10-16 07:44:47,686 - VO - CA - AUTO123 - 2019-10-01 00:00:00 - ERROR - FILE_VALIDATE - expect_column_values_to_not_be_null - ID_CLIENT - True - 1
2019-10-16 07:44:47,686 - VO - CA - AUTO123 - 2019-10-01 00:00:00 - ERROR - STAT - expect_column_values_to_be_unique - ID_CLIENT - observed proportion - 100.0
2019-10-16 07:44:47,687 - VO - CA - AUTO123 - 2019-10-01 00:00:00 - ERROR - FILE_VALIDATE - expect_column_values_to_be_unique - ID_CLIENT - True - 1
2019-10-16 07:44:47,687 - VO - CA - AUTO123 - 2019-10-01 00:00:00 - ERROR - STAT - expect_returning_row_count - EVERY_COLUMNS - total number of rows - 50229
2019-10-16 07:44:47,687 - VO - CA - AUTO123 - 2019-10-01 00:00:00 - ERROR - STAT - expect_column_values_to_not_be_null - IMMAT - correctly filled rate (%) - 100.0
2019-10-16 07:44:47,687 - VO - CA - AUTO123 - 2019-10-01 00:00:00 - ERROR - FILE_VALIDATE - expect_column_values_to_not_be_null - IMMAT - True - 1
2019-10-16 07:44:47,687 - VO - CA - AUTO123 - 2019-10-01 00:00:00 - ERROR - STAT - expect_column_values_to_be_in_type_list - KM - correctly filled rate (%) - 100.0
2019-10-16 07:44:47,687 - VO - CA - AUTO123 - 2019-10-01 00:00:00 - ERROR - FILE_VALIDATE - expect_column_values_to_be_in_type_list - KM - True - 1
2019-10-16 07:44:47,687 - VO - CA - AUTO123 - 2019-10-01 00:00:00 - ERROR - STAT - expect_column_values_to_not_be_null - KM - correctly filled rate (%) - 100.0
2019-10-16 07:44:47,687 - VO - CA - AUTO123 - 2019-10-01 00:00:00 - ERROR - FILE_VALIDATE - expect_column_values_to_not_be_null - KM - True - 1
2019-10-16 07:44:47,687 - VO - CA - AUTO123 - 2019-10-01 00:00:00 - ERROR - STAT - expect_column_values_to_be_in_type_list - LITRE - correctly filled rate (%) - 100.0
2019-10-16 07:44:47,687 - VO - CA - AUTO123 - 2019-10-01 00:00:00 - ERROR - FILE_VALIDATE - expect_column_values_to_be_in_type_list - LITRE - True - 1
2019-10-16 07:44:47,688 - VO - CA - AUTO123 - 2019-10-01 00:00:00 - ERROR - STAT - expect_column_values_to_not_be_null - LITRE - correctly filled rate (%) - 100.0
2019-10-16 07:44:47,688 - VO - CA - AUTO123 - 2019-10-01 00:00:00 - ERROR - FILE_VALIDATE - expect_column_values_to_not_be_null - LITRE - True - 1
2019-10-16 07:44:47,688 - VO - CA - AUTO123 - 2019-10-01 00:00:00 - ERROR - STAT - expect_column_values_to_not_be_null - MARQUE - correctly filled rate (%) - 100.0
2019-10-16 07:44:47,688 - VO - CA - AUTO123 - 2019-10-01 00:00:00 - ERROR - FILE_VALIDATE - expect_column_values_to_not_be_null - MARQUE - True - 1
2019-10-16 07:44:47,688 - VO - CA - AUTO123 - 2019-10-01 00:00:00 - ERROR - STAT - expect_column_values_to_not_be_null - MODELE - correctly filled rate (%) - 0.0
2019-10-16 07:44:47,688 - VO - CA - AUTO123 - 2019-10-01 00:00:00 - ERROR - FILE_VALIDATE - expect_column_values_to_not_be_null - MODELE - False - 0
2019-10-16 07:44:47,688 - VO - CA - AUTO123 - 2019-10-01 00:00:00 - ERROR - STAT - expect_column_values_to_not_be_null - MOIS - correctly filled rate (%) - 100.0
2019-10-16 07:44:47,688 - VO - CA - AUTO123 - 2019-10-01 00:00:00 - ERROR - FILE_VALIDATE - expect_column_values_to_not_be_null - MOIS - True - 1
2019-10-16 07:44:47,688 - VO - CA - AUTO123 - 2019-10-01 00:00:00 - ERROR - FILE_CHECK - expect_column_values_to_be_between - MOIS - Unexpected value: 0 on line 0, value should be between 1 and 12
2019-10-16 07:44:47,689 - VO - CA - AUTO123 - 2019-10-01 00:00:00 - ERROR - FILE_CHECK - expect_column_values_to_be_between - MOIS - Unexpected value: 0 on line 1, value should be between 1 and 12
2019-10-16 07:44:47,689 - VO - CA - AUTO123 - 2019-10-01 00:00:00 - ERROR - FILE_CHECK - expect_column_values_to_be_between - MOIS - Unexpected value: 0 on line 2, value should be between 1 and 12
2019-10-16 07:44:47,689 - VO - CA - AUTO123 - 2019-10-01 00:00:00 - ERROR - FILE_CHECK - expect_column_values_to_be_between - MOIS - Unexpected value: 0 on line 3, value should be between 1 and 12
2019-10-16 07:44:47,689 - VO - CA - AUTO123 - 2019-10-01 00:00:00 - ERROR - FILE_CHECK - expect_column_values_to_be_between - MOIS - Unexpected value: 0 on line 4, value should be between 1 and 12
2019-10-16 07:44:47,689 - VO - CA - AUTO123 - 2019-10-01 00:00:00 - ERROR - FILE_CHECK - expect_column_values_to_be_between - MOIS - Unexpected value: 0 on line 5, value should be between 1 and 12
2019-10-16 07:44:47,689 - VO - CA - AUTO123 - 2019-10-01 00:00:00 - ERROR - FILE_CHECK - expect_column_values_to_be_between - MOIS - Unexpected value: 0 on line 6, value should be between 1 and 12
2019-10-16 07:44:47,689 - VO - CA - AUTO123 - 2019-10-01 00:00:00 - ERROR - FILE_CHECK - expect_column_values_to_be_between - MOIS - Unexpected value: 0 on line 7, value should be between 1 and 12
2019-10-16 07:44:47,689 - VO - CA - AUTO123 - 2019-10-01 00:00:00 - ERROR - FILE_CHECK - expect_column_values_to_be_between - MOIS - Unexpected value: 0 on line 8, value should be between 1 and 12
2019-10-16 07:44:47,689 - VO - CA - AUTO123 - 2019-10-01 00:00:00 - ERROR - FILE_CHECK - expect_column_values_to_be_between - MOIS - Unexpected value: 0 on line 9, value should be between 1 and 12
2019-10-16 07:44:47,689 - VO - CA - AUTO123 - 2019-10-01 00:00:00 - ERROR - FILE_CHECK - expect_column_values_to_be_between - MOIS - Unexpected value: 0 on line 10, value should be between 1 and 12
2019-10-16 07:44:47,690 - VO - CA - AUTO123 - 2019-10-01 00:00:00 - ERROR - FILE_CHECK - expect_column_values_to_be_between - MOIS - Unexpected value: 0 on line 11, value should be between 1 and 12
2019-10-16 07:44:47,690 - VO - CA - AUTO123 - 2019-10-01 00:00:00 - ERROR - FILE_CHECK - expect_column_values_to_be_between - MOIS - Unexpected value: 0 on line 12, value should be between 1 and 12
2019-10-16 07:44:47,690 - VO - CA - AUTO123 - 2019-10-01 00:00:00 - ERROR - FILE_CHECK - expect_column_values_to_be_between - MOIS - Unexpected value: 0 on line 13, value should be between 1 and 12
2019-10-16 07:44:47,690 - VO - CA - AUTO123 - 2019-10-01 00:00:00 - ERROR - FILE_CHECK - expect_column_values_to_be_between - MOIS - Unexpected value: 0 on line 14, value should be between 1 and 12
2019-10-16 07:44:47,690 - VO - CA - AUTO123 - 2019-10-01 00:00:00 - ERROR - FILE_CHECK - expect_column_values_to_be_between - MOIS - Unexpected value: 0 on line 15, value should be between 1 and 12
2019-10-16 07:44:47,690 - VO - CA - AUTO123 - 2019-10-01 00:00:00 - ERROR - FILE_CHECK - expect_column_values_to_be_between - MOIS - Unexpected value: 0 on line 16, value should be between 1 and 12
2019-10-16 07:44:47,690 - VO - CA - AUTO123 - 2019-10-01 00:00:00 - ERROR - FILE_CHECK - expect_column_values_to_be_between - MOIS - Unexpected value: 0 on line 17, value should be between 1 and 12
2019-10-16 07:44:47,690 - VO - CA - AUTO123 - 2019-10-01 00:00:00 - ERROR - FILE_CHECK - expect_column_values_to_be_between - MOIS - Unexpected value: 0 on line 18, value should be between 1 and 12
2019-10-16 07:44:47,691 - VO - CA - AUTO123 - 2019-10-01 00:00:00 - ERROR - FILE_CHECK - expect_column_values_to_be_between - MOIS - Unexpected value: 0 on line 19, value should be between 1 and 12
2019-10-16 07:44:47,691 - VO - CA - AUTO123 - 2019-10-01 00:00:00 - ERROR - STAT - expect_column_values_to_be_between - MOIS - correctly filled rate (%) - 0.0
2019-10-16 07:44:47,691 - VO - CA - AUTO123 - 2019-10-01 00:00:00 - ERROR - STAT - expect_column_values_to_be_between - MOIS - unexpected count - 50229
2019-10-16 07:44:47,691 - VO - CA - AUTO123 - 2019-10-01 00:00:00 - ERROR - FILE_VALIDATE - expect_column_values_to_be_between - MOIS - False - 0
2019-10-16 07:44:47,691 - VO - CA - AUTO123 - 2019-10-01 00:00:00 - ERROR - STAT - expect_column_values_to_match_regex - MOIS - correctly filled rate (%) - 100.0
2019-10-16 07:44:47,691 - VO - CA - AUTO123 - 2019-10-01 00:00:00 - ERROR - FILE_VALIDATE - expect_column_values_to_match_regex - MOIS - True - 1
2019-10-16 07:44:47,691 - VO - CA - AUTO123 - 2019-10-01 00:00:00 - ERROR - STAT - expect_column_values_to_not_be_null - NOM - correctly filled rate (%) - 100.0
2019-10-16 07:44:47,691 - VO - CA - AUTO123 - 2019-10-01 00:00:00 - ERROR - FILE_VALIDATE - expect_column_values_to_not_be_null - NOM - True - 1
2019-10-16 07:44:47,692 - VO - CA - AUTO123 - 2019-10-01 00:00:00 - ERROR - STAT - expect_column_value_lengths_to_be_between - NOM - correctly filled rate (%) - 100.0
2019-10-16 07:44:47,692 - VO - CA - AUTO123 - 2019-10-01 00:00:00 - ERROR - FILE_VALIDATE - expect_column_value_lengths_to_be_between - NOM - True - 1
2019-10-16 07:44:47,692 - VO - CA - AUTO123 - 2019-10-01 00:00:00 - ERROR - STAT - expect_column_values_to_not_be_null - OPTIONS - correctly filled rate (%) - 69.7
2019-10-16 07:44:47,692 - VO - CA - AUTO123 - 2019-10-01 00:00:00 - ERROR - FILE_VALIDATE - expect_column_values_to_not_be_null - OPTIONS - False - 0
2019-10-16 07:44:47,692 - VO - CA - AUTO123 - 2019-10-01 00:00:00 - ERROR - FILE_CHECK - expect_column_value_lengths_to_be_between - OPTIONS - Unexpected characters count of: [AM/FM Radio, CD Play...] on line  0, value length should be between 0 and 255
2019-10-16 07:44:47,692 - VO - CA - AUTO123 - 2019-10-01 00:00:00 - ERROR - FILE_CHECK - expect_column_value_lengths_to_be_between - OPTIONS - Unexpected characters count of: [AM/FM Radio, CD Play...] on line  1, value length should be between 0 and 255
2019-10-16 07:44:47,692 - VO - CA - AUTO123 - 2019-10-01 00:00:00 - ERROR - FILE_CHECK - expect_column_value_lengths_to_be_between - OPTIONS - Unexpected characters count of: [AM/FM Radio, Power W...] on line  3, value length should be between 0 and 255
2019-10-16 07:44:47,692 - VO - CA - AUTO123 - 2019-10-01 00:00:00 - ERROR - FILE_CHECK - expect_column_value_lengths_to_be_between - OPTIONS - Unexpected characters count of: [AM/FM Radio, Power W...] on line  6, value length should be between 0 and 255
2019-10-16 07:44:47,692 - VO - CA - AUTO123 - 2019-10-01 00:00:00 - ERROR - FILE_CHECK - expect_column_value_lengths_to_be_between - OPTIONS - Unexpected characters count of: [AM/FM Radio, Power W...] on line  8, value length should be between 0 and 255
2019-10-16 07:44:47,692 - VO - CA - AUTO123 - 2019-10-01 00:00:00 - ERROR - FILE_CHECK - expect_column_value_lengths_to_be_between - OPTIONS - Unexpected characters count of: [AM/FM Radio, CD Play...] on line  9, value length should be between 0 and 255
2019-10-16 07:44:47,693 - VO - CA - AUTO123 - 2019-10-01 00:00:00 - ERROR - FILE_CHECK - expect_column_value_lengths_to_be_between - OPTIONS - Unexpected characters count of: [AM/FM Radio, Power W...] on line  10, value length should be between 0 and 255
2019-10-16 07:44:47,693 - VO - CA - AUTO123 - 2019-10-01 00:00:00 - ERROR - FILE_CHECK - expect_column_value_lengths_to_be_between - OPTIONS - Unexpected characters count of: [AM/FM Radio, Power W...] on line  11, value length should be between 0 and 255
2019-10-16 07:44:47,693 - VO - CA - AUTO123 - 2019-10-01 00:00:00 - ERROR - FILE_CHECK - expect_column_value_lengths_to_be_between - OPTIONS - Unexpected characters count of: [AM/FM Radio, Power W...] on line  12, value length should be between 0 and 255
2019-10-16 07:44:47,693 - VO - CA - AUTO123 - 2019-10-01 00:00:00 - ERROR - FILE_CHECK - expect_column_value_lengths_to_be_between - OPTIONS - Unexpected characters count of: [AM/FM Radio, CD Play...] on line  28, value length should be between 0 and 255
2019-10-16 07:44:47,693 - VO - CA - AUTO123 - 2019-10-01 00:00:00 - ERROR - FILE_CHECK - expect_column_value_lengths_to_be_between - OPTIONS - Unexpected characters count of: [CD Player, Power Win...] on line  29, value length should be between 0 and 255
2019-10-16 07:44:47,693 - VO - CA - AUTO123 - 2019-10-01 00:00:00 - ERROR - FILE_CHECK - expect_column_value_lengths_to_be_between - OPTIONS - Unexpected characters count of: [Fully Equipped, AM/F...] on line  30, value length should be between 0 and 255
2019-10-16 07:44:47,693 - VO - CA - AUTO123 - 2019-10-01 00:00:00 - ERROR - FILE_CHECK - expect_column_value_lengths_to_be_between - OPTIONS - Unexpected characters count of: [AM/FM Radio, CD Play...] on line  33, value length should be between 0 and 255
2019-10-16 07:44:47,693 - VO - CA - AUTO123 - 2019-10-01 00:00:00 - ERROR - FILE_CHECK - expect_column_value_lengths_to_be_between - OPTIONS - Unexpected characters count of: [AM/FM Radio, Power W...] on line  44, value length should be between 0 and 255
2019-10-16 07:44:47,693 - VO - CA - AUTO123 - 2019-10-01 00:00:00 - ERROR - FILE_CHECK - expect_column_value_lengths_to_be_between - OPTIONS - Unexpected characters count of: [AM/FM Radio, Power W...] on line  46, value length should be between 0 and 255
2019-10-16 07:44:47,694 - VO - CA - AUTO123 - 2019-10-01 00:00:00 - ERROR - FILE_CHECK - expect_column_value_lengths_to_be_between - OPTIONS - Unexpected characters count of: [AM/FM Radio, Power W...] on line  48, value length should be between 0 and 255
2019-10-16 07:44:47,694 - VO - CA - AUTO123 - 2019-10-01 00:00:00 - ERROR - FILE_CHECK - expect_column_value_lengths_to_be_between - OPTIONS - Unexpected characters count of: [Fully Equipped, AM/F...] on line  50, value length should be between 0 and 255
2019-10-16 07:44:47,694 - VO - CA - AUTO123 - 2019-10-01 00:00:00 - ERROR - FILE_CHECK - expect_column_value_lengths_to_be_between - OPTIONS - Unexpected characters count of: [CD Player, Power Win...] on line  51, value length should be between 0 and 255
2019-10-16 07:44:47,694 - VO - CA - AUTO123 - 2019-10-01 00:00:00 - ERROR - FILE_CHECK - expect_column_value_lengths_to_be_between - OPTIONS - Unexpected characters count of: [AM/FM Radio, CD Play...] on line  52, value length should be between 0 and 255
2019-10-16 07:44:47,694 - VO - CA - AUTO123 - 2019-10-01 00:00:00 - ERROR - FILE_CHECK - expect_column_value_lengths_to_be_between - OPTIONS - Unexpected characters count of: [AM/FM Radio, Power W...] on line  54, value length should be between 0 and 255
2019-10-16 07:44:47,694 - VO - CA - AUTO123 - 2019-10-01 00:00:00 - ERROR - STAT - expect_column_value_lengths_to_be_between - OPTIONS - correctly filled rate (%) - 28.03
2019-10-16 07:44:47,694 - VO - CA - AUTO123 - 2019-10-01 00:00:00 - ERROR - FILE_VALIDATE - expect_column_value_lengths_to_be_between - OPTIONS - False - 0
2019-10-16 07:44:47,694 - VO - CA - AUTO123 - 2019-10-01 00:00:00 - ERROR - STAT - expect_column_values_to_be_in_type_list - PHOTO - correctly filled rate (%) - 100.0
2019-10-16 07:44:47,694 - VO - CA - AUTO123 - 2019-10-01 00:00:00 - ERROR - FILE_VALIDATE - expect_column_values_to_be_in_type_list - PHOTO - True - 1
2019-10-16 07:44:47,695 - VO - CA - AUTO123 - 2019-10-01 00:00:00 - ERROR - STAT - expect_column_values_to_not_be_null - PHOTO - correctly filled rate (%) - 100.0
2019-10-16 07:44:47,695 - VO - CA - AUTO123 - 2019-10-01 00:00:00 - ERROR - FILE_VALIDATE - expect_column_values_to_not_be_null - PHOTO - True - 1
2019-10-16 07:44:47,695 - VO - CA - AUTO123 - 2019-10-01 00:00:00 - ERROR - STAT - expect_column_values_to_not_be_null - PLACE - correctly filled rate (%) - 0.0
2019-10-16 07:44:47,695 - VO - CA - AUTO123 - 2019-10-01 00:00:00 - ERROR - FILE_VALIDATE - expect_column_values_to_not_be_null - PLACE - False - 0
2019-10-16 07:44:47,695 - VO - CA - AUTO123 - 2019-10-01 00:00:00 - ERROR - STAT - expect_column_values_to_not_be_null - PORTE - correctly filled rate (%) - 88.9
2019-10-16 07:44:47,695 - VO - CA - AUTO123 - 2019-10-01 00:00:00 - ERROR - FILE_VALIDATE - expect_column_values_to_not_be_null - PORTE - False - 0
2019-10-16 07:44:47,695 - VO - CA - AUTO123 - 2019-10-01 00:00:00 - ERROR - STAT - expect_column_values_to_be_in_type_list - PORTE - correctly filled rate (%) - 100.0
2019-10-16 07:44:47,696 - VO - CA - AUTO123 - 2019-10-01 00:00:00 - ERROR - FILE_VALIDATE - expect_column_values_to_be_in_type_list - PORTE - True - 1
2019-10-16 07:44:47,696 - VO - CA - AUTO123 - 2019-10-01 00:00:00 - ERROR - STAT - expect_column_values_to_be_in_type_list - PRIX - correctly filled rate (%) - 100.0
2019-10-16 07:44:47,696 - VO - CA - AUTO123 - 2019-10-01 00:00:00 - ERROR - FILE_VALIDATE - expect_column_values_to_be_in_type_list - PRIX - True - 1
2019-10-16 07:44:47,696 - VO - CA - AUTO123 - 2019-10-01 00:00:00 - ERROR - STAT - expect_column_values_to_not_be_null - PRIX - correctly filled rate (%) - 100.0
2019-10-16 07:44:47,696 - VO - CA - AUTO123 - 2019-10-01 00:00:00 - ERROR - FILE_VALIDATE - expect_column_values_to_not_be_null - PRIX - True - 1
2019-10-16 07:44:47,696 - VO - CA - AUTO123 - 2019-10-01 00:00:00 - ERROR - STAT - expect_column_values_to_not_be_null - PROVINCE - correctly filled rate (%) - 100.0
2019-10-16 07:44:47,696 - VO - CA - AUTO123 - 2019-10-01 00:00:00 - ERROR - FILE_VALIDATE - expect_column_values_to_not_be_null - PROVINCE - True - 1
2019-10-16 07:44:47,696 - VO - CA - AUTO123 - 2019-10-01 00:00:00 - ERROR - STAT - expect_column_values_to_not_be_null - SITE - correctly filled rate (%) - 100.0
2019-10-16 07:44:47,696 - VO - CA - AUTO123 - 2019-10-01 00:00:00 - ERROR - FILE_VALIDATE - expect_column_values_to_not_be_null - SITE - True - 1
2019-10-16 07:44:47,697 - VO - CA - AUTO123 - 2019-10-01 00:00:00 - ERROR - STAT - expect_column_values_to_not_be_null - TELEPHONE - correctly filled rate (%) - 99.69
2019-10-16 07:44:47,697 - VO - CA - AUTO123 - 2019-10-01 00:00:00 - ERROR - FILE_VALIDATE - expect_column_values_to_not_be_null - TELEPHONE - True - 1
2019-10-16 07:44:47,697 - VO - CA - AUTO123 - 2019-10-01 00:00:00 - ERROR - STAT - expect_column_values_to_be_phone_number - TELEPHONE - correctly filled rate (%) - 100.0
2019-10-16 07:44:47,697 - VO - CA - AUTO123 - 2019-10-01 00:00:00 - ERROR - FILE_VALIDATE - expect_column_values_to_be_phone_number - TELEPHONE - True - 1
2019-10-16 07:44:47,697 - VO - CA - AUTO123 - 2019-10-01 00:00:00 - ERROR - STAT - expect_column_values_to_not_be_null - TYPE - correctly filled rate (%) - 100.0
2019-10-16 07:44:47,697 - VO - CA - AUTO123 - 2019-10-01 00:00:00 - ERROR - FILE_VALIDATE - expect_column_values_to_not_be_null - TYPE - True - 1
2019-10-16 07:44:47,697 - VO - CA - AUTO123 - 2019-10-01 00:00:00 - ERROR - STAT - expect_column_values_to_be_in_set_2 - TYPE - observed proportion - 100.0
2019-10-16 07:44:47,697 - VO - CA - AUTO123 - 2019-10-01 00:00:00 - ERROR - STAT - expect_column_values_to_not_be_null - VILLE - correctly filled rate (%) - 100.0
2019-10-16 07:44:47,697 - VO - CA - AUTO123 - 2019-10-01 00:00:00 - ERROR - FILE_VALIDATE - expect_column_values_to_not_be_null - VILLE - True - 1
2019-10-16 07:44:47,698 - VO - CA - AUTO123 - 2019-10-01 00:00:00 - ERROR - STAT - expect_column_values_to_not_be_null - VN_IND - correctly filled rate (%) - 100.0
2019-10-16 07:44:47,698 - VO - CA - AUTO123 - 2019-10-01 00:00:00 - ERROR - FILE_VALIDATE - expect_column_values_to_not_be_null - VN_IND - True - 1
2019-10-16 07:44:47,698 - VO - CA - AUTO123 - 2019-10-01 00:00:00 - ERROR - STAT - expect_column_values_to_be_in_set - VN_IND - correctly filled rate (%) - 100.0
2019-10-16 07:44:47,698 - VO - CA - AUTO123 - 2019-10-01 00:00:00 - ERROR - FILE_VALIDATE - expect_column_values_to_be_in_set - VN_IND - True - 1
2019-10-16 07:44:47,698 - VO - CA - AUTO123 - 2019-10-01 00:00:00 - ERROR - STAT - expect_returning_row_unique_count - MARQUE_CORRECTED - total number of unique rows - 55
2019-10-16 07:44:47,698 - VO - CA - AUTO123 - 2019-10-01 00:00:00 - ERROR - STAT - expect_returning_row_unique_count - MODELE_CORRECTED - total number of unique rows - 502
2019-10-16 07:44:47,698 - VO - CA - AUTO123 - 2019-10-01 00:00:00 - ERROR - STAT - expect_returning_row_unique_count - CARROSSERIE - total number of unique rows - 22
2019-10-16 07:44:47,698 - VO - CA - AUTO123 - 2019-10-01 00:00:00 - ERROR - STAT - expect_returning_row_unique_count - CARBURANT - total number of unique rows - 1
2019-10-16 07:44:47,698 - VO - CA - AUTO123 - 2019-10-01 00:00:00 - ERROR - STAT - expect_column_values_to_not_be_null - CYLINDRE - correctly filled rate (%) - 0.0
2019-10-16 07:44:47,698 - VO - CA - AUTO123 - 2019-10-01 00:00:00 - ERROR - FILE_VALIDATE - expect_column_values_to_not_be_null - CYLINDRE - False - 0
2019-10-16 07:44:47,699 - VO - CA - AUTO123 - 2019-10-01 00:00:00 - ERROR - STAT - expect_returning_row_unique_count - PROVINCE - total number of unique rows - 12
2019-10-16 07:44:47,699 - VO - CA - AUTO123 - 2019-10-01 00:00:00 - ERROR - STAT - expect_returning_row_unique_count - VILLE - total number of unique rows - 368
2019-10-16 07:44:47,699 - VO - CA - AUTO123 - 2019-10-01 00:00:00 - ERROR - STAT - expect_returning_row_unique_count - DEPARTEMENT - total number of unique rows - 0
2019-10-16 07:44:47,699 - VO - CA - AUTO123 - 2019-10-01 00:00:00 - ERROR - STAT - expect_returning_row_count_on_conditions - DEALER_USEDCARS - total number of row with conditions - 50180
2019-10-16 07:44:47,699 - VO - CA - AUTO123 - 2019-10-01 00:00:00 - ERROR - STAT - expect_returning_row_count_on_conditions - PRIVATE_USEDCARS - total number of row with conditions - 49
