2019-10-03 10:39:20,726 - VO - BR - MEUCARRONOVO - 2019-10-01 00:00:00 - ERROR - STAT - expect_column_values_to_not_be_null - ADRESSE - correctly filled rate (%) - 98.09
2019-10-03 10:39:20,726 - VO - BR - MEUCARRONOVO - 2019-10-01 00:00:00 - ERROR - STAT - expect_column_values_to_be_in_type_list - ANNEE - correctly filled rate (%) - 100.0
2019-10-03 10:39:20,726 - VO - BR - MEUCARRONOVO - 2019-10-01 00:00:00 - ERROR - STAT - expect_column_values_to_be_between - ANNEE - correctly filled rate (%) - 97.92
2019-10-03 10:39:20,726 - VO - BR - MEUCARRONOVO - 2019-10-01 00:00:00 - ERROR - STAT - expect_column_values_to_not_be_null - ANNEE - correctly filled rate (%) - 100.0
2019-10-03 10:39:20,726 - VO - BR - MEUCARRONOVO - 2019-10-01 00:00:00 - ERROR - FILE_CHECK - expect_column_values_to_match_regex - ANNEE - Unexpected value: 0 on line 772, value should match regexp ^[0-9]{4}$
2019-10-03 10:39:20,726 - VO - BR - MEUCARRONOVO - 2019-10-01 00:00:00 - ERROR - FILE_CHECK - expect_column_values_to_match_regex - ANNEE - Unexpected value: 0 on line 5700, value should match regexp ^[0-9]{4}$
2019-10-03 10:39:20,726 - VO - BR - MEUCARRONOVO - 2019-10-01 00:00:00 - ERROR - FILE_CHECK - expect_column_values_to_match_regex - ANNEE - Unexpected value: 0 on line 7240, value should match regexp ^[0-9]{4}$
2019-10-03 10:39:20,726 - VO - BR - MEUCARRONOVO - 2019-10-01 00:00:00 - ERROR - FILE_CHECK - expect_column_values_to_match_regex - ANNEE - Unexpected value: 0 on line 10143, value should match regexp ^[0-9]{4}$
2019-10-03 10:39:20,726 - VO - BR - MEUCARRONOVO - 2019-10-01 00:00:00 - ERROR - FILE_CHECK - expect_column_values_to_match_regex - ANNEE - Unexpected value: 0 on line 10301, value should match regexp ^[0-9]{4}$
2019-10-03 10:39:20,727 - VO - BR - MEUCARRONOVO - 2019-10-01 00:00:00 - ERROR - FILE_CHECK - expect_column_values_to_match_regex - ANNEE - Unexpected value: 0 on line 10420, value should match regexp ^[0-9]{4}$
2019-10-03 10:39:20,727 - VO - BR - MEUCARRONOVO - 2019-10-01 00:00:00 - ERROR - FILE_CHECK - expect_column_values_to_match_regex - ANNEE - Unexpected value: 0 on line 10445, value should match regexp ^[0-9]{4}$
2019-10-03 10:39:20,727 - VO - BR - MEUCARRONOVO - 2019-10-01 00:00:00 - ERROR - FILE_CHECK - expect_column_values_to_match_regex - ANNEE - Unexpected value: 0 on line 10446, value should match regexp ^[0-9]{4}$
2019-10-03 10:39:20,727 - VO - BR - MEUCARRONOVO - 2019-10-01 00:00:00 - ERROR - FILE_CHECK - expect_column_values_to_match_regex - ANNEE - Unexpected value: 0 on line 10457, value should match regexp ^[0-9]{4}$
2019-10-03 10:39:20,727 - VO - BR - MEUCARRONOVO - 2019-10-01 00:00:00 - ERROR - FILE_CHECK - expect_column_values_to_match_regex - ANNEE - Unexpected value: 0 on line 10458, value should match regexp ^[0-9]{4}$
2019-10-03 10:39:20,727 - VO - BR - MEUCARRONOVO - 2019-10-01 00:00:00 - ERROR - FILE_CHECK - expect_column_values_to_match_regex - ANNEE - Unexpected value: 0 on line 10529, value should match regexp ^[0-9]{4}$
2019-10-03 10:39:20,727 - VO - BR - MEUCARRONOVO - 2019-10-01 00:00:00 - ERROR - FILE_CHECK - expect_column_values_to_match_regex - ANNEE - Unexpected value: 0 on line 10559, value should match regexp ^[0-9]{4}$
2019-10-03 10:39:20,727 - VO - BR - MEUCARRONOVO - 2019-10-01 00:00:00 - ERROR - FILE_CHECK - expect_column_values_to_match_regex - ANNEE - Unexpected value: 0 on line 10562, value should match regexp ^[0-9]{4}$
2019-10-03 10:39:20,727 - VO - BR - MEUCARRONOVO - 2019-10-01 00:00:00 - ERROR - FILE_CHECK - expect_column_values_to_match_regex - ANNEE - Unexpected value: 0 on line 10563, value should match regexp ^[0-9]{4}$
2019-10-03 10:39:20,727 - VO - BR - MEUCARRONOVO - 2019-10-01 00:00:00 - ERROR - FILE_CHECK - expect_column_values_to_match_regex - ANNEE - Unexpected value: 0 on line 10564, value should match regexp ^[0-9]{4}$
2019-10-03 10:39:20,727 - VO - BR - MEUCARRONOVO - 2019-10-01 00:00:00 - ERROR - FILE_CHECK - expect_column_values_to_match_regex - ANNEE - Unexpected value: 0 on line 10577, value should match regexp ^[0-9]{4}$
2019-10-03 10:39:20,727 - VO - BR - MEUCARRONOVO - 2019-10-01 00:00:00 - ERROR - FILE_CHECK - expect_column_values_to_match_regex - ANNEE - Unexpected value: 0 on line 10609, value should match regexp ^[0-9]{4}$
2019-10-03 10:39:20,727 - VO - BR - MEUCARRONOVO - 2019-10-01 00:00:00 - ERROR - FILE_CHECK - expect_column_values_to_match_regex - ANNEE - Unexpected value: 0 on line 10665, value should match regexp ^[0-9]{4}$
2019-10-03 10:39:20,727 - VO - BR - MEUCARRONOVO - 2019-10-01 00:00:00 - ERROR - FILE_CHECK - expect_column_values_to_match_regex - ANNEE - Unexpected value: 0 on line 10666, value should match regexp ^[0-9]{4}$
2019-10-03 10:39:20,727 - VO - BR - MEUCARRONOVO - 2019-10-01 00:00:00 - ERROR - FILE_CHECK - expect_column_values_to_match_regex - ANNEE - Unexpected value: 0 on line 10667, value should match regexp ^[0-9]{4}$
2019-10-03 10:39:20,727 - VO - BR - MEUCARRONOVO - 2019-10-01 00:00:00 - ERROR - STAT - expect_column_values_to_match_regex - ANNEE - correctly filled rate (%) - 98.09
2019-10-03 10:39:20,728 - VO - BR - MEUCARRONOVO - 2019-10-01 00:00:00 - ERROR - STAT - expect_column_values_to_not_be_null - ANNONCE_LINK - correctly filled rate (%) - 100.0
2019-10-03 10:39:20,728 - VO - BR - MEUCARRONOVO - 2019-10-01 00:00:00 - ERROR - STAT - expect_column_values_to_be_unique - ANNONCE_LINK - observed proportion - 100.0
2019-10-03 10:39:20,728 - VO - BR - MEUCARRONOVO - 2019-10-01 00:00:00 - ERROR - STAT - expect_column_values_to_not_be_null - CARBURANT - correctly filled rate (%) - 98.09
2019-10-03 10:39:20,728 - VO - BR - MEUCARRONOVO - 2019-10-01 00:00:00 - ERROR - STAT - expect_column_values_to_not_be_null - CARROSSERIE - correctly filled rate (%) - 0.0
2019-10-03 10:39:20,728 - VO - BR - MEUCARRONOVO - 2019-10-01 00:00:00 - ERROR - STAT - expect_column_values_to_not_be_null - CP - correctly filled rate (%) - 0.0
2019-10-03 10:39:20,728 - VO - BR - MEUCARRONOVO - 2019-10-01 00:00:00 - ERROR - STAT - expect_column_values_to_not_be_null - GARAGE_ID - correctly filled rate (%) - 97.95
2019-10-03 10:39:20,728 - VO - BR - MEUCARRONOVO - 2019-10-01 00:00:00 - ERROR - STAT - expect_column_values_to_not_be_null - ID_CLIENT - correctly filled rate (%) - 100.0
2019-10-03 10:39:20,728 - VO - BR - MEUCARRONOVO - 2019-10-01 00:00:00 - ERROR - STAT - expect_column_values_to_be_unique - ID_CLIENT - observed proportion - 100.0
2019-10-03 10:39:20,728 - VO - BR - MEUCARRONOVO - 2019-10-01 00:00:00 - ERROR - STAT - expect_returning_row_count - EVERY_COLUMNS - total number of rows - 147629
2019-10-03 10:39:20,728 - VO - BR - MEUCARRONOVO - 2019-10-01 00:00:00 - ERROR - STAT - expect_column_values_to_not_be_null - IMMAT - correctly filled rate (%) - 100.0
2019-10-03 10:39:20,728 - VO - BR - MEUCARRONOVO - 2019-10-01 00:00:00 - ERROR - STAT - expect_column_values_to_be_in_type_list - KM - correctly filled rate (%) - 100.0
2019-10-03 10:39:20,728 - VO - BR - MEUCARRONOVO - 2019-10-01 00:00:00 - ERROR - STAT - expect_column_values_to_not_be_null - KM - correctly filled rate (%) - 100.0
2019-10-03 10:39:20,728 - VO - BR - MEUCARRONOVO - 2019-10-01 00:00:00 - ERROR - STAT - expect_column_values_to_be_in_type_list - LITRE - correctly filled rate (%) - 100.0
2019-10-03 10:39:20,728 - VO - BR - MEUCARRONOVO - 2019-10-01 00:00:00 - ERROR - STAT - expect_column_values_to_not_be_null - LITRE - correctly filled rate (%) - 100.0
2019-10-03 10:39:20,728 - VO - BR - MEUCARRONOVO - 2019-10-01 00:00:00 - ERROR - STAT - expect_column_values_to_not_be_null - MARQUE - correctly filled rate (%) - 98.09
2019-10-03 10:39:20,728 - VO - BR - MEUCARRONOVO - 2019-10-01 00:00:00 - ERROR - STAT - expect_column_values_to_not_be_null - MODELE - correctly filled rate (%) - 98.09
2019-10-03 10:39:20,729 - VO - BR - MEUCARRONOVO - 2019-10-01 00:00:00 - ERROR - STAT - expect_column_values_to_not_be_null - MOIS - correctly filled rate (%) - 100.0
2019-10-03 10:39:20,729 - VO - BR - MEUCARRONOVO - 2019-10-01 00:00:00 - ERROR - FILE_CHECK - expect_column_values_to_be_between - MOIS - Unexpected value: 0 on line 0, value should be between 1 and 12
2019-10-03 10:39:20,729 - VO - BR - MEUCARRONOVO - 2019-10-01 00:00:00 - ERROR - FILE_CHECK - expect_column_values_to_be_between - MOIS - Unexpected value: 0 on line 1, value should be between 1 and 12
2019-10-03 10:39:20,729 - VO - BR - MEUCARRONOVO - 2019-10-01 00:00:00 - ERROR - FILE_CHECK - expect_column_values_to_be_between - MOIS - Unexpected value: 0 on line 2, value should be between 1 and 12
2019-10-03 10:39:20,729 - VO - BR - MEUCARRONOVO - 2019-10-01 00:00:00 - ERROR - FILE_CHECK - expect_column_values_to_be_between - MOIS - Unexpected value: 0 on line 3, value should be between 1 and 12
2019-10-03 10:39:20,729 - VO - BR - MEUCARRONOVO - 2019-10-01 00:00:00 - ERROR - FILE_CHECK - expect_column_values_to_be_between - MOIS - Unexpected value: 0 on line 4, value should be between 1 and 12
2019-10-03 10:39:20,729 - VO - BR - MEUCARRONOVO - 2019-10-01 00:00:00 - ERROR - FILE_CHECK - expect_column_values_to_be_between - MOIS - Unexpected value: 0 on line 5, value should be between 1 and 12
2019-10-03 10:39:20,729 - VO - BR - MEUCARRONOVO - 2019-10-01 00:00:00 - ERROR - FILE_CHECK - expect_column_values_to_be_between - MOIS - Unexpected value: 0 on line 6, value should be between 1 and 12
2019-10-03 10:39:20,729 - VO - BR - MEUCARRONOVO - 2019-10-01 00:00:00 - ERROR - FILE_CHECK - expect_column_values_to_be_between - MOIS - Unexpected value: 0 on line 7, value should be between 1 and 12
2019-10-03 10:39:20,729 - VO - BR - MEUCARRONOVO - 2019-10-01 00:00:00 - ERROR - FILE_CHECK - expect_column_values_to_be_between - MOIS - Unexpected value: 0 on line 8, value should be between 1 and 12
2019-10-03 10:39:20,729 - VO - BR - MEUCARRONOVO - 2019-10-01 00:00:00 - ERROR - FILE_CHECK - expect_column_values_to_be_between - MOIS - Unexpected value: 0 on line 9, value should be between 1 and 12
2019-10-03 10:39:20,729 - VO - BR - MEUCARRONOVO - 2019-10-01 00:00:00 - ERROR - FILE_CHECK - expect_column_values_to_be_between - MOIS - Unexpected value: 0 on line 10, value should be between 1 and 12
2019-10-03 10:39:20,729 - VO - BR - MEUCARRONOVO - 2019-10-01 00:00:00 - ERROR - FILE_CHECK - expect_column_values_to_be_between - MOIS - Unexpected value: 0 on line 11, value should be between 1 and 12
2019-10-03 10:39:20,729 - VO - BR - MEUCARRONOVO - 2019-10-01 00:00:00 - ERROR - FILE_CHECK - expect_column_values_to_be_between - MOIS - Unexpected value: 0 on line 12, value should be between 1 and 12
2019-10-03 10:39:20,729 - VO - BR - MEUCARRONOVO - 2019-10-01 00:00:00 - ERROR - FILE_CHECK - expect_column_values_to_be_between - MOIS - Unexpected value: 0 on line 13, value should be between 1 and 12
2019-10-03 10:39:20,729 - VO - BR - MEUCARRONOVO - 2019-10-01 00:00:00 - ERROR - FILE_CHECK - expect_column_values_to_be_between - MOIS - Unexpected value: 0 on line 14, value should be between 1 and 12
2019-10-03 10:39:20,729 - VO - BR - MEUCARRONOVO - 2019-10-01 00:00:00 - ERROR - FILE_CHECK - expect_column_values_to_be_between - MOIS - Unexpected value: 0 on line 15, value should be between 1 and 12
2019-10-03 10:39:20,729 - VO - BR - MEUCARRONOVO - 2019-10-01 00:00:00 - ERROR - FILE_CHECK - expect_column_values_to_be_between - MOIS - Unexpected value: 0 on line 16, value should be between 1 and 12
2019-10-03 10:39:20,730 - VO - BR - MEUCARRONOVO - 2019-10-01 00:00:00 - ERROR - FILE_CHECK - expect_column_values_to_be_between - MOIS - Unexpected value: 0 on line 17, value should be between 1 and 12
2019-10-03 10:39:20,730 - VO - BR - MEUCARRONOVO - 2019-10-01 00:00:00 - ERROR - FILE_CHECK - expect_column_values_to_be_between - MOIS - Unexpected value: 0 on line 18, value should be between 1 and 12
2019-10-03 10:39:20,730 - VO - BR - MEUCARRONOVO - 2019-10-01 00:00:00 - ERROR - FILE_CHECK - expect_column_values_to_be_between - MOIS - Unexpected value: 0 on line 19, value should be between 1 and 12
2019-10-03 10:39:20,730 - VO - BR - MEUCARRONOVO - 2019-10-01 00:00:00 - ERROR - STAT - expect_column_values_to_be_between - MOIS - correctly filled rate (%) - 0.0
2019-10-03 10:39:20,730 - VO - BR - MEUCARRONOVO - 2019-10-01 00:00:00 - ERROR - STAT - expect_column_values_to_match_regex - MOIS - correctly filled rate (%) - 100.0
2019-10-03 10:39:20,730 - VO - BR - MEUCARRONOVO - 2019-10-01 00:00:00 - ERROR - STAT - expect_column_values_to_not_be_null - NOM - correctly filled rate (%) - 98.09
2019-10-03 10:39:20,730 - VO - BR - MEUCARRONOVO - 2019-10-01 00:00:00 - ERROR - STAT - expect_column_value_lengths_to_be_between - NOM - correctly filled rate (%) - 100.0
2019-10-03 10:39:20,730 - VO - BR - MEUCARRONOVO - 2019-10-01 00:00:00 - ERROR - STAT - expect_column_values_to_not_be_null - OPTIONS - correctly filled rate (%) - 96.3
2019-10-03 10:39:20,730 - VO - BR - MEUCARRONOVO - 2019-10-01 00:00:00 - ERROR - FILE_CHECK - expect_column_value_lengths_to_be_between - OPTIONS - Unexpected characters count of: [Air bag duplo, Alarm...] on line  10, value length should be between 0 and 255
2019-10-03 10:39:20,730 - VO - BR - MEUCARRONOVO - 2019-10-01 00:00:00 - ERROR - FILE_CHECK - expect_column_value_lengths_to_be_between - OPTIONS - Unexpected characters count of: [Air bag duplo, Alarm...] on line  11, value length should be between 0 and 255
2019-10-03 10:39:20,730 - VO - BR - MEUCARRONOVO - 2019-10-01 00:00:00 - ERROR - FILE_CHECK - expect_column_value_lengths_to_be_between - OPTIONS - Unexpected characters count of: [4x4, Air bag duplo, ...] on line  12, value length should be between 0 and 255
2019-10-03 10:39:20,730 - VO - BR - MEUCARRONOVO - 2019-10-01 00:00:00 - ERROR - FILE_CHECK - expect_column_value_lengths_to_be_between - OPTIONS - Unexpected characters count of: [4x4, Air bag duplo, ...] on line  31, value length should be between 0 and 255
2019-10-03 10:39:20,730 - VO - BR - MEUCARRONOVO - 2019-10-01 00:00:00 - ERROR - FILE_CHECK - expect_column_value_lengths_to_be_between - OPTIONS - Unexpected characters count of: [4x4, Air bag duplo, ...] on line  32, value length should be between 0 and 255
2019-10-03 10:39:20,730 - VO - BR - MEUCARRONOVO - 2019-10-01 00:00:00 - ERROR - FILE_CHECK - expect_column_value_lengths_to_be_between - OPTIONS - Unexpected characters count of: [Air bag duplo, Alarm...] on line  34, value length should be between 0 and 255
2019-10-03 10:39:20,730 - VO - BR - MEUCARRONOVO - 2019-10-01 00:00:00 - ERROR - FILE_CHECK - expect_column_value_lengths_to_be_between - OPTIONS - Unexpected characters count of: [4x4, Air bag, Alarme...] on line  58, value length should be between 0 and 255
2019-10-03 10:39:20,730 - VO - BR - MEUCARRONOVO - 2019-10-01 00:00:00 - ERROR - FILE_CHECK - expect_column_value_lengths_to_be_between - OPTIONS - Unexpected characters count of: [Air bag, Alarme, Ar ...] on line  63, value length should be between 0 and 255
2019-10-03 10:39:20,730 - VO - BR - MEUCARRONOVO - 2019-10-01 00:00:00 - ERROR - FILE_CHECK - expect_column_value_lengths_to_be_between - OPTIONS - Unexpected characters count of: [Air bag duplo, Air b...] on line  67, value length should be between 0 and 255
2019-10-03 10:39:20,731 - VO - BR - MEUCARRONOVO - 2019-10-01 00:00:00 - ERROR - FILE_CHECK - expect_column_value_lengths_to_be_between - OPTIONS - Unexpected characters count of: [Air bag duplo, Air b...] on line  69, value length should be between 0 and 255
2019-10-03 10:39:20,731 - VO - BR - MEUCARRONOVO - 2019-10-01 00:00:00 - ERROR - FILE_CHECK - expect_column_value_lengths_to_be_between - OPTIONS - Unexpected characters count of: [Air bag duplo, Air b...] on line  72, value length should be between 0 and 255
2019-10-03 10:39:20,731 - VO - BR - MEUCARRONOVO - 2019-10-01 00:00:00 - ERROR - FILE_CHECK - expect_column_value_lengths_to_be_between - OPTIONS - Unexpected characters count of: [Air bag duplo, Ar co...] on line  95, value length should be between 0 and 255
2019-10-03 10:39:20,731 - VO - BR - MEUCARRONOVO - 2019-10-01 00:00:00 - ERROR - FILE_CHECK - expect_column_value_lengths_to_be_between - OPTIONS - Unexpected characters count of: [Air bag duplo, Air b...] on line  99, value length should be between 0 and 255
2019-10-03 10:39:20,731 - VO - BR - MEUCARRONOVO - 2019-10-01 00:00:00 - ERROR - FILE_CHECK - expect_column_value_lengths_to_be_between - OPTIONS - Unexpected characters count of: [4x4, Air bag duplo, ...] on line  103, value length should be between 0 and 255
2019-10-03 10:39:20,731 - VO - BR - MEUCARRONOVO - 2019-10-01 00:00:00 - ERROR - FILE_CHECK - expect_column_value_lengths_to_be_between - OPTIONS - Unexpected characters count of: [Air bag duplo, Air b...] on line  104, value length should be between 0 and 255
2019-10-03 10:39:20,731 - VO - BR - MEUCARRONOVO - 2019-10-01 00:00:00 - ERROR - FILE_CHECK - expect_column_value_lengths_to_be_between - OPTIONS - Unexpected characters count of: [Air bag duplo, Air b...] on line  130, value length should be between 0 and 255
2019-10-03 10:39:20,731 - VO - BR - MEUCARRONOVO - 2019-10-01 00:00:00 - ERROR - FILE_CHECK - expect_column_value_lengths_to_be_between - OPTIONS - Unexpected characters count of: [Air bag, Alarme, Ar ...] on line  134, value length should be between 0 and 255
2019-10-03 10:39:20,731 - VO - BR - MEUCARRONOVO - 2019-10-01 00:00:00 - ERROR - FILE_CHECK - expect_column_value_lengths_to_be_between - OPTIONS - Unexpected characters count of: [Air bag duplo, Air b...] on line  140, value length should be between 0 and 255
2019-10-03 10:39:20,731 - VO - BR - MEUCARRONOVO - 2019-10-01 00:00:00 - ERROR - FILE_CHECK - expect_column_value_lengths_to_be_between - OPTIONS - Unexpected characters count of: [Air bag duplo, Air b...] on line  142, value length should be between 0 and 255
2019-10-03 10:39:20,731 - VO - BR - MEUCARRONOVO - 2019-10-01 00:00:00 - ERROR - FILE_CHECK - expect_column_value_lengths_to_be_between - OPTIONS - Unexpected characters count of: [Air bag, Alarme, Ar ...] on line  174, value length should be between 0 and 255
2019-10-03 10:39:20,731 - VO - BR - MEUCARRONOVO - 2019-10-01 00:00:00 - ERROR - STAT - expect_column_value_lengths_to_be_between - OPTIONS - correctly filled rate (%) - 71.19
2019-10-03 10:39:20,731 - VO - BR - MEUCARRONOVO - 2019-10-01 00:00:00 - ERROR - STAT - expect_column_values_to_be_in_type_list - PHOTO - correctly filled rate (%) - 100.0
2019-10-03 10:39:20,731 - VO - BR - MEUCARRONOVO - 2019-10-01 00:00:00 - ERROR - STAT - expect_column_values_to_not_be_null - PHOTO - correctly filled rate (%) - 100.0
2019-10-03 10:39:20,731 - VO - BR - MEUCARRONOVO - 2019-10-01 00:00:00 - ERROR - STAT - expect_column_values_to_be_in_type_list - PLACE - correctly filled rate (%) - 100.0
2019-10-03 10:39:20,731 - VO - BR - MEUCARRONOVO - 2019-10-01 00:00:00 - ERROR - STAT - expect_column_values_to_not_be_null - PLACE - correctly filled rate (%) - 100.0
2019-10-03 10:39:20,731 - VO - BR - MEUCARRONOVO - 2019-10-01 00:00:00 - ERROR - STAT - expect_column_values_to_not_be_null - PORTE - correctly filled rate (%) - 97.74
2019-10-03 10:39:20,731 - VO - BR - MEUCARRONOVO - 2019-10-01 00:00:00 - ERROR - STAT - expect_column_values_to_be_in_type_list - PORTE - correctly filled rate (%) - 100.0
2019-10-03 10:39:20,732 - VO - BR - MEUCARRONOVO - 2019-10-01 00:00:00 - ERROR - STAT - expect_column_values_to_be_in_type_list - PRIX - correctly filled rate (%) - 100.0
2019-10-03 10:39:20,732 - VO - BR - MEUCARRONOVO - 2019-10-01 00:00:00 - ERROR - STAT - expect_column_values_to_not_be_null - PRIX - correctly filled rate (%) - 100.0
2019-10-03 10:39:20,732 - VO - BR - MEUCARRONOVO - 2019-10-01 00:00:00 - ERROR - STAT - expect_column_values_to_not_be_null - PROVINCE - correctly filled rate (%) - 0.0
2019-10-03 10:39:20,732 - VO - BR - MEUCARRONOVO - 2019-10-01 00:00:00 - ERROR - STAT - expect_column_values_to_not_be_null - SITE - correctly filled rate (%) - 100.0
2019-10-03 10:39:20,732 - VO - BR - MEUCARRONOVO - 2019-10-01 00:00:00 - ERROR - STAT - expect_column_values_to_not_be_null - TELEPHONE - correctly filled rate (%) - 98.09
2019-10-03 10:39:20,732 - VO - BR - MEUCARRONOVO - 2019-10-01 00:00:00 - ERROR - STAT - expect_column_values_to_be_phone_number - TELEPHONE - correctly filled rate (%) - 99.97
2019-10-03 10:39:20,732 - VO - BR - MEUCARRONOVO - 2019-10-01 00:00:00 - ERROR - STAT - expect_column_values_to_not_be_null - TYPE - correctly filled rate (%) - 99.99
2019-10-03 10:39:20,732 - VO - BR - MEUCARRONOVO - 2019-10-01 00:00:00 - ERROR - STAT - expect_column_values_to_be_in_set_2 - TYPE - observed proportion - 100.0
2019-10-03 10:39:20,732 - VO - BR - MEUCARRONOVO - 2019-10-01 00:00:00 - ERROR - STAT - expect_column_values_to_not_be_null - VILLE - correctly filled rate (%) - 98.09
2019-10-03 10:39:20,732 - VO - BR - MEUCARRONOVO - 2019-10-01 00:00:00 - ERROR - STAT - expect_column_values_to_not_be_null - VN_IND - correctly filled rate (%) - 0.0
2019-10-03 10:39:20,732 - VO - BR - MEUCARRONOVO - 2019-10-01 00:00:00 - ERROR - STAT - expect_returning_row_count_on_conditions - DEALER_USEDCARS - total number of row with conditions - 144597
2019-10-03 10:39:20,732 - VO - BR - MEUCARRONOVO - 2019-10-01 00:00:00 - ERROR - STAT - expect_returning_row_count_on_conditions - PRIVATE_USEDCARS - total number of row with conditions - 3014
2019-10-03 10:39:20,732 - VO - BR - MEUCARRONOVO - 2019-10-01 00:00:00 - ERROR - STAT - expect_returning_row_unique_count - MARQUE_CORRECTED - total number of unique rows - 66
2019-10-03 10:39:20,732 - VO - BR - MEUCARRONOVO - 2019-10-01 00:00:00 - ERROR - STAT - expect_returning_row_unique_count - MODELE_CORRECTED - total number of unique rows - 602
2019-10-03 10:39:20,732 - VO - BR - MEUCARRONOVO - 2019-10-01 00:00:00 - ERROR - STAT - expect_returning_row_unique_count - CARROSSERIE - total number of unique rows - 0
2019-10-03 10:39:20,732 - VO - BR - MEUCARRONOVO - 2019-10-01 00:00:00 - ERROR - STAT - expect_returning_row_unique_count - CARBURANT - total number of unique rows - 11
2019-10-03 10:39:20,732 - VO - BR - MEUCARRONOVO - 2019-10-01 00:00:00 - ERROR - STAT - expect_column_values_to_not_be_null - CYLINDRE - correctly filled rate (%) - 0.0
2019-10-03 10:39:20,733 - VO - BR - MEUCARRONOVO - 2019-10-01 00:00:00 - ERROR - STAT - expect_returning_row_unique_count - PROVINCE - total number of unique rows - 0
2019-10-03 10:39:20,733 - VO - BR - MEUCARRONOVO - 2019-10-01 00:00:00 - ERROR - STAT - expect_returning_row_unique_count - VILLE - total number of unique rows - 815
2019-10-03 10:39:20,733 - VO - BR - MEUCARRONOVO - 2019-10-01 00:00:00 - ERROR - STAT - expect_returning_row_unique_count - DEPARTEMENT - total number of unique rows - 27
