2019-08-19 08:16:37,158 - IMMO - FR - OUESTFRANCE - 2019-08-01 00:00:00 - ERROR - STAT - expect_column_values_to_not_be_null - ACHAT_LOC - correctly filled rate (%) - 100.0
2019-08-19 08:16:37,158 - IMMO - FR - OUESTFRANCE - 2019-08-01 00:00:00 - ERROR - STAT - expect_column_values_to_be_in_set - ACHAT_LOC - correctly filled rate (%) - 100.0
2019-08-19 08:16:37,158 - IMMO - FR - OUESTFRANCE - 2019-08-01 00:00:00 - ERROR - STAT - expect_column_values_to_not_be_null - ADRESSE - correctly filled rate (%) - 10.35
2019-08-19 08:16:37,158 - IMMO - FR - OUESTFRANCE - 2019-08-01 00:00:00 - ERROR - STAT - expect_column_values_to_not_be_null - AGENCE_ADRESSE - correctly filled rate (%) - 98.54
2019-08-19 08:16:37,158 - IMMO - FR - OUESTFRANCE - 2019-08-01 00:00:00 - ERROR - STAT - expect_column_values_to_not_be_null - AGENCE_CP - correctly filled rate (%) - 98.5
2019-08-19 08:16:37,158 - IMMO - FR - OUESTFRANCE - 2019-08-01 00:00:00 - ERROR - FILE_CHECK - expect_column_values_to_match_regex - AGENCE_CP - Unexpected value: 29770.0 on line 0, value should match regexp ^[0-9]{5}$
2019-08-19 08:16:37,158 - IMMO - FR - OUESTFRANCE - 2019-08-01 00:00:00 - ERROR - FILE_CHECK - expect_column_values_to_match_regex - AGENCE_CP - Unexpected value: 35760.0 on line 1, value should match regexp ^[0-9]{5}$
2019-08-19 08:16:37,158 - IMMO - FR - OUESTFRANCE - 2019-08-01 00:00:00 - ERROR - FILE_CHECK - expect_column_values_to_match_regex - AGENCE_CP - Unexpected value: 35520.0 on line 2, value should match regexp ^[0-9]{5}$
2019-08-19 08:16:37,158 - IMMO - FR - OUESTFRANCE - 2019-08-01 00:00:00 - ERROR - FILE_CHECK - expect_column_values_to_match_regex - AGENCE_CP - Unexpected value: 44520.0 on line 3, value should match regexp ^[0-9]{5}$
2019-08-19 08:16:37,158 - IMMO - FR - OUESTFRANCE - 2019-08-01 00:00:00 - ERROR - FILE_CHECK - expect_column_values_to_match_regex - AGENCE_CP - Unexpected value: 44240.0 on line 4, value should match regexp ^[0-9]{5}$
2019-08-19 08:16:37,158 - IMMO - FR - OUESTFRANCE - 2019-08-01 00:00:00 - ERROR - FILE_CHECK - expect_column_values_to_match_regex - AGENCE_CP - Unexpected value: 44000.0 on line 5, value should match regexp ^[0-9]{5}$
2019-08-19 08:16:37,158 - IMMO - FR - OUESTFRANCE - 2019-08-01 00:00:00 - ERROR - FILE_CHECK - expect_column_values_to_match_regex - AGENCE_CP - Unexpected value: 44130.0 on line 6, value should match regexp ^[0-9]{5}$
2019-08-19 08:16:37,158 - IMMO - FR - OUESTFRANCE - 2019-08-01 00:00:00 - ERROR - FILE_CHECK - expect_column_values_to_match_regex - AGENCE_CP - Unexpected value: 85560.0 on line 7, value should match regexp ^[0-9]{5}$
2019-08-19 08:16:37,158 - IMMO - FR - OUESTFRANCE - 2019-08-01 00:00:00 - ERROR - FILE_CHECK - expect_column_values_to_match_regex - AGENCE_CP - Unexpected value: 35360.0 on line 8, value should match regexp ^[0-9]{5}$
2019-08-19 08:16:37,158 - IMMO - FR - OUESTFRANCE - 2019-08-01 00:00:00 - ERROR - FILE_CHECK - expect_column_values_to_match_regex - AGENCE_CP - Unexpected value: 56700.0 on line 9, value should match regexp ^[0-9]{5}$
2019-08-19 08:16:37,159 - IMMO - FR - OUESTFRANCE - 2019-08-01 00:00:00 - ERROR - FILE_CHECK - expect_column_values_to_match_regex - AGENCE_CP - Unexpected value: 76440.0 on line 10, value should match regexp ^[0-9]{5}$
2019-08-19 08:16:37,159 - IMMO - FR - OUESTFRANCE - 2019-08-01 00:00:00 - ERROR - FILE_CHECK - expect_column_values_to_match_regex - AGENCE_CP - Unexpected value: 56500.0 on line 11, value should match regexp ^[0-9]{5}$
2019-08-19 08:16:37,159 - IMMO - FR - OUESTFRANCE - 2019-08-01 00:00:00 - ERROR - FILE_CHECK - expect_column_values_to_match_regex - AGENCE_CP - Unexpected value: 61300.0 on line 12, value should match regexp ^[0-9]{5}$
2019-08-19 08:16:37,159 - IMMO - FR - OUESTFRANCE - 2019-08-01 00:00:00 - ERROR - FILE_CHECK - expect_column_values_to_match_regex - AGENCE_CP - Unexpected value: 56320.0 on line 13, value should match regexp ^[0-9]{5}$
2019-08-19 08:16:37,159 - IMMO - FR - OUESTFRANCE - 2019-08-01 00:00:00 - ERROR - FILE_CHECK - expect_column_values_to_match_regex - AGENCE_CP - Unexpected value: 35000.0 on line 14, value should match regexp ^[0-9]{5}$
2019-08-19 08:16:37,159 - IMMO - FR - OUESTFRANCE - 2019-08-01 00:00:00 - ERROR - FILE_CHECK - expect_column_values_to_match_regex - AGENCE_CP - Unexpected value: 22300.0 on line 15, value should match regexp ^[0-9]{5}$
2019-08-19 08:16:37,159 - IMMO - FR - OUESTFRANCE - 2019-08-01 00:00:00 - ERROR - FILE_CHECK - expect_column_values_to_match_regex - AGENCE_CP - Unexpected value: 22960.0 on line 16, value should match regexp ^[0-9]{5}$
2019-08-19 08:16:37,159 - IMMO - FR - OUESTFRANCE - 2019-08-01 00:00:00 - ERROR - FILE_CHECK - expect_column_values_to_match_regex - AGENCE_CP - Unexpected value: 22960.0 on line 17, value should match regexp ^[0-9]{5}$
2019-08-19 08:16:37,159 - IMMO - FR - OUESTFRANCE - 2019-08-01 00:00:00 - ERROR - FILE_CHECK - expect_column_values_to_match_regex - AGENCE_CP - Unexpected value: 22150.0 on line 18, value should match regexp ^[0-9]{5}$
2019-08-19 08:16:37,159 - IMMO - FR - OUESTFRANCE - 2019-08-01 00:00:00 - ERROR - FILE_CHECK - expect_column_values_to_match_regex - AGENCE_CP - Unexpected value: 22960.0 on line 19, value should match regexp ^[0-9]{5}$
2019-08-19 08:16:37,159 - IMMO - FR - OUESTFRANCE - 2019-08-01 00:00:00 - ERROR - STAT - expect_column_values_to_match_regex - AGENCE_CP - correctly filled rate (%) - 0.0
2019-08-19 08:16:37,159 - IMMO - FR - OUESTFRANCE - 2019-08-01 00:00:00 - ERROR - STAT - expect_column_values_to_not_be_null - AGENCE_ID - correctly filled rate (%) - 100.0
2019-08-19 08:16:37,159 - IMMO - FR - OUESTFRANCE - 2019-08-01 00:00:00 - ERROR - STAT - expect_column_values_to_not_be_null - AGENCE_NOM - correctly filled rate (%) - 98.07
2019-08-19 08:16:37,159 - IMMO - FR - OUESTFRANCE - 2019-08-01 00:00:00 - ERROR - STAT - expect_column_values_to_be_phone_number - AGENCE_TEL - correctly filled rate (%) - 99.98
2019-08-19 08:16:37,159 - IMMO - FR - OUESTFRANCE - 2019-08-01 00:00:00 - ERROR - STAT - expect_column_values_to_not_be_null - AGENCE_TEL - correctly filled rate (%) - 99.9
2019-08-19 08:16:37,159 - IMMO - FR - OUESTFRANCE - 2019-08-01 00:00:00 - ERROR - STAT - expect_column_values_to_not_be_null - AGENCE_VILLE - correctly filled rate (%) - 98.5
2019-08-19 08:16:37,159 - IMMO - FR - OUESTFRANCE - 2019-08-01 00:00:00 - ERROR - STAT - expect_column_values_to_not_be_null - ANNONCE_DATE - correctly filled rate (%) - 100.0
2019-08-19 08:16:37,160 - IMMO - FR - OUESTFRANCE - 2019-08-01 00:00:00 - ERROR - STAT - expect_column_values_to_not_be_null - ANNONCE_LINK - correctly filled rate (%) - 100.0
2019-08-19 08:16:37,160 - IMMO - FR - OUESTFRANCE - 2019-08-01 00:00:00 - ERROR - FILE_CHECK - expect_column_values_to_be_unique - ANNONCE_LINK - Unexpected value: https://www.ouestfrance-immo.com/immobilier-logement-neuf/villa-kreisker-perros-guirec-22700-9249580/ on line 107, value should be unique
2019-08-19 08:16:37,160 - IMMO - FR - OUESTFRANCE - 2019-08-01 00:00:00 - ERROR - FILE_CHECK - expect_column_values_to_be_unique - ANNONCE_LINK - Unexpected value: https://www.ouestfrance-immo.com/immobilier-logement-neuf/villa-kreisker-perros-guirec-22700-9249580/ on line 108, value should be unique
2019-08-19 08:16:37,160 - IMMO - FR - OUESTFRANCE - 2019-08-01 00:00:00 - ERROR - FILE_CHECK - expect_column_values_to_be_unique - ANNONCE_LINK - Unexpected value: https://www.ouestfrance-immo.com/immobilier-logement-neuf/villa-kreisker-perros-guirec-22700-9249580/ on line 109, value should be unique
2019-08-19 08:16:37,160 - IMMO - FR - OUESTFRANCE - 2019-08-01 00:00:00 - ERROR - FILE_CHECK - expect_column_values_to_be_unique - ANNONCE_LINK - Unexpected value: https://www.ouestfrance-immo.com/immobilier-logement-neuf/parc-ocean-quiberon-56170-10314682/ on line 344, value should be unique
2019-08-19 08:16:37,160 - IMMO - FR - OUESTFRANCE - 2019-08-01 00:00:00 - ERROR - FILE_CHECK - expect_column_values_to_be_unique - ANNONCE_LINK - Unexpected value: https://www.ouestfrance-immo.com/immobilier-logement-neuf/white-pearl-le-havre-76600-11231255/ on line 2774, value should be unique
2019-08-19 08:16:37,160 - IMMO - FR - OUESTFRANCE - 2019-08-01 00:00:00 - ERROR - FILE_CHECK - expect_column_values_to_be_unique - ANNONCE_LINK - Unexpected value: https://www.ouestfrance-immo.com/immobilier-logement-neuf/white-pearl-le-havre-76600-11231255/ on line 2775, value should be unique
2019-08-19 08:16:37,160 - IMMO - FR - OUESTFRANCE - 2019-08-01 00:00:00 - ERROR - FILE_CHECK - expect_column_values_to_be_unique - ANNONCE_LINK - Unexpected value: https://www.ouestfrance-immo.com/immobilier-logement-neuf/white-pearl-le-havre-76600-11231255/ on line 2776, value should be unique
2019-08-19 08:16:37,160 - IMMO - FR - OUESTFRANCE - 2019-08-01 00:00:00 - ERROR - FILE_CHECK - expect_column_values_to_be_unique - ANNONCE_LINK - Unexpected value: https://www.ouestfrance-immo.com/immobilier-logement-neuf/white-pearl-le-havre-76600-11231255/ on line 2777, value should be unique
2019-08-19 08:16:37,160 - IMMO - FR - OUESTFRANCE - 2019-08-01 00:00:00 - ERROR - FILE_CHECK - expect_column_values_to_be_unique - ANNONCE_LINK - Unexpected value: https://www.ouestfrance-immo.com/immobilier-logement-neuf/white-pearl-le-havre-76600-11231255/ on line 2778, value should be unique
2019-08-19 08:16:37,160 - IMMO - FR - OUESTFRANCE - 2019-08-01 00:00:00 - ERROR - FILE_CHECK - expect_column_values_to_be_unique - ANNONCE_LINK - Unexpected value: https://www.ouestfrance-immo.com/immobilier-logement-neuf/white-pearl-le-havre-76600-11231255/ on line 2779, value should be unique
2019-08-19 08:16:37,160 - IMMO - FR - OUESTFRANCE - 2019-08-01 00:00:00 - ERROR - FILE_CHECK - expect_column_values_to_be_unique - ANNONCE_LINK - Unexpected value: https://www.ouestfrance-immo.com/immobilier-logement-neuf/white-pearl-le-havre-76600-11231255/ on line 2780, value should be unique
2019-08-19 08:16:37,160 - IMMO - FR - OUESTFRANCE - 2019-08-01 00:00:00 - ERROR - FILE_CHECK - expect_column_values_to_be_unique - ANNONCE_LINK - Unexpected value: https://www.ouestfrance-immo.com/immobilier-logement-neuf/white-pearl-le-havre-76600-11231255/ on line 2781, value should be unique
2019-08-19 08:16:37,160 - IMMO - FR - OUESTFRANCE - 2019-08-01 00:00:00 - ERROR - FILE_CHECK - expect_column_values_to_be_unique - ANNONCE_LINK - Unexpected value: https://www.ouestfrance-immo.com/immobilier-logement-neuf/white-pearl-le-havre-76600-11231255/ on line 2782, value should be unique
2019-08-19 08:16:37,160 - IMMO - FR - OUESTFRANCE - 2019-08-01 00:00:00 - ERROR - FILE_CHECK - expect_column_values_to_be_unique - ANNONCE_LINK - Unexpected value: https://www.ouestfrance-immo.com/immobilier-logement-neuf/white-pearl-le-havre-76600-11231255/ on line 2783, value should be unique
2019-08-19 08:16:37,160 - IMMO - FR - OUESTFRANCE - 2019-08-01 00:00:00 - ERROR - FILE_CHECK - expect_column_values_to_be_unique - ANNONCE_LINK - Unexpected value: https://www.ouestfrance-immo.com/immobilier-logement-neuf/white-pearl-le-havre-76600-11231255/ on line 2784, value should be unique
2019-08-19 08:16:37,160 - IMMO - FR - OUESTFRANCE - 2019-08-01 00:00:00 - ERROR - FILE_CHECK - expect_column_values_to_be_unique - ANNONCE_LINK - Unexpected value: https://www.ouestfrance-immo.com/immobilier-logement-neuf/white-pearl-le-havre-76600-11231255/ on line 2785, value should be unique
2019-08-19 08:16:37,160 - IMMO - FR - OUESTFRANCE - 2019-08-01 00:00:00 - ERROR - FILE_CHECK - expect_column_values_to_be_unique - ANNONCE_LINK - Unexpected value: https://www.ouestfrance-immo.com/immobilier-logement-neuf/white-pearl-le-havre-76600-11231255/ on line 2786, value should be unique
2019-08-19 08:16:37,161 - IMMO - FR - OUESTFRANCE - 2019-08-01 00:00:00 - ERROR - FILE_CHECK - expect_column_values_to_be_unique - ANNONCE_LINK - Unexpected value: https://www.ouestfrance-immo.com/immobilier-logement-neuf/white-pearl-le-havre-76600-11231255/ on line 2787, value should be unique
2019-08-19 08:16:37,161 - IMMO - FR - OUESTFRANCE - 2019-08-01 00:00:00 - ERROR - FILE_CHECK - expect_column_values_to_be_unique - ANNONCE_LINK - Unexpected value: https://www.ouestfrance-immo.com/immobilier-logement-neuf/white-pearl-le-havre-76600-11231255/ on line 2788, value should be unique
2019-08-19 08:16:37,161 - IMMO - FR - OUESTFRANCE - 2019-08-01 00:00:00 - ERROR - FILE_CHECK - expect_column_values_to_be_unique - ANNONCE_LINK - Unexpected value: https://www.ouestfrance-immo.com/immobilier-logement-neuf/white-pearl-le-havre-76600-11231255/ on line 2800, value should be unique
2019-08-19 08:16:37,161 - IMMO - FR - OUESTFRANCE - 2019-08-01 00:00:00 - ERROR - STAT - expect_column_values_to_be_unique - ANNONCE_LINK - observed proportion - 92.54
2019-08-19 08:16:37,161 - IMMO - FR - OUESTFRANCE - 2019-08-01 00:00:00 - ERROR - FILE_CHECK - expect_column_value_lengths_to_be_between - ANNONCE_TEXT - Unexpected characters count of: [A proximité immédiat...] on line  2, value length should be between 0 and 255
2019-08-19 08:16:37,161 - IMMO - FR - OUESTFRANCE - 2019-08-01 00:00:00 - ERROR - FILE_CHECK - expect_column_value_lengths_to_be_between - ANNONCE_TEXT - Unexpected characters count of: [Sur un terrain clos ...] on line  7, value length should be between 0 and 255
2019-08-19 08:16:37,161 - IMMO - FR - OUESTFRANCE - 2019-08-01 00:00:00 - ERROR - FILE_CHECK - expect_column_value_lengths_to_be_between - ANNONCE_TEXT - Unexpected characters count of: [Maison du 19ème sièc...] on line  24, value length should be between 0 and 255
2019-08-19 08:16:37,161 - IMMO - FR - OUESTFRANCE - 2019-08-01 00:00:00 - ERROR - FILE_CHECK - expect_column_value_lengths_to_be_between - ANNONCE_TEXT - Unexpected characters count of: [Idéal pour primo-acc...] on line  31, value length should be between 0 and 255
2019-08-19 08:16:37,161 - IMMO - FR - OUESTFRANCE - 2019-08-01 00:00:00 - ERROR - FILE_CHECK - expect_column_value_lengths_to_be_between - ANNONCE_TEXT - Unexpected characters count of: [L078 - GORRON (53) p...] on line  40, value length should be between 0 and 255
2019-08-19 08:16:37,161 - IMMO - FR - OUESTFRANCE - 2019-08-01 00:00:00 - ERROR - FILE_CHECK - expect_column_value_lengths_to_be_between - ANNONCE_TEXT - Unexpected characters count of: [Local de 200 m2 envi...] on line  42, value length should be between 0 and 255
2019-08-19 08:16:37,161 - IMMO - FR - OUESTFRANCE - 2019-08-01 00:00:00 - ERROR - FILE_CHECK - expect_column_value_lengths_to_be_between - ANNONCE_TEXT - Unexpected characters count of: [Dans un environnemen...] on line  45, value length should be between 0 and 255
2019-08-19 08:16:37,161 - IMMO - FR - OUESTFRANCE - 2019-08-01 00:00:00 - ERROR - FILE_CHECK - expect_column_value_lengths_to_be_between - ANNONCE_TEXT - Unexpected characters count of: [Une longère, composé...] on line  46, value length should be between 0 and 255
2019-08-19 08:16:37,161 - IMMO - FR - OUESTFRANCE - 2019-08-01 00:00:00 - ERROR - FILE_CHECK - expect_column_value_lengths_to_be_between - ANNONCE_TEXT - Unexpected characters count of: [Maison plain-pied av...] on line  50, value length should be between 0 and 255
2019-08-19 08:16:37,161 - IMMO - FR - OUESTFRANCE - 2019-08-01 00:00:00 - ERROR - FILE_CHECK - expect_column_value_lengths_to_be_between - ANNONCE_TEXT - Unexpected characters count of: [LE FAOUET, Au fond d...] on line  56, value length should be between 0 and 255
2019-08-19 08:16:37,161 - IMMO - FR - OUESTFRANCE - 2019-08-01 00:00:00 - ERROR - FILE_CHECK - expect_column_value_lengths_to_be_between - ANNONCE_TEXT - Unexpected characters count of: [Rare, hyper-centre d...] on line  68, value length should be between 0 and 255
2019-08-19 08:16:37,161 - IMMO - FR - OUESTFRANCE - 2019-08-01 00:00:00 - ERROR - FILE_CHECK - expect_column_value_lengths_to_be_between - ANNONCE_TEXT - Unexpected characters count of: [Ensemble immobilier ...] on line  72, value length should be between 0 and 255
2019-08-19 08:16:37,161 - IMMO - FR - OUESTFRANCE - 2019-08-01 00:00:00 - ERROR - FILE_CHECK - expect_column_value_lengths_to_be_between - ANNONCE_TEXT - Unexpected characters count of: [AGENCE JEANNE D'ARC ...] on line  80, value length should be between 0 and 255
2019-08-19 08:16:37,162 - IMMO - FR - OUESTFRANCE - 2019-08-01 00:00:00 - ERROR - FILE_CHECK - expect_column_value_lengths_to_be_between - ANNONCE_TEXT - Unexpected characters count of: [Etudions votre proje...] on line  84, value length should be between 0 and 255
2019-08-19 08:16:37,162 - IMMO - FR - OUESTFRANCE - 2019-08-01 00:00:00 - ERROR - FILE_CHECK - expect_column_value_lengths_to_be_between - ANNONCE_TEXT - Unexpected characters count of: [Maison de 117m², à b...] on line  85, value length should be between 0 and 255
2019-08-19 08:16:37,162 - IMMO - FR - OUESTFRANCE - 2019-08-01 00:00:00 - ERROR - FILE_CHECK - expect_column_value_lengths_to_be_between - ANNONCE_TEXT - Unexpected characters count of: [Située dans le centr...] on line  87, value length should be between 0 and 255
2019-08-19 08:16:37,162 - IMMO - FR - OUESTFRANCE - 2019-08-01 00:00:00 - ERROR - FILE_CHECK - expect_column_value_lengths_to_be_between - ANNONCE_TEXT - Unexpected characters count of: [Belle opportunité su...] on line  98, value length should be between 0 and 255
2019-08-19 08:16:37,162 - IMMO - FR - OUESTFRANCE - 2019-08-01 00:00:00 - ERROR - FILE_CHECK - expect_column_value_lengths_to_be_between - ANNONCE_TEXT - Unexpected characters count of: [Votre agence 123webi...] on line  111, value length should be between 0 and 255
2019-08-19 08:16:37,162 - IMMO - FR - OUESTFRANCE - 2019-08-01 00:00:00 - ERROR - FILE_CHECK - expect_column_value_lengths_to_be_between - ANNONCE_TEXT - Unexpected characters count of: [A proximité du centr...] on line  112, value length should be between 0 and 255
2019-08-19 08:16:37,162 - IMMO - FR - OUESTFRANCE - 2019-08-01 00:00:00 - ERROR - FILE_CHECK - expect_column_value_lengths_to_be_between - ANNONCE_TEXT - Unexpected characters count of: [Centre bourg, grande...] on line  113, value length should be between 0 and 255
2019-08-19 08:16:37,162 - IMMO - FR - OUESTFRANCE - 2019-08-01 00:00:00 - ERROR - STAT - expect_column_value_lengths_to_be_between - ANNONCE_TEXT - correctly filled rate (%) - 36.59
2019-08-19 08:16:37,162 - IMMO - FR - OUESTFRANCE - 2019-08-01 00:00:00 - ERROR - STAT - expect_column_values_to_not_be_null - ANNONCE_TEXT - correctly filled rate (%) - 92.39
2019-08-19 08:16:37,162 - IMMO - FR - OUESTFRANCE - 2019-08-01 00:00:00 - ERROR - STAT - expect_column_values_to_not_be_null - CATEGORIE - correctly filled rate (%) - 100.0
2019-08-19 08:16:37,162 - IMMO - FR - OUESTFRANCE - 2019-08-01 00:00:00 - ERROR - STAT - expect_column_values_to_not_be_null - CP - correctly filled rate (%) - 100.0
2019-08-19 08:16:37,162 - IMMO - FR - OUESTFRANCE - 2019-08-01 00:00:00 - ERROR - FILE_CHECK - expect_column_values_to_match_regex - CP - Unexpected value: 29780.0 on line 0, value should match regexp ^[0-9]{5}$
2019-08-19 08:16:37,162 - IMMO - FR - OUESTFRANCE - 2019-08-01 00:00:00 - ERROR - FILE_CHECK - expect_column_values_to_match_regex - CP - Unexpected value: 14630.0 on line 1, value should match regexp ^[0-9]{5}$
2019-08-19 08:16:37,162 - IMMO - FR - OUESTFRANCE - 2019-08-01 00:00:00 - ERROR - FILE_CHECK - expect_column_values_to_match_regex - CP - Unexpected value: 35500.0 on line 2, value should match regexp ^[0-9]{5}$
2019-08-19 08:16:37,162 - IMMO - FR - OUESTFRANCE - 2019-08-01 00:00:00 - ERROR - FILE_CHECK - expect_column_values_to_match_regex - CP - Unexpected value: 44520.0 on line 3, value should match regexp ^[0-9]{5}$
2019-08-19 08:16:37,162 - IMMO - FR - OUESTFRANCE - 2019-08-01 00:00:00 - ERROR - FILE_CHECK - expect_column_values_to_match_regex - CP - Unexpected value: 85520.0 on line 4, value should match regexp ^[0-9]{5}$
2019-08-19 08:16:37,162 - IMMO - FR - OUESTFRANCE - 2019-08-01 00:00:00 - ERROR - FILE_CHECK - expect_column_values_to_match_regex - CP - Unexpected value: 44560.0 on line 5, value should match regexp ^[0-9]{5}$
2019-08-19 08:16:37,162 - IMMO - FR - OUESTFRANCE - 2019-08-01 00:00:00 - ERROR - FILE_CHECK - expect_column_values_to_match_regex - CP - Unexpected value: 44810.0 on line 6, value should match regexp ^[0-9]{5}$
2019-08-19 08:16:37,163 - IMMO - FR - OUESTFRANCE - 2019-08-01 00:00:00 - ERROR - FILE_CHECK - expect_column_values_to_match_regex - CP - Unexpected value: 85560.0 on line 7, value should match regexp ^[0-9]{5}$
2019-08-19 08:16:37,163 - IMMO - FR - OUESTFRANCE - 2019-08-01 00:00:00 - ERROR - FILE_CHECK - expect_column_values_to_match_regex - CP - Unexpected value: 35360.0 on line 8, value should match regexp ^[0-9]{5}$
2019-08-19 08:16:37,163 - IMMO - FR - OUESTFRANCE - 2019-08-01 00:00:00 - ERROR - FILE_CHECK - expect_column_values_to_match_regex - CP - Unexpected value: 56440.0 on line 9, value should match regexp ^[0-9]{5}$
2019-08-19 08:16:37,163 - IMMO - FR - OUESTFRANCE - 2019-08-01 00:00:00 - ERROR - FILE_CHECK - expect_column_values_to_match_regex - CP - Unexpected value: 76680.0 on line 10, value should match regexp ^[0-9]{5}$
2019-08-19 08:16:37,163 - IMMO - FR - OUESTFRANCE - 2019-08-01 00:00:00 - ERROR - FILE_CHECK - expect_column_values_to_match_regex - CP - Unexpected value: 56500.0 on line 11, value should match regexp ^[0-9]{5}$
2019-08-19 08:16:37,163 - IMMO - FR - OUESTFRANCE - 2019-08-01 00:00:00 - ERROR - FILE_CHECK - expect_column_values_to_match_regex - CP - Unexpected value: 27580.0 on line 12, value should match regexp ^[0-9]{5}$
2019-08-19 08:16:37,163 - IMMO - FR - OUESTFRANCE - 2019-08-01 00:00:00 - ERROR - FILE_CHECK - expect_column_values_to_match_regex - CP - Unexpected value: 56540.0 on line 13, value should match regexp ^[0-9]{5}$
2019-08-19 08:16:37,163 - IMMO - FR - OUESTFRANCE - 2019-08-01 00:00:00 - ERROR - FILE_CHECK - expect_column_values_to_match_regex - CP - Unexpected value: 22100.0 on line 14, value should match regexp ^[0-9]{5}$
2019-08-19 08:16:37,163 - IMMO - FR - OUESTFRANCE - 2019-08-01 00:00:00 - ERROR - FILE_CHECK - expect_column_values_to_match_regex - CP - Unexpected value: 22700.0 on line 15, value should match regexp ^[0-9]{5}$
2019-08-19 08:16:37,163 - IMMO - FR - OUESTFRANCE - 2019-08-01 00:00:00 - ERROR - FILE_CHECK - expect_column_values_to_match_regex - CP - Unexpected value: 22210.0 on line 16, value should match regexp ^[0-9]{5}$
2019-08-19 08:16:37,163 - IMMO - FR - OUESTFRANCE - 2019-08-01 00:00:00 - ERROR - FILE_CHECK - expect_column_values_to_match_regex - CP - Unexpected value: 22150.0 on line 17, value should match regexp ^[0-9]{5}$
2019-08-19 08:16:37,163 - IMMO - FR - OUESTFRANCE - 2019-08-01 00:00:00 - ERROR - FILE_CHECK - expect_column_values_to_match_regex - CP - Unexpected value: 22150.0 on line 18, value should match regexp ^[0-9]{5}$
2019-08-19 08:16:37,163 - IMMO - FR - OUESTFRANCE - 2019-08-01 00:00:00 - ERROR - FILE_CHECK - expect_column_values_to_match_regex - CP - Unexpected value: 22230.0 on line 19, value should match regexp ^[0-9]{5}$
2019-08-19 08:16:37,163 - IMMO - FR - OUESTFRANCE - 2019-08-01 00:00:00 - ERROR - STAT - expect_column_values_to_match_regex - CP - correctly filled rate (%) - 0.0
2019-08-19 08:16:37,163 - IMMO - FR - OUESTFRANCE - 2019-08-01 00:00:00 - ERROR - STAT - expect_column_values_to_not_be_null - DEPARTEMENT - correctly filled rate (%) - 100.0
2019-08-19 08:16:37,163 - IMMO - FR - OUESTFRANCE - 2019-08-01 00:00:00 - ERROR - STAT - expect_returning_row_count - EVERY_COLUMNS - total number of rows - 170508
2019-08-19 08:16:37,163 - IMMO - FR - OUESTFRANCE - 2019-08-01 00:00:00 - ERROR - STAT - expect_column_values_to_not_be_null - ID_CLIENT - correctly filled rate (%) - 100.0
2019-08-19 08:16:37,163 - IMMO - FR - OUESTFRANCE - 2019-08-01 00:00:00 - ERROR - STAT - expect_column_values_to_be_unique - ID_CLIENT - observed proportion - 100.0
2019-08-19 08:16:37,164 - IMMO - FR - OUESTFRANCE - 2019-08-01 00:00:00 - ERROR - FILE_CHECK - expect_column_values_to_be_of_type - M2 - Wrong type for value: 0.0 on line 0 should be int
2019-08-19 08:16:37,164 - IMMO - FR - OUESTFRANCE - 2019-08-01 00:00:00 - ERROR - FILE_CHECK - expect_column_values_to_be_of_type - M2 - Wrong type for value: 0.0 on line 1 should be int
2019-08-19 08:16:37,164 - IMMO - FR - OUESTFRANCE - 2019-08-01 00:00:00 - ERROR - FILE_CHECK - expect_column_values_to_be_of_type - M2 - Wrong type for value: 75.0 on line 2 should be int
2019-08-19 08:16:37,164 - IMMO - FR - OUESTFRANCE - 2019-08-01 00:00:00 - ERROR - FILE_CHECK - expect_column_values_to_be_of_type - M2 - Wrong type for value: 730.0 on line 3 should be int
2019-08-19 08:16:37,164 - IMMO - FR - OUESTFRANCE - 2019-08-01 00:00:00 - ERROR - FILE_CHECK - expect_column_values_to_be_of_type - M2 - Wrong type for value: 250.0 on line 4 should be int
2019-08-19 08:16:37,164 - IMMO - FR - OUESTFRANCE - 2019-08-01 00:00:00 - ERROR - FILE_CHECK - expect_column_values_to_be_of_type - M2 - Wrong type for value: 216.0 on line 5 should be int
2019-08-19 08:16:37,164 - IMMO - FR - OUESTFRANCE - 2019-08-01 00:00:00 - ERROR - FILE_CHECK - expect_column_values_to_be_of_type - M2 - Wrong type for value: 60.0 on line 6 should be int
2019-08-19 08:16:37,164 - IMMO - FR - OUESTFRANCE - 2019-08-01 00:00:00 - ERROR - FILE_CHECK - expect_column_values_to_be_of_type - M2 - Wrong type for value: 180.0 on line 7 should be int
2019-08-19 08:16:37,164 - IMMO - FR - OUESTFRANCE - 2019-08-01 00:00:00 - ERROR - FILE_CHECK - expect_column_values_to_be_of_type - M2 - Wrong type for value: 48.0 on line 8 should be int
2019-08-19 08:16:37,164 - IMMO - FR - OUESTFRANCE - 2019-08-01 00:00:00 - ERROR - FILE_CHECK - expect_column_values_to_be_of_type - M2 - Wrong type for value: 756.0 on line 9 should be int
2019-08-19 08:16:37,164 - IMMO - FR - OUESTFRANCE - 2019-08-01 00:00:00 - ERROR - FILE_CHECK - expect_column_values_to_be_of_type - M2 - Wrong type for value: 0.0 on line 10 should be int
2019-08-19 08:16:37,164 - IMMO - FR - OUESTFRANCE - 2019-08-01 00:00:00 - ERROR - FILE_CHECK - expect_column_values_to_be_of_type - M2 - Wrong type for value: 150.0 on line 11 should be int
2019-08-19 08:16:37,164 - IMMO - FR - OUESTFRANCE - 2019-08-01 00:00:00 - ERROR - FILE_CHECK - expect_column_values_to_be_of_type - M2 - Wrong type for value: 536.0 on line 12 should be int
2019-08-19 08:16:37,164 - IMMO - FR - OUESTFRANCE - 2019-08-01 00:00:00 - ERROR - FILE_CHECK - expect_column_values_to_be_of_type - M2 - Wrong type for value: 96.0 on line 13 should be int
2019-08-19 08:16:37,164 - IMMO - FR - OUESTFRANCE - 2019-08-01 00:00:00 - ERROR - FILE_CHECK - expect_column_values_to_be_of_type - M2 - Wrong type for value: 431.0 on line 14 should be int
2019-08-19 08:16:37,164 - IMMO - FR - OUESTFRANCE - 2019-08-01 00:00:00 - ERROR - FILE_CHECK - expect_column_values_to_be_of_type - M2 - Wrong type for value: 280.0 on line 15 should be int
2019-08-19 08:16:37,164 - IMMO - FR - OUESTFRANCE - 2019-08-01 00:00:00 - ERROR - FILE_CHECK - expect_column_values_to_be_of_type - M2 - Wrong type for value: 114.0 on line 16 should be int
2019-08-19 08:16:37,164 - IMMO - FR - OUESTFRANCE - 2019-08-01 00:00:00 - ERROR - FILE_CHECK - expect_column_values_to_be_of_type - M2 - Wrong type for value: 130.0 on line 17 should be int
2019-08-19 08:16:37,165 - IMMO - FR - OUESTFRANCE - 2019-08-01 00:00:00 - ERROR - FILE_CHECK - expect_column_values_to_be_of_type - M2 - Wrong type for value: 90.0 on line 18 should be int
2019-08-19 08:16:37,165 - IMMO - FR - OUESTFRANCE - 2019-08-01 00:00:00 - ERROR - FILE_CHECK - expect_column_values_to_be_of_type - M2 - Wrong type for value: 115.0 on line 19 should be int
2019-08-19 08:16:37,165 - IMMO - FR - OUESTFRANCE - 2019-08-01 00:00:00 - ERROR - STAT - expect_column_values_to_be_of_type - M2 - correctly filled rate (%) - 0.0
2019-08-19 08:16:37,165 - IMMO - FR - OUESTFRANCE - 2019-08-01 00:00:00 - ERROR - STAT - expect_column_values_to_not_be_null - M2 - correctly filled rate (%) - 100.0
2019-08-19 08:16:37,165 - IMMO - FR - OUESTFRANCE - 2019-08-01 00:00:00 - ERROR - FILE_CHECK - expect_column_values_to_be_of_type - M2_TOTALE - Wrong type for value: 0.0 on line 0 should be int
2019-08-19 08:16:37,165 - IMMO - FR - OUESTFRANCE - 2019-08-01 00:00:00 - ERROR - FILE_CHECK - expect_column_values_to_be_of_type - M2_TOTALE - Wrong type for value: 0.0 on line 1 should be int
2019-08-19 08:16:37,165 - IMMO - FR - OUESTFRANCE - 2019-08-01 00:00:00 - ERROR - FILE_CHECK - expect_column_values_to_be_of_type - M2_TOTALE - Wrong type for value: 75.0 on line 2 should be int
2019-08-19 08:16:37,165 - IMMO - FR - OUESTFRANCE - 2019-08-01 00:00:00 - ERROR - FILE_CHECK - expect_column_values_to_be_of_type - M2_TOTALE - Wrong type for value: 0.0 on line 3 should be int
2019-08-19 08:16:37,165 - IMMO - FR - OUESTFRANCE - 2019-08-01 00:00:00 - ERROR - FILE_CHECK - expect_column_values_to_be_of_type - M2_TOTALE - Wrong type for value: 0.0 on line 4 should be int
2019-08-19 08:16:37,165 - IMMO - FR - OUESTFRANCE - 2019-08-01 00:00:00 - ERROR - FILE_CHECK - expect_column_values_to_be_of_type - M2_TOTALE - Wrong type for value: 0.0 on line 5 should be int
2019-08-19 08:16:37,165 - IMMO - FR - OUESTFRANCE - 2019-08-01 00:00:00 - ERROR - FILE_CHECK - expect_column_values_to_be_of_type - M2_TOTALE - Wrong type for value: 60.0 on line 6 should be int
2019-08-19 08:16:37,165 - IMMO - FR - OUESTFRANCE - 2019-08-01 00:00:00 - ERROR - FILE_CHECK - expect_column_values_to_be_of_type - M2_TOTALE - Wrong type for value: 180.0 on line 7 should be int
2019-08-19 08:16:37,165 - IMMO - FR - OUESTFRANCE - 2019-08-01 00:00:00 - ERROR - FILE_CHECK - expect_column_values_to_be_of_type - M2_TOTALE - Wrong type for value: 48.0 on line 8 should be int
2019-08-19 08:16:37,165 - IMMO - FR - OUESTFRANCE - 2019-08-01 00:00:00 - ERROR - FILE_CHECK - expect_column_values_to_be_of_type - M2_TOTALE - Wrong type for value: 0.0 on line 9 should be int
2019-08-19 08:16:37,165 - IMMO - FR - OUESTFRANCE - 2019-08-01 00:00:00 - ERROR - FILE_CHECK - expect_column_values_to_be_of_type - M2_TOTALE - Wrong type for value: 0.0 on line 10 should be int
2019-08-19 08:16:37,165 - IMMO - FR - OUESTFRANCE - 2019-08-01 00:00:00 - ERROR - FILE_CHECK - expect_column_values_to_be_of_type - M2_TOTALE - Wrong type for value: 150.0 on line 11 should be int
2019-08-19 08:16:37,165 - IMMO - FR - OUESTFRANCE - 2019-08-01 00:00:00 - ERROR - FILE_CHECK - expect_column_values_to_be_of_type - M2_TOTALE - Wrong type for value: 0.0 on line 12 should be int
2019-08-19 08:16:37,165 - IMMO - FR - OUESTFRANCE - 2019-08-01 00:00:00 - ERROR - FILE_CHECK - expect_column_values_to_be_of_type - M2_TOTALE - Wrong type for value: 0.0 on line 13 should be int
2019-08-19 08:16:37,166 - IMMO - FR - OUESTFRANCE - 2019-08-01 00:00:00 - ERROR - FILE_CHECK - expect_column_values_to_be_of_type - M2_TOTALE - Wrong type for value: 0.0 on line 14 should be int
2019-08-19 08:16:37,166 - IMMO - FR - OUESTFRANCE - 2019-08-01 00:00:00 - ERROR - FILE_CHECK - expect_column_values_to_be_of_type - M2_TOTALE - Wrong type for value: 280.0 on line 15 should be int
2019-08-19 08:16:37,166 - IMMO - FR - OUESTFRANCE - 2019-08-01 00:00:00 - ERROR - FILE_CHECK - expect_column_values_to_be_of_type - M2_TOTALE - Wrong type for value: 114.0 on line 16 should be int
2019-08-19 08:16:37,166 - IMMO - FR - OUESTFRANCE - 2019-08-01 00:00:00 - ERROR - FILE_CHECK - expect_column_values_to_be_of_type - M2_TOTALE - Wrong type for value: 130.0 on line 17 should be int
2019-08-19 08:16:37,166 - IMMO - FR - OUESTFRANCE - 2019-08-01 00:00:00 - ERROR - FILE_CHECK - expect_column_values_to_be_of_type - M2_TOTALE - Wrong type for value: 90.0 on line 18 should be int
2019-08-19 08:16:37,166 - IMMO - FR - OUESTFRANCE - 2019-08-01 00:00:00 - ERROR - FILE_CHECK - expect_column_values_to_be_of_type - M2_TOTALE - Wrong type for value: 115.0 on line 19 should be int
2019-08-19 08:16:37,166 - IMMO - FR - OUESTFRANCE - 2019-08-01 00:00:00 - ERROR - STAT - expect_column_values_to_be_of_type - M2_TOTALE - correctly filled rate (%) - 0.0
2019-08-19 08:16:37,166 - IMMO - FR - OUESTFRANCE - 2019-08-01 00:00:00 - ERROR - STAT - expect_column_values_to_not_be_null - M2_TOTALE - correctly filled rate (%) - 100.0
2019-08-19 08:16:37,166 - IMMO - FR - OUESTFRANCE - 2019-08-01 00:00:00 - ERROR - STAT - expect_column_values_to_not_be_null - MAISON_APT - correctly filled rate (%) - 100.0
2019-08-19 08:16:37,166 - IMMO - FR - OUESTFRANCE - 2019-08-01 00:00:00 - ERROR - STAT - expect_column_values_to_be_between - MAISON_APT - correctly filled rate (%) - 100.0
2019-08-19 08:16:37,166 - IMMO - FR - OUESTFRANCE - 2019-08-01 00:00:00 - ERROR - STAT - expect_column_values_to_not_be_null - MINI_SITE_ID - correctly filled rate (%) - 0.0
2019-08-19 08:16:37,166 - IMMO - FR - OUESTFRANCE - 2019-08-01 00:00:00 - ERROR - STAT - expect_column_values_to_not_be_null - NOM - correctly filled rate (%) - 92.47
2019-08-19 08:16:37,166 - IMMO - FR - OUESTFRANCE - 2019-08-01 00:00:00 - ERROR - STAT - expect_column_value_lengths_to_be_between - NOM - correctly filled rate (%) - 100.0
2019-08-19 08:16:37,166 - IMMO - FR - OUESTFRANCE - 2019-08-01 00:00:00 - ERROR - STAT - expect_column_values_to_not_be_null - PAYS_AD - correctly filled rate (%) - 0.0
2019-08-19 08:16:37,166 - IMMO - FR - OUESTFRANCE - 2019-08-01 00:00:00 - ERROR - STAT - expect_column_values_to_not_be_null - PHOTO - correctly filled rate (%) - 100.0
2019-08-19 08:16:37,166 - IMMO - FR - OUESTFRANCE - 2019-08-01 00:00:00 - ERROR - STAT - expect_column_values_to_be_in_type_list - PHOTO - correctly filled rate (%) - 100.0
2019-08-19 08:16:37,166 - IMMO - FR - OUESTFRANCE - 2019-08-01 00:00:00 - ERROR - STAT - expect_column_values_to_not_be_null - PIECE - correctly filled rate (%) - 100.0
2019-08-19 08:16:37,167 - IMMO - FR - OUESTFRANCE - 2019-08-01 00:00:00 - ERROR - STAT - expect_column_values_to_be_in_type_list - PIECE - correctly filled rate (%) - 100.0
2019-08-19 08:16:37,167 - IMMO - FR - OUESTFRANCE - 2019-08-01 00:00:00 - ERROR - STAT - expect_column_values_to_be_of_type - PRIX - correctly filled rate (%) - 100.0
2019-08-19 08:16:37,167 - IMMO - FR - OUESTFRANCE - 2019-08-01 00:00:00 - ERROR - STAT - expect_column_values_to_not_be_null - PRIX - correctly filled rate (%) - 100.0
2019-08-19 08:16:37,167 - IMMO - FR - OUESTFRANCE - 2019-08-01 00:00:00 - ERROR - STAT - expect_column_values_to_not_be_null - REGION - correctly filled rate (%) - 0.0
2019-08-19 08:16:37,167 - IMMO - FR - OUESTFRANCE - 2019-08-01 00:00:00 - ERROR - STAT - expect_column_values_to_match_regex - VILLE - correctly filled rate (%) - 100.0
2019-08-19 08:16:37,167 - IMMO - FR - OUESTFRANCE - 2019-08-01 00:00:00 - ERROR - STAT - expect_column_values_to_not_be_null - VILLE - correctly filled rate (%) - 100.0
2019-08-19 08:16:37,167 - IMMO - FR - OUESTFRANCE - 2019-08-01 00:00:00 - ERROR - STAT - expect_returning_row_unique_count - VILLE - total number of unique rows - 6948
2019-08-19 08:16:37,167 - IMMO - FR - OUESTFRANCE - 2019-08-01 00:00:00 - ERROR - STAT - expect_returning_row_count_on_conditions - PRIVATE_LISTINGS - total number of row with conditions - 2576
2019-08-19 08:16:37,167 - IMMO - FR - OUESTFRANCE - 2019-08-01 00:00:00 - ERROR - STAT - expect_returning_row_count_on_conditions - DEALER_LISTINGS - total number of row with conditions - 167932
2019-08-19 08:16:37,167 - IMMO - FR - OUESTFRANCE - 2019-08-01 00:00:00 - ERROR - STAT - expect_returning_row_unique_count - DEPARTEMENT - total number of unique rows - 92
