2019-07-08 10:45:41,298 - IMMO - FR.NEUF - LOGICIMMONEUF - 2019-06-01 00:00:00 - ERROR - STAT - expect_column_values_to_not_be_null - ACHAT_LOC - correctly filled rate (%) - 100.0
2019-07-08 10:45:41,298 - IMMO - FR.NEUF - LOGICIMMONEUF - 2019-06-01 00:00:00 - ERROR - STAT - expect_column_values_to_be_in_set - ACHAT_LOC - correctly filled rate (%) - 100.0
2019-07-08 10:45:41,298 - IMMO - FR.NEUF - LOGICIMMONEUF - 2019-06-01 00:00:00 - ERROR - STAT - expect_column_values_to_not_be_null - ADRESSE - correctly filled rate (%) - 85.44
2019-07-08 10:45:41,299 - IMMO - FR.NEUF - LOGICIMMONEUF - 2019-06-01 00:00:00 - ERROR - STAT - expect_column_values_to_not_be_null - AGENCE_ADRESSE - correctly filled rate (%) - 96.26
2019-07-08 10:45:41,299 - IMMO - FR.NEUF - LOGICIMMONEUF - 2019-06-01 00:00:00 - ERROR - STAT - expect_column_values_to_not_be_null - AGENCE_CP - correctly filled rate (%) - 96.2
2019-07-08 10:45:41,299 - IMMO - FR.NEUF - LOGICIMMONEUF - 2019-06-01 00:00:00 - ERROR - FILE_CHECK - expect_column_values_to_match_regex - AGENCE_CP - Unexpected value: 69003.0 on line 0, value should match regexp ^[0-9]{5}$
2019-07-08 10:45:41,299 - IMMO - FR.NEUF - LOGICIMMONEUF - 2019-06-01 00:00:00 - ERROR - FILE_CHECK - expect_column_values_to_match_regex - AGENCE_CP - Unexpected value: 92100.0 on line 1, value should match regexp ^[0-9]{5}$
2019-07-08 10:45:41,299 - IMMO - FR.NEUF - LOGICIMMONEUF - 2019-06-01 00:00:00 - ERROR - FILE_CHECK - expect_column_values_to_match_regex - AGENCE_CP - Unexpected value: 75008.0 on line 2, value should match regexp ^[0-9]{5}$
2019-07-08 10:45:41,299 - IMMO - FR.NEUF - LOGICIMMONEUF - 2019-06-01 00:00:00 - ERROR - FILE_CHECK - expect_column_values_to_match_regex - AGENCE_CP - Unexpected value: 31150.0 on line 3, value should match regexp ^[0-9]{5}$
2019-07-08 10:45:41,299 - IMMO - FR.NEUF - LOGICIMMONEUF - 2019-06-01 00:00:00 - ERROR - FILE_CHECK - expect_column_values_to_match_regex - AGENCE_CP - Unexpected value: 66200.0 on line 4, value should match regexp ^[0-9]{5}$
2019-07-08 10:45:41,299 - IMMO - FR.NEUF - LOGICIMMONEUF - 2019-06-01 00:00:00 - ERROR - FILE_CHECK - expect_column_values_to_match_regex - AGENCE_CP - Unexpected value: 92130.0 on line 5, value should match regexp ^[0-9]{5}$
2019-07-08 10:45:41,299 - IMMO - FR.NEUF - LOGICIMMONEUF - 2019-06-01 00:00:00 - ERROR - FILE_CHECK - expect_column_values_to_match_regex - AGENCE_CP - Unexpected value: 74960.0 on line 6, value should match regexp ^[0-9]{5}$
2019-07-08 10:45:41,299 - IMMO - FR.NEUF - LOGICIMMONEUF - 2019-06-01 00:00:00 - ERROR - FILE_CHECK - expect_column_values_to_match_regex - AGENCE_CP - Unexpected value: 92164.0 on line 7, value should match regexp ^[0-9]{5}$
2019-07-08 10:45:41,299 - IMMO - FR.NEUF - LOGICIMMONEUF - 2019-06-01 00:00:00 - ERROR - FILE_CHECK - expect_column_values_to_match_regex - AGENCE_CP - Unexpected value: 69003.0 on line 8, value should match regexp ^[0-9]{5}$
2019-07-08 10:45:41,299 - IMMO - FR.NEUF - LOGICIMMONEUF - 2019-06-01 00:00:00 - ERROR - FILE_CHECK - expect_column_values_to_match_regex - AGENCE_CP - Unexpected value: 92100.0 on line 9, value should match regexp ^[0-9]{5}$
2019-07-08 10:45:41,299 - IMMO - FR.NEUF - LOGICIMMONEUF - 2019-06-01 00:00:00 - ERROR - FILE_CHECK - expect_column_values_to_match_regex - AGENCE_CP - Unexpected value: 92100.0 on line 10, value should match regexp ^[0-9]{5}$
2019-07-08 10:45:41,299 - IMMO - FR.NEUF - LOGICIMMONEUF - 2019-06-01 00:00:00 - ERROR - FILE_CHECK - expect_column_values_to_match_regex - AGENCE_CP - Unexpected value: 92100.0 on line 11, value should match regexp ^[0-9]{5}$
2019-07-08 10:45:41,299 - IMMO - FR.NEUF - LOGICIMMONEUF - 2019-06-01 00:00:00 - ERROR - FILE_CHECK - expect_column_values_to_match_regex - AGENCE_CP - Unexpected value: 92164.0 on line 12, value should match regexp ^[0-9]{5}$
2019-07-08 10:45:41,299 - IMMO - FR.NEUF - LOGICIMMONEUF - 2019-06-01 00:00:00 - ERROR - FILE_CHECK - expect_column_values_to_match_regex - AGENCE_CP - Unexpected value: 92164.0 on line 13, value should match regexp ^[0-9]{5}$
2019-07-08 10:45:41,299 - IMMO - FR.NEUF - LOGICIMMONEUF - 2019-06-01 00:00:00 - ERROR - FILE_CHECK - expect_column_values_to_match_regex - AGENCE_CP - Unexpected value: 92100.0 on line 14, value should match regexp ^[0-9]{5}$
2019-07-08 10:45:41,299 - IMMO - FR.NEUF - LOGICIMMONEUF - 2019-06-01 00:00:00 - ERROR - FILE_CHECK - expect_column_values_to_match_regex - AGENCE_CP - Unexpected value: 92100.0 on line 15, value should match regexp ^[0-9]{5}$
2019-07-08 10:45:41,300 - IMMO - FR.NEUF - LOGICIMMONEUF - 2019-06-01 00:00:00 - ERROR - FILE_CHECK - expect_column_values_to_match_regex - AGENCE_CP - Unexpected value: 92100.0 on line 16, value should match regexp ^[0-9]{5}$
2019-07-08 10:45:41,300 - IMMO - FR.NEUF - LOGICIMMONEUF - 2019-06-01 00:00:00 - ERROR - FILE_CHECK - expect_column_values_to_match_regex - AGENCE_CP - Unexpected value: 92100.0 on line 17, value should match regexp ^[0-9]{5}$
2019-07-08 10:45:41,300 - IMMO - FR.NEUF - LOGICIMMONEUF - 2019-06-01 00:00:00 - ERROR - FILE_CHECK - expect_column_values_to_match_regex - AGENCE_CP - Unexpected value: 92164.0 on line 18, value should match regexp ^[0-9]{5}$
2019-07-08 10:45:41,300 - IMMO - FR.NEUF - LOGICIMMONEUF - 2019-06-01 00:00:00 - ERROR - FILE_CHECK - expect_column_values_to_match_regex - AGENCE_CP - Unexpected value: 92164.0 on line 19, value should match regexp ^[0-9]{5}$
2019-07-08 10:45:41,300 - IMMO - FR.NEUF - LOGICIMMONEUF - 2019-06-01 00:00:00 - ERROR - STAT - expect_column_values_to_match_regex - AGENCE_CP - correctly filled rate (%) - 0.0
2019-07-08 10:45:41,300 - IMMO - FR.NEUF - LOGICIMMONEUF - 2019-06-01 00:00:00 - ERROR - STAT - expect_column_values_to_not_be_null - AGENCE_NOM - correctly filled rate (%) - 96.26
2019-07-08 10:45:41,300 - IMMO - FR.NEUF - LOGICIMMONEUF - 2019-06-01 00:00:00 - ERROR - STAT - expect_column_values_to_be_phone_number - AGENCE_TEL - correctly filled rate (%) - 100.0
2019-07-08 10:45:41,300 - IMMO - FR.NEUF - LOGICIMMONEUF - 2019-06-01 00:00:00 - ERROR - STAT - expect_column_values_to_not_be_null - AGENCE_TEL - correctly filled rate (%) - 99.83
2019-07-08 10:45:41,300 - IMMO - FR.NEUF - LOGICIMMONEUF - 2019-06-01 00:00:00 - ERROR - STAT - expect_column_values_to_not_be_null - AGENCE_VILLE - correctly filled rate (%) - 96.26
2019-07-08 10:45:41,300 - IMMO - FR.NEUF - LOGICIMMONEUF - 2019-06-01 00:00:00 - ERROR - STAT - expect_column_values_to_not_be_null - ANNONCE_DATE - correctly filled rate (%) - 0.0
2019-07-08 10:45:41,300 - IMMO - FR.NEUF - LOGICIMMONEUF - 2019-06-01 00:00:00 - ERROR - STAT - expect_column_values_to_not_be_null - ANNONCE_LINK - correctly filled rate (%) - 100.0
2019-07-08 10:45:41,300 - IMMO - FR.NEUF - LOGICIMMONEUF - 2019-06-01 00:00:00 - ERROR - STAT - expect_column_values_to_be_unique - ANNONCE_LINK - observed proportion - 100.0
2019-07-08 10:45:41,300 - IMMO - FR.NEUF - LOGICIMMONEUF - 2019-06-01 00:00:00 - ERROR - FILE_CHECK - expect_column_value_lengths_to_be_between - ANNONCE_TEXT - Unexpected characters count of: [Situé dans le quarti...] on line  0, value length should be between 0 and 255
2019-07-08 10:45:41,300 - IMMO - FR.NEUF - LOGICIMMONEUF - 2019-06-01 00:00:00 - ERROR - FILE_CHECK - expect_column_value_lengths_to_be_between - ANNONCE_TEXT - Unexpected characters count of: [Un emplacement prati...] on line  1, value length should be between 0 and 255
2019-07-08 10:45:41,300 - IMMO - FR.NEUF - LOGICIMMONEUF - 2019-06-01 00:00:00 - ERROR - FILE_CHECK - expect_column_value_lengths_to_be_between - ANNONCE_TEXT - Unexpected characters count of: [SUCCES COMMERCIAL : ...] on line  2, value length should be between 0 and 255
2019-07-08 10:45:41,300 - IMMO - FR.NEUF - LOGICIMMONEUF - 2019-06-01 00:00:00 - ERROR - FILE_CHECK - expect_column_value_lengths_to_be_between - ANNONCE_TEXT - Unexpected characters count of: [Proche de toutes les...] on line  3, value length should be between 0 and 255
2019-07-08 10:45:41,300 - IMMO - FR.NEUF - LOGICIMMONEUF - 2019-06-01 00:00:00 - ERROR - FILE_CHECK - expect_column_value_lengths_to_be_between - ANNONCE_TEXT - Unexpected characters count of: [La Résidence Castell...] on line  4, value length should be between 0 and 255
2019-07-08 10:45:41,300 - IMMO - FR.NEUF - LOGICIMMONEUF - 2019-06-01 00:00:00 - ERROR - FILE_CHECK - expect_column_value_lengths_to_be_between - ANNONCE_TEXT - Unexpected characters count of: [Cuisine OFFERTE et I...] on line  5, value length should be between 0 and 255
2019-07-08 10:45:41,301 - IMMO - FR.NEUF - LOGICIMMONEUF - 2019-06-01 00:00:00 - ERROR - FILE_CHECK - expect_column_value_lengths_to_be_between - ANNONCE_TEXT - Unexpected characters count of: [Faisant partie intég...] on line  6, value length should be between 0 and 255
2019-07-08 10:45:41,301 - IMMO - FR.NEUF - LOGICIMMONEUF - 2019-06-01 00:00:00 - ERROR - FILE_CHECK - expect_column_value_lengths_to_be_between - ANNONCE_TEXT - Unexpected characters count of: [A La Balme de Sillin...] on line  7, value length should be between 0 and 255
2019-07-08 10:45:41,301 - IMMO - FR.NEUF - LOGICIMMONEUF - 2019-06-01 00:00:00 - ERROR - FILE_CHECK - expect_column_value_lengths_to_be_between - ANNONCE_TEXT - Unexpected characters count of: [Le programme se situ...] on line  8, value length should be between 0 and 255
2019-07-08 10:45:41,301 - IMMO - FR.NEUF - LOGICIMMONEUF - 2019-06-01 00:00:00 - ERROR - FILE_CHECK - expect_column_value_lengths_to_be_between - ANNONCE_TEXT - Unexpected characters count of: [Travaux en cours - S...] on line  9, value length should be between 0 and 255
2019-07-08 10:45:41,301 - IMMO - FR.NEUF - LOGICIMMONEUF - 2019-06-01 00:00:00 - ERROR - FILE_CHECK - expect_column_value_lengths_to_be_between - ANNONCE_TEXT - Unexpected characters count of: [Travaux en cours - A...] on line  10, value length should be between 0 and 255
2019-07-08 10:45:41,301 - IMMO - FR.NEUF - LOGICIMMONEUF - 2019-06-01 00:00:00 - ERROR - FILE_CHECK - expect_column_value_lengths_to_be_between - ANNONCE_TEXT - Unexpected characters count of: [Nouveau - Ville au p...] on line  11, value length should be between 0 and 255
2019-07-08 10:45:41,301 - IMMO - FR.NEUF - LOGICIMMONEUF - 2019-06-01 00:00:00 - ERROR - FILE_CHECK - expect_column_value_lengths_to_be_between - ANNONCE_TEXT - Unexpected characters count of: [Villa Iréna s'inscri...] on line  12, value length should be between 0 and 255
2019-07-08 10:45:41,301 - IMMO - FR.NEUF - LOGICIMMONEUF - 2019-06-01 00:00:00 - ERROR - FILE_CHECK - expect_column_value_lengths_to_be_between - ANNONCE_TEXT - Unexpected characters count of: [Cette résidence sur ...] on line  13, value length should be between 0 and 255
2019-07-08 10:45:41,301 - IMMO - FR.NEUF - LOGICIMMONEUF - 2019-06-01 00:00:00 - ERROR - FILE_CHECK - expect_column_value_lengths_to_be_between - ANNONCE_TEXT - Unexpected characters count of: [Travaux en cours - R...] on line  14, value length should be between 0 and 255
2019-07-08 10:45:41,301 - IMMO - FR.NEUF - LOGICIMMONEUF - 2019-06-01 00:00:00 - ERROR - FILE_CHECK - expect_column_value_lengths_to_be_between - ANNONCE_TEXT - Unexpected characters count of: [Travaux en cours - S...] on line  15, value length should be between 0 and 255
2019-07-08 10:45:41,301 - IMMO - FR.NEUF - LOGICIMMONEUF - 2019-06-01 00:00:00 - ERROR - FILE_CHECK - expect_column_value_lengths_to_be_between - ANNONCE_TEXT - Unexpected characters count of: [Travaux en cours - D...] on line  16, value length should be between 0 and 255
2019-07-08 10:45:41,301 - IMMO - FR.NEUF - LOGICIMMONEUF - 2019-06-01 00:00:00 - ERROR - FILE_CHECK - expect_column_value_lengths_to_be_between - ANNONCE_TEXT - Unexpected characters count of: [Opportunités - A que...] on line  17, value length should be between 0 and 255
2019-07-08 10:45:41,301 - IMMO - FR.NEUF - LOGICIMMONEUF - 2019-06-01 00:00:00 - ERROR - FILE_CHECK - expect_column_value_lengths_to_be_between - ANNONCE_TEXT - Unexpected characters count of: [A l'Est de Paris, Sa...] on line  18, value length should be between 0 and 255
2019-07-08 10:45:41,301 - IMMO - FR.NEUF - LOGICIMMONEUF - 2019-06-01 00:00:00 - ERROR - FILE_CHECK - expect_column_value_lengths_to_be_between - ANNONCE_TEXT - Unexpected characters count of: [Dans le quartier trè...] on line  19, value length should be between 0 and 255
2019-07-08 10:45:41,301 - IMMO - FR.NEUF - LOGICIMMONEUF - 2019-06-01 00:00:00 - ERROR - STAT - expect_column_value_lengths_to_be_between - ANNONCE_TEXT - correctly filled rate (%) - 4.68
2019-07-08 10:45:41,301 - IMMO - FR.NEUF - LOGICIMMONEUF - 2019-06-01 00:00:00 - ERROR - STAT - expect_column_values_to_not_be_null - ANNONCE_TEXT - correctly filled rate (%) - 98.64
2019-07-08 10:45:41,301 - IMMO - FR.NEUF - LOGICIMMONEUF - 2019-06-01 00:00:00 - ERROR - STAT - expect_column_values_to_not_be_null - CATEGORIE - correctly filled rate (%) - 100.0
2019-07-08 10:45:41,301 - IMMO - FR.NEUF - LOGICIMMONEUF - 2019-06-01 00:00:00 - ERROR - STAT - expect_column_values_to_not_be_null - CP - correctly filled rate (%) - 100.0
2019-07-08 10:45:41,302 - IMMO - FR.NEUF - LOGICIMMONEUF - 2019-06-01 00:00:00 - ERROR - FILE_CHECK - expect_column_values_to_match_regex - CP - Unexpected value: 6110 on line 5, value should match regexp ^[0-9]{5}$
2019-07-08 10:45:41,302 - IMMO - FR.NEUF - LOGICIMMONEUF - 2019-06-01 00:00:00 - ERROR - FILE_CHECK - expect_column_values_to_match_regex - CP - Unexpected value: 6130 on line 15, value should match regexp ^[0-9]{5}$
2019-07-08 10:45:41,302 - IMMO - FR.NEUF - LOGICIMMONEUF - 2019-06-01 00:00:00 - ERROR - FILE_CHECK - expect_column_values_to_match_regex - CP - Unexpected value: 7430 on line 371, value should match regexp ^[0-9]{5}$
2019-07-08 10:45:41,302 - IMMO - FR.NEUF - LOGICIMMONEUF - 2019-06-01 00:00:00 - ERROR - FILE_CHECK - expect_column_values_to_match_regex - CP - Unexpected value: 7300 on line 375, value should match regexp ^[0-9]{5}$
2019-07-08 10:45:41,302 - IMMO - FR.NEUF - LOGICIMMONEUF - 2019-06-01 00:00:00 - ERROR - FILE_CHECK - expect_column_values_to_match_regex - CP - Unexpected value: 1630 on line 421, value should match regexp ^[0-9]{5}$
2019-07-08 10:45:41,302 - IMMO - FR.NEUF - LOGICIMMONEUF - 2019-06-01 00:00:00 - ERROR - FILE_CHECK - expect_column_values_to_match_regex - CP - Unexpected value: 1630 on line 424, value should match regexp ^[0-9]{5}$
2019-07-08 10:45:41,302 - IMMO - FR.NEUF - LOGICIMMONEUF - 2019-06-01 00:00:00 - ERROR - FILE_CHECK - expect_column_values_to_match_regex - CP - Unexpected value: 5220 on line 473, value should match regexp ^[0-9]{5}$
2019-07-08 10:45:41,302 - IMMO - FR.NEUF - LOGICIMMONEUF - 2019-06-01 00:00:00 - ERROR - FILE_CHECK - expect_column_values_to_match_regex - CP - Unexpected value: 5100 on line 479, value should match regexp ^[0-9]{5}$
2019-07-08 10:45:41,302 - IMMO - FR.NEUF - LOGICIMMONEUF - 2019-06-01 00:00:00 - ERROR - FILE_CHECK - expect_column_values_to_match_regex - CP - Unexpected value: 1200 on line 525, value should match regexp ^[0-9]{5}$
2019-07-08 10:45:41,302 - IMMO - FR.NEUF - LOGICIMMONEUF - 2019-06-01 00:00:00 - ERROR - FILE_CHECK - expect_column_values_to_match_regex - CP - Unexpected value: 1700 on line 537, value should match regexp ^[0-9]{5}$
2019-07-08 10:45:41,302 - IMMO - FR.NEUF - LOGICIMMONEUF - 2019-06-01 00:00:00 - ERROR - FILE_CHECK - expect_column_values_to_match_regex - CP - Unexpected value: 1700 on line 538, value should match regexp ^[0-9]{5}$
2019-07-08 10:45:41,302 - IMMO - FR.NEUF - LOGICIMMONEUF - 2019-06-01 00:00:00 - ERROR - FILE_CHECK - expect_column_values_to_match_regex - CP - Unexpected value: 1170 on line 542, value should match regexp ^[0-9]{5}$
2019-07-08 10:45:41,302 - IMMO - FR.NEUF - LOGICIMMONEUF - 2019-06-01 00:00:00 - ERROR - FILE_CHECK - expect_column_values_to_match_regex - CP - Unexpected value: 1170 on line 543, value should match regexp ^[0-9]{5}$
2019-07-08 10:45:41,302 - IMMO - FR.NEUF - LOGICIMMONEUF - 2019-06-01 00:00:00 - ERROR - FILE_CHECK - expect_column_values_to_match_regex - CP - Unexpected value: 1630 on line 544, value should match regexp ^[0-9]{5}$
2019-07-08 10:45:41,302 - IMMO - FR.NEUF - LOGICIMMONEUF - 2019-06-01 00:00:00 - ERROR - FILE_CHECK - expect_column_values_to_match_regex - CP - Unexpected value: 1210 on line 549, value should match regexp ^[0-9]{5}$
2019-07-08 10:45:41,302 - IMMO - FR.NEUF - LOGICIMMONEUF - 2019-06-01 00:00:00 - ERROR - FILE_CHECK - expect_column_values_to_match_regex - CP - Unexpected value: 1710 on line 553, value should match regexp ^[0-9]{5}$
2019-07-08 10:45:41,302 - IMMO - FR.NEUF - LOGICIMMONEUF - 2019-06-01 00:00:00 - ERROR - FILE_CHECK - expect_column_values_to_match_regex - CP - Unexpected value: 1710 on line 554, value should match regexp ^[0-9]{5}$
2019-07-08 10:45:41,302 - IMMO - FR.NEUF - LOGICIMMONEUF - 2019-06-01 00:00:00 - ERROR - FILE_CHECK - expect_column_values_to_match_regex - CP - Unexpected value: 1220 on line 564, value should match regexp ^[0-9]{5}$
2019-07-08 10:45:41,302 - IMMO - FR.NEUF - LOGICIMMONEUF - 2019-06-01 00:00:00 - ERROR - FILE_CHECK - expect_column_values_to_match_regex - CP - Unexpected value: 6200 on line 609, value should match regexp ^[0-9]{5}$
2019-07-08 10:45:41,303 - IMMO - FR.NEUF - LOGICIMMONEUF - 2019-06-01 00:00:00 - ERROR - FILE_CHECK - expect_column_values_to_match_regex - CP - Unexpected value: 6100 on line 711, value should match regexp ^[0-9]{5}$
2019-07-08 10:45:41,303 - IMMO - FR.NEUF - LOGICIMMONEUF - 2019-06-01 00:00:00 - ERROR - STAT - expect_column_values_to_match_regex - CP - correctly filled rate (%) - 94.1
2019-07-08 10:45:41,303 - IMMO - FR.NEUF - LOGICIMMONEUF - 2019-06-01 00:00:00 - ERROR - STAT - expect_column_values_to_not_be_null - DEPARTEMENT - correctly filled rate (%) - 100.0
2019-07-08 10:45:41,303 - IMMO - FR.NEUF - LOGICIMMONEUF - 2019-06-01 00:00:00 - ERROR - STAT - expect_returning_row_count - EVERY_COLUMNS - total number of rows - 5454
2019-07-08 10:45:41,303 - IMMO - FR.NEUF - LOGICIMMONEUF - 2019-06-01 00:00:00 - ERROR - STAT - expect_column_values_to_not_be_null - ID_CLIENT - correctly filled rate (%) - 100.0
2019-07-08 10:45:41,303 - IMMO - FR.NEUF - LOGICIMMONEUF - 2019-06-01 00:00:00 - ERROR - FILE_CHECK - expect_column_values_to_be_unique - ID_CLIENT - Unexpected value: e7667848-f773-5dfe-3d2f-1cfbdf1ff7ed on line 2083, value should be unique
2019-07-08 10:45:41,303 - IMMO - FR.NEUF - LOGICIMMONEUF - 2019-06-01 00:00:00 - ERROR - FILE_CHECK - expect_column_values_to_be_unique - ID_CLIENT - Unexpected value: e7667848-f773-5dfe-3d2f-1cfbdf1ff7ed on line 2087, value should be unique
2019-07-08 10:45:41,303 - IMMO - FR.NEUF - LOGICIMMONEUF - 2019-06-01 00:00:00 - ERROR - STAT - expect_column_values_to_be_unique - ID_CLIENT - observed proportion - 99.96
2019-07-08 10:45:41,303 - IMMO - FR.NEUF - LOGICIMMONEUF - 2019-06-01 00:00:00 - ERROR - FILE_CHECK - expect_column_values_to_be_of_type - M2_TOTALE - Wrong type for value: 34.0 on line 2 should be int
2019-07-08 10:45:41,303 - IMMO - FR.NEUF - LOGICIMMONEUF - 2019-06-01 00:00:00 - ERROR - FILE_CHECK - expect_column_values_to_be_of_type - M2_TOTALE - Wrong type for value: 26.0 on line 3 should be int
2019-07-08 10:45:41,303 - IMMO - FR.NEUF - LOGICIMMONEUF - 2019-06-01 00:00:00 - ERROR - FILE_CHECK - expect_column_values_to_be_of_type - M2_TOTALE - Wrong type for value: 64.0 on line 5 should be int
2019-07-08 10:45:41,303 - IMMO - FR.NEUF - LOGICIMMONEUF - 2019-06-01 00:00:00 - ERROR - FILE_CHECK - expect_column_values_to_be_of_type - M2_TOTALE - Wrong type for value: 49.0 on line 6 should be int
2019-07-08 10:45:41,303 - IMMO - FR.NEUF - LOGICIMMONEUF - 2019-06-01 00:00:00 - ERROR - FILE_CHECK - expect_column_values_to_be_of_type - M2_TOTALE - Wrong type for value: 40.0 on line 9 should be int
2019-07-08 10:45:41,303 - IMMO - FR.NEUF - LOGICIMMONEUF - 2019-06-01 00:00:00 - ERROR - FILE_CHECK - expect_column_values_to_be_of_type - M2_TOTALE - Wrong type for value: 38.0 on line 10 should be int
2019-07-08 10:45:41,303 - IMMO - FR.NEUF - LOGICIMMONEUF - 2019-06-01 00:00:00 - ERROR - FILE_CHECK - expect_column_values_to_be_of_type - M2_TOTALE - Wrong type for value: 38.0 on line 11 should be int
2019-07-08 10:45:41,303 - IMMO - FR.NEUF - LOGICIMMONEUF - 2019-06-01 00:00:00 - ERROR - FILE_CHECK - expect_column_values_to_be_of_type - M2_TOTALE - Wrong type for value: 38.0 on line 12 should be int
2019-07-08 10:45:41,303 - IMMO - FR.NEUF - LOGICIMMONEUF - 2019-06-01 00:00:00 - ERROR - FILE_CHECK - expect_column_values_to_be_of_type - M2_TOTALE - Wrong type for value: 42.0 on line 13 should be int
2019-07-08 10:45:41,303 - IMMO - FR.NEUF - LOGICIMMONEUF - 2019-06-01 00:00:00 - ERROR - FILE_CHECK - expect_column_values_to_be_of_type - M2_TOTALE - Wrong type for value: 36.0 on line 14 should be int
2019-07-08 10:45:41,304 - IMMO - FR.NEUF - LOGICIMMONEUF - 2019-06-01 00:00:00 - ERROR - FILE_CHECK - expect_column_values_to_be_of_type - M2_TOTALE - Wrong type for value: 40.0 on line 15 should be int
2019-07-08 10:45:41,304 - IMMO - FR.NEUF - LOGICIMMONEUF - 2019-06-01 00:00:00 - ERROR - FILE_CHECK - expect_column_values_to_be_of_type - M2_TOTALE - Wrong type for value: 34.0 on line 16 should be int
2019-07-08 10:45:41,304 - IMMO - FR.NEUF - LOGICIMMONEUF - 2019-06-01 00:00:00 - ERROR - FILE_CHECK - expect_column_values_to_be_of_type - M2_TOTALE - Wrong type for value: 60.0 on line 17 should be int
2019-07-08 10:45:41,304 - IMMO - FR.NEUF - LOGICIMMONEUF - 2019-06-01 00:00:00 - ERROR - FILE_CHECK - expect_column_values_to_be_of_type - M2_TOTALE - Wrong type for value: 54.0 on line 18 should be int
2019-07-08 10:45:41,304 - IMMO - FR.NEUF - LOGICIMMONEUF - 2019-06-01 00:00:00 - ERROR - FILE_CHECK - expect_column_values_to_be_of_type - M2_TOTALE - Wrong type for value: 41.0 on line 19 should be int
2019-07-08 10:45:41,304 - IMMO - FR.NEUF - LOGICIMMONEUF - 2019-06-01 00:00:00 - ERROR - FILE_CHECK - expect_column_values_to_be_of_type - M2_TOTALE - Wrong type for value: 41.0 on line 20 should be int
2019-07-08 10:45:41,304 - IMMO - FR.NEUF - LOGICIMMONEUF - 2019-06-01 00:00:00 - ERROR - FILE_CHECK - expect_column_values_to_be_of_type - M2_TOTALE - Wrong type for value: 41.0 on line 21 should be int
2019-07-08 10:45:41,304 - IMMO - FR.NEUF - LOGICIMMONEUF - 2019-06-01 00:00:00 - ERROR - FILE_CHECK - expect_column_values_to_be_of_type - M2_TOTALE - Wrong type for value: 108.0 on line 23 should be int
2019-07-08 10:45:41,304 - IMMO - FR.NEUF - LOGICIMMONEUF - 2019-06-01 00:00:00 - ERROR - FILE_CHECK - expect_column_values_to_be_of_type - M2_TOTALE - Wrong type for value: 66.0 on line 24 should be int
2019-07-08 10:45:41,304 - IMMO - FR.NEUF - LOGICIMMONEUF - 2019-06-01 00:00:00 - ERROR - FILE_CHECK - expect_column_values_to_be_of_type - M2_TOTALE - Wrong type for value: 46.0 on line 25 should be int
2019-07-08 10:45:41,304 - IMMO - FR.NEUF - LOGICIMMONEUF - 2019-06-01 00:00:00 - ERROR - STAT - expect_column_values_to_be_of_type - M2_TOTALE - correctly filled rate (%) - 0.0
2019-07-08 10:45:41,304 - IMMO - FR.NEUF - LOGICIMMONEUF - 2019-06-01 00:00:00 - ERROR - STAT - expect_column_values_to_not_be_null - M2_TOTALE - correctly filled rate (%) - 79.92
2019-07-08 10:45:41,304 - IMMO - FR.NEUF - LOGICIMMONEUF - 2019-06-01 00:00:00 - ERROR - STAT - expect_column_values_to_not_be_null - MAISON_APT - correctly filled rate (%) - 0.0
2019-07-08 10:45:41,304 - IMMO - FR.NEUF - LOGICIMMONEUF - 2019-06-01 00:00:00 - ERROR - STAT - expect_column_values_to_not_be_null - MINI_SITE_ID - correctly filled rate (%) - 98.37
2019-07-08 10:45:41,304 - IMMO - FR.NEUF - LOGICIMMONEUF - 2019-06-01 00:00:00 - ERROR - STAT - expect_column_values_to_not_be_null - NOM - correctly filled rate (%) - 100.0
2019-07-08 10:45:41,304 - IMMO - FR.NEUF - LOGICIMMONEUF - 2019-06-01 00:00:00 - ERROR - STAT - expect_column_value_lengths_to_be_between - NOM - correctly filled rate (%) - 100.0
2019-07-08 10:45:41,304 - IMMO - FR.NEUF - LOGICIMMONEUF - 2019-06-01 00:00:00 - ERROR - STAT - expect_column_values_to_match_regex - PAYS_AD - correctly filled rate (%) - 100.0
2019-07-08 10:45:41,305 - IMMO - FR.NEUF - LOGICIMMONEUF - 2019-06-01 00:00:00 - ERROR - STAT - expect_column_values_to_not_be_null - PAYS_AD - correctly filled rate (%) - 100.0
2019-07-08 10:45:41,305 - IMMO - FR.NEUF - LOGICIMMONEUF - 2019-06-01 00:00:00 - ERROR - STAT - expect_column_values_to_not_be_null - PHOTO - correctly filled rate (%) - 100.0
2019-07-08 10:45:41,305 - IMMO - FR.NEUF - LOGICIMMONEUF - 2019-06-01 00:00:00 - ERROR - STAT - expect_column_values_to_be_in_type_list - PHOTO - correctly filled rate (%) - 100.0
2019-07-08 10:45:41,305 - IMMO - FR.NEUF - LOGICIMMONEUF - 2019-06-01 00:00:00 - ERROR - STAT - expect_column_values_to_not_be_null - PIECE - correctly filled rate (%) - 86.29
2019-07-08 10:45:41,305 - IMMO - FR.NEUF - LOGICIMMONEUF - 2019-06-01 00:00:00 - ERROR - STAT - expect_column_values_to_be_in_type_list - PIECE - correctly filled rate (%) - 100.0
2019-07-08 10:45:41,305 - IMMO - FR.NEUF - LOGICIMMONEUF - 2019-06-01 00:00:00 - ERROR - FILE_CHECK - expect_column_values_to_be_of_type - PRIX - Wrong type for value: 164500.0 on line 2 should be int
2019-07-08 10:45:41,305 - IMMO - FR.NEUF - LOGICIMMONEUF - 2019-06-01 00:00:00 - ERROR - FILE_CHECK - expect_column_values_to_be_of_type - PRIX - Wrong type for value: 149000.0 on line 3 should be int
2019-07-08 10:45:41,305 - IMMO - FR.NEUF - LOGICIMMONEUF - 2019-06-01 00:00:00 - ERROR - FILE_CHECK - expect_column_values_to_be_of_type - PRIX - Wrong type for value: 470000.0 on line 5 should be int
2019-07-08 10:45:41,305 - IMMO - FR.NEUF - LOGICIMMONEUF - 2019-06-01 00:00:00 - ERROR - FILE_CHECK - expect_column_values_to_be_of_type - PRIX - Wrong type for value: 257000.0 on line 6 should be int
2019-07-08 10:45:41,305 - IMMO - FR.NEUF - LOGICIMMONEUF - 2019-06-01 00:00:00 - ERROR - FILE_CHECK - expect_column_values_to_be_of_type - PRIX - Wrong type for value: 164000.0 on line 9 should be int
2019-07-08 10:45:41,305 - IMMO - FR.NEUF - LOGICIMMONEUF - 2019-06-01 00:00:00 - ERROR - FILE_CHECK - expect_column_values_to_be_of_type - PRIX - Wrong type for value: 162000.0 on line 10 should be int
2019-07-08 10:45:41,305 - IMMO - FR.NEUF - LOGICIMMONEUF - 2019-06-01 00:00:00 - ERROR - FILE_CHECK - expect_column_values_to_be_of_type - PRIX - Wrong type for value: 166000.0 on line 11 should be int
2019-07-08 10:45:41,305 - IMMO - FR.NEUF - LOGICIMMONEUF - 2019-06-01 00:00:00 - ERROR - FILE_CHECK - expect_column_values_to_be_of_type - PRIX - Wrong type for value: 279000.0 on line 12 should be int
2019-07-08 10:45:41,305 - IMMO - FR.NEUF - LOGICIMMONEUF - 2019-06-01 00:00:00 - ERROR - FILE_CHECK - expect_column_values_to_be_of_type - PRIX - Wrong type for value: 272000.0 on line 13 should be int
2019-07-08 10:45:41,305 - IMMO - FR.NEUF - LOGICIMMONEUF - 2019-06-01 00:00:00 - ERROR - FILE_CHECK - expect_column_values_to_be_of_type - PRIX - Wrong type for value: 179500.0 on line 14 should be int
2019-07-08 10:45:41,305 - IMMO - FR.NEUF - LOGICIMMONEUF - 2019-06-01 00:00:00 - ERROR - FILE_CHECK - expect_column_values_to_be_of_type - PRIX - Wrong type for value: 179000.0 on line 15 should be int
2019-07-08 10:45:41,305 - IMMO - FR.NEUF - LOGICIMMONEUF - 2019-06-01 00:00:00 - ERROR - FILE_CHECK - expect_column_values_to_be_of_type - PRIX - Wrong type for value: 173000.0 on line 16 should be int
2019-07-08 10:45:41,306 - IMMO - FR.NEUF - LOGICIMMONEUF - 2019-06-01 00:00:00 - ERROR - FILE_CHECK - expect_column_values_to_be_of_type - PRIX - Wrong type for value: 178500.0 on line 17 should be int
2019-07-08 10:45:41,306 - IMMO - FR.NEUF - LOGICIMMONEUF - 2019-06-01 00:00:00 - ERROR - FILE_CHECK - expect_column_values_to_be_of_type - PRIX - Wrong type for value: 361000.0 on line 18 should be int
2019-07-08 10:45:41,306 - IMMO - FR.NEUF - LOGICIMMONEUF - 2019-06-01 00:00:00 - ERROR - FILE_CHECK - expect_column_values_to_be_of_type - PRIX - Wrong type for value: 343000.0 on line 19 should be int
2019-07-08 10:45:41,306 - IMMO - FR.NEUF - LOGICIMMONEUF - 2019-06-01 00:00:00 - ERROR - FILE_CHECK - expect_column_values_to_be_of_type - PRIX - Wrong type for value: 365000.0 on line 20 should be int
2019-07-08 10:45:41,306 - IMMO - FR.NEUF - LOGICIMMONEUF - 2019-06-01 00:00:00 - ERROR - FILE_CHECK - expect_column_values_to_be_of_type - PRIX - Wrong type for value: 192500.0 on line 21 should be int
2019-07-08 10:45:41,306 - IMMO - FR.NEUF - LOGICIMMONEUF - 2019-06-01 00:00:00 - ERROR - FILE_CHECK - expect_column_values_to_be_of_type - PRIX - Wrong type for value: 128000.0 on line 22 should be int
2019-07-08 10:45:41,306 - IMMO - FR.NEUF - LOGICIMMONEUF - 2019-06-01 00:00:00 - ERROR - FILE_CHECK - expect_column_values_to_be_of_type - PRIX - Wrong type for value: 350000.0 on line 23 should be int
2019-07-08 10:45:41,306 - IMMO - FR.NEUF - LOGICIMMONEUF - 2019-06-01 00:00:00 - ERROR - FILE_CHECK - expect_column_values_to_be_of_type - PRIX - Wrong type for value: 209000.0 on line 24 should be int
2019-07-08 10:45:41,306 - IMMO - FR.NEUF - LOGICIMMONEUF - 2019-06-01 00:00:00 - ERROR - STAT - expect_column_values_to_be_of_type - PRIX - correctly filled rate (%) - 0.0
2019-07-08 10:45:41,306 - IMMO - FR.NEUF - LOGICIMMONEUF - 2019-06-01 00:00:00 - ERROR - STAT - expect_column_values_to_not_be_null - PRIX - correctly filled rate (%) - 84.97
2019-07-08 10:45:41,306 - IMMO - FR.NEUF - LOGICIMMONEUF - 2019-06-01 00:00:00 - ERROR - STAT - expect_column_values_to_not_be_null - PRO_IND - correctly filled rate (%) - 100.0
2019-07-08 10:45:41,306 - IMMO - FR.NEUF - LOGICIMMONEUF - 2019-06-01 00:00:00 - ERROR - STAT - expect_column_values_to_be_in_set - PRO_IND - correctly filled rate (%) - 100.0
2019-07-08 10:45:41,306 - IMMO - FR.NEUF - LOGICIMMONEUF - 2019-06-01 00:00:00 - ERROR - STAT - expect_column_values_to_not_be_null - REGION - correctly filled rate (%) - 0.0
2019-07-08 10:45:41,306 - IMMO - FR.NEUF - LOGICIMMONEUF - 2019-06-01 00:00:00 - ERROR - STAT - expect_column_values_to_not_be_null - SELLER_TYPE - correctly filled rate (%) - 100.0
2019-07-08 10:45:41,306 - IMMO - FR.NEUF - LOGICIMMONEUF - 2019-06-01 00:00:00 - ERROR - STAT - expect_column_values_to_match_regex - SELLER_TYPE - correctly filled rate (%) - 100.0
2019-07-08 10:45:41,306 - IMMO - FR.NEUF - LOGICIMMONEUF - 2019-06-01 00:00:00 - ERROR - STAT - expect_column_values_to_match_regex - VILLE - correctly filled rate (%) - 100.0
2019-07-08 10:45:41,306 - IMMO - FR.NEUF - LOGICIMMONEUF - 2019-06-01 00:00:00 - ERROR - STAT - expect_column_values_to_not_be_null - VILLE - correctly filled rate (%) - 100.0
2019-07-08 10:45:41,306 - IMMO - FR.NEUF - LOGICIMMONEUF - 2019-06-01 00:00:00 - ERROR - STAT - expect_returning_row_unique_count - VILLE - total number of unique rows - 2383
2019-07-08 10:45:41,306 - IMMO - FR.NEUF - LOGICIMMONEUF - 2019-06-01 00:00:00 - ERROR - STAT - expect_returning_row_count_on_conditions - DEALER_LISTINGS - total number of row with conditions - 5454
2019-07-08 10:45:41,307 - IMMO - FR.NEUF - LOGICIMMONEUF - 2019-06-01 00:00:00 - ERROR - STAT - expect_returning_row_count_on_conditions - PRIVATE_LISTINGS - total number of row with conditions - 0
