2019-11-22 09:02:40,656 - VO - BR - SOCARRAO - 2019-11-01 00:00:00 - ERROR - FILE_VALIDATE - expect_file_to_be_validated - EVERY_COLUMNS - False - 0
2019-11-22 09:02:40,656 - VO - BR - SOCARRAO - 2019-11-01 00:00:00 - ERROR - STAT - expect_column_values_to_not_be_null - ADRESSE - correctly filled rate (%) - 0.0
2019-11-22 09:02:40,657 - VO - BR - SOCARRAO - 2019-11-01 00:00:00 - ERROR - FILE_VALIDATE - expect_column_values_to_not_be_null - ADRESSE - False - 0
2019-11-22 09:02:40,657 - VO - BR - SOCARRAO - 2019-11-01 00:00:00 - ERROR - STAT - expect_column_values_to_be_in_type_list - ANNEE - correctly filled rate (%) - 100.0
2019-11-22 09:02:40,657 - VO - BR - SOCARRAO - 2019-11-01 00:00:00 - ERROR - FILE_VALIDATE - expect_column_values_to_be_in_type_list - ANNEE - True - 1
2019-11-22 09:02:40,657 - VO - BR - SOCARRAO - 2019-11-01 00:00:00 - ERROR - STAT - expect_column_values_to_be_between - ANNEE - correctly filled rate (%) - 99.56
2019-11-22 09:02:40,657 - VO - BR - SOCARRAO - 2019-11-01 00:00:00 - ERROR - STAT - expect_column_values_to_be_between - ANNEE - unexpected count - 160
2019-11-22 09:02:40,657 - VO - BR - SOCARRAO - 2019-11-01 00:00:00 - ERROR - FILE_VALIDATE - expect_column_values_to_be_between - ANNEE - True - 1
2019-11-22 09:02:40,657 - VO - BR - SOCARRAO - 2019-11-01 00:00:00 - ERROR - STAT - expect_column_values_to_not_be_null - ANNEE - correctly filled rate (%) - 100.0
2019-11-22 09:02:40,657 - VO - BR - SOCARRAO - 2019-11-01 00:00:00 - ERROR - FILE_VALIDATE - expect_column_values_to_not_be_null - ANNEE - True - 1
2019-11-22 09:02:40,657 - VO - BR - SOCARRAO - 2019-11-01 00:00:00 - ERROR - STAT - expect_column_values_to_match_regex - ANNEE - correctly filled rate (%) - 100.0
2019-11-22 09:02:40,657 - VO - BR - SOCARRAO - 2019-11-01 00:00:00 - ERROR - FILE_VALIDATE - expect_column_values_to_match_regex - ANNEE - True - 1
2019-11-22 09:02:40,657 - VO - BR - SOCARRAO - 2019-11-01 00:00:00 - ERROR - STAT - expect_column_values_to_not_be_null - ANNONCE_LINK - correctly filled rate (%) - 100.0
2019-11-22 09:02:40,657 - VO - BR - SOCARRAO - 2019-11-01 00:00:00 - ERROR - FILE_VALIDATE - expect_column_values_to_not_be_null - ANNONCE_LINK - True - 1
2019-11-22 09:02:40,657 - VO - BR - SOCARRAO - 2019-11-01 00:00:00 - ERROR - STAT - expect_column_values_to_be_unique - ANNONCE_LINK - observed proportion - 100.0
2019-11-22 09:02:40,657 - VO - BR - SOCARRAO - 2019-11-01 00:00:00 - ERROR - FILE_VALIDATE - expect_column_values_to_be_unique - ANNONCE_LINK - True - 1
2019-11-22 09:02:40,657 - VO - BR - SOCARRAO - 2019-11-01 00:00:00 - ERROR - STAT - expect_column_values_to_not_be_null - CARBURANT - correctly filled rate (%) - 100.0
2019-11-22 09:02:40,657 - VO - BR - SOCARRAO - 2019-11-01 00:00:00 - ERROR - FILE_VALIDATE - expect_column_values_to_not_be_null - CARBURANT - True - 1
2019-11-22 09:02:40,657 - VO - BR - SOCARRAO - 2019-11-01 00:00:00 - ERROR - STAT - expect_column_values_to_not_be_null - CARROSSERIE - correctly filled rate (%) - 0.0
2019-11-22 09:02:40,658 - VO - BR - SOCARRAO - 2019-11-01 00:00:00 - ERROR - FILE_VALIDATE - expect_column_values_to_not_be_null - CARROSSERIE - False - 0
2019-11-22 09:02:40,658 - VO - BR - SOCARRAO - 2019-11-01 00:00:00 - ERROR - STAT - expect_column_values_to_not_be_null - CP - correctly filled rate (%) - 0.0
2019-11-22 09:02:40,658 - VO - BR - SOCARRAO - 2019-11-01 00:00:00 - ERROR - FILE_VALIDATE - expect_column_values_to_not_be_null - CP - False - 0
2019-11-22 09:02:40,658 - VO - BR - SOCARRAO - 2019-11-01 00:00:00 - ERROR - STAT - expect_column_values_to_not_be_null - GARAGE_ID - correctly filled rate (%) - 0.0
2019-11-22 09:02:40,658 - VO - BR - SOCARRAO - 2019-11-01 00:00:00 - ERROR - FILE_VALIDATE - expect_column_values_to_not_be_null - GARAGE_ID - False - 0
2019-11-22 09:02:40,658 - VO - BR - SOCARRAO - 2019-11-01 00:00:00 - ERROR - STAT - expect_column_values_to_not_be_null - ID_CLIENT - correctly filled rate (%) - 100.0
2019-11-22 09:02:40,658 - VO - BR - SOCARRAO - 2019-11-01 00:00:00 - ERROR - FILE_VALIDATE - expect_column_values_to_not_be_null - ID_CLIENT - True - 1
2019-11-22 09:02:40,658 - VO - BR - SOCARRAO - 2019-11-01 00:00:00 - ERROR - STAT - expect_column_values_to_be_unique - ID_CLIENT - observed proportion - 100.0
2019-11-22 09:02:40,658 - VO - BR - SOCARRAO - 2019-11-01 00:00:00 - ERROR - FILE_VALIDATE - expect_column_values_to_be_unique - ID_CLIENT - True - 1
2019-11-22 09:02:40,658 - VO - BR - SOCARRAO - 2019-11-01 00:00:00 - ERROR - STAT - expect_returning_row_count - EVERY_COLUMNS - total number of rows - 36051
2019-11-22 09:02:40,658 - VO - BR - SOCARRAO - 2019-11-01 00:00:00 - ERROR - STAT - expect_column_values_to_not_be_null - IMMAT - correctly filled rate (%) - 100.0
2019-11-22 09:02:40,658 - VO - BR - SOCARRAO - 2019-11-01 00:00:00 - ERROR - FILE_VALIDATE - expect_column_values_to_not_be_null - IMMAT - True - 1
2019-11-22 09:02:40,658 - VO - BR - SOCARRAO - 2019-11-01 00:00:00 - ERROR - STAT - expect_column_values_to_be_in_type_list - KM - correctly filled rate (%) - 100.0
2019-11-22 09:02:40,658 - VO - BR - SOCARRAO - 2019-11-01 00:00:00 - ERROR - FILE_VALIDATE - expect_column_values_to_be_in_type_list - KM - True - 1
2019-11-22 09:02:40,658 - VO - BR - SOCARRAO - 2019-11-01 00:00:00 - ERROR - STAT - expect_column_values_to_not_be_null - KM - correctly filled rate (%) - 100.0
2019-11-22 09:02:40,658 - VO - BR - SOCARRAO - 2019-11-01 00:00:00 - ERROR - FILE_VALIDATE - expect_column_values_to_not_be_null - KM - True - 1
2019-11-22 09:02:40,658 - VO - BR - SOCARRAO - 2019-11-01 00:00:00 - ERROR - STAT - expect_column_values_to_be_in_type_list - LITRE - correctly filled rate (%) - 100.0
2019-11-22 09:02:40,658 - VO - BR - SOCARRAO - 2019-11-01 00:00:00 - ERROR - FILE_VALIDATE - expect_column_values_to_be_in_type_list - LITRE - True - 1
2019-11-22 09:02:40,659 - VO - BR - SOCARRAO - 2019-11-01 00:00:00 - ERROR - STAT - expect_column_values_to_not_be_null - LITRE - correctly filled rate (%) - 100.0
2019-11-22 09:02:40,659 - VO - BR - SOCARRAO - 2019-11-01 00:00:00 - ERROR - FILE_VALIDATE - expect_column_values_to_not_be_null - LITRE - True - 1
2019-11-22 09:02:40,659 - VO - BR - SOCARRAO - 2019-11-01 00:00:00 - ERROR - STAT - expect_column_values_to_not_be_null - MARQUE - correctly filled rate (%) - 99.53
2019-11-22 09:02:40,659 - VO - BR - SOCARRAO - 2019-11-01 00:00:00 - ERROR - FILE_VALIDATE - expect_column_values_to_not_be_null - MARQUE - True - 1
2019-11-22 09:02:40,659 - VO - BR - SOCARRAO - 2019-11-01 00:00:00 - ERROR - STAT - expect_column_values_to_not_be_null - MODELE - correctly filled rate (%) - 99.53
2019-11-22 09:02:40,659 - VO - BR - SOCARRAO - 2019-11-01 00:00:00 - ERROR - FILE_VALIDATE - expect_column_values_to_not_be_null - MODELE - True - 1
2019-11-22 09:02:40,659 - VO - BR - SOCARRAO - 2019-11-01 00:00:00 - ERROR - STAT - expect_column_values_to_not_be_null - MOIS - correctly filled rate (%) - 100.0
2019-11-22 09:02:40,659 - VO - BR - SOCARRAO - 2019-11-01 00:00:00 - ERROR - FILE_VALIDATE - expect_column_values_to_not_be_null - MOIS - True - 1
2019-11-22 09:02:40,659 - VO - BR - SOCARRAO - 2019-11-01 00:00:00 - ERROR - FILE_CHECK - expect_column_values_to_be_between - MOIS - Unexpected value: 0 on line 0, value should be between 1 and 12
2019-11-22 09:02:40,659 - VO - BR - SOCARRAO - 2019-11-01 00:00:00 - ERROR - FILE_CHECK - expect_column_values_to_be_between - MOIS - Unexpected value: 0 on line 1, value should be between 1 and 12
2019-11-22 09:02:40,659 - VO - BR - SOCARRAO - 2019-11-01 00:00:00 - ERROR - FILE_CHECK - expect_column_values_to_be_between - MOIS - Unexpected value: 0 on line 2, value should be between 1 and 12
2019-11-22 09:02:40,659 - VO - BR - SOCARRAO - 2019-11-01 00:00:00 - ERROR - FILE_CHECK - expect_column_values_to_be_between - MOIS - Unexpected value: 0 on line 3, value should be between 1 and 12
2019-11-22 09:02:40,659 - VO - BR - SOCARRAO - 2019-11-01 00:00:00 - ERROR - FILE_CHECK - expect_column_values_to_be_between - MOIS - Unexpected value: 0 on line 4, value should be between 1 and 12
2019-11-22 09:02:40,659 - VO - BR - SOCARRAO - 2019-11-01 00:00:00 - ERROR - FILE_CHECK - expect_column_values_to_be_between - MOIS - Unexpected value: 0 on line 5, value should be between 1 and 12
2019-11-22 09:02:40,660 - VO - BR - SOCARRAO - 2019-11-01 00:00:00 - ERROR - FILE_CHECK - expect_column_values_to_be_between - MOIS - Unexpected value: 0 on line 6, value should be between 1 and 12
2019-11-22 09:02:40,660 - VO - BR - SOCARRAO - 2019-11-01 00:00:00 - ERROR - FILE_CHECK - expect_column_values_to_be_between - MOIS - Unexpected value: 0 on line 7, value should be between 1 and 12
2019-11-22 09:02:40,660 - VO - BR - SOCARRAO - 2019-11-01 00:00:00 - ERROR - FILE_CHECK - expect_column_values_to_be_between - MOIS - Unexpected value: 0 on line 8, value should be between 1 and 12
2019-11-22 09:02:40,660 - VO - BR - SOCARRAO - 2019-11-01 00:00:00 - ERROR - FILE_CHECK - expect_column_values_to_be_between - MOIS - Unexpected value: 0 on line 9, value should be between 1 and 12
2019-11-22 09:02:40,660 - VO - BR - SOCARRAO - 2019-11-01 00:00:00 - ERROR - FILE_CHECK - expect_column_values_to_be_between - MOIS - Unexpected value: 0 on line 10, value should be between 1 and 12
2019-11-22 09:02:40,660 - VO - BR - SOCARRAO - 2019-11-01 00:00:00 - ERROR - FILE_CHECK - expect_column_values_to_be_between - MOIS - Unexpected value: 0 on line 11, value should be between 1 and 12
2019-11-22 09:02:40,660 - VO - BR - SOCARRAO - 2019-11-01 00:00:00 - ERROR - FILE_CHECK - expect_column_values_to_be_between - MOIS - Unexpected value: 0 on line 12, value should be between 1 and 12
2019-11-22 09:02:40,660 - VO - BR - SOCARRAO - 2019-11-01 00:00:00 - ERROR - FILE_CHECK - expect_column_values_to_be_between - MOIS - Unexpected value: 0 on line 13, value should be between 1 and 12
2019-11-22 09:02:40,660 - VO - BR - SOCARRAO - 2019-11-01 00:00:00 - ERROR - FILE_CHECK - expect_column_values_to_be_between - MOIS - Unexpected value: 0 on line 14, value should be between 1 and 12
2019-11-22 09:02:40,660 - VO - BR - SOCARRAO - 2019-11-01 00:00:00 - ERROR - FILE_CHECK - expect_column_values_to_be_between - MOIS - Unexpected value: 0 on line 15, value should be between 1 and 12
2019-11-22 09:02:40,660 - VO - BR - SOCARRAO - 2019-11-01 00:00:00 - ERROR - FILE_CHECK - expect_column_values_to_be_between - MOIS - Unexpected value: 0 on line 16, value should be between 1 and 12
2019-11-22 09:02:40,660 - VO - BR - SOCARRAO - 2019-11-01 00:00:00 - ERROR - FILE_CHECK - expect_column_values_to_be_between - MOIS - Unexpected value: 0 on line 17, value should be between 1 and 12
2019-11-22 09:02:40,660 - VO - BR - SOCARRAO - 2019-11-01 00:00:00 - ERROR - FILE_CHECK - expect_column_values_to_be_between - MOIS - Unexpected value: 0 on line 18, value should be between 1 and 12
2019-11-22 09:02:40,661 - VO - BR - SOCARRAO - 2019-11-01 00:00:00 - ERROR - FILE_CHECK - expect_column_values_to_be_between - MOIS - Unexpected value: 0 on line 19, value should be between 1 and 12
2019-11-22 09:02:40,661 - VO - BR - SOCARRAO - 2019-11-01 00:00:00 - ERROR - STAT - expect_column_values_to_be_between - MOIS - correctly filled rate (%) - 0.0
2019-11-22 09:02:40,661 - VO - BR - SOCARRAO - 2019-11-01 00:00:00 - ERROR - STAT - expect_column_values_to_be_between - MOIS - unexpected count - 36051
2019-11-22 09:02:40,661 - VO - BR - SOCARRAO - 2019-11-01 00:00:00 - ERROR - FILE_VALIDATE - expect_column_values_to_be_between - MOIS - False - 0
2019-11-22 09:02:40,661 - VO - BR - SOCARRAO - 2019-11-01 00:00:00 - ERROR - STAT - expect_column_values_to_match_regex - MOIS - correctly filled rate (%) - 100.0
2019-11-22 09:02:40,661 - VO - BR - SOCARRAO - 2019-11-01 00:00:00 - ERROR - FILE_VALIDATE - expect_column_values_to_match_regex - MOIS - True - 1
2019-11-22 09:02:40,661 - VO - BR - SOCARRAO - 2019-11-01 00:00:00 - ERROR - STAT - expect_column_values_to_not_be_null - NOM - correctly filled rate (%) - 100.0
2019-11-22 09:02:40,661 - VO - BR - SOCARRAO - 2019-11-01 00:00:00 - ERROR - FILE_VALIDATE - expect_column_values_to_not_be_null - NOM - True - 1
2019-11-22 09:02:40,661 - VO - BR - SOCARRAO - 2019-11-01 00:00:00 - ERROR - FILE_CHECK - expect_column_value_lengths_to_be_between - NOM - Unexpected characters count of: [BMW 323 I...] on line  172, value length should be between 10 and 255
2019-11-22 09:02:40,661 - VO - BR - SOCARRAO - 2019-11-01 00:00:00 - ERROR - FILE_CHECK - expect_column_value_lengths_to_be_between - NOM - Unexpected characters count of: [BMW 320 I...] on line  425, value length should be between 10 and 255
2019-11-22 09:02:40,661 - VO - BR - SOCARRAO - 2019-11-01 00:00:00 - ERROR - FILE_CHECK - expect_column_value_lengths_to_be_between - NOM - Unexpected characters count of: [BMW M3 M3...] on line  1204, value length should be between 10 and 255
2019-11-22 09:02:40,661 - VO - BR - SOCARRAO - 2019-11-01 00:00:00 - ERROR - FILE_CHECK - expect_column_value_lengths_to_be_between - NOM - Unexpected characters count of: [BMW 540 I...] on line  1492, value length should be between 10 and 255
2019-11-22 09:02:40,661 - VO - BR - SOCARRAO - 2019-11-01 00:00:00 - ERROR - FILE_CHECK - expect_column_value_lengths_to_be_between - NOM - Unexpected characters count of: [BMW 520 I...] on line  1711, value length should be between 10 and 255
2019-11-22 09:02:40,662 - VO - BR - SOCARRAO - 2019-11-01 00:00:00 - ERROR - FILE_CHECK - expect_column_value_lengths_to_be_between - NOM - Unexpected characters count of: [BMW 320 I...] on line  2096, value length should be between 10 and 255
2019-11-22 09:02:40,662 - VO - BR - SOCARRAO - 2019-11-01 00:00:00 - ERROR - FILE_CHECK - expect_column_value_lengths_to_be_between - NOM - Unexpected characters count of: [BMW 320 I...] on line  2213, value length should be between 10 and 255
2019-11-22 09:02:40,662 - VO - BR - SOCARRAO - 2019-11-01 00:00:00 - ERROR - FILE_CHECK - expect_column_value_lengths_to_be_between - NOM - Unexpected characters count of: [BMW 320 I...] on line  2361, value length should be between 10 and 255
2019-11-22 09:02:40,662 - VO - BR - SOCARRAO - 2019-11-01 00:00:00 - ERROR - FILE_CHECK - expect_column_value_lengths_to_be_between - NOM - Unexpected characters count of: [BMW 320 I...] on line  2699, value length should be between 10 and 255
2019-11-22 09:02:40,662 - VO - BR - SOCARRAO - 2019-11-01 00:00:00 - ERROR - FILE_CHECK - expect_column_value_lengths_to_be_between - NOM - Unexpected characters count of: [BMW 535 I...] on line  2941, value length should be between 10 and 255
2019-11-22 09:02:40,662 - VO - BR - SOCARRAO - 2019-11-01 00:00:00 - ERROR - FILE_CHECK - expect_column_value_lengths_to_be_between - NOM - Unexpected characters count of: [BMW 330 I...] on line  3372, value length should be between 10 and 255
2019-11-22 09:02:40,662 - VO - BR - SOCARRAO - 2019-11-01 00:00:00 - ERROR - FILE_CHECK - expect_column_value_lengths_to_be_between - NOM - Unexpected characters count of: [BMW 320 I...] on line  3437, value length should be between 10 and 255
2019-11-22 09:02:40,662 - VO - BR - SOCARRAO - 2019-11-01 00:00:00 - ERROR - FILE_CHECK - expect_column_value_lengths_to_be_between - NOM - Unexpected characters count of: [BMW X5 X5...] on line  3728, value length should be between 10 and 255
2019-11-22 09:02:40,662 - VO - BR - SOCARRAO - 2019-11-01 00:00:00 - ERROR - FILE_CHECK - expect_column_value_lengths_to_be_between - NOM - Unexpected characters count of: [BMW 320 I...] on line  3775, value length should be between 10 and 255
2019-11-22 09:02:40,662 - VO - BR - SOCARRAO - 2019-11-01 00:00:00 - ERROR - FILE_CHECK - expect_column_value_lengths_to_be_between - NOM - Unexpected characters count of: [Ford II L...] on line  4261, value length should be between 10 and 255
2019-11-22 09:02:40,662 - VO - BR - SOCARRAO - 2019-11-01 00:00:00 - ERROR - FILE_CHECK - expect_column_value_lengths_to_be_between - NOM - Unexpected characters count of: [BMW 318 I...] on line  4545, value length should be between 10 and 255
2019-11-22 09:02:40,662 - VO - BR - SOCARRAO - 2019-11-01 00:00:00 - ERROR - FILE_CHECK - expect_column_value_lengths_to_be_between - NOM - Unexpected characters count of: [BMW 325 I...] on line  5687, value length should be between 10 and 255
2019-11-22 09:02:40,662 - VO - BR - SOCARRAO - 2019-11-01 00:00:00 - ERROR - FILE_CHECK - expect_column_value_lengths_to_be_between - NOM - Unexpected characters count of: [BMW X3 X3...] on line  5826, value length should be between 10 and 255
2019-11-22 09:02:40,662 - VO - BR - SOCARRAO - 2019-11-01 00:00:00 - ERROR - FILE_CHECK - expect_column_value_lengths_to_be_between - NOM - Unexpected characters count of: [BMW X5 X5...] on line  5922, value length should be between 10 and 255
2019-11-22 09:02:40,663 - VO - BR - SOCARRAO - 2019-11-01 00:00:00 - ERROR - FILE_CHECK - expect_column_value_lengths_to_be_between - NOM - Unexpected characters count of: [BMW M3 M3...] on line  6204, value length should be between 10 and 255
2019-11-22 09:02:40,663 - VO - BR - SOCARRAO - 2019-11-01 00:00:00 - ERROR - STAT - expect_column_value_lengths_to_be_between - NOM - correctly filled rate (%) - 99.74
2019-11-22 09:02:40,663 - VO - BR - SOCARRAO - 2019-11-01 00:00:00 - ERROR - FILE_VALIDATE - expect_column_value_lengths_to_be_between - NOM - False - 0
2019-11-22 09:02:40,663 - VO - BR - SOCARRAO - 2019-11-01 00:00:00 - ERROR - STAT - expect_column_values_to_not_be_null - OPTIONS - correctly filled rate (%) - 0.0
2019-11-22 09:02:40,663 - VO - BR - SOCARRAO - 2019-11-01 00:00:00 - ERROR - FILE_VALIDATE - expect_column_values_to_not_be_null - OPTIONS - False - 0
2019-11-22 09:02:40,663 - VO - BR - SOCARRAO - 2019-11-01 00:00:00 - ERROR - STAT - expect_column_values_to_be_in_type_list - PHOTO - correctly filled rate (%) - 100.0
2019-11-22 09:02:40,663 - VO - BR - SOCARRAO - 2019-11-01 00:00:00 - ERROR - FILE_VALIDATE - expect_column_values_to_be_in_type_list - PHOTO - True - 1
2019-11-22 09:02:40,663 - VO - BR - SOCARRAO - 2019-11-01 00:00:00 - ERROR - STAT - expect_column_values_to_not_be_null - PHOTO - correctly filled rate (%) - 100.0
2019-11-22 09:02:40,663 - VO - BR - SOCARRAO - 2019-11-01 00:00:00 - ERROR - FILE_VALIDATE - expect_column_values_to_not_be_null - PHOTO - True - 1
2019-11-22 09:02:40,663 - VO - BR - SOCARRAO - 2019-11-01 00:00:00 - ERROR - STAT - expect_column_values_to_be_in_type_list - PLACE - correctly filled rate (%) - 100.0
2019-11-22 09:02:40,663 - VO - BR - SOCARRAO - 2019-11-01 00:00:00 - ERROR - FILE_VALIDATE - expect_column_values_to_be_in_type_list - PLACE - True - 1
2019-11-22 09:02:40,663 - VO - BR - SOCARRAO - 2019-11-01 00:00:00 - ERROR - STAT - expect_column_values_to_not_be_null - PLACE - correctly filled rate (%) - 100.0
2019-11-22 09:02:40,663 - VO - BR - SOCARRAO - 2019-11-01 00:00:00 - ERROR - FILE_VALIDATE - expect_column_values_to_not_be_null - PLACE - True - 1
2019-11-22 09:02:40,664 - VO - BR - SOCARRAO - 2019-11-01 00:00:00 - ERROR - STAT - expect_column_values_to_not_be_null - PORTE - correctly filled rate (%) - 0.0
2019-11-22 09:02:40,664 - VO - BR - SOCARRAO - 2019-11-01 00:00:00 - ERROR - FILE_VALIDATE - expect_column_values_to_not_be_null - PORTE - False - 0
2019-11-22 09:02:40,664 - VO - BR - SOCARRAO - 2019-11-01 00:00:00 - ERROR - STAT - expect_column_values_to_be_in_type_list - PRIX - correctly filled rate (%) - 100.0
2019-11-22 09:02:40,664 - VO - BR - SOCARRAO - 2019-11-01 00:00:00 - ERROR - FILE_VALIDATE - expect_column_values_to_be_in_type_list - PRIX - True - 1
2019-11-22 09:02:40,664 - VO - BR - SOCARRAO - 2019-11-01 00:00:00 - ERROR - STAT - expect_column_values_to_not_be_null - PRIX - correctly filled rate (%) - 100.0
2019-11-22 09:02:40,664 - VO - BR - SOCARRAO - 2019-11-01 00:00:00 - ERROR - FILE_VALIDATE - expect_column_values_to_not_be_null - PRIX - True - 1
2019-11-22 09:02:40,664 - VO - BR - SOCARRAO - 2019-11-01 00:00:00 - ERROR - STAT - expect_column_values_to_not_be_null - PROVINCE - correctly filled rate (%) - 0.0
2019-11-22 09:02:40,664 - VO - BR - SOCARRAO - 2019-11-01 00:00:00 - ERROR - FILE_VALIDATE - expect_column_values_to_not_be_null - PROVINCE - False - 0
2019-11-22 09:02:40,664 - VO - BR - SOCARRAO - 2019-11-01 00:00:00 - ERROR - STAT - expect_column_values_to_not_be_null - SITE - correctly filled rate (%) - 100.0
2019-11-22 09:02:40,664 - VO - BR - SOCARRAO - 2019-11-01 00:00:00 - ERROR - FILE_VALIDATE - expect_column_values_to_not_be_null - SITE - True - 1
2019-11-22 09:02:40,664 - VO - BR - SOCARRAO - 2019-11-01 00:00:00 - ERROR - STAT - expect_column_values_to_not_be_null - TELEPHONE - correctly filled rate (%) - 100.0
2019-11-22 09:02:40,664 - VO - BR - SOCARRAO - 2019-11-01 00:00:00 - ERROR - FILE_VALIDATE - expect_column_values_to_not_be_null - TELEPHONE - True - 1
2019-11-22 09:02:40,665 - VO - BR - SOCARRAO - 2019-11-01 00:00:00 - ERROR - STAT - expect_column_values_to_be_phone_number - TELEPHONE - correctly filled rate (%) - 100.0
2019-11-22 09:02:40,665 - VO - BR - SOCARRAO - 2019-11-01 00:00:00 - ERROR - FILE_VALIDATE - expect_column_values_to_be_phone_number - TELEPHONE - True - 1
2019-11-22 09:02:40,665 - VO - BR - SOCARRAO - 2019-11-01 00:00:00 - ERROR - STAT - expect_column_values_to_not_be_null - TYPE - correctly filled rate (%) - 100.0
2019-11-22 09:02:40,665 - VO - BR - SOCARRAO - 2019-11-01 00:00:00 - ERROR - FILE_VALIDATE - expect_column_values_to_not_be_null - TYPE - True - 1
2019-11-22 09:02:40,665 - VO - BR - SOCARRAO - 2019-11-01 00:00:00 - ERROR - STAT - expect_column_values_to_be_in_set_2 - TYPE - observed proportion - 100.0
2019-11-22 09:02:40,665 - VO - BR - SOCARRAO - 2019-11-01 00:00:00 - ERROR - STAT - expect_column_values_to_not_be_null - VILLE - correctly filled rate (%) - 98.19
2019-11-22 09:02:40,665 - VO - BR - SOCARRAO - 2019-11-01 00:00:00 - ERROR - FILE_VALIDATE - expect_column_values_to_not_be_null - VILLE - True - 1
2019-11-22 09:02:40,665 - VO - BR - SOCARRAO - 2019-11-01 00:00:00 - ERROR - STAT - expect_column_values_to_not_be_null - VN_IND - correctly filled rate (%) - 0.0
2019-11-22 09:02:40,665 - VO - BR - SOCARRAO - 2019-11-01 00:00:00 - ERROR - FILE_VALIDATE - expect_column_values_to_not_be_null - VN_IND - False - 0
2019-11-22 09:02:40,665 - VO - BR - SOCARRAO - 2019-11-01 00:00:00 - ERROR - STAT - expect_returning_row_count_on_conditions - DEALER_USEDCARS - total number of row with conditions - 32072
2019-11-22 09:02:40,665 - VO - BR - SOCARRAO - 2019-11-01 00:00:00 - ERROR - STAT - expect_returning_row_count_on_conditions - PRIVATE_USEDCARS - total number of row with conditions - 3979
2019-11-22 09:02:40,665 - VO - BR - SOCARRAO - 2019-11-01 00:00:00 - ERROR - STAT - expect_returning_row_unique_count - MARQUE_CORRECTED - total number of unique rows - 64
2019-11-22 09:02:40,665 - VO - BR - SOCARRAO - 2019-11-01 00:00:00 - ERROR - STAT - expect_returning_row_unique_count - MODELE_CORRECTED - total number of unique rows - 429
2019-11-22 09:02:40,666 - VO - BR - SOCARRAO - 2019-11-01 00:00:00 - ERROR - STAT - expect_returning_row_unique_count - CARROSSERIE - total number of unique rows - 0
2019-11-22 09:02:40,666 - VO - BR - SOCARRAO - 2019-11-01 00:00:00 - ERROR - STAT - expect_returning_row_unique_count - CARBURANT - total number of unique rows - 9
2019-11-22 09:02:40,666 - VO - BR - SOCARRAO - 2019-11-01 00:00:00 - ERROR - STAT - expect_column_values_to_not_be_null - CYLINDRE - correctly filled rate (%) - 0.0
2019-11-22 09:02:40,666 - VO - BR - SOCARRAO - 2019-11-01 00:00:00 - ERROR - FILE_VALIDATE - expect_column_values_to_not_be_null - CYLINDRE - False - 0
2019-11-22 09:02:40,666 - VO - BR - SOCARRAO - 2019-11-01 00:00:00 - ERROR - STAT - expect_returning_row_unique_count - PROVINCE - total number of unique rows - 0
2019-11-22 09:02:40,666 - VO - BR - SOCARRAO - 2019-11-01 00:00:00 - ERROR - STAT - expect_returning_row_unique_count - VILLE - total number of unique rows - 92
2019-11-22 09:02:40,666 - VO - BR - SOCARRAO - 2019-11-01 00:00:00 - ERROR - STAT - expect_returning_row_unique_count - DEPARTEMENT - total number of unique rows - 4
