2019-09-30 10:35:03,729 - IMMO - FR.BUCOM - AGORABIZ - 2019-09-01 00:00:00 - ERROR - STAT - expect_column_values_to_not_be_null - ACHAT_LOC - correctly filled rate (%) - 100.0
2019-09-30 10:35:03,729 - IMMO - FR.BUCOM - AGORABIZ - 2019-09-01 00:00:00 - ERROR - STAT - expect_column_values_to_be_in_set - ACHAT_LOC - correctly filled rate (%) - 100.0
2019-09-30 10:35:03,729 - IMMO - FR.BUCOM - AGORABIZ - 2019-09-01 00:00:00 - ERROR - STAT - expect_column_values_to_not_be_null - ADRESSE - correctly filled rate (%) - 100.0
2019-09-30 10:35:03,729 - IMMO - FR.BUCOM - AGORABIZ - 2019-09-01 00:00:00 - ERROR - STAT - expect_column_values_to_not_be_null - AGENCE_ADRESSE - correctly filled rate (%) - 97.7
2019-09-30 10:35:03,729 - IMMO - FR.BUCOM - AGORABIZ - 2019-09-01 00:00:00 - ERROR - STAT - expect_column_values_to_not_be_null - AGENCE_CP - correctly filled rate (%) - 97.67
2019-09-30 10:35:03,730 - IMMO - FR.BUCOM - AGORABIZ - 2019-09-01 00:00:00 - ERROR - STAT - expect_column_values_to_match_regex - AGENCE_CP - correctly filled rate (%) - 100.0
2019-09-30 10:35:03,730 - IMMO - FR.BUCOM - AGORABIZ - 2019-09-01 00:00:00 - ERROR - STAT - expect_column_values_to_not_be_null - AGENCE_NOM - correctly filled rate (%) - 99.99
2019-09-30 10:35:03,730 - IMMO - FR.BUCOM - AGORABIZ - 2019-09-01 00:00:00 - ERROR - STAT - expect_column_values_to_be_phone_number - AGENCE_TEL - correctly filled rate (%) - 99.98
2019-09-30 10:35:03,730 - IMMO - FR.BUCOM - AGORABIZ - 2019-09-01 00:00:00 - ERROR - STAT - expect_column_values_to_not_be_null - AGENCE_TEL - correctly filled rate (%) - 99.26
2019-09-30 10:35:03,730 - IMMO - FR.BUCOM - AGORABIZ - 2019-09-01 00:00:00 - ERROR - STAT - expect_column_values_to_not_be_null - AGENCE_VILLE - correctly filled rate (%) - 93.39
2019-09-30 10:35:03,730 - IMMO - FR.BUCOM - AGORABIZ - 2019-09-01 00:00:00 - ERROR - STAT - expect_column_values_to_not_be_null - ANNONCE_DATE - correctly filled rate (%) - 0.0
2019-09-30 10:35:03,730 - IMMO - FR.BUCOM - AGORABIZ - 2019-09-01 00:00:00 - ERROR - STAT - expect_column_values_to_not_be_null - ANNONCE_LINK - correctly filled rate (%) - 100.0
2019-09-30 10:35:03,730 - IMMO - FR.BUCOM - AGORABIZ - 2019-09-01 00:00:00 - ERROR - STAT - expect_column_values_to_be_unique - ANNONCE_LINK - observed proportion - 100.0
2019-09-30 10:35:03,730 - IMMO - FR.BUCOM - AGORABIZ - 2019-09-01 00:00:00 - ERROR - STAT - expect_column_value_lengths_to_be_between - ANNONCE_TEXT - correctly filled rate (%) - 100.0
2019-09-30 10:35:03,730 - IMMO - FR.BUCOM - AGORABIZ - 2019-09-01 00:00:00 - ERROR - STAT - expect_column_values_to_not_be_null - ANNONCE_TEXT - correctly filled rate (%) - 100.0
2019-09-30 10:35:03,730 - IMMO - FR.BUCOM - AGORABIZ - 2019-09-01 00:00:00 - ERROR - STAT - expect_column_values_to_not_be_null - CATEGORIE - correctly filled rate (%) - 100.0
2019-09-30 10:35:03,730 - IMMO - FR.BUCOM - AGORABIZ - 2019-09-01 00:00:00 - ERROR - STAT - expect_column_values_to_not_be_null - CP - correctly filled rate (%) - 100.0
2019-09-30 10:35:03,731 - IMMO - FR.BUCOM - AGORABIZ - 2019-09-01 00:00:00 - ERROR - STAT - expect_column_values_to_match_regex - CP - correctly filled rate (%) - 100.0
2019-09-30 10:35:03,731 - IMMO - FR.BUCOM - AGORABIZ - 2019-09-01 00:00:00 - ERROR - STAT - expect_column_values_to_not_be_null - DEPARTEMENT - correctly filled rate (%) - 100.0
2019-09-30 10:35:03,731 - IMMO - FR.BUCOM - AGORABIZ - 2019-09-01 00:00:00 - ERROR - STAT - expect_returning_row_count - EVERY_COLUMNS - total number of rows - 54458
2019-09-30 10:35:03,731 - IMMO - FR.BUCOM - AGORABIZ - 2019-09-01 00:00:00 - ERROR - STAT - expect_column_values_to_not_be_null - ID_CLIENT - correctly filled rate (%) - 100.0
2019-09-30 10:35:03,731 - IMMO - FR.BUCOM - AGORABIZ - 2019-09-01 00:00:00 - ERROR - STAT - expect_column_values_to_be_unique - ID_CLIENT - observed proportion - 100.0
2019-09-30 10:35:03,731 - IMMO - FR.BUCOM - AGORABIZ - 2019-09-01 00:00:00 - ERROR - FILE_CHECK - expect_column_values_to_be_of_type - M2_TOTALE - Wrong type for value: 1280.0 on line 1 should be int
2019-09-30 10:35:03,731 - IMMO - FR.BUCOM - AGORABIZ - 2019-09-01 00:00:00 - ERROR - FILE_CHECK - expect_column_values_to_be_of_type - M2_TOTALE - Wrong type for value: 1300.0 on line 2 should be int
2019-09-30 10:35:03,731 - IMMO - FR.BUCOM - AGORABIZ - 2019-09-01 00:00:00 - ERROR - FILE_CHECK - expect_column_values_to_be_of_type - M2_TOTALE - Wrong type for value: 150.0 on line 3 should be int
2019-09-30 10:35:03,731 - IMMO - FR.BUCOM - AGORABIZ - 2019-09-01 00:00:00 - ERROR - FILE_CHECK - expect_column_values_to_be_of_type - M2_TOTALE - Wrong type for value: 60.0 on line 4 should be int
2019-09-30 10:35:03,731 - IMMO - FR.BUCOM - AGORABIZ - 2019-09-01 00:00:00 - ERROR - FILE_CHECK - expect_column_values_to_be_of_type - M2_TOTALE - Wrong type for value: 22.0 on line 5 should be int
2019-09-30 10:35:03,731 - IMMO - FR.BUCOM - AGORABIZ - 2019-09-01 00:00:00 - ERROR - FILE_CHECK - expect_column_values_to_be_of_type - M2_TOTALE - Wrong type for value: 221.0 on line 6 should be int
2019-09-30 10:35:03,732 - IMMO - FR.BUCOM - AGORABIZ - 2019-09-01 00:00:00 - ERROR - FILE_CHECK - expect_column_values_to_be_of_type - M2_TOTALE - Wrong type for value: 1150.0 on line 7 should be int
2019-09-30 10:35:03,732 - IMMO - FR.BUCOM - AGORABIZ - 2019-09-01 00:00:00 - ERROR - FILE_CHECK - expect_column_values_to_be_of_type - M2_TOTALE - Wrong type for value: 469.0 on line 8 should be int
2019-09-30 10:35:03,732 - IMMO - FR.BUCOM - AGORABIZ - 2019-09-01 00:00:00 - ERROR - FILE_CHECK - expect_column_values_to_be_of_type - M2_TOTALE - Wrong type for value: 25.0 on line 9 should be int
2019-09-30 10:35:03,732 - IMMO - FR.BUCOM - AGORABIZ - 2019-09-01 00:00:00 - ERROR - FILE_CHECK - expect_column_values_to_be_of_type - M2_TOTALE - Wrong type for value: 400.0 on line 10 should be int
2019-09-30 10:35:03,732 - IMMO - FR.BUCOM - AGORABIZ - 2019-09-01 00:00:00 - ERROR - FILE_CHECK - expect_column_values_to_be_of_type - M2_TOTALE - Wrong type for value: 64.0 on line 11 should be int
2019-09-30 10:35:03,732 - IMMO - FR.BUCOM - AGORABIZ - 2019-09-01 00:00:00 - ERROR - FILE_CHECK - expect_column_values_to_be_of_type - M2_TOTALE - Wrong type for value: 93.0 on line 12 should be int
2019-09-30 10:35:03,732 - IMMO - FR.BUCOM - AGORABIZ - 2019-09-01 00:00:00 - ERROR - FILE_CHECK - expect_column_values_to_be_of_type - M2_TOTALE - Wrong type for value: 90.0 on line 13 should be int
2019-09-30 10:35:03,732 - IMMO - FR.BUCOM - AGORABIZ - 2019-09-01 00:00:00 - ERROR - FILE_CHECK - expect_column_values_to_be_of_type - M2_TOTALE - Wrong type for value: 150.0 on line 14 should be int
2019-09-30 10:35:03,732 - IMMO - FR.BUCOM - AGORABIZ - 2019-09-01 00:00:00 - ERROR - FILE_CHECK - expect_column_values_to_be_of_type - M2_TOTALE - Wrong type for value: 580.0 on line 15 should be int
2019-09-30 10:35:03,732 - IMMO - FR.BUCOM - AGORABIZ - 2019-09-01 00:00:00 - ERROR - FILE_CHECK - expect_column_values_to_be_of_type - M2_TOTALE - Wrong type for value: 1300.0 on line 16 should be int
2019-09-30 10:35:03,732 - IMMO - FR.BUCOM - AGORABIZ - 2019-09-01 00:00:00 - ERROR - FILE_CHECK - expect_column_values_to_be_of_type - M2_TOTALE - Wrong type for value: 1870.0 on line 17 should be int
2019-09-30 10:35:03,732 - IMMO - FR.BUCOM - AGORABIZ - 2019-09-01 00:00:00 - ERROR - FILE_CHECK - expect_column_values_to_be_of_type - M2_TOTALE - Wrong type for value: 100.0 on line 18 should be int
2019-09-30 10:35:03,732 - IMMO - FR.BUCOM - AGORABIZ - 2019-09-01 00:00:00 - ERROR - FILE_CHECK - expect_column_values_to_be_of_type - M2_TOTALE - Wrong type for value: 283.0 on line 19 should be int
2019-09-30 10:35:03,732 - IMMO - FR.BUCOM - AGORABIZ - 2019-09-01 00:00:00 - ERROR - FILE_CHECK - expect_column_values_to_be_of_type - M2_TOTALE - Wrong type for value: 137.0 on line 21 should be int
2019-09-30 10:35:03,732 - IMMO - FR.BUCOM - AGORABIZ - 2019-09-01 00:00:00 - ERROR - STAT - expect_column_values_to_be_of_type - M2_TOTALE - correctly filled rate (%) - 0.0
2019-09-30 10:35:03,733 - IMMO - FR.BUCOM - AGORABIZ - 2019-09-01 00:00:00 - ERROR - STAT - expect_column_values_to_not_be_null - M2_TOTALE - correctly filled rate (%) - 95.0
2019-09-30 10:35:03,733 - IMMO - FR.BUCOM - AGORABIZ - 2019-09-01 00:00:00 - ERROR - STAT - expect_column_values_to_not_be_null - MAISON_APT - correctly filled rate (%) - 0.0
2019-09-30 10:35:03,733 - IMMO - FR.BUCOM - AGORABIZ - 2019-09-01 00:00:00 - ERROR - STAT - expect_column_values_to_not_be_null - MINI_SITE_ID - correctly filled rate (%) - 0.0
2019-09-30 10:35:03,733 - IMMO - FR.BUCOM - AGORABIZ - 2019-09-01 00:00:00 - ERROR - STAT - expect_column_values_to_not_be_null - NOM - correctly filled rate (%) - 100.0
2019-09-30 10:35:03,733 - IMMO - FR.BUCOM - AGORABIZ - 2019-09-01 00:00:00 - ERROR - STAT - expect_column_value_lengths_to_be_between - NOM - correctly filled rate (%) - 100.0
2019-09-30 10:35:03,733 - IMMO - FR.BUCOM - AGORABIZ - 2019-09-01 00:00:00 - ERROR - STAT - expect_column_values_to_match_regex - PAYS_AD - correctly filled rate (%) - 100.0
2019-09-30 10:35:03,733 - IMMO - FR.BUCOM - AGORABIZ - 2019-09-01 00:00:00 - ERROR - STAT - expect_column_values_to_not_be_null - PAYS_AD - correctly filled rate (%) - 100.0
2019-09-30 10:35:03,733 - IMMO - FR.BUCOM - AGORABIZ - 2019-09-01 00:00:00 - ERROR - STAT - expect_column_values_to_not_be_null - PHOTO - correctly filled rate (%) - 94.81
2019-09-30 10:35:03,733 - IMMO - FR.BUCOM - AGORABIZ - 2019-09-01 00:00:00 - ERROR - STAT - expect_column_values_to_be_in_type_list - PHOTO - correctly filled rate (%) - 100.0
2019-09-30 10:35:03,733 - IMMO - FR.BUCOM - AGORABIZ - 2019-09-01 00:00:00 - ERROR - STAT - expect_column_values_to_not_be_null - PIECE - correctly filled rate (%) - 0.0
2019-09-30 10:35:03,733 - IMMO - FR.BUCOM - AGORABIZ - 2019-09-01 00:00:00 - ERROR - FILE_CHECK - expect_column_values_to_be_of_type - PRIX - Wrong type for value: 198 000 on line 0 should be int
2019-09-30 10:35:03,733 - IMMO - FR.BUCOM - AGORABIZ - 2019-09-01 00:00:00 - ERROR - FILE_CHECK - expect_column_values_to_be_of_type - PRIX - Wrong type for value: 1 590 000 on line 1 should be int
2019-09-30 10:35:03,733 - IMMO - FR.BUCOM - AGORABIZ - 2019-09-01 00:00:00 - ERROR - FILE_CHECK - expect_column_values_to_be_of_type - PRIX - Wrong type for value: 364 000 on line 2 should be int
2019-09-30 10:35:03,733 - IMMO - FR.BUCOM - AGORABIZ - 2019-09-01 00:00:00 - ERROR - FILE_CHECK - expect_column_values_to_be_of_type - PRIX - Wrong type for value: 3 333 on line 3 should be int
2019-09-30 10:35:03,733 - IMMO - FR.BUCOM - AGORABIZ - 2019-09-01 00:00:00 - ERROR - FILE_CHECK - expect_column_values_to_be_of_type - PRIX - Wrong type for value: 925 on line 4 should be int
2019-09-30 10:35:03,733 - IMMO - FR.BUCOM - AGORABIZ - 2019-09-01 00:00:00 - ERROR - FILE_CHECK - expect_column_values_to_be_of_type - PRIX - Wrong type for value: 136 500 on line 5 should be int
2019-09-30 10:35:03,733 - IMMO - FR.BUCOM - AGORABIZ - 2019-09-01 00:00:00 - ERROR - FILE_CHECK - expect_column_values_to_be_of_type - PRIX - Wrong type for value: 1 541 on line 6 should be int
2019-09-30 10:35:03,734 - IMMO - FR.BUCOM - AGORABIZ - 2019-09-01 00:00:00 - ERROR - FILE_CHECK - expect_column_values_to_be_of_type - PRIX - Wrong type for value: 150 on line 7 should be int
2019-09-30 10:35:03,734 - IMMO - FR.BUCOM - AGORABIZ - 2019-09-01 00:00:00 - ERROR - FILE_CHECK - expect_column_values_to_be_of_type - PRIX - Wrong type for value: 120 on line 8 should be int
2019-09-30 10:35:03,734 - IMMO - FR.BUCOM - AGORABIZ - 2019-09-01 00:00:00 - ERROR - FILE_CHECK - expect_column_values_to_be_of_type - PRIX - Wrong type for value: 500 on line 9 should be int
2019-09-30 10:35:03,734 - IMMO - FR.BUCOM - AGORABIZ - 2019-09-01 00:00:00 - ERROR - FILE_CHECK - expect_column_values_to_be_of_type - PRIX - Wrong type for value: 430 000 on line 10 should be int
2019-09-30 10:35:03,734 - IMMO - FR.BUCOM - AGORABIZ - 2019-09-01 00:00:00 - ERROR - FILE_CHECK - expect_column_values_to_be_of_type - PRIX - Wrong type for value: 115 000 on line 11 should be int
2019-09-30 10:35:03,734 - IMMO - FR.BUCOM - AGORABIZ - 2019-09-01 00:00:00 - ERROR - FILE_CHECK - expect_column_values_to_be_of_type - PRIX - Wrong type for value: 125 on line 12 should be int
2019-09-30 10:35:03,734 - IMMO - FR.BUCOM - AGORABIZ - 2019-09-01 00:00:00 - ERROR - FILE_CHECK - expect_column_values_to_be_of_type - PRIX - Wrong type for value: 310 000 on line 13 should be int
2019-09-30 10:35:03,734 - IMMO - FR.BUCOM - AGORABIZ - 2019-09-01 00:00:00 - ERROR - FILE_CHECK - expect_column_values_to_be_of_type - PRIX - Wrong type for value: 1 100 on line 14 should be int
2019-09-30 10:35:03,734 - IMMO - FR.BUCOM - AGORABIZ - 2019-09-01 00:00:00 - ERROR - FILE_CHECK - expect_column_values_to_be_of_type - PRIX - Wrong type for value: 80 on line 15 should be int
2019-09-30 10:35:03,734 - IMMO - FR.BUCOM - AGORABIZ - 2019-09-01 00:00:00 - ERROR - FILE_CHECK - expect_column_values_to_be_of_type - PRIX - Wrong type for value: 55 on line 16 should be int
2019-09-30 10:35:03,734 - IMMO - FR.BUCOM - AGORABIZ - 2019-09-01 00:00:00 - ERROR - FILE_CHECK - expect_column_values_to_be_of_type - PRIX - Wrong type for value: 61 on line 17 should be int
2019-09-30 10:35:03,734 - IMMO - FR.BUCOM - AGORABIZ - 2019-09-01 00:00:00 - ERROR - FILE_CHECK - expect_column_values_to_be_of_type - PRIX - Wrong type for value: 88 on line 18 should be int
2019-09-30 10:35:03,734 - IMMO - FR.BUCOM - AGORABIZ - 2019-09-01 00:00:00 - ERROR - FILE_CHECK - expect_column_values_to_be_of_type - PRIX - Wrong type for value: 94 on line 19 should be int
2019-09-30 10:35:03,734 - IMMO - FR.BUCOM - AGORABIZ - 2019-09-01 00:00:00 - ERROR - STAT - expect_column_values_to_be_of_type - PRIX - correctly filled rate (%) - 0.0
2019-09-30 10:35:03,734 - IMMO - FR.BUCOM - AGORABIZ - 2019-09-01 00:00:00 - ERROR - STAT - expect_column_values_to_not_be_null - PRIX - correctly filled rate (%) - 100.0
2019-09-30 10:35:03,734 - IMMO - FR.BUCOM - AGORABIZ - 2019-09-01 00:00:00 - ERROR - STAT - expect_column_values_to_not_be_null - PRO_IND - correctly filled rate (%) - 0.0
2019-09-30 10:35:03,734 - IMMO - FR.BUCOM - AGORABIZ - 2019-09-01 00:00:00 - ERROR - STAT - expect_column_values_to_not_be_null - REGION - correctly filled rate (%) - 99.88
2019-09-30 10:35:03,734 - IMMO - FR.BUCOM - AGORABIZ - 2019-09-01 00:00:00 - ERROR - STAT - expect_column_values_to_not_be_null - SELLER_TYPE - correctly filled rate (%) - 100.0
2019-09-30 10:35:03,735 - IMMO - FR.BUCOM - AGORABIZ - 2019-09-01 00:00:00 - ERROR - STAT - expect_column_values_to_match_regex - SELLER_TYPE - correctly filled rate (%) - 100.0
2019-09-30 10:35:03,735 - IMMO - FR.BUCOM - AGORABIZ - 2019-09-01 00:00:00 - ERROR - STAT - expect_column_values_to_match_regex - VILLE - correctly filled rate (%) - 100.0
2019-09-30 10:35:03,735 - IMMO - FR.BUCOM - AGORABIZ - 2019-09-01 00:00:00 - ERROR - STAT - expect_column_values_to_not_be_null - VILLE - correctly filled rate (%) - 99.88
2019-09-30 10:35:03,735 - IMMO - FR.BUCOM - AGORABIZ - 2019-09-01 00:00:00 - ERROR - STAT - expect_returning_row_unique_count - VILLE - total number of unique rows - 3031
2019-09-30 10:35:03,735 - IMMO - FR.BUCOM - AGORABIZ - 2019-09-01 00:00:00 - ERROR - STAT - expect_returning_row_count_on_conditions - DEALER_LISTINGS - total number of row with conditions - 54458
2019-09-30 10:35:03,735 - IMMO - FR.BUCOM - AGORABIZ - 2019-09-01 00:00:00 - ERROR - STAT - expect_returning_row_count_on_conditions - PRIVATE_LISTINGS - total number of row with conditions - 0
