2019-11-22 12:26:52,569 - CAMION - ES - VIAMOBILIS - 2019-11-01 00:00:00 - ERROR - FILE_VALIDATE - expect_file_to_be_validated - EVERY_COLUMNS - False - 0
2019-11-22 12:26:52,569 - CAMION - ES - VIAMOBILIS - 2019-11-01 00:00:00 - ERROR - STAT - expect_column_values_to_not_be_null - ADRESSE - correctly filled rate (%) - 100.0
2019-11-22 12:26:52,569 - CAMION - ES - VIAMOBILIS - 2019-11-01 00:00:00 - ERROR - FILE_VALIDATE - expect_column_values_to_not_be_null - ADRESSE - True - 1
2019-11-22 12:26:52,569 - CAMION - ES - VIAMOBILIS - 2019-11-01 00:00:00 - ERROR - STAT - expect_column_values_to_be_in_type_list - ANNEE - correctly filled rate (%) - 100.0
2019-11-22 12:26:52,569 - CAMION - ES - VIAMOBILIS - 2019-11-01 00:00:00 - ERROR - FILE_VALIDATE - expect_column_values_to_be_in_type_list - ANNEE - True - 1
2019-11-22 12:26:52,569 - CAMION - ES - VIAMOBILIS - 2019-11-01 00:00:00 - ERROR - FILE_CHECK - expect_column_values_to_be_between - ANNEE - Unexpected value: 0 on line 20, value should be between 1980 and 2019
2019-11-22 12:26:52,569 - CAMION - ES - VIAMOBILIS - 2019-11-01 00:00:00 - ERROR - FILE_CHECK - expect_column_values_to_be_between - ANNEE - Unexpected value: 1975 on line 21, value should be between 1980 and 2019
2019-11-22 12:26:52,569 - CAMION - ES - VIAMOBILIS - 2019-11-01 00:00:00 - ERROR - FILE_CHECK - expect_column_values_to_be_between - ANNEE - Unexpected value: 0 on line 26, value should be between 1980 and 2019
2019-11-22 12:26:52,569 - CAMION - ES - VIAMOBILIS - 2019-11-01 00:00:00 - ERROR - FILE_CHECK - expect_column_values_to_be_between - ANNEE - Unexpected value: 0 on line 27, value should be between 1980 and 2019
2019-11-22 12:26:52,569 - CAMION - ES - VIAMOBILIS - 2019-11-01 00:00:00 - ERROR - FILE_CHECK - expect_column_values_to_be_between - ANNEE - Unexpected value: 0 on line 30, value should be between 1980 and 2019
2019-11-22 12:26:52,569 - CAMION - ES - VIAMOBILIS - 2019-11-01 00:00:00 - ERROR - FILE_CHECK - expect_column_values_to_be_between - ANNEE - Unexpected value: 1978 on line 31, value should be between 1980 and 2019
2019-11-22 12:26:52,569 - CAMION - ES - VIAMOBILIS - 2019-11-01 00:00:00 - ERROR - FILE_CHECK - expect_column_values_to_be_between - ANNEE - Unexpected value: 0 on line 37, value should be between 1980 and 2019
2019-11-22 12:26:52,569 - CAMION - ES - VIAMOBILIS - 2019-11-01 00:00:00 - ERROR - FILE_CHECK - expect_column_values_to_be_between - ANNEE - Unexpected value: 0 on line 39, value should be between 1980 and 2019
2019-11-22 12:26:52,569 - CAMION - ES - VIAMOBILIS - 2019-11-01 00:00:00 - ERROR - FILE_CHECK - expect_column_values_to_be_between - ANNEE - Unexpected value: 0 on line 56, value should be between 1980 and 2019
2019-11-22 12:26:52,570 - CAMION - ES - VIAMOBILIS - 2019-11-01 00:00:00 - ERROR - FILE_CHECK - expect_column_values_to_be_between - ANNEE - Unexpected value: 0 on line 58, value should be between 1980 and 2019
2019-11-22 12:26:52,570 - CAMION - ES - VIAMOBILIS - 2019-11-01 00:00:00 - ERROR - FILE_CHECK - expect_column_values_to_be_between - ANNEE - Unexpected value: 0 on line 60, value should be between 1980 and 2019
2019-11-22 12:26:52,570 - CAMION - ES - VIAMOBILIS - 2019-11-01 00:00:00 - ERROR - FILE_CHECK - expect_column_values_to_be_between - ANNEE - Unexpected value: 1970 on line 66, value should be between 1980 and 2019
2019-11-22 12:26:52,570 - CAMION - ES - VIAMOBILIS - 2019-11-01 00:00:00 - ERROR - FILE_CHECK - expect_column_values_to_be_between - ANNEE - Unexpected value: 0 on line 69, value should be between 1980 and 2019
2019-11-22 12:26:52,570 - CAMION - ES - VIAMOBILIS - 2019-11-01 00:00:00 - ERROR - FILE_CHECK - expect_column_values_to_be_between - ANNEE - Unexpected value: 0 on line 81, value should be between 1980 and 2019
2019-11-22 12:26:52,570 - CAMION - ES - VIAMOBILIS - 2019-11-01 00:00:00 - ERROR - FILE_CHECK - expect_column_values_to_be_between - ANNEE - Unexpected value: 1975 on line 87, value should be between 1980 and 2019
2019-11-22 12:26:52,570 - CAMION - ES - VIAMOBILIS - 2019-11-01 00:00:00 - ERROR - FILE_CHECK - expect_column_values_to_be_between - ANNEE - Unexpected value: 1978 on line 92, value should be between 1980 and 2019
2019-11-22 12:26:52,570 - CAMION - ES - VIAMOBILIS - 2019-11-01 00:00:00 - ERROR - FILE_CHECK - expect_column_values_to_be_between - ANNEE - Unexpected value: 1978 on line 93, value should be between 1980 and 2019
2019-11-22 12:26:52,570 - CAMION - ES - VIAMOBILIS - 2019-11-01 00:00:00 - ERROR - FILE_CHECK - expect_column_values_to_be_between - ANNEE - Unexpected value: 1979 on line 96, value should be between 1980 and 2019
2019-11-22 12:26:52,570 - CAMION - ES - VIAMOBILIS - 2019-11-01 00:00:00 - ERROR - FILE_CHECK - expect_column_values_to_be_between - ANNEE - Unexpected value: 1971 on line 98, value should be between 1980 and 2019
2019-11-22 12:26:52,570 - CAMION - ES - VIAMOBILIS - 2019-11-01 00:00:00 - ERROR - FILE_CHECK - expect_column_values_to_be_between - ANNEE - Unexpected value: 0 on line 102, value should be between 1980 and 2019
2019-11-22 12:26:52,570 - CAMION - ES - VIAMOBILIS - 2019-11-01 00:00:00 - ERROR - STAT - expect_column_values_to_be_between - ANNEE - correctly filled rate (%) - 84.3
2019-11-22 12:26:52,570 - CAMION - ES - VIAMOBILIS - 2019-11-01 00:00:00 - ERROR - STAT - expect_column_values_to_be_between - ANNEE - unexpected count - 935
2019-11-22 12:26:52,570 - CAMION - ES - VIAMOBILIS - 2019-11-01 00:00:00 - ERROR - FILE_VALIDATE - expect_column_values_to_be_between - ANNEE - False - 0
2019-11-22 12:26:52,570 - CAMION - ES - VIAMOBILIS - 2019-11-01 00:00:00 - ERROR - STAT - expect_column_values_to_not_be_null - ANNEE - correctly filled rate (%) - 100.0
2019-11-22 12:26:52,570 - CAMION - ES - VIAMOBILIS - 2019-11-01 00:00:00 - ERROR - FILE_VALIDATE - expect_column_values_to_not_be_null - ANNEE - True - 1
2019-11-22 12:26:52,570 - CAMION - ES - VIAMOBILIS - 2019-11-01 00:00:00 - ERROR - FILE_CHECK - expect_column_values_to_match_regex - ANNEE - Unexpected value: 0 on line 20, value should match regexp ^[0-9]{4}$
2019-11-22 12:26:52,570 - CAMION - ES - VIAMOBILIS - 2019-11-01 00:00:00 - ERROR - FILE_CHECK - expect_column_values_to_match_regex - ANNEE - Unexpected value: 0 on line 26, value should match regexp ^[0-9]{4}$
2019-11-22 12:26:52,571 - CAMION - ES - VIAMOBILIS - 2019-11-01 00:00:00 - ERROR - FILE_CHECK - expect_column_values_to_match_regex - ANNEE - Unexpected value: 0 on line 27, value should match regexp ^[0-9]{4}$
2019-11-22 12:26:52,571 - CAMION - ES - VIAMOBILIS - 2019-11-01 00:00:00 - ERROR - FILE_CHECK - expect_column_values_to_match_regex - ANNEE - Unexpected value: 0 on line 30, value should match regexp ^[0-9]{4}$
2019-11-22 12:26:52,571 - CAMION - ES - VIAMOBILIS - 2019-11-01 00:00:00 - ERROR - FILE_CHECK - expect_column_values_to_match_regex - ANNEE - Unexpected value: 0 on line 37, value should match regexp ^[0-9]{4}$
2019-11-22 12:26:52,571 - CAMION - ES - VIAMOBILIS - 2019-11-01 00:00:00 - ERROR - FILE_CHECK - expect_column_values_to_match_regex - ANNEE - Unexpected value: 0 on line 39, value should match regexp ^[0-9]{4}$
2019-11-22 12:26:52,571 - CAMION - ES - VIAMOBILIS - 2019-11-01 00:00:00 - ERROR - FILE_CHECK - expect_column_values_to_match_regex - ANNEE - Unexpected value: 0 on line 56, value should match regexp ^[0-9]{4}$
2019-11-22 12:26:52,571 - CAMION - ES - VIAMOBILIS - 2019-11-01 00:00:00 - ERROR - FILE_CHECK - expect_column_values_to_match_regex - ANNEE - Unexpected value: 0 on line 58, value should match regexp ^[0-9]{4}$
2019-11-22 12:26:52,571 - CAMION - ES - VIAMOBILIS - 2019-11-01 00:00:00 - ERROR - FILE_CHECK - expect_column_values_to_match_regex - ANNEE - Unexpected value: 0 on line 60, value should match regexp ^[0-9]{4}$
2019-11-22 12:26:52,571 - CAMION - ES - VIAMOBILIS - 2019-11-01 00:00:00 - ERROR - FILE_CHECK - expect_column_values_to_match_regex - ANNEE - Unexpected value: 0 on line 69, value should match regexp ^[0-9]{4}$
2019-11-22 12:26:52,571 - CAMION - ES - VIAMOBILIS - 2019-11-01 00:00:00 - ERROR - FILE_CHECK - expect_column_values_to_match_regex - ANNEE - Unexpected value: 0 on line 81, value should match regexp ^[0-9]{4}$
2019-11-22 12:26:52,571 - CAMION - ES - VIAMOBILIS - 2019-11-01 00:00:00 - ERROR - FILE_CHECK - expect_column_values_to_match_regex - ANNEE - Unexpected value: 0 on line 102, value should match regexp ^[0-9]{4}$
2019-11-22 12:26:52,571 - CAMION - ES - VIAMOBILIS - 2019-11-01 00:00:00 - ERROR - FILE_CHECK - expect_column_values_to_match_regex - ANNEE - Unexpected value: 0 on line 105, value should match regexp ^[0-9]{4}$
2019-11-22 12:26:52,571 - CAMION - ES - VIAMOBILIS - 2019-11-01 00:00:00 - ERROR - FILE_CHECK - expect_column_values_to_match_regex - ANNEE - Unexpected value: 0 on line 107, value should match regexp ^[0-9]{4}$
2019-11-22 12:26:52,571 - CAMION - ES - VIAMOBILIS - 2019-11-01 00:00:00 - ERROR - FILE_CHECK - expect_column_values_to_match_regex - ANNEE - Unexpected value: 0 on line 112, value should match regexp ^[0-9]{4}$
2019-11-22 12:26:52,571 - CAMION - ES - VIAMOBILIS - 2019-11-01 00:00:00 - ERROR - FILE_CHECK - expect_column_values_to_match_regex - ANNEE - Unexpected value: 0 on line 120, value should match regexp ^[0-9]{4}$
2019-11-22 12:26:52,571 - CAMION - ES - VIAMOBILIS - 2019-11-01 00:00:00 - ERROR - FILE_CHECK - expect_column_values_to_match_regex - ANNEE - Unexpected value: 0 on line 128, value should match regexp ^[0-9]{4}$
2019-11-22 12:26:52,571 - CAMION - ES - VIAMOBILIS - 2019-11-01 00:00:00 - ERROR - FILE_CHECK - expect_column_values_to_match_regex - ANNEE - Unexpected value: 0 on line 129, value should match regexp ^[0-9]{4}$
2019-11-22 12:26:52,571 - CAMION - ES - VIAMOBILIS - 2019-11-01 00:00:00 - ERROR - FILE_CHECK - expect_column_values_to_match_regex - ANNEE - Unexpected value: 0 on line 143, value should match regexp ^[0-9]{4}$
2019-11-22 12:26:52,571 - CAMION - ES - VIAMOBILIS - 2019-11-01 00:00:00 - ERROR - FILE_CHECK - expect_column_values_to_match_regex - ANNEE - Unexpected value: 0 on line 144, value should match regexp ^[0-9]{4}$
2019-11-22 12:26:52,571 - CAMION - ES - VIAMOBILIS - 2019-11-01 00:00:00 - ERROR - STAT - expect_column_values_to_match_regex - ANNEE - correctly filled rate (%) - 85.01
2019-11-22 12:26:52,572 - CAMION - ES - VIAMOBILIS - 2019-11-01 00:00:00 - ERROR - FILE_VALIDATE - expect_column_values_to_match_regex - ANNEE - False - 0
2019-11-22 12:26:52,572 - CAMION - ES - VIAMOBILIS - 2019-11-01 00:00:00 - ERROR - STAT - expect_column_values_to_not_be_null - ANNONCE_LINK - correctly filled rate (%) - 100.0
2019-11-22 12:26:52,572 - CAMION - ES - VIAMOBILIS - 2019-11-01 00:00:00 - ERROR - FILE_VALIDATE - expect_column_values_to_not_be_null - ANNONCE_LINK - True - 1
2019-11-22 12:26:52,572 - CAMION - ES - VIAMOBILIS - 2019-11-01 00:00:00 - ERROR - STAT - expect_column_values_to_be_unique - ANNONCE_LINK - observed proportion - 100.0
2019-11-22 12:26:52,572 - CAMION - ES - VIAMOBILIS - 2019-11-01 00:00:00 - ERROR - FILE_VALIDATE - expect_column_values_to_be_unique - ANNONCE_LINK - True - 1
2019-11-22 12:26:52,572 - CAMION - ES - VIAMOBILIS - 2019-11-01 00:00:00 - ERROR - STAT - expect_column_values_to_not_be_null - CARBURANT - correctly filled rate (%) - 53.43
2019-11-22 12:26:52,572 - CAMION - ES - VIAMOBILIS - 2019-11-01 00:00:00 - ERROR - FILE_VALIDATE - expect_column_values_to_not_be_null - CARBURANT - False - 0
2019-11-22 12:26:52,572 - CAMION - ES - VIAMOBILIS - 2019-11-01 00:00:00 - ERROR - STAT - expect_column_values_to_not_be_null - CARROSSERIE - correctly filled rate (%) - 91.89
2019-11-22 12:26:52,572 - CAMION - ES - VIAMOBILIS - 2019-11-01 00:00:00 - ERROR - FILE_VALIDATE - expect_column_values_to_not_be_null - CARROSSERIE - True - 1
2019-11-22 12:26:52,572 - CAMION - ES - VIAMOBILIS - 2019-11-01 00:00:00 - ERROR - STAT - expect_column_values_to_not_be_null - CP - correctly filled rate (%) - 100.0
2019-11-22 12:26:52,572 - CAMION - ES - VIAMOBILIS - 2019-11-01 00:00:00 - ERROR - FILE_VALIDATE - expect_column_values_to_not_be_null - CP - True - 1
2019-11-22 12:26:52,572 - CAMION - ES - VIAMOBILIS - 2019-11-01 00:00:00 - ERROR - STAT - expect_column_values_to_match_regex - CP - correctly filled rate (%) - 99.58
2019-11-22 12:26:52,572 - CAMION - ES - VIAMOBILIS - 2019-11-01 00:00:00 - ERROR - FILE_VALIDATE - expect_column_values_to_match_regex - CP - True - 1
2019-11-22 12:26:52,572 - CAMION - ES - VIAMOBILIS - 2019-11-01 00:00:00 - ERROR - STAT - expect_column_values_to_not_be_null - GARAGE_ID - correctly filled rate (%) - 0.0
2019-11-22 12:26:52,572 - CAMION - ES - VIAMOBILIS - 2019-11-01 00:00:00 - ERROR - FILE_VALIDATE - expect_column_values_to_not_be_null - GARAGE_ID - False - 0
2019-11-22 12:26:52,572 - CAMION - ES - VIAMOBILIS - 2019-11-01 00:00:00 - ERROR - STAT - expect_column_values_to_not_be_null - ID_CLIENT - correctly filled rate (%) - 100.0
2019-11-22 12:26:52,572 - CAMION - ES - VIAMOBILIS - 2019-11-01 00:00:00 - ERROR - FILE_VALIDATE - expect_column_values_to_not_be_null - ID_CLIENT - True - 1
2019-11-22 12:26:52,573 - CAMION - ES - VIAMOBILIS - 2019-11-01 00:00:00 - ERROR - STAT - expect_column_values_to_be_unique - ID_CLIENT - observed proportion - 100.0
2019-11-22 12:26:52,573 - CAMION - ES - VIAMOBILIS - 2019-11-01 00:00:00 - ERROR - FILE_VALIDATE - expect_column_values_to_be_unique - ID_CLIENT - True - 1
2019-11-22 12:26:52,573 - CAMION - ES - VIAMOBILIS - 2019-11-01 00:00:00 - ERROR - STAT - expect_returning_row_count - EVERY_COLUMNS - total number of rows - 5957
2019-11-22 12:26:52,573 - CAMION - ES - VIAMOBILIS - 2019-11-01 00:00:00 - ERROR - STAT - expect_column_values_to_not_be_null - IMMAT - correctly filled rate (%) - 100.0
2019-11-22 12:26:52,573 - CAMION - ES - VIAMOBILIS - 2019-11-01 00:00:00 - ERROR - FILE_VALIDATE - expect_column_values_to_not_be_null - IMMAT - True - 1
2019-11-22 12:26:52,573 - CAMION - ES - VIAMOBILIS - 2019-11-01 00:00:00 - ERROR - STAT - expect_column_values_to_be_in_type_list - KM - correctly filled rate (%) - 100.0
2019-11-22 12:26:52,573 - CAMION - ES - VIAMOBILIS - 2019-11-01 00:00:00 - ERROR - FILE_VALIDATE - expect_column_values_to_be_in_type_list - KM - True - 1
2019-11-22 12:26:52,573 - CAMION - ES - VIAMOBILIS - 2019-11-01 00:00:00 - ERROR - STAT - expect_column_values_to_not_be_null - KM - correctly filled rate (%) - 100.0
2019-11-22 12:26:52,573 - CAMION - ES - VIAMOBILIS - 2019-11-01 00:00:00 - ERROR - FILE_VALIDATE - expect_column_values_to_not_be_null - KM - True - 1
2019-11-22 12:26:52,573 - CAMION - ES - VIAMOBILIS - 2019-11-01 00:00:00 - ERROR - STAT - expect_column_values_to_be_in_type_list - LITRE - correctly filled rate (%) - 100.0
2019-11-22 12:26:52,573 - CAMION - ES - VIAMOBILIS - 2019-11-01 00:00:00 - ERROR - FILE_VALIDATE - expect_column_values_to_be_in_type_list - LITRE - True - 1
2019-11-22 12:26:52,573 - CAMION - ES - VIAMOBILIS - 2019-11-01 00:00:00 - ERROR - STAT - expect_column_values_to_not_be_null - LITRE - correctly filled rate (%) - 100.0
2019-11-22 12:26:52,573 - CAMION - ES - VIAMOBILIS - 2019-11-01 00:00:00 - ERROR - FILE_VALIDATE - expect_column_values_to_not_be_null - LITRE - True - 1
2019-11-22 12:26:52,573 - CAMION - ES - VIAMOBILIS - 2019-11-01 00:00:00 - ERROR - STAT - expect_column_values_to_not_be_null - MARQUE - correctly filled rate (%) - 94.91
2019-11-22 12:26:52,573 - CAMION - ES - VIAMOBILIS - 2019-11-01 00:00:00 - ERROR - FILE_VALIDATE - expect_column_values_to_not_be_null - MARQUE - True - 1
2019-11-22 12:26:52,573 - CAMION - ES - VIAMOBILIS - 2019-11-01 00:00:00 - ERROR - STAT - expect_column_values_to_not_be_null - MODELE - correctly filled rate (%) - 22.6
2019-11-22 12:26:52,573 - CAMION - ES - VIAMOBILIS - 2019-11-01 00:00:00 - ERROR - FILE_VALIDATE - expect_column_values_to_not_be_null - MODELE - False - 0
2019-11-22 12:26:52,574 - CAMION - ES - VIAMOBILIS - 2019-11-01 00:00:00 - ERROR - STAT - expect_column_values_to_not_be_null - NOM - correctly filled rate (%) - 100.0
2019-11-22 12:26:52,574 - CAMION - ES - VIAMOBILIS - 2019-11-01 00:00:00 - ERROR - FILE_VALIDATE - expect_column_values_to_not_be_null - NOM - True - 1
2019-11-22 12:26:52,574 - CAMION - ES - VIAMOBILIS - 2019-11-01 00:00:00 - ERROR - STAT - expect_column_value_lengths_to_be_between - NOM - correctly filled rate (%) - 100.0
2019-11-22 12:26:52,574 - CAMION - ES - VIAMOBILIS - 2019-11-01 00:00:00 - ERROR - FILE_VALIDATE - expect_column_value_lengths_to_be_between - NOM - True - 1
2019-11-22 12:26:52,574 - CAMION - ES - VIAMOBILIS - 2019-11-01 00:00:00 - ERROR - STAT - expect_column_values_to_not_be_null - OPTIONS - correctly filled rate (%) - 0.0
2019-11-22 12:26:52,574 - CAMION - ES - VIAMOBILIS - 2019-11-01 00:00:00 - ERROR - FILE_VALIDATE - expect_column_values_to_not_be_null - OPTIONS - False - 0
2019-11-22 12:26:52,574 - CAMION - ES - VIAMOBILIS - 2019-11-01 00:00:00 - ERROR - STAT - expect_column_values_to_be_in_type_list - PHOTO - correctly filled rate (%) - 100.0
2019-11-22 12:26:52,574 - CAMION - ES - VIAMOBILIS - 2019-11-01 00:00:00 - ERROR - FILE_VALIDATE - expect_column_values_to_be_in_type_list - PHOTO - True - 1
2019-11-22 12:26:52,574 - CAMION - ES - VIAMOBILIS - 2019-11-01 00:00:00 - ERROR - STAT - expect_column_values_to_not_be_null - PHOTO - correctly filled rate (%) - 100.0
2019-11-22 12:26:52,574 - CAMION - ES - VIAMOBILIS - 2019-11-01 00:00:00 - ERROR - FILE_VALIDATE - expect_column_values_to_not_be_null - PHOTO - True - 1
2019-11-22 12:26:52,574 - CAMION - ES - VIAMOBILIS - 2019-11-01 00:00:00 - ERROR - STAT - expect_column_values_to_not_be_null - PLACE - correctly filled rate (%) - 0.0
2019-11-22 12:26:52,574 - CAMION - ES - VIAMOBILIS - 2019-11-01 00:00:00 - ERROR - FILE_VALIDATE - expect_column_values_to_not_be_null - PLACE - False - 0
2019-11-22 12:26:52,574 - CAMION - ES - VIAMOBILIS - 2019-11-01 00:00:00 - ERROR - STAT - expect_column_values_to_not_be_null - PORTE - correctly filled rate (%) - 0.0
2019-11-22 12:26:52,574 - CAMION - ES - VIAMOBILIS - 2019-11-01 00:00:00 - ERROR - FILE_VALIDATE - expect_column_values_to_not_be_null - PORTE - False - 0
2019-11-22 12:26:52,574 - CAMION - ES - VIAMOBILIS - 2019-11-01 00:00:00 - ERROR - STAT - expect_column_values_to_be_in_type_list - PRIX - correctly filled rate (%) - 100.0
2019-11-22 12:26:52,574 - CAMION - ES - VIAMOBILIS - 2019-11-01 00:00:00 - ERROR - FILE_VALIDATE - expect_column_values_to_be_in_type_list - PRIX - True - 1
2019-11-22 12:26:52,574 - CAMION - ES - VIAMOBILIS - 2019-11-01 00:00:00 - ERROR - STAT - expect_column_values_to_not_be_null - PRIX - correctly filled rate (%) - 100.0
2019-11-22 12:26:52,575 - CAMION - ES - VIAMOBILIS - 2019-11-01 00:00:00 - ERROR - FILE_VALIDATE - expect_column_values_to_not_be_null - PRIX - True - 1
2019-11-22 12:26:52,575 - CAMION - ES - VIAMOBILIS - 2019-11-01 00:00:00 - ERROR - STAT - expect_column_values_to_not_be_null - PROVINCE - correctly filled rate (%) - 0.0
2019-11-22 12:26:52,575 - CAMION - ES - VIAMOBILIS - 2019-11-01 00:00:00 - ERROR - FILE_VALIDATE - expect_column_values_to_not_be_null - PROVINCE - False - 0
2019-11-22 12:26:52,575 - CAMION - ES - VIAMOBILIS - 2019-11-01 00:00:00 - ERROR - STAT - expect_column_values_to_not_be_null - SITE - correctly filled rate (%) - 100.0
2019-11-22 12:26:52,575 - CAMION - ES - VIAMOBILIS - 2019-11-01 00:00:00 - ERROR - FILE_VALIDATE - expect_column_values_to_not_be_null - SITE - True - 1
2019-11-22 12:26:52,575 - CAMION - ES - VIAMOBILIS - 2019-11-01 00:00:00 - ERROR - STAT - expect_column_values_to_not_be_null - TELEPHONE - correctly filled rate (%) - 100.0
2019-11-22 12:26:52,575 - CAMION - ES - VIAMOBILIS - 2019-11-01 00:00:00 - ERROR - FILE_VALIDATE - expect_column_values_to_not_be_null - TELEPHONE - True - 1
2019-11-22 12:26:52,575 - CAMION - ES - VIAMOBILIS - 2019-11-01 00:00:00 - ERROR - STAT - expect_column_values_to_be_phone_number - TELEPHONE - correctly filled rate (%) - 99.36
2019-11-22 12:26:52,575 - CAMION - ES - VIAMOBILIS - 2019-11-01 00:00:00 - ERROR - FILE_VALIDATE - expect_column_values_to_be_phone_number - TELEPHONE - True - 1
2019-11-22 12:26:52,575 - CAMION - ES - VIAMOBILIS - 2019-11-01 00:00:00 - ERROR - STAT - expect_column_values_to_not_be_null - TYPE - correctly filled rate (%) - 100.0
2019-11-22 12:26:52,575 - CAMION - ES - VIAMOBILIS - 2019-11-01 00:00:00 - ERROR - FILE_VALIDATE - expect_column_values_to_not_be_null - TYPE - True - 1
2019-11-22 12:26:52,575 - CAMION - ES - VIAMOBILIS - 2019-11-01 00:00:00 - ERROR - STAT - expect_column_values_to_be_in_set_2 - TYPE - observed proportion - 100.0
2019-11-22 12:26:52,575 - CAMION - ES - VIAMOBILIS - 2019-11-01 00:00:00 - ERROR - STAT - expect_column_values_to_not_be_null - VILLE - correctly filled rate (%) - 100.0
2019-11-22 12:26:52,575 - CAMION - ES - VIAMOBILIS - 2019-11-01 00:00:00 - ERROR - FILE_VALIDATE - expect_column_values_to_not_be_null - VILLE - True - 1
2019-11-22 12:26:52,575 - CAMION - ES - VIAMOBILIS - 2019-11-01 00:00:00 - ERROR - STAT - expect_column_values_to_not_be_null - VN_IND - correctly filled rate (%) - 0.0
2019-11-22 12:26:52,575 - CAMION - ES - VIAMOBILIS - 2019-11-01 00:00:00 - ERROR - FILE_VALIDATE - expect_column_values_to_not_be_null - VN_IND - False - 0
2019-11-22 12:26:52,575 - CAMION - ES - VIAMOBILIS - 2019-11-01 00:00:00 - ERROR - STAT - expect_returning_row_unique_count - MARQUE_CORRECTED - total number of unique rows - 336
2019-11-22 12:26:52,575 - CAMION - ES - VIAMOBILIS - 2019-11-01 00:00:00 - ERROR - STAT - expect_returning_row_unique_count - MODELE_CORRECTED - total number of unique rows - 651
2019-11-22 12:26:52,576 - CAMION - ES - VIAMOBILIS - 2019-11-01 00:00:00 - ERROR - STAT - expect_returning_row_unique_count - CARROSSERIE - total number of unique rows - 110
2019-11-22 12:26:52,576 - CAMION - ES - VIAMOBILIS - 2019-11-01 00:00:00 - ERROR - STAT - expect_returning_row_unique_count - CARBURANT - total number of unique rows - 6
2019-11-22 12:26:52,576 - CAMION - ES - VIAMOBILIS - 2019-11-01 00:00:00 - ERROR - STAT - expect_column_values_to_not_be_null - CYLINDRE - correctly filled rate (%) - 0.0
2019-11-22 12:26:52,576 - CAMION - ES - VIAMOBILIS - 2019-11-01 00:00:00 - ERROR - FILE_VALIDATE - expect_column_values_to_not_be_null - CYLINDRE - False - 0
2019-11-22 12:26:52,576 - CAMION - ES - VIAMOBILIS - 2019-11-01 00:00:00 - ERROR - STAT - expect_returning_row_unique_count - PROVINCE - total number of unique rows - 0
2019-11-22 12:26:52,576 - CAMION - ES - VIAMOBILIS - 2019-11-01 00:00:00 - ERROR - STAT - expect_returning_row_unique_count - VILLE - total number of unique rows - 225
2019-11-22 12:26:52,576 - CAMION - ES - VIAMOBILIS - 2019-11-01 00:00:00 - ERROR - STAT - expect_returning_row_unique_count - DEPARTEMENT - total number of unique rows - 0
2019-11-22 12:26:52,576 - CAMION - ES - VIAMOBILIS - 2019-11-01 00:00:00 - ERROR - STAT - expect_returning_row_count_on_conditions - DEALER_USEDCARS - total number of row with conditions - 5957
2019-11-22 12:26:52,576 - CAMION - ES - VIAMOBILIS - 2019-11-01 00:00:00 - ERROR - STAT - expect_returning_row_count_on_conditions - PRIVATE_USEDCARS - total number of row with conditions - 0
2019-11-22 12:26:52,576 - CAMION - ES - VIAMOBILIS - 2019-11-01 00:00:00 - ERROR - STAT - expect_returning_row_count_on_conditions - TRUCKS - total number of row with conditions - 1578
2019-11-22 12:26:52,576 - CAMION - ES - VIAMOBILIS - 2019-11-01 00:00:00 - ERROR - STAT - expect_returning_row_count_on_conditions - TRACTOR UNITS - total number of row with conditions - 1380
2019-11-22 12:26:52,576 - CAMION - ES - VIAMOBILIS - 2019-11-01 00:00:00 - ERROR - STAT - expect_returning_row_count_on_conditions - TRAILERS - total number of row with conditions - 52
2019-11-22 12:26:52,576 - CAMION - ES - VIAMOBILIS - 2019-11-01 00:00:00 - ERROR - STAT - expect_returning_row_count_on_conditions - VANS - total number of row with conditions - 375
2019-11-22 12:26:52,576 - CAMION - ES - VIAMOBILIS - 2019-11-01 00:00:00 - ERROR - STAT - expect_returning_row_count_on_conditions - HEAVY EQUIPMENTS - total number of row with conditions - 1907
2019-11-22 12:26:52,576 - CAMION - ES - VIAMOBILIS - 2019-11-01 00:00:00 - ERROR - STAT - expect_returning_row_count_on_conditions - SEMI TRAILERS - total number of row with conditions - 665
2019-11-22 12:26:52,576 - CAMION - ES - VIAMOBILIS - 2019-11-01 00:00:00 - ERROR - STAT - expect_returning_row_count_on_conditions - DEALER_TRUCKS - total number of row with conditions - 1578
2019-11-22 12:26:52,576 - CAMION - ES - VIAMOBILIS - 2019-11-01 00:00:00 - ERROR - STAT - expect_returning_row_count_on_conditions - PRIVATE_TRUCKS - total number of row with conditions - 0
2019-11-22 12:26:52,577 - CAMION - ES - VIAMOBILIS - 2019-11-01 00:00:00 - ERROR - STAT - expect_returning_row_count_on_conditions - DEALER_TRACTOR UNITS - total number of row with conditions - 1380
2019-11-22 12:26:52,577 - CAMION - ES - VIAMOBILIS - 2019-11-01 00:00:00 - ERROR - STAT - expect_returning_row_count_on_conditions - PRIVATE_TRACTOR UNITS - total number of row with conditions - 0
2019-11-22 12:26:52,577 - CAMION - ES - VIAMOBILIS - 2019-11-01 00:00:00 - ERROR - STAT - expect_returning_row_count_on_conditions - DEALER_TRAILERS - total number of row with conditions - 52
2019-11-22 12:26:52,577 - CAMION - ES - VIAMOBILIS - 2019-11-01 00:00:00 - ERROR - STAT - expect_returning_row_count_on_conditions - PRIVATE_TRAILERS - total number of row with conditions - 0
2019-11-22 12:26:52,577 - CAMION - ES - VIAMOBILIS - 2019-11-01 00:00:00 - ERROR - STAT - expect_returning_row_count_on_conditions - DEALER_VANS - total number of row with conditions - 375
2019-11-22 12:26:52,577 - CAMION - ES - VIAMOBILIS - 2019-11-01 00:00:00 - ERROR - STAT - expect_returning_row_count_on_conditions - PRIVATE_VANS - total number of row with conditions - 0
2019-11-22 12:26:52,577 - CAMION - ES - VIAMOBILIS - 2019-11-01 00:00:00 - ERROR - STAT - expect_returning_row_count_on_conditions - DEALER_HEAVY EQUIPMENTS - total number of row with conditions - 1907
2019-11-22 12:26:52,577 - CAMION - ES - VIAMOBILIS - 2019-11-01 00:00:00 - ERROR - STAT - expect_returning_row_count_on_conditions - PRIVATE_HEAVY EQUIPMENTS - total number of row with conditions - 0
2019-11-22 12:26:52,577 - CAMION - ES - VIAMOBILIS - 2019-11-01 00:00:00 - ERROR - STAT - expect_returning_row_count_on_conditions - DEALER_SEMI TRAILERS - total number of row with conditions - 665
2019-11-22 12:26:52,577 - CAMION - ES - VIAMOBILIS - 2019-11-01 00:00:00 - ERROR - STAT - expect_returning_row_count_on_conditions - PRIVATE_SEMI TRAILERS - total number of row with conditions - 0
