2019-07-23 15:32:47,393 - VO - ES - WALLAPOP - 2019-07-01 00:00:00 - ERROR - STAT - expect_column_values_to_not_be_null - ADRESSE - correctly filled rate (%) - 0.0
2019-07-23 15:32:47,394 - VO - ES - WALLAPOP - 2019-07-01 00:00:00 - ERROR - STAT - expect_column_values_to_be_in_type_list - ANNEE - correctly filled rate (%) - 100.0
2019-07-23 15:32:47,394 - VO - ES - WALLAPOP - 2019-07-01 00:00:00 - ERROR - STAT - expect_column_values_to_be_between - ANNEE - correctly filled rate (%) - 97.99
2019-07-23 15:32:47,394 - VO - ES - WALLAPOP - 2019-07-01 00:00:00 - ERROR - STAT - expect_column_values_to_not_be_null - ANNEE - correctly filled rate (%) - 100.0
2019-07-23 15:32:47,394 - VO - ES - WALLAPOP - 2019-07-01 00:00:00 - ERROR - FILE_CHECK - expect_column_values_to_match_regex - ANNEE - Unexpected value: 0 on line 168, value should match regexp ^[0-9]{4}$
2019-07-23 15:32:47,394 - VO - ES - WALLAPOP - 2019-07-01 00:00:00 - ERROR - FILE_CHECK - expect_column_values_to_match_regex - ANNEE - Unexpected value: 0 on line 169, value should match regexp ^[0-9]{4}$
2019-07-23 15:32:47,394 - VO - ES - WALLAPOP - 2019-07-01 00:00:00 - ERROR - FILE_CHECK - expect_column_values_to_match_regex - ANNEE - Unexpected value: 0 on line 1360, value should match regexp ^[0-9]{4}$
2019-07-23 15:32:47,394 - VO - ES - WALLAPOP - 2019-07-01 00:00:00 - ERROR - FILE_CHECK - expect_column_values_to_match_regex - ANNEE - Unexpected value: 0 on line 1395, value should match regexp ^[0-9]{4}$
2019-07-23 15:32:47,394 - VO - ES - WALLAPOP - 2019-07-01 00:00:00 - ERROR - FILE_CHECK - expect_column_values_to_match_regex - ANNEE - Unexpected value: 0 on line 1464, value should match regexp ^[0-9]{4}$
2019-07-23 15:32:47,394 - VO - ES - WALLAPOP - 2019-07-01 00:00:00 - ERROR - FILE_CHECK - expect_column_values_to_match_regex - ANNEE - Unexpected value: 0 on line 1502, value should match regexp ^[0-9]{4}$
2019-07-23 15:32:47,394 - VO - ES - WALLAPOP - 2019-07-01 00:00:00 - ERROR - FILE_CHECK - expect_column_values_to_match_regex - ANNEE - Unexpected value: 0 on line 1504, value should match regexp ^[0-9]{4}$
2019-07-23 15:32:47,394 - VO - ES - WALLAPOP - 2019-07-01 00:00:00 - ERROR - FILE_CHECK - expect_column_values_to_match_regex - ANNEE - Unexpected value: 0 on line 1649, value should match regexp ^[0-9]{4}$
2019-07-23 15:32:47,394 - VO - ES - WALLAPOP - 2019-07-01 00:00:00 - ERROR - FILE_CHECK - expect_column_values_to_match_regex - ANNEE - Unexpected value: 0 on line 1656, value should match regexp ^[0-9]{4}$
2019-07-23 15:32:47,394 - VO - ES - WALLAPOP - 2019-07-01 00:00:00 - ERROR - FILE_CHECK - expect_column_values_to_match_regex - ANNEE - Unexpected value: 0 on line 1659, value should match regexp ^[0-9]{4}$
2019-07-23 15:32:47,394 - VO - ES - WALLAPOP - 2019-07-01 00:00:00 - ERROR - FILE_CHECK - expect_column_values_to_match_regex - ANNEE - Unexpected value: 0 on line 1682, value should match regexp ^[0-9]{4}$
2019-07-23 15:32:47,394 - VO - ES - WALLAPOP - 2019-07-01 00:00:00 - ERROR - FILE_CHECK - expect_column_values_to_match_regex - ANNEE - Unexpected value: 0 on line 1810, value should match regexp ^[0-9]{4}$
2019-07-23 15:32:47,394 - VO - ES - WALLAPOP - 2019-07-01 00:00:00 - ERROR - FILE_CHECK - expect_column_values_to_match_regex - ANNEE - Unexpected value: 0 on line 1877, value should match regexp ^[0-9]{4}$
2019-07-23 15:32:47,395 - VO - ES - WALLAPOP - 2019-07-01 00:00:00 - ERROR - FILE_CHECK - expect_column_values_to_match_regex - ANNEE - Unexpected value: 0 on line 1899, value should match regexp ^[0-9]{4}$
2019-07-23 15:32:47,395 - VO - ES - WALLAPOP - 2019-07-01 00:00:00 - ERROR - FILE_CHECK - expect_column_values_to_match_regex - ANNEE - Unexpected value: 0 on line 1907, value should match regexp ^[0-9]{4}$
2019-07-23 15:32:47,395 - VO - ES - WALLAPOP - 2019-07-01 00:00:00 - ERROR - FILE_CHECK - expect_column_values_to_match_regex - ANNEE - Unexpected value: 209 on line 1947, value should match regexp ^[0-9]{4}$
2019-07-23 15:32:47,395 - VO - ES - WALLAPOP - 2019-07-01 00:00:00 - ERROR - FILE_CHECK - expect_column_values_to_match_regex - ANNEE - Unexpected value: 0 on line 2263, value should match regexp ^[0-9]{4}$
2019-07-23 15:32:47,395 - VO - ES - WALLAPOP - 2019-07-01 00:00:00 - ERROR - FILE_CHECK - expect_column_values_to_match_regex - ANNEE - Unexpected value: 0 on line 2272, value should match regexp ^[0-9]{4}$
2019-07-23 15:32:47,395 - VO - ES - WALLAPOP - 2019-07-01 00:00:00 - ERROR - FILE_CHECK - expect_column_values_to_match_regex - ANNEE - Unexpected value: 0 on line 2330, value should match regexp ^[0-9]{4}$
2019-07-23 15:32:47,395 - VO - ES - WALLAPOP - 2019-07-01 00:00:00 - ERROR - FILE_CHECK - expect_column_values_to_match_regex - ANNEE - Unexpected value: 0 on line 2356, value should match regexp ^[0-9]{4}$
2019-07-23 15:32:47,395 - VO - ES - WALLAPOP - 2019-07-01 00:00:00 - ERROR - STAT - expect_column_values_to_match_regex - ANNEE - correctly filled rate (%) - 98.89
2019-07-23 15:32:47,395 - VO - ES - WALLAPOP - 2019-07-01 00:00:00 - ERROR - STAT - expect_column_values_to_not_be_null - ANNONCE_LINK - correctly filled rate (%) - 100.0
2019-07-23 15:32:47,395 - VO - ES - WALLAPOP - 2019-07-01 00:00:00 - ERROR - STAT - expect_column_values_to_be_unique - ANNONCE_LINK - observed proportion - 100.0
2019-07-23 15:32:47,395 - VO - ES - WALLAPOP - 2019-07-01 00:00:00 - ERROR - STAT - expect_column_values_to_not_be_null - CARBURANT - correctly filled rate (%) - 96.09
2019-07-23 15:32:47,395 - VO - ES - WALLAPOP - 2019-07-01 00:00:00 - ERROR - STAT - expect_column_values_to_not_be_null - CARROSSERIE - correctly filled rate (%) - 100.0
2019-07-23 15:32:47,395 - VO - ES - WALLAPOP - 2019-07-01 00:00:00 - ERROR - STAT - expect_column_values_to_not_be_null - CP - correctly filled rate (%) - 100.0
2019-07-23 15:32:47,395 - VO - ES - WALLAPOP - 2019-07-01 00:00:00 - ERROR - FILE_CHECK - expect_column_values_to_match_regex - CP - Unexpected value: 17458.0 on line 0, value should match regexp ^[0-9]{5}$
2019-07-23 15:32:47,395 - VO - ES - WALLAPOP - 2019-07-01 00:00:00 - ERROR - FILE_CHECK - expect_column_values_to_match_regex - CP - Unexpected value: 17458.0 on line 1, value should match regexp ^[0-9]{5}$
2019-07-23 15:32:47,395 - VO - ES - WALLAPOP - 2019-07-01 00:00:00 - ERROR - FILE_CHECK - expect_column_values_to_match_regex - CP - Unexpected value: 17458.0 on line 2, value should match regexp ^[0-9]{5}$
2019-07-23 15:32:47,395 - VO - ES - WALLAPOP - 2019-07-01 00:00:00 - ERROR - FILE_CHECK - expect_column_values_to_match_regex - CP - Unexpected value: 17458.0 on line 3, value should match regexp ^[0-9]{5}$
2019-07-23 15:32:47,396 - VO - ES - WALLAPOP - 2019-07-01 00:00:00 - ERROR - FILE_CHECK - expect_column_values_to_match_regex - CP - Unexpected value: 12001.0 on line 4, value should match regexp ^[0-9]{5}$
2019-07-23 15:32:47,396 - VO - ES - WALLAPOP - 2019-07-01 00:00:00 - ERROR - FILE_CHECK - expect_column_values_to_match_regex - CP - Unexpected value: 12001.0 on line 5, value should match regexp ^[0-9]{5}$
2019-07-23 15:32:47,396 - VO - ES - WALLAPOP - 2019-07-01 00:00:00 - ERROR - FILE_CHECK - expect_column_values_to_match_regex - CP - Unexpected value: 12001.0 on line 6, value should match regexp ^[0-9]{5}$
2019-07-23 15:32:47,396 - VO - ES - WALLAPOP - 2019-07-01 00:00:00 - ERROR - FILE_CHECK - expect_column_values_to_match_regex - CP - Unexpected value: 12001.0 on line 7, value should match regexp ^[0-9]{5}$
2019-07-23 15:32:47,396 - VO - ES - WALLAPOP - 2019-07-01 00:00:00 - ERROR - FILE_CHECK - expect_column_values_to_match_regex - CP - Unexpected value: 12001.0 on line 8, value should match regexp ^[0-9]{5}$
2019-07-23 15:32:47,396 - VO - ES - WALLAPOP - 2019-07-01 00:00:00 - ERROR - FILE_CHECK - expect_column_values_to_match_regex - CP - Unexpected value: 12001.0 on line 9, value should match regexp ^[0-9]{5}$
2019-07-23 15:32:47,396 - VO - ES - WALLAPOP - 2019-07-01 00:00:00 - ERROR - FILE_CHECK - expect_column_values_to_match_regex - CP - Unexpected value: 12001.0 on line 10, value should match regexp ^[0-9]{5}$
2019-07-23 15:32:47,396 - VO - ES - WALLAPOP - 2019-07-01 00:00:00 - ERROR - FILE_CHECK - expect_column_values_to_match_regex - CP - Unexpected value: 12001.0 on line 11, value should match regexp ^[0-9]{5}$
2019-07-23 15:32:47,396 - VO - ES - WALLAPOP - 2019-07-01 00:00:00 - ERROR - FILE_CHECK - expect_column_values_to_match_regex - CP - Unexpected value: 12001.0 on line 12, value should match regexp ^[0-9]{5}$
2019-07-23 15:32:47,396 - VO - ES - WALLAPOP - 2019-07-01 00:00:00 - ERROR - FILE_CHECK - expect_column_values_to_match_regex - CP - Unexpected value: 12001.0 on line 13, value should match regexp ^[0-9]{5}$
2019-07-23 15:32:47,396 - VO - ES - WALLAPOP - 2019-07-01 00:00:00 - ERROR - FILE_CHECK - expect_column_values_to_match_regex - CP - Unexpected value: 28807.0 on line 14, value should match regexp ^[0-9]{5}$
2019-07-23 15:32:47,396 - VO - ES - WALLAPOP - 2019-07-01 00:00:00 - ERROR - FILE_CHECK - expect_column_values_to_match_regex - CP - Unexpected value: 28807.0 on line 15, value should match regexp ^[0-9]{5}$
2019-07-23 15:32:47,396 - VO - ES - WALLAPOP - 2019-07-01 00:00:00 - ERROR - FILE_CHECK - expect_column_values_to_match_regex - CP - Unexpected value: 28807.0 on line 16, value should match regexp ^[0-9]{5}$
2019-07-23 15:32:47,396 - VO - ES - WALLAPOP - 2019-07-01 00:00:00 - ERROR - FILE_CHECK - expect_column_values_to_match_regex - CP - Unexpected value: 28807.0 on line 17, value should match regexp ^[0-9]{5}$
2019-07-23 15:32:47,396 - VO - ES - WALLAPOP - 2019-07-01 00:00:00 - ERROR - FILE_CHECK - expect_column_values_to_match_regex - CP - Unexpected value: 28807.0 on line 18, value should match regexp ^[0-9]{5}$
2019-07-23 15:32:47,396 - VO - ES - WALLAPOP - 2019-07-01 00:00:00 - ERROR - FILE_CHECK - expect_column_values_to_match_regex - CP - Unexpected value: 28807.0 on line 19, value should match regexp ^[0-9]{5}$
2019-07-23 15:32:47,396 - VO - ES - WALLAPOP - 2019-07-01 00:00:00 - ERROR - STAT - expect_column_values_to_match_regex - CP - correctly filled rate (%) - 0.0
2019-07-23 15:32:47,396 - VO - ES - WALLAPOP - 2019-07-01 00:00:00 - ERROR - STAT - expect_column_values_to_not_be_null - GARAGE_ID - correctly filled rate (%) - 100.0
2019-07-23 15:32:47,397 - VO - ES - WALLAPOP - 2019-07-01 00:00:00 - ERROR - STAT - expect_column_values_to_not_be_null - ID_CLIENT - correctly filled rate (%) - 100.0
2019-07-23 15:32:47,397 - VO - ES - WALLAPOP - 2019-07-01 00:00:00 - ERROR - STAT - expect_column_values_to_be_unique - ID_CLIENT - observed proportion - 100.0
2019-07-23 15:32:47,397 - VO - ES - WALLAPOP - 2019-07-01 00:00:00 - ERROR - STAT - expect_returning_row_count - EVERY_COLUMNS - total number of rows - 187127
2019-07-23 15:32:47,397 - VO - ES - WALLAPOP - 2019-07-01 00:00:00 - ERROR - STAT - expect_column_values_to_not_be_null - IMMAT - correctly filled rate (%) - 100.0
2019-07-23 15:32:47,397 - VO - ES - WALLAPOP - 2019-07-01 00:00:00 - ERROR - STAT - expect_column_values_to_be_in_type_list - KM - correctly filled rate (%) - 100.0
2019-07-23 15:32:47,397 - VO - ES - WALLAPOP - 2019-07-01 00:00:00 - ERROR - STAT - expect_column_values_to_not_be_null - KM - correctly filled rate (%) - 100.0
2019-07-23 15:32:47,397 - VO - ES - WALLAPOP - 2019-07-01 00:00:00 - ERROR - STAT - expect_column_values_to_be_in_type_list - LITRE - correctly filled rate (%) - 100.0
2019-07-23 15:32:47,397 - VO - ES - WALLAPOP - 2019-07-01 00:00:00 - ERROR - STAT - expect_column_values_to_not_be_null - LITRE - correctly filled rate (%) - 100.0
2019-07-23 15:32:47,397 - VO - ES - WALLAPOP - 2019-07-01 00:00:00 - ERROR - STAT - expect_column_values_to_not_be_null - MARQUE - correctly filled rate (%) - 98.94
2019-07-23 15:32:47,397 - VO - ES - WALLAPOP - 2019-07-01 00:00:00 - ERROR - STAT - expect_column_values_to_not_be_null - MODELE - correctly filled rate (%) - 98.94
2019-07-23 15:32:47,397 - VO - ES - WALLAPOP - 2019-07-01 00:00:00 - ERROR - STAT - expect_column_values_to_not_be_null - MOIS - correctly filled rate (%) - 100.0
2019-07-23 15:32:47,397 - VO - ES - WALLAPOP - 2019-07-01 00:00:00 - ERROR - FILE_CHECK - expect_column_values_to_be_between - MOIS - Unexpected value: 0 on line 0, value should be between 1 and 12
2019-07-23 15:32:47,397 - VO - ES - WALLAPOP - 2019-07-01 00:00:00 - ERROR - FILE_CHECK - expect_column_values_to_be_between - MOIS - Unexpected value: 0 on line 1, value should be between 1 and 12
2019-07-23 15:32:47,397 - VO - ES - WALLAPOP - 2019-07-01 00:00:00 - ERROR - FILE_CHECK - expect_column_values_to_be_between - MOIS - Unexpected value: 0 on line 2, value should be between 1 and 12
2019-07-23 15:32:47,397 - VO - ES - WALLAPOP - 2019-07-01 00:00:00 - ERROR - FILE_CHECK - expect_column_values_to_be_between - MOIS - Unexpected value: 0 on line 3, value should be between 1 and 12
2019-07-23 15:32:47,397 - VO - ES - WALLAPOP - 2019-07-01 00:00:00 - ERROR - FILE_CHECK - expect_column_values_to_be_between - MOIS - Unexpected value: 0 on line 4, value should be between 1 and 12
2019-07-23 15:32:47,398 - VO - ES - WALLAPOP - 2019-07-01 00:00:00 - ERROR - FILE_CHECK - expect_column_values_to_be_between - MOIS - Unexpected value: 0 on line 5, value should be between 1 and 12
2019-07-23 15:32:47,398 - VO - ES - WALLAPOP - 2019-07-01 00:00:00 - ERROR - FILE_CHECK - expect_column_values_to_be_between - MOIS - Unexpected value: 0 on line 6, value should be between 1 and 12
2019-07-23 15:32:47,398 - VO - ES - WALLAPOP - 2019-07-01 00:00:00 - ERROR - FILE_CHECK - expect_column_values_to_be_between - MOIS - Unexpected value: 0 on line 7, value should be between 1 and 12
2019-07-23 15:32:47,398 - VO - ES - WALLAPOP - 2019-07-01 00:00:00 - ERROR - FILE_CHECK - expect_column_values_to_be_between - MOIS - Unexpected value: 0 on line 8, value should be between 1 and 12
2019-07-23 15:32:47,398 - VO - ES - WALLAPOP - 2019-07-01 00:00:00 - ERROR - FILE_CHECK - expect_column_values_to_be_between - MOIS - Unexpected value: 0 on line 9, value should be between 1 and 12
2019-07-23 15:32:47,398 - VO - ES - WALLAPOP - 2019-07-01 00:00:00 - ERROR - FILE_CHECK - expect_column_values_to_be_between - MOIS - Unexpected value: 0 on line 10, value should be between 1 and 12
2019-07-23 15:32:47,398 - VO - ES - WALLAPOP - 2019-07-01 00:00:00 - ERROR - FILE_CHECK - expect_column_values_to_be_between - MOIS - Unexpected value: 0 on line 11, value should be between 1 and 12
2019-07-23 15:32:47,398 - VO - ES - WALLAPOP - 2019-07-01 00:00:00 - ERROR - FILE_CHECK - expect_column_values_to_be_between - MOIS - Unexpected value: 0 on line 12, value should be between 1 and 12
2019-07-23 15:32:47,398 - VO - ES - WALLAPOP - 2019-07-01 00:00:00 - ERROR - FILE_CHECK - expect_column_values_to_be_between - MOIS - Unexpected value: 0 on line 13, value should be between 1 and 12
2019-07-23 15:32:47,398 - VO - ES - WALLAPOP - 2019-07-01 00:00:00 - ERROR - FILE_CHECK - expect_column_values_to_be_between - MOIS - Unexpected value: 0 on line 14, value should be between 1 and 12
2019-07-23 15:32:47,398 - VO - ES - WALLAPOP - 2019-07-01 00:00:00 - ERROR - FILE_CHECK - expect_column_values_to_be_between - MOIS - Unexpected value: 0 on line 15, value should be between 1 and 12
2019-07-23 15:32:47,398 - VO - ES - WALLAPOP - 2019-07-01 00:00:00 - ERROR - FILE_CHECK - expect_column_values_to_be_between - MOIS - Unexpected value: 0 on line 16, value should be between 1 and 12
2019-07-23 15:32:47,398 - VO - ES - WALLAPOP - 2019-07-01 00:00:00 - ERROR - FILE_CHECK - expect_column_values_to_be_between - MOIS - Unexpected value: 0 on line 17, value should be between 1 and 12
2019-07-23 15:32:47,398 - VO - ES - WALLAPOP - 2019-07-01 00:00:00 - ERROR - FILE_CHECK - expect_column_values_to_be_between - MOIS - Unexpected value: 0 on line 18, value should be between 1 and 12
2019-07-23 15:32:47,398 - VO - ES - WALLAPOP - 2019-07-01 00:00:00 - ERROR - FILE_CHECK - expect_column_values_to_be_between - MOIS - Unexpected value: 0 on line 19, value should be between 1 and 12
2019-07-23 15:32:47,398 - VO - ES - WALLAPOP - 2019-07-01 00:00:00 - ERROR - STAT - expect_column_values_to_be_between - MOIS - correctly filled rate (%) - 0.0
2019-07-23 15:32:47,398 - VO - ES - WALLAPOP - 2019-07-01 00:00:00 - ERROR - STAT - expect_column_values_to_match_regex - MOIS - correctly filled rate (%) - 100.0
2019-07-23 15:32:47,398 - VO - ES - WALLAPOP - 2019-07-01 00:00:00 - ERROR - STAT - expect_column_values_to_not_be_null - NOM - correctly filled rate (%) - 100.0
2019-07-23 15:32:47,399 - VO - ES - WALLAPOP - 2019-07-01 00:00:00 - ERROR - FILE_CHECK - expect_column_value_lengths_to_be_between - NOM - Unexpected characters count of: [BMW M6...] on line  1623, value length should be between 10 and 255
2019-07-23 15:32:47,399 - VO - ES - WALLAPOP - 2019-07-01 00:00:00 - ERROR - FILE_CHECK - expect_column_value_lengths_to_be_between - NOM - Unexpected characters count of: [Practico...] on line  1810, value length should be between 10 and 255
2019-07-23 15:32:47,399 - VO - ES - WALLAPOP - 2019-07-01 00:00:00 - ERROR - FILE_CHECK - expect_column_value_lengths_to_be_between - NOM - Unexpected characters count of: [verde...] on line  2262, value length should be between 10 and 255
2019-07-23 15:32:47,399 - VO - ES - WALLAPOP - 2019-07-01 00:00:00 - ERROR - FILE_CHECK - expect_column_value_lengths_to_be_between - NOM - Unexpected characters count of: [DS5 KM0...] on line  2329, value length should be between 10 and 255
2019-07-23 15:32:47,399 - VO - ES - WALLAPOP - 2019-07-01 00:00:00 - ERROR - FILE_CHECK - expect_column_value_lengths_to_be_between - NOM - Unexpected characters count of: [.Audi A3...] on line  2736, value length should be between 10 and 255
2019-07-23 15:32:47,399 - VO - ES - WALLAPOP - 2019-07-01 00:00:00 - ERROR - FILE_CHECK - expect_column_value_lengths_to_be_between - NOM - Unexpected characters count of: [Audi 6...] on line  2915, value length should be between 10 and 255
2019-07-23 15:32:47,399 - VO - ES - WALLAPOP - 2019-07-01 00:00:00 - ERROR - FILE_CHECK - expect_column_value_lengths_to_be_between - NOM - Unexpected characters count of: [Audi A3...] on line  3299, value length should be between 10 and 255
2019-07-23 15:32:47,399 - VO - ES - WALLAPOP - 2019-07-01 00:00:00 - ERROR - FILE_CHECK - expect_column_value_lengths_to_be_between - NOM - Unexpected characters count of: [seat...] on line  3357, value length should be between 10 and 255
2019-07-23 15:32:47,399 - VO - ES - WALLAPOP - 2019-07-01 00:00:00 - ERROR - FILE_CHECK - expect_column_value_lengths_to_be_between - NOM - Unexpected characters count of: [SEAT Leon...] on line  4420, value length should be between 10 and 255
2019-07-23 15:32:47,399 - VO - ES - WALLAPOP - 2019-07-01 00:00:00 - ERROR - FILE_CHECK - expect_column_value_lengths_to_be_between - NOM - Unexpected characters count of: [BMW e30...] on line  4552, value length should be between 10 and 255
2019-07-23 15:32:47,399 - VO - ES - WALLAPOP - 2019-07-01 00:00:00 - ERROR - FILE_CHECK - expect_column_value_lengths_to_be_between - NOM - Unexpected characters count of: [BMW...] on line  5171, value length should be between 10 and 255
2019-07-23 15:32:47,399 - VO - ES - WALLAPOP - 2019-07-01 00:00:00 - ERROR - FILE_CHECK - expect_column_value_lengths_to_be_between - NOM - Unexpected characters count of: [SEAT Leon...] on line  5213, value length should be between 10 and 255
2019-07-23 15:32:47,399 - VO - ES - WALLAPOP - 2019-07-01 00:00:00 - ERROR - FILE_CHECK - expect_column_value_lengths_to_be_between - NOM - Unexpected characters count of: [Civic eg4...] on line  5877, value length should be between 10 and 255
2019-07-23 15:32:47,399 - VO - ES - WALLAPOP - 2019-07-01 00:00:00 - ERROR - FILE_CHECK - expect_column_value_lengths_to_be_between - NOM - Unexpected characters count of: [1.9 JTD...] on line  6051, value length should be between 10 and 255
2019-07-23 15:32:47,399 - VO - ES - WALLAPOP - 2019-07-01 00:00:00 - ERROR - FILE_CHECK - expect_column_value_lengths_to_be_between - NOM - Unexpected characters count of: [330ci...] on line  6103, value length should be between 10 and 255
2019-07-23 15:32:47,399 - VO - ES - WALLAPOP - 2019-07-01 00:00:00 - ERROR - FILE_CHECK - expect_column_value_lengths_to_be_between - NOM - Unexpected characters count of: [BMW X5...] on line  6826, value length should be between 10 and 255
2019-07-23 15:32:47,399 - VO - ES - WALLAPOP - 2019-07-01 00:00:00 - ERROR - FILE_CHECK - expect_column_value_lengths_to_be_between - NOM - Unexpected characters count of: [Audi RS5...] on line  7225, value length should be between 10 and 255
2019-07-23 15:32:47,399 - VO - ES - WALLAPOP - 2019-07-01 00:00:00 - ERROR - FILE_CHECK - expect_column_value_lengths_to_be_between - NOM - Unexpected characters count of: [Golf GTI...] on line  7603, value length should be between 10 and 255
2019-07-23 15:32:47,400 - VO - ES - WALLAPOP - 2019-07-01 00:00:00 - ERROR - FILE_CHECK - expect_column_value_lengths_to_be_between - NOM - Unexpected characters count of: [vender...] on line  8176, value length should be between 10 and 255
2019-07-23 15:32:47,400 - VO - ES - WALLAPOP - 2019-07-01 00:00:00 - ERROR - FILE_CHECK - expect_column_value_lengths_to_be_between - NOM - Unexpected characters count of: [Seat Leon...] on line  8322, value length should be between 10 and 255
2019-07-23 15:32:47,400 - VO - ES - WALLAPOP - 2019-07-01 00:00:00 - ERROR - STAT - expect_column_value_lengths_to_be_between - NOM - correctly filled rate (%) - 99.14
2019-07-23 15:32:47,400 - VO - ES - WALLAPOP - 2019-07-01 00:00:00 - ERROR - STAT - expect_column_values_to_not_be_null - OPTIONS - correctly filled rate (%) - 100.0
2019-07-23 15:32:47,400 - VO - ES - WALLAPOP - 2019-07-01 00:00:00 - ERROR - FILE_CHECK - expect_column_value_lengths_to_be_between - OPTIONS - Unexpected characters count of: [Marca: NISSAN Modelo...] on line  0, value length should be between 0 and 255
2019-07-23 15:32:47,400 - VO - ES - WALLAPOP - 2019-07-01 00:00:00 - ERROR - FILE_CHECK - expect_column_value_lengths_to_be_between - OPTIONS - Unexpected characters count of: [Marca: HYUNDAI Model...] on line  1, value length should be between 0 and 255
2019-07-23 15:32:47,400 - VO - ES - WALLAPOP - 2019-07-01 00:00:00 - ERROR - FILE_CHECK - expect_column_value_lengths_to_be_between - OPTIONS - Unexpected characters count of: [Marca: OPEL Modelo: ...] on line  2, value length should be between 0 and 255
2019-07-23 15:32:47,400 - VO - ES - WALLAPOP - 2019-07-01 00:00:00 - ERROR - FILE_CHECK - expect_column_value_lengths_to_be_between - OPTIONS - Unexpected characters count of: [Marca: SKODA Modelo:...] on line  3, value length should be between 0 and 255
2019-07-23 15:32:47,400 - VO - ES - WALLAPOP - 2019-07-01 00:00:00 - ERROR - FILE_CHECK - expect_column_value_lengths_to_be_between - OPTIONS - Unexpected characters count of: [Marca: AUDI Modelo: ...] on line  4, value length should be between 0 and 255
2019-07-23 15:32:47,400 - VO - ES - WALLAPOP - 2019-07-01 00:00:00 - ERROR - FILE_CHECK - expect_column_value_lengths_to_be_between - OPTIONS - Unexpected characters count of: [Marca: AUDI Modelo: ...] on line  5, value length should be between 0 and 255
2019-07-23 15:32:47,400 - VO - ES - WALLAPOP - 2019-07-01 00:00:00 - ERROR - FILE_CHECK - expect_column_value_lengths_to_be_between - OPTIONS - Unexpected characters count of: [Marca: NISSAN Modelo...] on line  6, value length should be between 0 and 255
2019-07-23 15:32:47,400 - VO - ES - WALLAPOP - 2019-07-01 00:00:00 - ERROR - FILE_CHECK - expect_column_value_lengths_to_be_between - OPTIONS - Unexpected characters count of: [Marca: SKODA Modelo:...] on line  7, value length should be between 0 and 255
2019-07-23 15:32:47,400 - VO - ES - WALLAPOP - 2019-07-01 00:00:00 - ERROR - FILE_CHECK - expect_column_value_lengths_to_be_between - OPTIONS - Unexpected characters count of: [Marca: SSANGYONG Mod...] on line  8, value length should be between 0 and 255
2019-07-23 15:32:47,400 - VO - ES - WALLAPOP - 2019-07-01 00:00:00 - ERROR - FILE_CHECK - expect_column_value_lengths_to_be_between - OPTIONS - Unexpected characters count of: [Marca: VOLKSWAGEN Mo...] on line  9, value length should be between 0 and 255
2019-07-23 15:32:47,400 - VO - ES - WALLAPOP - 2019-07-01 00:00:00 - ERROR - FILE_CHECK - expect_column_value_lengths_to_be_between - OPTIONS - Unexpected characters count of: [Marca: OPEL Modelo: ...] on line  10, value length should be between 0 and 255
2019-07-23 15:32:47,400 - VO - ES - WALLAPOP - 2019-07-01 00:00:00 - ERROR - FILE_CHECK - expect_column_value_lengths_to_be_between - OPTIONS - Unexpected characters count of: [Marca: MAZDA Modelo:...] on line  11, value length should be between 0 and 255
2019-07-23 15:32:47,400 - VO - ES - WALLAPOP - 2019-07-01 00:00:00 - ERROR - FILE_CHECK - expect_column_value_lengths_to_be_between - OPTIONS - Unexpected characters count of: [Marca: VOLKSWAGEN Mo...] on line  12, value length should be between 0 and 255
2019-07-23 15:32:47,401 - VO - ES - WALLAPOP - 2019-07-01 00:00:00 - ERROR - FILE_CHECK - expect_column_value_lengths_to_be_between - OPTIONS - Unexpected characters count of: [Marca: SEAT Modelo: ...] on line  13, value length should be between 0 and 255
2019-07-23 15:32:47,401 - VO - ES - WALLAPOP - 2019-07-01 00:00:00 - ERROR - FILE_CHECK - expect_column_value_lengths_to_be_between - OPTIONS - Unexpected characters count of: [Marca: TOYOTA Modelo...] on line  14, value length should be between 0 and 255
2019-07-23 15:32:47,401 - VO - ES - WALLAPOP - 2019-07-01 00:00:00 - ERROR - FILE_CHECK - expect_column_value_lengths_to_be_between - OPTIONS - Unexpected characters count of: [Marca: TOYOTA Modelo...] on line  15, value length should be between 0 and 255
2019-07-23 15:32:47,401 - VO - ES - WALLAPOP - 2019-07-01 00:00:00 - ERROR - FILE_CHECK - expect_column_value_lengths_to_be_between - OPTIONS - Unexpected characters count of: [Marca: TOYOTA Modelo...] on line  16, value length should be between 0 and 255
2019-07-23 15:32:47,401 - VO - ES - WALLAPOP - 2019-07-01 00:00:00 - ERROR - FILE_CHECK - expect_column_value_lengths_to_be_between - OPTIONS - Unexpected characters count of: [Marca: NISSAN Modelo...] on line  17, value length should be between 0 and 255
2019-07-23 15:32:47,401 - VO - ES - WALLAPOP - 2019-07-01 00:00:00 - ERROR - FILE_CHECK - expect_column_value_lengths_to_be_between - OPTIONS - Unexpected characters count of: [Marca: AUDI Modelo: ...] on line  18, value length should be between 0 and 255
2019-07-23 15:32:47,401 - VO - ES - WALLAPOP - 2019-07-01 00:00:00 - ERROR - FILE_CHECK - expect_column_value_lengths_to_be_between - OPTIONS - Unexpected characters count of: [Marca: VOLKSWAGEN Mo...] on line  19, value length should be between 0 and 255
2019-07-23 15:32:47,401 - VO - ES - WALLAPOP - 2019-07-01 00:00:00 - ERROR - STAT - expect_column_value_lengths_to_be_between - OPTIONS - correctly filled rate (%) - 20.93
2019-07-23 15:32:47,401 - VO - ES - WALLAPOP - 2019-07-01 00:00:00 - ERROR - STAT - expect_column_values_to_be_in_type_list - PHOTO - correctly filled rate (%) - 100.0
2019-07-23 15:32:47,401 - VO - ES - WALLAPOP - 2019-07-01 00:00:00 - ERROR - STAT - expect_column_values_to_not_be_null - PHOTO - correctly filled rate (%) - 100.0
2019-07-23 15:32:47,401 - VO - ES - WALLAPOP - 2019-07-01 00:00:00 - ERROR - FILE_CHECK - expect_column_values_to_be_in_type_list - PLACE - Wrong type for value: 5.0 on line 0 should be in ['int']
2019-07-23 15:32:47,401 - VO - ES - WALLAPOP - 2019-07-01 00:00:00 - ERROR - FILE_CHECK - expect_column_values_to_be_in_type_list - PLACE - Wrong type for value: 5.0 on line 1 should be in ['int']
2019-07-23 15:32:47,401 - VO - ES - WALLAPOP - 2019-07-01 00:00:00 - ERROR - FILE_CHECK - expect_column_values_to_be_in_type_list - PLACE - Wrong type for value: 5.0 on line 2 should be in ['int']
2019-07-23 15:32:47,401 - VO - ES - WALLAPOP - 2019-07-01 00:00:00 - ERROR - FILE_CHECK - expect_column_values_to_be_in_type_list - PLACE - Wrong type for value: 5.0 on line 3 should be in ['int']
2019-07-23 15:32:47,401 - VO - ES - WALLAPOP - 2019-07-01 00:00:00 - ERROR - FILE_CHECK - expect_column_values_to_be_in_type_list - PLACE - Wrong type for value: 5.0 on line 4 should be in ['int']
2019-07-23 15:32:47,401 - VO - ES - WALLAPOP - 2019-07-01 00:00:00 - ERROR - FILE_CHECK - expect_column_values_to_be_in_type_list - PLACE - Wrong type for value: 5.0 on line 5 should be in ['int']
2019-07-23 15:32:47,401 - VO - ES - WALLAPOP - 2019-07-01 00:00:00 - ERROR - FILE_CHECK - expect_column_values_to_be_in_type_list - PLACE - Wrong type for value: 5.0 on line 6 should be in ['int']
2019-07-23 15:32:47,402 - VO - ES - WALLAPOP - 2019-07-01 00:00:00 - ERROR - FILE_CHECK - expect_column_values_to_be_in_type_list - PLACE - Wrong type for value: 5.0 on line 7 should be in ['int']
2019-07-23 15:32:47,402 - VO - ES - WALLAPOP - 2019-07-01 00:00:00 - ERROR - FILE_CHECK - expect_column_values_to_be_in_type_list - PLACE - Wrong type for value: 5.0 on line 8 should be in ['int']
2019-07-23 15:32:47,402 - VO - ES - WALLAPOP - 2019-07-01 00:00:00 - ERROR - FILE_CHECK - expect_column_values_to_be_in_type_list - PLACE - Wrong type for value: 7.0 on line 9 should be in ['int']
2019-07-23 15:32:47,402 - VO - ES - WALLAPOP - 2019-07-01 00:00:00 - ERROR - FILE_CHECK - expect_column_values_to_be_in_type_list - PLACE - Wrong type for value: 5.0 on line 10 should be in ['int']
2019-07-23 15:32:47,402 - VO - ES - WALLAPOP - 2019-07-01 00:00:00 - ERROR - FILE_CHECK - expect_column_values_to_be_in_type_list - PLACE - Wrong type for value: 5.0 on line 11 should be in ['int']
2019-07-23 15:32:47,402 - VO - ES - WALLAPOP - 2019-07-01 00:00:00 - ERROR - FILE_CHECK - expect_column_values_to_be_in_type_list - PLACE - Wrong type for value: 5.0 on line 12 should be in ['int']
2019-07-23 15:32:47,402 - VO - ES - WALLAPOP - 2019-07-01 00:00:00 - ERROR - FILE_CHECK - expect_column_values_to_be_in_type_list - PLACE - Wrong type for value: 5.0 on line 13 should be in ['int']
2019-07-23 15:32:47,402 - VO - ES - WALLAPOP - 2019-07-01 00:00:00 - ERROR - FILE_CHECK - expect_column_values_to_be_in_type_list - PLACE - Wrong type for value: 5.0 on line 14 should be in ['int']
2019-07-23 15:32:47,402 - VO - ES - WALLAPOP - 2019-07-01 00:00:00 - ERROR - FILE_CHECK - expect_column_values_to_be_in_type_list - PLACE - Wrong type for value: 5.0 on line 15 should be in ['int']
2019-07-23 15:32:47,402 - VO - ES - WALLAPOP - 2019-07-01 00:00:00 - ERROR - FILE_CHECK - expect_column_values_to_be_in_type_list - PLACE - Wrong type for value: 5.0 on line 16 should be in ['int']
2019-07-23 15:32:47,402 - VO - ES - WALLAPOP - 2019-07-01 00:00:00 - ERROR - FILE_CHECK - expect_column_values_to_be_in_type_list - PLACE - Wrong type for value: 5.0 on line 17 should be in ['int']
2019-07-23 15:32:47,402 - VO - ES - WALLAPOP - 2019-07-01 00:00:00 - ERROR - FILE_CHECK - expect_column_values_to_be_in_type_list - PLACE - Wrong type for value: 5.0 on line 18 should be in ['int']
2019-07-23 15:32:47,402 - VO - ES - WALLAPOP - 2019-07-01 00:00:00 - ERROR - FILE_CHECK - expect_column_values_to_be_in_type_list - PLACE - Wrong type for value: 5.0 on line 19 should be in ['int']
2019-07-23 15:32:47,402 - VO - ES - WALLAPOP - 2019-07-01 00:00:00 - ERROR - STAT - expect_column_values_to_be_in_type_list - PLACE - correctly filled rate (%) - 0.0
2019-07-23 15:32:47,402 - VO - ES - WALLAPOP - 2019-07-01 00:00:00 - ERROR - STAT - expect_column_values_to_not_be_null - PLACE - correctly filled rate (%) - 94.11
2019-07-23 15:32:47,402 - VO - ES - WALLAPOP - 2019-07-01 00:00:00 - ERROR - STAT - expect_column_values_to_not_be_null - PORTE - correctly filled rate (%) - 76.35
2019-07-23 15:32:47,402 - VO - ES - WALLAPOP - 2019-07-01 00:00:00 - ERROR - STAT - expect_column_values_to_be_in_type_list - PORTE - correctly filled rate (%) - 100.0
2019-07-23 15:32:47,403 - VO - ES - WALLAPOP - 2019-07-01 00:00:00 - ERROR - STAT - expect_column_values_to_be_in_type_list - PRIX - correctly filled rate (%) - 100.0
2019-07-23 15:32:47,403 - VO - ES - WALLAPOP - 2019-07-01 00:00:00 - ERROR - STAT - expect_column_values_to_not_be_null - PRIX - correctly filled rate (%) - 100.0
2019-07-23 15:32:47,403 - VO - ES - WALLAPOP - 2019-07-01 00:00:00 - ERROR - STAT - expect_column_values_to_not_be_null - PROVINCE - correctly filled rate (%) - 100.0
2019-07-23 15:32:47,403 - VO - ES - WALLAPOP - 2019-07-01 00:00:00 - ERROR - STAT - expect_column_values_to_not_be_null - SITE - correctly filled rate (%) - 100.0
2019-07-23 15:32:47,403 - VO - ES - WALLAPOP - 2019-07-01 00:00:00 - ERROR - STAT - expect_column_values_to_not_be_null - TELEPHONE - correctly filled rate (%) - 13.95
2019-07-23 15:32:47,403 - VO - ES - WALLAPOP - 2019-07-01 00:00:00 - ERROR - STAT - expect_column_values_to_be_phone_number - TELEPHONE - correctly filled rate (%) - 100.0
2019-07-23 15:32:47,403 - VO - ES - WALLAPOP - 2019-07-01 00:00:00 - ERROR - STAT - expect_column_values_to_not_be_null - TYPE - correctly filled rate (%) - 100.0
2019-07-23 15:32:47,403 - VO - ES - WALLAPOP - 2019-07-01 00:00:00 - ERROR - STAT - expect_column_values_to_be_in_set_2 - TYPE - observed proportion - 100.0
2019-07-23 15:32:47,403 - VO - ES - WALLAPOP - 2019-07-01 00:00:00 - ERROR - STAT - expect_column_values_to_not_be_null - VILLE - correctly filled rate (%) - 100.0
2019-07-23 15:32:47,403 - VO - ES - WALLAPOP - 2019-07-01 00:00:00 - ERROR - STAT - expect_column_values_to_not_be_null - VN_IND - correctly filled rate (%) - 100.0
2019-07-23 15:32:47,403 - VO - ES - WALLAPOP - 2019-07-01 00:00:00 - ERROR - STAT - expect_column_values_to_be_in_set - VN_IND - correctly filled rate (%) - 100.0
2019-07-23 15:32:47,403 - VO - ES - WALLAPOP - 2019-07-01 00:00:00 - ERROR - STAT - expect_returning_row_count_on_conditions - DEALER_USEDCARS - total number of row with conditions - 44659
2019-07-23 15:32:47,403 - VO - ES - WALLAPOP - 2019-07-01 00:00:00 - ERROR - STAT - expect_returning_row_count_on_conditions - PRIVATE_USEDCARS - total number of row with conditions - 142246
2019-07-23 15:32:47,403 - VO - ES - WALLAPOP - 2019-07-01 00:00:00 - ERROR - STAT - expect_returning_row_unique_count - MARQUE_CORRECTED - total number of unique rows - 1033
2019-07-23 15:32:47,403 - VO - ES - WALLAPOP - 2019-07-01 00:00:00 - ERROR - STAT - expect_returning_row_unique_count - MODELE_CORRECTED - total number of unique rows - 2216
2019-07-23 15:32:47,404 - VO - ES - WALLAPOP - 2019-07-01 00:00:00 - ERROR - STAT - expect_returning_row_unique_count - CARROSSERIE - total number of unique rows - 1
2019-07-23 15:32:47,404 - VO - ES - WALLAPOP - 2019-07-01 00:00:00 - ERROR - STAT - expect_returning_row_unique_count - CARBURANT - total number of unique rows - 3
2019-07-23 15:32:47,404 - VO - ES - WALLAPOP - 2019-07-01 00:00:00 - ERROR - STAT - expect_column_values_to_not_be_null - CYLINDRE - correctly filled rate (%) - 0.0
2019-07-23 15:32:47,404 - VO - ES - WALLAPOP - 2019-07-01 00:00:00 - ERROR - STAT - expect_returning_row_unique_count - PROVINCE - total number of unique rows - 54
2019-07-23 15:32:47,404 - VO - ES - WALLAPOP - 2019-07-01 00:00:00 - ERROR - STAT - expect_returning_row_unique_count - VILLE - total number of unique rows - 6431
2019-07-23 15:32:47,404 - VO - ES - WALLAPOP - 2019-07-01 00:00:00 - ERROR - STAT - expect_returning_row_unique_count - DEPARTEMENT - total number of unique rows - 52
2019-07-23 15:32:47,404 - VO - ES - WALLAPOP - 2019-07-01 00:00:00 - ERROR - STAT - expect_returning_row_unique_count - GARAGE_ID - total number of unique rows - 129398
