2019-08-30 13:30:19,462 - CAMION - ES - VIAMOBILIS - 2019-07-01 00:00:00 - ERROR - STAT - expect_column_values_to_not_be_null - ADRESSE - correctly filled rate (%) - 100.0
2019-08-30 13:30:19,462 - CAMION - ES - VIAMOBILIS - 2019-07-01 00:00:00 - ERROR - STAT - expect_column_values_to_be_in_type_list - ANNEE - correctly filled rate (%) - 100.0
2019-08-30 13:30:19,463 - CAMION - ES - VIAMOBILIS - 2019-07-01 00:00:00 - ERROR - FILE_CHECK - expect_column_values_to_be_between - ANNEE - Unexpected value: 0 on line 7, value should be between 1980 and 2019
2019-08-30 13:30:19,463 - CAMION - ES - VIAMOBILIS - 2019-07-01 00:00:00 - ERROR - FILE_CHECK - expect_column_values_to_be_between - ANNEE - Unexpected value: 0 on line 69, value should be between 1980 and 2019
2019-08-30 13:30:19,463 - CAMION - ES - VIAMOBILIS - 2019-07-01 00:00:00 - ERROR - FILE_CHECK - expect_column_values_to_be_between - ANNEE - Unexpected value: 0 on line 73, value should be between 1980 and 2019
2019-08-30 13:30:19,463 - CAMION - ES - VIAMOBILIS - 2019-07-01 00:00:00 - ERROR - FILE_CHECK - expect_column_values_to_be_between - ANNEE - Unexpected value: 0 on line 80, value should be between 1980 and 2019
2019-08-30 13:30:19,463 - CAMION - ES - VIAMOBILIS - 2019-07-01 00:00:00 - ERROR - FILE_CHECK - expect_column_values_to_be_between - ANNEE - Unexpected value: 0 on line 94, value should be between 1980 and 2019
2019-08-30 13:30:19,463 - CAMION - ES - VIAMOBILIS - 2019-07-01 00:00:00 - ERROR - FILE_CHECK - expect_column_values_to_be_between - ANNEE - Unexpected value: 0 on line 159, value should be between 1980 and 2019
2019-08-30 13:30:19,463 - CAMION - ES - VIAMOBILIS - 2019-07-01 00:00:00 - ERROR - FILE_CHECK - expect_column_values_to_be_between - ANNEE - Unexpected value: 0 on line 163, value should be between 1980 and 2019
2019-08-30 13:30:19,463 - CAMION - ES - VIAMOBILIS - 2019-07-01 00:00:00 - ERROR - FILE_CHECK - expect_column_values_to_be_between - ANNEE - Unexpected value: 0 on line 182, value should be between 1980 and 2019
2019-08-30 13:30:19,463 - CAMION - ES - VIAMOBILIS - 2019-07-01 00:00:00 - ERROR - FILE_CHECK - expect_column_values_to_be_between - ANNEE - Unexpected value: 0 on line 184, value should be between 1980 and 2019
2019-08-30 13:30:19,463 - CAMION - ES - VIAMOBILIS - 2019-07-01 00:00:00 - ERROR - FILE_CHECK - expect_column_values_to_be_between - ANNEE - Unexpected value: 0 on line 185, value should be between 1980 and 2019
2019-08-30 13:30:19,463 - CAMION - ES - VIAMOBILIS - 2019-07-01 00:00:00 - ERROR - FILE_CHECK - expect_column_values_to_be_between - ANNEE - Unexpected value: 0 on line 190, value should be between 1980 and 2019
2019-08-30 13:30:19,463 - CAMION - ES - VIAMOBILIS - 2019-07-01 00:00:00 - ERROR - FILE_CHECK - expect_column_values_to_be_between - ANNEE - Unexpected value: 0 on line 191, value should be between 1980 and 2019
2019-08-30 13:30:19,463 - CAMION - ES - VIAMOBILIS - 2019-07-01 00:00:00 - ERROR - FILE_CHECK - expect_column_values_to_be_between - ANNEE - Unexpected value: 0 on line 192, value should be between 1980 and 2019
2019-08-30 13:30:19,463 - CAMION - ES - VIAMOBILIS - 2019-07-01 00:00:00 - ERROR - FILE_CHECK - expect_column_values_to_be_between - ANNEE - Unexpected value: 0 on line 193, value should be between 1980 and 2019
2019-08-30 13:30:19,463 - CAMION - ES - VIAMOBILIS - 2019-07-01 00:00:00 - ERROR - FILE_CHECK - expect_column_values_to_be_between - ANNEE - Unexpected value: 0 on line 194, value should be between 1980 and 2019
2019-08-30 13:30:19,463 - CAMION - ES - VIAMOBILIS - 2019-07-01 00:00:00 - ERROR - FILE_CHECK - expect_column_values_to_be_between - ANNEE - Unexpected value: 0 on line 209, value should be between 1980 and 2019
2019-08-30 13:30:19,463 - CAMION - ES - VIAMOBILIS - 2019-07-01 00:00:00 - ERROR - FILE_CHECK - expect_column_values_to_be_between - ANNEE - Unexpected value: 0 on line 258, value should be between 1980 and 2019
2019-08-30 13:30:19,463 - CAMION - ES - VIAMOBILIS - 2019-07-01 00:00:00 - ERROR - FILE_CHECK - expect_column_values_to_be_between - ANNEE - Unexpected value: 0 on line 259, value should be between 1980 and 2019
2019-08-30 13:30:19,464 - CAMION - ES - VIAMOBILIS - 2019-07-01 00:00:00 - ERROR - FILE_CHECK - expect_column_values_to_be_between - ANNEE - Unexpected value: 0 on line 274, value should be between 1980 and 2019
2019-08-30 13:30:19,464 - CAMION - ES - VIAMOBILIS - 2019-07-01 00:00:00 - ERROR - FILE_CHECK - expect_column_values_to_be_between - ANNEE - Unexpected value: 0 on line 275, value should be between 1980 and 2019
2019-08-30 13:30:19,464 - CAMION - ES - VIAMOBILIS - 2019-07-01 00:00:00 - ERROR - STAT - expect_column_values_to_be_between - ANNEE - correctly filled rate (%) - 85.76
2019-08-30 13:30:19,464 - CAMION - ES - VIAMOBILIS - 2019-07-01 00:00:00 - ERROR - STAT - expect_column_values_to_not_be_null - ANNEE - correctly filled rate (%) - 100.0
2019-08-30 13:30:19,464 - CAMION - ES - VIAMOBILIS - 2019-07-01 00:00:00 - ERROR - FILE_CHECK - expect_column_values_to_match_regex - ANNEE - Unexpected value: 0 on line 7, value should match regexp ^[0-9]{4}$
2019-08-30 13:30:19,464 - CAMION - ES - VIAMOBILIS - 2019-07-01 00:00:00 - ERROR - FILE_CHECK - expect_column_values_to_match_regex - ANNEE - Unexpected value: 0 on line 69, value should match regexp ^[0-9]{4}$
2019-08-30 13:30:19,464 - CAMION - ES - VIAMOBILIS - 2019-07-01 00:00:00 - ERROR - FILE_CHECK - expect_column_values_to_match_regex - ANNEE - Unexpected value: 0 on line 73, value should match regexp ^[0-9]{4}$
2019-08-30 13:30:19,464 - CAMION - ES - VIAMOBILIS - 2019-07-01 00:00:00 - ERROR - FILE_CHECK - expect_column_values_to_match_regex - ANNEE - Unexpected value: 0 on line 80, value should match regexp ^[0-9]{4}$
2019-08-30 13:30:19,464 - CAMION - ES - VIAMOBILIS - 2019-07-01 00:00:00 - ERROR - FILE_CHECK - expect_column_values_to_match_regex - ANNEE - Unexpected value: 0 on line 94, value should match regexp ^[0-9]{4}$
2019-08-30 13:30:19,464 - CAMION - ES - VIAMOBILIS - 2019-07-01 00:00:00 - ERROR - FILE_CHECK - expect_column_values_to_match_regex - ANNEE - Unexpected value: 0 on line 159, value should match regexp ^[0-9]{4}$
2019-08-30 13:30:19,464 - CAMION - ES - VIAMOBILIS - 2019-07-01 00:00:00 - ERROR - FILE_CHECK - expect_column_values_to_match_regex - ANNEE - Unexpected value: 0 on line 163, value should match regexp ^[0-9]{4}$
2019-08-30 13:30:19,464 - CAMION - ES - VIAMOBILIS - 2019-07-01 00:00:00 - ERROR - FILE_CHECK - expect_column_values_to_match_regex - ANNEE - Unexpected value: 0 on line 182, value should match regexp ^[0-9]{4}$
2019-08-30 13:30:19,464 - CAMION - ES - VIAMOBILIS - 2019-07-01 00:00:00 - ERROR - FILE_CHECK - expect_column_values_to_match_regex - ANNEE - Unexpected value: 0 on line 184, value should match regexp ^[0-9]{4}$
2019-08-30 13:30:19,464 - CAMION - ES - VIAMOBILIS - 2019-07-01 00:00:00 - ERROR - FILE_CHECK - expect_column_values_to_match_regex - ANNEE - Unexpected value: 0 on line 185, value should match regexp ^[0-9]{4}$
2019-08-30 13:30:19,464 - CAMION - ES - VIAMOBILIS - 2019-07-01 00:00:00 - ERROR - FILE_CHECK - expect_column_values_to_match_regex - ANNEE - Unexpected value: 0 on line 190, value should match regexp ^[0-9]{4}$
2019-08-30 13:30:19,464 - CAMION - ES - VIAMOBILIS - 2019-07-01 00:00:00 - ERROR - FILE_CHECK - expect_column_values_to_match_regex - ANNEE - Unexpected value: 0 on line 191, value should match regexp ^[0-9]{4}$
2019-08-30 13:30:19,464 - CAMION - ES - VIAMOBILIS - 2019-07-01 00:00:00 - ERROR - FILE_CHECK - expect_column_values_to_match_regex - ANNEE - Unexpected value: 0 on line 192, value should match regexp ^[0-9]{4}$
2019-08-30 13:30:19,465 - CAMION - ES - VIAMOBILIS - 2019-07-01 00:00:00 - ERROR - FILE_CHECK - expect_column_values_to_match_regex - ANNEE - Unexpected value: 0 on line 193, value should match regexp ^[0-9]{4}$
2019-08-30 13:30:19,465 - CAMION - ES - VIAMOBILIS - 2019-07-01 00:00:00 - ERROR - FILE_CHECK - expect_column_values_to_match_regex - ANNEE - Unexpected value: 0 on line 194, value should match regexp ^[0-9]{4}$
2019-08-30 13:30:19,465 - CAMION - ES - VIAMOBILIS - 2019-07-01 00:00:00 - ERROR - FILE_CHECK - expect_column_values_to_match_regex - ANNEE - Unexpected value: 0 on line 209, value should match regexp ^[0-9]{4}$
2019-08-30 13:30:19,465 - CAMION - ES - VIAMOBILIS - 2019-07-01 00:00:00 - ERROR - FILE_CHECK - expect_column_values_to_match_regex - ANNEE - Unexpected value: 0 on line 258, value should match regexp ^[0-9]{4}$
2019-08-30 13:30:19,465 - CAMION - ES - VIAMOBILIS - 2019-07-01 00:00:00 - ERROR - FILE_CHECK - expect_column_values_to_match_regex - ANNEE - Unexpected value: 0 on line 259, value should match regexp ^[0-9]{4}$
2019-08-30 13:30:19,465 - CAMION - ES - VIAMOBILIS - 2019-07-01 00:00:00 - ERROR - FILE_CHECK - expect_column_values_to_match_regex - ANNEE - Unexpected value: 0 on line 274, value should match regexp ^[0-9]{4}$
2019-08-30 13:30:19,465 - CAMION - ES - VIAMOBILIS - 2019-07-01 00:00:00 - ERROR - FILE_CHECK - expect_column_values_to_match_regex - ANNEE - Unexpected value: 0 on line 275, value should match regexp ^[0-9]{4}$
2019-08-30 13:30:19,465 - CAMION - ES - VIAMOBILIS - 2019-07-01 00:00:00 - ERROR - STAT - expect_column_values_to_match_regex - ANNEE - correctly filled rate (%) - 86.53
2019-08-30 13:30:19,465 - CAMION - ES - VIAMOBILIS - 2019-07-01 00:00:00 - ERROR - STAT - expect_column_values_to_not_be_null - ANNONCE_LINK - correctly filled rate (%) - 100.0
2019-08-30 13:30:19,465 - CAMION - ES - VIAMOBILIS - 2019-07-01 00:00:00 - ERROR - STAT - expect_column_values_to_be_unique - ANNONCE_LINK - observed proportion - 100.0
2019-08-30 13:30:19,465 - CAMION - ES - VIAMOBILIS - 2019-07-01 00:00:00 - ERROR - STAT - expect_column_values_to_not_be_null - CARBURANT - correctly filled rate (%) - 52.32
2019-08-30 13:30:19,465 - CAMION - ES - VIAMOBILIS - 2019-07-01 00:00:00 - ERROR - STAT - expect_column_values_to_not_be_null - CARROSSERIE - correctly filled rate (%) - 89.14
2019-08-30 13:30:19,465 - CAMION - ES - VIAMOBILIS - 2019-07-01 00:00:00 - ERROR - STAT - expect_column_values_to_not_be_null - CP - correctly filled rate (%) - 100.0
2019-08-30 13:30:19,465 - CAMION - ES - VIAMOBILIS - 2019-07-01 00:00:00 - ERROR - STAT - expect_column_values_to_match_regex - CP - correctly filled rate (%) - 99.6
2019-08-30 13:30:19,465 - CAMION - ES - VIAMOBILIS - 2019-07-01 00:00:00 - ERROR - STAT - expect_column_values_to_not_be_null - GARAGE_ID - correctly filled rate (%) - 0.0
2019-08-30 13:30:19,465 - CAMION - ES - VIAMOBILIS - 2019-07-01 00:00:00 - ERROR - STAT - expect_column_values_to_not_be_null - ID_CLIENT - correctly filled rate (%) - 100.0
2019-08-30 13:30:19,465 - CAMION - ES - VIAMOBILIS - 2019-07-01 00:00:00 - ERROR - STAT - expect_column_values_to_be_unique - ID_CLIENT - observed proportion - 100.0
2019-08-30 13:30:19,465 - CAMION - ES - VIAMOBILIS - 2019-07-01 00:00:00 - ERROR - STAT - expect_returning_row_count - EVERY_COLUMNS - total number of rows - 6259
2019-08-30 13:30:19,466 - CAMION - ES - VIAMOBILIS - 2019-07-01 00:00:00 - ERROR - STAT - expect_column_values_to_not_be_null - IMMAT - correctly filled rate (%) - 100.0
2019-08-30 13:30:19,466 - CAMION - ES - VIAMOBILIS - 2019-07-01 00:00:00 - ERROR - STAT - expect_column_values_to_be_in_type_list - KM - correctly filled rate (%) - 100.0
2019-08-30 13:30:19,466 - CAMION - ES - VIAMOBILIS - 2019-07-01 00:00:00 - ERROR - STAT - expect_column_values_to_not_be_null - KM - correctly filled rate (%) - 100.0
2019-08-30 13:30:19,466 - CAMION - ES - VIAMOBILIS - 2019-07-01 00:00:00 - ERROR - STAT - expect_column_values_to_be_in_type_list - LITRE - correctly filled rate (%) - 100.0
2019-08-30 13:30:19,466 - CAMION - ES - VIAMOBILIS - 2019-07-01 00:00:00 - ERROR - STAT - expect_column_values_to_not_be_null - LITRE - correctly filled rate (%) - 100.0
2019-08-30 13:30:19,466 - CAMION - ES - VIAMOBILIS - 2019-07-01 00:00:00 - ERROR - STAT - expect_column_values_to_not_be_null - MARQUE - correctly filled rate (%) - 93.03
2019-08-30 13:30:19,466 - CAMION - ES - VIAMOBILIS - 2019-07-01 00:00:00 - ERROR - STAT - expect_column_values_to_not_be_null - MODELE - correctly filled rate (%) - 39.3
2019-08-30 13:30:19,466 - CAMION - ES - VIAMOBILIS - 2019-07-01 00:00:00 - ERROR - STAT - expect_column_values_to_not_be_null - NOM - correctly filled rate (%) - 100.0
2019-08-30 13:30:19,466 - CAMION - ES - VIAMOBILIS - 2019-07-01 00:00:00 - ERROR - STAT - expect_column_value_lengths_to_be_between - NOM - correctly filled rate (%) - 100.0
2019-08-30 13:30:19,466 - CAMION - ES - VIAMOBILIS - 2019-07-01 00:00:00 - ERROR - STAT - expect_column_values_to_not_be_null - OPTIONS - correctly filled rate (%) - 0.0
2019-08-30 13:30:19,466 - CAMION - ES - VIAMOBILIS - 2019-07-01 00:00:00 - ERROR - STAT - expect_column_values_to_be_in_type_list - PHOTO - correctly filled rate (%) - 100.0
2019-08-30 13:30:19,466 - CAMION - ES - VIAMOBILIS - 2019-07-01 00:00:00 - ERROR - STAT - expect_column_values_to_not_be_null - PHOTO - correctly filled rate (%) - 100.0
2019-08-30 13:30:19,466 - CAMION - ES - VIAMOBILIS - 2019-07-01 00:00:00 - ERROR - STAT - expect_column_values_to_not_be_null - PLACE - correctly filled rate (%) - 0.0
2019-08-30 13:30:19,466 - CAMION - ES - VIAMOBILIS - 2019-07-01 00:00:00 - ERROR - STAT - expect_column_values_to_not_be_null - PORTE - correctly filled rate (%) - 0.0
2019-08-30 13:30:19,466 - CAMION - ES - VIAMOBILIS - 2019-07-01 00:00:00 - ERROR - STAT - expect_column_values_to_be_in_type_list - PRIX - correctly filled rate (%) - 100.0
2019-08-30 13:30:19,466 - CAMION - ES - VIAMOBILIS - 2019-07-01 00:00:00 - ERROR - STAT - expect_column_values_to_not_be_null - PRIX - correctly filled rate (%) - 100.0
2019-08-30 13:30:19,466 - CAMION - ES - VIAMOBILIS - 2019-07-01 00:00:00 - ERROR - STAT - expect_column_values_to_not_be_null - PROVINCE - correctly filled rate (%) - 0.0
2019-08-30 13:30:19,467 - CAMION - ES - VIAMOBILIS - 2019-07-01 00:00:00 - ERROR - STAT - expect_column_values_to_not_be_null - SITE - correctly filled rate (%) - 100.0
2019-08-30 13:30:19,467 - CAMION - ES - VIAMOBILIS - 2019-07-01 00:00:00 - ERROR - STAT - expect_column_values_to_not_be_null - TELEPHONE - correctly filled rate (%) - 100.0
2019-08-30 13:30:19,467 - CAMION - ES - VIAMOBILIS - 2019-07-01 00:00:00 - ERROR - STAT - expect_column_values_to_be_phone_number - TELEPHONE - correctly filled rate (%) - 99.15
2019-08-30 13:30:19,467 - CAMION - ES - VIAMOBILIS - 2019-07-01 00:00:00 - ERROR - STAT - expect_column_values_to_not_be_null - TYPE - correctly filled rate (%) - 100.0
2019-08-30 13:30:19,467 - CAMION - ES - VIAMOBILIS - 2019-07-01 00:00:00 - ERROR - STAT - expect_column_values_to_be_in_set_2 - TYPE - observed proportion - 100.0
2019-08-30 13:30:19,467 - CAMION - ES - VIAMOBILIS - 2019-07-01 00:00:00 - ERROR - STAT - expect_column_values_to_not_be_null - VILLE - correctly filled rate (%) - 100.0
2019-08-30 13:30:19,467 - CAMION - ES - VIAMOBILIS - 2019-07-01 00:00:00 - ERROR - STAT - expect_column_values_to_not_be_null - VN_IND - correctly filled rate (%) - 0.0
2019-08-30 13:30:19,467 - CAMION - ES - VIAMOBILIS - 2019-07-01 00:00:00 - ERROR - STAT - expect_returning_row_unique_count - MARQUE_CORRECTED - total number of unique rows - 331
2019-08-30 13:30:19,467 - CAMION - ES - VIAMOBILIS - 2019-07-01 00:00:00 - ERROR - STAT - expect_returning_row_unique_count - MODELE_CORRECTED - total number of unique rows - 1152
2019-08-30 13:30:19,467 - CAMION - ES - VIAMOBILIS - 2019-07-01 00:00:00 - ERROR - STAT - expect_returning_row_unique_count - CARROSSERIE - total number of unique rows - 112
2019-08-30 13:30:19,467 - CAMION - ES - VIAMOBILIS - 2019-07-01 00:00:00 - ERROR - STAT - expect_returning_row_unique_count - CARBURANT - total number of unique rows - 6
2019-08-30 13:30:19,467 - CAMION - ES - VIAMOBILIS - 2019-07-01 00:00:00 - ERROR - STAT - expect_column_values_to_not_be_null - CYLINDRE - correctly filled rate (%) - 0.0
2019-08-30 13:30:19,467 - CAMION - ES - VIAMOBILIS - 2019-07-01 00:00:00 - ERROR - STAT - expect_returning_row_unique_count - PROVINCE - total number of unique rows - 0
2019-08-30 13:30:19,467 - CAMION - ES - VIAMOBILIS - 2019-07-01 00:00:00 - ERROR - STAT - expect_returning_row_unique_count - VILLE - total number of unique rows - 255
2019-08-30 13:30:19,467 - CAMION - ES - VIAMOBILIS - 2019-07-01 00:00:00 - ERROR - STAT - expect_returning_row_unique_count - DEPARTEMENT - total number of unique rows - 0
2019-08-30 13:30:19,467 - CAMION - ES - VIAMOBILIS - 2019-07-01 00:00:00 - ERROR - STAT - expect_returning_row_count_on_conditions - DEALER_USEDCARS - total number of row with conditions - 6259
2019-08-30 13:30:19,467 - CAMION - ES - VIAMOBILIS - 2019-07-01 00:00:00 - ERROR - STAT - expect_returning_row_count_on_conditions - PRIVATE_USEDCARS - total number of row with conditions - 0
2019-08-30 13:30:19,468 - CAMION - ES - VIAMOBILIS - 2019-07-01 00:00:00 - ERROR - STAT - expect_returning_row_count_on_conditions - TRUCKS - total number of row with conditions - 1590
2019-08-30 13:30:19,468 - CAMION - ES - VIAMOBILIS - 2019-07-01 00:00:00 - ERROR - STAT - expect_returning_row_count_on_conditions - TRACTOR UNITS - total number of row with conditions - 1423
2019-08-30 13:30:19,468 - CAMION - ES - VIAMOBILIS - 2019-07-01 00:00:00 - ERROR - STAT - expect_returning_row_count_on_conditions - TRAILERS - total number of row with conditions - 58
2019-08-30 13:30:19,468 - CAMION - ES - VIAMOBILIS - 2019-07-01 00:00:00 - ERROR - STAT - expect_returning_row_count_on_conditions - VANS - total number of row with conditions - 536
2019-08-30 13:30:19,468 - CAMION - ES - VIAMOBILIS - 2019-07-01 00:00:00 - ERROR - STAT - expect_returning_row_count_on_conditions - HEAVY EQUIPMENTS - total number of row with conditions - 1948
2019-08-30 13:30:19,468 - CAMION - ES - VIAMOBILIS - 2019-07-01 00:00:00 - ERROR - STAT - expect_returning_row_count_on_conditions - SEMI TRAILERS - total number of row with conditions - 704
2019-08-30 13:30:19,468 - CAMION - ES - VIAMOBILIS - 2019-07-01 00:00:00 - ERROR - STAT - expect_returning_row_count_on_conditions - DEALER_TRUCKS - total number of row with conditions - 1590
2019-08-30 13:30:19,468 - CAMION - ES - VIAMOBILIS - 2019-07-01 00:00:00 - ERROR - STAT - expect_returning_row_count_on_conditions - PRIVATE_TRUCKS - total number of row with conditions - 0
2019-08-30 13:30:19,468 - CAMION - ES - VIAMOBILIS - 2019-07-01 00:00:00 - ERROR - STAT - expect_returning_row_count_on_conditions - DEALER_TRACTOR UNITS - total number of row with conditions - 1423
2019-08-30 13:30:19,468 - CAMION - ES - VIAMOBILIS - 2019-07-01 00:00:00 - ERROR - STAT - expect_returning_row_count_on_conditions - PRIVATE_TRACTOR UNITS - total number of row with conditions - 0
2019-08-30 13:30:19,468 - CAMION - ES - VIAMOBILIS - 2019-07-01 00:00:00 - ERROR - STAT - expect_returning_row_count_on_conditions - DEALER_TRAILERS - total number of row with conditions - 58
2019-08-30 13:30:19,468 - CAMION - ES - VIAMOBILIS - 2019-07-01 00:00:00 - ERROR - STAT - expect_returning_row_count_on_conditions - PRIVATE_TRAILERS - total number of row with conditions - 0
2019-08-30 13:30:19,468 - CAMION - ES - VIAMOBILIS - 2019-07-01 00:00:00 - ERROR - STAT - expect_returning_row_count_on_conditions - DEALER_VANS - total number of row with conditions - 536
2019-08-30 13:30:19,468 - CAMION - ES - VIAMOBILIS - 2019-07-01 00:00:00 - ERROR - STAT - expect_returning_row_count_on_conditions - PRIVATE_VANS - total number of row with conditions - 0
2019-08-30 13:30:19,468 - CAMION - ES - VIAMOBILIS - 2019-07-01 00:00:00 - ERROR - STAT - expect_returning_row_count_on_conditions - DEALER_HEAVY EQUIPMENTS - total number of row with conditions - 1948
2019-08-30 13:30:19,468 - CAMION - ES - VIAMOBILIS - 2019-07-01 00:00:00 - ERROR - STAT - expect_returning_row_count_on_conditions - PRIVATE_HEAVY EQUIPMENTS - total number of row with conditions - 0
2019-08-30 13:30:19,468 - CAMION - ES - VIAMOBILIS - 2019-07-01 00:00:00 - ERROR - STAT - expect_returning_row_count_on_conditions - DEALER_SEMI TRAILERS - total number of row with conditions - 704
2019-08-30 13:30:19,468 - CAMION - ES - VIAMOBILIS - 2019-07-01 00:00:00 - ERROR - STAT - expect_returning_row_count_on_conditions - PRIVATE_SEMI TRAILERS - total number of row with conditions - 0
