2019-08-14 09:02:19,473 - JOBS - FR - CADREMPLOI - 2019-06-01 00:00:00 - ERROR - STAT - expect_column_values_to_not_be_null - ANNONCE_LINK - correctly filled rate (%) - 100.0

2019-08-14 09:02:19,473 - JOBS - FR - CADREMPLOI - 2019-06-01 00:00:00 - ERROR - STAT - expect_column_values_to_be_unique - ANNONCE_LINK - observed proportion - 100.0

2019-08-14 09:02:19,473 - JOBS - FR - CADREMPLOI - 2019-06-01 00:00:00 - ERROR - STAT - expect_column_values_to_not_be_null - ANNONCE_TEXT - correctly filled rate (%) - 99.58

2019-08-14 09:02:19,473 - JOBS - FR - CADREMPLOI - 2019-06-01 00:00:00 - ERROR - FILE_CHECK - expect_column_value_lengths_to_be_between - ANNONCE_TEXT - Unexpected characters count of: [Sous la responsabili...] on line  0, value length should be between 0 and 255

2019-08-14 09:02:19,473 - JOBS - FR - CADREMPLOI - 2019-06-01 00:00:00 - ERROR - FILE_CHECK - expect_column_value_lengths_to_be_between - ANNONCE_TEXT - Unexpected characters count of: [Sous la responsabili...] on line  1, value length should be between 0 and 255

2019-08-14 09:02:19,474 - JOBS - FR - CADREMPLOI - 2019-06-01 00:00:00 - ERROR - FILE_CHECK - expect_column_value_lengths_to_be_between - ANNONCE_TEXT - Unexpected characters count of: [Vos missions varient...] on line  5, value length should be between 0 and 255

2019-08-14 09:02:19,474 - JOBS - FR - CADREMPLOI - 2019-06-01 00:00:00 - ERROR - FILE_CHECK - expect_column_value_lengths_to_be_between - ANNONCE_TEXT - Unexpected characters count of: [Vos missions varient...] on line  6, value length should be between 0 and 255

2019-08-14 09:02:19,474 - JOBS - FR - CADREMPLOI - 2019-06-01 00:00:00 - ERROR - FILE_CHECK - expect_column_value_lengths_to_be_between - ANNONCE_TEXT - Unexpected characters count of: [En tant que franchis...] on line  7, value length should be between 0 and 255

2019-08-14 09:02:19,474 - JOBS - FR - CADREMPLOI - 2019-06-01 00:00:00 - ERROR - FILE_CHECK - expect_column_value_lengths_to_be_between - ANNONCE_TEXT - Unexpected characters count of: [En tant que franchis...] on line  8, value length should be between 0 and 255

2019-08-14 09:02:19,474 - JOBS - FR - CADREMPLOI - 2019-06-01 00:00:00 - ERROR - FILE_CHECK - expect_column_value_lengths_to_be_between - ANNONCE_TEXT - Unexpected characters count of: [En tant que franchis...] on line  9, value length should be between 0 and 255

2019-08-14 09:02:19,474 - JOBS - FR - CADREMPLOI - 2019-06-01 00:00:00 - ERROR - FILE_CHECK - expect_column_value_lengths_to_be_between - ANNONCE_TEXT - Unexpected characters count of: [En tant que franchis...] on line  10, value length should be between 0 and 255

2019-08-14 09:02:19,474 - JOBS - FR - CADREMPLOI - 2019-06-01 00:00:00 - ERROR - FILE_CHECK - expect_column_value_lengths_to_be_between - ANNONCE_TEXT - Unexpected characters count of: [En tant que franchis...] on line  11, value length should be between 0 and 255

2019-08-14 09:02:19,474 - JOBS - FR - CADREMPLOI - 2019-06-01 00:00:00 - ERROR - FILE_CHECK - expect_column_value_lengths_to_be_between - ANNONCE_TEXT - Unexpected characters count of: [En tant que franchis...] on line  12, value length should be between 0 and 255

2019-08-14 09:02:19,474 - JOBS - FR - CADREMPLOI - 2019-06-01 00:00:00 - ERROR - FILE_CHECK - expect_column_value_lengths_to_be_between - ANNONCE_TEXT - Unexpected characters count of: [En tant que franchis...] on line  13, value length should be between 0 and 255

2019-08-14 09:02:19,474 - JOBS - FR - CADREMPLOI - 2019-06-01 00:00:00 - ERROR - FILE_CHECK - expect_column_value_lengths_to_be_between - ANNONCE_TEXT - Unexpected characters count of: [En tant que franchis...] on line  14, value length should be between 0 and 255

2019-08-14 09:02:19,474 - JOBS - FR - CADREMPLOI - 2019-06-01 00:00:00 - ERROR - FILE_CHECK - expect_column_value_lengths_to_be_between - ANNONCE_TEXT - Unexpected characters count of: [En tant que franchis...] on line  15, value length should be between 0 and 255

2019-08-14 09:02:19,474 - JOBS - FR - CADREMPLOI - 2019-06-01 00:00:00 - ERROR - FILE_CHECK - expect_column_value_lengths_to_be_between - ANNONCE_TEXT - Unexpected characters count of: [ous recherchons actu...] on line  32, value length should be between 0 and 255

2019-08-14 09:02:19,475 - JOBS - FR - CADREMPLOI - 2019-06-01 00:00:00 - ERROR - FILE_CHECK - expect_column_value_lengths_to_be_between - ANNONCE_TEXT - Unexpected characters count of: [Sous la responsabili...] on line  41, value length should be between 0 and 255

2019-08-14 09:02:19,475 - JOBS - FR - CADREMPLOI - 2019-06-01 00:00:00 - ERROR - FILE_CHECK - expect_column_value_lengths_to_be_between - ANNONCE_TEXT - Unexpected characters count of: [Sous la responsabili...] on line  42, value length should be between 0 and 255

2019-08-14 09:02:19,475 - JOBS - FR - CADREMPLOI - 2019-06-01 00:00:00 - ERROR - FILE_CHECK - expect_column_value_lengths_to_be_between - ANNONCE_TEXT - Unexpected characters count of: [Vos missions varient...] on line  54, value length should be between 0 and 255

2019-08-14 09:02:19,475 - JOBS - FR - CADREMPLOI - 2019-06-01 00:00:00 - ERROR - FILE_CHECK - expect_column_value_lengths_to_be_between - ANNONCE_TEXT - Unexpected characters count of: [Vos missions varient...] on line  55, value length should be between 0 and 255

2019-08-14 09:02:19,475 - JOBS - FR - CADREMPLOI - 2019-06-01 00:00:00 - ERROR - FILE_CHECK - expect_column_value_lengths_to_be_between - ANNONCE_TEXT - Unexpected characters count of: [Vos missions varient...] on line  56, value length should be between 0 and 255

2019-08-14 09:02:19,475 - JOBS - FR - CADREMPLOI - 2019-06-01 00:00:00 - ERROR - FILE_CHECK - expect_column_value_lengths_to_be_between - ANNONCE_TEXT - Unexpected characters count of: [En tant que franchis...] on line  59, value length should be between 0 and 255

2019-08-14 09:02:19,475 - JOBS - FR - CADREMPLOI - 2019-06-01 00:00:00 - ERROR - STAT - expect_column_value_lengths_to_be_between - ANNONCE_TEXT - correctly filled rate (%) - 76.99

2019-08-14 09:02:19,475 - JOBS - FR - CADREMPLOI - 2019-06-01 00:00:00 - ERROR - STAT - expect_column_values_to_not_be_null - ANNONCEUR - correctly filled rate (%) - 97.24

2019-08-14 09:02:19,475 - JOBS - FR - CADREMPLOI - 2019-06-01 00:00:00 - ERROR - STAT - expect_column_values_to_not_be_null - ANNONCEUR_ID - correctly filled rate (%) - 97.24

2019-08-14 09:02:19,475 - JOBS - FR - CADREMPLOI - 2019-06-01 00:00:00 - ERROR - FILE_CHECK - expect_column_values_to_match_regex - ANNONCEUR_ID - Unexpected value: LAGARDÈ on line 915, value should match regexp ^[0-9A-Za-z]{,7}$

2019-08-14 09:02:19,475 - JOBS - FR - CADREMPLOI - 2019-06-01 00:00:00 - ERROR - FILE_CHECK - expect_column_values_to_match_regex - ANNONCEUR_ID - Unexpected value: S&YOU on line 970, value should match regexp ^[0-9A-Za-z]{,7}$

2019-08-14 09:02:19,475 - JOBS - FR - CADREMPLOI - 2019-06-01 00:00:00 - ERROR - FILE_CHECK - expect_column_values_to_match_regex - ANNONCEUR_ID - Unexpected value: S&YOU on line 1042, value should match regexp ^[0-9A-Za-z]{,7}$

2019-08-14 09:02:19,475 - JOBS - FR - CADREMPLOI - 2019-06-01 00:00:00 - ERROR - FILE_CHECK - expect_column_values_to_match_regex - ANNONCEUR_ID - Unexpected value: LABOÎTE on line 1189, value should match regexp ^[0-9A-Za-z]{,7}$

2019-08-14 09:02:19,476 - JOBS - FR - CADREMPLOI - 2019-06-01 00:00:00 - ERROR - FILE_CHECK - expect_column_values_to_match_regex - ANNONCEUR_ID - Unexpected value: RPC&ASS on line 1193, value should match regexp ^[0-9A-Za-z]{,7}$

2019-08-14 09:02:19,476 - JOBS - FR - CADREMPLOI - 2019-06-01 00:00:00 - ERROR - FILE_CHECK - expect_column_values_to_match_regex - ANNONCEUR_ID - Unexpected value: AÉOSCON on line 1232, value should match regexp ^[0-9A-Za-z]{,7}$

2019-08-14 09:02:19,476 - JOBS - FR - CADREMPLOI - 2019-06-01 00:00:00 - ERROR - FILE_CHECK - expect_column_values_to_match_regex - ANNONCEUR_ID - Unexpected value: S&YOU on line 1623, value should match regexp ^[0-9A-Za-z]{,7}$

2019-08-14 09:02:19,476 - JOBS - FR - CADREMPLOI - 2019-06-01 00:00:00 - ERROR - FILE_CHECK - expect_column_values_to_match_regex - ANNONCEUR_ID - Unexpected value: S&YOU on line 1797, value should match regexp ^[0-9A-Za-z]{,7}$

2019-08-14 09:02:19,476 - JOBS - FR - CADREMPLOI - 2019-06-01 00:00:00 - ERROR - FILE_CHECK - expect_column_values_to_match_regex - ANNONCEUR_ID - Unexpected value: S&YOU on line 1867, value should match regexp ^[0-9A-Za-z]{,7}$

2019-08-14 09:02:19,476 - JOBS - FR - CADREMPLOI - 2019-06-01 00:00:00 - ERROR - FILE_CHECK - expect_column_values_to_match_regex - ANNONCEUR_ID - Unexpected value: S&YOU on line 1868, value should match regexp ^[0-9A-Za-z]{,7}$

2019-08-14 09:02:19,476 - JOBS - FR - CADREMPLOI - 2019-06-01 00:00:00 - ERROR - FILE_CHECK - expect_column_values_to_match_regex - ANNONCEUR_ID - Unexpected value: S&YOU on line 1869, value should match regexp ^[0-9A-Za-z]{,7}$

2019-08-14 09:02:19,476 - JOBS - FR - CADREMPLOI - 2019-06-01 00:00:00 - ERROR - FILE_CHECK - expect_column_values_to_match_regex - ANNONCEUR_ID - Unexpected value: SNISIÈG on line 1933, value should match regexp ^[0-9A-Za-z]{,7}$

2019-08-14 09:02:19,476 - JOBS - FR - CADREMPLOI - 2019-06-01 00:00:00 - ERROR - FILE_CHECK - expect_column_values_to_match_regex - ANNONCEUR_ID - Unexpected value: VINCIÉN on line 2102, value should match regexp ^[0-9A-Za-z]{,7}$

2019-08-14 09:02:19,476 - JOBS - FR - CADREMPLOI - 2019-06-01 00:00:00 - ERROR - FILE_CHECK - expect_column_values_to_match_regex - ANNONCEUR_ID - Unexpected value: S&YOU on line 2136, value should match regexp ^[0-9A-Za-z]{,7}$

2019-08-14 09:02:19,476 - JOBS - FR - CADREMPLOI - 2019-06-01 00:00:00 - ERROR - FILE_CHECK - expect_column_values_to_match_regex - ANNONCEUR_ID - Unexpected value: CADRES& on line 2195, value should match regexp ^[0-9A-Za-z]{,7}$

2019-08-14 09:02:19,476 - JOBS - FR - CADREMPLOI - 2019-06-01 00:00:00 - ERROR - FILE_CHECK - expect_column_values_to_match_regex - ANNONCEUR_ID - Unexpected value: SUEZR&V on line 2218, value should match regexp ^[0-9A-Za-z]{,7}$

2019-08-14 09:02:19,476 - JOBS - FR - CADREMPLOI - 2019-06-01 00:00:00 - ERROR - FILE_CHECK - expect_column_values_to_match_regex - ANNONCEUR_ID - Unexpected value: S&YOU on line 2318, value should match regexp ^[0-9A-Za-z]{,7}$

2019-08-14 09:02:19,477 - JOBS - FR - CADREMPLOI - 2019-06-01 00:00:00 - ERROR - FILE_CHECK - expect_column_values_to_match_regex - ANNONCEUR_ID - Unexpected value: SUEZR&V on line 2348, value should match regexp ^[0-9A-Za-z]{,7}$

2019-08-14 09:02:19,477 - JOBS - FR - CADREMPLOI - 2019-06-01 00:00:00 - ERROR - FILE_CHECK - expect_column_values_to_match_regex - ANNONCEUR_ID - Unexpected value: S&YOU on line 2395, value should match regexp ^[0-9A-Za-z]{,7}$

2019-08-14 09:02:19,477 - JOBS - FR - CADREMPLOI - 2019-06-01 00:00:00 - ERROR - FILE_CHECK - expect_column_values_to_match_regex - ANNONCEUR_ID - Unexpected value: S&YOU on line 2396, value should match regexp ^[0-9A-Za-z]{,7}$

2019-08-14 09:02:19,477 - JOBS - FR - CADREMPLOI - 2019-06-01 00:00:00 - ERROR - STAT - expect_column_values_to_match_regex - ANNONCEUR_ID - correctly filled rate (%) - 98.99

2019-08-14 09:02:19,477 - JOBS - FR - CADREMPLOI - 2019-06-01 00:00:00 - ERROR - STAT - expect_column_values_to_not_be_null - ANNONCEUR_ID_3 - correctly filled rate (%) - 97.24

2019-08-14 09:02:19,477 - JOBS - FR - CADREMPLOI - 2019-06-01 00:00:00 - ERROR - FILE_CHECK - expect_column_values_to_match_regex - ANNONCEUR_ID_3 - Unexpected value: S&YOU on line 970, value should match regexp ^[0-9A-Za-z]{,5}$

2019-08-14 09:02:19,477 - JOBS - FR - CADREMPLOI - 2019-06-01 00:00:00 - ERROR - FILE_CHECK - expect_column_values_to_match_regex - ANNONCEUR_ID_3 - Unexpected value: S&YOU on line 1042, value should match regexp ^[0-9A-Za-z]{,5}$

2019-08-14 09:02:19,477 - JOBS - FR - CADREMPLOI - 2019-06-01 00:00:00 - ERROR - FILE_CHECK - expect_column_values_to_match_regex - ANNONCEUR_ID_3 - Unexpected value: LABOÎ on line 1189, value should match regexp ^[0-9A-Za-z]{,5}$

2019-08-14 09:02:19,477 - JOBS - FR - CADREMPLOI - 2019-06-01 00:00:00 - ERROR - FILE_CHECK - expect_column_values_to_match_regex - ANNONCEUR_ID_3 - Unexpected value: RPC&A on line 1193, value should match regexp ^[0-9A-Za-z]{,5}$

2019-08-14 09:02:19,477 - JOBS - FR - CADREMPLOI - 2019-06-01 00:00:00 - ERROR - FILE_CHECK - expect_column_values_to_match_regex - ANNONCEUR_ID_3 - Unexpected value: AÉOSC on line 1232, value should match regexp ^[0-9A-Za-z]{,5}$

2019-08-14 09:02:19,477 - JOBS - FR - CADREMPLOI - 2019-06-01 00:00:00 - ERROR - FILE_CHECK - expect_column_values_to_match_regex - ANNONCEUR_ID_3 - Unexpected value: S&YOU on line 1623, value should match regexp ^[0-9A-Za-z]{,5}$

2019-08-14 09:02:19,477 - JOBS - FR - CADREMPLOI - 2019-06-01 00:00:00 - ERROR - FILE_CHECK - expect_column_values_to_match_regex - ANNONCEUR_ID_3 - Unexpected value: S&YOU on line 1797, value should match regexp ^[0-9A-Za-z]{,5}$

2019-08-14 09:02:19,477 - JOBS - FR - CADREMPLOI - 2019-06-01 00:00:00 - ERROR - FILE_CHECK - expect_column_values_to_match_regex - ANNONCEUR_ID_3 - Unexpected value: S&YOU on line 1867, value should match regexp ^[0-9A-Za-z]{,5}$

2019-08-14 09:02:19,478 - JOBS - FR - CADREMPLOI - 2019-06-01 00:00:00 - ERROR - FILE_CHECK - expect_column_values_to_match_regex - ANNONCEUR_ID_3 - Unexpected value: S&YOU on line 1868, value should match regexp ^[0-9A-Za-z]{,5}$

2019-08-14 09:02:19,478 - JOBS - FR - CADREMPLOI - 2019-06-01 00:00:00 - ERROR - FILE_CHECK - expect_column_values_to_match_regex - ANNONCEUR_ID_3 - Unexpected value: S&YOU on line 1869, value should match regexp ^[0-9A-Za-z]{,5}$

2019-08-14 09:02:19,478 - JOBS - FR - CADREMPLOI - 2019-06-01 00:00:00 - ERROR - FILE_CHECK - expect_column_values_to_match_regex - ANNONCEUR_ID_3 - Unexpected value: S&YOU on line 2136, value should match regexp ^[0-9A-Za-z]{,5}$

2019-08-14 09:02:19,478 - JOBS - FR - CADREMPLOI - 2019-06-01 00:00:00 - ERROR - FILE_CHECK - expect_column_values_to_match_regex - ANNONCEUR_ID_3 - Unexpected value: S&YOU on line 2318, value should match regexp ^[0-9A-Za-z]{,5}$

2019-08-14 09:02:19,478 - JOBS - FR - CADREMPLOI - 2019-06-01 00:00:00 - ERROR - FILE_CHECK - expect_column_values_to_match_regex - ANNONCEUR_ID_3 - Unexpected value: S&YOU on line 2395, value should match regexp ^[0-9A-Za-z]{,5}$

2019-08-14 09:02:19,478 - JOBS - FR - CADREMPLOI - 2019-06-01 00:00:00 - ERROR - FILE_CHECK - expect_column_values_to_match_regex - ANNONCEUR_ID_3 - Unexpected value: S&YOU on line 2396, value should match regexp ^[0-9A-Za-z]{,5}$

2019-08-14 09:02:19,478 - JOBS - FR - CADREMPLOI - 2019-06-01 00:00:00 - ERROR - FILE_CHECK - expect_column_values_to_match_regex - ANNONCEUR_ID_3 - Unexpected value: S&YOU on line 2398, value should match regexp ^[0-9A-Za-z]{,5}$

2019-08-14 09:02:19,478 - JOBS - FR - CADREMPLOI - 2019-06-01 00:00:00 - ERROR - FILE_CHECK - expect_column_values_to_match_regex - ANNONCEUR_ID_3 - Unexpected value: S&YOU on line 2772, value should match regexp ^[0-9A-Za-z]{,5}$

2019-08-14 09:02:19,478 - JOBS - FR - CADREMPLOI - 2019-06-01 00:00:00 - ERROR - FILE_CHECK - expect_column_values_to_match_regex - ANNONCEUR_ID_3 - Unexpected value: S&YOU on line 2775, value should match regexp ^[0-9A-Za-z]{,5}$

2019-08-14 09:02:19,478 - JOBS - FR - CADREMPLOI - 2019-06-01 00:00:00 - ERROR - FILE_CHECK - expect_column_values_to_match_regex - ANNONCEUR_ID_3 - Unexpected value: S&YOU on line 2776, value should match regexp ^[0-9A-Za-z]{,5}$

2019-08-14 09:02:19,478 - JOBS - FR - CADREMPLOI - 2019-06-01 00:00:00 - ERROR - FILE_CHECK - expect_column_values_to_match_regex - ANNONCEUR_ID_3 - Unexpected value: S&YOU on line 2777, value should match regexp ^[0-9A-Za-z]{,5}$

2019-08-14 09:02:19,478 - JOBS - FR - CADREMPLOI - 2019-06-01 00:00:00 - ERROR - FILE_CHECK - expect_column_values_to_match_regex - ANNONCEUR_ID_3 - Unexpected value: S&YOU on line 2836, value should match regexp ^[0-9A-Za-z]{,5}$

2019-08-14 09:02:19,478 - JOBS - FR - CADREMPLOI - 2019-06-01 00:00:00 - ERROR - STAT - expect_column_values_to_match_regex - ANNONCEUR_ID_3 - correctly filled rate (%) - 99.23

2019-08-14 09:02:19,479 - JOBS - FR - CADREMPLOI - 2019-06-01 00:00:00 - ERROR - STAT - expect_column_values_to_not_be_null - CABINET - correctly filled rate (%) - 100.0

2019-08-14 09:02:19,479 - JOBS - FR - CADREMPLOI - 2019-06-01 00:00:00 - ERROR - STAT - expect_column_values_to_be_in_set_2 - CABINET - observed proportion - 100.0

2019-08-14 09:02:19,479 - JOBS - FR - CADREMPLOI - 2019-06-01 00:00:00 - ERROR - STAT - expect_returning_row_count_groupby - CABINET - count of value CABINET RH - 6462

2019-08-14 09:02:19,479 - JOBS - FR - CADREMPLOI - 2019-06-01 00:00:00 - ERROR - STAT - expect_returning_row_count_groupby - CABINET - count of value AUTRE - 4400

2019-08-14 09:02:19,479 - JOBS - FR - CADREMPLOI - 2019-06-01 00:00:00 - ERROR - STAT - expect_returning_row_count_groupby - CABINET - count of value SSII - 642

2019-08-14 09:02:19,479 - JOBS - FR - CADREMPLOI - 2019-06-01 00:00:00 - ERROR - STAT - expect_column_values_to_not_be_null - CONTRAT - correctly filled rate (%) - 100.0

2019-08-14 09:02:19,479 - JOBS - FR - CADREMPLOI - 2019-06-01 00:00:00 - ERROR - STAT - expect_column_values_to_be_in_set_2 - CONTRAT - observed proportion - 100.0

2019-08-14 09:02:19,479 - JOBS - FR - CADREMPLOI - 2019-06-01 00:00:00 - ERROR - STAT - expect_returning_row_count_groupby - CONTRAT - count of value CDI - 9382

2019-08-14 09:02:19,479 - JOBS - FR - CADREMPLOI - 2019-06-01 00:00:00 - ERROR - STAT - expect_returning_row_count_groupby - CONTRAT - count of value AUTRE - 1241

2019-08-14 09:02:19,479 - JOBS - FR - CADREMPLOI - 2019-06-01 00:00:00 - ERROR - STAT - expect_returning_row_count_groupby - CONTRAT - count of value CDD - 480

2019-08-14 09:02:19,479 - JOBS - FR - CADREMPLOI - 2019-06-01 00:00:00 - ERROR - STAT - expect_returning_row_count_groupby - CONTRAT - count of value Interim - 401

2019-08-14 09:02:19,479 - JOBS - FR - CADREMPLOI - 2019-06-01 00:00:00 - ERROR - STAT - expect_column_values_to_not_be_null - DEPARTEMENT - correctly filled rate (%) - 98.24

2019-08-14 09:02:19,480 - JOBS - FR - CADREMPLOI - 2019-06-01 00:00:00 - ERROR - FILE_CHECK - expect_column_values_to_match_regex - DEPARTEMENT - Unexpected value: 76.0 on line 0, value should match regexp ^[0-9]{2}$

2019-08-14 09:02:19,480 - JOBS - FR - CADREMPLOI - 2019-06-01 00:00:00 - ERROR - FILE_CHECK - expect_column_values_to_match_regex - DEPARTEMENT - Unexpected value: 86.0 on line 1, value should match regexp ^[0-9]{2}$

2019-08-14 09:02:19,480 - JOBS - FR - CADREMPLOI - 2019-06-01 00:00:00 - ERROR - FILE_CHECK - expect_column_values_to_match_regex - DEPARTEMENT - Unexpected value: 25.0 on line 2, value should match regexp ^[0-9]{2}$

2019-08-14 09:02:19,480 - JOBS - FR - CADREMPLOI - 2019-06-01 00:00:00 - ERROR - FILE_CHECK - expect_column_values_to_match_regex - DEPARTEMENT - Unexpected value: 31.0 on line 3, value should match regexp ^[0-9]{2}$

2019-08-14 09:02:19,480 - JOBS - FR - CADREMPLOI - 2019-06-01 00:00:00 - ERROR - FILE_CHECK - expect_column_values_to_match_regex - DEPARTEMENT - Unexpected value: 33.0 on line 4, value should match regexp ^[0-9]{2}$

2019-08-14 09:02:19,480 - JOBS - FR - CADREMPLOI - 2019-06-01 00:00:00 - ERROR - FILE_CHECK - expect_column_values_to_match_regex - DEPARTEMENT - Unexpected value: 63.0 on line 5, value should match regexp ^[0-9]{2}$

2019-08-14 09:02:19,480 - JOBS - FR - CADREMPLOI - 2019-06-01 00:00:00 - ERROR - FILE_CHECK - expect_column_values_to_match_regex - DEPARTEMENT - Unexpected value: 59.0 on line 6, value should match regexp ^[0-9]{2}$

2019-08-14 09:02:19,480 - JOBS - FR - CADREMPLOI - 2019-06-01 00:00:00 - ERROR - FILE_CHECK - expect_column_values_to_match_regex - DEPARTEMENT - Unexpected value: 73.0 on line 7, value should match regexp ^[0-9]{2}$

2019-08-14 09:02:19,480 - JOBS - FR - CADREMPLOI - 2019-06-01 00:00:00 - ERROR - FILE_CHECK - expect_column_values_to_match_regex - DEPARTEMENT - Unexpected value: 11.0 on line 8, value should match regexp ^[0-9]{2}$

2019-08-14 09:02:19,480 - JOBS - FR - CADREMPLOI - 2019-06-01 00:00:00 - ERROR - FILE_CHECK - expect_column_values_to_match_regex - DEPARTEMENT - Unexpected value: 32.0 on line 9, value should match regexp ^[0-9]{2}$

2019-08-14 09:02:19,480 - JOBS - FR - CADREMPLOI - 2019-06-01 00:00:00 - ERROR - FILE_CHECK - expect_column_values_to_match_regex - DEPARTEMENT - Unexpected value: 43.0 on line 10, value should match regexp ^[0-9]{2}$

2019-08-14 09:02:19,480 - JOBS - FR - CADREMPLOI - 2019-06-01 00:00:00 - ERROR - FILE_CHECK - expect_column_values_to_match_regex - DEPARTEMENT - Unexpected value: 49.0 on line 11, value should match regexp ^[0-9]{2}$

2019-08-14 09:02:19,480 - JOBS - FR - CADREMPLOI - 2019-06-01 00:00:00 - ERROR - FILE_CHECK - expect_column_values_to_match_regex - DEPARTEMENT - Unexpected value: 2.0 on line 12, value should match regexp ^[0-9]{2}$

2019-08-14 09:02:19,481 - JOBS - FR - CADREMPLOI - 2019-06-01 00:00:00 - ERROR - FILE_CHECK - expect_column_values_to_match_regex - DEPARTEMENT - Unexpected value: 8.0 on line 13, value should match regexp ^[0-9]{2}$

2019-08-14 09:02:19,481 - JOBS - FR - CADREMPLOI - 2019-06-01 00:00:00 - ERROR - FILE_CHECK - expect_column_values_to_match_regex - DEPARTEMENT - Unexpected value: 58.0 on line 14, value should match regexp ^[0-9]{2}$

2019-08-14 09:02:19,481 - JOBS - FR - CADREMPLOI - 2019-06-01 00:00:00 - ERROR - FILE_CHECK - expect_column_values_to_match_regex - DEPARTEMENT - Unexpected value: 94.0 on line 15, value should match regexp ^[0-9]{2}$

2019-08-14 09:02:19,481 - JOBS - FR - CADREMPLOI - 2019-06-01 00:00:00 - ERROR - FILE_CHECK - expect_column_values_to_match_regex - DEPARTEMENT - Unexpected value: 80.0 on line 16, value should match regexp ^[0-9]{2}$

2019-08-14 09:02:19,481 - JOBS - FR - CADREMPLOI - 2019-06-01 00:00:00 - ERROR - FILE_CHECK - expect_column_values_to_match_regex - DEPARTEMENT - Unexpected value: 6.0 on line 17, value should match regexp ^[0-9]{2}$

2019-08-14 09:02:19,481 - JOBS - FR - CADREMPLOI - 2019-06-01 00:00:00 - ERROR - FILE_CHECK - expect_column_values_to_match_regex - DEPARTEMENT - Unexpected value: 22.0 on line 18, value should match regexp ^[0-9]{2}$

2019-08-14 09:02:19,481 - JOBS - FR - CADREMPLOI - 2019-06-01 00:00:00 - ERROR - FILE_CHECK - expect_column_values_to_match_regex - DEPARTEMENT - Unexpected value: 5.0 on line 19, value should match regexp ^[0-9]{2}$

2019-08-14 09:02:19,481 - JOBS - FR - CADREMPLOI - 2019-06-01 00:00:00 - ERROR - STAT - expect_column_values_to_match_regex - DEPARTEMENT - correctly filled rate (%) - 0.0

2019-08-14 09:02:19,481 - JOBS - FR - CADREMPLOI - 2019-06-01 00:00:00 - ERROR - STAT - expect_column_values_to_not_be_null - ENTREPRISE - correctly filled rate (%) - 97.24

2019-08-14 09:02:19,481 - JOBS - FR - CADREMPLOI - 2019-06-01 00:00:00 - ERROR - STAT - expect_column_values_to_not_be_null - ID_CLIENT - correctly filled rate (%) - 100.0

2019-08-14 09:02:19,481 - JOBS - FR - CADREMPLOI - 2019-06-01 00:00:00 - ERROR - STAT - expect_column_values_to_be_unique - ID_CLIENT - observed proportion - 100.0

2019-08-14 09:02:19,481 - JOBS - FR - CADREMPLOI - 2019-06-01 00:00:00 - ERROR - STAT - expect_returning_row_count - EVERY_COLUMNS - total number of rows - 11504

2019-08-14 09:02:19,481 - JOBS - FR - CADREMPLOI - 2019-06-01 00:00:00 - ERROR - STAT - expect_column_values_to_not_be_null - LIEU - correctly filled rate (%) - 100.0

2019-08-14 09:02:19,482 - JOBS - FR - CADREMPLOI - 2019-06-01 00:00:00 - ERROR - STAT - expect_column_values_to_not_be_null - METIER - correctly filled rate (%) - 100.0

2019-08-14 09:02:19,482 - JOBS - FR - CADREMPLOI - 2019-06-01 00:00:00 - ERROR - STAT - expect_column_values_to_be_in_set_2 - ON_SITE - observed proportion - 100.0

2019-08-14 09:02:19,482 - JOBS - FR - CADREMPLOI - 2019-06-01 00:00:00 - ERROR - STAT - expect_column_values_to_not_be_null - ON_SITE - correctly filled rate (%) - 100.0

2019-08-14 09:02:19,482 - JOBS - FR - CADREMPLOI - 2019-06-01 00:00:00 - ERROR - STAT - expect_column_values_to_not_be_null - OTHER_SITE - correctly filled rate (%) - 0.0

2019-08-14 09:02:19,482 - JOBS - FR - CADREMPLOI - 2019-06-01 00:00:00 - ERROR - STAT - expect_column_values_to_not_be_null - REGION - correctly filled rate (%) - 97.89

2019-08-14 09:02:19,482 - JOBS - FR - CADREMPLOI - 2019-06-01 00:00:00 - ERROR - STAT - expect_returning_row_unique_count - REGION - total number of unique rows - 22

2019-08-14 09:02:19,482 - JOBS - FR - CADREMPLOI - 2019-06-01 00:00:00 - ERROR - STAT - expect_column_values_to_not_be_null - TYPE_EMPLOI - correctly filled rate (%) - 100.0

