2019-05-24 11:11:15,600 - IMMO - FR - AJ - 2019-05-01 00:00:00 - ERROR - STAT - expect_column_to_exist - ACHAT_LOC - column exists or not - 1.0
2019-05-24 11:11:15,600 - IMMO - FR - AJ - 2019-05-01 00:00:00 - ERROR - STAT - expect_column_values_to_not_be_null - ACHAT_LOC - correctly filled rate (%) - 98.45
2019-05-24 11:11:15,600 - IMMO - FR - AJ - 2019-05-01 00:00:00 - ERROR - STAT - expect_column_values_to_be_in_set - ACHAT_LOC - correctly filled rate (%) - 100.0
2019-05-24 11:11:15,600 - IMMO - FR - AJ - 2019-05-01 00:00:00 - ERROR - STAT - expect_column_values_to_not_be_null - ADRESSE - correctly filled rate (%) - 1.55
2019-05-24 11:11:15,600 - IMMO - FR - AJ - 2019-05-01 00:00:00 - ERROR - STAT - expect_column_values_to_not_be_null - AGENCE_ADRESSE - correctly filled rate (%) - 93.92
2019-05-24 11:11:15,600 - IMMO - FR - AJ - 2019-05-01 00:00:00 - ERROR - STAT - expect_column_values_to_not_be_null - AGENCE_CP - correctly filled rate (%) - 97.76
2019-05-24 11:11:15,600 - IMMO - FR - AJ - 2019-05-01 00:00:00 - ERROR - FILE_CHECK - expect_column_values_to_match_regex - AGENCE_CP - Unexpected value: 44000.0 on line 0, value should match regexp ^[0-9]{5}$
2019-05-24 11:11:15,600 - IMMO - FR - AJ - 2019-05-01 00:00:00 - ERROR - FILE_CHECK - expect_column_values_to_match_regex - AGENCE_CP - Unexpected value: 13210.0 on line 1, value should match regexp ^[0-9]{5}$
2019-05-24 11:11:15,601 - IMMO - FR - AJ - 2019-05-01 00:00:00 - ERROR - FILE_CHECK - expect_column_values_to_match_regex - AGENCE_CP - Unexpected value: 94160.0 on line 2, value should match regexp ^[0-9]{5}$
2019-05-24 11:11:15,601 - IMMO - FR - AJ - 2019-05-01 00:00:00 - ERROR - FILE_CHECK - expect_column_values_to_match_regex - AGENCE_CP - Unexpected value: 74450.0 on line 3, value should match regexp ^[0-9]{5}$
2019-05-24 11:11:15,601 - IMMO - FR - AJ - 2019-05-01 00:00:00 - ERROR - FILE_CHECK - expect_column_values_to_match_regex - AGENCE_CP - Unexpected value: 27530.0 on line 4, value should match regexp ^[0-9]{5}$
2019-05-24 11:11:15,601 - IMMO - FR - AJ - 2019-05-01 00:00:00 - ERROR - FILE_CHECK - expect_column_values_to_match_regex - AGENCE_CP - Unexpected value: 3800.0 on line 5, value should match regexp ^[0-9]{5}$
2019-05-24 11:11:15,601 - IMMO - FR - AJ - 2019-05-01 00:00:00 - ERROR - FILE_CHECK - expect_column_values_to_match_regex - AGENCE_CP - Unexpected value: 3800.0 on line 6, value should match regexp ^[0-9]{5}$
2019-05-24 11:11:15,601 - IMMO - FR - AJ - 2019-05-01 00:00:00 - ERROR - FILE_CHECK - expect_column_values_to_match_regex - AGENCE_CP - Unexpected value: 6300.0 on line 7, value should match regexp ^[0-9]{5}$
2019-05-24 11:11:15,601 - IMMO - FR - AJ - 2019-05-01 00:00:00 - ERROR - FILE_CHECK - expect_column_values_to_match_regex - AGENCE_CP - Unexpected value: 33380.0 on line 8, value should match regexp ^[0-9]{5}$
2019-05-24 11:11:15,601 - IMMO - FR - AJ - 2019-05-01 00:00:00 - ERROR - FILE_CHECK - expect_column_values_to_match_regex - AGENCE_CP - Unexpected value: 38160.0 on line 9, value should match regexp ^[0-9]{5}$
2019-05-24 11:11:15,601 - IMMO - FR - AJ - 2019-05-01 00:00:00 - ERROR - FILE_CHECK - expect_column_values_to_match_regex - AGENCE_CP - Unexpected value: 38160.0 on line 10, value should match regexp ^[0-9]{5}$
2019-05-24 11:11:15,601 - IMMO - FR - AJ - 2019-05-01 00:00:00 - ERROR - FILE_CHECK - expect_column_values_to_match_regex - AGENCE_CP - Unexpected value: 38160.0 on line 11, value should match regexp ^[0-9]{5}$
2019-05-24 11:11:15,601 - IMMO - FR - AJ - 2019-05-01 00:00:00 - ERROR - FILE_CHECK - expect_column_values_to_match_regex - AGENCE_CP - Unexpected value: 2200.0 on line 12, value should match regexp ^[0-9]{5}$
2019-05-24 11:11:15,601 - IMMO - FR - AJ - 2019-05-01 00:00:00 - ERROR - FILE_CHECK - expect_column_values_to_match_regex - AGENCE_CP - Unexpected value: 2200.0 on line 13, value should match regexp ^[0-9]{5}$
2019-05-24 11:11:15,601 - IMMO - FR - AJ - 2019-05-01 00:00:00 - ERROR - FILE_CHECK - expect_column_values_to_match_regex - AGENCE_CP - Unexpected value: 80000.0 on line 14, value should match regexp ^[0-9]{5}$
2019-05-24 11:11:15,601 - IMMO - FR - AJ - 2019-05-01 00:00:00 - ERROR - FILE_CHECK - expect_column_values_to_match_regex - AGENCE_CP - Unexpected value: 80100.0 on line 15, value should match regexp ^[0-9]{5}$
2019-05-24 11:11:15,601 - IMMO - FR - AJ - 2019-05-01 00:00:00 - ERROR - FILE_CHECK - expect_column_values_to_match_regex - AGENCE_CP - Unexpected value: 27300.0 on line 16, value should match regexp ^[0-9]{5}$
2019-05-24 11:11:15,601 - IMMO - FR - AJ - 2019-05-01 00:00:00 - ERROR - FILE_CHECK - expect_column_values_to_match_regex - AGENCE_CP - Unexpected value: 27300.0 on line 17, value should match regexp ^[0-9]{5}$
2019-05-24 11:11:15,601 - IMMO - FR - AJ - 2019-05-01 00:00:00 - ERROR - FILE_CHECK - expect_column_values_to_match_regex - AGENCE_CP - Unexpected value: 85000.0 on line 18, value should match regexp ^[0-9]{5}$
2019-05-24 11:11:15,601 - IMMO - FR - AJ - 2019-05-01 00:00:00 - ERROR - FILE_CHECK - expect_column_values_to_match_regex - AGENCE_CP - Unexpected value: 85000.0 on line 19, value should match regexp ^[0-9]{5}$
2019-05-24 11:11:15,601 - IMMO - FR - AJ - 2019-05-01 00:00:00 - ERROR - STAT - expect_column_values_to_match_regex - AGENCE_CP - correctly filled rate (%) - 0.0
2019-05-24 11:11:15,602 - IMMO - FR - AJ - 2019-05-01 00:00:00 - ERROR - STAT - expect_column_values_to_not_be_null - AGENCE_ID - correctly filled rate (%) - 100.0
2019-05-24 11:11:15,602 - IMMO - FR - AJ - 2019-05-01 00:00:00 - ERROR - STAT - expect_column_values_to_not_be_null - AGENCE_NOM - correctly filled rate (%) - 99.31
2019-05-24 11:11:15,602 - IMMO - FR - AJ - 2019-05-01 00:00:00 - ERROR - FILE_CHECK - expect_column_values_to_be_phone_number - AGENCE_TEL - Unexpected value: 662339226.0 on line 0, value should match a phone number format
2019-05-24 11:11:15,602 - IMMO - FR - AJ - 2019-05-01 00:00:00 - ERROR - FILE_CHECK - expect_column_values_to_be_phone_number - AGENCE_TEL - Unexpected value: 686513888.0 on line 1, value should match a phone number format
2019-05-24 11:11:15,602 - IMMO - FR - AJ - 2019-05-01 00:00:00 - ERROR - FILE_CHECK - expect_column_values_to_be_phone_number - AGENCE_TEL - Unexpected value: 143656413.0 on line 2, value should match a phone number format
2019-05-24 11:11:15,602 - IMMO - FR - AJ - 2019-05-01 00:00:00 - ERROR - FILE_CHECK - expect_column_values_to_be_phone_number - AGENCE_TEL - Unexpected value: 450022018.0 on line 3, value should match a phone number format
2019-05-24 11:11:15,602 - IMMO - FR - AJ - 2019-05-01 00:00:00 - ERROR - FILE_CHECK - expect_column_values_to_be_phone_number - AGENCE_TEL - Unexpected value: 645684621.0 on line 4, value should match a phone number format
2019-05-24 11:11:15,602 - IMMO - FR - AJ - 2019-05-01 00:00:00 - ERROR - FILE_CHECK - expect_column_values_to_be_phone_number - AGENCE_TEL - Unexpected value: 470900069.0 on line 5, value should match a phone number format
2019-05-24 11:11:15,602 - IMMO - FR - AJ - 2019-05-01 00:00:00 - ERROR - FILE_CHECK - expect_column_values_to_be_phone_number - AGENCE_TEL - Unexpected value: 470900069.0 on line 6, value should match a phone number format
2019-05-24 11:11:15,602 - IMMO - FR - AJ - 2019-05-01 00:00:00 - ERROR - FILE_CHECK - expect_column_values_to_be_phone_number - AGENCE_TEL - Unexpected value: 492008282.0 on line 7, value should match a phone number format
2019-05-24 11:11:15,602 - IMMO - FR - AJ - 2019-05-01 00:00:00 - ERROR - FILE_CHECK - expect_column_values_to_be_phone_number - AGENCE_TEL - Unexpected value: 557170045.0 on line 8, value should match a phone number format
2019-05-24 11:11:15,602 - IMMO - FR - AJ - 2019-05-01 00:00:00 - ERROR - FILE_CHECK - expect_column_values_to_be_phone_number - AGENCE_TEL - Unexpected value: 457531102.0 on line 9, value should match a phone number format
2019-05-24 11:11:15,602 - IMMO - FR - AJ - 2019-05-01 00:00:00 - ERROR - FILE_CHECK - expect_column_values_to_be_phone_number - AGENCE_TEL - Unexpected value: 457531102.0 on line 10, value should match a phone number format
2019-05-24 11:11:15,602 - IMMO - FR - AJ - 2019-05-01 00:00:00 - ERROR - FILE_CHECK - expect_column_values_to_be_phone_number - AGENCE_TEL - Unexpected value: 457531102.0 on line 11, value should match a phone number format
2019-05-24 11:11:15,602 - IMMO - FR - AJ - 2019-05-01 00:00:00 - ERROR - FILE_CHECK - expect_column_values_to_be_phone_number - AGENCE_TEL - Unexpected value: 323532121.0 on line 12, value should match a phone number format
2019-05-24 11:11:15,602 - IMMO - FR - AJ - 2019-05-01 00:00:00 - ERROR - FILE_CHECK - expect_column_values_to_be_phone_number - AGENCE_TEL - Unexpected value: 323532121.0 on line 13, value should match a phone number format
2019-05-24 11:11:15,602 - IMMO - FR - AJ - 2019-05-01 00:00:00 - ERROR - FILE_CHECK - expect_column_values_to_be_phone_number - AGENCE_TEL - Unexpected value: 322960000.0 on line 14, value should match a phone number format
2019-05-24 11:11:15,602 - IMMO - FR - AJ - 2019-05-01 00:00:00 - ERROR - FILE_CHECK - expect_column_values_to_be_phone_number - AGENCE_TEL - Unexpected value: 365170170.0 on line 15, value should match a phone number format
2019-05-24 11:11:15,603 - IMMO - FR - AJ - 2019-05-01 00:00:00 - ERROR - FILE_CHECK - expect_column_values_to_be_phone_number - AGENCE_TEL - Unexpected value: 232439300.0 on line 16, value should match a phone number format
2019-05-24 11:11:15,603 - IMMO - FR - AJ - 2019-05-01 00:00:00 - ERROR - FILE_CHECK - expect_column_values_to_be_phone_number - AGENCE_TEL - Unexpected value: 232439300.0 on line 17, value should match a phone number format
2019-05-24 11:11:15,603 - IMMO - FR - AJ - 2019-05-01 00:00:00 - ERROR - FILE_CHECK - expect_column_values_to_be_phone_number - AGENCE_TEL - Unexpected value: 251073895.0 on line 18, value should match a phone number format
2019-05-24 11:11:15,603 - IMMO - FR - AJ - 2019-05-01 00:00:00 - ERROR - FILE_CHECK - expect_column_values_to_be_phone_number - AGENCE_TEL - Unexpected value: 251073895.0 on line 19, value should match a phone number format
2019-05-24 11:11:15,603 - IMMO - FR - AJ - 2019-05-01 00:00:00 - ERROR - STAT - expect_column_values_to_be_phone_number - AGENCE_TEL - correctly filled rate (%) - 0.02
2019-05-24 11:11:15,603 - IMMO - FR - AJ - 2019-05-01 00:00:00 - ERROR - STAT - expect_column_values_to_not_be_null - AGENCE_TEL - correctly filled rate (%) - 99.94
2019-05-24 11:11:15,603 - IMMO - FR - AJ - 2019-05-01 00:00:00 - ERROR - STAT - expect_column_values_to_not_be_null - AGENCE_VILLE - correctly filled rate (%) - 71.7
2019-05-24 11:11:15,603 - IMMO - FR - AJ - 2019-05-01 00:00:00 - ERROR - STAT - expect_column_values_to_not_be_null - ANNONCE_DATE - correctly filled rate (%) - 98.42
2019-05-24 11:11:15,603 - IMMO - FR - AJ - 2019-05-01 00:00:00 - ERROR - STAT - expect_column_values_to_not_be_null - ANNONCE_LINK - correctly filled rate (%) - 98.45
2019-05-24 11:11:15,603 - IMMO - FR - AJ - 2019-05-01 00:00:00 - ERROR - FILE_CHECK - expect_column_values_to_be_unique - ANNONCE_LINK - Unexpected value: 8 on line 210, value should be unique
2019-05-24 11:11:15,603 - IMMO - FR - AJ - 2019-05-01 00:00:00 - ERROR - FILE_CHECK - expect_column_values_to_be_unique - ANNONCE_LINK - Unexpected value: 1 on line 981, value should be unique
2019-05-24 11:11:15,603 - IMMO - FR - AJ - 2019-05-01 00:00:00 - ERROR - FILE_CHECK - expect_column_values_to_be_unique - ANNONCE_LINK - Unexpected value: 1 on line 983, value should be unique
2019-05-24 11:11:15,603 - IMMO - FR - AJ - 2019-05-01 00:00:00 - ERROR - FILE_CHECK - expect_column_values_to_be_unique - ANNONCE_LINK - Unexpected value: 1 on line 1098, value should be unique
2019-05-24 11:11:15,603 - IMMO - FR - AJ - 2019-05-01 00:00:00 - ERROR - FILE_CHECK - expect_column_values_to_be_unique - ANNONCE_LINK - Unexpected value: 16 on line 1100, value should be unique
2019-05-24 11:11:15,603 - IMMO - FR - AJ - 2019-05-01 00:00:00 - ERROR - FILE_CHECK - expect_column_values_to_be_unique - ANNONCE_LINK - Unexpected value: 1 on line 1271, value should be unique
2019-05-24 11:11:15,603 - IMMO - FR - AJ - 2019-05-01 00:00:00 - ERROR - FILE_CHECK - expect_column_values_to_be_unique - ANNONCE_LINK - Unexpected value: 2 on line 1390, value should be unique
2019-05-24 11:11:15,603 - IMMO - FR - AJ - 2019-05-01 00:00:00 - ERROR - FILE_CHECK - expect_column_values_to_be_unique - ANNONCE_LINK - Unexpected value: 1 on line 1392, value should be unique
2019-05-24 11:11:15,603 - IMMO - FR - AJ - 2019-05-01 00:00:00 - ERROR - FILE_CHECK - expect_column_values_to_be_unique - ANNONCE_LINK - Unexpected value: 1 on line 1394, value should be unique
2019-05-24 11:11:15,604 - IMMO - FR - AJ - 2019-05-01 00:00:00 - ERROR - FILE_CHECK - expect_column_values_to_be_unique - ANNONCE_LINK - Unexpected value: 1 on line 1396, value should be unique
2019-05-24 11:11:15,604 - IMMO - FR - AJ - 2019-05-01 00:00:00 - ERROR - FILE_CHECK - expect_column_values_to_be_unique - ANNONCE_LINK - Unexpected value: 1 on line 1398, value should be unique
2019-05-24 11:11:15,604 - IMMO - FR - AJ - 2019-05-01 00:00:00 - ERROR - FILE_CHECK - expect_column_values_to_be_unique - ANNONCE_LINK - Unexpected value: 1 on line 1400, value should be unique
2019-05-24 11:11:15,604 - IMMO - FR - AJ - 2019-05-01 00:00:00 - ERROR - FILE_CHECK - expect_column_values_to_be_unique - ANNONCE_LINK - Unexpected value: 1 on line 1848, value should be unique
2019-05-24 11:11:15,604 - IMMO - FR - AJ - 2019-05-01 00:00:00 - ERROR - FILE_CHECK - expect_column_values_to_be_unique - ANNONCE_LINK - Unexpected value: 1 on line 2051, value should be unique
2019-05-24 11:11:15,604 - IMMO - FR - AJ - 2019-05-01 00:00:00 - ERROR - FILE_CHECK - expect_column_values_to_be_unique - ANNONCE_LINK - Unexpected value: 1 on line 2165, value should be unique
2019-05-24 11:11:15,604 - IMMO - FR - AJ - 2019-05-01 00:00:00 - ERROR - FILE_CHECK - expect_column_values_to_be_unique - ANNONCE_LINK - Unexpected value: 2 on line 2396, value should be unique
2019-05-24 11:11:15,604 - IMMO - FR - AJ - 2019-05-01 00:00:00 - ERROR - FILE_CHECK - expect_column_values_to_be_unique - ANNONCE_LINK - Unexpected value: 2 on line 2548, value should be unique
2019-05-24 11:11:15,604 - IMMO - FR - AJ - 2019-05-01 00:00:00 - ERROR - FILE_CHECK - expect_column_values_to_be_unique - ANNONCE_LINK - Unexpected value: 4 on line 2551, value should be unique
2019-05-24 11:11:15,604 - IMMO - FR - AJ - 2019-05-01 00:00:00 - ERROR - FILE_CHECK - expect_column_values_to_be_unique - ANNONCE_LINK - Unexpected value: 2 on line 2553, value should be unique
2019-05-24 11:11:15,604 - IMMO - FR - AJ - 2019-05-01 00:00:00 - ERROR - FILE_CHECK - expect_column_values_to_be_unique - ANNONCE_LINK - Unexpected value: 1 on line 2609, value should be unique
2019-05-24 11:11:15,604 - IMMO - FR - AJ - 2019-05-01 00:00:00 - ERROR - STAT - expect_column_values_to_be_unique - ANNONCE_LINK - observed proportion - 98.42
2019-05-24 11:11:15,604 - IMMO - FR - AJ - 2019-05-01 00:00:00 - ERROR - FILE_CHECK - expect_column_value_lengths_to_be_between - ANNONCE_TEXT - Unexpected characters count of: [Nantes - hyper centr...] on line  0, value length should be between 0 and 255
2019-05-24 11:11:15,604 - IMMO - FR - AJ - 2019-05-01 00:00:00 - ERROR - FILE_CHECK - expect_column_value_lengths_to_be_between - ANNONCE_TEXT - Unexpected characters count of: [Dans la campagne de ...] on line  1, value length should be between 0 and 255
2019-05-24 11:11:15,604 - IMMO - FR - AJ - 2019-05-01 00:00:00 - ERROR - FILE_CHECK - expect_column_value_lengths_to_be_between - ANNONCE_TEXT - Unexpected characters count of: [Votre agence CENTURY...] on line  2, value length should be between 0 and 255
2019-05-24 11:11:15,604 - IMMO - FR - AJ - 2019-05-01 00:00:00 - ERROR - FILE_CHECK - expect_column_value_lengths_to_be_between - ANNONCE_TEXT - Unexpected characters count of: [Grand-Bornand villag...] on line  3, value length should be between 0 and 255
2019-05-24 11:11:15,604 - IMMO - FR - AJ - 2019-05-01 00:00:00 - ERROR - FILE_CHECK - expect_column_value_lengths_to_be_between - ANNONCE_TEXT - Unexpected characters count of: [Maison GARENNES SUR ...] on line  4, value length should be between 0 and 255
2019-05-24 11:11:15,604 - IMMO - FR - AJ - 2019-05-01 00:00:00 - ERROR - FILE_CHECK - expect_column_value_lengths_to_be_between - ANNONCE_TEXT - Unexpected characters count of: [Coup de cur assuré p...] on line  5, value length should be between 0 and 255
2019-05-24 11:11:15,604 - IMMO - FR - AJ - 2019-05-01 00:00:00 - ERROR - FILE_CHECK - expect_column_value_lengths_to_be_between - ANNONCE_TEXT - Unexpected characters count of: [Maison de ville à de...] on line  6, value length should be between 0 and 255
2019-05-24 11:11:15,605 - IMMO - FR - AJ - 2019-05-01 00:00:00 - ERROR - FILE_CHECK - expect_column_value_lengths_to_be_between - ANNONCE_TEXT - Unexpected characters count of: [CARRE D&#39;OR au de...] on line  7, value length should be between 0 and 255
2019-05-24 11:11:15,605 - IMMO - FR - AJ - 2019-05-01 00:00:00 - ERROR - FILE_CHECK - expect_column_value_lengths_to_be_between - ANNONCE_TEXT - Unexpected characters count of: [VIAGER OCCUPE A AUDE...] on line  8, value length should be between 0 and 255
2019-05-24 11:11:15,605 - IMMO - FR - AJ - 2019-05-01 00:00:00 - ERROR - FILE_CHECK - expect_column_value_lengths_to_be_between - ANNONCE_TEXT - Unexpected characters count of: [BELLE MAISON 5 CHAMB...] on line  9, value length should be between 0 and 255
2019-05-24 11:11:15,605 - IMMO - FR - AJ - 2019-05-01 00:00:00 - ERROR - FILE_CHECK - expect_column_value_lengths_to_be_between - ANNONCE_TEXT - Unexpected characters count of: [Appartement T3 - 66 ...] on line  10, value length should be between 0 and 255
2019-05-24 11:11:15,605 - IMMO - FR - AJ - 2019-05-01 00:00:00 - ERROR - FILE_CHECK - expect_column_value_lengths_to_be_between - ANNONCE_TEXT - Unexpected characters count of: [T2 Bis - 65 m² Dans ...] on line  11, value length should be between 0 and 255
2019-05-24 11:11:15,605 - IMMO - FR - AJ - 2019-05-01 00:00:00 - ERROR - FILE_CHECK - expect_column_value_lengths_to_be_between - ANNONCE_TEXT - Unexpected characters count of: [En plein cur de la c...] on line  12, value length should be between 0 and 255
2019-05-24 11:11:15,605 - IMMO - FR - AJ - 2019-05-01 00:00:00 - ERROR - FILE_CHECK - expect_column_value_lengths_to_be_between - ANNONCE_TEXT - Unexpected characters count of: [A 18 kilomètres de S...] on line  13, value length should be between 0 and 255
2019-05-24 11:11:15,605 - IMMO - FR - AJ - 2019-05-01 00:00:00 - ERROR - FILE_CHECK - expect_column_value_lengths_to_be_between - ANNONCE_TEXT - Unexpected characters count of: [Century 21 propose à...] on line  15, value length should be between 0 and 255
2019-05-24 11:11:15,605 - IMMO - FR - AJ - 2019-05-01 00:00:00 - ERROR - FILE_CHECK - expect_column_value_lengths_to_be_between - ANNONCE_TEXT - Unexpected characters count of: [A quinze minutes à p...] on line  16, value length should be between 0 and 255
2019-05-24 11:11:15,605 - IMMO - FR - AJ - 2019-05-01 00:00:00 - ERROR - FILE_CHECK - expect_column_value_lengths_to_be_between - ANNONCE_TEXT - Unexpected characters count of: [A 15 minutes à pieds...] on line  17, value length should be between 0 and 255
2019-05-24 11:11:15,605 - IMMO - FR - AJ - 2019-05-01 00:00:00 - ERROR - FILE_CHECK - expect_column_value_lengths_to_be_between - ANNONCE_TEXT - Unexpected characters count of: [EXCLUSIVITE AMEPI Tr...] on line  18, value length should be between 0 and 255
2019-05-24 11:11:15,605 - IMMO - FR - AJ - 2019-05-01 00:00:00 - ERROR - FILE_CHECK - expect_column_value_lengths_to_be_between - ANNONCE_TEXT - Unexpected characters count of: [AUBIGNY Venez découv...] on line  19, value length should be between 0 and 255
2019-05-24 11:11:15,605 - IMMO - FR - AJ - 2019-05-01 00:00:00 - ERROR - FILE_CHECK - expect_column_value_lengths_to_be_between - ANNONCE_TEXT - Unexpected characters count of: [NICE LIBERATION - 3 ...] on line  20, value length should be between 0 and 255
2019-05-24 11:11:15,605 - IMMO - FR - AJ - 2019-05-01 00:00:00 - ERROR - STAT - expect_column_value_lengths_to_be_between - ANNONCE_TEXT - correctly filled rate (%) - 29.4
2019-05-24 11:11:15,605 - IMMO - FR - AJ - 2019-05-01 00:00:00 - ERROR - STAT - expect_column_values_to_not_be_null - ANNONCE_TEXT - correctly filled rate (%) - 95.93
2019-05-24 11:11:15,605 - IMMO - FR - AJ - 2019-05-01 00:00:00 - ERROR - STAT - expect_column_values_to_not_be_null - CATEGORIE - correctly filled rate (%) - 95.8
2019-05-24 11:11:15,605 - IMMO - FR - AJ - 2019-05-01 00:00:00 - ERROR - STAT - expect_column_values_to_not_be_null - CP - correctly filled rate (%) - 98.45
2019-05-24 11:11:15,605 - IMMO - FR - AJ - 2019-05-01 00:00:00 - ERROR - FILE_CHECK - expect_column_values_to_match_regex - CP - Unexpected value: 3800 on line 6, value should match regexp ^[0-9]{5}$
2019-05-24 11:11:15,606 - IMMO - FR - AJ - 2019-05-01 00:00:00 - ERROR - FILE_CHECK - expect_column_values_to_match_regex - CP - Unexpected value: 6000 on line 7, value should match regexp ^[0-9]{5}$
2019-05-24 11:11:15,606 - IMMO - FR - AJ - 2019-05-01 00:00:00 - ERROR - FILE_CHECK - expect_column_values_to_match_regex - CP - Unexpected value: 2200 on line 12, value should match regexp ^[0-9]{5}$
2019-05-24 11:11:15,606 - IMMO - FR - AJ - 2019-05-01 00:00:00 - ERROR - FILE_CHECK - expect_column_values_to_match_regex - CP - Unexpected value: 2200 on line 13, value should match regexp ^[0-9]{5}$
2019-05-24 11:11:15,606 - IMMO - FR - AJ - 2019-05-01 00:00:00 - ERROR - FILE_CHECK - expect_column_values_to_match_regex - CP - Unexpected value: 6000 on line 20, value should match regexp ^[0-9]{5}$
2019-05-24 11:11:15,606 - IMMO - FR - AJ - 2019-05-01 00:00:00 - ERROR - FILE_CHECK - expect_column_values_to_match_regex - CP - Unexpected value: 8000 on line 26, value should match regexp ^[0-9]{5}$
2019-05-24 11:11:15,606 - IMMO - FR - AJ - 2019-05-01 00:00:00 - ERROR - FILE_CHECK - expect_column_values_to_match_regex - CP - Unexpected value: 8300 on line 27, value should match regexp ^[0-9]{5}$
2019-05-24 11:11:15,606 - IMMO - FR - AJ - 2019-05-01 00:00:00 - ERROR - FILE_CHECK - expect_column_values_to_match_regex - CP - Unexpected value: 8300 on line 28, value should match regexp ^[0-9]{5}$
2019-05-24 11:11:15,606 - IMMO - FR - AJ - 2019-05-01 00:00:00 - ERROR - FILE_CHECK - expect_column_values_to_match_regex - CP - Unexpected value: 8000 on line 29, value should match regexp ^[0-9]{5}$
2019-05-24 11:11:15,606 - IMMO - FR - AJ - 2019-05-01 00:00:00 - ERROR - FILE_CHECK - expect_column_values_to_match_regex - CP - Unexpected value: 8000 on line 30, value should match regexp ^[0-9]{5}$
2019-05-24 11:11:15,606 - IMMO - FR - AJ - 2019-05-01 00:00:00 - ERROR - FILE_CHECK - expect_column_values_to_match_regex - CP - Unexpected value: 6530 on line 31, value should match regexp ^[0-9]{5}$
2019-05-24 11:11:15,606 - IMMO - FR - AJ - 2019-05-01 00:00:00 - ERROR - FILE_CHECK - expect_column_values_to_match_regex - CP - Unexpected value: 2000 on line 32, value should match regexp ^[0-9]{5}$
2019-05-24 11:11:15,606 - IMMO - FR - AJ - 2019-05-01 00:00:00 - ERROR - FILE_CHECK - expect_column_values_to_match_regex - CP - Unexpected value: 8200 on line 33, value should match regexp ^[0-9]{5}$
2019-05-24 11:11:15,606 - IMMO - FR - AJ - 2019-05-01 00:00:00 - ERROR - FILE_CHECK - expect_column_values_to_match_regex - CP - Unexpected value: 8200 on line 34, value should match regexp ^[0-9]{5}$
2019-05-24 11:11:15,606 - IMMO - FR - AJ - 2019-05-01 00:00:00 - ERROR - FILE_CHECK - expect_column_values_to_match_regex - CP - Unexpected value: 2200 on line 43, value should match regexp ^[0-9]{5}$
2019-05-24 11:11:15,606 - IMMO - FR - AJ - 2019-05-01 00:00:00 - ERROR - FILE_CHECK - expect_column_values_to_match_regex - CP - Unexpected value: 2120 on line 56, value should match regexp ^[0-9]{5}$
2019-05-24 11:11:15,606 - IMMO - FR - AJ - 2019-05-01 00:00:00 - ERROR - FILE_CHECK - expect_column_values_to_match_regex - CP - Unexpected value: 9300 on line 64, value should match regexp ^[0-9]{5}$
2019-05-24 11:11:15,606 - IMMO - FR - AJ - 2019-05-01 00:00:00 - ERROR - FILE_CHECK - expect_column_values_to_match_regex - CP - Unexpected value: 9300 on line 65, value should match regexp ^[0-9]{5}$
2019-05-24 11:11:15,606 - IMMO - FR - AJ - 2019-05-01 00:00:00 - ERROR - FILE_CHECK - expect_column_values_to_match_regex - CP - Unexpected value: 4330 on line 96, value should match regexp ^[0-9]{5}$
2019-05-24 11:11:15,606 - IMMO - FR - AJ - 2019-05-01 00:00:00 - ERROR - FILE_CHECK - expect_column_values_to_match_regex - CP - Unexpected value: 2130 on line 101, value should match regexp ^[0-9]{5}$
2019-05-24 11:11:15,606 - IMMO - FR - AJ - 2019-05-01 00:00:00 - ERROR - STAT - expect_column_values_to_match_regex - CP - correctly filled rate (%) - 89.31
2019-05-24 11:11:15,607 - IMMO - FR - AJ - 2019-05-01 00:00:00 - ERROR - STAT - expect_column_values_to_not_be_null - DEPARTEMENT - correctly filled rate (%) - 96.89
2019-05-24 11:11:15,607 - IMMO - FR - AJ - 2019-05-01 00:00:00 - ERROR - STAT - expect_returning_row_count - EVERY_COLUMNS - total number of rows - 70429
2019-05-24 11:11:15,607 - IMMO - FR - AJ - 2019-05-01 00:00:00 - ERROR - STAT - expect_column_values_to_not_be_null - ID_CLIENT - correctly filled rate (%) - 98.45
2019-05-24 11:11:15,607 - IMMO - FR - AJ - 2019-05-01 00:00:00 - ERROR - FILE_CHECK - expect_column_values_to_be_unique - ID_CLIENT - Unexpected value: 5.0 on line 210, value should be unique
2019-05-24 11:11:15,607 - IMMO - FR - AJ - 2019-05-01 00:00:00 - ERROR - FILE_CHECK - expect_column_values_to_be_unique - ID_CLIENT - Unexpected value: 6.0 on line 981, value should be unique
2019-05-24 11:11:15,607 - IMMO - FR - AJ - 2019-05-01 00:00:00 - ERROR - FILE_CHECK - expect_column_values_to_be_unique - ID_CLIENT - Unexpected value: 6.0 on line 983, value should be unique
2019-05-24 11:11:15,607 - IMMO - FR - AJ - 2019-05-01 00:00:00 - ERROR - FILE_CHECK - expect_column_values_to_be_unique - ID_CLIENT - Unexpected value: 9.0 on line 1098, value should be unique
2019-05-24 11:11:15,607 - IMMO - FR - AJ - 2019-05-01 00:00:00 - ERROR - FILE_CHECK - expect_column_values_to_be_unique - ID_CLIENT - Unexpected value: 3.0 on line 1100, value should be unique
2019-05-24 11:11:15,607 - IMMO - FR - AJ - 2019-05-01 00:00:00 - ERROR - FILE_CHECK - expect_column_values_to_be_unique - ID_CLIENT - Unexpected value: 6.0 on line 1271, value should be unique
2019-05-24 11:11:15,607 - IMMO - FR - AJ - 2019-05-01 00:00:00 - ERROR - FILE_CHECK - expect_column_values_to_be_unique - ID_CLIENT - Unexpected value: 8.0 on line 1390, value should be unique
2019-05-24 11:11:15,607 - IMMO - FR - AJ - 2019-05-01 00:00:00 - ERROR - FILE_CHECK - expect_column_values_to_be_unique - ID_CLIENT - Unexpected value: 8.0 on line 1392, value should be unique
2019-05-24 11:11:15,607 - IMMO - FR - AJ - 2019-05-01 00:00:00 - ERROR - FILE_CHECK - expect_column_values_to_be_unique - ID_CLIENT - Unexpected value: 5.0 on line 1394, value should be unique
2019-05-24 11:11:15,607 - IMMO - FR - AJ - 2019-05-01 00:00:00 - ERROR - FILE_CHECK - expect_column_values_to_be_unique - ID_CLIENT - Unexpected value: 4.0 on line 1396, value should be unique
2019-05-24 11:11:15,607 - IMMO - FR - AJ - 2019-05-01 00:00:00 - ERROR - FILE_CHECK - expect_column_values_to_be_unique - ID_CLIENT - Unexpected value: 3.0 on line 1398, value should be unique
2019-05-24 11:11:15,607 - IMMO - FR - AJ - 2019-05-01 00:00:00 - ERROR - FILE_CHECK - expect_column_values_to_be_unique - ID_CLIENT - Unexpected value: 3.0 on line 1400, value should be unique
2019-05-24 11:11:15,607 - IMMO - FR - AJ - 2019-05-01 00:00:00 - ERROR - FILE_CHECK - expect_column_values_to_be_unique - ID_CLIENT - Unexpected value: 5.0 on line 1848, value should be unique
2019-05-24 11:11:15,607 - IMMO - FR - AJ - 2019-05-01 00:00:00 - ERROR - FILE_CHECK - expect_column_values_to_be_unique - ID_CLIENT - Unexpected value: 6.0 on line 2051, value should be unique
2019-05-24 11:11:15,607 - IMMO - FR - AJ - 2019-05-01 00:00:00 - ERROR - FILE_CHECK - expect_column_values_to_be_unique - ID_CLIENT - Unexpected value: 6.0 on line 2165, value should be unique
2019-05-24 11:11:15,608 - IMMO - FR - AJ - 2019-05-01 00:00:00 - ERROR - FILE_CHECK - expect_column_values_to_be_unique - ID_CLIENT - Unexpected value: 6.0 on line 2396, value should be unique
2019-05-24 11:11:15,608 - IMMO - FR - AJ - 2019-05-01 00:00:00 - ERROR - FILE_CHECK - expect_column_values_to_be_unique - ID_CLIENT - Unexpected value: 2.0 on line 2548, value should be unique
2019-05-24 11:11:15,608 - IMMO - FR - AJ - 2019-05-01 00:00:00 - ERROR - FILE_CHECK - expect_column_values_to_be_unique - ID_CLIENT - Unexpected value: 0.0 on line 2551, value should be unique
2019-05-24 11:11:15,608 - IMMO - FR - AJ - 2019-05-01 00:00:00 - ERROR - FILE_CHECK - expect_column_values_to_be_unique - ID_CLIENT - Unexpected value: 4.0 on line 2553, value should be unique
2019-05-24 11:11:15,608 - IMMO - FR - AJ - 2019-05-01 00:00:00 - ERROR - FILE_CHECK - expect_column_values_to_be_unique - ID_CLIENT - Unexpected value: 3.0 on line 2609, value should be unique
2019-05-24 11:11:15,608 - IMMO - FR - AJ - 2019-05-01 00:00:00 - ERROR - STAT - expect_column_values_to_be_unique - ID_CLIENT - observed proportion - 98.42
2019-05-24 11:11:15,608 - IMMO - FR - AJ - 2019-05-01 00:00:00 - ERROR - FILE_CHECK - expect_column_values_to_be_of_type - M2 - Wrong type for value: 223.0 on line 0 should be int
2019-05-24 11:11:15,608 - IMMO - FR - AJ - 2019-05-01 00:00:00 - ERROR - FILE_CHECK - expect_column_values_to_be_of_type - M2 - Wrong type for value: 250.0 on line 1 should be int
2019-05-24 11:11:15,608 - IMMO - FR - AJ - 2019-05-01 00:00:00 - ERROR - FILE_CHECK - expect_column_values_to_be_of_type - M2 - Wrong type for value: 68.0 on line 2 should be int
2019-05-24 11:11:15,608 - IMMO - FR - AJ - 2019-05-01 00:00:00 - ERROR - FILE_CHECK - expect_column_values_to_be_of_type - M2 - Wrong type for value: 25.0 on line 3 should be int
2019-05-24 11:11:15,608 - IMMO - FR - AJ - 2019-05-01 00:00:00 - ERROR - FILE_CHECK - expect_column_values_to_be_of_type - M2 - Wrong type for value: 63.0 on line 4 should be int
2019-05-24 11:11:15,608 - IMMO - FR - AJ - 2019-05-01 00:00:00 - ERROR - FILE_CHECK - expect_column_values_to_be_of_type - M2 - Wrong type for value: 90.0 on line 5 should be int
2019-05-24 11:11:15,608 - IMMO - FR - AJ - 2019-05-01 00:00:00 - ERROR - FILE_CHECK - expect_column_values_to_be_of_type - M2 - Wrong type for value: 142.0 on line 6 should be int
2019-05-24 11:11:15,608 - IMMO - FR - AJ - 2019-05-01 00:00:00 - ERROR - FILE_CHECK - expect_column_values_to_be_of_type - M2 - Wrong type for value: 104.0 on line 7 should be int
2019-05-24 11:11:15,608 - IMMO - FR - AJ - 2019-05-01 00:00:00 - ERROR - FILE_CHECK - expect_column_values_to_be_of_type - M2 - Wrong type for value: 159.0 on line 8 should be int
2019-05-24 11:11:15,608 - IMMO - FR - AJ - 2019-05-01 00:00:00 - ERROR - FILE_CHECK - expect_column_values_to_be_of_type - M2 - Wrong type for value: 150.0 on line 9 should be int
2019-05-24 11:11:15,608 - IMMO - FR - AJ - 2019-05-01 00:00:00 - ERROR - FILE_CHECK - expect_column_values_to_be_of_type - M2 - Wrong type for value: 66.0 on line 10 should be int
2019-05-24 11:11:15,608 - IMMO - FR - AJ - 2019-05-01 00:00:00 - ERROR - FILE_CHECK - expect_column_values_to_be_of_type - M2 - Wrong type for value: 65.0 on line 11 should be int
2019-05-24 11:11:15,608 - IMMO - FR - AJ - 2019-05-01 00:00:00 - ERROR - FILE_CHECK - expect_column_values_to_be_of_type - M2 - Wrong type for value: 43.0 on line 12 should be int
2019-05-24 11:11:15,609 - IMMO - FR - AJ - 2019-05-01 00:00:00 - ERROR - FILE_CHECK - expect_column_values_to_be_of_type - M2 - Wrong type for value: 102.0 on line 13 should be int
2019-05-24 11:11:15,609 - IMMO - FR - AJ - 2019-05-01 00:00:00 - ERROR - FILE_CHECK - expect_column_values_to_be_of_type - M2 - Wrong type for value: 83.0 on line 14 should be int
2019-05-24 11:11:15,609 - IMMO - FR - AJ - 2019-05-01 00:00:00 - ERROR - FILE_CHECK - expect_column_values_to_be_of_type - M2 - Wrong type for value: 64.0 on line 15 should be int
2019-05-24 11:11:15,609 - IMMO - FR - AJ - 2019-05-01 00:00:00 - ERROR - FILE_CHECK - expect_column_values_to_be_of_type - M2 - Wrong type for value: 114.0 on line 16 should be int
2019-05-24 11:11:15,609 - IMMO - FR - AJ - 2019-05-01 00:00:00 - ERROR - FILE_CHECK - expect_column_values_to_be_of_type - M2 - Wrong type for value: 112.0 on line 17 should be int
2019-05-24 11:11:15,609 - IMMO - FR - AJ - 2019-05-01 00:00:00 - ERROR - FILE_CHECK - expect_column_values_to_be_of_type - M2 - Wrong type for value: 113.0 on line 18 should be int
2019-05-24 11:11:15,609 - IMMO - FR - AJ - 2019-05-01 00:00:00 - ERROR - FILE_CHECK - expect_column_values_to_be_of_type - M2 - Wrong type for value: 81.0 on line 19 should be int
2019-05-24 11:11:15,609 - IMMO - FR - AJ - 2019-05-01 00:00:00 - ERROR - STAT - expect_column_values_to_be_of_type - M2 - correctly filled rate (%) - 0.0
2019-05-24 11:11:15,609 - IMMO - FR - AJ - 2019-05-01 00:00:00 - ERROR - STAT - expect_column_values_to_not_be_null - M2 - correctly filled rate (%) - 95.45
2019-05-24 11:11:15,609 - IMMO - FR - AJ - 2019-05-01 00:00:00 - ERROR - FILE_CHECK - expect_column_values_to_be_of_type - M2_TOTALE - Wrong type for value: 223.0 on line 0 should be int
2019-05-24 11:11:15,609 - IMMO - FR - AJ - 2019-05-01 00:00:00 - ERROR - FILE_CHECK - expect_column_values_to_be_of_type - M2_TOTALE - Wrong type for value: 250.0 on line 1 should be int
2019-05-24 11:11:15,609 - IMMO - FR - AJ - 2019-05-01 00:00:00 - ERROR - FILE_CHECK - expect_column_values_to_be_of_type - M2_TOTALE - Wrong type for value: 68.0 on line 2 should be int
2019-05-24 11:11:15,609 - IMMO - FR - AJ - 2019-05-01 00:00:00 - ERROR - FILE_CHECK - expect_column_values_to_be_of_type - M2_TOTALE - Wrong type for value: 25.0 on line 3 should be int
2019-05-24 11:11:15,609 - IMMO - FR - AJ - 2019-05-01 00:00:00 - ERROR - FILE_CHECK - expect_column_values_to_be_of_type - M2_TOTALE - Wrong type for value: 63.0 on line 4 should be int
2019-05-24 11:11:15,609 - IMMO - FR - AJ - 2019-05-01 00:00:00 - ERROR - FILE_CHECK - expect_column_values_to_be_of_type - M2_TOTALE - Wrong type for value: 90.0 on line 5 should be int
2019-05-24 11:11:15,609 - IMMO - FR - AJ - 2019-05-01 00:00:00 - ERROR - FILE_CHECK - expect_column_values_to_be_of_type - M2_TOTALE - Wrong type for value: 142.0 on line 6 should be int
2019-05-24 11:11:15,609 - IMMO - FR - AJ - 2019-05-01 00:00:00 - ERROR - FILE_CHECK - expect_column_values_to_be_of_type - M2_TOTALE - Wrong type for value: 104.0 on line 7 should be int
2019-05-24 11:11:15,609 - IMMO - FR - AJ - 2019-05-01 00:00:00 - ERROR - FILE_CHECK - expect_column_values_to_be_of_type - M2_TOTALE - Wrong type for value: 159.0 on line 8 should be int
2019-05-24 11:11:15,609 - IMMO - FR - AJ - 2019-05-01 00:00:00 - ERROR - FILE_CHECK - expect_column_values_to_be_of_type - M2_TOTALE - Wrong type for value: 150.0 on line 9 should be int
2019-05-24 11:11:15,610 - IMMO - FR - AJ - 2019-05-01 00:00:00 - ERROR - FILE_CHECK - expect_column_values_to_be_of_type - M2_TOTALE - Wrong type for value: 66.0 on line 10 should be int
2019-05-24 11:11:15,610 - IMMO - FR - AJ - 2019-05-01 00:00:00 - ERROR - FILE_CHECK - expect_column_values_to_be_of_type - M2_TOTALE - Wrong type for value: 65.0 on line 11 should be int
2019-05-24 11:11:15,610 - IMMO - FR - AJ - 2019-05-01 00:00:00 - ERROR - FILE_CHECK - expect_column_values_to_be_of_type - M2_TOTALE - Wrong type for value: 43.0 on line 12 should be int
2019-05-24 11:11:15,610 - IMMO - FR - AJ - 2019-05-01 00:00:00 - ERROR - FILE_CHECK - expect_column_values_to_be_of_type - M2_TOTALE - Wrong type for value: 102.0 on line 13 should be int
2019-05-24 11:11:15,610 - IMMO - FR - AJ - 2019-05-01 00:00:00 - ERROR - FILE_CHECK - expect_column_values_to_be_of_type - M2_TOTALE - Wrong type for value: 83.0 on line 14 should be int
2019-05-24 11:11:15,610 - IMMO - FR - AJ - 2019-05-01 00:00:00 - ERROR - FILE_CHECK - expect_column_values_to_be_of_type - M2_TOTALE - Wrong type for value: 64.0 on line 15 should be int
2019-05-24 11:11:15,610 - IMMO - FR - AJ - 2019-05-01 00:00:00 - ERROR - FILE_CHECK - expect_column_values_to_be_of_type - M2_TOTALE - Wrong type for value: 114.0 on line 16 should be int
2019-05-24 11:11:15,610 - IMMO - FR - AJ - 2019-05-01 00:00:00 - ERROR - FILE_CHECK - expect_column_values_to_be_of_type - M2_TOTALE - Wrong type for value: 112.0 on line 17 should be int
2019-05-24 11:11:15,610 - IMMO - FR - AJ - 2019-05-01 00:00:00 - ERROR - FILE_CHECK - expect_column_values_to_be_of_type - M2_TOTALE - Wrong type for value: 113.0 on line 18 should be int
2019-05-24 11:11:15,610 - IMMO - FR - AJ - 2019-05-01 00:00:00 - ERROR - FILE_CHECK - expect_column_values_to_be_of_type - M2_TOTALE - Wrong type for value: 81.0 on line 19 should be int
2019-05-24 11:11:15,610 - IMMO - FR - AJ - 2019-05-01 00:00:00 - ERROR - STAT - expect_column_values_to_be_of_type - M2_TOTALE - correctly filled rate (%) - 0.0
2019-05-24 11:11:15,610 - IMMO - FR - AJ - 2019-05-01 00:00:00 - ERROR - STAT - expect_column_values_to_not_be_null - M2_TOTALE - correctly filled rate (%) - 97.36
2019-05-24 11:11:15,610 - IMMO - FR - AJ - 2019-05-01 00:00:00 - ERROR - STAT - expect_column_values_to_not_be_null - MAISON_APT - correctly filled rate (%) - 98.45
2019-05-24 11:11:15,610 - IMMO - FR - AJ - 2019-05-01 00:00:00 - ERROR - STAT - expect_column_values_to_not_be_null - MINI_SITE_ID - correctly filled rate (%) - 0.0
2019-05-24 11:11:15,610 - IMMO - FR - AJ - 2019-05-01 00:00:00 - ERROR - STAT - expect_column_values_to_not_be_null - NOM - correctly filled rate (%) - 96.2
2019-05-24 11:11:15,610 - IMMO - FR - AJ - 2019-05-01 00:00:00 - ERROR - STAT - expect_column_value_lengths_to_be_between - NOM - correctly filled rate (%) - 100.0
2019-05-24 11:11:15,610 - IMMO - FR - AJ - 2019-05-01 00:00:00 - ERROR - STAT - expect_column_values_to_not_be_null - PAYS_AD - correctly filled rate (%) - 0.0
2019-05-24 11:11:15,611 - IMMO - FR - AJ - 2019-05-01 00:00:00 - ERROR - FILE_CHECK - expect_column_values_to_be_of_type - PHOTO - Wrong type for value: 16.0 on line 0 should be int
2019-05-24 11:11:15,611 - IMMO - FR - AJ - 2019-05-01 00:00:00 - ERROR - FILE_CHECK - expect_column_values_to_be_of_type - PHOTO - Wrong type for value: 9.0 on line 1 should be int
2019-05-24 11:11:15,611 - IMMO - FR - AJ - 2019-05-01 00:00:00 - ERROR - FILE_CHECK - expect_column_values_to_be_of_type - PHOTO - Wrong type for value: 11.0 on line 2 should be int
2019-05-24 11:11:15,611 - IMMO - FR - AJ - 2019-05-01 00:00:00 - ERROR - FILE_CHECK - expect_column_values_to_be_of_type - PHOTO - Wrong type for value: 6.0 on line 3 should be int
2019-05-24 11:11:15,611 - IMMO - FR - AJ - 2019-05-01 00:00:00 - ERROR - FILE_CHECK - expect_column_values_to_be_of_type - PHOTO - Wrong type for value: 6.0 on line 4 should be int
2019-05-24 11:11:15,611 - IMMO - FR - AJ - 2019-05-01 00:00:00 - ERROR - FILE_CHECK - expect_column_values_to_be_of_type - PHOTO - Wrong type for value: 20.0 on line 5 should be int
2019-05-24 11:11:15,611 - IMMO - FR - AJ - 2019-05-01 00:00:00 - ERROR - FILE_CHECK - expect_column_values_to_be_of_type - PHOTO - Wrong type for value: 20.0 on line 6 should be int
2019-05-24 11:11:15,611 - IMMO - FR - AJ - 2019-05-01 00:00:00 - ERROR - FILE_CHECK - expect_column_values_to_be_of_type - PHOTO - Wrong type for value: 13.0 on line 7 should be int
2019-05-24 11:11:15,611 - IMMO - FR - AJ - 2019-05-01 00:00:00 - ERROR - FILE_CHECK - expect_column_values_to_be_of_type - PHOTO - Wrong type for value: 9.0 on line 8 should be int
2019-05-24 11:11:15,611 - IMMO - FR - AJ - 2019-05-01 00:00:00 - ERROR - FILE_CHECK - expect_column_values_to_be_of_type - PHOTO - Wrong type for value: 12.0 on line 9 should be int
2019-05-24 11:11:15,611 - IMMO - FR - AJ - 2019-05-01 00:00:00 - ERROR - FILE_CHECK - expect_column_values_to_be_of_type - PHOTO - Wrong type for value: 5.0 on line 10 should be int
2019-05-24 11:11:15,611 - IMMO - FR - AJ - 2019-05-01 00:00:00 - ERROR - FILE_CHECK - expect_column_values_to_be_of_type - PHOTO - Wrong type for value: 8.0 on line 11 should be int
2019-05-24 11:11:15,611 - IMMO - FR - AJ - 2019-05-01 00:00:00 - ERROR - FILE_CHECK - expect_column_values_to_be_of_type - PHOTO - Wrong type for value: 10.0 on line 12 should be int
2019-05-24 11:11:15,611 - IMMO - FR - AJ - 2019-05-01 00:00:00 - ERROR - FILE_CHECK - expect_column_values_to_be_of_type - PHOTO - Wrong type for value: 14.0 on line 13 should be int
2019-05-24 11:11:15,611 - IMMO - FR - AJ - 2019-05-01 00:00:00 - ERROR - FILE_CHECK - expect_column_values_to_be_of_type - PHOTO - Wrong type for value: 9.0 on line 14 should be int
2019-05-24 11:11:15,611 - IMMO - FR - AJ - 2019-05-01 00:00:00 - ERROR - FILE_CHECK - expect_column_values_to_be_of_type - PHOTO - Wrong type for value: 8.0 on line 15 should be int
2019-05-24 11:11:15,611 - IMMO - FR - AJ - 2019-05-01 00:00:00 - ERROR - FILE_CHECK - expect_column_values_to_be_of_type - PHOTO - Wrong type for value: 10.0 on line 16 should be int
2019-05-24 11:11:15,611 - IMMO - FR - AJ - 2019-05-01 00:00:00 - ERROR - FILE_CHECK - expect_column_values_to_be_of_type - PHOTO - Wrong type for value: 10.0 on line 17 should be int
2019-05-24 11:11:15,611 - IMMO - FR - AJ - 2019-05-01 00:00:00 - ERROR - FILE_CHECK - expect_column_values_to_be_of_type - PHOTO - Wrong type for value: 8.0 on line 18 should be int
2019-05-24 11:11:15,612 - IMMO - FR - AJ - 2019-05-01 00:00:00 - ERROR - FILE_CHECK - expect_column_values_to_be_of_type - PHOTO - Wrong type for value: 12.0 on line 19 should be int
2019-05-24 11:11:15,612 - IMMO - FR - AJ - 2019-05-01 00:00:00 - ERROR - STAT - expect_column_values_to_be_of_type - PHOTO - correctly filled rate (%) - 0.0
2019-05-24 11:11:15,612 - IMMO - FR - AJ - 2019-05-01 00:00:00 - ERROR - STAT - expect_column_values_to_not_be_null - PHOTO - correctly filled rate (%) - 98.33
2019-05-24 11:11:15,612 - IMMO - FR - AJ - 2019-05-01 00:00:00 - ERROR - STAT - expect_column_values_to_be_in_type_list - PHOTO - correctly filled rate (%) - 100.0
2019-05-24 11:11:15,612 - IMMO - FR - AJ - 2019-05-01 00:00:00 - ERROR - FILE_CHECK - expect_column_values_to_be_of_type - PIECE - Wrong type for value: 9 on line 0 should be int
2019-05-24 11:11:15,612 - IMMO - FR - AJ - 2019-05-01 00:00:00 - ERROR - FILE_CHECK - expect_column_values_to_be_of_type - PIECE - Wrong type for value: 7 on line 1 should be int
2019-05-24 11:11:15,612 - IMMO - FR - AJ - 2019-05-01 00:00:00 - ERROR - FILE_CHECK - expect_column_values_to_be_of_type - PIECE - Wrong type for value: 3 on line 2 should be int
2019-05-24 11:11:15,612 - IMMO - FR - AJ - 2019-05-01 00:00:00 - ERROR - FILE_CHECK - expect_column_values_to_be_of_type - PIECE - Wrong type for value: 1 on line 3 should be int
2019-05-24 11:11:15,612 - IMMO - FR - AJ - 2019-05-01 00:00:00 - ERROR - FILE_CHECK - expect_column_values_to_be_of_type - PIECE - Wrong type for value: 4 on line 4 should be int
2019-05-24 11:11:15,612 - IMMO - FR - AJ - 2019-05-01 00:00:00 - ERROR - FILE_CHECK - expect_column_values_to_be_of_type - PIECE - Wrong type for value: 5 on line 5 should be int
2019-05-24 11:11:15,612 - IMMO - FR - AJ - 2019-05-01 00:00:00 - ERROR - FILE_CHECK - expect_column_values_to_be_of_type - PIECE - Wrong type for value: 6 on line 6 should be int
2019-05-24 11:11:15,612 - IMMO - FR - AJ - 2019-05-01 00:00:00 - ERROR - FILE_CHECK - expect_column_values_to_be_of_type - PIECE - Wrong type for value: 4 on line 7 should be int
2019-05-24 11:11:15,612 - IMMO - FR - AJ - 2019-05-01 00:00:00 - ERROR - FILE_CHECK - expect_column_values_to_be_of_type - PIECE - Wrong type for value: 6 on line 8 should be int
2019-05-24 11:11:15,612 - IMMO - FR - AJ - 2019-05-01 00:00:00 - ERROR - FILE_CHECK - expect_column_values_to_be_of_type - PIECE - Wrong type for value: 6 on line 9 should be int
2019-05-24 11:11:15,612 - IMMO - FR - AJ - 2019-05-01 00:00:00 - ERROR - FILE_CHECK - expect_column_values_to_be_of_type - PIECE - Wrong type for value: 3 on line 10 should be int
2019-05-24 11:11:15,612 - IMMO - FR - AJ - 2019-05-01 00:00:00 - ERROR - FILE_CHECK - expect_column_values_to_be_of_type - PIECE - Wrong type for value: 2 on line 11 should be int
2019-05-24 11:11:15,612 - IMMO - FR - AJ - 2019-05-01 00:00:00 - ERROR - FILE_CHECK - expect_column_values_to_be_of_type - PIECE - Wrong type for value: 2 on line 12 should be int
2019-05-24 11:11:15,612 - IMMO - FR - AJ - 2019-05-01 00:00:00 - ERROR - FILE_CHECK - expect_column_values_to_be_of_type - PIECE - Wrong type for value: 4 on line 13 should be int
2019-05-24 11:11:15,612 - IMMO - FR - AJ - 2019-05-01 00:00:00 - ERROR - FILE_CHECK - expect_column_values_to_be_of_type - PIECE - Wrong type for value: 3 on line 14 should be int
2019-05-24 11:11:15,613 - IMMO - FR - AJ - 2019-05-01 00:00:00 - ERROR - FILE_CHECK - expect_column_values_to_be_of_type - PIECE - Wrong type for value: 3 on line 15 should be int
2019-05-24 11:11:15,613 - IMMO - FR - AJ - 2019-05-01 00:00:00 - ERROR - FILE_CHECK - expect_column_values_to_be_of_type - PIECE - Wrong type for value: 5 on line 16 should be int
2019-05-24 11:11:15,613 - IMMO - FR - AJ - 2019-05-01 00:00:00 - ERROR - FILE_CHECK - expect_column_values_to_be_of_type - PIECE - Wrong type for value: 5 on line 17 should be int
2019-05-24 11:11:15,613 - IMMO - FR - AJ - 2019-05-01 00:00:00 - ERROR - FILE_CHECK - expect_column_values_to_be_of_type - PIECE - Wrong type for value: 5 on line 18 should be int
2019-05-24 11:11:15,613 - IMMO - FR - AJ - 2019-05-01 00:00:00 - ERROR - FILE_CHECK - expect_column_values_to_be_of_type - PIECE - Wrong type for value: 4 on line 19 should be int
2019-05-24 11:11:15,613 - IMMO - FR - AJ - 2019-05-01 00:00:00 - ERROR - STAT - expect_column_values_to_be_of_type - PIECE - correctly filled rate (%) - 0.0
2019-05-24 11:11:15,613 - IMMO - FR - AJ - 2019-05-01 00:00:00 - ERROR - STAT - expect_column_values_to_not_be_null - PIECE - correctly filled rate (%) - 98.45
2019-05-24 11:11:15,613 - IMMO - FR - AJ - 2019-05-01 00:00:00 - ERROR - FILE_CHECK - expect_column_values_to_be_in_type_list - PIECE - Wrong type for value: 9 on line 0 should be in ['int', 'float']
2019-05-24 11:11:15,613 - IMMO - FR - AJ - 2019-05-01 00:00:00 - ERROR - FILE_CHECK - expect_column_values_to_be_in_type_list - PIECE - Wrong type for value: 7 on line 1 should be in ['int', 'float']
2019-05-24 11:11:15,613 - IMMO - FR - AJ - 2019-05-01 00:00:00 - ERROR - FILE_CHECK - expect_column_values_to_be_in_type_list - PIECE - Wrong type for value: 3 on line 2 should be in ['int', 'float']
2019-05-24 11:11:15,613 - IMMO - FR - AJ - 2019-05-01 00:00:00 - ERROR - FILE_CHECK - expect_column_values_to_be_in_type_list - PIECE - Wrong type for value: 1 on line 3 should be in ['int', 'float']
2019-05-24 11:11:15,613 - IMMO - FR - AJ - 2019-05-01 00:00:00 - ERROR - FILE_CHECK - expect_column_values_to_be_in_type_list - PIECE - Wrong type for value: 4 on line 4 should be in ['int', 'float']
2019-05-24 11:11:15,613 - IMMO - FR - AJ - 2019-05-01 00:00:00 - ERROR - FILE_CHECK - expect_column_values_to_be_in_type_list - PIECE - Wrong type for value: 5 on line 5 should be in ['int', 'float']
2019-05-24 11:11:15,613 - IMMO - FR - AJ - 2019-05-01 00:00:00 - ERROR - FILE_CHECK - expect_column_values_to_be_in_type_list - PIECE - Wrong type for value: 6 on line 6 should be in ['int', 'float']
2019-05-24 11:11:15,613 - IMMO - FR - AJ - 2019-05-01 00:00:00 - ERROR - FILE_CHECK - expect_column_values_to_be_in_type_list - PIECE - Wrong type for value: 4 on line 7 should be in ['int', 'float']
2019-05-24 11:11:15,613 - IMMO - FR - AJ - 2019-05-01 00:00:00 - ERROR - FILE_CHECK - expect_column_values_to_be_in_type_list - PIECE - Wrong type for value: 6 on line 8 should be in ['int', 'float']
2019-05-24 11:11:15,613 - IMMO - FR - AJ - 2019-05-01 00:00:00 - ERROR - FILE_CHECK - expect_column_values_to_be_in_type_list - PIECE - Wrong type for value: 6 on line 9 should be in ['int', 'float']
2019-05-24 11:11:15,613 - IMMO - FR - AJ - 2019-05-01 00:00:00 - ERROR - FILE_CHECK - expect_column_values_to_be_in_type_list - PIECE - Wrong type for value: 3 on line 10 should be in ['int', 'float']
2019-05-24 11:11:15,614 - IMMO - FR - AJ - 2019-05-01 00:00:00 - ERROR - FILE_CHECK - expect_column_values_to_be_in_type_list - PIECE - Wrong type for value: 2 on line 11 should be in ['int', 'float']
2019-05-24 11:11:15,614 - IMMO - FR - AJ - 2019-05-01 00:00:00 - ERROR - FILE_CHECK - expect_column_values_to_be_in_type_list - PIECE - Wrong type for value: 2 on line 12 should be in ['int', 'float']
2019-05-24 11:11:15,614 - IMMO - FR - AJ - 2019-05-01 00:00:00 - ERROR - FILE_CHECK - expect_column_values_to_be_in_type_list - PIECE - Wrong type for value: 4 on line 13 should be in ['int', 'float']
2019-05-24 11:11:15,614 - IMMO - FR - AJ - 2019-05-01 00:00:00 - ERROR - FILE_CHECK - expect_column_values_to_be_in_type_list - PIECE - Wrong type for value: 3 on line 14 should be in ['int', 'float']
2019-05-24 11:11:15,614 - IMMO - FR - AJ - 2019-05-01 00:00:00 - ERROR - FILE_CHECK - expect_column_values_to_be_in_type_list - PIECE - Wrong type for value: 3 on line 15 should be in ['int', 'float']
2019-05-24 11:11:15,614 - IMMO - FR - AJ - 2019-05-01 00:00:00 - ERROR - FILE_CHECK - expect_column_values_to_be_in_type_list - PIECE - Wrong type for value: 5 on line 16 should be in ['int', 'float']
2019-05-24 11:11:15,614 - IMMO - FR - AJ - 2019-05-01 00:00:00 - ERROR - FILE_CHECK - expect_column_values_to_be_in_type_list - PIECE - Wrong type for value: 5 on line 17 should be in ['int', 'float']
2019-05-24 11:11:15,614 - IMMO - FR - AJ - 2019-05-01 00:00:00 - ERROR - FILE_CHECK - expect_column_values_to_be_in_type_list - PIECE - Wrong type for value: 5 on line 18 should be in ['int', 'float']
2019-05-24 11:11:15,614 - IMMO - FR - AJ - 2019-05-01 00:00:00 - ERROR - FILE_CHECK - expect_column_values_to_be_in_type_list - PIECE - Wrong type for value: 4 on line 19 should be in ['int', 'float']
2019-05-24 11:11:15,614 - IMMO - FR - AJ - 2019-05-01 00:00:00 - ERROR - STAT - expect_column_values_to_be_in_type_list - PIECE - correctly filled rate (%) - 0.0
2019-05-24 11:11:15,614 - IMMO - FR - AJ - 2019-05-01 00:00:00 - ERROR - FILE_CHECK - expect_column_values_to_be_of_type - PRIX - Wrong type for value: 884000.0 on line 0 should be int
2019-05-24 11:11:15,614 - IMMO - FR - AJ - 2019-05-01 00:00:00 - ERROR - FILE_CHECK - expect_column_values_to_be_of_type - PRIX - Wrong type for value: 795000.0 on line 1 should be int
2019-05-24 11:11:15,614 - IMMO - FR - AJ - 2019-05-01 00:00:00 - ERROR - FILE_CHECK - expect_column_values_to_be_of_type - PRIX - Wrong type for value: 1555.0 on line 2 should be int
2019-05-24 11:11:15,614 - IMMO - FR - AJ - 2019-05-01 00:00:00 - ERROR - FILE_CHECK - expect_column_values_to_be_of_type - PRIX - Wrong type for value: 130000.0 on line 3 should be int
2019-05-24 11:11:15,614 - IMMO - FR - AJ - 2019-05-01 00:00:00 - ERROR - FILE_CHECK - expect_column_values_to_be_of_type - PRIX - Wrong type for value: 157500.0 on line 4 should be int
2019-05-24 11:11:15,614 - IMMO - FR - AJ - 2019-05-01 00:00:00 - ERROR - FILE_CHECK - expect_column_values_to_be_of_type - PRIX - Wrong type for value: 98000.0 on line 5 should be int
2019-05-24 11:11:15,614 - IMMO - FR - AJ - 2019-05-01 00:00:00 - ERROR - FILE_CHECK - expect_column_values_to_be_of_type - PRIX - Wrong type for value: 82000.0 on line 6 should be int
2019-05-24 11:11:15,614 - IMMO - FR - AJ - 2019-05-01 00:00:00 - ERROR - FILE_CHECK - expect_column_values_to_be_of_type - PRIX - Wrong type for value: 620000.0 on line 7 should be int
2019-05-24 11:11:15,615 - IMMO - FR - AJ - 2019-05-01 00:00:00 - ERROR - FILE_CHECK - expect_column_values_to_be_of_type - PRIX - Wrong type for value: 271000.0 on line 8 should be int
2019-05-24 11:11:15,615 - IMMO - FR - AJ - 2019-05-01 00:00:00 - ERROR - FILE_CHECK - expect_column_values_to_be_of_type - PRIX - Wrong type for value: 285000.0 on line 9 should be int
2019-05-24 11:11:15,615 - IMMO - FR - AJ - 2019-05-01 00:00:00 - ERROR - FILE_CHECK - expect_column_values_to_be_of_type - PRIX - Wrong type for value: 580.0 on line 10 should be int
2019-05-24 11:11:15,615 - IMMO - FR - AJ - 2019-05-01 00:00:00 - ERROR - FILE_CHECK - expect_column_values_to_be_of_type - PRIX - Wrong type for value: 75000.0 on line 11 should be int
2019-05-24 11:11:15,615 - IMMO - FR - AJ - 2019-05-01 00:00:00 - ERROR - FILE_CHECK - expect_column_values_to_be_of_type - PRIX - Wrong type for value: 498.0 on line 12 should be int
2019-05-24 11:11:15,615 - IMMO - FR - AJ - 2019-05-01 00:00:00 - ERROR - FILE_CHECK - expect_column_values_to_be_of_type - PRIX - Wrong type for value: 650.0 on line 13 should be int
2019-05-24 11:11:15,615 - IMMO - FR - AJ - 2019-05-01 00:00:00 - ERROR - FILE_CHECK - expect_column_values_to_be_of_type - PRIX - Wrong type for value: 180000.0 on line 14 should be int
2019-05-24 11:11:15,615 - IMMO - FR - AJ - 2019-05-01 00:00:00 - ERROR - FILE_CHECK - expect_column_values_to_be_of_type - PRIX - Wrong type for value: 93000.0 on line 15 should be int
2019-05-24 11:11:15,615 - IMMO - FR - AJ - 2019-05-01 00:00:00 - ERROR - FILE_CHECK - expect_column_values_to_be_of_type - PRIX - Wrong type for value: 199900.0 on line 16 should be int
2019-05-24 11:11:15,615 - IMMO - FR - AJ - 2019-05-01 00:00:00 - ERROR - FILE_CHECK - expect_column_values_to_be_of_type - PRIX - Wrong type for value: 239000.0 on line 17 should be int
2019-05-24 11:11:15,615 - IMMO - FR - AJ - 2019-05-01 00:00:00 - ERROR - FILE_CHECK - expect_column_values_to_be_of_type - PRIX - Wrong type for value: 269025.0 on line 18 should be int
2019-05-24 11:11:15,615 - IMMO - FR - AJ - 2019-05-01 00:00:00 - ERROR - FILE_CHECK - expect_column_values_to_be_of_type - PRIX - Wrong type for value: 186500.0 on line 19 should be int
2019-05-24 11:11:15,615 - IMMO - FR - AJ - 2019-05-01 00:00:00 - ERROR - STAT - expect_column_values_to_be_of_type - PRIX - correctly filled rate (%) - 0.0
2019-05-24 11:11:15,615 - IMMO - FR - AJ - 2019-05-01 00:00:00 - ERROR - STAT - expect_column_values_to_not_be_null - PRIX - correctly filled rate (%) - 97.59
2019-05-24 11:11:15,615 - IMMO - FR - AJ - 2019-05-01 00:00:00 - ERROR - STAT - expect_column_values_to_not_be_null - PRO_IND - correctly filled rate (%) - 98.45
2019-05-24 11:11:15,615 - IMMO - FR - AJ - 2019-05-01 00:00:00 - ERROR - STAT - expect_column_values_to_be_in_set - PRO_IND - correctly filled rate (%) - 98.42
2019-05-24 11:11:15,615 - IMMO - FR - AJ - 2019-05-01 00:00:00 - ERROR - STAT - expect_column_values_to_not_be_null - REGION - correctly filled rate (%) - 0.0
2019-05-24 11:11:15,615 - IMMO - FR - AJ - 2019-05-01 00:00:00 - ERROR - STAT - expect_column_values_to_not_be_null - SELLER_TYPE - correctly filled rate (%) - 0.0
2019-05-24 11:11:15,615 - IMMO - FR - AJ - 2019-05-01 00:00:00 - ERROR - FILE_CHECK - expect_column_values_to_be_of_type - SURFACE_TERRAIN - Wrong type for value: 0.0 on line 0 should be int
2019-05-24 11:11:15,616 - IMMO - FR - AJ - 2019-05-01 00:00:00 - ERROR - FILE_CHECK - expect_column_values_to_be_of_type - SURFACE_TERRAIN - Wrong type for value: 4210.0 on line 1 should be int
2019-05-24 11:11:15,616 - IMMO - FR - AJ - 2019-05-01 00:00:00 - ERROR - FILE_CHECK - expect_column_values_to_be_of_type - SURFACE_TERRAIN - Wrong type for value: 0.0 on line 2 should be int
2019-05-24 11:11:15,616 - IMMO - FR - AJ - 2019-05-01 00:00:00 - ERROR - FILE_CHECK - expect_column_values_to_be_of_type - SURFACE_TERRAIN - Wrong type for value: 0.0 on line 3 should be int
2019-05-24 11:11:15,616 - IMMO - FR - AJ - 2019-05-01 00:00:00 - ERROR - FILE_CHECK - expect_column_values_to_be_of_type - SURFACE_TERRAIN - Wrong type for value: 582.0 on line 4 should be int
2019-05-24 11:11:15,616 - IMMO - FR - AJ - 2019-05-01 00:00:00 - ERROR - FILE_CHECK - expect_column_values_to_be_of_type - SURFACE_TERRAIN - Wrong type for value: 2888.0 on line 5 should be int
2019-05-24 11:11:15,616 - IMMO - FR - AJ - 2019-05-01 00:00:00 - ERROR - FILE_CHECK - expect_column_values_to_be_of_type - SURFACE_TERRAIN - Wrong type for value: 0.0 on line 6 should be int
2019-05-24 11:11:15,616 - IMMO - FR - AJ - 2019-05-01 00:00:00 - ERROR - FILE_CHECK - expect_column_values_to_be_of_type - SURFACE_TERRAIN - Wrong type for value: 0.0 on line 7 should be int
2019-05-24 11:11:15,616 - IMMO - FR - AJ - 2019-05-01 00:00:00 - ERROR - FILE_CHECK - expect_column_values_to_be_of_type - SURFACE_TERRAIN - Wrong type for value: 801.0 on line 8 should be int
2019-05-24 11:11:15,616 - IMMO - FR - AJ - 2019-05-01 00:00:00 - ERROR - FILE_CHECK - expect_column_values_to_be_of_type - SURFACE_TERRAIN - Wrong type for value: 712.0 on line 9 should be int
2019-05-24 11:11:15,616 - IMMO - FR - AJ - 2019-05-01 00:00:00 - ERROR - FILE_CHECK - expect_column_values_to_be_of_type - SURFACE_TERRAIN - Wrong type for value: 0.0 on line 10 should be int
2019-05-24 11:11:15,616 - IMMO - FR - AJ - 2019-05-01 00:00:00 - ERROR - FILE_CHECK - expect_column_values_to_be_of_type - SURFACE_TERRAIN - Wrong type for value: 0.0 on line 11 should be int
2019-05-24 11:11:15,616 - IMMO - FR - AJ - 2019-05-01 00:00:00 - ERROR - FILE_CHECK - expect_column_values_to_be_of_type - SURFACE_TERRAIN - Wrong type for value: 0.0 on line 12 should be int
2019-05-24 11:11:15,616 - IMMO - FR - AJ - 2019-05-01 00:00:00 - ERROR - FILE_CHECK - expect_column_values_to_be_of_type - SURFACE_TERRAIN - Wrong type for value: 302.0 on line 13 should be int
2019-05-24 11:11:15,616 - IMMO - FR - AJ - 2019-05-01 00:00:00 - ERROR - FILE_CHECK - expect_column_values_to_be_of_type - SURFACE_TERRAIN - Wrong type for value: 0.0 on line 14 should be int
2019-05-24 11:11:15,616 - IMMO - FR - AJ - 2019-05-01 00:00:00 - ERROR - FILE_CHECK - expect_column_values_to_be_of_type - SURFACE_TERRAIN - Wrong type for value: 107.0 on line 15 should be int
2019-05-24 11:11:15,616 - IMMO - FR - AJ - 2019-05-01 00:00:00 - ERROR - FILE_CHECK - expect_column_values_to_be_of_type - SURFACE_TERRAIN - Wrong type for value: 1806.0 on line 16 should be int
2019-05-24 11:11:15,616 - IMMO - FR - AJ - 2019-05-01 00:00:00 - ERROR - FILE_CHECK - expect_column_values_to_be_of_type - SURFACE_TERRAIN - Wrong type for value: 1225.0 on line 17 should be int
2019-05-24 11:11:15,616 - IMMO - FR - AJ - 2019-05-01 00:00:00 - ERROR - FILE_CHECK - expect_column_values_to_be_of_type - SURFACE_TERRAIN - Wrong type for value: 1196.0 on line 18 should be int
2019-05-24 11:11:15,617 - IMMO - FR - AJ - 2019-05-01 00:00:00 - ERROR - FILE_CHECK - expect_column_values_to_be_of_type - SURFACE_TERRAIN - Wrong type for value: 687.0 on line 19 should be int
2019-05-24 11:11:15,617 - IMMO - FR - AJ - 2019-05-01 00:00:00 - ERROR - STAT - expect_column_values_to_be_of_type - SURFACE_TERRAIN - correctly filled rate (%) - 0.0
2019-05-24 11:11:15,617 - IMMO - FR - AJ - 2019-05-01 00:00:00 - ERROR - STAT - expect_column_values_to_match_regex - VILLE - correctly filled rate (%) - 100.0
2019-05-24 11:11:15,617 - IMMO - FR - AJ - 2019-05-01 00:00:00 - ERROR - STAT - expect_column_values_to_not_be_null - VILLE - correctly filled rate (%) - 96.89
2019-05-24 11:11:15,617 - IMMO - FR - AJ - 2019-05-01 00:00:00 - ERROR - STAT - expect_returning_row_unique_count - VILLE - total number of unique rows - 9500
2019-05-24 11:11:15,617 - IMMO - FR - AJ - 2019-05-01 00:00:00 - ERROR - STAT - expect_returning_row_count_on_conditions - PRIVATE_LISTINGS - total number of row with conditions - 0
2019-05-24 11:11:15,617 - IMMO - FR - AJ - 2019-05-01 00:00:00 - ERROR - STAT - expect_returning_row_count_on_conditions - DEALER_LISTINGS - total number of row with conditions - 0
