2019-08-30 13:54:05,368 - CAMION - NL - VIAMOBILIS - 2019-08-01 00:00:00 - ERROR - STAT - expect_column_values_to_not_be_null - ADRESSE - correctly filled rate (%) - 100.0
2019-08-30 13:54:05,368 - CAMION - NL - VIAMOBILIS - 2019-08-01 00:00:00 - ERROR - STAT - expect_column_values_to_be_in_type_list - ANNEE - correctly filled rate (%) - 100.0
2019-08-30 13:54:05,368 - CAMION - NL - VIAMOBILIS - 2019-08-01 00:00:00 - ERROR - FILE_CHECK - expect_column_values_to_be_between - ANNEE - Unexpected value: 0 on line 0, value should be between 1980 and 2019
2019-08-30 13:54:05,368 - CAMION - NL - VIAMOBILIS - 2019-08-01 00:00:00 - ERROR - FILE_CHECK - expect_column_values_to_be_between - ANNEE - Unexpected value: 0 on line 2, value should be between 1980 and 2019
2019-08-30 13:54:05,368 - CAMION - NL - VIAMOBILIS - 2019-08-01 00:00:00 - ERROR - FILE_CHECK - expect_column_values_to_be_between - ANNEE - Unexpected value: 1926 on line 16, value should be between 1980 and 2019
2019-08-30 13:54:05,368 - CAMION - NL - VIAMOBILIS - 2019-08-01 00:00:00 - ERROR - FILE_CHECK - expect_column_values_to_be_between - ANNEE - Unexpected value: 1951 on line 17, value should be between 1980 and 2019
2019-08-30 13:54:05,368 - CAMION - NL - VIAMOBILIS - 2019-08-01 00:00:00 - ERROR - FILE_CHECK - expect_column_values_to_be_between - ANNEE - Unexpected value: 0 on line 57, value should be between 1980 and 2019
2019-08-30 13:54:05,368 - CAMION - NL - VIAMOBILIS - 2019-08-01 00:00:00 - ERROR - FILE_CHECK - expect_column_values_to_be_between - ANNEE - Unexpected value: 0 on line 60, value should be between 1980 and 2019
2019-08-30 13:54:05,368 - CAMION - NL - VIAMOBILIS - 2019-08-01 00:00:00 - ERROR - FILE_CHECK - expect_column_values_to_be_between - ANNEE - Unexpected value: 0 on line 70, value should be between 1980 and 2019
2019-08-30 13:54:05,368 - CAMION - NL - VIAMOBILIS - 2019-08-01 00:00:00 - ERROR - FILE_CHECK - expect_column_values_to_be_between - ANNEE - Unexpected value: 0 on line 94, value should be between 1980 and 2019
2019-08-30 13:54:05,368 - CAMION - NL - VIAMOBILIS - 2019-08-01 00:00:00 - ERROR - FILE_CHECK - expect_column_values_to_be_between - ANNEE - Unexpected value: 0 on line 101, value should be between 1980 and 2019
2019-08-30 13:54:05,369 - CAMION - NL - VIAMOBILIS - 2019-08-01 00:00:00 - ERROR - FILE_CHECK - expect_column_values_to_be_between - ANNEE - Unexpected value: 0 on line 105, value should be between 1980 and 2019
2019-08-30 13:54:05,369 - CAMION - NL - VIAMOBILIS - 2019-08-01 00:00:00 - ERROR - FILE_CHECK - expect_column_values_to_be_between - ANNEE - Unexpected value: 0 on line 118, value should be between 1980 and 2019
2019-08-30 13:54:05,369 - CAMION - NL - VIAMOBILIS - 2019-08-01 00:00:00 - ERROR - FILE_CHECK - expect_column_values_to_be_between - ANNEE - Unexpected value: 0 on line 127, value should be between 1980 and 2019
2019-08-30 13:54:05,369 - CAMION - NL - VIAMOBILIS - 2019-08-01 00:00:00 - ERROR - FILE_CHECK - expect_column_values_to_be_between - ANNEE - Unexpected value: 0 on line 128, value should be between 1980 and 2019
2019-08-30 13:54:05,369 - CAMION - NL - VIAMOBILIS - 2019-08-01 00:00:00 - ERROR - FILE_CHECK - expect_column_values_to_be_between - ANNEE - Unexpected value: 0 on line 133, value should be between 1980 and 2019
2019-08-30 13:54:05,369 - CAMION - NL - VIAMOBILIS - 2019-08-01 00:00:00 - ERROR - FILE_CHECK - expect_column_values_to_be_between - ANNEE - Unexpected value: 0 on line 134, value should be between 1980 and 2019
2019-08-30 13:54:05,369 - CAMION - NL - VIAMOBILIS - 2019-08-01 00:00:00 - ERROR - FILE_CHECK - expect_column_values_to_be_between - ANNEE - Unexpected value: 0 on line 135, value should be between 1980 and 2019
2019-08-30 13:54:05,369 - CAMION - NL - VIAMOBILIS - 2019-08-01 00:00:00 - ERROR - FILE_CHECK - expect_column_values_to_be_between - ANNEE - Unexpected value: 0 on line 136, value should be between 1980 and 2019
2019-08-30 13:54:05,369 - CAMION - NL - VIAMOBILIS - 2019-08-01 00:00:00 - ERROR - FILE_CHECK - expect_column_values_to_be_between - ANNEE - Unexpected value: 0 on line 137, value should be between 1980 and 2019
2019-08-30 13:54:05,369 - CAMION - NL - VIAMOBILIS - 2019-08-01 00:00:00 - ERROR - FILE_CHECK - expect_column_values_to_be_between - ANNEE - Unexpected value: 0 on line 138, value should be between 1980 and 2019
2019-08-30 13:54:05,369 - CAMION - NL - VIAMOBILIS - 2019-08-01 00:00:00 - ERROR - FILE_CHECK - expect_column_values_to_be_between - ANNEE - Unexpected value: 0 on line 139, value should be between 1980 and 2019
2019-08-30 13:54:05,369 - CAMION - NL - VIAMOBILIS - 2019-08-01 00:00:00 - ERROR - STAT - expect_column_values_to_be_between - ANNEE - correctly filled rate (%) - 88.49
2019-08-30 13:54:05,369 - CAMION - NL - VIAMOBILIS - 2019-08-01 00:00:00 - ERROR - STAT - expect_column_values_to_not_be_null - ANNEE - correctly filled rate (%) - 100.0
2019-08-30 13:54:05,369 - CAMION - NL - VIAMOBILIS - 2019-08-01 00:00:00 - ERROR - FILE_CHECK - expect_column_values_to_match_regex - ANNEE - Unexpected value: 0 on line 0, value should match regexp ^[0-9]{4}$
2019-08-30 13:54:05,369 - CAMION - NL - VIAMOBILIS - 2019-08-01 00:00:00 - ERROR - FILE_CHECK - expect_column_values_to_match_regex - ANNEE - Unexpected value: 0 on line 2, value should match regexp ^[0-9]{4}$
2019-08-30 13:54:05,369 - CAMION - NL - VIAMOBILIS - 2019-08-01 00:00:00 - ERROR - FILE_CHECK - expect_column_values_to_match_regex - ANNEE - Unexpected value: 0 on line 57, value should match regexp ^[0-9]{4}$
2019-08-30 13:54:05,369 - CAMION - NL - VIAMOBILIS - 2019-08-01 00:00:00 - ERROR - FILE_CHECK - expect_column_values_to_match_regex - ANNEE - Unexpected value: 0 on line 60, value should match regexp ^[0-9]{4}$
2019-08-30 13:54:05,370 - CAMION - NL - VIAMOBILIS - 2019-08-01 00:00:00 - ERROR - FILE_CHECK - expect_column_values_to_match_regex - ANNEE - Unexpected value: 0 on line 70, value should match regexp ^[0-9]{4}$
2019-08-30 13:54:05,370 - CAMION - NL - VIAMOBILIS - 2019-08-01 00:00:00 - ERROR - FILE_CHECK - expect_column_values_to_match_regex - ANNEE - Unexpected value: 0 on line 94, value should match regexp ^[0-9]{4}$
2019-08-30 13:54:05,370 - CAMION - NL - VIAMOBILIS - 2019-08-01 00:00:00 - ERROR - FILE_CHECK - expect_column_values_to_match_regex - ANNEE - Unexpected value: 0 on line 101, value should match regexp ^[0-9]{4}$
2019-08-30 13:54:05,370 - CAMION - NL - VIAMOBILIS - 2019-08-01 00:00:00 - ERROR - FILE_CHECK - expect_column_values_to_match_regex - ANNEE - Unexpected value: 0 on line 105, value should match regexp ^[0-9]{4}$
2019-08-30 13:54:05,370 - CAMION - NL - VIAMOBILIS - 2019-08-01 00:00:00 - ERROR - FILE_CHECK - expect_column_values_to_match_regex - ANNEE - Unexpected value: 0 on line 118, value should match regexp ^[0-9]{4}$
2019-08-30 13:54:05,370 - CAMION - NL - VIAMOBILIS - 2019-08-01 00:00:00 - ERROR - FILE_CHECK - expect_column_values_to_match_regex - ANNEE - Unexpected value: 0 on line 127, value should match regexp ^[0-9]{4}$
2019-08-30 13:54:05,370 - CAMION - NL - VIAMOBILIS - 2019-08-01 00:00:00 - ERROR - FILE_CHECK - expect_column_values_to_match_regex - ANNEE - Unexpected value: 0 on line 128, value should match regexp ^[0-9]{4}$
2019-08-30 13:54:05,370 - CAMION - NL - VIAMOBILIS - 2019-08-01 00:00:00 - ERROR - FILE_CHECK - expect_column_values_to_match_regex - ANNEE - Unexpected value: 0 on line 133, value should match regexp ^[0-9]{4}$
2019-08-30 13:54:05,370 - CAMION - NL - VIAMOBILIS - 2019-08-01 00:00:00 - ERROR - FILE_CHECK - expect_column_values_to_match_regex - ANNEE - Unexpected value: 0 on line 134, value should match regexp ^[0-9]{4}$
2019-08-30 13:54:05,370 - CAMION - NL - VIAMOBILIS - 2019-08-01 00:00:00 - ERROR - FILE_CHECK - expect_column_values_to_match_regex - ANNEE - Unexpected value: 0 on line 135, value should match regexp ^[0-9]{4}$
2019-08-30 13:54:05,370 - CAMION - NL - VIAMOBILIS - 2019-08-01 00:00:00 - ERROR - FILE_CHECK - expect_column_values_to_match_regex - ANNEE - Unexpected value: 0 on line 136, value should match regexp ^[0-9]{4}$
2019-08-30 13:54:05,370 - CAMION - NL - VIAMOBILIS - 2019-08-01 00:00:00 - ERROR - FILE_CHECK - expect_column_values_to_match_regex - ANNEE - Unexpected value: 0 on line 137, value should match regexp ^[0-9]{4}$
2019-08-30 13:54:05,371 - CAMION - NL - VIAMOBILIS - 2019-08-01 00:00:00 - ERROR - FILE_CHECK - expect_column_values_to_match_regex - ANNEE - Unexpected value: 0 on line 138, value should match regexp ^[0-9]{4}$
2019-08-30 13:54:05,371 - CAMION - NL - VIAMOBILIS - 2019-08-01 00:00:00 - ERROR - FILE_CHECK - expect_column_values_to_match_regex - ANNEE - Unexpected value: 0 on line 139, value should match regexp ^[0-9]{4}$
2019-08-30 13:54:05,371 - CAMION - NL - VIAMOBILIS - 2019-08-01 00:00:00 - ERROR - FILE_CHECK - expect_column_values_to_match_regex - ANNEE - Unexpected value: 0 on line 161, value should match regexp ^[0-9]{4}$
2019-08-30 13:54:05,371 - CAMION - NL - VIAMOBILIS - 2019-08-01 00:00:00 - ERROR - FILE_CHECK - expect_column_values_to_match_regex - ANNEE - Unexpected value: 0 on line 165, value should match regexp ^[0-9]{4}$
2019-08-30 13:54:05,371 - CAMION - NL - VIAMOBILIS - 2019-08-01 00:00:00 - ERROR - STAT - expect_column_values_to_match_regex - ANNEE - correctly filled rate (%) - 89.4
2019-08-30 13:54:05,371 - CAMION - NL - VIAMOBILIS - 2019-08-01 00:00:00 - ERROR - STAT - expect_column_values_to_not_be_null - ANNONCE_LINK - correctly filled rate (%) - 100.0
2019-08-30 13:54:05,371 - CAMION - NL - VIAMOBILIS - 2019-08-01 00:00:00 - ERROR - STAT - expect_column_values_to_be_unique - ANNONCE_LINK - observed proportion - 100.0
2019-08-30 13:54:05,371 - CAMION - NL - VIAMOBILIS - 2019-08-01 00:00:00 - ERROR - STAT - expect_column_values_to_not_be_null - CARBURANT - correctly filled rate (%) - 63.37
2019-08-30 13:54:05,371 - CAMION - NL - VIAMOBILIS - 2019-08-01 00:00:00 - ERROR - STAT - expect_column_values_to_not_be_null - CARROSSERIE - correctly filled rate (%) - 91.56
2019-08-30 13:54:05,371 - CAMION - NL - VIAMOBILIS - 2019-08-01 00:00:00 - ERROR - STAT - expect_column_values_to_not_be_null - CP - correctly filled rate (%) - 100.0
2019-08-30 13:54:05,371 - CAMION - NL - VIAMOBILIS - 2019-08-01 00:00:00 - ERROR - STAT - expect_column_values_to_match_regex - CP - correctly filled rate (%) - 99.95
2019-08-30 13:54:05,372 - CAMION - NL - VIAMOBILIS - 2019-08-01 00:00:00 - ERROR - STAT - expect_column_values_to_not_be_null - GARAGE_ID - correctly filled rate (%) - 0.0
2019-08-30 13:54:05,372 - CAMION - NL - VIAMOBILIS - 2019-08-01 00:00:00 - ERROR - STAT - expect_column_values_to_not_be_null - ID_CLIENT - correctly filled rate (%) - 100.0
2019-08-30 13:54:05,372 - CAMION - NL - VIAMOBILIS - 2019-08-01 00:00:00 - ERROR - STAT - expect_column_values_to_be_unique - ID_CLIENT - observed proportion - 100.0
2019-08-30 13:54:05,372 - CAMION - NL - VIAMOBILIS - 2019-08-01 00:00:00 - ERROR - STAT - expect_returning_row_count - EVERY_COLUMNS - total number of rows - 12581
2019-08-30 13:54:05,372 - CAMION - NL - VIAMOBILIS - 2019-08-01 00:00:00 - ERROR - STAT - expect_column_values_to_not_be_null - IMMAT - correctly filled rate (%) - 100.0
2019-08-30 13:54:05,372 - CAMION - NL - VIAMOBILIS - 2019-08-01 00:00:00 - ERROR - STAT - expect_column_values_to_be_in_type_list - KM - correctly filled rate (%) - 100.0
2019-08-30 13:54:05,372 - CAMION - NL - VIAMOBILIS - 2019-08-01 00:00:00 - ERROR - STAT - expect_column_values_to_not_be_null - KM - correctly filled rate (%) - 100.0
2019-08-30 13:54:05,372 - CAMION - NL - VIAMOBILIS - 2019-08-01 00:00:00 - ERROR - STAT - expect_column_values_to_be_in_type_list - LITRE - correctly filled rate (%) - 100.0
2019-08-30 13:54:05,372 - CAMION - NL - VIAMOBILIS - 2019-08-01 00:00:00 - ERROR - STAT - expect_column_values_to_not_be_null - LITRE - correctly filled rate (%) - 100.0
2019-08-30 13:54:05,373 - CAMION - NL - VIAMOBILIS - 2019-08-01 00:00:00 - ERROR - STAT - expect_column_values_to_not_be_null - MARQUE - correctly filled rate (%) - 93.33
2019-08-30 13:54:05,373 - CAMION - NL - VIAMOBILIS - 2019-08-01 00:00:00 - ERROR - STAT - expect_column_values_to_not_be_null - MODELE - correctly filled rate (%) - 40.31
2019-08-30 13:54:05,373 - CAMION - NL - VIAMOBILIS - 2019-08-01 00:00:00 - ERROR - STAT - expect_column_values_to_not_be_null - NOM - correctly filled rate (%) - 100.0
2019-08-30 13:54:05,373 - CAMION - NL - VIAMOBILIS - 2019-08-01 00:00:00 - ERROR - STAT - expect_column_value_lengths_to_be_between - NOM - correctly filled rate (%) - 100.0
2019-08-30 13:54:05,373 - CAMION - NL - VIAMOBILIS - 2019-08-01 00:00:00 - ERROR - STAT - expect_column_values_to_not_be_null - OPTIONS - correctly filled rate (%) - 0.0
2019-08-30 13:54:05,373 - CAMION - NL - VIAMOBILIS - 2019-08-01 00:00:00 - ERROR - STAT - expect_column_values_to_be_in_type_list - PHOTO - correctly filled rate (%) - 100.0
2019-08-30 13:54:05,373 - CAMION - NL - VIAMOBILIS - 2019-08-01 00:00:00 - ERROR - STAT - expect_column_values_to_not_be_null - PHOTO - correctly filled rate (%) - 100.0
2019-08-30 13:54:05,373 - CAMION - NL - VIAMOBILIS - 2019-08-01 00:00:00 - ERROR - STAT - expect_column_values_to_not_be_null - PLACE - correctly filled rate (%) - 0.0
2019-08-30 13:54:05,373 - CAMION - NL - VIAMOBILIS - 2019-08-01 00:00:00 - ERROR - STAT - expect_column_values_to_not_be_null - PORTE - correctly filled rate (%) - 0.0
2019-08-30 13:54:05,373 - CAMION - NL - VIAMOBILIS - 2019-08-01 00:00:00 - ERROR - STAT - expect_column_values_to_be_in_type_list - PRIX - correctly filled rate (%) - 100.0
2019-08-30 13:54:05,374 - CAMION - NL - VIAMOBILIS - 2019-08-01 00:00:00 - ERROR - STAT - expect_column_values_to_not_be_null - PRIX - correctly filled rate (%) - 100.0
2019-08-30 13:54:05,374 - CAMION - NL - VIAMOBILIS - 2019-08-01 00:00:00 - ERROR - STAT - expect_column_values_to_not_be_null - PROVINCE - correctly filled rate (%) - 0.0
2019-08-30 13:54:05,374 - CAMION - NL - VIAMOBILIS - 2019-08-01 00:00:00 - ERROR - STAT - expect_column_values_to_not_be_null - SITE - correctly filled rate (%) - 100.0
2019-08-30 13:54:05,374 - CAMION - NL - VIAMOBILIS - 2019-08-01 00:00:00 - ERROR - STAT - expect_column_values_to_not_be_null - TELEPHONE - correctly filled rate (%) - 100.0
2019-08-30 13:54:05,374 - CAMION - NL - VIAMOBILIS - 2019-08-01 00:00:00 - ERROR - STAT - expect_column_values_to_be_phone_number - TELEPHONE - correctly filled rate (%) - 100.0
2019-08-30 13:54:05,374 - CAMION - NL - VIAMOBILIS - 2019-08-01 00:00:00 - ERROR - STAT - expect_column_values_to_not_be_null - TYPE - correctly filled rate (%) - 100.0
2019-08-30 13:54:05,374 - CAMION - NL - VIAMOBILIS - 2019-08-01 00:00:00 - ERROR - STAT - expect_column_values_to_be_in_set_2 - TYPE - observed proportion - 100.0
2019-08-30 13:54:05,374 - CAMION - NL - VIAMOBILIS - 2019-08-01 00:00:00 - ERROR - STAT - expect_column_values_to_not_be_null - VILLE - correctly filled rate (%) - 100.0
2019-08-30 13:54:05,374 - CAMION - NL - VIAMOBILIS - 2019-08-01 00:00:00 - ERROR - STAT - expect_column_values_to_not_be_null - VN_IND - correctly filled rate (%) - 0.0
2019-08-30 13:54:05,375 - CAMION - NL - VIAMOBILIS - 2019-08-01 00:00:00 - ERROR - STAT - expect_returning_row_unique_count - MARQUE_CORRECTED - total number of unique rows - 408
2019-08-30 13:54:05,375 - CAMION - NL - VIAMOBILIS - 2019-08-01 00:00:00 - ERROR - STAT - expect_returning_row_unique_count - MODELE_CORRECTED - total number of unique rows - 977
2019-08-30 13:54:05,375 - CAMION - NL - VIAMOBILIS - 2019-08-01 00:00:00 - ERROR - STAT - expect_returning_row_unique_count - CARROSSERIE - total number of unique rows - 95
2019-08-30 13:54:05,375 - CAMION - NL - VIAMOBILIS - 2019-08-01 00:00:00 - ERROR - STAT - expect_returning_row_unique_count - CARBURANT - total number of unique rows - 6
2019-08-30 13:54:05,375 - CAMION - NL - VIAMOBILIS - 2019-08-01 00:00:00 - ERROR - STAT - expect_column_values_to_not_be_null - CYLINDRE - correctly filled rate (%) - 0.0
2019-08-30 13:54:05,375 - CAMION - NL - VIAMOBILIS - 2019-08-01 00:00:00 - ERROR - STAT - expect_returning_row_unique_count - PROVINCE - total number of unique rows - 0
2019-08-30 13:54:05,375 - CAMION - NL - VIAMOBILIS - 2019-08-01 00:00:00 - ERROR - STAT - expect_returning_row_unique_count - VILLE - total number of unique rows - 159
2019-08-30 13:54:05,375 - CAMION - NL - VIAMOBILIS - 2019-08-01 00:00:00 - ERROR - STAT - expect_returning_row_unique_count - DEPARTEMENT - total number of unique rows - 0
2019-08-30 13:54:05,375 - CAMION - NL - VIAMOBILIS - 2019-08-01 00:00:00 - ERROR - STAT - expect_returning_row_count_on_conditions - DEALER_USEDCARS - total number of row with conditions - 12581
2019-08-30 13:54:05,375 - CAMION - NL - VIAMOBILIS - 2019-08-01 00:00:00 - ERROR - STAT - expect_returning_row_count_on_conditions - PRIVATE_USEDCARS - total number of row with conditions - 0
2019-08-30 13:54:05,376 - CAMION - NL - VIAMOBILIS - 2019-08-01 00:00:00 - ERROR - STAT - expect_returning_row_count_on_conditions - TRUCKS - total number of row with conditions - 2796
2019-08-30 13:54:05,376 - CAMION - NL - VIAMOBILIS - 2019-08-01 00:00:00 - ERROR - STAT - expect_returning_row_count_on_conditions - TRACTOR UNITS - total number of row with conditions - 2987
2019-08-30 13:54:05,376 - CAMION - NL - VIAMOBILIS - 2019-08-01 00:00:00 - ERROR - STAT - expect_returning_row_count_on_conditions - TRAILERS - total number of row with conditions - 21
2019-08-30 13:54:05,376 - CAMION - NL - VIAMOBILIS - 2019-08-01 00:00:00 - ERROR - STAT - expect_returning_row_count_on_conditions - VANS - total number of row with conditions - 2271
2019-08-30 13:54:05,376 - CAMION - NL - VIAMOBILIS - 2019-08-01 00:00:00 - ERROR - STAT - expect_returning_row_count_on_conditions - HEAVY EQUIPMENTS - total number of row with conditions - 2044
2019-08-30 13:54:05,376 - CAMION - NL - VIAMOBILIS - 2019-08-01 00:00:00 - ERROR - STAT - expect_returning_row_count_on_conditions - SEMI TRAILERS - total number of row with conditions - 2462
2019-08-30 13:54:05,376 - CAMION - NL - VIAMOBILIS - 2019-08-01 00:00:00 - ERROR - STAT - expect_returning_row_count_on_conditions - DEALER_TRUCKS - total number of row with conditions - 2796
2019-08-30 13:54:05,376 - CAMION - NL - VIAMOBILIS - 2019-08-01 00:00:00 - ERROR - STAT - expect_returning_row_count_on_conditions - PRIVATE_TRUCKS - total number of row with conditions - 0
2019-08-30 13:54:05,376 - CAMION - NL - VIAMOBILIS - 2019-08-01 00:00:00 - ERROR - STAT - expect_returning_row_count_on_conditions - DEALER_TRACTOR UNITS - total number of row with conditions - 2987
2019-08-30 13:54:05,376 - CAMION - NL - VIAMOBILIS - 2019-08-01 00:00:00 - ERROR - STAT - expect_returning_row_count_on_conditions - PRIVATE_TRACTOR UNITS - total number of row with conditions - 0
2019-08-30 13:54:05,377 - CAMION - NL - VIAMOBILIS - 2019-08-01 00:00:00 - ERROR - STAT - expect_returning_row_count_on_conditions - DEALER_TRAILERS - total number of row with conditions - 21
2019-08-30 13:54:05,377 - CAMION - NL - VIAMOBILIS - 2019-08-01 00:00:00 - ERROR - STAT - expect_returning_row_count_on_conditions - PRIVATE_TRAILERS - total number of row with conditions - 0
2019-08-30 13:54:05,377 - CAMION - NL - VIAMOBILIS - 2019-08-01 00:00:00 - ERROR - STAT - expect_returning_row_count_on_conditions - DEALER_VANS - total number of row with conditions - 2271
2019-08-30 13:54:05,377 - CAMION - NL - VIAMOBILIS - 2019-08-01 00:00:00 - ERROR - STAT - expect_returning_row_count_on_conditions - PRIVATE_VANS - total number of row with conditions - 0
2019-08-30 13:54:05,377 - CAMION - NL - VIAMOBILIS - 2019-08-01 00:00:00 - ERROR - STAT - expect_returning_row_count_on_conditions - DEALER_HEAVY EQUIPMENTS - total number of row with conditions - 2044
2019-08-30 13:54:05,377 - CAMION - NL - VIAMOBILIS - 2019-08-01 00:00:00 - ERROR - STAT - expect_returning_row_count_on_conditions - PRIVATE_HEAVY EQUIPMENTS - total number of row with conditions - 0
2019-08-30 13:54:05,377 - CAMION - NL - VIAMOBILIS - 2019-08-01 00:00:00 - ERROR - STAT - expect_returning_row_count_on_conditions - DEALER_SEMI TRAILERS - total number of row with conditions - 2462
2019-08-30 13:54:05,377 - CAMION - NL - VIAMOBILIS - 2019-08-01 00:00:00 - ERROR - STAT - expect_returning_row_count_on_conditions - PRIVATE_SEMI TRAILERS - total number of row with conditions - 0
