2019-05-17 09:24:40,482 - IMMO - FR.LUXE - BELLESDEMEURES - 2019-04-01 00:00:00 - ERROR - STAT - expect_column_values_to_not_be_null - CP - correctly filled rate (%) - 99.6
2019-05-17 09:24:40,482 - IMMO - FR.LUXE - BELLESDEMEURES - 2019-04-01 00:00:00 - ERROR - STAT - expect_column_values_to_not_be_null - VILLE - correctly filled rate (%) - 100.0
2019-05-17 09:24:40,482 - IMMO - FR.LUXE - BELLESDEMEURES - 2019-04-01 00:00:00 - ERROR - STAT - expect_column_values_to_not_be_null - DEPARTEMENT - correctly filled rate (%) - 98.61
2019-05-17 09:24:40,482 - IMMO - FR.LUXE - BELLESDEMEURES - 2019-04-01 00:00:00 - ERROR - STAT - expect_column_values_to_not_be_null - M2_TOTALE - correctly filled rate (%) - 98.59
2019-05-17 09:24:40,483 - IMMO - FR.LUXE - BELLESDEMEURES - 2019-04-01 00:00:00 - ERROR - STAT - expect_column_values_to_not_be_null - PHOTO - correctly filled rate (%) - 98.49
2019-05-17 09:24:40,483 - IMMO - FR.LUXE - BELLESDEMEURES - 2019-04-01 00:00:00 - ERROR - STAT - expect_column_values_to_not_be_null - PRIX - correctly filled rate (%) - 100.0
2019-05-17 09:24:40,483 - IMMO - FR.LUXE - BELLESDEMEURES - 2019-04-01 00:00:00 - ERROR - STAT - expect_column_values_to_not_be_null - SELLER_TYPE - correctly filled rate (%) - 100.0
2019-05-17 09:24:40,483 - IMMO - FR.LUXE - BELLESDEMEURES - 2019-04-01 00:00:00 - ERROR - STAT - expect_column_values_to_not_be_null - AGENCE_NOM - correctly filled rate (%) - 99.72
2019-05-17 09:24:40,483 - IMMO - FR.LUXE - BELLESDEMEURES - 2019-04-01 00:00:00 - ERROR - STAT - expect_column_to_exist - ACHAT_LOC - column exists or not - 1.0
2019-05-17 09:24:40,483 - IMMO - FR.LUXE - BELLESDEMEURES - 2019-04-01 00:00:00 - ERROR - STAT - expect_column_values_to_not_be_null - ACHAT_LOC - correctly filled rate (%) - 100.0
2019-05-17 09:24:40,483 - IMMO - FR.LUXE - BELLESDEMEURES - 2019-04-01 00:00:00 - ERROR - STAT - expect_column_values_to_be_in_set - ACHAT_LOC - correctly filled rate (%) - 100.0
2019-05-17 09:24:40,483 - IMMO - FR.LUXE - BELLESDEMEURES - 2019-04-01 00:00:00 - ERROR - STAT - expect_column_values_to_not_be_null - ADRESSE - correctly filled rate (%) - 80.87
2019-05-17 09:24:40,483 - IMMO - FR.LUXE - BELLESDEMEURES - 2019-04-01 00:00:00 - ERROR - STAT - expect_column_values_to_not_be_null - AGENCE_ADRESSE - correctly filled rate (%) - 99.66
2019-05-17 09:24:40,483 - IMMO - FR.LUXE - BELLESDEMEURES - 2019-04-01 00:00:00 - ERROR - STAT - expect_column_values_to_not_be_null - AGENCE_CP - correctly filled rate (%) - 89.84
2019-05-17 09:24:40,483 - IMMO - FR.LUXE - BELLESDEMEURES - 2019-04-01 00:00:00 - ERROR - FILE_CHECK - expect_column_values_to_match_regex - AGENCE_CP - Unexpected value: 61560.0 on line 1, value should match regexp ^[0-9]{5}$
2019-05-17 09:24:40,483 - IMMO - FR.LUXE - BELLESDEMEURES - 2019-04-01 00:00:00 - ERROR - FILE_CHECK - expect_column_values_to_match_regex - AGENCE_CP - Unexpected value: 24220.0 on line 2, value should match regexp ^[0-9]{5}$
2019-05-17 09:24:40,483 - IMMO - FR.LUXE - BELLESDEMEURES - 2019-04-01 00:00:00 - ERROR - FILE_CHECK - expect_column_values_to_match_regex - AGENCE_CP - Unexpected value: 6500.0 on line 3, value should match regexp ^[0-9]{5}$
2019-05-17 09:24:40,483 - IMMO - FR.LUXE - BELLESDEMEURES - 2019-04-01 00:00:00 - ERROR - FILE_CHECK - expect_column_values_to_match_regex - AGENCE_CP - Unexpected value: 83250.0 on line 4, value should match regexp ^[0-9]{5}$
2019-05-17 09:24:40,483 - IMMO - FR.LUXE - BELLESDEMEURES - 2019-04-01 00:00:00 - ERROR - FILE_CHECK - expect_column_values_to_match_regex - AGENCE_CP - Unexpected value: 6320.0 on line 5, value should match regexp ^[0-9]{5}$
2019-05-17 09:24:40,483 - IMMO - FR.LUXE - BELLESDEMEURES - 2019-04-01 00:00:00 - ERROR - FILE_CHECK - expect_column_values_to_match_regex - AGENCE_CP - Unexpected value: 44500.0 on line 6, value should match regexp ^[0-9]{5}$
2019-05-17 09:24:40,483 - IMMO - FR.LUXE - BELLESDEMEURES - 2019-04-01 00:00:00 - ERROR - FILE_CHECK - expect_column_values_to_match_regex - AGENCE_CP - Unexpected value: 44500.0 on line 7, value should match regexp ^[0-9]{5}$
2019-05-17 09:24:40,484 - IMMO - FR.LUXE - BELLESDEMEURES - 2019-04-01 00:00:00 - ERROR - FILE_CHECK - expect_column_values_to_match_regex - AGENCE_CP - Unexpected value: 34000.0 on line 8, value should match regexp ^[0-9]{5}$
2019-05-17 09:24:40,484 - IMMO - FR.LUXE - BELLESDEMEURES - 2019-04-01 00:00:00 - ERROR - FILE_CHECK - expect_column_values_to_match_regex - AGENCE_CP - Unexpected value: 32230.0 on line 9, value should match regexp ^[0-9]{5}$
2019-05-17 09:24:40,484 - IMMO - FR.LUXE - BELLESDEMEURES - 2019-04-01 00:00:00 - ERROR - FILE_CHECK - expect_column_values_to_match_regex - AGENCE_CP - Unexpected value: 18300.0 on line 10, value should match regexp ^[0-9]{5}$
2019-05-17 09:24:40,484 - IMMO - FR.LUXE - BELLESDEMEURES - 2019-04-01 00:00:00 - ERROR - FILE_CHECK - expect_column_values_to_match_regex - AGENCE_CP - Unexpected value: 58000.0 on line 11, value should match regexp ^[0-9]{5}$
2019-05-17 09:24:40,484 - IMMO - FR.LUXE - BELLESDEMEURES - 2019-04-01 00:00:00 - ERROR - FILE_CHECK - expect_column_values_to_match_regex - AGENCE_CP - Unexpected value: 34500.0 on line 12, value should match regexp ^[0-9]{5}$
2019-05-17 09:24:40,484 - IMMO - FR.LUXE - BELLESDEMEURES - 2019-04-01 00:00:00 - ERROR - FILE_CHECK - expect_column_values_to_match_regex - AGENCE_CP - Unexpected value: 73490.0 on line 13, value should match regexp ^[0-9]{5}$
2019-05-17 09:24:40,484 - IMMO - FR.LUXE - BELLESDEMEURES - 2019-04-01 00:00:00 - ERROR - FILE_CHECK - expect_column_values_to_match_regex - AGENCE_CP - Unexpected value: 6400.0 on line 14, value should match regexp ^[0-9]{5}$
2019-05-17 09:24:40,484 - IMMO - FR.LUXE - BELLESDEMEURES - 2019-04-01 00:00:00 - ERROR - FILE_CHECK - expect_column_values_to_match_regex - AGENCE_CP - Unexpected value: 17640.0 on line 15, value should match regexp ^[0-9]{5}$
2019-05-17 09:24:40,484 - IMMO - FR.LUXE - BELLESDEMEURES - 2019-04-01 00:00:00 - ERROR - FILE_CHECK - expect_column_values_to_match_regex - AGENCE_CP - Unexpected value: 86190.0 on line 17, value should match regexp ^[0-9]{5}$
2019-05-17 09:24:40,484 - IMMO - FR.LUXE - BELLESDEMEURES - 2019-04-01 00:00:00 - ERROR - FILE_CHECK - expect_column_values_to_match_regex - AGENCE_CP - Unexpected value: 41600.0 on line 18, value should match regexp ^[0-9]{5}$
2019-05-17 09:24:40,484 - IMMO - FR.LUXE - BELLESDEMEURES - 2019-04-01 00:00:00 - ERROR - FILE_CHECK - expect_column_values_to_match_regex - AGENCE_CP - Unexpected value: 1170.0 on line 19, value should match regexp ^[0-9]{5}$
2019-05-17 09:24:40,484 - IMMO - FR.LUXE - BELLESDEMEURES - 2019-04-01 00:00:00 - ERROR - FILE_CHECK - expect_column_values_to_match_regex - AGENCE_CP - Unexpected value: 75008.0 on line 20, value should match regexp ^[0-9]{5}$
2019-05-17 09:24:40,484 - IMMO - FR.LUXE - BELLESDEMEURES - 2019-04-01 00:00:00 - ERROR - FILE_CHECK - expect_column_values_to_match_regex - AGENCE_CP - Unexpected value: 3310.0 on line 22, value should match regexp ^[0-9]{5}$
2019-05-17 09:24:40,484 - IMMO - FR.LUXE - BELLESDEMEURES - 2019-04-01 00:00:00 - ERROR - STAT - expect_column_values_to_match_regex - AGENCE_CP - correctly filled rate (%) - 0.0
2019-05-17 09:24:40,484 - IMMO - FR.LUXE - BELLESDEMEURES - 2019-04-01 00:00:00 - ERROR - STAT - expect_column_values_to_not_be_null - AGENCE_NOM - correctly filled rate (%) - 99.72
2019-05-17 09:24:40,484 - IMMO - FR.LUXE - BELLESDEMEURES - 2019-04-01 00:00:00 - ERROR - STAT - expect_column_values_to_be_phone_number - AGENCE_TEL - correctly filled rate (%) - 99.88
2019-05-17 09:24:40,484 - IMMO - FR.LUXE - BELLESDEMEURES - 2019-04-01 00:00:00 - ERROR - STAT - expect_column_values_to_not_be_null - AGENCE_TEL - correctly filled rate (%) - 99.92
2019-05-17 09:24:40,484 - IMMO - FR.LUXE - BELLESDEMEURES - 2019-04-01 00:00:00 - ERROR - STAT - expect_column_values_to_not_be_null - AGENCE_VILLE - correctly filled rate (%) - 89.84
2019-05-17 09:24:40,485 - IMMO - FR.LUXE - BELLESDEMEURES - 2019-04-01 00:00:00 - ERROR - STAT - expect_column_values_to_not_be_null - ANNONCE_DATE - correctly filled rate (%) - 0.0
2019-05-17 09:24:40,485 - IMMO - FR.LUXE - BELLESDEMEURES - 2019-04-01 00:00:00 - ERROR - STAT - expect_column_values_to_not_be_null - ANNONCE_LINK - correctly filled rate (%) - 100.0
2019-05-17 09:24:40,485 - IMMO - FR.LUXE - BELLESDEMEURES - 2019-04-01 00:00:00 - ERROR - FILE_CHECK - expect_column_values_to_be_unique - ANNONCE_LINK - Unexpected value: https://www.bellesdemeures.com/annonces/vente/appartement-luxe/belgique/uccle/z150020/145302001/ on line 854, value should be unique
2019-05-17 09:24:40,485 - IMMO - FR.LUXE - BELLESDEMEURES - 2019-04-01 00:00:00 - ERROR - FILE_CHECK - expect_column_values_to_be_unique - ANNONCE_LINK - Unexpected value: https://www.bellesdemeures.com/annonces/vente/maison-luxe/serris-77/145515787/ on line 857, value should be unique
2019-05-17 09:24:40,485 - IMMO - FR.LUXE - BELLESDEMEURES - 2019-04-01 00:00:00 - ERROR - FILE_CHECK - expect_column_values_to_be_unique - ANNONCE_LINK - Unexpected value: https://www.bellesdemeures.com/annonces/vente/maison-luxe/belgique/overijse/z150436/145355649/ on line 858, value should be unique
2019-05-17 09:24:40,485 - IMMO - FR.LUXE - BELLESDEMEURES - 2019-04-01 00:00:00 - ERROR - FILE_CHECK - expect_column_values_to_be_unique - ANNONCE_LINK - Unexpected value: https://www.bellesdemeures.com/annonces/vente/appartement-luxe/belgique/anvers/z150248/145615339/ on line 859, value should be unique
2019-05-17 09:24:40,485 - IMMO - FR.LUXE - BELLESDEMEURES - 2019-04-01 00:00:00 - ERROR - FILE_CHECK - expect_column_values_to_be_unique - ANNONCE_LINK - Unexpected value: https://www.bellesdemeures.com/annonces/vente/maison-luxe/belgique/uccle/z150020/145460209/ on line 1838, value should be unique
2019-05-17 09:24:40,485 - IMMO - FR.LUXE - BELLESDEMEURES - 2019-04-01 00:00:00 - ERROR - FILE_CHECK - expect_column_values_to_be_unique - ANNONCE_LINK - Unexpected value: https://www.bellesdemeures.com/annonces/vente/chalet-luxe/saint-gervais-les-bains-74/145485463/ on line 1839, value should be unique
2019-05-17 09:24:40,485 - IMMO - FR.LUXE - BELLESDEMEURES - 2019-04-01 00:00:00 - ERROR - FILE_CHECK - expect_column_values_to_be_unique - ANNONCE_LINK - Unexpected value: https://www.bellesdemeures.com/annonces/vente/appartement-luxe/belgique/st-gilles/z150007/145497303/ on line 1840, value should be unique
2019-05-17 09:24:40,485 - IMMO - FR.LUXE - BELLESDEMEURES - 2019-04-01 00:00:00 - ERROR - FILE_CHECK - expect_column_values_to_be_unique - ANNONCE_LINK - Unexpected value: https://www.bellesdemeures.com/annonces/vente/maison-luxe/denice-69/145583625/ on line 1841, value should be unique
2019-05-17 09:24:40,485 - IMMO - FR.LUXE - BELLESDEMEURES - 2019-04-01 00:00:00 - ERROR - FILE_CHECK - expect_column_values_to_be_unique - ANNONCE_LINK - Unexpected value: https://www.bellesdemeures.com/annonces/vente/maison-luxe/opio-06/145986937/ on line 1849, value should be unique
2019-05-17 09:24:40,485 - IMMO - FR.LUXE - BELLESDEMEURES - 2019-04-01 00:00:00 - ERROR - FILE_CHECK - expect_column_values_to_be_unique - ANNONCE_LINK - Unexpected value: https://www.bellesdemeures.com/annonces/vente/appartement-luxe/bordeaux-33/145821595/ on line 1906, value should be unique
2019-05-17 09:24:40,485 - IMMO - FR.LUXE - BELLESDEMEURES - 2019-04-01 00:00:00 - ERROR - FILE_CHECK - expect_column_values_to_be_unique - ANNONCE_LINK - Unexpected value: https://www.bellesdemeures.com/annonces/vente/maison-luxe/bandol-83/145270129/ on line 1987, value should be unique
2019-05-17 09:24:40,485 - IMMO - FR.LUXE - BELLESDEMEURES - 2019-04-01 00:00:00 - ERROR - FILE_CHECK - expect_column_values_to_be_unique - ANNONCE_LINK - Unexpected value: https://www.bellesdemeures.com/annonces/vente/maison-luxe/frejus-83/145148601/ on line 2849, value should be unique
2019-05-17 09:24:40,485 - IMMO - FR.LUXE - BELLESDEMEURES - 2019-04-01 00:00:00 - ERROR - FILE_CHECK - expect_column_values_to_be_unique - ANNONCE_LINK - Unexpected value: https://www.bellesdemeures.com/annonces/vente/maison-luxe/belgique/uccle/z150020/145441093/ on line 2851, value should be unique
2019-05-17 09:24:40,485 - IMMO - FR.LUXE - BELLESDEMEURES - 2019-04-01 00:00:00 - ERROR - FILE_CHECK - expect_column_values_to_be_unique - ANNONCE_LINK - Unexpected value: https://www.bellesdemeures.com/annonces/vente/appartement-luxe/belgique/st-gilles/z150007/145497303/ on line 2852, value should be unique
2019-05-17 09:24:40,485 - IMMO - FR.LUXE - BELLESDEMEURES - 2019-04-01 00:00:00 - ERROR - FILE_CHECK - expect_column_values_to_be_unique - ANNONCE_LINK - Unexpected value: https://www.bellesdemeures.com/annonces/vente/appartement-luxe/paris-6eme-75/145940345/ on line 2855, value should be unique
2019-05-17 09:24:40,486 - IMMO - FR.LUXE - BELLESDEMEURES - 2019-04-01 00:00:00 - ERROR - FILE_CHECK - expect_column_values_to_be_unique - ANNONCE_LINK - Unexpected value: https://www.bellesdemeures.com/annonces/vente/maison-luxe/rueil-malmaison-92/145311451/ on line 2856, value should be unique
2019-05-17 09:24:40,486 - IMMO - FR.LUXE - BELLESDEMEURES - 2019-04-01 00:00:00 - ERROR - FILE_CHECK - expect_column_values_to_be_unique - ANNONCE_LINK - Unexpected value: https://www.bellesdemeures.com/annonces/vente/appartement-luxe/paris-17eme-75/145951253/ on line 2858, value should be unique
2019-05-17 09:24:40,486 - IMMO - FR.LUXE - BELLESDEMEURES - 2019-04-01 00:00:00 - ERROR - FILE_CHECK - expect_column_values_to_be_unique - ANNONCE_LINK - Unexpected value: https://www.bellesdemeures.com/annonces/vente/appartement-luxe/paris-4eme-75/145954407/ on line 2859, value should be unique
2019-05-17 09:24:40,486 - IMMO - FR.LUXE - BELLESDEMEURES - 2019-04-01 00:00:00 - ERROR - FILE_CHECK - expect_column_values_to_be_unique - ANNONCE_LINK - Unexpected value: https://www.bellesdemeures.com/annonces/vente/maison-luxe/bordeaux-33/145139687/ on line 2863, value should be unique
2019-05-17 09:24:40,486 - IMMO - FR.LUXE - BELLESDEMEURES - 2019-04-01 00:00:00 - ERROR - FILE_CHECK - expect_column_values_to_be_unique - ANNONCE_LINK - Unexpected value: https://www.bellesdemeures.com/annonces/vente/maison-luxe/belgique/woluwe-st-pierre/z150017/145551021/ on line 2991, value should be unique
2019-05-17 09:24:40,486 - IMMO - FR.LUXE - BELLESDEMEURES - 2019-04-01 00:00:00 - ERROR - STAT - expect_column_values_to_be_unique - ANNONCE_LINK - observed proportion - 99.59
2019-05-17 09:24:40,486 - IMMO - FR.LUXE - BELLESDEMEURES - 2019-04-01 00:00:00 - ERROR - STAT - expect_column_values_to_not_be_null - ANNONCE_TEXT - correctly filled rate (%) - 0.0
2019-05-17 09:24:40,486 - IMMO - FR.LUXE - BELLESDEMEURES - 2019-04-01 00:00:00 - ERROR - STAT - expect_column_values_to_not_be_null - CATEGORIE - correctly filled rate (%) - 100.0
2019-05-17 09:24:40,486 - IMMO - FR.LUXE - BELLESDEMEURES - 2019-04-01 00:00:00 - ERROR - STAT - expect_column_values_to_not_be_null - CP - correctly filled rate (%) - 99.6
2019-05-17 09:24:40,486 - IMMO - FR.LUXE - BELLESDEMEURES - 2019-04-01 00:00:00 - ERROR - FILE_CHECK - expect_column_values_to_match_regex - CP - Unexpected value: 8300 on line 0, value should match regexp ^[0-9]{5}$
2019-05-17 09:24:40,486 - IMMO - FR.LUXE - BELLESDEMEURES - 2019-04-01 00:00:00 - ERROR - FILE_CHECK - expect_column_values_to_match_regex - CP - Unexpected value: 1000 on line 16, value should match regexp ^[0-9]{5}$
2019-05-17 09:24:40,486 - IMMO - FR.LUXE - BELLESDEMEURES - 2019-04-01 00:00:00 - ERROR - FILE_CHECK - expect_column_values_to_match_regex - CP - Unexpected value: 1180 on line 19, value should match regexp ^[0-9]{5}$
2019-05-17 09:24:40,486 - IMMO - FR.LUXE - BELLESDEMEURES - 2019-04-01 00:00:00 - ERROR - FILE_CHECK - expect_column_values_to_match_regex - CP - Unexpected value: 1000 on line 21, value should match regexp ^[0-9]{5}$
2019-05-17 09:24:40,486 - IMMO - FR.LUXE - BELLESDEMEURES - 2019-04-01 00:00:00 - ERROR - FILE_CHECK - expect_column_values_to_match_regex - CP - Unexpected value: 1390 on line 29, value should match regexp ^[0-9]{5}$
2019-05-17 09:24:40,486 - IMMO - FR.LUXE - BELLESDEMEURES - 2019-04-01 00:00:00 - ERROR - FILE_CHECK - expect_column_values_to_match_regex - CP - Unexpected value: 1050 on line 33, value should match regexp ^[0-9]{5}$
2019-05-17 09:24:40,486 - IMMO - FR.LUXE - BELLESDEMEURES - 2019-04-01 00:00:00 - ERROR - FILE_CHECK - expect_column_values_to_match_regex - CP - Unexpected value: 1180 on line 42, value should match regexp ^[0-9]{5}$
2019-05-17 09:24:40,486 - IMMO - FR.LUXE - BELLESDEMEURES - 2019-04-01 00:00:00 - ERROR - FILE_CHECK - expect_column_values_to_match_regex - CP - Unexpected value: 1050 on line 48, value should match regexp ^[0-9]{5}$
2019-05-17 09:24:40,486 - IMMO - FR.LUXE - BELLESDEMEURES - 2019-04-01 00:00:00 - ERROR - FILE_CHECK - expect_column_values_to_match_regex - CP - Unexpected value: 1150 on line 116, value should match regexp ^[0-9]{5}$
2019-05-17 09:24:40,487 - IMMO - FR.LUXE - BELLESDEMEURES - 2019-04-01 00:00:00 - ERROR - FILE_CHECK - expect_column_values_to_match_regex - CP - Unexpected value: 8300 on line 117, value should match regexp ^[0-9]{5}$
2019-05-17 09:24:40,487 - IMMO - FR.LUXE - BELLESDEMEURES - 2019-04-01 00:00:00 - ERROR - FILE_CHECK - expect_column_values_to_match_regex - CP - Unexpected value: 8300 on line 118, value should match regexp ^[0-9]{5}$
2019-05-17 09:24:40,487 - IMMO - FR.LUXE - BELLESDEMEURES - 2019-04-01 00:00:00 - ERROR - FILE_CHECK - expect_column_values_to_match_regex - CP - Unexpected value: 8300 on line 133, value should match regexp ^[0-9]{5}$
2019-05-17 09:24:40,487 - IMMO - FR.LUXE - BELLESDEMEURES - 2019-04-01 00:00:00 - ERROR - FILE_CHECK - expect_column_values_to_match_regex - CP - Unexpected value: 8620 on line 141, value should match regexp ^[0-9]{5}$
2019-05-17 09:24:40,487 - IMMO - FR.LUXE - BELLESDEMEURES - 2019-04-01 00:00:00 - ERROR - FILE_CHECK - expect_column_values_to_match_regex - CP - Unexpected value: 1640 on line 154, value should match regexp ^[0-9]{5}$
2019-05-17 09:24:40,487 - IMMO - FR.LUXE - BELLESDEMEURES - 2019-04-01 00:00:00 - ERROR - FILE_CHECK - expect_column_values_to_match_regex - CP - Unexpected value: 1180 on line 159, value should match regexp ^[0-9]{5}$
2019-05-17 09:24:40,487 - IMMO - FR.LUXE - BELLESDEMEURES - 2019-04-01 00:00:00 - ERROR - FILE_CHECK - expect_column_values_to_match_regex - CP - Unexpected value: 1410 on line 163, value should match regexp ^[0-9]{5}$
2019-05-17 09:24:40,487 - IMMO - FR.LUXE - BELLESDEMEURES - 2019-04-01 00:00:00 - ERROR - FILE_CHECK - expect_column_values_to_match_regex - CP - Unexpected value: 1050 on line 176, value should match regexp ^[0-9]{5}$
2019-05-17 09:24:40,487 - IMMO - FR.LUXE - BELLESDEMEURES - 2019-04-01 00:00:00 - ERROR - FILE_CHECK - expect_column_values_to_match_regex - CP - Unexpected value: 8954 on line 184, value should match regexp ^[0-9]{5}$
2019-05-17 09:24:40,487 - IMMO - FR.LUXE - BELLESDEMEURES - 2019-04-01 00:00:00 - ERROR - FILE_CHECK - expect_column_values_to_match_regex - CP - Unexpected value: 2610 on line 193, value should match regexp ^[0-9]{5}$
2019-05-17 09:24:40,487 - IMMO - FR.LUXE - BELLESDEMEURES - 2019-04-01 00:00:00 - ERROR - FILE_CHECK - expect_column_values_to_match_regex - CP - Unexpected value: 1428 on line 210, value should match regexp ^[0-9]{5}$
2019-05-17 09:24:40,487 - IMMO - FR.LUXE - BELLESDEMEURES - 2019-04-01 00:00:00 - ERROR - STAT - expect_column_values_to_match_regex - CP - correctly filled rate (%) - 89.91
2019-05-17 09:24:40,487 - IMMO - FR.LUXE - BELLESDEMEURES - 2019-04-01 00:00:00 - ERROR - STAT - expect_column_values_to_not_be_null - DEPARTEMENT - correctly filled rate (%) - 98.61
2019-05-17 09:24:40,487 - IMMO - FR.LUXE - BELLESDEMEURES - 2019-04-01 00:00:00 - ERROR - STAT - expect_returning_row_count - EVERY_COLUMNS - total number of rows - 28594
2019-05-17 09:24:40,487 - IMMO - FR.LUXE - BELLESDEMEURES - 2019-04-01 00:00:00 - ERROR - STAT - expect_column_values_to_not_be_null - ID_CLIENT - correctly filled rate (%) - 100.0
2019-05-17 09:24:40,487 - IMMO - FR.LUXE - BELLESDEMEURES - 2019-04-01 00:00:00 - ERROR - FILE_CHECK - expect_column_values_to_be_unique - ID_CLIENT - Unexpected value: 145302001 on line 854, value should be unique
2019-05-17 09:24:40,487 - IMMO - FR.LUXE - BELLESDEMEURES - 2019-04-01 00:00:00 - ERROR - FILE_CHECK - expect_column_values_to_be_unique - ID_CLIENT - Unexpected value: 145515787 on line 857, value should be unique
2019-05-17 09:24:40,487 - IMMO - FR.LUXE - BELLESDEMEURES - 2019-04-01 00:00:00 - ERROR - FILE_CHECK - expect_column_values_to_be_unique - ID_CLIENT - Unexpected value: 145355649 on line 858, value should be unique
2019-05-17 09:24:40,488 - IMMO - FR.LUXE - BELLESDEMEURES - 2019-04-01 00:00:00 - ERROR - FILE_CHECK - expect_column_values_to_be_unique - ID_CLIENT - Unexpected value: 145615339 on line 859, value should be unique
2019-05-17 09:24:40,488 - IMMO - FR.LUXE - BELLESDEMEURES - 2019-04-01 00:00:00 - ERROR - FILE_CHECK - expect_column_values_to_be_unique - ID_CLIENT - Unexpected value: 145460209 on line 1838, value should be unique
2019-05-17 09:24:40,488 - IMMO - FR.LUXE - BELLESDEMEURES - 2019-04-01 00:00:00 - ERROR - FILE_CHECK - expect_column_values_to_be_unique - ID_CLIENT - Unexpected value: 145485463 on line 1839, value should be unique
2019-05-17 09:24:40,488 - IMMO - FR.LUXE - BELLESDEMEURES - 2019-04-01 00:00:00 - ERROR - FILE_CHECK - expect_column_values_to_be_unique - ID_CLIENT - Unexpected value: 145497303 on line 1840, value should be unique
2019-05-17 09:24:40,488 - IMMO - FR.LUXE - BELLESDEMEURES - 2019-04-01 00:00:00 - ERROR - FILE_CHECK - expect_column_values_to_be_unique - ID_CLIENT - Unexpected value: 145583625 on line 1841, value should be unique
2019-05-17 09:24:40,488 - IMMO - FR.LUXE - BELLESDEMEURES - 2019-04-01 00:00:00 - ERROR - FILE_CHECK - expect_column_values_to_be_unique - ID_CLIENT - Unexpected value: 145986937 on line 1849, value should be unique
2019-05-17 09:24:40,488 - IMMO - FR.LUXE - BELLESDEMEURES - 2019-04-01 00:00:00 - ERROR - FILE_CHECK - expect_column_values_to_be_unique - ID_CLIENT - Unexpected value: 145821595 on line 1906, value should be unique
2019-05-17 09:24:40,488 - IMMO - FR.LUXE - BELLESDEMEURES - 2019-04-01 00:00:00 - ERROR - FILE_CHECK - expect_column_values_to_be_unique - ID_CLIENT - Unexpected value: 145270129 on line 1987, value should be unique
2019-05-17 09:24:40,488 - IMMO - FR.LUXE - BELLESDEMEURES - 2019-04-01 00:00:00 - ERROR - FILE_CHECK - expect_column_values_to_be_unique - ID_CLIENT - Unexpected value: 144906961 on line 2848, value should be unique
2019-05-17 09:24:40,488 - IMMO - FR.LUXE - BELLESDEMEURES - 2019-04-01 00:00:00 - ERROR - FILE_CHECK - expect_column_values_to_be_unique - ID_CLIENT - Unexpected value: 145148601 on line 2849, value should be unique
2019-05-17 09:24:40,488 - IMMO - FR.LUXE - BELLESDEMEURES - 2019-04-01 00:00:00 - ERROR - FILE_CHECK - expect_column_values_to_be_unique - ID_CLIENT - Unexpected value: 145441093 on line 2851, value should be unique
2019-05-17 09:24:40,488 - IMMO - FR.LUXE - BELLESDEMEURES - 2019-04-01 00:00:00 - ERROR - FILE_CHECK - expect_column_values_to_be_unique - ID_CLIENT - Unexpected value: 145497303 on line 2852, value should be unique
2019-05-17 09:24:40,488 - IMMO - FR.LUXE - BELLESDEMEURES - 2019-04-01 00:00:00 - ERROR - FILE_CHECK - expect_column_values_to_be_unique - ID_CLIENT - Unexpected value: 145940345 on line 2855, value should be unique
2019-05-17 09:24:40,488 - IMMO - FR.LUXE - BELLESDEMEURES - 2019-04-01 00:00:00 - ERROR - FILE_CHECK - expect_column_values_to_be_unique - ID_CLIENT - Unexpected value: 145311451 on line 2856, value should be unique
2019-05-17 09:24:40,488 - IMMO - FR.LUXE - BELLESDEMEURES - 2019-04-01 00:00:00 - ERROR - FILE_CHECK - expect_column_values_to_be_unique - ID_CLIENT - Unexpected value: 145951253 on line 2858, value should be unique
2019-05-17 09:24:40,488 - IMMO - FR.LUXE - BELLESDEMEURES - 2019-04-01 00:00:00 - ERROR - FILE_CHECK - expect_column_values_to_be_unique - ID_CLIENT - Unexpected value: 145954407 on line 2859, value should be unique
2019-05-17 09:24:40,488 - IMMO - FR.LUXE - BELLESDEMEURES - 2019-04-01 00:00:00 - ERROR - FILE_CHECK - expect_column_values_to_be_unique - ID_CLIENT - Unexpected value: 145139687 on line 2863, value should be unique
2019-05-17 09:24:40,488 - IMMO - FR.LUXE - BELLESDEMEURES - 2019-04-01 00:00:00 - ERROR - STAT - expect_column_values_to_be_unique - ID_CLIENT - observed proportion - 99.56
2019-05-17 09:24:40,488 - IMMO - FR.LUXE - BELLESDEMEURES - 2019-04-01 00:00:00 - ERROR - FILE_CHECK - expect_column_values_to_be_of_type - M2_TOTALE - Wrong type for value: 110.0 on line 0 should be int
2019-05-17 09:24:40,489 - IMMO - FR.LUXE - BELLESDEMEURES - 2019-04-01 00:00:00 - ERROR - FILE_CHECK - expect_column_values_to_be_of_type - M2_TOTALE - Wrong type for value: 240.0 on line 1 should be int
2019-05-17 09:24:40,489 - IMMO - FR.LUXE - BELLESDEMEURES - 2019-04-01 00:00:00 - ERROR - FILE_CHECK - expect_column_values_to_be_of_type - M2_TOTALE - Wrong type for value: 390.0 on line 2 should be int
2019-05-17 09:24:40,489 - IMMO - FR.LUXE - BELLESDEMEURES - 2019-04-01 00:00:00 - ERROR - FILE_CHECK - expect_column_values_to_be_of_type - M2_TOTALE - Wrong type for value: 85.0 on line 3 should be int
2019-05-17 09:24:40,489 - IMMO - FR.LUXE - BELLESDEMEURES - 2019-04-01 00:00:00 - ERROR - FILE_CHECK - expect_column_values_to_be_of_type - M2_TOTALE - Wrong type for value: 105.0 on line 4 should be int
2019-05-17 09:24:40,489 - IMMO - FR.LUXE - BELLESDEMEURES - 2019-04-01 00:00:00 - ERROR - FILE_CHECK - expect_column_values_to_be_of_type - M2_TOTALE - Wrong type for value: 55.0 on line 5 should be int
2019-05-17 09:24:40,489 - IMMO - FR.LUXE - BELLESDEMEURES - 2019-04-01 00:00:00 - ERROR - FILE_CHECK - expect_column_values_to_be_of_type - M2_TOTALE - Wrong type for value: 68.0 on line 6 should be int
2019-05-17 09:24:40,489 - IMMO - FR.LUXE - BELLESDEMEURES - 2019-04-01 00:00:00 - ERROR - FILE_CHECK - expect_column_values_to_be_of_type - M2_TOTALE - Wrong type for value: 80.0 on line 7 should be int
2019-05-17 09:24:40,489 - IMMO - FR.LUXE - BELLESDEMEURES - 2019-04-01 00:00:00 - ERROR - FILE_CHECK - expect_column_values_to_be_of_type - M2_TOTALE - Wrong type for value: 250.0 on line 8 should be int
2019-05-17 09:24:40,489 - IMMO - FR.LUXE - BELLESDEMEURES - 2019-04-01 00:00:00 - ERROR - FILE_CHECK - expect_column_values_to_be_of_type - M2_TOTALE - Wrong type for value: 260.0 on line 9 should be int
2019-05-17 09:24:40,489 - IMMO - FR.LUXE - BELLESDEMEURES - 2019-04-01 00:00:00 - ERROR - FILE_CHECK - expect_column_values_to_be_of_type - M2_TOTALE - Wrong type for value: 230.0 on line 10 should be int
2019-05-17 09:24:40,489 - IMMO - FR.LUXE - BELLESDEMEURES - 2019-04-01 00:00:00 - ERROR - FILE_CHECK - expect_column_values_to_be_of_type - M2_TOTALE - Wrong type for value: 330.0 on line 11 should be int
2019-05-17 09:24:40,489 - IMMO - FR.LUXE - BELLESDEMEURES - 2019-04-01 00:00:00 - ERROR - FILE_CHECK - expect_column_values_to_be_of_type - M2_TOTALE - Wrong type for value: 245.0 on line 12 should be int
2019-05-17 09:24:40,489 - IMMO - FR.LUXE - BELLESDEMEURES - 2019-04-01 00:00:00 - ERROR - FILE_CHECK - expect_column_values_to_be_of_type - M2_TOTALE - Wrong type for value: 142.0 on line 13 should be int
2019-05-17 09:24:40,489 - IMMO - FR.LUXE - BELLESDEMEURES - 2019-04-01 00:00:00 - ERROR - FILE_CHECK - expect_column_values_to_be_of_type - M2_TOTALE - Wrong type for value: 84.0 on line 14 should be int
2019-05-17 09:24:40,489 - IMMO - FR.LUXE - BELLESDEMEURES - 2019-04-01 00:00:00 - ERROR - FILE_CHECK - expect_column_values_to_be_of_type - M2_TOTALE - Wrong type for value: 275.0 on line 15 should be int
2019-05-17 09:24:40,489 - IMMO - FR.LUXE - BELLESDEMEURES - 2019-04-01 00:00:00 - ERROR - FILE_CHECK - expect_column_values_to_be_of_type - M2_TOTALE - Wrong type for value: 300.0 on line 16 should be int
2019-05-17 09:24:40,489 - IMMO - FR.LUXE - BELLESDEMEURES - 2019-04-01 00:00:00 - ERROR - FILE_CHECK - expect_column_values_to_be_of_type - M2_TOTALE - Wrong type for value: 315.0 on line 17 should be int
2019-05-17 09:24:40,489 - IMMO - FR.LUXE - BELLESDEMEURES - 2019-04-01 00:00:00 - ERROR - FILE_CHECK - expect_column_values_to_be_of_type - M2_TOTALE - Wrong type for value: 185.0 on line 18 should be int
2019-05-17 09:24:40,490 - IMMO - FR.LUXE - BELLESDEMEURES - 2019-04-01 00:00:00 - ERROR - FILE_CHECK - expect_column_values_to_be_of_type - M2_TOTALE - Wrong type for value: 450.0 on line 19 should be int
2019-05-17 09:24:40,490 - IMMO - FR.LUXE - BELLESDEMEURES - 2019-04-01 00:00:00 - ERROR - STAT - expect_column_values_to_be_of_type - M2_TOTALE - correctly filled rate (%) - 0.0
2019-05-17 09:24:40,490 - IMMO - FR.LUXE - BELLESDEMEURES - 2019-04-01 00:00:00 - ERROR - STAT - expect_column_values_to_not_be_null - M2_TOTALE - correctly filled rate (%) - 98.59
2019-05-17 09:24:40,490 - IMMO - FR.LUXE - BELLESDEMEURES - 2019-04-01 00:00:00 - ERROR - STAT - expect_column_values_to_not_be_null - MAISON_APT - correctly filled rate (%) - 0.0
2019-05-17 09:24:40,490 - IMMO - FR.LUXE - BELLESDEMEURES - 2019-04-01 00:00:00 - ERROR - STAT - expect_column_values_to_not_be_null - MINI_SITE_ID - correctly filled rate (%) - 0.0
2019-05-17 09:24:40,490 - IMMO - FR.LUXE - BELLESDEMEURES - 2019-04-01 00:00:00 - ERROR - STAT - expect_column_values_to_not_be_null - NOM - correctly filled rate (%) - 100.0
2019-05-17 09:24:40,490 - IMMO - FR.LUXE - BELLESDEMEURES - 2019-04-01 00:00:00 - ERROR - STAT - expect_column_value_lengths_to_be_between - NOM - correctly filled rate (%) - 100.0
2019-05-17 09:24:40,490 - IMMO - FR.LUXE - BELLESDEMEURES - 2019-04-01 00:00:00 - ERROR - STAT - expect_column_values_to_match_regex - PAYS_AD - correctly filled rate (%) - 100.0
2019-05-17 09:24:40,490 - IMMO - FR.LUXE - BELLESDEMEURES - 2019-04-01 00:00:00 - ERROR - STAT - expect_column_values_to_not_be_null - PAYS_AD - correctly filled rate (%) - 100.0
2019-05-17 09:24:40,490 - IMMO - FR.LUXE - BELLESDEMEURES - 2019-04-01 00:00:00 - ERROR - FILE_CHECK - expect_column_values_to_be_of_type - PHOTO - Wrong type for value: 12.0 on line 0 should be int
2019-05-17 09:24:40,490 - IMMO - FR.LUXE - BELLESDEMEURES - 2019-04-01 00:00:00 - ERROR - FILE_CHECK - expect_column_values_to_be_of_type - PHOTO - Wrong type for value: 13.0 on line 1 should be int
2019-05-17 09:24:40,490 - IMMO - FR.LUXE - BELLESDEMEURES - 2019-04-01 00:00:00 - ERROR - FILE_CHECK - expect_column_values_to_be_of_type - PHOTO - Wrong type for value: 11.0 on line 2 should be int
2019-05-17 09:24:40,490 - IMMO - FR.LUXE - BELLESDEMEURES - 2019-04-01 00:00:00 - ERROR - FILE_CHECK - expect_column_values_to_be_of_type - PHOTO - Wrong type for value: 7.0 on line 3 should be int
2019-05-17 09:24:40,490 - IMMO - FR.LUXE - BELLESDEMEURES - 2019-04-01 00:00:00 - ERROR - FILE_CHECK - expect_column_values_to_be_of_type - PHOTO - Wrong type for value: 13.0 on line 4 should be int
2019-05-17 09:24:40,490 - IMMO - FR.LUXE - BELLESDEMEURES - 2019-04-01 00:00:00 - ERROR - FILE_CHECK - expect_column_values_to_be_of_type - PHOTO - Wrong type for value: 14.0 on line 5 should be int
2019-05-17 09:24:40,490 - IMMO - FR.LUXE - BELLESDEMEURES - 2019-04-01 00:00:00 - ERROR - FILE_CHECK - expect_column_values_to_be_of_type - PHOTO - Wrong type for value: 6.0 on line 6 should be int
2019-05-17 09:24:40,490 - IMMO - FR.LUXE - BELLESDEMEURES - 2019-04-01 00:00:00 - ERROR - FILE_CHECK - expect_column_values_to_be_of_type - PHOTO - Wrong type for value: 8.0 on line 7 should be int
2019-05-17 09:24:40,490 - IMMO - FR.LUXE - BELLESDEMEURES - 2019-04-01 00:00:00 - ERROR - FILE_CHECK - expect_column_values_to_be_of_type - PHOTO - Wrong type for value: 15.0 on line 8 should be int
2019-05-17 09:24:40,491 - IMMO - FR.LUXE - BELLESDEMEURES - 2019-04-01 00:00:00 - ERROR - FILE_CHECK - expect_column_values_to_be_of_type - PHOTO - Wrong type for value: 6.0 on line 9 should be int
2019-05-17 09:24:40,491 - IMMO - FR.LUXE - BELLESDEMEURES - 2019-04-01 00:00:00 - ERROR - FILE_CHECK - expect_column_values_to_be_of_type - PHOTO - Wrong type for value: 15.0 on line 10 should be int
2019-05-17 09:24:40,491 - IMMO - FR.LUXE - BELLESDEMEURES - 2019-04-01 00:00:00 - ERROR - FILE_CHECK - expect_column_values_to_be_of_type - PHOTO - Wrong type for value: 15.0 on line 11 should be int
2019-05-17 09:24:40,491 - IMMO - FR.LUXE - BELLESDEMEURES - 2019-04-01 00:00:00 - ERROR - FILE_CHECK - expect_column_values_to_be_of_type - PHOTO - Wrong type for value: 12.0 on line 12 should be int
2019-05-17 09:24:40,491 - IMMO - FR.LUXE - BELLESDEMEURES - 2019-04-01 00:00:00 - ERROR - FILE_CHECK - expect_column_values_to_be_of_type - PHOTO - Wrong type for value: 19.0 on line 13 should be int
2019-05-17 09:24:40,491 - IMMO - FR.LUXE - BELLESDEMEURES - 2019-04-01 00:00:00 - ERROR - FILE_CHECK - expect_column_values_to_be_of_type - PHOTO - Wrong type for value: 5.0 on line 14 should be int
2019-05-17 09:24:40,491 - IMMO - FR.LUXE - BELLESDEMEURES - 2019-04-01 00:00:00 - ERROR - FILE_CHECK - expect_column_values_to_be_of_type - PHOTO - Wrong type for value: 10.0 on line 15 should be int
2019-05-17 09:24:40,491 - IMMO - FR.LUXE - BELLESDEMEURES - 2019-04-01 00:00:00 - ERROR - FILE_CHECK - expect_column_values_to_be_of_type - PHOTO - Wrong type for value: 15.0 on line 16 should be int
2019-05-17 09:24:40,491 - IMMO - FR.LUXE - BELLESDEMEURES - 2019-04-01 00:00:00 - ERROR - FILE_CHECK - expect_column_values_to_be_of_type - PHOTO - Wrong type for value: 20.0 on line 17 should be int
2019-05-17 09:24:40,491 - IMMO - FR.LUXE - BELLESDEMEURES - 2019-04-01 00:00:00 - ERROR - FILE_CHECK - expect_column_values_to_be_of_type - PHOTO - Wrong type for value: 9.0 on line 18 should be int
2019-05-17 09:24:40,491 - IMMO - FR.LUXE - BELLESDEMEURES - 2019-04-01 00:00:00 - ERROR - FILE_CHECK - expect_column_values_to_be_of_type - PHOTO - Wrong type for value: 18.0 on line 19 should be int
2019-05-17 09:24:40,491 - IMMO - FR.LUXE - BELLESDEMEURES - 2019-04-01 00:00:00 - ERROR - STAT - expect_column_values_to_be_of_type - PHOTO - correctly filled rate (%) - 0.0
2019-05-17 09:24:40,491 - IMMO - FR.LUXE - BELLESDEMEURES - 2019-04-01 00:00:00 - ERROR - STAT - expect_column_values_to_not_be_null - PHOTO - correctly filled rate (%) - 98.49
2019-05-17 09:24:40,491 - IMMO - FR.LUXE - BELLESDEMEURES - 2019-04-01 00:00:00 - ERROR - STAT - expect_column_values_to_be_in_type_list - PHOTO - correctly filled rate (%) - 100.0
2019-05-17 09:24:40,491 - IMMO - FR.LUXE - BELLESDEMEURES - 2019-04-01 00:00:00 - ERROR - FILE_CHECK - expect_column_values_to_be_of_type - PIECE - Wrong type for value: 4.0 on line 0 should be int
2019-05-17 09:24:40,491 - IMMO - FR.LUXE - BELLESDEMEURES - 2019-04-01 00:00:00 - ERROR - FILE_CHECK - expect_column_values_to_be_of_type - PIECE - Wrong type for value: 7.0 on line 1 should be int
2019-05-17 09:24:40,491 - IMMO - FR.LUXE - BELLESDEMEURES - 2019-04-01 00:00:00 - ERROR - FILE_CHECK - expect_column_values_to_be_of_type - PIECE - Wrong type for value: 10.0 on line 2 should be int
2019-05-17 09:24:40,492 - IMMO - FR.LUXE - BELLESDEMEURES - 2019-04-01 00:00:00 - ERROR - FILE_CHECK - expect_column_values_to_be_of_type - PIECE - Wrong type for value: 3.0 on line 3 should be int
2019-05-17 09:24:40,492 - IMMO - FR.LUXE - BELLESDEMEURES - 2019-04-01 00:00:00 - ERROR - FILE_CHECK - expect_column_values_to_be_of_type - PIECE - Wrong type for value: 5.0 on line 4 should be int
2019-05-17 09:24:40,492 - IMMO - FR.LUXE - BELLESDEMEURES - 2019-04-01 00:00:00 - ERROR - FILE_CHECK - expect_column_values_to_be_of_type - PIECE - Wrong type for value: 2.0 on line 5 should be int
2019-05-17 09:24:40,492 - IMMO - FR.LUXE - BELLESDEMEURES - 2019-04-01 00:00:00 - ERROR - FILE_CHECK - expect_column_values_to_be_of_type - PIECE - Wrong type for value: 3.0 on line 6 should be int
2019-05-17 09:24:40,492 - IMMO - FR.LUXE - BELLESDEMEURES - 2019-04-01 00:00:00 - ERROR - FILE_CHECK - expect_column_values_to_be_of_type - PIECE - Wrong type for value: 4.0 on line 7 should be int
2019-05-17 09:24:40,492 - IMMO - FR.LUXE - BELLESDEMEURES - 2019-04-01 00:00:00 - ERROR - FILE_CHECK - expect_column_values_to_be_of_type - PIECE - Wrong type for value: 5.0 on line 8 should be int
2019-05-17 09:24:40,492 - IMMO - FR.LUXE - BELLESDEMEURES - 2019-04-01 00:00:00 - ERROR - FILE_CHECK - expect_column_values_to_be_of_type - PIECE - Wrong type for value: 12.0 on line 9 should be int
2019-05-17 09:24:40,492 - IMMO - FR.LUXE - BELLESDEMEURES - 2019-04-01 00:00:00 - ERROR - FILE_CHECK - expect_column_values_to_be_of_type - PIECE - Wrong type for value: 7.0 on line 10 should be int
2019-05-17 09:24:40,492 - IMMO - FR.LUXE - BELLESDEMEURES - 2019-04-01 00:00:00 - ERROR - FILE_CHECK - expect_column_values_to_be_of_type - PIECE - Wrong type for value: 9.0 on line 11 should be int
2019-05-17 09:24:40,492 - IMMO - FR.LUXE - BELLESDEMEURES - 2019-04-01 00:00:00 - ERROR - FILE_CHECK - expect_column_values_to_be_of_type - PIECE - Wrong type for value: 5.0 on line 12 should be int
2019-05-17 09:24:40,492 - IMMO - FR.LUXE - BELLESDEMEURES - 2019-04-01 00:00:00 - ERROR - FILE_CHECK - expect_column_values_to_be_of_type - PIECE - Wrong type for value: 6.0 on line 13 should be int
2019-05-17 09:24:40,492 - IMMO - FR.LUXE - BELLESDEMEURES - 2019-04-01 00:00:00 - ERROR - FILE_CHECK - expect_column_values_to_be_of_type - PIECE - Wrong type for value: 3.0 on line 14 should be int
2019-05-17 09:24:40,492 - IMMO - FR.LUXE - BELLESDEMEURES - 2019-04-01 00:00:00 - ERROR - FILE_CHECK - expect_column_values_to_be_of_type - PIECE - Wrong type for value: 9.0 on line 15 should be int
2019-05-17 09:24:40,492 - IMMO - FR.LUXE - BELLESDEMEURES - 2019-04-01 00:00:00 - ERROR - FILE_CHECK - expect_column_values_to_be_of_type - PIECE - Wrong type for value: 8.0 on line 16 should be int
2019-05-17 09:24:40,492 - IMMO - FR.LUXE - BELLESDEMEURES - 2019-04-01 00:00:00 - ERROR - FILE_CHECK - expect_column_values_to_be_of_type - PIECE - Wrong type for value: 8.0 on line 17 should be int
2019-05-17 09:24:40,492 - IMMO - FR.LUXE - BELLESDEMEURES - 2019-04-01 00:00:00 - ERROR - FILE_CHECK - expect_column_values_to_be_of_type - PIECE - Wrong type for value: 6.0 on line 18 should be int
2019-05-17 09:24:40,492 - IMMO - FR.LUXE - BELLESDEMEURES - 2019-04-01 00:00:00 - ERROR - FILE_CHECK - expect_column_values_to_be_of_type - PIECE - Wrong type for value: 7.0 on line 19 should be int
2019-05-17 09:24:40,492 - IMMO - FR.LUXE - BELLESDEMEURES - 2019-04-01 00:00:00 - ERROR - STAT - expect_column_values_to_be_of_type - PIECE - correctly filled rate (%) - 0.0
2019-05-17 09:24:40,492 - IMMO - FR.LUXE - BELLESDEMEURES - 2019-04-01 00:00:00 - ERROR - STAT - expect_column_values_to_not_be_null - PIECE - correctly filled rate (%) - 98.69
2019-05-17 09:24:40,493 - IMMO - FR.LUXE - BELLESDEMEURES - 2019-04-01 00:00:00 - ERROR - STAT - expect_column_values_to_be_in_type_list - PIECE - correctly filled rate (%) - 100.0
2019-05-17 09:24:40,493 - IMMO - FR.LUXE - BELLESDEMEURES - 2019-04-01 00:00:00 - ERROR - STAT - expect_column_values_to_be_of_type - PRIX - correctly filled rate (%) - 100.0
2019-05-17 09:24:40,493 - IMMO - FR.LUXE - BELLESDEMEURES - 2019-04-01 00:00:00 - ERROR - STAT - expect_column_values_to_not_be_null - PRIX - correctly filled rate (%) - 100.0
2019-05-17 09:24:40,493 - IMMO - FR.LUXE - BELLESDEMEURES - 2019-04-01 00:00:00 - ERROR - STAT - expect_column_values_to_not_be_null - PRO_IND - correctly filled rate (%) - 0.0
2019-05-17 09:24:40,493 - IMMO - FR.LUXE - BELLESDEMEURES - 2019-04-01 00:00:00 - ERROR - STAT - expect_column_values_to_not_be_null - REGION - correctly filled rate (%) - 98.92
2019-05-17 09:24:40,493 - IMMO - FR.LUXE - BELLESDEMEURES - 2019-04-01 00:00:00 - ERROR - STAT - expect_column_values_to_not_be_null - SELLER_TYPE - correctly filled rate (%) - 100.0
2019-05-17 09:24:40,493 - IMMO - FR.LUXE - BELLESDEMEURES - 2019-04-01 00:00:00 - ERROR - STAT - expect_column_values_to_match_regex - SELLER_TYPE - correctly filled rate (%) - 100.0
2019-05-17 09:24:40,493 - IMMO - FR.LUXE - BELLESDEMEURES - 2019-04-01 00:00:00 - ERROR - STAT - expect_column_values_to_match_regex - VILLE - correctly filled rate (%) - 99.99
2019-05-17 09:24:40,493 - IMMO - FR.LUXE - BELLESDEMEURES - 2019-04-01 00:00:00 - ERROR - STAT - expect_column_values_to_not_be_null - VILLE - correctly filled rate (%) - 100.0
2019-05-17 09:24:40,493 - IMMO - FR.LUXE - BELLESDEMEURES - 2019-04-01 00:00:00 - ERROR - STAT - expect_returning_row_count_on_conditions - DEALER_LISTINGS - total number of row with conditions - 28594
2019-05-17 09:24:40,493 - IMMO - FR.LUXE - BELLESDEMEURES - 2019-04-01 00:00:00 - ERROR - STAT - expect_returning_row_count_on_conditions - PRIVATE_LISTINGS - total number of row with conditions - 0
2019-05-17 09:24:40,493 - IMMO - FR.LUXE - BELLESDEMEURES - 2019-04-01 00:00:00 - ERROR - STAT - expect_returning_row_unique_count - VILLE - total number of unique rows - 3584
