2019-08-03 00:10:31,511 - IMMO - BR - OLX - 2019-07-01 00:00:00 - ERROR - STAT - expect_column_values_to_not_be_null - ACHAT_LOC - correctly filled rate (%) - 100.0
2019-08-03 00:10:31,511 - IMMO - BR - OLX - 2019-07-01 00:00:00 - ERROR - STAT - expect_column_values_to_be_in_set - ACHAT_LOC - correctly filled rate (%) - 100.0
2019-08-03 00:10:31,511 - IMMO - BR - OLX - 2019-07-01 00:00:00 - ERROR - STAT - expect_column_values_to_not_be_null - ADRESSE - correctly filled rate (%) - 0.0
2019-08-03 00:10:31,511 - IMMO - BR - OLX - 2019-07-01 00:00:00 - ERROR - STAT - expect_column_values_to_not_be_null - AGENCE_ADRESSE - correctly filled rate (%) - 0.0
2019-08-03 00:10:31,511 - IMMO - BR - OLX - 2019-07-01 00:00:00 - ERROR - STAT - expect_column_values_to_not_be_null - AGENCE_CP - correctly filled rate (%) - 0.0
2019-08-03 00:10:31,511 - IMMO - BR - OLX - 2019-07-01 00:00:00 - ERROR - STAT - expect_column_values_to_not_be_null - AGENCE_ID - correctly filled rate (%) - 100.0
2019-08-03 00:10:31,511 - IMMO - BR - OLX - 2019-07-01 00:00:00 - ERROR - STAT - expect_column_values_to_not_be_null - AGENCE_NOM - correctly filled rate (%) - 99.18
2019-08-03 00:10:31,511 - IMMO - BR - OLX - 2019-07-01 00:00:00 - ERROR - STAT - expect_column_values_to_be_phone_number - AGENCE_TEL - correctly filled rate (%) - 100.0
2019-08-03 00:10:31,511 - IMMO - BR - OLX - 2019-07-01 00:00:00 - ERROR - STAT - expect_column_values_to_not_be_null - AGENCE_TEL - correctly filled rate (%) - 99.74
2019-08-03 00:10:31,511 - IMMO - BR - OLX - 2019-07-01 00:00:00 - ERROR - STAT - expect_column_values_to_not_be_null - AGENCE_VILLE - correctly filled rate (%) - 0.0
2019-08-03 00:10:31,511 - IMMO - BR - OLX - 2019-07-01 00:00:00 - ERROR - STAT - expect_column_values_to_not_be_null - ANNONCE_DATE - correctly filled rate (%) - 100.0
2019-08-03 00:10:31,511 - IMMO - BR - OLX - 2019-07-01 00:00:00 - ERROR - STAT - expect_column_values_to_not_be_null - ANNONCE_LINK - correctly filled rate (%) - 100.0
2019-08-03 00:10:31,511 - IMMO - BR - OLX - 2019-07-01 00:00:00 - ERROR - STAT - expect_column_values_to_be_unique - ANNONCE_LINK - observed proportion - 100.0
2019-08-03 00:10:31,511 - IMMO - BR - OLX - 2019-07-01 00:00:00 - ERROR - STAT - expect_column_values_to_not_be_null - CP - correctly filled rate (%) - 99.07
2019-08-03 00:10:31,512 - IMMO - BR - OLX - 2019-07-01 00:00:00 - ERROR - STAT - expect_column_values_to_match_regex - CP - correctly filled rate (%) - 100.0
2019-08-03 00:10:31,512 - IMMO - BR - OLX - 2019-07-01 00:00:00 - ERROR - STAT - expect_column_values_to_not_be_null - DEPARTEMENT - correctly filled rate (%) - 100.0
2019-08-03 00:10:31,512 - IMMO - BR - OLX - 2019-07-01 00:00:00 - ERROR - STAT - expect_returning_row_count - EVERY_COLUMNS - total number of rows - 3156319
2019-08-03 00:10:31,512 - IMMO - BR - OLX - 2019-07-01 00:00:00 - ERROR - STAT - expect_column_values_to_not_be_null - ID_CLIENT - correctly filled rate (%) - 100.0
2019-08-03 00:10:31,512 - IMMO - BR - OLX - 2019-07-01 00:00:00 - ERROR - STAT - expect_column_values_to_be_unique - ID_CLIENT - observed proportion - 100.0
2019-08-03 00:10:31,512 - IMMO - BR - OLX - 2019-07-01 00:00:00 - ERROR - FILE_CHECK - expect_column_values_to_be_of_type - M2 - Wrong type for value: 600.0 on line 0 should be int
2019-08-03 00:10:31,512 - IMMO - BR - OLX - 2019-07-01 00:00:00 - ERROR - FILE_CHECK - expect_column_values_to_be_of_type - M2 - Wrong type for value: 5000.0 on line 1 should be int
2019-08-03 00:10:31,512 - IMMO - BR - OLX - 2019-07-01 00:00:00 - ERROR - FILE_CHECK - expect_column_values_to_be_of_type - M2 - Wrong type for value: 72.0 on line 2 should be int
2019-08-03 00:10:31,512 - IMMO - BR - OLX - 2019-07-01 00:00:00 - ERROR - FILE_CHECK - expect_column_values_to_be_of_type - M2 - Wrong type for value: 23000.0 on line 3 should be int
2019-08-03 00:10:31,513 - IMMO - BR - OLX - 2019-07-01 00:00:00 - ERROR - FILE_CHECK - expect_column_values_to_be_of_type - M2 - Wrong type for value: 145.0 on line 4 should be int
2019-08-03 00:10:31,513 - IMMO - BR - OLX - 2019-07-01 00:00:00 - ERROR - FILE_CHECK - expect_column_values_to_be_of_type - M2 - Wrong type for value: 120.0 on line 5 should be int
2019-08-03 00:10:31,513 - IMMO - BR - OLX - 2019-07-01 00:00:00 - ERROR - FILE_CHECK - expect_column_values_to_be_of_type - M2 - Wrong type for value: 76.0 on line 6 should be int
2019-08-03 00:10:31,513 - IMMO - BR - OLX - 2019-07-01 00:00:00 - ERROR - FILE_CHECK - expect_column_values_to_be_of_type - M2 - Wrong type for value: 0.0 on line 7 should be int
2019-08-03 00:10:31,513 - IMMO - BR - OLX - 2019-07-01 00:00:00 - ERROR - FILE_CHECK - expect_column_values_to_be_of_type - M2 - Wrong type for value: 150.0 on line 8 should be int
2019-08-03 00:10:31,513 - IMMO - BR - OLX - 2019-07-01 00:00:00 - ERROR - FILE_CHECK - expect_column_values_to_be_of_type - M2 - Wrong type for value: 53000.0 on line 9 should be int
2019-08-03 00:10:31,513 - IMMO - BR - OLX - 2019-07-01 00:00:00 - ERROR - FILE_CHECK - expect_column_values_to_be_of_type - M2 - Wrong type for value: 9550.0 on line 10 should be int
2019-08-03 00:10:31,513 - IMMO - BR - OLX - 2019-07-01 00:00:00 - ERROR - FILE_CHECK - expect_column_values_to_be_of_type - M2 - Wrong type for value: 0.0 on line 11 should be int
2019-08-03 00:10:31,513 - IMMO - BR - OLX - 2019-07-01 00:00:00 - ERROR - FILE_CHECK - expect_column_values_to_be_of_type - M2 - Wrong type for value: 1200.0 on line 12 should be int
2019-08-03 00:10:31,513 - IMMO - BR - OLX - 2019-07-01 00:00:00 - ERROR - FILE_CHECK - expect_column_values_to_be_of_type - M2 - Wrong type for value: 115.0 on line 13 should be int
2019-08-03 00:10:31,513 - IMMO - BR - OLX - 2019-07-01 00:00:00 - ERROR - FILE_CHECK - expect_column_values_to_be_of_type - M2 - Wrong type for value: 88258.0 on line 14 should be int
2019-08-03 00:10:31,513 - IMMO - BR - OLX - 2019-07-01 00:00:00 - ERROR - FILE_CHECK - expect_column_values_to_be_of_type - M2 - Wrong type for value: 250.0 on line 15 should be int
2019-08-03 00:10:31,513 - IMMO - BR - OLX - 2019-07-01 00:00:00 - ERROR - FILE_CHECK - expect_column_values_to_be_of_type - M2 - Wrong type for value: 275.0 on line 16 should be int
2019-08-03 00:10:31,513 - IMMO - BR - OLX - 2019-07-01 00:00:00 - ERROR - FILE_CHECK - expect_column_values_to_be_of_type - M2 - Wrong type for value: 113.0 on line 17 should be int
2019-08-03 00:10:31,513 - IMMO - BR - OLX - 2019-07-01 00:00:00 - ERROR - FILE_CHECK - expect_column_values_to_be_of_type - M2 - Wrong type for value: 0.0 on line 18 should be int
2019-08-03 00:10:31,513 - IMMO - BR - OLX - 2019-07-01 00:00:00 - ERROR - FILE_CHECK - expect_column_values_to_be_of_type - M2 - Wrong type for value: 0.0 on line 19 should be int
2019-08-03 00:10:31,513 - IMMO - BR - OLX - 2019-07-01 00:00:00 - ERROR - STAT - expect_column_values_to_be_of_type - M2 - correctly filled rate (%) - 0.0
2019-08-03 00:10:31,513 - IMMO - BR - OLX - 2019-07-01 00:00:00 - ERROR - STAT - expect_column_values_to_not_be_null - M2 - correctly filled rate (%) - 100.0
2019-08-03 00:10:31,514 - IMMO - BR - OLX - 2019-07-01 00:00:00 - ERROR - STAT - expect_column_values_to_not_be_null - MAISON_APT - correctly filled rate (%) - 100.0
2019-08-03 00:10:31,514 - IMMO - BR - OLX - 2019-07-01 00:00:00 - ERROR - STAT - expect_column_values_to_be_between - MAISON_APT - correctly filled rate (%) - 100.0
2019-08-03 00:10:31,514 - IMMO - BR - OLX - 2019-07-01 00:00:00 - ERROR - STAT - expect_column_values_to_not_be_null - MINI_SITE_ID - correctly filled rate (%) - 82.45
2019-08-03 00:10:31,514 - IMMO - BR - OLX - 2019-07-01 00:00:00 - ERROR - STAT - expect_column_values_to_not_be_null - NOM - correctly filled rate (%) - 96.84
2019-08-03 00:10:31,514 - IMMO - BR - OLX - 2019-07-01 00:00:00 - ERROR - STAT - expect_column_value_lengths_to_be_between - NOM - correctly filled rate (%) - 100.0
2019-08-03 00:10:31,514 - IMMO - BR - OLX - 2019-07-01 00:00:00 - ERROR - STAT - expect_column_values_to_not_be_null - PHOTO - correctly filled rate (%) - 100.0
2019-08-03 00:10:31,514 - IMMO - BR - OLX - 2019-07-01 00:00:00 - ERROR - STAT - expect_column_values_to_be_in_type_list - PHOTO - correctly filled rate (%) - 100.0
2019-08-03 00:10:31,514 - IMMO - BR - OLX - 2019-07-01 00:00:00 - ERROR - STAT - expect_column_values_to_not_be_null - PIECE - correctly filled rate (%) - 100.0
2019-08-03 00:10:31,514 - IMMO - BR - OLX - 2019-07-01 00:00:00 - ERROR - STAT - expect_column_values_to_be_in_type_list - PIECE - correctly filled rate (%) - 100.0
2019-08-03 00:10:31,514 - IMMO - BR - OLX - 2019-07-01 00:00:00 - ERROR - STAT - expect_column_values_to_be_of_type - PRIX - correctly filled rate (%) - 100.0
2019-08-03 00:10:31,514 - IMMO - BR - OLX - 2019-07-01 00:00:00 - ERROR - STAT - expect_column_values_to_not_be_null - PRIX - correctly filled rate (%) - 100.0
2019-08-03 00:10:31,514 - IMMO - BR - OLX - 2019-07-01 00:00:00 - ERROR - FILE_CHECK - expect_column_values_to_match_regex - VILLE - Unexpected value: São Pedro on line 1, value should match regexp ^[A-Za-z /]{2,}$
2019-08-03 00:10:31,514 - IMMO - BR - OLX - 2019-07-01 00:00:00 - ERROR - FILE_CHECK - expect_column_values_to_match_regex - VILLE - Unexpected value: Gravatá on line 3, value should match regexp ^[A-Za-z /]{2,}$
2019-08-03 00:10:31,514 - IMMO - BR - OLX - 2019-07-01 00:00:00 - ERROR - FILE_CHECK - expect_column_values_to_match_regex - VILLE - Unexpected value: Santo Antônio da Patrulha on line 9, value should match regexp ^[A-Za-z /]{2,}$
2019-08-03 00:10:31,514 - IMMO - BR - OLX - 2019-07-01 00:00:00 - ERROR - FILE_CHECK - expect_column_values_to_match_regex - VILLE - Unexpected value: Valença on line 10, value should match regexp ^[A-Za-z /]{2,}$
2019-08-03 00:10:31,514 - IMMO - BR - OLX - 2019-07-01 00:00:00 - ERROR - FILE_CHECK - expect_column_values_to_match_regex - VILLE - Unexpected value: João Pessoa on line 13, value should match regexp ^[A-Za-z /]{2,}$
2019-08-03 00:10:31,514 - IMMO - BR - OLX - 2019-07-01 00:00:00 - ERROR - FILE_CHECK - expect_column_values_to_match_regex - VILLE - Unexpected value: João Pessoa on line 15, value should match regexp ^[A-Za-z /]{2,}$
2019-08-03 00:10:31,515 - IMMO - BR - OLX - 2019-07-01 00:00:00 - ERROR - FILE_CHECK - expect_column_values_to_match_regex - VILLE - Unexpected value: 1 De Maio on line 20, value should match regexp ^[A-Za-z /]{2,}$
2019-08-03 00:10:31,515 - IMMO - BR - OLX - 2019-07-01 00:00:00 - ERROR - FILE_CHECK - expect_column_values_to_match_regex - VILLE - Unexpected value: Brasília on line 28, value should match regexp ^[A-Za-z /]{2,}$
2019-08-03 00:10:31,515 - IMMO - BR - OLX - 2019-07-01 00:00:00 - ERROR - FILE_CHECK - expect_column_values_to_match_regex - VILLE - Unexpected value: São José on line 29, value should match regexp ^[A-Za-z /]{2,}$
2019-08-03 00:10:31,515 - IMMO - BR - OLX - 2019-07-01 00:00:00 - ERROR - FILE_CHECK - expect_column_values_to_match_regex - VILLE - Unexpected value: Belém on line 31, value should match regexp ^[A-Za-z /]{2,}$
2019-08-03 00:10:31,515 - IMMO - BR - OLX - 2019-07-01 00:00:00 - ERROR - FILE_CHECK - expect_column_values_to_match_regex - VILLE - Unexpected value: Belém on line 32, value should match regexp ^[A-Za-z /]{2,}$
2019-08-03 00:10:31,515 - IMMO - BR - OLX - 2019-07-01 00:00:00 - ERROR - FILE_CHECK - expect_column_values_to_match_regex - VILLE - Unexpected value: Povo Novo, Rio Grande on line 33, value should match regexp ^[A-Za-z /]{2,}$
2019-08-03 00:10:31,515 - IMMO - BR - OLX - 2019-07-01 00:00:00 - ERROR - FILE_CHECK - expect_column_values_to_match_regex - VILLE - Unexpected value: Garça on line 34, value should match regexp ^[A-Za-z /]{2,}$
2019-08-03 00:10:31,515 - IMMO - BR - OLX - 2019-07-01 00:00:00 - ERROR - FILE_CHECK - expect_column_values_to_match_regex - VILLE - Unexpected value: Guarajuba, Camaçari on line 35, value should match regexp ^[A-Za-z /]{2,}$
2019-08-03 00:10:31,515 - IMMO - BR - OLX - 2019-07-01 00:00:00 - ERROR - FILE_CHECK - expect_column_values_to_match_regex - VILLE - Unexpected value: Araucária on line 37, value should match regexp ^[A-Za-z /]{2,}$
2019-08-03 00:10:31,515 - IMMO - BR - OLX - 2019-07-01 00:00:00 - ERROR - FILE_CHECK - expect_column_values_to_match_regex - VILLE - Unexpected value: Cambuí on line 42, value should match regexp ^[A-Za-z /]{2,}$
2019-08-03 00:10:31,515 - IMMO - BR - OLX - 2019-07-01 00:00:00 - ERROR - FILE_CHECK - expect_column_values_to_match_regex - VILLE - Unexpected value: Belém on line 45, value should match regexp ^[A-Za-z /]{2,}$
2019-08-03 00:10:31,515 - IMMO - BR - OLX - 2019-07-01 00:00:00 - ERROR - FILE_CHECK - expect_column_values_to_match_regex - VILLE - Unexpected value: Brasília on line 48, value should match regexp ^[A-Za-z /]{2,}$
2019-08-03 00:10:31,515 - IMMO - BR - OLX - 2019-07-01 00:00:00 - ERROR - FILE_CHECK - expect_column_values_to_match_regex - VILLE - Unexpected value: Palhoça on line 49, value should match regexp ^[A-Za-z /]{2,}$
2019-08-03 00:10:31,515 - IMMO - BR - OLX - 2019-07-01 00:00:00 - ERROR - FILE_CHECK - expect_column_values_to_match_regex - VILLE - Unexpected value: São Paulo on line 50, value should match regexp ^[A-Za-z /]{2,}$
2019-08-03 00:10:31,515 - IMMO - BR - OLX - 2019-07-01 00:00:00 - ERROR - STAT - expect_column_values_to_match_regex - VILLE - correctly filled rate (%) - 53.11
2019-08-03 00:10:31,515 - IMMO - BR - OLX - 2019-07-01 00:00:00 - ERROR - STAT - expect_column_values_to_not_be_null - VILLE - correctly filled rate (%) - 99.25
2019-08-03 00:10:31,515 - IMMO - BR - OLX - 2019-07-01 00:00:00 - ERROR - STAT - expect_returning_row_count_on_conditions - PRIVATE_LISTINGS - total number of row with conditions - 1625876
2019-08-03 00:10:31,515 - IMMO - BR - OLX - 2019-07-01 00:00:00 - ERROR - STAT - expect_returning_row_count_on_conditions - DEALER_LISTINGS - total number of row with conditions - 1530443
2019-08-03 00:10:31,516 - IMMO - BR - OLX - 2019-07-01 00:00:00 - ERROR - STAT - expect_returning_row_unique_count - VILLE - total number of unique rows - 5853
2019-08-03 00:10:31,516 - IMMO - BR - OLX - 2019-07-01 00:00:00 - ERROR - STAT - expect_returning_row_unique_count - DEPARTEMENT - total number of unique rows - 27
