2019-10-04 22:06:01,255 - VO - IT - SUBITO - 2019-09-01 00:00:00 - ERROR - STAT - expect_column_values_to_not_be_null - ADRESSE - correctly filled rate (%) - 0.64
2019-10-04 22:06:01,255 - VO - IT - SUBITO - 2019-09-01 00:00:00 - ERROR - STAT - expect_column_values_to_be_in_type_list - ANNEE - correctly filled rate (%) - 100.0
2019-10-04 22:06:01,255 - VO - IT - SUBITO - 2019-09-01 00:00:00 - ERROR - STAT - expect_column_values_to_be_between - ANNEE - correctly filled rate (%) - 96.47
2019-10-04 22:06:01,255 - VO - IT - SUBITO - 2019-09-01 00:00:00 - ERROR - STAT - expect_column_values_to_not_be_null - ANNEE - correctly filled rate (%) - 100.0
2019-10-04 22:06:01,255 - VO - IT - SUBITO - 2019-09-01 00:00:00 - ERROR - FILE_CHECK - expect_column_values_to_match_regex - ANNEE - Unexpected value: 0 on line 25425, value should match regexp ^[0-9]{4}$
2019-10-04 22:06:01,255 - VO - IT - SUBITO - 2019-09-01 00:00:00 - ERROR - FILE_CHECK - expect_column_values_to_match_regex - ANNEE - Unexpected value: 0 on line 39468, value should match regexp ^[0-9]{4}$
2019-10-04 22:06:01,255 - VO - IT - SUBITO - 2019-09-01 00:00:00 - ERROR - FILE_CHECK - expect_column_values_to_match_regex - ANNEE - Unexpected value: 0 on line 39851, value should match regexp ^[0-9]{4}$
2019-10-04 22:06:01,255 - VO - IT - SUBITO - 2019-09-01 00:00:00 - ERROR - FILE_CHECK - expect_column_values_to_match_regex - ANNEE - Unexpected value: 0 on line 39857, value should match regexp ^[0-9]{4}$
2019-10-04 22:06:01,255 - VO - IT - SUBITO - 2019-09-01 00:00:00 - ERROR - FILE_CHECK - expect_column_values_to_match_regex - ANNEE - Unexpected value: 0 on line 47925, value should match regexp ^[0-9]{4}$
2019-10-04 22:06:01,255 - VO - IT - SUBITO - 2019-09-01 00:00:00 - ERROR - FILE_CHECK - expect_column_values_to_match_regex - ANNEE - Unexpected value: 0 on line 56909, value should match regexp ^[0-9]{4}$
2019-10-04 22:06:01,255 - VO - IT - SUBITO - 2019-09-01 00:00:00 - ERROR - FILE_CHECK - expect_column_values_to_match_regex - ANNEE - Unexpected value: 0 on line 57963, value should match regexp ^[0-9]{4}$
2019-10-04 22:06:01,256 - VO - IT - SUBITO - 2019-09-01 00:00:00 - ERROR - FILE_CHECK - expect_column_values_to_match_regex - ANNEE - Unexpected value: 0 on line 57967, value should match regexp ^[0-9]{4}$
2019-10-04 22:06:01,256 - VO - IT - SUBITO - 2019-09-01 00:00:00 - ERROR - FILE_CHECK - expect_column_values_to_match_regex - ANNEE - Unexpected value: 0 on line 58848, value should match regexp ^[0-9]{4}$
2019-10-04 22:06:01,256 - VO - IT - SUBITO - 2019-09-01 00:00:00 - ERROR - FILE_CHECK - expect_column_values_to_match_regex - ANNEE - Unexpected value: 0 on line 59518, value should match regexp ^[0-9]{4}$
2019-10-04 22:06:01,256 - VO - IT - SUBITO - 2019-09-01 00:00:00 - ERROR - FILE_CHECK - expect_column_values_to_match_regex - ANNEE - Unexpected value: 0 on line 59704, value should match regexp ^[0-9]{4}$
2019-10-04 22:06:01,256 - VO - IT - SUBITO - 2019-09-01 00:00:00 - ERROR - FILE_CHECK - expect_column_values_to_match_regex - ANNEE - Unexpected value: 0 on line 59705, value should match regexp ^[0-9]{4}$
2019-10-04 22:06:01,256 - VO - IT - SUBITO - 2019-09-01 00:00:00 - ERROR - FILE_CHECK - expect_column_values_to_match_regex - ANNEE - Unexpected value: 0 on line 60387, value should match regexp ^[0-9]{4}$
2019-10-04 22:06:01,256 - VO - IT - SUBITO - 2019-09-01 00:00:00 - ERROR - FILE_CHECK - expect_column_values_to_match_regex - ANNEE - Unexpected value: 0 on line 60434, value should match regexp ^[0-9]{4}$
2019-10-04 22:06:01,256 - VO - IT - SUBITO - 2019-09-01 00:00:00 - ERROR - FILE_CHECK - expect_column_values_to_match_regex - ANNEE - Unexpected value: 0 on line 60455, value should match regexp ^[0-9]{4}$
2019-10-04 22:06:01,256 - VO - IT - SUBITO - 2019-09-01 00:00:00 - ERROR - FILE_CHECK - expect_column_values_to_match_regex - ANNEE - Unexpected value: 0 on line 60463, value should match regexp ^[0-9]{4}$
2019-10-04 22:06:01,256 - VO - IT - SUBITO - 2019-09-01 00:00:00 - ERROR - FILE_CHECK - expect_column_values_to_match_regex - ANNEE - Unexpected value: 0 on line 60464, value should match regexp ^[0-9]{4}$
2019-10-04 22:06:01,256 - VO - IT - SUBITO - 2019-09-01 00:00:00 - ERROR - FILE_CHECK - expect_column_values_to_match_regex - ANNEE - Unexpected value: 0 on line 60465, value should match regexp ^[0-9]{4}$
2019-10-04 22:06:01,256 - VO - IT - SUBITO - 2019-09-01 00:00:00 - ERROR - FILE_CHECK - expect_column_values_to_match_regex - ANNEE - Unexpected value: 0 on line 60466, value should match regexp ^[0-9]{4}$
2019-10-04 22:06:01,256 - VO - IT - SUBITO - 2019-09-01 00:00:00 - ERROR - FILE_CHECK - expect_column_values_to_match_regex - ANNEE - Unexpected value: 0 on line 60467, value should match regexp ^[0-9]{4}$
2019-10-04 22:06:01,256 - VO - IT - SUBITO - 2019-09-01 00:00:00 - ERROR - STAT - expect_column_values_to_match_regex - ANNEE - correctly filled rate (%) - 99.06
2019-10-04 22:06:01,256 - VO - IT - SUBITO - 2019-09-01 00:00:00 - ERROR - STAT - expect_column_values_to_not_be_null - ANNONCE_LINK - correctly filled rate (%) - 100.0
2019-10-04 22:06:01,256 - VO - IT - SUBITO - 2019-09-01 00:00:00 - ERROR - STAT - expect_column_values_to_be_unique - ANNONCE_LINK - observed proportion - 100.0
2019-10-04 22:06:01,256 - VO - IT - SUBITO - 2019-09-01 00:00:00 - ERROR - STAT - expect_column_values_to_not_be_null - CARBURANT - correctly filled rate (%) - 92.1
2019-10-04 22:06:01,257 - VO - IT - SUBITO - 2019-09-01 00:00:00 - ERROR - STAT - expect_column_values_to_not_be_null - CARROSSERIE - correctly filled rate (%) - 77.93
2019-10-04 22:06:01,257 - VO - IT - SUBITO - 2019-09-01 00:00:00 - ERROR - STAT - expect_column_values_to_not_be_null - CP - correctly filled rate (%) - 2.09
2019-10-04 22:06:01,257 - VO - IT - SUBITO - 2019-09-01 00:00:00 - ERROR - STAT - expect_column_values_to_match_regex - CP - correctly filled rate (%) - 100.0
2019-10-04 22:06:01,257 - VO - IT - SUBITO - 2019-09-01 00:00:00 - ERROR - STAT - expect_column_values_to_not_be_null - GARAGE_ID - correctly filled rate (%) - 6.06
2019-10-04 22:06:01,257 - VO - IT - SUBITO - 2019-09-01 00:00:00 - ERROR - STAT - expect_column_values_to_not_be_null - ID_CLIENT - correctly filled rate (%) - 100.0
2019-10-04 22:06:01,257 - VO - IT - SUBITO - 2019-09-01 00:00:00 - ERROR - STAT - expect_column_values_to_be_unique - ID_CLIENT - observed proportion - 100.0
2019-10-04 22:06:01,257 - VO - IT - SUBITO - 2019-09-01 00:00:00 - ERROR - STAT - expect_returning_row_count - EVERY_COLUMNS - total number of rows - 335458
2019-10-04 22:06:01,257 - VO - IT - SUBITO - 2019-09-01 00:00:00 - ERROR - STAT - expect_column_values_to_not_be_null - IMMAT - correctly filled rate (%) - 100.0
2019-10-04 22:06:01,257 - VO - IT - SUBITO - 2019-09-01 00:00:00 - ERROR - STAT - expect_column_values_to_be_in_type_list - KM - correctly filled rate (%) - 100.0
2019-10-04 22:06:01,257 - VO - IT - SUBITO - 2019-09-01 00:00:00 - ERROR - STAT - expect_column_values_to_not_be_null - KM - correctly filled rate (%) - 100.0
2019-10-04 22:06:01,257 - VO - IT - SUBITO - 2019-09-01 00:00:00 - ERROR - STAT - expect_column_values_to_be_in_type_list - LITRE - correctly filled rate (%) - 100.0
2019-10-04 22:06:01,257 - VO - IT - SUBITO - 2019-09-01 00:00:00 - ERROR - STAT - expect_column_values_to_not_be_null - LITRE - correctly filled rate (%) - 100.0
2019-10-04 22:06:01,257 - VO - IT - SUBITO - 2019-09-01 00:00:00 - ERROR - STAT - expect_column_values_to_not_be_null - MARQUE - correctly filled rate (%) - 100.0
2019-10-04 22:06:01,257 - VO - IT - SUBITO - 2019-09-01 00:00:00 - ERROR - STAT - expect_column_values_to_not_be_null - MODELE - correctly filled rate (%) - 100.0
2019-10-04 22:06:01,257 - VO - IT - SUBITO - 2019-09-01 00:00:00 - ERROR - STAT - expect_column_values_to_not_be_null - MOIS - correctly filled rate (%) - 100.0
2019-10-04 22:06:01,257 - VO - IT - SUBITO - 2019-09-01 00:00:00 - ERROR - FILE_CHECK - expect_column_values_to_be_between - MOIS - Unexpected value: 0 on line 0, value should be between 1 and 12
2019-10-04 22:06:01,258 - VO - IT - SUBITO - 2019-09-01 00:00:00 - ERROR - FILE_CHECK - expect_column_values_to_be_between - MOIS - Unexpected value: 0 on line 1, value should be between 1 and 12
2019-10-04 22:06:01,258 - VO - IT - SUBITO - 2019-09-01 00:00:00 - ERROR - FILE_CHECK - expect_column_values_to_be_between - MOIS - Unexpected value: 0 on line 2, value should be between 1 and 12
2019-10-04 22:06:01,258 - VO - IT - SUBITO - 2019-09-01 00:00:00 - ERROR - FILE_CHECK - expect_column_values_to_be_between - MOIS - Unexpected value: 0 on line 3, value should be between 1 and 12
2019-10-04 22:06:01,258 - VO - IT - SUBITO - 2019-09-01 00:00:00 - ERROR - FILE_CHECK - expect_column_values_to_be_between - MOIS - Unexpected value: 0 on line 4, value should be between 1 and 12
2019-10-04 22:06:01,258 - VO - IT - SUBITO - 2019-09-01 00:00:00 - ERROR - FILE_CHECK - expect_column_values_to_be_between - MOIS - Unexpected value: 0 on line 5, value should be between 1 and 12
2019-10-04 22:06:01,258 - VO - IT - SUBITO - 2019-09-01 00:00:00 - ERROR - FILE_CHECK - expect_column_values_to_be_between - MOIS - Unexpected value: 0 on line 6, value should be between 1 and 12
2019-10-04 22:06:01,258 - VO - IT - SUBITO - 2019-09-01 00:00:00 - ERROR - FILE_CHECK - expect_column_values_to_be_between - MOIS - Unexpected value: 0 on line 7, value should be between 1 and 12
2019-10-04 22:06:01,258 - VO - IT - SUBITO - 2019-09-01 00:00:00 - ERROR - FILE_CHECK - expect_column_values_to_be_between - MOIS - Unexpected value: 0 on line 8, value should be between 1 and 12
2019-10-04 22:06:01,258 - VO - IT - SUBITO - 2019-09-01 00:00:00 - ERROR - FILE_CHECK - expect_column_values_to_be_between - MOIS - Unexpected value: 0 on line 9, value should be between 1 and 12
2019-10-04 22:06:01,258 - VO - IT - SUBITO - 2019-09-01 00:00:00 - ERROR - FILE_CHECK - expect_column_values_to_be_between - MOIS - Unexpected value: 0 on line 10, value should be between 1 and 12
2019-10-04 22:06:01,258 - VO - IT - SUBITO - 2019-09-01 00:00:00 - ERROR - FILE_CHECK - expect_column_values_to_be_between - MOIS - Unexpected value: 0 on line 11, value should be between 1 and 12
2019-10-04 22:06:01,258 - VO - IT - SUBITO - 2019-09-01 00:00:00 - ERROR - FILE_CHECK - expect_column_values_to_be_between - MOIS - Unexpected value: 0 on line 12, value should be between 1 and 12
2019-10-04 22:06:01,258 - VO - IT - SUBITO - 2019-09-01 00:00:00 - ERROR - FILE_CHECK - expect_column_values_to_be_between - MOIS - Unexpected value: 0 on line 13, value should be between 1 and 12
2019-10-04 22:06:01,258 - VO - IT - SUBITO - 2019-09-01 00:00:00 - ERROR - FILE_CHECK - expect_column_values_to_be_between - MOIS - Unexpected value: 0 on line 14, value should be between 1 and 12
2019-10-04 22:06:01,258 - VO - IT - SUBITO - 2019-09-01 00:00:00 - ERROR - FILE_CHECK - expect_column_values_to_be_between - MOIS - Unexpected value: 0 on line 15, value should be between 1 and 12
2019-10-04 22:06:01,258 - VO - IT - SUBITO - 2019-09-01 00:00:00 - ERROR - FILE_CHECK - expect_column_values_to_be_between - MOIS - Unexpected value: 0 on line 16, value should be between 1 and 12
2019-10-04 22:06:01,258 - VO - IT - SUBITO - 2019-09-01 00:00:00 - ERROR - FILE_CHECK - expect_column_values_to_be_between - MOIS - Unexpected value: 0 on line 17, value should be between 1 and 12
2019-10-04 22:06:01,258 - VO - IT - SUBITO - 2019-09-01 00:00:00 - ERROR - FILE_CHECK - expect_column_values_to_be_between - MOIS - Unexpected value: 0 on line 18, value should be between 1 and 12
2019-10-04 22:06:01,258 - VO - IT - SUBITO - 2019-09-01 00:00:00 - ERROR - FILE_CHECK - expect_column_values_to_be_between - MOIS - Unexpected value: 0 on line 19, value should be between 1 and 12
2019-10-04 22:06:01,259 - VO - IT - SUBITO - 2019-09-01 00:00:00 - ERROR - STAT - expect_column_values_to_be_between - MOIS - correctly filled rate (%) - 0.0
2019-10-04 22:06:01,259 - VO - IT - SUBITO - 2019-09-01 00:00:00 - ERROR - STAT - expect_column_values_to_match_regex - MOIS - correctly filled rate (%) - 100.0
2019-10-04 22:06:01,259 - VO - IT - SUBITO - 2019-09-01 00:00:00 - ERROR - STAT - expect_column_values_to_not_be_null - NOM - correctly filled rate (%) - 100.0
2019-10-04 22:06:01,259 - VO - IT - SUBITO - 2019-09-01 00:00:00 - ERROR - FILE_CHECK - expect_column_value_lengths_to_be_between - NOM - Unexpected characters count of: [Classe A...] on line  63, value length should be between 10 and 255
2019-10-04 22:06:01,259 - VO - IT - SUBITO - 2019-09-01 00:00:00 - ERROR - FILE_CHECK - expect_column_value_lengths_to_be_between - NOM - Unexpected characters count of: [Aixam 400...] on line  65, value length should be between 10 and 255
2019-10-04 22:06:01,259 - VO - IT - SUBITO - 2019-09-01 00:00:00 - ERROR - FILE_CHECK - expect_column_value_lengths_to_be_between - NOM - Unexpected characters count of: [Audi A8...] on line  128, value length should be between 10 and 255
2019-10-04 22:06:01,259 - VO - IT - SUBITO - 2019-09-01 00:00:00 - ERROR - FILE_CHECK - expect_column_value_lengths_to_be_between - NOM - Unexpected characters count of: [X5 e 53...] on line  178, value length should be between 10 and 255
2019-10-04 22:06:01,259 - VO - IT - SUBITO - 2019-09-01 00:00:00 - ERROR - FILE_CHECK - expect_column_value_lengths_to_be_between - NOM - Unexpected characters count of: [Fiat 124...] on line  468, value length should be between 10 and 255
2019-10-04 22:06:01,259 - VO - IT - SUBITO - 2019-09-01 00:00:00 - ERROR - FILE_CHECK - expect_column_value_lengths_to_be_between - NOM - Unexpected characters count of: [Bianchia...] on line  708, value length should be between 10 and 255
2019-10-04 22:06:01,259 - VO - IT - SUBITO - 2019-09-01 00:00:00 - ERROR - FILE_CHECK - expect_column_value_lengths_to_be_between - NOM - Unexpected characters count of: [Leon gpl...] on line  717, value length should be between 10 and 255
2019-10-04 22:06:01,259 - VO - IT - SUBITO - 2019-09-01 00:00:00 - ERROR - FILE_CHECK - expect_column_value_lengths_to_be_between - NOM - Unexpected characters count of: [Fiat 1100...] on line  847, value length should be between 10 and 255
2019-10-04 22:06:01,259 - VO - IT - SUBITO - 2019-09-01 00:00:00 - ERROR - FILE_CHECK - expect_column_value_lengths_to_be_between - NOM - Unexpected characters count of: [Fiat 128...] on line  1071, value length should be between 10 and 255
2019-10-04 22:06:01,259 - VO - IT - SUBITO - 2019-09-01 00:00:00 - ERROR - FILE_CHECK - expect_column_value_lengths_to_be_between - NOM - Unexpected characters count of: [Fiat 500f...] on line  1184, value length should be between 10 and 255
2019-10-04 22:06:01,259 - VO - IT - SUBITO - 2019-09-01 00:00:00 - ERROR - FILE_CHECK - expect_column_value_lengths_to_be_between - NOM - Unexpected characters count of: [Panda 4x4...] on line  1323, value length should be between 10 and 255
2019-10-04 22:06:01,259 - VO - IT - SUBITO - 2019-09-01 00:00:00 - ERROR - FILE_CHECK - expect_column_value_lengths_to_be_between - NOM - Unexpected characters count of: [Mazda 3...] on line  1366, value length should be between 10 and 255
2019-10-04 22:06:01,259 - VO - IT - SUBITO - 2019-09-01 00:00:00 - ERROR - FILE_CHECK - expect_column_value_lengths_to_be_between - NOM - Unexpected characters count of: [Fiat 500R...] on line  1426, value length should be between 10 and 255
2019-10-04 22:06:01,259 - VO - IT - SUBITO - 2019-09-01 00:00:00 - ERROR - FILE_CHECK - expect_column_value_lengths_to_be_between - NOM - Unexpected characters count of: [Audi a4...] on line  1441, value length should be between 10 and 255
2019-10-04 22:06:01,260 - VO - IT - SUBITO - 2019-09-01 00:00:00 - ERROR - FILE_CHECK - expect_column_value_lengths_to_be_between - NOM - Unexpected characters count of: [Fiat 1300...] on line  1694, value length should be between 10 and 255
2019-10-04 22:06:01,260 - VO - IT - SUBITO - 2019-09-01 00:00:00 - ERROR - FILE_CHECK - expect_column_value_lengths_to_be_between - NOM - Unexpected characters count of: [Audi a3...] on line  1728, value length should be between 10 and 255
2019-10-04 22:06:01,260 - VO - IT - SUBITO - 2019-09-01 00:00:00 - ERROR - FILE_CHECK - expect_column_value_lengths_to_be_between - NOM - Unexpected characters count of: [Fiat 500...] on line  1832, value length should be between 10 and 255
2019-10-04 22:06:01,260 - VO - IT - SUBITO - 2019-09-01 00:00:00 - ERROR - FILE_CHECK - expect_column_value_lengths_to_be_between - NOM - Unexpected characters count of: [Kia Rio...] on line  1992, value length should be between 10 and 255
2019-10-04 22:06:01,260 - VO - IT - SUBITO - 2019-09-01 00:00:00 - ERROR - FILE_CHECK - expect_column_value_lengths_to_be_between - NOM - Unexpected characters count of: [Fiat 500...] on line  2022, value length should be between 10 and 255
2019-10-04 22:06:01,260 - VO - IT - SUBITO - 2019-09-01 00:00:00 - ERROR - FILE_CHECK - expect_column_value_lengths_to_be_between - NOM - Unexpected characters count of: [Panda 750...] on line  2043, value length should be between 10 and 255
2019-10-04 22:06:01,260 - VO - IT - SUBITO - 2019-09-01 00:00:00 - ERROR - STAT - expect_column_value_lengths_to_be_between - NOM - correctly filled rate (%) - 97.71
2019-10-04 22:06:01,260 - VO - IT - SUBITO - 2019-09-01 00:00:00 - ERROR - STAT - expect_column_values_to_not_be_null - OPTIONS - correctly filled rate (%) - 98.76
2019-10-04 22:06:01,260 - VO - IT - SUBITO - 2019-09-01 00:00:00 - ERROR - FILE_CHECK - expect_column_value_lengths_to_be_between - OPTIONS - Unexpected characters count of: [Causa vero inutilizz...] on line  2, value length should be between 0 and 255
2019-10-04 22:06:01,260 - VO - IT - SUBITO - 2019-09-01 00:00:00 - ERROR - FILE_CHECK - expect_column_value_lengths_to_be_between - OPTIONS - Unexpected characters count of: [Autovettura per amat...] on line  6, value length should be between 0 and 255
2019-10-04 22:06:01,260 - VO - IT - SUBITO - 2019-09-01 00:00:00 - ERROR - FILE_CHECK - expect_column_value_lengths_to_be_between - OPTIONS - Unexpected characters count of: [Bellissima Jaguar Da...] on line  8, value length should be between 0 and 255
2019-10-04 22:06:01,260 - VO - IT - SUBITO - 2019-09-01 00:00:00 - ERROR - FILE_CHECK - expect_column_value_lengths_to_be_between - OPTIONS - Unexpected characters count of: [Jaguar XJ8 3.2   Km:...] on line  10, value length should be between 0 and 255
2019-10-04 22:06:01,260 - VO - IT - SUBITO - 2019-09-01 00:00:00 - ERROR - FILE_CHECK - expect_column_value_lengths_to_be_between - OPTIONS - Unexpected characters count of: [Mercedes 250 - 8   V...] on line  12, value length should be between 0 and 255
2019-10-04 22:06:01,260 - VO - IT - SUBITO - 2019-09-01 00:00:00 - ERROR - FILE_CHECK - expect_column_value_lengths_to_be_between - OPTIONS - Unexpected characters count of: [LEGGETE BENE e COMPL...] on line  13, value length should be between 0 and 255
2019-10-04 22:06:01,260 - VO - IT - SUBITO - 2019-09-01 00:00:00 - ERROR - FILE_CHECK - expect_column_value_lengths_to_be_between - OPTIONS - Unexpected characters count of: [Vendo Pontiac Firebi...] on line  14, value length should be between 0 and 255
2019-10-04 22:06:01,260 - VO - IT - SUBITO - 2019-09-01 00:00:00 - ERROR - FILE_CHECK - expect_column_value_lengths_to_be_between - OPTIONS - Unexpected characters count of: [VW Maggiolone Cabrio...] on line  15, value length should be between 0 and 255
2019-10-04 22:06:01,260 - VO - IT - SUBITO - 2019-09-01 00:00:00 - ERROR - FILE_CHECK - expect_column_value_lengths_to_be_between - OPTIONS - Unexpected characters count of: [270-000 km. - taglia...] on line  16, value length should be between 0 and 255
2019-10-04 22:06:01,261 - VO - IT - SUBITO - 2019-09-01 00:00:00 - ERROR - FILE_CHECK - expect_column_value_lengths_to_be_between - OPTIONS - Unexpected characters count of: [Perfetta Bianchina P...] on line  18, value length should be between 0 and 255
2019-10-04 22:06:01,261 - VO - IT - SUBITO - 2019-09-01 00:00:00 - ERROR - FILE_CHECK - expect_column_value_lengths_to_be_between - OPTIONS - Unexpected characters count of: [A dir poco meravigli...] on line  19, value length should be between 0 and 255
2019-10-04 22:06:01,261 - VO - IT - SUBITO - 2019-09-01 00:00:00 - ERROR - FILE_CHECK - expect_column_value_lengths_to_be_between - OPTIONS - Unexpected characters count of: [Auto in ottime condi...] on line  20, value length should be between 0 and 255
2019-10-04 22:06:01,261 - VO - IT - SUBITO - 2019-09-01 00:00:00 - ERROR - FILE_CHECK - expect_column_value_lengths_to_be_between - OPTIONS - Unexpected characters count of: [FIAT Grande Punto   ...] on line  21, value length should be between 0 and 255
2019-10-04 22:06:01,261 - VO - IT - SUBITO - 2019-09-01 00:00:00 - ERROR - FILE_CHECK - expect_column_value_lengths_to_be_between - OPTIONS - Unexpected characters count of: [Strepitosa suzuki sa...] on line  22, value length should be between 0 and 255
2019-10-04 22:06:01,261 - VO - IT - SUBITO - 2019-09-01 00:00:00 - ERROR - FILE_CHECK - expect_column_value_lengths_to_be_between - OPTIONS - Unexpected characters count of: [Vettura, proveniente...] on line  23, value length should be between 0 and 255
2019-10-04 22:06:01,261 - VO - IT - SUBITO - 2019-09-01 00:00:00 - ERROR - FILE_CHECK - expect_column_value_lengths_to_be_between - OPTIONS - Unexpected characters count of: [Dotazioni extra/seri...] on line  24, value length should be between 0 and 255
2019-10-04 22:06:01,261 - VO - IT - SUBITO - 2019-09-01 00:00:00 - ERROR - FILE_CHECK - expect_column_value_lengths_to_be_between - OPTIONS - Unexpected characters count of: [Vendo L200 del 2006 ...] on line  25, value length should be between 0 and 255
2019-10-04 22:06:01,261 - VO - IT - SUBITO - 2019-09-01 00:00:00 - ERROR - FILE_CHECK - expect_column_value_lengths_to_be_between - OPTIONS - Unexpected characters count of: [... Toyota 4runner/A...] on line  28, value length should be between 0 and 255
2019-10-04 22:06:01,261 - VO - IT - SUBITO - 2019-09-01 00:00:00 - ERROR - FILE_CHECK - expect_column_value_lengths_to_be_between - OPTIONS - Unexpected characters count of: [Bmw 120d Msport full...] on line  29, value length should be between 0 and 255
2019-10-04 22:06:01,261 - VO - IT - SUBITO - 2019-09-01 00:00:00 - ERROR - FILE_CHECK - expect_column_value_lengths_to_be_between - OPTIONS - Unexpected characters count of: [AUTOVETTURA IN C/ VE...] on line  32, value length should be between 0 and 255
2019-10-04 22:06:01,261 - VO - IT - SUBITO - 2019-09-01 00:00:00 - ERROR - STAT - expect_column_value_lengths_to_be_between - OPTIONS - correctly filled rate (%) - 37.79
2019-10-04 22:06:01,261 - VO - IT - SUBITO - 2019-09-01 00:00:00 - ERROR - STAT - expect_column_values_to_be_in_type_list - PHOTO - correctly filled rate (%) - 100.0
2019-10-04 22:06:01,261 - VO - IT - SUBITO - 2019-09-01 00:00:00 - ERROR - STAT - expect_column_values_to_not_be_null - PHOTO - correctly filled rate (%) - 100.0
2019-10-04 22:06:01,261 - VO - IT - SUBITO - 2019-09-01 00:00:00 - ERROR - FILE_CHECK - expect_column_values_to_be_in_type_list - PLACE - Wrong type for value: 5.0 on line 1 should be in ['int']
2019-10-04 22:06:01,261 - VO - IT - SUBITO - 2019-09-01 00:00:00 - ERROR - FILE_CHECK - expect_column_values_to_be_in_type_list - PLACE - Wrong type for value: 4.0 on line 3 should be in ['int']
2019-10-04 22:06:01,261 - VO - IT - SUBITO - 2019-09-01 00:00:00 - ERROR - FILE_CHECK - expect_column_values_to_be_in_type_list - PLACE - Wrong type for value: 5.0 on line 4 should be in ['int']
2019-10-04 22:06:01,261 - VO - IT - SUBITO - 2019-09-01 00:00:00 - ERROR - FILE_CHECK - expect_column_values_to_be_in_type_list - PLACE - Wrong type for value: 5.0 on line 5 should be in ['int']
2019-10-04 22:06:01,262 - VO - IT - SUBITO - 2019-09-01 00:00:00 - ERROR - FILE_CHECK - expect_column_values_to_be_in_type_list - PLACE - Wrong type for value: 5.0 on line 6 should be in ['int']
2019-10-04 22:06:01,262 - VO - IT - SUBITO - 2019-09-01 00:00:00 - ERROR - FILE_CHECK - expect_column_values_to_be_in_type_list - PLACE - Wrong type for value: 4.0 on line 7 should be in ['int']
2019-10-04 22:06:01,262 - VO - IT - SUBITO - 2019-09-01 00:00:00 - ERROR - FILE_CHECK - expect_column_values_to_be_in_type_list - PLACE - Wrong type for value: 5.0 on line 8 should be in ['int']
2019-10-04 22:06:01,262 - VO - IT - SUBITO - 2019-09-01 00:00:00 - ERROR - FILE_CHECK - expect_column_values_to_be_in_type_list - PLACE - Wrong type for value: 3.0 on line 9 should be in ['int']
2019-10-04 22:06:01,262 - VO - IT - SUBITO - 2019-09-01 00:00:00 - ERROR - FILE_CHECK - expect_column_values_to_be_in_type_list - PLACE - Wrong type for value: 5.0 on line 10 should be in ['int']
2019-10-04 22:06:01,262 - VO - IT - SUBITO - 2019-09-01 00:00:00 - ERROR - FILE_CHECK - expect_column_values_to_be_in_type_list - PLACE - Wrong type for value: 5.0 on line 11 should be in ['int']
2019-10-04 22:06:01,262 - VO - IT - SUBITO - 2019-09-01 00:00:00 - ERROR - FILE_CHECK - expect_column_values_to_be_in_type_list - PLACE - Wrong type for value: 5.0 on line 12 should be in ['int']
2019-10-04 22:06:01,262 - VO - IT - SUBITO - 2019-09-01 00:00:00 - ERROR - FILE_CHECK - expect_column_values_to_be_in_type_list - PLACE - Wrong type for value: 2.0 on line 13 should be in ['int']
2019-10-04 22:06:01,262 - VO - IT - SUBITO - 2019-09-01 00:00:00 - ERROR - FILE_CHECK - expect_column_values_to_be_in_type_list - PLACE - Wrong type for value: 4.0 on line 15 should be in ['int']
2019-10-04 22:06:01,262 - VO - IT - SUBITO - 2019-09-01 00:00:00 - ERROR - FILE_CHECK - expect_column_values_to_be_in_type_list - PLACE - Wrong type for value: 5.0 on line 16 should be in ['int']
2019-10-04 22:06:01,262 - VO - IT - SUBITO - 2019-09-01 00:00:00 - ERROR - FILE_CHECK - expect_column_values_to_be_in_type_list - PLACE - Wrong type for value: 4.0 on line 18 should be in ['int']
2019-10-04 22:06:01,262 - VO - IT - SUBITO - 2019-09-01 00:00:00 - ERROR - FILE_CHECK - expect_column_values_to_be_in_type_list - PLACE - Wrong type for value: 5.0 on line 20 should be in ['int']
2019-10-04 22:06:01,262 - VO - IT - SUBITO - 2019-09-01 00:00:00 - ERROR - FILE_CHECK - expect_column_values_to_be_in_type_list - PLACE - Wrong type for value: 4.0 on line 22 should be in ['int']
2019-10-04 22:06:01,262 - VO - IT - SUBITO - 2019-09-01 00:00:00 - ERROR - FILE_CHECK - expect_column_values_to_be_in_type_list - PLACE - Wrong type for value: 5.0 on line 23 should be in ['int']
2019-10-04 22:06:01,262 - VO - IT - SUBITO - 2019-09-01 00:00:00 - ERROR - FILE_CHECK - expect_column_values_to_be_in_type_list - PLACE - Wrong type for value: 5.0 on line 24 should be in ['int']
2019-10-04 22:06:01,262 - VO - IT - SUBITO - 2019-09-01 00:00:00 - ERROR - FILE_CHECK - expect_column_values_to_be_in_type_list - PLACE - Wrong type for value: 5.0 on line 25 should be in ['int']
2019-10-04 22:06:01,262 - VO - IT - SUBITO - 2019-09-01 00:00:00 - ERROR - STAT - expect_column_values_to_be_in_type_list - PLACE - correctly filled rate (%) - 0.0
2019-10-04 22:06:01,263 - VO - IT - SUBITO - 2019-09-01 00:00:00 - ERROR - STAT - expect_column_values_to_not_be_null - PLACE - correctly filled rate (%) - 70.27
2019-10-04 22:06:01,263 - VO - IT - SUBITO - 2019-09-01 00:00:00 - ERROR - STAT - expect_column_values_to_not_be_null - PORTE - correctly filled rate (%) - 69.25
2019-10-04 22:06:01,263 - VO - IT - SUBITO - 2019-09-01 00:00:00 - ERROR - FILE_CHECK - expect_column_values_to_be_in_type_list - PORTE - Wrong type for value: 4/5 on line 0 should be in ['int', 'float']
2019-10-04 22:06:01,263 - VO - IT - SUBITO - 2019-09-01 00:00:00 - ERROR - FILE_CHECK - expect_column_values_to_be_in_type_list - PORTE - Wrong type for value: 4/5 on line 1 should be in ['int', 'float']
2019-10-04 22:06:01,263 - VO - IT - SUBITO - 2019-09-01 00:00:00 - ERROR - FILE_CHECK - expect_column_values_to_be_in_type_list - PORTE - Wrong type for value: 2/3 on line 3 should be in ['int', 'float']
2019-10-04 22:06:01,263 - VO - IT - SUBITO - 2019-09-01 00:00:00 - ERROR - FILE_CHECK - expect_column_values_to_be_in_type_list - PORTE - Wrong type for value: 4/5 on line 4 should be in ['int', 'float']
2019-10-04 22:06:01,263 - VO - IT - SUBITO - 2019-09-01 00:00:00 - ERROR - FILE_CHECK - expect_column_values_to_be_in_type_list - PORTE - Wrong type for value: 4/5 on line 6 should be in ['int', 'float']
2019-10-04 22:06:01,263 - VO - IT - SUBITO - 2019-09-01 00:00:00 - ERROR - FILE_CHECK - expect_column_values_to_be_in_type_list - PORTE - Wrong type for value: 2/3 on line 7 should be in ['int', 'float']
2019-10-04 22:06:01,263 - VO - IT - SUBITO - 2019-09-01 00:00:00 - ERROR - FILE_CHECK - expect_column_values_to_be_in_type_list - PORTE - Wrong type for value: 4/5 on line 8 should be in ['int', 'float']
2019-10-04 22:06:01,263 - VO - IT - SUBITO - 2019-09-01 00:00:00 - ERROR - FILE_CHECK - expect_column_values_to_be_in_type_list - PORTE - Wrong type for value: 4/5 on line 9 should be in ['int', 'float']
2019-10-04 22:06:01,263 - VO - IT - SUBITO - 2019-09-01 00:00:00 - ERROR - FILE_CHECK - expect_column_values_to_be_in_type_list - PORTE - Wrong type for value: 4/5 on line 10 should be in ['int', 'float']
2019-10-04 22:06:01,263 - VO - IT - SUBITO - 2019-09-01 00:00:00 - ERROR - FILE_CHECK - expect_column_values_to_be_in_type_list - PORTE - Wrong type for value: 4/5 on line 11 should be in ['int', 'float']
2019-10-04 22:06:01,263 - VO - IT - SUBITO - 2019-09-01 00:00:00 - ERROR - FILE_CHECK - expect_column_values_to_be_in_type_list - PORTE - Wrong type for value: 4/5 on line 12 should be in ['int', 'float']
2019-10-04 22:06:01,263 - VO - IT - SUBITO - 2019-09-01 00:00:00 - ERROR - FILE_CHECK - expect_column_values_to_be_in_type_list - PORTE - Wrong type for value: 2/3 on line 13 should be in ['int', 'float']
2019-10-04 22:06:01,263 - VO - IT - SUBITO - 2019-09-01 00:00:00 - ERROR - FILE_CHECK - expect_column_values_to_be_in_type_list - PORTE - Wrong type for value: 2/3 on line 15 should be in ['int', 'float']
2019-10-04 22:06:01,263 - VO - IT - SUBITO - 2019-09-01 00:00:00 - ERROR - FILE_CHECK - expect_column_values_to_be_in_type_list - PORTE - Wrong type for value: 4/5 on line 16 should be in ['int', 'float']
2019-10-04 22:06:01,263 - VO - IT - SUBITO - 2019-09-01 00:00:00 - ERROR - FILE_CHECK - expect_column_values_to_be_in_type_list - PORTE - Wrong type for value: 2/3 on line 18 should be in ['int', 'float']
2019-10-04 22:06:01,264 - VO - IT - SUBITO - 2019-09-01 00:00:00 - ERROR - FILE_CHECK - expect_column_values_to_be_in_type_list - PORTE - Wrong type for value: 2/3 on line 19 should be in ['int', 'float']
2019-10-04 22:06:01,264 - VO - IT - SUBITO - 2019-09-01 00:00:00 - ERROR - FILE_CHECK - expect_column_values_to_be_in_type_list - PORTE - Wrong type for value: 4/5 on line 20 should be in ['int', 'float']
2019-10-04 22:06:01,264 - VO - IT - SUBITO - 2019-09-01 00:00:00 - ERROR - FILE_CHECK - expect_column_values_to_be_in_type_list - PORTE - Wrong type for value: 2/3 on line 22 should be in ['int', 'float']
2019-10-04 22:06:01,264 - VO - IT - SUBITO - 2019-09-01 00:00:00 - ERROR - FILE_CHECK - expect_column_values_to_be_in_type_list - PORTE - Wrong type for value: 4/5 on line 23 should be in ['int', 'float']
2019-10-04 22:06:01,264 - VO - IT - SUBITO - 2019-09-01 00:00:00 - ERROR - FILE_CHECK - expect_column_values_to_be_in_type_list - PORTE - Wrong type for value: 4/5 on line 24 should be in ['int', 'float']
2019-10-04 22:06:01,264 - VO - IT - SUBITO - 2019-09-01 00:00:00 - ERROR - STAT - expect_column_values_to_be_in_type_list - PORTE - correctly filled rate (%) - 0.0
2019-10-04 22:06:01,264 - VO - IT - SUBITO - 2019-09-01 00:00:00 - ERROR - STAT - expect_column_values_to_be_in_type_list - PRIX - correctly filled rate (%) - 100.0
2019-10-04 22:06:01,264 - VO - IT - SUBITO - 2019-09-01 00:00:00 - ERROR - STAT - expect_column_values_to_not_be_null - PRIX - correctly filled rate (%) - 100.0
2019-10-04 22:06:01,264 - VO - IT - SUBITO - 2019-09-01 00:00:00 - ERROR - STAT - expect_column_values_to_not_be_null - PROVINCE - correctly filled rate (%) - 98.91
2019-10-04 22:06:01,264 - VO - IT - SUBITO - 2019-09-01 00:00:00 - ERROR - STAT - expect_column_values_to_not_be_null - SITE - correctly filled rate (%) - 100.0
2019-10-04 22:06:01,264 - VO - IT - SUBITO - 2019-09-01 00:00:00 - ERROR - STAT - expect_column_values_to_not_be_null - TELEPHONE - correctly filled rate (%) - 91.44
2019-10-04 22:06:01,264 - VO - IT - SUBITO - 2019-09-01 00:00:00 - ERROR - STAT - expect_column_values_to_be_phone_number - TELEPHONE - correctly filled rate (%) - 99.99
2019-10-04 22:06:01,264 - VO - IT - SUBITO - 2019-09-01 00:00:00 - ERROR - STAT - expect_column_values_to_not_be_null - TYPE - correctly filled rate (%) - 100.0
2019-10-04 22:06:01,264 - VO - IT - SUBITO - 2019-09-01 00:00:00 - ERROR - STAT - expect_column_values_to_be_in_set_2 - TYPE - observed proportion - 100.0
2019-10-04 22:06:01,264 - VO - IT - SUBITO - 2019-09-01 00:00:00 - ERROR - STAT - expect_column_values_to_not_be_null - VILLE - correctly filled rate (%) - 100.0
2019-10-04 22:06:01,264 - VO - IT - SUBITO - 2019-09-01 00:00:00 - ERROR - STAT - expect_column_values_to_not_be_null - VN_IND - correctly filled rate (%) - 98.91
2019-10-04 22:06:01,265 - VO - IT - SUBITO - 2019-09-01 00:00:00 - ERROR - STAT - expect_column_values_to_be_in_set - VN_IND - correctly filled rate (%) - 100.0
2019-10-04 22:06:01,265 - VO - IT - SUBITO - 2019-09-01 00:00:00 - ERROR - STAT - expect_returning_row_count_on_conditions - DEALER_USEDCARS - total number of row with conditions - 186215
2019-10-04 22:06:01,265 - VO - IT - SUBITO - 2019-09-01 00:00:00 - ERROR - STAT - expect_returning_row_count_on_conditions - PRIVATE_USEDCARS - total number of row with conditions - 149243
2019-10-04 22:06:01,265 - VO - IT - SUBITO - 2019-09-01 00:00:00 - ERROR - STAT - expect_returning_row_unique_count - MARQUE_CORRECTED - total number of unique rows - 180
2019-10-04 22:06:01,265 - VO - IT - SUBITO - 2019-09-01 00:00:00 - ERROR - STAT - expect_returning_row_unique_count - MODELE_CORRECTED - total number of unique rows - 1413
2019-10-04 22:06:01,265 - VO - IT - SUBITO - 2019-09-01 00:00:00 - ERROR - STAT - expect_returning_row_unique_count - CARROSSERIE - total number of unique rows - 9
2019-10-04 22:06:01,265 - VO - IT - SUBITO - 2019-09-01 00:00:00 - ERROR - STAT - expect_returning_row_unique_count - CARBURANT - total number of unique rows - 10
2019-10-04 22:06:01,265 - VO - IT - SUBITO - 2019-09-01 00:00:00 - ERROR - STAT - expect_column_values_to_not_be_null - CYLINDRE - correctly filled rate (%) - 0.0
2019-10-04 22:06:01,265 - VO - IT - SUBITO - 2019-09-01 00:00:00 - ERROR - STAT - expect_returning_row_unique_count - PROVINCE - total number of unique rows - 109
2019-10-04 22:06:01,265 - VO - IT - SUBITO - 2019-09-01 00:00:00 - ERROR - STAT - expect_returning_row_unique_count - VILLE - total number of unique rows - 6356
2019-10-04 22:06:01,265 - VO - IT - SUBITO - 2019-09-01 00:00:00 - ERROR - STAT - expect_returning_row_unique_count - DEPARTEMENT - total number of unique rows - 108
