2019-11-20 22:01:27,597 - IMMO - FR.CONSTRUIRE - ACHATTERRAIN - 2019-11-01 00:00:00 - ERROR - FILE_VALIDATE - expect_file_to_be_validated - EVERY_COLUMNS - False - 0
2019-11-20 22:01:27,597 - IMMO - FR.CONSTRUIRE - ACHATTERRAIN - 2019-11-01 00:00:00 - ERROR - STAT - expect_column_values_to_not_be_null - ACHAT_LOC - correctly filled rate (%) - 100.0
2019-11-20 22:01:27,597 - IMMO - FR.CONSTRUIRE - ACHATTERRAIN - 2019-11-01 00:00:00 - ERROR - FILE_VALIDATE - expect_column_values_to_not_be_null - ACHAT_LOC - True - 1
2019-11-20 22:01:27,597 - IMMO - FR.CONSTRUIRE - ACHATTERRAIN - 2019-11-01 00:00:00 - ERROR - STAT - expect_column_values_to_be_in_set - ACHAT_LOC - correctly filled rate (%) - 100.0
2019-11-20 22:01:27,597 - IMMO - FR.CONSTRUIRE - ACHATTERRAIN - 2019-11-01 00:00:00 - ERROR - FILE_VALIDATE - expect_column_values_to_be_in_set - ACHAT_LOC - True - 1
2019-11-20 22:01:27,598 - IMMO - FR.CONSTRUIRE - ACHATTERRAIN - 2019-11-01 00:00:00 - ERROR - STAT - expect_column_values_to_not_be_null - ADRESSE - correctly filled rate (%) - 0.0
2019-11-20 22:01:27,598 - IMMO - FR.CONSTRUIRE - ACHATTERRAIN - 2019-11-01 00:00:00 - ERROR - FILE_VALIDATE - expect_column_values_to_not_be_null - ADRESSE - False - 0
2019-11-20 22:01:27,598 - IMMO - FR.CONSTRUIRE - ACHATTERRAIN - 2019-11-01 00:00:00 - ERROR - STAT - expect_column_values_to_not_be_null - AGENCE_ADRESSE - correctly filled rate (%) - 98.12
2019-11-20 22:01:27,598 - IMMO - FR.CONSTRUIRE - ACHATTERRAIN - 2019-11-01 00:00:00 - ERROR - FILE_VALIDATE - expect_column_values_to_not_be_null - AGENCE_ADRESSE - True - 1
2019-11-20 22:01:27,598 - IMMO - FR.CONSTRUIRE - ACHATTERRAIN - 2019-11-01 00:00:00 - ERROR - STAT - expect_column_values_to_not_be_null - AGENCE_CP - correctly filled rate (%) - 94.84
2019-11-20 22:01:27,598 - IMMO - FR.CONSTRUIRE - ACHATTERRAIN - 2019-11-01 00:00:00 - ERROR - FILE_VALIDATE - expect_column_values_to_not_be_null - AGENCE_CP - True - 1
2019-11-20 22:01:27,598 - IMMO - FR.CONSTRUIRE - ACHATTERRAIN - 2019-11-01 00:00:00 - ERROR - STAT - expect_column_values_to_match_regex - AGENCE_CP - correctly filled rate (%) - 100.0
2019-11-20 22:01:27,598 - IMMO - FR.CONSTRUIRE - ACHATTERRAIN - 2019-11-01 00:00:00 - ERROR - FILE_VALIDATE - expect_column_values_to_match_regex - AGENCE_CP - True - 1
2019-11-20 22:01:27,598 - IMMO - FR.CONSTRUIRE - ACHATTERRAIN - 2019-11-01 00:00:00 - ERROR - STAT - expect_column_values_to_not_be_null - AGENCE_NOM - correctly filled rate (%) - 99.64
2019-11-20 22:01:27,598 - IMMO - FR.CONSTRUIRE - ACHATTERRAIN - 2019-11-01 00:00:00 - ERROR - FILE_VALIDATE - expect_column_values_to_not_be_null - AGENCE_NOM - True - 1
2019-11-20 22:01:27,598 - IMMO - FR.CONSTRUIRE - ACHATTERRAIN - 2019-11-01 00:00:00 - ERROR - STAT - expect_column_values_to_be_phone_number - AGENCE_TEL - correctly filled rate (%) - 100.0
2019-11-20 22:01:27,598 - IMMO - FR.CONSTRUIRE - ACHATTERRAIN - 2019-11-01 00:00:00 - ERROR - FILE_VALIDATE - expect_column_values_to_be_phone_number - AGENCE_TEL - True - 1
2019-11-20 22:01:27,598 - IMMO - FR.CONSTRUIRE - ACHATTERRAIN - 2019-11-01 00:00:00 - ERROR - STAT - expect_column_values_to_not_be_null - AGENCE_TEL - correctly filled rate (%) - 99.95
2019-11-20 22:01:27,598 - IMMO - FR.CONSTRUIRE - ACHATTERRAIN - 2019-11-01 00:00:00 - ERROR - FILE_VALIDATE - expect_column_values_to_not_be_null - AGENCE_TEL - True - 1
2019-11-20 22:01:27,598 - IMMO - FR.CONSTRUIRE - ACHATTERRAIN - 2019-11-01 00:00:00 - ERROR - STAT - expect_column_values_to_not_be_null - AGENCE_VILLE - correctly filled rate (%) - 94.83
2019-11-20 22:01:27,598 - IMMO - FR.CONSTRUIRE - ACHATTERRAIN - 2019-11-01 00:00:00 - ERROR - FILE_VALIDATE - expect_column_values_to_not_be_null - AGENCE_VILLE - True - 1
2019-11-20 22:01:27,598 - IMMO - FR.CONSTRUIRE - ACHATTERRAIN - 2019-11-01 00:00:00 - ERROR - STAT - expect_column_values_to_not_be_null - ANNONCE_DATE - correctly filled rate (%) - 100.0
2019-11-20 22:01:27,598 - IMMO - FR.CONSTRUIRE - ACHATTERRAIN - 2019-11-01 00:00:00 - ERROR - FILE_VALIDATE - expect_column_values_to_not_be_null - ANNONCE_DATE - True - 1
2019-11-20 22:01:27,599 - IMMO - FR.CONSTRUIRE - ACHATTERRAIN - 2019-11-01 00:00:00 - ERROR - STAT - expect_column_values_to_not_be_null - ANNONCE_LINK - correctly filled rate (%) - 100.0
2019-11-20 22:01:27,599 - IMMO - FR.CONSTRUIRE - ACHATTERRAIN - 2019-11-01 00:00:00 - ERROR - FILE_VALIDATE - expect_column_values_to_not_be_null - ANNONCE_LINK - True - 1
2019-11-20 22:01:27,599 - IMMO - FR.CONSTRUIRE - ACHATTERRAIN - 2019-11-01 00:00:00 - ERROR - STAT - expect_column_values_to_be_unique - ANNONCE_LINK - observed proportion - 100.0
2019-11-20 22:01:27,599 - IMMO - FR.CONSTRUIRE - ACHATTERRAIN - 2019-11-01 00:00:00 - ERROR - FILE_VALIDATE - expect_column_values_to_be_unique - ANNONCE_LINK - True - 1
2019-11-20 22:01:27,599 - IMMO - FR.CONSTRUIRE - ACHATTERRAIN - 2019-11-01 00:00:00 - ERROR - FILE_CHECK - expect_column_value_lengths_to_be_between - ANNONCE_TEXT - Unexpected characters count of: [Terrain plat, écoles...] on line  146, value length should be between 0 and 255
2019-11-20 22:01:27,599 - IMMO - FR.CONSTRUIRE - ACHATTERRAIN - 2019-11-01 00:00:00 - ERROR - FILE_CHECK - expect_column_value_lengths_to_be_between - ANNONCE_TEXT - Unexpected characters count of: [TERRAIN PLAT VIABILI...] on line  215, value length should be between 0 and 255
2019-11-20 22:01:27,599 - IMMO - FR.CONSTRUIRE - ACHATTERRAIN - 2019-11-01 00:00:00 - ERROR - FILE_CHECK - expect_column_value_lengths_to_be_between - ANNONCE_TEXT - Unexpected characters count of: [Terrain plat, viabil...] on line  216, value length should be between 0 and 255
2019-11-20 22:01:27,599 - IMMO - FR.CONSTRUIRE - ACHATTERRAIN - 2019-11-01 00:00:00 - ERROR - FILE_CHECK - expect_column_value_lengths_to_be_between - ANNONCE_TEXT - Unexpected characters count of: [Étudions ensemble vo...] on line  279, value length should be between 0 and 255
2019-11-20 22:01:27,599 - IMMO - FR.CONSTRUIRE - ACHATTERRAIN - 2019-11-01 00:00:00 - ERROR - FILE_CHECK - expect_column_value_lengths_to_be_between - ANNONCE_TEXT - Unexpected characters count of: [Terrain plat commerc...] on line  306, value length should be between 0 and 255
2019-11-20 22:01:27,599 - IMMO - FR.CONSTRUIRE - ACHATTERRAIN - 2019-11-01 00:00:00 - ERROR - FILE_CHECK - expect_column_value_lengths_to_be_between - ANNONCE_TEXT - Unexpected characters count of: [Terrain plat commerc...] on line  308, value length should be between 0 and 255
2019-11-20 22:01:27,599 - IMMO - FR.CONSTRUIRE - ACHATTERRAIN - 2019-11-01 00:00:00 - ERROR - FILE_CHECK - expect_column_value_lengths_to_be_between - ANNONCE_TEXT - Unexpected characters count of: [Réalisez enfin votre...] on line  340, value length should be between 0 and 255
2019-11-20 22:01:27,599 - IMMO - FR.CONSTRUIRE - ACHATTERRAIN - 2019-11-01 00:00:00 - ERROR - FILE_CHECK - expect_column_value_lengths_to_be_between - ANNONCE_TEXT - Unexpected characters count of: [Réalisez votre proje...] on line  636, value length should be between 0 and 255
2019-11-20 22:01:27,599 - IMMO - FR.CONSTRUIRE - ACHATTERRAIN - 2019-11-01 00:00:00 - ERROR - FILE_CHECK - expect_column_value_lengths_to_be_between - ANNONCE_TEXT - Unexpected characters count of: [Maison Familiale vou...] on line  672, value length should be between 0 and 255
2019-11-20 22:01:27,599 - IMMO - FR.CONSTRUIRE - ACHATTERRAIN - 2019-11-01 00:00:00 - ERROR - FILE_CHECK - expect_column_value_lengths_to_be_between - ANNONCE_TEXT - Unexpected characters count of: [Réalisez votre maiso...] on line  731, value length should be between 0 and 255
2019-11-20 22:01:27,599 - IMMO - FR.CONSTRUIRE - ACHATTERRAIN - 2019-11-01 00:00:00 - ERROR - FILE_CHECK - expect_column_value_lengths_to_be_between - ANNONCE_TEXT - Unexpected characters count of: [Terrain de 963m² pos...] on line  755, value length should be between 0 and 255
2019-11-20 22:01:27,599 - IMMO - FR.CONSTRUIRE - ACHATTERRAIN - 2019-11-01 00:00:00 - ERROR - FILE_CHECK - expect_column_value_lengths_to_be_between - ANNONCE_TEXT - Unexpected characters count of: [PRIX EN BAISSE, Pier...] on line  757, value length should be between 0 and 255
2019-11-20 22:01:27,599 - IMMO - FR.CONSTRUIRE - ACHATTERRAIN - 2019-11-01 00:00:00 - ERROR - FILE_CHECK - expect_column_value_lengths_to_be_between - ANNONCE_TEXT - Unexpected characters count of: [TERRAIN A BATIR situ...] on line  761, value length should be between 0 and 255
2019-11-20 22:01:27,599 - IMMO - FR.CONSTRUIRE - ACHATTERRAIN - 2019-11-01 00:00:00 - ERROR - FILE_CHECK - expect_column_value_lengths_to_be_between - ANNONCE_TEXT - Unexpected characters count of: [Parcelle de 2 600 m2...] on line  762, value length should be between 0 and 255
2019-11-20 22:01:27,600 - IMMO - FR.CONSTRUIRE - ACHATTERRAIN - 2019-11-01 00:00:00 - ERROR - FILE_CHECK - expect_column_value_lengths_to_be_between - ANNONCE_TEXT - Unexpected characters count of: [Terrain constructibl...] on line  784, value length should be between 0 and 255
2019-11-20 22:01:27,600 - IMMO - FR.CONSTRUIRE - ACHATTERRAIN - 2019-11-01 00:00:00 - ERROR - FILE_CHECK - expect_column_value_lengths_to_be_between - ANNONCE_TEXT - Unexpected characters count of: [agréable lotissement...] on line  855, value length should be between 0 and 255
2019-11-20 22:01:27,600 - IMMO - FR.CONSTRUIRE - ACHATTERRAIN - 2019-11-01 00:00:00 - ERROR - FILE_CHECK - expect_column_value_lengths_to_be_between - ANNONCE_TEXT - Unexpected characters count of: [<br />En plein coeur...] on line  894, value length should be between 0 and 255
2019-11-20 22:01:27,600 - IMMO - FR.CONSTRUIRE - ACHATTERRAIN - 2019-11-01 00:00:00 - ERROR - FILE_CHECK - expect_column_value_lengths_to_be_between - ANNONCE_TEXT - Unexpected characters count of: [Elisabeth Verstraete...] on line  918, value length should be between 0 and 255
2019-11-20 22:01:27,600 - IMMO - FR.CONSTRUIRE - ACHATTERRAIN - 2019-11-01 00:00:00 - ERROR - FILE_CHECK - expect_column_value_lengths_to_be_between - ANNONCE_TEXT - Unexpected characters count of: [tres beau terrain a ...] on line  921, value length should be between 0 and 255
2019-11-20 22:01:27,600 - IMMO - FR.CONSTRUIRE - ACHATTERRAIN - 2019-11-01 00:00:00 - ERROR - FILE_CHECK - expect_column_value_lengths_to_be_between - ANNONCE_TEXT - Unexpected characters count of: [lot de 1000m ² parti...] on line  923, value length should be between 0 and 255
2019-11-20 22:01:27,600 - IMMO - FR.CONSTRUIRE - ACHATTERRAIN - 2019-11-01 00:00:00 - ERROR - STAT - expect_column_value_lengths_to_be_between - ANNONCE_TEXT - correctly filled rate (%) - 89.7
2019-11-20 22:01:27,600 - IMMO - FR.CONSTRUIRE - ACHATTERRAIN - 2019-11-01 00:00:00 - ERROR - FILE_VALIDATE - expect_column_value_lengths_to_be_between - ANNONCE_TEXT - False - 0
2019-11-20 22:01:27,600 - IMMO - FR.CONSTRUIRE - ACHATTERRAIN - 2019-11-01 00:00:00 - ERROR - STAT - expect_column_values_to_not_be_null - ANNONCE_TEXT - correctly filled rate (%) - 99.94
2019-11-20 22:01:27,600 - IMMO - FR.CONSTRUIRE - ACHATTERRAIN - 2019-11-01 00:00:00 - ERROR - FILE_VALIDATE - expect_column_values_to_not_be_null - ANNONCE_TEXT - False - 0
2019-11-20 22:01:27,600 - IMMO - FR.CONSTRUIRE - ACHATTERRAIN - 2019-11-01 00:00:00 - ERROR - STAT - expect_column_values_to_not_be_null - CATEGORIE - correctly filled rate (%) - 100.0
2019-11-20 22:01:27,600 - IMMO - FR.CONSTRUIRE - ACHATTERRAIN - 2019-11-01 00:00:00 - ERROR - FILE_VALIDATE - expect_column_values_to_not_be_null - CATEGORIE - True - 1
2019-11-20 22:01:27,600 - IMMO - FR.CONSTRUIRE - ACHATTERRAIN - 2019-11-01 00:00:00 - ERROR - STAT - expect_column_values_to_not_be_null - CP - correctly filled rate (%) - 100.0
2019-11-20 22:01:27,600 - IMMO - FR.CONSTRUIRE - ACHATTERRAIN - 2019-11-01 00:00:00 - ERROR - FILE_VALIDATE - expect_column_values_to_not_be_null - CP - True - 1
2019-11-20 22:01:27,600 - IMMO - FR.CONSTRUIRE - ACHATTERRAIN - 2019-11-01 00:00:00 - ERROR - STAT - expect_column_values_to_match_regex - CP - correctly filled rate (%) - 100.0
2019-11-20 22:01:27,600 - IMMO - FR.CONSTRUIRE - ACHATTERRAIN - 2019-11-01 00:00:00 - ERROR - FILE_VALIDATE - expect_column_values_to_match_regex - CP - True - 1
2019-11-20 22:01:27,600 - IMMO - FR.CONSTRUIRE - ACHATTERRAIN - 2019-11-01 00:00:00 - ERROR - STAT - expect_column_values_to_not_be_null - DEPARTEMENT - correctly filled rate (%) - 100.0
2019-11-20 22:01:27,600 - IMMO - FR.CONSTRUIRE - ACHATTERRAIN - 2019-11-01 00:00:00 - ERROR - FILE_VALIDATE - expect_column_values_to_not_be_null - DEPARTEMENT - True - 1
2019-11-20 22:01:27,600 - IMMO - FR.CONSTRUIRE - ACHATTERRAIN - 2019-11-01 00:00:00 - ERROR - STAT - expect_returning_row_count - EVERY_COLUMNS - total number of rows - 235981
2019-11-20 22:01:27,601 - IMMO - FR.CONSTRUIRE - ACHATTERRAIN - 2019-11-01 00:00:00 - ERROR - STAT - expect_column_values_to_not_be_null - ID_CLIENT - correctly filled rate (%) - 100.0
2019-11-20 22:01:27,601 - IMMO - FR.CONSTRUIRE - ACHATTERRAIN - 2019-11-01 00:00:00 - ERROR - FILE_VALIDATE - expect_column_values_to_not_be_null - ID_CLIENT - True - 1
2019-11-20 22:01:27,601 - IMMO - FR.CONSTRUIRE - ACHATTERRAIN - 2019-11-01 00:00:00 - ERROR - STAT - expect_column_values_to_be_unique - ID_CLIENT - observed proportion - 100.0
2019-11-20 22:01:27,601 - IMMO - FR.CONSTRUIRE - ACHATTERRAIN - 2019-11-01 00:00:00 - ERROR - FILE_VALIDATE - expect_column_values_to_be_unique - ID_CLIENT - True - 1
2019-11-20 22:01:27,601 - IMMO - FR.CONSTRUIRE - ACHATTERRAIN - 2019-11-01 00:00:00 - ERROR - FILE_CHECK - expect_column_values_to_be_of_type - M2_TOTALE - Wrong type for value: 90.0 on line 2 should be int
2019-11-20 22:01:27,601 - IMMO - FR.CONSTRUIRE - ACHATTERRAIN - 2019-11-01 00:00:00 - ERROR - FILE_CHECK - expect_column_values_to_be_of_type - M2_TOTALE - Wrong type for value: 120.0 on line 4 should be int
2019-11-20 22:01:27,601 - IMMO - FR.CONSTRUIRE - ACHATTERRAIN - 2019-11-01 00:00:00 - ERROR - FILE_CHECK - expect_column_values_to_be_of_type - M2_TOTALE - Wrong type for value: 112.0 on line 19 should be int
2019-11-20 22:01:27,601 - IMMO - FR.CONSTRUIRE - ACHATTERRAIN - 2019-11-01 00:00:00 - ERROR - FILE_CHECK - expect_column_values_to_be_of_type - M2_TOTALE - Wrong type for value: 101.0 on line 20 should be int
2019-11-20 22:01:27,601 - IMMO - FR.CONSTRUIRE - ACHATTERRAIN - 2019-11-01 00:00:00 - ERROR - FILE_CHECK - expect_column_values_to_be_of_type - M2_TOTALE - Wrong type for value: 120.0 on line 21 should be int
2019-11-20 22:01:27,601 - IMMO - FR.CONSTRUIRE - ACHATTERRAIN - 2019-11-01 00:00:00 - ERROR - FILE_CHECK - expect_column_values_to_be_of_type - M2_TOTALE - Wrong type for value: 88.0 on line 24 should be int
2019-11-20 22:01:27,601 - IMMO - FR.CONSTRUIRE - ACHATTERRAIN - 2019-11-01 00:00:00 - ERROR - FILE_CHECK - expect_column_values_to_be_of_type - M2_TOTALE - Wrong type for value: 87.0 on line 25 should be int
2019-11-20 22:01:27,601 - IMMO - FR.CONSTRUIRE - ACHATTERRAIN - 2019-11-01 00:00:00 - ERROR - FILE_CHECK - expect_column_values_to_be_of_type - M2_TOTALE - Wrong type for value: 83.0 on line 26 should be int
2019-11-20 22:01:27,601 - IMMO - FR.CONSTRUIRE - ACHATTERRAIN - 2019-11-01 00:00:00 - ERROR - FILE_CHECK - expect_column_values_to_be_of_type - M2_TOTALE - Wrong type for value: 102.0 on line 27 should be int
2019-11-20 22:01:27,601 - IMMO - FR.CONSTRUIRE - ACHATTERRAIN - 2019-11-01 00:00:00 - ERROR - FILE_CHECK - expect_column_values_to_be_of_type - M2_TOTALE - Wrong type for value: 82.0 on line 28 should be int
2019-11-20 22:01:27,601 - IMMO - FR.CONSTRUIRE - ACHATTERRAIN - 2019-11-01 00:00:00 - ERROR - FILE_CHECK - expect_column_values_to_be_of_type - M2_TOTALE - Wrong type for value: 100.0 on line 51 should be int
2019-11-20 22:01:27,601 - IMMO - FR.CONSTRUIRE - ACHATTERRAIN - 2019-11-01 00:00:00 - ERROR - FILE_CHECK - expect_column_values_to_be_of_type - M2_TOTALE - Wrong type for value: 100.0 on line 52 should be int
2019-11-20 22:01:27,601 - IMMO - FR.CONSTRUIRE - ACHATTERRAIN - 2019-11-01 00:00:00 - ERROR - FILE_CHECK - expect_column_values_to_be_of_type - M2_TOTALE - Wrong type for value: 100.0 on line 53 should be int
2019-11-20 22:01:27,601 - IMMO - FR.CONSTRUIRE - ACHATTERRAIN - 2019-11-01 00:00:00 - ERROR - FILE_CHECK - expect_column_values_to_be_of_type - M2_TOTALE - Wrong type for value: 100.0 on line 54 should be int
2019-11-20 22:01:27,602 - IMMO - FR.CONSTRUIRE - ACHATTERRAIN - 2019-11-01 00:00:00 - ERROR - FILE_CHECK - expect_column_values_to_be_of_type - M2_TOTALE - Wrong type for value: 100.0 on line 55 should be int
2019-11-20 22:01:27,602 - IMMO - FR.CONSTRUIRE - ACHATTERRAIN - 2019-11-01 00:00:00 - ERROR - FILE_CHECK - expect_column_values_to_be_of_type - M2_TOTALE - Wrong type for value: 100.0 on line 56 should be int
2019-11-20 22:01:27,602 - IMMO - FR.CONSTRUIRE - ACHATTERRAIN - 2019-11-01 00:00:00 - ERROR - FILE_CHECK - expect_column_values_to_be_of_type - M2_TOTALE - Wrong type for value: 100.0 on line 57 should be int
2019-11-20 22:01:27,602 - IMMO - FR.CONSTRUIRE - ACHATTERRAIN - 2019-11-01 00:00:00 - ERROR - FILE_CHECK - expect_column_values_to_be_of_type - M2_TOTALE - Wrong type for value: 100.0 on line 58 should be int
2019-11-20 22:01:27,602 - IMMO - FR.CONSTRUIRE - ACHATTERRAIN - 2019-11-01 00:00:00 - ERROR - FILE_CHECK - expect_column_values_to_be_of_type - M2_TOTALE - Wrong type for value: 126.0 on line 64 should be int
2019-11-20 22:01:27,602 - IMMO - FR.CONSTRUIRE - ACHATTERRAIN - 2019-11-01 00:00:00 - ERROR - FILE_CHECK - expect_column_values_to_be_of_type - M2_TOTALE - Wrong type for value: 88.0 on line 65 should be int
2019-11-20 22:01:27,602 - IMMO - FR.CONSTRUIRE - ACHATTERRAIN - 2019-11-01 00:00:00 - ERROR - STAT - expect_column_values_to_be_of_type - M2_TOTALE - correctly filled rate (%) - 0.0
2019-11-20 22:01:27,602 - IMMO - FR.CONSTRUIRE - ACHATTERRAIN - 2019-11-01 00:00:00 - ERROR - FILE_VALIDATE - expect_column_values_to_be_of_type - M2_TOTALE - False - 0
2019-11-20 22:01:27,602 - IMMO - FR.CONSTRUIRE - ACHATTERRAIN - 2019-11-01 00:00:00 - ERROR - STAT - expect_column_values_to_not_be_null - M2_TOTALE - correctly filled rate (%) - 64.53
2019-11-20 22:01:27,602 - IMMO - FR.CONSTRUIRE - ACHATTERRAIN - 2019-11-01 00:00:00 - ERROR - FILE_VALIDATE - expect_column_values_to_not_be_null - M2_TOTALE - False - 0
2019-11-20 22:01:27,602 - IMMO - FR.CONSTRUIRE - ACHATTERRAIN - 2019-11-01 00:00:00 - ERROR - STAT - expect_column_values_to_not_be_null - MAISON_APT - correctly filled rate (%) - 100.0
2019-11-20 22:01:27,602 - IMMO - FR.CONSTRUIRE - ACHATTERRAIN - 2019-11-01 00:00:00 - ERROR - FILE_VALIDATE - expect_column_values_to_not_be_null - MAISON_APT - True - 1
2019-11-20 22:01:27,602 - IMMO - FR.CONSTRUIRE - ACHATTERRAIN - 2019-11-01 00:00:00 - ERROR - STAT - expect_column_values_to_be_between - MAISON_APT - correctly filled rate (%) - 100.0
2019-11-20 22:01:27,602 - IMMO - FR.CONSTRUIRE - ACHATTERRAIN - 2019-11-01 00:00:00 - ERROR - STAT - expect_column_values_to_be_between - MAISON_APT - unexpected count - 0
2019-11-20 22:01:27,602 - IMMO - FR.CONSTRUIRE - ACHATTERRAIN - 2019-11-01 00:00:00 - ERROR - FILE_VALIDATE - expect_column_values_to_be_between - MAISON_APT - True - 1
2019-11-20 22:01:27,602 - IMMO - FR.CONSTRUIRE - ACHATTERRAIN - 2019-11-01 00:00:00 - ERROR - STAT - expect_column_values_to_not_be_null - MINI_SITE_ID - correctly filled rate (%) - 99.99
2019-11-20 22:01:27,602 - IMMO - FR.CONSTRUIRE - ACHATTERRAIN - 2019-11-01 00:00:00 - ERROR - FILE_VALIDATE - expect_column_values_to_not_be_null - MINI_SITE_ID - True - 1
2019-11-20 22:01:27,602 - IMMO - FR.CONSTRUIRE - ACHATTERRAIN - 2019-11-01 00:00:00 - ERROR - STAT - expect_column_values_to_not_be_null - NOM - correctly filled rate (%) - 100.0
2019-11-20 22:01:27,602 - IMMO - FR.CONSTRUIRE - ACHATTERRAIN - 2019-11-01 00:00:00 - ERROR - FILE_VALIDATE - expect_column_values_to_not_be_null - NOM - True - 1
2019-11-20 22:01:27,603 - IMMO - FR.CONSTRUIRE - ACHATTERRAIN - 2019-11-01 00:00:00 - ERROR - STAT - expect_column_value_lengths_to_be_between - NOM - correctly filled rate (%) - 100.0
2019-11-20 22:01:27,603 - IMMO - FR.CONSTRUIRE - ACHATTERRAIN - 2019-11-01 00:00:00 - ERROR - FILE_VALIDATE - expect_column_value_lengths_to_be_between - NOM - True - 1
2019-11-20 22:01:27,603 - IMMO - FR.CONSTRUIRE - ACHATTERRAIN - 2019-11-01 00:00:00 - ERROR - STAT - expect_column_values_to_match_regex - PAYS_AD - correctly filled rate (%) - 100.0
2019-11-20 22:01:27,603 - IMMO - FR.CONSTRUIRE - ACHATTERRAIN - 2019-11-01 00:00:00 - ERROR - FILE_VALIDATE - expect_column_values_to_match_regex - PAYS_AD - True - 1
2019-11-20 22:01:27,603 - IMMO - FR.CONSTRUIRE - ACHATTERRAIN - 2019-11-01 00:00:00 - ERROR - STAT - expect_column_values_to_not_be_null - PAYS_AD - correctly filled rate (%) - 100.0
2019-11-20 22:01:27,603 - IMMO - FR.CONSTRUIRE - ACHATTERRAIN - 2019-11-01 00:00:00 - ERROR - FILE_VALIDATE - expect_column_values_to_not_be_null - PAYS_AD - True - 1
2019-11-20 22:01:27,603 - IMMO - FR.CONSTRUIRE - ACHATTERRAIN - 2019-11-01 00:00:00 - ERROR - STAT - expect_column_values_to_not_be_null - PHOTO - correctly filled rate (%) - 100.0
2019-11-20 22:01:27,603 - IMMO - FR.CONSTRUIRE - ACHATTERRAIN - 2019-11-01 00:00:00 - ERROR - FILE_VALIDATE - expect_column_values_to_not_be_null - PHOTO - True - 1
2019-11-20 22:01:27,603 - IMMO - FR.CONSTRUIRE - ACHATTERRAIN - 2019-11-01 00:00:00 - ERROR - STAT - expect_column_values_to_be_in_type_list - PHOTO - correctly filled rate (%) - 100.0
2019-11-20 22:01:27,603 - IMMO - FR.CONSTRUIRE - ACHATTERRAIN - 2019-11-01 00:00:00 - ERROR - FILE_VALIDATE - expect_column_values_to_be_in_type_list - PHOTO - True - 1
2019-11-20 22:01:27,603 - IMMO - FR.CONSTRUIRE - ACHATTERRAIN - 2019-11-01 00:00:00 - ERROR - STAT - expect_column_values_to_not_be_null - PIECE - correctly filled rate (%) - 50.72
2019-11-20 22:01:27,603 - IMMO - FR.CONSTRUIRE - ACHATTERRAIN - 2019-11-01 00:00:00 - ERROR - FILE_VALIDATE - expect_column_values_to_not_be_null - PIECE - False - 0
2019-11-20 22:01:27,603 - IMMO - FR.CONSTRUIRE - ACHATTERRAIN - 2019-11-01 00:00:00 - ERROR - STAT - expect_column_values_to_be_in_type_list - PIECE - correctly filled rate (%) - 100.0
2019-11-20 22:01:27,603 - IMMO - FR.CONSTRUIRE - ACHATTERRAIN - 2019-11-01 00:00:00 - ERROR - FILE_VALIDATE - expect_column_values_to_be_in_type_list - PIECE - True - 1
2019-11-20 22:01:27,603 - IMMO - FR.CONSTRUIRE - ACHATTERRAIN - 2019-11-01 00:00:00 - ERROR - FILE_CHECK - expect_column_values_to_be_of_type - PRIX - Wrong type for value: 55000.0 on line 0 should be int
2019-11-20 22:01:27,603 - IMMO - FR.CONSTRUIRE - ACHATTERRAIN - 2019-11-01 00:00:00 - ERROR - FILE_CHECK - expect_column_values_to_be_of_type - PRIX - Wrong type for value: 95000.0 on line 1 should be int
2019-11-20 22:01:27,603 - IMMO - FR.CONSTRUIRE - ACHATTERRAIN - 2019-11-01 00:00:00 - ERROR - FILE_CHECK - expect_column_values_to_be_of_type - PRIX - Wrong type for value: 120000.0 on line 2 should be int
2019-11-20 22:01:27,603 - IMMO - FR.CONSTRUIRE - ACHATTERRAIN - 2019-11-01 00:00:00 - ERROR - FILE_CHECK - expect_column_values_to_be_of_type - PRIX - Wrong type for value: 39000.0 on line 3 should be int
2019-11-20 22:01:27,604 - IMMO - FR.CONSTRUIRE - ACHATTERRAIN - 2019-11-01 00:00:00 - ERROR - FILE_CHECK - expect_column_values_to_be_of_type - PRIX - Wrong type for value: 265000.0 on line 4 should be int
2019-11-20 22:01:27,604 - IMMO - FR.CONSTRUIRE - ACHATTERRAIN - 2019-11-01 00:00:00 - ERROR - FILE_CHECK - expect_column_values_to_be_of_type - PRIX - Wrong type for value: 195000.0 on line 5 should be int
2019-11-20 22:01:27,604 - IMMO - FR.CONSTRUIRE - ACHATTERRAIN - 2019-11-01 00:00:00 - ERROR - FILE_CHECK - expect_column_values_to_be_of_type - PRIX - Wrong type for value: 222000.0 on line 6 should be int
2019-11-20 22:01:27,604 - IMMO - FR.CONSTRUIRE - ACHATTERRAIN - 2019-11-01 00:00:00 - ERROR - FILE_CHECK - expect_column_values_to_be_of_type - PRIX - Wrong type for value: 90000.0 on line 7 should be int
2019-11-20 22:01:27,604 - IMMO - FR.CONSTRUIRE - ACHATTERRAIN - 2019-11-01 00:00:00 - ERROR - FILE_CHECK - expect_column_values_to_be_of_type - PRIX - Wrong type for value: 85000.0 on line 8 should be int
2019-11-20 22:01:27,604 - IMMO - FR.CONSTRUIRE - ACHATTERRAIN - 2019-11-01 00:00:00 - ERROR - FILE_CHECK - expect_column_values_to_be_of_type - PRIX - Wrong type for value: 69500.0 on line 9 should be int
2019-11-20 22:01:27,604 - IMMO - FR.CONSTRUIRE - ACHATTERRAIN - 2019-11-01 00:00:00 - ERROR - FILE_CHECK - expect_column_values_to_be_of_type - PRIX - Wrong type for value: 63500.0 on line 10 should be int
2019-11-20 22:01:27,604 - IMMO - FR.CONSTRUIRE - ACHATTERRAIN - 2019-11-01 00:00:00 - ERROR - FILE_CHECK - expect_column_values_to_be_of_type - PRIX - Wrong type for value: 72500.0 on line 11 should be int
2019-11-20 22:01:27,604 - IMMO - FR.CONSTRUIRE - ACHATTERRAIN - 2019-11-01 00:00:00 - ERROR - FILE_CHECK - expect_column_values_to_be_of_type - PRIX - Wrong type for value: 75000.0 on line 12 should be int
2019-11-20 22:01:27,604 - IMMO - FR.CONSTRUIRE - ACHATTERRAIN - 2019-11-01 00:00:00 - ERROR - FILE_CHECK - expect_column_values_to_be_of_type - PRIX - Wrong type for value: 50750.0 on line 13 should be int
2019-11-20 22:01:27,604 - IMMO - FR.CONSTRUIRE - ACHATTERRAIN - 2019-11-01 00:00:00 - ERROR - FILE_CHECK - expect_column_values_to_be_of_type - PRIX - Wrong type for value: 39600.0 on line 14 should be int
2019-11-20 22:01:27,604 - IMMO - FR.CONSTRUIRE - ACHATTERRAIN - 2019-11-01 00:00:00 - ERROR - FILE_CHECK - expect_column_values_to_be_of_type - PRIX - Wrong type for value: 62500.0 on line 15 should be int
2019-11-20 22:01:27,604 - IMMO - FR.CONSTRUIRE - ACHATTERRAIN - 2019-11-01 00:00:00 - ERROR - FILE_CHECK - expect_column_values_to_be_of_type - PRIX - Wrong type for value: 36000.0 on line 16 should be int
2019-11-20 22:01:27,604 - IMMO - FR.CONSTRUIRE - ACHATTERRAIN - 2019-11-01 00:00:00 - ERROR - FILE_CHECK - expect_column_values_to_be_of_type - PRIX - Wrong type for value: 70000.0 on line 17 should be int
2019-11-20 22:01:27,604 - IMMO - FR.CONSTRUIRE - ACHATTERRAIN - 2019-11-01 00:00:00 - ERROR - FILE_CHECK - expect_column_values_to_be_of_type - PRIX - Wrong type for value: 58444.0 on line 18 should be int
2019-11-20 22:01:27,604 - IMMO - FR.CONSTRUIRE - ACHATTERRAIN - 2019-11-01 00:00:00 - ERROR - FILE_CHECK - expect_column_values_to_be_of_type - PRIX - Wrong type for value: 268700.0 on line 19 should be int
2019-11-20 22:01:27,604 - IMMO - FR.CONSTRUIRE - ACHATTERRAIN - 2019-11-01 00:00:00 - ERROR - STAT - expect_column_values_to_be_of_type - PRIX - correctly filled rate (%) - 0.0
2019-11-20 22:01:27,604 - IMMO - FR.CONSTRUIRE - ACHATTERRAIN - 2019-11-01 00:00:00 - ERROR - FILE_VALIDATE - expect_column_values_to_be_of_type - PRIX - False - 0
2019-11-20 22:01:27,605 - IMMO - FR.CONSTRUIRE - ACHATTERRAIN - 2019-11-01 00:00:00 - ERROR - STAT - expect_column_values_to_not_be_null - PRIX - correctly filled rate (%) - 99.88
2019-11-20 22:01:27,605 - IMMO - FR.CONSTRUIRE - ACHATTERRAIN - 2019-11-01 00:00:00 - ERROR - FILE_VALIDATE - expect_column_values_to_not_be_null - PRIX - True - 1
2019-11-20 22:01:27,605 - IMMO - FR.CONSTRUIRE - ACHATTERRAIN - 2019-11-01 00:00:00 - ERROR - STAT - expect_column_values_to_not_be_null - PRO_IND - correctly filled rate (%) - 100.0
2019-11-20 22:01:27,605 - IMMO - FR.CONSTRUIRE - ACHATTERRAIN - 2019-11-01 00:00:00 - ERROR - FILE_VALIDATE - expect_column_values_to_not_be_null - PRO_IND - True - 1
2019-11-20 22:01:27,605 - IMMO - FR.CONSTRUIRE - ACHATTERRAIN - 2019-11-01 00:00:00 - ERROR - STAT - expect_column_values_to_be_in_set - PRO_IND - correctly filled rate (%) - 100.0
2019-11-20 22:01:27,605 - IMMO - FR.CONSTRUIRE - ACHATTERRAIN - 2019-11-01 00:00:00 - ERROR - FILE_VALIDATE - expect_column_values_to_be_in_set - PRO_IND - True - 1
2019-11-20 22:01:27,605 - IMMO - FR.CONSTRUIRE - ACHATTERRAIN - 2019-11-01 00:00:00 - ERROR - STAT - expect_column_values_to_not_be_null - REGION - correctly filled rate (%) - 0.0
2019-11-20 22:01:27,605 - IMMO - FR.CONSTRUIRE - ACHATTERRAIN - 2019-11-01 00:00:00 - ERROR - FILE_VALIDATE - expect_column_values_to_not_be_null - REGION - False - 0
2019-11-20 22:01:27,605 - IMMO - FR.CONSTRUIRE - ACHATTERRAIN - 2019-11-01 00:00:00 - ERROR - STAT - expect_column_values_to_not_be_null - SELLER_TYPE - correctly filled rate (%) - 100.0
2019-11-20 22:01:27,605 - IMMO - FR.CONSTRUIRE - ACHATTERRAIN - 2019-11-01 00:00:00 - ERROR - FILE_VALIDATE - expect_column_values_to_not_be_null - SELLER_TYPE - True - 1
2019-11-20 22:01:27,605 - IMMO - FR.CONSTRUIRE - ACHATTERRAIN - 2019-11-01 00:00:00 - ERROR - STAT - expect_column_values_to_match_regex - SELLER_TYPE - correctly filled rate (%) - 100.0
2019-11-20 22:01:27,605 - IMMO - FR.CONSTRUIRE - ACHATTERRAIN - 2019-11-01 00:00:00 - ERROR - FILE_VALIDATE - expect_column_values_to_match_regex - SELLER_TYPE - True - 1
2019-11-20 22:01:27,605 - IMMO - FR.CONSTRUIRE - ACHATTERRAIN - 2019-11-01 00:00:00 - ERROR - FILE_CHECK - expect_column_values_to_be_of_type - SURFACE_TERRAIN - Wrong type for value: 770.0 on line 0 should be int
2019-11-20 22:01:27,605 - IMMO - FR.CONSTRUIRE - ACHATTERRAIN - 2019-11-01 00:00:00 - ERROR - FILE_CHECK - expect_column_values_to_be_of_type - SURFACE_TERRAIN - Wrong type for value: 2500.0 on line 1 should be int
2019-11-20 22:01:27,605 - IMMO - FR.CONSTRUIRE - ACHATTERRAIN - 2019-11-01 00:00:00 - ERROR - FILE_CHECK - expect_column_values_to_be_of_type - SURFACE_TERRAIN - Wrong type for value: 1.0 on line 2 should be int
2019-11-20 22:01:27,605 - IMMO - FR.CONSTRUIRE - ACHATTERRAIN - 2019-11-01 00:00:00 - ERROR - FILE_CHECK - expect_column_values_to_be_of_type - SURFACE_TERRAIN - Wrong type for value: 1500.0 on line 3 should be int
2019-11-20 22:01:27,605 - IMMO - FR.CONSTRUIRE - ACHATTERRAIN - 2019-11-01 00:00:00 - ERROR - FILE_CHECK - expect_column_values_to_be_of_type - SURFACE_TERRAIN - Wrong type for value: 1.0 on line 4 should be int
2019-11-20 22:01:27,605 - IMMO - FR.CONSTRUIRE - ACHATTERRAIN - 2019-11-01 00:00:00 - ERROR - FILE_CHECK - expect_column_values_to_be_of_type - SURFACE_TERRAIN - Wrong type for value: 800.0 on line 5 should be int
2019-11-20 22:01:27,606 - IMMO - FR.CONSTRUIRE - ACHATTERRAIN - 2019-11-01 00:00:00 - ERROR - FILE_CHECK - expect_column_values_to_be_of_type - SURFACE_TERRAIN - Wrong type for value: 435.0 on line 6 should be int
2019-11-20 22:01:27,606 - IMMO - FR.CONSTRUIRE - ACHATTERRAIN - 2019-11-01 00:00:00 - ERROR - FILE_CHECK - expect_column_values_to_be_of_type - SURFACE_TERRAIN - Wrong type for value: 390.0 on line 7 should be int
2019-11-20 22:01:27,606 - IMMO - FR.CONSTRUIRE - ACHATTERRAIN - 2019-11-01 00:00:00 - ERROR - FILE_CHECK - expect_column_values_to_be_of_type - SURFACE_TERRAIN - Wrong type for value: 490.0 on line 8 should be int
2019-11-20 22:01:27,606 - IMMO - FR.CONSTRUIRE - ACHATTERRAIN - 2019-11-01 00:00:00 - ERROR - FILE_CHECK - expect_column_values_to_be_of_type - SURFACE_TERRAIN - Wrong type for value: 461.0 on line 9 should be int
2019-11-20 22:01:27,606 - IMMO - FR.CONSTRUIRE - ACHATTERRAIN - 2019-11-01 00:00:00 - ERROR - FILE_CHECK - expect_column_values_to_be_of_type - SURFACE_TERRAIN - Wrong type for value: 318.0 on line 10 should be int
2019-11-20 22:01:27,606 - IMMO - FR.CONSTRUIRE - ACHATTERRAIN - 2019-11-01 00:00:00 - ERROR - FILE_CHECK - expect_column_values_to_be_of_type - SURFACE_TERRAIN - Wrong type for value: 352.0 on line 11 should be int
2019-11-20 22:01:27,606 - IMMO - FR.CONSTRUIRE - ACHATTERRAIN - 2019-11-01 00:00:00 - ERROR - FILE_CHECK - expect_column_values_to_be_of_type - SURFACE_TERRAIN - Wrong type for value: 311.0 on line 12 should be int
2019-11-20 22:01:27,606 - IMMO - FR.CONSTRUIRE - ACHATTERRAIN - 2019-11-01 00:00:00 - ERROR - FILE_CHECK - expect_column_values_to_be_of_type - SURFACE_TERRAIN - Wrong type for value: 1450.0 on line 13 should be int
2019-11-20 22:01:27,606 - IMMO - FR.CONSTRUIRE - ACHATTERRAIN - 2019-11-01 00:00:00 - ERROR - FILE_CHECK - expect_column_values_to_be_of_type - SURFACE_TERRAIN - Wrong type for value: 2200.0 on line 14 should be int
2019-11-20 22:01:27,606 - IMMO - FR.CONSTRUIRE - ACHATTERRAIN - 2019-11-01 00:00:00 - ERROR - FILE_CHECK - expect_column_values_to_be_of_type - SURFACE_TERRAIN - Wrong type for value: 2500.0 on line 15 should be int
2019-11-20 22:01:27,606 - IMMO - FR.CONSTRUIRE - ACHATTERRAIN - 2019-11-01 00:00:00 - ERROR - FILE_CHECK - expect_column_values_to_be_of_type - SURFACE_TERRAIN - Wrong type for value: 2500.0 on line 16 should be int
2019-11-20 22:01:27,606 - IMMO - FR.CONSTRUIRE - ACHATTERRAIN - 2019-11-01 00:00:00 - ERROR - FILE_CHECK - expect_column_values_to_be_of_type - SURFACE_TERRAIN - Wrong type for value: 20000.0 on line 17 should be int
2019-11-20 22:01:27,606 - IMMO - FR.CONSTRUIRE - ACHATTERRAIN - 2019-11-01 00:00:00 - ERROR - FILE_CHECK - expect_column_values_to_be_of_type - SURFACE_TERRAIN - Wrong type for value: 1538.0 on line 18 should be int
2019-11-20 22:01:27,606 - IMMO - FR.CONSTRUIRE - ACHATTERRAIN - 2019-11-01 00:00:00 - ERROR - FILE_CHECK - expect_column_values_to_be_of_type - SURFACE_TERRAIN - Wrong type for value: 2.0 on line 19 should be int
2019-11-20 22:01:27,606 - IMMO - FR.CONSTRUIRE - ACHATTERRAIN - 2019-11-01 00:00:00 - ERROR - STAT - expect_column_values_to_be_of_type - SURFACE_TERRAIN - correctly filled rate (%) - 0.0
2019-11-20 22:01:27,606 - IMMO - FR.CONSTRUIRE - ACHATTERRAIN - 2019-11-01 00:00:00 - ERROR - FILE_VALIDATE - expect_column_values_to_be_of_type - SURFACE_TERRAIN - False - 0
2019-11-20 22:01:27,606 - IMMO - FR.CONSTRUIRE - ACHATTERRAIN - 2019-11-01 00:00:00 - ERROR - STAT - expect_column_values_to_match_regex - VILLE - correctly filled rate (%) - 100.0
2019-11-20 22:01:27,606 - IMMO - FR.CONSTRUIRE - ACHATTERRAIN - 2019-11-01 00:00:00 - ERROR - FILE_VALIDATE - expect_column_values_to_match_regex - VILLE - True - 1
2019-11-20 22:01:27,607 - IMMO - FR.CONSTRUIRE - ACHATTERRAIN - 2019-11-01 00:00:00 - ERROR - STAT - expect_column_values_to_not_be_null - VILLE - correctly filled rate (%) - 100.0
2019-11-20 22:01:27,607 - IMMO - FR.CONSTRUIRE - ACHATTERRAIN - 2019-11-01 00:00:00 - ERROR - FILE_VALIDATE - expect_column_values_to_not_be_null - VILLE - True - 1
2019-11-20 22:01:27,607 - IMMO - FR.CONSTRUIRE - ACHATTERRAIN - 2019-11-01 00:00:00 - ERROR - STAT - expect_returning_row_unique_count - VILLE - total number of unique rows - 14763
2019-11-20 22:01:27,607 - IMMO - FR.CONSTRUIRE - ACHATTERRAIN - 2019-11-01 00:00:00 - ERROR - STAT - expect_returning_row_count_on_conditions - DEALER_LISTINGS - total number of row with conditions - 235981
2019-11-20 22:01:27,607 - IMMO - FR.CONSTRUIRE - ACHATTERRAIN - 2019-11-01 00:00:00 - ERROR - STAT - expect_returning_row_count_on_conditions - PRIVATE_LISTINGS - total number of row with conditions - 0
