2019-05-17 09:27:08,973 - IMMO - FR.NEUF - LOGICIMMONEUF - 2019-04-01 00:00:00 - ERROR - STAT - expect_column_to_exist - ACHAT_LOC - column exists or not - 1.0
2019-05-17 09:27:08,973 - IMMO - FR.NEUF - LOGICIMMONEUF - 2019-04-01 00:00:00 - ERROR - STAT - expect_column_values_to_not_be_null - ACHAT_LOC - correctly filled rate (%) - 100.0
2019-05-17 09:27:08,973 - IMMO - FR.NEUF - LOGICIMMONEUF - 2019-04-01 00:00:00 - ERROR - STAT - expect_column_values_to_be_in_set - ACHAT_LOC - correctly filled rate (%) - 100.0
2019-05-17 09:27:08,974 - IMMO - FR.NEUF - LOGICIMMONEUF - 2019-04-01 00:00:00 - ERROR - STAT - expect_column_values_to_not_be_null - ADRESSE - correctly filled rate (%) - 84.32
2019-05-17 09:27:08,974 - IMMO - FR.NEUF - LOGICIMMONEUF - 2019-04-01 00:00:00 - ERROR - STAT - expect_column_values_to_not_be_null - AGENCE_ADRESSE - correctly filled rate (%) - 95.74
2019-05-17 09:27:08,974 - IMMO - FR.NEUF - LOGICIMMONEUF - 2019-04-01 00:00:00 - ERROR - STAT - expect_column_values_to_not_be_null - AGENCE_CP - correctly filled rate (%) - 95.68
2019-05-17 09:27:08,974 - IMMO - FR.NEUF - LOGICIMMONEUF - 2019-04-01 00:00:00 - ERROR - FILE_CHECK - expect_column_values_to_match_regex - AGENCE_CP - Unexpected value: 92100.0 on line 0, value should match regexp ^[0-9]{5}$
2019-05-17 09:27:08,974 - IMMO - FR.NEUF - LOGICIMMONEUF - 2019-04-01 00:00:00 - ERROR - FILE_CHECK - expect_column_values_to_match_regex - AGENCE_CP - Unexpected value: 40130.0 on line 1, value should match regexp ^[0-9]{5}$
2019-05-17 09:27:08,974 - IMMO - FR.NEUF - LOGICIMMONEUF - 2019-04-01 00:00:00 - ERROR - FILE_CHECK - expect_column_values_to_match_regex - AGENCE_CP - Unexpected value: 92130.0 on line 2, value should match regexp ^[0-9]{5}$
2019-05-17 09:27:08,974 - IMMO - FR.NEUF - LOGICIMMONEUF - 2019-04-01 00:00:00 - ERROR - FILE_CHECK - expect_column_values_to_match_regex - AGENCE_CP - Unexpected value: 69160.0 on line 3, value should match regexp ^[0-9]{5}$
2019-05-17 09:27:08,974 - IMMO - FR.NEUF - LOGICIMMONEUF - 2019-04-01 00:00:00 - ERROR - FILE_CHECK - expect_column_values_to_match_regex - AGENCE_CP - Unexpected value: 31069.0 on line 4, value should match regexp ^[0-9]{5}$
2019-05-17 09:27:08,974 - IMMO - FR.NEUF - LOGICIMMONEUF - 2019-04-01 00:00:00 - ERROR - FILE_CHECK - expect_column_values_to_match_regex - AGENCE_CP - Unexpected value: 60000.0 on line 5, value should match regexp ^[0-9]{5}$
2019-05-17 09:27:08,974 - IMMO - FR.NEUF - LOGICIMMONEUF - 2019-04-01 00:00:00 - ERROR - FILE_CHECK - expect_column_values_to_match_regex - AGENCE_CP - Unexpected value: 75008.0 on line 6, value should match regexp ^[0-9]{5}$
2019-05-17 09:27:08,974 - IMMO - FR.NEUF - LOGICIMMONEUF - 2019-04-01 00:00:00 - ERROR - FILE_CHECK - expect_column_values_to_match_regex - AGENCE_CP - Unexpected value: 38000.0 on line 7, value should match regexp ^[0-9]{5}$
2019-05-17 09:27:08,974 - IMMO - FR.NEUF - LOGICIMMONEUF - 2019-04-01 00:00:00 - ERROR - FILE_CHECK - expect_column_values_to_match_regex - AGENCE_CP - Unexpected value: 69006.0 on line 8, value should match regexp ^[0-9]{5}$
2019-05-17 09:27:08,974 - IMMO - FR.NEUF - LOGICIMMONEUF - 2019-04-01 00:00:00 - ERROR - FILE_CHECK - expect_column_values_to_match_regex - AGENCE_CP - Unexpected value: 92100.0 on line 9, value should match regexp ^[0-9]{5}$
2019-05-17 09:27:08,974 - IMMO - FR.NEUF - LOGICIMMONEUF - 2019-04-01 00:00:00 - ERROR - FILE_CHECK - expect_column_values_to_match_regex - AGENCE_CP - Unexpected value: 38000.0 on line 10, value should match regexp ^[0-9]{5}$
2019-05-17 09:27:08,974 - IMMO - FR.NEUF - LOGICIMMONEUF - 2019-04-01 00:00:00 - ERROR - FILE_CHECK - expect_column_values_to_match_regex - AGENCE_CP - Unexpected value: 71100.0 on line 11, value should match regexp ^[0-9]{5}$
2019-05-17 09:27:08,974 - IMMO - FR.NEUF - LOGICIMMONEUF - 2019-04-01 00:00:00 - ERROR - FILE_CHECK - expect_column_values_to_match_regex - AGENCE_CP - Unexpected value: 38240.0 on line 12, value should match regexp ^[0-9]{5}$
2019-05-17 09:27:08,974 - IMMO - FR.NEUF - LOGICIMMONEUF - 2019-04-01 00:00:00 - ERROR - FILE_CHECK - expect_column_values_to_match_regex - AGENCE_CP - Unexpected value: 75008.0 on line 13, value should match regexp ^[0-9]{5}$
2019-05-17 09:27:08,974 - IMMO - FR.NEUF - LOGICIMMONEUF - 2019-04-01 00:00:00 - ERROR - FILE_CHECK - expect_column_values_to_match_regex - AGENCE_CP - Unexpected value: 54000.0 on line 15, value should match regexp ^[0-9]{5}$
2019-05-17 09:27:08,975 - IMMO - FR.NEUF - LOGICIMMONEUF - 2019-04-01 00:00:00 - ERROR - FILE_CHECK - expect_column_values_to_match_regex - AGENCE_CP - Unexpected value: 13090.0 on line 16, value should match regexp ^[0-9]{5}$
2019-05-17 09:27:08,975 - IMMO - FR.NEUF - LOGICIMMONEUF - 2019-04-01 00:00:00 - ERROR - FILE_CHECK - expect_column_values_to_match_regex - AGENCE_CP - Unexpected value: 57100.0 on line 17, value should match regexp ^[0-9]{5}$
2019-05-17 09:27:08,975 - IMMO - FR.NEUF - LOGICIMMONEUF - 2019-04-01 00:00:00 - ERROR - FILE_CHECK - expect_column_values_to_match_regex - AGENCE_CP - Unexpected value: 75008.0 on line 18, value should match regexp ^[0-9]{5}$
2019-05-17 09:27:08,975 - IMMO - FR.NEUF - LOGICIMMONEUF - 2019-04-01 00:00:00 - ERROR - FILE_CHECK - expect_column_values_to_match_regex - AGENCE_CP - Unexpected value: 80100.0 on line 19, value should match regexp ^[0-9]{5}$
2019-05-17 09:27:08,975 - IMMO - FR.NEUF - LOGICIMMONEUF - 2019-04-01 00:00:00 - ERROR - FILE_CHECK - expect_column_values_to_match_regex - AGENCE_CP - Unexpected value: 75008.0 on line 20, value should match regexp ^[0-9]{5}$
2019-05-17 09:27:08,975 - IMMO - FR.NEUF - LOGICIMMONEUF - 2019-04-01 00:00:00 - ERROR - STAT - expect_column_values_to_match_regex - AGENCE_CP - correctly filled rate (%) - 0.0
2019-05-17 09:27:08,975 - IMMO - FR.NEUF - LOGICIMMONEUF - 2019-04-01 00:00:00 - ERROR - STAT - expect_column_values_to_not_be_null - AGENCE_NOM - correctly filled rate (%) - 95.74
2019-05-17 09:27:08,975 - IMMO - FR.NEUF - LOGICIMMONEUF - 2019-04-01 00:00:00 - ERROR - STAT - expect_column_values_to_be_phone_number - AGENCE_TEL - correctly filled rate (%) - 100.0
2019-05-17 09:27:08,975 - IMMO - FR.NEUF - LOGICIMMONEUF - 2019-04-01 00:00:00 - ERROR - STAT - expect_column_values_to_not_be_null - AGENCE_TEL - correctly filled rate (%) - 99.68
2019-05-17 09:27:08,975 - IMMO - FR.NEUF - LOGICIMMONEUF - 2019-04-01 00:00:00 - ERROR - STAT - expect_column_values_to_not_be_null - AGENCE_VILLE - correctly filled rate (%) - 95.74
2019-05-17 09:27:08,975 - IMMO - FR.NEUF - LOGICIMMONEUF - 2019-04-01 00:00:00 - ERROR - STAT - expect_column_values_to_not_be_null - ANNONCE_DATE - correctly filled rate (%) - 0.0
2019-05-17 09:27:08,975 - IMMO - FR.NEUF - LOGICIMMONEUF - 2019-04-01 00:00:00 - ERROR - STAT - expect_column_values_to_not_be_null - ANNONCE_LINK - correctly filled rate (%) - 100.0
2019-05-17 09:27:08,975 - IMMO - FR.NEUF - LOGICIMMONEUF - 2019-04-01 00:00:00 - ERROR - STAT - expect_column_values_to_be_unique - ANNONCE_LINK - observed proportion - 100.0
2019-05-17 09:27:08,975 - IMMO - FR.NEUF - LOGICIMMONEUF - 2019-04-01 00:00:00 - ERROR - FILE_CHECK - expect_column_value_lengths_to_be_between - ANNONCE_TEXT - Unexpected characters count of: [Découvrez un program...] on line  0, value length should be between 0 and 255
2019-05-17 09:27:08,975 - IMMO - FR.NEUF - LOGICIMMONEUF - 2019-04-01 00:00:00 - ERROR - FILE_CHECK - expect_column_value_lengths_to_be_between - ANNONCE_TEXT - Unexpected characters count of: [Dernière Opportunité...] on line  1, value length should be between 0 and 255
2019-05-17 09:27:08,975 - IMMO - FR.NEUF - LOGICIMMONEUF - 2019-04-01 00:00:00 - ERROR - FILE_CHECK - expect_column_value_lengths_to_be_between - ANNONCE_TEXT - Unexpected characters count of: [Lancement en juin 20...] on line  2, value length should be between 0 and 255
2019-05-17 09:27:08,976 - IMMO - FR.NEUF - LOGICIMMONEUF - 2019-04-01 00:00:00 - ERROR - FILE_CHECK - expect_column_value_lengths_to_be_between - ANNONCE_TEXT - Unexpected characters count of: [A deux pas du 8ème a...] on line  3, value length should be between 0 and 255
2019-05-17 09:27:08,976 - IMMO - FR.NEUF - LOGICIMMONEUF - 2019-04-01 00:00:00 - ERROR - FILE_CHECK - expect_column_value_lengths_to_be_between - ANNONCE_TEXT - Unexpected characters count of: [La Résidence Soho à ...] on line  4, value length should be between 0 and 255
2019-05-17 09:27:08,976 - IMMO - FR.NEUF - LOGICIMMONEUF - 2019-04-01 00:00:00 - ERROR - FILE_CHECK - expect_column_value_lengths_to_be_between - ANNONCE_TEXT - Unexpected characters count of: [HABITER à NANTEUIL-L...] on line  5, value length should be between 0 and 255
2019-05-17 09:27:08,976 - IMMO - FR.NEUF - LOGICIMMONEUF - 2019-04-01 00:00:00 - ERROR - FILE_CHECK - expect_column_value_lengths_to_be_between - ANNONCE_TEXT - Unexpected characters count of: [Une adresse intime d...] on line  6, value length should be between 0 and 255
2019-05-17 09:27:08,976 - IMMO - FR.NEUF - LOGICIMMONEUF - 2019-04-01 00:00:00 - ERROR - FILE_CHECK - expect_column_value_lengths_to_be_between - ANNONCE_TEXT - Unexpected characters count of: [Au coeur du quartier...] on line  8, value length should be between 0 and 255
2019-05-17 09:27:08,976 - IMMO - FR.NEUF - LOGICIMMONEUF - 2019-04-01 00:00:00 - ERROR - FILE_CHECK - expect_column_value_lengths_to_be_between - ANNONCE_TEXT - Unexpected characters count of: [Découvrez notre nouv...] on line  9, value length should be between 0 and 255
2019-05-17 09:27:08,976 - IMMO - FR.NEUF - LOGICIMMONEUF - 2019-04-01 00:00:00 - ERROR - FILE_CHECK - expect_column_value_lengths_to_be_between - ANNONCE_TEXT - Unexpected characters count of: [Ce nouveau programme...] on line  11, value length should be between 0 and 255
2019-05-17 09:27:08,976 - IMMO - FR.NEUF - LOGICIMMONEUF - 2019-04-01 00:00:00 - ERROR - FILE_CHECK - expect_column_value_lengths_to_be_between - ANNONCE_TEXT - Unexpected characters count of: [Composée de deux bât...] on line  12, value length should be between 0 and 255
2019-05-17 09:27:08,976 - IMMO - FR.NEUF - LOGICIMMONEUF - 2019-04-01 00:00:00 - ERROR - FILE_CHECK - expect_column_value_lengths_to_be_between - ANNONCE_TEXT - Unexpected characters count of: [Travaux en cours !! ...] on line  13, value length should be between 0 and 255
2019-05-17 09:27:08,976 - IMMO - FR.NEUF - LOGICIMMONEUF - 2019-04-01 00:00:00 - ERROR - FILE_CHECK - expect_column_value_lengths_to_be_between - ANNONCE_TEXT - Unexpected characters count of: [Cette résidence, aux...] on line  14, value length should be between 0 and 255
2019-05-17 09:27:08,976 - IMMO - FR.NEUF - LOGICIMMONEUF - 2019-04-01 00:00:00 - ERROR - FILE_CHECK - expect_column_value_lengths_to_be_between - ANNONCE_TEXT - Unexpected characters count of: [La résidence SIGMA s...] on line  15, value length should be between 0 and 255
2019-05-17 09:27:08,976 - IMMO - FR.NEUF - LOGICIMMONEUF - 2019-04-01 00:00:00 - ERROR - FILE_CHECK - expect_column_value_lengths_to_be_between - ANNONCE_TEXT - Unexpected characters count of: [NouveautéDécouvrez d...] on line  16, value length should be between 0 and 255
2019-05-17 09:27:08,976 - IMMO - FR.NEUF - LOGICIMMONEUF - 2019-04-01 00:00:00 - ERROR - FILE_CHECK - expect_column_value_lengths_to_be_between - ANNONCE_TEXT - Unexpected characters count of: [Située au coeur de l...] on line  17, value length should be between 0 and 255
2019-05-17 09:27:08,976 - IMMO - FR.NEUF - LOGICIMMONEUF - 2019-04-01 00:00:00 - ERROR - FILE_CHECK - expect_column_value_lengths_to_be_between - ANNONCE_TEXT - Unexpected characters count of: [Située au sud de Lyo...] on line  19, value length should be between 0 and 255
2019-05-17 09:27:08,976 - IMMO - FR.NEUF - LOGICIMMONEUF - 2019-04-01 00:00:00 - ERROR - FILE_CHECK - expect_column_value_lengths_to_be_between - ANNONCE_TEXT - Unexpected characters count of: [À 3 km de Lyon, une ...] on line  20, value length should be between 0 and 255
2019-05-17 09:27:08,976 - IMMO - FR.NEUF - LOGICIMMONEUF - 2019-04-01 00:00:00 - ERROR - FILE_CHECK - expect_column_value_lengths_to_be_between - ANNONCE_TEXT - Unexpected characters count of: ["Habiter un parc urb...] on line  21, value length should be between 0 and 255
2019-05-17 09:27:08,976 - IMMO - FR.NEUF - LOGICIMMONEUF - 2019-04-01 00:00:00 - ERROR - FILE_CHECK - expect_column_value_lengths_to_be_between - ANNONCE_TEXT - Unexpected characters count of: [Une résidence d'exce...] on line  22, value length should be between 0 and 255
2019-05-17 09:27:08,977 - IMMO - FR.NEUF - LOGICIMMONEUF - 2019-04-01 00:00:00 - ERROR - STAT - expect_column_value_lengths_to_be_between - ANNONCE_TEXT - correctly filled rate (%) - 6.24
2019-05-17 09:27:08,977 - IMMO - FR.NEUF - LOGICIMMONEUF - 2019-04-01 00:00:00 - ERROR - STAT - expect_column_values_to_not_be_null - ANNONCE_TEXT - correctly filled rate (%) - 98.89
2019-05-17 09:27:08,977 - IMMO - FR.NEUF - LOGICIMMONEUF - 2019-04-01 00:00:00 - ERROR - STAT - expect_column_values_to_not_be_null - CATEGORIE - correctly filled rate (%) - 100.0
2019-05-17 09:27:08,977 - IMMO - FR.NEUF - LOGICIMMONEUF - 2019-04-01 00:00:00 - ERROR - STAT - expect_column_values_to_not_be_null - CP - correctly filled rate (%) - 100.0
2019-05-17 09:27:08,977 - IMMO - FR.NEUF - LOGICIMMONEUF - 2019-04-01 00:00:00 - ERROR - FILE_CHECK - expect_column_values_to_match_regex - CP - Unexpected value: 6200 on line 221, value should match regexp ^[0-9]{5}$
2019-05-17 09:27:08,977 - IMMO - FR.NEUF - LOGICIMMONEUF - 2019-04-01 00:00:00 - ERROR - FILE_CHECK - expect_column_values_to_match_regex - CP - Unexpected value: 6100 on line 222, value should match regexp ^[0-9]{5}$
2019-05-17 09:27:08,977 - IMMO - FR.NEUF - LOGICIMMONEUF - 2019-04-01 00:00:00 - ERROR - FILE_CHECK - expect_column_values_to_match_regex - CP - Unexpected value: 6250 on line 223, value should match regexp ^[0-9]{5}$
2019-05-17 09:27:08,977 - IMMO - FR.NEUF - LOGICIMMONEUF - 2019-04-01 00:00:00 - ERROR - FILE_CHECK - expect_column_values_to_match_regex - CP - Unexpected value: 6100 on line 225, value should match regexp ^[0-9]{5}$
2019-05-17 09:27:08,977 - IMMO - FR.NEUF - LOGICIMMONEUF - 2019-04-01 00:00:00 - ERROR - FILE_CHECK - expect_column_values_to_match_regex - CP - Unexpected value: 6130 on line 227, value should match regexp ^[0-9]{5}$
2019-05-17 09:27:08,977 - IMMO - FR.NEUF - LOGICIMMONEUF - 2019-04-01 00:00:00 - ERROR - FILE_CHECK - expect_column_values_to_match_regex - CP - Unexpected value: 6250 on line 230, value should match regexp ^[0-9]{5}$
2019-05-17 09:27:08,977 - IMMO - FR.NEUF - LOGICIMMONEUF - 2019-04-01 00:00:00 - ERROR - FILE_CHECK - expect_column_values_to_match_regex - CP - Unexpected value: 6200 on line 231, value should match regexp ^[0-9]{5}$
2019-05-17 09:27:08,977 - IMMO - FR.NEUF - LOGICIMMONEUF - 2019-04-01 00:00:00 - ERROR - FILE_CHECK - expect_column_values_to_match_regex - CP - Unexpected value: 6250 on line 232, value should match regexp ^[0-9]{5}$
2019-05-17 09:27:08,977 - IMMO - FR.NEUF - LOGICIMMONEUF - 2019-04-01 00:00:00 - ERROR - FILE_CHECK - expect_column_values_to_match_regex - CP - Unexpected value: 6200 on line 233, value should match regexp ^[0-9]{5}$
2019-05-17 09:27:08,977 - IMMO - FR.NEUF - LOGICIMMONEUF - 2019-04-01 00:00:00 - ERROR - FILE_CHECK - expect_column_values_to_match_regex - CP - Unexpected value: 6250 on line 234, value should match regexp ^[0-9]{5}$
2019-05-17 09:27:08,977 - IMMO - FR.NEUF - LOGICIMMONEUF - 2019-04-01 00:00:00 - ERROR - FILE_CHECK - expect_column_values_to_match_regex - CP - Unexpected value: 6100 on line 235, value should match regexp ^[0-9]{5}$
2019-05-17 09:27:08,977 - IMMO - FR.NEUF - LOGICIMMONEUF - 2019-04-01 00:00:00 - ERROR - FILE_CHECK - expect_column_values_to_match_regex - CP - Unexpected value: 6100 on line 236, value should match regexp ^[0-9]{5}$
2019-05-17 09:27:08,977 - IMMO - FR.NEUF - LOGICIMMONEUF - 2019-04-01 00:00:00 - ERROR - FILE_CHECK - expect_column_values_to_match_regex - CP - Unexpected value: 6100 on line 237, value should match regexp ^[0-9]{5}$
2019-05-17 09:27:08,977 - IMMO - FR.NEUF - LOGICIMMONEUF - 2019-04-01 00:00:00 - ERROR - FILE_CHECK - expect_column_values_to_match_regex - CP - Unexpected value: 6100 on line 238, value should match regexp ^[0-9]{5}$
2019-05-17 09:27:08,978 - IMMO - FR.NEUF - LOGICIMMONEUF - 2019-04-01 00:00:00 - ERROR - FILE_CHECK - expect_column_values_to_match_regex - CP - Unexpected value: 6100 on line 239, value should match regexp ^[0-9]{5}$
2019-05-17 09:27:08,978 - IMMO - FR.NEUF - LOGICIMMONEUF - 2019-04-01 00:00:00 - ERROR - FILE_CHECK - expect_column_values_to_match_regex - CP - Unexpected value: 6100 on line 240, value should match regexp ^[0-9]{5}$
2019-05-17 09:27:08,978 - IMMO - FR.NEUF - LOGICIMMONEUF - 2019-04-01 00:00:00 - ERROR - FILE_CHECK - expect_column_values_to_match_regex - CP - Unexpected value: 6100 on line 241, value should match regexp ^[0-9]{5}$
2019-05-17 09:27:08,978 - IMMO - FR.NEUF - LOGICIMMONEUF - 2019-04-01 00:00:00 - ERROR - FILE_CHECK - expect_column_values_to_match_regex - CP - Unexpected value: 6790 on line 242, value should match regexp ^[0-9]{5}$
2019-05-17 09:27:08,978 - IMMO - FR.NEUF - LOGICIMMONEUF - 2019-04-01 00:00:00 - ERROR - FILE_CHECK - expect_column_values_to_match_regex - CP - Unexpected value: 6410 on line 243, value should match regexp ^[0-9]{5}$
2019-05-17 09:27:08,978 - IMMO - FR.NEUF - LOGICIMMONEUF - 2019-04-01 00:00:00 - ERROR - FILE_CHECK - expect_column_values_to_match_regex - CP - Unexpected value: 6240 on line 245, value should match regexp ^[0-9]{5}$
2019-05-17 09:27:08,978 - IMMO - FR.NEUF - LOGICIMMONEUF - 2019-04-01 00:00:00 - ERROR - STAT - expect_column_values_to_match_regex - CP - correctly filled rate (%) - 93.99
2019-05-17 09:27:08,978 - IMMO - FR.NEUF - LOGICIMMONEUF - 2019-04-01 00:00:00 - ERROR - STAT - expect_column_values_to_not_be_null - DEPARTEMENT - correctly filled rate (%) - 100.0
2019-05-17 09:27:08,978 - IMMO - FR.NEUF - LOGICIMMONEUF - 2019-04-01 00:00:00 - ERROR - STAT - expect_returning_row_count - EVERY_COLUMNS - total number of rows - 5605
2019-05-17 09:27:08,978 - IMMO - FR.NEUF - LOGICIMMONEUF - 2019-04-01 00:00:00 - ERROR - STAT - expect_column_values_to_not_be_null - ID_CLIENT - correctly filled rate (%) - 100.0
2019-05-17 09:27:08,978 - IMMO - FR.NEUF - LOGICIMMONEUF - 2019-04-01 00:00:00 - ERROR - FILE_CHECK - expect_column_values_to_be_unique - ID_CLIENT - Unexpected value: e7667848-f773-5dfe-3d2f-1cfbdf1ff7ed on line 3418, value should be unique
2019-05-17 09:27:08,978 - IMMO - FR.NEUF - LOGICIMMONEUF - 2019-04-01 00:00:00 - ERROR - FILE_CHECK - expect_column_values_to_be_unique - ID_CLIENT - Unexpected value: e7667848-f773-5dfe-3d2f-1cfbdf1ff7ed on line 3424, value should be unique
2019-05-17 09:27:08,978 - IMMO - FR.NEUF - LOGICIMMONEUF - 2019-04-01 00:00:00 - ERROR - STAT - expect_column_values_to_be_unique - ID_CLIENT - observed proportion - 99.96
2019-05-17 09:27:08,978 - IMMO - FR.NEUF - LOGICIMMONEUF - 2019-04-01 00:00:00 - ERROR - FILE_CHECK - expect_column_values_to_be_of_type - M2_TOTALE - Wrong type for value: 63.0 on line 10 should be int
2019-05-17 09:27:08,978 - IMMO - FR.NEUF - LOGICIMMONEUF - 2019-04-01 00:00:00 - ERROR - FILE_CHECK - expect_column_values_to_be_of_type - M2_TOTALE - Wrong type for value: 55.0 on line 11 should be int
2019-05-17 09:27:08,978 - IMMO - FR.NEUF - LOGICIMMONEUF - 2019-04-01 00:00:00 - ERROR - FILE_CHECK - expect_column_values_to_be_of_type - M2_TOTALE - Wrong type for value: 46.0 on line 12 should be int
2019-05-17 09:27:08,978 - IMMO - FR.NEUF - LOGICIMMONEUF - 2019-04-01 00:00:00 - ERROR - FILE_CHECK - expect_column_values_to_be_of_type - M2_TOTALE - Wrong type for value: 45.0 on line 13 should be int
2019-05-17 09:27:08,978 - IMMO - FR.NEUF - LOGICIMMONEUF - 2019-04-01 00:00:00 - ERROR - FILE_CHECK - expect_column_values_to_be_of_type - M2_TOTALE - Wrong type for value: 19.0 on line 14 should be int
2019-05-17 09:27:08,979 - IMMO - FR.NEUF - LOGICIMMONEUF - 2019-04-01 00:00:00 - ERROR - FILE_CHECK - expect_column_values_to_be_of_type - M2_TOTALE - Wrong type for value: 18.0 on line 15 should be int
2019-05-17 09:27:08,979 - IMMO - FR.NEUF - LOGICIMMONEUF - 2019-04-01 00:00:00 - ERROR - FILE_CHECK - expect_column_values_to_be_of_type - M2_TOTALE - Wrong type for value: 122.0 on line 16 should be int
2019-05-17 09:27:08,979 - IMMO - FR.NEUF - LOGICIMMONEUF - 2019-04-01 00:00:00 - ERROR - FILE_CHECK - expect_column_values_to_be_of_type - M2_TOTALE - Wrong type for value: 45.0 on line 17 should be int
2019-05-17 09:27:08,979 - IMMO - FR.NEUF - LOGICIMMONEUF - 2019-04-01 00:00:00 - ERROR - FILE_CHECK - expect_column_values_to_be_of_type - M2_TOTALE - Wrong type for value: 57.0 on line 19 should be int
2019-05-17 09:27:08,979 - IMMO - FR.NEUF - LOGICIMMONEUF - 2019-04-01 00:00:00 - ERROR - FILE_CHECK - expect_column_values_to_be_of_type - M2_TOTALE - Wrong type for value: 67.0 on line 21 should be int
2019-05-17 09:27:08,979 - IMMO - FR.NEUF - LOGICIMMONEUF - 2019-04-01 00:00:00 - ERROR - FILE_CHECK - expect_column_values_to_be_of_type - M2_TOTALE - Wrong type for value: 50.0 on line 22 should be int
2019-05-17 09:27:08,979 - IMMO - FR.NEUF - LOGICIMMONEUF - 2019-04-01 00:00:00 - ERROR - FILE_CHECK - expect_column_values_to_be_of_type - M2_TOTALE - Wrong type for value: 82.0 on line 23 should be int
2019-05-17 09:27:08,979 - IMMO - FR.NEUF - LOGICIMMONEUF - 2019-04-01 00:00:00 - ERROR - FILE_CHECK - expect_column_values_to_be_of_type - M2_TOTALE - Wrong type for value: 46.0 on line 24 should be int
2019-05-17 09:27:08,979 - IMMO - FR.NEUF - LOGICIMMONEUF - 2019-04-01 00:00:00 - ERROR - FILE_CHECK - expect_column_values_to_be_of_type - M2_TOTALE - Wrong type for value: 30.0 on line 25 should be int
2019-05-17 09:27:08,979 - IMMO - FR.NEUF - LOGICIMMONEUF - 2019-04-01 00:00:00 - ERROR - FILE_CHECK - expect_column_values_to_be_of_type - M2_TOTALE - Wrong type for value: 45.0 on line 26 should be int
2019-05-17 09:27:08,979 - IMMO - FR.NEUF - LOGICIMMONEUF - 2019-04-01 00:00:00 - ERROR - FILE_CHECK - expect_column_values_to_be_of_type - M2_TOTALE - Wrong type for value: 23.0 on line 27 should be int
2019-05-17 09:27:08,979 - IMMO - FR.NEUF - LOGICIMMONEUF - 2019-04-01 00:00:00 - ERROR - FILE_CHECK - expect_column_values_to_be_of_type - M2_TOTALE - Wrong type for value: 126.0 on line 28 should be int
2019-05-17 09:27:08,979 - IMMO - FR.NEUF - LOGICIMMONEUF - 2019-04-01 00:00:00 - ERROR - FILE_CHECK - expect_column_values_to_be_of_type - M2_TOTALE - Wrong type for value: 29.0 on line 29 should be int
2019-05-17 09:27:08,979 - IMMO - FR.NEUF - LOGICIMMONEUF - 2019-04-01 00:00:00 - ERROR - FILE_CHECK - expect_column_values_to_be_of_type - M2_TOTALE - Wrong type for value: 45.0 on line 30 should be int
2019-05-17 09:27:08,979 - IMMO - FR.NEUF - LOGICIMMONEUF - 2019-04-01 00:00:00 - ERROR - FILE_CHECK - expect_column_values_to_be_of_type - M2_TOTALE - Wrong type for value: 130.0 on line 31 should be int
2019-05-17 09:27:08,979 - IMMO - FR.NEUF - LOGICIMMONEUF - 2019-04-01 00:00:00 - ERROR - STAT - expect_column_values_to_be_of_type - M2_TOTALE - correctly filled rate (%) - 0.0
2019-05-17 09:27:08,979 - IMMO - FR.NEUF - LOGICIMMONEUF - 2019-04-01 00:00:00 - ERROR - STAT - expect_column_values_to_not_be_null - M2_TOTALE - correctly filled rate (%) - 80.39
2019-05-17 09:27:08,980 - IMMO - FR.NEUF - LOGICIMMONEUF - 2019-04-01 00:00:00 - ERROR - STAT - expect_column_values_to_not_be_null - MAISON_APT - correctly filled rate (%) - 0.0
2019-05-17 09:27:08,980 - IMMO - FR.NEUF - LOGICIMMONEUF - 2019-04-01 00:00:00 - ERROR - STAT - expect_column_values_to_not_be_null - MINI_SITE_ID - correctly filled rate (%) - 98.0
2019-05-17 09:27:08,980 - IMMO - FR.NEUF - LOGICIMMONEUF - 2019-04-01 00:00:00 - ERROR - STAT - expect_column_values_to_not_be_null - NOM - correctly filled rate (%) - 99.96
2019-05-17 09:27:08,980 - IMMO - FR.NEUF - LOGICIMMONEUF - 2019-04-01 00:00:00 - ERROR - STAT - expect_column_value_lengths_to_be_between - NOM - correctly filled rate (%) - 100.0
2019-05-17 09:27:08,980 - IMMO - FR.NEUF - LOGICIMMONEUF - 2019-04-01 00:00:00 - ERROR - STAT - expect_column_values_to_match_regex - PAYS_AD - correctly filled rate (%) - 100.0
2019-05-17 09:27:08,980 - IMMO - FR.NEUF - LOGICIMMONEUF - 2019-04-01 00:00:00 - ERROR - STAT - expect_column_values_to_not_be_null - PAYS_AD - correctly filled rate (%) - 100.0
2019-05-17 09:27:08,980 - IMMO - FR.NEUF - LOGICIMMONEUF - 2019-04-01 00:00:00 - ERROR - FILE_CHECK - expect_column_values_to_be_of_type - PHOTO - Wrong type for value: 5.0 on line 0 should be int
2019-05-17 09:27:08,980 - IMMO - FR.NEUF - LOGICIMMONEUF - 2019-04-01 00:00:00 - ERROR - FILE_CHECK - expect_column_values_to_be_of_type - PHOTO - Wrong type for value: 4.0 on line 1 should be int
2019-05-17 09:27:08,980 - IMMO - FR.NEUF - LOGICIMMONEUF - 2019-04-01 00:00:00 - ERROR - FILE_CHECK - expect_column_values_to_be_of_type - PHOTO - Wrong type for value: 1.0 on line 2 should be int
2019-05-17 09:27:08,980 - IMMO - FR.NEUF - LOGICIMMONEUF - 2019-04-01 00:00:00 - ERROR - FILE_CHECK - expect_column_values_to_be_of_type - PHOTO - Wrong type for value: 3.0 on line 3 should be int
2019-05-17 09:27:08,980 - IMMO - FR.NEUF - LOGICIMMONEUF - 2019-04-01 00:00:00 - ERROR - FILE_CHECK - expect_column_values_to_be_of_type - PHOTO - Wrong type for value: 5.0 on line 4 should be int
2019-05-17 09:27:08,980 - IMMO - FR.NEUF - LOGICIMMONEUF - 2019-04-01 00:00:00 - ERROR - FILE_CHECK - expect_column_values_to_be_of_type - PHOTO - Wrong type for value: 2.0 on line 5 should be int
2019-05-17 09:27:08,980 - IMMO - FR.NEUF - LOGICIMMONEUF - 2019-04-01 00:00:00 - ERROR - FILE_CHECK - expect_column_values_to_be_of_type - PHOTO - Wrong type for value: 1.0 on line 6 should be int
2019-05-17 09:27:08,980 - IMMO - FR.NEUF - LOGICIMMONEUF - 2019-04-01 00:00:00 - ERROR - FILE_CHECK - expect_column_values_to_be_of_type - PHOTO - Wrong type for value: 2.0 on line 7 should be int
2019-05-17 09:27:08,980 - IMMO - FR.NEUF - LOGICIMMONEUF - 2019-04-01 00:00:00 - ERROR - FILE_CHECK - expect_column_values_to_be_of_type - PHOTO - Wrong type for value: 2.0 on line 8 should be int
2019-05-17 09:27:08,980 - IMMO - FR.NEUF - LOGICIMMONEUF - 2019-04-01 00:00:00 - ERROR - FILE_CHECK - expect_column_values_to_be_of_type - PHOTO - Wrong type for value: 3.0 on line 9 should be int
2019-05-17 09:27:08,980 - IMMO - FR.NEUF - LOGICIMMONEUF - 2019-04-01 00:00:00 - ERROR - FILE_CHECK - expect_column_values_to_be_of_type - PHOTO - Wrong type for value: 1.0 on line 10 should be int
2019-05-17 09:27:08,980 - IMMO - FR.NEUF - LOGICIMMONEUF - 2019-04-01 00:00:00 - ERROR - FILE_CHECK - expect_column_values_to_be_of_type - PHOTO - Wrong type for value: 3.0 on line 11 should be int
2019-05-17 09:27:08,981 - IMMO - FR.NEUF - LOGICIMMONEUF - 2019-04-01 00:00:00 - ERROR - FILE_CHECK - expect_column_values_to_be_of_type - PHOTO - Wrong type for value: 4.0 on line 12 should be int
2019-05-17 09:27:08,981 - IMMO - FR.NEUF - LOGICIMMONEUF - 2019-04-01 00:00:00 - ERROR - FILE_CHECK - expect_column_values_to_be_of_type - PHOTO - Wrong type for value: 3.5 on line 13 should be int
2019-05-17 09:27:08,981 - IMMO - FR.NEUF - LOGICIMMONEUF - 2019-04-01 00:00:00 - ERROR - FILE_CHECK - expect_column_values_to_be_of_type - PHOTO - Wrong type for value: 3.0 on line 14 should be int
2019-05-17 09:27:08,981 - IMMO - FR.NEUF - LOGICIMMONEUF - 2019-04-01 00:00:00 - ERROR - FILE_CHECK - expect_column_values_to_be_of_type - PHOTO - Wrong type for value: 1.0 on line 15 should be int
2019-05-17 09:27:08,981 - IMMO - FR.NEUF - LOGICIMMONEUF - 2019-04-01 00:00:00 - ERROR - FILE_CHECK - expect_column_values_to_be_of_type - PHOTO - Wrong type for value: 2.0 on line 16 should be int
2019-05-17 09:27:08,981 - IMMO - FR.NEUF - LOGICIMMONEUF - 2019-04-01 00:00:00 - ERROR - FILE_CHECK - expect_column_values_to_be_of_type - PHOTO - Wrong type for value: 9.0 on line 17 should be int
2019-05-17 09:27:08,981 - IMMO - FR.NEUF - LOGICIMMONEUF - 2019-04-01 00:00:00 - ERROR - FILE_CHECK - expect_column_values_to_be_of_type - PHOTO - Wrong type for value: 1.0 on line 18 should be int
2019-05-17 09:27:08,981 - IMMO - FR.NEUF - LOGICIMMONEUF - 2019-04-01 00:00:00 - ERROR - FILE_CHECK - expect_column_values_to_be_of_type - PHOTO - Wrong type for value: 2.0 on line 19 should be int
2019-05-17 09:27:08,981 - IMMO - FR.NEUF - LOGICIMMONEUF - 2019-04-01 00:00:00 - ERROR - STAT - expect_column_values_to_be_of_type - PHOTO - correctly filled rate (%) - 0.0
2019-05-17 09:27:08,981 - IMMO - FR.NEUF - LOGICIMMONEUF - 2019-04-01 00:00:00 - ERROR - STAT - expect_column_values_to_not_be_null - PHOTO - correctly filled rate (%) - 100.0
2019-05-17 09:27:08,981 - IMMO - FR.NEUF - LOGICIMMONEUF - 2019-04-01 00:00:00 - ERROR - STAT - expect_column_values_to_be_in_type_list - PHOTO - correctly filled rate (%) - 100.0
2019-05-17 09:27:08,981 - IMMO - FR.NEUF - LOGICIMMONEUF - 2019-04-01 00:00:00 - ERROR - FILE_CHECK - expect_column_values_to_be_of_type - PIECE - Wrong type for value: 2.0 on line 11 should be int
2019-05-17 09:27:08,981 - IMMO - FR.NEUF - LOGICIMMONEUF - 2019-04-01 00:00:00 - ERROR - FILE_CHECK - expect_column_values_to_be_of_type - PIECE - Wrong type for value: 2.0 on line 12 should be int
2019-05-17 09:27:08,981 - IMMO - FR.NEUF - LOGICIMMONEUF - 2019-04-01 00:00:00 - ERROR - FILE_CHECK - expect_column_values_to_be_of_type - PIECE - Wrong type for value: 2.0 on line 13 should be int
2019-05-17 09:27:08,981 - IMMO - FR.NEUF - LOGICIMMONEUF - 2019-04-01 00:00:00 - ERROR - FILE_CHECK - expect_column_values_to_be_of_type - PIECE - Wrong type for value: 1.0 on line 14 should be int
2019-05-17 09:27:08,981 - IMMO - FR.NEUF - LOGICIMMONEUF - 2019-04-01 00:00:00 - ERROR - FILE_CHECK - expect_column_values_to_be_of_type - PIECE - Wrong type for value: 2.0 on line 17 should be int
2019-05-17 09:27:08,981 - IMMO - FR.NEUF - LOGICIMMONEUF - 2019-04-01 00:00:00 - ERROR - FILE_CHECK - expect_column_values_to_be_of_type - PIECE - Wrong type for value: 2.0 on line 18 should be int
2019-05-17 09:27:08,981 - IMMO - FR.NEUF - LOGICIMMONEUF - 2019-04-01 00:00:00 - ERROR - FILE_CHECK - expect_column_values_to_be_of_type - PIECE - Wrong type for value: 3.0 on line 19 should be int
2019-05-17 09:27:08,982 - IMMO - FR.NEUF - LOGICIMMONEUF - 2019-04-01 00:00:00 - ERROR - FILE_CHECK - expect_column_values_to_be_of_type - PIECE - Wrong type for value: 2.0 on line 20 should be int
2019-05-17 09:27:08,982 - IMMO - FR.NEUF - LOGICIMMONEUF - 2019-04-01 00:00:00 - ERROR - FILE_CHECK - expect_column_values_to_be_of_type - PIECE - Wrong type for value: 3.0 on line 21 should be int
2019-05-17 09:27:08,982 - IMMO - FR.NEUF - LOGICIMMONEUF - 2019-04-01 00:00:00 - ERROR - FILE_CHECK - expect_column_values_to_be_of_type - PIECE - Wrong type for value: 2.0 on line 22 should be int
2019-05-17 09:27:08,982 - IMMO - FR.NEUF - LOGICIMMONEUF - 2019-04-01 00:00:00 - ERROR - FILE_CHECK - expect_column_values_to_be_of_type - PIECE - Wrong type for value: 4.0 on line 23 should be int
2019-05-17 09:27:08,982 - IMMO - FR.NEUF - LOGICIMMONEUF - 2019-04-01 00:00:00 - ERROR - FILE_CHECK - expect_column_values_to_be_of_type - PIECE - Wrong type for value: 2.0 on line 24 should be int
2019-05-17 09:27:08,982 - IMMO - FR.NEUF - LOGICIMMONEUF - 2019-04-01 00:00:00 - ERROR - FILE_CHECK - expect_column_values_to_be_of_type - PIECE - Wrong type for value: 1.0 on line 25 should be int
2019-05-17 09:27:08,982 - IMMO - FR.NEUF - LOGICIMMONEUF - 2019-04-01 00:00:00 - ERROR - FILE_CHECK - expect_column_values_to_be_of_type - PIECE - Wrong type for value: 2.0 on line 26 should be int
2019-05-17 09:27:08,982 - IMMO - FR.NEUF - LOGICIMMONEUF - 2019-04-01 00:00:00 - ERROR - FILE_CHECK - expect_column_values_to_be_of_type - PIECE - Wrong type for value: 1.0 on line 27 should be int
2019-05-17 09:27:08,982 - IMMO - FR.NEUF - LOGICIMMONEUF - 2019-04-01 00:00:00 - ERROR - FILE_CHECK - expect_column_values_to_be_of_type - PIECE - Wrong type for value: 6.0 on line 28 should be int
2019-05-17 09:27:08,982 - IMMO - FR.NEUF - LOGICIMMONEUF - 2019-04-01 00:00:00 - ERROR - FILE_CHECK - expect_column_values_to_be_of_type - PIECE - Wrong type for value: 1.0 on line 29 should be int
2019-05-17 09:27:08,982 - IMMO - FR.NEUF - LOGICIMMONEUF - 2019-04-01 00:00:00 - ERROR - FILE_CHECK - expect_column_values_to_be_of_type - PIECE - Wrong type for value: 2.0 on line 30 should be int
2019-05-17 09:27:08,982 - IMMO - FR.NEUF - LOGICIMMONEUF - 2019-04-01 00:00:00 - ERROR - FILE_CHECK - expect_column_values_to_be_of_type - PIECE - Wrong type for value: 5.0 on line 31 should be int
2019-05-17 09:27:08,982 - IMMO - FR.NEUF - LOGICIMMONEUF - 2019-04-01 00:00:00 - ERROR - FILE_CHECK - expect_column_values_to_be_of_type - PIECE - Wrong type for value: 4.0 on line 32 should be int
2019-05-17 09:27:08,982 - IMMO - FR.NEUF - LOGICIMMONEUF - 2019-04-01 00:00:00 - ERROR - STAT - expect_column_values_to_be_of_type - PIECE - correctly filled rate (%) - 0.0
2019-05-17 09:27:08,982 - IMMO - FR.NEUF - LOGICIMMONEUF - 2019-04-01 00:00:00 - ERROR - STAT - expect_column_values_to_not_be_null - PIECE - correctly filled rate (%) - 86.05
2019-05-17 09:27:08,982 - IMMO - FR.NEUF - LOGICIMMONEUF - 2019-04-01 00:00:00 - ERROR - STAT - expect_column_values_to_be_in_type_list - PIECE - correctly filled rate (%) - 100.0
2019-05-17 09:27:08,982 - IMMO - FR.NEUF - LOGICIMMONEUF - 2019-04-01 00:00:00 - ERROR - FILE_CHECK - expect_column_values_to_be_of_type - PRIX - Wrong type for value: 195000.0 on line 10 should be int
2019-05-17 09:27:08,983 - IMMO - FR.NEUF - LOGICIMMONEUF - 2019-04-01 00:00:00 - ERROR - FILE_CHECK - expect_column_values_to_be_of_type - PRIX - Wrong type for value: 133000.0 on line 11 should be int
2019-05-17 09:27:08,983 - IMMO - FR.NEUF - LOGICIMMONEUF - 2019-04-01 00:00:00 - ERROR - FILE_CHECK - expect_column_values_to_be_of_type - PRIX - Wrong type for value: 154000.0 on line 12 should be int
2019-05-17 09:27:08,983 - IMMO - FR.NEUF - LOGICIMMONEUF - 2019-04-01 00:00:00 - ERROR - FILE_CHECK - expect_column_values_to_be_of_type - PRIX - Wrong type for value: 182000.0 on line 13 should be int
2019-05-17 09:27:08,983 - IMMO - FR.NEUF - LOGICIMMONEUF - 2019-04-01 00:00:00 - ERROR - FILE_CHECK - expect_column_values_to_be_of_type - PRIX - Wrong type for value: 65000.0 on line 14 should be int
2019-05-17 09:27:08,983 - IMMO - FR.NEUF - LOGICIMMONEUF - 2019-04-01 00:00:00 - ERROR - FILE_CHECK - expect_column_values_to_be_of_type - PRIX - Wrong type for value: 57410.0 on line 15 should be int
2019-05-17 09:27:08,983 - IMMO - FR.NEUF - LOGICIMMONEUF - 2019-04-01 00:00:00 - ERROR - FILE_CHECK - expect_column_values_to_be_of_type - PRIX - Wrong type for value: 202995.0 on line 16 should be int
2019-05-17 09:27:08,983 - IMMO - FR.NEUF - LOGICIMMONEUF - 2019-04-01 00:00:00 - ERROR - FILE_CHECK - expect_column_values_to_be_of_type - PRIX - Wrong type for value: 127000.0 on line 17 should be int
2019-05-17 09:27:08,983 - IMMO - FR.NEUF - LOGICIMMONEUF - 2019-04-01 00:00:00 - ERROR - FILE_CHECK - expect_column_values_to_be_of_type - PRIX - Wrong type for value: 229500.0 on line 19 should be int
2019-05-17 09:27:08,983 - IMMO - FR.NEUF - LOGICIMMONEUF - 2019-04-01 00:00:00 - ERROR - FILE_CHECK - expect_column_values_to_be_of_type - PRIX - Wrong type for value: 186500.0 on line 21 should be int
2019-05-17 09:27:08,983 - IMMO - FR.NEUF - LOGICIMMONEUF - 2019-04-01 00:00:00 - ERROR - FILE_CHECK - expect_column_values_to_be_of_type - PRIX - Wrong type for value: 183500.0 on line 22 should be int
2019-05-17 09:27:08,983 - IMMO - FR.NEUF - LOGICIMMONEUF - 2019-04-01 00:00:00 - ERROR - FILE_CHECK - expect_column_values_to_be_of_type - PRIX - Wrong type for value: 199000.0 on line 23 should be int
2019-05-17 09:27:08,983 - IMMO - FR.NEUF - LOGICIMMONEUF - 2019-04-01 00:00:00 - ERROR - FILE_CHECK - expect_column_values_to_be_of_type - PRIX - Wrong type for value: 125000.0 on line 24 should be int
2019-05-17 09:27:08,983 - IMMO - FR.NEUF - LOGICIMMONEUF - 2019-04-01 00:00:00 - ERROR - FILE_CHECK - expect_column_values_to_be_of_type - PRIX - Wrong type for value: 119970.0 on line 25 should be int
2019-05-17 09:27:08,983 - IMMO - FR.NEUF - LOGICIMMONEUF - 2019-04-01 00:00:00 - ERROR - FILE_CHECK - expect_column_values_to_be_of_type - PRIX - Wrong type for value: 169300.0 on line 26 should be int
2019-05-17 09:27:08,983 - IMMO - FR.NEUF - LOGICIMMONEUF - 2019-04-01 00:00:00 - ERROR - FILE_CHECK - expect_column_values_to_be_of_type - PRIX - Wrong type for value: 459000.0 on line 28 should be int
2019-05-17 09:27:08,983 - IMMO - FR.NEUF - LOGICIMMONEUF - 2019-04-01 00:00:00 - ERROR - FILE_CHECK - expect_column_values_to_be_of_type - PRIX - Wrong type for value: 116000.0 on line 29 should be int
2019-05-17 09:27:08,983 - IMMO - FR.NEUF - LOGICIMMONEUF - 2019-04-01 00:00:00 - ERROR - FILE_CHECK - expect_column_values_to_be_of_type - PRIX - Wrong type for value: 160000.0 on line 30 should be int
2019-05-17 09:27:08,984 - IMMO - FR.NEUF - LOGICIMMONEUF - 2019-04-01 00:00:00 - ERROR - FILE_CHECK - expect_column_values_to_be_of_type - PRIX - Wrong type for value: 282000.0 on line 32 should be int
2019-05-17 09:27:08,984 - IMMO - FR.NEUF - LOGICIMMONEUF - 2019-04-01 00:00:00 - ERROR - FILE_CHECK - expect_column_values_to_be_of_type - PRIX - Wrong type for value: 105000.0 on line 33 should be int
2019-05-17 09:27:08,984 - IMMO - FR.NEUF - LOGICIMMONEUF - 2019-04-01 00:00:00 - ERROR - STAT - expect_column_values_to_be_of_type - PRIX - correctly filled rate (%) - 0.0
2019-05-17 09:27:08,984 - IMMO - FR.NEUF - LOGICIMMONEUF - 2019-04-01 00:00:00 - ERROR - STAT - expect_column_values_to_not_be_null - PRIX - correctly filled rate (%) - 84.67
2019-05-17 09:27:08,984 - IMMO - FR.NEUF - LOGICIMMONEUF - 2019-04-01 00:00:00 - ERROR - STAT - expect_column_values_to_not_be_null - PRO_IND - correctly filled rate (%) - 100.0
2019-05-17 09:27:08,984 - IMMO - FR.NEUF - LOGICIMMONEUF - 2019-04-01 00:00:00 - ERROR - STAT - expect_column_values_to_be_in_set - PRO_IND - correctly filled rate (%) - 100.0
2019-05-17 09:27:08,984 - IMMO - FR.NEUF - LOGICIMMONEUF - 2019-04-01 00:00:00 - ERROR - STAT - expect_column_values_to_not_be_null - REGION - correctly filled rate (%) - 0.0
2019-05-17 09:27:08,984 - IMMO - FR.NEUF - LOGICIMMONEUF - 2019-04-01 00:00:00 - ERROR - STAT - expect_column_values_to_not_be_null - SELLER_TYPE - correctly filled rate (%) - 100.0
2019-05-17 09:27:08,984 - IMMO - FR.NEUF - LOGICIMMONEUF - 2019-04-01 00:00:00 - ERROR - STAT - expect_column_values_to_match_regex - SELLER_TYPE - correctly filled rate (%) - 100.0
2019-05-17 09:27:08,984 - IMMO - FR.NEUF - LOGICIMMONEUF - 2019-04-01 00:00:00 - ERROR - STAT - expect_column_values_to_match_regex - VILLE - correctly filled rate (%) - 100.0
2019-05-17 09:27:08,984 - IMMO - FR.NEUF - LOGICIMMONEUF - 2019-04-01 00:00:00 - ERROR - STAT - expect_column_values_to_not_be_null - VILLE - correctly filled rate (%) - 100.0
2019-05-17 09:27:08,984 - IMMO - FR.NEUF - LOGICIMMONEUF - 2019-04-01 00:00:00 - ERROR - STAT - expect_returning_row_count_on_conditions - DEALER_LISTINGS - total number of row with conditions - 5605
2019-05-17 09:27:08,984 - IMMO - FR.NEUF - LOGICIMMONEUF - 2019-04-01 00:00:00 - ERROR - STAT - expect_returning_row_count_on_conditions - PRIVATE_LISTINGS - total number of row with conditions - 0
2019-05-17 09:27:08,984 - IMMO - FR.NEUF - LOGICIMMONEUF - 2019-04-01 00:00:00 - ERROR - STAT - expect_returning_row_unique_count - VILLE - total number of unique rows - 2396
