2019-07-06 07:27:54,341 - VO - IE - CARSIRELAND - 2019-06-01 00:00:00 - ERROR - STAT - expect_column_values_to_not_be_null - ADRESSE - correctly filled rate (%) - 0.0
2019-07-06 07:27:54,341 - VO - IE - CARSIRELAND - 2019-06-01 00:00:00 - ERROR - FILE_CHECK - expect_column_values_to_be_in_type_list - ANNEE - Wrong type for value: 0000-00-00 00:00:00 on line 3 should be in ['int', 'float']
2019-07-06 07:27:54,367 - VO - IE - CARSIRELAND - 2019-06-01 00:00:00 - ERROR - FILE_CHECK - expect_column_values_to_be_in_type_list - ANNEE - Wrong type for value: 2d0b2085e7de01d054b3ff7132944e1b on line 7 should be in ['int', 'float']
2019-07-06 07:27:54,367 - VO - IE - CARSIRELAND - 2019-06-01 00:00:00 - ERROR - FILE_CHECK - expect_column_values_to_be_in_type_list - ANNEE - Wrong type for value: http://www.carsireland.ie/car-dealers/county/cork/cork-auto-sales on line 8 should be in ['int', 'float']
2019-07-06 07:27:54,367 - VO - IE - CARSIRELAND - 2019-06-01 00:00:00 - ERROR - FILE_CHECK - expect_column_values_to_be_in_type_list - ANNEE - Wrong type for value: K45 DC86   on line 11 should be in ['int', 'float']
2019-07-06 07:27:54,367 - VO - IE - CARSIRELAND - 2019-06-01 00:00:00 - ERROR - FILE_CHECK - expect_column_values_to_be_in_type_list - ANNEE - Wrong type for value: 111 BHP  on line 13 should be in ['int', 'float']
2019-07-06 07:27:54,368 - VO - IE - CARSIRELAND - 2019-06-01 00:00:00 - ERROR - FILE_CHECK - expect_column_values_to_be_in_type_list - ANNEE - Wrong type for value: Hatchback  on line 14 should be in ['int', 'float']
2019-07-06 07:27:54,368 - VO - IE - CARSIRELAND - 2019-06-01 00:00:00 - ERROR - FILE_CHECK - expect_column_values_to_be_in_type_list - ANNEE - Wrong type for value: 485f790b16094331495753815dd35282 on line 16 should be in ['int', 'float']
2019-07-06 07:27:54,368 - VO - IE - CARSIRELAND - 2019-06-01 00:00:00 - ERROR - FILE_CHECK - expect_column_values_to_be_in_type_list - ANNEE - Wrong type for value: http://www.carsireland.ie/car-dealers/county/dublin/low-cost-car-and-van-sales-- on line 17 should be in ['int', 'float']
2019-07-06 07:27:54,368 - VO - IE - CARSIRELAND - 2019-06-01 00:00:00 - ERROR - FILE_CHECK - expect_column_values_to_be_in_type_list - ANNEE - Wrong type for value: D06 R7W2   on line 20 should be in ['int', 'float']
2019-07-06 07:27:54,368 - VO - IE - CARSIRELAND - 2019-06-01 00:00:00 - ERROR - FILE_CHECK - expect_column_values_to_be_in_type_list - ANNEE - Wrong type for value: 0000-00-00 00:00:00 on line 21 should be in ['int', 'float']
2019-07-06 07:27:54,368 - VO - IE - CARSIRELAND - 2019-06-01 00:00:00 - ERROR - FILE_CHECK - expect_column_values_to_be_in_type_list - ANNEE - Wrong type for value: 8ecae1fc225fd2cc2bf5d513afec1ebc on line 26 should be in ['int', 'float']
2019-07-06 07:27:54,368 - VO - IE - CARSIRELAND - 2019-06-01 00:00:00 - ERROR - FILE_CHECK - expect_column_values_to_be_in_type_list - ANNEE - Wrong type for value: http://www.carsireland.ie/car-dealers/county/dublin/rathmines-motors on line 27 should be in ['int', 'float']
2019-07-06 07:27:54,368 - VO - IE - CARSIRELAND - 2019-06-01 00:00:00 - ERROR - FILE_CHECK - expect_column_values_to_be_in_type_list - ANNEE - Wrong type for value: R35 P895   on line 30 should be in ['int', 'float']
2019-07-06 07:27:54,368 - VO - IE - CARSIRELAND - 2019-06-01 00:00:00 - ERROR - FILE_CHECK - expect_column_values_to_be_in_type_list - ANNEE - Wrong type for value: 0000-00-00 00:00:00 on line 31 should be in ['int', 'float']
2019-07-06 07:27:54,368 - VO - IE - CARSIRELAND - 2019-06-01 00:00:00 - ERROR - FILE_CHECK - expect_column_values_to_be_in_type_list - ANNEE - Wrong type for value: 194 BHP  on line 33 should be in ['int', 'float']
2019-07-06 07:27:54,368 - VO - IE - CARSIRELAND - 2019-06-01 00:00:00 - ERROR - FILE_CHECK - expect_column_values_to_be_in_type_list - ANNEE - Wrong type for value: SUV  on line 34 should be in ['int', 'float']
2019-07-06 07:27:54,368 - VO - IE - CARSIRELAND - 2019-06-01 00:00:00 - ERROR - FILE_CHECK - expect_column_values_to_be_in_type_list - ANNEE - Wrong type for value: cd19983df3f63c83c3e2e070e9a5c170 on line 36 should be in ['int', 'float']
2019-07-06 07:27:54,368 - VO - IE - CARSIRELAND - 2019-06-01 00:00:00 - ERROR - FILE_CHECK - expect_column_values_to_be_in_type_list - ANNEE - Wrong type for value: http://www.carsireland.ie/car-dealers/county/offaly/fitzpatricks-garage-hyundai-tullamore on line 37 should be in ['int', 'float']
2019-07-06 07:27:54,368 - VO - IE - CARSIRELAND - 2019-06-01 00:00:00 - ERROR - FILE_CHECK - expect_column_values_to_be_in_type_list - ANNEE - Wrong type for value: A98 TH72   on line 40 should be in ['int', 'float']
2019-07-06 07:27:54,368 - VO - IE - CARSIRELAND - 2019-06-01 00:00:00 - ERROR - FILE_CHECK - expect_column_values_to_be_in_type_list - ANNEE - Wrong type for value: 0000-00-00 00:00:00 on line 41 should be in ['int', 'float']
2019-07-06 07:27:54,368 - VO - IE - CARSIRELAND - 2019-06-01 00:00:00 - ERROR - STAT - expect_column_values_to_be_in_type_list - ANNEE - correctly filled rate (%) - 0.0
2019-07-06 07:27:54,368 - VO - IE - CARSIRELAND - 2019-06-01 00:00:00 - ERROR - STAT - expect_column_values_to_not_be_null - ANNEE - correctly filled rate (%) - 53.12
2019-07-06 07:27:54,368 - VO - IE - CARSIRELAND - 2019-06-01 00:00:00 - ERROR - FILE_CHECK - expect_column_values_to_match_regex - ANNEE - Unexpected value: 0000-00-00 00:00:00 on line 3, value should match regexp ^[0-9]{4}$
2019-07-06 07:27:54,369 - VO - IE - CARSIRELAND - 2019-06-01 00:00:00 - ERROR - FILE_CHECK - expect_column_values_to_match_regex - ANNEE - Unexpected value: 2d0b2085e7de01d054b3ff7132944e1b on line 7, value should match regexp ^[0-9]{4}$
2019-07-06 07:27:54,369 - VO - IE - CARSIRELAND - 2019-06-01 00:00:00 - ERROR - FILE_CHECK - expect_column_values_to_match_regex - ANNEE - Unexpected value: http://www.carsireland.ie/car-dealers/county/cork/cork-auto-sales on line 8, value should match regexp ^[0-9]{4}$
2019-07-06 07:27:54,369 - VO - IE - CARSIRELAND - 2019-06-01 00:00:00 - ERROR - FILE_CHECK - expect_column_values_to_match_regex - ANNEE - Unexpected value: K45 DC86   on line 11, value should match regexp ^[0-9]{4}$
2019-07-06 07:27:54,369 - VO - IE - CARSIRELAND - 2019-06-01 00:00:00 - ERROR - FILE_CHECK - expect_column_values_to_match_regex - ANNEE - Unexpected value: 111 BHP  on line 13, value should match regexp ^[0-9]{4}$
2019-07-06 07:27:54,369 - VO - IE - CARSIRELAND - 2019-06-01 00:00:00 - ERROR - FILE_CHECK - expect_column_values_to_match_regex - ANNEE - Unexpected value: Hatchback  on line 14, value should match regexp ^[0-9]{4}$
2019-07-06 07:27:54,369 - VO - IE - CARSIRELAND - 2019-06-01 00:00:00 - ERROR - FILE_CHECK - expect_column_values_to_match_regex - ANNEE - Unexpected value: 485f790b16094331495753815dd35282 on line 16, value should match regexp ^[0-9]{4}$
2019-07-06 07:27:54,369 - VO - IE - CARSIRELAND - 2019-06-01 00:00:00 - ERROR - FILE_CHECK - expect_column_values_to_match_regex - ANNEE - Unexpected value: http://www.carsireland.ie/car-dealers/county/dublin/low-cost-car-and-van-sales-- on line 17, value should match regexp ^[0-9]{4}$
2019-07-06 07:27:54,369 - VO - IE - CARSIRELAND - 2019-06-01 00:00:00 - ERROR - FILE_CHECK - expect_column_values_to_match_regex - ANNEE - Unexpected value: D06 R7W2   on line 20, value should match regexp ^[0-9]{4}$
2019-07-06 07:27:54,369 - VO - IE - CARSIRELAND - 2019-06-01 00:00:00 - ERROR - FILE_CHECK - expect_column_values_to_match_regex - ANNEE - Unexpected value: 0000-00-00 00:00:00 on line 21, value should match regexp ^[0-9]{4}$
2019-07-06 07:27:54,369 - VO - IE - CARSIRELAND - 2019-06-01 00:00:00 - ERROR - FILE_CHECK - expect_column_values_to_match_regex - ANNEE - Unexpected value: 8ecae1fc225fd2cc2bf5d513afec1ebc on line 26, value should match regexp ^[0-9]{4}$
2019-07-06 07:27:54,369 - VO - IE - CARSIRELAND - 2019-06-01 00:00:00 - ERROR - FILE_CHECK - expect_column_values_to_match_regex - ANNEE - Unexpected value: http://www.carsireland.ie/car-dealers/county/dublin/rathmines-motors on line 27, value should match regexp ^[0-9]{4}$
2019-07-06 07:27:54,369 - VO - IE - CARSIRELAND - 2019-06-01 00:00:00 - ERROR - FILE_CHECK - expect_column_values_to_match_regex - ANNEE - Unexpected value: R35 P895   on line 30, value should match regexp ^[0-9]{4}$
2019-07-06 07:27:54,369 - VO - IE - CARSIRELAND - 2019-06-01 00:00:00 - ERROR - FILE_CHECK - expect_column_values_to_match_regex - ANNEE - Unexpected value: 0000-00-00 00:00:00 on line 31, value should match regexp ^[0-9]{4}$
2019-07-06 07:27:54,369 - VO - IE - CARSIRELAND - 2019-06-01 00:00:00 - ERROR - FILE_CHECK - expect_column_values_to_match_regex - ANNEE - Unexpected value: 194 BHP  on line 33, value should match regexp ^[0-9]{4}$
2019-07-06 07:27:54,369 - VO - IE - CARSIRELAND - 2019-06-01 00:00:00 - ERROR - FILE_CHECK - expect_column_values_to_match_regex - ANNEE - Unexpected value: SUV  on line 34, value should match regexp ^[0-9]{4}$
2019-07-06 07:27:54,369 - VO - IE - CARSIRELAND - 2019-06-01 00:00:00 - ERROR - FILE_CHECK - expect_column_values_to_match_regex - ANNEE - Unexpected value: cd19983df3f63c83c3e2e070e9a5c170 on line 36, value should match regexp ^[0-9]{4}$
2019-07-06 07:27:54,369 - VO - IE - CARSIRELAND - 2019-06-01 00:00:00 - ERROR - FILE_CHECK - expect_column_values_to_match_regex - ANNEE - Unexpected value: http://www.carsireland.ie/car-dealers/county/offaly/fitzpatricks-garage-hyundai-tullamore on line 37, value should match regexp ^[0-9]{4}$
2019-07-06 07:27:54,369 - VO - IE - CARSIRELAND - 2019-06-01 00:00:00 - ERROR - FILE_CHECK - expect_column_values_to_match_regex - ANNEE - Unexpected value: A98 TH72   on line 40, value should match regexp ^[0-9]{4}$
2019-07-06 07:27:54,369 - VO - IE - CARSIRELAND - 2019-06-01 00:00:00 - ERROR - FILE_CHECK - expect_column_values_to_match_regex - ANNEE - Unexpected value: 0000-00-00 00:00:00 on line 41, value should match regexp ^[0-9]{4}$
2019-07-06 07:27:54,370 - VO - IE - CARSIRELAND - 2019-06-01 00:00:00 - ERROR - STAT - expect_column_values_to_match_regex - ANNEE - correctly filled rate (%) - 0.0
2019-07-06 07:27:54,370 - VO - IE - CARSIRELAND - 2019-06-01 00:00:00 - ERROR - STAT - expect_column_values_to_not_be_null - ANNONCE_LINK - correctly filled rate (%) - 10.12
2019-07-06 07:27:54,370 - VO - IE - CARSIRELAND - 2019-06-01 00:00:00 - ERROR - FILE_CHECK - expect_column_values_to_be_unique - ANNONCE_LINK - Unexpected value: 0.0 on line 7, value should be unique
2019-07-06 07:27:54,370 - VO - IE - CARSIRELAND - 2019-06-01 00:00:00 - ERROR - FILE_CHECK - expect_column_values_to_be_unique - ANNONCE_LINK - Unexpected value: 0.0 on line 16, value should be unique
2019-07-06 07:27:54,370 - VO - IE - CARSIRELAND - 2019-06-01 00:00:00 - ERROR - FILE_CHECK - expect_column_values_to_be_unique - ANNONCE_LINK - Unexpected value: 0.0 on line 26, value should be unique
2019-07-06 07:27:54,370 - VO - IE - CARSIRELAND - 2019-06-01 00:00:00 - ERROR - FILE_CHECK - expect_column_values_to_be_unique - ANNONCE_LINK - Unexpected value: 0.0 on line 36, value should be unique
2019-07-06 07:27:54,370 - VO - IE - CARSIRELAND - 2019-06-01 00:00:00 - ERROR - FILE_CHECK - expect_column_values_to_be_unique - ANNONCE_LINK - Unexpected value: 0.0 on line 45, value should be unique
2019-07-06 07:27:54,370 - VO - IE - CARSIRELAND - 2019-06-01 00:00:00 - ERROR - FILE_CHECK - expect_column_values_to_be_unique - ANNONCE_LINK - Unexpected value: 0.0 on line 54, value should be unique
2019-07-06 07:27:54,370 - VO - IE - CARSIRELAND - 2019-06-01 00:00:00 - ERROR - FILE_CHECK - expect_column_values_to_be_unique - ANNONCE_LINK - Unexpected value: 0.0 on line 63, value should be unique
2019-07-06 07:27:54,370 - VO - IE - CARSIRELAND - 2019-06-01 00:00:00 - ERROR - FILE_CHECK - expect_column_values_to_be_unique - ANNONCE_LINK - Unexpected value: 0.0 on line 72, value should be unique
2019-07-06 07:27:54,370 - VO - IE - CARSIRELAND - 2019-06-01 00:00:00 - ERROR - FILE_CHECK - expect_column_values_to_be_unique - ANNONCE_LINK - Unexpected value: 0.0 on line 82, value should be unique
2019-07-06 07:27:54,370 - VO - IE - CARSIRELAND - 2019-06-01 00:00:00 - ERROR - FILE_CHECK - expect_column_values_to_be_unique - ANNONCE_LINK - Unexpected value: 0.0 on line 91, value should be unique
2019-07-06 07:27:54,370 - VO - IE - CARSIRELAND - 2019-06-01 00:00:00 - ERROR - FILE_CHECK - expect_column_values_to_be_unique - ANNONCE_LINK - Unexpected value: 0.0 on line 100, value should be unique
2019-07-06 07:27:54,370 - VO - IE - CARSIRELAND - 2019-06-01 00:00:00 - ERROR - FILE_CHECK - expect_column_values_to_be_unique - ANNONCE_LINK - Unexpected value: 0.0 on line 108, value should be unique
2019-07-06 07:27:54,370 - VO - IE - CARSIRELAND - 2019-06-01 00:00:00 - ERROR - FILE_CHECK - expect_column_values_to_be_unique - ANNONCE_LINK - Unexpected value: 0.0 on line 118, value should be unique
2019-07-06 07:27:54,370 - VO - IE - CARSIRELAND - 2019-06-01 00:00:00 - ERROR - FILE_CHECK - expect_column_values_to_be_unique - ANNONCE_LINK - Unexpected value: 0.0 on line 127, value should be unique
2019-07-06 07:27:54,370 - VO - IE - CARSIRELAND - 2019-06-01 00:00:00 - ERROR - FILE_CHECK - expect_column_values_to_be_unique - ANNONCE_LINK - Unexpected value: 0.0 on line 137, value should be unique
2019-07-06 07:27:54,371 - VO - IE - CARSIRELAND - 2019-06-01 00:00:00 - ERROR - FILE_CHECK - expect_column_values_to_be_unique - ANNONCE_LINK - Unexpected value: 0.0 on line 146, value should be unique
2019-07-06 07:27:54,371 - VO - IE - CARSIRELAND - 2019-06-01 00:00:00 - ERROR - FILE_CHECK - expect_column_values_to_be_unique - ANNONCE_LINK - Unexpected value: 0.0 on line 156, value should be unique
2019-07-06 07:27:54,371 - VO - IE - CARSIRELAND - 2019-06-01 00:00:00 - ERROR - FILE_CHECK - expect_column_values_to_be_unique - ANNONCE_LINK - Unexpected value: 0.0 on line 165, value should be unique
2019-07-06 07:27:54,371 - VO - IE - CARSIRELAND - 2019-06-01 00:00:00 - ERROR - FILE_CHECK - expect_column_values_to_be_unique - ANNONCE_LINK - Unexpected value: 0.0 on line 174, value should be unique
2019-07-06 07:27:54,371 - VO - IE - CARSIRELAND - 2019-06-01 00:00:00 - ERROR - FILE_CHECK - expect_column_values_to_be_unique - ANNONCE_LINK - Unexpected value: 0.0 on line 183, value should be unique
2019-07-06 07:27:54,371 - VO - IE - CARSIRELAND - 2019-06-01 00:00:00 - ERROR - STAT - expect_column_values_to_be_unique - ANNONCE_LINK - observed proportion - 0.0
2019-07-06 07:27:54,371 - VO - IE - CARSIRELAND - 2019-06-01 00:00:00 - ERROR - STAT - expect_column_values_to_not_be_null - CARBURANT - correctly filled rate (%) - 22.35
2019-07-06 07:27:54,371 - VO - IE - CARSIRELAND - 2019-06-01 00:00:00 - ERROR - STAT - expect_column_values_to_not_be_null - CARROSSERIE - correctly filled rate (%) - 0.0
2019-07-06 07:27:54,371 - VO - IE - CARSIRELAND - 2019-06-01 00:00:00 - ERROR - STAT - expect_column_values_to_not_be_null - CP - correctly filled rate (%) - 23.11
2019-07-06 07:27:54,371 - VO - IE - CARSIRELAND - 2019-06-01 00:00:00 - ERROR - FILE_CHECK - expect_column_values_to_match_regex - CP - Unexpected value: Grey  on line 2, value should match regexp ^[0-9]{5}$
2019-07-06 07:27:54,371 - VO - IE - CARSIRELAND - 2019-06-01 00:00:00 - ERROR - FILE_CHECK - expect_column_values_to_match_regex - CP - Unexpected value: Y on line 3, value should match regexp ^[0-9]{5}$
2019-07-06 07:27:54,371 - VO - IE - CARSIRELAND - 2019-06-01 00:00:00 - ERROR - FILE_CHECK - expect_column_values_to_match_regex - CP - Unexpected value: 2 on line 5, value should match regexp ^[0-9]{5}$
2019-07-06 07:27:54,371 - VO - IE - CARSIRELAND - 2019-06-01 00:00:00 - ERROR - FILE_CHECK - expect_column_values_to_match_regex - CP - Unexpected value: 852064014.0 on line 16, value should match regexp ^[0-9]{5}$
2019-07-06 07:27:54,371 - VO - IE - CARSIRELAND - 2019-06-01 00:00:00 - ERROR - FILE_CHECK - expect_column_values_to_match_regex - CP - Unexpected value: blue metallic  on line 20, value should match regexp ^[0-9]{5}$
2019-07-06 07:27:54,371 - VO - IE - CARSIRELAND - 2019-06-01 00:00:00 - ERROR - FILE_CHECK - expect_column_values_to_match_regex - CP - Unexpected value: Y on line 21, value should match regexp ^[0-9]{5}$
2019-07-06 07:27:54,371 - VO - IE - CARSIRELAND - 2019-06-01 00:00:00 - ERROR - FILE_CHECK - expect_column_values_to_match_regex - CP - Unexpected value: 1 on line 23, value should match regexp ^[0-9]{5}$
2019-07-06 07:27:54,371 - VO - IE - CARSIRELAND - 2019-06-01 00:00:00 - ERROR - FILE_CHECK - expect_column_values_to_match_regex - CP - Unexpected value: Earthy Bronze  on line 30, value should match regexp ^[0-9]{5}$
2019-07-06 07:27:54,372 - VO - IE - CARSIRELAND - 2019-06-01 00:00:00 - ERROR - FILE_CHECK - expect_column_values_to_match_regex - CP - Unexpected value: Y on line 31, value should match regexp ^[0-9]{5}$
2019-07-06 07:27:54,372 - VO - IE - CARSIRELAND - 2019-06-01 00:00:00 - ERROR - FILE_CHECK - expect_column_values_to_match_regex - CP - Unexpected value: Black  on line 40, value should match regexp ^[0-9]{5}$
2019-07-06 07:27:54,372 - VO - IE - CARSIRELAND - 2019-06-01 00:00:00 - ERROR - FILE_CHECK - expect_column_values_to_match_regex - CP - Unexpected value: Y on line 41, value should match regexp ^[0-9]{5}$
2019-07-06 07:27:54,372 - VO - IE - CARSIRELAND - 2019-06-01 00:00:00 - ERROR - FILE_CHECK - expect_column_values_to_match_regex - CP - Unexpected value: 1 on line 43, value should match regexp ^[0-9]{5}$
2019-07-06 07:27:54,372 - VO - IE - CARSIRELAND - 2019-06-01 00:00:00 - ERROR - FILE_CHECK - expect_column_values_to_match_regex - CP - Unexpected value: SILVER  on line 49, value should match regexp ^[0-9]{5}$
2019-07-06 07:27:54,372 - VO - IE - CARSIRELAND - 2019-06-01 00:00:00 - ERROR - FILE_CHECK - expect_column_values_to_match_regex - CP - Unexpected value: Y on line 50, value should match regexp ^[0-9]{5}$
2019-07-06 07:27:54,372 - VO - IE - CARSIRELAND - 2019-06-01 00:00:00 - ERROR - FILE_CHECK - expect_column_values_to_match_regex - CP - Unexpected value: 1 on line 52, value should match regexp ^[0-9]{5}$
2019-07-06 07:27:54,372 - VO - IE - CARSIRELAND - 2019-06-01 00:00:00 - ERROR - FILE_CHECK - expect_column_values_to_match_regex - CP - Unexpected value: MUSTARD  on line 58, value should match regexp ^[0-9]{5}$
2019-07-06 07:27:54,372 - VO - IE - CARSIRELAND - 2019-06-01 00:00:00 - ERROR - FILE_CHECK - expect_column_values_to_match_regex - CP - Unexpected value: Y on line 59, value should match regexp ^[0-9]{5}$
2019-07-06 07:27:54,372 - VO - IE - CARSIRELAND - 2019-06-01 00:00:00 - ERROR - FILE_CHECK - expect_column_values_to_match_regex - CP - Unexpected value: 1 on line 61, value should match regexp ^[0-9]{5}$
2019-07-06 07:27:54,372 - VO - IE - CARSIRELAND - 2019-06-01 00:00:00 - ERROR - FILE_CHECK - expect_column_values_to_match_regex - CP - Unexpected value: Silver  on line 67, value should match regexp ^[0-9]{5}$
2019-07-06 07:27:54,372 - VO - IE - CARSIRELAND - 2019-06-01 00:00:00 - ERROR - FILE_CHECK - expect_column_values_to_match_regex - CP - Unexpected value: Y on line 68, value should match regexp ^[0-9]{5}$
2019-07-06 07:27:54,372 - VO - IE - CARSIRELAND - 2019-06-01 00:00:00 - ERROR - STAT - expect_column_values_to_match_regex - CP - correctly filled rate (%) - 0.0
2019-07-06 07:27:54,372 - VO - IE - CARSIRELAND - 2019-06-01 00:00:00 - ERROR - STAT - expect_column_values_to_not_be_null - GARAGE_ID - correctly filled rate (%) - 10.12
2019-07-06 07:27:54,372 - VO - IE - CARSIRELAND - 2019-06-01 00:00:00 - ERROR - STAT - expect_column_values_to_not_be_null - ID_CLIENT - correctly filled rate (%) - 68.38
2019-07-06 07:27:54,372 - VO - IE - CARSIRELAND - 2019-06-01 00:00:00 - ERROR - FILE_CHECK - expect_column_values_to_be_unique - ID_CLIENT - Unexpected value: Leon  on line 1, value should be unique
2019-07-06 07:27:54,372 - VO - IE - CARSIRELAND - 2019-06-01 00:00:00 - ERROR - FILE_CHECK - expect_column_values_to_be_unique - ID_CLIENT - Unexpected value: pro on line 3, value should be unique
2019-07-06 07:27:54,372 - VO - IE - CARSIRELAND - 2019-06-01 00:00:00 - ERROR - FILE_CHECK - expect_column_values_to_be_unique - ID_CLIENT - Unexpected value: 0 on line 7, value should be unique
2019-07-06 07:27:54,372 - VO - IE - CARSIRELAND - 2019-06-01 00:00:00 - ERROR - FILE_CHECK - expect_column_values_to_be_unique - ID_CLIENT - Unexpected value: Scenic  on line 10, value should be unique
2019-07-06 07:27:54,373 - VO - IE - CARSIRELAND - 2019-06-01 00:00:00 - ERROR - FILE_CHECK - expect_column_values_to_be_unique - ID_CLIENT - Unexpected value: 1885 on line 14, value should be unique
2019-07-06 07:27:54,373 - VO - IE - CARSIRELAND - 2019-06-01 00:00:00 - ERROR - FILE_CHECK - expect_column_values_to_be_unique - ID_CLIENT - Unexpected value: 0 on line 16, value should be unique
2019-07-06 07:27:54,373 - VO - IE - CARSIRELAND - 2019-06-01 00:00:00 - ERROR - FILE_CHECK - expect_column_values_to_be_unique - ID_CLIENT - Unexpected value: E 200  on line 19, value should be unique
2019-07-06 07:27:54,373 - VO - IE - CARSIRELAND - 2019-06-01 00:00:00 - ERROR - FILE_CHECK - expect_column_values_to_be_unique - ID_CLIENT - Unexpected value: pro on line 21, value should be unique
2019-07-06 07:27:54,373 - VO - IE - CARSIRELAND - 2019-06-01 00:00:00 - ERROR - FILE_CHECK - expect_column_values_to_be_unique - ID_CLIENT - Unexpected value: 0 on line 26, value should be unique
2019-07-06 07:27:54,373 - VO - IE - CARSIRELAND - 2019-06-01 00:00:00 - ERROR - FILE_CHECK - expect_column_values_to_be_unique - ID_CLIENT - Unexpected value: Santa Fe  on line 29, value should be unique
2019-07-06 07:27:54,373 - VO - IE - CARSIRELAND - 2019-06-01 00:00:00 - ERROR - FILE_CHECK - expect_column_values_to_be_unique - ID_CLIENT - Unexpected value: pro on line 31, value should be unique
2019-07-06 07:27:54,373 - VO - IE - CARSIRELAND - 2019-06-01 00:00:00 - ERROR - FILE_CHECK - expect_column_values_to_be_unique - ID_CLIENT - Unexpected value: 1782 on line 34, value should be unique
2019-07-06 07:27:54,373 - VO - IE - CARSIRELAND - 2019-06-01 00:00:00 - ERROR - FILE_CHECK - expect_column_values_to_be_unique - ID_CLIENT - Unexpected value: 0 on line 36, value should be unique
2019-07-06 07:27:54,373 - VO - IE - CARSIRELAND - 2019-06-01 00:00:00 - ERROR - FILE_CHECK - expect_column_values_to_be_unique - ID_CLIENT - Unexpected value: 9-5  on line 39, value should be unique
2019-07-06 07:27:54,373 - VO - IE - CARSIRELAND - 2019-06-01 00:00:00 - ERROR - FILE_CHECK - expect_column_values_to_be_unique - ID_CLIENT - Unexpected value: pro on line 41, value should be unique
2019-07-06 07:27:54,373 - VO - IE - CARSIRELAND - 2019-06-01 00:00:00 - ERROR - FILE_CHECK - expect_column_values_to_be_unique - ID_CLIENT - Unexpected value: 0 on line 45, value should be unique
2019-07-06 07:27:54,373 - VO - IE - CARSIRELAND - 2019-06-01 00:00:00 - ERROR - FILE_CHECK - expect_column_values_to_be_unique - ID_CLIENT - Unexpected value: Golf  on line 48, value should be unique
2019-07-06 07:27:54,373 - VO - IE - CARSIRELAND - 2019-06-01 00:00:00 - ERROR - FILE_CHECK - expect_column_values_to_be_unique - ID_CLIENT - Unexpected value: pro on line 50, value should be unique
2019-07-06 07:27:54,373 - VO - IE - CARSIRELAND - 2019-06-01 00:00:00 - ERROR - FILE_CHECK - expect_column_values_to_be_unique - ID_CLIENT - Unexpected value: 0 on line 54, value should be unique
2019-07-06 07:27:54,373 - VO - IE - CARSIRELAND - 2019-06-01 00:00:00 - ERROR - FILE_CHECK - expect_column_values_to_be_unique - ID_CLIENT - Unexpected value: Corolla  on line 57, value should be unique
2019-07-06 07:27:54,373 - VO - IE - CARSIRELAND - 2019-06-01 00:00:00 - ERROR - STAT - expect_column_values_to_be_unique - ID_CLIENT - observed proportion - 33.28
2019-07-06 07:27:54,373 - VO - IE - CARSIRELAND - 2019-06-01 00:00:00 - ERROR - STAT - expect_returning_row_count - EVERY_COLUMNS - total number of rows - 349664
2019-07-06 07:27:54,373 - VO - IE - CARSIRELAND - 2019-06-01 00:00:00 - ERROR - STAT - expect_column_values_to_not_be_null - IMMAT - correctly filled rate (%) - 0.0
2019-07-06 07:27:54,374 - VO - IE - CARSIRELAND - 2019-06-01 00:00:00 - ERROR - FILE_CHECK - expect_column_values_to_be_in_type_list - KM - Wrong type for value: 1950 on line 2 should be in ['int']
2019-07-06 07:27:54,374 - VO - IE - CARSIRELAND - 2019-06-01 00:00:00 - ERROR - FILE_CHECK - expect_column_values_to_be_in_type_list - KM - Wrong type for value: 0 on line 3 should be in ['int']
2019-07-06 07:27:54,374 - VO - IE - CARSIRELAND - 2019-06-01 00:00:00 - ERROR - FILE_CHECK - expect_column_values_to_be_in_type_list - KM - Wrong type for value: 1280 on line 5 should be in ['int']
2019-07-06 07:27:54,374 - VO - IE - CARSIRELAND - 2019-06-01 00:00:00 - ERROR - FILE_CHECK - expect_column_values_to_be_in_type_list - KM - Wrong type for value: 0 on line 7 should be in ['int']
2019-07-06 07:27:54,374 - VO - IE - CARSIRELAND - 2019-06-01 00:00:00 - ERROR - FILE_CHECK - expect_column_values_to_be_in_type_list - KM - Wrong type for value: South-West – IE025 on line 8 should be in ['int']
2019-07-06 07:27:54,374 - VO - IE - CARSIRELAND - 2019-06-01 00:00:00 - ERROR - FILE_CHECK - expect_column_values_to_be_in_type_list - KM - Wrong type for value: 2300 on line 11 should be in ['int']
2019-07-06 07:27:54,374 - VO - IE - CARSIRELAND - 2019-06-01 00:00:00 - ERROR - FILE_CHECK - expect_column_values_to_be_in_type_list - KM - Wrong type for value: 0 on line 16 should be in ['int']
2019-07-06 07:27:54,374 - VO - IE - CARSIRELAND - 2019-06-01 00:00:00 - ERROR - FILE_CHECK - expect_column_values_to_be_in_type_list - KM - Wrong type for value: Dublin – IE021 on line 17 should be in ['int']
2019-07-06 07:27:54,374 - VO - IE - CARSIRELAND - 2019-06-01 00:00:00 - ERROR - FILE_CHECK - expect_column_values_to_be_in_type_list - KM - Wrong type for value: 375 on line 20 should be in ['int']
2019-07-06 07:27:54,374 - VO - IE - CARSIRELAND - 2019-06-01 00:00:00 - ERROR - FILE_CHECK - expect_column_values_to_be_in_type_list - KM - Wrong type for value: 0 on line 21 should be in ['int']
2019-07-06 07:27:54,374 - VO - IE - CARSIRELAND - 2019-06-01 00:00:00 - ERROR - FILE_CHECK - expect_column_values_to_be_in_type_list - KM - Wrong type for value: 914 on line 23 should be in ['int']
2019-07-06 07:27:54,374 - VO - IE - CARSIRELAND - 2019-06-01 00:00:00 - ERROR - FILE_CHECK - expect_column_values_to_be_in_type_list - KM - Wrong type for value: 0 on line 26 should be in ['int']
2019-07-06 07:27:54,374 - VO - IE - CARSIRELAND - 2019-06-01 00:00:00 - ERROR - FILE_CHECK - expect_column_values_to_be_in_type_list - KM - Wrong type for value: Dublin – IE021 on line 27 should be in ['int']
2019-07-06 07:27:54,374 - VO - IE - CARSIRELAND - 2019-06-01 00:00:00 - ERROR - FILE_CHECK - expect_column_values_to_be_in_type_list - KM - Wrong type for value: 46700 on line 30 should be in ['int']
2019-07-06 07:27:54,374 - VO - IE - CARSIRELAND - 2019-06-01 00:00:00 - ERROR - FILE_CHECK - expect_column_values_to_be_in_type_list - KM - Wrong type for value: 0 on line 31 should be in ['int']
2019-07-06 07:27:54,374 - VO - IE - CARSIRELAND - 2019-06-01 00:00:00 - ERROR - FILE_CHECK - expect_column_values_to_be_in_type_list - KM - Wrong type for value: 0 on line 36 should be in ['int']
2019-07-06 07:27:54,374 - VO - IE - CARSIRELAND - 2019-06-01 00:00:00 - ERROR - FILE_CHECK - expect_column_values_to_be_in_type_list - KM - Wrong type for value: Midlands – IE012 on line 37 should be in ['int']
2019-07-06 07:27:54,374 - VO - IE - CARSIRELAND - 2019-06-01 00:00:00 - ERROR - FILE_CHECK - expect_column_values_to_be_in_type_list - KM - Wrong type for value: 1950 on line 40 should be in ['int']
2019-07-06 07:27:54,375 - VO - IE - CARSIRELAND - 2019-06-01 00:00:00 - ERROR - FILE_CHECK - expect_column_values_to_be_in_type_list - KM - Wrong type for value: 0 on line 41 should be in ['int']
2019-07-06 07:27:54,375 - VO - IE - CARSIRELAND - 2019-06-01 00:00:00 - ERROR - FILE_CHECK - expect_column_values_to_be_in_type_list - KM - Wrong type for value: 879 on line 43 should be in ['int']
2019-07-06 07:27:54,375 - VO - IE - CARSIRELAND - 2019-06-01 00:00:00 - ERROR - STAT - expect_column_values_to_be_in_type_list - KM - correctly filled rate (%) - 0.0
2019-07-06 07:27:54,375 - VO - IE - CARSIRELAND - 2019-06-01 00:00:00 - ERROR - STAT - expect_column_values_to_not_be_null - KM - correctly filled rate (%) - 42.25
2019-07-06 07:27:54,375 - VO - IE - CARSIRELAND - 2019-06-01 00:00:00 - ERROR - STAT - expect_column_values_to_not_be_null - LITRE - correctly filled rate (%) - 0.0
2019-07-06 07:27:54,375 - VO - IE - CARSIRELAND - 2019-06-01 00:00:00 - ERROR - STAT - expect_column_values_to_not_be_null - MARQUE - correctly filled rate (%) - 68.61
2019-07-06 07:27:54,375 - VO - IE - CARSIRELAND - 2019-06-01 00:00:00 - ERROR - STAT - expect_column_values_to_not_be_null - MODELE - correctly filled rate (%) - 45.81
2019-07-06 07:27:54,375 - VO - IE - CARSIRELAND - 2019-06-01 00:00:00 - ERROR - STAT - expect_column_values_to_not_be_null - MOIS - correctly filled rate (%) - 10.12
2019-07-06 07:27:54,375 - VO - IE - CARSIRELAND - 2019-06-01 00:00:00 - ERROR - FILE_CHECK - expect_column_values_to_match_regex - MOIS - Unexpected value: Y on line 3, value should match regexp ^[0-9]{1,2}$
2019-07-06 07:27:54,375 - VO - IE - CARSIRELAND - 2019-06-01 00:00:00 - ERROR - FILE_CHECK - expect_column_values_to_match_regex - MOIS - Unexpected value: 15241425.0 on line 11, value should match regexp ^[0-9]{1,2}$
2019-07-06 07:27:54,375 - VO - IE - CARSIRELAND - 2019-06-01 00:00:00 - ERROR - FILE_CHECK - expect_column_values_to_match_regex - MOIS - Unexpected value: Y on line 21, value should match regexp ^[0-9]{1,2}$
2019-07-06 07:27:54,375 - VO - IE - CARSIRELAND - 2019-06-01 00:00:00 - ERROR - FILE_CHECK - expect_column_values_to_match_regex - MOIS - Unexpected value: Y on line 31, value should match regexp ^[0-9]{1,2}$
2019-07-06 07:27:54,375 - VO - IE - CARSIRELAND - 2019-06-01 00:00:00 - ERROR - FILE_CHECK - expect_column_values_to_match_regex - MOIS - Unexpected value: Y on line 41, value should match regexp ^[0-9]{1,2}$
2019-07-06 07:27:54,375 - VO - IE - CARSIRELAND - 2019-06-01 00:00:00 - ERROR - FILE_CHECK - expect_column_values_to_match_regex - MOIS - Unexpected value: N on line 50, value should match regexp ^[0-9]{1,2}$
2019-07-06 07:27:54,375 - VO - IE - CARSIRELAND - 2019-06-01 00:00:00 - ERROR - FILE_CHECK - expect_column_values_to_match_regex - MOIS - Unexpected value: Y on line 59, value should match regexp ^[0-9]{1,2}$
2019-07-06 07:27:54,375 - VO - IE - CARSIRELAND - 2019-06-01 00:00:00 - ERROR - FILE_CHECK - expect_column_values_to_match_regex - MOIS - Unexpected value: Y on line 68, value should match regexp ^[0-9]{1,2}$
2019-07-06 07:27:54,375 - VO - IE - CARSIRELAND - 2019-06-01 00:00:00 - ERROR - FILE_CHECK - expect_column_values_to_match_regex - MOIS - Unexpected value: Y on line 77, value should match regexp ^[0-9]{1,2}$
2019-07-06 07:27:54,375 - VO - IE - CARSIRELAND - 2019-06-01 00:00:00 - ERROR - FILE_CHECK - expect_column_values_to_match_regex - MOIS - Unexpected value: Y on line 87, value should match regexp ^[0-9]{1,2}$
2019-07-06 07:27:54,375 - VO - IE - CARSIRELAND - 2019-06-01 00:00:00 - ERROR - FILE_CHECK - expect_column_values_to_match_regex - MOIS - Unexpected value: Y on line 96, value should match regexp ^[0-9]{1,2}$
2019-07-06 07:27:54,376 - VO - IE - CARSIRELAND - 2019-06-01 00:00:00 - ERROR - FILE_CHECK - expect_column_values_to_match_regex - MOIS - Unexpected value: Y on line 105, value should match regexp ^[0-9]{1,2}$
2019-07-06 07:27:54,376 - VO - IE - CARSIRELAND - 2019-06-01 00:00:00 - ERROR - FILE_CHECK - expect_column_values_to_match_regex - MOIS - Unexpected value: Y on line 113, value should match regexp ^[0-9]{1,2}$
2019-07-06 07:27:54,376 - VO - IE - CARSIRELAND - 2019-06-01 00:00:00 - ERROR - FILE_CHECK - expect_column_values_to_match_regex - MOIS - Unexpected value: Y on line 123, value should match regexp ^[0-9]{1,2}$
2019-07-06 07:27:54,376 - VO - IE - CARSIRELAND - 2019-06-01 00:00:00 - ERROR - FILE_CHECK - expect_column_values_to_match_regex - MOIS - Unexpected value: Y on line 132, value should match regexp ^[0-9]{1,2}$
2019-07-06 07:27:54,376 - VO - IE - CARSIRELAND - 2019-06-01 00:00:00 - ERROR - FILE_CHECK - expect_column_values_to_match_regex - MOIS - Unexpected value: Y on line 142, value should match regexp ^[0-9]{1,2}$
2019-07-06 07:27:54,376 - VO - IE - CARSIRELAND - 2019-06-01 00:00:00 - ERROR - FILE_CHECK - expect_column_values_to_match_regex - MOIS - Unexpected value: Y on line 151, value should match regexp ^[0-9]{1,2}$
2019-07-06 07:27:54,376 - VO - IE - CARSIRELAND - 2019-06-01 00:00:00 - ERROR - FILE_CHECK - expect_column_values_to_match_regex - MOIS - Unexpected value: Y on line 161, value should match regexp ^[0-9]{1,2}$
2019-07-06 07:27:54,376 - VO - IE - CARSIRELAND - 2019-06-01 00:00:00 - ERROR - FILE_CHECK - expect_column_values_to_match_regex - MOIS - Unexpected value: N on line 170, value should match regexp ^[0-9]{1,2}$
2019-07-06 07:27:54,376 - VO - IE - CARSIRELAND - 2019-06-01 00:00:00 - ERROR - FILE_CHECK - expect_column_values_to_match_regex - MOIS - Unexpected value: N on line 179, value should match regexp ^[0-9]{1,2}$
2019-07-06 07:27:54,376 - VO - IE - CARSIRELAND - 2019-06-01 00:00:00 - ERROR - STAT - expect_column_values_to_match_regex - MOIS - correctly filled rate (%) - 0.0
2019-07-06 07:27:54,376 - VO - IE - CARSIRELAND - 2019-06-01 00:00:00 - ERROR - STAT - expect_column_values_to_not_be_null - NOM - correctly filled rate (%) - 48.16
2019-07-06 07:27:54,376 - VO - IE - CARSIRELAND - 2019-06-01 00:00:00 - ERROR - FILE_CHECK - expect_column_value_lengths_to_be_between - NOM - Unexpected characters count of: [0...] on line  3, value length should be between 10 and 255
2019-07-06 07:27:54,376 - VO - IE - CARSIRELAND - 2019-06-01 00:00:00 - ERROR - FILE_CHECK - expect_column_value_lengths_to_be_between - NOM - Unexpected characters count of: [Manual ...] on line  4, value length should be between 10 and 255
2019-07-06 07:27:54,376 - VO - IE - CARSIRELAND - 2019-06-01 00:00:00 - ERROR - FILE_CHECK - expect_column_value_lengths_to_be_between - NOM - Unexpected characters count of: [8...] on line  7, value length should be between 10 and 255
2019-07-06 07:27:54,376 - VO - IE - CARSIRELAND - 2019-06-01 00:00:00 - ERROR - FILE_CHECK - expect_column_value_lengths_to_be_between - NOM - Unexpected characters count of: [Lusk...] on line  11, value length should be between 10 and 255
2019-07-06 07:27:54,376 - VO - IE - CARSIRELAND - 2019-06-01 00:00:00 - ERROR - FILE_CHECK - expect_column_value_lengths_to_be_between - NOM - Unexpected characters count of: [Manual ...] on line  12, value length should be between 10 and 255
2019-07-06 07:27:54,376 - VO - IE - CARSIRELAND - 2019-06-01 00:00:00 - ERROR - FILE_CHECK - expect_column_value_lengths_to_be_between - NOM - Unexpected characters count of: [0...] on line  14, value length should be between 10 and 255
2019-07-06 07:27:54,376 - VO - IE - CARSIRELAND - 2019-06-01 00:00:00 - ERROR - FILE_CHECK - expect_column_value_lengths_to_be_between - NOM - Unexpected characters count of: [8...] on line  16, value length should be between 10 and 255
2019-07-06 07:27:54,377 - VO - IE - CARSIRELAND - 2019-06-01 00:00:00 - ERROR - FILE_CHECK - expect_column_value_lengths_to_be_between - NOM - Unexpected characters count of: [Rathmines...] on line  20, value length should be between 10 and 255
2019-07-06 07:27:54,377 - VO - IE - CARSIRELAND - 2019-06-01 00:00:00 - ERROR - FILE_CHECK - expect_column_value_lengths_to_be_between - NOM - Unexpected characters count of: [0...] on line  21, value length should be between 10 and 255
2019-07-06 07:27:54,377 - VO - IE - CARSIRELAND - 2019-06-01 00:00:00 - ERROR - FILE_CHECK - expect_column_value_lengths_to_be_between - NOM - Unexpected characters count of: [5...] on line  26, value length should be between 10 and 255
2019-07-06 07:27:54,377 - VO - IE - CARSIRELAND - 2019-06-01 00:00:00 - ERROR - FILE_CHECK - expect_column_value_lengths_to_be_between - NOM - Unexpected characters count of: [Tullamore...] on line  30, value length should be between 10 and 255
2019-07-06 07:27:54,377 - VO - IE - CARSIRELAND - 2019-06-01 00:00:00 - ERROR - FILE_CHECK - expect_column_value_lengths_to_be_between - NOM - Unexpected characters count of: [0...] on line  31, value length should be between 10 and 255
2019-07-06 07:27:54,377 - VO - IE - CARSIRELAND - 2019-06-01 00:00:00 - ERROR - FILE_CHECK - expect_column_value_lengths_to_be_between - NOM - Unexpected characters count of: [Manual ...] on line  32, value length should be between 10 and 255
2019-07-06 07:27:54,377 - VO - IE - CARSIRELAND - 2019-06-01 00:00:00 - ERROR - FILE_CHECK - expect_column_value_lengths_to_be_between - NOM - Unexpected characters count of: [0...] on line  34, value length should be between 10 and 255
2019-07-06 07:27:54,377 - VO - IE - CARSIRELAND - 2019-06-01 00:00:00 - ERROR - FILE_CHECK - expect_column_value_lengths_to_be_between - NOM - Unexpected characters count of: [28...] on line  36, value length should be between 10 and 255
2019-07-06 07:27:54,377 - VO - IE - CARSIRELAND - 2019-06-01 00:00:00 - ERROR - FILE_CHECK - expect_column_value_lengths_to_be_between - NOM - Unexpected characters count of: [0...] on line  41, value length should be between 10 and 255
2019-07-06 07:27:54,377 - VO - IE - CARSIRELAND - 2019-06-01 00:00:00 - ERROR - FILE_CHECK - expect_column_value_lengths_to_be_between - NOM - Unexpected characters count of: [Manual ...] on line  42, value length should be between 10 and 255
2019-07-06 07:27:54,377 - VO - IE - CARSIRELAND - 2019-06-01 00:00:00 - ERROR - FILE_CHECK - expect_column_value_lengths_to_be_between - NOM - Unexpected characters count of: [9...] on line  45, value length should be between 10 and 255
2019-07-06 07:27:54,377 - VO - IE - CARSIRELAND - 2019-06-01 00:00:00 - ERROR - FILE_CHECK - expect_column_value_lengths_to_be_between - NOM - Unexpected characters count of: [Bluebell...] on line  49, value length should be between 10 and 255
2019-07-06 07:27:54,377 - VO - IE - CARSIRELAND - 2019-06-01 00:00:00 - ERROR - FILE_CHECK - expect_column_value_lengths_to_be_between - NOM - Unexpected characters count of: [0...] on line  50, value length should be between 10 and 255
2019-07-06 07:27:54,377 - VO - IE - CARSIRELAND - 2019-06-01 00:00:00 - ERROR - STAT - expect_column_value_lengths_to_be_between - NOM - correctly filled rate (%) - 12.55
2019-07-06 07:27:54,377 - VO - IE - CARSIRELAND - 2019-06-01 00:00:00 - ERROR - STAT - expect_column_values_to_not_be_null - OPTIONS - correctly filled rate (%) - 0.0
2019-07-06 07:27:54,377 - VO - IE - CARSIRELAND - 2019-06-01 00:00:00 - ERROR - STAT - expect_column_values_to_not_be_null - PHOTO - correctly filled rate (%) - 0.0
2019-07-06 07:27:54,377 - VO - IE - CARSIRELAND - 2019-06-01 00:00:00 - ERROR - STAT - expect_column_values_to_not_be_null - PLACE - correctly filled rate (%) - 0.0
2019-07-06 07:27:54,378 - VO - IE - CARSIRELAND - 2019-06-01 00:00:00 - ERROR - STAT - expect_column_values_to_not_be_null - PORTE - correctly filled rate (%) - 0.0
2019-07-06 07:27:54,378 - VO - IE - CARSIRELAND - 2019-06-01 00:00:00 - ERROR - FILE_CHECK - expect_column_values_to_be_in_type_list - PRIX - Wrong type for value: 3 on line 3 should be in ['int']
2019-07-06 07:27:54,378 - VO - IE - CARSIRELAND - 2019-06-01 00:00:00 - ERROR - FILE_CHECK - expect_column_values_to_be_in_type_list - PRIX - Wrong type for value: 0 on line 5 should be in ['int']
2019-07-06 07:27:54,378 - VO - IE - CARSIRELAND - 2019-06-01 00:00:00 - ERROR - FILE_CHECK - expect_column_values_to_be_in_type_list - PRIX - Wrong type for value: 136500 on line 8 should be in ['int']
2019-07-06 07:27:54,378 - VO - IE - CARSIRELAND - 2019-06-01 00:00:00 - ERROR - FILE_CHECK - expect_column_values_to_be_in_type_list - PRIX - Wrong type for value: pro on line 11 should be in ['int']
2019-07-06 07:27:54,378 - VO - IE - CARSIRELAND - 2019-06-01 00:00:00 - ERROR - FILE_CHECK - expect_column_values_to_be_in_type_list - PRIX - Wrong type for value: 65000 on line 17 should be in ['int']
2019-07-06 07:27:54,378 - VO - IE - CARSIRELAND - 2019-06-01 00:00:00 - ERROR - FILE_CHECK - expect_column_values_to_be_in_type_list - PRIX - Wrong type for value: 3 on line 21 should be in ['int']
2019-07-06 07:27:54,378 - VO - IE - CARSIRELAND - 2019-06-01 00:00:00 - ERROR - FILE_CHECK - expect_column_values_to_be_in_type_list - PRIX - Wrong type for value: 0 on line 23 should be in ['int']
2019-07-06 07:27:54,378 - VO - IE - CARSIRELAND - 2019-06-01 00:00:00 - ERROR - FILE_CHECK - expect_column_values_to_be_in_type_list - PRIX - Wrong type for value: 165000 on line 27 should be in ['int']
2019-07-06 07:27:54,378 - VO - IE - CARSIRELAND - 2019-06-01 00:00:00 - ERROR - FILE_CHECK - expect_column_values_to_be_in_type_list - PRIX - Wrong type for value: 3 on line 31 should be in ['int']
2019-07-06 07:27:54,378 - VO - IE - CARSIRELAND - 2019-06-01 00:00:00 - ERROR - FILE_CHECK - expect_column_values_to_be_in_type_list - PRIX - Wrong type for value: 0 on line 37 should be in ['int']
2019-07-06 07:27:54,378 - VO - IE - CARSIRELAND - 2019-06-01 00:00:00 - ERROR - FILE_CHECK - expect_column_values_to_be_in_type_list - PRIX - Wrong type for value: 3 on line 41 should be in ['int']
2019-07-06 07:27:54,378 - VO - IE - CARSIRELAND - 2019-06-01 00:00:00 - ERROR - FILE_CHECK - expect_column_values_to_be_in_type_list - PRIX - Wrong type for value: 0 on line 43 should be in ['int']
2019-07-06 07:27:54,378 - VO - IE - CARSIRELAND - 2019-06-01 00:00:00 - ERROR - FILE_CHECK - expect_column_values_to_be_in_type_list - PRIX - Wrong type for value: 101000 on line 46 should be in ['int']
2019-07-06 07:27:54,378 - VO - IE - CARSIRELAND - 2019-06-01 00:00:00 - ERROR - FILE_CHECK - expect_column_values_to_be_in_type_list - PRIX - Wrong type for value: 3 on line 50 should be in ['int']
2019-07-06 07:27:54,378 - VO - IE - CARSIRELAND - 2019-06-01 00:00:00 - ERROR - FILE_CHECK - expect_column_values_to_be_in_type_list - PRIX - Wrong type for value: 0 on line 52 should be in ['int']
2019-07-06 07:27:54,378 - VO - IE - CARSIRELAND - 2019-06-01 00:00:00 - ERROR - FILE_CHECK - expect_column_values_to_be_in_type_list - PRIX - Wrong type for value: 108002 on line 55 should be in ['int']
2019-07-06 07:27:54,378 - VO - IE - CARSIRELAND - 2019-06-01 00:00:00 - ERROR - FILE_CHECK - expect_column_values_to_be_in_type_list - PRIX - Wrong type for value: 3 on line 59 should be in ['int']
2019-07-06 07:27:54,378 - VO - IE - CARSIRELAND - 2019-06-01 00:00:00 - ERROR - FILE_CHECK - expect_column_values_to_be_in_type_list - PRIX - Wrong type for value: 0 on line 61 should be in ['int']
2019-07-06 07:27:54,379 - VO - IE - CARSIRELAND - 2019-06-01 00:00:00 - ERROR - FILE_CHECK - expect_column_values_to_be_in_type_list - PRIX - Wrong type for value: 46000 on line 64 should be in ['int']
2019-07-06 07:27:54,379 - VO - IE - CARSIRELAND - 2019-06-01 00:00:00 - ERROR - FILE_CHECK - expect_column_values_to_be_in_type_list - PRIX - Wrong type for value: 3 on line 68 should be in ['int']
2019-07-06 07:27:54,379 - VO - IE - CARSIRELAND - 2019-06-01 00:00:00 - ERROR - STAT - expect_column_values_to_be_in_type_list - PRIX - correctly filled rate (%) - 0.0
2019-07-06 07:27:54,379 - VO - IE - CARSIRELAND - 2019-06-01 00:00:00 - ERROR - STAT - expect_column_values_to_not_be_null - PRIX - correctly filled rate (%) - 22.42
2019-07-06 07:27:54,379 - VO - IE - CARSIRELAND - 2019-06-01 00:00:00 - ERROR - STAT - expect_column_values_to_not_be_null - PROVINCE - correctly filled rate (%) - 0.0
2019-07-06 07:27:54,379 - VO - IE - CARSIRELAND - 2019-06-01 00:00:00 - ERROR - STAT - expect_column_values_to_not_be_null - SITE - correctly filled rate (%) - 10.12
2019-07-06 07:27:54,379 - VO - IE - CARSIRELAND - 2019-06-01 00:00:00 - ERROR - STAT - expect_column_values_to_not_be_null - TELEPHONE - correctly filled rate (%) - 0.04
2019-07-06 07:27:54,379 - VO - IE - CARSIRELAND - 2019-06-01 00:00:00 - ERROR - FILE_CHECK - expect_column_values_to_be_phone_number - TELEPHONE - Unexpected value: 1.2  on line 3618, value should match a phone number format
2019-07-06 07:27:54,379 - VO - IE - CARSIRELAND - 2019-06-01 00:00:00 - ERROR - FILE_CHECK - expect_column_values_to_be_phone_number - TELEPHONE - Unexpected value: 1.6  on line 15268, value should match a phone number format
2019-07-06 07:27:54,379 - VO - IE - CARSIRELAND - 2019-06-01 00:00:00 - ERROR - FILE_CHECK - expect_column_values_to_be_phone_number - TELEPHONE - Unexpected value: under 1.0  on line 52971, value should match a phone number format
2019-07-06 07:27:54,379 - VO - IE - CARSIRELAND - 2019-06-01 00:00:00 - ERROR - FILE_CHECK - expect_column_values_to_be_phone_number - TELEPHONE - Unexpected value: 3.4  on line 70839, value should match a phone number format
2019-07-06 07:27:54,379 - VO - IE - CARSIRELAND - 2019-06-01 00:00:00 - ERROR - FILE_CHECK - expect_column_values_to_be_phone_number - TELEPHONE - Unexpected value: 1.2  on line 74297, value should match a phone number format
2019-07-06 07:27:54,379 - VO - IE - CARSIRELAND - 2019-06-01 00:00:00 - ERROR - FILE_CHECK - expect_column_values_to_be_phone_number - TELEPHONE - Unexpected value: 2.0  on line 92693, value should match a phone number format
2019-07-06 07:27:54,379 - VO - IE - CARSIRELAND - 2019-06-01 00:00:00 - ERROR - FILE_CHECK - expect_column_values_to_be_phone_number - TELEPHONE - Unexpected value: 1.2  on line 93972, value should match a phone number format
2019-07-06 07:27:54,379 - VO - IE - CARSIRELAND - 2019-06-01 00:00:00 - ERROR - FILE_CHECK - expect_column_values_to_be_phone_number - TELEPHONE - Unexpected value: 1.5  on line 100608, value should match a phone number format
2019-07-06 07:27:54,379 - VO - IE - CARSIRELAND - 2019-06-01 00:00:00 - ERROR - FILE_CHECK - expect_column_values_to_be_phone_number - TELEPHONE - Unexpected value: 2.0  on line 100620, value should match a phone number format
2019-07-06 07:27:54,379 - VO - IE - CARSIRELAND - 2019-06-01 00:00:00 - ERROR - FILE_CHECK - expect_column_values_to_be_phone_number - TELEPHONE - Unexpected value: 1.6  on line 150285, value should match a phone number format
2019-07-06 07:27:54,379 - VO - IE - CARSIRELAND - 2019-06-01 00:00:00 - ERROR - FILE_CHECK - expect_column_values_to_be_phone_number - TELEPHONE - Unexpected value: 1.2  on line 159853, value should match a phone number format
2019-07-06 07:27:54,380 - VO - IE - CARSIRELAND - 2019-06-01 00:00:00 - ERROR - FILE_CHECK - expect_column_values_to_be_phone_number - TELEPHONE - Unexpected value: 2.0  on line 159875, value should match a phone number format
2019-07-06 07:27:54,380 - VO - IE - CARSIRELAND - 2019-06-01 00:00:00 - ERROR - FILE_CHECK - expect_column_values_to_be_phone_number - TELEPHONE - Unexpected value: 1.5  on line 159887, value should match a phone number format
2019-07-06 07:27:54,380 - VO - IE - CARSIRELAND - 2019-06-01 00:00:00 - ERROR - FILE_CHECK - expect_column_values_to_be_phone_number - TELEPHONE - Unexpected value: 2.0  on line 241657, value should match a phone number format
2019-07-06 07:27:54,380 - VO - IE - CARSIRELAND - 2019-06-01 00:00:00 - ERROR - FILE_CHECK - expect_column_values_to_be_phone_number - TELEPHONE - Unexpected value: Y on line 320470, value should match a phone number format
2019-07-06 07:27:54,380 - VO - IE - CARSIRELAND - 2019-06-01 00:00:00 - ERROR - FILE_CHECK - expect_column_values_to_be_phone_number - TELEPHONE - Unexpected value: Y on line 330734, value should match a phone number format
2019-07-06 07:27:54,380 - VO - IE - CARSIRELAND - 2019-06-01 00:00:00 - ERROR - FILE_CHECK - expect_column_values_to_be_phone_number - TELEPHONE - Unexpected value: Y on line 330763, value should match a phone number format
2019-07-06 07:27:54,380 - VO - IE - CARSIRELAND - 2019-06-01 00:00:00 - ERROR - FILE_CHECK - expect_column_values_to_be_phone_number - TELEPHONE - Unexpected value: Y on line 330772, value should match a phone number format
2019-07-06 07:27:54,380 - VO - IE - CARSIRELAND - 2019-06-01 00:00:00 - ERROR - FILE_CHECK - expect_column_values_to_be_phone_number - TELEPHONE - Unexpected value: Y on line 330781, value should match a phone number format
2019-07-06 07:27:54,380 - VO - IE - CARSIRELAND - 2019-06-01 00:00:00 - ERROR - FILE_CHECK - expect_column_values_to_be_phone_number - TELEPHONE - Unexpected value: Y on line 330790, value should match a phone number format
2019-07-06 07:27:54,380 - VO - IE - CARSIRELAND - 2019-06-01 00:00:00 - ERROR - STAT - expect_column_values_to_be_phone_number - TELEPHONE - correctly filled rate (%) - 83.7
2019-07-06 07:27:54,380 - VO - IE - CARSIRELAND - 2019-06-01 00:00:00 - ERROR - STAT - expect_column_values_to_not_be_null - TYPE - correctly filled rate (%) - 10.13
2019-07-06 07:27:54,380 - VO - IE - CARSIRELAND - 2019-06-01 00:00:00 - ERROR - STAT - expect_column_values_to_not_be_null - VILLE - correctly filled rate (%) - 32.4
2019-07-06 07:27:54,380 - VO - IE - CARSIRELAND - 2019-06-01 00:00:00 - ERROR - STAT - expect_column_values_to_not_be_null - VN_IND - correctly filled rate (%) - 0.0
2019-07-06 07:27:54,380 - VO - IE - CARSIRELAND - 2019-06-01 00:00:00 - ERROR - STAT - expect_returning_row_count_on_conditions - DEALER_USEDCARS - total number of row with conditions - 0
2019-07-06 07:27:54,380 - VO - IE - CARSIRELAND - 2019-06-01 00:00:00 - ERROR - STAT - expect_returning_row_count_on_conditions - PRIVATE_USEDCARS - total number of row with conditions - 0
2019-07-06 07:27:54,380 - VO - IE - CARSIRELAND - 2019-06-01 00:00:00 - ERROR - STAT - expect_returning_row_unique_count - MARQUE_CORRECTED - total number of unique rows - 0
2019-07-06 07:27:54,380 - VO - IE - CARSIRELAND - 2019-06-01 00:00:00 - ERROR - STAT - expect_returning_row_unique_count - MODELE_CORRECTED - total number of unique rows - 1250
2019-07-06 07:27:54,380 - VO - IE - CARSIRELAND - 2019-06-01 00:00:00 - ERROR - STAT - expect_returning_row_unique_count - CARROSSERIE - total number of unique rows - 0
2019-07-06 07:27:54,380 - VO - IE - CARSIRELAND - 2019-06-01 00:00:00 - ERROR - STAT - expect_returning_row_unique_count - CARBURANT - total number of unique rows - 24
2019-07-06 07:27:54,381 - VO - IE - CARSIRELAND - 2019-06-01 00:00:00 - ERROR - STAT - expect_column_values_to_not_be_null - CYLINDRE - correctly filled rate (%) - 0.1
2019-07-06 07:27:54,381 - VO - IE - CARSIRELAND - 2019-06-01 00:00:00 - ERROR - FILE_CHECK - expect_column_values_to_be_in_type_list - CYLINDRE - Wrong type for value: Baleally Lane, Lusk, Co. Dublin, K45 DC86,  on line 11 should be in ['int']
2019-07-06 07:27:54,381 - VO - IE - CARSIRELAND - 2019-06-01 00:00:00 - ERROR - FILE_CHECK - expect_column_values_to_be_in_type_list - CYLINDRE - Wrong type for value: 48 Garville Lane, Rathgar, Dublin 6, D06 E447,  on line 650 should be in ['int']
2019-07-06 07:27:54,381 - VO - IE - CARSIRELAND - 2019-06-01 00:00:00 - ERROR - FILE_CHECK - expect_column_values_to_be_in_type_list - CYLINDRE - Wrong type for value: Ballinagh Road, Co. Cavan,  on line 801 should be in ['int']
2019-07-06 07:27:54,381 - VO - IE - CARSIRELAND - 2019-06-01 00:00:00 - ERROR - FILE_CHECK - expect_column_values_to_be_in_type_list - CYLINDRE - Wrong type for value: Cornmarket, Ballinrobe, Co. Mayo, F31 EP63,  on line 836 should be in ['int']
2019-07-06 07:27:54,381 - VO - IE - CARSIRELAND - 2019-06-01 00:00:00 - ERROR - FILE_CHECK - expect_column_values_to_be_in_type_list - CYLINDRE - Wrong type for value: Cornmarket, Ballinrobe, Co. Mayo, F31 EP63,  on line 1429 should be in ['int']
2019-07-06 07:27:54,381 - VO - IE - CARSIRELAND - 2019-06-01 00:00:00 - ERROR - FILE_CHECK - expect_column_values_to_be_in_type_list - CYLINDRE - Wrong type for value: Main Street, Blanchardstown Village, Blanchardstown, Dublin 15, D15 TV04,  on line 1475 should be in ['int']
2019-07-06 07:27:54,381 - VO - IE - CARSIRELAND - 2019-06-01 00:00:00 - ERROR - FILE_CHECK - expect_column_values_to_be_in_type_list - CYLINDRE - Wrong type for value: Harbour Street, Mullingar, Co. Westmeath, N91 CC64,  on line 1957 should be in ['int']
2019-07-06 07:27:54,381 - VO - IE - CARSIRELAND - 2019-06-01 00:00:00 - ERROR - FILE_CHECK - expect_column_values_to_be_in_type_list - CYLINDRE - Wrong type for value: Harbour Street, Mullingar, Co. Westmeath, N91 CC64,  on line 1966 should be in ['int']
2019-07-06 07:27:54,381 - VO - IE - CARSIRELAND - 2019-06-01 00:00:00 - ERROR - FILE_CHECK - expect_column_values_to_be_in_type_list - CYLINDRE - Wrong type for value: Bluebell Avenue, Dublin 12, D12 C990,  on line 2095 should be in ['int']
2019-07-06 07:27:54,381 - VO - IE - CARSIRELAND - 2019-06-01 00:00:00 - ERROR - FILE_CHECK - expect_column_values_to_be_in_type_list - CYLINDRE - Wrong type for value: Bluebell Avenue, Dublin 12, D12 C990,  on line 2123 should be in ['int']
2019-07-06 07:27:54,381 - VO - IE - CARSIRELAND - 2019-06-01 00:00:00 - ERROR - FILE_CHECK - expect_column_values_to_be_in_type_list - CYLINDRE - Wrong type for value: Bluebell Avenue, Dublin 12, D12 C990,  on line 2400 should be in ['int']
2019-07-06 07:27:54,381 - VO - IE - CARSIRELAND - 2019-06-01 00:00:00 - ERROR - FILE_CHECK - expect_column_values_to_be_in_type_list - CYLINDRE - Wrong type for value: Cornmarket, Ballinrobe, Co. Mayo, F31 EP63,  on line 2418 should be in ['int']
2019-07-06 07:27:54,381 - VO - IE - CARSIRELAND - 2019-06-01 00:00:00 - ERROR - FILE_CHECK - expect_column_values_to_be_in_type_list - CYLINDRE - Wrong type for value: Bluebell Avenue, Dublin 12, D12 C990,  on line 2815 should be in ['int']
2019-07-06 07:27:54,381 - VO - IE - CARSIRELAND - 2019-06-01 00:00:00 - ERROR - FILE_CHECK - expect_column_values_to_be_in_type_list - CYLINDRE - Wrong type for value: Bluebell Avenue, Dublin 12, D12 C990,  on line 2916 should be in ['int']
2019-07-06 07:27:54,381 - VO - IE - CARSIRELAND - 2019-06-01 00:00:00 - ERROR - FILE_CHECK - expect_column_values_to_be_in_type_list - CYLINDRE - Wrong type for value: Mallow Road, Killarney, Co. Kerry, V93 HD54,  on line 3083 should be in ['int']
2019-07-06 07:27:54,381 - VO - IE - CARSIRELAND - 2019-06-01 00:00:00 - ERROR - FILE_CHECK - expect_column_values_to_be_in_type_list - CYLINDRE - Wrong type for value: The Square, Rathangan, Co. Kildare,  on line 3251 should be in ['int']
2019-07-06 07:27:54,381 - VO - IE - CARSIRELAND - 2019-06-01 00:00:00 - ERROR - FILE_CHECK - expect_column_values_to_be_in_type_list - CYLINDRE - Wrong type for value: Schooland, Ballinalee, Co. Longford,  on line 3437 should be in ['int']
2019-07-06 07:27:54,382 - VO - IE - CARSIRELAND - 2019-06-01 00:00:00 - ERROR - FILE_CHECK - expect_column_values_to_be_in_type_list - CYLINDRE - Wrong type for value: Cornmarket, Ballinrobe, Co. Mayo, F31 EP63,  on line 3931 should be in ['int']
2019-07-06 07:27:54,382 - VO - IE - CARSIRELAND - 2019-06-01 00:00:00 - ERROR - FILE_CHECK - expect_column_values_to_be_in_type_list - CYLINDRE - Wrong type for value: Baleally Lane, Lusk, Co. Dublin, K45 DC86,  on line 4571 should be in ['int']
2019-07-06 07:27:54,382 - VO - IE - CARSIRELAND - 2019-06-01 00:00:00 - ERROR - FILE_CHECK - expect_column_values_to_be_in_type_list - CYLINDRE - Wrong type for value: Baleally Lane, Lusk, Co. Dublin, K45 DC86,  on line 4579 should be in ['int']
2019-07-06 07:27:54,382 - VO - IE - CARSIRELAND - 2019-06-01 00:00:00 - ERROR - STAT - expect_column_values_to_be_in_type_list - CYLINDRE - correctly filled rate (%) - 0.0
2019-07-06 07:27:54,382 - VO - IE - CARSIRELAND - 2019-06-01 00:00:00 - ERROR - STAT - expect_returning_row_unique_count - PROVINCE - total number of unique rows - 0
2019-07-06 07:27:54,382 - VO - IE - CARSIRELAND - 2019-06-01 00:00:00 - ERROR - STAT - expect_returning_row_unique_count - VILLE - total number of unique rows - 9
2019-07-06 07:27:54,382 - VO - IE - CARSIRELAND - 2019-06-01 00:00:00 - ERROR - STAT - expect_returning_row_unique_count - DEPARTEMENT - total number of unique rows - 5
