2019-08-30 13:50:55,284 - CAMION - IT - TRUCKSNL - 2019-08-01 00:00:00 - ERROR - STAT - expect_column_values_to_not_be_null - ADRESSE - correctly filled rate (%) - 99.5
2019-08-30 13:50:55,284 - CAMION - IT - TRUCKSNL - 2019-08-01 00:00:00 - ERROR - STAT - expect_column_values_to_be_in_type_list - ANNEE - correctly filled rate (%) - 100.0
2019-08-30 13:50:55,284 - CAMION - IT - TRUCKSNL - 2019-08-01 00:00:00 - ERROR - FILE_CHECK - expect_column_values_to_be_between - ANNEE - Unexpected value: 0 on line 11, value should be between 1980 and 2019
2019-08-30 13:50:55,284 - CAMION - IT - TRUCKSNL - 2019-08-01 00:00:00 - ERROR - FILE_CHECK - expect_column_values_to_be_between - ANNEE - Unexpected value: 0 on line 12, value should be between 1980 and 2019
2019-08-30 13:50:55,284 - CAMION - IT - TRUCKSNL - 2019-08-01 00:00:00 - ERROR - FILE_CHECK - expect_column_values_to_be_between - ANNEE - Unexpected value: 0 on line 37, value should be between 1980 and 2019
2019-08-30 13:50:55,284 - CAMION - IT - TRUCKSNL - 2019-08-01 00:00:00 - ERROR - FILE_CHECK - expect_column_values_to_be_between - ANNEE - Unexpected value: 0 on line 39, value should be between 1980 and 2019
2019-08-30 13:50:55,285 - CAMION - IT - TRUCKSNL - 2019-08-01 00:00:00 - ERROR - FILE_CHECK - expect_column_values_to_be_between - ANNEE - Unexpected value: 0 on line 40, value should be between 1980 and 2019
2019-08-30 13:50:55,285 - CAMION - IT - TRUCKSNL - 2019-08-01 00:00:00 - ERROR - FILE_CHECK - expect_column_values_to_be_between - ANNEE - Unexpected value: 0 on line 42, value should be between 1980 and 2019
2019-08-30 13:50:55,285 - CAMION - IT - TRUCKSNL - 2019-08-01 00:00:00 - ERROR - FILE_CHECK - expect_column_values_to_be_between - ANNEE - Unexpected value: 0 on line 45, value should be between 1980 and 2019
2019-08-30 13:50:55,285 - CAMION - IT - TRUCKSNL - 2019-08-01 00:00:00 - ERROR - FILE_CHECK - expect_column_values_to_be_between - ANNEE - Unexpected value: 0 on line 47, value should be between 1980 and 2019
2019-08-30 13:50:55,285 - CAMION - IT - TRUCKSNL - 2019-08-01 00:00:00 - ERROR - FILE_CHECK - expect_column_values_to_be_between - ANNEE - Unexpected value: 0 on line 51, value should be between 1980 and 2019
2019-08-30 13:50:55,285 - CAMION - IT - TRUCKSNL - 2019-08-01 00:00:00 - ERROR - FILE_CHECK - expect_column_values_to_be_between - ANNEE - Unexpected value: 0 on line 53, value should be between 1980 and 2019
2019-08-30 13:50:55,285 - CAMION - IT - TRUCKSNL - 2019-08-01 00:00:00 - ERROR - FILE_CHECK - expect_column_values_to_be_between - ANNEE - Unexpected value: 0 on line 54, value should be between 1980 and 2019
2019-08-30 13:50:55,285 - CAMION - IT - TRUCKSNL - 2019-08-01 00:00:00 - ERROR - FILE_CHECK - expect_column_values_to_be_between - ANNEE - Unexpected value: 0 on line 56, value should be between 1980 and 2019
2019-08-30 13:50:55,285 - CAMION - IT - TRUCKSNL - 2019-08-01 00:00:00 - ERROR - FILE_CHECK - expect_column_values_to_be_between - ANNEE - Unexpected value: 1900 on line 57, value should be between 1980 and 2019
2019-08-30 13:50:55,285 - CAMION - IT - TRUCKSNL - 2019-08-01 00:00:00 - ERROR - FILE_CHECK - expect_column_values_to_be_between - ANNEE - Unexpected value: 0 on line 64, value should be between 1980 and 2019
2019-08-30 13:50:55,285 - CAMION - IT - TRUCKSNL - 2019-08-01 00:00:00 - ERROR - FILE_CHECK - expect_column_values_to_be_between - ANNEE - Unexpected value: 0 on line 71, value should be between 1980 and 2019
2019-08-30 13:50:55,285 - CAMION - IT - TRUCKSNL - 2019-08-01 00:00:00 - ERROR - FILE_CHECK - expect_column_values_to_be_between - ANNEE - Unexpected value: 0 on line 72, value should be between 1980 and 2019
2019-08-30 13:50:55,285 - CAMION - IT - TRUCKSNL - 2019-08-01 00:00:00 - ERROR - FILE_CHECK - expect_column_values_to_be_between - ANNEE - Unexpected value: 0 on line 73, value should be between 1980 and 2019
2019-08-30 13:50:55,285 - CAMION - IT - TRUCKSNL - 2019-08-01 00:00:00 - ERROR - FILE_CHECK - expect_column_values_to_be_between - ANNEE - Unexpected value: 0 on line 80, value should be between 1980 and 2019
2019-08-30 13:50:55,285 - CAMION - IT - TRUCKSNL - 2019-08-01 00:00:00 - ERROR - FILE_CHECK - expect_column_values_to_be_between - ANNEE - Unexpected value: 0 on line 81, value should be between 1980 and 2019
2019-08-30 13:50:55,285 - CAMION - IT - TRUCKSNL - 2019-08-01 00:00:00 - ERROR - FILE_CHECK - expect_column_values_to_be_between - ANNEE - Unexpected value: 0 on line 84, value should be between 1980 and 2019
2019-08-30 13:50:55,285 - CAMION - IT - TRUCKSNL - 2019-08-01 00:00:00 - ERROR - STAT - expect_column_values_to_be_between - ANNEE - correctly filled rate (%) - 78.71
2019-08-30 13:50:55,285 - CAMION - IT - TRUCKSNL - 2019-08-01 00:00:00 - ERROR - STAT - expect_column_values_to_not_be_null - ANNEE - correctly filled rate (%) - 100.0
2019-08-30 13:50:55,286 - CAMION - IT - TRUCKSNL - 2019-08-01 00:00:00 - ERROR - FILE_CHECK - expect_column_values_to_match_regex - ANNEE - Unexpected value: 0 on line 11, value should match regexp ^[0-9]{4}$
2019-08-30 13:50:55,286 - CAMION - IT - TRUCKSNL - 2019-08-01 00:00:00 - ERROR - FILE_CHECK - expect_column_values_to_match_regex - ANNEE - Unexpected value: 0 on line 12, value should match regexp ^[0-9]{4}$
2019-08-30 13:50:55,286 - CAMION - IT - TRUCKSNL - 2019-08-01 00:00:00 - ERROR - FILE_CHECK - expect_column_values_to_match_regex - ANNEE - Unexpected value: 0 on line 37, value should match regexp ^[0-9]{4}$
2019-08-30 13:50:55,286 - CAMION - IT - TRUCKSNL - 2019-08-01 00:00:00 - ERROR - FILE_CHECK - expect_column_values_to_match_regex - ANNEE - Unexpected value: 0 on line 39, value should match regexp ^[0-9]{4}$
2019-08-30 13:50:55,286 - CAMION - IT - TRUCKSNL - 2019-08-01 00:00:00 - ERROR - FILE_CHECK - expect_column_values_to_match_regex - ANNEE - Unexpected value: 0 on line 40, value should match regexp ^[0-9]{4}$
2019-08-30 13:50:55,286 - CAMION - IT - TRUCKSNL - 2019-08-01 00:00:00 - ERROR - FILE_CHECK - expect_column_values_to_match_regex - ANNEE - Unexpected value: 0 on line 42, value should match regexp ^[0-9]{4}$
2019-08-30 13:50:55,286 - CAMION - IT - TRUCKSNL - 2019-08-01 00:00:00 - ERROR - FILE_CHECK - expect_column_values_to_match_regex - ANNEE - Unexpected value: 0 on line 45, value should match regexp ^[0-9]{4}$
2019-08-30 13:50:55,286 - CAMION - IT - TRUCKSNL - 2019-08-01 00:00:00 - ERROR - FILE_CHECK - expect_column_values_to_match_regex - ANNEE - Unexpected value: 0 on line 47, value should match regexp ^[0-9]{4}$
2019-08-30 13:50:55,286 - CAMION - IT - TRUCKSNL - 2019-08-01 00:00:00 - ERROR - FILE_CHECK - expect_column_values_to_match_regex - ANNEE - Unexpected value: 0 on line 51, value should match regexp ^[0-9]{4}$
2019-08-30 13:50:55,286 - CAMION - IT - TRUCKSNL - 2019-08-01 00:00:00 - ERROR - FILE_CHECK - expect_column_values_to_match_regex - ANNEE - Unexpected value: 0 on line 53, value should match regexp ^[0-9]{4}$
2019-08-30 13:50:55,286 - CAMION - IT - TRUCKSNL - 2019-08-01 00:00:00 - ERROR - FILE_CHECK - expect_column_values_to_match_regex - ANNEE - Unexpected value: 0 on line 54, value should match regexp ^[0-9]{4}$
2019-08-30 13:50:55,286 - CAMION - IT - TRUCKSNL - 2019-08-01 00:00:00 - ERROR - FILE_CHECK - expect_column_values_to_match_regex - ANNEE - Unexpected value: 0 on line 56, value should match regexp ^[0-9]{4}$
2019-08-30 13:50:55,286 - CAMION - IT - TRUCKSNL - 2019-08-01 00:00:00 - ERROR - FILE_CHECK - expect_column_values_to_match_regex - ANNEE - Unexpected value: 0 on line 64, value should match regexp ^[0-9]{4}$
2019-08-30 13:50:55,286 - CAMION - IT - TRUCKSNL - 2019-08-01 00:00:00 - ERROR - FILE_CHECK - expect_column_values_to_match_regex - ANNEE - Unexpected value: 0 on line 71, value should match regexp ^[0-9]{4}$
2019-08-30 13:50:55,286 - CAMION - IT - TRUCKSNL - 2019-08-01 00:00:00 - ERROR - FILE_CHECK - expect_column_values_to_match_regex - ANNEE - Unexpected value: 0 on line 72, value should match regexp ^[0-9]{4}$
2019-08-30 13:50:55,286 - CAMION - IT - TRUCKSNL - 2019-08-01 00:00:00 - ERROR - FILE_CHECK - expect_column_values_to_match_regex - ANNEE - Unexpected value: 0 on line 73, value should match regexp ^[0-9]{4}$
2019-08-30 13:50:55,286 - CAMION - IT - TRUCKSNL - 2019-08-01 00:00:00 - ERROR - FILE_CHECK - expect_column_values_to_match_regex - ANNEE - Unexpected value: 0 on line 80, value should match regexp ^[0-9]{4}$
2019-08-30 13:50:55,287 - CAMION - IT - TRUCKSNL - 2019-08-01 00:00:00 - ERROR - FILE_CHECK - expect_column_values_to_match_regex - ANNEE - Unexpected value: 0 on line 81, value should match regexp ^[0-9]{4}$
2019-08-30 13:50:55,287 - CAMION - IT - TRUCKSNL - 2019-08-01 00:00:00 - ERROR - FILE_CHECK - expect_column_values_to_match_regex - ANNEE - Unexpected value: 0 on line 84, value should match regexp ^[0-9]{4}$
2019-08-30 13:50:55,287 - CAMION - IT - TRUCKSNL - 2019-08-01 00:00:00 - ERROR - FILE_CHECK - expect_column_values_to_match_regex - ANNEE - Unexpected value: 0 on line 85, value should match regexp ^[0-9]{4}$
2019-08-30 13:50:55,287 - CAMION - IT - TRUCKSNL - 2019-08-01 00:00:00 - ERROR - STAT - expect_column_values_to_match_regex - ANNEE - correctly filled rate (%) - 81.19
2019-08-30 13:50:55,287 - CAMION - IT - TRUCKSNL - 2019-08-01 00:00:00 - ERROR - STAT - expect_column_values_to_not_be_null - ANNONCE_LINK - correctly filled rate (%) - 100.0
2019-08-30 13:50:55,287 - CAMION - IT - TRUCKSNL - 2019-08-01 00:00:00 - ERROR - STAT - expect_column_values_to_be_unique - ANNONCE_LINK - observed proportion - 100.0
2019-08-30 13:50:55,287 - CAMION - IT - TRUCKSNL - 2019-08-01 00:00:00 - ERROR - STAT - expect_column_values_to_not_be_null - CARBURANT - correctly filled rate (%) - 37.13
2019-08-30 13:50:55,287 - CAMION - IT - TRUCKSNL - 2019-08-01 00:00:00 - ERROR - STAT - expect_column_values_to_not_be_null - CARROSSERIE - correctly filled rate (%) - 0.0
2019-08-30 13:50:55,287 - CAMION - IT - TRUCKSNL - 2019-08-01 00:00:00 - ERROR - STAT - expect_column_values_to_not_be_null - CP - correctly filled rate (%) - 100.0
2019-08-30 13:50:55,287 - CAMION - IT - TRUCKSNL - 2019-08-01 00:00:00 - ERROR - STAT - expect_column_values_to_match_regex - CP - correctly filled rate (%) - 100.0
2019-08-30 13:50:55,287 - CAMION - IT - TRUCKSNL - 2019-08-01 00:00:00 - ERROR - STAT - expect_column_values_to_not_be_null - GARAGE_ID - correctly filled rate (%) - 0.0
2019-08-30 13:50:55,287 - CAMION - IT - TRUCKSNL - 2019-08-01 00:00:00 - ERROR - STAT - expect_column_values_to_not_be_null - ID_CLIENT - correctly filled rate (%) - 100.0
2019-08-30 13:50:55,287 - CAMION - IT - TRUCKSNL - 2019-08-01 00:00:00 - ERROR - STAT - expect_column_values_to_be_unique - ID_CLIENT - observed proportion - 100.0
2019-08-30 13:50:55,287 - CAMION - IT - TRUCKSNL - 2019-08-01 00:00:00 - ERROR - STAT - expect_returning_row_count - EVERY_COLUMNS - total number of rows - 202
2019-08-30 13:50:55,287 - CAMION - IT - TRUCKSNL - 2019-08-01 00:00:00 - ERROR - STAT - expect_column_values_to_not_be_null - IMMAT - correctly filled rate (%) - 100.0
2019-08-30 13:50:55,287 - CAMION - IT - TRUCKSNL - 2019-08-01 00:00:00 - ERROR - STAT - expect_column_values_to_be_in_type_list - KM - correctly filled rate (%) - 100.0
2019-08-30 13:50:55,287 - CAMION - IT - TRUCKSNL - 2019-08-01 00:00:00 - ERROR - STAT - expect_column_values_to_not_be_null - KM - correctly filled rate (%) - 100.0
2019-08-30 13:50:55,288 - CAMION - IT - TRUCKSNL - 2019-08-01 00:00:00 - ERROR - STAT - expect_column_values_to_be_in_type_list - LITRE - correctly filled rate (%) - 100.0
2019-08-30 13:50:55,288 - CAMION - IT - TRUCKSNL - 2019-08-01 00:00:00 - ERROR - STAT - expect_column_values_to_not_be_null - LITRE - correctly filled rate (%) - 100.0
2019-08-30 13:50:55,288 - CAMION - IT - TRUCKSNL - 2019-08-01 00:00:00 - ERROR - STAT - expect_column_values_to_not_be_null - MARQUE - correctly filled rate (%) - 100.0
2019-08-30 13:50:55,288 - CAMION - IT - TRUCKSNL - 2019-08-01 00:00:00 - ERROR - STAT - expect_column_values_to_not_be_null - MODELE - correctly filled rate (%) - 100.0
2019-08-30 13:50:55,288 - CAMION - IT - TRUCKSNL - 2019-08-01 00:00:00 - ERROR - STAT - expect_column_values_to_not_be_null - NOM - correctly filled rate (%) - 100.0
2019-08-30 13:50:55,288 - CAMION - IT - TRUCKSNL - 2019-08-01 00:00:00 - ERROR - FILE_CHECK - expect_column_value_lengths_to_be_between - NOM - Unexpected characters count of: [JCB 8040...] on line  132, value length should be between 10 and 255
2019-08-30 13:50:55,288 - CAMION - IT - TRUCKSNL - 2019-08-01 00:00:00 - ERROR - FILE_CHECK - expect_column_value_lengths_to_be_between - NOM - Unexpected characters count of: [Volvo F89...] on line  169, value length should be between 10 and 255
2019-08-30 13:50:55,288 - CAMION - IT - TRUCKSNL - 2019-08-01 00:00:00 - ERROR - FILE_CHECK - expect_column_value_lengths_to_be_between - NOM - Unexpected characters count of: [Case 330B...] on line  200, value length should be between 10 and 255
2019-08-30 13:50:55,288 - CAMION - IT - TRUCKSNL - 2019-08-01 00:00:00 - ERROR - STAT - expect_column_value_lengths_to_be_between - NOM - correctly filled rate (%) - 98.51
2019-08-30 13:50:55,288 - CAMION - IT - TRUCKSNL - 2019-08-01 00:00:00 - ERROR - STAT - expect_column_values_to_not_be_null - OPTIONS - correctly filled rate (%) - 0.0
2019-08-30 13:50:55,288 - CAMION - IT - TRUCKSNL - 2019-08-01 00:00:00 - ERROR - STAT - expect_column_values_to_be_in_type_list - PHOTO - correctly filled rate (%) - 100.0
2019-08-30 13:50:55,288 - CAMION - IT - TRUCKSNL - 2019-08-01 00:00:00 - ERROR - STAT - expect_column_values_to_not_be_null - PHOTO - correctly filled rate (%) - 100.0
2019-08-30 13:50:55,288 - CAMION - IT - TRUCKSNL - 2019-08-01 00:00:00 - ERROR - STAT - expect_column_values_to_not_be_null - PLACE - correctly filled rate (%) - 0.0
2019-08-30 13:50:55,288 - CAMION - IT - TRUCKSNL - 2019-08-01 00:00:00 - ERROR - STAT - expect_column_values_to_not_be_null - PORTE - correctly filled rate (%) - 0.0
2019-08-30 13:50:55,288 - CAMION - IT - TRUCKSNL - 2019-08-01 00:00:00 - ERROR - STAT - expect_column_values_to_be_in_type_list - PRIX - correctly filled rate (%) - 100.0
2019-08-30 13:50:55,288 - CAMION - IT - TRUCKSNL - 2019-08-01 00:00:00 - ERROR - STAT - expect_column_values_to_not_be_null - PRIX - correctly filled rate (%) - 100.0
2019-08-30 13:50:55,289 - CAMION - IT - TRUCKSNL - 2019-08-01 00:00:00 - ERROR - STAT - expect_column_values_to_not_be_null - PROVINCE - correctly filled rate (%) - 0.0
2019-08-30 13:50:55,289 - CAMION - IT - TRUCKSNL - 2019-08-01 00:00:00 - ERROR - STAT - expect_column_values_to_not_be_null - SITE - correctly filled rate (%) - 100.0
2019-08-30 13:50:55,289 - CAMION - IT - TRUCKSNL - 2019-08-01 00:00:00 - ERROR - STAT - expect_column_values_to_not_be_null - TELEPHONE - correctly filled rate (%) - 100.0
2019-08-30 13:50:55,289 - CAMION - IT - TRUCKSNL - 2019-08-01 00:00:00 - ERROR - STAT - expect_column_values_to_be_phone_number - TELEPHONE - correctly filled rate (%) - 100.0
2019-08-30 13:50:55,289 - CAMION - IT - TRUCKSNL - 2019-08-01 00:00:00 - ERROR - STAT - expect_column_values_to_not_be_null - TYPE - correctly filled rate (%) - 100.0
2019-08-30 13:50:55,289 - CAMION - IT - TRUCKSNL - 2019-08-01 00:00:00 - ERROR - STAT - expect_column_values_to_be_in_set_2 - TYPE - observed proportion - 100.0
2019-08-30 13:50:55,289 - CAMION - IT - TRUCKSNL - 2019-08-01 00:00:00 - ERROR - STAT - expect_column_values_to_not_be_null - VILLE - correctly filled rate (%) - 100.0
2019-08-30 13:50:55,289 - CAMION - IT - TRUCKSNL - 2019-08-01 00:00:00 - ERROR - STAT - expect_column_values_to_not_be_null - VN_IND - correctly filled rate (%) - 0.0
2019-08-30 13:50:55,289 - CAMION - IT - TRUCKSNL - 2019-08-01 00:00:00 - ERROR - STAT - expect_returning_row_unique_count - MARQUE_CORRECTED - total number of unique rows - 38
2019-08-30 13:50:55,289 - CAMION - IT - TRUCKSNL - 2019-08-01 00:00:00 - ERROR - STAT - expect_returning_row_unique_count - MODELE_CORRECTED - total number of unique rows - 81
2019-08-30 13:50:55,289 - CAMION - IT - TRUCKSNL - 2019-08-01 00:00:00 - ERROR - STAT - expect_returning_row_unique_count - CARROSSERIE - total number of unique rows - 0
2019-08-30 13:50:55,289 - CAMION - IT - TRUCKSNL - 2019-08-01 00:00:00 - ERROR - STAT - expect_returning_row_unique_count - CARBURANT - total number of unique rows - 1
2019-08-30 13:50:55,289 - CAMION - IT - TRUCKSNL - 2019-08-01 00:00:00 - ERROR - STAT - expect_column_values_to_not_be_null - CYLINDRE - correctly filled rate (%) - 0.0
2019-08-30 13:50:55,289 - CAMION - IT - TRUCKSNL - 2019-08-01 00:00:00 - ERROR - STAT - expect_returning_row_unique_count - PROVINCE - total number of unique rows - 0
2019-08-30 13:50:55,289 - CAMION - IT - TRUCKSNL - 2019-08-01 00:00:00 - ERROR - STAT - expect_returning_row_unique_count - VILLE - total number of unique rows - 10
2019-08-30 13:50:55,289 - CAMION - IT - TRUCKSNL - 2019-08-01 00:00:00 - ERROR - STAT - expect_returning_row_unique_count - DEPARTEMENT - total number of unique rows - 3
2019-08-30 13:50:55,289 - CAMION - IT - TRUCKSNL - 2019-08-01 00:00:00 - ERROR - STAT - expect_returning_row_count_on_conditions - DEALER_USEDCARS - total number of row with conditions - 202
2019-08-30 13:50:55,290 - CAMION - IT - TRUCKSNL - 2019-08-01 00:00:00 - ERROR - STAT - expect_returning_row_count_on_conditions - PRIVATE_USEDCARS - total number of row with conditions - 0
2019-08-30 13:50:55,290 - CAMION - IT - TRUCKSNL - 2019-08-01 00:00:00 - ERROR - STAT - expect_returning_row_count_on_conditions - TRUCKS - total number of row with conditions - 55
2019-08-30 13:50:55,290 - CAMION - IT - TRUCKSNL - 2019-08-01 00:00:00 - ERROR - STAT - expect_returning_row_count_on_conditions - TRACTOR UNITS - total number of row with conditions - 74
2019-08-30 13:50:55,290 - CAMION - IT - TRUCKSNL - 2019-08-01 00:00:00 - ERROR - STAT - expect_returning_row_count_on_conditions - TRAILERS - total number of row with conditions - 34
2019-08-30 13:50:55,290 - CAMION - IT - TRUCKSNL - 2019-08-01 00:00:00 - ERROR - STAT - expect_returning_row_count_on_conditions - VANS - total number of row with conditions - 3
2019-08-30 13:50:55,290 - CAMION - IT - TRUCKSNL - 2019-08-01 00:00:00 - ERROR - STAT - expect_returning_row_count_on_conditions - HEAVY EQUIPMENTS - total number of row with conditions - 33
2019-08-30 13:50:55,290 - CAMION - IT - TRUCKSNL - 2019-08-01 00:00:00 - ERROR - STAT - expect_returning_row_count_on_conditions - SEMI TRAILERS - total number of row with conditions - 3
2019-08-30 13:50:55,290 - CAMION - IT - TRUCKSNL - 2019-08-01 00:00:00 - ERROR - STAT - expect_returning_row_count_on_conditions - DEALER_TRUCKS - total number of row with conditions - 55
2019-08-30 13:50:55,290 - CAMION - IT - TRUCKSNL - 2019-08-01 00:00:00 - ERROR - STAT - expect_returning_row_count_on_conditions - PRIVATE_TRUCKS - total number of row with conditions - 0
2019-08-30 13:50:55,290 - CAMION - IT - TRUCKSNL - 2019-08-01 00:00:00 - ERROR - STAT - expect_returning_row_count_on_conditions - DEALER_TRACTOR UNITS - total number of row with conditions - 74
2019-08-30 13:50:55,290 - CAMION - IT - TRUCKSNL - 2019-08-01 00:00:00 - ERROR - STAT - expect_returning_row_count_on_conditions - PRIVATE_TRACTOR UNITS - total number of row with conditions - 0
2019-08-30 13:50:55,290 - CAMION - IT - TRUCKSNL - 2019-08-01 00:00:00 - ERROR - STAT - expect_returning_row_count_on_conditions - DEALER_TRAILERS - total number of row with conditions - 34
2019-08-30 13:50:55,290 - CAMION - IT - TRUCKSNL - 2019-08-01 00:00:00 - ERROR - STAT - expect_returning_row_count_on_conditions - PRIVATE_TRAILERS - total number of row with conditions - 0
2019-08-30 13:50:55,290 - CAMION - IT - TRUCKSNL - 2019-08-01 00:00:00 - ERROR - STAT - expect_returning_row_count_on_conditions - DEALER_VANS - total number of row with conditions - 3
2019-08-30 13:50:55,290 - CAMION - IT - TRUCKSNL - 2019-08-01 00:00:00 - ERROR - STAT - expect_returning_row_count_on_conditions - PRIVATE_VANS - total number of row with conditions - 0
2019-08-30 13:50:55,290 - CAMION - IT - TRUCKSNL - 2019-08-01 00:00:00 - ERROR - STAT - expect_returning_row_count_on_conditions - DEALER_HEAVY EQUIPMENTS - total number of row with conditions - 33
2019-08-30 13:50:55,290 - CAMION - IT - TRUCKSNL - 2019-08-01 00:00:00 - ERROR - STAT - expect_returning_row_count_on_conditions - PRIVATE_HEAVY EQUIPMENTS - total number of row with conditions - 0
2019-08-30 13:50:55,290 - CAMION - IT - TRUCKSNL - 2019-08-01 00:00:00 - ERROR - STAT - expect_returning_row_count_on_conditions - DEALER_SEMI TRAILERS - total number of row with conditions - 3
2019-08-30 13:50:55,291 - CAMION - IT - TRUCKSNL - 2019-08-01 00:00:00 - ERROR - STAT - expect_returning_row_count_on_conditions - PRIVATE_SEMI TRAILERS - total number of row with conditions - 0
