2019-08-30 12:31:30,494 - CAMION - CZ - MARKETBOOK - 2019-05-01 00:00:00 - ERROR - STAT - expect_column_values_to_not_be_null - ADRESSE - correctly filled rate (%) - 0.0
2019-08-30 12:31:30,494 - CAMION - CZ - MARKETBOOK - 2019-05-01 00:00:00 - ERROR - STAT - expect_column_values_to_be_in_type_list - ANNEE - correctly filled rate (%) - 100.0
2019-08-30 12:31:30,494 - CAMION - CZ - MARKETBOOK - 2019-05-01 00:00:00 - ERROR - STAT - expect_column_values_to_be_between - ANNEE - correctly filled rate (%) - 97.3
2019-08-30 12:31:30,494 - CAMION - CZ - MARKETBOOK - 2019-05-01 00:00:00 - ERROR - STAT - expect_column_values_to_not_be_null - ANNEE - correctly filled rate (%) - 100.0
2019-08-30 12:31:30,494 - CAMION - CZ - MARKETBOOK - 2019-05-01 00:00:00 - ERROR - FILE_CHECK - expect_column_values_to_match_regex - ANNEE - Unexpected value: 0 on line 79, value should match regexp ^[0-9]{4}$
2019-08-30 12:31:30,495 - CAMION - CZ - MARKETBOOK - 2019-05-01 00:00:00 - ERROR - FILE_CHECK - expect_column_values_to_match_regex - ANNEE - Unexpected value: 0 on line 224, value should match regexp ^[0-9]{4}$
2019-08-30 12:31:30,495 - CAMION - CZ - MARKETBOOK - 2019-05-01 00:00:00 - ERROR - FILE_CHECK - expect_column_values_to_match_regex - ANNEE - Unexpected value: 0 on line 235, value should match regexp ^[0-9]{4}$
2019-08-30 12:31:30,495 - CAMION - CZ - MARKETBOOK - 2019-05-01 00:00:00 - ERROR - FILE_CHECK - expect_column_values_to_match_regex - ANNEE - Unexpected value: 0 on line 238, value should match regexp ^[0-9]{4}$
2019-08-30 12:31:30,495 - CAMION - CZ - MARKETBOOK - 2019-05-01 00:00:00 - ERROR - FILE_CHECK - expect_column_values_to_match_regex - ANNEE - Unexpected value: 0 on line 258, value should match regexp ^[0-9]{4}$
2019-08-30 12:31:30,495 - CAMION - CZ - MARKETBOOK - 2019-05-01 00:00:00 - ERROR - FILE_CHECK - expect_column_values_to_match_regex - ANNEE - Unexpected value: 0 on line 292, value should match regexp ^[0-9]{4}$
2019-08-30 12:31:30,495 - CAMION - CZ - MARKETBOOK - 2019-05-01 00:00:00 - ERROR - STAT - expect_column_values_to_match_regex - ANNEE - correctly filled rate (%) - 98.2
2019-08-30 12:31:30,495 - CAMION - CZ - MARKETBOOK - 2019-05-01 00:00:00 - ERROR - STAT - expect_column_values_to_not_be_null - ANNONCE_LINK - correctly filled rate (%) - 100.0
2019-08-30 12:31:30,495 - CAMION - CZ - MARKETBOOK - 2019-05-01 00:00:00 - ERROR - STAT - expect_column_values_to_be_unique - ANNONCE_LINK - observed proportion - 100.0
2019-08-30 12:31:30,495 - CAMION - CZ - MARKETBOOK - 2019-05-01 00:00:00 - ERROR - STAT - expect_column_values_to_not_be_null - CARBURANT - correctly filled rate (%) - 0.0
2019-08-30 12:31:30,495 - CAMION - CZ - MARKETBOOK - 2019-05-01 00:00:00 - ERROR - STAT - expect_column_values_to_not_be_null - CARROSSERIE - correctly filled rate (%) - 0.0
2019-08-30 12:31:30,495 - CAMION - CZ - MARKETBOOK - 2019-05-01 00:00:00 - ERROR - STAT - expect_column_values_to_not_be_null - CP - correctly filled rate (%) - 100.0
2019-08-30 12:31:30,495 - CAMION - CZ - MARKETBOOK - 2019-05-01 00:00:00 - ERROR - STAT - expect_column_values_to_match_regex - CP - correctly filled rate (%) - 100.0
2019-08-30 12:31:30,495 - CAMION - CZ - MARKETBOOK - 2019-05-01 00:00:00 - ERROR - STAT - expect_column_values_to_not_be_null - GARAGE_ID - correctly filled rate (%) - 95.2
2019-08-30 12:31:30,496 - CAMION - CZ - MARKETBOOK - 2019-05-01 00:00:00 - ERROR - STAT - expect_column_values_to_not_be_null - ID_CLIENT - correctly filled rate (%) - 100.0
2019-08-30 12:31:30,496 - CAMION - CZ - MARKETBOOK - 2019-05-01 00:00:00 - ERROR - STAT - expect_column_values_to_be_unique - ID_CLIENT - observed proportion - 100.0
2019-08-30 12:31:30,496 - CAMION - CZ - MARKETBOOK - 2019-05-01 00:00:00 - ERROR - STAT - expect_returning_row_count - EVERY_COLUMNS - total number of rows - 333
2019-08-30 12:31:30,496 - CAMION - CZ - MARKETBOOK - 2019-05-01 00:00:00 - ERROR - STAT - expect_column_values_to_not_be_null - IMMAT - correctly filled rate (%) - 100.0
2019-08-30 12:31:30,496 - CAMION - CZ - MARKETBOOK - 2019-05-01 00:00:00 - ERROR - STAT - expect_column_values_to_be_in_type_list - KM - correctly filled rate (%) - 100.0
2019-08-30 12:31:30,496 - CAMION - CZ - MARKETBOOK - 2019-05-01 00:00:00 - ERROR - STAT - expect_column_values_to_not_be_null - KM - correctly filled rate (%) - 100.0
2019-08-30 12:31:30,496 - CAMION - CZ - MARKETBOOK - 2019-05-01 00:00:00 - ERROR - STAT - expect_column_values_to_be_in_type_list - LITRE - correctly filled rate (%) - 100.0
2019-08-30 12:31:30,496 - CAMION - CZ - MARKETBOOK - 2019-05-01 00:00:00 - ERROR - STAT - expect_column_values_to_not_be_null - LITRE - correctly filled rate (%) - 100.0
2019-08-30 12:31:30,496 - CAMION - CZ - MARKETBOOK - 2019-05-01 00:00:00 - ERROR - STAT - expect_column_values_to_not_be_null - MARQUE - correctly filled rate (%) - 99.7
2019-08-30 12:31:30,496 - CAMION - CZ - MARKETBOOK - 2019-05-01 00:00:00 - ERROR - STAT - expect_column_values_to_not_be_null - MODELE - correctly filled rate (%) - 92.19
2019-08-30 12:31:30,496 - CAMION - CZ - MARKETBOOK - 2019-05-01 00:00:00 - ERROR - STAT - expect_column_values_to_not_be_null - NOM - correctly filled rate (%) - 98.2
2019-08-30 12:31:30,496 - CAMION - CZ - MARKETBOOK - 2019-05-01 00:00:00 - ERROR - FILE_CHECK - expect_column_value_lengths_to_be_between - NOM - Unexpected characters count of: [RESTA CH2...] on line  44, value length should be between 10 and 255
2019-08-30 12:31:30,496 - CAMION - CZ - MARKETBOOK - 2019-05-01 00:00:00 - ERROR - FILE_CHECK - expect_column_value_lengths_to_be_between - NOM - Unexpected characters count of: [1995 MOL...] on line  179, value length should be between 10 and 255
2019-08-30 12:31:30,496 - CAMION - CZ - MARKETBOOK - 2019-05-01 00:00:00 - ERROR - FILE_CHECK - expect_column_value_lengths_to_be_between - NOM - Unexpected characters count of: [2006 GRAS...] on line  200, value length should be between 10 and 255
2019-08-30 12:31:30,497 - CAMION - CZ - MARKETBOOK - 2019-05-01 00:00:00 - ERROR - STAT - expect_column_value_lengths_to_be_between - NOM - correctly filled rate (%) - 99.08
2019-08-30 12:31:30,497 - CAMION - CZ - MARKETBOOK - 2019-05-01 00:00:00 - ERROR - STAT - expect_column_values_to_not_be_null - OPTIONS - correctly filled rate (%) - 0.0
2019-08-30 12:31:30,497 - CAMION - CZ - MARKETBOOK - 2019-05-01 00:00:00 - ERROR - STAT - expect_column_values_to_be_in_type_list - PHOTO - correctly filled rate (%) - 100.0
2019-08-30 12:31:30,497 - CAMION - CZ - MARKETBOOK - 2019-05-01 00:00:00 - ERROR - STAT - expect_column_values_to_not_be_null - PHOTO - correctly filled rate (%) - 100.0
2019-08-30 12:31:30,497 - CAMION - CZ - MARKETBOOK - 2019-05-01 00:00:00 - ERROR - STAT - expect_column_values_to_not_be_null - PLACE - correctly filled rate (%) - 0.0
2019-08-30 12:31:30,497 - CAMION - CZ - MARKETBOOK - 2019-05-01 00:00:00 - ERROR - STAT - expect_column_values_to_not_be_null - PORTE - correctly filled rate (%) - 0.0
2019-08-30 12:31:30,497 - CAMION - CZ - MARKETBOOK - 2019-05-01 00:00:00 - ERROR - STAT - expect_column_values_to_be_in_type_list - PRIX - correctly filled rate (%) - 100.0
2019-08-30 12:31:30,497 - CAMION - CZ - MARKETBOOK - 2019-05-01 00:00:00 - ERROR - STAT - expect_column_values_to_not_be_null - PRIX - correctly filled rate (%) - 100.0
2019-08-30 12:31:30,497 - CAMION - CZ - MARKETBOOK - 2019-05-01 00:00:00 - ERROR - STAT - expect_column_values_to_not_be_null - PROVINCE - correctly filled rate (%) - 0.0
2019-08-30 12:31:30,497 - CAMION - CZ - MARKETBOOK - 2019-05-01 00:00:00 - ERROR - STAT - expect_column_values_to_not_be_null - SITE - correctly filled rate (%) - 100.0
2019-08-30 12:31:30,497 - CAMION - CZ - MARKETBOOK - 2019-05-01 00:00:00 - ERROR - STAT - expect_column_values_to_not_be_null - TELEPHONE - correctly filled rate (%) - 100.0
2019-08-30 12:31:30,497 - CAMION - CZ - MARKETBOOK - 2019-05-01 00:00:00 - ERROR - STAT - expect_column_values_to_be_phone_number - TELEPHONE - correctly filled rate (%) - 100.0
2019-08-30 12:31:30,497 - CAMION - CZ - MARKETBOOK - 2019-05-01 00:00:00 - ERROR - STAT - expect_column_values_to_not_be_null - TYPE - correctly filled rate (%) - 100.0
2019-08-30 12:31:30,498 - CAMION - CZ - MARKETBOOK - 2019-05-01 00:00:00 - ERROR - STAT - expect_column_values_to_be_in_set_2 - TYPE - observed proportion - 100.0
2019-08-30 12:31:30,498 - CAMION - CZ - MARKETBOOK - 2019-05-01 00:00:00 - ERROR - STAT - expect_column_values_to_not_be_null - VILLE - correctly filled rate (%) - 100.0
2019-08-30 12:31:30,498 - CAMION - CZ - MARKETBOOK - 2019-05-01 00:00:00 - ERROR - STAT - expect_column_values_to_not_be_null - VN_IND - correctly filled rate (%) - 0.0
2019-08-30 12:31:30,498 - CAMION - CZ - MARKETBOOK - 2019-05-01 00:00:00 - ERROR - STAT - expect_returning_row_unique_count - MARQUE_CORRECTED - total number of unique rows - 38
2019-08-30 12:31:30,498 - CAMION - CZ - MARKETBOOK - 2019-05-01 00:00:00 - ERROR - STAT - expect_returning_row_unique_count - MODELE_CORRECTED - total number of unique rows - 45
2019-08-30 12:31:30,498 - CAMION - CZ - MARKETBOOK - 2019-05-01 00:00:00 - ERROR - STAT - expect_returning_row_unique_count - CARROSSERIE - total number of unique rows - 0
2019-08-30 12:31:30,498 - CAMION - CZ - MARKETBOOK - 2019-05-01 00:00:00 - ERROR - STAT - expect_returning_row_unique_count - CARBURANT - total number of unique rows - 0
2019-08-30 12:31:30,498 - CAMION - CZ - MARKETBOOK - 2019-05-01 00:00:00 - ERROR - STAT - expect_column_values_to_not_be_null - CYLINDRE - correctly filled rate (%) - 0.0
2019-08-30 12:31:30,498 - CAMION - CZ - MARKETBOOK - 2019-05-01 00:00:00 - ERROR - STAT - expect_returning_row_unique_count - PROVINCE - total number of unique rows - 0
2019-08-30 12:31:30,498 - CAMION - CZ - MARKETBOOK - 2019-05-01 00:00:00 - ERROR - STAT - expect_returning_row_unique_count - VILLE - total number of unique rows - 3
2019-08-30 12:31:30,498 - CAMION - CZ - MARKETBOOK - 2019-05-01 00:00:00 - ERROR - STAT - expect_returning_row_unique_count - DEPARTEMENT - total number of unique rows - 1
2019-08-30 12:31:30,498 - CAMION - CZ - MARKETBOOK - 2019-05-01 00:00:00 - ERROR - STAT - expect_returning_row_count_on_conditions - DEALER_USEDCARS - total number of row with conditions - 333
2019-08-30 12:31:30,498 - CAMION - CZ - MARKETBOOK - 2019-05-01 00:00:00 - ERROR - STAT - expect_returning_row_count_on_conditions - PRIVATE_USEDCARS - total number of row with conditions - 0
2019-08-30 12:31:30,499 - CAMION - CZ - MARKETBOOK - 2019-05-01 00:00:00 - ERROR - STAT - expect_returning_row_count_on_conditions - TRUCKS - total number of row with conditions - 254
2019-08-30 12:31:30,499 - CAMION - CZ - MARKETBOOK - 2019-05-01 00:00:00 - ERROR - STAT - expect_returning_row_count_on_conditions - TRACTOR UNITS - total number of row with conditions - 29
2019-08-30 12:31:30,499 - CAMION - CZ - MARKETBOOK - 2019-05-01 00:00:00 - ERROR - STAT - expect_returning_row_count_on_conditions - TRAILERS - total number of row with conditions - 9
2019-08-30 12:31:30,499 - CAMION - CZ - MARKETBOOK - 2019-05-01 00:00:00 - ERROR - STAT - expect_returning_row_count_on_conditions - VANS - total number of row with conditions - 17
2019-08-30 12:31:30,499 - CAMION - CZ - MARKETBOOK - 2019-05-01 00:00:00 - ERROR - STAT - expect_returning_row_count_on_conditions - HEAVY EQUIPMENTS - total number of row with conditions - 10
2019-08-30 12:31:30,499 - CAMION - CZ - MARKETBOOK - 2019-05-01 00:00:00 - ERROR - STAT - expect_returning_row_count_on_conditions - SEMI TRAILERS - total number of row with conditions - 14
2019-08-30 12:31:30,499 - CAMION - CZ - MARKETBOOK - 2019-05-01 00:00:00 - ERROR - STAT - expect_returning_row_count_on_conditions - DEALER_TRUCKS - total number of row with conditions - 254
2019-08-30 12:31:30,499 - CAMION - CZ - MARKETBOOK - 2019-05-01 00:00:00 - ERROR - STAT - expect_returning_row_count_on_conditions - PRIVATE_TRUCKS - total number of row with conditions - 0
2019-08-30 12:31:30,499 - CAMION - CZ - MARKETBOOK - 2019-05-01 00:00:00 - ERROR - STAT - expect_returning_row_count_on_conditions - DEALER_TRACTOR UNITS - total number of row with conditions - 29
2019-08-30 12:31:30,499 - CAMION - CZ - MARKETBOOK - 2019-05-01 00:00:00 - ERROR - STAT - expect_returning_row_count_on_conditions - PRIVATE_TRACTOR UNITS - total number of row with conditions - 0
2019-08-30 12:31:30,499 - CAMION - CZ - MARKETBOOK - 2019-05-01 00:00:00 - ERROR - STAT - expect_returning_row_count_on_conditions - DEALER_TRAILERS - total number of row with conditions - 9
2019-08-30 12:31:30,499 - CAMION - CZ - MARKETBOOK - 2019-05-01 00:00:00 - ERROR - STAT - expect_returning_row_count_on_conditions - PRIVATE_TRAILERS - total number of row with conditions - 0
2019-08-30 12:31:30,499 - CAMION - CZ - MARKETBOOK - 2019-05-01 00:00:00 - ERROR - STAT - expect_returning_row_count_on_conditions - DEALER_VANS - total number of row with conditions - 17
2019-08-30 12:31:30,499 - CAMION - CZ - MARKETBOOK - 2019-05-01 00:00:00 - ERROR - STAT - expect_returning_row_count_on_conditions - PRIVATE_VANS - total number of row with conditions - 0
2019-08-30 12:31:30,499 - CAMION - CZ - MARKETBOOK - 2019-05-01 00:00:00 - ERROR - STAT - expect_returning_row_count_on_conditions - DEALER_HEAVY EQUIPMENTS - total number of row with conditions - 10
2019-08-30 12:31:30,500 - CAMION - CZ - MARKETBOOK - 2019-05-01 00:00:00 - ERROR - STAT - expect_returning_row_count_on_conditions - PRIVATE_HEAVY EQUIPMENTS - total number of row with conditions - 0
2019-08-30 12:31:30,500 - CAMION - CZ - MARKETBOOK - 2019-05-01 00:00:00 - ERROR - STAT - expect_returning_row_count_on_conditions - DEALER_SEMI TRAILERS - total number of row with conditions - 14
2019-08-30 12:31:30,500 - CAMION - CZ - MARKETBOOK - 2019-05-01 00:00:00 - ERROR - STAT - expect_returning_row_count_on_conditions - PRIVATE_SEMI TRAILERS - total number of row with conditions - 0
