2019-12-12 07:47:56,632 - VO - UK - USEDCARSNI - 2019-12-01 00:00:00 - ERROR - FILE_VALIDATE - expect_file_to_be_validated - EVERY_COLUMNS - False - 0
2019-12-12 07:47:56,632 - VO - UK - USEDCARSNI - 2019-12-01 00:00:00 - ERROR - STAT - expect_column_values_to_not_be_null - ADRESSE - correctly filled rate (%) - 53.36
2019-12-12 07:47:56,632 - VO - UK - USEDCARSNI - 2019-12-01 00:00:00 - ERROR - FILE_VALIDATE - expect_column_values_to_not_be_null - ADRESSE - False - 0
2019-12-12 07:47:56,633 - VO - UK - USEDCARSNI - 2019-12-01 00:00:00 - ERROR - STAT - expect_column_values_to_be_in_type_list - ANNEE - correctly filled rate (%) - 100.0
2019-12-12 07:47:56,633 - VO - UK - USEDCARSNI - 2019-12-01 00:00:00 - ERROR - FILE_VALIDATE - expect_column_values_to_be_in_type_list - ANNEE - True - 1
2019-12-12 07:47:56,633 - VO - UK - USEDCARSNI - 2019-12-01 00:00:00 - ERROR - STAT - expect_column_values_to_be_between - ANNEE - correctly filled rate (%) - 99.97
2019-12-12 07:47:56,633 - VO - UK - USEDCARSNI - 2019-12-01 00:00:00 - ERROR - STAT - expect_column_values_to_be_between - ANNEE - unexpected count - 8
2019-12-12 07:47:56,633 - VO - UK - USEDCARSNI - 2019-12-01 00:00:00 - ERROR - FILE_VALIDATE - expect_column_values_to_be_between - ANNEE - True - 1
2019-12-12 07:47:56,633 - VO - UK - USEDCARSNI - 2019-12-01 00:00:00 - ERROR - STAT - expect_column_values_to_not_be_null - ANNEE - correctly filled rate (%) - 100.0
2019-12-12 07:47:56,633 - VO - UK - USEDCARSNI - 2019-12-01 00:00:00 - ERROR - FILE_VALIDATE - expect_column_values_to_not_be_null - ANNEE - True - 1
2019-12-12 07:47:56,633 - VO - UK - USEDCARSNI - 2019-12-01 00:00:00 - ERROR - FILE_CHECK - expect_column_values_to_match_regex - ANNEE - Unexpected value: 0 on line 445, value should match regexp ^[0-9]{4}$
2019-12-12 07:47:56,633 - VO - UK - USEDCARSNI - 2019-12-01 00:00:00 - ERROR - FILE_CHECK - expect_column_values_to_match_regex - ANNEE - Unexpected value: 0 on line 1370, value should match regexp ^[0-9]{4}$
2019-12-12 07:47:56,633 - VO - UK - USEDCARSNI - 2019-12-01 00:00:00 - ERROR - FILE_CHECK - expect_column_values_to_match_regex - ANNEE - Unexpected value: 0 on line 13225, value should match regexp ^[0-9]{4}$
2019-12-12 07:47:56,633 - VO - UK - USEDCARSNI - 2019-12-01 00:00:00 - ERROR - FILE_CHECK - expect_column_values_to_match_regex - ANNEE - Unexpected value: 0 on line 14268, value should match regexp ^[0-9]{4}$
2019-12-12 07:47:56,633 - VO - UK - USEDCARSNI - 2019-12-01 00:00:00 - ERROR - STAT - expect_column_values_to_match_regex - ANNEE - correctly filled rate (%) - 99.98
2019-12-12 07:47:56,633 - VO - UK - USEDCARSNI - 2019-12-01 00:00:00 - ERROR - FILE_VALIDATE - expect_column_values_to_match_regex - ANNEE - False - 0
2019-12-12 07:47:56,633 - VO - UK - USEDCARSNI - 2019-12-01 00:00:00 - ERROR - STAT - expect_column_values_to_not_be_null - ANNONCE_LINK - correctly filled rate (%) - 100.0
2019-12-12 07:47:56,633 - VO - UK - USEDCARSNI - 2019-12-01 00:00:00 - ERROR - FILE_VALIDATE - expect_column_values_to_not_be_null - ANNONCE_LINK - True - 1
2019-12-12 07:47:56,633 - VO - UK - USEDCARSNI - 2019-12-01 00:00:00 - ERROR - STAT - expect_column_values_to_be_unique - ANNONCE_LINK - observed proportion - 100.0
2019-12-12 07:47:56,633 - VO - UK - USEDCARSNI - 2019-12-01 00:00:00 - ERROR - FILE_VALIDATE - expect_column_values_to_be_unique - ANNONCE_LINK - True - 1
2019-12-12 07:47:56,634 - VO - UK - USEDCARSNI - 2019-12-01 00:00:00 - ERROR - STAT - expect_column_values_to_not_be_null - CARBURANT - correctly filled rate (%) - 75.18
2019-12-12 07:47:56,634 - VO - UK - USEDCARSNI - 2019-12-01 00:00:00 - ERROR - FILE_VALIDATE - expect_column_values_to_not_be_null - CARBURANT - False - 0
2019-12-12 07:47:56,634 - VO - UK - USEDCARSNI - 2019-12-01 00:00:00 - ERROR - STAT - expect_column_values_to_not_be_null - CARROSSERIE - correctly filled rate (%) - 60.32
2019-12-12 07:47:56,634 - VO - UK - USEDCARSNI - 2019-12-01 00:00:00 - ERROR - FILE_VALIDATE - expect_column_values_to_not_be_null - CARROSSERIE - False - 0
2019-12-12 07:47:56,634 - VO - UK - USEDCARSNI - 2019-12-01 00:00:00 - ERROR - STAT - expect_column_values_to_not_be_null - CP - correctly filled rate (%) - 0.0
2019-12-12 07:47:56,634 - VO - UK - USEDCARSNI - 2019-12-01 00:00:00 - ERROR - FILE_VALIDATE - expect_column_values_to_not_be_null - CP - False - 0
2019-12-12 07:47:56,634 - VO - UK - USEDCARSNI - 2019-12-01 00:00:00 - ERROR - STAT - expect_column_values_to_not_be_null - GARAGE_ID - correctly filled rate (%) - 0.0
2019-12-12 07:47:56,634 - VO - UK - USEDCARSNI - 2019-12-01 00:00:00 - ERROR - FILE_VALIDATE - expect_column_values_to_not_be_null - GARAGE_ID - False - 0
2019-12-12 07:47:56,634 - VO - UK - USEDCARSNI - 2019-12-01 00:00:00 - ERROR - STAT - expect_column_values_to_not_be_null - ID_CLIENT - correctly filled rate (%) - 100.0
2019-12-12 07:47:56,634 - VO - UK - USEDCARSNI - 2019-12-01 00:00:00 - ERROR - FILE_VALIDATE - expect_column_values_to_not_be_null - ID_CLIENT - True - 1
2019-12-12 07:47:56,634 - VO - UK - USEDCARSNI - 2019-12-01 00:00:00 - ERROR - STAT - expect_column_values_to_be_unique - ID_CLIENT - observed proportion - 100.0
2019-12-12 07:47:56,634 - VO - UK - USEDCARSNI - 2019-12-01 00:00:00 - ERROR - FILE_VALIDATE - expect_column_values_to_be_unique - ID_CLIENT - True - 1
2019-12-12 07:47:56,634 - VO - UK - USEDCARSNI - 2019-12-01 00:00:00 - ERROR - STAT - expect_returning_row_count - EVERY_COLUMNS - total number of rows - 23536
2019-12-12 07:47:56,634 - VO - UK - USEDCARSNI - 2019-12-01 00:00:00 - ERROR - STAT - expect_column_values_to_not_be_null - IMMAT - correctly filled rate (%) - 100.0
2019-12-12 07:47:56,634 - VO - UK - USEDCARSNI - 2019-12-01 00:00:00 - ERROR - FILE_VALIDATE - expect_column_values_to_not_be_null - IMMAT - True - 1
2019-12-12 07:47:56,634 - VO - UK - USEDCARSNI - 2019-12-01 00:00:00 - ERROR - STAT - expect_column_values_to_be_in_type_list - KM - correctly filled rate (%) - 100.0
2019-12-12 07:47:56,634 - VO - UK - USEDCARSNI - 2019-12-01 00:00:00 - ERROR - FILE_VALIDATE - expect_column_values_to_be_in_type_list - KM - True - 1
2019-12-12 07:47:56,634 - VO - UK - USEDCARSNI - 2019-12-01 00:00:00 - ERROR - STAT - expect_column_values_to_not_be_null - KM - correctly filled rate (%) - 100.0
2019-12-12 07:47:56,635 - VO - UK - USEDCARSNI - 2019-12-01 00:00:00 - ERROR - FILE_VALIDATE - expect_column_values_to_not_be_null - KM - True - 1
2019-12-12 07:47:56,635 - VO - UK - USEDCARSNI - 2019-12-01 00:00:00 - ERROR - STAT - expect_column_values_to_be_in_type_list - LITRE - correctly filled rate (%) - 100.0
2019-12-12 07:47:56,635 - VO - UK - USEDCARSNI - 2019-12-01 00:00:00 - ERROR - FILE_VALIDATE - expect_column_values_to_be_in_type_list - LITRE - True - 1
2019-12-12 07:47:56,635 - VO - UK - USEDCARSNI - 2019-12-01 00:00:00 - ERROR - STAT - expect_column_values_to_not_be_null - LITRE - correctly filled rate (%) - 100.0
2019-12-12 07:47:56,635 - VO - UK - USEDCARSNI - 2019-12-01 00:00:00 - ERROR - FILE_VALIDATE - expect_column_values_to_not_be_null - LITRE - True - 1
2019-12-12 07:47:56,635 - VO - UK - USEDCARSNI - 2019-12-01 00:00:00 - ERROR - STAT - expect_column_values_to_not_be_null - MARQUE - correctly filled rate (%) - 100.0
2019-12-12 07:47:56,635 - VO - UK - USEDCARSNI - 2019-12-01 00:00:00 - ERROR - FILE_VALIDATE - expect_column_values_to_not_be_null - MARQUE - True - 1
2019-12-12 07:47:56,635 - VO - UK - USEDCARSNI - 2019-12-01 00:00:00 - ERROR - STAT - expect_column_values_to_not_be_null - MODELE - correctly filled rate (%) - 100.0
2019-12-12 07:47:56,635 - VO - UK - USEDCARSNI - 2019-12-01 00:00:00 - ERROR - FILE_VALIDATE - expect_column_values_to_not_be_null - MODELE - True - 1
2019-12-12 07:47:56,635 - VO - UK - USEDCARSNI - 2019-12-01 00:00:00 - ERROR - STAT - expect_column_values_to_not_be_null - MOIS - correctly filled rate (%) - 100.0
2019-12-12 07:47:56,635 - VO - UK - USEDCARSNI - 2019-12-01 00:00:00 - ERROR - FILE_VALIDATE - expect_column_values_to_not_be_null - MOIS - True - 1
2019-12-12 07:47:56,635 - VO - UK - USEDCARSNI - 2019-12-01 00:00:00 - ERROR - FILE_CHECK - expect_column_values_to_be_between - MOIS - Unexpected value: 0 on line 1, value should be between 1 and 12
2019-12-12 07:47:56,635 - VO - UK - USEDCARSNI - 2019-12-01 00:00:00 - ERROR - FILE_CHECK - expect_column_values_to_be_between - MOIS - Unexpected value: 0 on line 3, value should be between 1 and 12
2019-12-12 07:47:56,635 - VO - UK - USEDCARSNI - 2019-12-01 00:00:00 - ERROR - FILE_CHECK - expect_column_values_to_be_between - MOIS - Unexpected value: 0 on line 5, value should be between 1 and 12
2019-12-12 07:47:56,635 - VO - UK - USEDCARSNI - 2019-12-01 00:00:00 - ERROR - FILE_CHECK - expect_column_values_to_be_between - MOIS - Unexpected value: 0 on line 7, value should be between 1 and 12
2019-12-12 07:47:56,635 - VO - UK - USEDCARSNI - 2019-12-01 00:00:00 - ERROR - FILE_CHECK - expect_column_values_to_be_between - MOIS - Unexpected value: 0 on line 8, value should be between 1 and 12
2019-12-12 07:47:56,635 - VO - UK - USEDCARSNI - 2019-12-01 00:00:00 - ERROR - FILE_CHECK - expect_column_values_to_be_between - MOIS - Unexpected value: 0 on line 18, value should be between 1 and 12
2019-12-12 07:47:56,636 - VO - UK - USEDCARSNI - 2019-12-01 00:00:00 - ERROR - FILE_CHECK - expect_column_values_to_be_between - MOIS - Unexpected value: 0 on line 27, value should be between 1 and 12
2019-12-12 07:47:56,636 - VO - UK - USEDCARSNI - 2019-12-01 00:00:00 - ERROR - FILE_CHECK - expect_column_values_to_be_between - MOIS - Unexpected value: 0 on line 30, value should be between 1 and 12
2019-12-12 07:47:56,636 - VO - UK - USEDCARSNI - 2019-12-01 00:00:00 - ERROR - FILE_CHECK - expect_column_values_to_be_between - MOIS - Unexpected value: 0 on line 31, value should be between 1 and 12
2019-12-12 07:47:56,636 - VO - UK - USEDCARSNI - 2019-12-01 00:00:00 - ERROR - FILE_CHECK - expect_column_values_to_be_between - MOIS - Unexpected value: 0 on line 32, value should be between 1 and 12
2019-12-12 07:47:56,636 - VO - UK - USEDCARSNI - 2019-12-01 00:00:00 - ERROR - FILE_CHECK - expect_column_values_to_be_between - MOIS - Unexpected value: 0 on line 33, value should be between 1 and 12
2019-12-12 07:47:56,636 - VO - UK - USEDCARSNI - 2019-12-01 00:00:00 - ERROR - FILE_CHECK - expect_column_values_to_be_between - MOIS - Unexpected value: 0 on line 35, value should be between 1 and 12
2019-12-12 07:47:56,636 - VO - UK - USEDCARSNI - 2019-12-01 00:00:00 - ERROR - FILE_CHECK - expect_column_values_to_be_between - MOIS - Unexpected value: 0 on line 37, value should be between 1 and 12
2019-12-12 07:47:56,636 - VO - UK - USEDCARSNI - 2019-12-01 00:00:00 - ERROR - FILE_CHECK - expect_column_values_to_be_between - MOIS - Unexpected value: 0 on line 39, value should be between 1 and 12
2019-12-12 07:47:56,636 - VO - UK - USEDCARSNI - 2019-12-01 00:00:00 - ERROR - FILE_CHECK - expect_column_values_to_be_between - MOIS - Unexpected value: 0 on line 47, value should be between 1 and 12
2019-12-12 07:47:56,636 - VO - UK - USEDCARSNI - 2019-12-01 00:00:00 - ERROR - FILE_CHECK - expect_column_values_to_be_between - MOIS - Unexpected value: 0 on line 51, value should be between 1 and 12
2019-12-12 07:47:56,636 - VO - UK - USEDCARSNI - 2019-12-01 00:00:00 - ERROR - FILE_CHECK - expect_column_values_to_be_between - MOIS - Unexpected value: 0 on line 60, value should be between 1 and 12
2019-12-12 07:47:56,636 - VO - UK - USEDCARSNI - 2019-12-01 00:00:00 - ERROR - FILE_CHECK - expect_column_values_to_be_between - MOIS - Unexpected value: 0 on line 66, value should be between 1 and 12
2019-12-12 07:47:56,636 - VO - UK - USEDCARSNI - 2019-12-01 00:00:00 - ERROR - FILE_CHECK - expect_column_values_to_be_between - MOIS - Unexpected value: 0 on line 69, value should be between 1 and 12
2019-12-12 07:47:56,636 - VO - UK - USEDCARSNI - 2019-12-01 00:00:00 - ERROR - FILE_CHECK - expect_column_values_to_be_between - MOIS - Unexpected value: 0 on line 76, value should be between 1 and 12
2019-12-12 07:47:56,636 - VO - UK - USEDCARSNI - 2019-12-01 00:00:00 - ERROR - STAT - expect_column_values_to_be_between - MOIS - correctly filled rate (%) - 46.55
2019-12-12 07:47:56,636 - VO - UK - USEDCARSNI - 2019-12-01 00:00:00 - ERROR - STAT - expect_column_values_to_be_between - MOIS - unexpected count - 12579
2019-12-12 07:47:56,636 - VO - UK - USEDCARSNI - 2019-12-01 00:00:00 - ERROR - FILE_VALIDATE - expect_column_values_to_be_between - MOIS - False - 0
2019-12-12 07:47:56,636 - VO - UK - USEDCARSNI - 2019-12-01 00:00:00 - ERROR - STAT - expect_column_values_to_match_regex - MOIS - correctly filled rate (%) - 100.0
2019-12-12 07:47:56,637 - VO - UK - USEDCARSNI - 2019-12-01 00:00:00 - ERROR - FILE_VALIDATE - expect_column_values_to_match_regex - MOIS - True - 1
2019-12-12 07:47:56,637 - VO - UK - USEDCARSNI - 2019-12-01 00:00:00 - ERROR - STAT - expect_column_values_to_not_be_null - NOM - correctly filled rate (%) - 100.0
2019-12-12 07:47:56,637 - VO - UK - USEDCARSNI - 2019-12-01 00:00:00 - ERROR - FILE_VALIDATE - expect_column_values_to_not_be_null - NOM - True - 1
2019-12-12 07:47:56,637 - VO - UK - USEDCARSNI - 2019-12-01 00:00:00 - ERROR - FILE_CHECK - expect_column_value_lengths_to_be_between - NOM - Unexpected characters count of: [BMW X3...] on line  20447, value length should be between 10 and 255
2019-12-12 07:47:56,637 - VO - UK - USEDCARSNI - 2019-12-01 00:00:00 - ERROR - STAT - expect_column_value_lengths_to_be_between - NOM - correctly filled rate (%) - 100.0
2019-12-12 07:47:56,637 - VO - UK - USEDCARSNI - 2019-12-01 00:00:00 - ERROR - FILE_VALIDATE - expect_column_value_lengths_to_be_between - NOM - False - 0
2019-12-12 07:47:56,637 - VO - UK - USEDCARSNI - 2019-12-01 00:00:00 - ERROR - STAT - expect_column_values_to_not_be_null - OPTIONS - correctly filled rate (%) - 44.25
2019-12-12 07:47:56,637 - VO - UK - USEDCARSNI - 2019-12-01 00:00:00 - ERROR - FILE_VALIDATE - expect_column_values_to_not_be_null - OPTIONS - False - 0
2019-12-12 07:47:56,637 - VO - UK - USEDCARSNI - 2019-12-01 00:00:00 - ERROR - FILE_CHECK - expect_column_value_lengths_to_be_between - OPTIONS - Unexpected characters count of: [20005 15/06/09 Audi ...] on line  3, value length should be between 0 and 255
2019-12-12 07:47:56,637 - VO - UK - USEDCARSNI - 2019-12-01 00:00:00 - ERROR - FILE_CHECK - expect_column_value_lengths_to_be_between - OPTIONS - Unexpected characters count of: [2015 Audi A4 2.0 TDi...] on line  7, value length should be between 0 and 255
2019-12-12 07:47:56,637 - VO - UK - USEDCARSNI - 2019-12-01 00:00:00 - ERROR - FILE_CHECK - expect_column_value_lengths_to_be_between - OPTIONS - Unexpected characters count of: [MOT - 23/08/2020Auto...] on line  8, value length should be between 0 and 255
2019-12-12 07:47:56,637 - VO - UK - USEDCARSNI - 2019-12-01 00:00:00 - ERROR - FILE_CHECK - expect_column_value_lengths_to_be_between - OPTIONS - Unexpected characters count of: [Vehicle has just arr...] on line  25, value length should be between 0 and 255
2019-12-12 07:47:56,637 - VO - UK - USEDCARSNI - 2019-12-01 00:00:00 - ERROR - FILE_CHECK - expect_column_value_lengths_to_be_between - OPTIONS - Unexpected characters count of: [Reduced in price, WA...] on line  28, value length should be between 0 and 255
2019-12-12 07:47:56,637 - VO - UK - USEDCARSNI - 2019-12-01 00:00:00 - ERROR - FILE_CHECK - expect_column_value_lengths_to_be_between - OPTIONS - Unexpected characters count of: [*FRONT &amp; REAR PA...] on line  29, value length should be between 0 and 255
2019-12-12 07:47:56,637 - VO - UK - USEDCARSNI - 2019-12-01 00:00:00 - ERROR - FILE_CHECK - expect_column_value_lengths_to_be_between - OPTIONS - Unexpected characters count of: [THIS SHOGUN COMES WI...] on line  31, value length should be between 0 and 255
2019-12-12 07:47:56,638 - VO - UK - USEDCARSNI - 2019-12-01 00:00:00 - ERROR - FILE_CHECK - expect_column_value_lengths_to_be_between - OPTIONS - Unexpected characters count of: [Just into stock curr...] on line  34, value length should be between 0 and 255
2019-12-12 07:47:56,638 - VO - UK - USEDCARSNI - 2019-12-01 00:00:00 - ERROR - FILE_CHECK - expect_column_value_lengths_to_be_between - OPTIONS - Unexpected characters count of: [JUNE 2012 AUDI A5 2....] on line  42, value length should be between 0 and 255
2019-12-12 07:47:56,638 - VO - UK - USEDCARSNI - 2019-12-01 00:00:00 - ERROR - FILE_CHECK - expect_column_value_lengths_to_be_between - OPTIONS - Unexpected characters count of: [1998 Land Rover Rang...] on line  43, value length should be between 0 and 255
2019-12-12 07:47:56,638 - VO - UK - USEDCARSNI - 2019-12-01 00:00:00 - ERROR - FILE_CHECK - expect_column_value_lengths_to_be_between - OPTIONS - Unexpected characters count of: [A Fantastic Example ...] on line  45, value length should be between 0 and 255
2019-12-12 07:47:56,638 - VO - UK - USEDCARSNI - 2019-12-01 00:00:00 - ERROR - FILE_CHECK - expect_column_value_lengths_to_be_between - OPTIONS - Unexpected characters count of: [2009 Mercedes C220 C...] on line  55, value length should be between 0 and 255
2019-12-12 07:47:56,638 - VO - UK - USEDCARSNI - 2019-12-01 00:00:00 - ERROR - FILE_CHECK - expect_column_value_lengths_to_be_between - OPTIONS - Unexpected characters count of: [Trade in to clear.Co...] on line  56, value length should be between 0 and 255
2019-12-12 07:47:56,638 - VO - UK - USEDCARSNI - 2019-12-01 00:00:00 - ERROR - FILE_CHECK - expect_column_value_lengths_to_be_between - OPTIONS - Unexpected characters count of: [At CarNET Car Sales ...] on line  60, value length should be between 0 and 255
2019-12-12 07:47:56,638 - VO - UK - USEDCARSNI - 2019-12-01 00:00:00 - ERROR - FILE_CHECK - expect_column_value_lengths_to_be_between - OPTIONS - Unexpected characters count of: [MARCH 2013, STAMPED ...] on line  62, value length should be between 0 and 255
2019-12-12 07:47:56,638 - VO - UK - USEDCARSNI - 2019-12-01 00:00:00 - ERROR - FILE_CHECK - expect_column_value_lengths_to_be_between - OPTIONS - Unexpected characters count of: [FIRST REG 16/02/2005...] on line  64, value length should be between 0 and 255
2019-12-12 07:47:56,638 - VO - UK - USEDCARSNI - 2019-12-01 00:00:00 - ERROR - FILE_CHECK - expect_column_value_lengths_to_be_between - OPTIONS - Unexpected characters count of: [FCA APPROVED THREW I...] on line  66, value length should be between 0 and 255
2019-12-12 07:47:56,638 - VO - UK - USEDCARSNI - 2019-12-01 00:00:00 - ERROR - FILE_CHECK - expect_column_value_lengths_to_be_between - OPTIONS - Unexpected characters count of: [(FREE DELIVERY ANYWH...] on line  68, value length should be between 0 and 255
2019-12-12 07:47:56,638 - VO - UK - USEDCARSNI - 2019-12-01 00:00:00 - ERROR - FILE_CHECK - expect_column_value_lengths_to_be_between - OPTIONS - Unexpected characters count of: [THIS IS A STUNNING E...] on line  70, value length should be between 0 and 255
2019-12-12 07:47:56,638 - VO - UK - USEDCARSNI - 2019-12-01 00:00:00 - ERROR - FILE_CHECK - expect_column_value_lengths_to_be_between - OPTIONS - Unexpected characters count of: [April 2009 Volvo XC6...] on line  73, value length should be between 0 and 255
2019-12-12 07:47:56,638 - VO - UK - USEDCARSNI - 2019-12-01 00:00:00 - ERROR - STAT - expect_column_value_lengths_to_be_between - OPTIONS - correctly filled rate (%) - 47.66
2019-12-12 07:47:56,639 - VO - UK - USEDCARSNI - 2019-12-01 00:00:00 - ERROR - FILE_VALIDATE - expect_column_value_lengths_to_be_between - OPTIONS - False - 0
2019-12-12 07:47:56,639 - VO - UK - USEDCARSNI - 2019-12-01 00:00:00 - ERROR - STAT - expect_column_values_to_be_in_type_list - PHOTO - correctly filled rate (%) - 100.0
2019-12-12 07:47:56,639 - VO - UK - USEDCARSNI - 2019-12-01 00:00:00 - ERROR - FILE_VALIDATE - expect_column_values_to_be_in_type_list - PHOTO - True - 1
2019-12-12 07:47:56,639 - VO - UK - USEDCARSNI - 2019-12-01 00:00:00 - ERROR - STAT - expect_column_values_to_not_be_null - PHOTO - correctly filled rate (%) - 100.0
2019-12-12 07:47:56,639 - VO - UK - USEDCARSNI - 2019-12-01 00:00:00 - ERROR - FILE_VALIDATE - expect_column_values_to_not_be_null - PHOTO - True - 1
2019-12-12 07:47:56,639 - VO - UK - USEDCARSNI - 2019-12-01 00:00:00 - ERROR - STAT - expect_column_values_to_not_be_null - PLACE - correctly filled rate (%) - 0.0
2019-12-12 07:47:56,639 - VO - UK - USEDCARSNI - 2019-12-01 00:00:00 - ERROR - FILE_VALIDATE - expect_column_values_to_not_be_null - PLACE - False - 0
2019-12-12 07:47:56,639 - VO - UK - USEDCARSNI - 2019-12-01 00:00:00 - ERROR - STAT - expect_column_values_to_not_be_null - PORTE - correctly filled rate (%) - 0.0
2019-12-12 07:47:56,639 - VO - UK - USEDCARSNI - 2019-12-01 00:00:00 - ERROR - FILE_VALIDATE - expect_column_values_to_not_be_null - PORTE - False - 0
2019-12-12 07:47:56,639 - VO - UK - USEDCARSNI - 2019-12-01 00:00:00 - ERROR - STAT - expect_column_values_to_be_in_type_list - PRIX - correctly filled rate (%) - 100.0
2019-12-12 07:47:56,639 - VO - UK - USEDCARSNI - 2019-12-01 00:00:00 - ERROR - FILE_VALIDATE - expect_column_values_to_be_in_type_list - PRIX - True - 1
2019-12-12 07:47:56,639 - VO - UK - USEDCARSNI - 2019-12-01 00:00:00 - ERROR - STAT - expect_column_values_to_not_be_null - PRIX - correctly filled rate (%) - 100.0
2019-12-12 07:47:56,639 - VO - UK - USEDCARSNI - 2019-12-01 00:00:00 - ERROR - FILE_VALIDATE - expect_column_values_to_not_be_null - PRIX - True - 1
2019-12-12 07:47:56,639 - VO - UK - USEDCARSNI - 2019-12-01 00:00:00 - ERROR - STAT - expect_column_values_to_not_be_null - PROVINCE - correctly filled rate (%) - 0.0
2019-12-12 07:47:56,639 - VO - UK - USEDCARSNI - 2019-12-01 00:00:00 - ERROR - FILE_VALIDATE - expect_column_values_to_not_be_null - PROVINCE - False - 0
2019-12-12 07:47:56,639 - VO - UK - USEDCARSNI - 2019-12-01 00:00:00 - ERROR - STAT - expect_column_values_to_not_be_null - SITE - correctly filled rate (%) - 100.0
2019-12-12 07:47:56,639 - VO - UK - USEDCARSNI - 2019-12-01 00:00:00 - ERROR - FILE_VALIDATE - expect_column_values_to_not_be_null - SITE - True - 1
2019-12-12 07:47:56,640 - VO - UK - USEDCARSNI - 2019-12-01 00:00:00 - ERROR - STAT - expect_column_values_to_not_be_null - TELEPHONE - correctly filled rate (%) - 54.78
2019-12-12 07:47:56,640 - VO - UK - USEDCARSNI - 2019-12-01 00:00:00 - ERROR - FILE_VALIDATE - expect_column_values_to_not_be_null - TELEPHONE - False - 0
2019-12-12 07:47:56,640 - VO - UK - USEDCARSNI - 2019-12-01 00:00:00 - ERROR - STAT - expect_column_values_to_be_phone_number - TELEPHONE - correctly filled rate (%) - 100.0
2019-12-12 07:47:56,640 - VO - UK - USEDCARSNI - 2019-12-01 00:00:00 - ERROR - FILE_VALIDATE - expect_column_values_to_be_phone_number - TELEPHONE - True - 1
2019-12-12 07:47:56,640 - VO - UK - USEDCARSNI - 2019-12-01 00:00:00 - ERROR - STAT - expect_column_values_to_not_be_null - TYPE - correctly filled rate (%) - 60.91
2019-12-12 07:47:56,640 - VO - UK - USEDCARSNI - 2019-12-01 00:00:00 - ERROR - FILE_VALIDATE - expect_column_values_to_not_be_null - TYPE - False - 0
2019-12-12 07:47:56,640 - VO - UK - USEDCARSNI - 2019-12-01 00:00:00 - ERROR - STAT - expect_column_values_to_be_in_set_2 - TYPE - observed proportion - 100.0
2019-12-12 07:47:56,640 - VO - UK - USEDCARSNI - 2019-12-01 00:00:00 - ERROR - STAT - expect_column_values_to_not_be_null - VILLE - correctly filled rate (%) - 60.91
2019-12-12 07:47:56,640 - VO - UK - USEDCARSNI - 2019-12-01 00:00:00 - ERROR - FILE_VALIDATE - expect_column_values_to_not_be_null - VILLE - False - 0
2019-12-12 07:47:56,640 - VO - UK - USEDCARSNI - 2019-12-01 00:00:00 - ERROR - STAT - expect_column_values_to_not_be_null - VN_IND - correctly filled rate (%) - 0.0
2019-12-12 07:47:56,640 - VO - UK - USEDCARSNI - 2019-12-01 00:00:00 - ERROR - FILE_VALIDATE - expect_column_values_to_not_be_null - VN_IND - False - 0
2019-12-12 07:47:56,640 - VO - UK - USEDCARSNI - 2019-12-01 00:00:00 - ERROR - STAT - expect_returning_row_count_on_conditions - DEALER_USEDCARS - total number of row with conditions - 14335
2019-12-12 07:47:56,640 - VO - UK - USEDCARSNI - 2019-12-01 00:00:00 - ERROR - STAT - expect_returning_row_count_on_conditions - PRIVATE_USEDCARS - total number of row with conditions - 0
2019-12-12 07:47:56,640 - VO - UK - USEDCARSNI - 2019-12-01 00:00:00 - ERROR - STAT - expect_returning_row_unique_count - MARQUE_CORRECTED - total number of unique rows - 55
2019-12-12 07:47:56,640 - VO - UK - USEDCARSNI - 2019-12-01 00:00:00 - ERROR - STAT - expect_returning_row_unique_count - MODELE_CORRECTED - total number of unique rows - 476
2019-12-12 07:47:56,640 - VO - UK - USEDCARSNI - 2019-12-01 00:00:00 - ERROR - STAT - expect_returning_row_unique_count - CARROSSERIE - total number of unique rows - 24
2019-12-12 07:47:56,641 - VO - UK - USEDCARSNI - 2019-12-01 00:00:00 - ERROR - STAT - expect_returning_row_unique_count - CARBURANT - total number of unique rows - 19
2019-12-12 07:47:56,641 - VO - UK - USEDCARSNI - 2019-12-01 00:00:00 - ERROR - STAT - expect_column_values_to_not_be_null - CYLINDRE - correctly filled rate (%) - 59.7
2019-12-12 07:47:56,641 - VO - UK - USEDCARSNI - 2019-12-01 00:00:00 - ERROR - FILE_VALIDATE - expect_column_values_to_not_be_null - CYLINDRE - False - 0
2019-12-12 07:47:56,641 - VO - UK - USEDCARSNI - 2019-12-01 00:00:00 - ERROR - FILE_CHECK - expect_column_values_to_be_in_type_list - CYLINDRE - Wrong type for value: 12.0 on line 0 should be in ['int']
2019-12-12 07:47:56,641 - VO - UK - USEDCARSNI - 2019-12-01 00:00:00 - ERROR - FILE_CHECK - expect_column_values_to_be_in_type_list - CYLINDRE - Wrong type for value: 11.0 on line 1 should be in ['int']
2019-12-12 07:47:56,641 - VO - UK - USEDCARSNI - 2019-12-01 00:00:00 - ERROR - FILE_CHECK - expect_column_values_to_be_in_type_list - CYLINDRE - Wrong type for value: 16.0 on line 2 should be in ['int']
2019-12-12 07:47:56,641 - VO - UK - USEDCARSNI - 2019-12-01 00:00:00 - ERROR - FILE_CHECK - expect_column_values_to_be_in_type_list - CYLINDRE - Wrong type for value: 42.0 on line 3 should be in ['int']
2019-12-12 07:47:56,641 - VO - UK - USEDCARSNI - 2019-12-01 00:00:00 - ERROR - FILE_CHECK - expect_column_values_to_be_in_type_list - CYLINDRE - Wrong type for value: 20.0 on line 4 should be in ['int']
2019-12-12 07:47:56,641 - VO - UK - USEDCARSNI - 2019-12-01 00:00:00 - ERROR - FILE_CHECK - expect_column_values_to_be_in_type_list - CYLINDRE - Wrong type for value: 10.0 on line 5 should be in ['int']
2019-12-12 07:47:56,641 - VO - UK - USEDCARSNI - 2019-12-01 00:00:00 - ERROR - FILE_CHECK - expect_column_values_to_be_in_type_list - CYLINDRE - Wrong type for value: 20.0 on line 6 should be in ['int']
2019-12-12 07:47:56,641 - VO - UK - USEDCARSNI - 2019-12-01 00:00:00 - ERROR - FILE_CHECK - expect_column_values_to_be_in_type_list - CYLINDRE - Wrong type for value: 20.0 on line 7 should be in ['int']
2019-12-12 07:47:56,641 - VO - UK - USEDCARSNI - 2019-12-01 00:00:00 - ERROR - FILE_CHECK - expect_column_values_to_be_in_type_list - CYLINDRE - Wrong type for value: 55.0 on line 8 should be in ['int']
2019-12-12 07:47:56,641 - VO - UK - USEDCARSNI - 2019-12-01 00:00:00 - ERROR - FILE_CHECK - expect_column_values_to_be_in_type_list - CYLINDRE - Wrong type for value: 22.0 on line 9 should be in ['int']
2019-12-12 07:47:56,641 - VO - UK - USEDCARSNI - 2019-12-01 00:00:00 - ERROR - FILE_CHECK - expect_column_values_to_be_in_type_list - CYLINDRE - Wrong type for value: 20.0 on line 10 should be in ['int']
2019-12-12 07:47:56,641 - VO - UK - USEDCARSNI - 2019-12-01 00:00:00 - ERROR - FILE_CHECK - expect_column_values_to_be_in_type_list - CYLINDRE - Wrong type for value: 16.0 on line 11 should be in ['int']
2019-12-12 07:47:56,641 - VO - UK - USEDCARSNI - 2019-12-01 00:00:00 - ERROR - FILE_CHECK - expect_column_values_to_be_in_type_list - CYLINDRE - Wrong type for value: 12.0 on line 12 should be in ['int']
2019-12-12 07:47:56,641 - VO - UK - USEDCARSNI - 2019-12-01 00:00:00 - ERROR - FILE_CHECK - expect_column_values_to_be_in_type_list - CYLINDRE - Wrong type for value: 16.0 on line 13 should be in ['int']
2019-12-12 07:47:56,642 - VO - UK - USEDCARSNI - 2019-12-01 00:00:00 - ERROR - FILE_CHECK - expect_column_values_to_be_in_type_list - CYLINDRE - Wrong type for value: 16.0 on line 14 should be in ['int']
2019-12-12 07:47:56,642 - VO - UK - USEDCARSNI - 2019-12-01 00:00:00 - ERROR - FILE_CHECK - expect_column_values_to_be_in_type_list - CYLINDRE - Wrong type for value: 16.0 on line 15 should be in ['int']
2019-12-12 07:47:56,642 - VO - UK - USEDCARSNI - 2019-12-01 00:00:00 - ERROR - FILE_CHECK - expect_column_values_to_be_in_type_list - CYLINDRE - Wrong type for value: 14.0 on line 16 should be in ['int']
2019-12-12 07:47:56,642 - VO - UK - USEDCARSNI - 2019-12-01 00:00:00 - ERROR - FILE_CHECK - expect_column_values_to_be_in_type_list - CYLINDRE - Wrong type for value: 15.0 on line 17 should be in ['int']
2019-12-12 07:47:56,642 - VO - UK - USEDCARSNI - 2019-12-01 00:00:00 - ERROR - FILE_CHECK - expect_column_values_to_be_in_type_list - CYLINDRE - Wrong type for value: 11.0 on line 19 should be in ['int']
2019-12-12 07:47:56,642 - VO - UK - USEDCARSNI - 2019-12-01 00:00:00 - ERROR - FILE_CHECK - expect_column_values_to_be_in_type_list - CYLINDRE - Wrong type for value: 16.0 on line 20 should be in ['int']
2019-12-12 07:47:56,642 - VO - UK - USEDCARSNI - 2019-12-01 00:00:00 - ERROR - STAT - expect_column_values_to_be_in_type_list - CYLINDRE - correctly filled rate (%) - 0.0
2019-12-12 07:47:56,642 - VO - UK - USEDCARSNI - 2019-12-01 00:00:00 - ERROR - FILE_VALIDATE - expect_column_values_to_be_in_type_list - CYLINDRE - False - 0
2019-12-12 07:47:56,642 - VO - UK - USEDCARSNI - 2019-12-01 00:00:00 - ERROR - STAT - expect_returning_row_unique_count - PROVINCE - total number of unique rows - 0
2019-12-12 07:47:56,642 - VO - UK - USEDCARSNI - 2019-12-01 00:00:00 - ERROR - STAT - expect_returning_row_unique_count - VILLE - total number of unique rows - 204
2019-12-12 07:47:56,642 - VO - UK - USEDCARSNI - 2019-12-01 00:00:00 - ERROR - STAT - expect_returning_row_unique_count - DEPARTEMENT - total number of unique rows - 0
