2019-11-22 12:21:10,365 - CAMION - BE - TRUCKSNL - 2019-11-01 00:00:00 - ERROR - FILE_VALIDATE - expect_file_to_be_validated - EVERY_COLUMNS - False - 0
2019-11-22 12:21:10,365 - CAMION - BE - TRUCKSNL - 2019-11-01 00:00:00 - ERROR - STAT - expect_column_values_to_not_be_null - ADRESSE - correctly filled rate (%) - 98.41
2019-11-22 12:21:10,365 - CAMION - BE - TRUCKSNL - 2019-11-01 00:00:00 - ERROR - FILE_VALIDATE - expect_column_values_to_not_be_null - ADRESSE - True - 1
2019-11-22 12:21:10,365 - CAMION - BE - TRUCKSNL - 2019-11-01 00:00:00 - ERROR - STAT - expect_column_values_to_be_in_type_list - ANNEE - correctly filled rate (%) - 100.0
2019-11-22 12:21:10,366 - CAMION - BE - TRUCKSNL - 2019-11-01 00:00:00 - ERROR - FILE_VALIDATE - expect_column_values_to_be_in_type_list - ANNEE - True - 1
2019-11-22 12:21:10,366 - CAMION - BE - TRUCKSNL - 2019-11-01 00:00:00 - ERROR - FILE_CHECK - expect_column_values_to_be_between - ANNEE - Unexpected value: 0 on line 7, value should be between 1980 and 2019
2019-11-22 12:21:10,366 - CAMION - BE - TRUCKSNL - 2019-11-01 00:00:00 - ERROR - FILE_CHECK - expect_column_values_to_be_between - ANNEE - Unexpected value: 0 on line 9, value should be between 1980 and 2019
2019-11-22 12:21:10,366 - CAMION - BE - TRUCKSNL - 2019-11-01 00:00:00 - ERROR - FILE_CHECK - expect_column_values_to_be_between - ANNEE - Unexpected value: 0 on line 10, value should be between 1980 and 2019
2019-11-22 12:21:10,366 - CAMION - BE - TRUCKSNL - 2019-11-01 00:00:00 - ERROR - FILE_CHECK - expect_column_values_to_be_between - ANNEE - Unexpected value: 0 on line 26, value should be between 1980 and 2019
2019-11-22 12:21:10,366 - CAMION - BE - TRUCKSNL - 2019-11-01 00:00:00 - ERROR - FILE_CHECK - expect_column_values_to_be_between - ANNEE - Unexpected value: 1977 on line 29, value should be between 1980 and 2019
2019-11-22 12:21:10,366 - CAMION - BE - TRUCKSNL - 2019-11-01 00:00:00 - ERROR - FILE_CHECK - expect_column_values_to_be_between - ANNEE - Unexpected value: 1978 on line 52, value should be between 1980 and 2019
2019-11-22 12:21:10,366 - CAMION - BE - TRUCKSNL - 2019-11-01 00:00:00 - ERROR - FILE_CHECK - expect_column_values_to_be_between - ANNEE - Unexpected value: 0 on line 54, value should be between 1980 and 2019
2019-11-22 12:21:10,366 - CAMION - BE - TRUCKSNL - 2019-11-01 00:00:00 - ERROR - FILE_CHECK - expect_column_values_to_be_between - ANNEE - Unexpected value: 1973 on line 68, value should be between 1980 and 2019
2019-11-22 12:21:10,366 - CAMION - BE - TRUCKSNL - 2019-11-01 00:00:00 - ERROR - FILE_CHECK - expect_column_values_to_be_between - ANNEE - Unexpected value: 0 on line 105, value should be between 1980 and 2019
2019-11-22 12:21:10,366 - CAMION - BE - TRUCKSNL - 2019-11-01 00:00:00 - ERROR - FILE_CHECK - expect_column_values_to_be_between - ANNEE - Unexpected value: 0 on line 117, value should be between 1980 and 2019
2019-11-22 12:21:10,366 - CAMION - BE - TRUCKSNL - 2019-11-01 00:00:00 - ERROR - FILE_CHECK - expect_column_values_to_be_between - ANNEE - Unexpected value: 1978 on line 130, value should be between 1980 and 2019
2019-11-22 12:21:10,366 - CAMION - BE - TRUCKSNL - 2019-11-01 00:00:00 - ERROR - FILE_CHECK - expect_column_values_to_be_between - ANNEE - Unexpected value: 1977 on line 143, value should be between 1980 and 2019
2019-11-22 12:21:10,367 - CAMION - BE - TRUCKSNL - 2019-11-01 00:00:00 - ERROR - FILE_CHECK - expect_column_values_to_be_between - ANNEE - Unexpected value: 1964 on line 163, value should be between 1980 and 2019
2019-11-22 12:21:10,367 - CAMION - BE - TRUCKSNL - 2019-11-01 00:00:00 - ERROR - FILE_CHECK - expect_column_values_to_be_between - ANNEE - Unexpected value: 0 on line 174, value should be between 1980 and 2019
2019-11-22 12:21:10,367 - CAMION - BE - TRUCKSNL - 2019-11-01 00:00:00 - ERROR - FILE_CHECK - expect_column_values_to_be_between - ANNEE - Unexpected value: 1960 on line 186, value should be between 1980 and 2019
2019-11-22 12:21:10,367 - CAMION - BE - TRUCKSNL - 2019-11-01 00:00:00 - ERROR - FILE_CHECK - expect_column_values_to_be_between - ANNEE - Unexpected value: 0 on line 191, value should be between 1980 and 2019
2019-11-22 12:21:10,367 - CAMION - BE - TRUCKSNL - 2019-11-01 00:00:00 - ERROR - FILE_CHECK - expect_column_values_to_be_between - ANNEE - Unexpected value: 0 on line 195, value should be between 1980 and 2019
2019-11-22 12:21:10,367 - CAMION - BE - TRUCKSNL - 2019-11-01 00:00:00 - ERROR - FILE_CHECK - expect_column_values_to_be_between - ANNEE - Unexpected value: 0 on line 213, value should be between 1980 and 2019
2019-11-22 12:21:10,367 - CAMION - BE - TRUCKSNL - 2019-11-01 00:00:00 - ERROR - FILE_CHECK - expect_column_values_to_be_between - ANNEE - Unexpected value: 0 on line 228, value should be between 1980 and 2019
2019-11-22 12:21:10,367 - CAMION - BE - TRUCKSNL - 2019-11-01 00:00:00 - ERROR - FILE_CHECK - expect_column_values_to_be_between - ANNEE - Unexpected value: 1974 on line 232, value should be between 1980 and 2019
2019-11-22 12:21:10,367 - CAMION - BE - TRUCKSNL - 2019-11-01 00:00:00 - ERROR - STAT - expect_column_values_to_be_between - ANNEE - correctly filled rate (%) - 89.29
2019-11-22 12:21:10,367 - CAMION - BE - TRUCKSNL - 2019-11-01 00:00:00 - ERROR - STAT - expect_column_values_to_be_between - ANNEE - unexpected count - 641
2019-11-22 12:21:10,367 - CAMION - BE - TRUCKSNL - 2019-11-01 00:00:00 - ERROR - FILE_VALIDATE - expect_column_values_to_be_between - ANNEE - False - 0
2019-11-22 12:21:10,367 - CAMION - BE - TRUCKSNL - 2019-11-01 00:00:00 - ERROR - STAT - expect_column_values_to_not_be_null - ANNEE - correctly filled rate (%) - 100.0
2019-11-22 12:21:10,367 - CAMION - BE - TRUCKSNL - 2019-11-01 00:00:00 - ERROR - FILE_VALIDATE - expect_column_values_to_not_be_null - ANNEE - True - 1
2019-11-22 12:21:10,367 - CAMION - BE - TRUCKSNL - 2019-11-01 00:00:00 - ERROR - FILE_CHECK - expect_column_values_to_match_regex - ANNEE - Unexpected value: 0 on line 7, value should match regexp ^[0-9]{4}$
2019-11-22 12:21:10,368 - CAMION - BE - TRUCKSNL - 2019-11-01 00:00:00 - ERROR - FILE_CHECK - expect_column_values_to_match_regex - ANNEE - Unexpected value: 0 on line 9, value should match regexp ^[0-9]{4}$
2019-11-22 12:21:10,368 - CAMION - BE - TRUCKSNL - 2019-11-01 00:00:00 - ERROR - FILE_CHECK - expect_column_values_to_match_regex - ANNEE - Unexpected value: 0 on line 10, value should match regexp ^[0-9]{4}$
2019-11-22 12:21:10,368 - CAMION - BE - TRUCKSNL - 2019-11-01 00:00:00 - ERROR - FILE_CHECK - expect_column_values_to_match_regex - ANNEE - Unexpected value: 0 on line 26, value should match regexp ^[0-9]{4}$
2019-11-22 12:21:10,368 - CAMION - BE - TRUCKSNL - 2019-11-01 00:00:00 - ERROR - FILE_CHECK - expect_column_values_to_match_regex - ANNEE - Unexpected value: 0 on line 54, value should match regexp ^[0-9]{4}$
2019-11-22 12:21:10,368 - CAMION - BE - TRUCKSNL - 2019-11-01 00:00:00 - ERROR - FILE_CHECK - expect_column_values_to_match_regex - ANNEE - Unexpected value: 0 on line 105, value should match regexp ^[0-9]{4}$
2019-11-22 12:21:10,368 - CAMION - BE - TRUCKSNL - 2019-11-01 00:00:00 - ERROR - FILE_CHECK - expect_column_values_to_match_regex - ANNEE - Unexpected value: 0 on line 117, value should match regexp ^[0-9]{4}$
2019-11-22 12:21:10,368 - CAMION - BE - TRUCKSNL - 2019-11-01 00:00:00 - ERROR - FILE_CHECK - expect_column_values_to_match_regex - ANNEE - Unexpected value: 0 on line 174, value should match regexp ^[0-9]{4}$
2019-11-22 12:21:10,368 - CAMION - BE - TRUCKSNL - 2019-11-01 00:00:00 - ERROR - FILE_CHECK - expect_column_values_to_match_regex - ANNEE - Unexpected value: 0 on line 191, value should match regexp ^[0-9]{4}$
2019-11-22 12:21:10,368 - CAMION - BE - TRUCKSNL - 2019-11-01 00:00:00 - ERROR - FILE_CHECK - expect_column_values_to_match_regex - ANNEE - Unexpected value: 0 on line 195, value should match regexp ^[0-9]{4}$
2019-11-22 12:21:10,368 - CAMION - BE - TRUCKSNL - 2019-11-01 00:00:00 - ERROR - FILE_CHECK - expect_column_values_to_match_regex - ANNEE - Unexpected value: 0 on line 213, value should match regexp ^[0-9]{4}$
2019-11-22 12:21:10,368 - CAMION - BE - TRUCKSNL - 2019-11-01 00:00:00 - ERROR - FILE_CHECK - expect_column_values_to_match_regex - ANNEE - Unexpected value: 0 on line 228, value should match regexp ^[0-9]{4}$
2019-11-22 12:21:10,368 - CAMION - BE - TRUCKSNL - 2019-11-01 00:00:00 - ERROR - FILE_CHECK - expect_column_values_to_match_regex - ANNEE - Unexpected value: 0 on line 264, value should match regexp ^[0-9]{4}$
2019-11-22 12:21:10,368 - CAMION - BE - TRUCKSNL - 2019-11-01 00:00:00 - ERROR - FILE_CHECK - expect_column_values_to_match_regex - ANNEE - Unexpected value: 0 on line 269, value should match regexp ^[0-9]{4}$
2019-11-22 12:21:10,369 - CAMION - BE - TRUCKSNL - 2019-11-01 00:00:00 - ERROR - FILE_CHECK - expect_column_values_to_match_regex - ANNEE - Unexpected value: 0 on line 281, value should match regexp ^[0-9]{4}$
2019-11-22 12:21:10,369 - CAMION - BE - TRUCKSNL - 2019-11-01 00:00:00 - ERROR - FILE_CHECK - expect_column_values_to_match_regex - ANNEE - Unexpected value: 0 on line 299, value should match regexp ^[0-9]{4}$
2019-11-22 12:21:10,369 - CAMION - BE - TRUCKSNL - 2019-11-01 00:00:00 - ERROR - FILE_CHECK - expect_column_values_to_match_regex - ANNEE - Unexpected value: 0 on line 340, value should match regexp ^[0-9]{4}$
2019-11-22 12:21:10,369 - CAMION - BE - TRUCKSNL - 2019-11-01 00:00:00 - ERROR - FILE_CHECK - expect_column_values_to_match_regex - ANNEE - Unexpected value: 0 on line 356, value should match regexp ^[0-9]{4}$
2019-11-22 12:21:10,369 - CAMION - BE - TRUCKSNL - 2019-11-01 00:00:00 - ERROR - FILE_CHECK - expect_column_values_to_match_regex - ANNEE - Unexpected value: 0 on line 497, value should match regexp ^[0-9]{4}$
2019-11-22 12:21:10,369 - CAMION - BE - TRUCKSNL - 2019-11-01 00:00:00 - ERROR - FILE_CHECK - expect_column_values_to_match_regex - ANNEE - Unexpected value: 0 on line 515, value should match regexp ^[0-9]{4}$
2019-11-22 12:21:10,369 - CAMION - BE - TRUCKSNL - 2019-11-01 00:00:00 - ERROR - STAT - expect_column_values_to_match_regex - ANNEE - correctly filled rate (%) - 91.76
2019-11-22 12:21:10,369 - CAMION - BE - TRUCKSNL - 2019-11-01 00:00:00 - ERROR - FILE_VALIDATE - expect_column_values_to_match_regex - ANNEE - False - 0
2019-11-22 12:21:10,369 - CAMION - BE - TRUCKSNL - 2019-11-01 00:00:00 - ERROR - STAT - expect_column_values_to_not_be_null - ANNONCE_LINK - correctly filled rate (%) - 100.0
2019-11-22 12:21:10,369 - CAMION - BE - TRUCKSNL - 2019-11-01 00:00:00 - ERROR - FILE_VALIDATE - expect_column_values_to_not_be_null - ANNONCE_LINK - True - 1
2019-11-22 12:21:10,369 - CAMION - BE - TRUCKSNL - 2019-11-01 00:00:00 - ERROR - STAT - expect_column_values_to_be_unique - ANNONCE_LINK - observed proportion - 100.0
2019-11-22 12:21:10,369 - CAMION - BE - TRUCKSNL - 2019-11-01 00:00:00 - ERROR - FILE_VALIDATE - expect_column_values_to_be_unique - ANNONCE_LINK - True - 1
2019-11-22 12:21:10,369 - CAMION - BE - TRUCKSNL - 2019-11-01 00:00:00 - ERROR - STAT - expect_column_values_to_not_be_null - CARBURANT - correctly filled rate (%) - 1.15
2019-11-22 12:21:10,370 - CAMION - BE - TRUCKSNL - 2019-11-01 00:00:00 - ERROR - FILE_VALIDATE - expect_column_values_to_not_be_null - CARBURANT - False - 0
2019-11-22 12:21:10,370 - CAMION - BE - TRUCKSNL - 2019-11-01 00:00:00 - ERROR - STAT - expect_column_values_to_not_be_null - CARROSSERIE - correctly filled rate (%) - 0.0
2019-11-22 12:21:10,370 - CAMION - BE - TRUCKSNL - 2019-11-01 00:00:00 - ERROR - FILE_VALIDATE - expect_column_values_to_not_be_null - CARROSSERIE - False - 0
2019-11-22 12:21:10,370 - CAMION - BE - TRUCKSNL - 2019-11-01 00:00:00 - ERROR - STAT - expect_column_values_to_not_be_null - CP - correctly filled rate (%) - 100.0
2019-11-22 12:21:10,370 - CAMION - BE - TRUCKSNL - 2019-11-01 00:00:00 - ERROR - FILE_VALIDATE - expect_column_values_to_not_be_null - CP - True - 1
2019-11-22 12:21:10,370 - CAMION - BE - TRUCKSNL - 2019-11-01 00:00:00 - ERROR - STAT - expect_column_values_to_match_regex - CP - correctly filled rate (%) - 100.0
2019-11-22 12:21:10,370 - CAMION - BE - TRUCKSNL - 2019-11-01 00:00:00 - ERROR - FILE_VALIDATE - expect_column_values_to_match_regex - CP - True - 1
2019-11-22 12:21:10,370 - CAMION - BE - TRUCKSNL - 2019-11-01 00:00:00 - ERROR - STAT - expect_column_values_to_not_be_null - GARAGE_ID - correctly filled rate (%) - 0.0
2019-11-22 12:21:10,370 - CAMION - BE - TRUCKSNL - 2019-11-01 00:00:00 - ERROR - FILE_VALIDATE - expect_column_values_to_not_be_null - GARAGE_ID - False - 0
2019-11-22 12:21:10,370 - CAMION - BE - TRUCKSNL - 2019-11-01 00:00:00 - ERROR - STAT - expect_column_values_to_not_be_null - ID_CLIENT - correctly filled rate (%) - 100.0
2019-11-22 12:21:10,370 - CAMION - BE - TRUCKSNL - 2019-11-01 00:00:00 - ERROR - FILE_VALIDATE - expect_column_values_to_not_be_null - ID_CLIENT - True - 1
2019-11-22 12:21:10,370 - CAMION - BE - TRUCKSNL - 2019-11-01 00:00:00 - ERROR - STAT - expect_column_values_to_be_unique - ID_CLIENT - observed proportion - 100.0
2019-11-22 12:21:10,370 - CAMION - BE - TRUCKSNL - 2019-11-01 00:00:00 - ERROR - FILE_VALIDATE - expect_column_values_to_be_unique - ID_CLIENT - True - 1
2019-11-22 12:21:10,371 - CAMION - BE - TRUCKSNL - 2019-11-01 00:00:00 - ERROR - STAT - expect_returning_row_count - EVERY_COLUMNS - total number of rows - 5984
2019-11-22 12:21:10,371 - CAMION - BE - TRUCKSNL - 2019-11-01 00:00:00 - ERROR - STAT - expect_column_values_to_not_be_null - IMMAT - correctly filled rate (%) - 100.0
2019-11-22 12:21:10,371 - CAMION - BE - TRUCKSNL - 2019-11-01 00:00:00 - ERROR - FILE_VALIDATE - expect_column_values_to_not_be_null - IMMAT - True - 1
2019-11-22 12:21:10,371 - CAMION - BE - TRUCKSNL - 2019-11-01 00:00:00 - ERROR - STAT - expect_column_values_to_be_in_type_list - KM - correctly filled rate (%) - 100.0
2019-11-22 12:21:10,371 - CAMION - BE - TRUCKSNL - 2019-11-01 00:00:00 - ERROR - FILE_VALIDATE - expect_column_values_to_be_in_type_list - KM - True - 1
2019-11-22 12:21:10,371 - CAMION - BE - TRUCKSNL - 2019-11-01 00:00:00 - ERROR - STAT - expect_column_values_to_not_be_null - KM - correctly filled rate (%) - 100.0
2019-11-22 12:21:10,371 - CAMION - BE - TRUCKSNL - 2019-11-01 00:00:00 - ERROR - FILE_VALIDATE - expect_column_values_to_not_be_null - KM - True - 1
2019-11-22 12:21:10,371 - CAMION - BE - TRUCKSNL - 2019-11-01 00:00:00 - ERROR - STAT - expect_column_values_to_be_in_type_list - LITRE - correctly filled rate (%) - 100.0
2019-11-22 12:21:10,371 - CAMION - BE - TRUCKSNL - 2019-11-01 00:00:00 - ERROR - FILE_VALIDATE - expect_column_values_to_be_in_type_list - LITRE - True - 1
2019-11-22 12:21:10,371 - CAMION - BE - TRUCKSNL - 2019-11-01 00:00:00 - ERROR - STAT - expect_column_values_to_not_be_null - LITRE - correctly filled rate (%) - 100.0
2019-11-22 12:21:10,372 - CAMION - BE - TRUCKSNL - 2019-11-01 00:00:00 - ERROR - FILE_VALIDATE - expect_column_values_to_not_be_null - LITRE - True - 1
2019-11-22 12:21:10,372 - CAMION - BE - TRUCKSNL - 2019-11-01 00:00:00 - ERROR - STAT - expect_column_values_to_not_be_null - MARQUE - correctly filled rate (%) - 100.0
2019-11-22 12:21:10,372 - CAMION - BE - TRUCKSNL - 2019-11-01 00:00:00 - ERROR - FILE_VALIDATE - expect_column_values_to_not_be_null - MARQUE - True - 1
2019-11-22 12:21:10,372 - CAMION - BE - TRUCKSNL - 2019-11-01 00:00:00 - ERROR - STAT - expect_column_values_to_not_be_null - MODELE - correctly filled rate (%) - 99.57
2019-11-22 12:21:10,372 - CAMION - BE - TRUCKSNL - 2019-11-01 00:00:00 - ERROR - FILE_VALIDATE - expect_column_values_to_not_be_null - MODELE - True - 1
2019-11-22 12:21:10,372 - CAMION - BE - TRUCKSNL - 2019-11-01 00:00:00 - ERROR - STAT - expect_column_values_to_not_be_null - NOM - correctly filled rate (%) - 100.0
2019-11-22 12:21:10,372 - CAMION - BE - TRUCKSNL - 2019-11-01 00:00:00 - ERROR - FILE_VALIDATE - expect_column_values_to_not_be_null - NOM - True - 1
2019-11-22 12:21:10,372 - CAMION - BE - TRUCKSNL - 2019-11-01 00:00:00 - ERROR - FILE_CHECK - expect_column_value_lengths_to_be_between - NOM - Unexpected characters count of: [Lag...] on line  0, value length should be between 10 and 255
2019-11-22 12:21:10,372 - CAMION - BE - TRUCKSNL - 2019-11-01 00:00:00 - ERROR - FILE_CHECK - expect_column_value_lengths_to_be_between - NOM - Unexpected characters count of: [Lag Frigo...] on line  12, value length should be between 10 and 255
2019-11-22 12:21:10,372 - CAMION - BE - TRUCKSNL - 2019-11-01 00:00:00 - ERROR - FILE_CHECK - expect_column_value_lengths_to_be_between - NOM - Unexpected characters count of: [DBM Frigo...] on line  49, value length should be between 10 and 255
2019-11-22 12:21:10,372 - CAMION - BE - TRUCKSNL - 2019-11-01 00:00:00 - ERROR - FILE_CHECK - expect_column_value_lengths_to_be_between - NOM - Unexpected characters count of: [Sor Frigo...] on line  142, value length should be between 10 and 255
2019-11-22 12:21:10,373 - CAMION - BE - TRUCKSNL - 2019-11-01 00:00:00 - ERROR - FILE_CHECK - expect_column_value_lengths_to_be_between - NOM - Unexpected characters count of: [MAN TGA...] on line  150, value length should be between 10 and 255
2019-11-22 12:21:10,373 - CAMION - BE - TRUCKSNL - 2019-11-01 00:00:00 - ERROR - FILE_CHECK - expect_column_value_lengths_to_be_between - NOM - Unexpected characters count of: [Volvo...] on line  195, value length should be between 10 and 255
2019-11-22 12:21:10,373 - CAMION - BE - TRUCKSNL - 2019-11-01 00:00:00 - ERROR - FILE_CHECK - expect_column_value_lengths_to_be_between - NOM - Unexpected characters count of: [Samro SR...] on line  269, value length should be between 10 and 255
2019-11-22 12:21:10,373 - CAMION - BE - TRUCKSNL - 2019-11-01 00:00:00 - ERROR - FILE_CHECK - expect_column_value_lengths_to_be_between - NOM - Unexpected characters count of: [DAF 1304...] on line  292, value length should be between 10 and 255
2019-11-22 12:21:10,373 - CAMION - BE - TRUCKSNL - 2019-11-01 00:00:00 - ERROR - FILE_CHECK - expect_column_value_lengths_to_be_between - NOM - Unexpected characters count of: [DIV....] on line  333, value length should be between 10 and 255
2019-11-22 12:21:10,373 - CAMION - BE - TRUCKSNL - 2019-11-01 00:00:00 - ERROR - FILE_CHECK - expect_column_value_lengths_to_be_between - NOM - Unexpected characters count of: [Volvo F...] on line  348, value length should be between 10 and 255
2019-11-22 12:21:10,373 - CAMION - BE - TRUCKSNL - 2019-11-01 00:00:00 - ERROR - FILE_CHECK - expect_column_value_lengths_to_be_between - NOM - Unexpected characters count of: [JLG 600S...] on line  575, value length should be between 10 and 255
2019-11-22 12:21:10,373 - CAMION - BE - TRUCKSNL - 2019-11-01 00:00:00 - ERROR - FILE_CHECK - expect_column_value_lengths_to_be_between - NOM - Unexpected characters count of: [Lag SR...] on line  582, value length should be between 10 and 255
2019-11-22 12:21:10,373 - CAMION - BE - TRUCKSNL - 2019-11-01 00:00:00 - ERROR - FILE_CHECK - expect_column_value_lengths_to_be_between - NOM - Unexpected characters count of: [JLG 680S...] on line  610, value length should be between 10 and 255
2019-11-22 12:21:10,373 - CAMION - BE - TRUCKSNL - 2019-11-01 00:00:00 - ERROR - FILE_CHECK - expect_column_value_lengths_to_be_between - NOM - Unexpected characters count of: [JLG 340AJ...] on line  633, value length should be between 10 and 255
2019-11-22 12:21:10,373 - CAMION - BE - TRUCKSNL - 2019-11-01 00:00:00 - ERROR - FILE_CHECK - expect_column_value_lengths_to_be_between - NOM - Unexpected characters count of: [JLG 460SJ...] on line  717, value length should be between 10 and 255
2019-11-22 12:21:10,373 - CAMION - BE - TRUCKSNL - 2019-11-01 00:00:00 - ERROR - FILE_CHECK - expect_column_value_lengths_to_be_between - NOM - Unexpected characters count of: [BT LPE240...] on line  723, value length should be between 10 and 255
2019-11-22 12:21:10,373 - CAMION - BE - TRUCKSNL - 2019-11-01 00:00:00 - ERROR - FILE_CHECK - expect_column_value_lengths_to_be_between - NOM - Unexpected characters count of: [MAN F90...] on line  818, value length should be between 10 and 255
2019-11-22 12:21:10,374 - CAMION - BE - TRUCKSNL - 2019-11-01 00:00:00 - ERROR - FILE_CHECK - expect_column_value_lengths_to_be_between - NOM - Unexpected characters count of: [Trax TRAX...] on line  821, value length should be between 10 and 255
2019-11-22 12:21:10,374 - CAMION - BE - TRUCKSNL - 2019-11-01 00:00:00 - ERROR - FILE_CHECK - expect_column_value_lengths_to_be_between - NOM - Unexpected characters count of: [JLG 450AJ...] on line  831, value length should be between 10 and 255
2019-11-22 12:21:10,374 - CAMION - BE - TRUCKSNL - 2019-11-01 00:00:00 - ERROR - FILE_CHECK - expect_column_value_lengths_to_be_between - NOM - Unexpected characters count of: [Linde P60...] on line  913, value length should be between 10 and 255
2019-11-22 12:21:10,374 - CAMION - BE - TRUCKSNL - 2019-11-01 00:00:00 - ERROR - STAT - expect_column_value_lengths_to_be_between - NOM - correctly filled rate (%) - 97.73
2019-11-22 12:21:10,374 - CAMION - BE - TRUCKSNL - 2019-11-01 00:00:00 - ERROR - FILE_VALIDATE - expect_column_value_lengths_to_be_between - NOM - False - 0
2019-11-22 12:21:10,374 - CAMION - BE - TRUCKSNL - 2019-11-01 00:00:00 - ERROR - STAT - expect_column_values_to_not_be_null - OPTIONS - correctly filled rate (%) - 0.0
2019-11-22 12:21:10,374 - CAMION - BE - TRUCKSNL - 2019-11-01 00:00:00 - ERROR - FILE_VALIDATE - expect_column_values_to_not_be_null - OPTIONS - False - 0
2019-11-22 12:21:10,374 - CAMION - BE - TRUCKSNL - 2019-11-01 00:00:00 - ERROR - STAT - expect_column_values_to_be_in_type_list - PHOTO - correctly filled rate (%) - 100.0
2019-11-22 12:21:10,374 - CAMION - BE - TRUCKSNL - 2019-11-01 00:00:00 - ERROR - FILE_VALIDATE - expect_column_values_to_be_in_type_list - PHOTO - True - 1
2019-11-22 12:21:10,374 - CAMION - BE - TRUCKSNL - 2019-11-01 00:00:00 - ERROR - STAT - expect_column_values_to_not_be_null - PHOTO - correctly filled rate (%) - 100.0
2019-11-22 12:21:10,374 - CAMION - BE - TRUCKSNL - 2019-11-01 00:00:00 - ERROR - FILE_VALIDATE - expect_column_values_to_not_be_null - PHOTO - True - 1
2019-11-22 12:21:10,374 - CAMION - BE - TRUCKSNL - 2019-11-01 00:00:00 - ERROR - STAT - expect_column_values_to_not_be_null - PLACE - correctly filled rate (%) - 0.0
2019-11-22 12:21:10,374 - CAMION - BE - TRUCKSNL - 2019-11-01 00:00:00 - ERROR - FILE_VALIDATE - expect_column_values_to_not_be_null - PLACE - False - 0
2019-11-22 12:21:10,375 - CAMION - BE - TRUCKSNL - 2019-11-01 00:00:00 - ERROR - STAT - expect_column_values_to_not_be_null - PORTE - correctly filled rate (%) - 0.0
2019-11-22 12:21:10,375 - CAMION - BE - TRUCKSNL - 2019-11-01 00:00:00 - ERROR - FILE_VALIDATE - expect_column_values_to_not_be_null - PORTE - False - 0
2019-11-22 12:21:10,375 - CAMION - BE - TRUCKSNL - 2019-11-01 00:00:00 - ERROR - STAT - expect_column_values_to_be_in_type_list - PRIX - correctly filled rate (%) - 100.0
2019-11-22 12:21:10,375 - CAMION - BE - TRUCKSNL - 2019-11-01 00:00:00 - ERROR - FILE_VALIDATE - expect_column_values_to_be_in_type_list - PRIX - True - 1
2019-11-22 12:21:10,375 - CAMION - BE - TRUCKSNL - 2019-11-01 00:00:00 - ERROR - STAT - expect_column_values_to_not_be_null - PRIX - correctly filled rate (%) - 100.0
2019-11-22 12:21:10,375 - CAMION - BE - TRUCKSNL - 2019-11-01 00:00:00 - ERROR - FILE_VALIDATE - expect_column_values_to_not_be_null - PRIX - True - 1
2019-11-22 12:21:10,375 - CAMION - BE - TRUCKSNL - 2019-11-01 00:00:00 - ERROR - STAT - expect_column_values_to_not_be_null - PROVINCE - correctly filled rate (%) - 0.0
2019-11-22 12:21:10,375 - CAMION - BE - TRUCKSNL - 2019-11-01 00:00:00 - ERROR - FILE_VALIDATE - expect_column_values_to_not_be_null - PROVINCE - False - 0
2019-11-22 12:21:10,375 - CAMION - BE - TRUCKSNL - 2019-11-01 00:00:00 - ERROR - STAT - expect_column_values_to_not_be_null - SITE - correctly filled rate (%) - 100.0
2019-11-22 12:21:10,375 - CAMION - BE - TRUCKSNL - 2019-11-01 00:00:00 - ERROR - FILE_VALIDATE - expect_column_values_to_not_be_null - SITE - True - 1
2019-11-22 12:21:10,375 - CAMION - BE - TRUCKSNL - 2019-11-01 00:00:00 - ERROR - STAT - expect_column_values_to_not_be_null - TELEPHONE - correctly filled rate (%) - 100.0
2019-11-22 12:21:10,375 - CAMION - BE - TRUCKSNL - 2019-11-01 00:00:00 - ERROR - FILE_VALIDATE - expect_column_values_to_not_be_null - TELEPHONE - True - 1
2019-11-22 12:21:10,375 - CAMION - BE - TRUCKSNL - 2019-11-01 00:00:00 - ERROR - STAT - expect_column_values_to_be_phone_number - TELEPHONE - correctly filled rate (%) - 99.92
2019-11-22 12:21:10,376 - CAMION - BE - TRUCKSNL - 2019-11-01 00:00:00 - ERROR - FILE_VALIDATE - expect_column_values_to_be_phone_number - TELEPHONE - True - 1
2019-11-22 12:21:10,376 - CAMION - BE - TRUCKSNL - 2019-11-01 00:00:00 - ERROR - STAT - expect_column_values_to_not_be_null - TYPE - correctly filled rate (%) - 100.0
2019-11-22 12:21:10,376 - CAMION - BE - TRUCKSNL - 2019-11-01 00:00:00 - ERROR - FILE_VALIDATE - expect_column_values_to_not_be_null - TYPE - True - 1
2019-11-22 12:21:10,376 - CAMION - BE - TRUCKSNL - 2019-11-01 00:00:00 - ERROR - STAT - expect_column_values_to_be_in_set_2 - TYPE - observed proportion - 100.0
2019-11-22 12:21:10,376 - CAMION - BE - TRUCKSNL - 2019-11-01 00:00:00 - ERROR - STAT - expect_column_values_to_not_be_null - VILLE - correctly filled rate (%) - 100.0
2019-11-22 12:21:10,376 - CAMION - BE - TRUCKSNL - 2019-11-01 00:00:00 - ERROR - FILE_VALIDATE - expect_column_values_to_not_be_null - VILLE - True - 1
2019-11-22 12:21:10,376 - CAMION - BE - TRUCKSNL - 2019-11-01 00:00:00 - ERROR - STAT - expect_column_values_to_not_be_null - VN_IND - correctly filled rate (%) - 0.0
2019-11-22 12:21:10,376 - CAMION - BE - TRUCKSNL - 2019-11-01 00:00:00 - ERROR - FILE_VALIDATE - expect_column_values_to_not_be_null - VN_IND - False - 0
2019-11-22 12:21:10,376 - CAMION - BE - TRUCKSNL - 2019-11-01 00:00:00 - ERROR - STAT - expect_returning_row_unique_count - MARQUE_CORRECTED - total number of unique rows - 262
2019-11-22 12:21:10,376 - CAMION - BE - TRUCKSNL - 2019-11-01 00:00:00 - ERROR - STAT - expect_returning_row_unique_count - MODELE_CORRECTED - total number of unique rows - 1996
2019-11-22 12:21:10,376 - CAMION - BE - TRUCKSNL - 2019-11-01 00:00:00 - ERROR - STAT - expect_returning_row_unique_count - CARROSSERIE - total number of unique rows - 0
2019-11-22 12:21:10,376 - CAMION - BE - TRUCKSNL - 2019-11-01 00:00:00 - ERROR - STAT - expect_returning_row_unique_count - CARBURANT - total number of unique rows - 1
2019-11-22 12:21:10,377 - CAMION - BE - TRUCKSNL - 2019-11-01 00:00:00 - ERROR - STAT - expect_column_values_to_not_be_null - CYLINDRE - correctly filled rate (%) - 0.0
2019-11-22 12:21:10,377 - CAMION - BE - TRUCKSNL - 2019-11-01 00:00:00 - ERROR - FILE_VALIDATE - expect_column_values_to_not_be_null - CYLINDRE - False - 0
2019-11-22 12:21:10,377 - CAMION - BE - TRUCKSNL - 2019-11-01 00:00:00 - ERROR - STAT - expect_returning_row_unique_count - PROVINCE - total number of unique rows - 0
2019-11-22 12:21:10,377 - CAMION - BE - TRUCKSNL - 2019-11-01 00:00:00 - ERROR - STAT - expect_returning_row_unique_count - VILLE - total number of unique rows - 95
2019-11-22 12:21:10,377 - CAMION - BE - TRUCKSNL - 2019-11-01 00:00:00 - ERROR - STAT - expect_returning_row_unique_count - DEPARTEMENT - total number of unique rows - 0
2019-11-22 12:21:10,377 - CAMION - BE - TRUCKSNL - 2019-11-01 00:00:00 - ERROR - STAT - expect_returning_row_count_on_conditions - DEALER_USEDCARS - total number of row with conditions - 5984
2019-11-22 12:21:10,377 - CAMION - BE - TRUCKSNL - 2019-11-01 00:00:00 - ERROR - STAT - expect_returning_row_count_on_conditions - PRIVATE_USEDCARS - total number of row with conditions - 0
2019-11-22 12:21:10,377 - CAMION - BE - TRUCKSNL - 2019-11-01 00:00:00 - ERROR - STAT - expect_returning_row_count_on_conditions - TRUCKS - total number of row with conditions - 1172
2019-11-22 12:21:10,377 - CAMION - BE - TRUCKSNL - 2019-11-01 00:00:00 - ERROR - STAT - expect_returning_row_count_on_conditions - TRACTOR UNITS - total number of row with conditions - 1443
2019-11-22 12:21:10,377 - CAMION - BE - TRUCKSNL - 2019-11-01 00:00:00 - ERROR - STAT - expect_returning_row_count_on_conditions - TRAILERS - total number of row with conditions - 1169
2019-11-22 12:21:10,377 - CAMION - BE - TRUCKSNL - 2019-11-01 00:00:00 - ERROR - STAT - expect_returning_row_count_on_conditions - VANS - total number of row with conditions - 264
2019-11-22 12:21:10,377 - CAMION - BE - TRUCKSNL - 2019-11-01 00:00:00 - ERROR - STAT - expect_returning_row_count_on_conditions - HEAVY EQUIPMENTS - total number of row with conditions - 1712
2019-11-22 12:21:10,377 - CAMION - BE - TRUCKSNL - 2019-11-01 00:00:00 - ERROR - STAT - expect_returning_row_count_on_conditions - SEMI TRAILERS - total number of row with conditions - 224
2019-11-22 12:21:10,377 - CAMION - BE - TRUCKSNL - 2019-11-01 00:00:00 - ERROR - STAT - expect_returning_row_count_on_conditions - DEALER_TRUCKS - total number of row with conditions - 1172
2019-11-22 12:21:10,378 - CAMION - BE - TRUCKSNL - 2019-11-01 00:00:00 - ERROR - STAT - expect_returning_row_count_on_conditions - PRIVATE_TRUCKS - total number of row with conditions - 0
2019-11-22 12:21:10,378 - CAMION - BE - TRUCKSNL - 2019-11-01 00:00:00 - ERROR - STAT - expect_returning_row_count_on_conditions - DEALER_TRACTOR UNITS - total number of row with conditions - 1443
2019-11-22 12:21:10,378 - CAMION - BE - TRUCKSNL - 2019-11-01 00:00:00 - ERROR - STAT - expect_returning_row_count_on_conditions - PRIVATE_TRACTOR UNITS - total number of row with conditions - 0
2019-11-22 12:21:10,378 - CAMION - BE - TRUCKSNL - 2019-11-01 00:00:00 - ERROR - STAT - expect_returning_row_count_on_conditions - DEALER_TRAILERS - total number of row with conditions - 1169
2019-11-22 12:21:10,378 - CAMION - BE - TRUCKSNL - 2019-11-01 00:00:00 - ERROR - STAT - expect_returning_row_count_on_conditions - PRIVATE_TRAILERS - total number of row with conditions - 0
2019-11-22 12:21:10,378 - CAMION - BE - TRUCKSNL - 2019-11-01 00:00:00 - ERROR - STAT - expect_returning_row_count_on_conditions - DEALER_VANS - total number of row with conditions - 264
2019-11-22 12:21:10,378 - CAMION - BE - TRUCKSNL - 2019-11-01 00:00:00 - ERROR - STAT - expect_returning_row_count_on_conditions - PRIVATE_VANS - total number of row with conditions - 0
2019-11-22 12:21:10,378 - CAMION - BE - TRUCKSNL - 2019-11-01 00:00:00 - ERROR - STAT - expect_returning_row_count_on_conditions - DEALER_HEAVY EQUIPMENTS - total number of row with conditions - 1712
2019-11-22 12:21:10,378 - CAMION - BE - TRUCKSNL - 2019-11-01 00:00:00 - ERROR - STAT - expect_returning_row_count_on_conditions - PRIVATE_HEAVY EQUIPMENTS - total number of row with conditions - 0
2019-11-22 12:21:10,378 - CAMION - BE - TRUCKSNL - 2019-11-01 00:00:00 - ERROR - STAT - expect_returning_row_count_on_conditions - DEALER_SEMI TRAILERS - total number of row with conditions - 224
2019-11-22 12:21:10,378 - CAMION - BE - TRUCKSNL - 2019-11-01 00:00:00 - ERROR - STAT - expect_returning_row_count_on_conditions - PRIVATE_SEMI TRAILERS - total number of row with conditions - 0
