2019-08-30 13:26:22,716 - CAMION - AT - MASCUS - 2019-07-01 00:00:00 - ERROR - STAT - expect_column_values_to_not_be_null - ADRESSE - correctly filled rate (%) - 99.25
2019-08-30 13:26:22,716 - CAMION - AT - MASCUS - 2019-07-01 00:00:00 - ERROR - STAT - expect_column_values_to_be_in_type_list - ANNEE - correctly filled rate (%) - 100.0
2019-08-30 13:26:22,716 - CAMION - AT - MASCUS - 2019-07-01 00:00:00 - ERROR - STAT - expect_column_values_to_be_between - ANNEE - correctly filled rate (%) - 92.63
2019-08-30 13:26:22,716 - CAMION - AT - MASCUS - 2019-07-01 00:00:00 - ERROR - STAT - expect_column_values_to_not_be_null - ANNEE - correctly filled rate (%) - 100.0
2019-08-30 13:26:22,716 - CAMION - AT - MASCUS - 2019-07-01 00:00:00 - ERROR - FILE_CHECK - expect_column_values_to_match_regex - ANNEE - Unexpected value: 0 on line 28, value should match regexp ^[0-9]{4}$
2019-08-30 13:26:22,716 - CAMION - AT - MASCUS - 2019-07-01 00:00:00 - ERROR - FILE_CHECK - expect_column_values_to_match_regex - ANNEE - Unexpected value: 0 on line 85, value should match regexp ^[0-9]{4}$
2019-08-30 13:26:22,716 - CAMION - AT - MASCUS - 2019-07-01 00:00:00 - ERROR - FILE_CHECK - expect_column_values_to_match_regex - ANNEE - Unexpected value: 0 on line 94, value should match regexp ^[0-9]{4}$
2019-08-30 13:26:22,716 - CAMION - AT - MASCUS - 2019-07-01 00:00:00 - ERROR - FILE_CHECK - expect_column_values_to_match_regex - ANNEE - Unexpected value: 0 on line 113, value should match regexp ^[0-9]{4}$
2019-08-30 13:26:22,716 - CAMION - AT - MASCUS - 2019-07-01 00:00:00 - ERROR - FILE_CHECK - expect_column_values_to_match_regex - ANNEE - Unexpected value: 0 on line 138, value should match regexp ^[0-9]{4}$
2019-08-30 13:26:22,716 - CAMION - AT - MASCUS - 2019-07-01 00:00:00 - ERROR - FILE_CHECK - expect_column_values_to_match_regex - ANNEE - Unexpected value: 0 on line 165, value should match regexp ^[0-9]{4}$
2019-08-30 13:26:22,716 - CAMION - AT - MASCUS - 2019-07-01 00:00:00 - ERROR - FILE_CHECK - expect_column_values_to_match_regex - ANNEE - Unexpected value: 0 on line 179, value should match regexp ^[0-9]{4}$
2019-08-30 13:26:22,716 - CAMION - AT - MASCUS - 2019-07-01 00:00:00 - ERROR - FILE_CHECK - expect_column_values_to_match_regex - ANNEE - Unexpected value: 0 on line 183, value should match regexp ^[0-9]{4}$
2019-08-30 13:26:22,716 - CAMION - AT - MASCUS - 2019-07-01 00:00:00 - ERROR - FILE_CHECK - expect_column_values_to_match_regex - ANNEE - Unexpected value: 0 on line 205, value should match regexp ^[0-9]{4}$
2019-08-30 13:26:22,717 - CAMION - AT - MASCUS - 2019-07-01 00:00:00 - ERROR - FILE_CHECK - expect_column_values_to_match_regex - ANNEE - Unexpected value: 0 on line 208, value should match regexp ^[0-9]{4}$
2019-08-30 13:26:22,717 - CAMION - AT - MASCUS - 2019-07-01 00:00:00 - ERROR - FILE_CHECK - expect_column_values_to_match_regex - ANNEE - Unexpected value: 0 on line 220, value should match regexp ^[0-9]{4}$
2019-08-30 13:26:22,717 - CAMION - AT - MASCUS - 2019-07-01 00:00:00 - ERROR - FILE_CHECK - expect_column_values_to_match_regex - ANNEE - Unexpected value: 0 on line 264, value should match regexp ^[0-9]{4}$
2019-08-30 13:26:22,717 - CAMION - AT - MASCUS - 2019-07-01 00:00:00 - ERROR - FILE_CHECK - expect_column_values_to_match_regex - ANNEE - Unexpected value: 0 on line 296, value should match regexp ^[0-9]{4}$
2019-08-30 13:26:22,717 - CAMION - AT - MASCUS - 2019-07-01 00:00:00 - ERROR - FILE_CHECK - expect_column_values_to_match_regex - ANNEE - Unexpected value: 0 on line 298, value should match regexp ^[0-9]{4}$
2019-08-30 13:26:22,717 - CAMION - AT - MASCUS - 2019-07-01 00:00:00 - ERROR - FILE_CHECK - expect_column_values_to_match_regex - ANNEE - Unexpected value: 0 on line 313, value should match regexp ^[0-9]{4}$
2019-08-30 13:26:22,717 - CAMION - AT - MASCUS - 2019-07-01 00:00:00 - ERROR - FILE_CHECK - expect_column_values_to_match_regex - ANNEE - Unexpected value: 0 on line 325, value should match regexp ^[0-9]{4}$
2019-08-30 13:26:22,717 - CAMION - AT - MASCUS - 2019-07-01 00:00:00 - ERROR - FILE_CHECK - expect_column_values_to_match_regex - ANNEE - Unexpected value: 0 on line 332, value should match regexp ^[0-9]{4}$
2019-08-30 13:26:22,717 - CAMION - AT - MASCUS - 2019-07-01 00:00:00 - ERROR - FILE_CHECK - expect_column_values_to_match_regex - ANNEE - Unexpected value: 0 on line 341, value should match regexp ^[0-9]{4}$
2019-08-30 13:26:22,717 - CAMION - AT - MASCUS - 2019-07-01 00:00:00 - ERROR - FILE_CHECK - expect_column_values_to_match_regex - ANNEE - Unexpected value: 0 on line 356, value should match regexp ^[0-9]{4}$
2019-08-30 13:26:22,717 - CAMION - AT - MASCUS - 2019-07-01 00:00:00 - ERROR - FILE_CHECK - expect_column_values_to_match_regex - ANNEE - Unexpected value: 0 on line 393, value should match regexp ^[0-9]{4}$
2019-08-30 13:26:22,717 - CAMION - AT - MASCUS - 2019-07-01 00:00:00 - ERROR - STAT - expect_column_values_to_match_regex - ANNEE - correctly filled rate (%) - 93.79
2019-08-30 13:26:22,717 - CAMION - AT - MASCUS - 2019-07-01 00:00:00 - ERROR - STAT - expect_column_values_to_not_be_null - ANNONCE_LINK - correctly filled rate (%) - 100.0
2019-08-30 13:26:22,717 - CAMION - AT - MASCUS - 2019-07-01 00:00:00 - ERROR - STAT - expect_column_values_to_be_unique - ANNONCE_LINK - observed proportion - 100.0
2019-08-30 13:26:22,717 - CAMION - AT - MASCUS - 2019-07-01 00:00:00 - ERROR - STAT - expect_column_values_to_not_be_null - CARBURANT - correctly filled rate (%) - 0.14
2019-08-30 13:26:22,718 - CAMION - AT - MASCUS - 2019-07-01 00:00:00 - ERROR - STAT - expect_column_values_to_not_be_null - CARROSSERIE - correctly filled rate (%) - 0.0
2019-08-30 13:26:22,718 - CAMION - AT - MASCUS - 2019-07-01 00:00:00 - ERROR - STAT - expect_column_values_to_not_be_null - CP - correctly filled rate (%) - 98.98
2019-08-30 13:26:22,718 - CAMION - AT - MASCUS - 2019-07-01 00:00:00 - ERROR - STAT - expect_column_values_to_match_regex - CP - correctly filled rate (%) - 99.52
2019-08-30 13:26:22,718 - CAMION - AT - MASCUS - 2019-07-01 00:00:00 - ERROR - STAT - expect_column_values_to_not_be_null - GARAGE_ID - correctly filled rate (%) - 0.0
2019-08-30 13:26:22,718 - CAMION - AT - MASCUS - 2019-07-01 00:00:00 - ERROR - STAT - expect_column_values_to_not_be_null - ID_CLIENT - correctly filled rate (%) - 100.0
2019-08-30 13:26:22,718 - CAMION - AT - MASCUS - 2019-07-01 00:00:00 - ERROR - STAT - expect_column_values_to_be_unique - ID_CLIENT - observed proportion - 100.0
2019-08-30 13:26:22,718 - CAMION - AT - MASCUS - 2019-07-01 00:00:00 - ERROR - STAT - expect_returning_row_count - EVERY_COLUMNS - total number of rows - 1465
2019-08-30 13:26:22,718 - CAMION - AT - MASCUS - 2019-07-01 00:00:00 - ERROR - STAT - expect_column_values_to_not_be_null - IMMAT - correctly filled rate (%) - 100.0
2019-08-30 13:26:22,718 - CAMION - AT - MASCUS - 2019-07-01 00:00:00 - ERROR - STAT - expect_column_values_to_be_in_type_list - KM - correctly filled rate (%) - 100.0
2019-08-30 13:26:22,718 - CAMION - AT - MASCUS - 2019-07-01 00:00:00 - ERROR - STAT - expect_column_values_to_not_be_null - KM - correctly filled rate (%) - 100.0
2019-08-30 13:26:22,718 - CAMION - AT - MASCUS - 2019-07-01 00:00:00 - ERROR - STAT - expect_column_values_to_be_in_type_list - LITRE - correctly filled rate (%) - 100.0
2019-08-30 13:26:22,718 - CAMION - AT - MASCUS - 2019-07-01 00:00:00 - ERROR - STAT - expect_column_values_to_not_be_null - LITRE - correctly filled rate (%) - 100.0
2019-08-30 13:26:22,718 - CAMION - AT - MASCUS - 2019-07-01 00:00:00 - ERROR - STAT - expect_column_values_to_not_be_null - MARQUE - correctly filled rate (%) - 0.0
2019-08-30 13:26:22,718 - CAMION - AT - MASCUS - 2019-07-01 00:00:00 - ERROR - STAT - expect_column_values_to_not_be_null - MODELE - correctly filled rate (%) - 0.0
2019-08-30 13:26:22,718 - CAMION - AT - MASCUS - 2019-07-01 00:00:00 - ERROR - STAT - expect_column_values_to_not_be_null - NOM - correctly filled rate (%) - 100.0
2019-08-30 13:26:22,718 - CAMION - AT - MASCUS - 2019-07-01 00:00:00 - ERROR - FILE_CHECK - expect_column_value_lengths_to_be_between - NOM - Unexpected characters count of: [O&K RH4...] on line  22, value length should be between 10 and 255
2019-08-30 13:26:22,718 - CAMION - AT - MASCUS - 2019-07-01 00:00:00 - ERROR - FILE_CHECK - expect_column_value_lengths_to_be_between - NOM - Unexpected characters count of: [Gehl 4610...] on line  112, value length should be between 10 and 255
2019-08-30 13:26:22,719 - CAMION - AT - MASCUS - 2019-07-01 00:00:00 - ERROR - FILE_CHECK - expect_column_value_lengths_to_be_between - NOM - Unexpected characters count of: [NPK E204...] on line  138, value length should be between 10 and 255
2019-08-30 13:26:22,719 - CAMION - AT - MASCUS - 2019-07-01 00:00:00 - ERROR - FILE_CHECK - expect_column_value_lengths_to_be_between - NOM - Unexpected characters count of: [Gehl 3840...] on line  153, value length should be between 10 and 255
2019-08-30 13:26:22,719 - CAMION - AT - MASCUS - 2019-07-01 00:00:00 - ERROR - FILE_CHECK - expect_column_value_lengths_to_be_between - NOM - Unexpected characters count of: [Gehl 3935...] on line  186, value length should be between 10 and 255
2019-08-30 13:26:22,719 - CAMION - AT - MASCUS - 2019-07-01 00:00:00 - ERROR - FILE_CHECK - expect_column_value_lengths_to_be_between - NOM - Unexpected characters count of: [Trauzl...] on line  205, value length should be between 10 and 255
2019-08-30 13:26:22,719 - CAMION - AT - MASCUS - 2019-07-01 00:00:00 - ERROR - FILE_CHECK - expect_column_value_lengths_to_be_between - NOM - Unexpected characters count of: [Gehl 3935...] on line  236, value length should be between 10 and 255
2019-08-30 13:26:22,719 - CAMION - AT - MASCUS - 2019-07-01 00:00:00 - ERROR - FILE_CHECK - expect_column_value_lengths_to_be_between - NOM - Unexpected characters count of: [O&K L20i...] on line  282, value length should be between 10 and 255
2019-08-30 13:26:22,719 - CAMION - AT - MASCUS - 2019-07-01 00:00:00 - ERROR - FILE_CHECK - expect_column_value_lengths_to_be_between - NOM - Unexpected characters count of: [JCB 406...] on line  299, value length should be between 10 and 255
2019-08-30 13:26:22,719 - CAMION - AT - MASCUS - 2019-07-01 00:00:00 - ERROR - FILE_CHECK - expect_column_value_lengths_to_be_between - NOM - Unexpected characters count of: [SBM 800...] on line  386, value length should be between 10 and 255
2019-08-30 13:26:22,719 - CAMION - AT - MASCUS - 2019-07-01 00:00:00 - ERROR - FILE_CHECK - expect_column_value_lengths_to_be_between - NOM - Unexpected characters count of: [xxx DT15...] on line  480, value length should be between 10 and 255
2019-08-30 13:26:22,719 - CAMION - AT - MASCUS - 2019-07-01 00:00:00 - ERROR - FILE_CHECK - expect_column_value_lengths_to_be_between - NOM - Unexpected characters count of: [AKB V 50...] on line  563, value length should be between 10 and 255
2019-08-30 13:26:22,719 - CAMION - AT - MASCUS - 2019-07-01 00:00:00 - ERROR - FILE_CHECK - expect_column_value_lengths_to_be_between - NOM - Unexpected characters count of: [AKB S 220...] on line  570, value length should be between 10 and 255
2019-08-30 13:26:22,719 - CAMION - AT - MASCUS - 2019-07-01 00:00:00 - ERROR - FILE_CHECK - expect_column_value_lengths_to_be_between - NOM - Unexpected characters count of: [O&K RH9...] on line  595, value length should be between 10 and 255
2019-08-30 13:26:22,719 - CAMION - AT - MASCUS - 2019-07-01 00:00:00 - ERROR - FILE_CHECK - expect_column_value_lengths_to_be_between - NOM - Unexpected characters count of: [PPM 18.01...] on line  635, value length should be between 10 and 255
2019-08-30 13:26:22,719 - CAMION - AT - MASCUS - 2019-07-01 00:00:00 - ERROR - FILE_CHECK - expect_column_value_lengths_to_be_between - NOM - Unexpected characters count of: [O&K MH 4...] on line  645, value length should be between 10 and 255
2019-08-30 13:26:22,719 - CAMION - AT - MASCUS - 2019-07-01 00:00:00 - ERROR - FILE_CHECK - expect_column_value_lengths_to_be_between - NOM - Unexpected characters count of: [AKB V 50...] on line  745, value length should be between 10 and 255
2019-08-30 13:26:22,719 - CAMION - AT - MASCUS - 2019-07-01 00:00:00 - ERROR - FILE_CHECK - expect_column_value_lengths_to_be_between - NOM - Unexpected characters count of: [SB70...] on line  846, value length should be between 10 and 255
2019-08-30 13:26:22,719 - CAMION - AT - MASCUS - 2019-07-01 00:00:00 - ERROR - FILE_CHECK - expect_column_value_lengths_to_be_between - NOM - Unexpected characters count of: [JCB 6TST...] on line  923, value length should be between 10 and 255
2019-08-30 13:26:22,719 - CAMION - AT - MASCUS - 2019-07-01 00:00:00 - ERROR - FILE_CHECK - expect_column_value_lengths_to_be_between - NOM - Unexpected characters count of: [AKB S 220...] on line  975, value length should be between 10 and 255
2019-08-30 13:26:22,720 - CAMION - AT - MASCUS - 2019-07-01 00:00:00 - ERROR - STAT - expect_column_value_lengths_to_be_between - NOM - correctly filled rate (%) - 97.82
2019-08-30 13:26:22,720 - CAMION - AT - MASCUS - 2019-07-01 00:00:00 - ERROR - STAT - expect_column_values_to_not_be_null - OPTIONS - correctly filled rate (%) - 10.72
2019-08-30 13:26:22,720 - CAMION - AT - MASCUS - 2019-07-01 00:00:00 - ERROR - FILE_CHECK - expect_column_value_lengths_to_be_between - OPTIONS - Unexpected characters count of: [ABS, Airbags, ASR  -...] on line  506, value length should be between 0 and 255
2019-08-30 13:26:22,720 - CAMION - AT - MASCUS - 2019-07-01 00:00:00 - ERROR - FILE_CHECK - expect_column_value_lengths_to_be_between - OPTIONS - Unexpected characters count of: [ABS, Airbags, Anhäng...] on line  1191, value length should be between 0 and 255
2019-08-30 13:26:22,720 - CAMION - AT - MASCUS - 2019-07-01 00:00:00 - ERROR - FILE_CHECK - expect_column_value_lengths_to_be_between - OPTIONS - Unexpected characters count of: [ABS, Anhängerkupplun...] on line  1226, value length should be between 0 and 255
2019-08-30 13:26:22,720 - CAMION - AT - MASCUS - 2019-07-01 00:00:00 - ERROR - FILE_CHECK - expect_column_value_lengths_to_be_between - OPTIONS - Unexpected characters count of: [ABS, beheizbare Spie...] on line  1298, value length should be between 0 and 255
2019-08-30 13:26:22,720 - CAMION - AT - MASCUS - 2019-07-01 00:00:00 - ERROR - FILE_CHECK - expect_column_value_lengths_to_be_between - OPTIONS - Unexpected characters count of: [Abgassbremse, Abgedu...] on line  1310, value length should be between 0 and 255
2019-08-30 13:26:22,720 - CAMION - AT - MASCUS - 2019-07-01 00:00:00 - ERROR - FILE_CHECK - expect_column_value_lengths_to_be_between - OPTIONS - Unexpected characters count of: [ABS, Anhängerkupplun...] on line  1352, value length should be between 0 and 255
2019-08-30 13:26:22,720 - CAMION - AT - MASCUS - 2019-07-01 00:00:00 - ERROR - STAT - expect_column_value_lengths_to_be_between - OPTIONS - correctly filled rate (%) - 96.18
2019-08-30 13:26:22,720 - CAMION - AT - MASCUS - 2019-07-01 00:00:00 - ERROR - STAT - expect_column_values_to_be_in_type_list - PHOTO - correctly filled rate (%) - 100.0
2019-08-30 13:26:22,720 - CAMION - AT - MASCUS - 2019-07-01 00:00:00 - ERROR - STAT - expect_column_values_to_not_be_null - PHOTO - correctly filled rate (%) - 100.0
2019-08-30 13:26:22,720 - CAMION - AT - MASCUS - 2019-07-01 00:00:00 - ERROR - STAT - expect_column_values_to_not_be_null - PLACE - correctly filled rate (%) - 0.0
2019-08-30 13:26:22,720 - CAMION - AT - MASCUS - 2019-07-01 00:00:00 - ERROR - STAT - expect_column_values_to_not_be_null - PORTE - correctly filled rate (%) - 0.0
2019-08-30 13:26:22,720 - CAMION - AT - MASCUS - 2019-07-01 00:00:00 - ERROR - STAT - expect_column_values_to_be_in_type_list - PRIX - correctly filled rate (%) - 100.0
2019-08-30 13:26:22,720 - CAMION - AT - MASCUS - 2019-07-01 00:00:00 - ERROR - STAT - expect_column_values_to_not_be_null - PRIX - correctly filled rate (%) - 100.0
2019-08-30 13:26:22,720 - CAMION - AT - MASCUS - 2019-07-01 00:00:00 - ERROR - STAT - expect_column_values_to_not_be_null - PROVINCE - correctly filled rate (%) - 0.0
2019-08-30 13:26:22,721 - CAMION - AT - MASCUS - 2019-07-01 00:00:00 - ERROR - STAT - expect_column_values_to_not_be_null - SITE - correctly filled rate (%) - 100.0
2019-08-30 13:26:22,721 - CAMION - AT - MASCUS - 2019-07-01 00:00:00 - ERROR - STAT - expect_column_values_to_not_be_null - TELEPHONE - correctly filled rate (%) - 100.0
2019-08-30 13:26:22,721 - CAMION - AT - MASCUS - 2019-07-01 00:00:00 - ERROR - STAT - expect_column_values_to_be_phone_number - TELEPHONE - correctly filled rate (%) - 100.0
2019-08-30 13:26:22,721 - CAMION - AT - MASCUS - 2019-07-01 00:00:00 - ERROR - STAT - expect_column_values_to_not_be_null - TYPE - correctly filled rate (%) - 100.0
2019-08-30 13:26:22,721 - CAMION - AT - MASCUS - 2019-07-01 00:00:00 - ERROR - STAT - expect_column_values_to_be_in_set_2 - TYPE - observed proportion - 100.0
2019-08-30 13:26:22,721 - CAMION - AT - MASCUS - 2019-07-01 00:00:00 - ERROR - STAT - expect_column_values_to_not_be_null - VILLE - correctly filled rate (%) - 99.66
2019-08-30 13:26:22,721 - CAMION - AT - MASCUS - 2019-07-01 00:00:00 - ERROR - STAT - expect_column_values_to_not_be_null - VN_IND - correctly filled rate (%) - 0.0
2019-08-30 13:26:22,721 - CAMION - AT - MASCUS - 2019-07-01 00:00:00 - ERROR - STAT - expect_returning_row_unique_count - MARQUE_CORRECTED - total number of unique rows - 60
2019-08-30 13:26:22,721 - CAMION - AT - MASCUS - 2019-07-01 00:00:00 - ERROR - STAT - expect_returning_row_unique_count - MODELE_CORRECTED - total number of unique rows - 73
2019-08-30 13:26:22,721 - CAMION - AT - MASCUS - 2019-07-01 00:00:00 - ERROR - STAT - expect_returning_row_unique_count - CARROSSERIE - total number of unique rows - 0
2019-08-30 13:26:22,721 - CAMION - AT - MASCUS - 2019-07-01 00:00:00 - ERROR - STAT - expect_returning_row_unique_count - CARBURANT - total number of unique rows - 1
2019-08-30 13:26:22,721 - CAMION - AT - MASCUS - 2019-07-01 00:00:00 - ERROR - STAT - expect_column_values_to_not_be_null - CYLINDRE - correctly filled rate (%) - 0.0
2019-08-30 13:26:22,721 - CAMION - AT - MASCUS - 2019-07-01 00:00:00 - ERROR - STAT - expect_returning_row_unique_count - PROVINCE - total number of unique rows - 0
2019-08-30 13:26:22,721 - CAMION - AT - MASCUS - 2019-07-01 00:00:00 - ERROR - STAT - expect_returning_row_unique_count - VILLE - total number of unique rows - 131
2019-08-30 13:26:22,721 - CAMION - AT - MASCUS - 2019-07-01 00:00:00 - ERROR - STAT - expect_returning_row_unique_count - DEPARTEMENT - total number of unique rows - 0
2019-08-30 13:26:22,721 - CAMION - AT - MASCUS - 2019-07-01 00:00:00 - ERROR - STAT - expect_returning_row_count_on_conditions - DEALER_USEDCARS - total number of row with conditions - 1462
2019-08-30 13:26:22,722 - CAMION - AT - MASCUS - 2019-07-01 00:00:00 - ERROR - STAT - expect_returning_row_count_on_conditions - PRIVATE_USEDCARS - total number of row with conditions - 3
2019-08-30 13:26:22,722 - CAMION - AT - MASCUS - 2019-07-01 00:00:00 - ERROR - STAT - expect_returning_row_count_on_conditions - TRUCKS - total number of row with conditions - 109
2019-08-30 13:26:22,722 - CAMION - AT - MASCUS - 2019-07-01 00:00:00 - ERROR - STAT - expect_returning_row_count_on_conditions - TRACTOR UNITS - total number of row with conditions - 60
2019-08-30 13:26:22,722 - CAMION - AT - MASCUS - 2019-07-01 00:00:00 - ERROR - STAT - expect_returning_row_count_on_conditions - TRAILERS - total number of row with conditions - 39
2019-08-30 13:26:22,722 - CAMION - AT - MASCUS - 2019-07-01 00:00:00 - ERROR - STAT - expect_returning_row_count_on_conditions - VANS - total number of row with conditions - 3
2019-08-30 13:26:22,722 - CAMION - AT - MASCUS - 2019-07-01 00:00:00 - ERROR - STAT - expect_returning_row_count_on_conditions - HEAVY EQUIPMENTS - total number of row with conditions - 1173
2019-08-30 13:26:22,722 - CAMION - AT - MASCUS - 2019-07-01 00:00:00 - ERROR - STAT - expect_returning_row_count_on_conditions - SEMI TRAILERS - total number of row with conditions - 81
2019-08-30 13:26:22,722 - CAMION - AT - MASCUS - 2019-07-01 00:00:00 - ERROR - STAT - expect_returning_row_count_on_conditions - DEALER_TRUCKS - total number of row with conditions - 108
2019-08-30 13:26:22,722 - CAMION - AT - MASCUS - 2019-07-01 00:00:00 - ERROR - STAT - expect_returning_row_count_on_conditions - PRIVATE_TRUCKS - total number of row with conditions - 1
2019-08-30 13:26:22,722 - CAMION - AT - MASCUS - 2019-07-01 00:00:00 - ERROR - STAT - expect_returning_row_count_on_conditions - DEALER_TRACTOR UNITS - total number of row with conditions - 60
2019-08-30 13:26:22,722 - CAMION - AT - MASCUS - 2019-07-01 00:00:00 - ERROR - STAT - expect_returning_row_count_on_conditions - PRIVATE_TRACTOR UNITS - total number of row with conditions - 0
2019-08-30 13:26:22,722 - CAMION - AT - MASCUS - 2019-07-01 00:00:00 - ERROR - STAT - expect_returning_row_count_on_conditions - DEALER_TRAILERS - total number of row with conditions - 39
2019-08-30 13:26:22,722 - CAMION - AT - MASCUS - 2019-07-01 00:00:00 - ERROR - STAT - expect_returning_row_count_on_conditions - PRIVATE_TRAILERS - total number of row with conditions - 0
2019-08-30 13:26:22,722 - CAMION - AT - MASCUS - 2019-07-01 00:00:00 - ERROR - STAT - expect_returning_row_count_on_conditions - DEALER_VANS - total number of row with conditions - 3
2019-08-30 13:26:22,722 - CAMION - AT - MASCUS - 2019-07-01 00:00:00 - ERROR - STAT - expect_returning_row_count_on_conditions - PRIVATE_VANS - total number of row with conditions - 0
2019-08-30 13:26:22,722 - CAMION - AT - MASCUS - 2019-07-01 00:00:00 - ERROR - STAT - expect_returning_row_count_on_conditions - DEALER_HEAVY EQUIPMENTS - total number of row with conditions - 1171
2019-08-30 13:26:22,722 - CAMION - AT - MASCUS - 2019-07-01 00:00:00 - ERROR - STAT - expect_returning_row_count_on_conditions - PRIVATE_HEAVY EQUIPMENTS - total number of row with conditions - 2
2019-08-30 13:26:22,722 - CAMION - AT - MASCUS - 2019-07-01 00:00:00 - ERROR - STAT - expect_returning_row_count_on_conditions - DEALER_SEMI TRAILERS - total number of row with conditions - 81
2019-08-30 13:26:22,723 - CAMION - AT - MASCUS - 2019-07-01 00:00:00 - ERROR - STAT - expect_returning_row_count_on_conditions - PRIVATE_SEMI TRAILERS - total number of row with conditions - 0
