2019-05-07 13:13:37,351 - VO - BR - COMPREAUTO - 2019-03-01 00:00:00 - ERROR - STAT - expect_column_values_to_be_in_type_list - ANNEE - correctly filled rate (%) - 100.0
2019-05-07 13:13:37,351 - VO - BR - COMPREAUTO - 2019-03-01 00:00:00 - ERROR - STAT - expect_column_values_to_not_be_null - ANNEE - correctly filled rate (%) - 100.0
2019-05-07 13:13:37,351 - VO - BR - COMPREAUTO - 2019-03-01 00:00:00 - ERROR - STAT - expect_column_values_to_be_between - ANNEE - correctly filled rate (%) - 99.47
2019-05-07 13:13:37,351 - VO - BR - COMPREAUTO - 2019-03-01 00:00:00 - ERROR - STAT - expect_column_values_to_not_be_null - ANNONCE_LINK - correctly filled rate (%) - 100.0
2019-05-07 13:13:37,351 - VO - BR - COMPREAUTO - 2019-03-01 00:00:00 - ERROR - STAT - expect_column_values_to_be_unique - ANNONCE_LINK - observed proportion - 100.0
2019-05-07 13:13:37,351 - VO - BR - COMPREAUTO - 2019-03-01 00:00:00 - ERROR - STAT - expect_column_values_to_not_be_null - ID_CLIENT - correctly filled rate (%) - 100.0
2019-05-07 13:13:37,351 - VO - BR - COMPREAUTO - 2019-03-01 00:00:00 - ERROR - STAT - expect_column_values_to_be_unique - ID_CLIENT - observed proportion - 100.0
2019-05-07 13:13:37,351 - VO - BR - COMPREAUTO - 2019-03-01 00:00:00 - ERROR - STAT - expect_column_values_to_not_be_null - TYPE - correctly filled rate (%) - 100.0
2019-05-07 13:13:37,352 - VO - BR - COMPREAUTO - 2019-03-01 00:00:00 - ERROR - STAT - expect_column_values_to_be_in_set_2 - TYPE - observed proportion - 100.0
2019-05-07 13:13:37,352 - VO - BR - COMPREAUTO - 2019-03-01 00:00:00 - ERROR - STAT - expect_column_values_to_not_be_null - SITE - correctly filled rate (%) - 100.0
2019-05-07 13:13:37,352 - VO - BR - COMPREAUTO - 2019-03-01 00:00:00 - ERROR - STAT - expect_column_values_to_not_be_null - NOM - correctly filled rate (%) - 100.0
2019-05-07 13:13:37,352 - VO - BR - COMPREAUTO - 2019-03-01 00:00:00 - ERROR - STAT - expect_column_values_to_not_be_null - CARBURANT - correctly filled rate (%) - 100.0
2019-05-07 13:13:37,352 - VO - BR - COMPREAUTO - 2019-03-01 00:00:00 - ERROR - STAT - expect_column_values_to_be_in_type_list - PRIX - correctly filled rate (%) - 100.0
2019-05-07 13:13:37,352 - VO - BR - COMPREAUTO - 2019-03-01 00:00:00 - ERROR - STAT - expect_column_values_to_not_be_null - PRIX - correctly filled rate (%) - 100.0
2019-05-07 13:13:37,352 - VO - BR - COMPREAUTO - 2019-03-01 00:00:00 - ERROR - FILE_CHECK - expect_column_values_to_be_in_type_list - KM - Wrong type for value: 1150.0 on line 0 should be in ['int']
2019-05-07 13:13:37,352 - VO - BR - COMPREAUTO - 2019-03-01 00:00:00 - ERROR - FILE_CHECK - expect_column_values_to_be_in_type_list - KM - Wrong type for value: 36650.0 on line 1 should be in ['int']
2019-05-07 13:13:37,352 - VO - BR - COMPREAUTO - 2019-03-01 00:00:00 - ERROR - FILE_CHECK - expect_column_values_to_be_in_type_list - KM - Wrong type for value: 90000.0 on line 2 should be in ['int']
2019-05-07 13:13:37,352 - VO - BR - COMPREAUTO - 2019-03-01 00:00:00 - ERROR - FILE_CHECK - expect_column_values_to_be_in_type_list - KM - Wrong type for value: 83000.0 on line 3 should be in ['int']
2019-05-07 13:13:37,352 - VO - BR - COMPREAUTO - 2019-03-01 00:00:00 - ERROR - FILE_CHECK - expect_column_values_to_be_in_type_list - KM - Wrong type for value: 20000.0 on line 4 should be in ['int']
2019-05-07 13:13:37,352 - VO - BR - COMPREAUTO - 2019-03-01 00:00:00 - ERROR - FILE_CHECK - expect_column_values_to_be_in_type_list - KM - Wrong type for value: 999999.0 on line 5 should be in ['int']
2019-05-07 13:13:37,352 - VO - BR - COMPREAUTO - 2019-03-01 00:00:00 - ERROR - FILE_CHECK - expect_column_values_to_be_in_type_list - KM - Wrong type for value: 228000.0 on line 6 should be in ['int']
2019-05-07 13:13:37,352 - VO - BR - COMPREAUTO - 2019-03-01 00:00:00 - ERROR - FILE_CHECK - expect_column_values_to_be_in_type_list - KM - Wrong type for value: 199988.0 on line 7 should be in ['int']
2019-05-07 13:13:37,352 - VO - BR - COMPREAUTO - 2019-03-01 00:00:00 - ERROR - FILE_CHECK - expect_column_values_to_be_in_type_list - KM - Wrong type for value: 115000.0 on line 8 should be in ['int']
2019-05-07 13:13:37,352 - VO - BR - COMPREAUTO - 2019-03-01 00:00:00 - ERROR - FILE_CHECK - expect_column_values_to_be_in_type_list - KM - Wrong type for value: 35000.0 on line 9 should be in ['int']
2019-05-07 13:13:37,352 - VO - BR - COMPREAUTO - 2019-03-01 00:00:00 - ERROR - FILE_CHECK - expect_column_values_to_be_in_type_list - KM - Wrong type for value: 150000.0 on line 10 should be in ['int']
2019-05-07 13:13:37,353 - VO - BR - COMPREAUTO - 2019-03-01 00:00:00 - ERROR - FILE_CHECK - expect_column_values_to_be_in_type_list - KM - Wrong type for value: 1000.0 on line 11 should be in ['int']
2019-05-07 13:13:37,353 - VO - BR - COMPREAUTO - 2019-03-01 00:00:00 - ERROR - FILE_CHECK - expect_column_values_to_be_in_type_list - KM - Wrong type for value: 183000.0 on line 12 should be in ['int']
2019-05-07 13:13:37,353 - VO - BR - COMPREAUTO - 2019-03-01 00:00:00 - ERROR - FILE_CHECK - expect_column_values_to_be_in_type_list - KM - Wrong type for value: 88000.0 on line 13 should be in ['int']
2019-05-07 13:13:37,353 - VO - BR - COMPREAUTO - 2019-03-01 00:00:00 - ERROR - FILE_CHECK - expect_column_values_to_be_in_type_list - KM - Wrong type for value: 125000.0 on line 14 should be in ['int']
2019-05-07 13:13:37,353 - VO - BR - COMPREAUTO - 2019-03-01 00:00:00 - ERROR - FILE_CHECK - expect_column_values_to_be_in_type_list - KM - Wrong type for value: 13136.0 on line 15 should be in ['int']
2019-05-07 13:13:37,353 - VO - BR - COMPREAUTO - 2019-03-01 00:00:00 - ERROR - FILE_CHECK - expect_column_values_to_be_in_type_list - KM - Wrong type for value: 103765.0 on line 16 should be in ['int']
2019-05-07 13:13:37,353 - VO - BR - COMPREAUTO - 2019-03-01 00:00:00 - ERROR - FILE_CHECK - expect_column_values_to_be_in_type_list - KM - Wrong type for value: 99706.0 on line 17 should be in ['int']
2019-05-07 13:13:37,353 - VO - BR - COMPREAUTO - 2019-03-01 00:00:00 - ERROR - FILE_CHECK - expect_column_values_to_be_in_type_list - KM - Wrong type for value: 58927.0 on line 18 should be in ['int']
2019-05-07 13:13:37,353 - VO - BR - COMPREAUTO - 2019-03-01 00:00:00 - ERROR - FILE_CHECK - expect_column_values_to_be_in_type_list - KM - Wrong type for value: 71008.0 on line 19 should be in ['int']
2019-05-07 13:13:37,353 - VO - BR - COMPREAUTO - 2019-03-01 00:00:00 - ERROR - STAT - expect_column_values_to_be_in_type_list - KM - correctly filled rate (%) - 0.0
2019-05-07 13:13:37,353 - VO - BR - COMPREAUTO - 2019-03-01 00:00:00 - ERROR - STAT - expect_column_values_to_not_be_null - KM - correctly filled rate (%) - 100.0
2019-05-07 13:13:37,353 - VO - BR - COMPREAUTO - 2019-03-01 00:00:00 - ERROR - STAT - expect_column_values_to_be_in_type_list - PLACE - correctly filled rate (%) - 100.0
2019-05-07 13:13:37,353 - VO - BR - COMPREAUTO - 2019-03-01 00:00:00 - ERROR - STAT - expect_column_values_to_not_be_null - PLACE - correctly filled rate (%) - 100.0
2019-05-07 13:13:37,353 - VO - BR - COMPREAUTO - 2019-03-01 00:00:00 - ERROR - STAT - expect_column_values_to_be_in_type_list - PHOTO - correctly filled rate (%) - 100.0
2019-05-07 13:13:37,353 - VO - BR - COMPREAUTO - 2019-03-01 00:00:00 - ERROR - STAT - expect_column_values_to_not_be_null - PHOTO - correctly filled rate (%) - 100.0
2019-05-07 13:13:37,353 - VO - BR - COMPREAUTO - 2019-03-01 00:00:00 - ERROR - STAT - expect_column_values_to_be_in_type_list - LITRE - correctly filled rate (%) - 100.0
2019-05-07 13:13:37,353 - VO - BR - COMPREAUTO - 2019-03-01 00:00:00 - ERROR - STAT - expect_column_values_to_not_be_null - LITRE - correctly filled rate (%) - 100.0
2019-05-07 13:13:37,354 - VO - BR - COMPREAUTO - 2019-03-01 00:00:00 - ERROR - STAT - expect_column_values_to_not_be_null - IMMAT - correctly filled rate (%) - 100.0
2019-05-07 13:13:37,354 - VO - BR - COMPREAUTO - 2019-03-01 00:00:00 - ERROR - STAT - expect_column_values_to_not_be_null - VILLE - correctly filled rate (%) - 100.0
2019-05-07 13:13:37,354 - VO - BR - COMPREAUTO - 2019-03-01 00:00:00 - ERROR - STAT - expect_column_values_to_not_be_null - TELEPHONE - correctly filled rate (%) - 100.0
2019-05-07 13:13:37,354 - VO - BR - COMPREAUTO - 2019-03-01 00:00:00 - ERROR - FILE_CHECK - expect_column_values_to_be_phone_number - TELEPHONE - Unexpected value: 16981418080.0 on line 2, value should match a phone number format
2019-05-07 13:13:37,354 - VO - BR - COMPREAUTO - 2019-03-01 00:00:00 - ERROR - FILE_CHECK - expect_column_values_to_be_phone_number - TELEPHONE - Unexpected value: 16999711284.0 on line 3, value should match a phone number format
2019-05-07 13:13:37,354 - VO - BR - COMPREAUTO - 2019-03-01 00:00:00 - ERROR - FILE_CHECK - expect_column_values_to_be_phone_number - TELEPHONE - Unexpected value: 11984568831.0 on line 8, value should match a phone number format
2019-05-07 13:13:37,354 - VO - BR - COMPREAUTO - 2019-03-01 00:00:00 - ERROR - FILE_CHECK - expect_column_values_to_be_phone_number - TELEPHONE - Unexpected value: 16981251988.0 on line 9, value should match a phone number format
2019-05-07 13:13:37,354 - VO - BR - COMPREAUTO - 2019-03-01 00:00:00 - ERROR - FILE_CHECK - expect_column_values_to_be_phone_number - TELEPHONE - Unexpected value: 17981683282.0 on line 10, value should match a phone number format
2019-05-07 13:13:37,354 - VO - BR - COMPREAUTO - 2019-03-01 00:00:00 - ERROR - FILE_CHECK - expect_column_values_to_be_phone_number - TELEPHONE - Unexpected value: 14981118899.0 on line 11, value should match a phone number format
2019-05-07 13:13:37,354 - VO - BR - COMPREAUTO - 2019-03-01 00:00:00 - ERROR - FILE_CHECK - expect_column_values_to_be_phone_number - TELEPHONE - Unexpected value: 14997526591.0 on line 12, value should match a phone number format
2019-05-07 13:13:37,354 - VO - BR - COMPREAUTO - 2019-03-01 00:00:00 - ERROR - FILE_CHECK - expect_column_values_to_be_phone_number - TELEPHONE - Unexpected value: 16974009999.0 on line 14, value should match a phone number format
2019-05-07 13:13:37,354 - VO - BR - COMPREAUTO - 2019-03-01 00:00:00 - ERROR - FILE_CHECK - expect_column_values_to_be_phone_number - TELEPHONE - Unexpected value: 17974001513.0 on line 15, value should match a phone number format
2019-05-07 13:13:37,354 - VO - BR - COMPREAUTO - 2019-03-01 00:00:00 - ERROR - FILE_CHECK - expect_column_values_to_be_phone_number - TELEPHONE - Unexpected value: 16997989684.0 on line 22, value should match a phone number format
2019-05-07 13:13:37,354 - VO - BR - COMPREAUTO - 2019-03-01 00:00:00 - ERROR - FILE_CHECK - expect_column_values_to_be_phone_number - TELEPHONE - Unexpected value: 16992909494.0 on line 24, value should match a phone number format
2019-05-07 13:13:37,354 - VO - BR - COMPREAUTO - 2019-03-01 00:00:00 - ERROR - FILE_CHECK - expect_column_values_to_be_phone_number - TELEPHONE - Unexpected value: 16982080443.0 on line 25, value should match a phone number format
2019-05-07 13:13:37,354 - VO - BR - COMPREAUTO - 2019-03-01 00:00:00 - ERROR - FILE_CHECK - expect_column_values_to_be_phone_number - TELEPHONE - Unexpected value: 16997341516.0 on line 38, value should match a phone number format
2019-05-07 13:13:37,354 - VO - BR - COMPREAUTO - 2019-03-01 00:00:00 - ERROR - FILE_CHECK - expect_column_values_to_be_phone_number - TELEPHONE - Unexpected value: 17997140008.0 on line 39, value should match a phone number format
2019-05-07 13:13:37,354 - VO - BR - COMPREAUTO - 2019-03-01 00:00:00 - ERROR - FILE_CHECK - expect_column_values_to_be_phone_number - TELEPHONE - Unexpected value: 16991615473.0 on line 41, value should match a phone number format
2019-05-07 13:13:37,355 - VO - BR - COMPREAUTO - 2019-03-01 00:00:00 - ERROR - FILE_CHECK - expect_column_values_to_be_phone_number - TELEPHONE - Unexpected value: 17997140008.0 on line 42, value should match a phone number format
2019-05-07 13:13:37,355 - VO - BR - COMPREAUTO - 2019-03-01 00:00:00 - ERROR - FILE_CHECK - expect_column_values_to_be_phone_number - TELEPHONE - Unexpected value: 16999640629.0 on line 74, value should match a phone number format
2019-05-07 13:13:37,355 - VO - BR - COMPREAUTO - 2019-03-01 00:00:00 - ERROR - FILE_CHECK - expect_column_values_to_be_phone_number - TELEPHONE - Unexpected value: 16997971615.0 on line 115, value should match a phone number format
2019-05-07 13:13:37,355 - VO - BR - COMPREAUTO - 2019-03-01 00:00:00 - ERROR - FILE_CHECK - expect_column_values_to_be_phone_number - TELEPHONE - Unexpected value: 17991383833.0 on line 201, value should match a phone number format
2019-05-07 13:13:37,355 - VO - BR - COMPREAUTO - 2019-03-01 00:00:00 - ERROR - FILE_CHECK - expect_column_values_to_be_phone_number - TELEPHONE - Unexpected value: 16981400004.0 on line 313, value should match a phone number format
2019-05-07 13:13:37,355 - VO - BR - COMPREAUTO - 2019-03-01 00:00:00 - ERROR - STAT - expect_column_values_to_be_phone_number - TELEPHONE - correctly filled rate (%) - 80.04
2019-05-07 13:13:37,355 - VO - BR - COMPREAUTO - 2019-03-01 00:00:00 - ERROR - STAT - expect_returning_row_count - EVERY_COLUMNS - total number of rows - 31594
2019-05-07 13:13:37,355 - VO - BR - COMPREAUTO - 2019-03-01 00:00:00 - ERROR - STAT - expect_returning_row_count_on_conditions - DEALER_USEDCARS - total number of row with conditions - 25401
2019-05-07 13:13:37,355 - VO - BR - COMPREAUTO - 2019-03-01 00:00:00 - ERROR - STAT - expect_returning_row_count_on_conditions - PRIVATE_USEDCARS - total number of row with conditions - 6193
2019-05-07 13:13:37,355 - VO - BR - COMPREAUTO - 2019-03-01 00:00:00 - ERROR - STAT - expect_column_value_lengths_to_be_between - NOM - correctly filled rate (%) - 100.0
