2019-10-16 06:21:37,901 - VO - BE - VROOM - 2019-10-01 00:00:00 - ERROR - FILE_VALIDATE - expect_file_to_be_validated - EVERY_COLUMNS - False - 0
2019-10-16 06:21:37,901 - VO - BE - VROOM - 2019-10-01 00:00:00 - ERROR - STAT - expect_column_values_to_not_be_null - ADRESSE - correctly filled rate (%) - 92.85
2019-10-16 06:21:37,901 - VO - BE - VROOM - 2019-10-01 00:00:00 - ERROR - FILE_VALIDATE - expect_column_values_to_not_be_null - ADRESSE - True - 1
2019-10-16 06:21:37,901 - VO - BE - VROOM - 2019-10-01 00:00:00 - ERROR - STAT - expect_column_values_to_be_in_type_list - ANNEE - correctly filled rate (%) - 100.0
2019-10-16 06:21:37,901 - VO - BE - VROOM - 2019-10-01 00:00:00 - ERROR - FILE_VALIDATE - expect_column_values_to_be_in_type_list - ANNEE - True - 1
2019-10-16 06:21:37,901 - VO - BE - VROOM - 2019-10-01 00:00:00 - ERROR - STAT - expect_column_values_to_be_between - ANNEE - correctly filled rate (%) - 99.45
2019-10-16 06:21:37,901 - VO - BE - VROOM - 2019-10-01 00:00:00 - ERROR - STAT - expect_column_values_to_be_between - ANNEE - unexpected count - 110
2019-10-16 06:21:37,901 - VO - BE - VROOM - 2019-10-01 00:00:00 - ERROR - FILE_VALIDATE - expect_column_values_to_be_between - ANNEE - True - 1
2019-10-16 06:21:37,901 - VO - BE - VROOM - 2019-10-01 00:00:00 - ERROR - STAT - expect_column_values_to_not_be_null - ANNEE - correctly filled rate (%) - 100.0
2019-10-16 06:21:37,901 - VO - BE - VROOM - 2019-10-01 00:00:00 - ERROR - FILE_VALIDATE - expect_column_values_to_not_be_null - ANNEE - True - 1
2019-10-16 06:21:37,901 - VO - BE - VROOM - 2019-10-01 00:00:00 - ERROR - FILE_CHECK - expect_column_values_to_match_regex - ANNEE - Unexpected value: 0 on line 14678, value should match regexp ^[0-9]{4}$
2019-10-16 06:21:37,901 - VO - BE - VROOM - 2019-10-01 00:00:00 - ERROR - FILE_CHECK - expect_column_values_to_match_regex - ANNEE - Unexpected value: 0 on line 18779, value should match regexp ^[0-9]{4}$
2019-10-16 06:21:37,901 - VO - BE - VROOM - 2019-10-01 00:00:00 - ERROR - FILE_CHECK - expect_column_values_to_match_regex - ANNEE - Unexpected value: 0 on line 19412, value should match regexp ^[0-9]{4}$
2019-10-16 06:21:37,902 - VO - BE - VROOM - 2019-10-01 00:00:00 - ERROR - STAT - expect_column_values_to_match_regex - ANNEE - correctly filled rate (%) - 99.98
2019-10-16 06:21:37,902 - VO - BE - VROOM - 2019-10-01 00:00:00 - ERROR - FILE_VALIDATE - expect_column_values_to_match_regex - ANNEE - False - 0
2019-10-16 06:21:37,902 - VO - BE - VROOM - 2019-10-01 00:00:00 - ERROR - STAT - expect_column_values_to_not_be_null - ANNONCE_LINK - correctly filled rate (%) - 100.0
2019-10-16 06:21:37,902 - VO - BE - VROOM - 2019-10-01 00:00:00 - ERROR - FILE_VALIDATE - expect_column_values_to_not_be_null - ANNONCE_LINK - True - 1
2019-10-16 06:21:37,902 - VO - BE - VROOM - 2019-10-01 00:00:00 - ERROR - STAT - expect_column_values_to_be_unique - ANNONCE_LINK - observed proportion - 100.0
2019-10-16 06:21:37,902 - VO - BE - VROOM - 2019-10-01 00:00:00 - ERROR - FILE_VALIDATE - expect_column_values_to_be_unique - ANNONCE_LINK - True - 1
2019-10-16 06:21:37,902 - VO - BE - VROOM - 2019-10-01 00:00:00 - ERROR - STAT - expect_column_values_to_not_be_null - CARBURANT - correctly filled rate (%) - 100.0
2019-10-16 06:21:37,902 - VO - BE - VROOM - 2019-10-01 00:00:00 - ERROR - FILE_VALIDATE - expect_column_values_to_not_be_null - CARBURANT - True - 1
2019-10-16 06:21:37,902 - VO - BE - VROOM - 2019-10-01 00:00:00 - ERROR - STAT - expect_column_values_to_not_be_null - CARROSSERIE - correctly filled rate (%) - 100.0
2019-10-16 06:21:37,902 - VO - BE - VROOM - 2019-10-01 00:00:00 - ERROR - FILE_VALIDATE - expect_column_values_to_not_be_null - CARROSSERIE - True - 1
2019-10-16 06:21:37,902 - VO - BE - VROOM - 2019-10-01 00:00:00 - ERROR - STAT - expect_column_values_to_not_be_null - CP - correctly filled rate (%) - 100.0
2019-10-16 06:21:37,902 - VO - BE - VROOM - 2019-10-01 00:00:00 - ERROR - FILE_VALIDATE - expect_column_values_to_not_be_null - CP - True - 1
2019-10-16 06:21:37,902 - VO - BE - VROOM - 2019-10-01 00:00:00 - ERROR - STAT - expect_column_values_to_match_regex - CP - correctly filled rate (%) - 100.0
2019-10-16 06:21:37,902 - VO - BE - VROOM - 2019-10-01 00:00:00 - ERROR - FILE_VALIDATE - expect_column_values_to_match_regex - CP - True - 1
2019-10-16 06:21:37,902 - VO - BE - VROOM - 2019-10-01 00:00:00 - ERROR - STAT - expect_column_values_to_not_be_null - GARAGE_ID - correctly filled rate (%) - 0.0
2019-10-16 06:21:37,902 - VO - BE - VROOM - 2019-10-01 00:00:00 - ERROR - FILE_VALIDATE - expect_column_values_to_not_be_null - GARAGE_ID - False - 0
2019-10-16 06:21:37,902 - VO - BE - VROOM - 2019-10-01 00:00:00 - ERROR - STAT - expect_column_values_to_not_be_null - ID_CLIENT - correctly filled rate (%) - 100.0
2019-10-16 06:21:37,902 - VO - BE - VROOM - 2019-10-01 00:00:00 - ERROR - FILE_VALIDATE - expect_column_values_to_not_be_null - ID_CLIENT - True - 1
2019-10-16 06:21:37,903 - VO - BE - VROOM - 2019-10-01 00:00:00 - ERROR - STAT - expect_column_values_to_be_unique - ID_CLIENT - observed proportion - 100.0
2019-10-16 06:21:37,903 - VO - BE - VROOM - 2019-10-01 00:00:00 - ERROR - FILE_VALIDATE - expect_column_values_to_be_unique - ID_CLIENT - True - 1
2019-10-16 06:21:37,903 - VO - BE - VROOM - 2019-10-01 00:00:00 - ERROR - STAT - expect_returning_row_count - EVERY_COLUMNS - total number of rows - 19896
2019-10-16 06:21:37,903 - VO - BE - VROOM - 2019-10-01 00:00:00 - ERROR - STAT - expect_column_values_to_not_be_null - IMMAT - correctly filled rate (%) - 100.0
2019-10-16 06:21:37,903 - VO - BE - VROOM - 2019-10-01 00:00:00 - ERROR - FILE_VALIDATE - expect_column_values_to_not_be_null - IMMAT - True - 1
2019-10-16 06:21:37,903 - VO - BE - VROOM - 2019-10-01 00:00:00 - ERROR - STAT - expect_column_values_to_be_in_type_list - KM - correctly filled rate (%) - 100.0
2019-10-16 06:21:37,903 - VO - BE - VROOM - 2019-10-01 00:00:00 - ERROR - FILE_VALIDATE - expect_column_values_to_be_in_type_list - KM - True - 1
2019-10-16 06:21:37,903 - VO - BE - VROOM - 2019-10-01 00:00:00 - ERROR - STAT - expect_column_values_to_not_be_null - KM - correctly filled rate (%) - 100.0
2019-10-16 06:21:37,903 - VO - BE - VROOM - 2019-10-01 00:00:00 - ERROR - FILE_VALIDATE - expect_column_values_to_not_be_null - KM - True - 1
2019-10-16 06:21:37,903 - VO - BE - VROOM - 2019-10-01 00:00:00 - ERROR - STAT - expect_column_values_to_be_in_type_list - LITRE - correctly filled rate (%) - 100.0
2019-10-16 06:21:37,903 - VO - BE - VROOM - 2019-10-01 00:00:00 - ERROR - FILE_VALIDATE - expect_column_values_to_be_in_type_list - LITRE - True - 1
2019-10-16 06:21:37,903 - VO - BE - VROOM - 2019-10-01 00:00:00 - ERROR - STAT - expect_column_values_to_not_be_null - LITRE - correctly filled rate (%) - 100.0
2019-10-16 06:21:37,903 - VO - BE - VROOM - 2019-10-01 00:00:00 - ERROR - FILE_VALIDATE - expect_column_values_to_not_be_null - LITRE - True - 1
2019-10-16 06:21:37,903 - VO - BE - VROOM - 2019-10-01 00:00:00 - ERROR - STAT - expect_column_values_to_not_be_null - MARQUE - correctly filled rate (%) - 0.0
2019-10-16 06:21:37,903 - VO - BE - VROOM - 2019-10-01 00:00:00 - ERROR - FILE_VALIDATE - expect_column_values_to_not_be_null - MARQUE - False - 0
2019-10-16 06:21:37,903 - VO - BE - VROOM - 2019-10-01 00:00:00 - ERROR - STAT - expect_column_values_to_not_be_null - MODELE - correctly filled rate (%) - 0.0
2019-10-16 06:21:37,903 - VO - BE - VROOM - 2019-10-01 00:00:00 - ERROR - FILE_VALIDATE - expect_column_values_to_not_be_null - MODELE - False - 0
2019-10-16 06:21:37,903 - VO - BE - VROOM - 2019-10-01 00:00:00 - ERROR - STAT - expect_column_values_to_not_be_null - MOIS - correctly filled rate (%) - 100.0
2019-10-16 06:21:37,904 - VO - BE - VROOM - 2019-10-01 00:00:00 - ERROR - FILE_VALIDATE - expect_column_values_to_not_be_null - MOIS - True - 1
2019-10-16 06:21:37,904 - VO - BE - VROOM - 2019-10-01 00:00:00 - ERROR - FILE_CHECK - expect_column_values_to_be_between - MOIS - Unexpected value: 0 on line 193, value should be between 1 and 12
2019-10-16 06:21:37,904 - VO - BE - VROOM - 2019-10-01 00:00:00 - ERROR - FILE_CHECK - expect_column_values_to_be_between - MOIS - Unexpected value: 0 on line 194, value should be between 1 and 12
2019-10-16 06:21:37,904 - VO - BE - VROOM - 2019-10-01 00:00:00 - ERROR - FILE_CHECK - expect_column_values_to_be_between - MOIS - Unexpected value: 0 on line 195, value should be between 1 and 12
2019-10-16 06:21:37,904 - VO - BE - VROOM - 2019-10-01 00:00:00 - ERROR - FILE_CHECK - expect_column_values_to_be_between - MOIS - Unexpected value: 0 on line 275, value should be between 1 and 12
2019-10-16 06:21:37,904 - VO - BE - VROOM - 2019-10-01 00:00:00 - ERROR - FILE_CHECK - expect_column_values_to_be_between - MOIS - Unexpected value: 0 on line 276, value should be between 1 and 12
2019-10-16 06:21:37,904 - VO - BE - VROOM - 2019-10-01 00:00:00 - ERROR - FILE_CHECK - expect_column_values_to_be_between - MOIS - Unexpected value: 0 on line 277, value should be between 1 and 12
2019-10-16 06:21:37,904 - VO - BE - VROOM - 2019-10-01 00:00:00 - ERROR - FILE_CHECK - expect_column_values_to_be_between - MOIS - Unexpected value: 0 on line 278, value should be between 1 and 12
2019-10-16 06:21:37,904 - VO - BE - VROOM - 2019-10-01 00:00:00 - ERROR - FILE_CHECK - expect_column_values_to_be_between - MOIS - Unexpected value: 0 on line 279, value should be between 1 and 12
2019-10-16 06:21:37,904 - VO - BE - VROOM - 2019-10-01 00:00:00 - ERROR - FILE_CHECK - expect_column_values_to_be_between - MOIS - Unexpected value: 0 on line 297, value should be between 1 and 12
2019-10-16 06:21:37,904 - VO - BE - VROOM - 2019-10-01 00:00:00 - ERROR - FILE_CHECK - expect_column_values_to_be_between - MOIS - Unexpected value: 0 on line 355, value should be between 1 and 12
2019-10-16 06:21:37,904 - VO - BE - VROOM - 2019-10-01 00:00:00 - ERROR - FILE_CHECK - expect_column_values_to_be_between - MOIS - Unexpected value: 0 on line 360, value should be between 1 and 12
2019-10-16 06:21:37,904 - VO - BE - VROOM - 2019-10-01 00:00:00 - ERROR - FILE_CHECK - expect_column_values_to_be_between - MOIS - Unexpected value: 0 on line 376, value should be between 1 and 12
2019-10-16 06:21:37,904 - VO - BE - VROOM - 2019-10-01 00:00:00 - ERROR - FILE_CHECK - expect_column_values_to_be_between - MOIS - Unexpected value: 0 on line 401, value should be between 1 and 12
2019-10-16 06:21:37,904 - VO - BE - VROOM - 2019-10-01 00:00:00 - ERROR - FILE_CHECK - expect_column_values_to_be_between - MOIS - Unexpected value: 0 on line 414, value should be between 1 and 12
2019-10-16 06:21:37,904 - VO - BE - VROOM - 2019-10-01 00:00:00 - ERROR - FILE_CHECK - expect_column_values_to_be_between - MOIS - Unexpected value: 0 on line 432, value should be between 1 and 12
2019-10-16 06:21:37,904 - VO - BE - VROOM - 2019-10-01 00:00:00 - ERROR - FILE_CHECK - expect_column_values_to_be_between - MOIS - Unexpected value: 0 on line 467, value should be between 1 and 12
2019-10-16 06:21:37,904 - VO - BE - VROOM - 2019-10-01 00:00:00 - ERROR - FILE_CHECK - expect_column_values_to_be_between - MOIS - Unexpected value: 0 on line 504, value should be between 1 and 12
2019-10-16 06:21:37,905 - VO - BE - VROOM - 2019-10-01 00:00:00 - ERROR - FILE_CHECK - expect_column_values_to_be_between - MOIS - Unexpected value: 0 on line 520, value should be between 1 and 12
2019-10-16 06:21:37,905 - VO - BE - VROOM - 2019-10-01 00:00:00 - ERROR - FILE_CHECK - expect_column_values_to_be_between - MOIS - Unexpected value: 0 on line 523, value should be between 1 and 12
2019-10-16 06:21:37,905 - VO - BE - VROOM - 2019-10-01 00:00:00 - ERROR - FILE_CHECK - expect_column_values_to_be_between - MOIS - Unexpected value: 0 on line 540, value should be between 1 and 12
2019-10-16 06:21:37,905 - VO - BE - VROOM - 2019-10-01 00:00:00 - ERROR - STAT - expect_column_values_to_be_between - MOIS - correctly filled rate (%) - 93.67
2019-10-16 06:21:37,905 - VO - BE - VROOM - 2019-10-01 00:00:00 - ERROR - STAT - expect_column_values_to_be_between - MOIS - unexpected count - 1260
2019-10-16 06:21:37,905 - VO - BE - VROOM - 2019-10-01 00:00:00 - ERROR - FILE_VALIDATE - expect_column_values_to_be_between - MOIS - False - 0
2019-10-16 06:21:37,905 - VO - BE - VROOM - 2019-10-01 00:00:00 - ERROR - STAT - expect_column_values_to_match_regex - MOIS - correctly filled rate (%) - 100.0
2019-10-16 06:21:37,905 - VO - BE - VROOM - 2019-10-01 00:00:00 - ERROR - FILE_VALIDATE - expect_column_values_to_match_regex - MOIS - True - 1
2019-10-16 06:21:37,905 - VO - BE - VROOM - 2019-10-01 00:00:00 - ERROR - STAT - expect_column_values_to_not_be_null - NOM - correctly filled rate (%) - 100.0
2019-10-16 06:21:37,905 - VO - BE - VROOM - 2019-10-01 00:00:00 - ERROR - FILE_VALIDATE - expect_column_values_to_not_be_null - NOM - True - 1
2019-10-16 06:21:37,905 - VO - BE - VROOM - 2019-10-01 00:00:00 - ERROR - STAT - expect_column_value_lengths_to_be_between - NOM - correctly filled rate (%) - 100.0
2019-10-16 06:21:37,905 - VO - BE - VROOM - 2019-10-01 00:00:00 - ERROR - FILE_VALIDATE - expect_column_value_lengths_to_be_between - NOM - True - 1
2019-10-16 06:21:37,905 - VO - BE - VROOM - 2019-10-01 00:00:00 - ERROR - STAT - expect_column_values_to_not_be_null - OPTIONS - correctly filled rate (%) - 0.0
2019-10-16 06:21:37,905 - VO - BE - VROOM - 2019-10-01 00:00:00 - ERROR - FILE_VALIDATE - expect_column_values_to_not_be_null - OPTIONS - False - 0
2019-10-16 06:21:37,905 - VO - BE - VROOM - 2019-10-01 00:00:00 - ERROR - STAT - expect_column_values_to_be_in_type_list - PHOTO - correctly filled rate (%) - 100.0
2019-10-16 06:21:37,905 - VO - BE - VROOM - 2019-10-01 00:00:00 - ERROR - FILE_VALIDATE - expect_column_values_to_be_in_type_list - PHOTO - True - 1
2019-10-16 06:21:37,905 - VO - BE - VROOM - 2019-10-01 00:00:00 - ERROR - STAT - expect_column_values_to_not_be_null - PHOTO - correctly filled rate (%) - 100.0
2019-10-16 06:21:37,905 - VO - BE - VROOM - 2019-10-01 00:00:00 - ERROR - FILE_VALIDATE - expect_column_values_to_not_be_null - PHOTO - True - 1
2019-10-16 06:21:37,906 - VO - BE - VROOM - 2019-10-01 00:00:00 - ERROR - STAT - expect_column_values_to_not_be_null - PLACE - correctly filled rate (%) - 0.0
2019-10-16 06:21:37,906 - VO - BE - VROOM - 2019-10-01 00:00:00 - ERROR - FILE_VALIDATE - expect_column_values_to_not_be_null - PLACE - False - 0
2019-10-16 06:21:37,906 - VO - BE - VROOM - 2019-10-01 00:00:00 - ERROR - STAT - expect_column_values_to_not_be_null - PORTE - correctly filled rate (%) - 0.0
2019-10-16 06:21:37,906 - VO - BE - VROOM - 2019-10-01 00:00:00 - ERROR - FILE_VALIDATE - expect_column_values_to_not_be_null - PORTE - False - 0
2019-10-16 06:21:37,906 - VO - BE - VROOM - 2019-10-01 00:00:00 - ERROR - STAT - expect_column_values_to_be_in_type_list - PRIX - correctly filled rate (%) - 100.0
2019-10-16 06:21:37,906 - VO - BE - VROOM - 2019-10-01 00:00:00 - ERROR - FILE_VALIDATE - expect_column_values_to_be_in_type_list - PRIX - True - 1
2019-10-16 06:21:37,906 - VO - BE - VROOM - 2019-10-01 00:00:00 - ERROR - STAT - expect_column_values_to_not_be_null - PRIX - correctly filled rate (%) - 100.0
2019-10-16 06:21:37,906 - VO - BE - VROOM - 2019-10-01 00:00:00 - ERROR - FILE_VALIDATE - expect_column_values_to_not_be_null - PRIX - True - 1
2019-10-16 06:21:37,906 - VO - BE - VROOM - 2019-10-01 00:00:00 - ERROR - STAT - expect_column_values_to_not_be_null - PROVINCE - correctly filled rate (%) - 0.0
2019-10-16 06:21:37,906 - VO - BE - VROOM - 2019-10-01 00:00:00 - ERROR - FILE_VALIDATE - expect_column_values_to_not_be_null - PROVINCE - False - 0
2019-10-16 06:21:37,906 - VO - BE - VROOM - 2019-10-01 00:00:00 - ERROR - STAT - expect_column_values_to_not_be_null - SITE - correctly filled rate (%) - 100.0
2019-10-16 06:21:37,906 - VO - BE - VROOM - 2019-10-01 00:00:00 - ERROR - FILE_VALIDATE - expect_column_values_to_not_be_null - SITE - True - 1
2019-10-16 06:21:37,906 - VO - BE - VROOM - 2019-10-01 00:00:00 - ERROR - STAT - expect_column_values_to_not_be_null - TELEPHONE - correctly filled rate (%) - 97.36
2019-10-16 06:21:37,906 - VO - BE - VROOM - 2019-10-01 00:00:00 - ERROR - FILE_VALIDATE - expect_column_values_to_not_be_null - TELEPHONE - True - 1
2019-10-16 06:21:37,906 - VO - BE - VROOM - 2019-10-01 00:00:00 - ERROR - FILE_CHECK - expect_column_values_to_be_phone_number - TELEPHONE - Unexpected value: +069-889191 on line 11, value should match a phone number format
2019-10-16 06:21:37,906 - VO - BE - VROOM - 2019-10-01 00:00:00 - ERROR - FILE_CHECK - expect_column_values_to_be_phone_number - TELEPHONE - Unexpected value: +08976.51.71 on line 14, value should match a phone number format
2019-10-16 06:21:37,906 - VO - BE - VROOM - 2019-10-01 00:00:00 - ERROR - FILE_CHECK - expect_column_values_to_be_phone_number - TELEPHONE - Unexpected value: +08976.51.71 on line 15, value should match a phone number format
2019-10-16 06:21:37,906 - VO - BE - VROOM - 2019-10-01 00:00:00 - ERROR - FILE_CHECK - expect_column_values_to_be_phone_number - TELEPHONE - Unexpected value: +0495875492 on line 16, value should match a phone number format
2019-10-16 06:21:37,907 - VO - BE - VROOM - 2019-10-01 00:00:00 - ERROR - FILE_CHECK - expect_column_values_to_be_phone_number - TELEPHONE - Unexpected value: +025822911 on line 17, value should match a phone number format
2019-10-16 06:21:37,907 - VO - BE - VROOM - 2019-10-01 00:00:00 - ERROR - FILE_CHECK - expect_column_values_to_be_phone_number - TELEPHONE - Unexpected value: +08976.51.71 on line 18, value should match a phone number format
2019-10-16 06:21:37,907 - VO - BE - VROOM - 2019-10-01 00:00:00 - ERROR - FILE_CHECK - expect_column_values_to_be_phone_number - TELEPHONE - Unexpected value: +011250909 on line 19, value should match a phone number format
2019-10-16 06:21:37,907 - VO - BE - VROOM - 2019-10-01 00:00:00 - ERROR - FILE_CHECK - expect_column_values_to_be_phone_number - TELEPHONE - Unexpected value: +01455.36.46 on line 21, value should match a phone number format
2019-10-16 06:21:37,907 - VO - BE - VROOM - 2019-10-01 00:00:00 - ERROR - FILE_CHECK - expect_column_values_to_be_phone_number - TELEPHONE - Unexpected value: +016850.424 on line 22, value should match a phone number format
2019-10-16 06:21:37,907 - VO - BE - VROOM - 2019-10-01 00:00:00 - ERROR - FILE_CHECK - expect_column_values_to_be_phone_number - TELEPHONE - Unexpected value: +04377 91 91 on line 26, value should match a phone number format
2019-10-16 06:21:37,907 - VO - BE - VROOM - 2019-10-01 00:00:00 - ERROR - FILE_CHECK - expect_column_values_to_be_phone_number - TELEPHONE - Unexpected value: +04377 91 91 on line 27, value should match a phone number format
2019-10-16 06:21:37,907 - VO - BE - VROOM - 2019-10-01 00:00:00 - ERROR - FILE_CHECK - expect_column_values_to_be_phone_number - TELEPHONE - Unexpected value: +01344.31.39 on line 36, value should match a phone number format
2019-10-16 06:21:37,907 - VO - BE - VROOM - 2019-10-01 00:00:00 - ERROR - FILE_CHECK - expect_column_values_to_be_phone_number - TELEPHONE - Unexpected value: +01344.31.39 on line 37, value should match a phone number format
2019-10-16 06:21:37,907 - VO - BE - VROOM - 2019-10-01 00:00:00 - ERROR - FILE_CHECK - expect_column_values_to_be_phone_number - TELEPHONE - Unexpected value: +014585069 on line 38, value should match a phone number format
2019-10-16 06:21:37,907 - VO - BE - VROOM - 2019-10-01 00:00:00 - ERROR - FILE_CHECK - expect_column_values_to_be_phone_number - TELEPHONE - Unexpected value: +01344.31.39 on line 39, value should match a phone number format
2019-10-16 06:21:37,907 - VO - BE - VROOM - 2019-10-01 00:00:00 - ERROR - FILE_CHECK - expect_column_values_to_be_phone_number - TELEPHONE - Unexpected value: +01344.31.39 on line 40, value should match a phone number format
2019-10-16 06:21:37,907 - VO - BE - VROOM - 2019-10-01 00:00:00 - ERROR - FILE_CHECK - expect_column_values_to_be_phone_number - TELEPHONE - Unexpected value: +014585069 on line 41, value should match a phone number format
2019-10-16 06:21:37,907 - VO - BE - VROOM - 2019-10-01 00:00:00 - ERROR - FILE_CHECK - expect_column_values_to_be_phone_number - TELEPHONE - Unexpected value: +089701768 on line 42, value should match a phone number format
2019-10-16 06:21:37,907 - VO - BE - VROOM - 2019-10-01 00:00:00 - ERROR - FILE_CHECK - expect_column_values_to_be_phone_number - TELEPHONE - Unexpected value: +02705.46.46 on line 43, value should match a phone number format
2019-10-16 06:21:37,907 - VO - BE - VROOM - 2019-10-01 00:00:00 - ERROR - FILE_CHECK - expect_column_values_to_be_phone_number - TELEPHONE - Unexpected value: +02705.46.46 on line 44, value should match a phone number format
2019-10-16 06:21:37,907 - VO - BE - VROOM - 2019-10-01 00:00:00 - ERROR - STAT - expect_column_values_to_be_phone_number - TELEPHONE - correctly filled rate (%) - 64.25
2019-10-16 06:21:37,908 - VO - BE - VROOM - 2019-10-01 00:00:00 - ERROR - FILE_VALIDATE - expect_column_values_to_be_phone_number - TELEPHONE - False - 0
2019-10-16 06:21:37,908 - VO - BE - VROOM - 2019-10-01 00:00:00 - ERROR - STAT - expect_column_values_to_not_be_null - TYPE - correctly filled rate (%) - 100.0
2019-10-16 06:21:37,908 - VO - BE - VROOM - 2019-10-01 00:00:00 - ERROR - FILE_VALIDATE - expect_column_values_to_not_be_null - TYPE - True - 1
2019-10-16 06:21:37,908 - VO - BE - VROOM - 2019-10-01 00:00:00 - ERROR - STAT - expect_column_values_to_be_in_set_2 - TYPE - observed proportion - 100.0
2019-10-16 06:21:37,908 - VO - BE - VROOM - 2019-10-01 00:00:00 - ERROR - STAT - expect_column_values_to_not_be_null - VILLE - correctly filled rate (%) - 100.0
2019-10-16 06:21:37,908 - VO - BE - VROOM - 2019-10-01 00:00:00 - ERROR - FILE_VALIDATE - expect_column_values_to_not_be_null - VILLE - True - 1
2019-10-16 06:21:37,908 - VO - BE - VROOM - 2019-10-01 00:00:00 - ERROR - STAT - expect_column_values_to_not_be_null - VN_IND - correctly filled rate (%) - 0.0
2019-10-16 06:21:37,908 - VO - BE - VROOM - 2019-10-01 00:00:00 - ERROR - FILE_VALIDATE - expect_column_values_to_not_be_null - VN_IND - False - 0
2019-10-16 06:21:37,908 - VO - BE - VROOM - 2019-10-01 00:00:00 - ERROR - STAT - expect_returning_row_unique_count - MARQUE_CORRECTED - total number of unique rows - 66
2019-10-16 06:21:37,908 - VO - BE - VROOM - 2019-10-01 00:00:00 - ERROR - STAT - expect_returning_row_unique_count - MODELE_CORRECTED - total number of unique rows - 584
2019-10-16 06:21:37,908 - VO - BE - VROOM - 2019-10-01 00:00:00 - ERROR - STAT - expect_returning_row_unique_count - CARROSSERIE - total number of unique rows - 10
2019-10-16 06:21:37,908 - VO - BE - VROOM - 2019-10-01 00:00:00 - ERROR - STAT - expect_returning_row_unique_count - CARBURANT - total number of unique rows - 8
2019-10-16 06:21:37,908 - VO - BE - VROOM - 2019-10-01 00:00:00 - ERROR - STAT - expect_column_values_to_not_be_null - CYLINDRE - correctly filled rate (%) - 96.9
2019-10-16 06:21:37,908 - VO - BE - VROOM - 2019-10-01 00:00:00 - ERROR - FILE_VALIDATE - expect_column_values_to_not_be_null - CYLINDRE - True - 1
2019-10-16 06:21:37,908 - VO - BE - VROOM - 2019-10-01 00:00:00 - ERROR - FILE_CHECK - expect_column_values_to_be_in_type_list - CYLINDRE - Wrong type for value: 1968.0 on line 0 should be in ['int']
2019-10-16 06:21:37,908 - VO - BE - VROOM - 2019-10-01 00:00:00 - ERROR - FILE_CHECK - expect_column_values_to_be_in_type_list - CYLINDRE - Wrong type for value: 4134.0 on line 1 should be in ['int']
2019-10-16 06:21:37,908 - VO - BE - VROOM - 2019-10-01 00:00:00 - ERROR - FILE_CHECK - expect_column_values_to_be_in_type_list - CYLINDRE - Wrong type for value: 1598.0 on line 2 should be in ['int']
2019-10-16 06:21:37,908 - VO - BE - VROOM - 2019-10-01 00:00:00 - ERROR - FILE_CHECK - expect_column_values_to_be_in_type_list - CYLINDRE - Wrong type for value: 1598.0 on line 3 should be in ['int']
2019-10-16 06:21:37,909 - VO - BE - VROOM - 2019-10-01 00:00:00 - ERROR - FILE_CHECK - expect_column_values_to_be_in_type_list - CYLINDRE - Wrong type for value: 5700.0 on line 4 should be in ['int']
2019-10-16 06:21:37,909 - VO - BE - VROOM - 2019-10-01 00:00:00 - ERROR - FILE_CHECK - expect_column_values_to_be_in_type_list - CYLINDRE - Wrong type for value: 3600.0 on line 5 should be in ['int']
2019-10-16 06:21:37,909 - VO - BE - VROOM - 2019-10-01 00:00:00 - ERROR - FILE_CHECK - expect_column_values_to_be_in_type_list - CYLINDRE - Wrong type for value: 3800.0 on line 6 should be in ['int']
2019-10-16 06:21:37,909 - VO - BE - VROOM - 2019-10-01 00:00:00 - ERROR - FILE_CHECK - expect_column_values_to_be_in_type_list - CYLINDRE - Wrong type for value: 3800.0 on line 7 should be in ['int']
2019-10-16 06:21:37,909 - VO - BE - VROOM - 2019-10-01 00:00:00 - ERROR - FILE_CHECK - expect_column_values_to_be_in_type_list - CYLINDRE - Wrong type for value: 3797.0 on line 8 should be in ['int']
2019-10-16 06:21:37,909 - VO - BE - VROOM - 2019-10-01 00:00:00 - ERROR - FILE_CHECK - expect_column_values_to_be_in_type_list - CYLINDRE - Wrong type for value: 3600.0 on line 9 should be in ['int']
2019-10-16 06:21:37,909 - VO - BE - VROOM - 2019-10-01 00:00:00 - ERROR - FILE_CHECK - expect_column_values_to_be_in_type_list - CYLINDRE - Wrong type for value: 3800.0 on line 10 should be in ['int']
2019-10-16 06:21:37,909 - VO - BE - VROOM - 2019-10-01 00:00:00 - ERROR - FILE_CHECK - expect_column_values_to_be_in_type_list - CYLINDRE - Wrong type for value: 1968.0 on line 11 should be in ['int']
2019-10-16 06:21:37,909 - VO - BE - VROOM - 2019-10-01 00:00:00 - ERROR - FILE_CHECK - expect_column_values_to_be_in_type_list - CYLINDRE - Wrong type for value: 1799.0 on line 12 should be in ['int']
2019-10-16 06:21:37,909 - VO - BE - VROOM - 2019-10-01 00:00:00 - ERROR - FILE_CHECK - expect_column_values_to_be_in_type_list - CYLINDRE - Wrong type for value: 1364.0 on line 13 should be in ['int']
2019-10-16 06:21:37,909 - VO - BE - VROOM - 2019-10-01 00:00:00 - ERROR - FILE_CHECK - expect_column_values_to_be_in_type_list - CYLINDRE - Wrong type for value: 1364.0 on line 14 should be in ['int']
2019-10-16 06:21:37,909 - VO - BE - VROOM - 2019-10-01 00:00:00 - ERROR - FILE_CHECK - expect_column_values_to_be_in_type_list - CYLINDRE - Wrong type for value: 1560.0 on line 16 should be in ['int']
2019-10-16 06:21:37,909 - VO - BE - VROOM - 2019-10-01 00:00:00 - ERROR - FILE_CHECK - expect_column_values_to_be_in_type_list - CYLINDRE - Wrong type for value: 1956.0 on line 17 should be in ['int']
2019-10-16 06:21:37,909 - VO - BE - VROOM - 2019-10-01 00:00:00 - ERROR - FILE_CHECK - expect_column_values_to_be_in_type_list - CYLINDRE - Wrong type for value: 1998.0 on line 18 should be in ['int']
2019-10-16 06:21:37,909 - VO - BE - VROOM - 2019-10-01 00:00:00 - ERROR - FILE_CHECK - expect_column_values_to_be_in_type_list - CYLINDRE - Wrong type for value: 14990.0 on line 19 should be in ['int']
2019-10-16 06:21:37,909 - VO - BE - VROOM - 2019-10-01 00:00:00 - ERROR - FILE_CHECK - expect_column_values_to_be_in_type_list - CYLINDRE - Wrong type for value: 1461.0 on line 20 should be in ['int']
2019-10-16 06:21:37,909 - VO - BE - VROOM - 2019-10-01 00:00:00 - ERROR - STAT - expect_column_values_to_be_in_type_list - CYLINDRE - correctly filled rate (%) - 0.0
2019-10-16 06:21:37,909 - VO - BE - VROOM - 2019-10-01 00:00:00 - ERROR - FILE_VALIDATE - expect_column_values_to_be_in_type_list - CYLINDRE - False - 0
2019-10-16 06:21:37,910 - VO - BE - VROOM - 2019-10-01 00:00:00 - ERROR - STAT - expect_returning_row_unique_count - PROVINCE - total number of unique rows - 0
2019-10-16 06:21:37,910 - VO - BE - VROOM - 2019-10-01 00:00:00 - ERROR - STAT - expect_returning_row_unique_count - VILLE - total number of unique rows - 872
2019-10-16 06:21:37,910 - VO - BE - VROOM - 2019-10-01 00:00:00 - ERROR - STAT - expect_returning_row_unique_count - DEPARTEMENT - total number of unique rows - 0
2019-10-16 06:21:37,910 - VO - BE - VROOM - 2019-10-01 00:00:00 - ERROR - STAT - expect_returning_row_count_on_conditions - DEALER_USEDCARS - total number of row with conditions - 0
2019-10-16 06:21:37,910 - VO - BE - VROOM - 2019-10-01 00:00:00 - ERROR - STAT - expect_returning_row_count_on_conditions - PRIVATE_USEDCARS - total number of row with conditions - 0
2019-10-16 06:21:37,910 - VO - BE - VROOM - 2019-10-01 00:00:00 - ERROR - STAT - expect_returning_row_count_on_conditions - DEALER_NEWCARS - total number of row with conditions - 0
2019-10-16 06:21:37,910 - VO - BE - VROOM - 2019-10-01 00:00:00 - ERROR - STAT - expect_returning_row_unique_count - GARAGE_ID - total number of unique rows - 0
