2019-06-03 12:44:51,930 - VO - CA - AUTOTRADER - 2019-05-01 00:00:00 - ERROR - STAT - expect_column_values_to_not_be_null - ADRESSE - correctly filled rate (%) - 91.29
2019-06-03 12:44:51,930 - VO - CA - AUTOTRADER - 2019-05-01 00:00:00 - ERROR - STAT - expect_column_values_to_be_in_type_list - ANNEE - correctly filled rate (%) - 100.0
2019-06-03 12:44:51,930 - VO - CA - AUTOTRADER - 2019-05-01 00:00:00 - ERROR - STAT - expect_column_values_to_be_between - ANNEE - correctly filled rate (%) - 99.21
2019-06-03 12:44:51,930 - VO - CA - AUTOTRADER - 2019-05-01 00:00:00 - ERROR - STAT - expect_column_values_to_not_be_null - ANNEE - correctly filled rate (%) - 100.0
2019-06-03 12:44:51,930 - VO - CA - AUTOTRADER - 2019-05-01 00:00:00 - ERROR - STAT - expect_column_values_to_match_regex - ANNEE - correctly filled rate (%) - 100.0
2019-06-03 12:44:51,931 - VO - CA - AUTOTRADER - 2019-05-01 00:00:00 - ERROR - STAT - expect_column_values_to_not_be_null - ANNONCE_LINK - correctly filled rate (%) - 100.0
2019-06-03 12:44:51,931 - VO - CA - AUTOTRADER - 2019-05-01 00:00:00 - ERROR - STAT - expect_column_values_to_be_unique - ANNONCE_LINK - observed proportion - 100.0
2019-06-03 12:44:51,931 - VO - CA - AUTOTRADER - 2019-05-01 00:00:00 - ERROR - STAT - expect_column_values_to_not_be_null - CARBURANT - correctly filled rate (%) - 99.84
2019-06-03 12:44:51,931 - VO - CA - AUTOTRADER - 2019-05-01 00:00:00 - ERROR - STAT - expect_column_values_to_not_be_null - CARROSSERIE - correctly filled rate (%) - 99.83
2019-06-03 12:44:51,931 - VO - CA - AUTOTRADER - 2019-05-01 00:00:00 - ERROR - STAT - expect_column_values_to_not_be_null - CP - correctly filled rate (%) - 0.0
2019-06-03 12:44:51,931 - VO - CA - AUTOTRADER - 2019-05-01 00:00:00 - ERROR - STAT - expect_column_values_to_not_be_null - GARAGE_ID - correctly filled rate (%) - 0.0
2019-06-03 12:44:51,931 - VO - CA - AUTOTRADER - 2019-05-01 00:00:00 - ERROR - STAT - expect_column_values_to_not_be_null - ID_CLIENT - correctly filled rate (%) - 100.0
2019-06-03 12:44:51,931 - VO - CA - AUTOTRADER - 2019-05-01 00:00:00 - ERROR - STAT - expect_column_values_to_be_unique - ID_CLIENT - observed proportion - 100.0
2019-06-03 12:44:51,931 - VO - CA - AUTOTRADER - 2019-05-01 00:00:00 - ERROR - STAT - expect_returning_row_count - EVERY_COLUMNS - total number of rows - 420743
2019-06-03 12:44:51,931 - VO - CA - AUTOTRADER - 2019-05-01 00:00:00 - ERROR - STAT - expect_column_values_to_not_be_null - IMMAT - correctly filled rate (%) - 100.0
2019-06-03 12:44:51,931 - VO - CA - AUTOTRADER - 2019-05-01 00:00:00 - ERROR - STAT - expect_column_values_to_be_in_type_list - KM - correctly filled rate (%) - 100.0
2019-06-03 12:44:51,931 - VO - CA - AUTOTRADER - 2019-05-01 00:00:00 - ERROR - STAT - expect_column_values_to_not_be_null - KM - correctly filled rate (%) - 100.0
2019-06-03 12:44:51,931 - VO - CA - AUTOTRADER - 2019-05-01 00:00:00 - ERROR - FILE_CHECK - expect_column_values_to_be_in_type_list - LITRE - Wrong type for value: 0.0 on line 0 should be in ['int', 'float']
2019-06-03 12:44:51,931 - VO - CA - AUTOTRADER - 2019-05-01 00:00:00 - ERROR - FILE_CHECK - expect_column_values_to_be_in_type_list - LITRE - Wrong type for value: 0.0 on line 1 should be in ['int', 'float']
2019-06-03 12:44:51,931 - VO - CA - AUTOTRADER - 2019-05-01 00:00:00 - ERROR - FILE_CHECK - expect_column_values_to_be_in_type_list - LITRE - Wrong type for value: 0.0 on line 2 should be in ['int', 'float']
2019-06-03 12:44:51,931 - VO - CA - AUTOTRADER - 2019-05-01 00:00:00 - ERROR - FILE_CHECK - expect_column_values_to_be_in_type_list - LITRE - Wrong type for value: 0.0 on line 3 should be in ['int', 'float']
2019-06-03 12:44:51,931 - VO - CA - AUTOTRADER - 2019-05-01 00:00:00 - ERROR - FILE_CHECK - expect_column_values_to_be_in_type_list - LITRE - Wrong type for value: 0.0 on line 4 should be in ['int', 'float']
2019-06-03 12:44:51,932 - VO - CA - AUTOTRADER - 2019-05-01 00:00:00 - ERROR - FILE_CHECK - expect_column_values_to_be_in_type_list - LITRE - Wrong type for value: 0.0 on line 5 should be in ['int', 'float']
2019-06-03 12:44:51,932 - VO - CA - AUTOTRADER - 2019-05-01 00:00:00 - ERROR - FILE_CHECK - expect_column_values_to_be_in_type_list - LITRE - Wrong type for value: 0.0 on line 6 should be in ['int', 'float']
2019-06-03 12:44:51,932 - VO - CA - AUTOTRADER - 2019-05-01 00:00:00 - ERROR - FILE_CHECK - expect_column_values_to_be_in_type_list - LITRE - Wrong type for value: 0.0 on line 7 should be in ['int', 'float']
2019-06-03 12:44:51,932 - VO - CA - AUTOTRADER - 2019-05-01 00:00:00 - ERROR - FILE_CHECK - expect_column_values_to_be_in_type_list - LITRE - Wrong type for value: 0.0 on line 8 should be in ['int', 'float']
2019-06-03 12:44:51,932 - VO - CA - AUTOTRADER - 2019-05-01 00:00:00 - ERROR - FILE_CHECK - expect_column_values_to_be_in_type_list - LITRE - Wrong type for value: 0.0 on line 9 should be in ['int', 'float']
2019-06-03 12:44:51,932 - VO - CA - AUTOTRADER - 2019-05-01 00:00:00 - ERROR - FILE_CHECK - expect_column_values_to_be_in_type_list - LITRE - Wrong type for value: 0.0 on line 10 should be in ['int', 'float']
2019-06-03 12:44:51,932 - VO - CA - AUTOTRADER - 2019-05-01 00:00:00 - ERROR - FILE_CHECK - expect_column_values_to_be_in_type_list - LITRE - Wrong type for value: 0.0 on line 11 should be in ['int', 'float']
2019-06-03 12:44:51,932 - VO - CA - AUTOTRADER - 2019-05-01 00:00:00 - ERROR - FILE_CHECK - expect_column_values_to_be_in_type_list - LITRE - Wrong type for value: 0.0 on line 12 should be in ['int', 'float']
2019-06-03 12:44:51,932 - VO - CA - AUTOTRADER - 2019-05-01 00:00:00 - ERROR - FILE_CHECK - expect_column_values_to_be_in_type_list - LITRE - Wrong type for value: 0.0 on line 13 should be in ['int', 'float']
2019-06-03 12:44:51,932 - VO - CA - AUTOTRADER - 2019-05-01 00:00:00 - ERROR - FILE_CHECK - expect_column_values_to_be_in_type_list - LITRE - Wrong type for value: 0.0 on line 14 should be in ['int', 'float']
2019-06-03 12:44:51,932 - VO - CA - AUTOTRADER - 2019-05-01 00:00:00 - ERROR - FILE_CHECK - expect_column_values_to_be_in_type_list - LITRE - Wrong type for value: 0.0 on line 15 should be in ['int', 'float']
2019-06-03 12:44:51,932 - VO - CA - AUTOTRADER - 2019-05-01 00:00:00 - ERROR - FILE_CHECK - expect_column_values_to_be_in_type_list - LITRE - Wrong type for value: 0.0 on line 16 should be in ['int', 'float']
2019-06-03 12:44:51,932 - VO - CA - AUTOTRADER - 2019-05-01 00:00:00 - ERROR - FILE_CHECK - expect_column_values_to_be_in_type_list - LITRE - Wrong type for value: 0.0 on line 17 should be in ['int', 'float']
2019-06-03 12:44:51,932 - VO - CA - AUTOTRADER - 2019-05-01 00:00:00 - ERROR - FILE_CHECK - expect_column_values_to_be_in_type_list - LITRE - Wrong type for value: 0.0 on line 18 should be in ['int', 'float']
2019-06-03 12:44:51,932 - VO - CA - AUTOTRADER - 2019-05-01 00:00:00 - ERROR - FILE_CHECK - expect_column_values_to_be_in_type_list - LITRE - Wrong type for value: 0.0 on line 19 should be in ['int', 'float']
2019-06-03 12:44:51,932 - VO - CA - AUTOTRADER - 2019-05-01 00:00:00 - ERROR - STAT - expect_column_values_to_be_in_type_list - LITRE - correctly filled rate (%) - 7.79
2019-06-03 12:44:51,932 - VO - CA - AUTOTRADER - 2019-05-01 00:00:00 - ERROR - STAT - expect_column_values_to_not_be_null - LITRE - correctly filled rate (%) - 100.0
2019-06-03 12:44:51,932 - VO - CA - AUTOTRADER - 2019-05-01 00:00:00 - ERROR - STAT - expect_column_values_to_not_be_null - MARQUE - correctly filled rate (%) - 100.0
2019-06-03 12:44:51,933 - VO - CA - AUTOTRADER - 2019-05-01 00:00:00 - ERROR - STAT - expect_column_values_to_not_be_null - MODELE - correctly filled rate (%) - 99.85
2019-06-03 12:44:51,933 - VO - CA - AUTOTRADER - 2019-05-01 00:00:00 - ERROR - STAT - expect_column_values_to_not_be_null - MOIS - correctly filled rate (%) - 100.0
2019-06-03 12:44:51,933 - VO - CA - AUTOTRADER - 2019-05-01 00:00:00 - ERROR - FILE_CHECK - expect_column_values_to_be_between - MOIS - Unexpected value: 0.0 on line 0, value should be between 1 and 12
2019-06-03 12:44:51,933 - VO - CA - AUTOTRADER - 2019-05-01 00:00:00 - ERROR - FILE_CHECK - expect_column_values_to_be_between - MOIS - Unexpected value: 0.0 on line 1, value should be between 1 and 12
2019-06-03 12:44:51,933 - VO - CA - AUTOTRADER - 2019-05-01 00:00:00 - ERROR - FILE_CHECK - expect_column_values_to_be_between - MOIS - Unexpected value: 0.0 on line 2, value should be between 1 and 12
2019-06-03 12:44:51,933 - VO - CA - AUTOTRADER - 2019-05-01 00:00:00 - ERROR - FILE_CHECK - expect_column_values_to_be_between - MOIS - Unexpected value: 0.0 on line 3, value should be between 1 and 12
2019-06-03 12:44:51,933 - VO - CA - AUTOTRADER - 2019-05-01 00:00:00 - ERROR - FILE_CHECK - expect_column_values_to_be_between - MOIS - Unexpected value: 0.0 on line 4, value should be between 1 and 12
2019-06-03 12:44:51,933 - VO - CA - AUTOTRADER - 2019-05-01 00:00:00 - ERROR - FILE_CHECK - expect_column_values_to_be_between - MOIS - Unexpected value: 0.0 on line 5, value should be between 1 and 12
2019-06-03 12:44:51,933 - VO - CA - AUTOTRADER - 2019-05-01 00:00:00 - ERROR - FILE_CHECK - expect_column_values_to_be_between - MOIS - Unexpected value: 0.0 on line 6, value should be between 1 and 12
2019-06-03 12:44:51,933 - VO - CA - AUTOTRADER - 2019-05-01 00:00:00 - ERROR - FILE_CHECK - expect_column_values_to_be_between - MOIS - Unexpected value: 0.0 on line 7, value should be between 1 and 12
2019-06-03 12:44:51,933 - VO - CA - AUTOTRADER - 2019-05-01 00:00:00 - ERROR - FILE_CHECK - expect_column_values_to_be_between - MOIS - Unexpected value: 0.0 on line 8, value should be between 1 and 12
2019-06-03 12:44:51,933 - VO - CA - AUTOTRADER - 2019-05-01 00:00:00 - ERROR - FILE_CHECK - expect_column_values_to_be_between - MOIS - Unexpected value: 0.0 on line 9, value should be between 1 and 12
2019-06-03 12:44:51,933 - VO - CA - AUTOTRADER - 2019-05-01 00:00:00 - ERROR - FILE_CHECK - expect_column_values_to_be_between - MOIS - Unexpected value: 0.0 on line 10, value should be between 1 and 12
2019-06-03 12:44:51,933 - VO - CA - AUTOTRADER - 2019-05-01 00:00:00 - ERROR - FILE_CHECK - expect_column_values_to_be_between - MOIS - Unexpected value: 0.0 on line 11, value should be between 1 and 12
2019-06-03 12:44:51,933 - VO - CA - AUTOTRADER - 2019-05-01 00:00:00 - ERROR - FILE_CHECK - expect_column_values_to_be_between - MOIS - Unexpected value: 0.0 on line 12, value should be between 1 and 12
2019-06-03 12:44:51,933 - VO - CA - AUTOTRADER - 2019-05-01 00:00:00 - ERROR - FILE_CHECK - expect_column_values_to_be_between - MOIS - Unexpected value: 0.0 on line 13, value should be between 1 and 12
2019-06-03 12:44:51,933 - VO - CA - AUTOTRADER - 2019-05-01 00:00:00 - ERROR - FILE_CHECK - expect_column_values_to_be_between - MOIS - Unexpected value: 0.0 on line 14, value should be between 1 and 12
2019-06-03 12:44:51,933 - VO - CA - AUTOTRADER - 2019-05-01 00:00:00 - ERROR - FILE_CHECK - expect_column_values_to_be_between - MOIS - Unexpected value: 0.0 on line 15, value should be between 1 and 12
2019-06-03 12:44:51,933 - VO - CA - AUTOTRADER - 2019-05-01 00:00:00 - ERROR - FILE_CHECK - expect_column_values_to_be_between - MOIS - Unexpected value: 0.0 on line 16, value should be between 1 and 12
2019-06-03 12:44:51,934 - VO - CA - AUTOTRADER - 2019-05-01 00:00:00 - ERROR - FILE_CHECK - expect_column_values_to_be_between - MOIS - Unexpected value: 0.0 on line 17, value should be between 1 and 12
2019-06-03 12:44:51,934 - VO - CA - AUTOTRADER - 2019-05-01 00:00:00 - ERROR - FILE_CHECK - expect_column_values_to_be_between - MOIS - Unexpected value: 0.0 on line 18, value should be between 1 and 12
2019-06-03 12:44:51,934 - VO - CA - AUTOTRADER - 2019-05-01 00:00:00 - ERROR - FILE_CHECK - expect_column_values_to_be_between - MOIS - Unexpected value: 0.0 on line 19, value should be between 1 and 12
2019-06-03 12:44:51,934 - VO - CA - AUTOTRADER - 2019-05-01 00:00:00 - ERROR - STAT - expect_column_values_to_be_between - MOIS - correctly filled rate (%) - 0.0
2019-06-03 12:44:51,934 - VO - CA - AUTOTRADER - 2019-05-01 00:00:00 - ERROR - FILE_CHECK - expect_column_values_to_match_regex - MOIS - Unexpected value: 0.0 on line 0, value should match regexp ^[0-9]{1,2}$
2019-06-03 12:44:51,934 - VO - CA - AUTOTRADER - 2019-05-01 00:00:00 - ERROR - FILE_CHECK - expect_column_values_to_match_regex - MOIS - Unexpected value: 0.0 on line 1, value should match regexp ^[0-9]{1,2}$
2019-06-03 12:44:51,934 - VO - CA - AUTOTRADER - 2019-05-01 00:00:00 - ERROR - FILE_CHECK - expect_column_values_to_match_regex - MOIS - Unexpected value: 0.0 on line 2, value should match regexp ^[0-9]{1,2}$
2019-06-03 12:44:51,934 - VO - CA - AUTOTRADER - 2019-05-01 00:00:00 - ERROR - FILE_CHECK - expect_column_values_to_match_regex - MOIS - Unexpected value: 0.0 on line 3, value should match regexp ^[0-9]{1,2}$
2019-06-03 12:44:51,934 - VO - CA - AUTOTRADER - 2019-05-01 00:00:00 - ERROR - FILE_CHECK - expect_column_values_to_match_regex - MOIS - Unexpected value: 0.0 on line 4, value should match regexp ^[0-9]{1,2}$
2019-06-03 12:44:51,934 - VO - CA - AUTOTRADER - 2019-05-01 00:00:00 - ERROR - FILE_CHECK - expect_column_values_to_match_regex - MOIS - Unexpected value: 0.0 on line 5, value should match regexp ^[0-9]{1,2}$
2019-06-03 12:44:51,934 - VO - CA - AUTOTRADER - 2019-05-01 00:00:00 - ERROR - FILE_CHECK - expect_column_values_to_match_regex - MOIS - Unexpected value: 0.0 on line 6, value should match regexp ^[0-9]{1,2}$
2019-06-03 12:44:51,934 - VO - CA - AUTOTRADER - 2019-05-01 00:00:00 - ERROR - FILE_CHECK - expect_column_values_to_match_regex - MOIS - Unexpected value: 0.0 on line 7, value should match regexp ^[0-9]{1,2}$
2019-06-03 12:44:51,934 - VO - CA - AUTOTRADER - 2019-05-01 00:00:00 - ERROR - FILE_CHECK - expect_column_values_to_match_regex - MOIS - Unexpected value: 0.0 on line 8, value should match regexp ^[0-9]{1,2}$
2019-06-03 12:44:51,934 - VO - CA - AUTOTRADER - 2019-05-01 00:00:00 - ERROR - FILE_CHECK - expect_column_values_to_match_regex - MOIS - Unexpected value: 0.0 on line 9, value should match regexp ^[0-9]{1,2}$
2019-06-03 12:44:51,934 - VO - CA - AUTOTRADER - 2019-05-01 00:00:00 - ERROR - FILE_CHECK - expect_column_values_to_match_regex - MOIS - Unexpected value: 0.0 on line 10, value should match regexp ^[0-9]{1,2}$
2019-06-03 12:44:51,934 - VO - CA - AUTOTRADER - 2019-05-01 00:00:00 - ERROR - FILE_CHECK - expect_column_values_to_match_regex - MOIS - Unexpected value: 0.0 on line 11, value should match regexp ^[0-9]{1,2}$
2019-06-03 12:44:51,934 - VO - CA - AUTOTRADER - 2019-05-01 00:00:00 - ERROR - FILE_CHECK - expect_column_values_to_match_regex - MOIS - Unexpected value: 0.0 on line 12, value should match regexp ^[0-9]{1,2}$
2019-06-03 12:44:51,934 - VO - CA - AUTOTRADER - 2019-05-01 00:00:00 - ERROR - FILE_CHECK - expect_column_values_to_match_regex - MOIS - Unexpected value: 0.0 on line 13, value should match regexp ^[0-9]{1,2}$
2019-06-03 12:44:51,935 - VO - CA - AUTOTRADER - 2019-05-01 00:00:00 - ERROR - FILE_CHECK - expect_column_values_to_match_regex - MOIS - Unexpected value: 0.0 on line 14, value should match regexp ^[0-9]{1,2}$
2019-06-03 12:44:51,935 - VO - CA - AUTOTRADER - 2019-05-01 00:00:00 - ERROR - FILE_CHECK - expect_column_values_to_match_regex - MOIS - Unexpected value: 0.0 on line 15, value should match regexp ^[0-9]{1,2}$
2019-06-03 12:44:51,935 - VO - CA - AUTOTRADER - 2019-05-01 00:00:00 - ERROR - FILE_CHECK - expect_column_values_to_match_regex - MOIS - Unexpected value: 0.0 on line 16, value should match regexp ^[0-9]{1,2}$
2019-06-03 12:44:51,935 - VO - CA - AUTOTRADER - 2019-05-01 00:00:00 - ERROR - FILE_CHECK - expect_column_values_to_match_regex - MOIS - Unexpected value: 0.0 on line 17, value should match regexp ^[0-9]{1,2}$
2019-06-03 12:44:51,935 - VO - CA - AUTOTRADER - 2019-05-01 00:00:00 - ERROR - FILE_CHECK - expect_column_values_to_match_regex - MOIS - Unexpected value: 0.0 on line 18, value should match regexp ^[0-9]{1,2}$
2019-06-03 12:44:51,935 - VO - CA - AUTOTRADER - 2019-05-01 00:00:00 - ERROR - FILE_CHECK - expect_column_values_to_match_regex - MOIS - Unexpected value: 0.0 on line 19, value should match regexp ^[0-9]{1,2}$
2019-06-03 12:44:51,935 - VO - CA - AUTOTRADER - 2019-05-01 00:00:00 - ERROR - STAT - expect_column_values_to_match_regex - MOIS - correctly filled rate (%) - 0.0
2019-06-03 12:44:51,935 - VO - CA - AUTOTRADER - 2019-05-01 00:00:00 - ERROR - STAT - expect_column_values_to_not_be_null - NOM - correctly filled rate (%) - 100.0
2019-06-03 12:44:51,935 - VO - CA - AUTOTRADER - 2019-05-01 00:00:00 - ERROR - FILE_CHECK - expect_column_value_lengths_to_be_between - NOM - Unexpected characters count of: [Oops......] on line  25797, value length should be between 10 and 255
2019-06-03 12:44:51,935 - VO - CA - AUTOTRADER - 2019-05-01 00:00:00 - ERROR - FILE_CHECK - expect_column_value_lengths_to_be_between - NOM - Unexpected characters count of: [Oops......] on line  28804, value length should be between 10 and 255
2019-06-03 12:44:51,935 - VO - CA - AUTOTRADER - 2019-05-01 00:00:00 - ERROR - FILE_CHECK - expect_column_value_lengths_to_be_between - NOM - Unexpected characters count of: [Oops......] on line  29257, value length should be between 10 and 255
2019-06-03 12:44:51,935 - VO - CA - AUTOTRADER - 2019-05-01 00:00:00 - ERROR - FILE_CHECK - expect_column_value_lengths_to_be_between - NOM - Unexpected characters count of: [Oops......] on line  37599, value length should be between 10 and 255
2019-06-03 12:44:51,935 - VO - CA - AUTOTRADER - 2019-05-01 00:00:00 - ERROR - FILE_CHECK - expect_column_value_lengths_to_be_between - NOM - Unexpected characters count of: [Oops......] on line  39403, value length should be between 10 and 255
2019-06-03 12:44:51,935 - VO - CA - AUTOTRADER - 2019-05-01 00:00:00 - ERROR - FILE_CHECK - expect_column_value_lengths_to_be_between - NOM - Unexpected characters count of: [Oops......] on line  60475, value length should be between 10 and 255
2019-06-03 12:44:51,935 - VO - CA - AUTOTRADER - 2019-05-01 00:00:00 - ERROR - FILE_CHECK - expect_column_value_lengths_to_be_between - NOM - Unexpected characters count of: [Oops......] on line  65961, value length should be between 10 and 255
2019-06-03 12:44:51,935 - VO - CA - AUTOTRADER - 2019-05-01 00:00:00 - ERROR - FILE_CHECK - expect_column_value_lengths_to_be_between - NOM - Unexpected characters count of: [Oops......] on line  73389, value length should be between 10 and 255
2019-06-03 12:44:51,935 - VO - CA - AUTOTRADER - 2019-05-01 00:00:00 - ERROR - FILE_CHECK - expect_column_value_lengths_to_be_between - NOM - Unexpected characters count of: [Oops......] on line  89039, value length should be between 10 and 255
2019-06-03 12:44:51,935 - VO - CA - AUTOTRADER - 2019-05-01 00:00:00 - ERROR - FILE_CHECK - expect_column_value_lengths_to_be_between - NOM - Unexpected characters count of: [Oops......] on line  94555, value length should be between 10 and 255
2019-06-03 12:44:51,935 - VO - CA - AUTOTRADER - 2019-05-01 00:00:00 - ERROR - FILE_CHECK - expect_column_value_lengths_to_be_between - NOM - Unexpected characters count of: [Oops......] on line  95993, value length should be between 10 and 255
2019-06-03 12:44:51,936 - VO - CA - AUTOTRADER - 2019-05-01 00:00:00 - ERROR - FILE_CHECK - expect_column_value_lengths_to_be_between - NOM - Unexpected characters count of: [Oops......] on line  115915, value length should be between 10 and 255
2019-06-03 12:44:51,936 - VO - CA - AUTOTRADER - 2019-05-01 00:00:00 - ERROR - FILE_CHECK - expect_column_value_lengths_to_be_between - NOM - Unexpected characters count of: [Oops......] on line  116582, value length should be between 10 and 255
2019-06-03 12:44:51,936 - VO - CA - AUTOTRADER - 2019-05-01 00:00:00 - ERROR - FILE_CHECK - expect_column_value_lengths_to_be_between - NOM - Unexpected characters count of: [Oops......] on line  225505, value length should be between 10 and 255
2019-06-03 12:44:51,936 - VO - CA - AUTOTRADER - 2019-05-01 00:00:00 - ERROR - FILE_CHECK - expect_column_value_lengths_to_be_between - NOM - Unexpected characters count of: [Oops......] on line  225553, value length should be between 10 and 255
2019-06-03 12:44:51,936 - VO - CA - AUTOTRADER - 2019-05-01 00:00:00 - ERROR - FILE_CHECK - expect_column_value_lengths_to_be_between - NOM - Unexpected characters count of: [Oops......] on line  230188, value length should be between 10 and 255
2019-06-03 12:44:51,936 - VO - CA - AUTOTRADER - 2019-05-01 00:00:00 - ERROR - FILE_CHECK - expect_column_value_lengths_to_be_between - NOM - Unexpected characters count of: [Oops......] on line  233222, value length should be between 10 and 255
2019-06-03 12:44:51,936 - VO - CA - AUTOTRADER - 2019-05-01 00:00:00 - ERROR - FILE_CHECK - expect_column_value_lengths_to_be_between - NOM - Unexpected characters count of: [Oops......] on line  248908, value length should be between 10 and 255
2019-06-03 12:44:51,936 - VO - CA - AUTOTRADER - 2019-05-01 00:00:00 - ERROR - FILE_CHECK - expect_column_value_lengths_to_be_between - NOM - Unexpected characters count of: [Oops......] on line  256447, value length should be between 10 and 255
2019-06-03 12:44:51,936 - VO - CA - AUTOTRADER - 2019-05-01 00:00:00 - ERROR - FILE_CHECK - expect_column_value_lengths_to_be_between - NOM - Unexpected characters count of: [Oops......] on line  267154, value length should be between 10 and 255
2019-06-03 12:44:51,936 - VO - CA - AUTOTRADER - 2019-05-01 00:00:00 - ERROR - STAT - expect_column_value_lengths_to_be_between - NOM - correctly filled rate (%) - 99.99
2019-06-03 12:44:51,936 - VO - CA - AUTOTRADER - 2019-05-01 00:00:00 - ERROR - STAT - expect_column_values_to_not_be_null - OPTIONS - correctly filled rate (%) - 8.77
2019-06-03 12:44:51,936 - VO - CA - AUTOTRADER - 2019-05-01 00:00:00 - ERROR - FILE_CHECK - expect_column_value_lengths_to_be_between - OPTIONS - Unexpected characters count of: [Power TrunkAnti-Thef...] on line  24563, value length should be between 0 and 255
2019-06-03 12:44:51,936 - VO - CA - AUTOTRADER - 2019-05-01 00:00:00 - ERROR - FILE_CHECK - expect_column_value_lengths_to_be_between - OPTIONS - Unexpected characters count of: [Traction ControlPowe...] on line  24564, value length should be between 0 and 255
2019-06-03 12:44:51,936 - VO - CA - AUTOTRADER - 2019-05-01 00:00:00 - ERROR - FILE_CHECK - expect_column_value_lengths_to_be_between - OPTIONS - Unexpected characters count of: [Premium AudioTractio...] on line  24566, value length should be between 0 and 255
2019-06-03 12:44:51,936 - VO - CA - AUTOTRADER - 2019-05-01 00:00:00 - ERROR - FILE_CHECK - expect_column_value_lengths_to_be_between - OPTIONS - Unexpected characters count of: [Keyless EntryCruise ...] on line  24569, value length should be between 0 and 255
2019-06-03 12:44:51,936 - VO - CA - AUTOTRADER - 2019-05-01 00:00:00 - ERROR - FILE_CHECK - expect_column_value_lengths_to_be_between - OPTIONS - Unexpected characters count of: [Traction ControlPowe...] on line  24570, value length should be between 0 and 255
2019-06-03 12:44:51,936 - VO - CA - AUTOTRADER - 2019-05-01 00:00:00 - ERROR - FILE_CHECK - expect_column_value_lengths_to_be_between - OPTIONS - Unexpected characters count of: [Traction ControlPowe...] on line  24571, value length should be between 0 and 255
2019-06-03 12:44:51,936 - VO - CA - AUTOTRADER - 2019-05-01 00:00:00 - ERROR - FILE_CHECK - expect_column_value_lengths_to_be_between - OPTIONS - Unexpected characters count of: [Xenon HeadlightsTow ...] on line  24589, value length should be between 0 and 255
2019-06-03 12:44:51,937 - VO - CA - AUTOTRADER - 2019-05-01 00:00:00 - ERROR - FILE_CHECK - expect_column_value_lengths_to_be_between - OPTIONS - Unexpected characters count of: [Entertainment Packag...] on line  24661, value length should be between 0 and 255
2019-06-03 12:44:51,937 - VO - CA - AUTOTRADER - 2019-05-01 00:00:00 - ERROR - FILE_CHECK - expect_column_value_lengths_to_be_between - OPTIONS - Unexpected characters count of: [Xenon HeadlightsTow ...] on line  24667, value length should be between 0 and 255
2019-06-03 12:44:51,937 - VO - CA - AUTOTRADER - 2019-05-01 00:00:00 - ERROR - FILE_CHECK - expect_column_value_lengths_to_be_between - OPTIONS - Unexpected characters count of: [SunroofHeated mirror...] on line  24750, value length should be between 0 and 255
2019-06-03 12:44:51,937 - VO - CA - AUTOTRADER - 2019-05-01 00:00:00 - ERROR - FILE_CHECK - expect_column_value_lengths_to_be_between - OPTIONS - Unexpected characters count of: [Xenon HeadlightsTow ...] on line  24841, value length should be between 0 and 255
2019-06-03 12:44:51,937 - VO - CA - AUTOTRADER - 2019-05-01 00:00:00 - ERROR - FILE_CHECK - expect_column_value_lengths_to_be_between - OPTIONS - Unexpected characters count of: [SunroofHeated mirror...] on line  24861, value length should be between 0 and 255
2019-06-03 12:44:51,937 - VO - CA - AUTOTRADER - 2019-05-01 00:00:00 - ERROR - FILE_CHECK - expect_column_value_lengths_to_be_between - OPTIONS - Unexpected characters count of: [Entertainment Packag...] on line  24865, value length should be between 0 and 255
2019-06-03 12:44:51,937 - VO - CA - AUTOTRADER - 2019-05-01 00:00:00 - ERROR - FILE_CHECK - expect_column_value_lengths_to_be_between - OPTIONS - Unexpected characters count of: [Xenon HeadlightsTow ...] on line  24996, value length should be between 0 and 255
2019-06-03 12:44:51,937 - VO - CA - AUTOTRADER - 2019-05-01 00:00:00 - ERROR - FILE_CHECK - expect_column_value_lengths_to_be_between - OPTIONS - Unexpected characters count of: [Xenon HeadlightsTow ...] on line  25028, value length should be between 0 and 255
2019-06-03 12:44:51,937 - VO - CA - AUTOTRADER - 2019-05-01 00:00:00 - ERROR - FILE_CHECK - expect_column_value_lengths_to_be_between - OPTIONS - Unexpected characters count of: [Xenon HeadlightsTow ...] on line  25049, value length should be between 0 and 255
2019-06-03 12:44:51,937 - VO - CA - AUTOTRADER - 2019-05-01 00:00:00 - ERROR - FILE_CHECK - expect_column_value_lengths_to_be_between - OPTIONS - Unexpected characters count of: [Entertainment Packag...] on line  25074, value length should be between 0 and 255
2019-06-03 12:44:51,937 - VO - CA - AUTOTRADER - 2019-05-01 00:00:00 - ERROR - FILE_CHECK - expect_column_value_lengths_to_be_between - OPTIONS - Unexpected characters count of: [Xenon HeadlightsTow ...] on line  25079, value length should be between 0 and 255
2019-06-03 12:44:51,937 - VO - CA - AUTOTRADER - 2019-05-01 00:00:00 - ERROR - FILE_CHECK - expect_column_value_lengths_to_be_between - OPTIONS - Unexpected characters count of: [Xenon HeadlightsTow ...] on line  25242, value length should be between 0 and 255
2019-06-03 12:44:51,937 - VO - CA - AUTOTRADER - 2019-05-01 00:00:00 - ERROR - FILE_CHECK - expect_column_value_lengths_to_be_between - OPTIONS - Unexpected characters count of: [Xenon HeadlightsTow ...] on line  25309, value length should be between 0 and 255
2019-06-03 12:44:51,937 - VO - CA - AUTOTRADER - 2019-05-01 00:00:00 - ERROR - STAT - expect_column_value_lengths_to_be_between - OPTIONS - correctly filled rate (%) - 57.23
2019-06-03 12:44:51,937 - VO - CA - AUTOTRADER - 2019-05-01 00:00:00 - ERROR - STAT - expect_column_values_to_be_in_type_list - PHOTO - correctly filled rate (%) - 100.0
2019-06-03 12:44:51,937 - VO - CA - AUTOTRADER - 2019-05-01 00:00:00 - ERROR - STAT - expect_column_values_to_not_be_null - PHOTO - correctly filled rate (%) - 100.0
2019-06-03 12:44:51,937 - VO - CA - AUTOTRADER - 2019-05-01 00:00:00 - ERROR - FILE_CHECK - expect_column_values_to_be_in_type_list - PLACE - Wrong type for value: 8931.0 on line 2244 should be in ['int']
2019-06-03 12:44:51,937 - VO - CA - AUTOTRADER - 2019-05-01 00:00:00 - ERROR - FILE_CHECK - expect_column_values_to_be_in_type_list - PLACE - Wrong type for value: 6451.0 on line 3596 should be in ['int']
2019-06-03 12:44:51,938 - VO - CA - AUTOTRADER - 2019-05-01 00:00:00 - ERROR - FILE_CHECK - expect_column_values_to_be_in_type_list - PLACE - Wrong type for value: 2977.0 on line 4205 should be in ['int']
2019-06-03 12:44:51,938 - VO - CA - AUTOTRADER - 2019-05-01 00:00:00 - ERROR - FILE_CHECK - expect_column_values_to_be_in_type_list - PLACE - Wrong type for value: 2977.0 on line 4210 should be in ['int']
2019-06-03 12:44:51,938 - VO - CA - AUTOTRADER - 2019-05-01 00:00:00 - ERROR - FILE_CHECK - expect_column_values_to_be_in_type_list - PLACE - Wrong type for value: 2977.0 on line 4213 should be in ['int']
2019-06-03 12:44:51,938 - VO - CA - AUTOTRADER - 2019-05-01 00:00:00 - ERROR - FILE_CHECK - expect_column_values_to_be_in_type_list - PLACE - Wrong type for value: 13135.0 on line 5103 should be in ['int']
2019-06-03 12:44:51,938 - VO - CA - AUTOTRADER - 2019-05-01 00:00:00 - ERROR - FILE_CHECK - expect_column_values_to_be_in_type_list - PLACE - Wrong type for value: 13402.0 on line 6689 should be in ['int']
2019-06-03 12:44:51,938 - VO - CA - AUTOTRADER - 2019-05-01 00:00:00 - ERROR - FILE_CHECK - expect_column_values_to_be_in_type_list - PLACE - Wrong type for value: 13402.0 on line 6690 should be in ['int']
2019-06-03 12:44:51,938 - VO - CA - AUTOTRADER - 2019-05-01 00:00:00 - ERROR - FILE_CHECK - expect_column_values_to_be_in_type_list - PLACE - Wrong type for value: 13402.0 on line 6694 should be in ['int']
2019-06-03 12:44:51,938 - VO - CA - AUTOTRADER - 2019-05-01 00:00:00 - ERROR - FILE_CHECK - expect_column_values_to_be_in_type_list - PLACE - Wrong type for value: 17315.0 on line 6907 should be in ['int']
2019-06-03 12:44:51,938 - VO - CA - AUTOTRADER - 2019-05-01 00:00:00 - ERROR - FILE_CHECK - expect_column_values_to_be_in_type_list - PLACE - Wrong type for value: 17315.0 on line 6908 should be in ['int']
2019-06-03 12:44:51,938 - VO - CA - AUTOTRADER - 2019-05-01 00:00:00 - ERROR - FILE_CHECK - expect_column_values_to_be_in_type_list - PLACE - Wrong type for value: 6682.0 on line 7252 should be in ['int']
2019-06-03 12:44:51,938 - VO - CA - AUTOTRADER - 2019-05-01 00:00:00 - ERROR - FILE_CHECK - expect_column_values_to_be_in_type_list - PLACE - Wrong type for value: 8319.0 on line 8998 should be in ['int']
2019-06-03 12:44:51,938 - VO - CA - AUTOTRADER - 2019-05-01 00:00:00 - ERROR - FILE_CHECK - expect_column_values_to_be_in_type_list - PLACE - Wrong type for value: 5222.0 on line 10213 should be in ['int']
2019-06-03 12:44:51,938 - VO - CA - AUTOTRADER - 2019-05-01 00:00:00 - ERROR - FILE_CHECK - expect_column_values_to_be_in_type_list - PLACE - Wrong type for value: 5222.0 on line 10214 should be in ['int']
2019-06-03 12:44:51,938 - VO - CA - AUTOTRADER - 2019-05-01 00:00:00 - ERROR - FILE_CHECK - expect_column_values_to_be_in_type_list - PLACE - Wrong type for value: 5222.0 on line 10215 should be in ['int']
2019-06-03 12:44:51,938 - VO - CA - AUTOTRADER - 2019-05-01 00:00:00 - ERROR - FILE_CHECK - expect_column_values_to_be_in_type_list - PLACE - Wrong type for value: 5222.0 on line 10218 should be in ['int']
2019-06-03 12:44:51,938 - VO - CA - AUTOTRADER - 2019-05-01 00:00:00 - ERROR - FILE_CHECK - expect_column_values_to_be_in_type_list - PLACE - Wrong type for value: 5222.0 on line 10220 should be in ['int']
2019-06-03 12:44:51,938 - VO - CA - AUTOTRADER - 2019-05-01 00:00:00 - ERROR - FILE_CHECK - expect_column_values_to_be_in_type_list - PLACE - Wrong type for value: 5222.0 on line 10222 should be in ['int']
2019-06-03 12:44:51,938 - VO - CA - AUTOTRADER - 2019-05-01 00:00:00 - ERROR - FILE_CHECK - expect_column_values_to_be_in_type_list - PLACE - Wrong type for value: 5222.0 on line 10223 should be in ['int']
2019-06-03 12:44:51,938 - VO - CA - AUTOTRADER - 2019-05-01 00:00:00 - ERROR - STAT - expect_column_values_to_be_in_type_list - PLACE - correctly filled rate (%) - 0.0
2019-06-03 12:44:51,939 - VO - CA - AUTOTRADER - 2019-05-01 00:00:00 - ERROR - STAT - expect_column_values_to_not_be_null - PLACE - correctly filled rate (%) - 0.49
2019-06-03 12:44:51,939 - VO - CA - AUTOTRADER - 2019-05-01 00:00:00 - ERROR - STAT - expect_column_values_to_not_be_null - PORTE - correctly filled rate (%) - 24.1
2019-06-03 12:44:51,939 - VO - CA - AUTOTRADER - 2019-05-01 00:00:00 - ERROR - STAT - expect_column_values_to_be_in_type_list - PORTE - correctly filled rate (%) - 100.0
2019-06-03 12:44:51,939 - VO - CA - AUTOTRADER - 2019-05-01 00:00:00 - ERROR - STAT - expect_column_values_to_be_in_type_list - PRIX - correctly filled rate (%) - 100.0
2019-06-03 12:44:51,939 - VO - CA - AUTOTRADER - 2019-05-01 00:00:00 - ERROR - STAT - expect_column_values_to_not_be_null - PRIX - correctly filled rate (%) - 100.0
2019-06-03 12:44:51,939 - VO - CA - AUTOTRADER - 2019-05-01 00:00:00 - ERROR - STAT - expect_column_values_to_not_be_null - PROVINCE - correctly filled rate (%) - 100.0
2019-06-03 12:44:51,939 - VO - CA - AUTOTRADER - 2019-05-01 00:00:00 - ERROR - STAT - expect_column_values_to_not_be_null - SITE - correctly filled rate (%) - 100.0
2019-06-03 12:44:51,939 - VO - CA - AUTOTRADER - 2019-05-01 00:00:00 - ERROR - STAT - expect_column_values_to_not_be_null - TELEPHONE - correctly filled rate (%) - 92.21
2019-06-03 12:44:51,939 - VO - CA - AUTOTRADER - 2019-05-01 00:00:00 - ERROR - FILE_CHECK - expect_column_values_to_be_phone_number - TELEPHONE - Unexpected value: 8883203323.0 on line 0, value should match a phone number format
2019-06-03 12:44:51,939 - VO - CA - AUTOTRADER - 2019-05-01 00:00:00 - ERROR - FILE_CHECK - expect_column_values_to_be_phone_number - TELEPHONE - Unexpected value: 8884308316.0 on line 1, value should match a phone number format
2019-06-03 12:44:51,939 - VO - CA - AUTOTRADER - 2019-05-01 00:00:00 - ERROR - FILE_CHECK - expect_column_values_to_be_phone_number - TELEPHONE - Unexpected value: 8883203323.0 on line 2, value should match a phone number format
2019-06-03 12:44:51,939 - VO - CA - AUTOTRADER - 2019-05-01 00:00:00 - ERROR - FILE_CHECK - expect_column_values_to_be_phone_number - TELEPHONE - Unexpected value: 8774920392.0 on line 3, value should match a phone number format
2019-06-03 12:44:51,939 - VO - CA - AUTOTRADER - 2019-05-01 00:00:00 - ERROR - FILE_CHECK - expect_column_values_to_be_phone_number - TELEPHONE - Unexpected value: 8884704968.0 on line 4, value should match a phone number format
2019-06-03 12:44:51,939 - VO - CA - AUTOTRADER - 2019-05-01 00:00:00 - ERROR - FILE_CHECK - expect_column_values_to_be_phone_number - TELEPHONE - Unexpected value: 8774920392.0 on line 5, value should match a phone number format
2019-06-03 12:44:51,939 - VO - CA - AUTOTRADER - 2019-05-01 00:00:00 - ERROR - FILE_CHECK - expect_column_values_to_be_phone_number - TELEPHONE - Unexpected value: 8884704968.0 on line 6, value should match a phone number format
2019-06-03 12:44:51,939 - VO - CA - AUTOTRADER - 2019-05-01 00:00:00 - ERROR - FILE_CHECK - expect_column_values_to_be_phone_number - TELEPHONE - Unexpected value: 8883203323.0 on line 7, value should match a phone number format
2019-06-03 12:44:51,939 - VO - CA - AUTOTRADER - 2019-05-01 00:00:00 - ERROR - FILE_CHECK - expect_column_values_to_be_phone_number - TELEPHONE - Unexpected value: 8772294613.0 on line 8, value should match a phone number format
2019-06-03 12:44:51,940 - VO - CA - AUTOTRADER - 2019-05-01 00:00:00 - ERROR - FILE_CHECK - expect_column_values_to_be_phone_number - TELEPHONE - Unexpected value: 8669804107.0 on line 9, value should match a phone number format
2019-06-03 12:44:51,940 - VO - CA - AUTOTRADER - 2019-05-01 00:00:00 - ERROR - FILE_CHECK - expect_column_values_to_be_phone_number - TELEPHONE - Unexpected value: 8669804107.0 on line 10, value should match a phone number format
2019-06-03 12:44:51,940 - VO - CA - AUTOTRADER - 2019-05-01 00:00:00 - ERROR - FILE_CHECK - expect_column_values_to_be_phone_number - TELEPHONE - Unexpected value: 8774870258.0 on line 11, value should match a phone number format
2019-06-03 12:44:51,940 - VO - CA - AUTOTRADER - 2019-05-01 00:00:00 - ERROR - FILE_CHECK - expect_column_values_to_be_phone_number - TELEPHONE - Unexpected value: 8884704968.0 on line 12, value should match a phone number format
2019-06-03 12:44:51,940 - VO - CA - AUTOTRADER - 2019-05-01 00:00:00 - ERROR - FILE_CHECK - expect_column_values_to_be_phone_number - TELEPHONE - Unexpected value: 8778460328.0 on line 13, value should match a phone number format
2019-06-03 12:44:51,940 - VO - CA - AUTOTRADER - 2019-05-01 00:00:00 - ERROR - FILE_CHECK - expect_column_values_to_be_phone_number - TELEPHONE - Unexpected value: 8883356992.0 on line 14, value should match a phone number format
2019-06-03 12:44:51,940 - VO - CA - AUTOTRADER - 2019-05-01 00:00:00 - ERROR - FILE_CHECK - expect_column_values_to_be_phone_number - TELEPHONE - Unexpected value: 8883381349.0 on line 15, value should match a phone number format
2019-06-03 12:44:51,940 - VO - CA - AUTOTRADER - 2019-05-01 00:00:00 - ERROR - FILE_CHECK - expect_column_values_to_be_phone_number - TELEPHONE - Unexpected value: 8778460328.0 on line 16, value should match a phone number format
2019-06-03 12:44:51,940 - VO - CA - AUTOTRADER - 2019-05-01 00:00:00 - ERROR - FILE_CHECK - expect_column_values_to_be_phone_number - TELEPHONE - Unexpected value: 8666996716.0 on line 17, value should match a phone number format
2019-06-03 12:44:51,940 - VO - CA - AUTOTRADER - 2019-05-01 00:00:00 - ERROR - FILE_CHECK - expect_column_values_to_be_phone_number - TELEPHONE - Unexpected value: 8889026321.0 on line 18, value should match a phone number format
2019-06-03 12:44:51,940 - VO - CA - AUTOTRADER - 2019-05-01 00:00:00 - ERROR - FILE_CHECK - expect_column_values_to_be_phone_number - TELEPHONE - Unexpected value: 8669804107.0 on line 19, value should match a phone number format
2019-06-03 12:44:51,940 - VO - CA - AUTOTRADER - 2019-05-01 00:00:00 - ERROR - STAT - expect_column_values_to_be_phone_number - TELEPHONE - correctly filled rate (%) - 0.0
2019-06-03 12:44:51,940 - VO - CA - AUTOTRADER - 2019-05-01 00:00:00 - ERROR - STAT - expect_column_values_to_not_be_null - TYPE - correctly filled rate (%) - 100.0
2019-06-03 12:44:51,940 - VO - CA - AUTOTRADER - 2019-05-01 00:00:00 - ERROR - STAT - expect_column_values_to_be_in_set_2 - TYPE - observed proportion - 100.0
2019-06-03 12:44:51,940 - VO - CA - AUTOTRADER - 2019-05-01 00:00:00 - ERROR - STAT - expect_column_values_to_not_be_null - VILLE - correctly filled rate (%) - 100.0
2019-06-03 12:44:51,940 - VO - CA - AUTOTRADER - 2019-05-01 00:00:00 - ERROR - STAT - expect_column_values_to_not_be_null - VN_IND - correctly filled rate (%) - 99.51
2019-06-03 12:44:51,940 - VO - CA - AUTOTRADER - 2019-05-01 00:00:00 - ERROR - STAT - expect_column_values_to_be_in_set - VN_IND - correctly filled rate (%) - 100.0
2019-06-03 12:44:51,940 - VO - CA - AUTOTRADER - 2019-05-01 00:00:00 - ERROR - STAT - expect_returning_row_unique_count - MARQUE_CORRECTED - total number of unique rows - 113
2019-06-03 12:44:51,940 - VO - CA - AUTOTRADER - 2019-05-01 00:00:00 - ERROR - STAT - expect_returning_row_unique_count - MODELE_CORRECTED - total number of unique rows - 971
2019-06-03 12:44:51,941 - VO - CA - AUTOTRADER - 2019-05-01 00:00:00 - ERROR - STAT - expect_returning_row_unique_count - CARROSSERIE - total number of unique rows - 909
2019-06-03 12:44:51,941 - VO - CA - AUTOTRADER - 2019-05-01 00:00:00 - ERROR - STAT - expect_returning_row_unique_count - CARBURANT - total number of unique rows - 23
2019-06-03 12:44:51,941 - VO - CA - AUTOTRADER - 2019-05-01 00:00:00 - ERROR - STAT - expect_column_values_to_not_be_null - CYLINDRE - correctly filled rate (%) - 0.6
2019-06-03 12:44:51,941 - VO - CA - AUTOTRADER - 2019-05-01 00:00:00 - ERROR - FILE_CHECK - expect_column_values_to_be_in_type_list - CYLINDRE - Wrong type for value: 6.0 on line 24560 should be in ['int']
2019-06-03 12:44:51,941 - VO - CA - AUTOTRADER - 2019-05-01 00:00:00 - ERROR - FILE_CHECK - expect_column_values_to_be_in_type_list - CYLINDRE - Wrong type for value: V8 on line 24561 should be in ['int']
2019-06-03 12:44:51,941 - VO - CA - AUTOTRADER - 2019-05-01 00:00:00 - ERROR - FILE_CHECK - expect_column_values_to_be_in_type_list - CYLINDRE - Wrong type for value: V8 on line 24562 should be in ['int']
2019-06-03 12:44:51,941 - VO - CA - AUTOTRADER - 2019-05-01 00:00:00 - ERROR - FILE_CHECK - expect_column_values_to_be_in_type_list - CYLINDRE - Wrong type for value: V8 Su on line 24563 should be in ['int']
2019-06-03 12:44:51,941 - VO - CA - AUTOTRADER - 2019-05-01 00:00:00 - ERROR - FILE_CHECK - expect_column_values_to_be_in_type_list - CYLINDRE - Wrong type for value: V8 on line 24564 should be in ['int']
2019-06-03 12:44:51,941 - VO - CA - AUTOTRADER - 2019-05-01 00:00:00 - ERROR - FILE_CHECK - expect_column_values_to_be_in_type_list - CYLINDRE - Wrong type for value: 350 on line 24565 should be in ['int']
2019-06-03 12:44:51,941 - VO - CA - AUTOTRADER - 2019-05-01 00:00:00 - ERROR - FILE_CHECK - expect_column_values_to_be_in_type_list - CYLINDRE - Wrong type for value: V6 on line 24566 should be in ['int']
2019-06-03 12:44:51,941 - VO - CA - AUTOTRADER - 2019-05-01 00:00:00 - ERROR - FILE_CHECK - expect_column_values_to_be_in_type_list - CYLINDRE - Wrong type for value: 1.8 L on line 24567 should be in ['int']
2019-06-03 12:44:51,941 - VO - CA - AUTOTRADER - 2019-05-01 00:00:00 - ERROR - FILE_CHECK - expect_column_values_to_be_in_type_list - CYLINDRE - Wrong type for value: 2.5 on line 24568 should be in ['int']
2019-06-03 12:44:51,941 - VO - CA - AUTOTRADER - 2019-05-01 00:00:00 - ERROR - FILE_CHECK - expect_column_values_to_be_in_type_list - CYLINDRE - Wrong type for value: 1.8 on line 24569 should be in ['int']
2019-06-03 12:44:51,941 - VO - CA - AUTOTRADER - 2019-05-01 00:00:00 - ERROR - FILE_CHECK - expect_column_values_to_be_in_type_list - CYLINDRE - Wrong type for value: V8 on line 24570 should be in ['int']
2019-06-03 12:44:51,941 - VO - CA - AUTOTRADER - 2019-05-01 00:00:00 - ERROR - FILE_CHECK - expect_column_values_to_be_in_type_list - CYLINDRE - Wrong type for value: V8 on line 24571 should be in ['int']
2019-06-03 12:44:51,941 - VO - CA - AUTOTRADER - 2019-05-01 00:00:00 - ERROR - FILE_CHECK - expect_column_values_to_be_in_type_list - CYLINDRE - Wrong type for value: 1.8 ""119 on line 24572 should be in ['int']
2019-06-03 12:44:51,941 - VO - CA - AUTOTRADER - 2019-05-01 00:00:00 - ERROR - FILE_CHECK - expect_column_values_to_be_in_type_list - CYLINDRE - Wrong type for value: Moteu on line 24584 should be in ['int']
2019-06-03 12:44:51,942 - VO - CA - AUTOTRADER - 2019-05-01 00:00:00 - ERROR - FILE_CHECK - expect_column_values_to_be_in_type_list - CYLINDRE - Wrong type for value: Moteu on line 24606 should be in ['int']
2019-06-03 12:44:51,942 - VO - CA - AUTOTRADER - 2019-05-01 00:00:00 - ERROR - FILE_CHECK - expect_column_values_to_be_in_type_list - CYLINDRE - Wrong type for value: Moteu on line 24654 should be in ['int']
2019-06-03 12:44:51,942 - VO - CA - AUTOTRADER - 2019-05-01 00:00:00 - ERROR - FILE_CHECK - expect_column_values_to_be_in_type_list - CYLINDRE - Wrong type for value: Moteu on line 24726 should be in ['int']
2019-06-03 12:44:51,942 - VO - CA - AUTOTRADER - 2019-05-01 00:00:00 - ERROR - FILE_CHECK - expect_column_values_to_be_in_type_list - CYLINDRE - Wrong type for value: Moteu on line 24766 should be in ['int']
2019-06-03 12:44:51,942 - VO - CA - AUTOTRADER - 2019-05-01 00:00:00 - ERROR - FILE_CHECK - expect_column_values_to_be_in_type_list - CYLINDRE - Wrong type for value: cyl on line 59474 should be in ['int']
2019-06-03 12:44:51,942 - VO - CA - AUTOTRADER - 2019-05-01 00:00:00 - ERROR - FILE_CHECK - expect_column_values_to_be_in_type_list - CYLINDRE - Wrong type for value: V-8 c on line 59475 should be in ['int']
2019-06-03 12:44:51,942 - VO - CA - AUTOTRADER - 2019-05-01 00:00:00 - ERROR - STAT - expect_column_values_to_be_in_type_list - CYLINDRE - correctly filled rate (%) - 0.0
2019-06-03 12:44:51,942 - VO - CA - AUTOTRADER - 2019-05-01 00:00:00 - ERROR - STAT - expect_returning_row_unique_count - PROVINCE - total number of unique rows - 14
2019-06-03 12:44:51,942 - VO - CA - AUTOTRADER - 2019-05-01 00:00:00 - ERROR - STAT - expect_returning_row_unique_count - VILLE - total number of unique rows - 2382
2019-06-03 12:44:51,942 - VO - CA - AUTOTRADER - 2019-05-01 00:00:00 - ERROR - STAT - expect_returning_row_unique_count - DEPARTEMENT - total number of unique rows - 0
2019-06-03 12:44:51,942 - VO - CA - AUTOTRADER - 2019-05-01 00:00:00 - ERROR - STAT - expect_returning_row_count_on_conditions - DEALER_USEDCARS - total number of row with conditions - 385900
2019-06-03 12:44:51,942 - VO - CA - AUTOTRADER - 2019-05-01 00:00:00 - ERROR - STAT - expect_returning_row_count_on_conditions - PRIVATE_USEDCARS - total number of row with conditions - 34843
