2019-06-03 12:00:32,412 - VO - DE - HEYCAR - 2019-05-01 00:00:00 - ERROR - STAT - expect_column_values_to_be_in_type_list - ANNEE - correctly filled rate (%) - 100.0
2019-06-03 12:00:32,412 - VO - DE - HEYCAR - 2019-05-01 00:00:00 - ERROR - STAT - expect_column_values_to_not_be_null - ANNEE - correctly filled rate (%) - 100.0
2019-06-03 12:00:32,412 - VO - DE - HEYCAR - 2019-05-01 00:00:00 - ERROR - FILE_CHECK - expect_column_values_to_be_between - ANNEE - Unexpected value: 0 on line 0, value should be between 1980 and 2019
2019-06-03 12:00:32,412 - VO - DE - HEYCAR - 2019-05-01 00:00:00 - ERROR - FILE_CHECK - expect_column_values_to_be_between - ANNEE - Unexpected value: 0 on line 23, value should be between 1980 and 2019
2019-06-03 12:00:32,412 - VO - DE - HEYCAR - 2019-05-01 00:00:00 - ERROR - FILE_CHECK - expect_column_values_to_be_between - ANNEE - Unexpected value: 0 on line 26, value should be between 1980 and 2019
2019-06-03 12:00:32,412 - VO - DE - HEYCAR - 2019-05-01 00:00:00 - ERROR - FILE_CHECK - expect_column_values_to_be_between - ANNEE - Unexpected value: 0 on line 27, value should be between 1980 and 2019
2019-06-03 12:00:32,412 - VO - DE - HEYCAR - 2019-05-01 00:00:00 - ERROR - FILE_CHECK - expect_column_values_to_be_between - ANNEE - Unexpected value: 0 on line 32, value should be between 1980 and 2019
2019-06-03 12:00:32,412 - VO - DE - HEYCAR - 2019-05-01 00:00:00 - ERROR - FILE_CHECK - expect_column_values_to_be_between - ANNEE - Unexpected value: 0 on line 40, value should be between 1980 and 2019
2019-06-03 12:00:32,412 - VO - DE - HEYCAR - 2019-05-01 00:00:00 - ERROR - FILE_CHECK - expect_column_values_to_be_between - ANNEE - Unexpected value: 0 on line 43, value should be between 1980 and 2019
2019-06-03 12:00:32,412 - VO - DE - HEYCAR - 2019-05-01 00:00:00 - ERROR - FILE_CHECK - expect_column_values_to_be_between - ANNEE - Unexpected value: 0 on line 45, value should be between 1980 and 2019
2019-06-03 12:00:32,412 - VO - DE - HEYCAR - 2019-05-01 00:00:00 - ERROR - FILE_CHECK - expect_column_values_to_be_between - ANNEE - Unexpected value: 0 on line 54, value should be between 1980 and 2019
2019-06-03 12:00:32,412 - VO - DE - HEYCAR - 2019-05-01 00:00:00 - ERROR - FILE_CHECK - expect_column_values_to_be_between - ANNEE - Unexpected value: 0 on line 63, value should be between 1980 and 2019
2019-06-03 12:00:32,412 - VO - DE - HEYCAR - 2019-05-01 00:00:00 - ERROR - FILE_CHECK - expect_column_values_to_be_between - ANNEE - Unexpected value: 0 on line 78, value should be between 1980 and 2019
2019-06-03 12:00:32,412 - VO - DE - HEYCAR - 2019-05-01 00:00:00 - ERROR - FILE_CHECK - expect_column_values_to_be_between - ANNEE - Unexpected value: 0 on line 80, value should be between 1980 and 2019
2019-06-03 12:00:32,413 - VO - DE - HEYCAR - 2019-05-01 00:00:00 - ERROR - FILE_CHECK - expect_column_values_to_be_between - ANNEE - Unexpected value: 0 on line 89, value should be between 1980 and 2019
2019-06-03 12:00:32,413 - VO - DE - HEYCAR - 2019-05-01 00:00:00 - ERROR - FILE_CHECK - expect_column_values_to_be_between - ANNEE - Unexpected value: 0 on line 100, value should be between 1980 and 2019
2019-06-03 12:00:32,413 - VO - DE - HEYCAR - 2019-05-01 00:00:00 - ERROR - FILE_CHECK - expect_column_values_to_be_between - ANNEE - Unexpected value: 0 on line 103, value should be between 1980 and 2019
2019-06-03 12:00:32,413 - VO - DE - HEYCAR - 2019-05-01 00:00:00 - ERROR - FILE_CHECK - expect_column_values_to_be_between - ANNEE - Unexpected value: 0 on line 109, value should be between 1980 and 2019
2019-06-03 12:00:32,413 - VO - DE - HEYCAR - 2019-05-01 00:00:00 - ERROR - FILE_CHECK - expect_column_values_to_be_between - ANNEE - Unexpected value: 0 on line 113, value should be between 1980 and 2019
2019-06-03 12:00:32,413 - VO - DE - HEYCAR - 2019-05-01 00:00:00 - ERROR - FILE_CHECK - expect_column_values_to_be_between - ANNEE - Unexpected value: 0 on line 120, value should be between 1980 and 2019
2019-06-03 12:00:32,413 - VO - DE - HEYCAR - 2019-05-01 00:00:00 - ERROR - FILE_CHECK - expect_column_values_to_be_between - ANNEE - Unexpected value: 0 on line 124, value should be between 1980 and 2019
2019-06-03 12:00:32,413 - VO - DE - HEYCAR - 2019-05-01 00:00:00 - ERROR - FILE_CHECK - expect_column_values_to_be_between - ANNEE - Unexpected value: 0 on line 128, value should be between 1980 and 2019
2019-06-03 12:00:32,413 - VO - DE - HEYCAR - 2019-05-01 00:00:00 - ERROR - STAT - expect_column_values_to_be_between - ANNEE - correctly filled rate (%) - 86.06
2019-06-03 12:00:32,413 - VO - DE - HEYCAR - 2019-05-01 00:00:00 - ERROR - STAT - expect_column_values_to_not_be_null - ANNONCE_LINK - correctly filled rate (%) - 100.0
2019-06-03 12:00:32,413 - VO - DE - HEYCAR - 2019-05-01 00:00:00 - ERROR - STAT - expect_column_values_to_be_unique - ANNONCE_LINK - observed proportion - 100.0
2019-06-03 12:00:32,413 - VO - DE - HEYCAR - 2019-05-01 00:00:00 - ERROR - STAT - expect_column_values_to_not_be_null - ID_CLIENT - correctly filled rate (%) - 100.0
2019-06-03 12:00:32,413 - VO - DE - HEYCAR - 2019-05-01 00:00:00 - ERROR - STAT - expect_column_values_to_be_unique - ID_CLIENT - observed proportion - 100.0
2019-06-03 12:00:32,413 - VO - DE - HEYCAR - 2019-05-01 00:00:00 - ERROR - STAT - expect_column_values_to_not_be_null - TYPE - correctly filled rate (%) - 100.0
2019-06-03 12:00:32,413 - VO - DE - HEYCAR - 2019-05-01 00:00:00 - ERROR - STAT - expect_column_values_to_be_in_set_2 - TYPE - observed proportion - 100.0
2019-06-03 12:00:32,413 - VO - DE - HEYCAR - 2019-05-01 00:00:00 - ERROR - STAT - expect_column_values_to_not_be_null - SITE - correctly filled rate (%) - 100.0
2019-06-03 12:00:32,413 - VO - DE - HEYCAR - 2019-05-01 00:00:00 - ERROR - STAT - expect_column_values_to_not_be_null - MARQUE - correctly filled rate (%) - 99.99
2019-06-03 12:00:32,413 - VO - DE - HEYCAR - 2019-05-01 00:00:00 - ERROR - STAT - expect_column_values_to_not_be_null - MODELE - correctly filled rate (%) - 0.95
2019-06-03 12:00:32,414 - VO - DE - HEYCAR - 2019-05-01 00:00:00 - ERROR - STAT - expect_column_values_to_not_be_null - NOM - correctly filled rate (%) - 100.0
2019-06-03 12:00:32,414 - VO - DE - HEYCAR - 2019-05-01 00:00:00 - ERROR - STAT - expect_column_values_to_not_be_null - CARROSSERIE - correctly filled rate (%) - 0.0
2019-06-03 12:00:32,414 - VO - DE - HEYCAR - 2019-05-01 00:00:00 - ERROR - STAT - expect_column_values_to_not_be_null - OPTIONS - correctly filled rate (%) - 0.0
2019-06-03 12:00:32,414 - VO - DE - HEYCAR - 2019-05-01 00:00:00 - ERROR - STAT - expect_column_values_to_not_be_null - CARBURANT - correctly filled rate (%) - 100.0
2019-06-03 12:00:32,414 - VO - DE - HEYCAR - 2019-05-01 00:00:00 - ERROR - STAT - expect_column_values_to_not_be_null - PORTE - correctly filled rate (%) - 0.0
2019-06-03 12:00:32,414 - VO - DE - HEYCAR - 2019-05-01 00:00:00 - ERROR - STAT - expect_column_values_to_be_in_type_list - PRIX - correctly filled rate (%) - 100.0
2019-06-03 12:00:32,414 - VO - DE - HEYCAR - 2019-05-01 00:00:00 - ERROR - STAT - expect_column_values_to_not_be_null - PRIX - correctly filled rate (%) - 100.0
2019-06-03 12:00:32,414 - VO - DE - HEYCAR - 2019-05-01 00:00:00 - ERROR - STAT - expect_column_values_to_be_in_type_list - KM - correctly filled rate (%) - 100.0
2019-06-03 12:00:32,414 - VO - DE - HEYCAR - 2019-05-01 00:00:00 - ERROR - STAT - expect_column_values_to_not_be_null - KM - correctly filled rate (%) - 100.0
2019-06-03 12:00:32,414 - VO - DE - HEYCAR - 2019-05-01 00:00:00 - ERROR - STAT - expect_column_values_to_not_be_null - PLACE - correctly filled rate (%) - 0.0
2019-06-03 12:00:32,414 - VO - DE - HEYCAR - 2019-05-01 00:00:00 - ERROR - STAT - expect_column_values_to_be_in_type_list - PHOTO - correctly filled rate (%) - 100.0
2019-06-03 12:00:32,414 - VO - DE - HEYCAR - 2019-05-01 00:00:00 - ERROR - STAT - expect_column_values_to_not_be_null - PHOTO - correctly filled rate (%) - 100.0
2019-06-03 12:00:32,414 - VO - DE - HEYCAR - 2019-05-01 00:00:00 - ERROR - STAT - expect_column_values_to_be_in_type_list - LITRE - correctly filled rate (%) - 100.0
2019-06-03 12:00:32,414 - VO - DE - HEYCAR - 2019-05-01 00:00:00 - ERROR - STAT - expect_column_values_to_not_be_null - LITRE - correctly filled rate (%) - 100.0
2019-06-03 12:00:32,414 - VO - DE - HEYCAR - 2019-05-01 00:00:00 - ERROR - STAT - expect_column_values_to_not_be_null - IMMAT - correctly filled rate (%) - 100.0
2019-06-03 12:00:32,414 - VO - DE - HEYCAR - 2019-05-01 00:00:00 - ERROR - STAT - expect_column_values_to_not_be_null - VN_IND - correctly filled rate (%) - 100.0
2019-06-03 12:00:32,414 - VO - DE - HEYCAR - 2019-05-01 00:00:00 - ERROR - STAT - expect_column_values_to_be_in_set - VN_IND - correctly filled rate (%) - 100.0
2019-06-03 12:00:32,414 - VO - DE - HEYCAR - 2019-05-01 00:00:00 - ERROR - STAT - expect_column_values_to_not_be_null - ADRESSE - correctly filled rate (%) - 99.99
2019-06-03 12:00:32,415 - VO - DE - HEYCAR - 2019-05-01 00:00:00 - ERROR - STAT - expect_column_values_to_not_be_null - VILLE - correctly filled rate (%) - 100.0
2019-06-03 12:00:32,415 - VO - DE - HEYCAR - 2019-05-01 00:00:00 - ERROR - STAT - expect_column_values_to_not_be_null - CP - correctly filled rate (%) - 100.0
2019-06-03 12:00:32,415 - VO - DE - HEYCAR - 2019-05-01 00:00:00 - ERROR - STAT - expect_column_values_to_not_be_null - PROVINCE - correctly filled rate (%) - 0.0
2019-06-03 12:00:32,415 - VO - DE - HEYCAR - 2019-05-01 00:00:00 - ERROR - STAT - expect_column_values_to_not_be_null - TELEPHONE - correctly filled rate (%) - 100.0
2019-06-03 12:00:32,415 - VO - DE - HEYCAR - 2019-05-01 00:00:00 - ERROR - STAT - expect_column_values_to_be_phone_number - TELEPHONE - correctly filled rate (%) - 100.0
2019-06-03 12:00:32,415 - VO - DE - HEYCAR - 2019-05-01 00:00:00 - ERROR - STAT - expect_returning_row_count - EVERY_COLUMNS - total number of rows - 379885
2019-06-03 12:00:32,415 - VO - DE - HEYCAR - 2019-05-01 00:00:00 - ERROR - STAT - expect_column_values_to_not_be_null - GARAGE_ID - correctly filled rate (%) - 100.0
2019-06-03 12:00:32,415 - VO - DE - HEYCAR - 2019-05-01 00:00:00 - ERROR - STAT - expect_returning_row_count_on_conditions - DEALER_USEDCARS - total number of row with conditions - 0
2019-06-03 12:00:32,415 - VO - DE - HEYCAR - 2019-05-01 00:00:00 - ERROR - STAT - expect_returning_row_count_on_conditions - PRIVATE_USEDCARS - total number of row with conditions - 0
2019-06-03 12:00:32,415 - VO - DE - HEYCAR - 2019-05-01 00:00:00 - ERROR - STAT - expect_returning_row_count_on_conditions - DEALER_NEWCARS - total number of row with conditions - 0
2019-06-03 12:00:32,415 - VO - DE - HEYCAR - 2019-05-01 00:00:00 - ERROR - STAT - expect_column_value_lengths_to_be_between - NOM - correctly filled rate (%) - 100.0
2019-06-03 12:00:32,415 - VO - DE - HEYCAR - 2019-05-01 00:00:00 - ERROR - STAT - expect_column_values_to_match_regex - CP - correctly filled rate (%) - 92.9
