2019-11-22 09:01:00,832 - VO - BR - CARROPIRACICABA - 2019-11-01 00:00:00 - ERROR - FILE_VALIDATE - expect_file_to_be_validated - EVERY_COLUMNS - False - 0
2019-11-22 09:01:00,832 - VO - BR - CARROPIRACICABA - 2019-11-01 00:00:00 - ERROR - STAT - expect_column_values_to_not_be_null - ADRESSE - correctly filled rate (%) - 100.0
2019-11-22 09:01:00,832 - VO - BR - CARROPIRACICABA - 2019-11-01 00:00:00 - ERROR - FILE_VALIDATE - expect_column_values_to_not_be_null - ADRESSE - True - 1
2019-11-22 09:01:00,833 - VO - BR - CARROPIRACICABA - 2019-11-01 00:00:00 - ERROR - STAT - expect_column_values_to_be_in_type_list - ANNEE - correctly filled rate (%) - 100.0
2019-11-22 09:01:00,833 - VO - BR - CARROPIRACICABA - 2019-11-01 00:00:00 - ERROR - FILE_VALIDATE - expect_column_values_to_be_in_type_list - ANNEE - True - 1
2019-11-22 09:01:00,833 - VO - BR - CARROPIRACICABA - 2019-11-01 00:00:00 - ERROR - STAT - expect_column_values_to_be_between - ANNEE - correctly filled rate (%) - 97.43
2019-11-22 09:01:00,833 - VO - BR - CARROPIRACICABA - 2019-11-01 00:00:00 - ERROR - STAT - expect_column_values_to_be_between - ANNEE - unexpected count - 653
2019-11-22 09:01:00,833 - VO - BR - CARROPIRACICABA - 2019-11-01 00:00:00 - ERROR - FILE_VALIDATE - expect_column_values_to_be_between - ANNEE - True - 1
2019-11-22 09:01:00,833 - VO - BR - CARROPIRACICABA - 2019-11-01 00:00:00 - ERROR - STAT - expect_column_values_to_not_be_null - ANNEE - correctly filled rate (%) - 100.0
2019-11-22 09:01:00,833 - VO - BR - CARROPIRACICABA - 2019-11-01 00:00:00 - ERROR - FILE_VALIDATE - expect_column_values_to_not_be_null - ANNEE - True - 1
2019-11-22 09:01:00,833 - VO - BR - CARROPIRACICABA - 2019-11-01 00:00:00 - ERROR - STAT - expect_column_values_to_match_regex - ANNEE - correctly filled rate (%) - 100.0
2019-11-22 09:01:00,833 - VO - BR - CARROPIRACICABA - 2019-11-01 00:00:00 - ERROR - FILE_VALIDATE - expect_column_values_to_match_regex - ANNEE - True - 1
2019-11-22 09:01:00,833 - VO - BR - CARROPIRACICABA - 2019-11-01 00:00:00 - ERROR - STAT - expect_column_values_to_not_be_null - ANNONCE_LINK - correctly filled rate (%) - 100.0
2019-11-22 09:01:00,833 - VO - BR - CARROPIRACICABA - 2019-11-01 00:00:00 - ERROR - FILE_VALIDATE - expect_column_values_to_not_be_null - ANNONCE_LINK - True - 1
2019-11-22 09:01:00,833 - VO - BR - CARROPIRACICABA - 2019-11-01 00:00:00 - ERROR - STAT - expect_column_values_to_be_unique - ANNONCE_LINK - observed proportion - 100.0
2019-11-22 09:01:00,833 - VO - BR - CARROPIRACICABA - 2019-11-01 00:00:00 - ERROR - FILE_VALIDATE - expect_column_values_to_be_unique - ANNONCE_LINK - True - 1
2019-11-22 09:01:00,833 - VO - BR - CARROPIRACICABA - 2019-11-01 00:00:00 - ERROR - STAT - expect_column_values_to_not_be_null - CARBURANT - correctly filled rate (%) - 98.89
2019-11-22 09:01:00,833 - VO - BR - CARROPIRACICABA - 2019-11-01 00:00:00 - ERROR - FILE_VALIDATE - expect_column_values_to_not_be_null - CARBURANT - True - 1
2019-11-22 09:01:00,833 - VO - BR - CARROPIRACICABA - 2019-11-01 00:00:00 - ERROR - STAT - expect_column_values_to_not_be_null - CARROSSERIE - correctly filled rate (%) - 0.0
2019-11-22 09:01:00,833 - VO - BR - CARROPIRACICABA - 2019-11-01 00:00:00 - ERROR - FILE_VALIDATE - expect_column_values_to_not_be_null - CARROSSERIE - False - 0
2019-11-22 09:01:00,834 - VO - BR - CARROPIRACICABA - 2019-11-01 00:00:00 - ERROR - STAT - expect_column_values_to_not_be_null - CP - correctly filled rate (%) - 0.0
2019-11-22 09:01:00,834 - VO - BR - CARROPIRACICABA - 2019-11-01 00:00:00 - ERROR - FILE_VALIDATE - expect_column_values_to_not_be_null - CP - False - 0
2019-11-22 09:01:00,834 - VO - BR - CARROPIRACICABA - 2019-11-01 00:00:00 - ERROR - STAT - expect_column_values_to_not_be_null - GARAGE_ID - correctly filled rate (%) - 0.0
2019-11-22 09:01:00,834 - VO - BR - CARROPIRACICABA - 2019-11-01 00:00:00 - ERROR - FILE_VALIDATE - expect_column_values_to_not_be_null - GARAGE_ID - False - 0
2019-11-22 09:01:00,834 - VO - BR - CARROPIRACICABA - 2019-11-01 00:00:00 - ERROR - STAT - expect_column_values_to_not_be_null - ID_CLIENT - correctly filled rate (%) - 100.0
2019-11-22 09:01:00,834 - VO - BR - CARROPIRACICABA - 2019-11-01 00:00:00 - ERROR - FILE_VALIDATE - expect_column_values_to_not_be_null - ID_CLIENT - True - 1
2019-11-22 09:01:00,834 - VO - BR - CARROPIRACICABA - 2019-11-01 00:00:00 - ERROR - STAT - expect_column_values_to_be_unique - ID_CLIENT - observed proportion - 100.0
2019-11-22 09:01:00,834 - VO - BR - CARROPIRACICABA - 2019-11-01 00:00:00 - ERROR - FILE_VALIDATE - expect_column_values_to_be_unique - ID_CLIENT - True - 1
2019-11-22 09:01:00,834 - VO - BR - CARROPIRACICABA - 2019-11-01 00:00:00 - ERROR - STAT - expect_returning_row_count - EVERY_COLUMNS - total number of rows - 25397
2019-11-22 09:01:00,834 - VO - BR - CARROPIRACICABA - 2019-11-01 00:00:00 - ERROR - STAT - expect_column_values_to_not_be_null - IMMAT - correctly filled rate (%) - 100.0
2019-11-22 09:01:00,834 - VO - BR - CARROPIRACICABA - 2019-11-01 00:00:00 - ERROR - FILE_VALIDATE - expect_column_values_to_not_be_null - IMMAT - True - 1
2019-11-22 09:01:00,834 - VO - BR - CARROPIRACICABA - 2019-11-01 00:00:00 - ERROR - STAT - expect_column_values_to_be_in_type_list - KM - correctly filled rate (%) - 100.0
2019-11-22 09:01:00,834 - VO - BR - CARROPIRACICABA - 2019-11-01 00:00:00 - ERROR - FILE_VALIDATE - expect_column_values_to_be_in_type_list - KM - True - 1
2019-11-22 09:01:00,834 - VO - BR - CARROPIRACICABA - 2019-11-01 00:00:00 - ERROR - STAT - expect_column_values_to_not_be_null - KM - correctly filled rate (%) - 100.0
2019-11-22 09:01:00,834 - VO - BR - CARROPIRACICABA - 2019-11-01 00:00:00 - ERROR - FILE_VALIDATE - expect_column_values_to_not_be_null - KM - True - 1
2019-11-22 09:01:00,834 - VO - BR - CARROPIRACICABA - 2019-11-01 00:00:00 - ERROR - STAT - expect_column_values_to_be_in_type_list - LITRE - correctly filled rate (%) - 100.0
2019-11-22 09:01:00,835 - VO - BR - CARROPIRACICABA - 2019-11-01 00:00:00 - ERROR - FILE_VALIDATE - expect_column_values_to_be_in_type_list - LITRE - True - 1
2019-11-22 09:01:00,835 - VO - BR - CARROPIRACICABA - 2019-11-01 00:00:00 - ERROR - STAT - expect_column_values_to_not_be_null - LITRE - correctly filled rate (%) - 100.0
2019-11-22 09:01:00,835 - VO - BR - CARROPIRACICABA - 2019-11-01 00:00:00 - ERROR - FILE_VALIDATE - expect_column_values_to_not_be_null - LITRE - True - 1
2019-11-22 09:01:00,835 - VO - BR - CARROPIRACICABA - 2019-11-01 00:00:00 - ERROR - STAT - expect_column_values_to_not_be_null - MARQUE - correctly filled rate (%) - 100.0
2019-11-22 09:01:00,835 - VO - BR - CARROPIRACICABA - 2019-11-01 00:00:00 - ERROR - FILE_VALIDATE - expect_column_values_to_not_be_null - MARQUE - True - 1
2019-11-22 09:01:00,835 - VO - BR - CARROPIRACICABA - 2019-11-01 00:00:00 - ERROR - STAT - expect_column_values_to_not_be_null - MODELE - correctly filled rate (%) - 100.0
2019-11-22 09:01:00,835 - VO - BR - CARROPIRACICABA - 2019-11-01 00:00:00 - ERROR - FILE_VALIDATE - expect_column_values_to_not_be_null - MODELE - True - 1
2019-11-22 09:01:00,835 - VO - BR - CARROPIRACICABA - 2019-11-01 00:00:00 - ERROR - STAT - expect_column_values_to_not_be_null - MOIS - correctly filled rate (%) - 100.0
2019-11-22 09:01:00,835 - VO - BR - CARROPIRACICABA - 2019-11-01 00:00:00 - ERROR - FILE_VALIDATE - expect_column_values_to_not_be_null - MOIS - True - 1
2019-11-22 09:01:00,835 - VO - BR - CARROPIRACICABA - 2019-11-01 00:00:00 - ERROR - FILE_CHECK - expect_column_values_to_be_between - MOIS - Unexpected value: 0 on line 0, value should be between 1 and 12
2019-11-22 09:01:00,835 - VO - BR - CARROPIRACICABA - 2019-11-01 00:00:00 - ERROR - FILE_CHECK - expect_column_values_to_be_between - MOIS - Unexpected value: 0 on line 1, value should be between 1 and 12
2019-11-22 09:01:00,835 - VO - BR - CARROPIRACICABA - 2019-11-01 00:00:00 - ERROR - FILE_CHECK - expect_column_values_to_be_between - MOIS - Unexpected value: 0 on line 2, value should be between 1 and 12
2019-11-22 09:01:00,835 - VO - BR - CARROPIRACICABA - 2019-11-01 00:00:00 - ERROR - FILE_CHECK - expect_column_values_to_be_between - MOIS - Unexpected value: 0 on line 3, value should be between 1 and 12
2019-11-22 09:01:00,835 - VO - BR - CARROPIRACICABA - 2019-11-01 00:00:00 - ERROR - FILE_CHECK - expect_column_values_to_be_between - MOIS - Unexpected value: 0 on line 4, value should be between 1 and 12
2019-11-22 09:01:00,835 - VO - BR - CARROPIRACICABA - 2019-11-01 00:00:00 - ERROR - FILE_CHECK - expect_column_values_to_be_between - MOIS - Unexpected value: 0 on line 5, value should be between 1 and 12
2019-11-22 09:01:00,835 - VO - BR - CARROPIRACICABA - 2019-11-01 00:00:00 - ERROR - FILE_CHECK - expect_column_values_to_be_between - MOIS - Unexpected value: 0 on line 6, value should be between 1 and 12
2019-11-22 09:01:00,835 - VO - BR - CARROPIRACICABA - 2019-11-01 00:00:00 - ERROR - FILE_CHECK - expect_column_values_to_be_between - MOIS - Unexpected value: 0 on line 7, value should be between 1 and 12
2019-11-22 09:01:00,836 - VO - BR - CARROPIRACICABA - 2019-11-01 00:00:00 - ERROR - FILE_CHECK - expect_column_values_to_be_between - MOIS - Unexpected value: 0 on line 8, value should be between 1 and 12
2019-11-22 09:01:00,836 - VO - BR - CARROPIRACICABA - 2019-11-01 00:00:00 - ERROR - FILE_CHECK - expect_column_values_to_be_between - MOIS - Unexpected value: 0 on line 9, value should be between 1 and 12
2019-11-22 09:01:00,836 - VO - BR - CARROPIRACICABA - 2019-11-01 00:00:00 - ERROR - FILE_CHECK - expect_column_values_to_be_between - MOIS - Unexpected value: 0 on line 10, value should be between 1 and 12
2019-11-22 09:01:00,836 - VO - BR - CARROPIRACICABA - 2019-11-01 00:00:00 - ERROR - FILE_CHECK - expect_column_values_to_be_between - MOIS - Unexpected value: 0 on line 11, value should be between 1 and 12
2019-11-22 09:01:00,836 - VO - BR - CARROPIRACICABA - 2019-11-01 00:00:00 - ERROR - FILE_CHECK - expect_column_values_to_be_between - MOIS - Unexpected value: 0 on line 12, value should be between 1 and 12
2019-11-22 09:01:00,836 - VO - BR - CARROPIRACICABA - 2019-11-01 00:00:00 - ERROR - FILE_CHECK - expect_column_values_to_be_between - MOIS - Unexpected value: 0 on line 13, value should be between 1 and 12
2019-11-22 09:01:00,836 - VO - BR - CARROPIRACICABA - 2019-11-01 00:00:00 - ERROR - FILE_CHECK - expect_column_values_to_be_between - MOIS - Unexpected value: 0 on line 14, value should be between 1 and 12
2019-11-22 09:01:00,836 - VO - BR - CARROPIRACICABA - 2019-11-01 00:00:00 - ERROR - FILE_CHECK - expect_column_values_to_be_between - MOIS - Unexpected value: 0 on line 15, value should be between 1 and 12
2019-11-22 09:01:00,836 - VO - BR - CARROPIRACICABA - 2019-11-01 00:00:00 - ERROR - FILE_CHECK - expect_column_values_to_be_between - MOIS - Unexpected value: 0 on line 16, value should be between 1 and 12
2019-11-22 09:01:00,836 - VO - BR - CARROPIRACICABA - 2019-11-01 00:00:00 - ERROR - FILE_CHECK - expect_column_values_to_be_between - MOIS - Unexpected value: 0 on line 17, value should be between 1 and 12
2019-11-22 09:01:00,836 - VO - BR - CARROPIRACICABA - 2019-11-01 00:00:00 - ERROR - FILE_CHECK - expect_column_values_to_be_between - MOIS - Unexpected value: 0 on line 18, value should be between 1 and 12
2019-11-22 09:01:00,836 - VO - BR - CARROPIRACICABA - 2019-11-01 00:00:00 - ERROR - FILE_CHECK - expect_column_values_to_be_between - MOIS - Unexpected value: 0 on line 19, value should be between 1 and 12
2019-11-22 09:01:00,836 - VO - BR - CARROPIRACICABA - 2019-11-01 00:00:00 - ERROR - STAT - expect_column_values_to_be_between - MOIS - correctly filled rate (%) - 0.0
2019-11-22 09:01:00,836 - VO - BR - CARROPIRACICABA - 2019-11-01 00:00:00 - ERROR - STAT - expect_column_values_to_be_between - MOIS - unexpected count - 25397
2019-11-22 09:01:00,836 - VO - BR - CARROPIRACICABA - 2019-11-01 00:00:00 - ERROR - FILE_VALIDATE - expect_column_values_to_be_between - MOIS - False - 0
2019-11-22 09:01:00,836 - VO - BR - CARROPIRACICABA - 2019-11-01 00:00:00 - ERROR - STAT - expect_column_values_to_match_regex - MOIS - correctly filled rate (%) - 100.0
2019-11-22 09:01:00,836 - VO - BR - CARROPIRACICABA - 2019-11-01 00:00:00 - ERROR - FILE_VALIDATE - expect_column_values_to_match_regex - MOIS - True - 1
2019-11-22 09:01:00,837 - VO - BR - CARROPIRACICABA - 2019-11-01 00:00:00 - ERROR - STAT - expect_column_values_to_not_be_null - NOM - correctly filled rate (%) - 100.0
2019-11-22 09:01:00,837 - VO - BR - CARROPIRACICABA - 2019-11-01 00:00:00 - ERROR - FILE_VALIDATE - expect_column_values_to_not_be_null - NOM - True - 1
2019-11-22 09:01:00,837 - VO - BR - CARROPIRACICABA - 2019-11-01 00:00:00 - ERROR - FILE_CHECK - expect_column_value_lengths_to_be_between - NOM - Unexpected characters count of: [BMW X1...] on line  156, value length should be between 10 and 255
2019-11-22 09:01:00,837 - VO - BR - CARROPIRACICABA - 2019-11-01 00:00:00 - ERROR - FILE_CHECK - expect_column_value_lengths_to_be_between - NOM - Unexpected characters count of: [DODGE Ram...] on line  1679, value length should be between 10 and 255
2019-11-22 09:01:00,837 - VO - BR - CARROPIRACICABA - 2019-11-01 00:00:00 - ERROR - FILE_CHECK - expect_column_value_lengths_to_be_between - NOM - Unexpected characters count of: [VOLVO S40...] on line  1734, value length should be between 10 and 255
2019-11-22 09:01:00,837 - VO - BR - CARROPIRACICABA - 2019-11-01 00:00:00 - ERROR - FILE_CHECK - expect_column_value_lengths_to_be_between - NOM - Unexpected characters count of: [DODGE Ram...] on line  4236, value length should be between 10 and 255
2019-11-22 09:01:00,837 - VO - BR - CARROPIRACICABA - 2019-11-01 00:00:00 - ERROR - FILE_CHECK - expect_column_value_lengths_to_be_between - NOM - Unexpected characters count of: [BMW X1...] on line  6183, value length should be between 10 and 255
2019-11-22 09:01:00,837 - VO - BR - CARROPIRACICABA - 2019-11-01 00:00:00 - ERROR - FILE_CHECK - expect_column_value_lengths_to_be_between - NOM - Unexpected characters count of: [AUDI A3...] on line  6895, value length should be between 10 and 255
2019-11-22 09:01:00,837 - VO - BR - CARROPIRACICABA - 2019-11-01 00:00:00 - ERROR - FILE_CHECK - expect_column_value_lengths_to_be_between - NOM - Unexpected characters count of: [HONDA Fit...] on line  6944, value length should be between 10 and 255
2019-11-22 09:01:00,837 - VO - BR - CARROPIRACICABA - 2019-11-01 00:00:00 - ERROR - FILE_CHECK - expect_column_value_lengths_to_be_between - NOM - Unexpected characters count of: [FIAT Idea...] on line  7368, value length should be between 10 and 255
2019-11-22 09:01:00,837 - VO - BR - CARROPIRACICABA - 2019-11-01 00:00:00 - ERROR - FILE_CHECK - expect_column_value_lengths_to_be_between - NOM - Unexpected characters count of: [AUDI Q3...] on line  8933, value length should be between 10 and 255
2019-11-22 09:01:00,837 - VO - BR - CARROPIRACICABA - 2019-11-01 00:00:00 - ERROR - FILE_CHECK - expect_column_value_lengths_to_be_between - NOM - Unexpected characters count of: [HONDA Fit...] on line  10326, value length should be between 10 and 255
2019-11-22 09:01:00,837 - VO - BR - CARROPIRACICABA - 2019-11-01 00:00:00 - ERROR - FILE_CHECK - expect_column_value_lengths_to_be_between - NOM - Unexpected characters count of: [AUDI A4...] on line  10419, value length should be between 10 and 255
2019-11-22 09:01:00,837 - VO - BR - CARROPIRACICABA - 2019-11-01 00:00:00 - ERROR - FILE_CHECK - expect_column_value_lengths_to_be_between - NOM - Unexpected characters count of: [FIAT Mobi...] on line  10615, value length should be between 10 and 255
2019-11-22 09:01:00,837 - VO - BR - CARROPIRACICABA - 2019-11-01 00:00:00 - ERROR - FILE_CHECK - expect_column_value_lengths_to_be_between - NOM - Unexpected characters count of: [FIAT Mobi...] on line  10616, value length should be between 10 and 255
2019-11-22 09:01:00,837 - VO - BR - CARROPIRACICABA - 2019-11-01 00:00:00 - ERROR - FILE_CHECK - expect_column_value_lengths_to_be_between - NOM - Unexpected characters count of: [FIAT Mobi...] on line  10617, value length should be between 10 and 255
2019-11-22 09:01:00,838 - VO - BR - CARROPIRACICABA - 2019-11-01 00:00:00 - ERROR - FILE_CHECK - expect_column_value_lengths_to_be_between - NOM - Unexpected characters count of: [FIAT Mobi...] on line  10618, value length should be between 10 and 255
2019-11-22 09:01:00,838 - VO - BR - CARROPIRACICABA - 2019-11-01 00:00:00 - ERROR - FILE_CHECK - expect_column_value_lengths_to_be_between - NOM - Unexpected characters count of: [FIAT Mobi...] on line  10622, value length should be between 10 and 255
2019-11-22 09:01:00,838 - VO - BR - CARROPIRACICABA - 2019-11-01 00:00:00 - ERROR - FILE_CHECK - expect_column_value_lengths_to_be_between - NOM - Unexpected characters count of: [HONDA Fit...] on line  11262, value length should be between 10 and 255
2019-11-22 09:01:00,838 - VO - BR - CARROPIRACICABA - 2019-11-01 00:00:00 - ERROR - FILE_CHECK - expect_column_value_lengths_to_be_between - NOM - Unexpected characters count of: [HONDA CRV...] on line  11582, value length should be between 10 and 255
2019-11-22 09:01:00,838 - VO - BR - CARROPIRACICABA - 2019-11-01 00:00:00 - ERROR - FILE_CHECK - expect_column_value_lengths_to_be_between - NOM - Unexpected characters count of: [FORD Edge...] on line  11938, value length should be between 10 and 255
2019-11-22 09:01:00,838 - VO - BR - CARROPIRACICABA - 2019-11-01 00:00:00 - ERROR - FILE_CHECK - expect_column_value_lengths_to_be_between - NOM - Unexpected characters count of: [FIAT Mobi...] on line  12000, value length should be between 10 and 255
2019-11-22 09:01:00,838 - VO - BR - CARROPIRACICABA - 2019-11-01 00:00:00 - ERROR - STAT - expect_column_value_lengths_to_be_between - NOM - correctly filled rate (%) - 99.74
2019-11-22 09:01:00,838 - VO - BR - CARROPIRACICABA - 2019-11-01 00:00:00 - ERROR - FILE_VALIDATE - expect_column_value_lengths_to_be_between - NOM - False - 0
2019-11-22 09:01:00,838 - VO - BR - CARROPIRACICABA - 2019-11-01 00:00:00 - ERROR - STAT - expect_column_values_to_not_be_null - OPTIONS - correctly filled rate (%) - 0.0
2019-11-22 09:01:00,838 - VO - BR - CARROPIRACICABA - 2019-11-01 00:00:00 - ERROR - FILE_VALIDATE - expect_column_values_to_not_be_null - OPTIONS - False - 0
2019-11-22 09:01:00,838 - VO - BR - CARROPIRACICABA - 2019-11-01 00:00:00 - ERROR - STAT - expect_column_values_to_be_in_type_list - PHOTO - correctly filled rate (%) - 100.0
2019-11-22 09:01:00,838 - VO - BR - CARROPIRACICABA - 2019-11-01 00:00:00 - ERROR - FILE_VALIDATE - expect_column_values_to_be_in_type_list - PHOTO - True - 1
2019-11-22 09:01:00,838 - VO - BR - CARROPIRACICABA - 2019-11-01 00:00:00 - ERROR - STAT - expect_column_values_to_not_be_null - PHOTO - correctly filled rate (%) - 100.0
2019-11-22 09:01:00,838 - VO - BR - CARROPIRACICABA - 2019-11-01 00:00:00 - ERROR - FILE_VALIDATE - expect_column_values_to_not_be_null - PHOTO - True - 1
2019-11-22 09:01:00,838 - VO - BR - CARROPIRACICABA - 2019-11-01 00:00:00 - ERROR - STAT - expect_column_values_to_be_in_type_list - PLACE - correctly filled rate (%) - 100.0
2019-11-22 09:01:00,838 - VO - BR - CARROPIRACICABA - 2019-11-01 00:00:00 - ERROR - FILE_VALIDATE - expect_column_values_to_be_in_type_list - PLACE - True - 1
2019-11-22 09:01:00,839 - VO - BR - CARROPIRACICABA - 2019-11-01 00:00:00 - ERROR - STAT - expect_column_values_to_not_be_null - PLACE - correctly filled rate (%) - 100.0
2019-11-22 09:01:00,839 - VO - BR - CARROPIRACICABA - 2019-11-01 00:00:00 - ERROR - FILE_VALIDATE - expect_column_values_to_not_be_null - PLACE - True - 1
2019-11-22 09:01:00,839 - VO - BR - CARROPIRACICABA - 2019-11-01 00:00:00 - ERROR - STAT - expect_column_values_to_not_be_null - PORTE - correctly filled rate (%) - 0.0
2019-11-22 09:01:00,839 - VO - BR - CARROPIRACICABA - 2019-11-01 00:00:00 - ERROR - FILE_VALIDATE - expect_column_values_to_not_be_null - PORTE - False - 0
2019-11-22 09:01:00,839 - VO - BR - CARROPIRACICABA - 2019-11-01 00:00:00 - ERROR - STAT - expect_column_values_to_be_in_type_list - PRIX - correctly filled rate (%) - 100.0
2019-11-22 09:01:00,839 - VO - BR - CARROPIRACICABA - 2019-11-01 00:00:00 - ERROR - FILE_VALIDATE - expect_column_values_to_be_in_type_list - PRIX - True - 1
2019-11-22 09:01:00,839 - VO - BR - CARROPIRACICABA - 2019-11-01 00:00:00 - ERROR - STAT - expect_column_values_to_not_be_null - PRIX - correctly filled rate (%) - 100.0
2019-11-22 09:01:00,839 - VO - BR - CARROPIRACICABA - 2019-11-01 00:00:00 - ERROR - FILE_VALIDATE - expect_column_values_to_not_be_null - PRIX - True - 1
2019-11-22 09:01:00,839 - VO - BR - CARROPIRACICABA - 2019-11-01 00:00:00 - ERROR - STAT - expect_column_values_to_not_be_null - PROVINCE - correctly filled rate (%) - 0.0
2019-11-22 09:01:00,839 - VO - BR - CARROPIRACICABA - 2019-11-01 00:00:00 - ERROR - FILE_VALIDATE - expect_column_values_to_not_be_null - PROVINCE - False - 0
2019-11-22 09:01:00,839 - VO - BR - CARROPIRACICABA - 2019-11-01 00:00:00 - ERROR - STAT - expect_column_values_to_not_be_null - SITE - correctly filled rate (%) - 100.0
2019-11-22 09:01:00,839 - VO - BR - CARROPIRACICABA - 2019-11-01 00:00:00 - ERROR - FILE_VALIDATE - expect_column_values_to_not_be_null - SITE - True - 1
2019-11-22 09:01:00,839 - VO - BR - CARROPIRACICABA - 2019-11-01 00:00:00 - ERROR - STAT - expect_column_values_to_not_be_null - TELEPHONE - correctly filled rate (%) - 100.0
2019-11-22 09:01:00,839 - VO - BR - CARROPIRACICABA - 2019-11-01 00:00:00 - ERROR - FILE_VALIDATE - expect_column_values_to_not_be_null - TELEPHONE - True - 1
2019-11-22 09:01:00,840 - VO - BR - CARROPIRACICABA - 2019-11-01 00:00:00 - ERROR - STAT - expect_column_values_to_be_phone_number - TELEPHONE - correctly filled rate (%) - 99.53
2019-11-22 09:01:00,840 - VO - BR - CARROPIRACICABA - 2019-11-01 00:00:00 - ERROR - FILE_VALIDATE - expect_column_values_to_be_phone_number - TELEPHONE - True - 1
2019-11-22 09:01:00,840 - VO - BR - CARROPIRACICABA - 2019-11-01 00:00:00 - ERROR - STAT - expect_column_values_to_not_be_null - TYPE - correctly filled rate (%) - 100.0
2019-11-22 09:01:00,840 - VO - BR - CARROPIRACICABA - 2019-11-01 00:00:00 - ERROR - FILE_VALIDATE - expect_column_values_to_not_be_null - TYPE - True - 1
2019-11-22 09:01:00,840 - VO - BR - CARROPIRACICABA - 2019-11-01 00:00:00 - ERROR - STAT - expect_column_values_to_be_in_set_2 - TYPE - observed proportion - 100.0
2019-11-22 09:01:00,840 - VO - BR - CARROPIRACICABA - 2019-11-01 00:00:00 - ERROR - STAT - expect_column_values_to_not_be_null - VILLE - correctly filled rate (%) - 100.0
2019-11-22 09:01:00,840 - VO - BR - CARROPIRACICABA - 2019-11-01 00:00:00 - ERROR - FILE_VALIDATE - expect_column_values_to_not_be_null - VILLE - True - 1
2019-11-22 09:01:00,840 - VO - BR - CARROPIRACICABA - 2019-11-01 00:00:00 - ERROR - STAT - expect_column_values_to_not_be_null - VN_IND - correctly filled rate (%) - 0.0
2019-11-22 09:01:00,840 - VO - BR - CARROPIRACICABA - 2019-11-01 00:00:00 - ERROR - FILE_VALIDATE - expect_column_values_to_not_be_null - VN_IND - False - 0
2019-11-22 09:01:00,840 - VO - BR - CARROPIRACICABA - 2019-11-01 00:00:00 - ERROR - STAT - expect_returning_row_count_on_conditions - DEALER_USEDCARS - total number of row with conditions - 25396
2019-11-22 09:01:00,840 - VO - BR - CARROPIRACICABA - 2019-11-01 00:00:00 - ERROR - STAT - expect_returning_row_count_on_conditions - PRIVATE_USEDCARS - total number of row with conditions - 1
2019-11-22 09:01:00,840 - VO - BR - CARROPIRACICABA - 2019-11-01 00:00:00 - ERROR - STAT - expect_returning_row_unique_count - MARQUE_CORRECTED - total number of unique rows - 52
2019-11-22 09:01:00,840 - VO - BR - CARROPIRACICABA - 2019-11-01 00:00:00 - ERROR - STAT - expect_returning_row_unique_count - MODELE_CORRECTED - total number of unique rows - 314
2019-11-22 09:01:00,840 - VO - BR - CARROPIRACICABA - 2019-11-01 00:00:00 - ERROR - STAT - expect_returning_row_unique_count - CARROSSERIE - total number of unique rows - 0
2019-11-22 09:01:00,840 - VO - BR - CARROPIRACICABA - 2019-11-01 00:00:00 - ERROR - STAT - expect_returning_row_unique_count - CARBURANT - total number of unique rows - 10
2019-11-22 09:01:00,841 - VO - BR - CARROPIRACICABA - 2019-11-01 00:00:00 - ERROR - STAT - expect_column_values_to_not_be_null - CYLINDRE - correctly filled rate (%) - 0.0
2019-11-22 09:01:00,841 - VO - BR - CARROPIRACICABA - 2019-11-01 00:00:00 - ERROR - FILE_VALIDATE - expect_column_values_to_not_be_null - CYLINDRE - False - 0
2019-11-22 09:01:00,841 - VO - BR - CARROPIRACICABA - 2019-11-01 00:00:00 - ERROR - STAT - expect_returning_row_unique_count - PROVINCE - total number of unique rows - 0
2019-11-22 09:01:00,841 - VO - BR - CARROPIRACICABA - 2019-11-01 00:00:00 - ERROR - STAT - expect_returning_row_unique_count - VILLE - total number of unique rows - 51
2019-11-22 09:01:00,841 - VO - BR - CARROPIRACICABA - 2019-11-01 00:00:00 - ERROR - STAT - expect_returning_row_unique_count - DEPARTEMENT - total number of unique rows - 2
