2019-06-11 20:41:11,788 - VO - BR - NEWMOTORS - 2019-06-01 00:00:00 - ERROR - STAT - expect_column_values_to_not_be_null - ADRESSE - correctly filled rate (%) - 84.66
2019-06-11 20:41:11,788 - VO - BR - NEWMOTORS - 2019-06-01 00:00:00 - ERROR - STAT - expect_column_values_to_be_in_type_list - ANNEE - correctly filled rate (%) - 100.0
2019-06-11 20:41:11,788 - VO - BR - NEWMOTORS - 2019-06-01 00:00:00 - ERROR - FILE_CHECK - expect_column_values_to_be_between - ANNEE - Unexpected value: 1977 on line 365, value should be between 1980 and 2019
2019-06-11 20:41:11,788 - VO - BR - NEWMOTORS - 2019-06-01 00:00:00 - ERROR - FILE_CHECK - expect_column_values_to_be_between - ANNEE - Unexpected value: 0 on line 370, value should be between 1980 and 2019
2019-06-11 20:41:11,788 - VO - BR - NEWMOTORS - 2019-06-01 00:00:00 - ERROR - FILE_CHECK - expect_column_values_to_be_between - ANNEE - Unexpected value: 0 on line 371, value should be between 1980 and 2019
2019-06-11 20:41:11,788 - VO - BR - NEWMOTORS - 2019-06-01 00:00:00 - ERROR - FILE_CHECK - expect_column_values_to_be_between - ANNEE - Unexpected value: 0 on line 372, value should be between 1980 and 2019
2019-06-11 20:41:11,788 - VO - BR - NEWMOTORS - 2019-06-01 00:00:00 - ERROR - FILE_CHECK - expect_column_values_to_be_between - ANNEE - Unexpected value: 0 on line 395, value should be between 1980 and 2019
2019-06-11 20:41:11,788 - VO - BR - NEWMOTORS - 2019-06-01 00:00:00 - ERROR - FILE_CHECK - expect_column_values_to_be_between - ANNEE - Unexpected value: 0 on line 396, value should be between 1980 and 2019
2019-06-11 20:41:11,788 - VO - BR - NEWMOTORS - 2019-06-01 00:00:00 - ERROR - FILE_CHECK - expect_column_values_to_be_between - ANNEE - Unexpected value: 0 on line 401, value should be between 1980 and 2019
2019-06-11 20:41:11,788 - VO - BR - NEWMOTORS - 2019-06-01 00:00:00 - ERROR - FILE_CHECK - expect_column_values_to_be_between - ANNEE - Unexpected value: 0 on line 402, value should be between 1980 and 2019
2019-06-11 20:41:11,788 - VO - BR - NEWMOTORS - 2019-06-01 00:00:00 - ERROR - FILE_CHECK - expect_column_values_to_be_between - ANNEE - Unexpected value: 0 on line 408, value should be between 1980 and 2019
2019-06-11 20:41:11,789 - VO - BR - NEWMOTORS - 2019-06-01 00:00:00 - ERROR - FILE_CHECK - expect_column_values_to_be_between - ANNEE - Unexpected value: 0 on line 409, value should be between 1980 and 2019
2019-06-11 20:41:11,789 - VO - BR - NEWMOTORS - 2019-06-01 00:00:00 - ERROR - FILE_CHECK - expect_column_values_to_be_between - ANNEE - Unexpected value: 0 on line 411, value should be between 1980 and 2019
2019-06-11 20:41:11,789 - VO - BR - NEWMOTORS - 2019-06-01 00:00:00 - ERROR - FILE_CHECK - expect_column_values_to_be_between - ANNEE - Unexpected value: 0 on line 412, value should be between 1980 and 2019
2019-06-11 20:41:11,789 - VO - BR - NEWMOTORS - 2019-06-01 00:00:00 - ERROR - FILE_CHECK - expect_column_values_to_be_between - ANNEE - Unexpected value: 0 on line 413, value should be between 1980 and 2019
2019-06-11 20:41:11,789 - VO - BR - NEWMOTORS - 2019-06-01 00:00:00 - ERROR - FILE_CHECK - expect_column_values_to_be_between - ANNEE - Unexpected value: 0 on line 414, value should be between 1980 and 2019
2019-06-11 20:41:11,789 - VO - BR - NEWMOTORS - 2019-06-01 00:00:00 - ERROR - FILE_CHECK - expect_column_values_to_be_between - ANNEE - Unexpected value: 0 on line 415, value should be between 1980 and 2019
2019-06-11 20:41:11,789 - VO - BR - NEWMOTORS - 2019-06-01 00:00:00 - ERROR - FILE_CHECK - expect_column_values_to_be_between - ANNEE - Unexpected value: 1978 on line 2678, value should be between 1980 and 2019
2019-06-11 20:41:11,789 - VO - BR - NEWMOTORS - 2019-06-01 00:00:00 - ERROR - FILE_CHECK - expect_column_values_to_be_between - ANNEE - Unexpected value: 1972 on line 3245, value should be between 1980 and 2019
2019-06-11 20:41:11,789 - VO - BR - NEWMOTORS - 2019-06-01 00:00:00 - ERROR - FILE_CHECK - expect_column_values_to_be_between - ANNEE - Unexpected value: 1962 on line 4512, value should be between 1980 and 2019
2019-06-11 20:41:11,789 - VO - BR - NEWMOTORS - 2019-06-01 00:00:00 - ERROR - FILE_CHECK - expect_column_values_to_be_between - ANNEE - Unexpected value: 1979 on line 5233, value should be between 1980 and 2019
2019-06-11 20:41:11,789 - VO - BR - NEWMOTORS - 2019-06-01 00:00:00 - ERROR - FILE_CHECK - expect_column_values_to_be_between - ANNEE - Unexpected value: 0 on line 6226, value should be between 1980 and 2019
2019-06-11 20:41:11,789 - VO - BR - NEWMOTORS - 2019-06-01 00:00:00 - ERROR - STAT - expect_column_values_to_be_between - ANNEE - correctly filled rate (%) - 84.49
2019-06-11 20:41:11,789 - VO - BR - NEWMOTORS - 2019-06-01 00:00:00 - ERROR - STAT - expect_column_values_to_not_be_null - ANNEE - correctly filled rate (%) - 100.0
2019-06-11 20:41:11,789 - VO - BR - NEWMOTORS - 2019-06-01 00:00:00 - ERROR - FILE_CHECK - expect_column_values_to_match_regex - ANNEE - Unexpected value: 0 on line 370, value should match regexp ^[0-9]{4}$
2019-06-11 20:41:11,789 - VO - BR - NEWMOTORS - 2019-06-01 00:00:00 - ERROR - FILE_CHECK - expect_column_values_to_match_regex - ANNEE - Unexpected value: 0 on line 371, value should match regexp ^[0-9]{4}$
2019-06-11 20:41:11,789 - VO - BR - NEWMOTORS - 2019-06-01 00:00:00 - ERROR - FILE_CHECK - expect_column_values_to_match_regex - ANNEE - Unexpected value: 0 on line 372, value should match regexp ^[0-9]{4}$
2019-06-11 20:41:11,789 - VO - BR - NEWMOTORS - 2019-06-01 00:00:00 - ERROR - FILE_CHECK - expect_column_values_to_match_regex - ANNEE - Unexpected value: 0 on line 395, value should match regexp ^[0-9]{4}$
2019-06-11 20:41:11,789 - VO - BR - NEWMOTORS - 2019-06-01 00:00:00 - ERROR - FILE_CHECK - expect_column_values_to_match_regex - ANNEE - Unexpected value: 0 on line 396, value should match regexp ^[0-9]{4}$
2019-06-11 20:41:11,789 - VO - BR - NEWMOTORS - 2019-06-01 00:00:00 - ERROR - FILE_CHECK - expect_column_values_to_match_regex - ANNEE - Unexpected value: 0 on line 401, value should match regexp ^[0-9]{4}$
2019-06-11 20:41:11,790 - VO - BR - NEWMOTORS - 2019-06-01 00:00:00 - ERROR - FILE_CHECK - expect_column_values_to_match_regex - ANNEE - Unexpected value: 0 on line 402, value should match regexp ^[0-9]{4}$
2019-06-11 20:41:11,790 - VO - BR - NEWMOTORS - 2019-06-01 00:00:00 - ERROR - FILE_CHECK - expect_column_values_to_match_regex - ANNEE - Unexpected value: 0 on line 408, value should match regexp ^[0-9]{4}$
2019-06-11 20:41:11,790 - VO - BR - NEWMOTORS - 2019-06-01 00:00:00 - ERROR - FILE_CHECK - expect_column_values_to_match_regex - ANNEE - Unexpected value: 0 on line 409, value should match regexp ^[0-9]{4}$
2019-06-11 20:41:11,790 - VO - BR - NEWMOTORS - 2019-06-01 00:00:00 - ERROR - FILE_CHECK - expect_column_values_to_match_regex - ANNEE - Unexpected value: 0 on line 411, value should match regexp ^[0-9]{4}$
2019-06-11 20:41:11,790 - VO - BR - NEWMOTORS - 2019-06-01 00:00:00 - ERROR - FILE_CHECK - expect_column_values_to_match_regex - ANNEE - Unexpected value: 0 on line 412, value should match regexp ^[0-9]{4}$
2019-06-11 20:41:11,790 - VO - BR - NEWMOTORS - 2019-06-01 00:00:00 - ERROR - FILE_CHECK - expect_column_values_to_match_regex - ANNEE - Unexpected value: 0 on line 413, value should match regexp ^[0-9]{4}$
2019-06-11 20:41:11,790 - VO - BR - NEWMOTORS - 2019-06-01 00:00:00 - ERROR - FILE_CHECK - expect_column_values_to_match_regex - ANNEE - Unexpected value: 0 on line 414, value should match regexp ^[0-9]{4}$
2019-06-11 20:41:11,790 - VO - BR - NEWMOTORS - 2019-06-01 00:00:00 - ERROR - FILE_CHECK - expect_column_values_to_match_regex - ANNEE - Unexpected value: 0 on line 415, value should match regexp ^[0-9]{4}$
2019-06-11 20:41:11,790 - VO - BR - NEWMOTORS - 2019-06-01 00:00:00 - ERROR - FILE_CHECK - expect_column_values_to_match_regex - ANNEE - Unexpected value: 0 on line 6226, value should match regexp ^[0-9]{4}$
2019-06-11 20:41:11,790 - VO - BR - NEWMOTORS - 2019-06-01 00:00:00 - ERROR - FILE_CHECK - expect_column_values_to_match_regex - ANNEE - Unexpected value: 0 on line 6242, value should match regexp ^[0-9]{4}$
2019-06-11 20:41:11,790 - VO - BR - NEWMOTORS - 2019-06-01 00:00:00 - ERROR - FILE_CHECK - expect_column_values_to_match_regex - ANNEE - Unexpected value: 0 on line 6252, value should match regexp ^[0-9]{4}$
2019-06-11 20:41:11,790 - VO - BR - NEWMOTORS - 2019-06-01 00:00:00 - ERROR - FILE_CHECK - expect_column_values_to_match_regex - ANNEE - Unexpected value: 0 on line 6253, value should match regexp ^[0-9]{4}$
2019-06-11 20:41:11,790 - VO - BR - NEWMOTORS - 2019-06-01 00:00:00 - ERROR - FILE_CHECK - expect_column_values_to_match_regex - ANNEE - Unexpected value: 0 on line 6254, value should match regexp ^[0-9]{4}$
2019-06-11 20:41:11,790 - VO - BR - NEWMOTORS - 2019-06-01 00:00:00 - ERROR - FILE_CHECK - expect_column_values_to_match_regex - ANNEE - Unexpected value: 0 on line 6255, value should match regexp ^[0-9]{4}$
2019-06-11 20:41:11,790 - VO - BR - NEWMOTORS - 2019-06-01 00:00:00 - ERROR - STAT - expect_column_values_to_match_regex - ANNEE - correctly filled rate (%) - 84.67
2019-06-11 20:41:11,790 - VO - BR - NEWMOTORS - 2019-06-01 00:00:00 - ERROR - STAT - expect_column_values_to_not_be_null - ANNONCE_LINK - correctly filled rate (%) - 100.0
2019-06-11 20:41:11,790 - VO - BR - NEWMOTORS - 2019-06-01 00:00:00 - ERROR - STAT - expect_column_values_to_be_unique - ANNONCE_LINK - observed proportion - 100.0
2019-06-11 20:41:11,790 - VO - BR - NEWMOTORS - 2019-06-01 00:00:00 - ERROR - STAT - expect_column_values_to_not_be_null - CARBURANT - correctly filled rate (%) - 84.67
2019-06-11 20:41:11,791 - VO - BR - NEWMOTORS - 2019-06-01 00:00:00 - ERROR - STAT - expect_column_values_to_not_be_null - CARROSSERIE - correctly filled rate (%) - 0.0
2019-06-11 20:41:11,791 - VO - BR - NEWMOTORS - 2019-06-01 00:00:00 - ERROR - STAT - expect_column_values_to_not_be_null - CP - correctly filled rate (%) - 0.0
2019-06-11 20:41:11,791 - VO - BR - NEWMOTORS - 2019-06-01 00:00:00 - ERROR - STAT - expect_column_values_to_not_be_null - GARAGE_ID - correctly filled rate (%) - 0.0
2019-06-11 20:41:11,791 - VO - BR - NEWMOTORS - 2019-06-01 00:00:00 - ERROR - STAT - expect_column_values_to_not_be_null - ID_CLIENT - correctly filled rate (%) - 100.0
2019-06-11 20:41:11,791 - VO - BR - NEWMOTORS - 2019-06-01 00:00:00 - ERROR - STAT - expect_column_values_to_be_unique - ID_CLIENT - observed proportion - 100.0
2019-06-11 20:41:11,791 - VO - BR - NEWMOTORS - 2019-06-01 00:00:00 - ERROR - STAT - expect_returning_row_count - EVERY_COLUMNS - total number of rows - 17622
2019-06-11 20:41:11,791 - VO - BR - NEWMOTORS - 2019-06-01 00:00:00 - ERROR - STAT - expect_column_values_to_not_be_null - IMMAT - correctly filled rate (%) - 100.0
2019-06-11 20:41:11,791 - VO - BR - NEWMOTORS - 2019-06-01 00:00:00 - ERROR - STAT - expect_column_values_to_be_in_type_list - KM - correctly filled rate (%) - 100.0
2019-06-11 20:41:11,791 - VO - BR - NEWMOTORS - 2019-06-01 00:00:00 - ERROR - STAT - expect_column_values_to_not_be_null - KM - correctly filled rate (%) - 100.0
2019-06-11 20:41:11,791 - VO - BR - NEWMOTORS - 2019-06-01 00:00:00 - ERROR - STAT - expect_column_values_to_be_in_type_list - LITRE - correctly filled rate (%) - 100.0
2019-06-11 20:41:11,791 - VO - BR - NEWMOTORS - 2019-06-01 00:00:00 - ERROR - STAT - expect_column_values_to_not_be_null - LITRE - correctly filled rate (%) - 100.0
2019-06-11 20:41:11,791 - VO - BR - NEWMOTORS - 2019-06-01 00:00:00 - ERROR - STAT - expect_column_values_to_not_be_null - MARQUE - correctly filled rate (%) - 100.0
2019-06-11 20:41:11,791 - VO - BR - NEWMOTORS - 2019-06-01 00:00:00 - ERROR - STAT - expect_column_values_to_not_be_null - MODELE - correctly filled rate (%) - 0.0
2019-06-11 20:41:11,791 - VO - BR - NEWMOTORS - 2019-06-01 00:00:00 - ERROR - STAT - expect_column_values_to_not_be_null - MOIS - correctly filled rate (%) - 100.0
2019-06-11 20:41:11,791 - VO - BR - NEWMOTORS - 2019-06-01 00:00:00 - ERROR - FILE_CHECK - expect_column_values_to_be_between - MOIS - Unexpected value: 0 on line 0, value should be between 1 and 12
2019-06-11 20:41:11,791 - VO - BR - NEWMOTORS - 2019-06-01 00:00:00 - ERROR - FILE_CHECK - expect_column_values_to_be_between - MOIS - Unexpected value: 0 on line 1, value should be between 1 and 12
2019-06-11 20:41:11,791 - VO - BR - NEWMOTORS - 2019-06-01 00:00:00 - ERROR - FILE_CHECK - expect_column_values_to_be_between - MOIS - Unexpected value: 0 on line 2, value should be between 1 and 12
2019-06-11 20:41:11,792 - VO - BR - NEWMOTORS - 2019-06-01 00:00:00 - ERROR - FILE_CHECK - expect_column_values_to_be_between - MOIS - Unexpected value: 0 on line 3, value should be between 1 and 12
2019-06-11 20:41:11,792 - VO - BR - NEWMOTORS - 2019-06-01 00:00:00 - ERROR - FILE_CHECK - expect_column_values_to_be_between - MOIS - Unexpected value: 0 on line 4, value should be between 1 and 12
2019-06-11 20:41:11,792 - VO - BR - NEWMOTORS - 2019-06-01 00:00:00 - ERROR - FILE_CHECK - expect_column_values_to_be_between - MOIS - Unexpected value: 0 on line 5, value should be between 1 and 12
2019-06-11 20:41:11,792 - VO - BR - NEWMOTORS - 2019-06-01 00:00:00 - ERROR - FILE_CHECK - expect_column_values_to_be_between - MOIS - Unexpected value: 0 on line 6, value should be between 1 and 12
2019-06-11 20:41:11,792 - VO - BR - NEWMOTORS - 2019-06-01 00:00:00 - ERROR - FILE_CHECK - expect_column_values_to_be_between - MOIS - Unexpected value: 0 on line 7, value should be between 1 and 12
2019-06-11 20:41:11,792 - VO - BR - NEWMOTORS - 2019-06-01 00:00:00 - ERROR - FILE_CHECK - expect_column_values_to_be_between - MOIS - Unexpected value: 0 on line 8, value should be between 1 and 12
2019-06-11 20:41:11,792 - VO - BR - NEWMOTORS - 2019-06-01 00:00:00 - ERROR - FILE_CHECK - expect_column_values_to_be_between - MOIS - Unexpected value: 0 on line 9, value should be between 1 and 12
2019-06-11 20:41:11,792 - VO - BR - NEWMOTORS - 2019-06-01 00:00:00 - ERROR - FILE_CHECK - expect_column_values_to_be_between - MOIS - Unexpected value: 0 on line 10, value should be between 1 and 12
2019-06-11 20:41:11,792 - VO - BR - NEWMOTORS - 2019-06-01 00:00:00 - ERROR - FILE_CHECK - expect_column_values_to_be_between - MOIS - Unexpected value: 0 on line 11, value should be between 1 and 12
2019-06-11 20:41:11,792 - VO - BR - NEWMOTORS - 2019-06-01 00:00:00 - ERROR - FILE_CHECK - expect_column_values_to_be_between - MOIS - Unexpected value: 0 on line 12, value should be between 1 and 12
2019-06-11 20:41:11,792 - VO - BR - NEWMOTORS - 2019-06-01 00:00:00 - ERROR - FILE_CHECK - expect_column_values_to_be_between - MOIS - Unexpected value: 0 on line 13, value should be between 1 and 12
2019-06-11 20:41:11,792 - VO - BR - NEWMOTORS - 2019-06-01 00:00:00 - ERROR - FILE_CHECK - expect_column_values_to_be_between - MOIS - Unexpected value: 0 on line 14, value should be between 1 and 12
2019-06-11 20:41:11,792 - VO - BR - NEWMOTORS - 2019-06-01 00:00:00 - ERROR - FILE_CHECK - expect_column_values_to_be_between - MOIS - Unexpected value: 0 on line 15, value should be between 1 and 12
2019-06-11 20:41:11,792 - VO - BR - NEWMOTORS - 2019-06-01 00:00:00 - ERROR - FILE_CHECK - expect_column_values_to_be_between - MOIS - Unexpected value: 0 on line 16, value should be between 1 and 12
2019-06-11 20:41:11,792 - VO - BR - NEWMOTORS - 2019-06-01 00:00:00 - ERROR - FILE_CHECK - expect_column_values_to_be_between - MOIS - Unexpected value: 0 on line 17, value should be between 1 and 12
2019-06-11 20:41:11,792 - VO - BR - NEWMOTORS - 2019-06-01 00:00:00 - ERROR - FILE_CHECK - expect_column_values_to_be_between - MOIS - Unexpected value: 0 on line 18, value should be between 1 and 12
2019-06-11 20:41:11,792 - VO - BR - NEWMOTORS - 2019-06-01 00:00:00 - ERROR - FILE_CHECK - expect_column_values_to_be_between - MOIS - Unexpected value: 0 on line 19, value should be between 1 and 12
2019-06-11 20:41:11,792 - VO - BR - NEWMOTORS - 2019-06-01 00:00:00 - ERROR - STAT - expect_column_values_to_be_between - MOIS - correctly filled rate (%) - 0.0
2019-06-11 20:41:11,792 - VO - BR - NEWMOTORS - 2019-06-01 00:00:00 - ERROR - STAT - expect_column_values_to_match_regex - MOIS - correctly filled rate (%) - 100.0
2019-06-11 20:41:11,793 - VO - BR - NEWMOTORS - 2019-06-01 00:00:00 - ERROR - STAT - expect_column_values_to_not_be_null - NOM - correctly filled rate (%) - 85.81
2019-06-11 20:41:11,793 - VO - BR - NEWMOTORS - 2019-06-01 00:00:00 - ERROR - STAT - expect_column_value_lengths_to_be_between - NOM - correctly filled rate (%) - 100.0
2019-06-11 20:41:11,793 - VO - BR - NEWMOTORS - 2019-06-01 00:00:00 - ERROR - STAT - expect_column_values_to_not_be_null - OPTIONS - correctly filled rate (%) - 0.0
2019-06-11 20:41:11,793 - VO - BR - NEWMOTORS - 2019-06-01 00:00:00 - ERROR - STAT - expect_column_values_to_be_in_type_list - PHOTO - correctly filled rate (%) - 100.0
2019-06-11 20:41:11,793 - VO - BR - NEWMOTORS - 2019-06-01 00:00:00 - ERROR - STAT - expect_column_values_to_not_be_null - PHOTO - correctly filled rate (%) - 100.0
2019-06-11 20:41:11,793 - VO - BR - NEWMOTORS - 2019-06-01 00:00:00 - ERROR - STAT - expect_column_values_to_be_in_type_list - PLACE - correctly filled rate (%) - 100.0
2019-06-11 20:41:11,793 - VO - BR - NEWMOTORS - 2019-06-01 00:00:00 - ERROR - STAT - expect_column_values_to_not_be_null - PLACE - correctly filled rate (%) - 100.0
2019-06-11 20:41:11,793 - VO - BR - NEWMOTORS - 2019-06-01 00:00:00 - ERROR - STAT - expect_column_values_to_not_be_null - PORTE - correctly filled rate (%) - 84.59
2019-06-11 20:41:11,793 - VO - BR - NEWMOTORS - 2019-06-01 00:00:00 - ERROR - STAT - expect_column_values_to_be_in_type_list - PORTE - correctly filled rate (%) - 100.0
2019-06-11 20:41:11,793 - VO - BR - NEWMOTORS - 2019-06-01 00:00:00 - ERROR - STAT - expect_column_values_to_be_in_type_list - PRIX - correctly filled rate (%) - 100.0
2019-06-11 20:41:11,793 - VO - BR - NEWMOTORS - 2019-06-01 00:00:00 - ERROR - STAT - expect_column_values_to_not_be_null - PRIX - correctly filled rate (%) - 100.0
2019-06-11 20:41:11,793 - VO - BR - NEWMOTORS - 2019-06-01 00:00:00 - ERROR - STAT - expect_column_values_to_not_be_null - PROVINCE - correctly filled rate (%) - 0.0
2019-06-11 20:41:11,793 - VO - BR - NEWMOTORS - 2019-06-01 00:00:00 - ERROR - STAT - expect_column_values_to_not_be_null - SITE - correctly filled rate (%) - 100.0
2019-06-11 20:41:11,793 - VO - BR - NEWMOTORS - 2019-06-01 00:00:00 - ERROR - STAT - expect_column_values_to_not_be_null - TELEPHONE - correctly filled rate (%) - 100.0
2019-06-11 20:41:11,793 - VO - BR - NEWMOTORS - 2019-06-01 00:00:00 - ERROR - STAT - expect_column_values_to_be_phone_number - TELEPHONE - correctly filled rate (%) - 99.99
2019-06-11 20:41:11,793 - VO - BR - NEWMOTORS - 2019-06-01 00:00:00 - ERROR - STAT - expect_column_values_to_not_be_null - TYPE - correctly filled rate (%) - 100.0
2019-06-11 20:41:11,793 - VO - BR - NEWMOTORS - 2019-06-01 00:00:00 - ERROR - STAT - expect_column_values_to_be_in_set_2 - TYPE - observed proportion - 100.0
2019-06-11 20:41:11,794 - VO - BR - NEWMOTORS - 2019-06-01 00:00:00 - ERROR - STAT - expect_column_values_to_not_be_null - VILLE - correctly filled rate (%) - 100.0
2019-06-11 20:41:11,794 - VO - BR - NEWMOTORS - 2019-06-01 00:00:00 - ERROR - STAT - expect_column_values_to_not_be_null - VN_IND - correctly filled rate (%) - 0.0
2019-06-11 20:41:11,794 - VO - BR - NEWMOTORS - 2019-06-01 00:00:00 - ERROR - STAT - expect_returning_row_count_on_conditions - DEALER_USEDCARS - total number of row with conditions - 17622
2019-06-11 20:41:11,794 - VO - BR - NEWMOTORS - 2019-06-01 00:00:00 - ERROR - STAT - expect_returning_row_count_on_conditions - PRIVATE_USEDCARS - total number of row with conditions - 0
2019-06-11 20:41:11,794 - VO - BR - NEWMOTORS - 2019-06-01 00:00:00 - ERROR - STAT - expect_returning_row_unique_count - MARQUE_CORRECTED - total number of unique rows - 60
2019-06-11 20:41:11,794 - VO - BR - NEWMOTORS - 2019-06-01 00:00:00 - ERROR - STAT - expect_returning_row_unique_count - MODELE_CORRECTED - total number of unique rows - 370
2019-06-11 20:41:11,794 - VO - BR - NEWMOTORS - 2019-06-01 00:00:00 - ERROR - STAT - expect_returning_row_unique_count - CARROSSERIE - total number of unique rows - 0
2019-06-11 20:41:11,794 - VO - BR - NEWMOTORS - 2019-06-01 00:00:00 - ERROR - STAT - expect_returning_row_unique_count - CARBURANT - total number of unique rows - 18
2019-06-11 20:41:11,794 - VO - BR - NEWMOTORS - 2019-06-01 00:00:00 - ERROR - STAT - expect_column_values_to_not_be_null - CYLINDRE - correctly filled rate (%) - 0.0
2019-06-11 20:41:11,794 - VO - BR - NEWMOTORS - 2019-06-01 00:00:00 - ERROR - STAT - expect_returning_row_unique_count - PROVINCE - total number of unique rows - 0
2019-06-11 20:41:11,794 - VO - BR - NEWMOTORS - 2019-06-01 00:00:00 - ERROR - STAT - expect_returning_row_unique_count - VILLE - total number of unique rows - 180
2019-06-11 20:41:11,794 - VO - BR - NEWMOTORS - 2019-06-01 00:00:00 - ERROR - STAT - expect_returning_row_unique_count - DEPARTEMENT - total number of unique rows - 16
