2019-05-21 23:12:51,171 - IMMO - MX - PROPIEDADES - 2019-05-01 00:00:00 - ERROR - STAT - expect_column_to_exist - ACHAT_LOC - column exists or not - 1.0
2019-05-21 23:12:51,171 - IMMO - MX - PROPIEDADES - 2019-05-01 00:00:00 - ERROR - STAT - expect_column_values_to_not_be_null - ACHAT_LOC - correctly filled rate (%) - 100.0
2019-05-21 23:12:51,172 - IMMO - MX - PROPIEDADES - 2019-05-01 00:00:00 - ERROR - STAT - expect_column_values_to_be_in_set - ACHAT_LOC - correctly filled rate (%) - 100.0
2019-05-21 23:12:51,172 - IMMO - MX - PROPIEDADES - 2019-05-01 00:00:00 - ERROR - STAT - expect_column_values_to_not_be_null - ADRESSE - correctly filled rate (%) - 0.0
2019-05-21 23:12:51,172 - IMMO - MX - PROPIEDADES - 2019-05-01 00:00:00 - ERROR - STAT - expect_column_values_to_not_be_null - AGENCE_ADRESSE - correctly filled rate (%) - 0.0
2019-05-21 23:12:51,172 - IMMO - MX - PROPIEDADES - 2019-05-01 00:00:00 - ERROR - STAT - expect_column_values_to_not_be_null - AGENCE_CP - correctly filled rate (%) - 0.0
2019-05-21 23:12:51,172 - IMMO - MX - PROPIEDADES - 2019-05-01 00:00:00 - ERROR - STAT - expect_column_values_to_not_be_null - AGENCE_NOM - correctly filled rate (%) - 0.0
2019-05-21 23:12:51,172 - IMMO - MX - PROPIEDADES - 2019-05-01 00:00:00 - ERROR - STAT - expect_column_values_to_not_be_null - AGENCE_TEL - correctly filled rate (%) - 0.0
2019-05-21 23:12:51,172 - IMMO - MX - PROPIEDADES - 2019-05-01 00:00:00 - ERROR - STAT - expect_column_values_to_not_be_null - AGENCE_VILLE - correctly filled rate (%) - 0.0
2019-05-21 23:12:51,172 - IMMO - MX - PROPIEDADES - 2019-05-01 00:00:00 - ERROR - STAT - expect_column_values_to_not_be_null - ANNONCE_DATE - correctly filled rate (%) - 100.0
2019-05-21 23:12:51,172 - IMMO - MX - PROPIEDADES - 2019-05-01 00:00:00 - ERROR - STAT - expect_column_values_to_not_be_null - ANNONCE_LINK - correctly filled rate (%) - 100.0
2019-05-21 23:12:51,172 - IMMO - MX - PROPIEDADES - 2019-05-01 00:00:00 - ERROR - STAT - expect_column_values_to_be_unique - ANNONCE_LINK - observed proportion - 100.0
2019-05-21 23:12:51,172 - IMMO - MX - PROPIEDADES - 2019-05-01 00:00:00 - ERROR - FILE_CHECK - expect_column_value_lengths_to_be_between - ANNONCE_TEXT - Unexpected characters count of: [UBICACION: Condo ubi...] on line  2, value length should be between 0 and 255
2019-05-21 23:12:51,172 - IMMO - MX - PROPIEDADES - 2019-05-01 00:00:00 - ERROR - FILE_CHECK - expect_column_value_lengths_to_be_between - ANNONCE_TEXT - Unexpected characters count of: [10x30, tiene 3 nivel...] on line  3, value length should be between 0 and 255
2019-05-21 23:12:51,172 - IMMO - MX - PROPIEDADES - 2019-05-01 00:00:00 - ERROR - FILE_CHECK - expect_column_value_lengths_to_be_between - ANNONCE_TEXT - Unexpected characters count of: [UBICACION: Condo ubi...] on line  4, value length should be between 0 and 255
2019-05-21 23:12:51,172 - IMMO - MX - PROPIEDADES - 2019-05-01 00:00:00 - ERROR - FILE_CHECK - expect_column_value_lengths_to_be_between - ANNONCE_TEXT - Unexpected characters count of: [Amplia casa se renta...] on line  5, value length should be between 0 and 255
2019-05-21 23:12:51,172 - IMMO - MX - PROPIEDADES - 2019-05-01 00:00:00 - ERROR - FILE_CHECK - expect_column_value_lengths_to_be_between - ANNONCE_TEXT - Unexpected characters count of: [INVERSIÓN INTELIGENT...] on line  6, value length should be between 0 and 255
2019-05-21 23:12:51,172 - IMMO - MX - PROPIEDADES - 2019-05-01 00:00:00 - ERROR - FILE_CHECK - expect_column_value_lengths_to_be_between - ANNONCE_TEXT - Unexpected characters count of: [UBICACION: Condo ubi...] on line  7, value length should be between 0 and 255
2019-05-21 23:12:51,172 - IMMO - MX - PROPIEDADES - 2019-05-01 00:00:00 - ERROR - FILE_CHECK - expect_column_value_lengths_to_be_between - ANNONCE_TEXT - Unexpected characters count of: [UBICACION: Estudio u...] on line  8, value length should be between 0 and 255
2019-05-21 23:12:51,173 - IMMO - MX - PROPIEDADES - 2019-05-01 00:00:00 - ERROR - FILE_CHECK - expect_column_value_lengths_to_be_between - ANNONCE_TEXT - Unexpected characters count of: [SE RENTA POR SEMANA ...] on line  9, value length should be between 0 and 255
2019-05-21 23:12:51,173 - IMMO - MX - PROPIEDADES - 2019-05-01 00:00:00 - ERROR - FILE_CHECK - expect_column_value_lengths_to_be_between - ANNONCE_TEXT - Unexpected characters count of: [TERRA MAR BIENES RAÍ...] on line  11, value length should be between 0 and 255
2019-05-21 23:12:51,173 - IMMO - MX - PROPIEDADES - 2019-05-01 00:00:00 - ERROR - FILE_CHECK - expect_column_value_lengths_to_be_between - ANNONCE_TEXT - Unexpected characters count of: [UBICACION: Condo ubi...] on line  13, value length should be between 0 and 255
2019-05-21 23:12:51,173 - IMMO - MX - PROPIEDADES - 2019-05-01 00:00:00 - ERROR - FILE_CHECK - expect_column_value_lengths_to_be_between - ANNONCE_TEXT - Unexpected characters count of: [UBICACION: Casa ubic...] on line  17, value length should be between 0 and 255
2019-05-21 23:12:51,173 - IMMO - MX - PROPIEDADES - 2019-05-01 00:00:00 - ERROR - FILE_CHECK - expect_column_value_lengths_to_be_between - ANNONCE_TEXT - Unexpected characters count of: [UBICACION: Condo ubi...] on line  18, value length should be between 0 and 255
2019-05-21 23:12:51,173 - IMMO - MX - PROPIEDADES - 2019-05-01 00:00:00 - ERROR - FILE_CHECK - expect_column_value_lengths_to_be_between - ANNONCE_TEXT - Unexpected characters count of: [Terreno Comercial ub...] on line  19, value length should be between 0 and 255
2019-05-21 23:12:51,173 - IMMO - MX - PROPIEDADES - 2019-05-01 00:00:00 - ERROR - FILE_CHECK - expect_column_value_lengths_to_be_between - ANNONCE_TEXT - Unexpected characters count of: [Es una villa de 4 do...] on line  20, value length should be between 0 and 255
2019-05-21 23:12:51,173 - IMMO - MX - PROPIEDADES - 2019-05-01 00:00:00 - ERROR - FILE_CHECK - expect_column_value_lengths_to_be_between - ANNONCE_TEXT - Unexpected characters count of: [UBICACION: Condo ubi...] on line  21, value length should be between 0 and 255
2019-05-21 23:12:51,173 - IMMO - MX - PROPIEDADES - 2019-05-01 00:00:00 - ERROR - FILE_CHECK - expect_column_value_lengths_to_be_between - ANNONCE_TEXT - Unexpected characters count of: [UBICACION: Ubicada a...] on line  22, value length should be between 0 and 255
2019-05-21 23:12:51,173 - IMMO - MX - PROPIEDADES - 2019-05-01 00:00:00 - ERROR - FILE_CHECK - expect_column_value_lengths_to_be_between - ANNONCE_TEXT - Unexpected characters count of: [Hermoso condominio s...] on line  23, value length should be between 0 and 255
2019-05-21 23:12:51,173 - IMMO - MX - PROPIEDADES - 2019-05-01 00:00:00 - ERROR - FILE_CHECK - expect_column_value_lengths_to_be_between - ANNONCE_TEXT - Unexpected characters count of: [UBICACION: Estudios ...] on line  28, value length should be between 0 and 255
2019-05-21 23:12:51,173 - IMMO - MX - PROPIEDADES - 2019-05-01 00:00:00 - ERROR - FILE_CHECK - expect_column_value_lengths_to_be_between - ANNONCE_TEXT - Unexpected characters count of: [Rates per night in d...] on line  30, value length should be between 0 and 255
2019-05-21 23:12:51,173 - IMMO - MX - PROPIEDADES - 2019-05-01 00:00:00 - ERROR - FILE_CHECK - expect_column_value_lengths_to_be_between - ANNONCE_TEXT - Unexpected characters count of: [UBICACION: Ubicada d...] on line  31, value length should be between 0 and 255
2019-05-21 23:12:51,173 - IMMO - MX - PROPIEDADES - 2019-05-01 00:00:00 - ERROR - STAT - expect_column_value_lengths_to_be_between - ANNONCE_TEXT - correctly filled rate (%) - 24.57
2019-05-21 23:12:51,173 - IMMO - MX - PROPIEDADES - 2019-05-01 00:00:00 - ERROR - STAT - expect_column_values_to_not_be_null - ANNONCE_TEXT - correctly filled rate (%) - 99.59
2019-05-21 23:12:51,173 - IMMO - MX - PROPIEDADES - 2019-05-01 00:00:00 - ERROR - STAT - expect_column_values_to_not_be_null - CATEGORIE - correctly filled rate (%) - 100.0
2019-05-21 23:12:51,173 - IMMO - MX - PROPIEDADES - 2019-05-01 00:00:00 - ERROR - STAT - expect_column_values_to_not_be_null - CP - correctly filled rate (%) - 99.99
2019-05-21 23:12:51,174 - IMMO - MX - PROPIEDADES - 2019-05-01 00:00:00 - ERROR - FILE_CHECK - expect_column_values_to_match_regex - CP - Unexpected value: 63783.0 on line 0, value should match regexp ^[0-9]{5}$
2019-05-21 23:12:51,174 - IMMO - MX - PROPIEDADES - 2019-05-01 00:00:00 - ERROR - FILE_CHECK - expect_column_values_to_match_regex - CP - Unexpected value: 63783.0 on line 1, value should match regexp ^[0-9]{5}$
2019-05-21 23:12:51,174 - IMMO - MX - PROPIEDADES - 2019-05-01 00:00:00 - ERROR - FILE_CHECK - expect_column_values_to_match_regex - CP - Unexpected value: 63735.0 on line 2, value should match regexp ^[0-9]{5}$
2019-05-21 23:12:51,174 - IMMO - MX - PROPIEDADES - 2019-05-01 00:00:00 - ERROR - FILE_CHECK - expect_column_values_to_match_regex - CP - Unexpected value: 63157.0 on line 3, value should match regexp ^[0-9]{5}$
2019-05-21 23:12:51,174 - IMMO - MX - PROPIEDADES - 2019-05-01 00:00:00 - ERROR - FILE_CHECK - expect_column_values_to_match_regex - CP - Unexpected value: 63735.0 on line 4, value should match regexp ^[0-9]{5}$
2019-05-21 23:12:51,174 - IMMO - MX - PROPIEDADES - 2019-05-01 00:00:00 - ERROR - FILE_CHECK - expect_column_values_to_match_regex - CP - Unexpected value: 63735.0 on line 5, value should match regexp ^[0-9]{5}$
2019-05-21 23:12:51,174 - IMMO - MX - PROPIEDADES - 2019-05-01 00:00:00 - ERROR - FILE_CHECK - expect_column_values_to_match_regex - CP - Unexpected value: 63734.0 on line 6, value should match regexp ^[0-9]{5}$
2019-05-21 23:12:51,174 - IMMO - MX - PROPIEDADES - 2019-05-01 00:00:00 - ERROR - FILE_CHECK - expect_column_values_to_match_regex - CP - Unexpected value: 63735.0 on line 7, value should match regexp ^[0-9]{5}$
2019-05-21 23:12:51,174 - IMMO - MX - PROPIEDADES - 2019-05-01 00:00:00 - ERROR - FILE_CHECK - expect_column_values_to_match_regex - CP - Unexpected value: 63735.0 on line 8, value should match regexp ^[0-9]{5}$
2019-05-21 23:12:51,174 - IMMO - MX - PROPIEDADES - 2019-05-01 00:00:00 - ERROR - FILE_CHECK - expect_column_values_to_match_regex - CP - Unexpected value: 63735.0 on line 9, value should match regexp ^[0-9]{5}$
2019-05-21 23:12:51,174 - IMMO - MX - PROPIEDADES - 2019-05-01 00:00:00 - ERROR - FILE_CHECK - expect_column_values_to_match_regex - CP - Unexpected value: 63157.0 on line 10, value should match regexp ^[0-9]{5}$
2019-05-21 23:12:51,174 - IMMO - MX - PROPIEDADES - 2019-05-01 00:00:00 - ERROR - FILE_CHECK - expect_column_values_to_match_regex - CP - Unexpected value: 63734.0 on line 11, value should match regexp ^[0-9]{5}$
2019-05-21 23:12:51,174 - IMMO - MX - PROPIEDADES - 2019-05-01 00:00:00 - ERROR - FILE_CHECK - expect_column_values_to_match_regex - CP - Unexpected value: 63000.0 on line 12, value should match regexp ^[0-9]{5}$
2019-05-21 23:12:51,174 - IMMO - MX - PROPIEDADES - 2019-05-01 00:00:00 - ERROR - FILE_CHECK - expect_column_values_to_match_regex - CP - Unexpected value: 63735.0 on line 13, value should match regexp ^[0-9]{5}$
2019-05-21 23:12:51,174 - IMMO - MX - PROPIEDADES - 2019-05-01 00:00:00 - ERROR - FILE_CHECK - expect_column_values_to_match_regex - CP - Unexpected value: 63138.0 on line 14, value should match regexp ^[0-9]{5}$
2019-05-21 23:12:51,174 - IMMO - MX - PROPIEDADES - 2019-05-01 00:00:00 - ERROR - FILE_CHECK - expect_column_values_to_match_regex - CP - Unexpected value: 63195.0 on line 15, value should match regexp ^[0-9]{5}$
2019-05-21 23:12:51,174 - IMMO - MX - PROPIEDADES - 2019-05-01 00:00:00 - ERROR - FILE_CHECK - expect_column_values_to_match_regex - CP - Unexpected value: 63193.0 on line 16, value should match regexp ^[0-9]{5}$
2019-05-21 23:12:51,175 - IMMO - MX - PROPIEDADES - 2019-05-01 00:00:00 - ERROR - FILE_CHECK - expect_column_values_to_match_regex - CP - Unexpected value: 63735.0 on line 17, value should match regexp ^[0-9]{5}$
2019-05-21 23:12:51,175 - IMMO - MX - PROPIEDADES - 2019-05-01 00:00:00 - ERROR - FILE_CHECK - expect_column_values_to_match_regex - CP - Unexpected value: 63735.0 on line 18, value should match regexp ^[0-9]{5}$
2019-05-21 23:12:51,175 - IMMO - MX - PROPIEDADES - 2019-05-01 00:00:00 - ERROR - FILE_CHECK - expect_column_values_to_match_regex - CP - Unexpected value: 63000.0 on line 19, value should match regexp ^[0-9]{5}$
2019-05-21 23:12:51,175 - IMMO - MX - PROPIEDADES - 2019-05-01 00:00:00 - ERROR - STAT - expect_column_values_to_match_regex - CP - correctly filled rate (%) - 0.0
2019-05-21 23:12:51,175 - IMMO - MX - PROPIEDADES - 2019-05-01 00:00:00 - ERROR - STAT - expect_column_values_to_not_be_null - DEPARTEMENT - correctly filled rate (%) - 0.0
2019-05-21 23:12:51,175 - IMMO - MX - PROPIEDADES - 2019-05-01 00:00:00 - ERROR - STAT - expect_returning_row_count - EVERY_COLUMNS - total number of rows - 395319
2019-05-21 23:12:51,175 - IMMO - MX - PROPIEDADES - 2019-05-01 00:00:00 - ERROR - STAT - expect_column_values_to_not_be_null - ID_CLIENT - correctly filled rate (%) - 100.0
2019-05-21 23:12:51,175 - IMMO - MX - PROPIEDADES - 2019-05-01 00:00:00 - ERROR - STAT - expect_column_values_to_be_unique - ID_CLIENT - observed proportion - 100.0
2019-05-21 23:12:51,175 - IMMO - MX - PROPIEDADES - 2019-05-01 00:00:00 - ERROR - FILE_CHECK - expect_column_values_to_be_of_type - M2_TOTALE - Wrong type for value: 104 on line 0 should be int
2019-05-21 23:12:51,175 - IMMO - MX - PROPIEDADES - 2019-05-01 00:00:00 - ERROR - FILE_CHECK - expect_column_values_to_be_of_type - M2_TOTALE - Wrong type for value: 8860 on line 1 should be int
2019-05-21 23:12:51,175 - IMMO - MX - PROPIEDADES - 2019-05-01 00:00:00 - ERROR - FILE_CHECK - expect_column_values_to_be_of_type - M2_TOTALE - Wrong type for value: 500 on line 3 should be int
2019-05-21 23:12:51,175 - IMMO - MX - PROPIEDADES - 2019-05-01 00:00:00 - ERROR - FILE_CHECK - expect_column_values_to_be_of_type - M2_TOTALE - Wrong type for value: 280 on line 10 should be int
2019-05-21 23:12:51,175 - IMMO - MX - PROPIEDADES - 2019-05-01 00:00:00 - ERROR - FILE_CHECK - expect_column_values_to_be_of_type - M2_TOTALE - Wrong type for value: 350 on line 12 should be int
2019-05-21 23:12:51,175 - IMMO - MX - PROPIEDADES - 2019-05-01 00:00:00 - ERROR - FILE_CHECK - expect_column_values_to_be_of_type - M2_TOTALE - Wrong type for value: 528 on line 14 should be int
2019-05-21 23:12:51,175 - IMMO - MX - PROPIEDADES - 2019-05-01 00:00:00 - ERROR - FILE_CHECK - expect_column_values_to_be_of_type - M2_TOTALE - Wrong type for value: 138 on line 15 should be int
2019-05-21 23:12:51,175 - IMMO - MX - PROPIEDADES - 2019-05-01 00:00:00 - ERROR - FILE_CHECK - expect_column_values_to_be_of_type - M2_TOTALE - Wrong type for value: 2000 on line 16 should be int
2019-05-21 23:12:51,176 - IMMO - MX - PROPIEDADES - 2019-05-01 00:00:00 - ERROR - FILE_CHECK - expect_column_values_to_be_of_type - M2_TOTALE - Wrong type for value: 158 on line 25 should be int
2019-05-21 23:12:51,176 - IMMO - MX - PROPIEDADES - 2019-05-01 00:00:00 - ERROR - FILE_CHECK - expect_column_values_to_be_of_type - M2_TOTALE - Wrong type for value: 49 on line 29 should be int
2019-05-21 23:12:51,176 - IMMO - MX - PROPIEDADES - 2019-05-01 00:00:00 - ERROR - FILE_CHECK - expect_column_values_to_be_of_type - M2_TOTALE - Wrong type for value: 351 on line 33 should be int
2019-05-21 23:12:51,176 - IMMO - MX - PROPIEDADES - 2019-05-01 00:00:00 - ERROR - FILE_CHECK - expect_column_values_to_be_of_type - M2_TOTALE - Wrong type for value: 360 on line 36 should be int
2019-05-21 23:12:51,176 - IMMO - MX - PROPIEDADES - 2019-05-01 00:00:00 - ERROR - FILE_CHECK - expect_column_values_to_be_of_type - M2_TOTALE - Wrong type for value: 200 on line 37 should be int
2019-05-21 23:12:51,176 - IMMO - MX - PROPIEDADES - 2019-05-01 00:00:00 - ERROR - FILE_CHECK - expect_column_values_to_be_of_type - M2_TOTALE - Wrong type for value: 875 on line 40 should be int
2019-05-21 23:12:51,176 - IMMO - MX - PROPIEDADES - 2019-05-01 00:00:00 - ERROR - FILE_CHECK - expect_column_values_to_be_of_type - M2_TOTALE - Wrong type for value: 37 on line 42 should be int
2019-05-21 23:12:51,176 - IMMO - MX - PROPIEDADES - 2019-05-01 00:00:00 - ERROR - FILE_CHECK - expect_column_values_to_be_of_type - M2_TOTALE - Wrong type for value: 100 on line 43 should be int
2019-05-21 23:12:51,176 - IMMO - MX - PROPIEDADES - 2019-05-01 00:00:00 - ERROR - FILE_CHECK - expect_column_values_to_be_of_type - M2_TOTALE - Wrong type for value: 4971 on line 44 should be int
2019-05-21 23:12:51,176 - IMMO - MX - PROPIEDADES - 2019-05-01 00:00:00 - ERROR - FILE_CHECK - expect_column_values_to_be_of_type - M2_TOTALE - Wrong type for value: 1155 on line 46 should be int
2019-05-21 23:12:51,176 - IMMO - MX - PROPIEDADES - 2019-05-01 00:00:00 - ERROR - FILE_CHECK - expect_column_values_to_be_of_type - M2_TOTALE - Wrong type for value: 300 on line 47 should be int
2019-05-21 23:12:51,176 - IMMO - MX - PROPIEDADES - 2019-05-01 00:00:00 - ERROR - FILE_CHECK - expect_column_values_to_be_of_type - M2_TOTALE - Wrong type for value: 254 on line 48 should be int
2019-05-21 23:12:51,176 - IMMO - MX - PROPIEDADES - 2019-05-01 00:00:00 - ERROR - STAT - expect_column_values_to_be_of_type - M2_TOTALE - correctly filled rate (%) - 0.0
2019-05-21 23:12:51,176 - IMMO - MX - PROPIEDADES - 2019-05-01 00:00:00 - ERROR - STAT - expect_column_values_to_not_be_null - M2_TOTALE - correctly filled rate (%) - 92.51
2019-05-21 23:12:51,176 - IMMO - MX - PROPIEDADES - 2019-05-01 00:00:00 - ERROR - STAT - expect_column_values_to_not_be_null - MAISON_APT - correctly filled rate (%) - 0.0
2019-05-21 23:12:51,176 - IMMO - MX - PROPIEDADES - 2019-05-01 00:00:00 - ERROR - STAT - expect_column_values_to_not_be_null - MINI_SITE_ID - correctly filled rate (%) - 0.0
2019-05-21 23:12:51,176 - IMMO - MX - PROPIEDADES - 2019-05-01 00:00:00 - ERROR - STAT - expect_column_values_to_not_be_null - NOM - correctly filled rate (%) - 48.38
2019-05-21 23:12:51,177 - IMMO - MX - PROPIEDADES - 2019-05-01 00:00:00 - ERROR - STAT - expect_column_value_lengths_to_be_between - NOM - correctly filled rate (%) - 100.0
2019-05-21 23:12:51,177 - IMMO - MX - PROPIEDADES - 2019-05-01 00:00:00 - ERROR - STAT - expect_column_values_to_not_be_null - PAYS_AD - correctly filled rate (%) - 0.0
2019-05-21 23:12:51,177 - IMMO - MX - PROPIEDADES - 2019-05-01 00:00:00 - ERROR - STAT - expect_column_values_to_be_of_type - PHOTO - correctly filled rate (%) - 100.0
2019-05-21 23:12:51,177 - IMMO - MX - PROPIEDADES - 2019-05-01 00:00:00 - ERROR - STAT - expect_column_values_to_not_be_null - PHOTO - correctly filled rate (%) - 100.0
2019-05-21 23:12:51,177 - IMMO - MX - PROPIEDADES - 2019-05-01 00:00:00 - ERROR - STAT - expect_column_values_to_be_in_type_list - PHOTO - correctly filled rate (%) - 100.0
2019-05-21 23:12:51,177 - IMMO - MX - PROPIEDADES - 2019-05-01 00:00:00 - ERROR - FILE_CHECK - expect_column_values_to_be_of_type - PIECE - Wrong type for value: 3.0 on line 0 should be int
2019-05-21 23:12:51,177 - IMMO - MX - PROPIEDADES - 2019-05-01 00:00:00 - ERROR - FILE_CHECK - expect_column_values_to_be_of_type - PIECE - Wrong type for value: 2.0 on line 2 should be int
2019-05-21 23:12:51,177 - IMMO - MX - PROPIEDADES - 2019-05-01 00:00:00 - ERROR - FILE_CHECK - expect_column_values_to_be_of_type - PIECE - Wrong type for value: 7.0 on line 3 should be int
2019-05-21 23:12:51,177 - IMMO - MX - PROPIEDADES - 2019-05-01 00:00:00 - ERROR - FILE_CHECK - expect_column_values_to_be_of_type - PIECE - Wrong type for value: 2.0 on line 4 should be int
2019-05-21 23:12:51,177 - IMMO - MX - PROPIEDADES - 2019-05-01 00:00:00 - ERROR - FILE_CHECK - expect_column_values_to_be_of_type - PIECE - Wrong type for value: 4.0 on line 5 should be int
2019-05-21 23:12:51,177 - IMMO - MX - PROPIEDADES - 2019-05-01 00:00:00 - ERROR - FILE_CHECK - expect_column_values_to_be_of_type - PIECE - Wrong type for value: 3.0 on line 6 should be int
2019-05-21 23:12:51,177 - IMMO - MX - PROPIEDADES - 2019-05-01 00:00:00 - ERROR - FILE_CHECK - expect_column_values_to_be_of_type - PIECE - Wrong type for value: 2.0 on line 7 should be int
2019-05-21 23:12:51,177 - IMMO - MX - PROPIEDADES - 2019-05-01 00:00:00 - ERROR - FILE_CHECK - expect_column_values_to_be_of_type - PIECE - Wrong type for value: 0.0 on line 8 should be int
2019-05-21 23:12:51,177 - IMMO - MX - PROPIEDADES - 2019-05-01 00:00:00 - ERROR - FILE_CHECK - expect_column_values_to_be_of_type - PIECE - Wrong type for value: 1.0 on line 9 should be int
2019-05-21 23:12:51,177 - IMMO - MX - PROPIEDADES - 2019-05-01 00:00:00 - ERROR - FILE_CHECK - expect_column_values_to_be_of_type - PIECE - Wrong type for value: 7.0 on line 10 should be int
2019-05-21 23:12:51,177 - IMMO - MX - PROPIEDADES - 2019-05-01 00:00:00 - ERROR - FILE_CHECK - expect_column_values_to_be_of_type - PIECE - Wrong type for value: 9.0 on line 11 should be int
2019-05-21 23:12:51,177 - IMMO - MX - PROPIEDADES - 2019-05-01 00:00:00 - ERROR - FILE_CHECK - expect_column_values_to_be_of_type - PIECE - Wrong type for value: 4.0 on line 12 should be int
2019-05-21 23:12:51,177 - IMMO - MX - PROPIEDADES - 2019-05-01 00:00:00 - ERROR - FILE_CHECK - expect_column_values_to_be_of_type - PIECE - Wrong type for value: 2.0 on line 13 should be int
2019-05-21 23:12:51,178 - IMMO - MX - PROPIEDADES - 2019-05-01 00:00:00 - ERROR - FILE_CHECK - expect_column_values_to_be_of_type - PIECE - Wrong type for value: 3.0 on line 15 should be int
2019-05-21 23:12:51,178 - IMMO - MX - PROPIEDADES - 2019-05-01 00:00:00 - ERROR - FILE_CHECK - expect_column_values_to_be_of_type - PIECE - Wrong type for value: 3.0 on line 17 should be int
2019-05-21 23:12:51,178 - IMMO - MX - PROPIEDADES - 2019-05-01 00:00:00 - ERROR - FILE_CHECK - expect_column_values_to_be_of_type - PIECE - Wrong type for value: 1.0 on line 18 should be int
2019-05-21 23:12:51,178 - IMMO - MX - PROPIEDADES - 2019-05-01 00:00:00 - ERROR - FILE_CHECK - expect_column_values_to_be_of_type - PIECE - Wrong type for value: 5.0 on line 20 should be int
2019-05-21 23:12:51,178 - IMMO - MX - PROPIEDADES - 2019-05-01 00:00:00 - ERROR - FILE_CHECK - expect_column_values_to_be_of_type - PIECE - Wrong type for value: 1.0 on line 21 should be int
2019-05-21 23:12:51,178 - IMMO - MX - PROPIEDADES - 2019-05-01 00:00:00 - ERROR - FILE_CHECK - expect_column_values_to_be_of_type - PIECE - Wrong type for value: 2.0 on line 22 should be int
2019-05-21 23:12:51,178 - IMMO - MX - PROPIEDADES - 2019-05-01 00:00:00 - ERROR - FILE_CHECK - expect_column_values_to_be_of_type - PIECE - Wrong type for value: 1.0 on line 23 should be int
2019-05-21 23:12:51,178 - IMMO - MX - PROPIEDADES - 2019-05-01 00:00:00 - ERROR - STAT - expect_column_values_to_be_of_type - PIECE - correctly filled rate (%) - 0.0
2019-05-21 23:12:51,178 - IMMO - MX - PROPIEDADES - 2019-05-01 00:00:00 - ERROR - STAT - expect_column_values_to_not_be_null - PIECE - correctly filled rate (%) - 83.11
2019-05-21 23:12:51,178 - IMMO - MX - PROPIEDADES - 2019-05-01 00:00:00 - ERROR - STAT - expect_column_values_to_be_in_type_list - PIECE - correctly filled rate (%) - 95.21
2019-05-21 23:12:51,178 - IMMO - MX - PROPIEDADES - 2019-05-01 00:00:00 - ERROR - FILE_CHECK - expect_column_values_to_be_of_type - PRIX - Wrong type for value: 6 mil MN on line 0 should be int
2019-05-21 23:12:51,178 - IMMO - MX - PROPIEDADES - 2019-05-01 00:00:00 - ERROR - FILE_CHECK - expect_column_values_to_be_of_type - PRIX - Wrong type for value: 45 mil MN on line 1 should be int
2019-05-21 23:12:51,178 - IMMO - MX - PROPIEDADES - 2019-05-01 00:00:00 - ERROR - FILE_CHECK - expect_column_values_to_be_of_type - PRIX - Wrong type for value: 18 mil MN on line 2 should be int
2019-05-21 23:12:51,178 - IMMO - MX - PROPIEDADES - 2019-05-01 00:00:00 - ERROR - FILE_CHECK - expect_column_values_to_be_of_type - PRIX - Wrong type for value: 40 mil MN on line 3 should be int
2019-05-21 23:12:51,178 - IMMO - MX - PROPIEDADES - 2019-05-01 00:00:00 - ERROR - FILE_CHECK - expect_column_values_to_be_of_type - PRIX - Wrong type for value: 2.5 mil MN on line 4 should be int
2019-05-21 23:12:51,178 - IMMO - MX - PROPIEDADES - 2019-05-01 00:00:00 - ERROR - FILE_CHECK - expect_column_values_to_be_of_type - PRIX - Wrong type for value: 5 mil MN on line 5 should be int
2019-05-21 23:12:51,178 - IMMO - MX - PROPIEDADES - 2019-05-01 00:00:00 - ERROR - FILE_CHECK - expect_column_values_to_be_of_type - PRIX - Wrong type for value: 380 USD on line 6 should be int
2019-05-21 23:12:51,178 - IMMO - MX - PROPIEDADES - 2019-05-01 00:00:00 - ERROR - FILE_CHECK - expect_column_values_to_be_of_type - PRIX - Wrong type for value: 4.7 mil MN on line 7 should be int
2019-05-21 23:12:51,179 - IMMO - MX - PROPIEDADES - 2019-05-01 00:00:00 - ERROR - FILE_CHECK - expect_column_values_to_be_of_type - PRIX - Wrong type for value: 2.1 mil MN on line 8 should be int
2019-05-21 23:12:51,179 - IMMO - MX - PROPIEDADES - 2019-05-01 00:00:00 - ERROR - FILE_CHECK - expect_column_values_to_be_of_type - PRIX - Wrong type for value: 21 mil MN on line 9 should be int
2019-05-21 23:12:51,179 - IMMO - MX - PROPIEDADES - 2019-05-01 00:00:00 - ERROR - FILE_CHECK - expect_column_values_to_be_of_type - PRIX - Wrong type for value: 25 mil MN on line 10 should be int
2019-05-21 23:12:51,179 - IMMO - MX - PROPIEDADES - 2019-05-01 00:00:00 - ERROR - FILE_CHECK - expect_column_values_to_be_of_type - PRIX - Wrong type for value: 7 mil USD on line 11 should be int
2019-05-21 23:12:51,179 - IMMO - MX - PROPIEDADES - 2019-05-01 00:00:00 - ERROR - FILE_CHECK - expect_column_values_to_be_of_type - PRIX - Wrong type for value: 13 mil MN on line 12 should be int
2019-05-21 23:12:51,179 - IMMO - MX - PROPIEDADES - 2019-05-01 00:00:00 - ERROR - FILE_CHECK - expect_column_values_to_be_of_type - PRIX - Wrong type for value: 23.5 mil MN on line 13 should be int
2019-05-21 23:12:51,179 - IMMO - MX - PROPIEDADES - 2019-05-01 00:00:00 - ERROR - FILE_CHECK - expect_column_values_to_be_of_type - PRIX - Wrong type for value: 25 mil MN on line 14 should be int
2019-05-21 23:12:51,179 - IMMO - MX - PROPIEDADES - 2019-05-01 00:00:00 - ERROR - FILE_CHECK - expect_column_values_to_be_of_type - PRIX - Wrong type for value: 8.5 mil MN on line 15 should be int
2019-05-21 23:12:51,179 - IMMO - MX - PROPIEDADES - 2019-05-01 00:00:00 - ERROR - FILE_CHECK - expect_column_values_to_be_of_type - PRIX - Wrong type for value: 22 mil MN on line 16 should be int
2019-05-21 23:12:51,179 - IMMO - MX - PROPIEDADES - 2019-05-01 00:00:00 - ERROR - FILE_CHECK - expect_column_values_to_be_of_type - PRIX - Wrong type for value: 2.5 mil MN on line 17 should be int
2019-05-21 23:12:51,179 - IMMO - MX - PROPIEDADES - 2019-05-01 00:00:00 - ERROR - FILE_CHECK - expect_column_values_to_be_of_type - PRIX - Wrong type for value: 2.6 mil MN on line 18 should be int
2019-05-21 23:12:51,179 - IMMO - MX - PROPIEDADES - 2019-05-01 00:00:00 - ERROR - FILE_CHECK - expect_column_values_to_be_of_type - PRIX - Wrong type for value: 157.5 mil MN on line 19 should be int
2019-05-21 23:12:51,179 - IMMO - MX - PROPIEDADES - 2019-05-01 00:00:00 - ERROR - STAT - expect_column_values_to_be_of_type - PRIX - correctly filled rate (%) - 0.0
2019-05-21 23:12:51,179 - IMMO - MX - PROPIEDADES - 2019-05-01 00:00:00 - ERROR - STAT - expect_column_values_to_not_be_null - PRIX - correctly filled rate (%) - 100.0
2019-05-21 23:12:51,179 - IMMO - MX - PROPIEDADES - 2019-05-01 00:00:00 - ERROR - STAT - expect_column_values_to_not_be_null - PRO_IND - correctly filled rate (%) - 0.0
2019-05-21 23:12:51,179 - IMMO - MX - PROPIEDADES - 2019-05-01 00:00:00 - ERROR - STAT - expect_column_values_to_not_be_null - REGION - correctly filled rate (%) - 0.0
2019-05-21 23:12:51,179 - IMMO - MX - PROPIEDADES - 2019-05-01 00:00:00 - ERROR - STAT - expect_column_values_to_not_be_null - SELLER_TYPE - correctly filled rate (%) - 0.0
2019-05-21 23:12:51,179 - IMMO - MX - PROPIEDADES - 2019-05-01 00:00:00 - ERROR - STAT - expect_column_values_to_match_regex - VILLE - correctly filled rate (%) - 100.0
2019-05-21 23:12:51,180 - IMMO - MX - PROPIEDADES - 2019-05-01 00:00:00 - ERROR - STAT - expect_column_values_to_not_be_null - VILLE - correctly filled rate (%) - 100.0
2019-05-21 23:12:51,180 - IMMO - MX - PROPIEDADES - 2019-05-01 00:00:00 - ERROR - STAT - expect_returning_row_unique_count - VILLE - total number of unique rows - 1090
2019-05-21 23:12:51,180 - IMMO - MX - PROPIEDADES - 2019-05-01 00:00:00 - ERROR - STAT - expect_returning_row_count_on_conditions - DEALER_LISTINGS - total number of row with conditions - 0
2019-05-21 23:12:51,180 - IMMO - MX - PROPIEDADES - 2019-05-01 00:00:00 - ERROR - STAT - expect_returning_row_count_on_conditions - PRIVATE_LISTINGS - total number of row with conditions - 0
