2019-10-30 11:28:27,434 - CAMION - FR - TRUCK1 - 2019-10-01 00:00:00 - ERROR - FILE_VALIDATE - expect_file_to_be_validated - EVERY_COLUMNS - False - 0
2019-10-30 11:28:27,434 - CAMION - FR - TRUCK1 - 2019-10-01 00:00:00 - ERROR - STAT - expect_column_values_to_not_be_null - ADRESSE - correctly filled rate (%) - 0.0
2019-10-30 11:28:27,434 - CAMION - FR - TRUCK1 - 2019-10-01 00:00:00 - ERROR - FILE_VALIDATE - expect_column_values_to_not_be_null - ADRESSE - False - 0
2019-10-30 11:28:27,434 - CAMION - FR - TRUCK1 - 2019-10-01 00:00:00 - ERROR - STAT - expect_column_values_to_be_in_type_list - ANNEE - correctly filled rate (%) - 100.0
2019-10-30 11:28:27,435 - CAMION - FR - TRUCK1 - 2019-10-01 00:00:00 - ERROR - FILE_VALIDATE - expect_column_values_to_be_in_type_list - ANNEE - True - 1
2019-10-30 11:28:27,435 - CAMION - FR - TRUCK1 - 2019-10-01 00:00:00 - ERROR - STAT - expect_column_values_to_be_between - ANNEE - correctly filled rate (%) - 96.85
2019-10-30 11:28:27,435 - CAMION - FR - TRUCK1 - 2019-10-01 00:00:00 - ERROR - STAT - expect_column_values_to_be_between - ANNEE - unexpected count - 54
2019-10-30 11:28:27,435 - CAMION - FR - TRUCK1 - 2019-10-01 00:00:00 - ERROR - FILE_VALIDATE - expect_column_values_to_be_between - ANNEE - True - 1
2019-10-30 11:28:27,435 - CAMION - FR - TRUCK1 - 2019-10-01 00:00:00 - ERROR - STAT - expect_column_values_to_not_be_null - ANNEE - correctly filled rate (%) - 100.0
2019-10-30 11:28:27,435 - CAMION - FR - TRUCK1 - 2019-10-01 00:00:00 - ERROR - FILE_VALIDATE - expect_column_values_to_not_be_null - ANNEE - True - 1
2019-10-30 11:28:27,435 - CAMION - FR - TRUCK1 - 2019-10-01 00:00:00 - ERROR - FILE_CHECK - expect_column_values_to_match_regex - ANNEE - Unexpected value: 0 on line 25, value should match regexp ^[0-9]{4}$
2019-10-30 11:28:27,435 - CAMION - FR - TRUCK1 - 2019-10-01 00:00:00 - ERROR - FILE_CHECK - expect_column_values_to_match_regex - ANNEE - Unexpected value: 0 on line 29, value should match regexp ^[0-9]{4}$
2019-10-30 11:28:27,435 - CAMION - FR - TRUCK1 - 2019-10-01 00:00:00 - ERROR - FILE_CHECK - expect_column_values_to_match_regex - ANNEE - Unexpected value: 0 on line 34, value should match regexp ^[0-9]{4}$
2019-10-30 11:28:27,435 - CAMION - FR - TRUCK1 - 2019-10-01 00:00:00 - ERROR - FILE_CHECK - expect_column_values_to_match_regex - ANNEE - Unexpected value: 0 on line 77, value should match regexp ^[0-9]{4}$
2019-10-30 11:28:27,435 - CAMION - FR - TRUCK1 - 2019-10-01 00:00:00 - ERROR - FILE_CHECK - expect_column_values_to_match_regex - ANNEE - Unexpected value: 1 on line 144, value should match regexp ^[0-9]{4}$
2019-10-30 11:28:27,435 - CAMION - FR - TRUCK1 - 2019-10-01 00:00:00 - ERROR - FILE_CHECK - expect_column_values_to_match_regex - ANNEE - Unexpected value: 0 on line 150, value should match regexp ^[0-9]{4}$
2019-10-30 11:28:27,435 - CAMION - FR - TRUCK1 - 2019-10-01 00:00:00 - ERROR - FILE_CHECK - expect_column_values_to_match_regex - ANNEE - Unexpected value: 0 on line 154, value should match regexp ^[0-9]{4}$
2019-10-30 11:28:27,435 - CAMION - FR - TRUCK1 - 2019-10-01 00:00:00 - ERROR - FILE_CHECK - expect_column_values_to_match_regex - ANNEE - Unexpected value: 0 on line 163, value should match regexp ^[0-9]{4}$
2019-10-30 11:28:27,435 - CAMION - FR - TRUCK1 - 2019-10-01 00:00:00 - ERROR - FILE_CHECK - expect_column_values_to_match_regex - ANNEE - Unexpected value: 1 on line 164, value should match regexp ^[0-9]{4}$
2019-10-30 11:28:27,435 - CAMION - FR - TRUCK1 - 2019-10-01 00:00:00 - ERROR - FILE_CHECK - expect_column_values_to_match_regex - ANNEE - Unexpected value: 0 on line 170, value should match regexp ^[0-9]{4}$
2019-10-30 11:28:27,435 - CAMION - FR - TRUCK1 - 2019-10-01 00:00:00 - ERROR - FILE_CHECK - expect_column_values_to_match_regex - ANNEE - Unexpected value: 0 on line 190, value should match regexp ^[0-9]{4}$
2019-10-30 11:28:27,435 - CAMION - FR - TRUCK1 - 2019-10-01 00:00:00 - ERROR - FILE_CHECK - expect_column_values_to_match_regex - ANNEE - Unexpected value: 0 on line 211, value should match regexp ^[0-9]{4}$
2019-10-30 11:28:27,435 - CAMION - FR - TRUCK1 - 2019-10-01 00:00:00 - ERROR - FILE_CHECK - expect_column_values_to_match_regex - ANNEE - Unexpected value: 0 on line 238, value should match regexp ^[0-9]{4}$
2019-10-30 11:28:27,436 - CAMION - FR - TRUCK1 - 2019-10-01 00:00:00 - ERROR - FILE_CHECK - expect_column_values_to_match_regex - ANNEE - Unexpected value: 1 on line 242, value should match regexp ^[0-9]{4}$
2019-10-30 11:28:27,436 - CAMION - FR - TRUCK1 - 2019-10-01 00:00:00 - ERROR - FILE_CHECK - expect_column_values_to_match_regex - ANNEE - Unexpected value: 1 on line 253, value should match regexp ^[0-9]{4}$
2019-10-30 11:28:27,436 - CAMION - FR - TRUCK1 - 2019-10-01 00:00:00 - ERROR - FILE_CHECK - expect_column_values_to_match_regex - ANNEE - Unexpected value: 0 on line 263, value should match regexp ^[0-9]{4}$
2019-10-30 11:28:27,436 - CAMION - FR - TRUCK1 - 2019-10-01 00:00:00 - ERROR - FILE_CHECK - expect_column_values_to_match_regex - ANNEE - Unexpected value: 0 on line 269, value should match regexp ^[0-9]{4}$
2019-10-30 11:28:27,436 - CAMION - FR - TRUCK1 - 2019-10-01 00:00:00 - ERROR - FILE_CHECK - expect_column_values_to_match_regex - ANNEE - Unexpected value: 0 on line 272, value should match regexp ^[0-9]{4}$
2019-10-30 11:28:27,436 - CAMION - FR - TRUCK1 - 2019-10-01 00:00:00 - ERROR - FILE_CHECK - expect_column_values_to_match_regex - ANNEE - Unexpected value: 1 on line 275, value should match regexp ^[0-9]{4}$
2019-10-30 11:28:27,436 - CAMION - FR - TRUCK1 - 2019-10-01 00:00:00 - ERROR - FILE_CHECK - expect_column_values_to_match_regex - ANNEE - Unexpected value: 1 on line 276, value should match regexp ^[0-9]{4}$
2019-10-30 11:28:27,436 - CAMION - FR - TRUCK1 - 2019-10-01 00:00:00 - ERROR - STAT - expect_column_values_to_match_regex - ANNEE - correctly filled rate (%) - 97.78
2019-10-30 11:28:27,436 - CAMION - FR - TRUCK1 - 2019-10-01 00:00:00 - ERROR - FILE_VALIDATE - expect_column_values_to_match_regex - ANNEE - False - 0
2019-10-30 11:28:27,436 - CAMION - FR - TRUCK1 - 2019-10-01 00:00:00 - ERROR - STAT - expect_column_values_to_not_be_null - ANNONCE_LINK - correctly filled rate (%) - 100.0
2019-10-30 11:28:27,436 - CAMION - FR - TRUCK1 - 2019-10-01 00:00:00 - ERROR - FILE_VALIDATE - expect_column_values_to_not_be_null - ANNONCE_LINK - True - 1
2019-10-30 11:28:27,436 - CAMION - FR - TRUCK1 - 2019-10-01 00:00:00 - ERROR - STAT - expect_column_values_to_be_unique - ANNONCE_LINK - observed proportion - 100.0
2019-10-30 11:28:27,436 - CAMION - FR - TRUCK1 - 2019-10-01 00:00:00 - ERROR - FILE_VALIDATE - expect_column_values_to_be_unique - ANNONCE_LINK - True - 1
2019-10-30 11:28:27,436 - CAMION - FR - TRUCK1 - 2019-10-01 00:00:00 - ERROR - STAT - expect_column_values_to_not_be_null - CARBURANT - correctly filled rate (%) - 34.87
2019-10-30 11:28:27,436 - CAMION - FR - TRUCK1 - 2019-10-01 00:00:00 - ERROR - FILE_VALIDATE - expect_column_values_to_not_be_null - CARBURANT - False - 0
2019-10-30 11:28:27,436 - CAMION - FR - TRUCK1 - 2019-10-01 00:00:00 - ERROR - STAT - expect_column_values_to_not_be_null - CARROSSERIE - correctly filled rate (%) - 0.0
2019-10-30 11:28:27,436 - CAMION - FR - TRUCK1 - 2019-10-01 00:00:00 - ERROR - FILE_VALIDATE - expect_column_values_to_not_be_null - CARROSSERIE - False - 0
2019-10-30 11:28:27,437 - CAMION - FR - TRUCK1 - 2019-10-01 00:00:00 - ERROR - STAT - expect_column_values_to_not_be_null - CP - correctly filled rate (%) - 100.0
2019-10-30 11:28:27,437 - CAMION - FR - TRUCK1 - 2019-10-01 00:00:00 - ERROR - FILE_VALIDATE - expect_column_values_to_not_be_null - CP - True - 1
2019-10-30 11:28:27,437 - CAMION - FR - TRUCK1 - 2019-10-01 00:00:00 - ERROR - STAT - expect_column_values_to_match_regex - CP - correctly filled rate (%) - 97.14
2019-10-30 11:28:27,437 - CAMION - FR - TRUCK1 - 2019-10-01 00:00:00 - ERROR - FILE_VALIDATE - expect_column_values_to_match_regex - CP - True - 1
2019-10-30 11:28:27,437 - CAMION - FR - TRUCK1 - 2019-10-01 00:00:00 - ERROR - STAT - expect_column_values_to_not_be_null - GARAGE_ID - correctly filled rate (%) - 100.0
2019-10-30 11:28:27,437 - CAMION - FR - TRUCK1 - 2019-10-01 00:00:00 - ERROR - FILE_VALIDATE - expect_column_values_to_not_be_null - GARAGE_ID - True - 1
2019-10-30 11:28:27,437 - CAMION - FR - TRUCK1 - 2019-10-01 00:00:00 - ERROR - STAT - expect_column_values_to_not_be_null - ID_CLIENT - correctly filled rate (%) - 100.0
2019-10-30 11:28:27,437 - CAMION - FR - TRUCK1 - 2019-10-01 00:00:00 - ERROR - FILE_VALIDATE - expect_column_values_to_not_be_null - ID_CLIENT - True - 1
2019-10-30 11:28:27,437 - CAMION - FR - TRUCK1 - 2019-10-01 00:00:00 - ERROR - STAT - expect_column_values_to_be_unique - ID_CLIENT - observed proportion - 100.0
2019-10-30 11:28:27,437 - CAMION - FR - TRUCK1 - 2019-10-01 00:00:00 - ERROR - FILE_VALIDATE - expect_column_values_to_be_unique - ID_CLIENT - True - 1
2019-10-30 11:28:27,437 - CAMION - FR - TRUCK1 - 2019-10-01 00:00:00 - ERROR - STAT - expect_returning_row_count - EVERY_COLUMNS - total number of rows - 1715
2019-10-30 11:28:27,437 - CAMION - FR - TRUCK1 - 2019-10-01 00:00:00 - ERROR - STAT - expect_column_values_to_not_be_null - IMMAT - correctly filled rate (%) - 100.0
2019-10-30 11:28:27,437 - CAMION - FR - TRUCK1 - 2019-10-01 00:00:00 - ERROR - FILE_VALIDATE - expect_column_values_to_not_be_null - IMMAT - True - 1
2019-10-30 11:28:27,437 - CAMION - FR - TRUCK1 - 2019-10-01 00:00:00 - ERROR - STAT - expect_column_values_to_be_in_type_list - KM - correctly filled rate (%) - 100.0
2019-10-30 11:28:27,437 - CAMION - FR - TRUCK1 - 2019-10-01 00:00:00 - ERROR - FILE_VALIDATE - expect_column_values_to_be_in_type_list - KM - True - 1
2019-10-30 11:28:27,437 - CAMION - FR - TRUCK1 - 2019-10-01 00:00:00 - ERROR - STAT - expect_column_values_to_not_be_null - KM - correctly filled rate (%) - 100.0
2019-10-30 11:28:27,437 - CAMION - FR - TRUCK1 - 2019-10-01 00:00:00 - ERROR - FILE_VALIDATE - expect_column_values_to_not_be_null - KM - True - 1
2019-10-30 11:28:27,437 - CAMION - FR - TRUCK1 - 2019-10-01 00:00:00 - ERROR - STAT - expect_column_values_to_be_in_type_list - LITRE - correctly filled rate (%) - 100.0
2019-10-30 11:28:27,438 - CAMION - FR - TRUCK1 - 2019-10-01 00:00:00 - ERROR - FILE_VALIDATE - expect_column_values_to_be_in_type_list - LITRE - True - 1
2019-10-30 11:28:27,438 - CAMION - FR - TRUCK1 - 2019-10-01 00:00:00 - ERROR - STAT - expect_column_values_to_not_be_null - LITRE - correctly filled rate (%) - 100.0
2019-10-30 11:28:27,438 - CAMION - FR - TRUCK1 - 2019-10-01 00:00:00 - ERROR - FILE_VALIDATE - expect_column_values_to_not_be_null - LITRE - True - 1
2019-10-30 11:28:27,438 - CAMION - FR - TRUCK1 - 2019-10-01 00:00:00 - ERROR - STAT - expect_column_values_to_not_be_null - MARQUE - correctly filled rate (%) - 97.9
2019-10-30 11:28:27,438 - CAMION - FR - TRUCK1 - 2019-10-01 00:00:00 - ERROR - FILE_VALIDATE - expect_column_values_to_not_be_null - MARQUE - True - 1
2019-10-30 11:28:27,438 - CAMION - FR - TRUCK1 - 2019-10-01 00:00:00 - ERROR - STAT - expect_column_values_to_not_be_null - MODELE - correctly filled rate (%) - 52.42
2019-10-30 11:28:27,438 - CAMION - FR - TRUCK1 - 2019-10-01 00:00:00 - ERROR - FILE_VALIDATE - expect_column_values_to_not_be_null - MODELE - False - 0
2019-10-30 11:28:27,438 - CAMION - FR - TRUCK1 - 2019-10-01 00:00:00 - ERROR - STAT - expect_column_values_to_not_be_null - NOM - correctly filled rate (%) - 99.88
2019-10-30 11:28:27,438 - CAMION - FR - TRUCK1 - 2019-10-01 00:00:00 - ERROR - FILE_VALIDATE - expect_column_values_to_not_be_null - NOM - True - 1
2019-10-30 11:28:27,438 - CAMION - FR - TRUCK1 - 2019-10-01 00:00:00 - ERROR - FILE_CHECK - expect_column_value_lengths_to_be_between - NOM - Unexpected characters count of: [Legras...] on line  13, value length should be between 10 and 255
2019-10-30 11:28:27,438 - CAMION - FR - TRUCK1 - 2019-10-01 00:00:00 - ERROR - FILE_CHECK - expect_column_value_lengths_to_be_between - NOM - Unexpected characters count of: [Calorex...] on line  25, value length should be between 10 and 255
2019-10-30 11:28:27,438 - CAMION - FR - TRUCK1 - 2019-10-01 00:00:00 - ERROR - FILE_CHECK - expect_column_value_lengths_to_be_between - NOM - Unexpected characters count of: [MAN 32360...] on line  48, value length should be between 10 and 255
2019-10-30 11:28:27,438 - CAMION - FR - TRUCK1 - 2019-10-01 00:00:00 - ERROR - FILE_CHECK - expect_column_value_lengths_to_be_between - NOM - Unexpected characters count of: [Chereau...] on line  51, value length should be between 10 and 255
2019-10-30 11:28:27,438 - CAMION - FR - TRUCK1 - 2019-10-01 00:00:00 - ERROR - FILE_CHECK - expect_column_value_lengths_to_be_between - NOM - Unexpected characters count of: [Samro...] on line  67, value length should be between 10 and 255
2019-10-30 11:28:27,438 - CAMION - FR - TRUCK1 - 2019-10-01 00:00:00 - ERROR - FILE_CHECK - expect_column_value_lengths_to_be_between - NOM - Unexpected characters count of: [Chereau...] on line  83, value length should be between 10 and 255
2019-10-30 11:28:27,438 - CAMION - FR - TRUCK1 - 2019-10-01 00:00:00 - ERROR - FILE_CHECK - expect_column_value_lengths_to_be_between - NOM - Unexpected characters count of: [Chereau...] on line  85, value length should be between 10 and 255
2019-10-30 11:28:27,438 - CAMION - FR - TRUCK1 - 2019-10-01 00:00:00 - ERROR - FILE_CHECK - expect_column_value_lengths_to_be_between - NOM - Unexpected characters count of: [Fruehauf...] on line  87, value length should be between 10 and 255
2019-10-30 11:28:27,438 - CAMION - FR - TRUCK1 - 2019-10-01 00:00:00 - ERROR - FILE_CHECK - expect_column_value_lengths_to_be_between - NOM - Unexpected characters count of: [Fruehauf...] on line  96, value length should be between 10 and 255
2019-10-30 11:28:27,439 - CAMION - FR - TRUCK1 - 2019-10-01 00:00:00 - ERROR - FILE_CHECK - expect_column_value_lengths_to_be_between - NOM - Unexpected characters count of: [Samro...] on line  104, value length should be between 10 and 255
2019-10-30 11:28:27,439 - CAMION - FR - TRUCK1 - 2019-10-01 00:00:00 - ERROR - FILE_CHECK - expect_column_value_lengths_to_be_between - NOM - Unexpected characters count of: [JLG E450A...] on line  115, value length should be between 10 and 255
2019-10-30 11:28:27,439 - CAMION - FR - TRUCK1 - 2019-10-01 00:00:00 - ERROR - FILE_CHECK - expect_column_value_lengths_to_be_between - NOM - Unexpected characters count of: [DAF XF460...] on line  132, value length should be between 10 and 255
2019-10-30 11:28:27,439 - CAMION - FR - TRUCK1 - 2019-10-01 00:00:00 - ERROR - FILE_CHECK - expect_column_value_lengths_to_be_between - NOM - Unexpected characters count of: [Samro...] on line  133, value length should be between 10 and 255
2019-10-30 11:28:27,439 - CAMION - FR - TRUCK1 - 2019-10-01 00:00:00 - ERROR - FILE_CHECK - expect_column_value_lengths_to_be_between - NOM - Unexpected characters count of: [Robine...] on line  134, value length should be between 10 and 255
2019-10-30 11:28:27,439 - CAMION - FR - TRUCK1 - 2019-10-01 00:00:00 - ERROR - FILE_CHECK - expect_column_value_lengths_to_be_between - NOM - Unexpected characters count of: [Fruehauf...] on line  136, value length should be between 10 and 255
2019-10-30 11:28:27,439 - CAMION - FR - TRUCK1 - 2019-10-01 00:00:00 - ERROR - FILE_CHECK - expect_column_value_lengths_to_be_between - NOM - Unexpected characters count of: [Ford 555...] on line  144, value length should be between 10 and 255
2019-10-30 11:28:27,439 - CAMION - FR - TRUCK1 - 2019-10-01 00:00:00 - ERROR - FILE_CHECK - expect_column_value_lengths_to_be_between - NOM - Unexpected characters count of: [Jcb 3CX...] on line  150, value length should be between 10 and 255
2019-10-30 11:28:27,439 - CAMION - FR - TRUCK1 - 2019-10-01 00:00:00 - ERROR - FILE_CHECK - expect_column_value_lengths_to_be_between - NOM - Unexpected characters count of: [Jcb 3CX...] on line  158, value length should be between 10 and 255
2019-10-30 11:28:27,439 - CAMION - FR - TRUCK1 - 2019-10-01 00:00:00 - ERROR - FILE_CHECK - expect_column_value_lengths_to_be_between - NOM - Unexpected characters count of: [Hamm 250...] on line  161, value length should be between 10 and 255
2019-10-30 11:28:27,439 - CAMION - FR - TRUCK1 - 2019-10-01 00:00:00 - ERROR - FILE_CHECK - expect_column_value_lengths_to_be_between - NOM - Unexpected characters count of: [Metso HP4...] on line  181, value length should be between 10 and 255
2019-10-30 11:28:27,439 - CAMION - FR - TRUCK1 - 2019-10-01 00:00:00 - ERROR - STAT - expect_column_value_lengths_to_be_between - NOM - correctly filled rate (%) - 85.06
2019-10-30 11:28:27,439 - CAMION - FR - TRUCK1 - 2019-10-01 00:00:00 - ERROR - FILE_VALIDATE - expect_column_value_lengths_to_be_between - NOM - False - 0
2019-10-30 11:28:27,439 - CAMION - FR - TRUCK1 - 2019-10-01 00:00:00 - ERROR - STAT - expect_column_values_to_not_be_null - OPTIONS - correctly filled rate (%) - 0.0
2019-10-30 11:28:27,439 - CAMION - FR - TRUCK1 - 2019-10-01 00:00:00 - ERROR - FILE_VALIDATE - expect_column_values_to_not_be_null - OPTIONS - False - 0
2019-10-30 11:28:27,439 - CAMION - FR - TRUCK1 - 2019-10-01 00:00:00 - ERROR - STAT - expect_column_values_to_be_in_type_list - PHOTO - correctly filled rate (%) - 100.0
2019-10-30 11:28:27,439 - CAMION - FR - TRUCK1 - 2019-10-01 00:00:00 - ERROR - FILE_VALIDATE - expect_column_values_to_be_in_type_list - PHOTO - True - 1
2019-10-30 11:28:27,439 - CAMION - FR - TRUCK1 - 2019-10-01 00:00:00 - ERROR - STAT - expect_column_values_to_not_be_null - PHOTO - correctly filled rate (%) - 100.0
2019-10-30 11:28:27,440 - CAMION - FR - TRUCK1 - 2019-10-01 00:00:00 - ERROR - FILE_VALIDATE - expect_column_values_to_not_be_null - PHOTO - True - 1
2019-10-30 11:28:27,440 - CAMION - FR - TRUCK1 - 2019-10-01 00:00:00 - ERROR - STAT - expect_column_values_to_not_be_null - PLACE - correctly filled rate (%) - 0.0
2019-10-30 11:28:27,440 - CAMION - FR - TRUCK1 - 2019-10-01 00:00:00 - ERROR - FILE_VALIDATE - expect_column_values_to_not_be_null - PLACE - False - 0
2019-10-30 11:28:27,440 - CAMION - FR - TRUCK1 - 2019-10-01 00:00:00 - ERROR - STAT - expect_column_values_to_not_be_null - PORTE - correctly filled rate (%) - 0.0
2019-10-30 11:28:27,440 - CAMION - FR - TRUCK1 - 2019-10-01 00:00:00 - ERROR - FILE_VALIDATE - expect_column_values_to_not_be_null - PORTE - False - 0
2019-10-30 11:28:27,440 - CAMION - FR - TRUCK1 - 2019-10-01 00:00:00 - ERROR - STAT - expect_column_values_to_be_in_type_list - PRIX - correctly filled rate (%) - 100.0
2019-10-30 11:28:27,440 - CAMION - FR - TRUCK1 - 2019-10-01 00:00:00 - ERROR - FILE_VALIDATE - expect_column_values_to_be_in_type_list - PRIX - True - 1
2019-10-30 11:28:27,440 - CAMION - FR - TRUCK1 - 2019-10-01 00:00:00 - ERROR - STAT - expect_column_values_to_not_be_null - PRIX - correctly filled rate (%) - 100.0
2019-10-30 11:28:27,440 - CAMION - FR - TRUCK1 - 2019-10-01 00:00:00 - ERROR - FILE_VALIDATE - expect_column_values_to_not_be_null - PRIX - True - 1
2019-10-30 11:28:27,440 - CAMION - FR - TRUCK1 - 2019-10-01 00:00:00 - ERROR - STAT - expect_column_values_to_not_be_null - PROVINCE - correctly filled rate (%) - 0.0
2019-10-30 11:28:27,440 - CAMION - FR - TRUCK1 - 2019-10-01 00:00:00 - ERROR - FILE_VALIDATE - expect_column_values_to_not_be_null - PROVINCE - False - 0
2019-10-30 11:28:27,440 - CAMION - FR - TRUCK1 - 2019-10-01 00:00:00 - ERROR - STAT - expect_column_values_to_not_be_null - SITE - correctly filled rate (%) - 100.0
2019-10-30 11:28:27,440 - CAMION - FR - TRUCK1 - 2019-10-01 00:00:00 - ERROR - FILE_VALIDATE - expect_column_values_to_not_be_null - SITE - True - 1
2019-10-30 11:28:27,440 - CAMION - FR - TRUCK1 - 2019-10-01 00:00:00 - ERROR - STAT - expect_column_values_to_not_be_null - TELEPHONE - correctly filled rate (%) - 100.0
2019-10-30 11:28:27,440 - CAMION - FR - TRUCK1 - 2019-10-01 00:00:00 - ERROR - FILE_VALIDATE - expect_column_values_to_not_be_null - TELEPHONE - True - 1
2019-10-30 11:28:27,440 - CAMION - FR - TRUCK1 - 2019-10-01 00:00:00 - ERROR - STAT - expect_column_values_to_be_phone_number - TELEPHONE - correctly filled rate (%) - 99.24
2019-10-30 11:28:27,440 - CAMION - FR - TRUCK1 - 2019-10-01 00:00:00 - ERROR - FILE_VALIDATE - expect_column_values_to_be_phone_number - TELEPHONE - True - 1
2019-10-30 11:28:27,440 - CAMION - FR - TRUCK1 - 2019-10-01 00:00:00 - ERROR - STAT - expect_column_values_to_not_be_null - TYPE - correctly filled rate (%) - 100.0
2019-10-30 11:28:27,441 - CAMION - FR - TRUCK1 - 2019-10-01 00:00:00 - ERROR - FILE_VALIDATE - expect_column_values_to_not_be_null - TYPE - True - 1
2019-10-30 11:28:27,441 - CAMION - FR - TRUCK1 - 2019-10-01 00:00:00 - ERROR - STAT - expect_column_values_to_be_in_set_2 - TYPE - observed proportion - 100.0
2019-10-30 11:28:27,441 - CAMION - FR - TRUCK1 - 2019-10-01 00:00:00 - ERROR - STAT - expect_column_values_to_not_be_null - VILLE - correctly filled rate (%) - 100.0
2019-10-30 11:28:27,441 - CAMION - FR - TRUCK1 - 2019-10-01 00:00:00 - ERROR - FILE_VALIDATE - expect_column_values_to_not_be_null - VILLE - True - 1
2019-10-30 11:28:27,441 - CAMION - FR - TRUCK1 - 2019-10-01 00:00:00 - ERROR - STAT - expect_column_values_to_not_be_null - VN_IND - correctly filled rate (%) - 0.0
2019-10-30 11:28:27,441 - CAMION - FR - TRUCK1 - 2019-10-01 00:00:00 - ERROR - FILE_VALIDATE - expect_column_values_to_not_be_null - VN_IND - False - 0
2019-10-30 11:28:27,441 - CAMION - FR - TRUCK1 - 2019-10-01 00:00:00 - ERROR - STAT - expect_returning_row_unique_count - MARQUE_CORRECTED - total number of unique rows - 124
2019-10-30 11:28:27,441 - CAMION - FR - TRUCK1 - 2019-10-01 00:00:00 - ERROR - STAT - expect_returning_row_unique_count - MODELE_CORRECTED - total number of unique rows - 81
2019-10-30 11:28:27,441 - CAMION - FR - TRUCK1 - 2019-10-01 00:00:00 - ERROR - STAT - expect_returning_row_unique_count - CARROSSERIE - total number of unique rows - 0
2019-10-30 11:28:27,441 - CAMION - FR - TRUCK1 - 2019-10-01 00:00:00 - ERROR - STAT - expect_returning_row_unique_count - CARBURANT - total number of unique rows - 4
2019-10-30 11:28:27,441 - CAMION - FR - TRUCK1 - 2019-10-01 00:00:00 - ERROR - STAT - expect_column_values_to_not_be_null - CYLINDRE - correctly filled rate (%) - 0.0
2019-10-30 11:28:27,441 - CAMION - FR - TRUCK1 - 2019-10-01 00:00:00 - ERROR - FILE_VALIDATE - expect_column_values_to_not_be_null - CYLINDRE - False - 0
2019-10-30 11:28:27,441 - CAMION - FR - TRUCK1 - 2019-10-01 00:00:00 - ERROR - STAT - expect_returning_row_unique_count - PROVINCE - total number of unique rows - 0
2019-10-30 11:28:27,441 - CAMION - FR - TRUCK1 - 2019-10-01 00:00:00 - ERROR - STAT - expect_returning_row_unique_count - VILLE - total number of unique rows - 49
2019-10-30 11:28:27,441 - CAMION - FR - TRUCK1 - 2019-10-01 00:00:00 - ERROR - STAT - expect_returning_row_unique_count - DEPARTEMENT - total number of unique rows - 34
2019-10-30 11:28:27,441 - CAMION - FR - TRUCK1 - 2019-10-01 00:00:00 - ERROR - STAT - expect_returning_row_count_on_conditions - DEALER_USEDCARS - total number of row with conditions - 1715
2019-10-30 11:28:27,441 - CAMION - FR - TRUCK1 - 2019-10-01 00:00:00 - ERROR - STAT - expect_returning_row_count_on_conditions - PRIVATE_USEDCARS - total number of row with conditions - 0
2019-10-30 11:28:27,442 - CAMION - FR - TRUCK1 - 2019-10-01 00:00:00 - ERROR - STAT - expect_returning_row_count_on_conditions - TRUCKS - total number of row with conditions - 334
2019-10-30 11:28:27,442 - CAMION - FR - TRUCK1 - 2019-10-01 00:00:00 - ERROR - STAT - expect_returning_row_count_on_conditions - TRACTOR UNITS - total number of row with conditions - 328
2019-10-30 11:28:27,442 - CAMION - FR - TRUCK1 - 2019-10-01 00:00:00 - ERROR - STAT - expect_returning_row_count_on_conditions - TRAILERS - total number of row with conditions - 36
2019-10-30 11:28:27,442 - CAMION - FR - TRUCK1 - 2019-10-01 00:00:00 - ERROR - STAT - expect_returning_row_count_on_conditions - VANS - total number of row with conditions - 0
2019-10-30 11:28:27,442 - CAMION - FR - TRUCK1 - 2019-10-01 00:00:00 - ERROR - STAT - expect_returning_row_count_on_conditions - HEAVY EQUIPMENTS - total number of row with conditions - 531
2019-10-30 11:28:27,442 - CAMION - FR - TRUCK1 - 2019-10-01 00:00:00 - ERROR - STAT - expect_returning_row_count_on_conditions - SEMI TRAILERS - total number of row with conditions - 486
2019-10-30 11:28:27,442 - CAMION - FR - TRUCK1 - 2019-10-01 00:00:00 - ERROR - STAT - expect_returning_row_count_on_conditions - DEALER_TRUCKS - total number of row with conditions - 334
2019-10-30 11:28:27,442 - CAMION - FR - TRUCK1 - 2019-10-01 00:00:00 - ERROR - STAT - expect_returning_row_count_on_conditions - PRIVATE_TRUCKS - total number of row with conditions - 0
2019-10-30 11:28:27,442 - CAMION - FR - TRUCK1 - 2019-10-01 00:00:00 - ERROR - STAT - expect_returning_row_count_on_conditions - DEALER_TRACTOR UNITS - total number of row with conditions - 328
2019-10-30 11:28:27,442 - CAMION - FR - TRUCK1 - 2019-10-01 00:00:00 - ERROR - STAT - expect_returning_row_count_on_conditions - PRIVATE_TRACTOR UNITS - total number of row with conditions - 0
2019-10-30 11:28:27,442 - CAMION - FR - TRUCK1 - 2019-10-01 00:00:00 - ERROR - STAT - expect_returning_row_count_on_conditions - DEALER_TRAILERS - total number of row with conditions - 36
2019-10-30 11:28:27,442 - CAMION - FR - TRUCK1 - 2019-10-01 00:00:00 - ERROR - STAT - expect_returning_row_count_on_conditions - PRIVATE_TRAILERS - total number of row with conditions - 0
2019-10-30 11:28:27,442 - CAMION - FR - TRUCK1 - 2019-10-01 00:00:00 - ERROR - STAT - expect_returning_row_count_on_conditions - DEALER_VANS - total number of row with conditions - 0
2019-10-30 11:28:27,442 - CAMION - FR - TRUCK1 - 2019-10-01 00:00:00 - ERROR - STAT - expect_returning_row_count_on_conditions - PRIVATE_VANS - total number of row with conditions - 0
2019-10-30 11:28:27,442 - CAMION - FR - TRUCK1 - 2019-10-01 00:00:00 - ERROR - STAT - expect_returning_row_count_on_conditions - DEALER_HEAVY EQUIPMENTS - total number of row with conditions - 531
2019-10-30 11:28:27,442 - CAMION - FR - TRUCK1 - 2019-10-01 00:00:00 - ERROR - STAT - expect_returning_row_count_on_conditions - PRIVATE_HEAVY EQUIPMENTS - total number of row with conditions - 0
2019-10-30 11:28:27,442 - CAMION - FR - TRUCK1 - 2019-10-01 00:00:00 - ERROR - STAT - expect_returning_row_count_on_conditions - DEALER_SEMI TRAILERS - total number of row with conditions - 486
2019-10-30 11:28:27,442 - CAMION - FR - TRUCK1 - 2019-10-01 00:00:00 - ERROR - STAT - expect_returning_row_count_on_conditions - PRIVATE_SEMI TRAILERS - total number of row with conditions - 0
