2019-06-14 10:18:24,147 - VO - FR - AUTOMOBILE - 2019-06-01 00:00:00 - ERROR - STAT - expect_column_values_to_not_be_null - ADRESSE - correctly filled rate (%) - 93.15
2019-06-14 10:18:24,147 - VO - FR - AUTOMOBILE - 2019-06-01 00:00:00 - ERROR - STAT - expect_column_values_to_be_in_type_list - ANNEE - correctly filled rate (%) - 100.0
2019-06-14 10:18:24,147 - VO - FR - AUTOMOBILE - 2019-06-01 00:00:00 - ERROR - STAT - expect_column_values_to_be_between - ANNEE - correctly filled rate (%) - 92.77
2019-06-14 10:18:24,147 - VO - FR - AUTOMOBILE - 2019-06-01 00:00:00 - ERROR - STAT - expect_column_values_to_not_be_null - ANNEE - correctly filled rate (%) - 100.0
2019-06-14 10:18:24,147 - VO - FR - AUTOMOBILE - 2019-06-01 00:00:00 - ERROR - FILE_CHECK - expect_column_values_to_match_regex - ANNEE - Unexpected value: 0 on line 22, value should match regexp ^[0-9]{4}$
2019-06-14 10:18:24,147 - VO - FR - AUTOMOBILE - 2019-06-01 00:00:00 - ERROR - FILE_CHECK - expect_column_values_to_match_regex - ANNEE - Unexpected value: 0 on line 56, value should match regexp ^[0-9]{4}$
2019-06-14 10:18:24,147 - VO - FR - AUTOMOBILE - 2019-06-01 00:00:00 - ERROR - FILE_CHECK - expect_column_values_to_match_regex - ANNEE - Unexpected value: 0 on line 106, value should match regexp ^[0-9]{4}$
2019-06-14 10:18:24,147 - VO - FR - AUTOMOBILE - 2019-06-01 00:00:00 - ERROR - FILE_CHECK - expect_column_values_to_match_regex - ANNEE - Unexpected value: 0 on line 110, value should match regexp ^[0-9]{4}$
2019-06-14 10:18:24,147 - VO - FR - AUTOMOBILE - 2019-06-01 00:00:00 - ERROR - FILE_CHECK - expect_column_values_to_match_regex - ANNEE - Unexpected value: 0 on line 172, value should match regexp ^[0-9]{4}$
2019-06-14 10:18:24,147 - VO - FR - AUTOMOBILE - 2019-06-01 00:00:00 - ERROR - FILE_CHECK - expect_column_values_to_match_regex - ANNEE - Unexpected value: 0 on line 194, value should match regexp ^[0-9]{4}$
2019-06-14 10:18:24,147 - VO - FR - AUTOMOBILE - 2019-06-01 00:00:00 - ERROR - FILE_CHECK - expect_column_values_to_match_regex - ANNEE - Unexpected value: 0 on line 212, value should match regexp ^[0-9]{4}$
2019-06-14 10:18:24,147 - VO - FR - AUTOMOBILE - 2019-06-01 00:00:00 - ERROR - FILE_CHECK - expect_column_values_to_match_regex - ANNEE - Unexpected value: 0 on line 312, value should match regexp ^[0-9]{4}$
2019-06-14 10:18:24,147 - VO - FR - AUTOMOBILE - 2019-06-01 00:00:00 - ERROR - FILE_CHECK - expect_column_values_to_match_regex - ANNEE - Unexpected value: 0 on line 318, value should match regexp ^[0-9]{4}$
2019-06-14 10:18:24,148 - VO - FR - AUTOMOBILE - 2019-06-01 00:00:00 - ERROR - FILE_CHECK - expect_column_values_to_match_regex - ANNEE - Unexpected value: 0 on line 325, value should match regexp ^[0-9]{4}$
2019-06-14 10:18:24,148 - VO - FR - AUTOMOBILE - 2019-06-01 00:00:00 - ERROR - FILE_CHECK - expect_column_values_to_match_regex - ANNEE - Unexpected value: 0 on line 348, value should match regexp ^[0-9]{4}$
2019-06-14 10:18:24,148 - VO - FR - AUTOMOBILE - 2019-06-01 00:00:00 - ERROR - FILE_CHECK - expect_column_values_to_match_regex - ANNEE - Unexpected value: 0 on line 355, value should match regexp ^[0-9]{4}$
2019-06-14 10:18:24,148 - VO - FR - AUTOMOBILE - 2019-06-01 00:00:00 - ERROR - FILE_CHECK - expect_column_values_to_match_regex - ANNEE - Unexpected value: 0 on line 404, value should match regexp ^[0-9]{4}$
2019-06-14 10:18:24,148 - VO - FR - AUTOMOBILE - 2019-06-01 00:00:00 - ERROR - FILE_CHECK - expect_column_values_to_match_regex - ANNEE - Unexpected value: 0 on line 412, value should match regexp ^[0-9]{4}$
2019-06-14 10:18:24,148 - VO - FR - AUTOMOBILE - 2019-06-01 00:00:00 - ERROR - FILE_CHECK - expect_column_values_to_match_regex - ANNEE - Unexpected value: 0 on line 477, value should match regexp ^[0-9]{4}$
2019-06-14 10:18:24,148 - VO - FR - AUTOMOBILE - 2019-06-01 00:00:00 - ERROR - FILE_CHECK - expect_column_values_to_match_regex - ANNEE - Unexpected value: 0 on line 492, value should match regexp ^[0-9]{4}$
2019-06-14 10:18:24,148 - VO - FR - AUTOMOBILE - 2019-06-01 00:00:00 - ERROR - FILE_CHECK - expect_column_values_to_match_regex - ANNEE - Unexpected value: 0 on line 526, value should match regexp ^[0-9]{4}$
2019-06-14 10:18:24,148 - VO - FR - AUTOMOBILE - 2019-06-01 00:00:00 - ERROR - FILE_CHECK - expect_column_values_to_match_regex - ANNEE - Unexpected value: 0 on line 591, value should match regexp ^[0-9]{4}$
2019-06-14 10:18:24,148 - VO - FR - AUTOMOBILE - 2019-06-01 00:00:00 - ERROR - FILE_CHECK - expect_column_values_to_match_regex - ANNEE - Unexpected value: 0 on line 596, value should match regexp ^[0-9]{4}$
2019-06-14 10:18:24,148 - VO - FR - AUTOMOBILE - 2019-06-01 00:00:00 - ERROR - FILE_CHECK - expect_column_values_to_match_regex - ANNEE - Unexpected value: 0 on line 627, value should match regexp ^[0-9]{4}$
2019-06-14 10:18:24,148 - VO - FR - AUTOMOBILE - 2019-06-01 00:00:00 - ERROR - STAT - expect_column_values_to_match_regex - ANNEE - correctly filled rate (%) - 97.08
2019-06-14 10:18:24,148 - VO - FR - AUTOMOBILE - 2019-06-01 00:00:00 - ERROR - STAT - expect_column_values_to_not_be_null - ANNONCE_LINK - correctly filled rate (%) - 100.0
2019-06-14 10:18:24,148 - VO - FR - AUTOMOBILE - 2019-06-01 00:00:00 - ERROR - STAT - expect_column_values_to_be_unique - ANNONCE_LINK - observed proportion - 100.0
2019-06-14 10:18:24,148 - VO - FR - AUTOMOBILE - 2019-06-01 00:00:00 - ERROR - STAT - expect_column_values_to_not_be_null - CARBURANT - correctly filled rate (%) - 97.9
2019-06-14 10:18:24,148 - VO - FR - AUTOMOBILE - 2019-06-01 00:00:00 - ERROR - STAT - expect_column_values_to_not_be_null - CARROSSERIE - correctly filled rate (%) - 100.0
2019-06-14 10:18:24,148 - VO - FR - AUTOMOBILE - 2019-06-01 00:00:00 - ERROR - STAT - expect_column_values_to_not_be_null - CP - correctly filled rate (%) - 100.0
2019-06-14 10:18:24,149 - VO - FR - AUTOMOBILE - 2019-06-01 00:00:00 - ERROR - STAT - expect_column_values_to_match_regex - CP - correctly filled rate (%) - 93.98
2019-06-14 10:18:24,149 - VO - FR - AUTOMOBILE - 2019-06-01 00:00:00 - ERROR - STAT - expect_column_values_to_not_be_null - GARAGE_ID - correctly filled rate (%) - 92.77
2019-06-14 10:18:24,149 - VO - FR - AUTOMOBILE - 2019-06-01 00:00:00 - ERROR - STAT - expect_column_values_to_not_be_null - ID_CLIENT - correctly filled rate (%) - 100.0
2019-06-14 10:18:24,149 - VO - FR - AUTOMOBILE - 2019-06-01 00:00:00 - ERROR - STAT - expect_column_values_to_be_unique - ID_CLIENT - observed proportion - 100.0
2019-06-14 10:18:24,149 - VO - FR - AUTOMOBILE - 2019-06-01 00:00:00 - ERROR - STAT - expect_returning_row_count - EVERY_COLUMNS - total number of rows - 3389
2019-06-14 10:18:24,149 - VO - FR - AUTOMOBILE - 2019-06-01 00:00:00 - ERROR - STAT - expect_column_values_to_not_be_null - IMMAT - correctly filled rate (%) - 100.0
2019-06-14 10:18:24,149 - VO - FR - AUTOMOBILE - 2019-06-01 00:00:00 - ERROR - STAT - expect_column_values_to_be_in_type_list - KM - correctly filled rate (%) - 100.0
2019-06-14 10:18:24,149 - VO - FR - AUTOMOBILE - 2019-06-01 00:00:00 - ERROR - STAT - expect_column_values_to_not_be_null - KM - correctly filled rate (%) - 100.0
2019-06-14 10:18:24,149 - VO - FR - AUTOMOBILE - 2019-06-01 00:00:00 - ERROR - STAT - expect_column_values_to_be_in_type_list - LITRE - correctly filled rate (%) - 100.0
2019-06-14 10:18:24,149 - VO - FR - AUTOMOBILE - 2019-06-01 00:00:00 - ERROR - STAT - expect_column_values_to_not_be_null - LITRE - correctly filled rate (%) - 100.0
2019-06-14 10:18:24,149 - VO - FR - AUTOMOBILE - 2019-06-01 00:00:00 - ERROR - STAT - expect_column_values_to_not_be_null - MARQUE - correctly filled rate (%) - 100.0
2019-06-14 10:18:24,149 - VO - FR - AUTOMOBILE - 2019-06-01 00:00:00 - ERROR - STAT - expect_column_values_to_not_be_null - MODELE - correctly filled rate (%) - 100.0
2019-06-14 10:18:24,149 - VO - FR - AUTOMOBILE - 2019-06-01 00:00:00 - ERROR - STAT - expect_column_values_to_not_be_null - MOIS - correctly filled rate (%) - 100.0
2019-06-14 10:18:24,149 - VO - FR - AUTOMOBILE - 2019-06-01 00:00:00 - ERROR - FILE_CHECK - expect_column_values_to_be_between - MOIS - Unexpected value: 0 on line 22, value should be between 1 and 12
2019-06-14 10:18:24,149 - VO - FR - AUTOMOBILE - 2019-06-01 00:00:00 - ERROR - FILE_CHECK - expect_column_values_to_be_between - MOIS - Unexpected value: 0 on line 56, value should be between 1 and 12
2019-06-14 10:18:24,149 - VO - FR - AUTOMOBILE - 2019-06-01 00:00:00 - ERROR - FILE_CHECK - expect_column_values_to_be_between - MOIS - Unexpected value: 0 on line 106, value should be between 1 and 12
2019-06-14 10:18:24,149 - VO - FR - AUTOMOBILE - 2019-06-01 00:00:00 - ERROR - FILE_CHECK - expect_column_values_to_be_between - MOIS - Unexpected value: 0 on line 110, value should be between 1 and 12
2019-06-14 10:18:24,149 - VO - FR - AUTOMOBILE - 2019-06-01 00:00:00 - ERROR - FILE_CHECK - expect_column_values_to_be_between - MOIS - Unexpected value: 0 on line 172, value should be between 1 and 12
2019-06-14 10:18:24,150 - VO - FR - AUTOMOBILE - 2019-06-01 00:00:00 - ERROR - FILE_CHECK - expect_column_values_to_be_between - MOIS - Unexpected value: 0 on line 194, value should be between 1 and 12
2019-06-14 10:18:24,150 - VO - FR - AUTOMOBILE - 2019-06-01 00:00:00 - ERROR - FILE_CHECK - expect_column_values_to_be_between - MOIS - Unexpected value: 0 on line 212, value should be between 1 and 12
2019-06-14 10:18:24,150 - VO - FR - AUTOMOBILE - 2019-06-01 00:00:00 - ERROR - FILE_CHECK - expect_column_values_to_be_between - MOIS - Unexpected value: 0 on line 312, value should be between 1 and 12
2019-06-14 10:18:24,150 - VO - FR - AUTOMOBILE - 2019-06-01 00:00:00 - ERROR - FILE_CHECK - expect_column_values_to_be_between - MOIS - Unexpected value: 0 on line 318, value should be between 1 and 12
2019-06-14 10:18:24,150 - VO - FR - AUTOMOBILE - 2019-06-01 00:00:00 - ERROR - FILE_CHECK - expect_column_values_to_be_between - MOIS - Unexpected value: 0 on line 325, value should be between 1 and 12
2019-06-14 10:18:24,150 - VO - FR - AUTOMOBILE - 2019-06-01 00:00:00 - ERROR - FILE_CHECK - expect_column_values_to_be_between - MOIS - Unexpected value: 0 on line 348, value should be between 1 and 12
2019-06-14 10:18:24,150 - VO - FR - AUTOMOBILE - 2019-06-01 00:00:00 - ERROR - FILE_CHECK - expect_column_values_to_be_between - MOIS - Unexpected value: 0 on line 355, value should be between 1 and 12
2019-06-14 10:18:24,150 - VO - FR - AUTOMOBILE - 2019-06-01 00:00:00 - ERROR - FILE_CHECK - expect_column_values_to_be_between - MOIS - Unexpected value: 0 on line 404, value should be between 1 and 12
2019-06-14 10:18:24,150 - VO - FR - AUTOMOBILE - 2019-06-01 00:00:00 - ERROR - FILE_CHECK - expect_column_values_to_be_between - MOIS - Unexpected value: 0 on line 412, value should be between 1 and 12
2019-06-14 10:18:24,150 - VO - FR - AUTOMOBILE - 2019-06-01 00:00:00 - ERROR - FILE_CHECK - expect_column_values_to_be_between - MOIS - Unexpected value: 0 on line 477, value should be between 1 and 12
2019-06-14 10:18:24,150 - VO - FR - AUTOMOBILE - 2019-06-01 00:00:00 - ERROR - FILE_CHECK - expect_column_values_to_be_between - MOIS - Unexpected value: 0 on line 492, value should be between 1 and 12
2019-06-14 10:18:24,150 - VO - FR - AUTOMOBILE - 2019-06-01 00:00:00 - ERROR - FILE_CHECK - expect_column_values_to_be_between - MOIS - Unexpected value: 0 on line 526, value should be between 1 and 12
2019-06-14 10:18:24,150 - VO - FR - AUTOMOBILE - 2019-06-01 00:00:00 - ERROR - FILE_CHECK - expect_column_values_to_be_between - MOIS - Unexpected value: 0 on line 591, value should be between 1 and 12
2019-06-14 10:18:24,150 - VO - FR - AUTOMOBILE - 2019-06-01 00:00:00 - ERROR - FILE_CHECK - expect_column_values_to_be_between - MOIS - Unexpected value: 0 on line 596, value should be between 1 and 12
2019-06-14 10:18:24,150 - VO - FR - AUTOMOBILE - 2019-06-01 00:00:00 - ERROR - FILE_CHECK - expect_column_values_to_be_between - MOIS - Unexpected value: 0 on line 627, value should be between 1 and 12
2019-06-14 10:18:24,150 - VO - FR - AUTOMOBILE - 2019-06-01 00:00:00 - ERROR - STAT - expect_column_values_to_be_between - MOIS - correctly filled rate (%) - 97.08
2019-06-14 10:18:24,150 - VO - FR - AUTOMOBILE - 2019-06-01 00:00:00 - ERROR - STAT - expect_column_values_to_match_regex - MOIS - correctly filled rate (%) - 100.0
2019-06-14 10:18:24,150 - VO - FR - AUTOMOBILE - 2019-06-01 00:00:00 - ERROR - STAT - expect_column_values_to_not_be_null - NOM - correctly filled rate (%) - 100.0
2019-06-14 10:18:24,151 - VO - FR - AUTOMOBILE - 2019-06-01 00:00:00 - ERROR - FILE_CHECK - expect_column_value_lengths_to_be_between - NOM - Unexpected characters count of: [Roadster...] on line  7, value length should be between 10 and 255
2019-06-14 10:18:24,151 - VO - FR - AUTOMOBILE - 2019-06-01 00:00:00 - ERROR - FILE_CHECK - expect_column_value_lengths_to_be_between - NOM - Unexpected characters count of: [RS4 B5...] on line  11, value length should be between 10 and 255
2019-06-14 10:18:24,151 - VO - FR - AUTOMOBILE - 2019-06-01 00:00:00 - ERROR - FILE_CHECK - expect_column_value_lengths_to_be_between - NOM - Unexpected characters count of: [320...] on line  30, value length should be between 10 and 255
2019-06-14 10:18:24,151 - VO - FR - AUTOMOBILE - 2019-06-01 00:00:00 - ERROR - FILE_CHECK - expect_column_value_lengths_to_be_between - NOM - Unexpected characters count of: [118d DPF...] on line  32, value length should be between 10 and 255
2019-06-14 10:18:24,151 - VO - FR - AUTOMOBILE - 2019-06-01 00:00:00 - ERROR - FILE_CHECK - expect_column_value_lengths_to_be_between - NOM - Unexpected characters count of: [XC60...] on line  37, value length should be between 10 and 255
2019-06-14 10:18:24,151 - VO - FR - AUTOMOBILE - 2019-06-01 00:00:00 - ERROR - FILE_CHECK - expect_column_value_lengths_to_be_between - NOM - Unexpected characters count of: [Arnage T...] on line  64, value length should be between 10 and 255
2019-06-14 10:18:24,151 - VO - FR - AUTOMOBILE - 2019-06-01 00:00:00 - ERROR - FILE_CHECK - expect_column_value_lengths_to_be_between - NOM - Unexpected characters count of: [CAYENNE...] on line  85, value length should be between 10 and 255
2019-06-14 10:18:24,151 - VO - FR - AUTOMOBILE - 2019-06-01 00:00:00 - ERROR - FILE_CHECK - expect_column_value_lengths_to_be_between - NOM - Unexpected characters count of: [206 90 XS...] on line  88, value length should be between 10 and 255
2019-06-14 10:18:24,151 - VO - FR - AUTOMOBILE - 2019-06-01 00:00:00 - ERROR - FILE_CHECK - expect_column_value_lengths_to_be_between - NOM - Unexpected characters count of: [MINI ONE...] on line  97, value length should be between 10 and 255
2019-06-14 10:18:24,151 - VO - FR - AUTOMOBILE - 2019-06-01 00:00:00 - ERROR - FILE_CHECK - expect_column_value_lengths_to_be_between - NOM - Unexpected characters count of: [REALM...] on line  101, value length should be between 10 and 255
2019-06-14 10:18:24,151 - VO - FR - AUTOMOBILE - 2019-06-01 00:00:00 - ERROR - FILE_CHECK - expect_column_value_lengths_to_be_between - NOM - Unexpected characters count of: [991 TURBO...] on line  135, value length should be between 10 and 255
2019-06-14 10:18:24,151 - VO - FR - AUTOMOBILE - 2019-06-01 00:00:00 - ERROR - FILE_CHECK - expect_column_value_lengths_to_be_between - NOM - Unexpected characters count of: [POLO 1.2...] on line  151, value length should be between 10 and 255
2019-06-14 10:18:24,151 - VO - FR - AUTOMOBILE - 2019-06-01 00:00:00 - ERROR - FILE_CHECK - expect_column_value_lengths_to_be_between - NOM - Unexpected characters count of: [BIPPER...] on line  152, value length should be between 10 and 255
2019-06-14 10:18:24,151 - VO - FR - AUTOMOBILE - 2019-06-01 00:00:00 - ERROR - FILE_CHECK - expect_column_value_lengths_to_be_between - NOM - Unexpected characters count of: [C 200...] on line  157, value length should be between 10 and 255
2019-06-14 10:18:24,151 - VO - FR - AUTOMOBILE - 2019-06-01 00:00:00 - ERROR - FILE_CHECK - expect_column_value_lengths_to_be_between - NOM - Unexpected characters count of: [500...] on line  162, value length should be between 10 and 255
2019-06-14 10:18:24,151 - VO - FR - AUTOMOBILE - 2019-06-01 00:00:00 - ERROR - FILE_CHECK - expect_column_value_lengths_to_be_between - NOM - Unexpected characters count of: [330...] on line  174, value length should be between 10 and 255
2019-06-14 10:18:24,151 - VO - FR - AUTOMOBILE - 2019-06-01 00:00:00 - ERROR - FILE_CHECK - expect_column_value_lengths_to_be_between - NOM - Unexpected characters count of: [LP 580-2...] on line  180, value length should be between 10 and 255
2019-06-14 10:18:24,151 - VO - FR - AUTOMOBILE - 2019-06-01 00:00:00 - ERROR - FILE_CHECK - expect_column_value_lengths_to_be_between - NOM - Unexpected characters count of: [CLA 180...] on line  183, value length should be between 10 and 255
2019-06-14 10:18:24,152 - VO - FR - AUTOMOBILE - 2019-06-01 00:00:00 - ERROR - FILE_CHECK - expect_column_value_lengths_to_be_between - NOM - Unexpected characters count of: [XJ6 3.2...] on line  193, value length should be between 10 and 255
2019-06-14 10:18:24,152 - VO - FR - AUTOMOBILE - 2019-06-01 00:00:00 - ERROR - FILE_CHECK - expect_column_value_lengths_to_be_between - NOM - Unexpected characters count of: [280 SE...] on line  199, value length should be between 10 and 255
2019-06-14 10:18:24,152 - VO - FR - AUTOMOBILE - 2019-06-01 00:00:00 - ERROR - STAT - expect_column_value_lengths_to_be_between - NOM - correctly filled rate (%) - 92.51
2019-06-14 10:18:24,152 - VO - FR - AUTOMOBILE - 2019-06-01 00:00:00 - ERROR - STAT - expect_column_values_to_not_be_null - OPTIONS - correctly filled rate (%) - 78.14
2019-06-14 10:18:24,152 - VO - FR - AUTOMOBILE - 2019-06-01 00:00:00 - ERROR - FILE_CHECK - expect_column_value_lengths_to_be_between - OPTIONS - Unexpected characters count of: [, METALLIC , SUNROOF...] on line  1, value length should be between 0 and 255
2019-06-14 10:18:24,152 - VO - FR - AUTOMOBILE - 2019-06-01 00:00:00 - ERROR - FILE_CHECK - expect_column_value_lengths_to_be_between - OPTIONS - Unexpected characters count of: [, DISABLED_ACCESSIBL...] on line  3, value length should be between 0 and 255
2019-06-14 10:18:24,152 - VO - FR - AUTOMOBILE - 2019-06-01 00:00:00 - ERROR - FILE_CHECK - expect_column_value_lengths_to_be_between - OPTIONS - Unexpected characters count of: [, METALLIC , FOUR_WH...] on line  5, value length should be between 0 and 255
2019-06-14 10:18:24,152 - VO - FR - AUTOMOBILE - 2019-06-01 00:00:00 - ERROR - FILE_CHECK - expect_column_value_lengths_to_be_between - OPTIONS - Unexpected characters count of: [, ALLOY_WHEELS , CEN...] on line  7, value length should be between 0 and 255
2019-06-14 10:18:24,152 - VO - FR - AUTOMOBILE - 2019-06-01 00:00:00 - ERROR - FILE_CHECK - expect_column_value_lengths_to_be_between - OPTIONS - Unexpected characters count of: [, METALLIC , ALLOY_W...] on line  9, value length should be between 0 and 255
2019-06-14 10:18:24,152 - VO - FR - AUTOMOBILE - 2019-06-01 00:00:00 - ERROR - FILE_CHECK - expect_column_value_lengths_to_be_between - OPTIONS - Unexpected characters count of: [, METALLIC , ALLOY_W...] on line  10, value length should be between 0 and 255
2019-06-14 10:18:24,152 - VO - FR - AUTOMOBILE - 2019-06-01 00:00:00 - ERROR - FILE_CHECK - expect_column_value_lengths_to_be_between - OPTIONS - Unexpected characters count of: [, METALLIC , FOUR_WH...] on line  11, value length should be between 0 and 255
2019-06-14 10:18:24,152 - VO - FR - AUTOMOBILE - 2019-06-01 00:00:00 - ERROR - FILE_CHECK - expect_column_value_lengths_to_be_between - OPTIONS - Unexpected characters count of: [, METALLIC , ALLOY_W...] on line  13, value length should be between 0 and 255
2019-06-14 10:18:24,152 - VO - FR - AUTOMOBILE - 2019-06-01 00:00:00 - ERROR - FILE_CHECK - expect_column_value_lengths_to_be_between - OPTIONS - Unexpected characters count of: [, METALLIC , ALLOY_W...] on line  15, value length should be between 0 and 255
2019-06-14 10:18:24,152 - VO - FR - AUTOMOBILE - 2019-06-01 00:00:00 - ERROR - FILE_CHECK - expect_column_value_lengths_to_be_between - OPTIONS - Unexpected characters count of: [, METALLIC , ALLOY_W...] on line  17, value length should be between 0 and 255
2019-06-14 10:18:24,152 - VO - FR - AUTOMOBILE - 2019-06-01 00:00:00 - ERROR - FILE_CHECK - expect_column_value_lengths_to_be_between - OPTIONS - Unexpected characters count of: [, METALLIC , ALLOY_W...] on line  18, value length should be between 0 and 255
2019-06-14 10:18:24,152 - VO - FR - AUTOMOBILE - 2019-06-01 00:00:00 - ERROR - FILE_CHECK - expect_column_value_lengths_to_be_between - OPTIONS - Unexpected characters count of: [, METALLIC , FOUR_WH...] on line  22, value length should be between 0 and 255
2019-06-14 10:18:24,152 - VO - FR - AUTOMOBILE - 2019-06-01 00:00:00 - ERROR - FILE_CHECK - expect_column_value_lengths_to_be_between - OPTIONS - Unexpected characters count of: [, METALLIC , FOUR_WH...] on line  25, value length should be between 0 and 255
2019-06-14 10:18:24,153 - VO - FR - AUTOMOBILE - 2019-06-01 00:00:00 - ERROR - FILE_CHECK - expect_column_value_lengths_to_be_between - OPTIONS - Unexpected characters count of: [, CENTRAL_LOCKING , ...] on line  27, value length should be between 0 and 255
2019-06-14 10:18:24,153 - VO - FR - AUTOMOBILE - 2019-06-01 00:00:00 - ERROR - FILE_CHECK - expect_column_value_lengths_to_be_between - OPTIONS - Unexpected characters count of: [, METALLIC , FOUR_WH...] on line  28, value length should be between 0 and 255
2019-06-14 10:18:24,153 - VO - FR - AUTOMOBILE - 2019-06-01 00:00:00 - ERROR - FILE_CHECK - expect_column_value_lengths_to_be_between - OPTIONS - Unexpected characters count of: [, METALLIC , ALLOY_W...] on line  32, value length should be between 0 and 255
2019-06-14 10:18:24,153 - VO - FR - AUTOMOBILE - 2019-06-01 00:00:00 - ERROR - FILE_CHECK - expect_column_value_lengths_to_be_between - OPTIONS - Unexpected characters count of: [, FOUR_WHEEL_DRIVE ,...] on line  37, value length should be between 0 and 255
2019-06-14 10:18:24,153 - VO - FR - AUTOMOBILE - 2019-06-01 00:00:00 - ERROR - FILE_CHECK - expect_column_value_lengths_to_be_between - OPTIONS - Unexpected characters count of: [, METALLIC , SUNROOF...] on line  38, value length should be between 0 and 255
2019-06-14 10:18:24,153 - VO - FR - AUTOMOBILE - 2019-06-01 00:00:00 - ERROR - FILE_CHECK - expect_column_value_lengths_to_be_between - OPTIONS - Unexpected characters count of: [, METALLIC , SUNROOF...] on line  40, value length should be between 0 and 255
2019-06-14 10:18:24,153 - VO - FR - AUTOMOBILE - 2019-06-01 00:00:00 - ERROR - FILE_CHECK - expect_column_value_lengths_to_be_between - OPTIONS - Unexpected characters count of: [, FOUR_WHEEL_DRIVE ,...] on line  42, value length should be between 0 and 255
2019-06-14 10:18:24,153 - VO - FR - AUTOMOBILE - 2019-06-01 00:00:00 - ERROR - STAT - expect_column_value_lengths_to_be_between - OPTIONS - correctly filled rate (%) - 63.75
2019-06-14 10:18:24,153 - VO - FR - AUTOMOBILE - 2019-06-01 00:00:00 - ERROR - STAT - expect_column_values_to_be_in_type_list - PHOTO - correctly filled rate (%) - 100.0
2019-06-14 10:18:24,153 - VO - FR - AUTOMOBILE - 2019-06-01 00:00:00 - ERROR - STAT - expect_column_values_to_not_be_null - PHOTO - correctly filled rate (%) - 100.0
2019-06-14 10:18:24,153 - VO - FR - AUTOMOBILE - 2019-06-01 00:00:00 - ERROR - FILE_CHECK - expect_column_values_to_be_in_type_list - PLACE - Wrong type for value: 5.0 on line 0 should be in ['int']
2019-06-14 10:18:24,153 - VO - FR - AUTOMOBILE - 2019-06-01 00:00:00 - ERROR - FILE_CHECK - expect_column_values_to_be_in_type_list - PLACE - Wrong type for value: 5.0 on line 1 should be in ['int']
2019-06-14 10:18:24,153 - VO - FR - AUTOMOBILE - 2019-06-01 00:00:00 - ERROR - FILE_CHECK - expect_column_values_to_be_in_type_list - PLACE - Wrong type for value: 4.0 on line 2 should be in ['int']
2019-06-14 10:18:24,153 - VO - FR - AUTOMOBILE - 2019-06-01 00:00:00 - ERROR - FILE_CHECK - expect_column_values_to_be_in_type_list - PLACE - Wrong type for value: 5.0 on line 3 should be in ['int']
2019-06-14 10:18:24,153 - VO - FR - AUTOMOBILE - 2019-06-01 00:00:00 - ERROR - FILE_CHECK - expect_column_values_to_be_in_type_list - PLACE - Wrong type for value: 5.0 on line 4 should be in ['int']
2019-06-14 10:18:24,153 - VO - FR - AUTOMOBILE - 2019-06-01 00:00:00 - ERROR - FILE_CHECK - expect_column_values_to_be_in_type_list - PLACE - Wrong type for value: 4.0 on line 5 should be in ['int']
2019-06-14 10:18:24,153 - VO - FR - AUTOMOBILE - 2019-06-01 00:00:00 - ERROR - FILE_CHECK - expect_column_values_to_be_in_type_list - PLACE - Wrong type for value: 5.0 on line 6 should be in ['int']
2019-06-14 10:18:24,153 - VO - FR - AUTOMOBILE - 2019-06-01 00:00:00 - ERROR - FILE_CHECK - expect_column_values_to_be_in_type_list - PLACE - Wrong type for value: 2.0 on line 7 should be in ['int']
2019-06-14 10:18:24,154 - VO - FR - AUTOMOBILE - 2019-06-01 00:00:00 - ERROR - FILE_CHECK - expect_column_values_to_be_in_type_list - PLACE - Wrong type for value: 5.0 on line 9 should be in ['int']
2019-06-14 10:18:24,154 - VO - FR - AUTOMOBILE - 2019-06-01 00:00:00 - ERROR - FILE_CHECK - expect_column_values_to_be_in_type_list - PLACE - Wrong type for value: 5.0 on line 10 should be in ['int']
2019-06-14 10:18:24,154 - VO - FR - AUTOMOBILE - 2019-06-01 00:00:00 - ERROR - FILE_CHECK - expect_column_values_to_be_in_type_list - PLACE - Wrong type for value: 5.0 on line 11 should be in ['int']
2019-06-14 10:18:24,154 - VO - FR - AUTOMOBILE - 2019-06-01 00:00:00 - ERROR - FILE_CHECK - expect_column_values_to_be_in_type_list - PLACE - Wrong type for value: 2.0 on line 12 should be in ['int']
2019-06-14 10:18:24,154 - VO - FR - AUTOMOBILE - 2019-06-01 00:00:00 - ERROR - FILE_CHECK - expect_column_values_to_be_in_type_list - PLACE - Wrong type for value: 4.0 on line 13 should be in ['int']
2019-06-14 10:18:24,154 - VO - FR - AUTOMOBILE - 2019-06-01 00:00:00 - ERROR - FILE_CHECK - expect_column_values_to_be_in_type_list - PLACE - Wrong type for value: 5.0 on line 14 should be in ['int']
2019-06-14 10:18:24,154 - VO - FR - AUTOMOBILE - 2019-06-01 00:00:00 - ERROR - FILE_CHECK - expect_column_values_to_be_in_type_list - PLACE - Wrong type for value: 5.0 on line 15 should be in ['int']
2019-06-14 10:18:24,154 - VO - FR - AUTOMOBILE - 2019-06-01 00:00:00 - ERROR - FILE_CHECK - expect_column_values_to_be_in_type_list - PLACE - Wrong type for value: 5.0 on line 16 should be in ['int']
2019-06-14 10:18:24,154 - VO - FR - AUTOMOBILE - 2019-06-01 00:00:00 - ERROR - FILE_CHECK - expect_column_values_to_be_in_type_list - PLACE - Wrong type for value: 5.0 on line 17 should be in ['int']
2019-06-14 10:18:24,154 - VO - FR - AUTOMOBILE - 2019-06-01 00:00:00 - ERROR - FILE_CHECK - expect_column_values_to_be_in_type_list - PLACE - Wrong type for value: 2.0 on line 18 should be in ['int']
2019-06-14 10:18:24,154 - VO - FR - AUTOMOBILE - 2019-06-01 00:00:00 - ERROR - FILE_CHECK - expect_column_values_to_be_in_type_list - PLACE - Wrong type for value: 5.0 on line 19 should be in ['int']
2019-06-14 10:18:24,154 - VO - FR - AUTOMOBILE - 2019-06-01 00:00:00 - ERROR - FILE_CHECK - expect_column_values_to_be_in_type_list - PLACE - Wrong type for value: 4.0 on line 21 should be in ['int']
2019-06-14 10:18:24,154 - VO - FR - AUTOMOBILE - 2019-06-01 00:00:00 - ERROR - STAT - expect_column_values_to_be_in_type_list - PLACE - correctly filled rate (%) - 0.0
2019-06-14 10:18:24,154 - VO - FR - AUTOMOBILE - 2019-06-01 00:00:00 - ERROR - STAT - expect_column_values_to_not_be_null - PLACE - correctly filled rate (%) - 73.41
2019-06-14 10:18:24,154 - VO - FR - AUTOMOBILE - 2019-06-01 00:00:00 - ERROR - STAT - expect_column_values_to_not_be_null - PORTE - correctly filled rate (%) - 75.21
2019-06-14 10:18:24,154 - VO - FR - AUTOMOBILE - 2019-06-01 00:00:00 - ERROR - FILE_CHECK - expect_column_values_to_be_in_type_list - PORTE - Wrong type for value: 4 on line 0 should be in ['int', 'float']
2019-06-14 10:18:24,154 - VO - FR - AUTOMOBILE - 2019-06-01 00:00:00 - ERROR - FILE_CHECK - expect_column_values_to_be_in_type_list - PORTE - Wrong type for value: 4 on line 1 should be in ['int', 'float']
2019-06-14 10:18:24,154 - VO - FR - AUTOMOBILE - 2019-06-01 00:00:00 - ERROR - FILE_CHECK - expect_column_values_to_be_in_type_list - PORTE - Wrong type for value: 2 on line 2 should be in ['int', 'float']
2019-06-14 10:18:24,155 - VO - FR - AUTOMOBILE - 2019-06-01 00:00:00 - ERROR - FILE_CHECK - expect_column_values_to_be_in_type_list - PORTE - Wrong type for value: 4 on line 3 should be in ['int', 'float']
2019-06-14 10:18:24,155 - VO - FR - AUTOMOBILE - 2019-06-01 00:00:00 - ERROR - FILE_CHECK - expect_column_values_to_be_in_type_list - PORTE - Wrong type for value: 4 on line 4 should be in ['int', 'float']
2019-06-14 10:18:24,155 - VO - FR - AUTOMOBILE - 2019-06-01 00:00:00 - ERROR - FILE_CHECK - expect_column_values_to_be_in_type_list - PORTE - Wrong type for value: 4 on line 5 should be in ['int', 'float']
2019-06-14 10:18:24,155 - VO - FR - AUTOMOBILE - 2019-06-01 00:00:00 - ERROR - FILE_CHECK - expect_column_values_to_be_in_type_list - PORTE - Wrong type for value: 2 on line 6 should be in ['int', 'float']
2019-06-14 10:18:24,155 - VO - FR - AUTOMOBILE - 2019-06-01 00:00:00 - ERROR - FILE_CHECK - expect_column_values_to_be_in_type_list - PORTE - Wrong type for value: 2 on line 7 should be in ['int', 'float']
2019-06-14 10:18:24,155 - VO - FR - AUTOMOBILE - 2019-06-01 00:00:00 - ERROR - FILE_CHECK - expect_column_values_to_be_in_type_list - PORTE - Wrong type for value: 4 on line 9 should be in ['int', 'float']
2019-06-14 10:18:24,155 - VO - FR - AUTOMOBILE - 2019-06-01 00:00:00 - ERROR - FILE_CHECK - expect_column_values_to_be_in_type_list - PORTE - Wrong type for value: 4 on line 10 should be in ['int', 'float']
2019-06-14 10:18:24,155 - VO - FR - AUTOMOBILE - 2019-06-01 00:00:00 - ERROR - FILE_CHECK - expect_column_values_to_be_in_type_list - PORTE - Wrong type for value: 4 on line 11 should be in ['int', 'float']
2019-06-14 10:18:24,155 - VO - FR - AUTOMOBILE - 2019-06-01 00:00:00 - ERROR - FILE_CHECK - expect_column_values_to_be_in_type_list - PORTE - Wrong type for value: 4 on line 12 should be in ['int', 'float']
2019-06-14 10:18:24,155 - VO - FR - AUTOMOBILE - 2019-06-01 00:00:00 - ERROR - FILE_CHECK - expect_column_values_to_be_in_type_list - PORTE - Wrong type for value: 4 on line 13 should be in ['int', 'float']
2019-06-14 10:18:24,155 - VO - FR - AUTOMOBILE - 2019-06-01 00:00:00 - ERROR - FILE_CHECK - expect_column_values_to_be_in_type_list - PORTE - Wrong type for value: 5 on line 14 should be in ['int', 'float']
2019-06-14 10:18:24,155 - VO - FR - AUTOMOBILE - 2019-06-01 00:00:00 - ERROR - FILE_CHECK - expect_column_values_to_be_in_type_list - PORTE - Wrong type for value: 5 on line 15 should be in ['int', 'float']
2019-06-14 10:18:24,155 - VO - FR - AUTOMOBILE - 2019-06-01 00:00:00 - ERROR - FILE_CHECK - expect_column_values_to_be_in_type_list - PORTE - Wrong type for value: 5 on line 16 should be in ['int', 'float']
2019-06-14 10:18:24,155 - VO - FR - AUTOMOBILE - 2019-06-01 00:00:00 - ERROR - FILE_CHECK - expect_column_values_to_be_in_type_list - PORTE - Wrong type for value: 4 on line 17 should be in ['int', 'float']
2019-06-14 10:18:24,155 - VO - FR - AUTOMOBILE - 2019-06-01 00:00:00 - ERROR - FILE_CHECK - expect_column_values_to_be_in_type_list - PORTE - Wrong type for value: 2 on line 18 should be in ['int', 'float']
2019-06-14 10:18:24,155 - VO - FR - AUTOMOBILE - 2019-06-01 00:00:00 - ERROR - FILE_CHECK - expect_column_values_to_be_in_type_list - PORTE - Wrong type for value: 4 on line 19 should be in ['int', 'float']
2019-06-14 10:18:24,155 - VO - FR - AUTOMOBILE - 2019-06-01 00:00:00 - ERROR - FILE_CHECK - expect_column_values_to_be_in_type_list - PORTE - Wrong type for value: 5 on line 20 should be in ['int', 'float']
2019-06-14 10:18:24,155 - VO - FR - AUTOMOBILE - 2019-06-01 00:00:00 - ERROR - STAT - expect_column_values_to_be_in_type_list - PORTE - correctly filled rate (%) - 0.0
2019-06-14 10:18:24,156 - VO - FR - AUTOMOBILE - 2019-06-01 00:00:00 - ERROR - STAT - expect_column_values_to_be_in_type_list - PRIX - correctly filled rate (%) - 100.0
2019-06-14 10:18:24,156 - VO - FR - AUTOMOBILE - 2019-06-01 00:00:00 - ERROR - STAT - expect_column_values_to_not_be_null - PRIX - correctly filled rate (%) - 100.0
2019-06-14 10:18:24,156 - VO - FR - AUTOMOBILE - 2019-06-01 00:00:00 - ERROR - STAT - expect_column_values_to_not_be_null - PROVINCE - correctly filled rate (%) - 0.0
2019-06-14 10:18:24,156 - VO - FR - AUTOMOBILE - 2019-06-01 00:00:00 - ERROR - STAT - expect_column_values_to_not_be_null - SITE - correctly filled rate (%) - 100.0
2019-06-14 10:18:24,156 - VO - FR - AUTOMOBILE - 2019-06-01 00:00:00 - ERROR - STAT - expect_column_values_to_not_be_null - TELEPHONE - correctly filled rate (%) - 98.38
2019-06-14 10:18:24,156 - VO - FR - AUTOMOBILE - 2019-06-01 00:00:00 - ERROR - FILE_CHECK - expect_column_values_to_be_phone_number - TELEPHONE - Unexpected value: 468383934.0 on line 0, value should match a phone number format
2019-06-14 10:18:24,156 - VO - FR - AUTOMOBILE - 2019-06-01 00:00:00 - ERROR - FILE_CHECK - expect_column_values_to_be_phone_number - TELEPHONE - Unexpected value: 493395565.0 on line 2, value should match a phone number format
2019-06-14 10:18:24,156 - VO - FR - AUTOMOBILE - 2019-06-01 00:00:00 - ERROR - FILE_CHECK - expect_column_values_to_be_phone_number - TELEPHONE - Unexpected value: 610411114.0 on line 3, value should match a phone number format
2019-06-14 10:18:24,156 - VO - FR - AUTOMOBILE - 2019-06-01 00:00:00 - ERROR - FILE_CHECK - expect_column_values_to_be_phone_number - TELEPHONE - Unexpected value: 468941414.0 on line 4, value should match a phone number format
2019-06-14 10:18:24,156 - VO - FR - AUTOMOBILE - 2019-06-01 00:00:00 - ERROR - FILE_CHECK - expect_column_values_to_be_phone_number - TELEPHONE - Unexpected value: 142184897.0 on line 5, value should match a phone number format
2019-06-14 10:18:24,156 - VO - FR - AUTOMOBILE - 2019-06-01 00:00:00 - ERROR - FILE_CHECK - expect_column_values_to_be_phone_number - TELEPHONE - Unexpected value: 565483797.0 on line 6, value should match a phone number format
2019-06-14 10:18:24,156 - VO - FR - AUTOMOBILE - 2019-06-01 00:00:00 - ERROR - FILE_CHECK - expect_column_values_to_be_phone_number - TELEPHONE - Unexpected value: 549796618.0 on line 8, value should match a phone number format
2019-06-14 10:18:24,156 - VO - FR - AUTOMOBILE - 2019-06-01 00:00:00 - ERROR - FILE_CHECK - expect_column_values_to_be_phone_number - TELEPHONE - Unexpected value: 148337150.0 on line 10, value should match a phone number format
2019-06-14 10:18:24,156 - VO - FR - AUTOMOBILE - 2019-06-01 00:00:00 - ERROR - FILE_CHECK - expect_column_values_to_be_phone_number - TELEPHONE - Unexpected value: 148337150.0 on line 12, value should match a phone number format
2019-06-14 10:18:24,156 - VO - FR - AUTOMOBILE - 2019-06-01 00:00:00 - ERROR - FILE_CHECK - expect_column_values_to_be_phone_number - TELEPHONE - Unexpected value: 622391562.0 on line 13, value should match a phone number format
2019-06-14 10:18:24,156 - VO - FR - AUTOMOBILE - 2019-06-01 00:00:00 - ERROR - FILE_CHECK - expect_column_values_to_be_phone_number - TELEPHONE - Unexpected value: 622391562.0 on line 14, value should match a phone number format
2019-06-14 10:18:24,156 - VO - FR - AUTOMOBILE - 2019-06-01 00:00:00 - ERROR - FILE_CHECK - expect_column_values_to_be_phone_number - TELEPHONE - Unexpected value: 608729757.0 on line 15, value should match a phone number format
2019-06-14 10:18:24,156 - VO - FR - AUTOMOBILE - 2019-06-01 00:00:00 - ERROR - FILE_CHECK - expect_column_values_to_be_phone_number - TELEPHONE - Unexpected value: 475611596.0 on line 16, value should match a phone number format
2019-06-14 10:18:24,157 - VO - FR - AUTOMOBILE - 2019-06-01 00:00:00 - ERROR - FILE_CHECK - expect_column_values_to_be_phone_number - TELEPHONE - Unexpected value: 148337150.0 on line 17, value should match a phone number format
2019-06-14 10:18:24,157 - VO - FR - AUTOMOBILE - 2019-06-01 00:00:00 - ERROR - FILE_CHECK - expect_column_values_to_be_phone_number - TELEPHONE - Unexpected value: 147209090.0 on line 18, value should match a phone number format
2019-06-14 10:18:24,157 - VO - FR - AUTOMOBILE - 2019-06-01 00:00:00 - ERROR - FILE_CHECK - expect_column_values_to_be_phone_number - TELEPHONE - Unexpected value: 477909091.0 on line 19, value should match a phone number format
2019-06-14 10:18:24,157 - VO - FR - AUTOMOBILE - 2019-06-01 00:00:00 - ERROR - FILE_CHECK - expect_column_values_to_be_phone_number - TELEPHONE - Unexpected value: 549796618.0 on line 20, value should match a phone number format
2019-06-14 10:18:24,157 - VO - FR - AUTOMOBILE - 2019-06-01 00:00:00 - ERROR - FILE_CHECK - expect_column_values_to_be_phone_number - TELEPHONE - Unexpected value: 148384454.0 on line 21, value should match a phone number format
2019-06-14 10:18:24,157 - VO - FR - AUTOMOBILE - 2019-06-01 00:00:00 - ERROR - FILE_CHECK - expect_column_values_to_be_phone_number - TELEPHONE - Unexpected value: 467683134.0 on line 22, value should match a phone number format
2019-06-14 10:18:24,157 - VO - FR - AUTOMOBILE - 2019-06-01 00:00:00 - ERROR - FILE_CHECK - expect_column_values_to_be_phone_number - TELEPHONE - Unexpected value: 4901726868866.0 on line 23, value should match a phone number format
2019-06-14 10:18:24,157 - VO - FR - AUTOMOBILE - 2019-06-01 00:00:00 - ERROR - STAT - expect_column_values_to_be_phone_number - TELEPHONE - correctly filled rate (%) - 0.03
2019-06-14 10:18:24,157 - VO - FR - AUTOMOBILE - 2019-06-01 00:00:00 - ERROR - STAT - expect_column_values_to_not_be_null - TYPE - correctly filled rate (%) - 100.0
2019-06-14 10:18:24,157 - VO - FR - AUTOMOBILE - 2019-06-01 00:00:00 - ERROR - STAT - expect_column_values_to_be_in_set_2 - TYPE - observed proportion - 100.0
2019-06-14 10:18:24,157 - VO - FR - AUTOMOBILE - 2019-06-01 00:00:00 - ERROR - STAT - expect_column_values_to_not_be_null - VILLE - correctly filled rate (%) - 100.0
2019-06-14 10:18:24,157 - VO - FR - AUTOMOBILE - 2019-06-01 00:00:00 - ERROR - STAT - expect_column_values_to_not_be_null - VN_IND - correctly filled rate (%) - 100.0
2019-06-14 10:18:24,157 - VO - FR - AUTOMOBILE - 2019-06-01 00:00:00 - ERROR - STAT - expect_column_values_to_be_in_set - VN_IND - correctly filled rate (%) - 100.0
2019-06-14 10:18:24,157 - VO - FR - AUTOMOBILE - 2019-06-01 00:00:00 - ERROR - STAT - expect_returning_row_count_on_conditions - DEALER_USEDCARS - total number of row with conditions - 3175
2019-06-14 10:18:24,157 - VO - FR - AUTOMOBILE - 2019-06-01 00:00:00 - ERROR - STAT - expect_returning_row_count_on_conditions - PRIVATE_USEDCARS - total number of row with conditions - 214
2019-06-14 10:18:24,157 - VO - FR - AUTOMOBILE - 2019-06-01 00:00:00 - ERROR - STAT - expect_returning_row_unique_count - MARQUE_CORRECTED - total number of unique rows - 80
2019-06-14 10:18:24,157 - VO - FR - AUTOMOBILE - 2019-06-01 00:00:00 - ERROR - STAT - expect_returning_row_unique_count - MODELE_CORRECTED - total number of unique rows - 521
2019-06-14 10:18:24,157 - VO - FR - AUTOMOBILE - 2019-06-01 00:00:00 - ERROR - STAT - expect_returning_row_unique_count - CARROSSERIE - total number of unique rows - 8
2019-06-14 10:18:24,158 - VO - FR - AUTOMOBILE - 2019-06-01 00:00:00 - ERROR - STAT - expect_returning_row_unique_count - CARBURANT - total number of unique rows - 9
2019-06-14 10:18:24,158 - VO - FR - AUTOMOBILE - 2019-06-01 00:00:00 - ERROR - STAT - expect_column_values_to_not_be_null - CYLINDRE - correctly filled rate (%) - 82.77
2019-06-14 10:18:24,158 - VO - FR - AUTOMOBILE - 2019-06-01 00:00:00 - ERROR - FILE_CHECK - expect_column_values_to_be_in_type_list - CYLINDRE - Wrong type for value: 3.6 on line 0 should be in ['int']
2019-06-14 10:18:24,158 - VO - FR - AUTOMOBILE - 2019-06-01 00:00:00 - ERROR - FILE_CHECK - expect_column_values_to_be_in_type_list - CYLINDRE - Wrong type for value: 1781.0 on line 1 should be in ['int']
2019-06-14 10:18:24,158 - VO - FR - AUTOMOBILE - 2019-06-01 00:00:00 - ERROR - FILE_CHECK - expect_column_values_to_be_in_type_list - CYLINDRE - Wrong type for value: 1461.0 on line 3 should be in ['int']
2019-06-14 10:18:24,158 - VO - FR - AUTOMOBILE - 2019-06-01 00:00:00 - ERROR - FILE_CHECK - expect_column_values_to_be_in_type_list - CYLINDRE - Wrong type for value: 4164.0 on line 4 should be in ['int']
2019-06-14 10:18:24,158 - VO - FR - AUTOMOBILE - 2019-06-01 00:00:00 - ERROR - FILE_CHECK - expect_column_values_to_be_in_type_list - CYLINDRE - Wrong type for value: 3993.0 on line 5 should be in ['int']
2019-06-14 10:18:24,158 - VO - FR - AUTOMOBILE - 2019-06-01 00:00:00 - ERROR - FILE_CHECK - expect_column_values_to_be_in_type_list - CYLINDRE - Wrong type for value: 1.4 on line 6 should be in ['int']
2019-06-14 10:18:24,158 - VO - FR - AUTOMOBILE - 2019-06-01 00:00:00 - ERROR - FILE_CHECK - expect_column_values_to_be_in_type_list - CYLINDRE - Wrong type for value: 1.4 on line 8 should be in ['int']
2019-06-14 10:18:24,158 - VO - FR - AUTOMOBILE - 2019-06-01 00:00:00 - ERROR - FILE_CHECK - expect_column_values_to_be_in_type_list - CYLINDRE - Wrong type for value: 2993.0 on line 9 should be in ['int']
2019-06-14 10:18:24,158 - VO - FR - AUTOMOBILE - 2019-06-01 00:00:00 - ERROR - FILE_CHECK - expect_column_values_to_be_in_type_list - CYLINDRE - Wrong type for value: 1.6 on line 10 should be in ['int']
2019-06-14 10:18:24,158 - VO - FR - AUTOMOBILE - 2019-06-01 00:00:00 - ERROR - FILE_CHECK - expect_column_values_to_be_in_type_list - CYLINDRE - Wrong type for value: 2671.0 on line 11 should be in ['int']
2019-06-14 10:18:24,158 - VO - FR - AUTOMOBILE - 2019-06-01 00:00:00 - ERROR - FILE_CHECK - expect_column_values_to_be_in_type_list - CYLINDRE - Wrong type for value: 1.3 on line 12 should be in ['int']
2019-06-14 10:18:24,158 - VO - FR - AUTOMOBILE - 2019-06-01 00:00:00 - ERROR - FILE_CHECK - expect_column_values_to_be_in_type_list - CYLINDRE - Wrong type for value: 2987.0 on line 13 should be in ['int']
2019-06-14 10:18:24,158 - VO - FR - AUTOMOBILE - 2019-06-01 00:00:00 - ERROR - FILE_CHECK - expect_column_values_to_be_in_type_list - CYLINDRE - Wrong type for value: 1598.0 on line 14 should be in ['int']
2019-06-14 10:18:24,158 - VO - FR - AUTOMOBILE - 2019-06-01 00:00:00 - ERROR - FILE_CHECK - expect_column_values_to_be_in_type_list - CYLINDRE - Wrong type for value: 1560.0 on line 15 should be in ['int']
2019-06-14 10:18:24,158 - VO - FR - AUTOMOBILE - 2019-06-01 00:00:00 - ERROR - FILE_CHECK - expect_column_values_to_be_in_type_list - CYLINDRE - Wrong type for value: 2.0 on line 16 should be in ['int']
2019-06-14 10:18:24,159 - VO - FR - AUTOMOBILE - 2019-06-01 00:00:00 - ERROR - FILE_CHECK - expect_column_values_to_be_in_type_list - CYLINDRE - Wrong type for value: 1560.0 on line 17 should be in ['int']
2019-06-14 10:18:24,159 - VO - FR - AUTOMOBILE - 2019-06-01 00:00:00 - ERROR - FILE_CHECK - expect_column_values_to_be_in_type_list - CYLINDRE - Wrong type for value: 6208.0 on line 18 should be in ['int']
2019-06-14 10:18:24,159 - VO - FR - AUTOMOBILE - 2019-06-01 00:00:00 - ERROR - FILE_CHECK - expect_column_values_to_be_in_type_list - CYLINDRE - Wrong type for value: 1.6 on line 19 should be in ['int']
2019-06-14 10:18:24,159 - VO - FR - AUTOMOBILE - 2019-06-01 00:00:00 - ERROR - FILE_CHECK - expect_column_values_to_be_in_type_list - CYLINDRE - Wrong type for value: 1.5 on line 20 should be in ['int']
2019-06-14 10:18:24,159 - VO - FR - AUTOMOBILE - 2019-06-01 00:00:00 - ERROR - FILE_CHECK - expect_column_values_to_be_in_type_list - CYLINDRE - Wrong type for value: 1995.0 on line 21 should be in ['int']
2019-06-14 10:18:24,159 - VO - FR - AUTOMOBILE - 2019-06-01 00:00:00 - ERROR - STAT - expect_column_values_to_be_in_type_list - CYLINDRE - correctly filled rate (%) - 0.0
2019-06-14 10:18:24,159 - VO - FR - AUTOMOBILE - 2019-06-01 00:00:00 - ERROR - STAT - expect_returning_row_unique_count - PROVINCE - total number of unique rows - 0
2019-06-14 10:18:24,159 - VO - FR - AUTOMOBILE - 2019-06-01 00:00:00 - ERROR - STAT - expect_returning_row_unique_count - VILLE - total number of unique rows - 272
2019-06-14 10:18:24,159 - VO - FR - AUTOMOBILE - 2019-06-01 00:00:00 - ERROR - STAT - expect_returning_row_unique_count - DEPARTEMENT - total number of unique rows - 72
