2019-06-07 14:54:54,927 - VO - BE - 2DEHANDS - 2019-03-01 00:00:00 - ERROR - STAT - expect_column_values_to_not_be_null - ADRESSE - correctly filled rate (%) - 0.0
2019-06-07 14:54:54,927 - VO - BE - 2DEHANDS - 2019-03-01 00:00:00 - ERROR - STAT - expect_column_values_to_be_in_type_list - ANNEE - correctly filled rate (%) - 100.0
2019-06-07 14:54:54,927 - VO - BE - 2DEHANDS - 2019-03-01 00:00:00 - ERROR - STAT - expect_column_values_to_be_between - ANNEE - correctly filled rate (%) - 95.95
2019-06-07 14:54:54,927 - VO - BE - 2DEHANDS - 2019-03-01 00:00:00 - ERROR - STAT - expect_column_values_to_not_be_null - ANNEE - correctly filled rate (%) - 100.0
2019-06-07 14:54:54,927 - VO - BE - 2DEHANDS - 2019-03-01 00:00:00 - ERROR - FILE_CHECK - expect_column_values_to_match_regex - ANNEE - Unexpected value: 2012.0 on line 0, value should match regexp ^[0-9]{4}$
2019-06-07 14:54:54,927 - VO - BE - 2DEHANDS - 2019-03-01 00:00:00 - ERROR - FILE_CHECK - expect_column_values_to_match_regex - ANNEE - Unexpected value: 2006.0 on line 1, value should match regexp ^[0-9]{4}$
2019-06-07 14:54:54,927 - VO - BE - 2DEHANDS - 2019-03-01 00:00:00 - ERROR - FILE_CHECK - expect_column_values_to_match_regex - ANNEE - Unexpected value: 2005.0 on line 2, value should match regexp ^[0-9]{4}$
2019-06-07 14:54:54,928 - VO - BE - 2DEHANDS - 2019-03-01 00:00:00 - ERROR - FILE_CHECK - expect_column_values_to_match_regex - ANNEE - Unexpected value: 2006.0 on line 3, value should match regexp ^[0-9]{4}$
2019-06-07 14:54:54,928 - VO - BE - 2DEHANDS - 2019-03-01 00:00:00 - ERROR - FILE_CHECK - expect_column_values_to_match_regex - ANNEE - Unexpected value: 2013.0 on line 4, value should match regexp ^[0-9]{4}$
2019-06-07 14:54:54,928 - VO - BE - 2DEHANDS - 2019-03-01 00:00:00 - ERROR - FILE_CHECK - expect_column_values_to_match_regex - ANNEE - Unexpected value: 2016.0 on line 5, value should match regexp ^[0-9]{4}$
2019-06-07 14:54:54,928 - VO - BE - 2DEHANDS - 2019-03-01 00:00:00 - ERROR - FILE_CHECK - expect_column_values_to_match_regex - ANNEE - Unexpected value: 1999.0 on line 6, value should match regexp ^[0-9]{4}$
2019-06-07 14:54:54,928 - VO - BE - 2DEHANDS - 2019-03-01 00:00:00 - ERROR - FILE_CHECK - expect_column_values_to_match_regex - ANNEE - Unexpected value: 2016.0 on line 7, value should match regexp ^[0-9]{4}$
2019-06-07 14:54:54,928 - VO - BE - 2DEHANDS - 2019-03-01 00:00:00 - ERROR - FILE_CHECK - expect_column_values_to_match_regex - ANNEE - Unexpected value: 2016.0 on line 8, value should match regexp ^[0-9]{4}$
2019-06-07 14:54:54,928 - VO - BE - 2DEHANDS - 2019-03-01 00:00:00 - ERROR - FILE_CHECK - expect_column_values_to_match_regex - ANNEE - Unexpected value: 1977.0 on line 9, value should match regexp ^[0-9]{4}$
2019-06-07 14:54:54,928 - VO - BE - 2DEHANDS - 2019-03-01 00:00:00 - ERROR - FILE_CHECK - expect_column_values_to_match_regex - ANNEE - Unexpected value: 1989.0 on line 10, value should match regexp ^[0-9]{4}$
2019-06-07 14:54:54,928 - VO - BE - 2DEHANDS - 2019-03-01 00:00:00 - ERROR - FILE_CHECK - expect_column_values_to_match_regex - ANNEE - Unexpected value: 1990.0 on line 11, value should match regexp ^[0-9]{4}$
2019-06-07 14:54:54,928 - VO - BE - 2DEHANDS - 2019-03-01 00:00:00 - ERROR - FILE_CHECK - expect_column_values_to_match_regex - ANNEE - Unexpected value: 1970.0 on line 12, value should match regexp ^[0-9]{4}$
2019-06-07 14:54:54,928 - VO - BE - 2DEHANDS - 2019-03-01 00:00:00 - ERROR - FILE_CHECK - expect_column_values_to_match_regex - ANNEE - Unexpected value: 1988.0 on line 13, value should match regexp ^[0-9]{4}$
2019-06-07 14:54:54,928 - VO - BE - 2DEHANDS - 2019-03-01 00:00:00 - ERROR - FILE_CHECK - expect_column_values_to_match_regex - ANNEE - Unexpected value: 1951.0 on line 14, value should match regexp ^[0-9]{4}$
2019-06-07 14:54:54,928 - VO - BE - 2DEHANDS - 2019-03-01 00:00:00 - ERROR - FILE_CHECK - expect_column_values_to_match_regex - ANNEE - Unexpected value: 1992.0 on line 15, value should match regexp ^[0-9]{4}$
2019-06-07 14:54:54,928 - VO - BE - 2DEHANDS - 2019-03-01 00:00:00 - ERROR - FILE_CHECK - expect_column_values_to_match_regex - ANNEE - Unexpected value: 2009.0 on line 16, value should match regexp ^[0-9]{4}$
2019-06-07 14:54:54,928 - VO - BE - 2DEHANDS - 2019-03-01 00:00:00 - ERROR - FILE_CHECK - expect_column_values_to_match_regex - ANNEE - Unexpected value: 2010.0 on line 17, value should match regexp ^[0-9]{4}$
2019-06-07 14:54:54,928 - VO - BE - 2DEHANDS - 2019-03-01 00:00:00 - ERROR - FILE_CHECK - expect_column_values_to_match_regex - ANNEE - Unexpected value: 1986.0 on line 18, value should match regexp ^[0-9]{4}$
2019-06-07 14:54:54,928 - VO - BE - 2DEHANDS - 2019-03-01 00:00:00 - ERROR - FILE_CHECK - expect_column_values_to_match_regex - ANNEE - Unexpected value: 2006.0 on line 19, value should match regexp ^[0-9]{4}$
2019-06-07 14:54:54,928 - VO - BE - 2DEHANDS - 2019-03-01 00:00:00 - ERROR - STAT - expect_column_values_to_match_regex - ANNEE - correctly filled rate (%) - 0.0
2019-06-07 14:54:54,929 - VO - BE - 2DEHANDS - 2019-03-01 00:00:00 - ERROR - STAT - expect_column_values_to_not_be_null - ANNONCE_LINK - correctly filled rate (%) - 100.0
2019-06-07 14:54:54,929 - VO - BE - 2DEHANDS - 2019-03-01 00:00:00 - ERROR - FILE_CHECK - expect_column_values_to_be_unique - ANNONCE_LINK - Unexpected value: https://www.2dehands.be/bestelwagens-vrachtwagens/mercedes-benz/overige-modellen/location-r%C3%A9gie-camion-grue-container-130929226.html on line 0, value should be unique
2019-06-07 14:54:54,929 - VO - BE - 2DEHANDS - 2019-03-01 00:00:00 - ERROR - FILE_CHECK - expect_column_values_to_be_unique - ANNONCE_LINK - Unexpected value: https://www.2dehands.be/autos/opel/astra/astra-gtc-1-3-cdti-airco-leder-gps-pdc-bj-2006-177970508.html on line 1, value should be unique
2019-06-07 14:54:54,929 - VO - BE - 2DEHANDS - 2019-03-01 00:00:00 - ERROR - FILE_CHECK - expect_column_values_to_be_unique - ANNONCE_LINK - Unexpected value: https://www.2dehands.be/autos/chrysler/pt-cruiser/chrysler-pt-cruiser-2-2-crdi-180718025.html on line 2, value should be unique
2019-06-07 14:54:54,929 - VO - BE - 2DEHANDS - 2019-03-01 00:00:00 - ERROR - FILE_CHECK - expect_column_values_to_be_unique - ANNONCE_LINK - Unexpected value: https://www.2dehands.be/autos/chevrolet/overige-modellen/vends-pieces-kalos-182413452.html on line 3, value should be unique
2019-06-07 14:54:54,929 - VO - BE - 2DEHANDS - 2019-03-01 00:00:00 - ERROR - FILE_CHECK - expect_column_values_to_be_unique - ANNONCE_LINK - Unexpected value: https://www.2dehands.be/autos/opel/mokka/opel-mokka-183373947.html on line 4, value should be unique
2019-06-07 14:54:54,929 - VO - BE - 2DEHANDS - 2019-03-01 00:00:00 - ERROR - FILE_CHECK - expect_column_values_to_be_unique - ANNONCE_LINK - Unexpected value: https://www.2dehands.be/autos/dacia/sandero/dacia-sandero-0-9-tce-stepway-203697795.html on line 5, value should be unique
2019-06-07 14:54:54,929 - VO - BE - 2DEHANDS - 2019-03-01 00:00:00 - ERROR - FILE_CHECK - expect_column_values_to_be_unique - ANNONCE_LINK - Unexpected value: https://www.2dehands.be/autos/volkswagen/lupo/toutes-pi%C3%A8ces-detach%C3%A9es-volkswagen-lupo2001-203703785.html on line 6, value should be unique
2019-06-07 14:54:54,929 - VO - BE - 2DEHANDS - 2019-03-01 00:00:00 - ERROR - FILE_CHECK - expect_column_values_to_be_unique - ANNONCE_LINK - Unexpected value: https://www.2dehands.be/autos/overige-merken/overige-modellen/andere-dfsk-k-city-mpv-204103164.html on line 7, value should be unique
2019-06-07 14:54:54,929 - VO - BE - 2DEHANDS - 2019-03-01 00:00:00 - ERROR - FILE_CHECK - expect_column_values_to_be_unique - ANNONCE_LINK - Unexpected value: https://www.2dehands.be/autos/dacia/sandero/dacia-sandero-1-2i-ambiance-204103596.html on line 8, value should be unique
2019-06-07 14:54:54,929 - VO - BE - 2DEHANDS - 2019-03-01 00:00:00 - ERROR - FILE_CHECK - expect_column_values_to_be_unique - ANNONCE_LINK - Unexpected value: https://www.2dehands.be/autos/jaguar/xjs/jaguar-xjs-v12-oldtimer-204265063.html on line 9, value should be unique
2019-06-07 14:54:54,929 - VO - BE - 2DEHANDS - 2019-03-01 00:00:00 - ERROR - FILE_CHECK - expect_column_values_to_be_unique - ANNONCE_LINK - Unexpected value: https://www.2dehands.be/autos/jaguar/xjs/jaguar-xjs-v12-oldtimer-cabrio-204267644.html on line 10, value should be unique
2019-06-07 14:54:54,929 - VO - BE - 2DEHANDS - 2019-03-01 00:00:00 - ERROR - FILE_CHECK - expect_column_values_to_be_unique - ANNONCE_LINK - Unexpected value: https://www.2dehands.be/autos/austin/mini/mini-supercharged-204967574.html on line 11, value should be unique
2019-06-07 14:54:54,929 - VO - BE - 2DEHANDS - 2019-03-01 00:00:00 - ERROR - FILE_CHECK - expect_column_values_to_be_unique - ANNONCE_LINK - Unexpected value: https://www.2dehands.be/autos/volvo/overige-modellen/volvo-amazon-originele-fabriekstaat-208100604.html on line 12, value should be unique
2019-06-07 14:54:54,929 - VO - BE - 2DEHANDS - 2019-03-01 00:00:00 - ERROR - FILE_CHECK - expect_column_values_to_be_unique - ANNONCE_LINK - Unexpected value: https://www.2dehands.be/autos/renault/x-4/renault-r4-4444-214298242.html on line 13, value should be unique
2019-06-07 14:54:54,929 - VO - BE - 2DEHANDS - 2019-03-01 00:00:00 - ERROR - FILE_CHECK - expect_column_values_to_be_unique - ANNONCE_LINK - Unexpected value: https://www.2dehands.be/autos/simca/overige-modellen/voiture-ceremonie-%C3%A0-louer-pour-214460772.html on line 14, value should be unique
2019-06-07 14:54:54,929 - VO - BE - 2DEHANDS - 2019-03-01 00:00:00 - ERROR - FILE_CHECK - expect_column_values_to_be_unique - ANNONCE_LINK - Unexpected value: https://www.2dehands.be/autos/audi/80/audi-80-219337206.html on line 15, value should be unique
2019-06-07 14:54:54,929 - VO - BE - 2DEHANDS - 2019-03-01 00:00:00 - ERROR - FILE_CHECK - expect_column_values_to_be_unique - ANNONCE_LINK - Unexpected value: https://www.2dehands.be/autos/audi/a5/audi-s-line-20-tdi-219691796.html on line 16, value should be unique
2019-06-07 14:54:54,930 - VO - BE - 2DEHANDS - 2019-03-01 00:00:00 - ERROR - FILE_CHECK - expect_column_values_to_be_unique - ANNONCE_LINK - Unexpected value: https://www.2dehands.be/autos/nissan/navara/nissan-navara-automatique-full-2-5-221017422.html on line 17, value should be unique
2019-06-07 14:54:54,930 - VO - BE - 2DEHANDS - 2019-03-01 00:00:00 - ERROR - FILE_CHECK - expect_column_values_to_be_unique - ANNONCE_LINK - Unexpected value: https://www.2dehands.be/autos/pontiac/firebird/82-92-firebird-camaro-diagnose-222084881.html on line 18, value should be unique
2019-06-07 14:54:54,930 - VO - BE - 2DEHANDS - 2019-03-01 00:00:00 - ERROR - FILE_CHECK - expect_column_values_to_be_unique - ANNONCE_LINK - Unexpected value: https://www.2dehands.be/autos/citro%C3%ABn/xsara-picasso/citroen-xsara-picasso-222698563.html on line 19, value should be unique
2019-06-07 14:54:54,930 - VO - BE - 2DEHANDS - 2019-03-01 00:00:00 - ERROR - STAT - expect_column_values_to_be_unique - ANNONCE_LINK - observed proportion - 65.53
2019-06-07 14:54:54,930 - VO - BE - 2DEHANDS - 2019-03-01 00:00:00 - ERROR - STAT - expect_column_values_to_not_be_null - CARBURANT - correctly filled rate (%) - 98.28
2019-06-07 14:54:54,930 - VO - BE - 2DEHANDS - 2019-03-01 00:00:00 - ERROR - STAT - expect_column_values_to_not_be_null - CARROSSERIE - correctly filled rate (%) - 99.85
2019-06-07 14:54:54,930 - VO - BE - 2DEHANDS - 2019-03-01 00:00:00 - ERROR - STAT - expect_column_values_to_not_be_null - CP - correctly filled rate (%) - 0.0
2019-06-07 14:54:54,930 - VO - BE - 2DEHANDS - 2019-03-01 00:00:00 - ERROR - FILE_CHECK - expect_column_values_to_match_regex - CP - Unexpected value: particuliers on line 40863, value should match regexp [0-9]{4}
2019-06-07 14:54:54,930 - VO - BE - 2DEHANDS - 2019-03-01 00:00:00 - ERROR - STAT - expect_column_values_to_match_regex - CP - correctly filled rate (%) - 0.0
2019-06-07 14:54:54,930 - VO - BE - 2DEHANDS - 2019-03-01 00:00:00 - ERROR - STAT - expect_column_values_to_not_be_null - GARAGE_ID - correctly filled rate (%) - 99.86
2019-06-07 14:54:54,930 - VO - BE - 2DEHANDS - 2019-03-01 00:00:00 - ERROR - STAT - expect_column_values_to_not_be_null - ID_CLIENT - correctly filled rate (%) - 100.0
2019-06-07 14:54:54,930 - VO - BE - 2DEHANDS - 2019-03-01 00:00:00 - ERROR - FILE_CHECK - expect_column_values_to_be_unique - ID_CLIENT - Unexpected value: 130929226 on line 0, value should be unique
2019-06-07 14:54:54,930 - VO - BE - 2DEHANDS - 2019-03-01 00:00:00 - ERROR - FILE_CHECK - expect_column_values_to_be_unique - ID_CLIENT - Unexpected value: 177970508 on line 1, value should be unique
2019-06-07 14:54:54,930 - VO - BE - 2DEHANDS - 2019-03-01 00:00:00 - ERROR - FILE_CHECK - expect_column_values_to_be_unique - ID_CLIENT - Unexpected value: 180718025 on line 2, value should be unique
2019-06-07 14:54:54,930 - VO - BE - 2DEHANDS - 2019-03-01 00:00:00 - ERROR - FILE_CHECK - expect_column_values_to_be_unique - ID_CLIENT - Unexpected value: 182413452 on line 3, value should be unique
2019-06-07 14:54:54,930 - VO - BE - 2DEHANDS - 2019-03-01 00:00:00 - ERROR - FILE_CHECK - expect_column_values_to_be_unique - ID_CLIENT - Unexpected value: 183373947 on line 4, value should be unique
2019-06-07 14:54:54,930 - VO - BE - 2DEHANDS - 2019-03-01 00:00:00 - ERROR - FILE_CHECK - expect_column_values_to_be_unique - ID_CLIENT - Unexpected value: 203697795 on line 5, value should be unique
2019-06-07 14:54:54,931 - VO - BE - 2DEHANDS - 2019-03-01 00:00:00 - ERROR - FILE_CHECK - expect_column_values_to_be_unique - ID_CLIENT - Unexpected value: 203703785 on line 6, value should be unique
2019-06-07 14:54:54,931 - VO - BE - 2DEHANDS - 2019-03-01 00:00:00 - ERROR - FILE_CHECK - expect_column_values_to_be_unique - ID_CLIENT - Unexpected value: 204103164 on line 7, value should be unique
2019-06-07 14:54:54,931 - VO - BE - 2DEHANDS - 2019-03-01 00:00:00 - ERROR - FILE_CHECK - expect_column_values_to_be_unique - ID_CLIENT - Unexpected value: 204103596 on line 8, value should be unique
2019-06-07 14:54:54,931 - VO - BE - 2DEHANDS - 2019-03-01 00:00:00 - ERROR - FILE_CHECK - expect_column_values_to_be_unique - ID_CLIENT - Unexpected value: 204265063 on line 9, value should be unique
2019-06-07 14:54:54,931 - VO - BE - 2DEHANDS - 2019-03-01 00:00:00 - ERROR - FILE_CHECK - expect_column_values_to_be_unique - ID_CLIENT - Unexpected value: 204267644 on line 10, value should be unique
2019-06-07 14:54:54,931 - VO - BE - 2DEHANDS - 2019-03-01 00:00:00 - ERROR - FILE_CHECK - expect_column_values_to_be_unique - ID_CLIENT - Unexpected value: 204967574 on line 11, value should be unique
2019-06-07 14:54:54,931 - VO - BE - 2DEHANDS - 2019-03-01 00:00:00 - ERROR - FILE_CHECK - expect_column_values_to_be_unique - ID_CLIENT - Unexpected value: 208100604 on line 12, value should be unique
2019-06-07 14:54:54,931 - VO - BE - 2DEHANDS - 2019-03-01 00:00:00 - ERROR - FILE_CHECK - expect_column_values_to_be_unique - ID_CLIENT - Unexpected value: 214298242 on line 13, value should be unique
2019-06-07 14:54:54,931 - VO - BE - 2DEHANDS - 2019-03-01 00:00:00 - ERROR - FILE_CHECK - expect_column_values_to_be_unique - ID_CLIENT - Unexpected value: 214460772 on line 14, value should be unique
2019-06-07 14:54:54,931 - VO - BE - 2DEHANDS - 2019-03-01 00:00:00 - ERROR - FILE_CHECK - expect_column_values_to_be_unique - ID_CLIENT - Unexpected value: 219337206 on line 15, value should be unique
2019-06-07 14:54:54,931 - VO - BE - 2DEHANDS - 2019-03-01 00:00:00 - ERROR - FILE_CHECK - expect_column_values_to_be_unique - ID_CLIENT - Unexpected value: 219691796 on line 16, value should be unique
2019-06-07 14:54:54,931 - VO - BE - 2DEHANDS - 2019-03-01 00:00:00 - ERROR - FILE_CHECK - expect_column_values_to_be_unique - ID_CLIENT - Unexpected value: 221017422 on line 17, value should be unique
2019-06-07 14:54:54,931 - VO - BE - 2DEHANDS - 2019-03-01 00:00:00 - ERROR - FILE_CHECK - expect_column_values_to_be_unique - ID_CLIENT - Unexpected value: 222084881 on line 18, value should be unique
2019-06-07 14:54:54,931 - VO - BE - 2DEHANDS - 2019-03-01 00:00:00 - ERROR - FILE_CHECK - expect_column_values_to_be_unique - ID_CLIENT - Unexpected value: 222698563 on line 19, value should be unique
2019-06-07 14:54:54,931 - VO - BE - 2DEHANDS - 2019-03-01 00:00:00 - ERROR - STAT - expect_column_values_to_be_unique - ID_CLIENT - observed proportion - 64.52
2019-06-07 14:54:54,931 - VO - BE - 2DEHANDS - 2019-03-01 00:00:00 - ERROR - STAT - expect_returning_row_count - EVERY_COLUMNS - total number of rows - 196352
2019-06-07 14:54:54,931 - VO - BE - 2DEHANDS - 2019-03-01 00:00:00 - ERROR - STAT - expect_column_values_to_not_be_null - IMMAT - correctly filled rate (%) - 100.0
2019-06-07 14:54:54,932 - VO - BE - 2DEHANDS - 2019-03-01 00:00:00 - ERROR - STAT - expect_column_values_to_be_in_type_list - KM - correctly filled rate (%) - 95.83
2019-06-07 14:54:54,932 - VO - BE - 2DEHANDS - 2019-03-01 00:00:00 - ERROR - STAT - expect_column_values_to_not_be_null - KM - correctly filled rate (%) - 100.0
2019-06-07 14:54:54,932 - VO - BE - 2DEHANDS - 2019-03-01 00:00:00 - ERROR - STAT - expect_column_values_to_be_in_type_list - LITRE - correctly filled rate (%) - 100.0
2019-06-07 14:54:54,932 - VO - BE - 2DEHANDS - 2019-03-01 00:00:00 - ERROR - STAT - expect_column_values_to_not_be_null - LITRE - correctly filled rate (%) - 100.0
2019-06-07 14:54:54,932 - VO - BE - 2DEHANDS - 2019-03-01 00:00:00 - ERROR - STAT - expect_column_values_to_not_be_null - MARQUE - correctly filled rate (%) - 100.0
2019-06-07 14:54:54,932 - VO - BE - 2DEHANDS - 2019-03-01 00:00:00 - ERROR - STAT - expect_column_values_to_not_be_null - MODELE - correctly filled rate (%) - 99.86
2019-06-07 14:54:54,932 - VO - BE - 2DEHANDS - 2019-03-01 00:00:00 - ERROR - STAT - expect_column_values_to_not_be_null - MOIS - correctly filled rate (%) - 100.0
2019-06-07 14:54:54,932 - VO - BE - 2DEHANDS - 2019-03-01 00:00:00 - ERROR - FILE_CHECK - expect_column_values_to_be_between - MOIS - Unexpected value: 0.0 on line 916, value should be between 1 and 12
2019-06-07 14:54:54,932 - VO - BE - 2DEHANDS - 2019-03-01 00:00:00 - ERROR - FILE_CHECK - expect_column_values_to_be_between - MOIS - Unexpected value: 0.0 on line 1293, value should be between 1 and 12
2019-06-07 14:54:54,932 - VO - BE - 2DEHANDS - 2019-03-01 00:00:00 - ERROR - FILE_CHECK - expect_column_values_to_be_between - MOIS - Unexpected value: 0.0 on line 2791, value should be between 1 and 12
2019-06-07 14:54:54,932 - VO - BE - 2DEHANDS - 2019-03-01 00:00:00 - ERROR - FILE_CHECK - expect_column_values_to_be_between - MOIS - Unexpected value: 0.0 on line 3485, value should be between 1 and 12
2019-06-07 14:54:54,932 - VO - BE - 2DEHANDS - 2019-03-01 00:00:00 - ERROR - FILE_CHECK - expect_column_values_to_be_between - MOIS - Unexpected value: 0.0 on line 3727, value should be between 1 and 12
2019-06-07 14:54:54,932 - VO - BE - 2DEHANDS - 2019-03-01 00:00:00 - ERROR - FILE_CHECK - expect_column_values_to_be_between - MOIS - Unexpected value: 0.0 on line 5843, value should be between 1 and 12
2019-06-07 14:54:54,932 - VO - BE - 2DEHANDS - 2019-03-01 00:00:00 - ERROR - FILE_CHECK - expect_column_values_to_be_between - MOIS - Unexpected value: 0.0 on line 6973, value should be between 1 and 12
2019-06-07 14:54:54,932 - VO - BE - 2DEHANDS - 2019-03-01 00:00:00 - ERROR - FILE_CHECK - expect_column_values_to_be_between - MOIS - Unexpected value: 0.0 on line 7484, value should be between 1 and 12
2019-06-07 14:54:54,932 - VO - BE - 2DEHANDS - 2019-03-01 00:00:00 - ERROR - FILE_CHECK - expect_column_values_to_be_between - MOIS - Unexpected value: 0.0 on line 10317, value should be between 1 and 12
2019-06-07 14:54:54,932 - VO - BE - 2DEHANDS - 2019-03-01 00:00:00 - ERROR - FILE_CHECK - expect_column_values_to_be_between - MOIS - Unexpected value: 0.0 on line 10557, value should be between 1 and 12
2019-06-07 14:54:54,933 - VO - BE - 2DEHANDS - 2019-03-01 00:00:00 - ERROR - FILE_CHECK - expect_column_values_to_be_between - MOIS - Unexpected value: 0.0 on line 11503, value should be between 1 and 12
2019-06-07 14:54:54,933 - VO - BE - 2DEHANDS - 2019-03-01 00:00:00 - ERROR - FILE_CHECK - expect_column_values_to_be_between - MOIS - Unexpected value: 0.0 on line 12286, value should be between 1 and 12
2019-06-07 14:54:54,933 - VO - BE - 2DEHANDS - 2019-03-01 00:00:00 - ERROR - FILE_CHECK - expect_column_values_to_be_between - MOIS - Unexpected value: 0.0 on line 14161, value should be between 1 and 12
2019-06-07 14:54:54,933 - VO - BE - 2DEHANDS - 2019-03-01 00:00:00 - ERROR - FILE_CHECK - expect_column_values_to_be_between - MOIS - Unexpected value: 0.0 on line 14405, value should be between 1 and 12
2019-06-07 14:54:54,933 - VO - BE - 2DEHANDS - 2019-03-01 00:00:00 - ERROR - FILE_CHECK - expect_column_values_to_be_between - MOIS - Unexpected value: 0.0 on line 14416, value should be between 1 and 12
2019-06-07 14:54:54,933 - VO - BE - 2DEHANDS - 2019-03-01 00:00:00 - ERROR - FILE_CHECK - expect_column_values_to_be_between - MOIS - Unexpected value: 0.0 on line 14831, value should be between 1 and 12
2019-06-07 14:54:54,933 - VO - BE - 2DEHANDS - 2019-03-01 00:00:00 - ERROR - FILE_CHECK - expect_column_values_to_be_between - MOIS - Unexpected value: 0.0 on line 15564, value should be between 1 and 12
2019-06-07 14:54:54,933 - VO - BE - 2DEHANDS - 2019-03-01 00:00:00 - ERROR - FILE_CHECK - expect_column_values_to_be_between - MOIS - Unexpected value: 0.0 on line 15571, value should be between 1 and 12
2019-06-07 14:54:54,933 - VO - BE - 2DEHANDS - 2019-03-01 00:00:00 - ERROR - FILE_CHECK - expect_column_values_to_be_between - MOIS - Unexpected value: 0.0 on line 15697, value should be between 1 and 12
2019-06-07 14:54:54,933 - VO - BE - 2DEHANDS - 2019-03-01 00:00:00 - ERROR - FILE_CHECK - expect_column_values_to_be_between - MOIS - Unexpected value: 0.0 on line 15756, value should be between 1 and 12
2019-06-07 14:54:54,933 - VO - BE - 2DEHANDS - 2019-03-01 00:00:00 - ERROR - STAT - expect_column_values_to_be_between - MOIS - correctly filled rate (%) - 98.92
2019-06-07 14:54:54,933 - VO - BE - 2DEHANDS - 2019-03-01 00:00:00 - ERROR - FILE_CHECK - expect_column_values_to_match_regex - MOIS - Unexpected value: 1.0 on line 0, value should match regexp ^[0-9]{1,2}$
2019-06-07 14:54:54,933 - VO - BE - 2DEHANDS - 2019-03-01 00:00:00 - ERROR - FILE_CHECK - expect_column_values_to_match_regex - MOIS - Unexpected value: 1.0 on line 1, value should match regexp ^[0-9]{1,2}$
2019-06-07 14:54:54,933 - VO - BE - 2DEHANDS - 2019-03-01 00:00:00 - ERROR - FILE_CHECK - expect_column_values_to_match_regex - MOIS - Unexpected value: 3.0 on line 2, value should match regexp ^[0-9]{1,2}$
2019-06-07 14:54:54,933 - VO - BE - 2DEHANDS - 2019-03-01 00:00:00 - ERROR - FILE_CHECK - expect_column_values_to_match_regex - MOIS - Unexpected value: 6.0 on line 3, value should match regexp ^[0-9]{1,2}$
2019-06-07 14:54:54,933 - VO - BE - 2DEHANDS - 2019-03-01 00:00:00 - ERROR - FILE_CHECK - expect_column_values_to_match_regex - MOIS - Unexpected value: 3.0 on line 4, value should match regexp ^[0-9]{1,2}$
2019-06-07 14:54:54,933 - VO - BE - 2DEHANDS - 2019-03-01 00:00:00 - ERROR - FILE_CHECK - expect_column_values_to_match_regex - MOIS - Unexpected value: 3.0 on line 5, value should match regexp ^[0-9]{1,2}$
2019-06-07 14:54:54,934 - VO - BE - 2DEHANDS - 2019-03-01 00:00:00 - ERROR - FILE_CHECK - expect_column_values_to_match_regex - MOIS - Unexpected value: 9.0 on line 6, value should match regexp ^[0-9]{1,2}$
2019-06-07 14:54:54,934 - VO - BE - 2DEHANDS - 2019-03-01 00:00:00 - ERROR - FILE_CHECK - expect_column_values_to_match_regex - MOIS - Unexpected value: 3.0 on line 7, value should match regexp ^[0-9]{1,2}$
2019-06-07 14:54:54,934 - VO - BE - 2DEHANDS - 2019-03-01 00:00:00 - ERROR - FILE_CHECK - expect_column_values_to_match_regex - MOIS - Unexpected value: 3.0 on line 8, value should match regexp ^[0-9]{1,2}$
2019-06-07 14:54:54,934 - VO - BE - 2DEHANDS - 2019-03-01 00:00:00 - ERROR - FILE_CHECK - expect_column_values_to_match_regex - MOIS - Unexpected value: 6.0 on line 9, value should match regexp ^[0-9]{1,2}$
2019-06-07 14:54:54,934 - VO - BE - 2DEHANDS - 2019-03-01 00:00:00 - ERROR - FILE_CHECK - expect_column_values_to_match_regex - MOIS - Unexpected value: 5.0 on line 10, value should match regexp ^[0-9]{1,2}$
2019-06-07 14:54:54,934 - VO - BE - 2DEHANDS - 2019-03-01 00:00:00 - ERROR - FILE_CHECK - expect_column_values_to_match_regex - MOIS - Unexpected value: 1.0 on line 11, value should match regexp ^[0-9]{1,2}$
2019-06-07 14:54:54,934 - VO - BE - 2DEHANDS - 2019-03-01 00:00:00 - ERROR - FILE_CHECK - expect_column_values_to_match_regex - MOIS - Unexpected value: 5.0 on line 12, value should match regexp ^[0-9]{1,2}$
2019-06-07 14:54:54,934 - VO - BE - 2DEHANDS - 2019-03-01 00:00:00 - ERROR - FILE_CHECK - expect_column_values_to_match_regex - MOIS - Unexpected value: 1.0 on line 13, value should match regexp ^[0-9]{1,2}$
2019-06-07 14:54:54,934 - VO - BE - 2DEHANDS - 2019-03-01 00:00:00 - ERROR - FILE_CHECK - expect_column_values_to_match_regex - MOIS - Unexpected value: 7.0 on line 14, value should match regexp ^[0-9]{1,2}$
2019-06-07 14:54:54,934 - VO - BE - 2DEHANDS - 2019-03-01 00:00:00 - ERROR - FILE_CHECK - expect_column_values_to_match_regex - MOIS - Unexpected value: 1.0 on line 15, value should match regexp ^[0-9]{1,2}$
2019-06-07 14:54:54,934 - VO - BE - 2DEHANDS - 2019-03-01 00:00:00 - ERROR - FILE_CHECK - expect_column_values_to_match_regex - MOIS - Unexpected value: 9.0 on line 16, value should match regexp ^[0-9]{1,2}$
2019-06-07 14:54:54,934 - VO - BE - 2DEHANDS - 2019-03-01 00:00:00 - ERROR - FILE_CHECK - expect_column_values_to_match_regex - MOIS - Unexpected value: 4.0 on line 17, value should match regexp ^[0-9]{1,2}$
2019-06-07 14:54:54,934 - VO - BE - 2DEHANDS - 2019-03-01 00:00:00 - ERROR - FILE_CHECK - expect_column_values_to_match_regex - MOIS - Unexpected value: 1.0 on line 18, value should match regexp ^[0-9]{1,2}$
2019-06-07 14:54:54,934 - VO - BE - 2DEHANDS - 2019-03-01 00:00:00 - ERROR - FILE_CHECK - expect_column_values_to_match_regex - MOIS - Unexpected value: 1.0 on line 19, value should match regexp ^[0-9]{1,2}$
2019-06-07 14:54:54,934 - VO - BE - 2DEHANDS - 2019-03-01 00:00:00 - ERROR - STAT - expect_column_values_to_match_regex - MOIS - correctly filled rate (%) - 0.0
2019-06-07 14:54:54,934 - VO - BE - 2DEHANDS - 2019-03-01 00:00:00 - ERROR - STAT - expect_column_values_to_not_be_null - NOM - correctly filled rate (%) - 100.0
2019-06-07 14:54:54,934 - VO - BE - 2DEHANDS - 2019-03-01 00:00:00 - ERROR - FILE_CHECK - expect_column_value_lengths_to_be_between - NOM - Unexpected characters count of: [AUDI 80...] on line  15, value length should be between 10 and 255
2019-06-07 14:54:54,935 - VO - BE - 2DEHANDS - 2019-03-01 00:00:00 - ERROR - FILE_CHECK - expect_column_value_lengths_to_be_between - NOM - Unexpected characters count of: [fiat 126...] on line  73, value length should be between 10 and 255
2019-06-07 14:54:54,935 - VO - BE - 2DEHANDS - 2019-03-01 00:00:00 - ERROR - FILE_CHECK - expect_column_value_lengths_to_be_between - NOM - Unexpected characters count of: [Renault 9...] on line  83, value length should be between 10 and 255
2019-06-07 14:54:54,935 - VO - BE - 2DEHANDS - 2019-03-01 00:00:00 - ERROR - FILE_CHECK - expect_column_value_lengths_to_be_between - NOM - Unexpected characters count of: [G 250 D...] on line  107, value length should be between 10 and 255
2019-06-07 14:54:54,935 - VO - BE - 2DEHANDS - 2019-03-01 00:00:00 - ERROR - FILE_CHECK - expect_column_value_lengths_to_be_between - NOM - Unexpected characters count of: [AUTO...] on line  133, value length should be between 10 and 255
2019-06-07 14:54:54,935 - VO - BE - 2DEHANDS - 2019-03-01 00:00:00 - ERROR - FILE_CHECK - expect_column_value_lengths_to_be_between - NOM - Unexpected characters count of: [R5gtturbo...] on line  136, value length should be between 10 and 255
2019-06-07 14:54:54,935 - VO - BE - 2DEHANDS - 2019-03-01 00:00:00 - ERROR - FILE_CHECK - expect_column_value_lengths_to_be_between - NOM - Unexpected characters count of: [Bmw 116D...] on line  146, value length should be between 10 and 255
2019-06-07 14:54:54,935 - VO - BE - 2DEHANDS - 2019-03-01 00:00:00 - ERROR - FILE_CHECK - expect_column_value_lengths_to_be_between - NOM - Unexpected characters count of: [auto golf...] on line  176, value length should be between 10 and 255
2019-06-07 14:54:54,935 - VO - BE - 2DEHANDS - 2019-03-01 00:00:00 - ERROR - FILE_CHECK - expect_column_value_lengths_to_be_between - NOM - Unexpected characters count of: [MG B GT...] on line  183, value length should be between 10 and 255
2019-06-07 14:54:54,935 - VO - BE - 2DEHANDS - 2019-03-01 00:00:00 - ERROR - FILE_CHECK - expect_column_value_lengths_to_be_between - NOM - Unexpected characters count of: [bmw 840ci...] on line  214, value length should be between 10 and 255
2019-06-07 14:54:54,935 - VO - BE - 2DEHANDS - 2019-03-01 00:00:00 - ERROR - FILE_CHECK - expect_column_value_lengths_to_be_between - NOM - Unexpected characters count of: [BMW 116...] on line  341, value length should be between 10 and 255
2019-06-07 14:54:54,935 - VO - BE - 2DEHANDS - 2019-03-01 00:00:00 - ERROR - FILE_CHECK - expect_column_value_lengths_to_be_between - NOM - Unexpected characters count of: [FIAT 126...] on line  371, value length should be between 10 and 255
2019-06-07 14:54:54,935 - VO - BE - 2DEHANDS - 2019-03-01 00:00:00 - ERROR - FILE_CHECK - expect_column_value_lengths_to_be_between - NOM - Unexpected characters count of: [twingo...] on line  417, value length should be between 10 and 255
2019-06-07 14:54:54,935 - VO - BE - 2DEHANDS - 2019-03-01 00:00:00 - ERROR - FILE_CHECK - expect_column_value_lengths_to_be_between - NOM - Unexpected characters count of: [GOLF 2...] on line  424, value length should be between 10 and 255
2019-06-07 14:54:54,935 - VO - BE - 2DEHANDS - 2019-03-01 00:00:00 - ERROR - FILE_CHECK - expect_column_value_lengths_to_be_between - NOM - Unexpected characters count of: [auto 4x4...] on line  705, value length should be between 10 and 255
2019-06-07 14:54:54,935 - VO - BE - 2DEHANDS - 2019-03-01 00:00:00 - ERROR - FILE_CHECK - expect_column_value_lengths_to_be_between - NOM - Unexpected characters count of: [Daihatsu...] on line  761, value length should be between 10 and 255
2019-06-07 14:54:54,935 - VO - BE - 2DEHANDS - 2019-03-01 00:00:00 - ERROR - FILE_CHECK - expect_column_value_lengths_to_be_between - NOM - Unexpected characters count of: [Mercedes...] on line  866, value length should be between 10 and 255
2019-06-07 14:54:54,935 - VO - BE - 2DEHANDS - 2019-03-01 00:00:00 - ERROR - FILE_CHECK - expect_column_value_lengths_to_be_between - NOM - Unexpected characters count of: [Embleem...] on line  1215, value length should be between 10 and 255
2019-06-07 14:54:54,935 - VO - BE - 2DEHANDS - 2019-03-01 00:00:00 - ERROR - FILE_CHECK - expect_column_value_lengths_to_be_between - NOM - Unexpected characters count of: [Bmw...] on line  1258, value length should be between 10 and 255
2019-06-07 14:54:54,936 - VO - BE - 2DEHANDS - 2019-03-01 00:00:00 - ERROR - FILE_CHECK - expect_column_value_lengths_to_be_between - NOM - Unexpected characters count of: [Volvo V50...] on line  1333, value length should be between 10 and 255
2019-06-07 14:54:54,936 - VO - BE - 2DEHANDS - 2019-03-01 00:00:00 - ERROR - STAT - expect_column_value_lengths_to_be_between - NOM - correctly filled rate (%) - 96.79
2019-06-07 14:54:54,936 - VO - BE - 2DEHANDS - 2019-03-01 00:00:00 - ERROR - STAT - expect_column_values_to_not_be_null - OPTIONS - correctly filled rate (%) - 100.0
2019-06-07 14:54:54,936 - VO - BE - 2DEHANDS - 2019-03-01 00:00:00 - ERROR - FILE_CHECK - expect_column_value_lengths_to_be_between - OPTIONS - Unexpected characters count of: [Location de camion g...] on line  0, value length should be between 0 and 255
2019-06-07 14:54:54,936 - VO - BE - 2DEHANDS - 2019-03-01 00:00:00 - ERROR - FILE_CHECK - expect_column_value_lengths_to_be_between - OPTIONS - Unexpected characters count of: [Wagen in zeer goede ...] on line  1, value length should be between 0 and 255
2019-06-07 14:54:54,936 - VO - BE - 2DEHANDS - 2019-03-01 00:00:00 - ERROR - FILE_CHECK - expect_column_value_lengths_to_be_between - OPTIONS - Unexpected characters count of: [roule bien, petite g...] on line  2, value length should be between 0 and 255
2019-06-07 14:54:54,936 - VO - BE - 2DEHANDS - 2019-03-01 00:00:00 - ERROR - FILE_CHECK - expect_column_value_lengths_to_be_between - OPTIONS - Unexpected characters count of: [a vendre pieces de k...] on line  3, value length should be between 0 and 255
2019-06-07 14:54:54,936 - VO - BE - 2DEHANDS - 2019-03-01 00:00:00 - ERROR - FILE_CHECK - expect_column_value_lengths_to_be_between - OPTIONS - Unexpected characters count of: [prachtig zilveren op...] on line  4, value length should be between 0 and 255
2019-06-07 14:54:54,936 - VO - BE - 2DEHANDS - 2019-03-01 00:00:00 - ERROR - FILE_CHECK - expect_column_value_lengths_to_be_between - OPTIONS - Unexpected characters count of: [nieuwe sandero stepw...] on line  5, value length should be between 0 and 255
2019-06-07 14:54:54,936 - VO - BE - 2DEHANDS - 2019-03-01 00:00:00 - ERROR - FILE_CHECK - expect_column_value_lengths_to_be_between - OPTIONS - Unexpected characters count of: [Pieces detachees VW ...] on line  6, value length should be between 0 and 255
2019-06-07 14:54:54,936 - VO - BE - 2DEHANDS - 2019-03-01 00:00:00 - ERROR - FILE_CHECK - expect_column_value_lengths_to_be_between - OPTIONS - Unexpected characters count of: [nieuwe dfsk city mpv...] on line  7, value length should be between 0 and 255
2019-06-07 14:54:54,936 - VO - BE - 2DEHANDS - 2019-03-01 00:00:00 - ERROR - FILE_CHECK - expect_column_value_lengths_to_be_between - OPTIONS - Unexpected characters count of: [zeer betrouwbaar en ...] on line  8, value length should be between 0 and 255
2019-06-07 14:54:54,936 - VO - BE - 2DEHANDS - 2019-03-01 00:00:00 - ERROR - FILE_CHECK - expect_column_value_lengths_to_be_between - OPTIONS - Unexpected characters count of: [jaguar XJS oldtimer ...] on line  9, value length should be between 0 and 255
2019-06-07 14:54:54,936 - VO - BE - 2DEHANDS - 2019-03-01 00:00:00 - ERROR - FILE_CHECK - expect_column_value_lengths_to_be_between - OPTIONS - Unexpected characters count of: [jaguar XJS V12 oltim...] on line  10, value length should be between 0 and 255
2019-06-07 14:54:54,936 - VO - BE - 2DEHANDS - 2019-03-01 00:00:00 - ERROR - FILE_CHECK - expect_column_value_lengths_to_be_between - OPTIONS - Unexpected characters count of: [Bonjour     Je mets ...] on line  11, value length should be between 0 and 255
2019-06-07 14:54:54,936 - VO - BE - 2DEHANDS - 2019-03-01 00:00:00 - ERROR - FILE_CHECK - expect_column_value_lengths_to_be_between - OPTIONS - Unexpected characters count of: [Geheel originele wag...] on line  12, value length should be between 0 and 255
2019-06-07 14:54:54,936 - VO - BE - 2DEHANDS - 2019-03-01 00:00:00 - ERROR - FILE_CHECK - expect_column_value_lengths_to_be_between - OPTIONS - Unexpected characters count of: [Renault R4 4L GEZOCH...] on line  13, value length should be between 0 and 255
2019-06-07 14:54:54,936 - VO - BE - 2DEHANDS - 2019-03-01 00:00:00 - ERROR - FILE_CHECK - expect_column_value_lengths_to_be_between - OPTIONS - Unexpected characters count of: [A louer BELLE VOITUR...] on line  14, value length should be between 0 and 255
2019-06-07 14:54:54,937 - VO - BE - 2DEHANDS - 2019-03-01 00:00:00 - ERROR - FILE_CHECK - expect_column_value_lengths_to_be_between - OPTIONS - Unexpected characters count of: [a vendre voiture com...] on line  15, value length should be between 0 and 255
2019-06-07 14:54:54,937 - VO - BE - 2DEHANDS - 2019-03-01 00:00:00 - ERROR - FILE_CHECK - expect_column_value_lengths_to_be_between - OPTIONS - Unexpected characters count of: [superbe etat        ...] on line  16, value length should be between 0 and 255
2019-06-07 14:54:54,937 - VO - BE - 2DEHANDS - 2019-03-01 00:00:00 - ERROR - FILE_CHECK - expect_column_value_lengths_to_be_between - OPTIONS - Unexpected characters count of: [achat   vente  echan...] on line  17, value length should be between 0 and 255
2019-06-07 14:54:54,937 - VO - BE - 2DEHANDS - 2019-03-01 00:00:00 - ERROR - FILE_CHECK - expect_column_value_lengths_to_be_between - OPTIONS - Unexpected characters count of: [Na 10 jaar ervaring ...] on line  18, value length should be between 0 and 255
2019-06-07 14:54:54,937 - VO - BE - 2DEHANDS - 2019-03-01 00:00:00 - ERROR - FILE_CHECK - expect_column_value_lengths_to_be_between - OPTIONS - Unexpected characters count of: [Citroen xsara picass...] on line  19, value length should be between 0 and 255
2019-06-07 14:54:54,937 - VO - BE - 2DEHANDS - 2019-03-01 00:00:00 - ERROR - STAT - expect_column_value_lengths_to_be_between - OPTIONS - correctly filled rate (%) - 0.17
2019-06-07 14:54:54,937 - VO - BE - 2DEHANDS - 2019-03-01 00:00:00 - ERROR - FILE_CHECK - expect_column_values_to_be_in_type_list - PHOTO - Wrong type for value: 2.0 on line 0 should be in ['int']
2019-06-07 14:54:54,937 - VO - BE - 2DEHANDS - 2019-03-01 00:00:00 - ERROR - FILE_CHECK - expect_column_values_to_be_in_type_list - PHOTO - Wrong type for value: 8.0 on line 1 should be in ['int']
2019-06-07 14:54:54,937 - VO - BE - 2DEHANDS - 2019-03-01 00:00:00 - ERROR - FILE_CHECK - expect_column_values_to_be_in_type_list - PHOTO - Wrong type for value: 6.0 on line 2 should be in ['int']
2019-06-07 14:54:54,937 - VO - BE - 2DEHANDS - 2019-03-01 00:00:00 - ERROR - FILE_CHECK - expect_column_values_to_be_in_type_list - PHOTO - Wrong type for value: 1.0 on line 3 should be in ['int']
2019-06-07 14:54:54,937 - VO - BE - 2DEHANDS - 2019-03-01 00:00:00 - ERROR - FILE_CHECK - expect_column_values_to_be_in_type_list - PHOTO - Wrong type for value: 4.0 on line 4 should be in ['int']
2019-06-07 14:54:54,937 - VO - BE - 2DEHANDS - 2019-03-01 00:00:00 - ERROR - FILE_CHECK - expect_column_values_to_be_in_type_list - PHOTO - Wrong type for value: 5.0 on line 5 should be in ['int']
2019-06-07 14:54:54,937 - VO - BE - 2DEHANDS - 2019-03-01 00:00:00 - ERROR - FILE_CHECK - expect_column_values_to_be_in_type_list - PHOTO - Wrong type for value: 7.0 on line 6 should be in ['int']
2019-06-07 14:54:54,937 - VO - BE - 2DEHANDS - 2019-03-01 00:00:00 - ERROR - FILE_CHECK - expect_column_values_to_be_in_type_list - PHOTO - Wrong type for value: 2.0 on line 7 should be in ['int']
2019-06-07 14:54:54,937 - VO - BE - 2DEHANDS - 2019-03-01 00:00:00 - ERROR - FILE_CHECK - expect_column_values_to_be_in_type_list - PHOTO - Wrong type for value: 8.0 on line 8 should be in ['int']
2019-06-07 14:54:54,937 - VO - BE - 2DEHANDS - 2019-03-01 00:00:00 - ERROR - FILE_CHECK - expect_column_values_to_be_in_type_list - PHOTO - Wrong type for value: 7.0 on line 9 should be in ['int']
2019-06-07 14:54:54,937 - VO - BE - 2DEHANDS - 2019-03-01 00:00:00 - ERROR - FILE_CHECK - expect_column_values_to_be_in_type_list - PHOTO - Wrong type for value: 8.0 on line 10 should be in ['int']
2019-06-07 14:54:54,937 - VO - BE - 2DEHANDS - 2019-03-01 00:00:00 - ERROR - FILE_CHECK - expect_column_values_to_be_in_type_list - PHOTO - Wrong type for value: 1.0 on line 11 should be in ['int']
2019-06-07 14:54:54,938 - VO - BE - 2DEHANDS - 2019-03-01 00:00:00 - ERROR - FILE_CHECK - expect_column_values_to_be_in_type_list - PHOTO - Wrong type for value: 24.0 on line 12 should be in ['int']
2019-06-07 14:54:54,938 - VO - BE - 2DEHANDS - 2019-03-01 00:00:00 - ERROR - FILE_CHECK - expect_column_values_to_be_in_type_list - PHOTO - Wrong type for value: 1.0 on line 13 should be in ['int']
2019-06-07 14:54:54,938 - VO - BE - 2DEHANDS - 2019-03-01 00:00:00 - ERROR - FILE_CHECK - expect_column_values_to_be_in_type_list - PHOTO - Wrong type for value: 6.0 on line 14 should be in ['int']
2019-06-07 14:54:54,938 - VO - BE - 2DEHANDS - 2019-03-01 00:00:00 - ERROR - FILE_CHECK - expect_column_values_to_be_in_type_list - PHOTO - Wrong type for value: 6.0 on line 15 should be in ['int']
2019-06-07 14:54:54,938 - VO - BE - 2DEHANDS - 2019-03-01 00:00:00 - ERROR - FILE_CHECK - expect_column_values_to_be_in_type_list - PHOTO - Wrong type for value: 0.0 on line 16 should be in ['int']
2019-06-07 14:54:54,938 - VO - BE - 2DEHANDS - 2019-03-01 00:00:00 - ERROR - FILE_CHECK - expect_column_values_to_be_in_type_list - PHOTO - Wrong type for value: 3.0 on line 17 should be in ['int']
2019-06-07 14:54:54,938 - VO - BE - 2DEHANDS - 2019-03-01 00:00:00 - ERROR - FILE_CHECK - expect_column_values_to_be_in_type_list - PHOTO - Wrong type for value: 21.0 on line 18 should be in ['int']
2019-06-07 14:54:54,938 - VO - BE - 2DEHANDS - 2019-03-01 00:00:00 - ERROR - FILE_CHECK - expect_column_values_to_be_in_type_list - PHOTO - Wrong type for value: 7.0 on line 19 should be in ['int']
2019-06-07 14:54:54,938 - VO - BE - 2DEHANDS - 2019-03-01 00:00:00 - ERROR - STAT - expect_column_values_to_be_in_type_list - PHOTO - correctly filled rate (%) - 0.0
2019-06-07 14:54:54,938 - VO - BE - 2DEHANDS - 2019-03-01 00:00:00 - ERROR - STAT - expect_column_values_to_not_be_null - PHOTO - correctly filled rate (%) - 100.0
2019-06-07 14:54:54,938 - VO - BE - 2DEHANDS - 2019-03-01 00:00:00 - ERROR - FILE_CHECK - expect_column_values_to_be_in_type_list - PLACE - Wrong type for value: 2.0 on line 187 should be in ['int']
2019-06-07 14:54:54,938 - VO - BE - 2DEHANDS - 2019-03-01 00:00:00 - ERROR - FILE_CHECK - expect_column_values_to_be_in_type_list - PLACE - Wrong type for value: 7.0 on line 226 should be in ['int']
2019-06-07 14:54:54,938 - VO - BE - 2DEHANDS - 2019-03-01 00:00:00 - ERROR - FILE_CHECK - expect_column_values_to_be_in_type_list - PLACE - Wrong type for value: 10.0 on line 227 should be in ['int']
2019-06-07 14:54:54,938 - VO - BE - 2DEHANDS - 2019-03-01 00:00:00 - ERROR - FILE_CHECK - expect_column_values_to_be_in_type_list - PLACE - Wrong type for value: 9.0 on line 237 should be in ['int']
2019-06-07 14:54:54,938 - VO - BE - 2DEHANDS - 2019-03-01 00:00:00 - ERROR - FILE_CHECK - expect_column_values_to_be_in_type_list - PLACE - Wrong type for value: 8.0 on line 320 should be in ['int']
2019-06-07 14:54:54,938 - VO - BE - 2DEHANDS - 2019-03-01 00:00:00 - ERROR - FILE_CHECK - expect_column_values_to_be_in_type_list - PLACE - Wrong type for value: 3.0 on line 364 should be in ['int']
2019-06-07 14:54:54,938 - VO - BE - 2DEHANDS - 2019-03-01 00:00:00 - ERROR - FILE_CHECK - expect_column_values_to_be_in_type_list - PLACE - Wrong type for value: 2.0 on line 419 should be in ['int']
2019-06-07 14:54:54,939 - VO - BE - 2DEHANDS - 2019-03-01 00:00:00 - ERROR - FILE_CHECK - expect_column_values_to_be_in_type_list - PLACE - Wrong type for value: 7.0 on line 486 should be in ['int']
2019-06-07 14:54:54,939 - VO - BE - 2DEHANDS - 2019-03-01 00:00:00 - ERROR - FILE_CHECK - expect_column_values_to_be_in_type_list - PLACE - Wrong type for value: 5.0 on line 505 should be in ['int']
2019-06-07 14:54:54,939 - VO - BE - 2DEHANDS - 2019-03-01 00:00:00 - ERROR - FILE_CHECK - expect_column_values_to_be_in_type_list - PLACE - Wrong type for value: 3.0 on line 772 should be in ['int']
2019-06-07 14:54:54,939 - VO - BE - 2DEHANDS - 2019-03-01 00:00:00 - ERROR - FILE_CHECK - expect_column_values_to_be_in_type_list - PLACE - Wrong type for value: 5.0 on line 781 should be in ['int']
2019-06-07 14:54:54,939 - VO - BE - 2DEHANDS - 2019-03-01 00:00:00 - ERROR - FILE_CHECK - expect_column_values_to_be_in_type_list - PLACE - Wrong type for value: 2.0 on line 812 should be in ['int']
2019-06-07 14:54:54,939 - VO - BE - 2DEHANDS - 2019-03-01 00:00:00 - ERROR - FILE_CHECK - expect_column_values_to_be_in_type_list - PLACE - Wrong type for value: 7.0 on line 820 should be in ['int']
2019-06-07 14:54:54,939 - VO - BE - 2DEHANDS - 2019-03-01 00:00:00 - ERROR - FILE_CHECK - expect_column_values_to_be_in_type_list - PLACE - Wrong type for value: 3.0 on line 856 should be in ['int']
2019-06-07 14:54:54,939 - VO - BE - 2DEHANDS - 2019-03-01 00:00:00 - ERROR - FILE_CHECK - expect_column_values_to_be_in_type_list - PLACE - Wrong type for value: 5.0 on line 948 should be in ['int']
2019-06-07 14:54:54,939 - VO - BE - 2DEHANDS - 2019-03-01 00:00:00 - ERROR - FILE_CHECK - expect_column_values_to_be_in_type_list - PLACE - Wrong type for value: 7.0 on line 950 should be in ['int']
2019-06-07 14:54:54,939 - VO - BE - 2DEHANDS - 2019-03-01 00:00:00 - ERROR - FILE_CHECK - expect_column_values_to_be_in_type_list - PLACE - Wrong type for value: 2.0 on line 955 should be in ['int']
2019-06-07 14:54:54,939 - VO - BE - 2DEHANDS - 2019-03-01 00:00:00 - ERROR - FILE_CHECK - expect_column_values_to_be_in_type_list - PLACE - Wrong type for value: 7.0 on line 1238 should be in ['int']
2019-06-07 14:54:54,939 - VO - BE - 2DEHANDS - 2019-03-01 00:00:00 - ERROR - FILE_CHECK - expect_column_values_to_be_in_type_list - PLACE - Wrong type for value: 3.0 on line 1389 should be in ['int']
2019-06-07 14:54:54,939 - VO - BE - 2DEHANDS - 2019-03-01 00:00:00 - ERROR - FILE_CHECK - expect_column_values_to_be_in_type_list - PLACE - Wrong type for value: 3.0 on line 1464 should be in ['int']
2019-06-07 14:54:54,939 - VO - BE - 2DEHANDS - 2019-03-01 00:00:00 - ERROR - STAT - expect_column_values_to_be_in_type_list - PLACE - correctly filled rate (%) - 0.0
2019-06-07 14:54:54,939 - VO - BE - 2DEHANDS - 2019-03-01 00:00:00 - ERROR - STAT - expect_column_values_to_not_be_null - PLACE - correctly filled rate (%) - 1.48
2019-06-07 14:54:54,939 - VO - BE - 2DEHANDS - 2019-03-01 00:00:00 - ERROR - STAT - expect_column_values_to_not_be_null - PORTE - correctly filled rate (%) - 0.0
2019-06-07 14:54:54,939 - VO - BE - 2DEHANDS - 2019-03-01 00:00:00 - ERROR - STAT - expect_column_values_to_be_in_type_list - PORTE - correctly filled rate (%) - 100.0
2019-06-07 14:54:54,939 - VO - BE - 2DEHANDS - 2019-03-01 00:00:00 - ERROR - STAT - expect_column_values_to_be_in_type_list - PRIX - correctly filled rate (%) - 95.83
2019-06-07 14:54:54,940 - VO - BE - 2DEHANDS - 2019-03-01 00:00:00 - ERROR - STAT - expect_column_values_to_not_be_null - PRIX - correctly filled rate (%) - 100.0
2019-06-07 14:54:54,940 - VO - BE - 2DEHANDS - 2019-03-01 00:00:00 - ERROR - STAT - expect_column_values_to_not_be_null - PROVINCE - correctly filled rate (%) - 0.0
2019-06-07 14:54:54,940 - VO - BE - 2DEHANDS - 2019-03-01 00:00:00 - ERROR - STAT - expect_column_values_to_not_be_null - SITE - correctly filled rate (%) - 100.0
2019-06-07 14:54:54,940 - VO - BE - 2DEHANDS - 2019-03-01 00:00:00 - ERROR - STAT - expect_column_values_to_not_be_null - TELEPHONE - correctly filled rate (%) - 88.61
2019-06-07 14:54:54,940 - VO - BE - 2DEHANDS - 2019-03-01 00:00:00 - ERROR - FILE_CHECK - expect_column_values_to_be_phone_number - TELEPHONE - Unexpected value: 473613088.0 on line 0, value should match a phone number format
2019-06-07 14:54:54,940 - VO - BE - 2DEHANDS - 2019-03-01 00:00:00 - ERROR - FILE_CHECK - expect_column_values_to_be_phone_number - TELEPHONE - Unexpected value: 475292163.0 on line 1, value should match a phone number format
2019-06-07 14:54:54,940 - VO - BE - 2DEHANDS - 2019-03-01 00:00:00 - ERROR - FILE_CHECK - expect_column_values_to_be_phone_number - TELEPHONE - Unexpected value: 495236236.0 on line 2, value should match a phone number format
2019-06-07 14:54:54,940 - VO - BE - 2DEHANDS - 2019-03-01 00:00:00 - ERROR - FILE_CHECK - expect_column_values_to_be_phone_number - TELEPHONE - Unexpected value: 475612632.0 on line 3, value should match a phone number format
2019-06-07 14:54:54,940 - VO - BE - 2DEHANDS - 2019-03-01 00:00:00 - ERROR - FILE_CHECK - expect_column_values_to_be_phone_number - TELEPHONE - Unexpected value: 499700559.0 on line 4, value should match a phone number format
2019-06-07 14:54:54,940 - VO - BE - 2DEHANDS - 2019-03-01 00:00:00 - ERROR - FILE_CHECK - expect_column_values_to_be_phone_number - TELEPHONE - Unexpected value: 475834128.0 on line 5, value should match a phone number format
2019-06-07 14:54:54,940 - VO - BE - 2DEHANDS - 2019-03-01 00:00:00 - ERROR - FILE_CHECK - expect_column_values_to_be_phone_number - TELEPHONE - Unexpected value: 495664343.0 on line 6, value should match a phone number format
2019-06-07 14:54:54,940 - VO - BE - 2DEHANDS - 2019-03-01 00:00:00 - ERROR - FILE_CHECK - expect_column_values_to_be_phone_number - TELEPHONE - Unexpected value: 475834128.0 on line 7, value should match a phone number format
2019-06-07 14:54:54,940 - VO - BE - 2DEHANDS - 2019-03-01 00:00:00 - ERROR - FILE_CHECK - expect_column_values_to_be_phone_number - TELEPHONE - Unexpected value: 475834128.0 on line 8, value should match a phone number format
2019-06-07 14:54:54,940 - VO - BE - 2DEHANDS - 2019-03-01 00:00:00 - ERROR - FILE_CHECK - expect_column_values_to_be_phone_number - TELEPHONE - Unexpected value: 498704333.0 on line 9, value should match a phone number format
2019-06-07 14:54:54,940 - VO - BE - 2DEHANDS - 2019-03-01 00:00:00 - ERROR - FILE_CHECK - expect_column_values_to_be_phone_number - TELEPHONE - Unexpected value: 498704333.0 on line 10, value should match a phone number format
2019-06-07 14:54:54,940 - VO - BE - 2DEHANDS - 2019-03-01 00:00:00 - ERROR - FILE_CHECK - expect_column_values_to_be_phone_number - TELEPHONE - Unexpected value: 485876644.0 on line 11, value should match a phone number format
2019-06-07 14:54:54,940 - VO - BE - 2DEHANDS - 2019-03-01 00:00:00 - ERROR - FILE_CHECK - expect_column_values_to_be_phone_number - TELEPHONE - Unexpected value: 488470885.0 on line 13, value should match a phone number format
2019-06-07 14:54:54,941 - VO - BE - 2DEHANDS - 2019-03-01 00:00:00 - ERROR - FILE_CHECK - expect_column_values_to_be_phone_number - TELEPHONE - Unexpected value: 477537411.0 on line 14, value should match a phone number format
2019-06-07 14:54:54,941 - VO - BE - 2DEHANDS - 2019-03-01 00:00:00 - ERROR - FILE_CHECK - expect_column_values_to_be_phone_number - TELEPHONE - Unexpected value: 472203394.0 on line 15, value should match a phone number format
2019-06-07 14:54:54,941 - VO - BE - 2DEHANDS - 2019-03-01 00:00:00 - ERROR - FILE_CHECK - expect_column_values_to_be_phone_number - TELEPHONE - Unexpected value: 485577024.0 on line 16, value should match a phone number format
2019-06-07 14:54:54,941 - VO - BE - 2DEHANDS - 2019-03-01 00:00:00 - ERROR - FILE_CHECK - expect_column_values_to_be_phone_number - TELEPHONE - Unexpected value: 475702392.0 on line 17, value should match a phone number format
2019-06-07 14:54:54,941 - VO - BE - 2DEHANDS - 2019-03-01 00:00:00 - ERROR - FILE_CHECK - expect_column_values_to_be_phone_number - TELEPHONE - Unexpected value: 476568315.0 on line 18, value should match a phone number format
2019-06-07 14:54:54,941 - VO - BE - 2DEHANDS - 2019-03-01 00:00:00 - ERROR - FILE_CHECK - expect_column_values_to_be_phone_number - TELEPHONE - Unexpected value: 484517227.0 on line 19, value should match a phone number format
2019-06-07 14:54:54,941 - VO - BE - 2DEHANDS - 2019-03-01 00:00:00 - ERROR - FILE_CHECK - expect_column_values_to_be_phone_number - TELEPHONE - Unexpected value: 489109610.0 on line 20, value should match a phone number format
2019-06-07 14:54:54,941 - VO - BE - 2DEHANDS - 2019-03-01 00:00:00 - ERROR - STAT - expect_column_values_to_be_phone_number - TELEPHONE - correctly filled rate (%) - 37.68
2019-06-07 14:54:54,941 - VO - BE - 2DEHANDS - 2019-03-01 00:00:00 - ERROR - STAT - expect_column_values_to_not_be_null - TYPE - correctly filled rate (%) - 100.0
2019-06-07 14:54:54,941 - VO - BE - 2DEHANDS - 2019-03-01 00:00:00 - ERROR - STAT - expect_column_values_to_be_in_set_2 - TYPE - observed proportion - 100.0
2019-06-07 14:54:54,941 - VO - BE - 2DEHANDS - 2019-03-01 00:00:00 - ERROR - STAT - expect_column_values_to_not_be_null - VILLE - correctly filled rate (%) - 100.0
2019-06-07 14:54:54,941 - VO - BE - 2DEHANDS - 2019-03-01 00:00:00 - ERROR - STAT - expect_column_values_to_not_be_null - VN_IND - correctly filled rate (%) - 100.0
2019-06-07 14:54:54,941 - VO - BE - 2DEHANDS - 2019-03-01 00:00:00 - ERROR - STAT - expect_column_values_to_be_in_set - VN_IND - correctly filled rate (%) - 100.0
2019-06-07 14:54:54,941 - VO - BE - 2DEHANDS - 2019-03-01 00:00:00 - ERROR - STAT - expect_returning_row_unique_count - MARQUE_CORRECTED - total number of unique rows - 153
2019-06-07 14:54:54,941 - VO - BE - 2DEHANDS - 2019-03-01 00:00:00 - ERROR - STAT - expect_returning_row_unique_count - MODELE_CORRECTED - total number of unique rows - 1457
2019-06-07 14:54:54,941 - VO - BE - 2DEHANDS - 2019-03-01 00:00:00 - ERROR - STAT - expect_returning_row_unique_count - CARROSSERIE - total number of unique rows - 15
2019-06-07 14:54:54,941 - VO - BE - 2DEHANDS - 2019-03-01 00:00:00 - ERROR - STAT - expect_returning_row_unique_count - CARBURANT - total number of unique rows - 9
2019-06-07 14:54:54,942 - VO - BE - 2DEHANDS - 2019-03-01 00:00:00 - ERROR - STAT - expect_column_values_to_not_be_null - CYLINDRE - correctly filled rate (%) - 0.0
2019-06-07 14:54:54,942 - VO - BE - 2DEHANDS - 2019-03-01 00:00:00 - ERROR - STAT - expect_returning_row_unique_count - PROVINCE - total number of unique rows - 0
2019-06-07 14:54:54,942 - VO - BE - 2DEHANDS - 2019-03-01 00:00:00 - ERROR - STAT - expect_returning_row_unique_count - VILLE - total number of unique rows - 2412
2019-06-07 14:54:54,942 - VO - BE - 2DEHANDS - 2019-03-01 00:00:00 - ERROR - STAT - expect_returning_row_unique_count - DEPARTEMENT - total number of unique rows - 13
2019-06-07 14:54:54,942 - VO - BE - 2DEHANDS - 2019-03-01 00:00:00 - ERROR - STAT - expect_returning_row_count_on_conditions - DEALER_USEDCARS - total number of row with conditions - 0
2019-06-07 14:54:54,942 - VO - BE - 2DEHANDS - 2019-03-01 00:00:00 - ERROR - STAT - expect_returning_row_count_on_conditions - PRIVATE_USEDCARS - total number of row with conditions - 0
2019-06-07 14:54:54,942 - VO - BE - 2DEHANDS - 2019-03-01 00:00:00 - ERROR - STAT - expect_returning_row_count_on_conditions - DEALER_NEWCARS - total number of row with conditions - 0
2019-06-07 14:54:54,942 - VO - BE - 2DEHANDS - 2019-03-01 00:00:00 - ERROR - STAT - expect_returning_row_unique_count - GARAGE_ID - total number of unique rows - 60446
