2019-07-02 09:51:36,265 - VO - CA - WHEELS - 2019-06-01 00:00:00 - ERROR - STAT - expect_column_values_to_not_be_null - ADRESSE - correctly filled rate (%) - 100.0
2019-07-02 09:51:36,265 - VO - CA - WHEELS - 2019-06-01 00:00:00 - ERROR - STAT - expect_column_values_to_be_in_type_list - ANNEE - correctly filled rate (%) - 100.0
2019-07-02 09:51:36,265 - VO - CA - WHEELS - 2019-06-01 00:00:00 - ERROR - STAT - expect_column_values_to_be_between - ANNEE - correctly filled rate (%) - 99.88
2019-07-02 09:51:36,265 - VO - CA - WHEELS - 2019-06-01 00:00:00 - ERROR - STAT - expect_column_values_to_not_be_null - ANNEE - correctly filled rate (%) - 100.0
2019-07-02 09:51:36,265 - VO - CA - WHEELS - 2019-06-01 00:00:00 - ERROR - STAT - expect_column_values_to_match_regex - ANNEE - correctly filled rate (%) - 100.0
2019-07-02 09:51:36,265 - VO - CA - WHEELS - 2019-06-01 00:00:00 - ERROR - STAT - expect_column_values_to_not_be_null - ANNONCE_LINK - correctly filled rate (%) - 100.0
2019-07-02 09:51:36,265 - VO - CA - WHEELS - 2019-06-01 00:00:00 - ERROR - STAT - expect_column_values_to_be_unique - ANNONCE_LINK - observed proportion - 100.0
2019-07-02 09:51:36,266 - VO - CA - WHEELS - 2019-06-01 00:00:00 - ERROR - STAT - expect_column_values_to_not_be_null - CARBURANT - correctly filled rate (%) - 0.14
2019-07-02 09:51:36,266 - VO - CA - WHEELS - 2019-06-01 00:00:00 - ERROR - STAT - expect_column_values_to_not_be_null - CARROSSERIE - correctly filled rate (%) - 0.0
2019-07-02 09:51:36,266 - VO - CA - WHEELS - 2019-06-01 00:00:00 - ERROR - STAT - expect_column_values_to_not_be_null - CP - correctly filled rate (%) - 100.0
2019-07-02 09:51:36,266 - VO - CA - WHEELS - 2019-06-01 00:00:00 - ERROR - STAT - expect_column_values_to_match_regex - CP - correctly filled rate (%) - 99.93
2019-07-02 09:51:36,266 - VO - CA - WHEELS - 2019-06-01 00:00:00 - ERROR - STAT - expect_column_values_to_not_be_null - GARAGE_ID - correctly filled rate (%) - 0.0
2019-07-02 09:51:36,266 - VO - CA - WHEELS - 2019-06-01 00:00:00 - ERROR - STAT - expect_column_values_to_not_be_null - ID_CLIENT - correctly filled rate (%) - 100.0
2019-07-02 09:51:36,266 - VO - CA - WHEELS - 2019-06-01 00:00:00 - ERROR - STAT - expect_column_values_to_be_unique - ID_CLIENT - observed proportion - 100.0
2019-07-02 09:51:36,266 - VO - CA - WHEELS - 2019-06-01 00:00:00 - ERROR - STAT - expect_returning_row_count - EVERY_COLUMNS - total number of rows - 40264
2019-07-02 09:51:36,266 - VO - CA - WHEELS - 2019-06-01 00:00:00 - ERROR - STAT - expect_column_values_to_not_be_null - IMMAT - correctly filled rate (%) - 100.0
2019-07-02 09:51:36,266 - VO - CA - WHEELS - 2019-06-01 00:00:00 - ERROR - STAT - expect_column_values_to_be_in_type_list - KM - correctly filled rate (%) - 100.0
2019-07-02 09:51:36,266 - VO - CA - WHEELS - 2019-06-01 00:00:00 - ERROR - STAT - expect_column_values_to_not_be_null - KM - correctly filled rate (%) - 100.0
2019-07-02 09:51:36,266 - VO - CA - WHEELS - 2019-06-01 00:00:00 - ERROR - STAT - expect_column_values_to_be_in_type_list - LITRE - correctly filled rate (%) - 100.0
2019-07-02 09:51:36,266 - VO - CA - WHEELS - 2019-06-01 00:00:00 - ERROR - STAT - expect_column_values_to_not_be_null - LITRE - correctly filled rate (%) - 100.0
2019-07-02 09:51:36,266 - VO - CA - WHEELS - 2019-06-01 00:00:00 - ERROR - STAT - expect_column_values_to_not_be_null - MARQUE - correctly filled rate (%) - 100.0
2019-07-02 09:51:36,266 - VO - CA - WHEELS - 2019-06-01 00:00:00 - ERROR - STAT - expect_column_values_to_not_be_null - MODELE - correctly filled rate (%) - 100.0
2019-07-02 09:51:36,266 - VO - CA - WHEELS - 2019-06-01 00:00:00 - ERROR - STAT - expect_column_values_to_not_be_null - MOIS - correctly filled rate (%) - 100.0
2019-07-02 09:51:36,266 - VO - CA - WHEELS - 2019-06-01 00:00:00 - ERROR - FILE_CHECK - expect_column_values_to_be_between - MOIS - Unexpected value: 0 on line 0, value should be between 1 and 12
2019-07-02 09:51:36,267 - VO - CA - WHEELS - 2019-06-01 00:00:00 - ERROR - FILE_CHECK - expect_column_values_to_be_between - MOIS - Unexpected value: 0 on line 1, value should be between 1 and 12
2019-07-02 09:51:36,267 - VO - CA - WHEELS - 2019-06-01 00:00:00 - ERROR - FILE_CHECK - expect_column_values_to_be_between - MOIS - Unexpected value: 0 on line 2, value should be between 1 and 12
2019-07-02 09:51:36,267 - VO - CA - WHEELS - 2019-06-01 00:00:00 - ERROR - FILE_CHECK - expect_column_values_to_be_between - MOIS - Unexpected value: 0 on line 3, value should be between 1 and 12
2019-07-02 09:51:36,267 - VO - CA - WHEELS - 2019-06-01 00:00:00 - ERROR - FILE_CHECK - expect_column_values_to_be_between - MOIS - Unexpected value: 0 on line 4, value should be between 1 and 12
2019-07-02 09:51:36,267 - VO - CA - WHEELS - 2019-06-01 00:00:00 - ERROR - FILE_CHECK - expect_column_values_to_be_between - MOIS - Unexpected value: 0 on line 5, value should be between 1 and 12
2019-07-02 09:51:36,267 - VO - CA - WHEELS - 2019-06-01 00:00:00 - ERROR - FILE_CHECK - expect_column_values_to_be_between - MOIS - Unexpected value: 0 on line 6, value should be between 1 and 12
2019-07-02 09:51:36,267 - VO - CA - WHEELS - 2019-06-01 00:00:00 - ERROR - FILE_CHECK - expect_column_values_to_be_between - MOIS - Unexpected value: 0 on line 7, value should be between 1 and 12
2019-07-02 09:51:36,267 - VO - CA - WHEELS - 2019-06-01 00:00:00 - ERROR - FILE_CHECK - expect_column_values_to_be_between - MOIS - Unexpected value: 0 on line 8, value should be between 1 and 12
2019-07-02 09:51:36,267 - VO - CA - WHEELS - 2019-06-01 00:00:00 - ERROR - FILE_CHECK - expect_column_values_to_be_between - MOIS - Unexpected value: 0 on line 9, value should be between 1 and 12
2019-07-02 09:51:36,267 - VO - CA - WHEELS - 2019-06-01 00:00:00 - ERROR - FILE_CHECK - expect_column_values_to_be_between - MOIS - Unexpected value: 0 on line 10, value should be between 1 and 12
2019-07-02 09:51:36,267 - VO - CA - WHEELS - 2019-06-01 00:00:00 - ERROR - FILE_CHECK - expect_column_values_to_be_between - MOIS - Unexpected value: 0 on line 11, value should be between 1 and 12
2019-07-02 09:51:36,267 - VO - CA - WHEELS - 2019-06-01 00:00:00 - ERROR - FILE_CHECK - expect_column_values_to_be_between - MOIS - Unexpected value: 0 on line 12, value should be between 1 and 12
2019-07-02 09:51:36,267 - VO - CA - WHEELS - 2019-06-01 00:00:00 - ERROR - FILE_CHECK - expect_column_values_to_be_between - MOIS - Unexpected value: 0 on line 13, value should be between 1 and 12
2019-07-02 09:51:36,267 - VO - CA - WHEELS - 2019-06-01 00:00:00 - ERROR - FILE_CHECK - expect_column_values_to_be_between - MOIS - Unexpected value: 0 on line 14, value should be between 1 and 12
2019-07-02 09:51:36,267 - VO - CA - WHEELS - 2019-06-01 00:00:00 - ERROR - FILE_CHECK - expect_column_values_to_be_between - MOIS - Unexpected value: 0 on line 15, value should be between 1 and 12
2019-07-02 09:51:36,267 - VO - CA - WHEELS - 2019-06-01 00:00:00 - ERROR - FILE_CHECK - expect_column_values_to_be_between - MOIS - Unexpected value: 0 on line 16, value should be between 1 and 12
2019-07-02 09:51:36,267 - VO - CA - WHEELS - 2019-06-01 00:00:00 - ERROR - FILE_CHECK - expect_column_values_to_be_between - MOIS - Unexpected value: 0 on line 17, value should be between 1 and 12
2019-07-02 09:51:36,267 - VO - CA - WHEELS - 2019-06-01 00:00:00 - ERROR - FILE_CHECK - expect_column_values_to_be_between - MOIS - Unexpected value: 0 on line 18, value should be between 1 and 12
2019-07-02 09:51:36,268 - VO - CA - WHEELS - 2019-06-01 00:00:00 - ERROR - FILE_CHECK - expect_column_values_to_be_between - MOIS - Unexpected value: 0 on line 19, value should be between 1 and 12
2019-07-02 09:51:36,268 - VO - CA - WHEELS - 2019-06-01 00:00:00 - ERROR - STAT - expect_column_values_to_be_between - MOIS - correctly filled rate (%) - 0.0
2019-07-02 09:51:36,268 - VO - CA - WHEELS - 2019-06-01 00:00:00 - ERROR - STAT - expect_column_values_to_match_regex - MOIS - correctly filled rate (%) - 100.0
2019-07-02 09:51:36,268 - VO - CA - WHEELS - 2019-06-01 00:00:00 - ERROR - STAT - expect_column_values_to_not_be_null - NOM - correctly filled rate (%) - 100.0
2019-07-02 09:51:36,268 - VO - CA - WHEELS - 2019-06-01 00:00:00 - ERROR - FILE_CHECK - expect_column_value_lengths_to_be_between - NOM - Unexpected characters count of: [1975 MG B...] on line  23054, value length should be between 10 and 255
2019-07-02 09:51:36,268 - VO - CA - WHEELS - 2019-06-01 00:00:00 - ERROR - STAT - expect_column_value_lengths_to_be_between - NOM - correctly filled rate (%) - 100.0
2019-07-02 09:51:36,268 - VO - CA - WHEELS - 2019-06-01 00:00:00 - ERROR - STAT - expect_column_values_to_not_be_null - OPTIONS - correctly filled rate (%) - 48.86
2019-07-02 09:51:36,268 - VO - CA - WHEELS - 2019-06-01 00:00:00 - ERROR - FILE_CHECK - expect_column_value_lengths_to_be_between - OPTIONS - Unexpected characters count of: [Credit problems? Div...] on line  5, value length should be between 0 and 255
2019-07-02 09:51:36,268 - VO - CA - WHEELS - 2019-06-01 00:00:00 - ERROR - FILE_CHECK - expect_column_value_lengths_to_be_between - OPTIONS - Unexpected characters count of: [Credit problems? Div...] on line  6, value length should be between 0 and 255
2019-07-02 09:51:36,268 - VO - CA - WHEELS - 2019-06-01 00:00:00 - ERROR - FILE_CHECK - expect_column_value_lengths_to_be_between - OPTIONS - Unexpected characters count of: [Credit problems? Div...] on line  7, value length should be between 0 and 255
2019-07-02 09:51:36,268 - VO - CA - WHEELS - 2019-06-01 00:00:00 - ERROR - FILE_CHECK - expect_column_value_lengths_to_be_between - OPTIONS - Unexpected characters count of: [Credit problems? Div...] on line  8, value length should be between 0 and 255
2019-07-02 09:51:36,268 - VO - CA - WHEELS - 2019-06-01 00:00:00 - ERROR - FILE_CHECK - expect_column_value_lengths_to_be_between - OPTIONS - Unexpected characters count of: [Credit problems? Div...] on line  9, value length should be between 0 and 255
2019-07-02 09:51:36,268 - VO - CA - WHEELS - 2019-06-01 00:00:00 - ERROR - FILE_CHECK - expect_column_value_lengths_to_be_between - OPTIONS - Unexpected characters count of: [Credit problems? Div...] on line  10, value length should be between 0 and 255
2019-07-02 09:51:36,268 - VO - CA - WHEELS - 2019-06-01 00:00:00 - ERROR - FILE_CHECK - expect_column_value_lengths_to_be_between - OPTIONS - Unexpected characters count of: [Credit problems? Div...] on line  11, value length should be between 0 and 255
2019-07-02 09:51:36,268 - VO - CA - WHEELS - 2019-06-01 00:00:00 - ERROR - FILE_CHECK - expect_column_value_lengths_to_be_between - OPTIONS - Unexpected characters count of: [Credit problems? Div...] on line  12, value length should be between 0 and 255
2019-07-02 09:51:36,269 - VO - CA - WHEELS - 2019-06-01 00:00:00 - ERROR - FILE_CHECK - expect_column_value_lengths_to_be_between - OPTIONS - Unexpected characters count of: [Credit problems? Div...] on line  13, value length should be between 0 and 255
2019-07-02 09:51:36,269 - VO - CA - WHEELS - 2019-06-01 00:00:00 - ERROR - FILE_CHECK - expect_column_value_lengths_to_be_between - OPTIONS - Unexpected characters count of: [Credit problems? Div...] on line  14, value length should be between 0 and 255
2019-07-02 09:51:36,269 - VO - CA - WHEELS - 2019-06-01 00:00:00 - ERROR - FILE_CHECK - expect_column_value_lengths_to_be_between - OPTIONS - Unexpected characters count of: [Credit problems? Div...] on line  15, value length should be between 0 and 255
2019-07-02 09:51:36,269 - VO - CA - WHEELS - 2019-06-01 00:00:00 - ERROR - FILE_CHECK - expect_column_value_lengths_to_be_between - OPTIONS - Unexpected characters count of: [Credit problems? Div...] on line  16, value length should be between 0 and 255
2019-07-02 09:51:36,269 - VO - CA - WHEELS - 2019-06-01 00:00:00 - ERROR - FILE_CHECK - expect_column_value_lengths_to_be_between - OPTIONS - Unexpected characters count of: [Credit problems? Div...] on line  17, value length should be between 0 and 255
2019-07-02 09:51:36,269 - VO - CA - WHEELS - 2019-06-01 00:00:00 - ERROR - FILE_CHECK - expect_column_value_lengths_to_be_between - OPTIONS - Unexpected characters count of: [Credit problems? Div...] on line  18, value length should be between 0 and 255
2019-07-02 09:51:36,269 - VO - CA - WHEELS - 2019-06-01 00:00:00 - ERROR - FILE_CHECK - expect_column_value_lengths_to_be_between - OPTIONS - Unexpected characters count of: [Credit problems? Div...] on line  19, value length should be between 0 and 255
2019-07-02 09:51:36,269 - VO - CA - WHEELS - 2019-06-01 00:00:00 - ERROR - FILE_CHECK - expect_column_value_lengths_to_be_between - OPTIONS - Unexpected characters count of: [Credit problems? Div...] on line  20, value length should be between 0 and 255
2019-07-02 09:51:36,269 - VO - CA - WHEELS - 2019-06-01 00:00:00 - ERROR - FILE_CHECK - expect_column_value_lengths_to_be_between - OPTIONS - Unexpected characters count of: [Credit problems? Div...] on line  21, value length should be between 0 and 255
2019-07-02 09:51:36,269 - VO - CA - WHEELS - 2019-06-01 00:00:00 - ERROR - FILE_CHECK - expect_column_value_lengths_to_be_between - OPTIONS - Unexpected characters count of: [Credit problems? Div...] on line  22, value length should be between 0 and 255
2019-07-02 09:51:36,269 - VO - CA - WHEELS - 2019-06-01 00:00:00 - ERROR - FILE_CHECK - expect_column_value_lengths_to_be_between - OPTIONS - Unexpected characters count of: [Credit problems? Div...] on line  23, value length should be between 0 and 255
2019-07-02 09:51:36,269 - VO - CA - WHEELS - 2019-06-01 00:00:00 - ERROR - FILE_CHECK - expect_column_value_lengths_to_be_between - OPTIONS - Unexpected characters count of: [Credit problems? Div...] on line  24, value length should be between 0 and 255
2019-07-02 09:51:36,269 - VO - CA - WHEELS - 2019-06-01 00:00:00 - ERROR - STAT - expect_column_value_lengths_to_be_between - OPTIONS - correctly filled rate (%) - 41.38
2019-07-02 09:51:36,269 - VO - CA - WHEELS - 2019-06-01 00:00:00 - ERROR - STAT - expect_column_values_to_be_in_type_list - PHOTO - correctly filled rate (%) - 100.0
2019-07-02 09:51:36,270 - VO - CA - WHEELS - 2019-06-01 00:00:00 - ERROR - STAT - expect_column_values_to_not_be_null - PHOTO - correctly filled rate (%) - 100.0
2019-07-02 09:51:36,270 - VO - CA - WHEELS - 2019-06-01 00:00:00 - ERROR - STAT - expect_column_values_to_not_be_null - PLACE - correctly filled rate (%) - 0.0
2019-07-02 09:51:36,270 - VO - CA - WHEELS - 2019-06-01 00:00:00 - ERROR - STAT - expect_column_values_to_not_be_null - PORTE - correctly filled rate (%) - 76.21
2019-07-02 09:51:36,270 - VO - CA - WHEELS - 2019-06-01 00:00:00 - ERROR - STAT - expect_column_values_to_be_in_type_list - PORTE - correctly filled rate (%) - 100.0
2019-07-02 09:51:36,270 - VO - CA - WHEELS - 2019-06-01 00:00:00 - ERROR - STAT - expect_column_values_to_be_in_type_list - PRIX - correctly filled rate (%) - 100.0
2019-07-02 09:51:36,270 - VO - CA - WHEELS - 2019-06-01 00:00:00 - ERROR - STAT - expect_column_values_to_not_be_null - PRIX - correctly filled rate (%) - 100.0
2019-07-02 09:51:36,270 - VO - CA - WHEELS - 2019-06-01 00:00:00 - ERROR - STAT - expect_column_values_to_not_be_null - PROVINCE - correctly filled rate (%) - 100.0
2019-07-02 09:51:36,270 - VO - CA - WHEELS - 2019-06-01 00:00:00 - ERROR - STAT - expect_column_values_to_not_be_null - SITE - correctly filled rate (%) - 100.0
2019-07-02 09:51:36,270 - VO - CA - WHEELS - 2019-06-01 00:00:00 - ERROR - STAT - expect_column_values_to_not_be_null - TELEPHONE - correctly filled rate (%) - 100.0
2019-07-02 09:51:36,270 - VO - CA - WHEELS - 2019-06-01 00:00:00 - ERROR - FILE_CHECK - expect_column_values_to_be_phone_number - TELEPHONE - Unexpected value: 8884499263.0 on line 0, value should match a phone number format
2019-07-02 09:51:36,270 - VO - CA - WHEELS - 2019-06-01 00:00:00 - ERROR - FILE_CHECK - expect_column_values_to_be_phone_number - TELEPHONE - Unexpected value: 8884499263.0 on line 1, value should match a phone number format
2019-07-02 09:51:36,270 - VO - CA - WHEELS - 2019-06-01 00:00:00 - ERROR - FILE_CHECK - expect_column_values_to_be_phone_number - TELEPHONE - Unexpected value: 8884499263.0 on line 2, value should match a phone number format
2019-07-02 09:51:36,270 - VO - CA - WHEELS - 2019-06-01 00:00:00 - ERROR - FILE_CHECK - expect_column_values_to_be_phone_number - TELEPHONE - Unexpected value: 8884300170.0 on line 3, value should match a phone number format
2019-07-02 09:51:36,270 - VO - CA - WHEELS - 2019-06-01 00:00:00 - ERROR - FILE_CHECK - expect_column_values_to_be_phone_number - TELEPHONE - Unexpected value: 8884300170.0 on line 4, value should match a phone number format
2019-07-02 09:51:36,270 - VO - CA - WHEELS - 2019-06-01 00:00:00 - ERROR - FILE_CHECK - expect_column_values_to_be_phone_number - TELEPHONE - Unexpected value: 8885690951.0 on line 5, value should match a phone number format
2019-07-02 09:51:36,270 - VO - CA - WHEELS - 2019-06-01 00:00:00 - ERROR - FILE_CHECK - expect_column_values_to_be_phone_number - TELEPHONE - Unexpected value: 8885690951.0 on line 6, value should match a phone number format
2019-07-02 09:51:36,270 - VO - CA - WHEELS - 2019-06-01 00:00:00 - ERROR - FILE_CHECK - expect_column_values_to_be_phone_number - TELEPHONE - Unexpected value: 8885690951.0 on line 7, value should match a phone number format
2019-07-02 09:51:36,270 - VO - CA - WHEELS - 2019-06-01 00:00:00 - ERROR - FILE_CHECK - expect_column_values_to_be_phone_number - TELEPHONE - Unexpected value: 8885690951.0 on line 8, value should match a phone number format
2019-07-02 09:51:36,271 - VO - CA - WHEELS - 2019-06-01 00:00:00 - ERROR - FILE_CHECK - expect_column_values_to_be_phone_number - TELEPHONE - Unexpected value: 8885690951.0 on line 9, value should match a phone number format
2019-07-02 09:51:36,271 - VO - CA - WHEELS - 2019-06-01 00:00:00 - ERROR - FILE_CHECK - expect_column_values_to_be_phone_number - TELEPHONE - Unexpected value: 8885690951.0 on line 10, value should match a phone number format
2019-07-02 09:51:36,271 - VO - CA - WHEELS - 2019-06-01 00:00:00 - ERROR - FILE_CHECK - expect_column_values_to_be_phone_number - TELEPHONE - Unexpected value: 8885690951.0 on line 11, value should match a phone number format
2019-07-02 09:51:36,271 - VO - CA - WHEELS - 2019-06-01 00:00:00 - ERROR - FILE_CHECK - expect_column_values_to_be_phone_number - TELEPHONE - Unexpected value: 8885690951.0 on line 12, value should match a phone number format
2019-07-02 09:51:36,271 - VO - CA - WHEELS - 2019-06-01 00:00:00 - ERROR - FILE_CHECK - expect_column_values_to_be_phone_number - TELEPHONE - Unexpected value: 8885690951.0 on line 13, value should match a phone number format
2019-07-02 09:51:36,271 - VO - CA - WHEELS - 2019-06-01 00:00:00 - ERROR - FILE_CHECK - expect_column_values_to_be_phone_number - TELEPHONE - Unexpected value: 8885690951.0 on line 14, value should match a phone number format
2019-07-02 09:51:36,271 - VO - CA - WHEELS - 2019-06-01 00:00:00 - ERROR - FILE_CHECK - expect_column_values_to_be_phone_number - TELEPHONE - Unexpected value: 8885690951.0 on line 15, value should match a phone number format
2019-07-02 09:51:36,271 - VO - CA - WHEELS - 2019-06-01 00:00:00 - ERROR - FILE_CHECK - expect_column_values_to_be_phone_number - TELEPHONE - Unexpected value: 8885690951.0 on line 16, value should match a phone number format
2019-07-02 09:51:36,271 - VO - CA - WHEELS - 2019-06-01 00:00:00 - ERROR - FILE_CHECK - expect_column_values_to_be_phone_number - TELEPHONE - Unexpected value: 8885690951.0 on line 17, value should match a phone number format
2019-07-02 09:51:36,271 - VO - CA - WHEELS - 2019-06-01 00:00:00 - ERROR - FILE_CHECK - expect_column_values_to_be_phone_number - TELEPHONE - Unexpected value: 8885690951.0 on line 18, value should match a phone number format
2019-07-02 09:51:36,271 - VO - CA - WHEELS - 2019-06-01 00:00:00 - ERROR - FILE_CHECK - expect_column_values_to_be_phone_number - TELEPHONE - Unexpected value: 8885690951.0 on line 19, value should match a phone number format
2019-07-02 09:51:36,271 - VO - CA - WHEELS - 2019-06-01 00:00:00 - ERROR - STAT - expect_column_values_to_be_phone_number - TELEPHONE - correctly filled rate (%) - 0.0
2019-07-02 09:51:36,271 - VO - CA - WHEELS - 2019-06-01 00:00:00 - ERROR - STAT - expect_column_values_to_not_be_null - TYPE - correctly filled rate (%) - 100.0
2019-07-02 09:51:36,271 - VO - CA - WHEELS - 2019-06-01 00:00:00 - ERROR - STAT - expect_column_values_to_be_in_set_2 - TYPE - observed proportion - 100.0
2019-07-02 09:51:36,271 - VO - CA - WHEELS - 2019-06-01 00:00:00 - ERROR - STAT - expect_column_values_to_not_be_null - VILLE - correctly filled rate (%) - 99.86
2019-07-02 09:51:36,271 - VO - CA - WHEELS - 2019-06-01 00:00:00 - ERROR - STAT - expect_column_values_to_not_be_null - VN_IND - correctly filled rate (%) - 100.0
2019-07-02 09:51:36,271 - VO - CA - WHEELS - 2019-06-01 00:00:00 - ERROR - STAT - expect_column_values_to_be_in_set - VN_IND - correctly filled rate (%) - 100.0
2019-07-02 09:51:36,271 - VO - CA - WHEELS - 2019-06-01 00:00:00 - ERROR - STAT - expect_returning_row_unique_count - MARQUE_CORRECTED - total number of unique rows - 54
2019-07-02 09:51:36,272 - VO - CA - WHEELS - 2019-06-01 00:00:00 - ERROR - STAT - expect_returning_row_unique_count - MODELE_CORRECTED - total number of unique rows - 488
2019-07-02 09:51:36,272 - VO - CA - WHEELS - 2019-06-01 00:00:00 - ERROR - STAT - expect_returning_row_unique_count - CARROSSERIE - total number of unique rows - 0
2019-07-02 09:51:36,272 - VO - CA - WHEELS - 2019-06-01 00:00:00 - ERROR - STAT - expect_returning_row_unique_count - CARBURANT - total number of unique rows - 1
2019-07-02 09:51:36,272 - VO - CA - WHEELS - 2019-06-01 00:00:00 - ERROR - STAT - expect_column_values_to_not_be_null - CYLINDRE - correctly filled rate (%) - 69.61
2019-07-02 09:51:36,272 - VO - CA - WHEELS - 2019-06-01 00:00:00 - ERROR - FILE_CHECK - expect_column_values_to_be_in_type_list - CYLINDRE - Wrong type for value: 6.0 on line 0 should be in ['int']
2019-07-02 09:51:36,272 - VO - CA - WHEELS - 2019-06-01 00:00:00 - ERROR - FILE_CHECK - expect_column_values_to_be_in_type_list - CYLINDRE - Wrong type for value: 4.0 on line 1 should be in ['int']
2019-07-02 09:51:36,272 - VO - CA - WHEELS - 2019-06-01 00:00:00 - ERROR - FILE_CHECK - expect_column_values_to_be_in_type_list - CYLINDRE - Wrong type for value: 4.0 on line 2 should be in ['int']
2019-07-02 09:51:36,272 - VO - CA - WHEELS - 2019-06-01 00:00:00 - ERROR - FILE_CHECK - expect_column_values_to_be_in_type_list - CYLINDRE - Wrong type for value: 4.0 on line 3 should be in ['int']
2019-07-02 09:51:36,272 - VO - CA - WHEELS - 2019-06-01 00:00:00 - ERROR - FILE_CHECK - expect_column_values_to_be_in_type_list - CYLINDRE - Wrong type for value: 4.0 on line 4 should be in ['int']
2019-07-02 09:51:36,272 - VO - CA - WHEELS - 2019-06-01 00:00:00 - ERROR - FILE_CHECK - expect_column_values_to_be_in_type_list - CYLINDRE - Wrong type for value: 4.0 on line 5 should be in ['int']
2019-07-02 09:51:36,272 - VO - CA - WHEELS - 2019-06-01 00:00:00 - ERROR - FILE_CHECK - expect_column_values_to_be_in_type_list - CYLINDRE - Wrong type for value: 4.0 on line 6 should be in ['int']
2019-07-02 09:51:36,272 - VO - CA - WHEELS - 2019-06-01 00:00:00 - ERROR - FILE_CHECK - expect_column_values_to_be_in_type_list - CYLINDRE - Wrong type for value: 4.0 on line 7 should be in ['int']
2019-07-02 09:51:36,272 - VO - CA - WHEELS - 2019-06-01 00:00:00 - ERROR - FILE_CHECK - expect_column_values_to_be_in_type_list - CYLINDRE - Wrong type for value: 4.0 on line 8 should be in ['int']
2019-07-02 09:51:36,272 - VO - CA - WHEELS - 2019-06-01 00:00:00 - ERROR - FILE_CHECK - expect_column_values_to_be_in_type_list - CYLINDRE - Wrong type for value: 4.0 on line 9 should be in ['int']
2019-07-02 09:51:36,272 - VO - CA - WHEELS - 2019-06-01 00:00:00 - ERROR - FILE_CHECK - expect_column_values_to_be_in_type_list - CYLINDRE - Wrong type for value: 4.0 on line 10 should be in ['int']
2019-07-02 09:51:36,272 - VO - CA - WHEELS - 2019-06-01 00:00:00 - ERROR - FILE_CHECK - expect_column_values_to_be_in_type_list - CYLINDRE - Wrong type for value: 6.0 on line 11 should be in ['int']
2019-07-02 09:51:36,272 - VO - CA - WHEELS - 2019-06-01 00:00:00 - ERROR - FILE_CHECK - expect_column_values_to_be_in_type_list - CYLINDRE - Wrong type for value: 8.0 on line 12 should be in ['int']
2019-07-02 09:51:36,272 - VO - CA - WHEELS - 2019-06-01 00:00:00 - ERROR - FILE_CHECK - expect_column_values_to_be_in_type_list - CYLINDRE - Wrong type for value: 6.0 on line 13 should be in ['int']
2019-07-02 09:51:36,273 - VO - CA - WHEELS - 2019-06-01 00:00:00 - ERROR - FILE_CHECK - expect_column_values_to_be_in_type_list - CYLINDRE - Wrong type for value: 6.0 on line 14 should be in ['int']
2019-07-02 09:51:36,273 - VO - CA - WHEELS - 2019-06-01 00:00:00 - ERROR - FILE_CHECK - expect_column_values_to_be_in_type_list - CYLINDRE - Wrong type for value: 4.0 on line 15 should be in ['int']
2019-07-02 09:51:36,273 - VO - CA - WHEELS - 2019-06-01 00:00:00 - ERROR - FILE_CHECK - expect_column_values_to_be_in_type_list - CYLINDRE - Wrong type for value: 4.0 on line 16 should be in ['int']
2019-07-02 09:51:36,273 - VO - CA - WHEELS - 2019-06-01 00:00:00 - ERROR - FILE_CHECK - expect_column_values_to_be_in_type_list - CYLINDRE - Wrong type for value: 4.0 on line 17 should be in ['int']
2019-07-02 09:51:36,273 - VO - CA - WHEELS - 2019-06-01 00:00:00 - ERROR - FILE_CHECK - expect_column_values_to_be_in_type_list - CYLINDRE - Wrong type for value: 4.0 on line 18 should be in ['int']
2019-07-02 09:51:36,273 - VO - CA - WHEELS - 2019-06-01 00:00:00 - ERROR - FILE_CHECK - expect_column_values_to_be_in_type_list - CYLINDRE - Wrong type for value: 6.0 on line 19 should be in ['int']
2019-07-02 09:51:36,273 - VO - CA - WHEELS - 2019-06-01 00:00:00 - ERROR - STAT - expect_column_values_to_be_in_type_list - CYLINDRE - correctly filled rate (%) - 0.0
2019-07-02 09:51:36,273 - VO - CA - WHEELS - 2019-06-01 00:00:00 - ERROR - STAT - expect_returning_row_unique_count - PROVINCE - total number of unique rows - 11
2019-07-02 09:51:36,273 - VO - CA - WHEELS - 2019-06-01 00:00:00 - ERROR - STAT - expect_returning_row_unique_count - VILLE - total number of unique rows - 281
2019-07-02 09:51:36,273 - VO - CA - WHEELS - 2019-06-01 00:00:00 - ERROR - STAT - expect_returning_row_unique_count - DEPARTEMENT - total number of unique rows - 0
2019-07-02 09:51:36,273 - VO - CA - WHEELS - 2019-06-01 00:00:00 - ERROR - STAT - expect_returning_row_count_on_conditions - DEALER_USEDCARS - total number of row with conditions - 40264
2019-07-02 09:51:36,273 - VO - CA - WHEELS - 2019-06-01 00:00:00 - ERROR - STAT - expect_returning_row_count_on_conditions - PRIVATE_USEDCARS - total number of row with conditions - 0
