2019-07-17 04:28:44,529 - IMMO - MX - SEGUNDAMANO - 2019-07-01 00:00:00 - ERROR - STAT - expect_column_values_to_not_be_null - ACHAT_LOC - correctly filled rate (%) - 100.0
2019-07-17 04:28:44,529 - IMMO - MX - SEGUNDAMANO - 2019-07-01 00:00:00 - ERROR - STAT - expect_column_values_to_be_in_set - ACHAT_LOC - correctly filled rate (%) - 98.13
2019-07-17 04:28:44,529 - IMMO - MX - SEGUNDAMANO - 2019-07-01 00:00:00 - ERROR - STAT - expect_column_values_to_not_be_null - ADRESSE - correctly filled rate (%) - 0.0
2019-07-17 04:28:44,529 - IMMO - MX - SEGUNDAMANO - 2019-07-01 00:00:00 - ERROR - STAT - expect_column_values_to_not_be_null - AGENCE_ADRESSE - correctly filled rate (%) - 0.0
2019-07-17 04:28:44,529 - IMMO - MX - SEGUNDAMANO - 2019-07-01 00:00:00 - ERROR - STAT - expect_column_values_to_not_be_null - AGENCE_CP - correctly filled rate (%) - 0.0
2019-07-17 04:28:44,530 - IMMO - MX - SEGUNDAMANO - 2019-07-01 00:00:00 - ERROR - STAT - expect_column_values_to_not_be_null - AGENCE_NOM - correctly filled rate (%) - 100.0
2019-07-17 04:28:44,530 - IMMO - MX - SEGUNDAMANO - 2019-07-01 00:00:00 - ERROR - STAT - expect_column_values_to_be_phone_number - AGENCE_TEL - correctly filled rate (%) - 99.68
2019-07-17 04:28:44,530 - IMMO - MX - SEGUNDAMANO - 2019-07-01 00:00:00 - ERROR - STAT - expect_column_values_to_not_be_null - AGENCE_TEL - correctly filled rate (%) - 96.97
2019-07-17 04:28:44,530 - IMMO - MX - SEGUNDAMANO - 2019-07-01 00:00:00 - ERROR - STAT - expect_column_values_to_not_be_null - AGENCE_VILLE - correctly filled rate (%) - 100.0
2019-07-17 04:28:44,530 - IMMO - MX - SEGUNDAMANO - 2019-07-01 00:00:00 - ERROR - STAT - expect_column_values_to_not_be_null - ANNONCE_DATE - correctly filled rate (%) - 100.0
2019-07-17 04:28:44,530 - IMMO - MX - SEGUNDAMANO - 2019-07-01 00:00:00 - ERROR - STAT - expect_column_values_to_not_be_null - ANNONCE_LINK - correctly filled rate (%) - 100.0
2019-07-17 04:28:44,530 - IMMO - MX - SEGUNDAMANO - 2019-07-01 00:00:00 - ERROR - STAT - expect_column_values_to_be_unique - ANNONCE_LINK - observed proportion - 100.0
2019-07-17 04:28:44,530 - IMMO - MX - SEGUNDAMANO - 2019-07-01 00:00:00 - ERROR - FILE_CHECK - expect_column_value_lengths_to_be_between - ANNONCE_TEXT - Unexpected characters count of: [SAL DE LA RUTINA Y D...] on line  0, value length should be between 0 and 255
2019-07-17 04:28:44,530 - IMMO - MX - SEGUNDAMANO - 2019-07-01 00:00:00 - ERROR - FILE_CHECK - expect_column_value_lengths_to_be_between - ANNONCE_TEXT - Unexpected characters count of: [Hermosas oficinas en...] on line  2, value length should be between 0 and 255
2019-07-17 04:28:44,530 - IMMO - MX - SEGUNDAMANO - 2019-07-01 00:00:00 - ERROR - FILE_CHECK - expect_column_value_lengths_to_be_between - ANNONCE_TEXT - Unexpected characters count of: [Rento departamento f...] on line  3, value length should be between 0 and 255
2019-07-17 04:28:44,530 - IMMO - MX - SEGUNDAMANO - 2019-07-01 00:00:00 - ERROR - FILE_CHECK - expect_column_value_lengths_to_be_between - ANNONCE_TEXT - Unexpected characters count of: [Un desarrollo con pe...] on line  4, value length should be between 0 and 255
2019-07-17 04:28:44,530 - IMMO - MX - SEGUNDAMANO - 2019-07-01 00:00:00 - ERROR - FILE_CHECK - expect_column_value_lengths_to_be_between - ANNONCE_TEXT - Unexpected characters count of: [Reserva Serratón es ...] on line  5, value length should be between 0 and 255
2019-07-17 04:28:44,530 - IMMO - MX - SEGUNDAMANO - 2019-07-01 00:00:00 - ERROR - FILE_CHECK - expect_column_value_lengths_to_be_between - ANNONCE_TEXT - Unexpected characters count of: [Ref: NEX-10074 Casa ...] on line  6, value length should be between 0 and 255
2019-07-17 04:28:44,530 - IMMO - MX - SEGUNDAMANO - 2019-07-01 00:00:00 - ERROR - FILE_CHECK - expect_column_value_lengths_to_be_between - ANNONCE_TEXT - Unexpected characters count of: [La Colonia Condesa e...] on line  7, value length should be between 0 and 255
2019-07-17 04:28:44,530 - IMMO - MX - SEGUNDAMANO - 2019-07-01 00:00:00 - ERROR - FILE_CHECK - expect_column_value_lengths_to_be_between - ANNONCE_TEXT - Unexpected characters count of: [¡APROVECHA, EXCELENT...] on line  9, value length should be between 0 and 255
2019-07-17 04:28:44,530 - IMMO - MX - SEGUNDAMANO - 2019-07-01 00:00:00 - ERROR - FILE_CHECK - expect_column_value_lengths_to_be_between - ANNONCE_TEXT - Unexpected characters count of: [Etapa de VENTA Reser...] on line  10, value length should be between 0 and 255
2019-07-17 04:28:44,531 - IMMO - MX - SEGUNDAMANO - 2019-07-01 00:00:00 - ERROR - FILE_CHECK - expect_column_value_lengths_to_be_between - ANNONCE_TEXT - Unexpected characters count of: [Ref: NEX-2891 Se ven...] on line  11, value length should be between 0 and 255
2019-07-17 04:28:44,531 - IMMO - MX - SEGUNDAMANO - 2019-07-01 00:00:00 - ERROR - FILE_CHECK - expect_column_value_lengths_to_be_between - ANNONCE_TEXT - Unexpected characters count of: [Se vende departament...] on line  12, value length should be between 0 and 255
2019-07-17 04:28:44,531 - IMMO - MX - SEGUNDAMANO - 2019-07-01 00:00:00 - ERROR - FILE_CHECK - expect_column_value_lengths_to_be_between - ANNONCE_TEXT - Unexpected characters count of: [Ref: NEX-8941 HERMOS...] on line  13, value length should be between 0 and 255
2019-07-17 04:28:44,531 - IMMO - MX - SEGUNDAMANO - 2019-07-01 00:00:00 - ERROR - FILE_CHECK - expect_column_value_lengths_to_be_between - ANNONCE_TEXT - Unexpected characters count of: [Casa amplia en Venta...] on line  14, value length should be between 0 and 255
2019-07-17 04:28:44,531 - IMMO - MX - SEGUNDAMANO - 2019-07-01 00:00:00 - ERROR - FILE_CHECK - expect_column_value_lengths_to_be_between - ANNONCE_TEXT - Unexpected characters count of: [Casa nueva en 2 nive...] on line  15, value length should be between 0 and 255
2019-07-17 04:28:44,531 - IMMO - MX - SEGUNDAMANO - 2019-07-01 00:00:00 - ERROR - FILE_CHECK - expect_column_value_lengths_to_be_between - ANNONCE_TEXT - Unexpected characters count of: [UBICACION PRIVILIGIA...] on line  16, value length should be between 0 and 255
2019-07-17 04:28:44,531 - IMMO - MX - SEGUNDAMANO - 2019-07-01 00:00:00 - ERROR - FILE_CHECK - expect_column_value_lengths_to_be_between - ANNONCE_TEXT - Unexpected characters count of: [Terreno en venta en ...] on line  19, value length should be between 0 and 255
2019-07-17 04:28:44,531 - IMMO - MX - SEGUNDAMANO - 2019-07-01 00:00:00 - ERROR - FILE_CHECK - expect_column_value_lengths_to_be_between - ANNONCE_TEXT - Unexpected characters count of: [¡ ATENCION DESARROLL...] on line  20, value length should be between 0 and 255
2019-07-17 04:28:44,531 - IMMO - MX - SEGUNDAMANO - 2019-07-01 00:00:00 - ERROR - FILE_CHECK - expect_column_value_lengths_to_be_between - ANNONCE_TEXT - Unexpected characters count of: [Ref: NEX-9819 Venta ...] on line  21, value length should be between 0 and 255
2019-07-17 04:28:44,531 - IMMO - MX - SEGUNDAMANO - 2019-07-01 00:00:00 - ERROR - FILE_CHECK - expect_column_value_lengths_to_be_between - ANNONCE_TEXT - Unexpected characters count of: [Locales comerciales ...] on line  22, value length should be between 0 and 255
2019-07-17 04:28:44,531 - IMMO - MX - SEGUNDAMANO - 2019-07-01 00:00:00 - ERROR - FILE_CHECK - expect_column_value_lengths_to_be_between - ANNONCE_TEXT - Unexpected characters count of: [Ref: NEX-9439 Venta ...] on line  24, value length should be between 0 and 255
2019-07-17 04:28:44,531 - IMMO - MX - SEGUNDAMANO - 2019-07-01 00:00:00 - ERROR - STAT - expect_column_value_lengths_to_be_between - ANNONCE_TEXT - correctly filled rate (%) - 23.68
2019-07-17 04:28:44,531 - IMMO - MX - SEGUNDAMANO - 2019-07-01 00:00:00 - ERROR - STAT - expect_column_values_to_not_be_null - ANNONCE_TEXT - correctly filled rate (%) - 100.0
2019-07-17 04:28:44,531 - IMMO - MX - SEGUNDAMANO - 2019-07-01 00:00:00 - ERROR - STAT - expect_column_values_to_not_be_null - CATEGORIE - correctly filled rate (%) - 100.0
2019-07-17 04:28:44,531 - IMMO - MX - SEGUNDAMANO - 2019-07-01 00:00:00 - ERROR - STAT - expect_column_values_to_not_be_null - CP - correctly filled rate (%) - 0.0
2019-07-17 04:28:44,531 - IMMO - MX - SEGUNDAMANO - 2019-07-01 00:00:00 - ERROR - STAT - expect_column_values_to_not_be_null - DEPARTEMENT - correctly filled rate (%) - 0.0
2019-07-17 04:28:44,531 - IMMO - MX - SEGUNDAMANO - 2019-07-01 00:00:00 - ERROR - STAT - expect_returning_row_count - EVERY_COLUMNS - total number of rows - 84013
2019-07-17 04:28:44,531 - IMMO - MX - SEGUNDAMANO - 2019-07-01 00:00:00 - ERROR - STAT - expect_column_values_to_not_be_null - ID_CLIENT - correctly filled rate (%) - 100.0
2019-07-17 04:28:44,532 - IMMO - MX - SEGUNDAMANO - 2019-07-01 00:00:00 - ERROR - STAT - expect_column_values_to_be_unique - ID_CLIENT - observed proportion - 100.0
2019-07-17 04:28:44,532 - IMMO - MX - SEGUNDAMANO - 2019-07-01 00:00:00 - ERROR - FILE_CHECK - expect_column_values_to_be_of_type - M2_TOTALE - Wrong type for value: 90.0 on line 1 should be int
2019-07-17 04:28:44,532 - IMMO - MX - SEGUNDAMANO - 2019-07-01 00:00:00 - ERROR - FILE_CHECK - expect_column_values_to_be_of_type - M2_TOTALE - Wrong type for value: 4.0 on line 2 should be int
2019-07-17 04:28:44,532 - IMMO - MX - SEGUNDAMANO - 2019-07-01 00:00:00 - ERROR - FILE_CHECK - expect_column_values_to_be_of_type - M2_TOTALE - Wrong type for value: 58.0 on line 4 should be int
2019-07-17 04:28:44,532 - IMMO - MX - SEGUNDAMANO - 2019-07-01 00:00:00 - ERROR - FILE_CHECK - expect_column_values_to_be_of_type - M2_TOTALE - Wrong type for value: 95.0 on line 5 should be int
2019-07-17 04:28:44,532 - IMMO - MX - SEGUNDAMANO - 2019-07-01 00:00:00 - ERROR - FILE_CHECK - expect_column_values_to_be_of_type - M2_TOTALE - Wrong type for value: 95.0 on line 6 should be int
2019-07-17 04:28:44,532 - IMMO - MX - SEGUNDAMANO - 2019-07-01 00:00:00 - ERROR - FILE_CHECK - expect_column_values_to_be_of_type - M2_TOTALE - Wrong type for value: 174.0 on line 7 should be int
2019-07-17 04:28:44,532 - IMMO - MX - SEGUNDAMANO - 2019-07-01 00:00:00 - ERROR - FILE_CHECK - expect_column_values_to_be_of_type - M2_TOTALE - Wrong type for value: 837.0 on line 8 should be int
2019-07-17 04:28:44,532 - IMMO - MX - SEGUNDAMANO - 2019-07-01 00:00:00 - ERROR - FILE_CHECK - expect_column_values_to_be_of_type - M2_TOTALE - Wrong type for value: 1.0 on line 9 should be int
2019-07-17 04:28:44,532 - IMMO - MX - SEGUNDAMANO - 2019-07-01 00:00:00 - ERROR - FILE_CHECK - expect_column_values_to_be_of_type - M2_TOTALE - Wrong type for value: 95.0 on line 10 should be int
2019-07-17 04:28:44,532 - IMMO - MX - SEGUNDAMANO - 2019-07-01 00:00:00 - ERROR - FILE_CHECK - expect_column_values_to_be_of_type - M2_TOTALE - Wrong type for value: 95.0 on line 11 should be int
2019-07-17 04:28:44,532 - IMMO - MX - SEGUNDAMANO - 2019-07-01 00:00:00 - ERROR - FILE_CHECK - expect_column_values_to_be_of_type - M2_TOTALE - Wrong type for value: 42.0 on line 12 should be int
2019-07-17 04:28:44,532 - IMMO - MX - SEGUNDAMANO - 2019-07-01 00:00:00 - ERROR - FILE_CHECK - expect_column_values_to_be_of_type - M2_TOTALE - Wrong type for value: 89.0 on line 13 should be int
2019-07-17 04:28:44,532 - IMMO - MX - SEGUNDAMANO - 2019-07-01 00:00:00 - ERROR - FILE_CHECK - expect_column_values_to_be_of_type - M2_TOTALE - Wrong type for value: 189.0 on line 14 should be int
2019-07-17 04:28:44,532 - IMMO - MX - SEGUNDAMANO - 2019-07-01 00:00:00 - ERROR - FILE_CHECK - expect_column_values_to_be_of_type - M2_TOTALE - Wrong type for value: 178.0 on line 15 should be int
2019-07-17 04:28:44,532 - IMMO - MX - SEGUNDAMANO - 2019-07-01 00:00:00 - ERROR - FILE_CHECK - expect_column_values_to_be_of_type - M2_TOTALE - Wrong type for value: 48.0 on line 16 should be int
2019-07-17 04:28:44,532 - IMMO - MX - SEGUNDAMANO - 2019-07-01 00:00:00 - ERROR - FILE_CHECK - expect_column_values_to_be_of_type - M2_TOTALE - Wrong type for value: 50.0 on line 17 should be int
2019-07-17 04:28:44,533 - IMMO - MX - SEGUNDAMANO - 2019-07-01 00:00:00 - ERROR - FILE_CHECK - expect_column_values_to_be_of_type - M2_TOTALE - Wrong type for value: 83.0 on line 18 should be int
2019-07-17 04:28:44,533 - IMMO - MX - SEGUNDAMANO - 2019-07-01 00:00:00 - ERROR - FILE_CHECK - expect_column_values_to_be_of_type - M2_TOTALE - Wrong type for value: 825.0 on line 19 should be int
2019-07-17 04:28:44,533 - IMMO - MX - SEGUNDAMANO - 2019-07-01 00:00:00 - ERROR - FILE_CHECK - expect_column_values_to_be_of_type - M2_TOTALE - Wrong type for value: 80000.0 on line 20 should be int
2019-07-17 04:28:44,533 - IMMO - MX - SEGUNDAMANO - 2019-07-01 00:00:00 - ERROR - FILE_CHECK - expect_column_values_to_be_of_type - M2_TOTALE - Wrong type for value: 110.0 on line 21 should be int
2019-07-17 04:28:44,533 - IMMO - MX - SEGUNDAMANO - 2019-07-01 00:00:00 - ERROR - STAT - expect_column_values_to_be_of_type - M2_TOTALE - correctly filled rate (%) - 0.0
2019-07-17 04:28:44,533 - IMMO - MX - SEGUNDAMANO - 2019-07-01 00:00:00 - ERROR - STAT - expect_column_values_to_not_be_null - M2_TOTALE - correctly filled rate (%) - 91.39
2019-07-17 04:28:44,533 - IMMO - MX - SEGUNDAMANO - 2019-07-01 00:00:00 - ERROR - STAT - expect_column_values_to_not_be_null - MAISON_APT - correctly filled rate (%) - 0.0
2019-07-17 04:28:44,533 - IMMO - MX - SEGUNDAMANO - 2019-07-01 00:00:00 - ERROR - STAT - expect_column_values_to_not_be_null - MINI_SITE_ID - correctly filled rate (%) - 65.7
2019-07-17 04:28:44,533 - IMMO - MX - SEGUNDAMANO - 2019-07-01 00:00:00 - ERROR - STAT - expect_column_values_to_not_be_null - NOM - correctly filled rate (%) - 100.0
2019-07-17 04:28:44,533 - IMMO - MX - SEGUNDAMANO - 2019-07-01 00:00:00 - ERROR - STAT - expect_column_value_lengths_to_be_between - NOM - correctly filled rate (%) - 100.0
2019-07-17 04:28:44,533 - IMMO - MX - SEGUNDAMANO - 2019-07-01 00:00:00 - ERROR - STAT - expect_column_values_to_not_be_null - PAYS_AD - correctly filled rate (%) - 0.0
2019-07-17 04:28:44,533 - IMMO - MX - SEGUNDAMANO - 2019-07-01 00:00:00 - ERROR - STAT - expect_column_values_to_not_be_null - PHOTO - correctly filled rate (%) - 100.0
2019-07-17 04:28:44,533 - IMMO - MX - SEGUNDAMANO - 2019-07-01 00:00:00 - ERROR - STAT - expect_column_values_to_be_in_type_list - PHOTO - correctly filled rate (%) - 100.0
2019-07-17 04:28:44,533 - IMMO - MX - SEGUNDAMANO - 2019-07-01 00:00:00 - ERROR - STAT - expect_column_values_to_not_be_null - PIECE - correctly filled rate (%) - 63.95
2019-07-17 04:28:44,533 - IMMO - MX - SEGUNDAMANO - 2019-07-01 00:00:00 - ERROR - STAT - expect_column_values_to_be_in_type_list - PIECE - correctly filled rate (%) - 100.0
2019-07-17 04:28:44,533 - IMMO - MX - SEGUNDAMANO - 2019-07-01 00:00:00 - ERROR - FILE_CHECK - expect_column_values_to_be_of_type - PRIX - Wrong type for value: 1500MXN on line 0 should be int
2019-07-17 04:28:44,534 - IMMO - MX - SEGUNDAMANO - 2019-07-01 00:00:00 - ERROR - FILE_CHECK - expect_column_values_to_be_of_type - PRIX - Wrong type for value: 890000MXN on line 1 should be int
2019-07-17 04:28:44,534 - IMMO - MX - SEGUNDAMANO - 2019-07-01 00:00:00 - ERROR - FILE_CHECK - expect_column_values_to_be_of_type - PRIX - Wrong type for value: 8000MXN on line 2 should be int
2019-07-17 04:28:44,534 - IMMO - MX - SEGUNDAMANO - 2019-07-01 00:00:00 - ERROR - FILE_CHECK - expect_column_values_to_be_of_type - PRIX - Wrong type for value: 1200MXN on line 3 should be int
2019-07-17 04:28:44,534 - IMMO - MX - SEGUNDAMANO - 2019-07-01 00:00:00 - ERROR - FILE_CHECK - expect_column_values_to_be_of_type - PRIX - Wrong type for value: 1650000MXN on line 4 should be int
2019-07-17 04:28:44,534 - IMMO - MX - SEGUNDAMANO - 2019-07-01 00:00:00 - ERROR - FILE_CHECK - expect_column_values_to_be_of_type - PRIX - Wrong type for value: 1337000MXN on line 5 should be int
2019-07-17 04:28:44,534 - IMMO - MX - SEGUNDAMANO - 2019-07-01 00:00:00 - ERROR - FILE_CHECK - expect_column_values_to_be_of_type - PRIX - Wrong type for value: 870000MXN on line 6 should be int
2019-07-17 04:28:44,534 - IMMO - MX - SEGUNDAMANO - 2019-07-01 00:00:00 - ERROR - FILE_CHECK - expect_column_values_to_be_of_type - PRIX - Wrong type for value: 13694600MXN on line 7 should be int
2019-07-17 04:28:44,534 - IMMO - MX - SEGUNDAMANO - 2019-07-01 00:00:00 - ERROR - FILE_CHECK - expect_column_values_to_be_of_type - PRIX - Wrong type for value: 12000000MXN on line 8 should be int
2019-07-17 04:28:44,534 - IMMO - MX - SEGUNDAMANO - 2019-07-01 00:00:00 - ERROR - FILE_CHECK - expect_column_values_to_be_of_type - PRIX - Wrong type for value: 1731240MXN on line 9 should be int
2019-07-17 04:28:44,534 - IMMO - MX - SEGUNDAMANO - 2019-07-01 00:00:00 - ERROR - FILE_CHECK - expect_column_values_to_be_of_type - PRIX - Wrong type for value: 1280000MXN on line 10 should be int
2019-07-17 04:28:44,534 - IMMO - MX - SEGUNDAMANO - 2019-07-01 00:00:00 - ERROR - FILE_CHECK - expect_column_values_to_be_of_type - PRIX - Wrong type for value: 577500MXN on line 11 should be int
2019-07-17 04:28:44,534 - IMMO - MX - SEGUNDAMANO - 2019-07-01 00:00:00 - ERROR - FILE_CHECK - expect_column_values_to_be_of_type - PRIX - Wrong type for value: 600000MXN on line 12 should be int
2019-07-17 04:28:44,534 - IMMO - MX - SEGUNDAMANO - 2019-07-01 00:00:00 - ERROR - FILE_CHECK - expect_column_values_to_be_of_type - PRIX - Wrong type for value: 1450000MXN on line 13 should be int
2019-07-17 04:28:44,534 - IMMO - MX - SEGUNDAMANO - 2019-07-01 00:00:00 - ERROR - FILE_CHECK - expect_column_values_to_be_of_type - PRIX - Wrong type for value: 2800000MXN on line 14 should be int
2019-07-17 04:28:44,534 - IMMO - MX - SEGUNDAMANO - 2019-07-01 00:00:00 - ERROR - FILE_CHECK - expect_column_values_to_be_of_type - PRIX - Wrong type for value: 4800000MXN on line 15 should be int
2019-07-17 04:28:44,534 - IMMO - MX - SEGUNDAMANO - 2019-07-01 00:00:00 - ERROR - FILE_CHECK - expect_column_values_to_be_of_type - PRIX - Wrong type for value: 490000MXN on line 16 should be int
2019-07-17 04:28:44,534 - IMMO - MX - SEGUNDAMANO - 2019-07-01 00:00:00 - ERROR - FILE_CHECK - expect_column_values_to_be_of_type - PRIX - Wrong type for value: 9500MXN on line 17 should be int
2019-07-17 04:28:44,534 - IMMO - MX - SEGUNDAMANO - 2019-07-01 00:00:00 - ERROR - FILE_CHECK - expect_column_values_to_be_of_type - PRIX - Wrong type for value: 5142000MXN on line 18 should be int
2019-07-17 04:28:44,535 - IMMO - MX - SEGUNDAMANO - 2019-07-01 00:00:00 - ERROR - FILE_CHECK - expect_column_values_to_be_of_type - PRIX - Wrong type for value: 1250000MXN on line 19 should be int
2019-07-17 04:28:44,535 - IMMO - MX - SEGUNDAMANO - 2019-07-01 00:00:00 - ERROR - STAT - expect_column_values_to_be_of_type - PRIX - correctly filled rate (%) - 0.0
2019-07-17 04:28:44,535 - IMMO - MX - SEGUNDAMANO - 2019-07-01 00:00:00 - ERROR - STAT - expect_column_values_to_not_be_null - PRIX - correctly filled rate (%) - 99.49
2019-07-17 04:28:44,535 - IMMO - MX - SEGUNDAMANO - 2019-07-01 00:00:00 - ERROR - STAT - expect_column_values_to_not_be_null - PRO_IND - correctly filled rate (%) - 100.0
2019-07-17 04:28:44,535 - IMMO - MX - SEGUNDAMANO - 2019-07-01 00:00:00 - ERROR - STAT - expect_column_values_to_be_in_set - PRO_IND - correctly filled rate (%) - 100.0
2019-07-17 04:28:44,535 - IMMO - MX - SEGUNDAMANO - 2019-07-01 00:00:00 - ERROR - STAT - expect_column_values_to_not_be_null - REGION - correctly filled rate (%) - 0.0
2019-07-17 04:28:44,535 - IMMO - MX - SEGUNDAMANO - 2019-07-01 00:00:00 - ERROR - STAT - expect_column_values_to_not_be_null - SELLER_TYPE - correctly filled rate (%) - 100.0
2019-07-17 04:28:44,535 - IMMO - MX - SEGUNDAMANO - 2019-07-01 00:00:00 - ERROR - STAT - expect_column_values_to_match_regex - SELLER_TYPE - correctly filled rate (%) - 100.0
2019-07-17 04:28:44,535 - IMMO - MX - SEGUNDAMANO - 2019-07-01 00:00:00 - ERROR - STAT - expect_column_values_to_match_regex - VILLE - correctly filled rate (%) - 100.0
2019-07-17 04:28:44,535 - IMMO - MX - SEGUNDAMANO - 2019-07-01 00:00:00 - ERROR - STAT - expect_column_values_to_not_be_null - VILLE - correctly filled rate (%) - 100.0
2019-07-17 04:28:44,535 - IMMO - MX - SEGUNDAMANO - 2019-07-01 00:00:00 - ERROR - STAT - expect_returning_row_unique_count - VILLE - total number of unique rows - 785
2019-07-17 04:28:44,535 - IMMO - MX - SEGUNDAMANO - 2019-07-01 00:00:00 - ERROR - STAT - expect_returning_row_count_on_conditions - DEALER_LISTINGS - total number of row with conditions - 39942
2019-07-17 04:28:44,535 - IMMO - MX - SEGUNDAMANO - 2019-07-01 00:00:00 - ERROR - STAT - expect_returning_row_count_on_conditions - PRIVATE_LISTINGS - total number of row with conditions - 44071
