2019-06-17 21:00:13,886 - IMMO - MX - VIVANUNCIOS - 2019-06-01 00:00:00 - ERROR - STAT - expect_column_values_to_not_be_null - ACHAT_LOC - correctly filled rate (%) - 100.0
2019-06-17 21:00:13,886 - IMMO - MX - VIVANUNCIOS - 2019-06-01 00:00:00 - ERROR - STAT - expect_column_values_to_be_in_set - ACHAT_LOC - correctly filled rate (%) - 98.09
2019-06-17 21:00:13,886 - IMMO - MX - VIVANUNCIOS - 2019-06-01 00:00:00 - ERROR - STAT - expect_column_values_to_not_be_null - ADRESSE - correctly filled rate (%) - 100.0
2019-06-17 21:00:13,886 - IMMO - MX - VIVANUNCIOS - 2019-06-01 00:00:00 - ERROR - STAT - expect_column_values_to_not_be_null - AGENCE_ADRESSE - correctly filled rate (%) - 0.0
2019-06-17 21:00:13,886 - IMMO - MX - VIVANUNCIOS - 2019-06-01 00:00:00 - ERROR - STAT - expect_column_values_to_not_be_null - AGENCE_CP - correctly filled rate (%) - 0.0
2019-06-17 21:00:13,886 - IMMO - MX - VIVANUNCIOS - 2019-06-01 00:00:00 - ERROR - STAT - expect_column_values_to_not_be_null - AGENCE_NOM - correctly filled rate (%) - 98.95
2019-06-17 21:00:13,887 - IMMO - MX - VIVANUNCIOS - 2019-06-01 00:00:00 - ERROR - STAT - expect_column_values_to_be_phone_number - AGENCE_TEL - correctly filled rate (%) - 99.73
2019-06-17 21:00:13,887 - IMMO - MX - VIVANUNCIOS - 2019-06-01 00:00:00 - ERROR - STAT - expect_column_values_to_not_be_null - AGENCE_TEL - correctly filled rate (%) - 99.11
2019-06-17 21:00:13,887 - IMMO - MX - VIVANUNCIOS - 2019-06-01 00:00:00 - ERROR - STAT - expect_column_values_to_not_be_null - AGENCE_VILLE - correctly filled rate (%) - 0.0
2019-06-17 21:00:13,887 - IMMO - MX - VIVANUNCIOS - 2019-06-01 00:00:00 - ERROR - STAT - expect_column_values_to_not_be_null - ANNONCE_DATE - correctly filled rate (%) - 0.0
2019-06-17 21:00:13,887 - IMMO - MX - VIVANUNCIOS - 2019-06-01 00:00:00 - ERROR - STAT - expect_column_values_to_not_be_null - ANNONCE_LINK - correctly filled rate (%) - 100.0
2019-06-17 21:00:13,887 - IMMO - MX - VIVANUNCIOS - 2019-06-01 00:00:00 - ERROR - STAT - expect_column_values_to_be_unique - ANNONCE_LINK - observed proportion - 100.0
2019-06-17 21:00:13,887 - IMMO - MX - VIVANUNCIOS - 2019-06-01 00:00:00 - ERROR - FILE_CHECK - expect_column_value_lengths_to_be_between - ANNONCE_TEXT - Unexpected characters count of: [Renta de bodegas int...] on line  53, value length should be between 0 and 255
2019-06-17 21:00:13,887 - IMMO - MX - VIVANUNCIOS - 2019-06-01 00:00:00 - ERROR - FILE_CHECK - expect_column_value_lengths_to_be_between - ANNONCE_TEXT - Unexpected characters count of: [Renta de bodegas int...] on line  54, value length should be between 0 and 255
2019-06-17 21:00:13,887 - IMMO - MX - VIVANUNCIOS - 2019-06-01 00:00:00 - ERROR - FILE_CHECK - expect_column_value_lengths_to_be_between - ANNONCE_TEXT - Unexpected characters count of: [Nuevas naves industr...] on line  92, value length should be between 0 and 255
2019-06-17 21:00:13,887 - IMMO - MX - VIVANUNCIOS - 2019-06-01 00:00:00 - ERROR - FILE_CHECK - expect_column_value_lengths_to_be_between - ANNONCE_TEXT - Unexpected characters count of: [Nuevas naves industr...] on line  94, value length should be between 0 and 255
2019-06-17 21:00:13,887 - IMMO - MX - VIVANUNCIOS - 2019-06-01 00:00:00 - ERROR - FILE_CHECK - expect_column_value_lengths_to_be_between - ANNONCE_TEXT - Unexpected characters count of: [Bodega comercial en ...] on line  110, value length should be between 0 and 255
2019-06-17 21:00:13,887 - IMMO - MX - VIVANUNCIOS - 2019-06-01 00:00:00 - ERROR - FILE_CHECK - expect_column_value_lengths_to_be_between - ANNONCE_TEXT - Unexpected characters count of: [Bodegota con vocació...] on line  161, value length should be between 0 and 255
2019-06-17 21:00:13,887 - IMMO - MX - VIVANUNCIOS - 2019-06-01 00:00:00 - ERROR - FILE_CHECK - expect_column_value_lengths_to_be_between - ANNONCE_TEXT - Unexpected characters count of: [RENTA DE 3 NAVES IND...] on line  235, value length should be between 0 and 255
2019-06-17 21:00:13,887 - IMMO - MX - VIVANUNCIOS - 2019-06-01 00:00:00 - ERROR - FILE_CHECK - expect_column_value_lengths_to_be_between - ANNONCE_TEXT - Unexpected characters count of: [LA MEJOR OPCIÓN QUE ...] on line  271, value length should be between 0 and 255
2019-06-17 21:00:13,887 - IMMO - MX - VIVANUNCIOS - 2019-06-01 00:00:00 - ERROR - FILE_CHECK - expect_column_value_lengths_to_be_between - ANNONCE_TEXT - Unexpected characters count of: [EXCELENTE BODEGA CON...] on line  275, value length should be between 0 and 255
2019-06-17 21:00:13,887 - IMMO - MX - VIVANUNCIOS - 2019-06-01 00:00:00 - ERROR - FILE_CHECK - expect_column_value_lengths_to_be_between - ANNONCE_TEXT - Unexpected characters count of: [Centro de Distribuci...] on line  405, value length should be between 0 and 255
2019-06-17 21:00:13,887 - IMMO - MX - VIVANUNCIOS - 2019-06-01 00:00:00 - ERROR - FILE_CHECK - expect_column_value_lengths_to_be_between - ANNONCE_TEXT - Unexpected characters count of: [Medidas: 20mts de fr...] on line  541, value length should be between 0 and 255
2019-06-17 21:00:13,888 - IMMO - MX - VIVANUNCIOS - 2019-06-01 00:00:00 - ERROR - FILE_CHECK - expect_column_value_lengths_to_be_between - ANNONCE_TEXT - Unexpected characters count of: [Vendo esta exelente ...] on line  549, value length should be between 0 and 255
2019-06-17 21:00:13,888 - IMMO - MX - VIVANUNCIOS - 2019-06-01 00:00:00 - ERROR - FILE_CHECK - expect_column_value_lengths_to_be_between - ANNONCE_TEXT - Unexpected characters count of: [Es una construcción ...] on line  566, value length should be between 0 and 255
2019-06-17 21:00:13,888 - IMMO - MX - VIVANUNCIOS - 2019-06-01 00:00:00 - ERROR - FILE_CHECK - expect_column_value_lengths_to_be_between - ANNONCE_TEXT - Unexpected characters count of: [Construcción tipo bo...] on line  604, value length should be between 0 and 255
2019-06-17 21:00:13,888 - IMMO - MX - VIVANUNCIOS - 2019-06-01 00:00:00 - ERROR - FILE_CHECK - expect_column_value_lengths_to_be_between - ANNONCE_TEXT - Unexpected characters count of: [Bodega se renta para...] on line  648, value length should be between 0 and 255
2019-06-17 21:00:13,888 - IMMO - MX - VIVANUNCIOS - 2019-06-01 00:00:00 - ERROR - FILE_CHECK - expect_column_value_lengths_to_be_between - ANNONCE_TEXT - Unexpected characters count of: [Excelentebodega en v...] on line  659, value length should be between 0 and 255
2019-06-17 21:00:13,888 - IMMO - MX - VIVANUNCIOS - 2019-06-01 00:00:00 - ERROR - FILE_CHECK - expect_column_value_lengths_to_be_between - ANNONCE_TEXT - Unexpected characters count of: [Bodega en venta en A...] on line  677, value length should be between 0 and 255
2019-06-17 21:00:13,888 - IMMO - MX - VIVANUNCIOS - 2019-06-01 00:00:00 - ERROR - FILE_CHECK - expect_column_value_lengths_to_be_between - ANNONCE_TEXT - Unexpected characters count of: [Bodega ubicada en la...] on line  759, value length should be between 0 and 255
2019-06-17 21:00:13,888 - IMMO - MX - VIVANUNCIOS - 2019-06-01 00:00:00 - ERROR - FILE_CHECK - expect_column_value_lengths_to_be_between - ANNONCE_TEXT - Unexpected characters count of: [Nave industrial trip...] on line  769, value length should be between 0 and 255
2019-06-17 21:00:13,888 - IMMO - MX - VIVANUNCIOS - 2019-06-01 00:00:00 - ERROR - FILE_CHECK - expect_column_value_lengths_to_be_between - ANNONCE_TEXT - Unexpected characters count of: [VENTA DE BODEGA SON ...] on line  786, value length should be between 0 and 255
2019-06-17 21:00:13,888 - IMMO - MX - VIVANUNCIOS - 2019-06-01 00:00:00 - ERROR - STAT - expect_column_value_lengths_to_be_between - ANNONCE_TEXT - correctly filled rate (%) - 80.12
2019-06-17 21:00:13,888 - IMMO - MX - VIVANUNCIOS - 2019-06-01 00:00:00 - ERROR - STAT - expect_column_values_to_not_be_null - ANNONCE_TEXT - correctly filled rate (%) - 22.28
2019-06-17 21:00:13,888 - IMMO - MX - VIVANUNCIOS - 2019-06-01 00:00:00 - ERROR - STAT - expect_column_values_to_not_be_null - CATEGORIE - correctly filled rate (%) - 100.0
2019-06-17 21:00:13,888 - IMMO - MX - VIVANUNCIOS - 2019-06-01 00:00:00 - ERROR - STAT - expect_column_values_to_not_be_null - CP - correctly filled rate (%) - 0.0
2019-06-17 21:00:13,888 - IMMO - MX - VIVANUNCIOS - 2019-06-01 00:00:00 - ERROR - STAT - expect_column_values_to_not_be_null - DEPARTEMENT - correctly filled rate (%) - 0.0
2019-06-17 21:00:13,888 - IMMO - MX - VIVANUNCIOS - 2019-06-01 00:00:00 - ERROR - STAT - expect_returning_row_count - EVERY_COLUMNS - total number of rows - 301912
2019-06-17 21:00:13,888 - IMMO - MX - VIVANUNCIOS - 2019-06-01 00:00:00 - ERROR - STAT - expect_column_values_to_not_be_null - ID_CLIENT - correctly filled rate (%) - 100.0
2019-06-17 21:00:13,888 - IMMO - MX - VIVANUNCIOS - 2019-06-01 00:00:00 - ERROR - STAT - expect_column_values_to_be_unique - ID_CLIENT - observed proportion - 100.0
2019-06-17 21:00:13,889 - IMMO - MX - VIVANUNCIOS - 2019-06-01 00:00:00 - ERROR - FILE_CHECK - expect_column_values_to_be_of_type - M2_TOTALE - Wrong type for value: 67.0 on line 1113 should be int
2019-06-17 21:00:13,889 - IMMO - MX - VIVANUNCIOS - 2019-06-01 00:00:00 - ERROR - FILE_CHECK - expect_column_values_to_be_of_type - M2_TOTALE - Wrong type for value: 2017.0 on line 1115 should be int
2019-06-17 21:00:13,889 - IMMO - MX - VIVANUNCIOS - 2019-06-01 00:00:00 - ERROR - FILE_CHECK - expect_column_values_to_be_of_type - M2_TOTALE - Wrong type for value: 160.0 on line 1116 should be int
2019-06-17 21:00:13,889 - IMMO - MX - VIVANUNCIOS - 2019-06-01 00:00:00 - ERROR - FILE_CHECK - expect_column_values_to_be_of_type - M2_TOTALE - Wrong type for value: 5260.0 on line 1117 should be int
2019-06-17 21:00:13,889 - IMMO - MX - VIVANUNCIOS - 2019-06-01 00:00:00 - ERROR - FILE_CHECK - expect_column_values_to_be_of_type - M2_TOTALE - Wrong type for value: 96.0 on line 1118 should be int
2019-06-17 21:00:13,889 - IMMO - MX - VIVANUNCIOS - 2019-06-01 00:00:00 - ERROR - FILE_CHECK - expect_column_values_to_be_of_type - M2_TOTALE - Wrong type for value: 33.0 on line 1119 should be int
2019-06-17 21:00:13,889 - IMMO - MX - VIVANUNCIOS - 2019-06-01 00:00:00 - ERROR - FILE_CHECK - expect_column_values_to_be_of_type - M2_TOTALE - Wrong type for value: 188.0 on line 1120 should be int
2019-06-17 21:00:13,889 - IMMO - MX - VIVANUNCIOS - 2019-06-01 00:00:00 - ERROR - FILE_CHECK - expect_column_values_to_be_of_type - M2_TOTALE - Wrong type for value: 160.0 on line 1121 should be int
2019-06-17 21:00:13,889 - IMMO - MX - VIVANUNCIOS - 2019-06-01 00:00:00 - ERROR - FILE_CHECK - expect_column_values_to_be_of_type - M2_TOTALE - Wrong type for value: 160.0 on line 1122 should be int
2019-06-17 21:00:13,889 - IMMO - MX - VIVANUNCIOS - 2019-06-01 00:00:00 - ERROR - FILE_CHECK - expect_column_values_to_be_of_type - M2_TOTALE - Wrong type for value: 79.0 on line 1123 should be int
2019-06-17 21:00:13,889 - IMMO - MX - VIVANUNCIOS - 2019-06-01 00:00:00 - ERROR - FILE_CHECK - expect_column_values_to_be_of_type - M2_TOTALE - Wrong type for value: 72.0 on line 1126 should be int
2019-06-17 21:00:13,889 - IMMO - MX - VIVANUNCIOS - 2019-06-01 00:00:00 - ERROR - FILE_CHECK - expect_column_values_to_be_of_type - M2_TOTALE - Wrong type for value: 189.0 on line 1127 should be int
2019-06-17 21:00:13,889 - IMMO - MX - VIVANUNCIOS - 2019-06-01 00:00:00 - ERROR - FILE_CHECK - expect_column_values_to_be_of_type - M2_TOTALE - Wrong type for value: 1388.0 on line 1129 should be int
2019-06-17 21:00:13,889 - IMMO - MX - VIVANUNCIOS - 2019-06-01 00:00:00 - ERROR - FILE_CHECK - expect_column_values_to_be_of_type - M2_TOTALE - Wrong type for value: 160.0 on line 1130 should be int
2019-06-17 21:00:13,889 - IMMO - MX - VIVANUNCIOS - 2019-06-01 00:00:00 - ERROR - FILE_CHECK - expect_column_values_to_be_of_type - M2_TOTALE - Wrong type for value: 2156.0 on line 1131 should be int
2019-06-17 21:00:13,889 - IMMO - MX - VIVANUNCIOS - 2019-06-01 00:00:00 - ERROR - FILE_CHECK - expect_column_values_to_be_of_type - M2_TOTALE - Wrong type for value: 10000.0 on line 1133 should be int
2019-06-17 21:00:13,889 - IMMO - MX - VIVANUNCIOS - 2019-06-01 00:00:00 - ERROR - FILE_CHECK - expect_column_values_to_be_of_type - M2_TOTALE - Wrong type for value: 10000.0 on line 1134 should be int
2019-06-17 21:00:13,889 - IMMO - MX - VIVANUNCIOS - 2019-06-01 00:00:00 - ERROR - FILE_CHECK - expect_column_values_to_be_of_type - M2_TOTALE - Wrong type for value: 10000.0 on line 1136 should be int
2019-06-17 21:00:13,890 - IMMO - MX - VIVANUNCIOS - 2019-06-01 00:00:00 - ERROR - FILE_CHECK - expect_column_values_to_be_of_type - M2_TOTALE - Wrong type for value: 10000.0 on line 1137 should be int
2019-06-17 21:00:13,890 - IMMO - MX - VIVANUNCIOS - 2019-06-01 00:00:00 - ERROR - FILE_CHECK - expect_column_values_to_be_of_type - M2_TOTALE - Wrong type for value: 10000.0 on line 1138 should be int
2019-06-17 21:00:13,890 - IMMO - MX - VIVANUNCIOS - 2019-06-01 00:00:00 - ERROR - STAT - expect_column_values_to_be_of_type - M2_TOTALE - correctly filled rate (%) - 0.0
2019-06-17 21:00:13,890 - IMMO - MX - VIVANUNCIOS - 2019-06-01 00:00:00 - ERROR - STAT - expect_column_values_to_not_be_null - M2_TOTALE - correctly filled rate (%) - 59.17
2019-06-17 21:00:13,890 - IMMO - MX - VIVANUNCIOS - 2019-06-01 00:00:00 - ERROR - STAT - expect_column_values_to_not_be_null - MAISON_APT - correctly filled rate (%) - 0.0
2019-06-17 21:00:13,890 - IMMO - MX - VIVANUNCIOS - 2019-06-01 00:00:00 - ERROR - STAT - expect_column_values_to_not_be_null - MINI_SITE_ID - correctly filled rate (%) - 100.0
2019-06-17 21:00:13,890 - IMMO - MX - VIVANUNCIOS - 2019-06-01 00:00:00 - ERROR - STAT - expect_column_values_to_not_be_null - NOM - correctly filled rate (%) - 100.0
2019-06-17 21:00:13,890 - IMMO - MX - VIVANUNCIOS - 2019-06-01 00:00:00 - ERROR - STAT - expect_column_value_lengths_to_be_between - NOM - correctly filled rate (%) - 100.0
2019-06-17 21:00:13,890 - IMMO - MX - VIVANUNCIOS - 2019-06-01 00:00:00 - ERROR - STAT - expect_column_values_to_match_regex - PAYS_AD - correctly filled rate (%) - 100.0
2019-06-17 21:00:13,890 - IMMO - MX - VIVANUNCIOS - 2019-06-01 00:00:00 - ERROR - STAT - expect_column_values_to_not_be_null - PAYS_AD - correctly filled rate (%) - 100.0
2019-06-17 21:00:13,890 - IMMO - MX - VIVANUNCIOS - 2019-06-01 00:00:00 - ERROR - STAT - expect_column_values_to_not_be_null - PHOTO - correctly filled rate (%) - 99.11
2019-06-17 21:00:13,890 - IMMO - MX - VIVANUNCIOS - 2019-06-01 00:00:00 - ERROR - STAT - expect_column_values_to_be_in_type_list - PHOTO - correctly filled rate (%) - 100.0
2019-06-17 21:00:13,890 - IMMO - MX - VIVANUNCIOS - 2019-06-01 00:00:00 - ERROR - STAT - expect_column_values_to_not_be_null - PIECE - correctly filled rate (%) - 69.91
2019-06-17 21:00:13,890 - IMMO - MX - VIVANUNCIOS - 2019-06-01 00:00:00 - ERROR - STAT - expect_column_values_to_be_in_type_list - PIECE - correctly filled rate (%) - 100.0
2019-06-17 21:00:13,890 - IMMO - MX - VIVANUNCIOS - 2019-06-01 00:00:00 - ERROR - FILE_CHECK - expect_column_values_to_be_of_type - PRIX - Wrong type for value: 7000000.0 on line 0 should be int
2019-06-17 21:00:13,890 - IMMO - MX - VIVANUNCIOS - 2019-06-01 00:00:00 - ERROR - FILE_CHECK - expect_column_values_to_be_of_type - PRIX - Wrong type for value: 20000.0 on line 1 should be int
2019-06-17 21:00:13,891 - IMMO - MX - VIVANUNCIOS - 2019-06-01 00:00:00 - ERROR - FILE_CHECK - expect_column_values_to_be_of_type - PRIX - Wrong type for value: 20000.0 on line 2 should be int
2019-06-17 21:00:13,891 - IMMO - MX - VIVANUNCIOS - 2019-06-01 00:00:00 - ERROR - FILE_CHECK - expect_column_values_to_be_of_type - PRIX - Wrong type for value: 1500000.0 on line 3 should be int
2019-06-17 21:00:13,891 - IMMO - MX - VIVANUNCIOS - 2019-06-01 00:00:00 - ERROR - FILE_CHECK - expect_column_values_to_be_of_type - PRIX - Wrong type for value: 50.0 on line 4 should be int
2019-06-17 21:00:13,891 - IMMO - MX - VIVANUNCIOS - 2019-06-01 00:00:00 - ERROR - FILE_CHECK - expect_column_values_to_be_of_type - PRIX - Wrong type for value: 65.0 on line 5 should be int
2019-06-17 21:00:13,891 - IMMO - MX - VIVANUNCIOS - 2019-06-01 00:00:00 - ERROR - FILE_CHECK - expect_column_values_to_be_of_type - PRIX - Wrong type for value: 65.0 on line 6 should be int
2019-06-17 21:00:13,891 - IMMO - MX - VIVANUNCIOS - 2019-06-01 00:00:00 - ERROR - FILE_CHECK - expect_column_values_to_be_of_type - PRIX - Wrong type for value: 10000.0 on line 7 should be int
2019-06-17 21:00:13,891 - IMMO - MX - VIVANUNCIOS - 2019-06-01 00:00:00 - ERROR - FILE_CHECK - expect_column_values_to_be_of_type - PRIX - Wrong type for value: 8000000.0 on line 8 should be int
2019-06-17 21:00:13,891 - IMMO - MX - VIVANUNCIOS - 2019-06-01 00:00:00 - ERROR - FILE_CHECK - expect_column_values_to_be_of_type - PRIX - Wrong type for value: 65.0 on line 9 should be int
2019-06-17 21:00:13,891 - IMMO - MX - VIVANUNCIOS - 2019-06-01 00:00:00 - ERROR - FILE_CHECK - expect_column_values_to_be_of_type - PRIX - Wrong type for value: 65.0 on line 10 should be int
2019-06-17 21:00:13,891 - IMMO - MX - VIVANUNCIOS - 2019-06-01 00:00:00 - ERROR - FILE_CHECK - expect_column_values_to_be_of_type - PRIX - Wrong type for value: 65.0 on line 11 should be int
2019-06-17 21:00:13,891 - IMMO - MX - VIVANUNCIOS - 2019-06-01 00:00:00 - ERROR - FILE_CHECK - expect_column_values_to_be_of_type - PRIX - Wrong type for value: 4000000.0 on line 12 should be int
2019-06-17 21:00:13,891 - IMMO - MX - VIVANUNCIOS - 2019-06-01 00:00:00 - ERROR - FILE_CHECK - expect_column_values_to_be_of_type - PRIX - Wrong type for value: 90000.0 on line 13 should be int
2019-06-17 21:00:13,891 - IMMO - MX - VIVANUNCIOS - 2019-06-01 00:00:00 - ERROR - FILE_CHECK - expect_column_values_to_be_of_type - PRIX - Wrong type for value: 88275.0 on line 14 should be int
2019-06-17 21:00:13,891 - IMMO - MX - VIVANUNCIOS - 2019-06-01 00:00:00 - ERROR - FILE_CHECK - expect_column_values_to_be_of_type - PRIX - Wrong type for value: 41000.0 on line 15 should be int
2019-06-17 21:00:13,891 - IMMO - MX - VIVANUNCIOS - 2019-06-01 00:00:00 - ERROR - FILE_CHECK - expect_column_values_to_be_of_type - PRIX - Wrong type for value: 85600.0 on line 16 should be int
2019-06-17 21:00:13,891 - IMMO - MX - VIVANUNCIOS - 2019-06-01 00:00:00 - ERROR - FILE_CHECK - expect_column_values_to_be_of_type - PRIX - Wrong type for value: 18000000.0 on line 17 should be int
2019-06-17 21:00:13,891 - IMMO - MX - VIVANUNCIOS - 2019-06-01 00:00:00 - ERROR - FILE_CHECK - expect_column_values_to_be_of_type - PRIX - Wrong type for value: 42000.0 on line 18 should be int
2019-06-17 21:00:13,891 - IMMO - MX - VIVANUNCIOS - 2019-06-01 00:00:00 - ERROR - FILE_CHECK - expect_column_values_to_be_of_type - PRIX - Wrong type for value: 44632.0 on line 19 should be int
2019-06-17 21:00:13,892 - IMMO - MX - VIVANUNCIOS - 2019-06-01 00:00:00 - ERROR - STAT - expect_column_values_to_be_of_type - PRIX - correctly filled rate (%) - 0.0
2019-06-17 21:00:13,892 - IMMO - MX - VIVANUNCIOS - 2019-06-01 00:00:00 - ERROR - STAT - expect_column_values_to_not_be_null - PRIX - correctly filled rate (%) - 99.88
2019-06-17 21:00:13,892 - IMMO - MX - VIVANUNCIOS - 2019-06-01 00:00:00 - ERROR - STAT - expect_column_values_to_not_be_null - PRO_IND - correctly filled rate (%) - 100.0
2019-06-17 21:00:13,892 - IMMO - MX - VIVANUNCIOS - 2019-06-01 00:00:00 - ERROR - STAT - expect_column_values_to_be_in_set - PRO_IND - correctly filled rate (%) - 100.0
2019-06-17 21:00:13,892 - IMMO - MX - VIVANUNCIOS - 2019-06-01 00:00:00 - ERROR - STAT - expect_column_values_to_not_be_null - REGION - correctly filled rate (%) - 0.0
2019-06-17 21:00:13,892 - IMMO - MX - VIVANUNCIOS - 2019-06-01 00:00:00 - ERROR - STAT - expect_column_values_to_not_be_null - SELLER_TYPE - correctly filled rate (%) - 100.0
2019-06-17 21:00:13,892 - IMMO - MX - VIVANUNCIOS - 2019-06-01 00:00:00 - ERROR - STAT - expect_column_values_to_match_regex - SELLER_TYPE - correctly filled rate (%) - 100.0
2019-06-17 21:00:13,892 - IMMO - MX - VIVANUNCIOS - 2019-06-01 00:00:00 - ERROR - STAT - expect_column_values_to_match_regex - VILLE - correctly filled rate (%) - 100.0
2019-06-17 21:00:13,892 - IMMO - MX - VIVANUNCIOS - 2019-06-01 00:00:00 - ERROR - STAT - expect_column_values_to_not_be_null - VILLE - correctly filled rate (%) - 100.0
2019-06-17 21:00:13,892 - IMMO - MX - VIVANUNCIOS - 2019-06-01 00:00:00 - ERROR - STAT - expect_returning_row_unique_count - VILLE - total number of unique rows - 3232
2019-06-17 21:00:13,892 - IMMO - MX - VIVANUNCIOS - 2019-06-01 00:00:00 - ERROR - STAT - expect_returning_row_count_on_conditions - DEALER_LISTINGS - total number of row with conditions - 0
2019-06-17 21:00:13,892 - IMMO - MX - VIVANUNCIOS - 2019-06-01 00:00:00 - ERROR - STAT - expect_returning_row_count_on_conditions - PRIVATE_LISTINGS - total number of row with conditions - 11643
