2019-12-11 05:08:13,704 - JOBS - FR - INDEED - 2019-12-01 00:00:00 - ERROR - FILE_VALIDATE - expect_file_to_be_validated - EVERY_COLUMNS - False - 0

2019-12-11 05:08:13,704 - JOBS - FR - INDEED - 2019-12-01 00:00:00 - ERROR - STAT - expect_column_values_to_not_be_null - ANNONCE_LINK - correctly filled rate (%) - 100.0

2019-12-11 05:08:13,704 - JOBS - FR - INDEED - 2019-12-01 00:00:00 - ERROR - FILE_VALIDATE - expect_column_values_to_not_be_null - ANNONCE_LINK - True - 1

2019-12-11 05:08:13,704 - JOBS - FR - INDEED - 2019-12-01 00:00:00 - ERROR - STAT - expect_column_values_to_be_unique - ANNONCE_LINK - observed proportion - 100.0

2019-12-11 05:08:13,704 - JOBS - FR - INDEED - 2019-12-01 00:00:00 - ERROR - FILE_VALIDATE - expect_column_values_to_be_unique - ANNONCE_LINK - True - 1

2019-12-11 05:08:13,705 - JOBS - FR - INDEED - 2019-12-01 00:00:00 - ERROR - STAT - expect_column_values_to_not_be_null - ANNONCE_TEXT - correctly filled rate (%) - 0.0

2019-12-11 05:08:13,705 - JOBS - FR - INDEED - 2019-12-01 00:00:00 - ERROR - FILE_VALIDATE - expect_column_values_to_not_be_null - ANNONCE_TEXT - False - 0

2019-12-11 05:08:13,705 - JOBS - FR - INDEED - 2019-12-01 00:00:00 - ERROR - STAT - expect_column_values_to_not_be_null - ANNONCEUR - correctly filled rate (%) - 99.99

2019-12-11 05:08:13,705 - JOBS - FR - INDEED - 2019-12-01 00:00:00 - ERROR - FILE_VALIDATE - expect_column_values_to_not_be_null - ANNONCEUR - True - 1

2019-12-11 05:08:13,705 - JOBS - FR - INDEED - 2019-12-01 00:00:00 - ERROR - STAT - expect_column_values_to_not_be_null - ANNONCEUR_ID - correctly filled rate (%) - 0.0

2019-12-11 05:08:13,705 - JOBS - FR - INDEED - 2019-12-01 00:00:00 - ERROR - FILE_VALIDATE - expect_column_values_to_not_be_null - ANNONCEUR_ID - False - 0

2019-12-11 05:08:13,705 - JOBS - FR - INDEED - 2019-12-01 00:00:00 - ERROR - STAT - expect_column_values_to_not_be_null - ANNONCEUR_ID_3 - correctly filled rate (%) - 0.0

2019-12-11 05:08:13,705 - JOBS - FR - INDEED - 2019-12-01 00:00:00 - ERROR - FILE_VALIDATE - expect_column_values_to_not_be_null - ANNONCEUR_ID_3 - False - 0

2019-12-11 05:08:13,705 - JOBS - FR - INDEED - 2019-12-01 00:00:00 - ERROR - STAT - expect_column_values_to_not_be_null - CABINET - correctly filled rate (%) - 0.0

2019-12-11 05:08:13,705 - JOBS - FR - INDEED - 2019-12-01 00:00:00 - ERROR - FILE_VALIDATE - expect_column_values_to_not_be_null - CABINET - False - 0

2019-12-11 05:08:13,705 - JOBS - FR - INDEED - 2019-12-01 00:00:00 - ERROR - STAT - expect_column_values_to_not_be_null - CONTRAT - correctly filled rate (%) - 0.0

2019-12-11 05:08:13,705 - JOBS - FR - INDEED - 2019-12-01 00:00:00 - ERROR - FILE_VALIDATE - expect_column_values_to_not_be_null - CONTRAT - False - 0

2019-12-11 05:08:13,705 - JOBS - FR - INDEED - 2019-12-01 00:00:00 - ERROR - STAT - expect_column_values_to_not_be_null - DEPARTEMENT - correctly filled rate (%) - 0.0

2019-12-11 05:08:13,705 - JOBS - FR - INDEED - 2019-12-01 00:00:00 - ERROR - FILE_VALIDATE - expect_column_values_to_not_be_null - DEPARTEMENT - False - 0

2019-12-11 05:08:13,705 - JOBS - FR - INDEED - 2019-12-01 00:00:00 - ERROR - STAT - expect_column_values_to_not_be_null - ENTREPRISE - correctly filled rate (%) - 0.0

2019-12-11 05:08:13,705 - JOBS - FR - INDEED - 2019-12-01 00:00:00 - ERROR - FILE_VALIDATE - expect_column_values_to_not_be_null - ENTREPRISE - False - 0

2019-12-11 05:08:13,705 - JOBS - FR - INDEED - 2019-12-01 00:00:00 - ERROR - STAT - expect_column_values_to_not_be_null - ID_CLIENT - correctly filled rate (%) - 100.0

2019-12-11 05:08:13,706 - JOBS - FR - INDEED - 2019-12-01 00:00:00 - ERROR - FILE_VALIDATE - expect_column_values_to_not_be_null - ID_CLIENT - True - 1

2019-12-11 05:08:13,706 - JOBS - FR - INDEED - 2019-12-01 00:00:00 - ERROR - STAT - expect_column_values_to_be_unique - ID_CLIENT - observed proportion - 100.0

2019-12-11 05:08:13,706 - JOBS - FR - INDEED - 2019-12-01 00:00:00 - ERROR - FILE_VALIDATE - expect_column_values_to_be_unique - ID_CLIENT - True - 1

2019-12-11 05:08:13,706 - JOBS - FR - INDEED - 2019-12-01 00:00:00 - ERROR - STAT - expect_returning_row_count - EVERY_COLUMNS - total number of rows - 459048

2019-12-11 05:08:13,706 - JOBS - FR - INDEED - 2019-12-01 00:00:00 - ERROR - STAT - expect_column_values_to_not_be_null - LIEU - correctly filled rate (%) - 100.0

2019-12-11 05:08:13,706 - JOBS - FR - INDEED - 2019-12-01 00:00:00 - ERROR - FILE_VALIDATE - expect_column_values_to_not_be_null - LIEU - True - 1

2019-12-11 05:08:13,706 - JOBS - FR - INDEED - 2019-12-01 00:00:00 - ERROR - STAT - expect_column_values_to_not_be_null - METIER - correctly filled rate (%) - 100.0

2019-12-11 05:08:13,706 - JOBS - FR - INDEED - 2019-12-01 00:00:00 - ERROR - FILE_VALIDATE - expect_column_values_to_not_be_null - METIER - True - 1

2019-12-11 05:08:13,706 - JOBS - FR - INDEED - 2019-12-01 00:00:00 - ERROR - STAT - expect_column_values_to_be_in_set_2 - ON_SITE - observed proportion - 100.0

2019-12-11 05:08:13,706 - JOBS - FR - INDEED - 2019-12-01 00:00:00 - ERROR - STAT - expect_column_values_to_not_be_null - ON_SITE - correctly filled rate (%) - 100.0

2019-12-11 05:08:13,706 - JOBS - FR - INDEED - 2019-12-01 00:00:00 - ERROR - FILE_VALIDATE - expect_column_values_to_not_be_null - ON_SITE - True - 1

2019-12-11 05:08:13,706 - JOBS - FR - INDEED - 2019-12-01 00:00:00 - ERROR - STAT - expect_column_values_to_not_be_null - OTHER_SITE - correctly filled rate (%) - 0.0

2019-12-11 05:08:13,706 - JOBS - FR - INDEED - 2019-12-01 00:00:00 - ERROR - FILE_VALIDATE - expect_column_values_to_not_be_null - OTHER_SITE - False - 0

2019-12-11 05:08:13,706 - JOBS - FR - INDEED - 2019-12-01 00:00:00 - ERROR - STAT - expect_column_values_to_not_be_null - REGION - correctly filled rate (%) - 0.0

2019-12-11 05:08:13,706 - JOBS - FR - INDEED - 2019-12-01 00:00:00 - ERROR - FILE_VALIDATE - expect_column_values_to_not_be_null - REGION - False - 0

2019-12-11 05:08:13,706 - JOBS - FR - INDEED - 2019-12-01 00:00:00 - ERROR - STAT - expect_returning_row_unique_count - REGION - total number of unique rows - 0

2019-12-11 05:08:13,706 - JOBS - FR - INDEED - 2019-12-01 00:00:00 - ERROR - STAT - expect_column_values_to_not_be_null - TYPE_EMPLOI - correctly filled rate (%) - 0.0

2019-12-11 05:08:13,707 - JOBS - FR - INDEED - 2019-12-01 00:00:00 - ERROR - FILE_VALIDATE - expect_column_values_to_not_be_null - TYPE_EMPLOI - False - 0

2019-12-11 05:08:13,707 - JOBS - FR - INDEED - 2019-12-01 00:00:00 - ERROR - STAT - expect_column_values_to_not_be_null - SALAIRE - correctly filled rate (%) - 0.0

2019-12-11 05:08:13,707 - JOBS - FR - INDEED - 2019-12-01 00:00:00 - ERROR - FILE_VALIDATE - expect_column_values_to_not_be_null - SALAIRE - False - 0

2019-12-11 05:08:13,707 - JOBS - FR - INDEED - 2019-12-01 00:00:00 - ERROR - STAT - expect_column_values_to_not_be_null - SECTEUR - correctly filled rate (%) - 0.0

2019-12-11 05:08:13,707 - JOBS - FR - INDEED - 2019-12-01 00:00:00 - ERROR - FILE_VALIDATE - expect_column_values_to_not_be_null - SECTEUR - False - 0

