2019-09-30 21:28:58,277 - VO - MX - SOLOAUTOS - 2019-09-01 00:00:00 - ERROR - STAT - expect_column_values_to_not_be_null - ADRESSE - correctly filled rate (%) - 0.0
2019-09-30 21:28:58,278 - VO - MX - SOLOAUTOS - 2019-09-01 00:00:00 - ERROR - FILE_CHECK - expect_column_values_to_be_in_type_list - ANNEE - Wrong type for value: 2017 on line 32768 should be in ['int', 'float']
2019-09-30 21:28:58,278 - VO - MX - SOLOAUTOS - 2019-09-01 00:00:00 - ERROR - FILE_CHECK - expect_column_values_to_be_in_type_list - ANNEE - Wrong type for value: 2017 on line 32769 should be in ['int', 'float']
2019-09-30 21:28:58,278 - VO - MX - SOLOAUTOS - 2019-09-01 00:00:00 - ERROR - FILE_CHECK - expect_column_values_to_be_in_type_list - ANNEE - Wrong type for value: 2017 on line 32770 should be in ['int', 'float']
2019-09-30 21:28:58,278 - VO - MX - SOLOAUTOS - 2019-09-01 00:00:00 - ERROR - FILE_CHECK - expect_column_values_to_be_in_type_list - ANNEE - Wrong type for value: 2017 on line 32771 should be in ['int', 'float']
2019-09-30 21:28:58,278 - VO - MX - SOLOAUTOS - 2019-09-01 00:00:00 - ERROR - FILE_CHECK - expect_column_values_to_be_in_type_list - ANNEE - Wrong type for value: 2017 on line 32772 should be in ['int', 'float']
2019-09-30 21:28:58,278 - VO - MX - SOLOAUTOS - 2019-09-01 00:00:00 - ERROR - FILE_CHECK - expect_column_values_to_be_in_type_list - ANNEE - Wrong type for value: 2017 on line 32773 should be in ['int', 'float']
2019-09-30 21:28:58,278 - VO - MX - SOLOAUTOS - 2019-09-01 00:00:00 - ERROR - FILE_CHECK - expect_column_values_to_be_in_type_list - ANNEE - Wrong type for value: 2017 on line 32774 should be in ['int', 'float']
2019-09-30 21:28:58,278 - VO - MX - SOLOAUTOS - 2019-09-01 00:00:00 - ERROR - FILE_CHECK - expect_column_values_to_be_in_type_list - ANNEE - Wrong type for value: 2017 on line 32775 should be in ['int', 'float']
2019-09-30 21:28:58,278 - VO - MX - SOLOAUTOS - 2019-09-01 00:00:00 - ERROR - FILE_CHECK - expect_column_values_to_be_in_type_list - ANNEE - Wrong type for value: 2017 on line 32776 should be in ['int', 'float']
2019-09-30 21:28:58,278 - VO - MX - SOLOAUTOS - 2019-09-01 00:00:00 - ERROR - FILE_CHECK - expect_column_values_to_be_in_type_list - ANNEE - Wrong type for value: 2017 on line 32777 should be in ['int', 'float']
2019-09-30 21:28:58,278 - VO - MX - SOLOAUTOS - 2019-09-01 00:00:00 - ERROR - FILE_CHECK - expect_column_values_to_be_in_type_list - ANNEE - Wrong type for value: 2017 on line 32778 should be in ['int', 'float']
2019-09-30 21:28:58,278 - VO - MX - SOLOAUTOS - 2019-09-01 00:00:00 - ERROR - FILE_CHECK - expect_column_values_to_be_in_type_list - ANNEE - Wrong type for value: 2017 on line 32779 should be in ['int', 'float']
2019-09-30 21:28:58,278 - VO - MX - SOLOAUTOS - 2019-09-01 00:00:00 - ERROR - FILE_CHECK - expect_column_values_to_be_in_type_list - ANNEE - Wrong type for value: 2017 on line 32780 should be in ['int', 'float']
2019-09-30 21:28:58,278 - VO - MX - SOLOAUTOS - 2019-09-01 00:00:00 - ERROR - FILE_CHECK - expect_column_values_to_be_in_type_list - ANNEE - Wrong type for value: 2017 on line 32781 should be in ['int', 'float']
2019-09-30 21:28:58,278 - VO - MX - SOLOAUTOS - 2019-09-01 00:00:00 - ERROR - FILE_CHECK - expect_column_values_to_be_in_type_list - ANNEE - Wrong type for value: 2017 on line 32782 should be in ['int', 'float']
2019-09-30 21:28:58,278 - VO - MX - SOLOAUTOS - 2019-09-01 00:00:00 - ERROR - FILE_CHECK - expect_column_values_to_be_in_type_list - ANNEE - Wrong type for value: 2017 on line 32783 should be in ['int', 'float']
2019-09-30 21:28:58,279 - VO - MX - SOLOAUTOS - 2019-09-01 00:00:00 - ERROR - FILE_CHECK - expect_column_values_to_be_in_type_list - ANNEE - Wrong type for value: 2017 on line 32784 should be in ['int', 'float']
2019-09-30 21:28:58,279 - VO - MX - SOLOAUTOS - 2019-09-01 00:00:00 - ERROR - FILE_CHECK - expect_column_values_to_be_in_type_list - ANNEE - Wrong type for value: 2017 on line 32785 should be in ['int', 'float']
2019-09-30 21:28:58,279 - VO - MX - SOLOAUTOS - 2019-09-01 00:00:00 - ERROR - FILE_CHECK - expect_column_values_to_be_in_type_list - ANNEE - Wrong type for value: 2017 on line 32786 should be in ['int', 'float']
2019-09-30 21:28:58,279 - VO - MX - SOLOAUTOS - 2019-09-01 00:00:00 - ERROR - FILE_CHECK - expect_column_values_to_be_in_type_list - ANNEE - Wrong type for value: 2017 on line 32787 should be in ['int', 'float']
2019-09-30 21:28:58,279 - VO - MX - SOLOAUTOS - 2019-09-01 00:00:00 - ERROR - STAT - expect_column_values_to_be_in_type_list - ANNEE - correctly filled rate (%) - 79.42
2019-09-30 21:28:58,279 - VO - MX - SOLOAUTOS - 2019-09-01 00:00:00 - ERROR - STAT - expect_column_values_to_not_be_null - ANNEE - correctly filled rate (%) - 100.0
2019-09-30 21:28:58,279 - VO - MX - SOLOAUTOS - 2019-09-01 00:00:00 - ERROR - FILE_CHECK - expect_column_values_to_match_regex - ANNEE - Unexpected value: Otros Años on line 40644, value should match regexp ^[0-9]{4}$
2019-09-30 21:28:58,279 - VO - MX - SOLOAUTOS - 2019-09-01 00:00:00 - ERROR - FILE_CHECK - expect_column_values_to_match_regex - ANNEE - Unexpected value: Otros Años on line 40740, value should match regexp ^[0-9]{4}$
2019-09-30 21:28:58,279 - VO - MX - SOLOAUTOS - 2019-09-01 00:00:00 - ERROR - FILE_CHECK - expect_column_values_to_match_regex - ANNEE - Unexpected value: Otros Años on line 41017, value should match regexp ^[0-9]{4}$
2019-09-30 21:28:58,279 - VO - MX - SOLOAUTOS - 2019-09-01 00:00:00 - ERROR - FILE_CHECK - expect_column_values_to_match_regex - ANNEE - Unexpected value: Otros Años on line 41077, value should match regexp ^[0-9]{4}$
2019-09-30 21:28:58,279 - VO - MX - SOLOAUTOS - 2019-09-01 00:00:00 - ERROR - FILE_CHECK - expect_column_values_to_match_regex - ANNEE - Unexpected value: Otros Años on line 41078, value should match regexp ^[0-9]{4}$
2019-09-30 21:28:58,279 - VO - MX - SOLOAUTOS - 2019-09-01 00:00:00 - ERROR - FILE_CHECK - expect_column_values_to_match_regex - ANNEE - Unexpected value: Otros Años on line 41079, value should match regexp ^[0-9]{4}$
2019-09-30 21:28:58,279 - VO - MX - SOLOAUTOS - 2019-09-01 00:00:00 - ERROR - FILE_CHECK - expect_column_values_to_match_regex - ANNEE - Unexpected value: Otros Años on line 41093, value should match regexp ^[0-9]{4}$
2019-09-30 21:28:58,279 - VO - MX - SOLOAUTOS - 2019-09-01 00:00:00 - ERROR - FILE_CHECK - expect_column_values_to_match_regex - ANNEE - Unexpected value: Otros Años on line 41241, value should match regexp ^[0-9]{4}$
2019-09-30 21:28:58,279 - VO - MX - SOLOAUTOS - 2019-09-01 00:00:00 - ERROR - FILE_CHECK - expect_column_values_to_match_regex - ANNEE - Unexpected value: Otros Años on line 41258, value should match regexp ^[0-9]{4}$
2019-09-30 21:28:58,279 - VO - MX - SOLOAUTOS - 2019-09-01 00:00:00 - ERROR - STAT - expect_column_values_to_match_regex - ANNEE - correctly filled rate (%) - 99.98
2019-09-30 21:28:58,279 - VO - MX - SOLOAUTOS - 2019-09-01 00:00:00 - ERROR - STAT - expect_column_values_to_not_be_null - ANNONCE_LINK - correctly filled rate (%) - 100.0
2019-09-30 21:28:58,279 - VO - MX - SOLOAUTOS - 2019-09-01 00:00:00 - ERROR - STAT - expect_column_values_to_be_unique - ANNONCE_LINK - observed proportion - 100.0
2019-09-30 21:28:58,280 - VO - MX - SOLOAUTOS - 2019-09-01 00:00:00 - ERROR - STAT - expect_column_values_to_not_be_null - CARBURANT - correctly filled rate (%) - 100.0
2019-09-30 21:28:58,280 - VO - MX - SOLOAUTOS - 2019-09-01 00:00:00 - ERROR - STAT - expect_column_values_to_not_be_null - CARROSSERIE - correctly filled rate (%) - 98.76
2019-09-30 21:28:58,280 - VO - MX - SOLOAUTOS - 2019-09-01 00:00:00 - ERROR - STAT - expect_column_values_to_not_be_null - GARAGE_ID - correctly filled rate (%) - 0.0
2019-09-30 21:28:58,280 - VO - MX - SOLOAUTOS - 2019-09-01 00:00:00 - ERROR - STAT - expect_column_values_to_not_be_null - ID_CLIENT - correctly filled rate (%) - 100.0
2019-09-30 21:28:58,280 - VO - MX - SOLOAUTOS - 2019-09-01 00:00:00 - ERROR - STAT - expect_column_values_to_be_unique - ID_CLIENT - observed proportion - 100.0
2019-09-30 21:28:58,280 - VO - MX - SOLOAUTOS - 2019-09-01 00:00:00 - ERROR - STAT - expect_returning_row_count - EVERY_COLUMNS - total number of rows - 41260
2019-09-30 21:28:58,280 - VO - MX - SOLOAUTOS - 2019-09-01 00:00:00 - ERROR - STAT - expect_column_values_to_not_be_null - IMMAT - correctly filled rate (%) - 0.0
2019-09-30 21:28:58,280 - VO - MX - SOLOAUTOS - 2019-09-01 00:00:00 - ERROR - FILE_CHECK - expect_column_values_to_be_in_type_list - KM - Wrong type for value: 72000 on line 0 should be in ['int']
2019-09-30 21:28:58,280 - VO - MX - SOLOAUTOS - 2019-09-01 00:00:00 - ERROR - FILE_CHECK - expect_column_values_to_be_in_type_list - KM - Wrong type for value: 1 on line 1 should be in ['int']
2019-09-30 21:28:58,280 - VO - MX - SOLOAUTOS - 2019-09-01 00:00:00 - ERROR - FILE_CHECK - expect_column_values_to_be_in_type_list - KM - Wrong type for value: 125000 on line 2 should be in ['int']
2019-09-30 21:28:58,280 - VO - MX - SOLOAUTOS - 2019-09-01 00:00:00 - ERROR - FILE_CHECK - expect_column_values_to_be_in_type_list - KM - Wrong type for value: 12345 on line 3 should be in ['int']
2019-09-30 21:28:58,280 - VO - MX - SOLOAUTOS - 2019-09-01 00:00:00 - ERROR - FILE_CHECK - expect_column_values_to_be_in_type_list - KM - Wrong type for value: 200000 on line 4 should be in ['int']
2019-09-30 21:28:58,280 - VO - MX - SOLOAUTOS - 2019-09-01 00:00:00 - ERROR - FILE_CHECK - expect_column_values_to_be_in_type_list - KM - Wrong type for value: N/D on line 5 should be in ['int']
2019-09-30 21:28:58,280 - VO - MX - SOLOAUTOS - 2019-09-01 00:00:00 - ERROR - FILE_CHECK - expect_column_values_to_be_in_type_list - KM - Wrong type for value: N/D on line 6 should be in ['int']
2019-09-30 21:28:58,280 - VO - MX - SOLOAUTOS - 2019-09-01 00:00:00 - ERROR - FILE_CHECK - expect_column_values_to_be_in_type_list - KM - Wrong type for value: 5000 on line 7 should be in ['int']
2019-09-30 21:28:58,280 - VO - MX - SOLOAUTOS - 2019-09-01 00:00:00 - ERROR - FILE_CHECK - expect_column_values_to_be_in_type_list - KM - Wrong type for value: 68000 on line 8 should be in ['int']
2019-09-30 21:28:58,280 - VO - MX - SOLOAUTOS - 2019-09-01 00:00:00 - ERROR - FILE_CHECK - expect_column_values_to_be_in_type_list - KM - Wrong type for value: 23000 on line 9 should be in ['int']
2019-09-30 21:28:58,281 - VO - MX - SOLOAUTOS - 2019-09-01 00:00:00 - ERROR - FILE_CHECK - expect_column_values_to_be_in_type_list - KM - Wrong type for value: 1 on line 10 should be in ['int']
2019-09-30 21:28:58,281 - VO - MX - SOLOAUTOS - 2019-09-01 00:00:00 - ERROR - FILE_CHECK - expect_column_values_to_be_in_type_list - KM - Wrong type for value: 1 on line 11 should be in ['int']
2019-09-30 21:28:58,281 - VO - MX - SOLOAUTOS - 2019-09-01 00:00:00 - ERROR - FILE_CHECK - expect_column_values_to_be_in_type_list - KM - Wrong type for value: 100000 on line 12 should be in ['int']
2019-09-30 21:28:58,281 - VO - MX - SOLOAUTOS - 2019-09-01 00:00:00 - ERROR - FILE_CHECK - expect_column_values_to_be_in_type_list - KM - Wrong type for value: 3470 on line 13 should be in ['int']
2019-09-30 21:28:58,281 - VO - MX - SOLOAUTOS - 2019-09-01 00:00:00 - ERROR - FILE_CHECK - expect_column_values_to_be_in_type_list - KM - Wrong type for value: N/D on line 14 should be in ['int']
2019-09-30 21:28:58,281 - VO - MX - SOLOAUTOS - 2019-09-01 00:00:00 - ERROR - FILE_CHECK - expect_column_values_to_be_in_type_list - KM - Wrong type for value: 1 on line 15 should be in ['int']
2019-09-30 21:28:58,281 - VO - MX - SOLOAUTOS - 2019-09-01 00:00:00 - ERROR - FILE_CHECK - expect_column_values_to_be_in_type_list - KM - Wrong type for value: 2650 on line 16 should be in ['int']
2019-09-30 21:28:58,281 - VO - MX - SOLOAUTOS - 2019-09-01 00:00:00 - ERROR - FILE_CHECK - expect_column_values_to_be_in_type_list - KM - Wrong type for value: 180000 on line 17 should be in ['int']
2019-09-30 21:28:58,281 - VO - MX - SOLOAUTOS - 2019-09-01 00:00:00 - ERROR - FILE_CHECK - expect_column_values_to_be_in_type_list - KM - Wrong type for value: 78640 on line 18 should be in ['int']
2019-09-30 21:28:58,281 - VO - MX - SOLOAUTOS - 2019-09-01 00:00:00 - ERROR - FILE_CHECK - expect_column_values_to_be_in_type_list - KM - Wrong type for value: 68000 on line 19 should be in ['int']
2019-09-30 21:28:58,281 - VO - MX - SOLOAUTOS - 2019-09-01 00:00:00 - ERROR - STAT - expect_column_values_to_be_in_type_list - KM - correctly filled rate (%) - 0.0
2019-09-30 21:28:58,281 - VO - MX - SOLOAUTOS - 2019-09-01 00:00:00 - ERROR - STAT - expect_column_values_to_not_be_null - KM - correctly filled rate (%) - 100.0
2019-09-30 21:28:58,281 - VO - MX - SOLOAUTOS - 2019-09-01 00:00:00 - ERROR - FILE_CHECK - expect_column_values_to_be_in_type_list - LITRE - Wrong type for value: 4.3 on line 80 should be in ['int', 'float']
2019-09-30 21:28:58,281 - VO - MX - SOLOAUTOS - 2019-09-01 00:00:00 - ERROR - FILE_CHECK - expect_column_values_to_be_in_type_list - LITRE - Wrong type for value: 5.7 on line 81 should be in ['int', 'float']
2019-09-30 21:28:58,281 - VO - MX - SOLOAUTOS - 2019-09-01 00:00:00 - ERROR - FILE_CHECK - expect_column_values_to_be_in_type_list - LITRE - Wrong type for value: 5.7 on line 83 should be in ['int', 'float']
2019-09-30 21:28:58,281 - VO - MX - SOLOAUTOS - 2019-09-01 00:00:00 - ERROR - FILE_CHECK - expect_column_values_to_be_in_type_list - LITRE - Wrong type for value: 5.7 on line 84 should be in ['int', 'float']
2019-09-30 21:28:58,281 - VO - MX - SOLOAUTOS - 2019-09-01 00:00:00 - ERROR - FILE_CHECK - expect_column_values_to_be_in_type_list - LITRE - Wrong type for value: 2.2 on line 85 should be in ['int', 'float']
2019-09-30 21:28:58,281 - VO - MX - SOLOAUTOS - 2019-09-01 00:00:00 - ERROR - FILE_CHECK - expect_column_values_to_be_in_type_list - LITRE - Wrong type for value: 3.8 on line 88 should be in ['int', 'float']
2019-09-30 21:28:58,282 - VO - MX - SOLOAUTOS - 2019-09-01 00:00:00 - ERROR - FILE_CHECK - expect_column_values_to_be_in_type_list - LITRE - Wrong type for value: 5.7 on line 93 should be in ['int', 'float']
2019-09-30 21:28:58,282 - VO - MX - SOLOAUTOS - 2019-09-01 00:00:00 - ERROR - FILE_CHECK - expect_column_values_to_be_in_type_list - LITRE - Wrong type for value: 5.7 on line 95 should be in ['int', 'float']
2019-09-30 21:28:58,282 - VO - MX - SOLOAUTOS - 2019-09-01 00:00:00 - ERROR - FILE_CHECK - expect_column_values_to_be_in_type_list - LITRE - Wrong type for value: 5.7 on line 96 should be in ['int', 'float']
2019-09-30 21:28:58,282 - VO - MX - SOLOAUTOS - 2019-09-01 00:00:00 - ERROR - FILE_CHECK - expect_column_values_to_be_in_type_list - LITRE - Wrong type for value: 5.7 on line 97 should be in ['int', 'float']
2019-09-30 21:28:58,282 - VO - MX - SOLOAUTOS - 2019-09-01 00:00:00 - ERROR - FILE_CHECK - expect_column_values_to_be_in_type_list - LITRE - Wrong type for value: 3.8 on line 98 should be in ['int', 'float']
2019-09-30 21:28:58,282 - VO - MX - SOLOAUTOS - 2019-09-01 00:00:00 - ERROR - FILE_CHECK - expect_column_values_to_be_in_type_list - LITRE - Wrong type for value: 5.9 on line 100 should be in ['int', 'float']
2019-09-30 21:28:58,282 - VO - MX - SOLOAUTOS - 2019-09-01 00:00:00 - ERROR - FILE_CHECK - expect_column_values_to_be_in_type_list - LITRE - Wrong type for value: 4.6 on line 102 should be in ['int', 'float']
2019-09-30 21:28:58,282 - VO - MX - SOLOAUTOS - 2019-09-01 00:00:00 - ERROR - FILE_CHECK - expect_column_values_to_be_in_type_list - LITRE - Wrong type for value: 1.8 on line 105 should be in ['int', 'float']
2019-09-30 21:28:58,282 - VO - MX - SOLOAUTOS - 2019-09-01 00:00:00 - ERROR - FILE_CHECK - expect_column_values_to_be_in_type_list - LITRE - Wrong type for value: 4 on line 106 should be in ['int', 'float']
2019-09-30 21:28:58,282 - VO - MX - SOLOAUTOS - 2019-09-01 00:00:00 - ERROR - FILE_CHECK - expect_column_values_to_be_in_type_list - LITRE - Wrong type for value: 4.9 on line 108 should be in ['int', 'float']
2019-09-30 21:28:58,282 - VO - MX - SOLOAUTOS - 2019-09-01 00:00:00 - ERROR - FILE_CHECK - expect_column_values_to_be_in_type_list - LITRE - Wrong type for value: 4.9 on line 109 should be in ['int', 'float']
2019-09-30 21:28:58,282 - VO - MX - SOLOAUTOS - 2019-09-01 00:00:00 - ERROR - FILE_CHECK - expect_column_values_to_be_in_type_list - LITRE - Wrong type for value: 4.9 on line 112 should be in ['int', 'float']
2019-09-30 21:28:58,282 - VO - MX - SOLOAUTOS - 2019-09-01 00:00:00 - ERROR - FILE_CHECK - expect_column_values_to_be_in_type_list - LITRE - Wrong type for value: 4.9 on line 118 should be in ['int', 'float']
2019-09-30 21:28:58,282 - VO - MX - SOLOAUTOS - 2019-09-01 00:00:00 - ERROR - FILE_CHECK - expect_column_values_to_be_in_type_list - LITRE - Wrong type for value: 4.6 on line 119 should be in ['int', 'float']
2019-09-30 21:28:58,282 - VO - MX - SOLOAUTOS - 2019-09-01 00:00:00 - ERROR - STAT - expect_column_values_to_be_in_type_list - LITRE - correctly filled rate (%) - 34.59
2019-09-30 21:28:58,282 - VO - MX - SOLOAUTOS - 2019-09-01 00:00:00 - ERROR - STAT - expect_column_values_to_not_be_null - LITRE - correctly filled rate (%) - 41.13
2019-09-30 21:28:58,282 - VO - MX - SOLOAUTOS - 2019-09-01 00:00:00 - ERROR - STAT - expect_column_values_to_not_be_null - MARQUE - correctly filled rate (%) - 100.0
2019-09-30 21:28:58,283 - VO - MX - SOLOAUTOS - 2019-09-01 00:00:00 - ERROR - STAT - expect_column_values_to_not_be_null - MODELE - correctly filled rate (%) - 99.94
2019-09-30 21:28:58,283 - VO - MX - SOLOAUTOS - 2019-09-01 00:00:00 - ERROR - STAT - expect_column_values_to_not_be_null - MOIS - correctly filled rate (%) - 0.0
2019-09-30 21:28:58,283 - VO - MX - SOLOAUTOS - 2019-09-01 00:00:00 - ERROR - STAT - expect_column_values_to_not_be_null - NOM - correctly filled rate (%) - 100.0
2019-09-30 21:28:58,283 - VO - MX - SOLOAUTOS - 2019-09-01 00:00:00 - ERROR - FILE_CHECK - expect_column_value_lengths_to_be_between - NOM - Unexpected characters count of: [2015FAWF5...] on line  20810, value length should be between 10 and 255
2019-09-30 21:28:58,283 - VO - MX - SOLOAUTOS - 2019-09-01 00:00:00 - ERROR - FILE_CHECK - expect_column_value_lengths_to_be_between - NOM - Unexpected characters count of: [BMWM12012...] on line  40645, value length should be between 10 and 255
2019-09-30 21:28:58,283 - VO - MX - SOLOAUTOS - 2019-09-01 00:00:00 - ERROR - FILE_CHECK - expect_column_value_lengths_to_be_between - NOM - Unexpected characters count of: [BMWX12017...] on line  40661, value length should be between 10 and 255
2019-09-30 21:28:58,283 - VO - MX - SOLOAUTOS - 2019-09-01 00:00:00 - ERROR - FILE_CHECK - expect_column_value_lengths_to_be_between - NOM - Unexpected characters count of: [FORD1999...] on line  40887, value length should be between 10 and 255
2019-09-30 21:28:58,283 - VO - MX - SOLOAUTOS - 2019-09-01 00:00:00 - ERROR - FILE_CHECK - expect_column_value_lengths_to_be_between - NOM - Unexpected characters count of: [FORD2007...] on line  40888, value length should be between 10 and 255
2019-09-30 21:28:58,283 - VO - MX - SOLOAUTOS - 2019-09-01 00:00:00 - ERROR - FILE_CHECK - expect_column_value_lengths_to_be_between - NOM - Unexpected characters count of: [FORD2007...] on line  40889, value length should be between 10 and 255
2019-09-30 21:28:58,283 - VO - MX - SOLOAUTOS - 2019-09-01 00:00:00 - ERROR - FILE_CHECK - expect_column_value_lengths_to_be_between - NOM - Unexpected characters count of: [HONDA2006...] on line  41004, value length should be between 10 and 255
2019-09-30 21:28:58,283 - VO - MX - SOLOAUTOS - 2019-09-01 00:00:00 - ERROR - FILE_CHECK - expect_column_value_lengths_to_be_between - NOM - Unexpected characters count of: [MAZDA2012...] on line  41053, value length should be between 10 and 255
2019-09-30 21:28:58,283 - VO - MX - SOLOAUTOS - 2019-09-01 00:00:00 - ERROR - FILE_CHECK - expect_column_value_lengths_to_be_between - NOM - Unexpected characters count of: [MAZDA2015...] on line  41054, value length should be between 10 and 255
2019-09-30 21:28:58,283 - VO - MX - SOLOAUTOS - 2019-09-01 00:00:00 - ERROR - FILE_CHECK - expect_column_value_lengths_to_be_between - NOM - Unexpected characters count of: [MAZDA2016...] on line  41055, value length should be between 10 and 255
2019-09-30 21:28:58,283 - VO - MX - SOLOAUTOS - 2019-09-01 00:00:00 - ERROR - FILE_CHECK - expect_column_value_lengths_to_be_between - NOM - Unexpected characters count of: [RAM2013...] on line  41149, value length should be between 10 and 255
2019-09-30 21:28:58,283 - VO - MX - SOLOAUTOS - 2019-09-01 00:00:00 - ERROR - STAT - expect_column_value_lengths_to_be_between - NOM - correctly filled rate (%) - 99.97
2019-09-30 21:28:58,283 - VO - MX - SOLOAUTOS - 2019-09-01 00:00:00 - ERROR - STAT - expect_column_values_to_not_be_null - OPTIONS - correctly filled rate (%) - 0.0
2019-09-30 21:28:58,283 - VO - MX - SOLOAUTOS - 2019-09-01 00:00:00 - ERROR - FILE_CHECK - expect_column_values_to_be_in_type_list - PHOTO - Wrong type for value:     8 on line 0 should be in ['int']
2019-09-30 21:28:58,284 - VO - MX - SOLOAUTOS - 2019-09-01 00:00:00 - ERROR - FILE_CHECK - expect_column_values_to_be_in_type_list - PHOTO - Wrong type for value:     12 on line 1 should be in ['int']
2019-09-30 21:28:58,284 - VO - MX - SOLOAUTOS - 2019-09-01 00:00:00 - ERROR - FILE_CHECK - expect_column_values_to_be_in_type_list - PHOTO - Wrong type for value:     23 on line 2 should be in ['int']
2019-09-30 21:28:58,284 - VO - MX - SOLOAUTOS - 2019-09-01 00:00:00 - ERROR - FILE_CHECK - expect_column_values_to_be_in_type_list - PHOTO - Wrong type for value:     4 on line 3 should be in ['int']
2019-09-30 21:28:58,284 - VO - MX - SOLOAUTOS - 2019-09-01 00:00:00 - ERROR - FILE_CHECK - expect_column_values_to_be_in_type_list - PHOTO - Wrong type for value:     12 on line 4 should be in ['int']
2019-09-30 21:28:58,284 - VO - MX - SOLOAUTOS - 2019-09-01 00:00:00 - ERROR - FILE_CHECK - expect_column_values_to_be_in_type_list - PHOTO - Wrong type for value:     24 on line 5 should be in ['int']
2019-09-30 21:28:58,284 - VO - MX - SOLOAUTOS - 2019-09-01 00:00:00 - ERROR - FILE_CHECK - expect_column_values_to_be_in_type_list - PHOTO - Wrong type for value:     7 on line 6 should be in ['int']
2019-09-30 21:28:58,284 - VO - MX - SOLOAUTOS - 2019-09-01 00:00:00 - ERROR - FILE_CHECK - expect_column_values_to_be_in_type_list - PHOTO - Wrong type for value:     7 on line 7 should be in ['int']
2019-09-30 21:28:58,284 - VO - MX - SOLOAUTOS - 2019-09-01 00:00:00 - ERROR - FILE_CHECK - expect_column_values_to_be_in_type_list - PHOTO - Wrong type for value:     15 on line 8 should be in ['int']
2019-09-30 21:28:58,284 - VO - MX - SOLOAUTOS - 2019-09-01 00:00:00 - ERROR - FILE_CHECK - expect_column_values_to_be_in_type_list - PHOTO - Wrong type for value:     6 on line 9 should be in ['int']
2019-09-30 21:28:58,284 - VO - MX - SOLOAUTOS - 2019-09-01 00:00:00 - ERROR - FILE_CHECK - expect_column_values_to_be_in_type_list - PHOTO - Wrong type for value:     9 on line 10 should be in ['int']
2019-09-30 21:28:58,284 - VO - MX - SOLOAUTOS - 2019-09-01 00:00:00 - ERROR - FILE_CHECK - expect_column_values_to_be_in_type_list - PHOTO - Wrong type for value:     5 on line 11 should be in ['int']
2019-09-30 21:28:58,284 - VO - MX - SOLOAUTOS - 2019-09-01 00:00:00 - ERROR - FILE_CHECK - expect_column_values_to_be_in_type_list - PHOTO - Wrong type for value:     13 on line 12 should be in ['int']
2019-09-30 21:28:58,284 - VO - MX - SOLOAUTOS - 2019-09-01 00:00:00 - ERROR - FILE_CHECK - expect_column_values_to_be_in_type_list - PHOTO - Wrong type for value:     3 on line 13 should be in ['int']
2019-09-30 21:28:58,284 - VO - MX - SOLOAUTOS - 2019-09-01 00:00:00 - ERROR - FILE_CHECK - expect_column_values_to_be_in_type_list - PHOTO - Wrong type for value:     6 on line 14 should be in ['int']
2019-09-30 21:28:58,284 - VO - MX - SOLOAUTOS - 2019-09-01 00:00:00 - ERROR - FILE_CHECK - expect_column_values_to_be_in_type_list - PHOTO - Wrong type for value:     7 on line 15 should be in ['int']
2019-09-30 21:28:58,284 - VO - MX - SOLOAUTOS - 2019-09-01 00:00:00 - ERROR - FILE_CHECK - expect_column_values_to_be_in_type_list - PHOTO - Wrong type for value:     10 on line 16 should be in ['int']
2019-09-30 21:28:58,284 - VO - MX - SOLOAUTOS - 2019-09-01 00:00:00 - ERROR - FILE_CHECK - expect_column_values_to_be_in_type_list - PHOTO - Wrong type for value:     10 on line 17 should be in ['int']
2019-09-30 21:28:58,284 - VO - MX - SOLOAUTOS - 2019-09-01 00:00:00 - ERROR - FILE_CHECK - expect_column_values_to_be_in_type_list - PHOTO - Wrong type for value:     12 on line 18 should be in ['int']
2019-09-30 21:28:58,285 - VO - MX - SOLOAUTOS - 2019-09-01 00:00:00 - ERROR - FILE_CHECK - expect_column_values_to_be_in_type_list - PHOTO - Wrong type for value:     7 on line 19 should be in ['int']
2019-09-30 21:28:58,285 - VO - MX - SOLOAUTOS - 2019-09-01 00:00:00 - ERROR - STAT - expect_column_values_to_be_in_type_list - PHOTO - correctly filled rate (%) - 0.0
2019-09-30 21:28:58,285 - VO - MX - SOLOAUTOS - 2019-09-01 00:00:00 - ERROR - STAT - expect_column_values_to_not_be_null - PHOTO - correctly filled rate (%) - 100.0
2019-09-30 21:28:58,285 - VO - MX - SOLOAUTOS - 2019-09-01 00:00:00 - ERROR - FILE_CHECK - expect_column_values_to_be_in_type_list - PLACE - Wrong type for value: 6.0 on line 80 should be in ['int']
2019-09-30 21:28:58,285 - VO - MX - SOLOAUTOS - 2019-09-01 00:00:00 - ERROR - FILE_CHECK - expect_column_values_to_be_in_type_list - PLACE - Wrong type for value: 3.0 on line 81 should be in ['int']
2019-09-30 21:28:58,285 - VO - MX - SOLOAUTOS - 2019-09-01 00:00:00 - ERROR - FILE_CHECK - expect_column_values_to_be_in_type_list - PLACE - Wrong type for value: 4.0 on line 83 should be in ['int']
2019-09-30 21:28:58,285 - VO - MX - SOLOAUTOS - 2019-09-01 00:00:00 - ERROR - FILE_CHECK - expect_column_values_to_be_in_type_list - PLACE - Wrong type for value: 4.0 on line 84 should be in ['int']
2019-09-30 21:28:58,285 - VO - MX - SOLOAUTOS - 2019-09-01 00:00:00 - ERROR - FILE_CHECK - expect_column_values_to_be_in_type_list - PLACE - Wrong type for value: 5.0 on line 85 should be in ['int']
2019-09-30 21:28:58,285 - VO - MX - SOLOAUTOS - 2019-09-01 00:00:00 - ERROR - FILE_CHECK - expect_column_values_to_be_in_type_list - PLACE - Wrong type for value: 7.0 on line 88 should be in ['int']
2019-09-30 21:28:58,285 - VO - MX - SOLOAUTOS - 2019-09-01 00:00:00 - ERROR - FILE_CHECK - expect_column_values_to_be_in_type_list - PLACE - Wrong type for value: 5.0 on line 93 should be in ['int']
2019-09-30 21:28:58,285 - VO - MX - SOLOAUTOS - 2019-09-01 00:00:00 - ERROR - FILE_CHECK - expect_column_values_to_be_in_type_list - PLACE - Wrong type for value: 7.0 on line 98 should be in ['int']
2019-09-30 21:28:58,285 - VO - MX - SOLOAUTOS - 2019-09-01 00:00:00 - ERROR - FILE_CHECK - expect_column_values_to_be_in_type_list - PLACE - Wrong type for value: 6.0 on line 100 should be in ['int']
2019-09-30 21:28:58,285 - VO - MX - SOLOAUTOS - 2019-09-01 00:00:00 - ERROR - FILE_CHECK - expect_column_values_to_be_in_type_list - PLACE - Wrong type for value: 5.0 on line 102 should be in ['int']
2019-09-30 21:28:58,285 - VO - MX - SOLOAUTOS - 2019-09-01 00:00:00 - ERROR - FILE_CHECK - expect_column_values_to_be_in_type_list - PLACE - Wrong type for value: 5.0 on line 105 should be in ['int']
2019-09-30 21:28:58,285 - VO - MX - SOLOAUTOS - 2019-09-01 00:00:00 - ERROR - FILE_CHECK - expect_column_values_to_be_in_type_list - PLACE - Wrong type for value: 5.0 on line 106 should be in ['int']
2019-09-30 21:28:58,285 - VO - MX - SOLOAUTOS - 2019-09-01 00:00:00 - ERROR - FILE_CHECK - expect_column_values_to_be_in_type_list - PLACE - Wrong type for value: 3.0 on line 108 should be in ['int']
2019-09-30 21:28:58,285 - VO - MX - SOLOAUTOS - 2019-09-01 00:00:00 - ERROR - FILE_CHECK - expect_column_values_to_be_in_type_list - PLACE - Wrong type for value: 3.0 on line 109 should be in ['int']
2019-09-30 21:28:58,285 - VO - MX - SOLOAUTOS - 2019-09-01 00:00:00 - ERROR - FILE_CHECK - expect_column_values_to_be_in_type_list - PLACE - Wrong type for value: 3.0 on line 112 should be in ['int']
2019-09-30 21:28:58,286 - VO - MX - SOLOAUTOS - 2019-09-01 00:00:00 - ERROR - FILE_CHECK - expect_column_values_to_be_in_type_list - PLACE - Wrong type for value: 3.0 on line 118 should be in ['int']
2019-09-30 21:28:58,286 - VO - MX - SOLOAUTOS - 2019-09-01 00:00:00 - ERROR - FILE_CHECK - expect_column_values_to_be_in_type_list - PLACE - Wrong type for value: 6.0 on line 119 should be in ['int']
2019-09-30 21:28:58,286 - VO - MX - SOLOAUTOS - 2019-09-01 00:00:00 - ERROR - FILE_CHECK - expect_column_values_to_be_in_type_list - PLACE - Wrong type for value: 6.0 on line 120 should be in ['int']
2019-09-30 21:28:58,286 - VO - MX - SOLOAUTOS - 2019-09-01 00:00:00 - ERROR - FILE_CHECK - expect_column_values_to_be_in_type_list - PLACE - Wrong type for value: 6.0 on line 122 should be in ['int']
2019-09-30 21:28:58,286 - VO - MX - SOLOAUTOS - 2019-09-01 00:00:00 - ERROR - FILE_CHECK - expect_column_values_to_be_in_type_list - PLACE - Wrong type for value: 6.0 on line 123 should be in ['int']
2019-09-30 21:28:58,286 - VO - MX - SOLOAUTOS - 2019-09-01 00:00:00 - ERROR - STAT - expect_column_values_to_be_in_type_list - PLACE - correctly filled rate (%) - 0.0
2019-09-30 21:28:58,286 - VO - MX - SOLOAUTOS - 2019-09-01 00:00:00 - ERROR - STAT - expect_column_values_to_not_be_null - PLACE - correctly filled rate (%) - 41.39
2019-09-30 21:28:58,286 - VO - MX - SOLOAUTOS - 2019-09-01 00:00:00 - ERROR - STAT - expect_column_values_to_not_be_null - PORTE - correctly filled rate (%) - 44.82
2019-09-30 21:28:58,286 - VO - MX - SOLOAUTOS - 2019-09-01 00:00:00 - ERROR - STAT - expect_column_values_to_be_in_type_list - PORTE - correctly filled rate (%) - 100.0
2019-09-30 21:28:58,286 - VO - MX - SOLOAUTOS - 2019-09-01 00:00:00 - ERROR - FILE_CHECK - expect_column_values_to_be_in_type_list - PRIX - Wrong type for value: 130000 MXN on line 0 should be in ['int']
2019-09-30 21:28:58,286 - VO - MX - SOLOAUTOS - 2019-09-01 00:00:00 - ERROR - FILE_CHECK - expect_column_values_to_be_in_type_list - PRIX - Wrong type for value: 95000 MXN on line 1 should be in ['int']
2019-09-30 21:28:58,286 - VO - MX - SOLOAUTOS - 2019-09-01 00:00:00 - ERROR - FILE_CHECK - expect_column_values_to_be_in_type_list - PRIX - Wrong type for value: 350000 MXN on line 2 should be in ['int']
2019-09-30 21:28:58,286 - VO - MX - SOLOAUTOS - 2019-09-01 00:00:00 - ERROR - FILE_CHECK - expect_column_values_to_be_in_type_list - PRIX - Wrong type for value: 275000 MXN on line 3 should be in ['int']
2019-09-30 21:28:58,286 - VO - MX - SOLOAUTOS - 2019-09-01 00:00:00 - ERROR - FILE_CHECK - expect_column_values_to_be_in_type_list - PRIX - Wrong type for value: 320000 MXN on line 4 should be in ['int']
2019-09-30 21:28:58,286 - VO - MX - SOLOAUTOS - 2019-09-01 00:00:00 - ERROR - FILE_CHECK - expect_column_values_to_be_in_type_list - PRIX - Wrong type for value: 185000 MXN on line 5 should be in ['int']
2019-09-30 21:28:58,286 - VO - MX - SOLOAUTOS - 2019-09-01 00:00:00 - ERROR - FILE_CHECK - expect_column_values_to_be_in_type_list - PRIX - Wrong type for value: 250000 MXN on line 6 should be in ['int']
2019-09-30 21:28:58,286 - VO - MX - SOLOAUTOS - 2019-09-01 00:00:00 - ERROR - FILE_CHECK - expect_column_values_to_be_in_type_list - PRIX - Wrong type for value: 350000 MXN on line 7 should be in ['int']
2019-09-30 21:28:58,287 - VO - MX - SOLOAUTOS - 2019-09-01 00:00:00 - ERROR - FILE_CHECK - expect_column_values_to_be_in_type_list - PRIX - Wrong type for value: 320000 MXN on line 8 should be in ['int']
2019-09-30 21:28:58,287 - VO - MX - SOLOAUTOS - 2019-09-01 00:00:00 - ERROR - FILE_CHECK - expect_column_values_to_be_in_type_list - PRIX - Wrong type for value: 135000 MXN on line 9 should be in ['int']
2019-09-30 21:28:58,287 - VO - MX - SOLOAUTOS - 2019-09-01 00:00:00 - ERROR - FILE_CHECK - expect_column_values_to_be_in_type_list - PRIX - Wrong type for value: 400000 MXN on line 10 should be in ['int']
2019-09-30 21:28:58,287 - VO - MX - SOLOAUTOS - 2019-09-01 00:00:00 - ERROR - FILE_CHECK - expect_column_values_to_be_in_type_list - PRIX - Wrong type for value: 45000 MXN on line 11 should be in ['int']
2019-09-30 21:28:58,287 - VO - MX - SOLOAUTOS - 2019-09-01 00:00:00 - ERROR - FILE_CHECK - expect_column_values_to_be_in_type_list - PRIX - Wrong type for value: 150000 MXN on line 12 should be in ['int']
2019-09-30 21:28:58,287 - VO - MX - SOLOAUTOS - 2019-09-01 00:00:00 - ERROR - FILE_CHECK - expect_column_values_to_be_in_type_list - PRIX - Wrong type for value: 750000 MXN on line 13 should be in ['int']
2019-09-30 21:28:58,287 - VO - MX - SOLOAUTOS - 2019-09-01 00:00:00 - ERROR - FILE_CHECK - expect_column_values_to_be_in_type_list - PRIX - Wrong type for value: 350000 MXN on line 14 should be in ['int']
2019-09-30 21:28:58,287 - VO - MX - SOLOAUTOS - 2019-09-01 00:00:00 - ERROR - FILE_CHECK - expect_column_values_to_be_in_type_list - PRIX - Wrong type for value: 140000 MXN on line 15 should be in ['int']
2019-09-30 21:28:58,287 - VO - MX - SOLOAUTOS - 2019-09-01 00:00:00 - ERROR - FILE_CHECK - expect_column_values_to_be_in_type_list - PRIX - Wrong type for value: 95000 MXN on line 16 should be in ['int']
2019-09-30 21:28:58,287 - VO - MX - SOLOAUTOS - 2019-09-01 00:00:00 - ERROR - FILE_CHECK - expect_column_values_to_be_in_type_list - PRIX - Wrong type for value: 115000 MXN on line 17 should be in ['int']
2019-09-30 21:28:58,287 - VO - MX - SOLOAUTOS - 2019-09-01 00:00:00 - ERROR - FILE_CHECK - expect_column_values_to_be_in_type_list - PRIX - Wrong type for value: 439000 MXN on line 18 should be in ['int']
2019-09-30 21:28:58,287 - VO - MX - SOLOAUTOS - 2019-09-01 00:00:00 - ERROR - FILE_CHECK - expect_column_values_to_be_in_type_list - PRIX - Wrong type for value: 639000 MXN on line 19 should be in ['int']
2019-09-30 21:28:58,287 - VO - MX - SOLOAUTOS - 2019-09-01 00:00:00 - ERROR - STAT - expect_column_values_to_be_in_type_list - PRIX - correctly filled rate (%) - 0.0
2019-09-30 21:28:58,287 - VO - MX - SOLOAUTOS - 2019-09-01 00:00:00 - ERROR - STAT - expect_column_values_to_not_be_null - PRIX - correctly filled rate (%) - 100.0
2019-09-30 21:28:58,287 - VO - MX - SOLOAUTOS - 2019-09-01 00:00:00 - ERROR - STAT - expect_column_values_to_not_be_null - PROVINCE - correctly filled rate (%) - 99.86
2019-09-30 21:28:58,287 - VO - MX - SOLOAUTOS - 2019-09-01 00:00:00 - ERROR - STAT - expect_column_values_to_not_be_null - SITE - correctly filled rate (%) - 100.0
2019-09-30 21:28:58,287 - VO - MX - SOLOAUTOS - 2019-09-01 00:00:00 - ERROR - STAT - expect_column_values_to_not_be_null - TELEPHONE - correctly filled rate (%) - 97.28
2019-09-30 21:28:58,288 - VO - MX - SOLOAUTOS - 2019-09-01 00:00:00 - ERROR - STAT - expect_column_values_to_be_phone_number - TELEPHONE - correctly filled rate (%) - 99.88
2019-09-30 21:28:58,288 - VO - MX - SOLOAUTOS - 2019-09-01 00:00:00 - ERROR - STAT - expect_column_values_to_not_be_null - TYPE - correctly filled rate (%) - 100.0
2019-09-30 21:28:58,288 - VO - MX - SOLOAUTOS - 2019-09-01 00:00:00 - ERROR - STAT - expect_column_values_to_be_in_set_2 - TYPE - observed proportion - 100.0
2019-09-30 21:28:58,288 - VO - MX - SOLOAUTOS - 2019-09-01 00:00:00 - ERROR - STAT - expect_column_values_to_not_be_null - VILLE - correctly filled rate (%) - 79.15
2019-09-30 21:28:58,288 - VO - MX - SOLOAUTOS - 2019-09-01 00:00:00 - ERROR - STAT - expect_column_values_to_not_be_null - VN_IND - correctly filled rate (%) - 100.0
2019-09-30 21:28:58,288 - VO - MX - SOLOAUTOS - 2019-09-01 00:00:00 - ERROR - STAT - expect_column_values_to_be_in_set - VN_IND - correctly filled rate (%) - 100.0
2019-09-30 21:28:58,288 - VO - MX - SOLOAUTOS - 2019-09-01 00:00:00 - ERROR - STAT - expect_returning_row_count_on_conditions - DEALER_USEDCARS - total number of row with conditions - 24244
2019-09-30 21:28:58,288 - VO - MX - SOLOAUTOS - 2019-09-01 00:00:00 - ERROR - STAT - expect_returning_row_count_on_conditions - PRIVATE_USEDCARS - total number of row with conditions - 17016
2019-09-30 21:28:58,288 - VO - MX - SOLOAUTOS - 2019-09-01 00:00:00 - ERROR - STAT - expect_returning_row_unique_count - CARROSSERIE - total number of unique rows - 44
2019-09-30 21:28:58,288 - VO - MX - SOLOAUTOS - 2019-09-01 00:00:00 - ERROR - STAT - expect_returning_row_unique_count - CARBURANT - total number of unique rows - 23
2019-09-30 21:28:58,288 - VO - MX - SOLOAUTOS - 2019-09-01 00:00:00 - ERROR - STAT - expect_column_values_to_not_be_null - CYLINDRE - correctly filled rate (%) - 41.39
2019-09-30 21:28:58,288 - VO - MX - SOLOAUTOS - 2019-09-01 00:00:00 - ERROR - FILE_CHECK - expect_column_values_to_be_in_type_list - CYLINDRE - Wrong type for value: 6.0 on line 80 should be in ['int']
2019-09-30 21:28:58,288 - VO - MX - SOLOAUTOS - 2019-09-01 00:00:00 - ERROR - FILE_CHECK - expect_column_values_to_be_in_type_list - CYLINDRE - Wrong type for value: 8.0 on line 81 should be in ['int']
2019-09-30 21:28:58,288 - VO - MX - SOLOAUTOS - 2019-09-01 00:00:00 - ERROR - FILE_CHECK - expect_column_values_to_be_in_type_list - CYLINDRE - Wrong type for value: 8.0 on line 83 should be in ['int']
2019-09-30 21:28:58,288 - VO - MX - SOLOAUTOS - 2019-09-01 00:00:00 - ERROR - FILE_CHECK - expect_column_values_to_be_in_type_list - CYLINDRE - Wrong type for value: 8.0 on line 84 should be in ['int']
2019-09-30 21:28:58,288 - VO - MX - SOLOAUTOS - 2019-09-01 00:00:00 - ERROR - FILE_CHECK - expect_column_values_to_be_in_type_list - CYLINDRE - Wrong type for value: 4.0 on line 85 should be in ['int']
2019-09-30 21:28:58,289 - VO - MX - SOLOAUTOS - 2019-09-01 00:00:00 - ERROR - FILE_CHECK - expect_column_values_to_be_in_type_list - CYLINDRE - Wrong type for value: 6.0 on line 88 should be in ['int']
2019-09-30 21:28:58,289 - VO - MX - SOLOAUTOS - 2019-09-01 00:00:00 - ERROR - FILE_CHECK - expect_column_values_to_be_in_type_list - CYLINDRE - Wrong type for value: 8.0 on line 93 should be in ['int']
2019-09-30 21:28:58,289 - VO - MX - SOLOAUTOS - 2019-09-01 00:00:00 - ERROR - FILE_CHECK - expect_column_values_to_be_in_type_list - CYLINDRE - Wrong type for value: 8.0 on line 95 should be in ['int']
2019-09-30 21:28:58,289 - VO - MX - SOLOAUTOS - 2019-09-01 00:00:00 - ERROR - FILE_CHECK - expect_column_values_to_be_in_type_list - CYLINDRE - Wrong type for value: 8.0 on line 96 should be in ['int']
2019-09-30 21:28:58,289 - VO - MX - SOLOAUTOS - 2019-09-01 00:00:00 - ERROR - FILE_CHECK - expect_column_values_to_be_in_type_list - CYLINDRE - Wrong type for value: 8.0 on line 97 should be in ['int']
2019-09-30 21:28:58,289 - VO - MX - SOLOAUTOS - 2019-09-01 00:00:00 - ERROR - FILE_CHECK - expect_column_values_to_be_in_type_list - CYLINDRE - Wrong type for value: 6.0 on line 98 should be in ['int']
2019-09-30 21:28:58,289 - VO - MX - SOLOAUTOS - 2019-09-01 00:00:00 - ERROR - FILE_CHECK - expect_column_values_to_be_in_type_list - CYLINDRE - Wrong type for value: 8.0 on line 100 should be in ['int']
2019-09-30 21:28:58,289 - VO - MX - SOLOAUTOS - 2019-09-01 00:00:00 - ERROR - FILE_CHECK - expect_column_values_to_be_in_type_list - CYLINDRE - Wrong type for value: 8.0 on line 102 should be in ['int']
2019-09-30 21:28:58,289 - VO - MX - SOLOAUTOS - 2019-09-01 00:00:00 - ERROR - FILE_CHECK - expect_column_values_to_be_in_type_list - CYLINDRE - Wrong type for value: 4.0 on line 105 should be in ['int']
2019-09-30 21:28:58,289 - VO - MX - SOLOAUTOS - 2019-09-01 00:00:00 - ERROR - FILE_CHECK - expect_column_values_to_be_in_type_list - CYLINDRE - Wrong type for value: 6.0 on line 106 should be in ['int']
2019-09-30 21:28:58,289 - VO - MX - SOLOAUTOS - 2019-09-01 00:00:00 - ERROR - FILE_CHECK - expect_column_values_to_be_in_type_list - CYLINDRE - Wrong type for value: 6.0 on line 108 should be in ['int']
2019-09-30 21:28:58,289 - VO - MX - SOLOAUTOS - 2019-09-01 00:00:00 - ERROR - FILE_CHECK - expect_column_values_to_be_in_type_list - CYLINDRE - Wrong type for value: 6.0 on line 109 should be in ['int']
2019-09-30 21:28:58,289 - VO - MX - SOLOAUTOS - 2019-09-01 00:00:00 - ERROR - FILE_CHECK - expect_column_values_to_be_in_type_list - CYLINDRE - Wrong type for value: 6.0 on line 112 should be in ['int']
2019-09-30 21:28:58,289 - VO - MX - SOLOAUTOS - 2019-09-01 00:00:00 - ERROR - FILE_CHECK - expect_column_values_to_be_in_type_list - CYLINDRE - Wrong type for value: 8.0 on line 118 should be in ['int']
2019-09-30 21:28:58,289 - VO - MX - SOLOAUTOS - 2019-09-01 00:00:00 - ERROR - FILE_CHECK - expect_column_values_to_be_in_type_list - CYLINDRE - Wrong type for value: 8.0 on line 119 should be in ['int']
2019-09-30 21:28:58,289 - VO - MX - SOLOAUTOS - 2019-09-01 00:00:00 - ERROR - STAT - expect_column_values_to_be_in_type_list - CYLINDRE - correctly filled rate (%) - 0.0
2019-09-30 21:28:58,289 - VO - MX - SOLOAUTOS - 2019-09-01 00:00:00 - ERROR - STAT - expect_returning_row_unique_count - PROVINCE - total number of unique rows - 32
2019-09-30 21:28:58,290 - VO - MX - SOLOAUTOS - 2019-09-01 00:00:00 - ERROR - STAT - expect_returning_row_unique_count - VILLE - total number of unique rows - 318
2019-09-30 21:28:58,290 - VO - MX - SOLOAUTOS - 2019-09-01 00:00:00 - ERROR - STAT - expect_returning_row_unique_count - DEPARTEMENT - total number of unique rows - 0
2019-09-30 21:28:58,290 - VO - MX - SOLOAUTOS - 2019-09-01 00:00:00 - ERROR - STAT - expect_returning_row_unique_count - GARAGE_ID - total number of unique rows - 0
