2019-11-22 12:25:56,268 - CAMION - FR - MOBILEDE - 2019-11-01 00:00:00 - ERROR - FILE_VALIDATE - expect_file_to_be_validated - EVERY_COLUMNS - False - 0
2019-11-22 12:25:56,268 - CAMION - FR - MOBILEDE - 2019-11-01 00:00:00 - ERROR - STAT - expect_column_values_to_not_be_null - ADRESSE - correctly filled rate (%) - 99.41
2019-11-22 12:25:56,268 - CAMION - FR - MOBILEDE - 2019-11-01 00:00:00 - ERROR - FILE_VALIDATE - expect_column_values_to_not_be_null - ADRESSE - True - 1
2019-11-22 12:25:56,268 - CAMION - FR - MOBILEDE - 2019-11-01 00:00:00 - ERROR - STAT - expect_column_values_to_be_in_type_list - ANNEE - correctly filled rate (%) - 100.0
2019-11-22 12:25:56,268 - CAMION - FR - MOBILEDE - 2019-11-01 00:00:00 - ERROR - FILE_VALIDATE - expect_column_values_to_be_in_type_list - ANNEE - True - 1
2019-11-22 12:25:56,268 - CAMION - FR - MOBILEDE - 2019-11-01 00:00:00 - ERROR - STAT - expect_column_values_to_be_between - ANNEE - correctly filled rate (%) - 97.49
2019-11-22 12:25:56,268 - CAMION - FR - MOBILEDE - 2019-11-01 00:00:00 - ERROR - STAT - expect_column_values_to_be_between - ANNEE - unexpected count - 17
2019-11-22 12:25:56,268 - CAMION - FR - MOBILEDE - 2019-11-01 00:00:00 - ERROR - FILE_VALIDATE - expect_column_values_to_be_between - ANNEE - True - 1
2019-11-22 12:25:56,268 - CAMION - FR - MOBILEDE - 2019-11-01 00:00:00 - ERROR - STAT - expect_column_values_to_not_be_null - ANNEE - correctly filled rate (%) - 100.0
2019-11-22 12:25:56,268 - CAMION - FR - MOBILEDE - 2019-11-01 00:00:00 - ERROR - FILE_VALIDATE - expect_column_values_to_not_be_null - ANNEE - True - 1
2019-11-22 12:25:56,268 - CAMION - FR - MOBILEDE - 2019-11-01 00:00:00 - ERROR - FILE_CHECK - expect_column_values_to_match_regex - ANNEE - Unexpected value: 0 on line 22, value should match regexp ^[0-9]{4}$
2019-11-22 12:25:56,269 - CAMION - FR - MOBILEDE - 2019-11-01 00:00:00 - ERROR - FILE_CHECK - expect_column_values_to_match_regex - ANNEE - Unexpected value: 0 on line 78, value should match regexp ^[0-9]{4}$
2019-11-22 12:25:56,269 - CAMION - FR - MOBILEDE - 2019-11-01 00:00:00 - ERROR - FILE_CHECK - expect_column_values_to_match_regex - ANNEE - Unexpected value: 0 on line 214, value should match regexp ^[0-9]{4}$
2019-11-22 12:25:56,269 - CAMION - FR - MOBILEDE - 2019-11-01 00:00:00 - ERROR - FILE_CHECK - expect_column_values_to_match_regex - ANNEE - Unexpected value: 0 on line 274, value should match regexp ^[0-9]{4}$
2019-11-22 12:25:56,269 - CAMION - FR - MOBILEDE - 2019-11-01 00:00:00 - ERROR - FILE_CHECK - expect_column_values_to_match_regex - ANNEE - Unexpected value: 0 on line 407, value should match regexp ^[0-9]{4}$
2019-11-22 12:25:56,269 - CAMION - FR - MOBILEDE - 2019-11-01 00:00:00 - ERROR - FILE_CHECK - expect_column_values_to_match_regex - ANNEE - Unexpected value: 0 on line 450, value should match regexp ^[0-9]{4}$
2019-11-22 12:25:56,269 - CAMION - FR - MOBILEDE - 2019-11-01 00:00:00 - ERROR - FILE_CHECK - expect_column_values_to_match_regex - ANNEE - Unexpected value: 0 on line 498, value should match regexp ^[0-9]{4}$
2019-11-22 12:25:56,269 - CAMION - FR - MOBILEDE - 2019-11-01 00:00:00 - ERROR - FILE_CHECK - expect_column_values_to_match_regex - ANNEE - Unexpected value: 0 on line 499, value should match regexp ^[0-9]{4}$
2019-11-22 12:25:56,269 - CAMION - FR - MOBILEDE - 2019-11-01 00:00:00 - ERROR - FILE_CHECK - expect_column_values_to_match_regex - ANNEE - Unexpected value: 0 on line 519, value should match regexp ^[0-9]{4}$
2019-11-22 12:25:56,269 - CAMION - FR - MOBILEDE - 2019-11-01 00:00:00 - ERROR - FILE_CHECK - expect_column_values_to_match_regex - ANNEE - Unexpected value: 0 on line 585, value should match regexp ^[0-9]{4}$
2019-11-22 12:25:56,269 - CAMION - FR - MOBILEDE - 2019-11-01 00:00:00 - ERROR - FILE_CHECK - expect_column_values_to_match_regex - ANNEE - Unexpected value: 0 on line 652, value should match regexp ^[0-9]{4}$
2019-11-22 12:25:56,269 - CAMION - FR - MOBILEDE - 2019-11-01 00:00:00 - ERROR - FILE_CHECK - expect_column_values_to_match_regex - ANNEE - Unexpected value: 0 on line 672, value should match regexp ^[0-9]{4}$
2019-11-22 12:25:56,269 - CAMION - FR - MOBILEDE - 2019-11-01 00:00:00 - ERROR - STAT - expect_column_values_to_match_regex - ANNEE - correctly filled rate (%) - 98.23
2019-11-22 12:25:56,269 - CAMION - FR - MOBILEDE - 2019-11-01 00:00:00 - ERROR - FILE_VALIDATE - expect_column_values_to_match_regex - ANNEE - False - 0
2019-11-22 12:25:56,269 - CAMION - FR - MOBILEDE - 2019-11-01 00:00:00 - ERROR - STAT - expect_column_values_to_not_be_null - ANNONCE_LINK - correctly filled rate (%) - 100.0
2019-11-22 12:25:56,269 - CAMION - FR - MOBILEDE - 2019-11-01 00:00:00 - ERROR - FILE_VALIDATE - expect_column_values_to_not_be_null - ANNONCE_LINK - True - 1
2019-11-22 12:25:56,269 - CAMION - FR - MOBILEDE - 2019-11-01 00:00:00 - ERROR - STAT - expect_column_values_to_be_unique - ANNONCE_LINK - observed proportion - 100.0
2019-11-22 12:25:56,269 - CAMION - FR - MOBILEDE - 2019-11-01 00:00:00 - ERROR - FILE_VALIDATE - expect_column_values_to_be_unique - ANNONCE_LINK - True - 1
2019-11-22 12:25:56,269 - CAMION - FR - MOBILEDE - 2019-11-01 00:00:00 - ERROR - STAT - expect_column_values_to_not_be_null - CARBURANT - correctly filled rate (%) - 74.0
2019-11-22 12:25:56,270 - CAMION - FR - MOBILEDE - 2019-11-01 00:00:00 - ERROR - FILE_VALIDATE - expect_column_values_to_not_be_null - CARBURANT - False - 0
2019-11-22 12:25:56,270 - CAMION - FR - MOBILEDE - 2019-11-01 00:00:00 - ERROR - STAT - expect_column_values_to_not_be_null - CARROSSERIE - correctly filled rate (%) - 100.0
2019-11-22 12:25:56,270 - CAMION - FR - MOBILEDE - 2019-11-01 00:00:00 - ERROR - FILE_VALIDATE - expect_column_values_to_not_be_null - CARROSSERIE - True - 1
2019-11-22 12:25:56,270 - CAMION - FR - MOBILEDE - 2019-11-01 00:00:00 - ERROR - STAT - expect_column_values_to_not_be_null - CP - correctly filled rate (%) - 100.0
2019-11-22 12:25:56,270 - CAMION - FR - MOBILEDE - 2019-11-01 00:00:00 - ERROR - FILE_VALIDATE - expect_column_values_to_not_be_null - CP - True - 1
2019-11-22 12:25:56,270 - CAMION - FR - MOBILEDE - 2019-11-01 00:00:00 - ERROR - STAT - expect_column_values_to_match_regex - CP - correctly filled rate (%) - 100.0
2019-11-22 12:25:56,270 - CAMION - FR - MOBILEDE - 2019-11-01 00:00:00 - ERROR - FILE_VALIDATE - expect_column_values_to_match_regex - CP - True - 1
2019-11-22 12:25:56,270 - CAMION - FR - MOBILEDE - 2019-11-01 00:00:00 - ERROR - STAT - expect_column_values_to_not_be_null - GARAGE_ID - correctly filled rate (%) - 98.82
2019-11-22 12:25:56,270 - CAMION - FR - MOBILEDE - 2019-11-01 00:00:00 - ERROR - FILE_VALIDATE - expect_column_values_to_not_be_null - GARAGE_ID - False - 0
2019-11-22 12:25:56,270 - CAMION - FR - MOBILEDE - 2019-11-01 00:00:00 - ERROR - STAT - expect_column_values_to_not_be_null - ID_CLIENT - correctly filled rate (%) - 100.0
2019-11-22 12:25:56,270 - CAMION - FR - MOBILEDE - 2019-11-01 00:00:00 - ERROR - FILE_VALIDATE - expect_column_values_to_not_be_null - ID_CLIENT - True - 1
2019-11-22 12:25:56,270 - CAMION - FR - MOBILEDE - 2019-11-01 00:00:00 - ERROR - STAT - expect_column_values_to_be_unique - ID_CLIENT - observed proportion - 100.0
2019-11-22 12:25:56,270 - CAMION - FR - MOBILEDE - 2019-11-01 00:00:00 - ERROR - FILE_VALIDATE - expect_column_values_to_be_unique - ID_CLIENT - True - 1
2019-11-22 12:25:56,270 - CAMION - FR - MOBILEDE - 2019-11-01 00:00:00 - ERROR - STAT - expect_returning_row_count - EVERY_COLUMNS - total number of rows - 677
2019-11-22 12:25:56,270 - CAMION - FR - MOBILEDE - 2019-11-01 00:00:00 - ERROR - STAT - expect_column_values_to_not_be_null - IMMAT - correctly filled rate (%) - 100.0
2019-11-22 12:25:56,270 - CAMION - FR - MOBILEDE - 2019-11-01 00:00:00 - ERROR - FILE_VALIDATE - expect_column_values_to_not_be_null - IMMAT - True - 1
2019-11-22 12:25:56,270 - CAMION - FR - MOBILEDE - 2019-11-01 00:00:00 - ERROR - STAT - expect_column_values_to_be_in_type_list - KM - correctly filled rate (%) - 100.0
2019-11-22 12:25:56,270 - CAMION - FR - MOBILEDE - 2019-11-01 00:00:00 - ERROR - FILE_VALIDATE - expect_column_values_to_be_in_type_list - KM - True - 1
2019-11-22 12:25:56,271 - CAMION - FR - MOBILEDE - 2019-11-01 00:00:00 - ERROR - STAT - expect_column_values_to_not_be_null - KM - correctly filled rate (%) - 100.0
2019-11-22 12:25:56,271 - CAMION - FR - MOBILEDE - 2019-11-01 00:00:00 - ERROR - FILE_VALIDATE - expect_column_values_to_not_be_null - KM - True - 1
2019-11-22 12:25:56,271 - CAMION - FR - MOBILEDE - 2019-11-01 00:00:00 - ERROR - STAT - expect_column_values_to_be_in_type_list - LITRE - correctly filled rate (%) - 100.0
2019-11-22 12:25:56,271 - CAMION - FR - MOBILEDE - 2019-11-01 00:00:00 - ERROR - FILE_VALIDATE - expect_column_values_to_be_in_type_list - LITRE - True - 1
2019-11-22 12:25:56,271 - CAMION - FR - MOBILEDE - 2019-11-01 00:00:00 - ERROR - STAT - expect_column_values_to_not_be_null - LITRE - correctly filled rate (%) - 100.0
2019-11-22 12:25:56,271 - CAMION - FR - MOBILEDE - 2019-11-01 00:00:00 - ERROR - FILE_VALIDATE - expect_column_values_to_not_be_null - LITRE - True - 1
2019-11-22 12:25:56,271 - CAMION - FR - MOBILEDE - 2019-11-01 00:00:00 - ERROR - STAT - expect_column_values_to_not_be_null - MARQUE - correctly filled rate (%) - 100.0
2019-11-22 12:25:56,271 - CAMION - FR - MOBILEDE - 2019-11-01 00:00:00 - ERROR - FILE_VALIDATE - expect_column_values_to_not_be_null - MARQUE - True - 1
2019-11-22 12:25:56,271 - CAMION - FR - MOBILEDE - 2019-11-01 00:00:00 - ERROR - STAT - expect_column_values_to_not_be_null - MODELE - correctly filled rate (%) - 0.0
2019-11-22 12:25:56,271 - CAMION - FR - MOBILEDE - 2019-11-01 00:00:00 - ERROR - FILE_VALIDATE - expect_column_values_to_not_be_null - MODELE - False - 0
2019-11-22 12:25:56,271 - CAMION - FR - MOBILEDE - 2019-11-01 00:00:00 - ERROR - STAT - expect_column_values_to_not_be_null - NOM - correctly filled rate (%) - 100.0
2019-11-22 12:25:56,271 - CAMION - FR - MOBILEDE - 2019-11-01 00:00:00 - ERROR - FILE_VALIDATE - expect_column_values_to_not_be_null - NOM - True - 1
2019-11-22 12:25:56,271 - CAMION - FR - MOBILEDE - 2019-11-01 00:00:00 - ERROR - FILE_CHECK - expect_column_value_lengths_to_be_between - NOM - Unexpected characters count of: [PREMIUM...] on line  2, value length should be between 10 and 255
2019-11-22 12:25:56,271 - CAMION - FR - MOBILEDE - 2019-11-01 00:00:00 - ERROR - FILE_CHECK - expect_column_value_lengths_to_be_between - NOM - Unexpected characters count of: [432 PX...] on line  9, value length should be between 10 and 255
2019-11-22 12:25:56,271 - CAMION - FR - MOBILEDE - 2019-11-01 00:00:00 - ERROR - FILE_CHECK - expect_column_value_lengths_to_be_between - NOM - Unexpected characters count of: [master...] on line  16, value length should be between 10 and 255
2019-11-22 12:25:56,271 - CAMION - FR - MOBILEDE - 2019-11-01 00:00:00 - ERROR - FILE_CHECK - expect_column_value_lengths_to_be_between - NOM - Unexpected characters count of: [950 H...] on line  22, value length should be between 10 and 255
2019-11-22 12:25:56,271 - CAMION - FR - MOBILEDE - 2019-11-01 00:00:00 - ERROR - FILE_CHECK - expect_column_value_lengths_to_be_between - NOM - Unexpected characters count of: [19.500...] on line  31, value length should be between 10 and 255
2019-11-22 12:25:56,271 - CAMION - FR - MOBILEDE - 2019-11-01 00:00:00 - ERROR - FILE_CHECK - expect_column_value_lengths_to_be_between - NOM - Unexpected characters count of: [432E...] on line  33, value length should be between 10 and 255
2019-11-22 12:25:56,272 - CAMION - FR - MOBILEDE - 2019-11-01 00:00:00 - ERROR - FILE_CHECK - expect_column_value_lengths_to_be_between - NOM - Unexpected characters count of: [fh12...] on line  34, value length should be between 10 and 255
2019-11-22 12:25:56,272 - CAMION - FR - MOBILEDE - 2019-11-01 00:00:00 - ERROR - FILE_CHECK - expect_column_value_lengths_to_be_between - NOM - Unexpected characters count of: [PREMIUM...] on line  40, value length should be between 10 and 255
2019-11-22 12:25:56,272 - CAMION - FR - MOBILEDE - 2019-11-01 00:00:00 - ERROR - FILE_CHECK - expect_column_value_lengths_to_be_between - NOM - Unexpected characters count of: [TRAFIC...] on line  45, value length should be between 10 and 255
2019-11-22 12:25:56,272 - CAMION - FR - MOBILEDE - 2019-11-01 00:00:00 - ERROR - FILE_CHECK - expect_column_value_lengths_to_be_between - NOM - Unexpected characters count of: [114L...] on line  47, value length should be between 10 and 255
2019-11-22 12:25:56,272 - CAMION - FR - MOBILEDE - 2019-11-01 00:00:00 - ERROR - FILE_CHECK - expect_column_value_lengths_to_be_between - NOM - Unexpected characters count of: [XF460...] on line  52, value length should be between 10 and 255
2019-11-22 12:25:56,272 - CAMION - FR - MOBILEDE - 2019-11-01 00:00:00 - ERROR - FILE_CHECK - expect_column_value_lengths_to_be_between - NOM - Unexpected characters count of: [R 450...] on line  56, value length should be between 10 and 255
2019-11-22 12:25:56,272 - CAMION - FR - MOBILEDE - 2019-11-01 00:00:00 - ERROR - FILE_CHECK - expect_column_value_lengths_to_be_between - NOM - Unexpected characters count of: [Axor 1840...] on line  61, value length should be between 10 and 255
2019-11-22 12:25:56,272 - CAMION - FR - MOBILEDE - 2019-11-01 00:00:00 - ERROR - FILE_CHECK - expect_column_value_lengths_to_be_between - NOM - Unexpected characters count of: [CF...] on line  68, value length should be between 10 and 255
2019-11-22 12:25:56,272 - CAMION - FR - MOBILEDE - 2019-11-01 00:00:00 - ERROR - FILE_CHECK - expect_column_value_lengths_to_be_between - NOM - Unexpected characters count of: [T 460...] on line  72, value length should be between 10 and 255
2019-11-22 12:25:56,272 - CAMION - FR - MOBILEDE - 2019-11-01 00:00:00 - ERROR - FILE_CHECK - expect_column_value_lengths_to_be_between - NOM - Unexpected characters count of: [Unic...] on line  81, value length should be between 10 and 255
2019-11-22 12:25:56,272 - CAMION - FR - MOBILEDE - 2019-11-01 00:00:00 - ERROR - FILE_CHECK - expect_column_value_lengths_to_be_between - NOM - Unexpected characters count of: [PPM A230...] on line  93, value length should be between 10 and 255
2019-11-22 12:25:56,272 - CAMION - FR - MOBILEDE - 2019-11-01 00:00:00 - ERROR - FILE_CHECK - expect_column_value_lengths_to_be_between - NOM - Unexpected characters count of: [XF105 410...] on line  96, value length should be between 10 and 255
2019-11-22 12:25:56,272 - CAMION - FR - MOBILEDE - 2019-11-01 00:00:00 - ERROR - FILE_CHECK - expect_column_value_lengths_to_be_between - NOM - Unexpected characters count of: [M318D...] on line  97, value length should be between 10 and 255
2019-11-22 12:25:56,272 - CAMION - FR - MOBILEDE - 2019-11-01 00:00:00 - ERROR - FILE_CHECK - expect_column_value_lengths_to_be_between - NOM - Unexpected characters count of: [KANGOO...] on line  103, value length should be between 10 and 255
2019-11-22 12:25:56,272 - CAMION - FR - MOBILEDE - 2019-11-01 00:00:00 - ERROR - STAT - expect_column_value_lengths_to_be_between - NOM - correctly filled rate (%) - 82.42
2019-11-22 12:25:56,272 - CAMION - FR - MOBILEDE - 2019-11-01 00:00:00 - ERROR - FILE_VALIDATE - expect_column_value_lengths_to_be_between - NOM - False - 0
2019-11-22 12:25:56,272 - CAMION - FR - MOBILEDE - 2019-11-01 00:00:00 - ERROR - STAT - expect_column_values_to_not_be_null - OPTIONS - correctly filled rate (%) - 53.32
2019-11-22 12:25:56,272 - CAMION - FR - MOBILEDE - 2019-11-01 00:00:00 - ERROR - FILE_VALIDATE - expect_column_values_to_not_be_null - OPTIONS - False - 0
2019-11-22 12:25:56,273 - CAMION - FR - MOBILEDE - 2019-11-01 00:00:00 - ERROR - STAT - expect_column_value_lengths_to_be_between - OPTIONS - correctly filled rate (%) - 100.0
2019-11-22 12:25:56,273 - CAMION - FR - MOBILEDE - 2019-11-01 00:00:00 - ERROR - FILE_VALIDATE - expect_column_value_lengths_to_be_between - OPTIONS - True - 1
2019-11-22 12:25:56,273 - CAMION - FR - MOBILEDE - 2019-11-01 00:00:00 - ERROR - STAT - expect_column_values_to_be_in_type_list - PHOTO - correctly filled rate (%) - 100.0
2019-11-22 12:25:56,273 - CAMION - FR - MOBILEDE - 2019-11-01 00:00:00 - ERROR - FILE_VALIDATE - expect_column_values_to_be_in_type_list - PHOTO - True - 1
2019-11-22 12:25:56,273 - CAMION - FR - MOBILEDE - 2019-11-01 00:00:00 - ERROR - STAT - expect_column_values_to_not_be_null - PHOTO - correctly filled rate (%) - 100.0
2019-11-22 12:25:56,273 - CAMION - FR - MOBILEDE - 2019-11-01 00:00:00 - ERROR - FILE_VALIDATE - expect_column_values_to_not_be_null - PHOTO - True - 1
2019-11-22 12:25:56,273 - CAMION - FR - MOBILEDE - 2019-11-01 00:00:00 - ERROR - FILE_CHECK - expect_column_values_to_be_in_type_list - PLACE - Wrong type for value: 2.0 on line 0 should be in ['int']
2019-11-22 12:25:56,273 - CAMION - FR - MOBILEDE - 2019-11-01 00:00:00 - ERROR - FILE_CHECK - expect_column_values_to_be_in_type_list - PLACE - Wrong type for value: 3.0 on line 3 should be in ['int']
2019-11-22 12:25:56,273 - CAMION - FR - MOBILEDE - 2019-11-01 00:00:00 - ERROR - FILE_CHECK - expect_column_values_to_be_in_type_list - PLACE - Wrong type for value: 3.0 on line 5 should be in ['int']
2019-11-22 12:25:56,273 - CAMION - FR - MOBILEDE - 2019-11-01 00:00:00 - ERROR - FILE_CHECK - expect_column_values_to_be_in_type_list - PLACE - Wrong type for value: 5.0 on line 11 should be in ['int']
2019-11-22 12:25:56,273 - CAMION - FR - MOBILEDE - 2019-11-01 00:00:00 - ERROR - FILE_CHECK - expect_column_values_to_be_in_type_list - PLACE - Wrong type for value: 3.0 on line 19 should be in ['int']
2019-11-22 12:25:56,273 - CAMION - FR - MOBILEDE - 2019-11-01 00:00:00 - ERROR - FILE_CHECK - expect_column_values_to_be_in_type_list - PLACE - Wrong type for value: 3.0 on line 23 should be in ['int']
2019-11-22 12:25:56,273 - CAMION - FR - MOBILEDE - 2019-11-01 00:00:00 - ERROR - FILE_CHECK - expect_column_values_to_be_in_type_list - PLACE - Wrong type for value: 3.0 on line 24 should be in ['int']
2019-11-22 12:25:56,273 - CAMION - FR - MOBILEDE - 2019-11-01 00:00:00 - ERROR - FILE_CHECK - expect_column_values_to_be_in_type_list - PLACE - Wrong type for value: 3.0 on line 27 should be in ['int']
2019-11-22 12:25:56,273 - CAMION - FR - MOBILEDE - 2019-11-01 00:00:00 - ERROR - FILE_CHECK - expect_column_values_to_be_in_type_list - PLACE - Wrong type for value: 3.0 on line 28 should be in ['int']
2019-11-22 12:25:56,273 - CAMION - FR - MOBILEDE - 2019-11-01 00:00:00 - ERROR - FILE_CHECK - expect_column_values_to_be_in_type_list - PLACE - Wrong type for value: 2.0 on line 29 should be in ['int']
2019-11-22 12:25:56,273 - CAMION - FR - MOBILEDE - 2019-11-01 00:00:00 - ERROR - FILE_CHECK - expect_column_values_to_be_in_type_list - PLACE - Wrong type for value: 3.0 on line 36 should be in ['int']
2019-11-22 12:25:56,273 - CAMION - FR - MOBILEDE - 2019-11-01 00:00:00 - ERROR - FILE_CHECK - expect_column_values_to_be_in_type_list - PLACE - Wrong type for value: 3.0 on line 39 should be in ['int']
2019-11-22 12:25:56,274 - CAMION - FR - MOBILEDE - 2019-11-01 00:00:00 - ERROR - FILE_CHECK - expect_column_values_to_be_in_type_list - PLACE - Wrong type for value: 3.0 on line 43 should be in ['int']
2019-11-22 12:25:56,274 - CAMION - FR - MOBILEDE - 2019-11-01 00:00:00 - ERROR - FILE_CHECK - expect_column_values_to_be_in_type_list - PLACE - Wrong type for value: 3.0 on line 45 should be in ['int']
2019-11-22 12:25:56,274 - CAMION - FR - MOBILEDE - 2019-11-01 00:00:00 - ERROR - FILE_CHECK - expect_column_values_to_be_in_type_list - PLACE - Wrong type for value: 2.0 on line 48 should be in ['int']
2019-11-22 12:25:56,274 - CAMION - FR - MOBILEDE - 2019-11-01 00:00:00 - ERROR - FILE_CHECK - expect_column_values_to_be_in_type_list - PLACE - Wrong type for value: 3.0 on line 49 should be in ['int']
2019-11-22 12:25:56,274 - CAMION - FR - MOBILEDE - 2019-11-01 00:00:00 - ERROR - FILE_CHECK - expect_column_values_to_be_in_type_list - PLACE - Wrong type for value: 3.0 on line 50 should be in ['int']
2019-11-22 12:25:56,274 - CAMION - FR - MOBILEDE - 2019-11-01 00:00:00 - ERROR - FILE_CHECK - expect_column_values_to_be_in_type_list - PLACE - Wrong type for value: 3.0 on line 53 should be in ['int']
2019-11-22 12:25:56,274 - CAMION - FR - MOBILEDE - 2019-11-01 00:00:00 - ERROR - FILE_CHECK - expect_column_values_to_be_in_type_list - PLACE - Wrong type for value: 3.0 on line 60 should be in ['int']
2019-11-22 12:25:56,274 - CAMION - FR - MOBILEDE - 2019-11-01 00:00:00 - ERROR - FILE_CHECK - expect_column_values_to_be_in_type_list - PLACE - Wrong type for value: 5.0 on line 73 should be in ['int']
2019-11-22 12:25:56,274 - CAMION - FR - MOBILEDE - 2019-11-01 00:00:00 - ERROR - STAT - expect_column_values_to_be_in_type_list - PLACE - correctly filled rate (%) - 0.0
2019-11-22 12:25:56,274 - CAMION - FR - MOBILEDE - 2019-11-01 00:00:00 - ERROR - FILE_VALIDATE - expect_column_values_to_be_in_type_list - PLACE - False - 0
2019-11-22 12:25:56,274 - CAMION - FR - MOBILEDE - 2019-11-01 00:00:00 - ERROR - STAT - expect_column_values_to_not_be_null - PLACE - correctly filled rate (%) - 24.08
2019-11-22 12:25:56,274 - CAMION - FR - MOBILEDE - 2019-11-01 00:00:00 - ERROR - FILE_VALIDATE - expect_column_values_to_not_be_null - PLACE - False - 0
2019-11-22 12:25:56,274 - CAMION - FR - MOBILEDE - 2019-11-01 00:00:00 - ERROR - STAT - expect_column_values_to_not_be_null - PORTE - correctly filled rate (%) - 0.0
2019-11-22 12:25:56,274 - CAMION - FR - MOBILEDE - 2019-11-01 00:00:00 - ERROR - FILE_VALIDATE - expect_column_values_to_not_be_null - PORTE - False - 0
2019-11-22 12:25:56,274 - CAMION - FR - MOBILEDE - 2019-11-01 00:00:00 - ERROR - STAT - expect_column_values_to_be_in_type_list - PRIX - correctly filled rate (%) - 100.0
2019-11-22 12:25:56,274 - CAMION - FR - MOBILEDE - 2019-11-01 00:00:00 - ERROR - FILE_VALIDATE - expect_column_values_to_be_in_type_list - PRIX - True - 1
2019-11-22 12:25:56,274 - CAMION - FR - MOBILEDE - 2019-11-01 00:00:00 - ERROR - STAT - expect_column_values_to_not_be_null - PRIX - correctly filled rate (%) - 100.0
2019-11-22 12:25:56,274 - CAMION - FR - MOBILEDE - 2019-11-01 00:00:00 - ERROR - FILE_VALIDATE - expect_column_values_to_not_be_null - PRIX - True - 1
2019-11-22 12:25:56,275 - CAMION - FR - MOBILEDE - 2019-11-01 00:00:00 - ERROR - STAT - expect_column_values_to_not_be_null - PROVINCE - correctly filled rate (%) - 0.0
2019-11-22 12:25:56,275 - CAMION - FR - MOBILEDE - 2019-11-01 00:00:00 - ERROR - FILE_VALIDATE - expect_column_values_to_not_be_null - PROVINCE - False - 0
2019-11-22 12:25:56,275 - CAMION - FR - MOBILEDE - 2019-11-01 00:00:00 - ERROR - STAT - expect_column_values_to_not_be_null - SITE - correctly filled rate (%) - 100.0
2019-11-22 12:25:56,275 - CAMION - FR - MOBILEDE - 2019-11-01 00:00:00 - ERROR - FILE_VALIDATE - expect_column_values_to_not_be_null - SITE - True - 1
2019-11-22 12:25:56,275 - CAMION - FR - MOBILEDE - 2019-11-01 00:00:00 - ERROR - STAT - expect_column_values_to_not_be_null - TELEPHONE - correctly filled rate (%) - 100.0
2019-11-22 12:25:56,275 - CAMION - FR - MOBILEDE - 2019-11-01 00:00:00 - ERROR - FILE_VALIDATE - expect_column_values_to_not_be_null - TELEPHONE - True - 1
2019-11-22 12:25:56,275 - CAMION - FR - MOBILEDE - 2019-11-01 00:00:00 - ERROR - STAT - expect_column_values_to_be_phone_number - TELEPHONE - correctly filled rate (%) - 99.56
2019-11-22 12:25:56,275 - CAMION - FR - MOBILEDE - 2019-11-01 00:00:00 - ERROR - FILE_VALIDATE - expect_column_values_to_be_phone_number - TELEPHONE - True - 1
2019-11-22 12:25:56,275 - CAMION - FR - MOBILEDE - 2019-11-01 00:00:00 - ERROR - STAT - expect_column_values_to_not_be_null - TYPE - correctly filled rate (%) - 100.0
2019-11-22 12:25:56,275 - CAMION - FR - MOBILEDE - 2019-11-01 00:00:00 - ERROR - FILE_VALIDATE - expect_column_values_to_not_be_null - TYPE - True - 1
2019-11-22 12:25:56,275 - CAMION - FR - MOBILEDE - 2019-11-01 00:00:00 - ERROR - STAT - expect_column_values_to_be_in_set_2 - TYPE - observed proportion - 100.0
2019-11-22 12:25:56,275 - CAMION - FR - MOBILEDE - 2019-11-01 00:00:00 - ERROR - STAT - expect_column_values_to_not_be_null - VILLE - correctly filled rate (%) - 100.0
2019-11-22 12:25:56,275 - CAMION - FR - MOBILEDE - 2019-11-01 00:00:00 - ERROR - FILE_VALIDATE - expect_column_values_to_not_be_null - VILLE - True - 1
2019-11-22 12:25:56,275 - CAMION - FR - MOBILEDE - 2019-11-01 00:00:00 - ERROR - STAT - expect_column_values_to_not_be_null - VN_IND - correctly filled rate (%) - 0.15
2019-11-22 12:25:56,275 - CAMION - FR - MOBILEDE - 2019-11-01 00:00:00 - ERROR - FILE_VALIDATE - expect_column_values_to_not_be_null - VN_IND - False - 0
2019-11-22 12:25:56,275 - CAMION - FR - MOBILEDE - 2019-11-01 00:00:00 - ERROR - STAT - expect_column_values_to_be_in_set - VN_IND - correctly filled rate (%) - 100.0
2019-11-22 12:25:56,275 - CAMION - FR - MOBILEDE - 2019-11-01 00:00:00 - ERROR - FILE_VALIDATE - expect_column_values_to_be_in_set - VN_IND - True - 1
2019-11-22 12:25:56,275 - CAMION - FR - MOBILEDE - 2019-11-01 00:00:00 - ERROR - STAT - expect_returning_row_unique_count - MARQUE_CORRECTED - total number of unique rows - 63
2019-11-22 12:25:56,276 - CAMION - FR - MOBILEDE - 2019-11-01 00:00:00 - ERROR - STAT - expect_returning_row_unique_count - MODELE_CORRECTED - total number of unique rows - 83
2019-11-22 12:25:56,276 - CAMION - FR - MOBILEDE - 2019-11-01 00:00:00 - ERROR - STAT - expect_returning_row_unique_count - CARROSSERIE - total number of unique rows - 59
2019-11-22 12:25:56,276 - CAMION - FR - MOBILEDE - 2019-11-01 00:00:00 - ERROR - STAT - expect_returning_row_unique_count - CARBURANT - total number of unique rows - 6
2019-11-22 12:25:56,276 - CAMION - FR - MOBILEDE - 2019-11-01 00:00:00 - ERROR - STAT - expect_column_values_to_not_be_null - CYLINDRE - correctly filled rate (%) - 21.86
2019-11-22 12:25:56,276 - CAMION - FR - MOBILEDE - 2019-11-01 00:00:00 - ERROR - FILE_VALIDATE - expect_column_values_to_not_be_null - CYLINDRE - False - 0
2019-11-22 12:25:56,276 - CAMION - FR - MOBILEDE - 2019-11-01 00:00:00 - ERROR - FILE_CHECK - expect_column_values_to_be_in_type_list - CYLINDRE - Wrong type for value: 125.0 on line 1 should be in ['int']
2019-11-22 12:25:56,276 - CAMION - FR - MOBILEDE - 2019-11-01 00:00:00 - ERROR - FILE_CHECK - expect_column_values_to_be_in_type_list - CYLINDRE - Wrong type for value: 127.0 on line 8 should be in ['int']
2019-11-22 12:25:56,276 - CAMION - FR - MOBILEDE - 2019-11-01 00:00:00 - ERROR - FILE_CHECK - expect_column_values_to_be_in_type_list - CYLINDRE - Wrong type for value: 214.0 on line 23 should be in ['int']
2019-11-22 12:25:56,276 - CAMION - FR - MOBILEDE - 2019-11-01 00:00:00 - ERROR - FILE_CHECK - expect_column_values_to_be_in_type_list - CYLINDRE - Wrong type for value: 159.0 on line 24 should be in ['int']
2019-11-22 12:25:56,276 - CAMION - FR - MOBILEDE - 2019-11-01 00:00:00 - ERROR - FILE_CHECK - expect_column_values_to_be_in_type_list - CYLINDRE - Wrong type for value: 214.0 on line 27 should be in ['int']
2019-11-22 12:25:56,276 - CAMION - FR - MOBILEDE - 2019-11-01 00:00:00 - ERROR - FILE_CHECK - expect_column_values_to_be_in_type_list - CYLINDRE - Wrong type for value: 103.0 on line 32 should be in ['int']
2019-11-22 12:25:56,276 - CAMION - FR - MOBILEDE - 2019-11-01 00:00:00 - ERROR - FILE_CHECK - expect_column_values_to_be_in_type_list - CYLINDRE - Wrong type for value: 130.0 on line 35 should be in ['int']
2019-11-22 12:25:56,276 - CAMION - FR - MOBILEDE - 2019-11-01 00:00:00 - ERROR - FILE_CHECK - expect_column_values_to_be_in_type_list - CYLINDRE - Wrong type for value: 228.0 on line 36 should be in ['int']
2019-11-22 12:25:56,276 - CAMION - FR - MOBILEDE - 2019-11-01 00:00:00 - ERROR - FILE_CHECK - expect_column_values_to_be_in_type_list - CYLINDRE - Wrong type for value: 108.0 on line 42 should be in ['int']
2019-11-22 12:25:56,276 - CAMION - FR - MOBILEDE - 2019-11-01 00:00:00 - ERROR - FILE_CHECK - expect_column_values_to_be_in_type_list - CYLINDRE - Wrong type for value: 159.0 on line 48 should be in ['int']
2019-11-22 12:25:56,276 - CAMION - FR - MOBILEDE - 2019-11-01 00:00:00 - ERROR - FILE_CHECK - expect_column_values_to_be_in_type_list - CYLINDRE - Wrong type for value: 228.0 on line 49 should be in ['int']
2019-11-22 12:25:56,276 - CAMION - FR - MOBILEDE - 2019-11-01 00:00:00 - ERROR - FILE_CHECK - expect_column_values_to_be_in_type_list - CYLINDRE - Wrong type for value: 129.0 on line 58 should be in ['int']
2019-11-22 12:25:56,276 - CAMION - FR - MOBILEDE - 2019-11-01 00:00:00 - ERROR - FILE_CHECK - expect_column_values_to_be_in_type_list - CYLINDRE - Wrong type for value: 103.0 on line 62 should be in ['int']
2019-11-22 12:25:56,277 - CAMION - FR - MOBILEDE - 2019-11-01 00:00:00 - ERROR - FILE_CHECK - expect_column_values_to_be_in_type_list - CYLINDRE - Wrong type for value: 159.0 on line 64 should be in ['int']
2019-11-22 12:25:56,277 - CAMION - FR - MOBILEDE - 2019-11-01 00:00:00 - ERROR - FILE_CHECK - expect_column_values_to_be_in_type_list - CYLINDRE - Wrong type for value: 219.0 on line 66 should be in ['int']
2019-11-22 12:25:56,277 - CAMION - FR - MOBILEDE - 2019-11-01 00:00:00 - ERROR - FILE_CHECK - expect_column_values_to_be_in_type_list - CYLINDRE - Wrong type for value: 129.0 on line 68 should be in ['int']
2019-11-22 12:25:56,277 - CAMION - FR - MOBILEDE - 2019-11-01 00:00:00 - ERROR - FILE_CHECK - expect_column_values_to_be_in_type_list - CYLINDRE - Wrong type for value: 129.0 on line 85 should be in ['int']
2019-11-22 12:25:56,277 - CAMION - FR - MOBILEDE - 2019-11-01 00:00:00 - ERROR - FILE_CHECK - expect_column_values_to_be_in_type_list - CYLINDRE - Wrong type for value: 103.0 on line 88 should be in ['int']
2019-11-22 12:25:56,277 - CAMION - FR - MOBILEDE - 2019-11-01 00:00:00 - ERROR - FILE_CHECK - expect_column_values_to_be_in_type_list - CYLINDRE - Wrong type for value: 129.0 on line 96 should be in ['int']
2019-11-22 12:25:56,277 - CAMION - FR - MOBILEDE - 2019-11-01 00:00:00 - ERROR - FILE_CHECK - expect_column_values_to_be_in_type_list - CYLINDRE - Wrong type for value: 214.0 on line 100 should be in ['int']
2019-11-22 12:25:56,277 - CAMION - FR - MOBILEDE - 2019-11-01 00:00:00 - ERROR - STAT - expect_column_values_to_be_in_type_list - CYLINDRE - correctly filled rate (%) - 0.0
2019-11-22 12:25:56,277 - CAMION - FR - MOBILEDE - 2019-11-01 00:00:00 - ERROR - FILE_VALIDATE - expect_column_values_to_be_in_type_list - CYLINDRE - False - 0
2019-11-22 12:25:56,277 - CAMION - FR - MOBILEDE - 2019-11-01 00:00:00 - ERROR - STAT - expect_returning_row_unique_count - PROVINCE - total number of unique rows - 0
2019-11-22 12:25:56,277 - CAMION - FR - MOBILEDE - 2019-11-01 00:00:00 - ERROR - STAT - expect_returning_row_unique_count - VILLE - total number of unique rows - 44
2019-11-22 12:25:56,277 - CAMION - FR - MOBILEDE - 2019-11-01 00:00:00 - ERROR - STAT - expect_returning_row_unique_count - DEPARTEMENT - total number of unique rows - 27
2019-11-22 12:25:56,277 - CAMION - FR - MOBILEDE - 2019-11-01 00:00:00 - ERROR - STAT - expect_returning_row_count_on_conditions - DEALER_USEDCARS - total number of row with conditions - 669
2019-11-22 12:25:56,277 - CAMION - FR - MOBILEDE - 2019-11-01 00:00:00 - ERROR - STAT - expect_returning_row_count_on_conditions - PRIVATE_USEDCARS - total number of row with conditions - 8
2019-11-22 12:25:56,277 - CAMION - FR - MOBILEDE - 2019-11-01 00:00:00 - ERROR - STAT - expect_returning_row_count_on_conditions - TRUCKS - total number of row with conditions - 147
2019-11-22 12:25:56,277 - CAMION - FR - MOBILEDE - 2019-11-01 00:00:00 - ERROR - STAT - expect_returning_row_count_on_conditions - TRACTOR UNITS - total number of row with conditions - 169
2019-11-22 12:25:56,277 - CAMION - FR - MOBILEDE - 2019-11-01 00:00:00 - ERROR - STAT - expect_returning_row_count_on_conditions - TRAILERS - total number of row with conditions - 9
2019-11-22 12:25:56,277 - CAMION - FR - MOBILEDE - 2019-11-01 00:00:00 - ERROR - STAT - expect_returning_row_count_on_conditions - VANS - total number of row with conditions - 250
2019-11-22 12:25:56,278 - CAMION - FR - MOBILEDE - 2019-11-01 00:00:00 - ERROR - STAT - expect_returning_row_count_on_conditions - HEAVY EQUIPMENTS - total number of row with conditions - 52
2019-11-22 12:25:56,278 - CAMION - FR - MOBILEDE - 2019-11-01 00:00:00 - ERROR - STAT - expect_returning_row_count_on_conditions - SEMI TRAILERS - total number of row with conditions - 50
2019-11-22 12:25:56,278 - CAMION - FR - MOBILEDE - 2019-11-01 00:00:00 - ERROR - STAT - expect_returning_row_count_on_conditions - DEALER_TRUCKS - total number of row with conditions - 146
2019-11-22 12:25:56,278 - CAMION - FR - MOBILEDE - 2019-11-01 00:00:00 - ERROR - STAT - expect_returning_row_count_on_conditions - PRIVATE_TRUCKS - total number of row with conditions - 1
2019-11-22 12:25:56,278 - CAMION - FR - MOBILEDE - 2019-11-01 00:00:00 - ERROR - STAT - expect_returning_row_count_on_conditions - DEALER_TRACTOR UNITS - total number of row with conditions - 165
2019-11-22 12:25:56,278 - CAMION - FR - MOBILEDE - 2019-11-01 00:00:00 - ERROR - STAT - expect_returning_row_count_on_conditions - PRIVATE_TRACTOR UNITS - total number of row with conditions - 4
2019-11-22 12:25:56,278 - CAMION - FR - MOBILEDE - 2019-11-01 00:00:00 - ERROR - STAT - expect_returning_row_count_on_conditions - DEALER_TRAILERS - total number of row with conditions - 9
2019-11-22 12:25:56,278 - CAMION - FR - MOBILEDE - 2019-11-01 00:00:00 - ERROR - STAT - expect_returning_row_count_on_conditions - PRIVATE_TRAILERS - total number of row with conditions - 0
2019-11-22 12:25:56,278 - CAMION - FR - MOBILEDE - 2019-11-01 00:00:00 - ERROR - STAT - expect_returning_row_count_on_conditions - DEALER_VANS - total number of row with conditions - 248
2019-11-22 12:25:56,278 - CAMION - FR - MOBILEDE - 2019-11-01 00:00:00 - ERROR - STAT - expect_returning_row_count_on_conditions - PRIVATE_VANS - total number of row with conditions - 2
2019-11-22 12:25:56,278 - CAMION - FR - MOBILEDE - 2019-11-01 00:00:00 - ERROR - STAT - expect_returning_row_count_on_conditions - DEALER_HEAVY EQUIPMENTS - total number of row with conditions - 51
2019-11-22 12:25:56,278 - CAMION - FR - MOBILEDE - 2019-11-01 00:00:00 - ERROR - STAT - expect_returning_row_count_on_conditions - PRIVATE_HEAVY EQUIPMENTS - total number of row with conditions - 1
2019-11-22 12:25:56,278 - CAMION - FR - MOBILEDE - 2019-11-01 00:00:00 - ERROR - STAT - expect_returning_row_count_on_conditions - DEALER_SEMI TRAILERS - total number of row with conditions - 50
2019-11-22 12:25:56,278 - CAMION - FR - MOBILEDE - 2019-11-01 00:00:00 - ERROR - STAT - expect_returning_row_count_on_conditions - PRIVATE_SEMI TRAILERS - total number of row with conditions - 0
