2019-08-17 23:49:47,020 - IMMO - FR - BIENICI - 2019-08-01 00:00:00 - ERROR - STAT - expect_column_values_to_not_be_null - ACHAT_LOC - correctly filled rate (%) - 100.0
2019-08-17 23:49:47,020 - IMMO - FR - BIENICI - 2019-08-01 00:00:00 - ERROR - STAT - expect_column_values_to_be_in_set - ACHAT_LOC - correctly filled rate (%) - 100.0
2019-08-17 23:49:47,020 - IMMO - FR - BIENICI - 2019-08-01 00:00:00 - ERROR - STAT - expect_column_values_to_not_be_null - ADRESSE - correctly filled rate (%) - 99.59
2019-08-17 23:49:47,020 - IMMO - FR - BIENICI - 2019-08-01 00:00:00 - ERROR - STAT - expect_column_values_to_not_be_null - AGENCE_ADRESSE - correctly filled rate (%) - 0.0
2019-08-17 23:49:47,020 - IMMO - FR - BIENICI - 2019-08-01 00:00:00 - ERROR - STAT - expect_column_values_to_not_be_null - AGENCE_CP - correctly filled rate (%) - 0.0
2019-08-17 23:49:47,020 - IMMO - FR - BIENICI - 2019-08-01 00:00:00 - ERROR - STAT - expect_column_values_to_not_be_null - AGENCE_ID - correctly filled rate (%) - 100.0
2019-08-17 23:49:47,020 - IMMO - FR - BIENICI - 2019-08-01 00:00:00 - ERROR - STAT - expect_column_values_to_not_be_null - AGENCE_NOM - correctly filled rate (%) - 99.99
2019-08-17 23:49:47,020 - IMMO - FR - BIENICI - 2019-08-01 00:00:00 - ERROR - STAT - expect_column_values_to_be_phone_number - AGENCE_TEL - correctly filled rate (%) - 99.72
2019-08-17 23:49:47,020 - IMMO - FR - BIENICI - 2019-08-01 00:00:00 - ERROR - STAT - expect_column_values_to_not_be_null - AGENCE_TEL - correctly filled rate (%) - 99.67
2019-08-17 23:49:47,020 - IMMO - FR - BIENICI - 2019-08-01 00:00:00 - ERROR - STAT - expect_column_values_to_not_be_null - AGENCE_VILLE - correctly filled rate (%) - 0.0
2019-08-17 23:49:47,020 - IMMO - FR - BIENICI - 2019-08-01 00:00:00 - ERROR - STAT - expect_column_values_to_not_be_null - ANNONCE_DATE - correctly filled rate (%) - 100.0
2019-08-17 23:49:47,020 - IMMO - FR - BIENICI - 2019-08-01 00:00:00 - ERROR - STAT - expect_column_values_to_not_be_null - ANNONCE_LINK - correctly filled rate (%) - 100.0
2019-08-17 23:49:47,020 - IMMO - FR - BIENICI - 2019-08-01 00:00:00 - ERROR - STAT - expect_column_values_to_be_unique - ANNONCE_LINK - observed proportion - 100.0
2019-08-17 23:49:47,021 - IMMO - FR - BIENICI - 2019-08-01 00:00:00 - ERROR - FILE_CHECK - expect_column_value_lengths_to_be_between - ANNONCE_TEXT - Unexpected characters count of: [A vendre à Creuzier-...] on line  0, value length should be between 0 and 255
2019-08-17 23:49:47,021 - IMMO - FR - BIENICI - 2019-08-01 00:00:00 - ERROR - FILE_CHECK - expect_column_value_lengths_to_be_between - ANNONCE_TEXT - Unexpected characters count of: [Retiré car déjà SOUS...] on line  1, value length should be between 0 and 255
2019-08-17 23:49:47,021 - IMMO - FR - BIENICI - 2019-08-01 00:00:00 - ERROR - FILE_CHECK - expect_column_value_lengths_to_be_between - ANNONCE_TEXT - Unexpected characters count of: [Vente terrain à Sain...] on line  2, value length should be between 0 and 255
2019-08-17 23:49:47,021 - IMMO - FR - BIENICI - 2019-08-01 00:00:00 - ERROR - FILE_CHECK - expect_column_value_lengths_to_be_between - ANNONCE_TEXT - Unexpected characters count of: [A vendre propriété d...] on line  3, value length should be between 0 and 255
2019-08-17 23:49:47,021 - IMMO - FR - BIENICI - 2019-08-01 00:00:00 - ERROR - FILE_CHECK - expect_column_value_lengths_to_be_between - ANNONCE_TEXT - Unexpected characters count of: [A vendre au Mayet de...] on line  4, value length should be between 0 and 255
2019-08-17 23:49:47,021 - IMMO - FR - BIENICI - 2019-08-01 00:00:00 - ERROR - FILE_CHECK - expect_column_value_lengths_to_be_between - ANNONCE_TEXT - Unexpected characters count of: [A vendre à Vichy app...] on line  5, value length should be between 0 and 255
2019-08-17 23:49:47,021 - IMMO - FR - BIENICI - 2019-08-01 00:00:00 - ERROR - FILE_CHECK - expect_column_value_lengths_to_be_between - ANNONCE_TEXT - Unexpected characters count of: [Vente à Vichy appart...] on line  6, value length should be between 0 and 255
2019-08-17 23:49:47,021 - IMMO - FR - BIENICI - 2019-08-01 00:00:00 - ERROR - FILE_CHECK - expect_column_value_lengths_to_be_between - ANNONCE_TEXT - Unexpected characters count of: [A vendre à Vichy app...] on line  7, value length should be between 0 and 255
2019-08-17 23:49:47,021 - IMMO - FR - BIENICI - 2019-08-01 00:00:00 - ERROR - FILE_CHECK - expect_column_value_lengths_to_be_between - ANNONCE_TEXT - Unexpected characters count of: [A vendre à Bellerive...] on line  8, value length should be between 0 and 255
2019-08-17 23:49:47,021 - IMMO - FR - BIENICI - 2019-08-01 00:00:00 - ERROR - FILE_CHECK - expect_column_value_lengths_to_be_between - ANNONCE_TEXT - Unexpected characters count of: [A vendre à Bellerive...] on line  9, value length should be between 0 and 255
2019-08-17 23:49:47,021 - IMMO - FR - BIENICI - 2019-08-01 00:00:00 - ERROR - FILE_CHECK - expect_column_value_lengths_to_be_between - ANNONCE_TEXT - Unexpected characters count of: [A vendre à Bellerive...] on line  10, value length should be between 0 and 255
2019-08-17 23:49:47,021 - IMMO - FR - BIENICI - 2019-08-01 00:00:00 - ERROR - FILE_CHECK - expect_column_value_lengths_to_be_between - ANNONCE_TEXT - Unexpected characters count of: [A vendre à Bellerive...] on line  11, value length should be between 0 and 255
2019-08-17 23:49:47,021 - IMMO - FR - BIENICI - 2019-08-01 00:00:00 - ERROR - FILE_CHECK - expect_column_value_lengths_to_be_between - ANNONCE_TEXT - Unexpected characters count of: [A vendre à Bellerive...] on line  12, value length should be between 0 and 255
2019-08-17 23:49:47,021 - IMMO - FR - BIENICI - 2019-08-01 00:00:00 - ERROR - FILE_CHECK - expect_column_value_lengths_to_be_between - ANNONCE_TEXT - Unexpected characters count of: [A vendre à Bellerive...] on line  13, value length should be between 0 and 255
2019-08-17 23:49:47,021 - IMMO - FR - BIENICI - 2019-08-01 00:00:00 - ERROR - FILE_CHECK - expect_column_value_lengths_to_be_between - ANNONCE_TEXT - Unexpected characters count of: [A vendre au Mayet de...] on line  14, value length should be between 0 and 255
2019-08-17 23:49:47,021 - IMMO - FR - BIENICI - 2019-08-01 00:00:00 - ERROR - FILE_CHECK - expect_column_value_lengths_to_be_between - ANNONCE_TEXT - Unexpected characters count of: [Vente au Mayet de Mo...] on line  15, value length should be between 0 and 255
2019-08-17 23:49:47,021 - IMMO - FR - BIENICI - 2019-08-01 00:00:00 - ERROR - FILE_CHECK - expect_column_value_lengths_to_be_between - ANNONCE_TEXT - Unexpected characters count of: [Spécialiste de l'imm...] on line  16, value length should be between 0 and 255
2019-08-17 23:49:47,021 - IMMO - FR - BIENICI - 2019-08-01 00:00:00 - ERROR - FILE_CHECK - expect_column_value_lengths_to_be_between - ANNONCE_TEXT - Unexpected characters count of: [A vendre maison 5 pi...] on line  17, value length should be between 0 and 255
2019-08-17 23:49:47,022 - IMMO - FR - BIENICI - 2019-08-01 00:00:00 - ERROR - FILE_CHECK - expect_column_value_lengths_to_be_between - ANNONCE_TEXT - Unexpected characters count of: [Trop tard, sous COMP...] on line  18, value length should be between 0 and 255
2019-08-17 23:49:47,022 - IMMO - FR - BIENICI - 2019-08-01 00:00:00 - ERROR - FILE_CHECK - expect_column_value_lengths_to_be_between - ANNONCE_TEXT - Unexpected characters count of: [Au coeur de Busset, ...] on line  19, value length should be between 0 and 255
2019-08-17 23:49:47,022 - IMMO - FR - BIENICI - 2019-08-01 00:00:00 - ERROR - STAT - expect_column_value_lengths_to_be_between - ANNONCE_TEXT - correctly filled rate (%) - 18.66
2019-08-17 23:49:47,022 - IMMO - FR - BIENICI - 2019-08-01 00:00:00 - ERROR - STAT - expect_column_values_to_not_be_null - ANNONCE_TEXT - correctly filled rate (%) - 99.84
2019-08-17 23:49:47,022 - IMMO - FR - BIENICI - 2019-08-01 00:00:00 - ERROR - STAT - expect_column_values_to_not_be_null - CATEGORIE - correctly filled rate (%) - 100.0
2019-08-17 23:49:47,022 - IMMO - FR - BIENICI - 2019-08-01 00:00:00 - ERROR - STAT - expect_column_values_to_not_be_null - CP - correctly filled rate (%) - 100.0
2019-08-17 23:49:47,022 - IMMO - FR - BIENICI - 2019-08-01 00:00:00 - ERROR - FILE_CHECK - expect_column_values_to_match_regex - CP - Unexpected value: 3300 on line 0, value should match regexp ^[0-9]{5}$
2019-08-17 23:49:47,022 - IMMO - FR - BIENICI - 2019-08-01 00:00:00 - ERROR - FILE_CHECK - expect_column_values_to_match_regex - CP - Unexpected value: 3200 on line 1, value should match regexp ^[0-9]{5}$
2019-08-17 23:49:47,022 - IMMO - FR - BIENICI - 2019-08-01 00:00:00 - ERROR - FILE_CHECK - expect_column_values_to_match_regex - CP - Unexpected value: 3110 on line 2, value should match regexp ^[0-9]{5}$
2019-08-17 23:49:47,022 - IMMO - FR - BIENICI - 2019-08-01 00:00:00 - ERROR - FILE_CHECK - expect_column_values_to_match_regex - CP - Unexpected value: 3450 on line 3, value should match regexp ^[0-9]{5}$
2019-08-17 23:49:47,022 - IMMO - FR - BIENICI - 2019-08-01 00:00:00 - ERROR - FILE_CHECK - expect_column_values_to_match_regex - CP - Unexpected value: 3250 on line 4, value should match regexp ^[0-9]{5}$
2019-08-17 23:49:47,022 - IMMO - FR - BIENICI - 2019-08-01 00:00:00 - ERROR - FILE_CHECK - expect_column_values_to_match_regex - CP - Unexpected value: 3200 on line 5, value should match regexp ^[0-9]{5}$
2019-08-17 23:49:47,022 - IMMO - FR - BIENICI - 2019-08-01 00:00:00 - ERROR - FILE_CHECK - expect_column_values_to_match_regex - CP - Unexpected value: 3200 on line 6, value should match regexp ^[0-9]{5}$
2019-08-17 23:49:47,022 - IMMO - FR - BIENICI - 2019-08-01 00:00:00 - ERROR - FILE_CHECK - expect_column_values_to_match_regex - CP - Unexpected value: 3200 on line 7, value should match regexp ^[0-9]{5}$
2019-08-17 23:49:47,022 - IMMO - FR - BIENICI - 2019-08-01 00:00:00 - ERROR - FILE_CHECK - expect_column_values_to_match_regex - CP - Unexpected value: 3700 on line 8, value should match regexp ^[0-9]{5}$
2019-08-17 23:49:47,022 - IMMO - FR - BIENICI - 2019-08-01 00:00:00 - ERROR - FILE_CHECK - expect_column_values_to_match_regex - CP - Unexpected value: 3700 on line 9, value should match regexp ^[0-9]{5}$
2019-08-17 23:49:47,022 - IMMO - FR - BIENICI - 2019-08-01 00:00:00 - ERROR - FILE_CHECK - expect_column_values_to_match_regex - CP - Unexpected value: 3700 on line 10, value should match regexp ^[0-9]{5}$
2019-08-17 23:49:47,023 - IMMO - FR - BIENICI - 2019-08-01 00:00:00 - ERROR - FILE_CHECK - expect_column_values_to_match_regex - CP - Unexpected value: 3700 on line 11, value should match regexp ^[0-9]{5}$
2019-08-17 23:49:47,023 - IMMO - FR - BIENICI - 2019-08-01 00:00:00 - ERROR - FILE_CHECK - expect_column_values_to_match_regex - CP - Unexpected value: 3700 on line 12, value should match regexp ^[0-9]{5}$
2019-08-17 23:49:47,023 - IMMO - FR - BIENICI - 2019-08-01 00:00:00 - ERROR - FILE_CHECK - expect_column_values_to_match_regex - CP - Unexpected value: 3700 on line 13, value should match regexp ^[0-9]{5}$
2019-08-17 23:49:47,023 - IMMO - FR - BIENICI - 2019-08-01 00:00:00 - ERROR - FILE_CHECK - expect_column_values_to_match_regex - CP - Unexpected value: 3250 on line 14, value should match regexp ^[0-9]{5}$
2019-08-17 23:49:47,023 - IMMO - FR - BIENICI - 2019-08-01 00:00:00 - ERROR - FILE_CHECK - expect_column_values_to_match_regex - CP - Unexpected value: 3250 on line 15, value should match regexp ^[0-9]{5}$
2019-08-17 23:49:47,023 - IMMO - FR - BIENICI - 2019-08-01 00:00:00 - ERROR - FILE_CHECK - expect_column_values_to_match_regex - CP - Unexpected value: 3200 on line 16, value should match regexp ^[0-9]{5}$
2019-08-17 23:49:47,023 - IMMO - FR - BIENICI - 2019-08-01 00:00:00 - ERROR - FILE_CHECK - expect_column_values_to_match_regex - CP - Unexpected value: 3300 on line 17, value should match regexp ^[0-9]{5}$
2019-08-17 23:49:47,023 - IMMO - FR - BIENICI - 2019-08-01 00:00:00 - ERROR - FILE_CHECK - expect_column_values_to_match_regex - CP - Unexpected value: 3300 on line 18, value should match regexp ^[0-9]{5}$
2019-08-17 23:49:47,023 - IMMO - FR - BIENICI - 2019-08-01 00:00:00 - ERROR - FILE_CHECK - expect_column_values_to_match_regex - CP - Unexpected value: 3270 on line 19, value should match regexp ^[0-9]{5}$
2019-08-17 23:49:47,023 - IMMO - FR - BIENICI - 2019-08-01 00:00:00 - ERROR - STAT - expect_column_values_to_match_regex - CP - correctly filled rate (%) - 90.71
2019-08-17 23:49:47,023 - IMMO - FR - BIENICI - 2019-08-01 00:00:00 - ERROR - STAT - expect_column_values_to_not_be_null - DEPARTEMENT - correctly filled rate (%) - 100.0
2019-08-17 23:49:47,023 - IMMO - FR - BIENICI - 2019-08-01 00:00:00 - ERROR - STAT - expect_returning_row_count - EVERY_COLUMNS - total number of rows - 449765
2019-08-17 23:49:47,023 - IMMO - FR - BIENICI - 2019-08-01 00:00:00 - ERROR - STAT - expect_column_values_to_not_be_null - ID_CLIENT - correctly filled rate (%) - 100.0
2019-08-17 23:49:47,023 - IMMO - FR - BIENICI - 2019-08-01 00:00:00 - ERROR - STAT - expect_column_values_to_be_unique - ID_CLIENT - observed proportion - 100.0
2019-08-17 23:49:47,023 - IMMO - FR - BIENICI - 2019-08-01 00:00:00 - ERROR - FILE_CHECK - expect_column_values_to_be_of_type - M2 - Wrong type for value: 135.0 on line 0 should be int
2019-08-17 23:49:47,023 - IMMO - FR - BIENICI - 2019-08-01 00:00:00 - ERROR - FILE_CHECK - expect_column_values_to_be_of_type - M2 - Wrong type for value: 58.0 on line 1 should be int
2019-08-17 23:49:47,023 - IMMO - FR - BIENICI - 2019-08-01 00:00:00 - ERROR - FILE_CHECK - expect_column_values_to_be_of_type - M2 - Wrong type for value: 580.0 on line 3 should be int
2019-08-17 23:49:47,023 - IMMO - FR - BIENICI - 2019-08-01 00:00:00 - ERROR - FILE_CHECK - expect_column_values_to_be_of_type - M2 - Wrong type for value: 84.0 on line 4 should be int
2019-08-17 23:49:47,024 - IMMO - FR - BIENICI - 2019-08-01 00:00:00 - ERROR - FILE_CHECK - expect_column_values_to_be_of_type - M2 - Wrong type for value: 80.0 on line 5 should be int
2019-08-17 23:49:47,024 - IMMO - FR - BIENICI - 2019-08-01 00:00:00 - ERROR - FILE_CHECK - expect_column_values_to_be_of_type - M2 - Wrong type for value: 66.0 on line 6 should be int
2019-08-17 23:49:47,024 - IMMO - FR - BIENICI - 2019-08-01 00:00:00 - ERROR - FILE_CHECK - expect_column_values_to_be_of_type - M2 - Wrong type for value: 86.0 on line 7 should be int
2019-08-17 23:49:47,024 - IMMO - FR - BIENICI - 2019-08-01 00:00:00 - ERROR - FILE_CHECK - expect_column_values_to_be_of_type - M2 - Wrong type for value: 54.0 on line 8 should be int
2019-08-17 23:49:47,024 - IMMO - FR - BIENICI - 2019-08-01 00:00:00 - ERROR - FILE_CHECK - expect_column_values_to_be_of_type - M2 - Wrong type for value: 54.0 on line 9 should be int
2019-08-17 23:49:47,024 - IMMO - FR - BIENICI - 2019-08-01 00:00:00 - ERROR - FILE_CHECK - expect_column_values_to_be_of_type - M2 - Wrong type for value: 54.0 on line 10 should be int
2019-08-17 23:49:47,024 - IMMO - FR - BIENICI - 2019-08-01 00:00:00 - ERROR - FILE_CHECK - expect_column_values_to_be_of_type - M2 - Wrong type for value: 54.0 on line 11 should be int
2019-08-17 23:49:47,024 - IMMO - FR - BIENICI - 2019-08-01 00:00:00 - ERROR - FILE_CHECK - expect_column_values_to_be_of_type - M2 - Wrong type for value: 28.0 on line 12 should be int
2019-08-17 23:49:47,024 - IMMO - FR - BIENICI - 2019-08-01 00:00:00 - ERROR - FILE_CHECK - expect_column_values_to_be_of_type - M2 - Wrong type for value: 84.0 on line 14 should be int
2019-08-17 23:49:47,024 - IMMO - FR - BIENICI - 2019-08-01 00:00:00 - ERROR - FILE_CHECK - expect_column_values_to_be_of_type - M2 - Wrong type for value: 84.0 on line 16 should be int
2019-08-17 23:49:47,024 - IMMO - FR - BIENICI - 2019-08-01 00:00:00 - ERROR - FILE_CHECK - expect_column_values_to_be_of_type - M2 - Wrong type for value: 134.0 on line 17 should be int
2019-08-17 23:49:47,024 - IMMO - FR - BIENICI - 2019-08-01 00:00:00 - ERROR - FILE_CHECK - expect_column_values_to_be_of_type - M2 - Wrong type for value: 98.0 on line 19 should be int
2019-08-17 23:49:47,024 - IMMO - FR - BIENICI - 2019-08-01 00:00:00 - ERROR - FILE_CHECK - expect_column_values_to_be_of_type - M2 - Wrong type for value: 79.0 on line 20 should be int
2019-08-17 23:49:47,024 - IMMO - FR - BIENICI - 2019-08-01 00:00:00 - ERROR - FILE_CHECK - expect_column_values_to_be_of_type - M2 - Wrong type for value: 64.0 on line 21 should be int
2019-08-17 23:49:47,024 - IMMO - FR - BIENICI - 2019-08-01 00:00:00 - ERROR - FILE_CHECK - expect_column_values_to_be_of_type - M2 - Wrong type for value: 107.0 on line 22 should be int
2019-08-17 23:49:47,024 - IMMO - FR - BIENICI - 2019-08-01 00:00:00 - ERROR - FILE_CHECK - expect_column_values_to_be_of_type - M2 - Wrong type for value: 71.0 on line 23 should be int
2019-08-17 23:49:47,024 - IMMO - FR - BIENICI - 2019-08-01 00:00:00 - ERROR - STAT - expect_column_values_to_be_of_type - M2 - correctly filled rate (%) - 0.0
2019-08-17 23:49:47,025 - IMMO - FR - BIENICI - 2019-08-01 00:00:00 - ERROR - STAT - expect_column_values_to_not_be_null - M2 - correctly filled rate (%) - 89.14
2019-08-17 23:49:47,025 - IMMO - FR - BIENICI - 2019-08-01 00:00:00 - ERROR - FILE_CHECK - expect_column_values_to_be_of_type - M2_TOTALE - Wrong type for value: 0.0 on line 0 should be int
2019-08-17 23:49:47,025 - IMMO - FR - BIENICI - 2019-08-01 00:00:00 - ERROR - FILE_CHECK - expect_column_values_to_be_of_type - M2_TOTALE - Wrong type for value: 0.0 on line 1 should be int
2019-08-17 23:49:47,025 - IMMO - FR - BIENICI - 2019-08-01 00:00:00 - ERROR - FILE_CHECK - expect_column_values_to_be_of_type - M2_TOTALE - Wrong type for value: 0.0 on line 2 should be int
2019-08-17 23:49:47,025 - IMMO - FR - BIENICI - 2019-08-01 00:00:00 - ERROR - FILE_CHECK - expect_column_values_to_be_of_type - M2_TOTALE - Wrong type for value: 0.0 on line 3 should be int
2019-08-17 23:49:47,025 - IMMO - FR - BIENICI - 2019-08-01 00:00:00 - ERROR - FILE_CHECK - expect_column_values_to_be_of_type - M2_TOTALE - Wrong type for value: 0.0 on line 4 should be int
2019-08-17 23:49:47,025 - IMMO - FR - BIENICI - 2019-08-01 00:00:00 - ERROR - FILE_CHECK - expect_column_values_to_be_of_type - M2_TOTALE - Wrong type for value: 0.0 on line 5 should be int
2019-08-17 23:49:47,025 - IMMO - FR - BIENICI - 2019-08-01 00:00:00 - ERROR - FILE_CHECK - expect_column_values_to_be_of_type - M2_TOTALE - Wrong type for value: 0.0 on line 6 should be int
2019-08-17 23:49:47,025 - IMMO - FR - BIENICI - 2019-08-01 00:00:00 - ERROR - FILE_CHECK - expect_column_values_to_be_of_type - M2_TOTALE - Wrong type for value: 0.0 on line 7 should be int
2019-08-17 23:49:47,025 - IMMO - FR - BIENICI - 2019-08-01 00:00:00 - ERROR - FILE_CHECK - expect_column_values_to_be_of_type - M2_TOTALE - Wrong type for value: 0.0 on line 8 should be int
2019-08-17 23:49:47,025 - IMMO - FR - BIENICI - 2019-08-01 00:00:00 - ERROR - FILE_CHECK - expect_column_values_to_be_of_type - M2_TOTALE - Wrong type for value: 0.0 on line 9 should be int
2019-08-17 23:49:47,025 - IMMO - FR - BIENICI - 2019-08-01 00:00:00 - ERROR - FILE_CHECK - expect_column_values_to_be_of_type - M2_TOTALE - Wrong type for value: 0.0 on line 10 should be int
2019-08-17 23:49:47,025 - IMMO - FR - BIENICI - 2019-08-01 00:00:00 - ERROR - FILE_CHECK - expect_column_values_to_be_of_type - M2_TOTALE - Wrong type for value: 0.0 on line 11 should be int
2019-08-17 23:49:47,025 - IMMO - FR - BIENICI - 2019-08-01 00:00:00 - ERROR - FILE_CHECK - expect_column_values_to_be_of_type - M2_TOTALE - Wrong type for value: 0.0 on line 12 should be int
2019-08-17 23:49:47,025 - IMMO - FR - BIENICI - 2019-08-01 00:00:00 - ERROR - FILE_CHECK - expect_column_values_to_be_of_type - M2_TOTALE - Wrong type for value: 0.0 on line 13 should be int
2019-08-17 23:49:47,025 - IMMO - FR - BIENICI - 2019-08-01 00:00:00 - ERROR - FILE_CHECK - expect_column_values_to_be_of_type - M2_TOTALE - Wrong type for value: 0.0 on line 14 should be int
2019-08-17 23:49:47,025 - IMMO - FR - BIENICI - 2019-08-01 00:00:00 - ERROR - FILE_CHECK - expect_column_values_to_be_of_type - M2_TOTALE - Wrong type for value: 0.0 on line 15 should be int
2019-08-17 23:49:47,025 - IMMO - FR - BIENICI - 2019-08-01 00:00:00 - ERROR - FILE_CHECK - expect_column_values_to_be_of_type - M2_TOTALE - Wrong type for value: 0.0 on line 16 should be int
2019-08-17 23:49:47,025 - IMMO - FR - BIENICI - 2019-08-01 00:00:00 - ERROR - FILE_CHECK - expect_column_values_to_be_of_type - M2_TOTALE - Wrong type for value: 0.0 on line 17 should be int
2019-08-17 23:49:47,026 - IMMO - FR - BIENICI - 2019-08-01 00:00:00 - ERROR - FILE_CHECK - expect_column_values_to_be_of_type - M2_TOTALE - Wrong type for value: 0.0 on line 18 should be int
2019-08-17 23:49:47,026 - IMMO - FR - BIENICI - 2019-08-01 00:00:00 - ERROR - FILE_CHECK - expect_column_values_to_be_of_type - M2_TOTALE - Wrong type for value: 0.0 on line 19 should be int
2019-08-17 23:49:47,026 - IMMO - FR - BIENICI - 2019-08-01 00:00:00 - ERROR - STAT - expect_column_values_to_be_of_type - M2_TOTALE - correctly filled rate (%) - 0.0
2019-08-17 23:49:47,026 - IMMO - FR - BIENICI - 2019-08-01 00:00:00 - ERROR - STAT - expect_column_values_to_not_be_null - M2_TOTALE - correctly filled rate (%) - 100.0
2019-08-17 23:49:47,026 - IMMO - FR - BIENICI - 2019-08-01 00:00:00 - ERROR - STAT - expect_column_values_to_not_be_null - MAISON_APT - correctly filled rate (%) - 100.0
2019-08-17 23:49:47,026 - IMMO - FR - BIENICI - 2019-08-01 00:00:00 - ERROR - STAT - expect_column_values_to_be_between - MAISON_APT - correctly filled rate (%) - 100.0
2019-08-17 23:49:47,026 - IMMO - FR - BIENICI - 2019-08-01 00:00:00 - ERROR - STAT - expect_column_values_to_not_be_null - MINI_SITE_ID - correctly filled rate (%) - 0.0
2019-08-17 23:49:47,026 - IMMO - FR - BIENICI - 2019-08-01 00:00:00 - ERROR - STAT - expect_column_values_to_not_be_null - NOM - correctly filled rate (%) - 0.0
2019-08-17 23:49:47,026 - IMMO - FR - BIENICI - 2019-08-01 00:00:00 - ERROR - STAT - expect_column_values_to_not_be_null - PAYS_AD - correctly filled rate (%) - 0.0
2019-08-17 23:49:47,026 - IMMO - FR - BIENICI - 2019-08-01 00:00:00 - ERROR - STAT - expect_column_values_to_not_be_null - PHOTO - correctly filled rate (%) - 100.0
2019-08-17 23:49:47,026 - IMMO - FR - BIENICI - 2019-08-01 00:00:00 - ERROR - STAT - expect_column_values_to_be_in_type_list - PHOTO - correctly filled rate (%) - 100.0
2019-08-17 23:49:47,026 - IMMO - FR - BIENICI - 2019-08-01 00:00:00 - ERROR - STAT - expect_column_values_to_not_be_null - PIECE - correctly filled rate (%) - 100.0
2019-08-17 23:49:47,026 - IMMO - FR - BIENICI - 2019-08-01 00:00:00 - ERROR - STAT - expect_column_values_to_be_in_type_list - PIECE - correctly filled rate (%) - 100.0
2019-08-17 23:49:47,026 - IMMO - FR - BIENICI - 2019-08-01 00:00:00 - ERROR - FILE_CHECK - expect_column_values_to_be_of_type - PRIX - Wrong type for value: 180000.0 on line 0 should be int
2019-08-17 23:49:47,026 - IMMO - FR - BIENICI - 2019-08-01 00:00:00 - ERROR - FILE_CHECK - expect_column_values_to_be_of_type - PRIX - Wrong type for value: 36000.0 on line 1 should be int
2019-08-17 23:49:47,026 - IMMO - FR - BIENICI - 2019-08-01 00:00:00 - ERROR - FILE_CHECK - expect_column_values_to_be_of_type - PRIX - Wrong type for value: 39000.0 on line 2 should be int
2019-08-17 23:49:47,027 - IMMO - FR - BIENICI - 2019-08-01 00:00:00 - ERROR - FILE_CHECK - expect_column_values_to_be_of_type - PRIX - Wrong type for value: 644000.0 on line 3 should be int
2019-08-17 23:49:47,027 - IMMO - FR - BIENICI - 2019-08-01 00:00:00 - ERROR - FILE_CHECK - expect_column_values_to_be_of_type - PRIX - Wrong type for value: 80000.0 on line 4 should be int
2019-08-17 23:49:47,027 - IMMO - FR - BIENICI - 2019-08-01 00:00:00 - ERROR - FILE_CHECK - expect_column_values_to_be_of_type - PRIX - Wrong type for value: 60000.0 on line 5 should be int
2019-08-17 23:49:47,027 - IMMO - FR - BIENICI - 2019-08-01 00:00:00 - ERROR - FILE_CHECK - expect_column_values_to_be_of_type - PRIX - Wrong type for value: 80000.0 on line 6 should be int
2019-08-17 23:49:47,027 - IMMO - FR - BIENICI - 2019-08-01 00:00:00 - ERROR - FILE_CHECK - expect_column_values_to_be_of_type - PRIX - Wrong type for value: 150000.0 on line 7 should be int
2019-08-17 23:49:47,027 - IMMO - FR - BIENICI - 2019-08-01 00:00:00 - ERROR - FILE_CHECK - expect_column_values_to_be_of_type - PRIX - Wrong type for value: 71000.0 on line 8 should be int
2019-08-17 23:49:47,027 - IMMO - FR - BIENICI - 2019-08-01 00:00:00 - ERROR - FILE_CHECK - expect_column_values_to_be_of_type - PRIX - Wrong type for value: 71000.0 on line 9 should be int
2019-08-17 23:49:47,027 - IMMO - FR - BIENICI - 2019-08-01 00:00:00 - ERROR - FILE_CHECK - expect_column_values_to_be_of_type - PRIX - Wrong type for value: 71000.0 on line 10 should be int
2019-08-17 23:49:47,027 - IMMO - FR - BIENICI - 2019-08-01 00:00:00 - ERROR - FILE_CHECK - expect_column_values_to_be_of_type - PRIX - Wrong type for value: 71000.0 on line 11 should be int
2019-08-17 23:49:47,027 - IMMO - FR - BIENICI - 2019-08-01 00:00:00 - ERROR - FILE_CHECK - expect_column_values_to_be_of_type - PRIX - Wrong type for value: 39000.0 on line 12 should be int
2019-08-17 23:49:47,027 - IMMO - FR - BIENICI - 2019-08-01 00:00:00 - ERROR - FILE_CHECK - expect_column_values_to_be_of_type - PRIX - Wrong type for value: 292000.0 on line 13 should be int
2019-08-17 23:49:47,027 - IMMO - FR - BIENICI - 2019-08-01 00:00:00 - ERROR - FILE_CHECK - expect_column_values_to_be_of_type - PRIX - Wrong type for value: 60500.0 on line 14 should be int
2019-08-17 23:49:47,027 - IMMO - FR - BIENICI - 2019-08-01 00:00:00 - ERROR - FILE_CHECK - expect_column_values_to_be_of_type - PRIX - Wrong type for value: 24000.0 on line 15 should be int
2019-08-17 23:49:47,027 - IMMO - FR - BIENICI - 2019-08-01 00:00:00 - ERROR - FILE_CHECK - expect_column_values_to_be_of_type - PRIX - Wrong type for value: 60000.0 on line 16 should be int
2019-08-17 23:49:47,027 - IMMO - FR - BIENICI - 2019-08-01 00:00:00 - ERROR - FILE_CHECK - expect_column_values_to_be_of_type - PRIX - Wrong type for value: 262000.0 on line 17 should be int
2019-08-17 23:49:47,027 - IMMO - FR - BIENICI - 2019-08-01 00:00:00 - ERROR - FILE_CHECK - expect_column_values_to_be_of_type - PRIX - Wrong type for value: 30000.0 on line 18 should be int
2019-08-17 23:49:47,027 - IMMO - FR - BIENICI - 2019-08-01 00:00:00 - ERROR - FILE_CHECK - expect_column_values_to_be_of_type - PRIX - Wrong type for value: 59000.0 on line 19 should be int
2019-08-17 23:49:47,027 - IMMO - FR - BIENICI - 2019-08-01 00:00:00 - ERROR - STAT - expect_column_values_to_be_of_type - PRIX - correctly filled rate (%) - 0.0
2019-08-17 23:49:47,028 - IMMO - FR - BIENICI - 2019-08-01 00:00:00 - ERROR - STAT - expect_column_values_to_not_be_null - PRIX - correctly filled rate (%) - 99.15
2019-08-17 23:49:47,028 - IMMO - FR - BIENICI - 2019-08-01 00:00:00 - ERROR - STAT - expect_column_values_to_not_be_null - REGION - correctly filled rate (%) - 0.0
2019-08-17 23:49:47,028 - IMMO - FR - BIENICI - 2019-08-01 00:00:00 - ERROR - STAT - expect_column_values_to_match_regex - VILLE - correctly filled rate (%) - 100.0
2019-08-17 23:49:47,028 - IMMO - FR - BIENICI - 2019-08-01 00:00:00 - ERROR - STAT - expect_column_values_to_not_be_null - VILLE - correctly filled rate (%) - 100.0
2019-08-17 23:49:47,028 - IMMO - FR - BIENICI - 2019-08-01 00:00:00 - ERROR - STAT - expect_returning_row_unique_count - VILLE - total number of unique rows - 28947
2019-08-17 23:49:47,028 - IMMO - FR - BIENICI - 2019-08-01 00:00:00 - ERROR - STAT - expect_returning_row_count_on_conditions - PRIVATE_LISTINGS - total number of row with conditions - 0
2019-08-17 23:49:47,028 - IMMO - FR - BIENICI - 2019-08-01 00:00:00 - ERROR - STAT - expect_returning_row_count_on_conditions - DEALER_LISTINGS - total number of row with conditions - 449765
2019-08-17 23:49:47,028 - IMMO - FR - BIENICI - 2019-08-01 00:00:00 - ERROR - STAT - expect_returning_row_unique_count - DEPARTEMENT - total number of unique rows - 194
