2019-08-16 07:20:50,415 - JOBS - FR - WELCOMETOTHEJUNGLE - 2019-08-01 00:00:00 - ERROR - STAT - expect_column_values_to_not_be_null - ANNONCE_LINK - correctly filled rate (%) - 100.0

2019-08-16 07:20:50,416 - JOBS - FR - WELCOMETOTHEJUNGLE - 2019-08-01 00:00:00 - ERROR - STAT - expect_column_values_to_be_unique - ANNONCE_LINK - observed proportion - 100.0

2019-08-16 07:20:50,416 - JOBS - FR - WELCOMETOTHEJUNGLE - 2019-08-01 00:00:00 - ERROR - STAT - expect_column_values_to_not_be_null - ANNONCE_TEXT - correctly filled rate (%) - 85.15

2019-08-16 07:20:50,416 - JOBS - FR - WELCOMETOTHEJUNGLE - 2019-08-01 00:00:00 - ERROR - FILE_CHECK - expect_column_value_lengths_to_be_between - ANNONCE_TEXT - Unexpected characters count of: [Lyon Postuler À prop...] on line  0, value length should be between 0 and 255

2019-08-16 07:20:50,416 - JOBS - FR - WELCOMETOTHEJUNGLE - 2019-08-01 00:00:00 - ERROR - FILE_CHECK - expect_column_value_lengths_to_be_between - ANNONCE_TEXT - Unexpected characters count of: [La Defense Postuler ...] on line  2, value length should be between 0 and 255

2019-08-16 07:20:50,416 - JOBS - FR - WELCOMETOTHEJUNGLE - 2019-08-01 00:00:00 - ERROR - FILE_CHECK - expect_column_value_lengths_to_be_between - ANNONCE_TEXT - Unexpected characters count of: [France Postuler À pr...] on line  3, value length should be between 0 and 255

2019-08-16 07:20:50,416 - JOBS - FR - WELCOMETOTHEJUNGLE - 2019-08-01 00:00:00 - ERROR - FILE_CHECK - expect_column_value_lengths_to_be_between - ANNONCE_TEXT - Unexpected characters count of: [Paris Postuler À pro...] on line  7, value length should be between 0 and 255

2019-08-16 07:20:50,416 - JOBS - FR - WELCOMETOTHEJUNGLE - 2019-08-01 00:00:00 - ERROR - FILE_CHECK - expect_column_value_lengths_to_be_between - ANNONCE_TEXT - Unexpected characters count of: [Paris Postuler À pro...] on line  8, value length should be between 0 and 255

2019-08-16 07:20:50,416 - JOBS - FR - WELCOMETOTHEJUNGLE - 2019-08-01 00:00:00 - ERROR - FILE_CHECK - expect_column_value_lengths_to_be_between - ANNONCE_TEXT - Unexpected characters count of: [La Defense Postuler ...] on line  9, value length should be between 0 and 255

2019-08-16 07:20:50,416 - JOBS - FR - WELCOMETOTHEJUNGLE - 2019-08-01 00:00:00 - ERROR - FILE_CHECK - expect_column_value_lengths_to_be_between - ANNONCE_TEXT - Unexpected characters count of: [Paris Postuler À pro...] on line  12, value length should be between 0 and 255

2019-08-16 07:20:50,416 - JOBS - FR - WELCOMETOTHEJUNGLE - 2019-08-01 00:00:00 - ERROR - FILE_CHECK - expect_column_value_lengths_to_be_between - ANNONCE_TEXT - Unexpected characters count of: [Boulogne Billancourt...] on line  13, value length should be between 0 and 255

2019-08-16 07:20:50,416 - JOBS - FR - WELCOMETOTHEJUNGLE - 2019-08-01 00:00:00 - ERROR - FILE_CHECK - expect_column_value_lengths_to_be_between - ANNONCE_TEXT - Unexpected characters count of: [Paris Postuler À pro...] on line  14, value length should be between 0 and 255

2019-08-16 07:20:50,416 - JOBS - FR - WELCOMETOTHEJUNGLE - 2019-08-01 00:00:00 - ERROR - FILE_CHECK - expect_column_value_lengths_to_be_between - ANNONCE_TEXT - Unexpected characters count of: [Bordeaux Postuler À ...] on line  15, value length should be between 0 and 255

2019-08-16 07:20:50,416 - JOBS - FR - WELCOMETOTHEJUNGLE - 2019-08-01 00:00:00 - ERROR - FILE_CHECK - expect_column_value_lengths_to_be_between - ANNONCE_TEXT - Unexpected characters count of: [Nantes Postuler À pr...] on line  16, value length should be between 0 and 255

2019-08-16 07:20:50,416 - JOBS - FR - WELCOMETOTHEJUNGLE - 2019-08-01 00:00:00 - ERROR - FILE_CHECK - expect_column_value_lengths_to_be_between - ANNONCE_TEXT - Unexpected characters count of: [Toulouse Postuler À ...] on line  17, value length should be between 0 and 255

2019-08-16 07:20:50,416 - JOBS - FR - WELCOMETOTHEJUNGLE - 2019-08-01 00:00:00 - ERROR - FILE_CHECK - expect_column_value_lengths_to_be_between - ANNONCE_TEXT - Unexpected characters count of: [Paris Postuler À pro...] on line  18, value length should be between 0 and 255

2019-08-16 07:20:50,417 - JOBS - FR - WELCOMETOTHEJUNGLE - 2019-08-01 00:00:00 - ERROR - FILE_CHECK - expect_column_value_lengths_to_be_between - ANNONCE_TEXT - Unexpected characters count of: [Levallois-Perret Pos...] on line  19, value length should be between 0 and 255

2019-08-16 07:20:50,417 - JOBS - FR - WELCOMETOTHEJUNGLE - 2019-08-01 00:00:00 - ERROR - FILE_CHECK - expect_column_value_lengths_to_be_between - ANNONCE_TEXT - Unexpected characters count of: [Paris Postuler À pro...] on line  20, value length should be between 0 and 255

2019-08-16 07:20:50,417 - JOBS - FR - WELCOMETOTHEJUNGLE - 2019-08-01 00:00:00 - ERROR - FILE_CHECK - expect_column_value_lengths_to_be_between - ANNONCE_TEXT - Unexpected characters count of: [Clichy Postuler À pr...] on line  21, value length should be between 0 and 255

2019-08-16 07:20:50,417 - JOBS - FR - WELCOMETOTHEJUNGLE - 2019-08-01 00:00:00 - ERROR - FILE_CHECK - expect_column_value_lengths_to_be_between - ANNONCE_TEXT - Unexpected characters count of: [Paris Postuler À pro...] on line  22, value length should be between 0 and 255

2019-08-16 07:20:50,417 - JOBS - FR - WELCOMETOTHEJUNGLE - 2019-08-01 00:00:00 - ERROR - FILE_CHECK - expect_column_value_lengths_to_be_between - ANNONCE_TEXT - Unexpected characters count of: [Clichy Postuler À pr...] on line  23, value length should be between 0 and 255

2019-08-16 07:20:50,417 - JOBS - FR - WELCOMETOTHEJUNGLE - 2019-08-01 00:00:00 - ERROR - FILE_CHECK - expect_column_value_lengths_to_be_between - ANNONCE_TEXT - Unexpected characters count of: [Paris Postuler À pro...] on line  24, value length should be between 0 and 255

2019-08-16 07:20:50,417 - JOBS - FR - WELCOMETOTHEJUNGLE - 2019-08-01 00:00:00 - ERROR - FILE_CHECK - expect_column_value_lengths_to_be_between - ANNONCE_TEXT - Unexpected characters count of: [Paris Postuler À pro...] on line  25, value length should be between 0 and 255

2019-08-16 07:20:50,417 - JOBS - FR - WELCOMETOTHEJUNGLE - 2019-08-01 00:00:00 - ERROR - STAT - expect_column_value_lengths_to_be_between - ANNONCE_TEXT - correctly filled rate (%) - 1.46

2019-08-16 07:20:50,417 - JOBS - FR - WELCOMETOTHEJUNGLE - 2019-08-01 00:00:00 - ERROR - STAT - expect_column_values_to_not_be_null - ANNONCEUR - correctly filled rate (%) - 100.0

2019-08-16 07:20:50,417 - JOBS - FR - WELCOMETOTHEJUNGLE - 2019-08-01 00:00:00 - ERROR - STAT - expect_column_values_to_not_be_null - ANNONCEUR_ID - correctly filled rate (%) - 0.0

2019-08-16 07:20:50,417 - JOBS - FR - WELCOMETOTHEJUNGLE - 2019-08-01 00:00:00 - ERROR - STAT - expect_column_values_to_not_be_null - ANNONCEUR_ID_3 - correctly filled rate (%) - 0.0

2019-08-16 07:20:50,417 - JOBS - FR - WELCOMETOTHEJUNGLE - 2019-08-01 00:00:00 - ERROR - STAT - expect_column_values_to_not_be_null - CABINET - correctly filled rate (%) - 0.0

2019-08-16 07:20:50,417 - JOBS - FR - WELCOMETOTHEJUNGLE - 2019-08-01 00:00:00 - ERROR - STAT - expect_column_values_to_not_be_null - CONTRAT - correctly filled rate (%) - 0.0

2019-08-16 07:20:50,417 - JOBS - FR - WELCOMETOTHEJUNGLE - 2019-08-01 00:00:00 - ERROR - STAT - expect_column_values_to_not_be_null - DEPARTEMENT - correctly filled rate (%) - 92.16

2019-08-16 07:20:50,417 - JOBS - FR - WELCOMETOTHEJUNGLE - 2019-08-01 00:00:00 - ERROR - FILE_CHECK - expect_column_values_to_match_regex - DEPARTEMENT - Unexpected value: 69.0 on line 0, value should match regexp ^[0-9]{2}$

2019-08-16 07:20:50,417 - JOBS - FR - WELCOMETOTHEJUNGLE - 2019-08-01 00:00:00 - ERROR - FILE_CHECK - expect_column_values_to_match_regex - DEPARTEMENT - Unexpected value: 75.0 on line 1, value should match regexp ^[0-9]{2}$

2019-08-16 07:20:50,417 - JOBS - FR - WELCOMETOTHEJUNGLE - 2019-08-01 00:00:00 - ERROR - FILE_CHECK - expect_column_values_to_match_regex - DEPARTEMENT - Unexpected value: 92.0 on line 2, value should match regexp ^[0-9]{2}$

2019-08-16 07:20:50,418 - JOBS - FR - WELCOMETOTHEJUNGLE - 2019-08-01 00:00:00 - ERROR - FILE_CHECK - expect_column_values_to_match_regex - DEPARTEMENT - Unexpected value: 35.0 on line 3, value should match regexp ^[0-9]{2}$

2019-08-16 07:20:50,418 - JOBS - FR - WELCOMETOTHEJUNGLE - 2019-08-01 00:00:00 - ERROR - FILE_CHECK - expect_column_values_to_match_regex - DEPARTEMENT - Unexpected value: 75.0 on line 4, value should match regexp ^[0-9]{2}$

2019-08-16 07:20:50,418 - JOBS - FR - WELCOMETOTHEJUNGLE - 2019-08-01 00:00:00 - ERROR - FILE_CHECK - expect_column_values_to_match_regex - DEPARTEMENT - Unexpected value: 75.0 on line 6, value should match regexp ^[0-9]{2}$

2019-08-16 07:20:50,418 - JOBS - FR - WELCOMETOTHEJUNGLE - 2019-08-01 00:00:00 - ERROR - FILE_CHECK - expect_column_values_to_match_regex - DEPARTEMENT - Unexpected value: 75.0 on line 7, value should match regexp ^[0-9]{2}$

2019-08-16 07:20:50,418 - JOBS - FR - WELCOMETOTHEJUNGLE - 2019-08-01 00:00:00 - ERROR - FILE_CHECK - expect_column_values_to_match_regex - DEPARTEMENT - Unexpected value: 75.0 on line 8, value should match regexp ^[0-9]{2}$

2019-08-16 07:20:50,418 - JOBS - FR - WELCOMETOTHEJUNGLE - 2019-08-01 00:00:00 - ERROR - FILE_CHECK - expect_column_values_to_match_regex - DEPARTEMENT - Unexpected value: 92.0 on line 9, value should match regexp ^[0-9]{2}$

2019-08-16 07:20:50,418 - JOBS - FR - WELCOMETOTHEJUNGLE - 2019-08-01 00:00:00 - ERROR - FILE_CHECK - expect_column_values_to_match_regex - DEPARTEMENT - Unexpected value: 75.0 on line 10, value should match regexp ^[0-9]{2}$

2019-08-16 07:20:50,418 - JOBS - FR - WELCOMETOTHEJUNGLE - 2019-08-01 00:00:00 - ERROR - FILE_CHECK - expect_column_values_to_match_regex - DEPARTEMENT - Unexpected value: 75.0 on line 11, value should match regexp ^[0-9]{2}$

2019-08-16 07:20:50,418 - JOBS - FR - WELCOMETOTHEJUNGLE - 2019-08-01 00:00:00 - ERROR - FILE_CHECK - expect_column_values_to_match_regex - DEPARTEMENT - Unexpected value: 75.0 on line 12, value should match regexp ^[0-9]{2}$

2019-08-16 07:20:50,418 - JOBS - FR - WELCOMETOTHEJUNGLE - 2019-08-01 00:00:00 - ERROR - FILE_CHECK - expect_column_values_to_match_regex - DEPARTEMENT - Unexpected value: 92.0 on line 13, value should match regexp ^[0-9]{2}$

2019-08-16 07:20:50,418 - JOBS - FR - WELCOMETOTHEJUNGLE - 2019-08-01 00:00:00 - ERROR - FILE_CHECK - expect_column_values_to_match_regex - DEPARTEMENT - Unexpected value: 75.0 on line 14, value should match regexp ^[0-9]{2}$

2019-08-16 07:20:50,418 - JOBS - FR - WELCOMETOTHEJUNGLE - 2019-08-01 00:00:00 - ERROR - FILE_CHECK - expect_column_values_to_match_regex - DEPARTEMENT - Unexpected value: 75.0 on line 15, value should match regexp ^[0-9]{2}$

2019-08-16 07:20:50,418 - JOBS - FR - WELCOMETOTHEJUNGLE - 2019-08-01 00:00:00 - ERROR - FILE_CHECK - expect_column_values_to_match_regex - DEPARTEMENT - Unexpected value: 75.0 on line 16, value should match regexp ^[0-9]{2}$

2019-08-16 07:20:50,418 - JOBS - FR - WELCOMETOTHEJUNGLE - 2019-08-01 00:00:00 - ERROR - FILE_CHECK - expect_column_values_to_match_regex - DEPARTEMENT - Unexpected value: 75.0 on line 17, value should match regexp ^[0-9]{2}$

2019-08-16 07:20:50,418 - JOBS - FR - WELCOMETOTHEJUNGLE - 2019-08-01 00:00:00 - ERROR - FILE_CHECK - expect_column_values_to_match_regex - DEPARTEMENT - Unexpected value: 75.0 on line 18, value should match regexp ^[0-9]{2}$

2019-08-16 07:20:50,418 - JOBS - FR - WELCOMETOTHEJUNGLE - 2019-08-01 00:00:00 - ERROR - FILE_CHECK - expect_column_values_to_match_regex - DEPARTEMENT - Unexpected value: 92.0 on line 19, value should match regexp ^[0-9]{2}$

2019-08-16 07:20:50,418 - JOBS - FR - WELCOMETOTHEJUNGLE - 2019-08-01 00:00:00 - ERROR - FILE_CHECK - expect_column_values_to_match_regex - DEPARTEMENT - Unexpected value: 75.0 on line 20, value should match regexp ^[0-9]{2}$

2019-08-16 07:20:50,418 - JOBS - FR - WELCOMETOTHEJUNGLE - 2019-08-01 00:00:00 - ERROR - STAT - expect_column_values_to_match_regex - DEPARTEMENT - correctly filled rate (%) - 0.0

2019-08-16 07:20:50,419 - JOBS - FR - WELCOMETOTHEJUNGLE - 2019-08-01 00:00:00 - ERROR - STAT - expect_column_values_to_not_be_null - ENTREPRISE - correctly filled rate (%) - 0.0

2019-08-16 07:20:50,419 - JOBS - FR - WELCOMETOTHEJUNGLE - 2019-08-01 00:00:00 - ERROR - STAT - expect_column_values_to_not_be_null - ID_CLIENT - correctly filled rate (%) - 100.0

2019-08-16 07:20:50,419 - JOBS - FR - WELCOMETOTHEJUNGLE - 2019-08-01 00:00:00 - ERROR - STAT - expect_column_values_to_be_unique - ID_CLIENT - observed proportion - 100.0

2019-08-16 07:20:50,419 - JOBS - FR - WELCOMETOTHEJUNGLE - 2019-08-01 00:00:00 - ERROR - STAT - expect_returning_row_count - EVERY_COLUMNS - total number of rows - 12447

2019-08-16 07:20:50,419 - JOBS - FR - WELCOMETOTHEJUNGLE - 2019-08-01 00:00:00 - ERROR - STAT - expect_column_values_to_not_be_null - LIEU - correctly filled rate (%) - 93.6

2019-08-16 07:20:50,419 - JOBS - FR - WELCOMETOTHEJUNGLE - 2019-08-01 00:00:00 - ERROR - STAT - expect_column_values_to_not_be_null - METIER - correctly filled rate (%) - 99.84

2019-08-16 07:20:50,419 - JOBS - FR - WELCOMETOTHEJUNGLE - 2019-08-01 00:00:00 - ERROR - STAT - expect_column_values_to_not_be_null - ON_SITE - correctly filled rate (%) - 0.0

2019-08-16 07:20:50,419 - JOBS - FR - WELCOMETOTHEJUNGLE - 2019-08-01 00:00:00 - ERROR - STAT - expect_column_values_to_not_be_null - OTHER_SITE - correctly filled rate (%) - 0.0

2019-08-16 07:20:50,419 - JOBS - FR - WELCOMETOTHEJUNGLE - 2019-08-01 00:00:00 - ERROR - STAT - expect_column_values_to_not_be_null - REGION - correctly filled rate (%) - 0.0

2019-08-16 07:20:50,419 - JOBS - FR - WELCOMETOTHEJUNGLE - 2019-08-01 00:00:00 - ERROR - STAT - expect_returning_row_unique_count - REGION - total number of unique rows - 0

2019-08-16 07:20:50,419 - JOBS - FR - WELCOMETOTHEJUNGLE - 2019-08-01 00:00:00 - ERROR - STAT - expect_column_values_to_not_be_null - TYPE_EMPLOI - correctly filled rate (%) - 93.6

2019-08-16 07:20:50,419 - JOBS - FR - WELCOMETOTHEJUNGLE - 2019-08-01 00:00:00 - ERROR - STAT - expect_column_values_to_not_be_null - SALAIRE - correctly filled rate (%) - 0.0

2019-08-16 07:20:50,419 - JOBS - FR - WELCOMETOTHEJUNGLE - 2019-08-01 00:00:00 - ERROR - STAT - expect_column_values_to_not_be_null - SECTEUR - correctly filled rate (%) - 0.0

