2019-06-05 13:52:40,729 - VO - BR - ICARROS - 2019-04-01 00:00:00 - ERROR - STAT - expect_column_values_to_not_be_null - ADRESSE - correctly filled rate (%) - 95.17
2019-06-05 13:52:40,729 - VO - BR - ICARROS - 2019-04-01 00:00:00 - ERROR - STAT - expect_column_values_to_be_in_type_list - ANNEE - correctly filled rate (%) - 100.0
2019-06-05 13:52:40,729 - VO - BR - ICARROS - 2019-04-01 00:00:00 - ERROR - STAT - expect_column_values_to_be_between - ANNEE - correctly filled rate (%) - 99.82
2019-06-05 13:52:40,729 - VO - BR - ICARROS - 2019-04-01 00:00:00 - ERROR - STAT - expect_column_values_to_not_be_null - ANNEE - correctly filled rate (%) - 99.96
2019-06-05 13:52:40,729 - VO - BR - ICARROS - 2019-04-01 00:00:00 - ERROR - FILE_CHECK - expect_column_values_to_match_regex - ANNEE - Unexpected value: 2017.0 on line 0, value should match regexp ^[0-9]{4}$
2019-06-05 13:52:40,729 - VO - BR - ICARROS - 2019-04-01 00:00:00 - ERROR - FILE_CHECK - expect_column_values_to_match_regex - ANNEE - Unexpected value: 2017.0 on line 1, value should match regexp ^[0-9]{4}$
2019-06-05 13:52:40,729 - VO - BR - ICARROS - 2019-04-01 00:00:00 - ERROR - FILE_CHECK - expect_column_values_to_match_regex - ANNEE - Unexpected value: 2017.0 on line 2, value should match regexp ^[0-9]{4}$
2019-06-05 13:52:40,729 - VO - BR - ICARROS - 2019-04-01 00:00:00 - ERROR - FILE_CHECK - expect_column_values_to_match_regex - ANNEE - Unexpected value: 2017.0 on line 3, value should match regexp ^[0-9]{4}$
2019-06-05 13:52:40,729 - VO - BR - ICARROS - 2019-04-01 00:00:00 - ERROR - FILE_CHECK - expect_column_values_to_match_regex - ANNEE - Unexpected value: 2017.0 on line 4, value should match regexp ^[0-9]{4}$
2019-06-05 13:52:40,729 - VO - BR - ICARROS - 2019-04-01 00:00:00 - ERROR - FILE_CHECK - expect_column_values_to_match_regex - ANNEE - Unexpected value: 2017.0 on line 5, value should match regexp ^[0-9]{4}$
2019-06-05 13:52:40,729 - VO - BR - ICARROS - 2019-04-01 00:00:00 - ERROR - FILE_CHECK - expect_column_values_to_match_regex - ANNEE - Unexpected value: 2017.0 on line 6, value should match regexp ^[0-9]{4}$
2019-06-05 13:52:40,729 - VO - BR - ICARROS - 2019-04-01 00:00:00 - ERROR - FILE_CHECK - expect_column_values_to_match_regex - ANNEE - Unexpected value: 2017.0 on line 7, value should match regexp ^[0-9]{4}$
2019-06-05 13:52:40,729 - VO - BR - ICARROS - 2019-04-01 00:00:00 - ERROR - FILE_CHECK - expect_column_values_to_match_regex - ANNEE - Unexpected value: 2017.0 on line 8, value should match regexp ^[0-9]{4}$
2019-06-05 13:52:40,729 - VO - BR - ICARROS - 2019-04-01 00:00:00 - ERROR - FILE_CHECK - expect_column_values_to_match_regex - ANNEE - Unexpected value: 2017.0 on line 9, value should match regexp ^[0-9]{4}$
2019-06-05 13:52:40,729 - VO - BR - ICARROS - 2019-04-01 00:00:00 - ERROR - FILE_CHECK - expect_column_values_to_match_regex - ANNEE - Unexpected value: 2017.0 on line 10, value should match regexp ^[0-9]{4}$
2019-06-05 13:52:40,729 - VO - BR - ICARROS - 2019-04-01 00:00:00 - ERROR - FILE_CHECK - expect_column_values_to_match_regex - ANNEE - Unexpected value: 2017.0 on line 11, value should match regexp ^[0-9]{4}$
2019-06-05 13:52:40,730 - VO - BR - ICARROS - 2019-04-01 00:00:00 - ERROR - FILE_CHECK - expect_column_values_to_match_regex - ANNEE - Unexpected value: 2009.0 on line 12, value should match regexp ^[0-9]{4}$
2019-06-05 13:52:40,730 - VO - BR - ICARROS - 2019-04-01 00:00:00 - ERROR - FILE_CHECK - expect_column_values_to_match_regex - ANNEE - Unexpected value: 2017.0 on line 13, value should match regexp ^[0-9]{4}$
2019-06-05 13:52:40,730 - VO - BR - ICARROS - 2019-04-01 00:00:00 - ERROR - FILE_CHECK - expect_column_values_to_match_regex - ANNEE - Unexpected value: 2014.0 on line 14, value should match regexp ^[0-9]{4}$
2019-06-05 13:52:40,730 - VO - BR - ICARROS - 2019-04-01 00:00:00 - ERROR - FILE_CHECK - expect_column_values_to_match_regex - ANNEE - Unexpected value: 2017.0 on line 15, value should match regexp ^[0-9]{4}$
2019-06-05 13:52:40,730 - VO - BR - ICARROS - 2019-04-01 00:00:00 - ERROR - FILE_CHECK - expect_column_values_to_match_regex - ANNEE - Unexpected value: 2017.0 on line 16, value should match regexp ^[0-9]{4}$
2019-06-05 13:52:40,730 - VO - BR - ICARROS - 2019-04-01 00:00:00 - ERROR - FILE_CHECK - expect_column_values_to_match_regex - ANNEE - Unexpected value: 2008.0 on line 17, value should match regexp ^[0-9]{4}$
2019-06-05 13:52:40,730 - VO - BR - ICARROS - 2019-04-01 00:00:00 - ERROR - FILE_CHECK - expect_column_values_to_match_regex - ANNEE - Unexpected value: 2013.0 on line 18, value should match regexp ^[0-9]{4}$
2019-06-05 13:52:40,730 - VO - BR - ICARROS - 2019-04-01 00:00:00 - ERROR - FILE_CHECK - expect_column_values_to_match_regex - ANNEE - Unexpected value: 2008.0 on line 19, value should match regexp ^[0-9]{4}$
2019-06-05 13:52:40,730 - VO - BR - ICARROS - 2019-04-01 00:00:00 - ERROR - STAT - expect_column_values_to_match_regex - ANNEE - correctly filled rate (%) - 0.0
2019-06-05 13:52:40,730 - VO - BR - ICARROS - 2019-04-01 00:00:00 - ERROR - STAT - expect_column_values_to_not_be_null - ANNONCE_LINK - correctly filled rate (%) - 99.89
2019-06-05 13:52:40,730 - VO - BR - ICARROS - 2019-04-01 00:00:00 - ERROR - STAT - expect_column_values_to_be_unique - ANNONCE_LINK - observed proportion - 100.0
2019-06-05 13:52:40,730 - VO - BR - ICARROS - 2019-04-01 00:00:00 - ERROR - STAT - expect_column_values_to_not_be_null - CARBURANT - correctly filled rate (%) - 99.76
2019-06-05 13:52:40,730 - VO - BR - ICARROS - 2019-04-01 00:00:00 - ERROR - STAT - expect_column_values_to_not_be_null - CARROSSERIE - correctly filled rate (%) - 0.0
2019-06-05 13:52:40,730 - VO - BR - ICARROS - 2019-04-01 00:00:00 - ERROR - STAT - expect_column_values_to_not_be_null - CP - correctly filled rate (%) - 0.04
2019-06-05 13:52:40,730 - VO - BR - ICARROS - 2019-04-01 00:00:00 - ERROR - FILE_CHECK - expect_column_values_to_match_regex - CP - Unexpected value: particuliers on line 30458, value should match regexp [0-9]{5}-[0-9]{3}
2019-06-05 13:52:40,730 - VO - BR - ICARROS - 2019-04-01 00:00:00 - ERROR - FILE_CHECK - expect_column_values_to_match_regex - CP - Unexpected value: particuliers on line 30461, value should match regexp [0-9]{5}-[0-9]{3}
2019-06-05 13:52:40,730 - VO - BR - ICARROS - 2019-04-01 00:00:00 - ERROR - FILE_CHECK - expect_column_values_to_match_regex - CP - Unexpected value: particuliers on line 30464, value should match regexp [0-9]{5}-[0-9]{3}
2019-06-05 13:52:40,730 - VO - BR - ICARROS - 2019-04-01 00:00:00 - ERROR - FILE_CHECK - expect_column_values_to_match_regex - CP - Unexpected value: particuliers on line 30467, value should match regexp [0-9]{5}-[0-9]{3}
2019-06-05 13:52:40,731 - VO - BR - ICARROS - 2019-04-01 00:00:00 - ERROR - FILE_CHECK - expect_column_values_to_match_regex - CP - Unexpected value: particuliers on line 35359, value should match regexp [0-9]{5}-[0-9]{3}
2019-06-05 13:52:40,731 - VO - BR - ICARROS - 2019-04-01 00:00:00 - ERROR - FILE_CHECK - expect_column_values_to_match_regex - CP - Unexpected value: particuliers on line 42197, value should match regexp [0-9]{5}-[0-9]{3}
2019-06-05 13:52:40,731 - VO - BR - ICARROS - 2019-04-01 00:00:00 - ERROR - FILE_CHECK - expect_column_values_to_match_regex - CP - Unexpected value: particuliers on line 44418, value should match regexp [0-9]{5}-[0-9]{3}
2019-06-05 13:52:40,731 - VO - BR - ICARROS - 2019-04-01 00:00:00 - ERROR - FILE_CHECK - expect_column_values_to_match_regex - CP - Unexpected value: particuliers on line 44421, value should match regexp [0-9]{5}-[0-9]{3}
2019-06-05 13:52:40,731 - VO - BR - ICARROS - 2019-04-01 00:00:00 - ERROR - FILE_CHECK - expect_column_values_to_match_regex - CP - Unexpected value: particuliers on line 44424, value should match regexp [0-9]{5}-[0-9]{3}
2019-06-05 13:52:40,731 - VO - BR - ICARROS - 2019-04-01 00:00:00 - ERROR - FILE_CHECK - expect_column_values_to_match_regex - CP - Unexpected value: particuliers on line 65803, value should match regexp [0-9]{5}-[0-9]{3}
2019-06-05 13:52:40,731 - VO - BR - ICARROS - 2019-04-01 00:00:00 - ERROR - FILE_CHECK - expect_column_values_to_match_regex - CP - Unexpected value: particuliers on line 65806, value should match regexp [0-9]{5}-[0-9]{3}
2019-06-05 13:52:40,731 - VO - BR - ICARROS - 2019-04-01 00:00:00 - ERROR - FILE_CHECK - expect_column_values_to_match_regex - CP - Unexpected value: particuliers on line 66214, value should match regexp [0-9]{5}-[0-9]{3}
2019-06-05 13:52:40,731 - VO - BR - ICARROS - 2019-04-01 00:00:00 - ERROR - FILE_CHECK - expect_column_values_to_match_regex - CP - Unexpected value: particuliers on line 66218, value should match regexp [0-9]{5}-[0-9]{3}
2019-06-05 13:52:40,731 - VO - BR - ICARROS - 2019-04-01 00:00:00 - ERROR - FILE_CHECK - expect_column_values_to_match_regex - CP - Unexpected value: particuliers on line 66221, value should match regexp [0-9]{5}-[0-9]{3}
2019-06-05 13:52:40,731 - VO - BR - ICARROS - 2019-04-01 00:00:00 - ERROR - FILE_CHECK - expect_column_values_to_match_regex - CP - Unexpected value: particuliers on line 72776, value should match regexp [0-9]{5}-[0-9]{3}
2019-06-05 13:52:40,731 - VO - BR - ICARROS - 2019-04-01 00:00:00 - ERROR - FILE_CHECK - expect_column_values_to_match_regex - CP - Unexpected value: particuliers on line 72888, value should match regexp [0-9]{5}-[0-9]{3}
2019-06-05 13:52:40,731 - VO - BR - ICARROS - 2019-04-01 00:00:00 - ERROR - FILE_CHECK - expect_column_values_to_match_regex - CP - Unexpected value: particuliers on line 72891, value should match regexp [0-9]{5}-[0-9]{3}
2019-06-05 13:52:40,731 - VO - BR - ICARROS - 2019-04-01 00:00:00 - ERROR - FILE_CHECK - expect_column_values_to_match_regex - CP - Unexpected value: particuliers on line 73559, value should match regexp [0-9]{5}-[0-9]{3}
2019-06-05 13:52:40,731 - VO - BR - ICARROS - 2019-04-01 00:00:00 - ERROR - FILE_CHECK - expect_column_values_to_match_regex - CP - Unexpected value: particuliers on line 73562, value should match regexp [0-9]{5}-[0-9]{3}
2019-06-05 13:52:40,731 - VO - BR - ICARROS - 2019-04-01 00:00:00 - ERROR - FILE_CHECK - expect_column_values_to_match_regex - CP - Unexpected value: particuliers on line 73565, value should match regexp [0-9]{5}-[0-9]{3}
2019-06-05 13:52:40,731 - VO - BR - ICARROS - 2019-04-01 00:00:00 - ERROR - STAT - expect_column_values_to_match_regex - CP - correctly filled rate (%) - 0.0
2019-06-05 13:52:40,731 - VO - BR - ICARROS - 2019-04-01 00:00:00 - ERROR - STAT - expect_column_values_to_not_be_null - GARAGE_ID - correctly filled rate (%) - 99.04
2019-06-05 13:52:40,732 - VO - BR - ICARROS - 2019-04-01 00:00:00 - ERROR - STAT - expect_column_values_to_not_be_null - ID_CLIENT - correctly filled rate (%) - 100.0
2019-06-05 13:52:40,732 - VO - BR - ICARROS - 2019-04-01 00:00:00 - ERROR - FILE_CHECK - expect_column_values_to_be_unique - ID_CLIENT - Unexpected value: 0 on line 30458, value should be unique
2019-06-05 13:52:40,732 - VO - BR - ICARROS - 2019-04-01 00:00:00 - ERROR - FILE_CHECK - expect_column_values_to_be_unique - ID_CLIENT - Unexpected value: 0 on line 30459, value should be unique
2019-06-05 13:52:40,732 - VO - BR - ICARROS - 2019-04-01 00:00:00 - ERROR - FILE_CHECK - expect_column_values_to_be_unique - ID_CLIENT - Unexpected value: 0 on line 30461, value should be unique
2019-06-05 13:52:40,732 - VO - BR - ICARROS - 2019-04-01 00:00:00 - ERROR - FILE_CHECK - expect_column_values_to_be_unique - ID_CLIENT - Unexpected value: 0 on line 30462, value should be unique
2019-06-05 13:52:40,732 - VO - BR - ICARROS - 2019-04-01 00:00:00 - ERROR - FILE_CHECK - expect_column_values_to_be_unique - ID_CLIENT - Unexpected value: 0 on line 30464, value should be unique
2019-06-05 13:52:40,732 - VO - BR - ICARROS - 2019-04-01 00:00:00 - ERROR - FILE_CHECK - expect_column_values_to_be_unique - ID_CLIENT - Unexpected value: 0 on line 30465, value should be unique
2019-06-05 13:52:40,732 - VO - BR - ICARROS - 2019-04-01 00:00:00 - ERROR - FILE_CHECK - expect_column_values_to_be_unique - ID_CLIENT - Unexpected value: 0 on line 30467, value should be unique
2019-06-05 13:52:40,732 - VO - BR - ICARROS - 2019-04-01 00:00:00 - ERROR - FILE_CHECK - expect_column_values_to_be_unique - ID_CLIENT - Unexpected value: 0 on line 30468, value should be unique
2019-06-05 13:52:40,732 - VO - BR - ICARROS - 2019-04-01 00:00:00 - ERROR - FILE_CHECK - expect_column_values_to_be_unique - ID_CLIENT - Unexpected value: 0 on line 35359, value should be unique
2019-06-05 13:52:40,732 - VO - BR - ICARROS - 2019-04-01 00:00:00 - ERROR - FILE_CHECK - expect_column_values_to_be_unique - ID_CLIENT - Unexpected value: 0 on line 35360, value should be unique
2019-06-05 13:52:40,732 - VO - BR - ICARROS - 2019-04-01 00:00:00 - ERROR - FILE_CHECK - expect_column_values_to_be_unique - ID_CLIENT - Unexpected value: 0 on line 42197, value should be unique
2019-06-05 13:52:40,732 - VO - BR - ICARROS - 2019-04-01 00:00:00 - ERROR - FILE_CHECK - expect_column_values_to_be_unique - ID_CLIENT - Unexpected value: 0 on line 42198, value should be unique
2019-06-05 13:52:40,732 - VO - BR - ICARROS - 2019-04-01 00:00:00 - ERROR - FILE_CHECK - expect_column_values_to_be_unique - ID_CLIENT - Unexpected value: 0 on line 44418, value should be unique
2019-06-05 13:52:40,732 - VO - BR - ICARROS - 2019-04-01 00:00:00 - ERROR - FILE_CHECK - expect_column_values_to_be_unique - ID_CLIENT - Unexpected value: 0 on line 44419, value should be unique
2019-06-05 13:52:40,732 - VO - BR - ICARROS - 2019-04-01 00:00:00 - ERROR - FILE_CHECK - expect_column_values_to_be_unique - ID_CLIENT - Unexpected value: 0 on line 44421, value should be unique
2019-06-05 13:52:40,732 - VO - BR - ICARROS - 2019-04-01 00:00:00 - ERROR - FILE_CHECK - expect_column_values_to_be_unique - ID_CLIENT - Unexpected value: 0 on line 44422, value should be unique
2019-06-05 13:52:40,732 - VO - BR - ICARROS - 2019-04-01 00:00:00 - ERROR - FILE_CHECK - expect_column_values_to_be_unique - ID_CLIENT - Unexpected value: 0 on line 44424, value should be unique
2019-06-05 13:52:40,732 - VO - BR - ICARROS - 2019-04-01 00:00:00 - ERROR - FILE_CHECK - expect_column_values_to_be_unique - ID_CLIENT - Unexpected value: 0 on line 44425, value should be unique
2019-06-05 13:52:40,733 - VO - BR - ICARROS - 2019-04-01 00:00:00 - ERROR - FILE_CHECK - expect_column_values_to_be_unique - ID_CLIENT - Unexpected value: 1961 on line 65803, value should be unique
2019-06-05 13:52:40,733 - VO - BR - ICARROS - 2019-04-01 00:00:00 - ERROR - FILE_CHECK - expect_column_values_to_be_unique - ID_CLIENT - Unexpected value: 0 on line 65804, value should be unique
2019-06-05 13:52:40,733 - VO - BR - ICARROS - 2019-04-01 00:00:00 - ERROR - STAT - expect_column_values_to_be_unique - ID_CLIENT - observed proportion - 99.93
2019-06-05 13:52:40,733 - VO - BR - ICARROS - 2019-04-01 00:00:00 - ERROR - STAT - expect_returning_row_count - EVERY_COLUMNS - total number of rows - 181921
2019-06-05 13:52:40,733 - VO - BR - ICARROS - 2019-04-01 00:00:00 - ERROR - STAT - expect_column_values_to_not_be_null - IMMAT - correctly filled rate (%) - 99.89
2019-06-05 13:52:40,733 - VO - BR - ICARROS - 2019-04-01 00:00:00 - ERROR - FILE_CHECK - expect_column_values_to_be_in_type_list - KM - Wrong type for value: 40227.0 on line 0 should be in ['int']
2019-06-05 13:52:40,733 - VO - BR - ICARROS - 2019-04-01 00:00:00 - ERROR - FILE_CHECK - expect_column_values_to_be_in_type_list - KM - Wrong type for value: 40227.0 on line 1 should be in ['int']
2019-06-05 13:52:40,733 - VO - BR - ICARROS - 2019-04-01 00:00:00 - ERROR - FILE_CHECK - expect_column_values_to_be_in_type_list - KM - Wrong type for value: 40227.0 on line 2 should be in ['int']
2019-06-05 13:52:40,733 - VO - BR - ICARROS - 2019-04-01 00:00:00 - ERROR - FILE_CHECK - expect_column_values_to_be_in_type_list - KM - Wrong type for value: 40227.0 on line 3 should be in ['int']
2019-06-05 13:52:40,733 - VO - BR - ICARROS - 2019-04-01 00:00:00 - ERROR - FILE_CHECK - expect_column_values_to_be_in_type_list - KM - Wrong type for value: 40227.0 on line 4 should be in ['int']
2019-06-05 13:52:40,733 - VO - BR - ICARROS - 2019-04-01 00:00:00 - ERROR - FILE_CHECK - expect_column_values_to_be_in_type_list - KM - Wrong type for value: 40227.0 on line 5 should be in ['int']
2019-06-05 13:52:40,733 - VO - BR - ICARROS - 2019-04-01 00:00:00 - ERROR - FILE_CHECK - expect_column_values_to_be_in_type_list - KM - Wrong type for value: 40227.0 on line 6 should be in ['int']
2019-06-05 13:52:40,733 - VO - BR - ICARROS - 2019-04-01 00:00:00 - ERROR - FILE_CHECK - expect_column_values_to_be_in_type_list - KM - Wrong type for value: 40227.0 on line 7 should be in ['int']
2019-06-05 13:52:40,733 - VO - BR - ICARROS - 2019-04-01 00:00:00 - ERROR - FILE_CHECK - expect_column_values_to_be_in_type_list - KM - Wrong type for value: 40227.0 on line 8 should be in ['int']
2019-06-05 13:52:40,733 - VO - BR - ICARROS - 2019-04-01 00:00:00 - ERROR - FILE_CHECK - expect_column_values_to_be_in_type_list - KM - Wrong type for value: 40227.0 on line 9 should be in ['int']
2019-06-05 13:52:40,733 - VO - BR - ICARROS - 2019-04-01 00:00:00 - ERROR - FILE_CHECK - expect_column_values_to_be_in_type_list - KM - Wrong type for value: 40227.0 on line 10 should be in ['int']
2019-06-05 13:52:40,733 - VO - BR - ICARROS - 2019-04-01 00:00:00 - ERROR - FILE_CHECK - expect_column_values_to_be_in_type_list - KM - Wrong type for value: 40227.0 on line 11 should be in ['int']
2019-06-05 13:52:40,733 - VO - BR - ICARROS - 2019-04-01 00:00:00 - ERROR - FILE_CHECK - expect_column_values_to_be_in_type_list - KM - Wrong type for value: 168000.0 on line 12 should be in ['int']
2019-06-05 13:52:40,734 - VO - BR - ICARROS - 2019-04-01 00:00:00 - ERROR - FILE_CHECK - expect_column_values_to_be_in_type_list - KM - Wrong type for value: 67561.0 on line 13 should be in ['int']
2019-06-05 13:52:40,734 - VO - BR - ICARROS - 2019-04-01 00:00:00 - ERROR - FILE_CHECK - expect_column_values_to_be_in_type_list - KM - Wrong type for value: 61000.0 on line 14 should be in ['int']
2019-06-05 13:52:40,734 - VO - BR - ICARROS - 2019-04-01 00:00:00 - ERROR - FILE_CHECK - expect_column_values_to_be_in_type_list - KM - Wrong type for value: 22500.0 on line 15 should be in ['int']
2019-06-05 13:52:40,734 - VO - BR - ICARROS - 2019-04-01 00:00:00 - ERROR - FILE_CHECK - expect_column_values_to_be_in_type_list - KM - Wrong type for value: 43116.0 on line 16 should be in ['int']
2019-06-05 13:52:40,734 - VO - BR - ICARROS - 2019-04-01 00:00:00 - ERROR - FILE_CHECK - expect_column_values_to_be_in_type_list - KM - Wrong type for value: 161000.0 on line 17 should be in ['int']
2019-06-05 13:52:40,734 - VO - BR - ICARROS - 2019-04-01 00:00:00 - ERROR - FILE_CHECK - expect_column_values_to_be_in_type_list - KM - Wrong type for value: 66023.0 on line 18 should be in ['int']
2019-06-05 13:52:40,734 - VO - BR - ICARROS - 2019-04-01 00:00:00 - ERROR - FILE_CHECK - expect_column_values_to_be_in_type_list - KM - Wrong type for value: 198.0 on line 19 should be in ['int']
2019-06-05 13:52:40,734 - VO - BR - ICARROS - 2019-04-01 00:00:00 - ERROR - STAT - expect_column_values_to_be_in_type_list - KM - correctly filled rate (%) - 0.0
2019-06-05 13:52:40,734 - VO - BR - ICARROS - 2019-04-01 00:00:00 - ERROR - STAT - expect_column_values_to_not_be_null - KM - correctly filled rate (%) - 84.93
2019-06-05 13:52:40,734 - VO - BR - ICARROS - 2019-04-01 00:00:00 - ERROR - STAT - expect_column_values_to_be_in_type_list - LITRE - correctly filled rate (%) - 100.0
2019-06-05 13:52:40,734 - VO - BR - ICARROS - 2019-04-01 00:00:00 - ERROR - STAT - expect_column_values_to_not_be_null - LITRE - correctly filled rate (%) - 99.89
2019-06-05 13:52:40,734 - VO - BR - ICARROS - 2019-04-01 00:00:00 - ERROR - STAT - expect_column_values_to_not_be_null - MARQUE - correctly filled rate (%) - 99.96
2019-06-05 13:52:40,734 - VO - BR - ICARROS - 2019-04-01 00:00:00 - ERROR - STAT - expect_column_values_to_not_be_null - MODELE - correctly filled rate (%) - 0.04
2019-06-05 13:52:40,734 - VO - BR - ICARROS - 2019-04-01 00:00:00 - ERROR - STAT - expect_column_values_to_not_be_null - MOIS - correctly filled rate (%) - 99.89
2019-06-05 13:52:40,734 - VO - BR - ICARROS - 2019-04-01 00:00:00 - ERROR - FILE_CHECK - expect_column_values_to_be_between - MOIS - Unexpected value: 0.0 on line 0, value should be between 1 and 12
2019-06-05 13:52:40,734 - VO - BR - ICARROS - 2019-04-01 00:00:00 - ERROR - FILE_CHECK - expect_column_values_to_be_between - MOIS - Unexpected value: 0.0 on line 1, value should be between 1 and 12
2019-06-05 13:52:40,734 - VO - BR - ICARROS - 2019-04-01 00:00:00 - ERROR - FILE_CHECK - expect_column_values_to_be_between - MOIS - Unexpected value: 0.0 on line 2, value should be between 1 and 12
2019-06-05 13:52:40,734 - VO - BR - ICARROS - 2019-04-01 00:00:00 - ERROR - FILE_CHECK - expect_column_values_to_be_between - MOIS - Unexpected value: 0.0 on line 3, value should be between 1 and 12
2019-06-05 13:52:40,735 - VO - BR - ICARROS - 2019-04-01 00:00:00 - ERROR - FILE_CHECK - expect_column_values_to_be_between - MOIS - Unexpected value: 0.0 on line 4, value should be between 1 and 12
2019-06-05 13:52:40,735 - VO - BR - ICARROS - 2019-04-01 00:00:00 - ERROR - FILE_CHECK - expect_column_values_to_be_between - MOIS - Unexpected value: 0.0 on line 5, value should be between 1 and 12
2019-06-05 13:52:40,735 - VO - BR - ICARROS - 2019-04-01 00:00:00 - ERROR - FILE_CHECK - expect_column_values_to_be_between - MOIS - Unexpected value: 0.0 on line 6, value should be between 1 and 12
2019-06-05 13:52:40,735 - VO - BR - ICARROS - 2019-04-01 00:00:00 - ERROR - FILE_CHECK - expect_column_values_to_be_between - MOIS - Unexpected value: 0.0 on line 7, value should be between 1 and 12
2019-06-05 13:52:40,735 - VO - BR - ICARROS - 2019-04-01 00:00:00 - ERROR - FILE_CHECK - expect_column_values_to_be_between - MOIS - Unexpected value: 0.0 on line 8, value should be between 1 and 12
2019-06-05 13:52:40,735 - VO - BR - ICARROS - 2019-04-01 00:00:00 - ERROR - FILE_CHECK - expect_column_values_to_be_between - MOIS - Unexpected value: 0.0 on line 9, value should be between 1 and 12
2019-06-05 13:52:40,735 - VO - BR - ICARROS - 2019-04-01 00:00:00 - ERROR - FILE_CHECK - expect_column_values_to_be_between - MOIS - Unexpected value: 0.0 on line 10, value should be between 1 and 12
2019-06-05 13:52:40,735 - VO - BR - ICARROS - 2019-04-01 00:00:00 - ERROR - FILE_CHECK - expect_column_values_to_be_between - MOIS - Unexpected value: 0.0 on line 11, value should be between 1 and 12
2019-06-05 13:52:40,735 - VO - BR - ICARROS - 2019-04-01 00:00:00 - ERROR - FILE_CHECK - expect_column_values_to_be_between - MOIS - Unexpected value: 0.0 on line 12, value should be between 1 and 12
2019-06-05 13:52:40,735 - VO - BR - ICARROS - 2019-04-01 00:00:00 - ERROR - FILE_CHECK - expect_column_values_to_be_between - MOIS - Unexpected value: 0.0 on line 13, value should be between 1 and 12
2019-06-05 13:52:40,735 - VO - BR - ICARROS - 2019-04-01 00:00:00 - ERROR - FILE_CHECK - expect_column_values_to_be_between - MOIS - Unexpected value: 0.0 on line 14, value should be between 1 and 12
2019-06-05 13:52:40,735 - VO - BR - ICARROS - 2019-04-01 00:00:00 - ERROR - FILE_CHECK - expect_column_values_to_be_between - MOIS - Unexpected value: 0.0 on line 15, value should be between 1 and 12
2019-06-05 13:52:40,735 - VO - BR - ICARROS - 2019-04-01 00:00:00 - ERROR - FILE_CHECK - expect_column_values_to_be_between - MOIS - Unexpected value: 0.0 on line 16, value should be between 1 and 12
2019-06-05 13:52:40,735 - VO - BR - ICARROS - 2019-04-01 00:00:00 - ERROR - FILE_CHECK - expect_column_values_to_be_between - MOIS - Unexpected value: 0.0 on line 17, value should be between 1 and 12
2019-06-05 13:52:40,735 - VO - BR - ICARROS - 2019-04-01 00:00:00 - ERROR - FILE_CHECK - expect_column_values_to_be_between - MOIS - Unexpected value: 0.0 on line 18, value should be between 1 and 12
2019-06-05 13:52:40,735 - VO - BR - ICARROS - 2019-04-01 00:00:00 - ERROR - FILE_CHECK - expect_column_values_to_be_between - MOIS - Unexpected value: 0.0 on line 19, value should be between 1 and 12
2019-06-05 13:52:40,735 - VO - BR - ICARROS - 2019-04-01 00:00:00 - ERROR - STAT - expect_column_values_to_be_between - MOIS - correctly filled rate (%) - 0.0
2019-06-05 13:52:40,735 - VO - BR - ICARROS - 2019-04-01 00:00:00 - ERROR - FILE_CHECK - expect_column_values_to_match_regex - MOIS - Unexpected value: 0.0 on line 0, value should match regexp ^[0-9]{1,2}$
2019-06-05 13:52:40,736 - VO - BR - ICARROS - 2019-04-01 00:00:00 - ERROR - FILE_CHECK - expect_column_values_to_match_regex - MOIS - Unexpected value: 0.0 on line 1, value should match regexp ^[0-9]{1,2}$
2019-06-05 13:52:40,736 - VO - BR - ICARROS - 2019-04-01 00:00:00 - ERROR - FILE_CHECK - expect_column_values_to_match_regex - MOIS - Unexpected value: 0.0 on line 2, value should match regexp ^[0-9]{1,2}$
2019-06-05 13:52:40,736 - VO - BR - ICARROS - 2019-04-01 00:00:00 - ERROR - FILE_CHECK - expect_column_values_to_match_regex - MOIS - Unexpected value: 0.0 on line 3, value should match regexp ^[0-9]{1,2}$
2019-06-05 13:52:40,736 - VO - BR - ICARROS - 2019-04-01 00:00:00 - ERROR - FILE_CHECK - expect_column_values_to_match_regex - MOIS - Unexpected value: 0.0 on line 4, value should match regexp ^[0-9]{1,2}$
2019-06-05 13:52:40,736 - VO - BR - ICARROS - 2019-04-01 00:00:00 - ERROR - FILE_CHECK - expect_column_values_to_match_regex - MOIS - Unexpected value: 0.0 on line 5, value should match regexp ^[0-9]{1,2}$
2019-06-05 13:52:40,736 - VO - BR - ICARROS - 2019-04-01 00:00:00 - ERROR - FILE_CHECK - expect_column_values_to_match_regex - MOIS - Unexpected value: 0.0 on line 6, value should match regexp ^[0-9]{1,2}$
2019-06-05 13:52:40,736 - VO - BR - ICARROS - 2019-04-01 00:00:00 - ERROR - FILE_CHECK - expect_column_values_to_match_regex - MOIS - Unexpected value: 0.0 on line 7, value should match regexp ^[0-9]{1,2}$
2019-06-05 13:52:40,736 - VO - BR - ICARROS - 2019-04-01 00:00:00 - ERROR - FILE_CHECK - expect_column_values_to_match_regex - MOIS - Unexpected value: 0.0 on line 8, value should match regexp ^[0-9]{1,2}$
2019-06-05 13:52:40,736 - VO - BR - ICARROS - 2019-04-01 00:00:00 - ERROR - FILE_CHECK - expect_column_values_to_match_regex - MOIS - Unexpected value: 0.0 on line 9, value should match regexp ^[0-9]{1,2}$
2019-06-05 13:52:40,736 - VO - BR - ICARROS - 2019-04-01 00:00:00 - ERROR - FILE_CHECK - expect_column_values_to_match_regex - MOIS - Unexpected value: 0.0 on line 10, value should match regexp ^[0-9]{1,2}$
2019-06-05 13:52:40,736 - VO - BR - ICARROS - 2019-04-01 00:00:00 - ERROR - FILE_CHECK - expect_column_values_to_match_regex - MOIS - Unexpected value: 0.0 on line 11, value should match regexp ^[0-9]{1,2}$
2019-06-05 13:52:40,736 - VO - BR - ICARROS - 2019-04-01 00:00:00 - ERROR - FILE_CHECK - expect_column_values_to_match_regex - MOIS - Unexpected value: 0.0 on line 12, value should match regexp ^[0-9]{1,2}$
2019-06-05 13:52:40,736 - VO - BR - ICARROS - 2019-04-01 00:00:00 - ERROR - FILE_CHECK - expect_column_values_to_match_regex - MOIS - Unexpected value: 0.0 on line 13, value should match regexp ^[0-9]{1,2}$
2019-06-05 13:52:40,736 - VO - BR - ICARROS - 2019-04-01 00:00:00 - ERROR - FILE_CHECK - expect_column_values_to_match_regex - MOIS - Unexpected value: 0.0 on line 14, value should match regexp ^[0-9]{1,2}$
2019-06-05 13:52:40,736 - VO - BR - ICARROS - 2019-04-01 00:00:00 - ERROR - FILE_CHECK - expect_column_values_to_match_regex - MOIS - Unexpected value: 0.0 on line 15, value should match regexp ^[0-9]{1,2}$
2019-06-05 13:52:40,736 - VO - BR - ICARROS - 2019-04-01 00:00:00 - ERROR - FILE_CHECK - expect_column_values_to_match_regex - MOIS - Unexpected value: 0.0 on line 16, value should match regexp ^[0-9]{1,2}$
2019-06-05 13:52:40,736 - VO - BR - ICARROS - 2019-04-01 00:00:00 - ERROR - FILE_CHECK - expect_column_values_to_match_regex - MOIS - Unexpected value: 0.0 on line 17, value should match regexp ^[0-9]{1,2}$
2019-06-05 13:52:40,736 - VO - BR - ICARROS - 2019-04-01 00:00:00 - ERROR - FILE_CHECK - expect_column_values_to_match_regex - MOIS - Unexpected value: 0.0 on line 18, value should match regexp ^[0-9]{1,2}$
2019-06-05 13:52:40,737 - VO - BR - ICARROS - 2019-04-01 00:00:00 - ERROR - FILE_CHECK - expect_column_values_to_match_regex - MOIS - Unexpected value: 0.0 on line 19, value should match regexp ^[0-9]{1,2}$
2019-06-05 13:52:40,737 - VO - BR - ICARROS - 2019-04-01 00:00:00 - ERROR - STAT - expect_column_values_to_match_regex - MOIS - correctly filled rate (%) - 0.0
2019-06-05 13:52:40,737 - VO - BR - ICARROS - 2019-04-01 00:00:00 - ERROR - STAT - expect_column_values_to_not_be_null - NOM - correctly filled rate (%) - 99.93
2019-06-05 13:52:40,737 - VO - BR - ICARROS - 2019-04-01 00:00:00 - ERROR - FILE_CHECK - expect_column_value_lengths_to_be_between - NOM - Unexpected characters count of: [16...] on line  30459, value length should be between 10 and 255
2019-06-05 13:52:40,737 - VO - BR - ICARROS - 2019-04-01 00:00:00 - ERROR - FILE_CHECK - expect_column_value_lengths_to_be_between - NOM - Unexpected characters count of: [22...] on line  30462, value length should be between 10 and 255
2019-06-05 13:52:40,737 - VO - BR - ICARROS - 2019-04-01 00:00:00 - ERROR - FILE_CHECK - expect_column_value_lengths_to_be_between - NOM - Unexpected characters count of: [34...] on line  30465, value length should be between 10 and 255
2019-06-05 13:52:40,737 - VO - BR - ICARROS - 2019-04-01 00:00:00 - ERROR - FILE_CHECK - expect_column_value_lengths_to_be_between - NOM - Unexpected characters count of: [37...] on line  30468, value length should be between 10 and 255
2019-06-05 13:52:40,737 - VO - BR - ICARROS - 2019-04-01 00:00:00 - ERROR - FILE_CHECK - expect_column_value_lengths_to_be_between - NOM - Unexpected characters count of: [5...] on line  35360, value length should be between 10 and 255
2019-06-05 13:52:40,737 - VO - BR - ICARROS - 2019-04-01 00:00:00 - ERROR - FILE_CHECK - expect_column_value_lengths_to_be_between - NOM - Unexpected characters count of: [5...] on line  42198, value length should be between 10 and 255
2019-06-05 13:52:40,737 - VO - BR - ICARROS - 2019-04-01 00:00:00 - ERROR - FILE_CHECK - expect_column_value_lengths_to_be_between - NOM - Unexpected characters count of: [5...] on line  44419, value length should be between 10 and 255
2019-06-05 13:52:40,737 - VO - BR - ICARROS - 2019-04-01 00:00:00 - ERROR - FILE_CHECK - expect_column_value_lengths_to_be_between - NOM - Unexpected characters count of: [5...] on line  44422, value length should be between 10 and 255
2019-06-05 13:52:40,737 - VO - BR - ICARROS - 2019-04-01 00:00:00 - ERROR - FILE_CHECK - expect_column_value_lengths_to_be_between - NOM - Unexpected characters count of: [5...] on line  44425, value length should be between 10 and 255
2019-06-05 13:52:40,737 - VO - BR - ICARROS - 2019-04-01 00:00:00 - ERROR - FILE_CHECK - expect_column_value_lengths_to_be_between - NOM - Unexpected characters count of: [14...] on line  65804, value length should be between 10 and 255
2019-06-05 13:52:40,737 - VO - BR - ICARROS - 2019-04-01 00:00:00 - ERROR - FILE_CHECK - expect_column_value_lengths_to_be_between - NOM - Unexpected characters count of: [12...] on line  65807, value length should be between 10 and 255
2019-06-05 13:52:40,737 - VO - BR - ICARROS - 2019-04-01 00:00:00 - ERROR - FILE_CHECK - expect_column_value_lengths_to_be_between - NOM - Unexpected characters count of: [38...] on line  66215, value length should be between 10 and 255
2019-06-05 13:52:40,737 - VO - BR - ICARROS - 2019-04-01 00:00:00 - ERROR - FILE_CHECK - expect_column_value_lengths_to_be_between - NOM - Unexpected characters count of: [37...] on line  66219, value length should be between 10 and 255
2019-06-05 13:52:40,737 - VO - BR - ICARROS - 2019-04-01 00:00:00 - ERROR - FILE_CHECK - expect_column_value_lengths_to_be_between - NOM - Unexpected characters count of: [32...] on line  66222, value length should be between 10 and 255
2019-06-05 13:52:40,737 - VO - BR - ICARROS - 2019-04-01 00:00:00 - ERROR - FILE_CHECK - expect_column_value_lengths_to_be_between - NOM - Unexpected characters count of: [39...] on line  72777, value length should be between 10 and 255
2019-06-05 13:52:40,738 - VO - BR - ICARROS - 2019-04-01 00:00:00 - ERROR - FILE_CHECK - expect_column_value_lengths_to_be_between - NOM - Unexpected characters count of: [8...] on line  72889, value length should be between 10 and 255
2019-06-05 13:52:40,738 - VO - BR - ICARROS - 2019-04-01 00:00:00 - ERROR - FILE_CHECK - expect_column_value_lengths_to_be_between - NOM - Unexpected characters count of: [7...] on line  72892, value length should be between 10 and 255
2019-06-05 13:52:40,738 - VO - BR - ICARROS - 2019-04-01 00:00:00 - ERROR - FILE_CHECK - expect_column_value_lengths_to_be_between - NOM - Unexpected characters count of: [9...] on line  73560, value length should be between 10 and 255
2019-06-05 13:52:40,738 - VO - BR - ICARROS - 2019-04-01 00:00:00 - ERROR - FILE_CHECK - expect_column_value_lengths_to_be_between - NOM - Unexpected characters count of: [31...] on line  73563, value length should be between 10 and 255
2019-06-05 13:52:40,738 - VO - BR - ICARROS - 2019-04-01 00:00:00 - ERROR - FILE_CHECK - expect_column_value_lengths_to_be_between - NOM - Unexpected characters count of: [28...] on line  73566, value length should be between 10 and 255
2019-06-05 13:52:40,738 - VO - BR - ICARROS - 2019-04-01 00:00:00 - ERROR - STAT - expect_column_value_lengths_to_be_between - NOM - correctly filled rate (%) - 99.96
2019-06-05 13:52:40,738 - VO - BR - ICARROS - 2019-04-01 00:00:00 - ERROR - STAT - expect_column_values_to_not_be_null - OPTIONS - correctly filled rate (%) - 0.04
2019-06-05 13:52:40,738 - VO - BR - ICARROS - 2019-04-01 00:00:00 - ERROR - STAT - expect_column_value_lengths_to_be_between - OPTIONS - correctly filled rate (%) - 100.0
2019-06-05 13:52:40,738 - VO - BR - ICARROS - 2019-04-01 00:00:00 - ERROR - FILE_CHECK - expect_column_values_to_be_in_type_list - PHOTO - Wrong type for value: 0.0 on line 0 should be in ['int']
2019-06-05 13:52:40,738 - VO - BR - ICARROS - 2019-04-01 00:00:00 - ERROR - FILE_CHECK - expect_column_values_to_be_in_type_list - PHOTO - Wrong type for value: 0.0 on line 1 should be in ['int']
2019-06-05 13:52:40,738 - VO - BR - ICARROS - 2019-04-01 00:00:00 - ERROR - FILE_CHECK - expect_column_values_to_be_in_type_list - PHOTO - Wrong type for value: 0.0 on line 2 should be in ['int']
2019-06-05 13:52:40,738 - VO - BR - ICARROS - 2019-04-01 00:00:00 - ERROR - FILE_CHECK - expect_column_values_to_be_in_type_list - PHOTO - Wrong type for value: 0.0 on line 3 should be in ['int']
2019-06-05 13:52:40,738 - VO - BR - ICARROS - 2019-04-01 00:00:00 - ERROR - FILE_CHECK - expect_column_values_to_be_in_type_list - PHOTO - Wrong type for value: 0.0 on line 4 should be in ['int']
2019-06-05 13:52:40,738 - VO - BR - ICARROS - 2019-04-01 00:00:00 - ERROR - FILE_CHECK - expect_column_values_to_be_in_type_list - PHOTO - Wrong type for value: 0.0 on line 5 should be in ['int']
2019-06-05 13:52:40,738 - VO - BR - ICARROS - 2019-04-01 00:00:00 - ERROR - FILE_CHECK - expect_column_values_to_be_in_type_list - PHOTO - Wrong type for value: 0.0 on line 6 should be in ['int']
2019-06-05 13:52:40,738 - VO - BR - ICARROS - 2019-04-01 00:00:00 - ERROR - FILE_CHECK - expect_column_values_to_be_in_type_list - PHOTO - Wrong type for value: 0.0 on line 7 should be in ['int']
2019-06-05 13:52:40,738 - VO - BR - ICARROS - 2019-04-01 00:00:00 - ERROR - FILE_CHECK - expect_column_values_to_be_in_type_list - PHOTO - Wrong type for value: 0.0 on line 8 should be in ['int']
2019-06-05 13:52:40,738 - VO - BR - ICARROS - 2019-04-01 00:00:00 - ERROR - FILE_CHECK - expect_column_values_to_be_in_type_list - PHOTO - Wrong type for value: 0.0 on line 9 should be in ['int']
2019-06-05 13:52:40,739 - VO - BR - ICARROS - 2019-04-01 00:00:00 - ERROR - FILE_CHECK - expect_column_values_to_be_in_type_list - PHOTO - Wrong type for value: 0.0 on line 10 should be in ['int']
2019-06-05 13:52:40,739 - VO - BR - ICARROS - 2019-04-01 00:00:00 - ERROR - FILE_CHECK - expect_column_values_to_be_in_type_list - PHOTO - Wrong type for value: 0.0 on line 11 should be in ['int']
2019-06-05 13:52:40,739 - VO - BR - ICARROS - 2019-04-01 00:00:00 - ERROR - FILE_CHECK - expect_column_values_to_be_in_type_list - PHOTO - Wrong type for value: 1.0 on line 12 should be in ['int']
2019-06-05 13:52:40,739 - VO - BR - ICARROS - 2019-04-01 00:00:00 - ERROR - FILE_CHECK - expect_column_values_to_be_in_type_list - PHOTO - Wrong type for value: 8.0 on line 13 should be in ['int']
2019-06-05 13:52:40,739 - VO - BR - ICARROS - 2019-04-01 00:00:00 - ERROR - FILE_CHECK - expect_column_values_to_be_in_type_list - PHOTO - Wrong type for value: 9.0 on line 14 should be in ['int']
2019-06-05 13:52:40,739 - VO - BR - ICARROS - 2019-04-01 00:00:00 - ERROR - FILE_CHECK - expect_column_values_to_be_in_type_list - PHOTO - Wrong type for value: 5.0 on line 15 should be in ['int']
2019-06-05 13:52:40,739 - VO - BR - ICARROS - 2019-04-01 00:00:00 - ERROR - FILE_CHECK - expect_column_values_to_be_in_type_list - PHOTO - Wrong type for value: 8.0 on line 16 should be in ['int']
2019-06-05 13:52:40,739 - VO - BR - ICARROS - 2019-04-01 00:00:00 - ERROR - FILE_CHECK - expect_column_values_to_be_in_type_list - PHOTO - Wrong type for value: 7.0 on line 17 should be in ['int']
2019-06-05 13:52:40,739 - VO - BR - ICARROS - 2019-04-01 00:00:00 - ERROR - FILE_CHECK - expect_column_values_to_be_in_type_list - PHOTO - Wrong type for value: 9.0 on line 18 should be in ['int']
2019-06-05 13:52:40,739 - VO - BR - ICARROS - 2019-04-01 00:00:00 - ERROR - FILE_CHECK - expect_column_values_to_be_in_type_list - PHOTO - Wrong type for value: 4.0 on line 19 should be in ['int']
2019-06-05 13:52:40,739 - VO - BR - ICARROS - 2019-04-01 00:00:00 - ERROR - STAT - expect_column_values_to_be_in_type_list - PHOTO - correctly filled rate (%) - 0.0
2019-06-05 13:52:40,739 - VO - BR - ICARROS - 2019-04-01 00:00:00 - ERROR - STAT - expect_column_values_to_not_be_null - PHOTO - correctly filled rate (%) - 99.89
2019-06-05 13:52:40,739 - VO - BR - ICARROS - 2019-04-01 00:00:00 - ERROR - FILE_CHECK - expect_column_values_to_be_in_type_list - PLACE - Wrong type for value: 0.0 on line 0 should be in ['int']
2019-06-05 13:52:40,739 - VO - BR - ICARROS - 2019-04-01 00:00:00 - ERROR - FILE_CHECK - expect_column_values_to_be_in_type_list - PLACE - Wrong type for value: 0.0 on line 1 should be in ['int']
2019-06-05 13:52:40,739 - VO - BR - ICARROS - 2019-04-01 00:00:00 - ERROR - FILE_CHECK - expect_column_values_to_be_in_type_list - PLACE - Wrong type for value: 0.0 on line 2 should be in ['int']
2019-06-05 13:52:40,739 - VO - BR - ICARROS - 2019-04-01 00:00:00 - ERROR - FILE_CHECK - expect_column_values_to_be_in_type_list - PLACE - Wrong type for value: 0.0 on line 3 should be in ['int']
2019-06-05 13:52:40,739 - VO - BR - ICARROS - 2019-04-01 00:00:00 - ERROR - FILE_CHECK - expect_column_values_to_be_in_type_list - PLACE - Wrong type for value: 0.0 on line 4 should be in ['int']
2019-06-05 13:52:40,739 - VO - BR - ICARROS - 2019-04-01 00:00:00 - ERROR - FILE_CHECK - expect_column_values_to_be_in_type_list - PLACE - Wrong type for value: 0.0 on line 5 should be in ['int']
2019-06-05 13:52:40,740 - VO - BR - ICARROS - 2019-04-01 00:00:00 - ERROR - FILE_CHECK - expect_column_values_to_be_in_type_list - PLACE - Wrong type for value: 0.0 on line 6 should be in ['int']
2019-06-05 13:52:40,740 - VO - BR - ICARROS - 2019-04-01 00:00:00 - ERROR - FILE_CHECK - expect_column_values_to_be_in_type_list - PLACE - Wrong type for value: 0.0 on line 7 should be in ['int']
2019-06-05 13:52:40,740 - VO - BR - ICARROS - 2019-04-01 00:00:00 - ERROR - FILE_CHECK - expect_column_values_to_be_in_type_list - PLACE - Wrong type for value: 0.0 on line 8 should be in ['int']
2019-06-05 13:52:40,740 - VO - BR - ICARROS - 2019-04-01 00:00:00 - ERROR - FILE_CHECK - expect_column_values_to_be_in_type_list - PLACE - Wrong type for value: 0.0 on line 9 should be in ['int']
2019-06-05 13:52:40,740 - VO - BR - ICARROS - 2019-04-01 00:00:00 - ERROR - FILE_CHECK - expect_column_values_to_be_in_type_list - PLACE - Wrong type for value: 0.0 on line 10 should be in ['int']
2019-06-05 13:52:40,740 - VO - BR - ICARROS - 2019-04-01 00:00:00 - ERROR - FILE_CHECK - expect_column_values_to_be_in_type_list - PLACE - Wrong type for value: 0.0 on line 11 should be in ['int']
2019-06-05 13:52:40,740 - VO - BR - ICARROS - 2019-04-01 00:00:00 - ERROR - FILE_CHECK - expect_column_values_to_be_in_type_list - PLACE - Wrong type for value: 0.0 on line 12 should be in ['int']
2019-06-05 13:52:40,740 - VO - BR - ICARROS - 2019-04-01 00:00:00 - ERROR - FILE_CHECK - expect_column_values_to_be_in_type_list - PLACE - Wrong type for value: 0.0 on line 13 should be in ['int']
2019-06-05 13:52:40,740 - VO - BR - ICARROS - 2019-04-01 00:00:00 - ERROR - FILE_CHECK - expect_column_values_to_be_in_type_list - PLACE - Wrong type for value: 0.0 on line 14 should be in ['int']
2019-06-05 13:52:40,740 - VO - BR - ICARROS - 2019-04-01 00:00:00 - ERROR - FILE_CHECK - expect_column_values_to_be_in_type_list - PLACE - Wrong type for value: 0.0 on line 15 should be in ['int']
2019-06-05 13:52:40,740 - VO - BR - ICARROS - 2019-04-01 00:00:00 - ERROR - FILE_CHECK - expect_column_values_to_be_in_type_list - PLACE - Wrong type for value: 0.0 on line 16 should be in ['int']
2019-06-05 13:52:40,740 - VO - BR - ICARROS - 2019-04-01 00:00:00 - ERROR - FILE_CHECK - expect_column_values_to_be_in_type_list - PLACE - Wrong type for value: 0.0 on line 17 should be in ['int']
2019-06-05 13:52:40,740 - VO - BR - ICARROS - 2019-04-01 00:00:00 - ERROR - FILE_CHECK - expect_column_values_to_be_in_type_list - PLACE - Wrong type for value: 0.0 on line 18 should be in ['int']
2019-06-05 13:52:40,740 - VO - BR - ICARROS - 2019-04-01 00:00:00 - ERROR - FILE_CHECK - expect_column_values_to_be_in_type_list - PLACE - Wrong type for value: 0.0 on line 19 should be in ['int']
2019-06-05 13:52:40,740 - VO - BR - ICARROS - 2019-04-01 00:00:00 - ERROR - STAT - expect_column_values_to_be_in_type_list - PLACE - correctly filled rate (%) - 0.0
2019-06-05 13:52:40,740 - VO - BR - ICARROS - 2019-04-01 00:00:00 - ERROR - STAT - expect_column_values_to_not_be_null - PLACE - correctly filled rate (%) - 99.89
2019-06-05 13:52:40,740 - VO - BR - ICARROS - 2019-04-01 00:00:00 - ERROR - STAT - expect_column_values_to_not_be_null - PORTE - correctly filled rate (%) - 95.75
2019-06-05 13:52:40,740 - VO - BR - ICARROS - 2019-04-01 00:00:00 - ERROR - STAT - expect_column_values_to_be_in_type_list - PORTE - correctly filled rate (%) - 100.0
2019-06-05 13:52:40,741 - VO - BR - ICARROS - 2019-04-01 00:00:00 - ERROR - FILE_CHECK - expect_column_values_to_be_in_type_list - PRIX - Wrong type for value: 99000 on line 24576 should be in ['int']
2019-06-05 13:52:40,741 - VO - BR - ICARROS - 2019-04-01 00:00:00 - ERROR - FILE_CHECK - expect_column_values_to_be_in_type_list - PRIX - Wrong type for value: 26900 on line 24577 should be in ['int']
2019-06-05 13:52:40,741 - VO - BR - ICARROS - 2019-04-01 00:00:00 - ERROR - FILE_CHECK - expect_column_values_to_be_in_type_list - PRIX - Wrong type for value: 60000 on line 24578 should be in ['int']
2019-06-05 13:52:40,741 - VO - BR - ICARROS - 2019-04-01 00:00:00 - ERROR - FILE_CHECK - expect_column_values_to_be_in_type_list - PRIX - Wrong type for value: 52990 on line 24579 should be in ['int']
2019-06-05 13:52:40,741 - VO - BR - ICARROS - 2019-04-01 00:00:00 - ERROR - FILE_CHECK - expect_column_values_to_be_in_type_list - PRIX - Wrong type for value: 36990 on line 24580 should be in ['int']
2019-06-05 13:52:40,741 - VO - BR - ICARROS - 2019-04-01 00:00:00 - ERROR - FILE_CHECK - expect_column_values_to_be_in_type_list - PRIX - Wrong type for value: 45990 on line 24581 should be in ['int']
2019-06-05 13:52:40,741 - VO - BR - ICARROS - 2019-04-01 00:00:00 - ERROR - FILE_CHECK - expect_column_values_to_be_in_type_list - PRIX - Wrong type for value: 97990 on line 24582 should be in ['int']
2019-06-05 13:52:40,741 - VO - BR - ICARROS - 2019-04-01 00:00:00 - ERROR - FILE_CHECK - expect_column_values_to_be_in_type_list - PRIX - Wrong type for value: 25000 on line 24583 should be in ['int']
2019-06-05 13:52:40,741 - VO - BR - ICARROS - 2019-04-01 00:00:00 - ERROR - FILE_CHECK - expect_column_values_to_be_in_type_list - PRIX - Wrong type for value: 43500 on line 24584 should be in ['int']
2019-06-05 13:52:40,741 - VO - BR - ICARROS - 2019-04-01 00:00:00 - ERROR - FILE_CHECK - expect_column_values_to_be_in_type_list - PRIX - Wrong type for value: 33900 on line 24585 should be in ['int']
2019-06-05 13:52:40,741 - VO - BR - ICARROS - 2019-04-01 00:00:00 - ERROR - FILE_CHECK - expect_column_values_to_be_in_type_list - PRIX - Wrong type for value: 48000 on line 24586 should be in ['int']
2019-06-05 13:52:40,741 - VO - BR - ICARROS - 2019-04-01 00:00:00 - ERROR - FILE_CHECK - expect_column_values_to_be_in_type_list - PRIX - Wrong type for value: 18800 on line 24587 should be in ['int']
2019-06-05 13:52:40,741 - VO - BR - ICARROS - 2019-04-01 00:00:00 - ERROR - FILE_CHECK - expect_column_values_to_be_in_type_list - PRIX - Wrong type for value: 29900 on line 24588 should be in ['int']
2019-06-05 13:52:40,741 - VO - BR - ICARROS - 2019-04-01 00:00:00 - ERROR - FILE_CHECK - expect_column_values_to_be_in_type_list - PRIX - Wrong type for value: 34000 on line 24589 should be in ['int']
2019-06-05 13:52:40,741 - VO - BR - ICARROS - 2019-04-01 00:00:00 - ERROR - FILE_CHECK - expect_column_values_to_be_in_type_list - PRIX - Wrong type for value: 37000 on line 24590 should be in ['int']
2019-06-05 13:52:40,741 - VO - BR - ICARROS - 2019-04-01 00:00:00 - ERROR - FILE_CHECK - expect_column_values_to_be_in_type_list - PRIX - Wrong type for value: 37900 on line 24591 should be in ['int']
2019-06-05 13:52:40,741 - VO - BR - ICARROS - 2019-04-01 00:00:00 - ERROR - FILE_CHECK - expect_column_values_to_be_in_type_list - PRIX - Wrong type for value: 69990 on line 24592 should be in ['int']
2019-06-05 13:52:40,741 - VO - BR - ICARROS - 2019-04-01 00:00:00 - ERROR - FILE_CHECK - expect_column_values_to_be_in_type_list - PRIX - Wrong type for value: 67900 on line 24593 should be in ['int']
2019-06-05 13:52:40,742 - VO - BR - ICARROS - 2019-04-01 00:00:00 - ERROR - FILE_CHECK - expect_column_values_to_be_in_type_list - PRIX - Wrong type for value: 44000 on line 24594 should be in ['int']
2019-06-05 13:52:40,742 - VO - BR - ICARROS - 2019-04-01 00:00:00 - ERROR - FILE_CHECK - expect_column_values_to_be_in_type_list - PRIX - Wrong type for value: 50990 on line 24595 should be in ['int']
2019-06-05 13:52:40,742 - VO - BR - ICARROS - 2019-04-01 00:00:00 - ERROR - STAT - expect_column_values_to_be_in_type_list - PRIX - correctly filled rate (%) - 50.48
2019-06-05 13:52:40,742 - VO - BR - ICARROS - 2019-04-01 00:00:00 - ERROR - STAT - expect_column_values_to_not_be_null - PRIX - correctly filled rate (%) - 99.96
2019-06-05 13:52:40,742 - VO - BR - ICARROS - 2019-04-01 00:00:00 - ERROR - STAT - expect_column_values_to_not_be_null - PROVINCE - correctly filled rate (%) - 99.89
2019-06-05 13:52:40,742 - VO - BR - ICARROS - 2019-04-01 00:00:00 - ERROR - STAT - expect_column_values_to_not_be_null - SITE - correctly filled rate (%) - 99.93
2019-06-05 13:52:40,742 - VO - BR - ICARROS - 2019-04-01 00:00:00 - ERROR - STAT - expect_column_values_to_not_be_null - TELEPHONE - correctly filled rate (%) - 98.01
2019-06-05 13:52:40,742 - VO - BR - ICARROS - 2019-04-01 00:00:00 - ERROR - STAT - expect_column_values_to_be_phone_number - TELEPHONE - correctly filled rate (%) - 95.35
2019-06-05 13:52:40,742 - VO - BR - ICARROS - 2019-04-01 00:00:00 - ERROR - STAT - expect_column_values_to_not_be_null - TYPE - correctly filled rate (%) - 99.96
2019-06-05 13:52:40,742 - VO - BR - ICARROS - 2019-04-01 00:00:00 - ERROR - STAT - expect_column_values_to_be_in_set_2 - TYPE - observed proportion - 100.0
2019-06-05 13:52:40,742 - VO - BR - ICARROS - 2019-04-01 00:00:00 - ERROR - STAT - expect_column_values_to_not_be_null - VILLE - correctly filled rate (%) - 99.93
2019-06-05 13:52:40,742 - VO - BR - ICARROS - 2019-04-01 00:00:00 - ERROR - STAT - expect_column_values_to_not_be_null - VN_IND - correctly filled rate (%) - 0.0
2019-06-05 13:52:40,742 - VO - BR - ICARROS - 2019-04-01 00:00:00 - ERROR - STAT - expect_returning_row_count_on_conditions - DEALER_USEDCARS - total number of row with conditions - 174841
2019-06-05 13:52:40,742 - VO - BR - ICARROS - 2019-04-01 00:00:00 - ERROR - STAT - expect_returning_row_count_on_conditions - PRIVATE_USEDCARS - total number of row with conditions - 6882
2019-06-05 13:52:40,742 - VO - BR - ICARROS - 2019-04-01 00:00:00 - ERROR - STAT - expect_returning_row_unique_count - MARQUE_CORRECTED - total number of unique rows - 65
2019-06-05 13:52:40,742 - VO - BR - ICARROS - 2019-04-01 00:00:00 - ERROR - STAT - expect_returning_row_unique_count - MODELE_CORRECTED - total number of unique rows - 454
2019-06-05 13:52:40,742 - VO - BR - ICARROS - 2019-04-01 00:00:00 - ERROR - STAT - expect_returning_row_unique_count - CARROSSERIE - total number of unique rows - 0
2019-06-05 13:52:40,742 - VO - BR - ICARROS - 2019-04-01 00:00:00 - ERROR - STAT - expect_returning_row_unique_count - CARBURANT - total number of unique rows - 6
2019-06-05 13:52:40,743 - VO - BR - ICARROS - 2019-04-01 00:00:00 - ERROR - STAT - expect_column_values_to_not_be_null - CYLINDRE - correctly filled rate (%) - 0.0
2019-06-05 13:52:40,743 - VO - BR - ICARROS - 2019-04-01 00:00:00 - ERROR - STAT - expect_returning_row_unique_count - PROVINCE - total number of unique rows - 27
2019-06-05 13:52:40,743 - VO - BR - ICARROS - 2019-04-01 00:00:00 - ERROR - STAT - expect_returning_row_unique_count - VILLE - total number of unique rows - 896
2019-06-05 13:52:40,743 - VO - BR - ICARROS - 2019-04-01 00:00:00 - ERROR - STAT - expect_returning_row_unique_count - DEPARTEMENT - total number of unique rows - 28
