2019-10-02 15:20:20,549 - NPV - UK - CARAVANFINDER - 2019-09-01 00:00:00 - ERROR - STAT - expect_column_values_to_not_be_null - ADRESSE - correctly filled rate (%) - 90.47
2019-10-02 15:20:20,549 - NPV - UK - CARAVANFINDER - 2019-09-01 00:00:00 - ERROR - STAT - expect_column_values_to_be_in_type_list - ANNEE - correctly filled rate (%) - 100.0
2019-10-02 15:20:20,549 - NPV - UK - CARAVANFINDER - 2019-09-01 00:00:00 - ERROR - STAT - expect_column_values_to_be_between - ANNEE - correctly filled rate (%) - 95.47
2019-10-02 15:20:20,549 - NPV - UK - CARAVANFINDER - 2019-09-01 00:00:00 - ERROR - STAT - expect_column_values_to_not_be_null - ANNEE - correctly filled rate (%) - 100.0
2019-10-02 15:20:20,549 - NPV - UK - CARAVANFINDER - 2019-09-01 00:00:00 - ERROR - FILE_CHECK - expect_column_values_to_match_regex - ANNEE - Unexpected value: 0 on line 993, value should match regexp ^[0-9]{4}$
2019-10-02 15:20:20,549 - NPV - UK - CARAVANFINDER - 2019-09-01 00:00:00 - ERROR - FILE_CHECK - expect_column_values_to_match_regex - ANNEE - Unexpected value: 0 on line 2754, value should match regexp ^[0-9]{4}$
2019-10-02 15:20:20,549 - NPV - UK - CARAVANFINDER - 2019-09-01 00:00:00 - ERROR - FILE_CHECK - expect_column_values_to_match_regex - ANNEE - Unexpected value: 0 on line 3402, value should match regexp ^[0-9]{4}$
2019-10-02 15:20:20,549 - NPV - UK - CARAVANFINDER - 2019-09-01 00:00:00 - ERROR - FILE_CHECK - expect_column_values_to_match_regex - ANNEE - Unexpected value: 0 on line 3603, value should match regexp ^[0-9]{4}$
2019-10-02 15:20:20,549 - NPV - UK - CARAVANFINDER - 2019-09-01 00:00:00 - ERROR - FILE_CHECK - expect_column_values_to_match_regex - ANNEE - Unexpected value: 0 on line 3752, value should match regexp ^[0-9]{4}$
2019-10-02 15:20:20,549 - NPV - UK - CARAVANFINDER - 2019-09-01 00:00:00 - ERROR - FILE_CHECK - expect_column_values_to_match_regex - ANNEE - Unexpected value: 0 on line 4145, value should match regexp ^[0-9]{4}$
2019-10-02 15:20:20,549 - NPV - UK - CARAVANFINDER - 2019-09-01 00:00:00 - ERROR - FILE_CHECK - expect_column_values_to_match_regex - ANNEE - Unexpected value: 0 on line 4376, value should match regexp ^[0-9]{4}$
2019-10-02 15:20:20,549 - NPV - UK - CARAVANFINDER - 2019-09-01 00:00:00 - ERROR - FILE_CHECK - expect_column_values_to_match_regex - ANNEE - Unexpected value: 0 on line 4394, value should match regexp ^[0-9]{4}$
2019-10-02 15:20:20,549 - NPV - UK - CARAVANFINDER - 2019-09-01 00:00:00 - ERROR - FILE_CHECK - expect_column_values_to_match_regex - ANNEE - Unexpected value: 0 on line 4395, value should match regexp ^[0-9]{4}$
2019-10-02 15:20:20,549 - NPV - UK - CARAVANFINDER - 2019-09-01 00:00:00 - ERROR - FILE_CHECK - expect_column_values_to_match_regex - ANNEE - Unexpected value: 0 on line 4575, value should match regexp ^[0-9]{4}$
2019-10-02 15:20:20,550 - NPV - UK - CARAVANFINDER - 2019-09-01 00:00:00 - ERROR - FILE_CHECK - expect_column_values_to_match_regex - ANNEE - Unexpected value: 0 on line 5034, value should match regexp ^[0-9]{4}$
2019-10-02 15:20:20,550 - NPV - UK - CARAVANFINDER - 2019-09-01 00:00:00 - ERROR - FILE_CHECK - expect_column_values_to_match_regex - ANNEE - Unexpected value: 0 on line 5816, value should match regexp ^[0-9]{4}$
2019-10-02 15:20:20,550 - NPV - UK - CARAVANFINDER - 2019-09-01 00:00:00 - ERROR - FILE_CHECK - expect_column_values_to_match_regex - ANNEE - Unexpected value: 0 on line 5982, value should match regexp ^[0-9]{4}$
2019-10-02 15:20:20,550 - NPV - UK - CARAVANFINDER - 2019-09-01 00:00:00 - ERROR - FILE_CHECK - expect_column_values_to_match_regex - ANNEE - Unexpected value: 0 on line 6134, value should match regexp ^[0-9]{4}$
2019-10-02 15:20:20,550 - NPV - UK - CARAVANFINDER - 2019-09-01 00:00:00 - ERROR - FILE_CHECK - expect_column_values_to_match_regex - ANNEE - Unexpected value: 0 on line 6484, value should match regexp ^[0-9]{4}$
2019-10-02 15:20:20,550 - NPV - UK - CARAVANFINDER - 2019-09-01 00:00:00 - ERROR - FILE_CHECK - expect_column_values_to_match_regex - ANNEE - Unexpected value: 0 on line 6572, value should match regexp ^[0-9]{4}$
2019-10-02 15:20:20,550 - NPV - UK - CARAVANFINDER - 2019-09-01 00:00:00 - ERROR - STAT - expect_column_values_to_match_regex - ANNEE - correctly filled rate (%) - 99.77
2019-10-02 15:20:20,550 - NPV - UK - CARAVANFINDER - 2019-09-01 00:00:00 - ERROR - STAT - expect_column_values_to_not_be_null - ANNONCE_LINK - correctly filled rate (%) - 100.0
2019-10-02 15:20:20,550 - NPV - UK - CARAVANFINDER - 2019-09-01 00:00:00 - ERROR - STAT - expect_column_values_to_be_unique - ANNONCE_LINK - observed proportion - 100.0
2019-10-02 15:20:20,550 - NPV - UK - CARAVANFINDER - 2019-09-01 00:00:00 - ERROR - STAT - expect_column_values_to_not_be_null - ANNONCE_TEXT - correctly filled rate (%) - 0.0
2019-10-02 15:20:20,550 - NPV - UK - CARAVANFINDER - 2019-09-01 00:00:00 - ERROR - STAT - expect_column_values_to_not_be_null - CARBURANT - correctly filled rate (%) - 13.72
2019-10-02 15:20:20,550 - NPV - UK - CARAVANFINDER - 2019-09-01 00:00:00 - ERROR - STAT - expect_column_values_to_not_be_null - CARROSSERIE - correctly filled rate (%) - 0.0
2019-10-02 15:20:20,550 - NPV - UK - CARAVANFINDER - 2019-09-01 00:00:00 - ERROR - STAT - expect_column_values_to_not_be_null - CP - correctly filled rate (%) - 90.59
2019-10-02 15:20:20,550 - NPV - UK - CARAVANFINDER - 2019-09-01 00:00:00 - ERROR - FILE_CHECK - expect_column_values_to_match_regex - CP - Unexpected value: PE273JD on line 328, value should match regexp ^[A-Z][A-Z0-9]{1,3} [0-9]{1}[A-Z]{2}$
2019-10-02 15:20:20,550 - NPV - UK - CARAVANFINDER - 2019-09-01 00:00:00 - ERROR - FILE_CHECK - expect_column_values_to_match_regex - CP - Unexpected value: PE273JD on line 379, value should match regexp ^[A-Z][A-Z0-9]{1,3} [0-9]{1}[A-Z]{2}$
2019-10-02 15:20:20,550 - NPV - UK - CARAVANFINDER - 2019-09-01 00:00:00 - ERROR - FILE_CHECK - expect_column_values_to_match_regex - CP - Unexpected value: LN110YZ on line 594, value should match regexp ^[A-Z][A-Z0-9]{1,3} [0-9]{1}[A-Z]{2}$
2019-10-02 15:20:20,550 - NPV - UK - CARAVANFINDER - 2019-09-01 00:00:00 - ERROR - FILE_CHECK - expect_column_values_to_match_regex - CP - Unexpected value: SK136JF on line 595, value should match regexp ^[A-Z][A-Z0-9]{1,3} [0-9]{1}[A-Z]{2}$
2019-10-02 15:20:20,550 - NPV - UK - CARAVANFINDER - 2019-09-01 00:00:00 - ERROR - FILE_CHECK - expect_column_values_to_match_regex - CP - Unexpected value: AB210EY on line 596, value should match regexp ^[A-Z][A-Z0-9]{1,3} [0-9]{1}[A-Z]{2}$
2019-10-02 15:20:20,551 - NPV - UK - CARAVANFINDER - 2019-09-01 00:00:00 - ERROR - FILE_CHECK - expect_column_values_to_match_regex - CP - Unexpected value: RH139JG on line 597, value should match regexp ^[A-Z][A-Z0-9]{1,3} [0-9]{1}[A-Z]{2}$
2019-10-02 15:20:20,551 - NPV - UK - CARAVANFINDER - 2019-09-01 00:00:00 - ERROR - FILE_CHECK - expect_column_values_to_match_regex - CP - Unexpected value: SA312BG on line 598, value should match regexp ^[A-Z][A-Z0-9]{1,3} [0-9]{1}[A-Z]{2}$
2019-10-02 15:20:20,551 - NPV - UK - CARAVANFINDER - 2019-09-01 00:00:00 - ERROR - FILE_CHECK - expect_column_values_to_match_regex - CP - Unexpected value: SG40JX on line 599, value should match regexp ^[A-Z][A-Z0-9]{1,3} [0-9]{1}[A-Z]{2}$
2019-10-02 15:20:20,551 - NPV - UK - CARAVANFINDER - 2019-09-01 00:00:00 - ERROR - FILE_CHECK - expect_column_values_to_match_regex - CP - Unexpected value: SA312BG on line 600, value should match regexp ^[A-Z][A-Z0-9]{1,3} [0-9]{1}[A-Z]{2}$
2019-10-02 15:20:20,551 - NPV - UK - CARAVANFINDER - 2019-09-01 00:00:00 - ERROR - FILE_CHECK - expect_column_values_to_match_regex - CP - Unexpected value: SA312BG on line 601, value should match regexp ^[A-Z][A-Z0-9]{1,3} [0-9]{1}[A-Z]{2}$
2019-10-02 15:20:20,551 - NPV - UK - CARAVANFINDER - 2019-09-01 00:00:00 - ERROR - FILE_CHECK - expect_column_values_to_match_regex - CP - Unexpected value: TS179JZ on line 602, value should match regexp ^[A-Z][A-Z0-9]{1,3} [0-9]{1}[A-Z]{2}$
2019-10-02 15:20:20,551 - NPV - UK - CARAVANFINDER - 2019-09-01 00:00:00 - ERROR - FILE_CHECK - expect_column_values_to_match_regex - CP - Unexpected value: TS179JZ on line 603, value should match regexp ^[A-Z][A-Z0-9]{1,3} [0-9]{1}[A-Z]{2}$
2019-10-02 15:20:20,551 - NPV - UK - CARAVANFINDER - 2019-09-01 00:00:00 - ERROR - FILE_CHECK - expect_column_values_to_match_regex - CP - Unexpected value: SA312BG on line 604, value should match regexp ^[A-Z][A-Z0-9]{1,3} [0-9]{1}[A-Z]{2}$
2019-10-02 15:20:20,551 - NPV - UK - CARAVANFINDER - 2019-09-01 00:00:00 - ERROR - FILE_CHECK - expect_column_values_to_match_regex - CP - Unexpected value: SA312BG on line 605, value should match regexp ^[A-Z][A-Z0-9]{1,3} [0-9]{1}[A-Z]{2}$
2019-10-02 15:20:20,551 - NPV - UK - CARAVANFINDER - 2019-09-01 00:00:00 - ERROR - FILE_CHECK - expect_column_values_to_match_regex - CP - Unexpected value: SA312BG on line 606, value should match regexp ^[A-Z][A-Z0-9]{1,3} [0-9]{1}[A-Z]{2}$
2019-10-02 15:20:20,551 - NPV - UK - CARAVANFINDER - 2019-09-01 00:00:00 - ERROR - FILE_CHECK - expect_column_values_to_match_regex - CP - Unexpected value: SA312BG on line 607, value should match regexp ^[A-Z][A-Z0-9]{1,3} [0-9]{1}[A-Z]{2}$
2019-10-02 15:20:20,551 - NPV - UK - CARAVANFINDER - 2019-09-01 00:00:00 - ERROR - FILE_CHECK - expect_column_values_to_match_regex - CP - Unexpected value: SA146RE on line 608, value should match regexp ^[A-Z][A-Z0-9]{1,3} [0-9]{1}[A-Z]{2}$
2019-10-02 15:20:20,551 - NPV - UK - CARAVANFINDER - 2019-09-01 00:00:00 - ERROR - FILE_CHECK - expect_column_values_to_match_regex - CP - Unexpected value: AB210EY on line 609, value should match regexp ^[A-Z][A-Z0-9]{1,3} [0-9]{1}[A-Z]{2}$
2019-10-02 15:20:20,551 - NPV - UK - CARAVANFINDER - 2019-09-01 00:00:00 - ERROR - FILE_CHECK - expect_column_values_to_match_regex - CP - Unexpected value: AB210EY on line 610, value should match regexp ^[A-Z][A-Z0-9]{1,3} [0-9]{1}[A-Z]{2}$
2019-10-02 15:20:20,551 - NPV - UK - CARAVANFINDER - 2019-09-01 00:00:00 - ERROR - FILE_CHECK - expect_column_values_to_match_regex - CP - Unexpected value: SG180EL on line 611, value should match regexp ^[A-Z][A-Z0-9]{1,3} [0-9]{1}[A-Z]{2}$
2019-10-02 15:20:20,551 - NPV - UK - CARAVANFINDER - 2019-09-01 00:00:00 - ERROR - STAT - expect_column_values_to_match_regex - CP - correctly filled rate (%) - 0.0
2019-10-02 15:20:20,551 - NPV - UK - CARAVANFINDER - 2019-09-01 00:00:00 - ERROR - STAT - expect_column_values_to_not_be_null - GARAGE_ID - correctly filled rate (%) - 0.0
2019-10-02 15:20:20,552 - NPV - UK - CARAVANFINDER - 2019-09-01 00:00:00 - ERROR - STAT - expect_column_values_to_not_be_null - ID_CLIENT - correctly filled rate (%) - 100.0
2019-10-02 15:20:20,552 - NPV - UK - CARAVANFINDER - 2019-09-01 00:00:00 - ERROR - STAT - expect_column_values_to_be_unique - ID_CLIENT - observed proportion - 100.0
2019-10-02 15:20:20,552 - NPV - UK - CARAVANFINDER - 2019-09-01 00:00:00 - ERROR - STAT - expect_returning_row_count - EVERY_COLUMNS - total number of rows - 6822
2019-10-02 15:20:20,552 - NPV - UK - CARAVANFINDER - 2019-09-01 00:00:00 - ERROR - STAT - expect_column_values_to_not_be_null - IMMAT - correctly filled rate (%) - 100.0
2019-10-02 15:20:20,552 - NPV - UK - CARAVANFINDER - 2019-09-01 00:00:00 - ERROR - STAT - expect_column_values_to_be_in_type_list - KM - correctly filled rate (%) - 100.0
2019-10-02 15:20:20,552 - NPV - UK - CARAVANFINDER - 2019-09-01 00:00:00 - ERROR - STAT - expect_column_values_to_not_be_null - KM - correctly filled rate (%) - 100.0
2019-10-02 15:20:20,552 - NPV - UK - CARAVANFINDER - 2019-09-01 00:00:00 - ERROR - STAT - expect_column_values_to_be_in_type_list - LITRE - correctly filled rate (%) - 100.0
2019-10-02 15:20:20,552 - NPV - UK - CARAVANFINDER - 2019-09-01 00:00:00 - ERROR - STAT - expect_column_values_to_not_be_null - LITRE - correctly filled rate (%) - 100.0
2019-10-02 15:20:20,552 - NPV - UK - CARAVANFINDER - 2019-09-01 00:00:00 - ERROR - STAT - expect_column_values_to_not_be_null - MARQUE - correctly filled rate (%) - 99.85
2019-10-02 15:20:20,552 - NPV - UK - CARAVANFINDER - 2019-09-01 00:00:00 - ERROR - STAT - expect_column_values_to_not_be_null - MODELE - correctly filled rate (%) - 99.78
2019-10-02 15:20:20,552 - NPV - UK - CARAVANFINDER - 2019-09-01 00:00:00 - ERROR - STAT - expect_column_values_to_not_be_null - MOIS - correctly filled rate (%) - 0.0
2019-10-02 15:20:20,552 - NPV - UK - CARAVANFINDER - 2019-09-01 00:00:00 - ERROR - STAT - expect_column_values_to_not_be_null - NOM - correctly filled rate (%) - 100.0
2019-10-02 15:20:20,552 - NPV - UK - CARAVANFINDER - 2019-09-01 00:00:00 - ERROR - STAT - expect_column_value_lengths_to_be_between - NOM - correctly filled rate (%) - 100.0
2019-10-02 15:20:20,552 - NPV - UK - CARAVANFINDER - 2019-09-01 00:00:00 - ERROR - STAT - expect_column_values_to_not_be_null - OPTIONS - correctly filled rate (%) - 0.0
2019-10-02 15:20:20,552 - NPV - UK - CARAVANFINDER - 2019-09-01 00:00:00 - ERROR - STAT - expect_column_values_to_be_in_type_list - PHOTO - correctly filled rate (%) - 100.0
2019-10-02 15:20:20,552 - NPV - UK - CARAVANFINDER - 2019-09-01 00:00:00 - ERROR - STAT - expect_column_values_to_not_be_null - PHOTO - correctly filled rate (%) - 100.0
2019-10-02 15:20:20,552 - NPV - UK - CARAVANFINDER - 2019-09-01 00:00:00 - ERROR - STAT - expect_column_values_to_not_be_null - PLACE - correctly filled rate (%) - 0.0
2019-10-02 15:20:20,553 - NPV - UK - CARAVANFINDER - 2019-09-01 00:00:00 - ERROR - STAT - expect_column_values_to_not_be_null - PORTE - correctly filled rate (%) - 0.0
2019-10-02 15:20:20,553 - NPV - UK - CARAVANFINDER - 2019-09-01 00:00:00 - ERROR - STAT - expect_column_values_to_be_in_type_list - PRIX - correctly filled rate (%) - 100.0
2019-10-02 15:20:20,553 - NPV - UK - CARAVANFINDER - 2019-09-01 00:00:00 - ERROR - STAT - expect_column_values_to_not_be_null - PRIX - correctly filled rate (%) - 100.0
2019-10-02 15:20:20,553 - NPV - UK - CARAVANFINDER - 2019-09-01 00:00:00 - ERROR - STAT - expect_column_values_to_not_be_null - PROVINCE - correctly filled rate (%) - 90.47
2019-10-02 15:20:20,553 - NPV - UK - CARAVANFINDER - 2019-09-01 00:00:00 - ERROR - STAT - expect_column_values_to_not_be_null - SITE - correctly filled rate (%) - 100.0
2019-10-02 15:20:20,553 - NPV - UK - CARAVANFINDER - 2019-09-01 00:00:00 - ERROR - STAT - expect_column_values_to_not_be_null - TELEPHONE - correctly filled rate (%) - 99.94
2019-10-02 15:20:20,553 - NPV - UK - CARAVANFINDER - 2019-09-01 00:00:00 - ERROR - FILE_CHECK - expect_column_values_to_be_phone_number - TELEPHONE - Unexpected value: 07786850744 on line 0, value should match a phone number format
2019-10-02 15:20:20,553 - NPV - UK - CARAVANFINDER - 2019-09-01 00:00:00 - ERROR - FILE_CHECK - expect_column_values_to_be_phone_number - TELEPHONE - Unexpected value: 01388766774 on line 1, value should match a phone number format
2019-10-02 15:20:20,553 - NPV - UK - CARAVANFINDER - 2019-09-01 00:00:00 - ERROR - FILE_CHECK - expect_column_values_to_be_phone_number - TELEPHONE - Unexpected value: 07535649097 on line 2, value should match a phone number format
2019-10-02 15:20:20,553 - NPV - UK - CARAVANFINDER - 2019-09-01 00:00:00 - ERROR - FILE_CHECK - expect_column_values_to_be_phone_number - TELEPHONE - Unexpected value: 01993842228 on line 3, value should match a phone number format
2019-10-02 15:20:20,553 - NPV - UK - CARAVANFINDER - 2019-09-01 00:00:00 - ERROR - FILE_CHECK - expect_column_values_to_be_phone_number - TELEPHONE - Unexpected value: 01530223885 on line 4, value should match a phone number format
2019-10-02 15:20:20,553 - NPV - UK - CARAVANFINDER - 2019-09-01 00:00:00 - ERROR - FILE_CHECK - expect_column_values_to_be_phone_number - TELEPHONE - Unexpected value: 01677451852 on line 5, value should match a phone number format
2019-10-02 15:20:20,553 - NPV - UK - CARAVANFINDER - 2019-09-01 00:00:00 - ERROR - FILE_CHECK - expect_column_values_to_be_phone_number - TELEPHONE - Unexpected value: 01949842135 on line 6, value should match a phone number format
2019-10-02 15:20:20,553 - NPV - UK - CARAVANFINDER - 2019-09-01 00:00:00 - ERROR - FILE_CHECK - expect_column_values_to_be_phone_number - TELEPHONE - Unexpected value: 07809153475 on line 7, value should match a phone number format
2019-10-02 15:20:20,553 - NPV - UK - CARAVANFINDER - 2019-09-01 00:00:00 - ERROR - FILE_CHECK - expect_column_values_to_be_phone_number - TELEPHONE - Unexpected value: 01216051137 on line 8, value should match a phone number format
2019-10-02 15:20:20,553 - NPV - UK - CARAVANFINDER - 2019-09-01 00:00:00 - ERROR - FILE_CHECK - expect_column_values_to_be_phone_number - TELEPHONE - Unexpected value: 01280821062 on line 9, value should match a phone number format
2019-10-02 15:20:20,553 - NPV - UK - CARAVANFINDER - 2019-09-01 00:00:00 - ERROR - FILE_CHECK - expect_column_values_to_be_phone_number - TELEPHONE - Unexpected value: 07443573150 on line 10, value should match a phone number format
2019-10-02 15:20:20,553 - NPV - UK - CARAVANFINDER - 2019-09-01 00:00:00 - ERROR - FILE_CHECK - expect_column_values_to_be_phone_number - TELEPHONE - Unexpected value: 01388818467 on line 11, value should match a phone number format
2019-10-02 15:20:20,554 - NPV - UK - CARAVANFINDER - 2019-09-01 00:00:00 - ERROR - FILE_CHECK - expect_column_values_to_be_phone_number - TELEPHONE - Unexpected value: 07793712496 on line 12, value should match a phone number format
2019-10-02 15:20:20,554 - NPV - UK - CARAVANFINDER - 2019-09-01 00:00:00 - ERROR - FILE_CHECK - expect_column_values_to_be_phone_number - TELEPHONE - Unexpected value: 07530333444 on line 13, value should match a phone number format
2019-10-02 15:20:20,554 - NPV - UK - CARAVANFINDER - 2019-09-01 00:00:00 - ERROR - FILE_CHECK - expect_column_values_to_be_phone_number - TELEPHONE - Unexpected value: 07725051233 on line 14, value should match a phone number format
2019-10-02 15:20:20,554 - NPV - UK - CARAVANFINDER - 2019-09-01 00:00:00 - ERROR - FILE_CHECK - expect_column_values_to_be_phone_number - TELEPHONE - Unexpected value: 01384362297 on line 15, value should match a phone number format
2019-10-02 15:20:20,554 - NPV - UK - CARAVANFINDER - 2019-09-01 00:00:00 - ERROR - FILE_CHECK - expect_column_values_to_be_phone_number - TELEPHONE - Unexpected value: 07802431131 on line 16, value should match a phone number format
2019-10-02 15:20:20,554 - NPV - UK - CARAVANFINDER - 2019-09-01 00:00:00 - ERROR - FILE_CHECK - expect_column_values_to_be_phone_number - TELEPHONE - Unexpected value: 07836686219 on line 17, value should match a phone number format
2019-10-02 15:20:20,554 - NPV - UK - CARAVANFINDER - 2019-09-01 00:00:00 - ERROR - FILE_CHECK - expect_column_values_to_be_phone_number - TELEPHONE - Unexpected value: 01344891378 on line 18, value should match a phone number format
2019-10-02 15:20:20,554 - NPV - UK - CARAVANFINDER - 2019-09-01 00:00:00 - ERROR - FILE_CHECK - expect_column_values_to_be_phone_number - TELEPHONE - Unexpected value: 07590190280 on line 19, value should match a phone number format
2019-10-02 15:20:20,554 - NPV - UK - CARAVANFINDER - 2019-09-01 00:00:00 - ERROR - STAT - expect_column_values_to_be_phone_number - TELEPHONE - correctly filled rate (%) - 0.01
2019-10-02 15:20:20,554 - NPV - UK - CARAVANFINDER - 2019-09-01 00:00:00 - ERROR - STAT - expect_column_values_to_not_be_null - TYPE - correctly filled rate (%) - 100.0
2019-10-02 15:20:20,554 - NPV - UK - CARAVANFINDER - 2019-09-01 00:00:00 - ERROR - STAT - expect_column_values_to_be_in_set_2 - TYPE - observed proportion - 100.0
2019-10-02 15:20:20,554 - NPV - UK - CARAVANFINDER - 2019-09-01 00:00:00 - ERROR - STAT - expect_column_values_to_not_be_null - VILLE - correctly filled rate (%) - 97.83
2019-10-02 15:20:20,554 - NPV - UK - CARAVANFINDER - 2019-09-01 00:00:00 - ERROR - STAT - expect_column_values_to_not_be_null - VN_IND - correctly filled rate (%) - 0.0
2019-10-02 15:20:20,554 - NPV - UK - CARAVANFINDER - 2019-09-01 00:00:00 - ERROR - STAT - expect_returning_row_unique_count - MARQUE_CORRECTED - total number of unique rows - 0
2019-10-02 15:20:20,554 - NPV - UK - CARAVANFINDER - 2019-09-01 00:00:00 - ERROR - STAT - expect_returning_row_unique_count - MODELE_CORRECTED - total number of unique rows - 0
2019-10-02 15:20:20,554 - NPV - UK - CARAVANFINDER - 2019-09-01 00:00:00 - ERROR - STAT - expect_returning_row_unique_count - CARROSSERIE - total number of unique rows - 0
2019-10-02 15:20:20,554 - NPV - UK - CARAVANFINDER - 2019-09-01 00:00:00 - ERROR - STAT - expect_returning_row_unique_count - CARBURANT - total number of unique rows - 3
2019-10-02 15:20:20,554 - NPV - UK - CARAVANFINDER - 2019-09-01 00:00:00 - ERROR - STAT - expect_column_values_to_not_be_null - CYLINDRE - correctly filled rate (%) - 13.25
2019-10-02 15:20:20,555 - NPV - UK - CARAVANFINDER - 2019-09-01 00:00:00 - ERROR - FILE_CHECK - expect_column_values_to_be_in_type_list - CYLINDRE - Wrong type for value: 2.2 on line 5886 should be in ['int']
2019-10-02 15:20:20,555 - NPV - UK - CARAVANFINDER - 2019-09-01 00:00:00 - ERROR - FILE_CHECK - expect_column_values_to_be_in_type_list - CYLINDRE - Wrong type for value: 2.800 on line 5887 should be in ['int']
2019-10-02 15:20:20,555 - NPV - UK - CARAVANFINDER - 2019-09-01 00:00:00 - ERROR - FILE_CHECK - expect_column_values_to_be_in_type_list - CYLINDRE - Wrong type for value: 2300 on line 5888 should be in ['int']
2019-10-02 15:20:20,555 - NPV - UK - CARAVANFINDER - 2019-09-01 00:00:00 - ERROR - FILE_CHECK - expect_column_values_to_be_in_type_list - CYLINDRE - Wrong type for value: 2.3L on line 5889 should be in ['int']
2019-10-02 15:20:20,555 - NPV - UK - CARAVANFINDER - 2019-09-01 00:00:00 - ERROR - FILE_CHECK - expect_column_values_to_be_in_type_list - CYLINDRE - Wrong type for value: 2297 on line 5890 should be in ['int']
2019-10-02 15:20:20,555 - NPV - UK - CARAVANFINDER - 2019-09-01 00:00:00 - ERROR - FILE_CHECK - expect_column_values_to_be_in_type_list - CYLINDRE - Wrong type for value: 2000 on line 5891 should be in ['int']
2019-10-02 15:20:20,555 - NPV - UK - CARAVANFINDER - 2019-09-01 00:00:00 - ERROR - FILE_CHECK - expect_column_values_to_be_in_type_list - CYLINDRE - Wrong type for value: 1997c on line 5892 should be in ['int']
2019-10-02 15:20:20,555 - NPV - UK - CARAVANFINDER - 2019-09-01 00:00:00 - ERROR - FILE_CHECK - expect_column_values_to_be_in_type_list - CYLINDRE - Wrong type for value: 2287 on line 5893 should be in ['int']
2019-10-02 15:20:20,555 - NPV - UK - CARAVANFINDER - 2019-09-01 00:00:00 - ERROR - FILE_CHECK - expect_column_values_to_be_in_type_list - CYLINDRE - Wrong type for value: 2.3 on line 5894 should be in ['int']
2019-10-02 15:20:20,555 - NPV - UK - CARAVANFINDER - 2019-09-01 00:00:00 - ERROR - FILE_CHECK - expect_column_values_to_be_in_type_list - CYLINDRE - Wrong type for value: 2198c on line 5895 should be in ['int']
2019-10-02 15:20:20,555 - NPV - UK - CARAVANFINDER - 2019-09-01 00:00:00 - ERROR - FILE_CHECK - expect_column_values_to_be_in_type_list - CYLINDRE - Wrong type for value: 2.4 on line 5896 should be in ['int']
2019-10-02 15:20:20,555 - NPV - UK - CARAVANFINDER - 2019-09-01 00:00:00 - ERROR - FILE_CHECK - expect_column_values_to_be_in_type_list - CYLINDRE - Wrong type for value: 1956 on line 5897 should be in ['int']
2019-10-02 15:20:20,555 - NPV - UK - CARAVANFINDER - 2019-09-01 00:00:00 - ERROR - FILE_CHECK - expect_column_values_to_be_in_type_list - CYLINDRE - Wrong type for value: 2300 on line 5898 should be in ['int']
2019-10-02 15:20:20,555 - NPV - UK - CARAVANFINDER - 2019-09-01 00:00:00 - ERROR - FILE_CHECK - expect_column_values_to_be_in_type_list - CYLINDRE - Wrong type for value: 2.2 on line 5899 should be in ['int']
2019-10-02 15:20:20,555 - NPV - UK - CARAVANFINDER - 2019-09-01 00:00:00 - ERROR - FILE_CHECK - expect_column_values_to_be_in_type_list - CYLINDRE - Wrong type for value: 2400 on line 5900 should be in ['int']
2019-10-02 15:20:20,555 - NPV - UK - CARAVANFINDER - 2019-09-01 00:00:00 - ERROR - FILE_CHECK - expect_column_values_to_be_in_type_list - CYLINDRE - Wrong type for value: 2.2 on line 5901 should be in ['int']
2019-10-02 15:20:20,555 - NPV - UK - CARAVANFINDER - 2019-09-01 00:00:00 - ERROR - FILE_CHECK - expect_column_values_to_be_in_type_list - CYLINDRE - Wrong type for value: 2.3 on line 5902 should be in ['int']
2019-10-02 15:20:20,555 - NPV - UK - CARAVANFINDER - 2019-09-01 00:00:00 - ERROR - FILE_CHECK - expect_column_values_to_be_in_type_list - CYLINDRE - Wrong type for value: 2.2 l on line 5903 should be in ['int']
2019-10-02 15:20:20,556 - NPV - UK - CARAVANFINDER - 2019-09-01 00:00:00 - ERROR - FILE_CHECK - expect_column_values_to_be_in_type_list - CYLINDRE - Wrong type for value: 2.2 L on line 5904 should be in ['int']
2019-10-02 15:20:20,556 - NPV - UK - CARAVANFINDER - 2019-09-01 00:00:00 - ERROR - FILE_CHECK - expect_column_values_to_be_in_type_list - CYLINDRE - Wrong type for value: 2.3 on line 5905 should be in ['int']
2019-10-02 15:20:20,556 - NPV - UK - CARAVANFINDER - 2019-09-01 00:00:00 - ERROR - STAT - expect_column_values_to_be_in_type_list - CYLINDRE - correctly filled rate (%) - 0.0
2019-10-02 15:20:20,556 - NPV - UK - CARAVANFINDER - 2019-09-01 00:00:00 - ERROR - STAT - expect_returning_row_unique_count - PROVINCE - total number of unique rows - 43
2019-10-02 15:20:20,556 - NPV - UK - CARAVANFINDER - 2019-09-01 00:00:00 - ERROR - STAT - expect_returning_row_unique_count - VILLE - total number of unique rows - 574
2019-10-02 15:20:20,556 - NPV - UK - CARAVANFINDER - 2019-09-01 00:00:00 - ERROR - STAT - expect_returning_row_unique_count - DEPARTEMENT - total number of unique rows - 65
2019-10-02 15:20:20,556 - NPV - UK - CARAVANFINDER - 2019-09-01 00:00:00 - ERROR - STAT - expect_returning_row_count_on_conditions - DEALER_USEDCARS - total number of row with conditions - 6178
2019-10-02 15:20:20,556 - NPV - UK - CARAVANFINDER - 2019-09-01 00:00:00 - ERROR - STAT - expect_returning_row_count_on_conditions - PRIVATE_USEDCARS - total number of row with conditions - 644
2019-10-02 15:20:20,556 - NPV - UK - CARAVANFINDER - 2019-09-01 00:00:00 - ERROR - STAT - expect_returning_row_count_groupby - CATEGORIE - CARAVANE - 5886
2019-10-02 15:20:20,556 - NPV - UK - CARAVANFINDER - 2019-09-01 00:00:00 - ERROR - STAT - expect_returning_row_count_groupby - CATEGORIE - CAMPINGCAR - 936
