2019-11-22 08:25:30,054 - IMMO - CA - KIJIJI - 2019-11-01 00:00:00 - ERROR - FILE_VALIDATE - expect_file_to_be_validated - EVERY_COLUMNS - False - 0
2019-11-22 08:25:30,054 - IMMO - CA - KIJIJI - 2019-11-01 00:00:00 - ERROR - STAT - expect_column_values_to_not_be_null - ACHAT_LOC - correctly filled rate (%) - 100.0
2019-11-22 08:25:30,054 - IMMO - CA - KIJIJI - 2019-11-01 00:00:00 - ERROR - FILE_VALIDATE - expect_column_values_to_not_be_null - ACHAT_LOC - True - 1
2019-11-22 08:25:30,054 - IMMO - CA - KIJIJI - 2019-11-01 00:00:00 - ERROR - STAT - expect_column_values_to_be_in_set - ACHAT_LOC - correctly filled rate (%) - 100.0
2019-11-22 08:25:30,054 - IMMO - CA - KIJIJI - 2019-11-01 00:00:00 - ERROR - FILE_VALIDATE - expect_column_values_to_be_in_set - ACHAT_LOC - True - 1
2019-11-22 08:25:30,054 - IMMO - CA - KIJIJI - 2019-11-01 00:00:00 - ERROR - STAT - expect_column_values_to_not_be_null - ADRESSE - correctly filled rate (%) - 89.78
2019-11-22 08:25:30,055 - IMMO - CA - KIJIJI - 2019-11-01 00:00:00 - ERROR - FILE_VALIDATE - expect_column_values_to_not_be_null - ADRESSE - False - 0
2019-11-22 08:25:30,055 - IMMO - CA - KIJIJI - 2019-11-01 00:00:00 - ERROR - STAT - expect_column_values_to_not_be_null - AGENCE_ADRESSE - correctly filled rate (%) - 0.0
2019-11-22 08:25:30,055 - IMMO - CA - KIJIJI - 2019-11-01 00:00:00 - ERROR - FILE_VALIDATE - expect_column_values_to_not_be_null - AGENCE_ADRESSE - False - 0
2019-11-22 08:25:30,055 - IMMO - CA - KIJIJI - 2019-11-01 00:00:00 - ERROR - STAT - expect_column_values_to_not_be_null - AGENCE_CP - correctly filled rate (%) - 0.0
2019-11-22 08:25:30,055 - IMMO - CA - KIJIJI - 2019-11-01 00:00:00 - ERROR - FILE_VALIDATE - expect_column_values_to_not_be_null - AGENCE_CP - False - 0
2019-11-22 08:25:30,055 - IMMO - CA - KIJIJI - 2019-11-01 00:00:00 - ERROR - STAT - expect_column_values_to_not_be_null - AGENCE_ID - correctly filled rate (%) - 100.0
2019-11-22 08:25:30,055 - IMMO - CA - KIJIJI - 2019-11-01 00:00:00 - ERROR - FILE_VALIDATE - expect_column_values_to_not_be_null - AGENCE_ID - True - 1
2019-11-22 08:25:30,055 - IMMO - CA - KIJIJI - 2019-11-01 00:00:00 - ERROR - STAT - expect_column_values_to_not_be_null - AGENCE_NOM - correctly filled rate (%) - 23.44
2019-11-22 08:25:30,055 - IMMO - CA - KIJIJI - 2019-11-01 00:00:00 - ERROR - FILE_VALIDATE - expect_column_values_to_not_be_null - AGENCE_NOM - False - 0
2019-11-22 08:25:30,055 - IMMO - CA - KIJIJI - 2019-11-01 00:00:00 - ERROR - STAT - expect_column_values_to_be_phone_number - AGENCE_TEL - correctly filled rate (%) - 99.92
2019-11-22 08:25:30,055 - IMMO - CA - KIJIJI - 2019-11-01 00:00:00 - ERROR - FILE_VALIDATE - expect_column_values_to_be_phone_number - AGENCE_TEL - True - 1
2019-11-22 08:25:30,055 - IMMO - CA - KIJIJI - 2019-11-01 00:00:00 - ERROR - STAT - expect_column_values_to_not_be_null - AGENCE_TEL - correctly filled rate (%) - 43.52
2019-11-22 08:25:30,055 - IMMO - CA - KIJIJI - 2019-11-01 00:00:00 - ERROR - FILE_VALIDATE - expect_column_values_to_not_be_null - AGENCE_TEL - False - 0
2019-11-22 08:25:30,055 - IMMO - CA - KIJIJI - 2019-11-01 00:00:00 - ERROR - STAT - expect_column_values_to_not_be_null - AGENCE_VILLE - correctly filled rate (%) - 100.0
2019-11-22 08:25:30,055 - IMMO - CA - KIJIJI - 2019-11-01 00:00:00 - ERROR - FILE_VALIDATE - expect_column_values_to_not_be_null - AGENCE_VILLE - True - 1
2019-11-22 08:25:30,055 - IMMO - CA - KIJIJI - 2019-11-01 00:00:00 - ERROR - STAT - expect_column_values_to_not_be_null - ANNONCE_DATE - correctly filled rate (%) - 100.0
2019-11-22 08:25:30,055 - IMMO - CA - KIJIJI - 2019-11-01 00:00:00 - ERROR - FILE_VALIDATE - expect_column_values_to_not_be_null - ANNONCE_DATE - True - 1
2019-11-22 08:25:30,055 - IMMO - CA - KIJIJI - 2019-11-01 00:00:00 - ERROR - STAT - expect_column_values_to_not_be_null - ANNONCE_LINK - correctly filled rate (%) - 100.0
2019-11-22 08:25:30,056 - IMMO - CA - KIJIJI - 2019-11-01 00:00:00 - ERROR - FILE_VALIDATE - expect_column_values_to_not_be_null - ANNONCE_LINK - True - 1
2019-11-22 08:25:30,056 - IMMO - CA - KIJIJI - 2019-11-01 00:00:00 - ERROR - STAT - expect_column_values_to_be_unique - ANNONCE_LINK - observed proportion - 100.0
2019-11-22 08:25:30,056 - IMMO - CA - KIJIJI - 2019-11-01 00:00:00 - ERROR - FILE_VALIDATE - expect_column_values_to_be_unique - ANNONCE_LINK - True - 1
2019-11-22 08:25:30,056 - IMMO - CA - KIJIJI - 2019-11-01 00:00:00 - ERROR - STAT - expect_column_values_to_not_be_null - CP - correctly filled rate (%) - 90.32
2019-11-22 08:25:30,056 - IMMO - CA - KIJIJI - 2019-11-01 00:00:00 - ERROR - FILE_VALIDATE - expect_column_values_to_not_be_null - CP - True - 1
2019-11-22 08:25:30,056 - IMMO - CA - KIJIJI - 2019-11-01 00:00:00 - ERROR - STAT - expect_column_values_to_match_regex - CP - correctly filled rate (%) - 100.0
2019-11-22 08:25:30,056 - IMMO - CA - KIJIJI - 2019-11-01 00:00:00 - ERROR - FILE_VALIDATE - expect_column_values_to_match_regex - CP - True - 1
2019-11-22 08:25:30,056 - IMMO - CA - KIJIJI - 2019-11-01 00:00:00 - ERROR - STAT - expect_column_values_to_not_match_regex - CP - correctly filled rate (%) - 100.0
2019-11-22 08:25:30,056 - IMMO - CA - KIJIJI - 2019-11-01 00:00:00 - ERROR - FILE_VALIDATE - expect_column_values_to_not_match_regex - CP - True - 1
2019-11-22 08:25:30,056 - IMMO - CA - KIJIJI - 2019-11-01 00:00:00 - ERROR - STAT - expect_column_values_to_not_be_null - DEPARTEMENT - correctly filled rate (%) - 100.0
2019-11-22 08:25:30,056 - IMMO - CA - KIJIJI - 2019-11-01 00:00:00 - ERROR - FILE_VALIDATE - expect_column_values_to_not_be_null - DEPARTEMENT - True - 1
2019-11-22 08:25:30,056 - IMMO - CA - KIJIJI - 2019-11-01 00:00:00 - ERROR - STAT - expect_returning_row_count - EVERY_COLUMNS - total number of rows - 67684
2019-11-22 08:25:30,056 - IMMO - CA - KIJIJI - 2019-11-01 00:00:00 - ERROR - STAT - expect_column_values_to_not_be_null - ID_CLIENT - correctly filled rate (%) - 100.0
2019-11-22 08:25:30,056 - IMMO - CA - KIJIJI - 2019-11-01 00:00:00 - ERROR - FILE_VALIDATE - expect_column_values_to_not_be_null - ID_CLIENT - True - 1
2019-11-22 08:25:30,056 - IMMO - CA - KIJIJI - 2019-11-01 00:00:00 - ERROR - STAT - expect_column_values_to_be_unique - ID_CLIENT - observed proportion - 100.0
2019-11-22 08:25:30,056 - IMMO - CA - KIJIJI - 2019-11-01 00:00:00 - ERROR - FILE_VALIDATE - expect_column_values_to_be_unique - ID_CLIENT - True - 1
2019-11-22 08:25:30,056 - IMMO - CA - KIJIJI - 2019-11-01 00:00:00 - ERROR - FILE_CHECK - expect_column_values_to_be_of_type - M2 - Wrong type for value: 0.0 on line 0 should be int
2019-11-22 08:25:30,057 - IMMO - CA - KIJIJI - 2019-11-01 00:00:00 - ERROR - FILE_CHECK - expect_column_values_to_be_of_type - M2 - Wrong type for value: 43500.0 on line 1 should be int
2019-11-22 08:25:30,057 - IMMO - CA - KIJIJI - 2019-11-01 00:00:00 - ERROR - FILE_CHECK - expect_column_values_to_be_of_type - M2 - Wrong type for value: 750.0 on line 2 should be int
2019-11-22 08:25:30,057 - IMMO - CA - KIJIJI - 2019-11-01 00:00:00 - ERROR - FILE_CHECK - expect_column_values_to_be_of_type - M2 - Wrong type for value: 750.0 on line 3 should be int
2019-11-22 08:25:30,057 - IMMO - CA - KIJIJI - 2019-11-01 00:00:00 - ERROR - FILE_CHECK - expect_column_values_to_be_of_type - M2 - Wrong type for value: 0.0 on line 4 should be int
2019-11-22 08:25:30,057 - IMMO - CA - KIJIJI - 2019-11-01 00:00:00 - ERROR - FILE_CHECK - expect_column_values_to_be_of_type - M2 - Wrong type for value: 348.0 on line 5 should be int
2019-11-22 08:25:30,057 - IMMO - CA - KIJIJI - 2019-11-01 00:00:00 - ERROR - FILE_CHECK - expect_column_values_to_be_of_type - M2 - Wrong type for value: 1200.0 on line 6 should be int
2019-11-22 08:25:30,057 - IMMO - CA - KIJIJI - 2019-11-01 00:00:00 - ERROR - FILE_CHECK - expect_column_values_to_be_of_type - M2 - Wrong type for value: 0.0 on line 7 should be int
2019-11-22 08:25:30,057 - IMMO - CA - KIJIJI - 2019-11-01 00:00:00 - ERROR - FILE_CHECK - expect_column_values_to_be_of_type - M2 - Wrong type for value: 10000.0 on line 8 should be int
2019-11-22 08:25:30,057 - IMMO - CA - KIJIJI - 2019-11-01 00:00:00 - ERROR - FILE_CHECK - expect_column_values_to_be_of_type - M2 - Wrong type for value: 900.0 on line 9 should be int
2019-11-22 08:25:30,057 - IMMO - CA - KIJIJI - 2019-11-01 00:00:00 - ERROR - FILE_CHECK - expect_column_values_to_be_of_type - M2 - Wrong type for value: 0.0 on line 10 should be int
2019-11-22 08:25:30,057 - IMMO - CA - KIJIJI - 2019-11-01 00:00:00 - ERROR - FILE_CHECK - expect_column_values_to_be_of_type - M2 - Wrong type for value: 0.0 on line 11 should be int
2019-11-22 08:25:30,057 - IMMO - CA - KIJIJI - 2019-11-01 00:00:00 - ERROR - FILE_CHECK - expect_column_values_to_be_of_type - M2 - Wrong type for value: 800.0 on line 12 should be int
2019-11-22 08:25:30,057 - IMMO - CA - KIJIJI - 2019-11-01 00:00:00 - ERROR - FILE_CHECK - expect_column_values_to_be_of_type - M2 - Wrong type for value: 0.0 on line 13 should be int
2019-11-22 08:25:30,057 - IMMO - CA - KIJIJI - 2019-11-01 00:00:00 - ERROR - FILE_CHECK - expect_column_values_to_be_of_type - M2 - Wrong type for value: 0.0 on line 14 should be int
2019-11-22 08:25:30,057 - IMMO - CA - KIJIJI - 2019-11-01 00:00:00 - ERROR - FILE_CHECK - expect_column_values_to_be_of_type - M2 - Wrong type for value: 11570.0 on line 15 should be int
2019-11-22 08:25:30,057 - IMMO - CA - KIJIJI - 2019-11-01 00:00:00 - ERROR - FILE_CHECK - expect_column_values_to_be_of_type - M2 - Wrong type for value: 0.0 on line 16 should be int
2019-11-22 08:25:30,057 - IMMO - CA - KIJIJI - 2019-11-01 00:00:00 - ERROR - FILE_CHECK - expect_column_values_to_be_of_type - M2 - Wrong type for value: 1100.0 on line 17 should be int
2019-11-22 08:25:30,057 - IMMO - CA - KIJIJI - 2019-11-01 00:00:00 - ERROR - FILE_CHECK - expect_column_values_to_be_of_type - M2 - Wrong type for value: 0.0 on line 18 should be int
2019-11-22 08:25:30,058 - IMMO - CA - KIJIJI - 2019-11-01 00:00:00 - ERROR - FILE_CHECK - expect_column_values_to_be_of_type - M2 - Wrong type for value: 2000.0 on line 19 should be int
2019-11-22 08:25:30,058 - IMMO - CA - KIJIJI - 2019-11-01 00:00:00 - ERROR - STAT - expect_column_values_to_be_of_type - M2 - correctly filled rate (%) - 0.0
2019-11-22 08:25:30,058 - IMMO - CA - KIJIJI - 2019-11-01 00:00:00 - ERROR - FILE_VALIDATE - expect_column_values_to_be_of_type - M2 - False - 0
2019-11-22 08:25:30,058 - IMMO - CA - KIJIJI - 2019-11-01 00:00:00 - ERROR - STAT - expect_column_values_to_not_be_null - M2 - correctly filled rate (%) - 100.0
2019-11-22 08:25:30,058 - IMMO - CA - KIJIJI - 2019-11-01 00:00:00 - ERROR - FILE_VALIDATE - expect_column_values_to_not_be_null - M2 - True - 1
2019-11-22 08:25:30,058 - IMMO - CA - KIJIJI - 2019-11-01 00:00:00 - ERROR - STAT - expect_column_values_to_not_be_null - MAISON_APT - correctly filled rate (%) - 100.0
2019-11-22 08:25:30,058 - IMMO - CA - KIJIJI - 2019-11-01 00:00:00 - ERROR - FILE_VALIDATE - expect_column_values_to_not_be_null - MAISON_APT - True - 1
2019-11-22 08:25:30,058 - IMMO - CA - KIJIJI - 2019-11-01 00:00:00 - ERROR - STAT - expect_column_values_to_be_between - MAISON_APT - correctly filled rate (%) - 100.0
2019-11-22 08:25:30,058 - IMMO - CA - KIJIJI - 2019-11-01 00:00:00 - ERROR - STAT - expect_column_values_to_be_between - MAISON_APT - unexpected count - 0
2019-11-22 08:25:30,058 - IMMO - CA - KIJIJI - 2019-11-01 00:00:00 - ERROR - FILE_VALIDATE - expect_column_values_to_be_between - MAISON_APT - True - 1
2019-11-22 08:25:30,058 - IMMO - CA - KIJIJI - 2019-11-01 00:00:00 - ERROR - STAT - expect_column_values_to_not_be_null - MINI_SITE_ID - correctly filled rate (%) - 0.0
2019-11-22 08:25:30,058 - IMMO - CA - KIJIJI - 2019-11-01 00:00:00 - ERROR - FILE_VALIDATE - expect_column_values_to_not_be_null - MINI_SITE_ID - False - 0
2019-11-22 08:25:30,058 - IMMO - CA - KIJIJI - 2019-11-01 00:00:00 - ERROR - STAT - expect_column_values_to_be_of_type - PHOTO - correctly filled rate (%) - 100.0
2019-11-22 08:25:30,058 - IMMO - CA - KIJIJI - 2019-11-01 00:00:00 - ERROR - FILE_VALIDATE - expect_column_values_to_be_of_type - PHOTO - True - 1
2019-11-22 08:25:30,058 - IMMO - CA - KIJIJI - 2019-11-01 00:00:00 - ERROR - STAT - expect_column_values_to_not_be_null - PHOTO - correctly filled rate (%) - 100.0
2019-11-22 08:25:30,058 - IMMO - CA - KIJIJI - 2019-11-01 00:00:00 - ERROR - FILE_VALIDATE - expect_column_values_to_not_be_null - PHOTO - True - 1
2019-11-22 08:25:30,058 - IMMO - CA - KIJIJI - 2019-11-01 00:00:00 - ERROR - STAT - expect_column_values_to_be_in_type_list - PHOTO - correctly filled rate (%) - 100.0
2019-11-22 08:25:30,058 - IMMO - CA - KIJIJI - 2019-11-01 00:00:00 - ERROR - FILE_VALIDATE - expect_column_values_to_be_in_type_list - PHOTO - True - 1
2019-11-22 08:25:30,059 - IMMO - CA - KIJIJI - 2019-11-01 00:00:00 - ERROR - STAT - expect_column_values_to_be_of_type - PIECE - correctly filled rate (%) - 100.0
2019-11-22 08:25:30,059 - IMMO - CA - KIJIJI - 2019-11-01 00:00:00 - ERROR - FILE_VALIDATE - expect_column_values_to_be_of_type - PIECE - True - 1
2019-11-22 08:25:30,059 - IMMO - CA - KIJIJI - 2019-11-01 00:00:00 - ERROR - STAT - expect_column_values_to_not_be_null - PIECE - correctly filled rate (%) - 100.0
2019-11-22 08:25:30,059 - IMMO - CA - KIJIJI - 2019-11-01 00:00:00 - ERROR - FILE_VALIDATE - expect_column_values_to_not_be_null - PIECE - True - 1
2019-11-22 08:25:30,059 - IMMO - CA - KIJIJI - 2019-11-01 00:00:00 - ERROR - STAT - expect_column_values_to_be_in_type_list - PIECE - correctly filled rate (%) - 100.0
2019-11-22 08:25:30,059 - IMMO - CA - KIJIJI - 2019-11-01 00:00:00 - ERROR - FILE_VALIDATE - expect_column_values_to_be_in_type_list - PIECE - True - 1
2019-11-22 08:25:30,059 - IMMO - CA - KIJIJI - 2019-11-01 00:00:00 - ERROR - STAT - expect_column_values_to_be_of_type - PRIX - correctly filled rate (%) - 100.0
2019-11-22 08:25:30,059 - IMMO - CA - KIJIJI - 2019-11-01 00:00:00 - ERROR - FILE_VALIDATE - expect_column_values_to_be_of_type - PRIX - True - 1
2019-11-22 08:25:30,059 - IMMO - CA - KIJIJI - 2019-11-01 00:00:00 - ERROR - STAT - expect_column_values_to_not_be_null - PRIX - correctly filled rate (%) - 100.0
2019-11-22 08:25:30,059 - IMMO - CA - KIJIJI - 2019-11-01 00:00:00 - ERROR - FILE_VALIDATE - expect_column_values_to_not_be_null - PRIX - True - 1
2019-11-22 08:25:30,059 - IMMO - CA - KIJIJI - 2019-11-01 00:00:00 - ERROR - STAT - expect_column_values_to_not_be_null - PRO_IND - correctly filled rate (%) - 100.0
2019-11-22 08:25:30,059 - IMMO - CA - KIJIJI - 2019-11-01 00:00:00 - ERROR - FILE_VALIDATE - expect_column_values_to_not_be_null - PRO_IND - True - 1
2019-11-22 08:25:30,059 - IMMO - CA - KIJIJI - 2019-11-01 00:00:00 - ERROR - STAT - expect_column_values_to_be_in_set - PRO_IND - correctly filled rate (%) - 100.0
2019-11-22 08:25:30,059 - IMMO - CA - KIJIJI - 2019-11-01 00:00:00 - ERROR - FILE_VALIDATE - expect_column_values_to_be_in_set - PRO_IND - True - 1
2019-11-22 08:25:30,059 - IMMO - CA - KIJIJI - 2019-11-01 00:00:00 - ERROR - STAT - expect_column_values_to_not_be_null - REGION - correctly filled rate (%) - 0.0
2019-11-22 08:25:30,059 - IMMO - CA - KIJIJI - 2019-11-01 00:00:00 - ERROR - FILE_VALIDATE - expect_column_values_to_not_be_null - REGION - False - 0
2019-11-22 08:25:30,059 - IMMO - CA - KIJIJI - 2019-11-01 00:00:00 - ERROR - FILE_CHECK - expect_column_values_to_be_of_type - SURFACE_TERRAIN - Wrong type for value: 0.0 on line 0 should be int
2019-11-22 08:25:30,059 - IMMO - CA - KIJIJI - 2019-11-01 00:00:00 - ERROR - FILE_CHECK - expect_column_values_to_be_of_type - SURFACE_TERRAIN - Wrong type for value: 0.0 on line 1 should be int
2019-11-22 08:25:30,060 - IMMO - CA - KIJIJI - 2019-11-01 00:00:00 - ERROR - FILE_CHECK - expect_column_values_to_be_of_type - SURFACE_TERRAIN - Wrong type for value: 0.0 on line 2 should be int
2019-11-22 08:25:30,060 - IMMO - CA - KIJIJI - 2019-11-01 00:00:00 - ERROR - FILE_CHECK - expect_column_values_to_be_of_type - SURFACE_TERRAIN - Wrong type for value: 0.0 on line 3 should be int
2019-11-22 08:25:30,060 - IMMO - CA - KIJIJI - 2019-11-01 00:00:00 - ERROR - FILE_CHECK - expect_column_values_to_be_of_type - SURFACE_TERRAIN - Wrong type for value: 0.0 on line 4 should be int
2019-11-22 08:25:30,060 - IMMO - CA - KIJIJI - 2019-11-01 00:00:00 - ERROR - FILE_CHECK - expect_column_values_to_be_of_type - SURFACE_TERRAIN - Wrong type for value: 0.0 on line 5 should be int
2019-11-22 08:25:30,060 - IMMO - CA - KIJIJI - 2019-11-01 00:00:00 - ERROR - FILE_CHECK - expect_column_values_to_be_of_type - SURFACE_TERRAIN - Wrong type for value: 0.0 on line 6 should be int
2019-11-22 08:25:30,060 - IMMO - CA - KIJIJI - 2019-11-01 00:00:00 - ERROR - FILE_CHECK - expect_column_values_to_be_of_type - SURFACE_TERRAIN - Wrong type for value: 0.0 on line 7 should be int
2019-11-22 08:25:30,060 - IMMO - CA - KIJIJI - 2019-11-01 00:00:00 - ERROR - FILE_CHECK - expect_column_values_to_be_of_type - SURFACE_TERRAIN - Wrong type for value: 0.0 on line 8 should be int
2019-11-22 08:25:30,060 - IMMO - CA - KIJIJI - 2019-11-01 00:00:00 - ERROR - FILE_CHECK - expect_column_values_to_be_of_type - SURFACE_TERRAIN - Wrong type for value: 0.0 on line 9 should be int
2019-11-22 08:25:30,060 - IMMO - CA - KIJIJI - 2019-11-01 00:00:00 - ERROR - FILE_CHECK - expect_column_values_to_be_of_type - SURFACE_TERRAIN - Wrong type for value: 0.0 on line 10 should be int
2019-11-22 08:25:30,060 - IMMO - CA - KIJIJI - 2019-11-01 00:00:00 - ERROR - FILE_CHECK - expect_column_values_to_be_of_type - SURFACE_TERRAIN - Wrong type for value: 0.0 on line 11 should be int
2019-11-22 08:25:30,060 - IMMO - CA - KIJIJI - 2019-11-01 00:00:00 - ERROR - FILE_CHECK - expect_column_values_to_be_of_type - SURFACE_TERRAIN - Wrong type for value: 0.0 on line 12 should be int
2019-11-22 08:25:30,060 - IMMO - CA - KIJIJI - 2019-11-01 00:00:00 - ERROR - FILE_CHECK - expect_column_values_to_be_of_type - SURFACE_TERRAIN - Wrong type for value: 0.0 on line 13 should be int
2019-11-22 08:25:30,060 - IMMO - CA - KIJIJI - 2019-11-01 00:00:00 - ERROR - FILE_CHECK - expect_column_values_to_be_of_type - SURFACE_TERRAIN - Wrong type for value: 0.0 on line 14 should be int
2019-11-22 08:25:30,060 - IMMO - CA - KIJIJI - 2019-11-01 00:00:00 - ERROR - FILE_CHECK - expect_column_values_to_be_of_type - SURFACE_TERRAIN - Wrong type for value: 0.0 on line 15 should be int
2019-11-22 08:25:30,060 - IMMO - CA - KIJIJI - 2019-11-01 00:00:00 - ERROR - FILE_CHECK - expect_column_values_to_be_of_type - SURFACE_TERRAIN - Wrong type for value: 0.0 on line 16 should be int
2019-11-22 08:25:30,060 - IMMO - CA - KIJIJI - 2019-11-01 00:00:00 - ERROR - FILE_CHECK - expect_column_values_to_be_of_type - SURFACE_TERRAIN - Wrong type for value: 0.0 on line 17 should be int
2019-11-22 08:25:30,060 - IMMO - CA - KIJIJI - 2019-11-01 00:00:00 - ERROR - FILE_CHECK - expect_column_values_to_be_of_type - SURFACE_TERRAIN - Wrong type for value: 0.0 on line 18 should be int
2019-11-22 08:25:30,060 - IMMO - CA - KIJIJI - 2019-11-01 00:00:00 - ERROR - FILE_CHECK - expect_column_values_to_be_of_type - SURFACE_TERRAIN - Wrong type for value: 0.0 on line 19 should be int
2019-11-22 08:25:30,061 - IMMO - CA - KIJIJI - 2019-11-01 00:00:00 - ERROR - STAT - expect_column_values_to_be_of_type - SURFACE_TERRAIN - correctly filled rate (%) - 0.0
2019-11-22 08:25:30,061 - IMMO - CA - KIJIJI - 2019-11-01 00:00:00 - ERROR - FILE_VALIDATE - expect_column_values_to_be_of_type - SURFACE_TERRAIN - False - 0
2019-11-22 08:25:30,061 - IMMO - CA - KIJIJI - 2019-11-01 00:00:00 - ERROR - FILE_CHECK - expect_column_values_to_match_regex - VILLE - Unexpected value: Baie-Comeau on line 0, value should match regexp ^[A-Za-z /]{2,}$
2019-11-22 08:25:30,061 - IMMO - CA - KIJIJI - 2019-11-01 00:00:00 - ERROR - FILE_CHECK - expect_column_values_to_match_regex - VILLE - Unexpected value: City of Montru00E9al on line 5, value should match regexp ^[A-Za-z /]{2,}$
2019-11-22 08:25:30,061 - IMMO - CA - KIJIJI - 2019-11-01 00:00:00 - ERROR - FILE_CHECK - expect_column_values_to_match_regex - VILLE - Unexpected value: Gaspu00E9 on line 7, value should match regexp ^[A-Za-z /]{2,}$
2019-11-22 08:25:30,061 - IMMO - CA - KIJIJI - 2019-11-01 00:00:00 - ERROR - FILE_CHECK - expect_column_values_to_match_regex - VILLE - Unexpected value: City of Montru00E9al on line 13, value should match regexp ^[A-Za-z /]{2,}$
2019-11-22 08:25:30,061 - IMMO - CA - KIJIJI - 2019-11-01 00:00:00 - ERROR - FILE_CHECK - expect_column_values_to_match_regex - VILLE - Unexpected value: Chatham-Kent on line 14, value should match regexp ^[A-Za-z /]{2,}$
2019-11-22 08:25:30,061 - IMMO - CA - KIJIJI - 2019-11-01 00:00:00 - ERROR - FILE_CHECK - expect_column_values_to_match_regex - VILLE - Unexpected value: City of Montru00E9al on line 17, value should match regexp ^[A-Za-z /]{2,}$
2019-11-22 08:25:30,061 - IMMO - CA - KIJIJI - 2019-11-01 00:00:00 - ERROR - FILE_CHECK - expect_column_values_to_match_regex - VILLE - Unexpected value: City of Montru00E9al on line 20, value should match regexp ^[A-Za-z /]{2,}$
2019-11-22 08:25:30,061 - IMMO - CA - KIJIJI - 2019-11-01 00:00:00 - ERROR - FILE_CHECK - expect_column_values_to_match_regex - VILLE - Unexpected value: Quu00E9bec City on line 41, value should match regexp ^[A-Za-z /]{2,}$
2019-11-22 08:25:30,061 - IMMO - CA - KIJIJI - 2019-11-01 00:00:00 - ERROR - FILE_CHECK - expect_column_values_to_match_regex - VILLE - Unexpected value: Chatham-Kent on line 43, value should match regexp ^[A-Za-z /]{2,}$
2019-11-22 08:25:30,061 - IMMO - CA - KIJIJI - 2019-11-01 00:00:00 - ERROR - FILE_CHECK - expect_column_values_to_match_regex - VILLE - Unexpected value: Quu00E9bec City on line 47, value should match regexp ^[A-Za-z /]{2,}$
2019-11-22 08:25:30,061 - IMMO - CA - KIJIJI - 2019-11-01 00:00:00 - ERROR - FILE_CHECK - expect_column_values_to_match_regex - VILLE - Unexpected value: Quu00E9bec City on line 50, value should match regexp ^[A-Za-z /]{2,}$
2019-11-22 08:25:30,061 - IMMO - CA - KIJIJI - 2019-11-01 00:00:00 - ERROR - FILE_CHECK - expect_column_values_to_match_regex - VILLE - Unexpected value: Quu00E9bec City on line 54, value should match regexp ^[A-Za-z /]{2,}$
2019-11-22 08:25:30,061 - IMMO - CA - KIJIJI - 2019-11-01 00:00:00 - ERROR - FILE_CHECK - expect_column_values_to_match_regex - VILLE - Unexpected value: Quu00E9bec City on line 55, value should match regexp ^[A-Za-z /]{2,}$
2019-11-22 08:25:30,061 - IMMO - CA - KIJIJI - 2019-11-01 00:00:00 - ERROR - FILE_CHECK - expect_column_values_to_match_regex - VILLE - Unexpected value: Chatham-Kent on line 56, value should match regexp ^[A-Za-z /]{2,}$
2019-11-22 08:25:30,061 - IMMO - CA - KIJIJI - 2019-11-01 00:00:00 - ERROR - FILE_CHECK - expect_column_values_to_match_regex - VILLE - Unexpected value: Quu00E9bec City on line 57, value should match regexp ^[A-Za-z /]{2,}$
2019-11-22 08:25:30,061 - IMMO - CA - KIJIJI - 2019-11-01 00:00:00 - ERROR - FILE_CHECK - expect_column_values_to_match_regex - VILLE - Unexpected value: Quu00E9bec City on line 58, value should match regexp ^[A-Za-z /]{2,}$
2019-11-22 08:25:30,062 - IMMO - CA - KIJIJI - 2019-11-01 00:00:00 - ERROR - FILE_CHECK - expect_column_values_to_match_regex - VILLE - Unexpected value: St. John's on line 67, value should match regexp ^[A-Za-z /]{2,}$
2019-11-22 08:25:30,062 - IMMO - CA - KIJIJI - 2019-11-01 00:00:00 - ERROR - FILE_CHECK - expect_column_values_to_match_regex - VILLE - Unexpected value: City of Montru00E9al on line 69, value should match regexp ^[A-Za-z /]{2,}$
2019-11-22 08:25:30,062 - IMMO - CA - KIJIJI - 2019-11-01 00:00:00 - ERROR - FILE_CHECK - expect_column_values_to_match_regex - VILLE - Unexpected value: Sept-u00CEles on line 79, value should match regexp ^[A-Za-z /]{2,}$
2019-11-22 08:25:30,062 - IMMO - CA - KIJIJI - 2019-11-01 00:00:00 - ERROR - FILE_CHECK - expect_column_values_to_match_regex - VILLE - Unexpected value: Quu00E9bec City on line 83, value should match regexp ^[A-Za-z /]{2,}$
2019-11-22 08:25:30,062 - IMMO - CA - KIJIJI - 2019-11-01 00:00:00 - ERROR - STAT - expect_column_values_to_match_regex - VILLE - correctly filled rate (%) - 81.78
2019-11-22 08:25:30,062 - IMMO - CA - KIJIJI - 2019-11-01 00:00:00 - ERROR - FILE_VALIDATE - expect_column_values_to_match_regex - VILLE - False - 0
2019-11-22 08:25:30,062 - IMMO - CA - KIJIJI - 2019-11-01 00:00:00 - ERROR - STAT - expect_column_values_to_not_be_null - VILLE - correctly filled rate (%) - 100.0
2019-11-22 08:25:30,062 - IMMO - CA - KIJIJI - 2019-11-01 00:00:00 - ERROR - FILE_VALIDATE - expect_column_values_to_not_be_null - VILLE - True - 1
2019-11-22 08:25:30,062 - IMMO - CA - KIJIJI - 2019-11-01 00:00:00 - ERROR - STAT - expect_returning_row_count_on_conditions - PRIVATE_LISTINGS - total number of row with conditions - 50340
2019-11-22 08:25:30,062 - IMMO - CA - KIJIJI - 2019-11-01 00:00:00 - ERROR - STAT - expect_returning_row_count_on_conditions - DEALER_LISTINGS - total number of row with conditions - 17344
