2019-07-03 12:11:30,334 - VO - BE - MOBILE - 2019-06-01 00:00:00 - ERROR - STAT - expect_column_values_to_not_be_null - ADRESSE - correctly filled rate (%) - 94.41
2019-07-03 12:11:30,334 - VO - BE - MOBILE - 2019-06-01 00:00:00 - ERROR - STAT - expect_column_values_to_be_in_type_list - ANNEE - correctly filled rate (%) - 100.0
2019-07-03 12:11:30,334 - VO - BE - MOBILE - 2019-06-01 00:00:00 - ERROR - FILE_CHECK - expect_column_values_to_be_between - ANNEE - Unexpected value: 0 on line 4, value should be between 1980 and 2019
2019-07-03 12:11:30,334 - VO - BE - MOBILE - 2019-06-01 00:00:00 - ERROR - FILE_CHECK - expect_column_values_to_be_between - ANNEE - Unexpected value: 0 on line 7, value should be between 1980 and 2019
2019-07-03 12:11:30,334 - VO - BE - MOBILE - 2019-06-01 00:00:00 - ERROR - FILE_CHECK - expect_column_values_to_be_between - ANNEE - Unexpected value: 0 on line 8, value should be between 1980 and 2019
2019-07-03 12:11:30,334 - VO - BE - MOBILE - 2019-06-01 00:00:00 - ERROR - FILE_CHECK - expect_column_values_to_be_between - ANNEE - Unexpected value: 1976 on line 48, value should be between 1980 and 2019
2019-07-03 12:11:30,334 - VO - BE - MOBILE - 2019-06-01 00:00:00 - ERROR - FILE_CHECK - expect_column_values_to_be_between - ANNEE - Unexpected value: 0 on line 65, value should be between 1980 and 2019
2019-07-03 12:11:30,334 - VO - BE - MOBILE - 2019-06-01 00:00:00 - ERROR - FILE_CHECK - expect_column_values_to_be_between - ANNEE - Unexpected value: 1975 on line 67, value should be between 1980 and 2019
2019-07-03 12:11:30,334 - VO - BE - MOBILE - 2019-06-01 00:00:00 - ERROR - FILE_CHECK - expect_column_values_to_be_between - ANNEE - Unexpected value: 0 on line 75, value should be between 1980 and 2019
2019-07-03 12:11:30,334 - VO - BE - MOBILE - 2019-06-01 00:00:00 - ERROR - FILE_CHECK - expect_column_values_to_be_between - ANNEE - Unexpected value: 1924 on line 82, value should be between 1980 and 2019
2019-07-03 12:11:30,334 - VO - BE - MOBILE - 2019-06-01 00:00:00 - ERROR - FILE_CHECK - expect_column_values_to_be_between - ANNEE - Unexpected value: 0 on line 92, value should be between 1980 and 2019
2019-07-03 12:11:30,334 - VO - BE - MOBILE - 2019-06-01 00:00:00 - ERROR - FILE_CHECK - expect_column_values_to_be_between - ANNEE - Unexpected value: 1965 on line 96, value should be between 1980 and 2019
2019-07-03 12:11:30,334 - VO - BE - MOBILE - 2019-06-01 00:00:00 - ERROR - FILE_CHECK - expect_column_values_to_be_between - ANNEE - Unexpected value: 1977 on line 101, value should be between 1980 and 2019
2019-07-03 12:11:30,334 - VO - BE - MOBILE - 2019-06-01 00:00:00 - ERROR - FILE_CHECK - expect_column_values_to_be_between - ANNEE - Unexpected value: 1971 on line 131, value should be between 1980 and 2019
2019-07-03 12:11:30,335 - VO - BE - MOBILE - 2019-06-01 00:00:00 - ERROR - FILE_CHECK - expect_column_values_to_be_between - ANNEE - Unexpected value: 0 on line 147, value should be between 1980 and 2019
2019-07-03 12:11:30,335 - VO - BE - MOBILE - 2019-06-01 00:00:00 - ERROR - FILE_CHECK - expect_column_values_to_be_between - ANNEE - Unexpected value: 1979 on line 149, value should be between 1980 and 2019
2019-07-03 12:11:30,335 - VO - BE - MOBILE - 2019-06-01 00:00:00 - ERROR - FILE_CHECK - expect_column_values_to_be_between - ANNEE - Unexpected value: 0 on line 150, value should be between 1980 and 2019
2019-07-03 12:11:30,335 - VO - BE - MOBILE - 2019-06-01 00:00:00 - ERROR - FILE_CHECK - expect_column_values_to_be_between - ANNEE - Unexpected value: 0 on line 151, value should be between 1980 and 2019
2019-07-03 12:11:30,335 - VO - BE - MOBILE - 2019-06-01 00:00:00 - ERROR - FILE_CHECK - expect_column_values_to_be_between - ANNEE - Unexpected value: 0 on line 154, value should be between 1980 and 2019
2019-07-03 12:11:30,335 - VO - BE - MOBILE - 2019-06-01 00:00:00 - ERROR - FILE_CHECK - expect_column_values_to_be_between - ANNEE - Unexpected value: 1979 on line 173, value should be between 1980 and 2019
2019-07-03 12:11:30,335 - VO - BE - MOBILE - 2019-06-01 00:00:00 - ERROR - FILE_CHECK - expect_column_values_to_be_between - ANNEE - Unexpected value: 1952 on line 177, value should be between 1980 and 2019
2019-07-03 12:11:30,335 - VO - BE - MOBILE - 2019-06-01 00:00:00 - ERROR - FILE_CHECK - expect_column_values_to_be_between - ANNEE - Unexpected value: 1969 on line 178, value should be between 1980 and 2019
2019-07-03 12:11:30,335 - VO - BE - MOBILE - 2019-06-01 00:00:00 - ERROR - STAT - expect_column_values_to_be_between - ANNEE - correctly filled rate (%) - 87.27
2019-07-03 12:11:30,335 - VO - BE - MOBILE - 2019-06-01 00:00:00 - ERROR - STAT - expect_column_values_to_not_be_null - ANNEE - correctly filled rate (%) - 100.0
2019-07-03 12:11:30,335 - VO - BE - MOBILE - 2019-06-01 00:00:00 - ERROR - FILE_CHECK - expect_column_values_to_match_regex - ANNEE - Unexpected value: 0 on line 4, value should match regexp ^[0-9]{4}$
2019-07-03 12:11:30,335 - VO - BE - MOBILE - 2019-06-01 00:00:00 - ERROR - FILE_CHECK - expect_column_values_to_match_regex - ANNEE - Unexpected value: 0 on line 7, value should match regexp ^[0-9]{4}$
2019-07-03 12:11:30,335 - VO - BE - MOBILE - 2019-06-01 00:00:00 - ERROR - FILE_CHECK - expect_column_values_to_match_regex - ANNEE - Unexpected value: 0 on line 8, value should match regexp ^[0-9]{4}$
2019-07-03 12:11:30,335 - VO - BE - MOBILE - 2019-06-01 00:00:00 - ERROR - FILE_CHECK - expect_column_values_to_match_regex - ANNEE - Unexpected value: 0 on line 65, value should match regexp ^[0-9]{4}$
2019-07-03 12:11:30,335 - VO - BE - MOBILE - 2019-06-01 00:00:00 - ERROR - FILE_CHECK - expect_column_values_to_match_regex - ANNEE - Unexpected value: 0 on line 75, value should match regexp ^[0-9]{4}$
2019-07-03 12:11:30,335 - VO - BE - MOBILE - 2019-06-01 00:00:00 - ERROR - FILE_CHECK - expect_column_values_to_match_regex - ANNEE - Unexpected value: 0 on line 92, value should match regexp ^[0-9]{4}$
2019-07-03 12:11:30,335 - VO - BE - MOBILE - 2019-06-01 00:00:00 - ERROR - FILE_CHECK - expect_column_values_to_match_regex - ANNEE - Unexpected value: 0 on line 147, value should match regexp ^[0-9]{4}$
2019-07-03 12:11:30,335 - VO - BE - MOBILE - 2019-06-01 00:00:00 - ERROR - FILE_CHECK - expect_column_values_to_match_regex - ANNEE - Unexpected value: 0 on line 150, value should match regexp ^[0-9]{4}$
2019-07-03 12:11:30,335 - VO - BE - MOBILE - 2019-06-01 00:00:00 - ERROR - FILE_CHECK - expect_column_values_to_match_regex - ANNEE - Unexpected value: 0 on line 151, value should match regexp ^[0-9]{4}$
2019-07-03 12:11:30,336 - VO - BE - MOBILE - 2019-06-01 00:00:00 - ERROR - FILE_CHECK - expect_column_values_to_match_regex - ANNEE - Unexpected value: 0 on line 154, value should match regexp ^[0-9]{4}$
2019-07-03 12:11:30,336 - VO - BE - MOBILE - 2019-06-01 00:00:00 - ERROR - FILE_CHECK - expect_column_values_to_match_regex - ANNEE - Unexpected value: 0 on line 184, value should match regexp ^[0-9]{4}$
2019-07-03 12:11:30,336 - VO - BE - MOBILE - 2019-06-01 00:00:00 - ERROR - FILE_CHECK - expect_column_values_to_match_regex - ANNEE - Unexpected value: 0 on line 268, value should match regexp ^[0-9]{4}$
2019-07-03 12:11:30,336 - VO - BE - MOBILE - 2019-06-01 00:00:00 - ERROR - FILE_CHECK - expect_column_values_to_match_regex - ANNEE - Unexpected value: 0 on line 288, value should match regexp ^[0-9]{4}$
2019-07-03 12:11:30,336 - VO - BE - MOBILE - 2019-06-01 00:00:00 - ERROR - FILE_CHECK - expect_column_values_to_match_regex - ANNEE - Unexpected value: 0 on line 310, value should match regexp ^[0-9]{4}$
2019-07-03 12:11:30,336 - VO - BE - MOBILE - 2019-06-01 00:00:00 - ERROR - FILE_CHECK - expect_column_values_to_match_regex - ANNEE - Unexpected value: 0 on line 338, value should match regexp ^[0-9]{4}$
2019-07-03 12:11:30,336 - VO - BE - MOBILE - 2019-06-01 00:00:00 - ERROR - FILE_CHECK - expect_column_values_to_match_regex - ANNEE - Unexpected value: 0 on line 352, value should match regexp ^[0-9]{4}$
2019-07-03 12:11:30,336 - VO - BE - MOBILE - 2019-06-01 00:00:00 - ERROR - FILE_CHECK - expect_column_values_to_match_regex - ANNEE - Unexpected value: 0 on line 353, value should match regexp ^[0-9]{4}$
2019-07-03 12:11:30,336 - VO - BE - MOBILE - 2019-06-01 00:00:00 - ERROR - FILE_CHECK - expect_column_values_to_match_regex - ANNEE - Unexpected value: 0 on line 366, value should match regexp ^[0-9]{4}$
2019-07-03 12:11:30,336 - VO - BE - MOBILE - 2019-06-01 00:00:00 - ERROR - FILE_CHECK - expect_column_values_to_match_regex - ANNEE - Unexpected value: 0 on line 383, value should match regexp ^[0-9]{4}$
2019-07-03 12:11:30,336 - VO - BE - MOBILE - 2019-06-01 00:00:00 - ERROR - FILE_CHECK - expect_column_values_to_match_regex - ANNEE - Unexpected value: 0 on line 388, value should match regexp ^[0-9]{4}$
2019-07-03 12:11:30,336 - VO - BE - MOBILE - 2019-06-01 00:00:00 - ERROR - STAT - expect_column_values_to_match_regex - ANNEE - correctly filled rate (%) - 95.21
2019-07-03 12:11:30,336 - VO - BE - MOBILE - 2019-06-01 00:00:00 - ERROR - STAT - expect_column_values_to_not_be_null - ANNONCE_LINK - correctly filled rate (%) - 100.0
2019-07-03 12:11:30,336 - VO - BE - MOBILE - 2019-06-01 00:00:00 - ERROR - STAT - expect_column_values_to_be_unique - ANNONCE_LINK - observed proportion - 100.0
2019-07-03 12:11:30,336 - VO - BE - MOBILE - 2019-06-01 00:00:00 - ERROR - STAT - expect_column_values_to_not_be_null - CARBURANT - correctly filled rate (%) - 97.74
2019-07-03 12:11:30,336 - VO - BE - MOBILE - 2019-06-01 00:00:00 - ERROR - STAT - expect_column_values_to_not_be_null - CARROSSERIE - correctly filled rate (%) - 100.0
2019-07-03 12:11:30,336 - VO - BE - MOBILE - 2019-06-01 00:00:00 - ERROR - STAT - expect_column_values_to_not_be_null - CP - correctly filled rate (%) - 100.0
2019-07-03 12:11:30,336 - VO - BE - MOBILE - 2019-06-01 00:00:00 - ERROR - STAT - expect_column_values_to_match_regex - CP - correctly filled rate (%) - 100.0
2019-07-03 12:11:30,337 - VO - BE - MOBILE - 2019-06-01 00:00:00 - ERROR - STAT - expect_column_values_to_not_be_null - GARAGE_ID - correctly filled rate (%) - 94.45
2019-07-03 12:11:30,337 - VO - BE - MOBILE - 2019-06-01 00:00:00 - ERROR - STAT - expect_column_values_to_not_be_null - ID_CLIENT - correctly filled rate (%) - 100.0
2019-07-03 12:11:30,337 - VO - BE - MOBILE - 2019-06-01 00:00:00 - ERROR - STAT - expect_column_values_to_be_unique - ID_CLIENT - observed proportion - 100.0
2019-07-03 12:11:30,337 - VO - BE - MOBILE - 2019-06-01 00:00:00 - ERROR - STAT - expect_returning_row_count - EVERY_COLUMNS - total number of rows - 6976
2019-07-03 12:11:30,337 - VO - BE - MOBILE - 2019-06-01 00:00:00 - ERROR - STAT - expect_column_values_to_not_be_null - IMMAT - correctly filled rate (%) - 100.0
2019-07-03 12:11:30,337 - VO - BE - MOBILE - 2019-06-01 00:00:00 - ERROR - STAT - expect_column_values_to_be_in_type_list - KM - correctly filled rate (%) - 100.0
2019-07-03 12:11:30,337 - VO - BE - MOBILE - 2019-06-01 00:00:00 - ERROR - STAT - expect_column_values_to_not_be_null - KM - correctly filled rate (%) - 100.0
2019-07-03 12:11:30,337 - VO - BE - MOBILE - 2019-06-01 00:00:00 - ERROR - STAT - expect_column_values_to_be_in_type_list - LITRE - correctly filled rate (%) - 100.0
2019-07-03 12:11:30,337 - VO - BE - MOBILE - 2019-06-01 00:00:00 - ERROR - STAT - expect_column_values_to_not_be_null - LITRE - correctly filled rate (%) - 100.0
2019-07-03 12:11:30,337 - VO - BE - MOBILE - 2019-06-01 00:00:00 - ERROR - STAT - expect_column_values_to_not_be_null - MARQUE - correctly filled rate (%) - 100.0
2019-07-03 12:11:30,337 - VO - BE - MOBILE - 2019-06-01 00:00:00 - ERROR - STAT - expect_column_values_to_not_be_null - MODELE - correctly filled rate (%) - 100.0
2019-07-03 12:11:30,337 - VO - BE - MOBILE - 2019-06-01 00:00:00 - ERROR - STAT - expect_column_values_to_not_be_null - MOIS - correctly filled rate (%) - 100.0
2019-07-03 12:11:30,337 - VO - BE - MOBILE - 2019-06-01 00:00:00 - ERROR - FILE_CHECK - expect_column_values_to_be_between - MOIS - Unexpected value: 0 on line 4, value should be between 1 and 12
2019-07-03 12:11:30,337 - VO - BE - MOBILE - 2019-06-01 00:00:00 - ERROR - FILE_CHECK - expect_column_values_to_be_between - MOIS - Unexpected value: 0 on line 7, value should be between 1 and 12
2019-07-03 12:11:30,337 - VO - BE - MOBILE - 2019-06-01 00:00:00 - ERROR - FILE_CHECK - expect_column_values_to_be_between - MOIS - Unexpected value: 0 on line 8, value should be between 1 and 12
2019-07-03 12:11:30,337 - VO - BE - MOBILE - 2019-06-01 00:00:00 - ERROR - FILE_CHECK - expect_column_values_to_be_between - MOIS - Unexpected value: 0 on line 65, value should be between 1 and 12
2019-07-03 12:11:30,337 - VO - BE - MOBILE - 2019-06-01 00:00:00 - ERROR - FILE_CHECK - expect_column_values_to_be_between - MOIS - Unexpected value: 0 on line 75, value should be between 1 and 12
2019-07-03 12:11:30,338 - VO - BE - MOBILE - 2019-06-01 00:00:00 - ERROR - FILE_CHECK - expect_column_values_to_be_between - MOIS - Unexpected value: 0 on line 92, value should be between 1 and 12
2019-07-03 12:11:30,338 - VO - BE - MOBILE - 2019-06-01 00:00:00 - ERROR - FILE_CHECK - expect_column_values_to_be_between - MOIS - Unexpected value: 0 on line 147, value should be between 1 and 12
2019-07-03 12:11:30,338 - VO - BE - MOBILE - 2019-06-01 00:00:00 - ERROR - FILE_CHECK - expect_column_values_to_be_between - MOIS - Unexpected value: 0 on line 150, value should be between 1 and 12
2019-07-03 12:11:30,338 - VO - BE - MOBILE - 2019-06-01 00:00:00 - ERROR - FILE_CHECK - expect_column_values_to_be_between - MOIS - Unexpected value: 0 on line 151, value should be between 1 and 12
2019-07-03 12:11:30,338 - VO - BE - MOBILE - 2019-06-01 00:00:00 - ERROR - FILE_CHECK - expect_column_values_to_be_between - MOIS - Unexpected value: 0 on line 154, value should be between 1 and 12
2019-07-03 12:11:30,338 - VO - BE - MOBILE - 2019-06-01 00:00:00 - ERROR - FILE_CHECK - expect_column_values_to_be_between - MOIS - Unexpected value: 0 on line 184, value should be between 1 and 12
2019-07-03 12:11:30,338 - VO - BE - MOBILE - 2019-06-01 00:00:00 - ERROR - FILE_CHECK - expect_column_values_to_be_between - MOIS - Unexpected value: 0 on line 268, value should be between 1 and 12
2019-07-03 12:11:30,338 - VO - BE - MOBILE - 2019-06-01 00:00:00 - ERROR - FILE_CHECK - expect_column_values_to_be_between - MOIS - Unexpected value: 0 on line 288, value should be between 1 and 12
2019-07-03 12:11:30,338 - VO - BE - MOBILE - 2019-06-01 00:00:00 - ERROR - FILE_CHECK - expect_column_values_to_be_between - MOIS - Unexpected value: 0 on line 310, value should be between 1 and 12
2019-07-03 12:11:30,338 - VO - BE - MOBILE - 2019-06-01 00:00:00 - ERROR - FILE_CHECK - expect_column_values_to_be_between - MOIS - Unexpected value: 0 on line 338, value should be between 1 and 12
2019-07-03 12:11:30,338 - VO - BE - MOBILE - 2019-06-01 00:00:00 - ERROR - FILE_CHECK - expect_column_values_to_be_between - MOIS - Unexpected value: 0 on line 352, value should be between 1 and 12
2019-07-03 12:11:30,338 - VO - BE - MOBILE - 2019-06-01 00:00:00 - ERROR - FILE_CHECK - expect_column_values_to_be_between - MOIS - Unexpected value: 0 on line 353, value should be between 1 and 12
2019-07-03 12:11:30,338 - VO - BE - MOBILE - 2019-06-01 00:00:00 - ERROR - FILE_CHECK - expect_column_values_to_be_between - MOIS - Unexpected value: 0 on line 366, value should be between 1 and 12
2019-07-03 12:11:30,338 - VO - BE - MOBILE - 2019-06-01 00:00:00 - ERROR - FILE_CHECK - expect_column_values_to_be_between - MOIS - Unexpected value: 0 on line 383, value should be between 1 and 12
2019-07-03 12:11:30,338 - VO - BE - MOBILE - 2019-06-01 00:00:00 - ERROR - FILE_CHECK - expect_column_values_to_be_between - MOIS - Unexpected value: 0 on line 388, value should be between 1 and 12
2019-07-03 12:11:30,338 - VO - BE - MOBILE - 2019-06-01 00:00:00 - ERROR - STAT - expect_column_values_to_be_between - MOIS - correctly filled rate (%) - 95.15
2019-07-03 12:11:30,338 - VO - BE - MOBILE - 2019-06-01 00:00:00 - ERROR - STAT - expect_column_values_to_match_regex - MOIS - correctly filled rate (%) - 100.0
2019-07-03 12:11:30,338 - VO - BE - MOBILE - 2019-06-01 00:00:00 - ERROR - STAT - expect_column_values_to_not_be_null - NOM - correctly filled rate (%) - 100.0
2019-07-03 12:11:30,338 - VO - BE - MOBILE - 2019-06-01 00:00:00 - ERROR - FILE_CHECK - expect_column_value_lengths_to_be_between - NOM - Unexpected characters count of: [V40...] on line  9, value length should be between 10 and 255
2019-07-03 12:11:30,339 - VO - BE - MOBILE - 2019-06-01 00:00:00 - ERROR - FILE_CHECK - expect_column_value_lengths_to_be_between - NOM - Unexpected characters count of: [2...] on line  36, value length should be between 10 and 255
2019-07-03 12:11:30,339 - VO - BE - MOBILE - 2019-06-01 00:00:00 - ERROR - FILE_CHECK - expect_column_value_lengths_to_be_between - NOM - Unexpected characters count of: [RS6 Avant...] on line  39, value length should be between 10 and 255
2019-07-03 12:11:30,339 - VO - BE - MOBILE - 2019-06-01 00:00:00 - ERROR - FILE_CHECK - expect_column_value_lengths_to_be_between - NOM - Unexpected characters count of: [116 116i...] on line  47, value length should be between 10 and 255
2019-07-03 12:11:30,339 - VO - BE - MOBILE - 2019-06-01 00:00:00 - ERROR - FILE_CHECK - expect_column_value_lengths_to_be_between - NOM - Unexpected characters count of: [RAV 4...] on line  55, value length should be between 10 and 255
2019-07-03 12:11:30,339 - VO - BE - MOBILE - 2019-06-01 00:00:00 - ERROR - FILE_CHECK - expect_column_value_lengths_to_be_between - NOM - Unexpected characters count of: [Q2...] on line  69, value length should be between 10 and 255
2019-07-03 12:11:30,339 - VO - BE - MOBILE - 2019-06-01 00:00:00 - ERROR - FILE_CHECK - expect_column_value_lengths_to_be_between - NOM - Unexpected characters count of: [Corsa...] on line  74, value length should be between 10 and 255
2019-07-03 12:11:30,339 - VO - BE - MOBILE - 2019-06-01 00:00:00 - ERROR - FILE_CHECK - expect_column_value_lengths_to_be_between - NOM - Unexpected characters count of: [Midget...] on line  101, value length should be between 10 and 255
2019-07-03 12:11:30,339 - VO - BE - MOBILE - 2019-06-01 00:00:00 - ERROR - FILE_CHECK - expect_column_value_lengths_to_be_between - NOM - Unexpected characters count of: [Antara...] on line  102, value length should be between 10 and 255
2019-07-03 12:11:30,339 - VO - BE - MOBILE - 2019-06-01 00:00:00 - ERROR - FILE_CHECK - expect_column_value_lengths_to_be_between - NOM - Unexpected characters count of: [218 i...] on line  113, value length should be between 10 and 255
2019-07-03 12:11:30,339 - VO - BE - MOBILE - 2019-06-01 00:00:00 - ERROR - FILE_CHECK - expect_column_value_lengths_to_be_between - NOM - Unexpected characters count of: [CLA 180 d...] on line  136, value length should be between 10 and 255
2019-07-03 12:11:30,339 - VO - BE - MOBILE - 2019-06-01 00:00:00 - ERROR - FILE_CHECK - expect_column_value_lengths_to_be_between - NOM - Unexpected characters count of: [Corsa...] on line  146, value length should be between 10 and 255
2019-07-03 12:11:30,339 - VO - BE - MOBILE - 2019-06-01 00:00:00 - ERROR - FILE_CHECK - expect_column_value_lengths_to_be_between - NOM - Unexpected characters count of: [320...] on line  149, value length should be between 10 and 255
2019-07-03 12:11:30,339 - VO - BE - MOBILE - 2019-06-01 00:00:00 - ERROR - FILE_CHECK - expect_column_value_lengths_to_be_between - NOM - Unexpected characters count of: [Premacy...] on line  155, value length should be between 10 and 255
2019-07-03 12:11:30,339 - VO - BE - MOBILE - 2019-06-01 00:00:00 - ERROR - FILE_CHECK - expect_column_value_lengths_to_be_between - NOM - Unexpected characters count of: [280 S /...] on line  173, value length should be between 10 and 255
2019-07-03 12:11:30,339 - VO - BE - MOBILE - 2019-06-01 00:00:00 - ERROR - FILE_CHECK - expect_column_value_lengths_to_be_between - NOM - Unexpected characters count of: [318...] on line  179, value length should be between 10 and 255
2019-07-03 12:11:30,339 - VO - BE - MOBILE - 2019-06-01 00:00:00 - ERROR - FILE_CHECK - expect_column_value_lengths_to_be_between - NOM - Unexpected characters count of: [YB...] on line  181, value length should be between 10 and 255
2019-07-03 12:11:30,339 - VO - BE - MOBILE - 2019-06-01 00:00:00 - ERROR - FILE_CHECK - expect_column_value_lengths_to_be_between - NOM - Unexpected characters count of: [Rio...] on line  192, value length should be between 10 and 255
2019-07-03 12:11:30,339 - VO - BE - MOBILE - 2019-06-01 00:00:00 - ERROR - FILE_CHECK - expect_column_value_lengths_to_be_between - NOM - Unexpected characters count of: [8...] on line  194, value length should be between 10 and 255
2019-07-03 12:11:30,340 - VO - BE - MOBILE - 2019-06-01 00:00:00 - ERROR - FILE_CHECK - expect_column_value_lengths_to_be_between - NOM - Unexpected characters count of: [Fiesta...] on line  199, value length should be between 10 and 255
2019-07-03 12:11:30,340 - VO - BE - MOBILE - 2019-06-01 00:00:00 - ERROR - STAT - expect_column_value_lengths_to_be_between - NOM - correctly filled rate (%) - 85.41
2019-07-03 12:11:30,340 - VO - BE - MOBILE - 2019-06-01 00:00:00 - ERROR - STAT - expect_column_values_to_not_be_null - OPTIONS - correctly filled rate (%) - 91.28
2019-07-03 12:11:30,340 - VO - BE - MOBILE - 2019-06-01 00:00:00 - ERROR - FILE_CHECK - expect_column_value_lengths_to_be_between - OPTIONS - Unexpected characters count of: [, METALLIC , SUNROOF...] on line  0, value length should be between 0 and 255
2019-07-03 12:11:30,340 - VO - BE - MOBILE - 2019-06-01 00:00:00 - ERROR - FILE_CHECK - expect_column_value_lengths_to_be_between - OPTIONS - Unexpected characters count of: [, FOUR_WHEEL_DRIVE ,...] on line  1, value length should be between 0 and 255
2019-07-03 12:11:30,340 - VO - BE - MOBILE - 2019-06-01 00:00:00 - ERROR - FILE_CHECK - expect_column_value_lengths_to_be_between - OPTIONS - Unexpected characters count of: [, METALLIC , CENTRAL...] on line  2, value length should be between 0 and 255
2019-07-03 12:11:30,340 - VO - BE - MOBILE - 2019-06-01 00:00:00 - ERROR - FILE_CHECK - expect_column_value_lengths_to_be_between - OPTIONS - Unexpected characters count of: [, METALLIC , ALLOY_W...] on line  3, value length should be between 0 and 255
2019-07-03 12:11:30,340 - VO - BE - MOBILE - 2019-06-01 00:00:00 - ERROR - FILE_CHECK - expect_column_value_lengths_to_be_between - OPTIONS - Unexpected characters count of: [, METALLIC , SUNROOF...] on line  5, value length should be between 0 and 255
2019-07-03 12:11:30,340 - VO - BE - MOBILE - 2019-06-01 00:00:00 - ERROR - FILE_CHECK - expect_column_value_lengths_to_be_between - OPTIONS - Unexpected characters count of: [, FOUR_WHEEL_DRIVE ,...] on line  8, value length should be between 0 and 255
2019-07-03 12:11:30,340 - VO - BE - MOBILE - 2019-06-01 00:00:00 - ERROR - FILE_CHECK - expect_column_value_lengths_to_be_between - OPTIONS - Unexpected characters count of: [, ELECTRIC_WINDOWS ,...] on line  10, value length should be between 0 and 255
2019-07-03 12:11:30,340 - VO - BE - MOBILE - 2019-06-01 00:00:00 - ERROR - FILE_CHECK - expect_column_value_lengths_to_be_between - OPTIONS - Unexpected characters count of: [, METALLIC , ALLOY_W...] on line  11, value length should be between 0 and 255
2019-07-03 12:11:30,340 - VO - BE - MOBILE - 2019-06-01 00:00:00 - ERROR - FILE_CHECK - expect_column_value_lengths_to_be_between - OPTIONS - Unexpected characters count of: [, METALLIC , FOUR_WH...] on line  12, value length should be between 0 and 255
2019-07-03 12:11:30,340 - VO - BE - MOBILE - 2019-06-01 00:00:00 - ERROR - FILE_CHECK - expect_column_value_lengths_to_be_between - OPTIONS - Unexpected characters count of: [, FOUR_WHEEL_DRIVE ,...] on line  13, value length should be between 0 and 255
2019-07-03 12:11:30,340 - VO - BE - MOBILE - 2019-06-01 00:00:00 - ERROR - FILE_CHECK - expect_column_value_lengths_to_be_between - OPTIONS - Unexpected characters count of: [, METALLIC , ALLOY_W...] on line  14, value length should be between 0 and 255
2019-07-03 12:11:30,340 - VO - BE - MOBILE - 2019-06-01 00:00:00 - ERROR - FILE_CHECK - expect_column_value_lengths_to_be_between - OPTIONS - Unexpected characters count of: [, METALLIC , ALLOY_W...] on line  15, value length should be between 0 and 255
2019-07-03 12:11:30,340 - VO - BE - MOBILE - 2019-06-01 00:00:00 - ERROR - FILE_CHECK - expect_column_value_lengths_to_be_between - OPTIONS - Unexpected characters count of: [, METALLIC , FOUR_WH...] on line  16, value length should be between 0 and 255
2019-07-03 12:11:30,340 - VO - BE - MOBILE - 2019-06-01 00:00:00 - ERROR - FILE_CHECK - expect_column_value_lengths_to_be_between - OPTIONS - Unexpected characters count of: [, ALLOY_WHEELS , CEN...] on line  17, value length should be between 0 and 255
2019-07-03 12:11:30,340 - VO - BE - MOBILE - 2019-06-01 00:00:00 - ERROR - FILE_CHECK - expect_column_value_lengths_to_be_between - OPTIONS - Unexpected characters count of: [, METALLIC , FOUR_WH...] on line  18, value length should be between 0 and 255
2019-07-03 12:11:30,341 - VO - BE - MOBILE - 2019-06-01 00:00:00 - ERROR - FILE_CHECK - expect_column_value_lengths_to_be_between - OPTIONS - Unexpected characters count of: [, METALLIC , ALLOY_W...] on line  19, value length should be between 0 and 255
2019-07-03 12:11:30,341 - VO - BE - MOBILE - 2019-06-01 00:00:00 - ERROR - FILE_CHECK - expect_column_value_lengths_to_be_between - OPTIONS - Unexpected characters count of: [, METALLIC , FOUR_WH...] on line  20, value length should be between 0 and 255
2019-07-03 12:11:30,341 - VO - BE - MOBILE - 2019-06-01 00:00:00 - ERROR - FILE_CHECK - expect_column_value_lengths_to_be_between - OPTIONS - Unexpected characters count of: [, METALLIC , ALLOY_W...] on line  21, value length should be between 0 and 255
2019-07-03 12:11:30,341 - VO - BE - MOBILE - 2019-06-01 00:00:00 - ERROR - FILE_CHECK - expect_column_value_lengths_to_be_between - OPTIONS - Unexpected characters count of: [, METALLIC , FOUR_WH...] on line  22, value length should be between 0 and 255
2019-07-03 12:11:30,341 - VO - BE - MOBILE - 2019-06-01 00:00:00 - ERROR - FILE_CHECK - expect_column_value_lengths_to_be_between - OPTIONS - Unexpected characters count of: [, METALLIC , ALLOY_W...] on line  24, value length should be between 0 and 255
2019-07-03 12:11:30,341 - VO - BE - MOBILE - 2019-06-01 00:00:00 - ERROR - STAT - expect_column_value_lengths_to_be_between - OPTIONS - correctly filled rate (%) - 35.16
2019-07-03 12:11:30,341 - VO - BE - MOBILE - 2019-06-01 00:00:00 - ERROR - STAT - expect_column_values_to_be_in_type_list - PHOTO - correctly filled rate (%) - 100.0
2019-07-03 12:11:30,341 - VO - BE - MOBILE - 2019-06-01 00:00:00 - ERROR - STAT - expect_column_values_to_not_be_null - PHOTO - correctly filled rate (%) - 100.0
2019-07-03 12:11:30,341 - VO - BE - MOBILE - 2019-06-01 00:00:00 - ERROR - FILE_CHECK - expect_column_values_to_be_in_type_list - PLACE - Wrong type for value: 5.0 on line 0 should be in ['int']
2019-07-03 12:11:30,341 - VO - BE - MOBILE - 2019-06-01 00:00:00 - ERROR - FILE_CHECK - expect_column_values_to_be_in_type_list - PLACE - Wrong type for value: 5.0 on line 1 should be in ['int']
2019-07-03 12:11:30,341 - VO - BE - MOBILE - 2019-06-01 00:00:00 - ERROR - FILE_CHECK - expect_column_values_to_be_in_type_list - PLACE - Wrong type for value: 5.0 on line 2 should be in ['int']
2019-07-03 12:11:30,341 - VO - BE - MOBILE - 2019-06-01 00:00:00 - ERROR - FILE_CHECK - expect_column_values_to_be_in_type_list - PLACE - Wrong type for value: 5.0 on line 3 should be in ['int']
2019-07-03 12:11:30,341 - VO - BE - MOBILE - 2019-06-01 00:00:00 - ERROR - FILE_CHECK - expect_column_values_to_be_in_type_list - PLACE - Wrong type for value: 10.0 on line 4 should be in ['int']
2019-07-03 12:11:30,341 - VO - BE - MOBILE - 2019-06-01 00:00:00 - ERROR - FILE_CHECK - expect_column_values_to_be_in_type_list - PLACE - Wrong type for value: 5.0 on line 5 should be in ['int']
2019-07-03 12:11:30,341 - VO - BE - MOBILE - 2019-06-01 00:00:00 - ERROR - FILE_CHECK - expect_column_values_to_be_in_type_list - PLACE - Wrong type for value: 5.0 on line 6 should be in ['int']
2019-07-03 12:11:30,341 - VO - BE - MOBILE - 2019-06-01 00:00:00 - ERROR - FILE_CHECK - expect_column_values_to_be_in_type_list - PLACE - Wrong type for value: 2.0 on line 7 should be in ['int']
2019-07-03 12:11:30,341 - VO - BE - MOBILE - 2019-06-01 00:00:00 - ERROR - FILE_CHECK - expect_column_values_to_be_in_type_list - PLACE - Wrong type for value: 5.0 on line 8 should be in ['int']
2019-07-03 12:11:30,342 - VO - BE - MOBILE - 2019-06-01 00:00:00 - ERROR - FILE_CHECK - expect_column_values_to_be_in_type_list - PLACE - Wrong type for value: 2.0 on line 11 should be in ['int']
2019-07-03 12:11:30,342 - VO - BE - MOBILE - 2019-06-01 00:00:00 - ERROR - FILE_CHECK - expect_column_values_to_be_in_type_list - PLACE - Wrong type for value: 2.0 on line 12 should be in ['int']
2019-07-03 12:11:30,342 - VO - BE - MOBILE - 2019-06-01 00:00:00 - ERROR - FILE_CHECK - expect_column_values_to_be_in_type_list - PLACE - Wrong type for value: 5.0 on line 13 should be in ['int']
2019-07-03 12:11:30,342 - VO - BE - MOBILE - 2019-06-01 00:00:00 - ERROR - FILE_CHECK - expect_column_values_to_be_in_type_list - PLACE - Wrong type for value: 7.0 on line 14 should be in ['int']
2019-07-03 12:11:30,342 - VO - BE - MOBILE - 2019-06-01 00:00:00 - ERROR - FILE_CHECK - expect_column_values_to_be_in_type_list - PLACE - Wrong type for value: 2.0 on line 15 should be in ['int']
2019-07-03 12:11:30,342 - VO - BE - MOBILE - 2019-06-01 00:00:00 - ERROR - FILE_CHECK - expect_column_values_to_be_in_type_list - PLACE - Wrong type for value: 5.0 on line 16 should be in ['int']
2019-07-03 12:11:30,342 - VO - BE - MOBILE - 2019-06-01 00:00:00 - ERROR - FILE_CHECK - expect_column_values_to_be_in_type_list - PLACE - Wrong type for value: 4.0 on line 17 should be in ['int']
2019-07-03 12:11:30,342 - VO - BE - MOBILE - 2019-06-01 00:00:00 - ERROR - FILE_CHECK - expect_column_values_to_be_in_type_list - PLACE - Wrong type for value: 5.0 on line 18 should be in ['int']
2019-07-03 12:11:30,342 - VO - BE - MOBILE - 2019-06-01 00:00:00 - ERROR - FILE_CHECK - expect_column_values_to_be_in_type_list - PLACE - Wrong type for value: 5.0 on line 19 should be in ['int']
2019-07-03 12:11:30,342 - VO - BE - MOBILE - 2019-06-01 00:00:00 - ERROR - FILE_CHECK - expect_column_values_to_be_in_type_list - PLACE - Wrong type for value: 5.0 on line 20 should be in ['int']
2019-07-03 12:11:30,342 - VO - BE - MOBILE - 2019-06-01 00:00:00 - ERROR - FILE_CHECK - expect_column_values_to_be_in_type_list - PLACE - Wrong type for value: 5.0 on line 21 should be in ['int']
2019-07-03 12:11:30,342 - VO - BE - MOBILE - 2019-06-01 00:00:00 - ERROR - STAT - expect_column_values_to_be_in_type_list - PLACE - correctly filled rate (%) - 0.0
2019-07-03 12:11:30,342 - VO - BE - MOBILE - 2019-06-01 00:00:00 - ERROR - STAT - expect_column_values_to_not_be_null - PLACE - correctly filled rate (%) - 75.23
2019-07-03 12:11:30,342 - VO - BE - MOBILE - 2019-06-01 00:00:00 - ERROR - STAT - expect_column_values_to_not_be_null - PORTE - correctly filled rate (%) - 88.4
2019-07-03 12:11:30,342 - VO - BE - MOBILE - 2019-06-01 00:00:00 - ERROR - FILE_CHECK - expect_column_values_to_be_in_type_list - PORTE - Wrong type for value: 4/5 on line 0 should be in ['int', 'float']
2019-07-03 12:11:30,342 - VO - BE - MOBILE - 2019-06-01 00:00:00 - ERROR - FILE_CHECK - expect_column_values_to_be_in_type_list - PORTE - Wrong type for value: 4/5 on line 1 should be in ['int', 'float']
2019-07-03 12:11:30,342 - VO - BE - MOBILE - 2019-06-01 00:00:00 - ERROR - FILE_CHECK - expect_column_values_to_be_in_type_list - PORTE - Wrong type for value: 4/5 on line 2 should be in ['int', 'float']
2019-07-03 12:11:30,342 - VO - BE - MOBILE - 2019-06-01 00:00:00 - ERROR - FILE_CHECK - expect_column_values_to_be_in_type_list - PORTE - Wrong type for value: 4/5 on line 3 should be in ['int', 'float']
2019-07-03 12:11:30,343 - VO - BE - MOBILE - 2019-06-01 00:00:00 - ERROR - FILE_CHECK - expect_column_values_to_be_in_type_list - PORTE - Wrong type for value: 4/5 on line 4 should be in ['int', 'float']
2019-07-03 12:11:30,343 - VO - BE - MOBILE - 2019-06-01 00:00:00 - ERROR - FILE_CHECK - expect_column_values_to_be_in_type_list - PORTE - Wrong type for value: 4/5 on line 5 should be in ['int', 'float']
2019-07-03 12:11:30,343 - VO - BE - MOBILE - 2019-06-01 00:00:00 - ERROR - FILE_CHECK - expect_column_values_to_be_in_type_list - PORTE - Wrong type for value: 4/5 on line 6 should be in ['int', 'float']
2019-07-03 12:11:30,343 - VO - BE - MOBILE - 2019-06-01 00:00:00 - ERROR - FILE_CHECK - expect_column_values_to_be_in_type_list - PORTE - Wrong type for value: 2/3 on line 7 should be in ['int', 'float']
2019-07-03 12:11:30,343 - VO - BE - MOBILE - 2019-06-01 00:00:00 - ERROR - FILE_CHECK - expect_column_values_to_be_in_type_list - PORTE - Wrong type for value: 4/5 on line 8 should be in ['int', 'float']
2019-07-03 12:11:30,343 - VO - BE - MOBILE - 2019-06-01 00:00:00 - ERROR - FILE_CHECK - expect_column_values_to_be_in_type_list - PORTE - Wrong type for value: 4/5 on line 9 should be in ['int', 'float']
2019-07-03 12:11:30,343 - VO - BE - MOBILE - 2019-06-01 00:00:00 - ERROR - FILE_CHECK - expect_column_values_to_be_in_type_list - PORTE - Wrong type for value: 4/5 on line 10 should be in ['int', 'float']
2019-07-03 12:11:30,343 - VO - BE - MOBILE - 2019-06-01 00:00:00 - ERROR - FILE_CHECK - expect_column_values_to_be_in_type_list - PORTE - Wrong type for value: 2/3 on line 11 should be in ['int', 'float']
2019-07-03 12:11:30,343 - VO - BE - MOBILE - 2019-06-01 00:00:00 - ERROR - FILE_CHECK - expect_column_values_to_be_in_type_list - PORTE - Wrong type for value: 2/3 on line 12 should be in ['int', 'float']
2019-07-03 12:11:30,343 - VO - BE - MOBILE - 2019-06-01 00:00:00 - ERROR - FILE_CHECK - expect_column_values_to_be_in_type_list - PORTE - Wrong type for value: 4/5 on line 13 should be in ['int', 'float']
2019-07-03 12:11:30,343 - VO - BE - MOBILE - 2019-06-01 00:00:00 - ERROR - FILE_CHECK - expect_column_values_to_be_in_type_list - PORTE - Wrong type for value: 4/5 on line 14 should be in ['int', 'float']
2019-07-03 12:11:30,343 - VO - BE - MOBILE - 2019-06-01 00:00:00 - ERROR - FILE_CHECK - expect_column_values_to_be_in_type_list - PORTE - Wrong type for value: 2/3 on line 15 should be in ['int', 'float']
2019-07-03 12:11:30,343 - VO - BE - MOBILE - 2019-06-01 00:00:00 - ERROR - FILE_CHECK - expect_column_values_to_be_in_type_list - PORTE - Wrong type for value: 4/5 on line 16 should be in ['int', 'float']
2019-07-03 12:11:30,343 - VO - BE - MOBILE - 2019-06-01 00:00:00 - ERROR - FILE_CHECK - expect_column_values_to_be_in_type_list - PORTE - Wrong type for value: 2/3 on line 17 should be in ['int', 'float']
2019-07-03 12:11:30,343 - VO - BE - MOBILE - 2019-06-01 00:00:00 - ERROR - FILE_CHECK - expect_column_values_to_be_in_type_list - PORTE - Wrong type for value: 4/5 on line 18 should be in ['int', 'float']
2019-07-03 12:11:30,343 - VO - BE - MOBILE - 2019-06-01 00:00:00 - ERROR - FILE_CHECK - expect_column_values_to_be_in_type_list - PORTE - Wrong type for value: 4/5 on line 19 should be in ['int', 'float']
2019-07-03 12:11:30,343 - VO - BE - MOBILE - 2019-06-01 00:00:00 - ERROR - STAT - expect_column_values_to_be_in_type_list - PORTE - correctly filled rate (%) - 0.0
2019-07-03 12:11:30,343 - VO - BE - MOBILE - 2019-06-01 00:00:00 - ERROR - STAT - expect_column_values_to_be_in_type_list - PRIX - correctly filled rate (%) - 100.0
2019-07-03 12:11:30,343 - VO - BE - MOBILE - 2019-06-01 00:00:00 - ERROR - STAT - expect_column_values_to_not_be_null - PRIX - correctly filled rate (%) - 100.0
2019-07-03 12:11:30,344 - VO - BE - MOBILE - 2019-06-01 00:00:00 - ERROR - STAT - expect_column_values_to_not_be_null - PROVINCE - correctly filled rate (%) - 0.0
2019-07-03 12:11:30,344 - VO - BE - MOBILE - 2019-06-01 00:00:00 - ERROR - STAT - expect_column_values_to_not_be_null - SITE - correctly filled rate (%) - 100.0
2019-07-03 12:11:30,344 - VO - BE - MOBILE - 2019-06-01 00:00:00 - ERROR - STAT - expect_column_values_to_not_be_null - TELEPHONE - correctly filled rate (%) - 98.9
2019-07-03 12:11:30,344 - VO - BE - MOBILE - 2019-06-01 00:00:00 - ERROR - FILE_CHECK - expect_column_values_to_be_phone_number - TELEPHONE - Unexpected value: 475493285.0 on line 1, value should match a phone number format
2019-07-03 12:11:30,344 - VO - BE - MOBILE - 2019-06-01 00:00:00 - ERROR - FILE_CHECK - expect_column_values_to_be_phone_number - TELEPHONE - Unexpected value: 498680234.0 on line 2, value should match a phone number format
2019-07-03 12:11:30,344 - VO - BE - MOBILE - 2019-06-01 00:00:00 - ERROR - FILE_CHECK - expect_column_values_to_be_phone_number - TELEPHONE - Unexpected value: 473737301.0 on line 4, value should match a phone number format
2019-07-03 12:11:30,344 - VO - BE - MOBILE - 2019-06-01 00:00:00 - ERROR - FILE_CHECK - expect_column_values_to_be_phone_number - TELEPHONE - Unexpected value: 489915703.0 on line 5, value should match a phone number format
2019-07-03 12:11:30,344 - VO - BE - MOBILE - 2019-06-01 00:00:00 - ERROR - FILE_CHECK - expect_column_values_to_be_phone_number - TELEPHONE - Unexpected value: 488273276.0 on line 6, value should match a phone number format
2019-07-03 12:11:30,344 - VO - BE - MOBILE - 2019-06-01 00:00:00 - ERROR - FILE_CHECK - expect_column_values_to_be_phone_number - TELEPHONE - Unexpected value: 473737301.0 on line 8, value should match a phone number format
2019-07-03 12:11:30,344 - VO - BE - MOBILE - 2019-06-01 00:00:00 - ERROR - FILE_CHECK - expect_column_values_to_be_phone_number - TELEPHONE - Unexpected value: 473451100.0 on line 12, value should match a phone number format
2019-07-03 12:11:30,344 - VO - BE - MOBILE - 2019-06-01 00:00:00 - ERROR - FILE_CHECK - expect_column_values_to_be_phone_number - TELEPHONE - Unexpected value: 488056227.0 on line 13, value should match a phone number format
2019-07-03 12:11:30,344 - VO - BE - MOBILE - 2019-06-01 00:00:00 - ERROR - FILE_CHECK - expect_column_values_to_be_phone_number - TELEPHONE - Unexpected value: 472808025.0 on line 17, value should match a phone number format
2019-07-03 12:11:30,344 - VO - BE - MOBILE - 2019-06-01 00:00:00 - ERROR - FILE_CHECK - expect_column_values_to_be_phone_number - TELEPHONE - Unexpected value: 479403963.0 on line 18, value should match a phone number format
2019-07-03 12:11:30,344 - VO - BE - MOBILE - 2019-06-01 00:00:00 - ERROR - FILE_CHECK - expect_column_values_to_be_phone_number - TELEPHONE - Unexpected value: 498527224.0 on line 30, value should match a phone number format
2019-07-03 12:11:30,344 - VO - BE - MOBILE - 2019-06-01 00:00:00 - ERROR - FILE_CHECK - expect_column_values_to_be_phone_number - TELEPHONE - Unexpected value: 477964706.0 on line 31, value should match a phone number format
2019-07-03 12:11:30,344 - VO - BE - MOBILE - 2019-06-01 00:00:00 - ERROR - FILE_CHECK - expect_column_values_to_be_phone_number - TELEPHONE - Unexpected value: 473501031.0 on line 32, value should match a phone number format
2019-07-03 12:11:30,344 - VO - BE - MOBILE - 2019-06-01 00:00:00 - ERROR - FILE_CHECK - expect_column_values_to_be_phone_number - TELEPHONE - Unexpected value: 472911676.0 on line 34, value should match a phone number format
2019-07-03 12:11:30,344 - VO - BE - MOBILE - 2019-06-01 00:00:00 - ERROR - FILE_CHECK - expect_column_values_to_be_phone_number - TELEPHONE - Unexpected value: 472401338.0 on line 35, value should match a phone number format
2019-07-03 12:11:30,344 - VO - BE - MOBILE - 2019-06-01 00:00:00 - ERROR - FILE_CHECK - expect_column_values_to_be_phone_number - TELEPHONE - Unexpected value: 498527224.0 on line 41, value should match a phone number format
2019-07-03 12:11:30,345 - VO - BE - MOBILE - 2019-06-01 00:00:00 - ERROR - FILE_CHECK - expect_column_values_to_be_phone_number - TELEPHONE - Unexpected value: 496561854.0 on line 42, value should match a phone number format
2019-07-03 12:11:30,345 - VO - BE - MOBILE - 2019-06-01 00:00:00 - ERROR - FILE_CHECK - expect_column_values_to_be_phone_number - TELEPHONE - Unexpected value: 472808025.0 on line 44, value should match a phone number format
2019-07-03 12:11:30,345 - VO - BE - MOBILE - 2019-06-01 00:00:00 - ERROR - FILE_CHECK - expect_column_values_to_be_phone_number - TELEPHONE - Unexpected value: 486456186.0 on line 45, value should match a phone number format
2019-07-03 12:11:30,345 - VO - BE - MOBILE - 2019-06-01 00:00:00 - ERROR - FILE_CHECK - expect_column_values_to_be_phone_number - TELEPHONE - Unexpected value: 471092095.0 on line 46, value should match a phone number format
2019-07-03 12:11:30,345 - VO - BE - MOBILE - 2019-06-01 00:00:00 - ERROR - STAT - expect_column_values_to_be_phone_number - TELEPHONE - correctly filled rate (%) - 57.05
2019-07-03 12:11:30,345 - VO - BE - MOBILE - 2019-06-01 00:00:00 - ERROR - STAT - expect_column_values_to_not_be_null - TYPE - correctly filled rate (%) - 100.0
2019-07-03 12:11:30,345 - VO - BE - MOBILE - 2019-06-01 00:00:00 - ERROR - STAT - expect_column_values_to_be_in_set_2 - TYPE - observed proportion - 100.0
2019-07-03 12:11:30,345 - VO - BE - MOBILE - 2019-06-01 00:00:00 - ERROR - STAT - expect_column_values_to_not_be_null - VILLE - correctly filled rate (%) - 100.0
2019-07-03 12:11:30,345 - VO - BE - MOBILE - 2019-06-01 00:00:00 - ERROR - STAT - expect_column_values_to_not_be_null - VN_IND - correctly filled rate (%) - 100.0
2019-07-03 12:11:30,345 - VO - BE - MOBILE - 2019-06-01 00:00:00 - ERROR - STAT - expect_column_values_to_be_in_set - VN_IND - correctly filled rate (%) - 100.0
2019-07-03 12:11:30,345 - VO - BE - MOBILE - 2019-06-01 00:00:00 - ERROR - STAT - expect_returning_row_unique_count - MARQUE_CORRECTED - total number of unique rows - 107
2019-07-03 12:11:30,345 - VO - BE - MOBILE - 2019-06-01 00:00:00 - ERROR - STAT - expect_returning_row_unique_count - MODELE_CORRECTED - total number of unique rows - 772
2019-07-03 12:11:30,345 - VO - BE - MOBILE - 2019-06-01 00:00:00 - ERROR - STAT - expect_returning_row_unique_count - CARROSSERIE - total number of unique rows - 8
2019-07-03 12:11:30,345 - VO - BE - MOBILE - 2019-06-01 00:00:00 - ERROR - STAT - expect_returning_row_unique_count - CARBURANT - total number of unique rows - 8
2019-07-03 12:11:30,345 - VO - BE - MOBILE - 2019-06-01 00:00:00 - ERROR - STAT - expect_column_values_to_not_be_null - CYLINDRE - correctly filled rate (%) - 80.93
2019-07-03 12:11:30,345 - VO - BE - MOBILE - 2019-06-01 00:00:00 - ERROR - FILE_CHECK - expect_column_values_to_be_in_type_list - CYLINDRE - Wrong type for value: 1248.0 on line 0 should be in ['int']
2019-07-03 12:11:30,345 - VO - BE - MOBILE - 2019-06-01 00:00:00 - ERROR - FILE_CHECK - expect_column_values_to_be_in_type_list - CYLINDRE - Wrong type for value: 2993.0 on line 1 should be in ['int']
2019-07-03 12:11:30,345 - VO - BE - MOBILE - 2019-06-01 00:00:00 - ERROR - FILE_CHECK - expect_column_values_to_be_in_type_list - CYLINDRE - Wrong type for value: 1598.0 on line 2 should be in ['int']
2019-07-03 12:11:30,346 - VO - BE - MOBILE - 2019-06-01 00:00:00 - ERROR - FILE_CHECK - expect_column_values_to_be_in_type_list - CYLINDRE - Wrong type for value: 1995.0 on line 3 should be in ['int']
2019-07-03 12:11:30,346 - VO - BE - MOBILE - 2019-06-01 00:00:00 - ERROR - FILE_CHECK - expect_column_values_to_be_in_type_list - CYLINDRE - Wrong type for value: 4164.0 on line 4 should be in ['int']
2019-07-03 12:11:30,346 - VO - BE - MOBILE - 2019-06-01 00:00:00 - ERROR - FILE_CHECK - expect_column_values_to_be_in_type_list - CYLINDRE - Wrong type for value: 2993.0 on line 5 should be in ['int']
2019-07-03 12:11:30,346 - VO - BE - MOBILE - 2019-06-01 00:00:00 - ERROR - FILE_CHECK - expect_column_values_to_be_in_type_list - CYLINDRE - Wrong type for value: 1149.0 on line 6 should be in ['int']
2019-07-03 12:11:30,346 - VO - BE - MOBILE - 2019-06-01 00:00:00 - ERROR - FILE_CHECK - expect_column_values_to_be_in_type_list - CYLINDRE - Wrong type for value: 1800.0 on line 7 should be in ['int']
2019-07-03 12:11:30,346 - VO - BE - MOBILE - 2019-06-01 00:00:00 - ERROR - FILE_CHECK - expect_column_values_to_be_in_type_list - CYLINDRE - Wrong type for value: 2393.0 on line 8 should be in ['int']
2019-07-03 12:11:30,346 - VO - BE - MOBILE - 2019-06-01 00:00:00 - ERROR - FILE_CHECK - expect_column_values_to_be_in_type_list - CYLINDRE - Wrong type for value: 4308.0 on line 11 should be in ['int']
2019-07-03 12:11:30,346 - VO - BE - MOBILE - 2019-06-01 00:00:00 - ERROR - FILE_CHECK - expect_column_values_to_be_in_type_list - CYLINDRE - Wrong type for value: 6498.0 on line 12 should be in ['int']
2019-07-03 12:11:30,346 - VO - BE - MOBILE - 2019-06-01 00:00:00 - ERROR - FILE_CHECK - expect_column_values_to_be_in_type_list - CYLINDRE - Wrong type for value: 2967.0 on line 13 should be in ['int']
2019-07-03 12:11:30,346 - VO - BE - MOBILE - 2019-06-01 00:00:00 - ERROR - FILE_CHECK - expect_column_values_to_be_in_type_list - CYLINDRE - Wrong type for value: 2776.0 on line 14 should be in ['int']
2019-07-03 12:11:30,346 - VO - BE - MOBILE - 2019-06-01 00:00:00 - ERROR - FILE_CHECK - expect_column_values_to_be_in_type_list - CYLINDRE - Wrong type for value: 3902.0 on line 15 should be in ['int']
2019-07-03 12:11:30,346 - VO - BE - MOBILE - 2019-06-01 00:00:00 - ERROR - FILE_CHECK - expect_column_values_to_be_in_type_list - CYLINDRE - Wrong type for value: 1999.0 on line 16 should be in ['int']
2019-07-03 12:11:30,346 - VO - BE - MOBILE - 2019-06-01 00:00:00 - ERROR - FILE_CHECK - expect_column_values_to_be_in_type_list - CYLINDRE - Wrong type for value: 5000.0 on line 17 should be in ['int']
2019-07-03 12:11:30,346 - VO - BE - MOBILE - 2019-06-01 00:00:00 - ERROR - FILE_CHECK - expect_column_values_to_be_in_type_list - CYLINDRE - Wrong type for value: 1997.0 on line 18 should be in ['int']
2019-07-03 12:11:30,346 - VO - BE - MOBILE - 2019-06-01 00:00:00 - ERROR - FILE_CHECK - expect_column_values_to_be_in_type_list - CYLINDRE - Wrong type for value: 1364.0 on line 19 should be in ['int']
2019-07-03 12:11:30,346 - VO - BE - MOBILE - 2019-06-01 00:00:00 - ERROR - FILE_CHECK - expect_column_values_to_be_in_type_list - CYLINDRE - Wrong type for value: 2967.0 on line 20 should be in ['int']
2019-07-03 12:11:30,346 - VO - BE - MOBILE - 2019-06-01 00:00:00 - ERROR - FILE_CHECK - expect_column_values_to_be_in_type_list - CYLINDRE - Wrong type for value: 1969.0 on line 21 should be in ['int']
2019-07-03 12:11:30,346 - VO - BE - MOBILE - 2019-06-01 00:00:00 - ERROR - STAT - expect_column_values_to_be_in_type_list - CYLINDRE - correctly filled rate (%) - 0.0
2019-07-03 12:11:30,347 - VO - BE - MOBILE - 2019-06-01 00:00:00 - ERROR - STAT - expect_returning_row_unique_count - PROVINCE - total number of unique rows - 0
2019-07-03 12:11:30,347 - VO - BE - MOBILE - 2019-06-01 00:00:00 - ERROR - STAT - expect_returning_row_unique_count - VILLE - total number of unique rows - 406
2019-07-03 12:11:30,347 - VO - BE - MOBILE - 2019-06-01 00:00:00 - ERROR - STAT - expect_returning_row_unique_count - DEPARTEMENT - total number of unique rows - 0
2019-07-03 12:11:30,347 - VO - BE - MOBILE - 2019-06-01 00:00:00 - ERROR - STAT - expect_returning_row_count_on_conditions - DEALER_USEDCARS - total number of row with conditions - 6644
2019-07-03 12:11:30,347 - VO - BE - MOBILE - 2019-06-01 00:00:00 - ERROR - STAT - expect_returning_row_count_on_conditions - PRIVATE_USEDCARS - total number of row with conditions - 332
2019-07-03 12:11:30,347 - VO - BE - MOBILE - 2019-06-01 00:00:00 - ERROR - STAT - expect_returning_row_count_on_conditions - DEALER_NEWCARS - total number of row with conditions - 0
2019-07-03 12:11:30,347 - VO - BE - MOBILE - 2019-06-01 00:00:00 - ERROR - STAT - expect_returning_row_unique_count - GARAGE_ID - total number of unique rows - 244
