2019-08-16 07:19:49,627 - JOBS - FR - QAPA - 2019-08-01 00:00:00 - ERROR - STAT - expect_column_values_to_not_be_null - ANNONCE_LINK - correctly filled rate (%) - 100.0

2019-08-16 07:19:49,627 - JOBS - FR - QAPA - 2019-08-01 00:00:00 - ERROR - STAT - expect_column_values_to_be_unique - ANNONCE_LINK - observed proportion - 100.0

2019-08-16 07:19:49,627 - JOBS - FR - QAPA - 2019-08-01 00:00:00 - ERROR - STAT - expect_column_values_to_not_be_null - ANNONCE_TEXT - correctly filled rate (%) - 100.0

2019-08-16 07:19:49,627 - JOBS - FR - QAPA - 2019-08-01 00:00:00 - ERROR - FILE_CHECK - expect_column_value_lengths_to_be_between - ANNONCE_TEXT - Unexpected characters count of: [<p style= margin-bot...] on line  0, value length should be between 0 and 255

2019-08-16 07:19:49,627 - JOBS - FR - QAPA - 2019-08-01 00:00:00 - ERROR - FILE_CHECK - expect_column_value_lengths_to_be_between - ANNONCE_TEXT - Unexpected characters count of: [<p style= margin-bot...] on line  1, value length should be between 0 and 255

2019-08-16 07:19:49,627 - JOBS - FR - QAPA - 2019-08-01 00:00:00 - ERROR - FILE_CHECK - expect_column_value_lengths_to_be_between - ANNONCE_TEXT - Unexpected characters count of: [<p style= margin-bot...] on line  2, value length should be between 0 and 255

2019-08-16 07:19:49,627 - JOBS - FR - QAPA - 2019-08-01 00:00:00 - ERROR - FILE_CHECK - expect_column_value_lengths_to_be_between - ANNONCE_TEXT - Unexpected characters count of: [<p style= margin-bot...] on line  3, value length should be between 0 and 255

2019-08-16 07:19:49,627 - JOBS - FR - QAPA - 2019-08-01 00:00:00 - ERROR - FILE_CHECK - expect_column_value_lengths_to_be_between - ANNONCE_TEXT - Unexpected characters count of: [<p style= margin-bot...] on line  4, value length should be between 0 and 255

2019-08-16 07:19:49,627 - JOBS - FR - QAPA - 2019-08-01 00:00:00 - ERROR - FILE_CHECK - expect_column_value_lengths_to_be_between - ANNONCE_TEXT - Unexpected characters count of: [<p style= margin-bot...] on line  5, value length should be between 0 and 255

2019-08-16 07:19:49,627 - JOBS - FR - QAPA - 2019-08-01 00:00:00 - ERROR - FILE_CHECK - expect_column_value_lengths_to_be_between - ANNONCE_TEXT - Unexpected characters count of: [<p style= margin-bot...] on line  6, value length should be between 0 and 255

2019-08-16 07:19:49,627 - JOBS - FR - QAPA - 2019-08-01 00:00:00 - ERROR - FILE_CHECK - expect_column_value_lengths_to_be_between - ANNONCE_TEXT - Unexpected characters count of: [<p style= margin-bot...] on line  7, value length should be between 0 and 255

2019-08-16 07:19:49,627 - JOBS - FR - QAPA - 2019-08-01 00:00:00 - ERROR - FILE_CHECK - expect_column_value_lengths_to_be_between - ANNONCE_TEXT - Unexpected characters count of: [<p style= margin-bot...] on line  8, value length should be between 0 and 255

2019-08-16 07:19:49,627 - JOBS - FR - QAPA - 2019-08-01 00:00:00 - ERROR - FILE_CHECK - expect_column_value_lengths_to_be_between - ANNONCE_TEXT - Unexpected characters count of: [<p style= margin-bot...] on line  9, value length should be between 0 and 255

2019-08-16 07:19:49,627 - JOBS - FR - QAPA - 2019-08-01 00:00:00 - ERROR - FILE_CHECK - expect_column_value_lengths_to_be_between - ANNONCE_TEXT - Unexpected characters count of: [<p style= margin-bot...] on line  10, value length should be between 0 and 255

2019-08-16 07:19:49,628 - JOBS - FR - QAPA - 2019-08-01 00:00:00 - ERROR - FILE_CHECK - expect_column_value_lengths_to_be_between - ANNONCE_TEXT - Unexpected characters count of: [<p style= margin-bot...] on line  11, value length should be between 0 and 255

2019-08-16 07:19:49,628 - JOBS - FR - QAPA - 2019-08-01 00:00:00 - ERROR - FILE_CHECK - expect_column_value_lengths_to_be_between - ANNONCE_TEXT - Unexpected characters count of: [<p style= margin-bot...] on line  12, value length should be between 0 and 255

2019-08-16 07:19:49,628 - JOBS - FR - QAPA - 2019-08-01 00:00:00 - ERROR - FILE_CHECK - expect_column_value_lengths_to_be_between - ANNONCE_TEXT - Unexpected characters count of: [<p style= margin-bot...] on line  13, value length should be between 0 and 255

2019-08-16 07:19:49,628 - JOBS - FR - QAPA - 2019-08-01 00:00:00 - ERROR - FILE_CHECK - expect_column_value_lengths_to_be_between - ANNONCE_TEXT - Unexpected characters count of: [<p style= margin-bot...] on line  14, value length should be between 0 and 255

2019-08-16 07:19:49,628 - JOBS - FR - QAPA - 2019-08-01 00:00:00 - ERROR - FILE_CHECK - expect_column_value_lengths_to_be_between - ANNONCE_TEXT - Unexpected characters count of: [<p style= margin-bot...] on line  15, value length should be between 0 and 255

2019-08-16 07:19:49,628 - JOBS - FR - QAPA - 2019-08-01 00:00:00 - ERROR - FILE_CHECK - expect_column_value_lengths_to_be_between - ANNONCE_TEXT - Unexpected characters count of: [<p style= margin-bot...] on line  16, value length should be between 0 and 255

2019-08-16 07:19:49,628 - JOBS - FR - QAPA - 2019-08-01 00:00:00 - ERROR - FILE_CHECK - expect_column_value_lengths_to_be_between - ANNONCE_TEXT - Unexpected characters count of: [<p style= margin-bot...] on line  17, value length should be between 0 and 255

2019-08-16 07:19:49,628 - JOBS - FR - QAPA - 2019-08-01 00:00:00 - ERROR - FILE_CHECK - expect_column_value_lengths_to_be_between - ANNONCE_TEXT - Unexpected characters count of: [<p style= margin-bot...] on line  18, value length should be between 0 and 255

2019-08-16 07:19:49,628 - JOBS - FR - QAPA - 2019-08-01 00:00:00 - ERROR - FILE_CHECK - expect_column_value_lengths_to_be_between - ANNONCE_TEXT - Unexpected characters count of: [<p style= margin-bot...] on line  19, value length should be between 0 and 255

2019-08-16 07:19:49,628 - JOBS - FR - QAPA - 2019-08-01 00:00:00 - ERROR - STAT - expect_column_value_lengths_to_be_between - ANNONCE_TEXT - correctly filled rate (%) - 3.15

2019-08-16 07:19:49,628 - JOBS - FR - QAPA - 2019-08-01 00:00:00 - ERROR - STAT - expect_column_values_to_not_be_null - ANNONCEUR - correctly filled rate (%) - 100.0

2019-08-16 07:19:49,628 - JOBS - FR - QAPA - 2019-08-01 00:00:00 - ERROR - STAT - expect_column_values_to_not_be_null - ANNONCEUR_ID - correctly filled rate (%) - 0.0

2019-08-16 07:19:49,628 - JOBS - FR - QAPA - 2019-08-01 00:00:00 - ERROR - STAT - expect_column_values_to_not_be_null - ANNONCEUR_ID_3 - correctly filled rate (%) - 0.0

2019-08-16 07:19:49,628 - JOBS - FR - QAPA - 2019-08-01 00:00:00 - ERROR - STAT - expect_column_values_to_not_be_null - CABINET - correctly filled rate (%) - 0.0

2019-08-16 07:19:49,628 - JOBS - FR - QAPA - 2019-08-01 00:00:00 - ERROR - STAT - expect_column_values_to_not_be_null - CONTRAT - correctly filled rate (%) - 0.0

2019-08-16 07:19:49,628 - JOBS - FR - QAPA - 2019-08-01 00:00:00 - ERROR - STAT - expect_column_values_to_not_be_null - DEPARTEMENT - correctly filled rate (%) - 100.0

2019-08-16 07:19:49,629 - JOBS - FR - QAPA - 2019-08-01 00:00:00 - ERROR - FILE_CHECK - expect_column_values_to_match_regex - DEPARTEMENT - Unexpected value: 8 on line 24, value should match regexp ^[0-9]{2}$

2019-08-16 07:19:49,629 - JOBS - FR - QAPA - 2019-08-01 00:00:00 - ERROR - FILE_CHECK - expect_column_values_to_match_regex - DEPARTEMENT - Unexpected value: 1 on line 93, value should match regexp ^[0-9]{2}$

2019-08-16 07:19:49,629 - JOBS - FR - QAPA - 2019-08-01 00:00:00 - ERROR - FILE_CHECK - expect_column_values_to_match_regex - DEPARTEMENT - Unexpected value: 6 on line 198, value should match regexp ^[0-9]{2}$

2019-08-16 07:19:49,629 - JOBS - FR - QAPA - 2019-08-01 00:00:00 - ERROR - FILE_CHECK - expect_column_values_to_match_regex - DEPARTEMENT - Unexpected value: 1 on line 379, value should match regexp ^[0-9]{2}$

2019-08-16 07:19:49,629 - JOBS - FR - QAPA - 2019-08-01 00:00:00 - ERROR - FILE_CHECK - expect_column_values_to_match_regex - DEPARTEMENT - Unexpected value: 1 on line 381, value should match regexp ^[0-9]{2}$

2019-08-16 07:19:49,629 - JOBS - FR - QAPA - 2019-08-01 00:00:00 - ERROR - FILE_CHECK - expect_column_values_to_match_regex - DEPARTEMENT - Unexpected value: 1 on line 471, value should match regexp ^[0-9]{2}$

2019-08-16 07:19:49,629 - JOBS - FR - QAPA - 2019-08-01 00:00:00 - ERROR - FILE_CHECK - expect_column_values_to_match_regex - DEPARTEMENT - Unexpected value: 8 on line 472, value should match regexp ^[0-9]{2}$

2019-08-16 07:19:49,629 - JOBS - FR - QAPA - 2019-08-01 00:00:00 - ERROR - FILE_CHECK - expect_column_values_to_match_regex - DEPARTEMENT - Unexpected value: 8 on line 492, value should match regexp ^[0-9]{2}$

2019-08-16 07:19:49,629 - JOBS - FR - QAPA - 2019-08-01 00:00:00 - ERROR - FILE_CHECK - expect_column_values_to_match_regex - DEPARTEMENT - Unexpected value: 4 on line 493, value should match regexp ^[0-9]{2}$

2019-08-16 07:19:49,629 - JOBS - FR - QAPA - 2019-08-01 00:00:00 - ERROR - FILE_CHECK - expect_column_values_to_match_regex - DEPARTEMENT - Unexpected value: 6 on line 517, value should match regexp ^[0-9]{2}$

2019-08-16 07:19:49,629 - JOBS - FR - QAPA - 2019-08-01 00:00:00 - ERROR - FILE_CHECK - expect_column_values_to_match_regex - DEPARTEMENT - Unexpected value: 6 on line 518, value should match regexp ^[0-9]{2}$

2019-08-16 07:19:49,629 - JOBS - FR - QAPA - 2019-08-01 00:00:00 - ERROR - FILE_CHECK - expect_column_values_to_match_regex - DEPARTEMENT - Unexpected value: 5 on line 519, value should match regexp ^[0-9]{2}$

2019-08-16 07:19:49,629 - JOBS - FR - QAPA - 2019-08-01 00:00:00 - ERROR - FILE_CHECK - expect_column_values_to_match_regex - DEPARTEMENT - Unexpected value: 1 on line 554, value should match regexp ^[0-9]{2}$

2019-08-16 07:19:49,629 - JOBS - FR - QAPA - 2019-08-01 00:00:00 - ERROR - FILE_CHECK - expect_column_values_to_match_regex - DEPARTEMENT - Unexpected value: 8 on line 587, value should match regexp ^[0-9]{2}$

2019-08-16 07:19:49,629 - JOBS - FR - QAPA - 2019-08-01 00:00:00 - ERROR - FILE_CHECK - expect_column_values_to_match_regex - DEPARTEMENT - Unexpected value: 9 on line 593, value should match regexp ^[0-9]{2}$

2019-08-16 07:19:49,629 - JOBS - FR - QAPA - 2019-08-01 00:00:00 - ERROR - FILE_CHECK - expect_column_values_to_match_regex - DEPARTEMENT - Unexpected value: 1 on line 617, value should match regexp ^[0-9]{2}$

2019-08-16 07:19:49,629 - JOBS - FR - QAPA - 2019-08-01 00:00:00 - ERROR - FILE_CHECK - expect_column_values_to_match_regex - DEPARTEMENT - Unexpected value: 6 on line 643, value should match regexp ^[0-9]{2}$

2019-08-16 07:19:49,629 - JOBS - FR - QAPA - 2019-08-01 00:00:00 - ERROR - FILE_CHECK - expect_column_values_to_match_regex - DEPARTEMENT - Unexpected value: 2 on line 644, value should match regexp ^[0-9]{2}$

2019-08-16 07:19:49,629 - JOBS - FR - QAPA - 2019-08-01 00:00:00 - ERROR - FILE_CHECK - expect_column_values_to_match_regex - DEPARTEMENT - Unexpected value: 6 on line 700, value should match regexp ^[0-9]{2}$

2019-08-16 07:19:49,630 - JOBS - FR - QAPA - 2019-08-01 00:00:00 - ERROR - FILE_CHECK - expect_column_values_to_match_regex - DEPARTEMENT - Unexpected value: 2 on line 710, value should match regexp ^[0-9]{2}$

2019-08-16 07:19:49,630 - JOBS - FR - QAPA - 2019-08-01 00:00:00 - ERROR - STAT - expect_column_values_to_match_regex - DEPARTEMENT - correctly filled rate (%) - 97.26

2019-08-16 07:19:49,630 - JOBS - FR - QAPA - 2019-08-01 00:00:00 - ERROR - STAT - expect_column_values_to_not_be_null - ENTREPRISE - correctly filled rate (%) - 0.0

2019-08-16 07:19:49,630 - JOBS - FR - QAPA - 2019-08-01 00:00:00 - ERROR - STAT - expect_column_values_to_not_be_null - ID_CLIENT - correctly filled rate (%) - 100.0

2019-08-16 07:19:49,630 - JOBS - FR - QAPA - 2019-08-01 00:00:00 - ERROR - STAT - expect_column_values_to_be_unique - ID_CLIENT - observed proportion - 100.0

2019-08-16 07:19:49,630 - JOBS - FR - QAPA - 2019-08-01 00:00:00 - ERROR - STAT - expect_returning_row_count - EVERY_COLUMNS - total number of rows - 730

2019-08-16 07:19:49,630 - JOBS - FR - QAPA - 2019-08-01 00:00:00 - ERROR - STAT - expect_column_values_to_not_be_null - LIEU - correctly filled rate (%) - 100.0

2019-08-16 07:19:49,630 - JOBS - FR - QAPA - 2019-08-01 00:00:00 - ERROR - STAT - expect_column_values_to_not_be_null - METIER - correctly filled rate (%) - 100.0

2019-08-16 07:19:49,630 - JOBS - FR - QAPA - 2019-08-01 00:00:00 - ERROR - STAT - expect_column_values_to_not_be_null - ON_SITE - correctly filled rate (%) - 0.0

2019-08-16 07:19:49,630 - JOBS - FR - QAPA - 2019-08-01 00:00:00 - ERROR - STAT - expect_column_values_to_not_be_null - OTHER_SITE - correctly filled rate (%) - 0.0

2019-08-16 07:19:49,630 - JOBS - FR - QAPA - 2019-08-01 00:00:00 - ERROR - STAT - expect_column_values_to_not_be_null - REGION - correctly filled rate (%) - 0.0

2019-08-16 07:19:49,630 - JOBS - FR - QAPA - 2019-08-01 00:00:00 - ERROR - STAT - expect_returning_row_unique_count - REGION - total number of unique rows - 0

2019-08-16 07:19:49,630 - JOBS - FR - QAPA - 2019-08-01 00:00:00 - ERROR - STAT - expect_column_values_to_not_be_null - TYPE_EMPLOI - correctly filled rate (%) - 100.0

2019-08-16 07:19:49,630 - JOBS - FR - QAPA - 2019-08-01 00:00:00 - ERROR - STAT - expect_column_values_to_not_be_null - SALAIRE - correctly filled rate (%) - 0.0

2019-08-16 07:19:49,630 - JOBS - FR - QAPA - 2019-08-01 00:00:00 - ERROR - STAT - expect_column_values_to_not_be_null - SECTEUR - correctly filled rate (%) - 0.0

