2019-07-04 09:54:30,838 - VO - DE - MOBILEDE - 2019-06-01 00:00:00 - ERROR - STAT - expect_column_values_to_not_be_null - ADRESSE - correctly filled rate (%) - 80.1
2019-07-04 09:54:30,838 - VO - DE - MOBILEDE - 2019-06-01 00:00:00 - ERROR - STAT - expect_column_values_to_be_in_type_list - ANNEE - correctly filled rate (%) - 100.0
2019-07-04 09:54:30,838 - VO - DE - MOBILEDE - 2019-06-01 00:00:00 - ERROR - FILE_CHECK - expect_column_values_to_be_between - ANNEE - Unexpected value: 0 on line 0, value should be between 1980 and 2019
2019-07-04 09:54:30,838 - VO - DE - MOBILEDE - 2019-06-01 00:00:00 - ERROR - FILE_CHECK - expect_column_values_to_be_between - ANNEE - Unexpected value: 0 on line 2, value should be between 1980 and 2019
2019-07-04 09:54:30,838 - VO - DE - MOBILEDE - 2019-06-01 00:00:00 - ERROR - FILE_CHECK - expect_column_values_to_be_between - ANNEE - Unexpected value: 0 on line 3, value should be between 1980 and 2019
2019-07-04 09:54:30,839 - VO - DE - MOBILEDE - 2019-06-01 00:00:00 - ERROR - FILE_CHECK - expect_column_values_to_be_between - ANNEE - Unexpected value: 0 on line 4, value should be between 1980 and 2019
2019-07-04 09:54:30,839 - VO - DE - MOBILEDE - 2019-06-01 00:00:00 - ERROR - FILE_CHECK - expect_column_values_to_be_between - ANNEE - Unexpected value: 0 on line 8, value should be between 1980 and 2019
2019-07-04 09:54:30,839 - VO - DE - MOBILEDE - 2019-06-01 00:00:00 - ERROR - FILE_CHECK - expect_column_values_to_be_between - ANNEE - Unexpected value: 0 on line 11, value should be between 1980 and 2019
2019-07-04 09:54:30,839 - VO - DE - MOBILEDE - 2019-06-01 00:00:00 - ERROR - FILE_CHECK - expect_column_values_to_be_between - ANNEE - Unexpected value: 0 on line 20, value should be between 1980 and 2019
2019-07-04 09:54:30,839 - VO - DE - MOBILEDE - 2019-06-01 00:00:00 - ERROR - FILE_CHECK - expect_column_values_to_be_between - ANNEE - Unexpected value: 0 on line 22, value should be between 1980 and 2019
2019-07-04 09:54:30,839 - VO - DE - MOBILEDE - 2019-06-01 00:00:00 - ERROR - FILE_CHECK - expect_column_values_to_be_between - ANNEE - Unexpected value: 0 on line 23, value should be between 1980 and 2019
2019-07-04 09:54:30,839 - VO - DE - MOBILEDE - 2019-06-01 00:00:00 - ERROR - FILE_CHECK - expect_column_values_to_be_between - ANNEE - Unexpected value: 0 on line 24, value should be between 1980 and 2019
2019-07-04 09:54:30,839 - VO - DE - MOBILEDE - 2019-06-01 00:00:00 - ERROR - FILE_CHECK - expect_column_values_to_be_between - ANNEE - Unexpected value: 0 on line 25, value should be between 1980 and 2019
2019-07-04 09:54:30,839 - VO - DE - MOBILEDE - 2019-06-01 00:00:00 - ERROR - FILE_CHECK - expect_column_values_to_be_between - ANNEE - Unexpected value: 0 on line 27, value should be between 1980 and 2019
2019-07-04 09:54:30,839 - VO - DE - MOBILEDE - 2019-06-01 00:00:00 - ERROR - FILE_CHECK - expect_column_values_to_be_between - ANNEE - Unexpected value: 0 on line 29, value should be between 1980 and 2019
2019-07-04 09:54:30,839 - VO - DE - MOBILEDE - 2019-06-01 00:00:00 - ERROR - FILE_CHECK - expect_column_values_to_be_between - ANNEE - Unexpected value: 0 on line 35, value should be between 1980 and 2019
2019-07-04 09:54:30,839 - VO - DE - MOBILEDE - 2019-06-01 00:00:00 - ERROR - FILE_CHECK - expect_column_values_to_be_between - ANNEE - Unexpected value: 0 on line 37, value should be between 1980 and 2019
2019-07-04 09:54:30,839 - VO - DE - MOBILEDE - 2019-06-01 00:00:00 - ERROR - FILE_CHECK - expect_column_values_to_be_between - ANNEE - Unexpected value: 0 on line 38, value should be between 1980 and 2019
2019-07-04 09:54:30,839 - VO - DE - MOBILEDE - 2019-06-01 00:00:00 - ERROR - FILE_CHECK - expect_column_values_to_be_between - ANNEE - Unexpected value: 0 on line 43, value should be between 1980 and 2019
2019-07-04 09:54:30,839 - VO - DE - MOBILEDE - 2019-06-01 00:00:00 - ERROR - FILE_CHECK - expect_column_values_to_be_between - ANNEE - Unexpected value: 0 on line 46, value should be between 1980 and 2019
2019-07-04 09:54:30,839 - VO - DE - MOBILEDE - 2019-06-01 00:00:00 - ERROR - FILE_CHECK - expect_column_values_to_be_between - ANNEE - Unexpected value: 0 on line 49, value should be between 1980 and 2019
2019-07-04 09:54:30,839 - VO - DE - MOBILEDE - 2019-06-01 00:00:00 - ERROR - FILE_CHECK - expect_column_values_to_be_between - ANNEE - Unexpected value: 0 on line 50, value should be between 1980 and 2019
2019-07-04 09:54:30,839 - VO - DE - MOBILEDE - 2019-06-01 00:00:00 - ERROR - STAT - expect_column_values_to_be_between - ANNEE - correctly filled rate (%) - 88.03
2019-07-04 09:54:30,840 - VO - DE - MOBILEDE - 2019-06-01 00:00:00 - ERROR - STAT - expect_column_values_to_not_be_null - ANNEE - correctly filled rate (%) - 100.0
2019-07-04 09:54:30,840 - VO - DE - MOBILEDE - 2019-06-01 00:00:00 - ERROR - FILE_CHECK - expect_column_values_to_match_regex - ANNEE - Unexpected value: 0 on line 0, value should match regexp ^[0-9]{4}$
2019-07-04 09:54:30,840 - VO - DE - MOBILEDE - 2019-06-01 00:00:00 - ERROR - FILE_CHECK - expect_column_values_to_match_regex - ANNEE - Unexpected value: 0 on line 2, value should match regexp ^[0-9]{4}$
2019-07-04 09:54:30,840 - VO - DE - MOBILEDE - 2019-06-01 00:00:00 - ERROR - FILE_CHECK - expect_column_values_to_match_regex - ANNEE - Unexpected value: 0 on line 3, value should match regexp ^[0-9]{4}$
2019-07-04 09:54:30,840 - VO - DE - MOBILEDE - 2019-06-01 00:00:00 - ERROR - FILE_CHECK - expect_column_values_to_match_regex - ANNEE - Unexpected value: 0 on line 4, value should match regexp ^[0-9]{4}$
2019-07-04 09:54:30,840 - VO - DE - MOBILEDE - 2019-06-01 00:00:00 - ERROR - FILE_CHECK - expect_column_values_to_match_regex - ANNEE - Unexpected value: 0 on line 8, value should match regexp ^[0-9]{4}$
2019-07-04 09:54:30,840 - VO - DE - MOBILEDE - 2019-06-01 00:00:00 - ERROR - FILE_CHECK - expect_column_values_to_match_regex - ANNEE - Unexpected value: 0 on line 11, value should match regexp ^[0-9]{4}$
2019-07-04 09:54:30,840 - VO - DE - MOBILEDE - 2019-06-01 00:00:00 - ERROR - FILE_CHECK - expect_column_values_to_match_regex - ANNEE - Unexpected value: 0 on line 20, value should match regexp ^[0-9]{4}$
2019-07-04 09:54:30,840 - VO - DE - MOBILEDE - 2019-06-01 00:00:00 - ERROR - FILE_CHECK - expect_column_values_to_match_regex - ANNEE - Unexpected value: 0 on line 22, value should match regexp ^[0-9]{4}$
2019-07-04 09:54:30,840 - VO - DE - MOBILEDE - 2019-06-01 00:00:00 - ERROR - FILE_CHECK - expect_column_values_to_match_regex - ANNEE - Unexpected value: 0 on line 23, value should match regexp ^[0-9]{4}$
2019-07-04 09:54:30,840 - VO - DE - MOBILEDE - 2019-06-01 00:00:00 - ERROR - FILE_CHECK - expect_column_values_to_match_regex - ANNEE - Unexpected value: 0 on line 24, value should match regexp ^[0-9]{4}$
2019-07-04 09:54:30,840 - VO - DE - MOBILEDE - 2019-06-01 00:00:00 - ERROR - FILE_CHECK - expect_column_values_to_match_regex - ANNEE - Unexpected value: 0 on line 25, value should match regexp ^[0-9]{4}$
2019-07-04 09:54:30,840 - VO - DE - MOBILEDE - 2019-06-01 00:00:00 - ERROR - FILE_CHECK - expect_column_values_to_match_regex - ANNEE - Unexpected value: 0 on line 27, value should match regexp ^[0-9]{4}$
2019-07-04 09:54:30,840 - VO - DE - MOBILEDE - 2019-06-01 00:00:00 - ERROR - FILE_CHECK - expect_column_values_to_match_regex - ANNEE - Unexpected value: 0 on line 29, value should match regexp ^[0-9]{4}$
2019-07-04 09:54:30,840 - VO - DE - MOBILEDE - 2019-06-01 00:00:00 - ERROR - FILE_CHECK - expect_column_values_to_match_regex - ANNEE - Unexpected value: 0 on line 35, value should match regexp ^[0-9]{4}$
2019-07-04 09:54:30,840 - VO - DE - MOBILEDE - 2019-06-01 00:00:00 - ERROR - FILE_CHECK - expect_column_values_to_match_regex - ANNEE - Unexpected value: 0 on line 37, value should match regexp ^[0-9]{4}$
2019-07-04 09:54:30,840 - VO - DE - MOBILEDE - 2019-06-01 00:00:00 - ERROR - FILE_CHECK - expect_column_values_to_match_regex - ANNEE - Unexpected value: 0 on line 38, value should match regexp ^[0-9]{4}$
2019-07-04 09:54:30,840 - VO - DE - MOBILEDE - 2019-06-01 00:00:00 - ERROR - FILE_CHECK - expect_column_values_to_match_regex - ANNEE - Unexpected value: 0 on line 43, value should match regexp ^[0-9]{4}$
2019-07-04 09:54:30,841 - VO - DE - MOBILEDE - 2019-06-01 00:00:00 - ERROR - FILE_CHECK - expect_column_values_to_match_regex - ANNEE - Unexpected value: 0 on line 46, value should match regexp ^[0-9]{4}$
2019-07-04 09:54:30,841 - VO - DE - MOBILEDE - 2019-06-01 00:00:00 - ERROR - FILE_CHECK - expect_column_values_to_match_regex - ANNEE - Unexpected value: 0 on line 49, value should match regexp ^[0-9]{4}$
2019-07-04 09:54:30,841 - VO - DE - MOBILEDE - 2019-06-01 00:00:00 - ERROR - FILE_CHECK - expect_column_values_to_match_regex - ANNEE - Unexpected value: 0 on line 50, value should match regexp ^[0-9]{4}$
2019-07-04 09:54:30,841 - VO - DE - MOBILEDE - 2019-06-01 00:00:00 - ERROR - STAT - expect_column_values_to_match_regex - ANNEE - correctly filled rate (%) - 88.97
2019-07-04 09:54:30,841 - VO - DE - MOBILEDE - 2019-06-01 00:00:00 - ERROR - STAT - expect_column_values_to_not_be_null - ANNONCE_LINK - correctly filled rate (%) - 100.0
2019-07-04 09:54:30,841 - VO - DE - MOBILEDE - 2019-06-01 00:00:00 - ERROR - STAT - expect_column_values_to_be_unique - ANNONCE_LINK - observed proportion - 100.0
2019-07-04 09:54:30,841 - VO - DE - MOBILEDE - 2019-06-01 00:00:00 - ERROR - STAT - expect_column_values_to_not_be_null - CARBURANT - correctly filled rate (%) - 83.58
2019-07-04 09:54:30,841 - VO - DE - MOBILEDE - 2019-06-01 00:00:00 - ERROR - STAT - expect_column_values_to_not_be_null - CARROSSERIE - correctly filled rate (%) - 80.1
2019-07-04 09:54:30,841 - VO - DE - MOBILEDE - 2019-06-01 00:00:00 - ERROR - STAT - expect_column_values_to_not_be_null - CP - correctly filled rate (%) - 99.84
2019-07-04 09:54:30,841 - VO - DE - MOBILEDE - 2019-06-01 00:00:00 - ERROR - STAT - expect_column_values_to_match_regex - CP - correctly filled rate (%) - 100.0
2019-07-04 09:54:30,841 - VO - DE - MOBILEDE - 2019-06-01 00:00:00 - ERROR - STAT - expect_column_values_to_not_be_null - GARAGE_ID - correctly filled rate (%) - 80.1
2019-07-04 09:54:30,841 - VO - DE - MOBILEDE - 2019-06-01 00:00:00 - ERROR - STAT - expect_column_values_to_not_be_null - ID_CLIENT - correctly filled rate (%) - 100.0
2019-07-04 09:54:30,841 - VO - DE - MOBILEDE - 2019-06-01 00:00:00 - ERROR - STAT - expect_column_values_to_be_unique - ID_CLIENT - observed proportion - 100.0
2019-07-04 09:54:30,841 - VO - DE - MOBILEDE - 2019-06-01 00:00:00 - ERROR - STAT - expect_returning_row_count - EVERY_COLUMNS - total number of rows - 1446211
2019-07-04 09:54:30,841 - VO - DE - MOBILEDE - 2019-06-01 00:00:00 - ERROR - STAT - expect_column_values_to_not_be_null - IMMAT - correctly filled rate (%) - 0.0
2019-07-04 09:54:30,841 - VO - DE - MOBILEDE - 2019-06-01 00:00:00 - ERROR - STAT - expect_column_values_to_be_in_type_list - KM - correctly filled rate (%) - 100.0
2019-07-04 09:54:30,841 - VO - DE - MOBILEDE - 2019-06-01 00:00:00 - ERROR - STAT - expect_column_values_to_not_be_null - KM - correctly filled rate (%) - 100.0
2019-07-04 09:54:30,842 - VO - DE - MOBILEDE - 2019-06-01 00:00:00 - ERROR - STAT - expect_column_values_to_be_in_type_list - LITRE - correctly filled rate (%) - 100.0
2019-07-04 09:54:30,842 - VO - DE - MOBILEDE - 2019-06-01 00:00:00 - ERROR - STAT - expect_column_values_to_not_be_null - LITRE - correctly filled rate (%) - 100.0
2019-07-04 09:54:30,842 - VO - DE - MOBILEDE - 2019-06-01 00:00:00 - ERROR - STAT - expect_column_values_to_not_be_null - MARQUE - correctly filled rate (%) - 100.0
2019-07-04 09:54:30,842 - VO - DE - MOBILEDE - 2019-06-01 00:00:00 - ERROR - STAT - expect_column_values_to_not_be_null - MODELE - correctly filled rate (%) - 98.4
2019-07-04 09:54:30,842 - VO - DE - MOBILEDE - 2019-06-01 00:00:00 - ERROR - STAT - expect_column_values_to_not_be_null - MOIS - correctly filled rate (%) - 100.0
2019-07-04 09:54:30,842 - VO - DE - MOBILEDE - 2019-06-01 00:00:00 - ERROR - FILE_CHECK - expect_column_values_to_be_between - MOIS - Unexpected value: 0 on line 0, value should be between 1 and 12
2019-07-04 09:54:30,842 - VO - DE - MOBILEDE - 2019-06-01 00:00:00 - ERROR - FILE_CHECK - expect_column_values_to_be_between - MOIS - Unexpected value: 0 on line 2, value should be between 1 and 12
2019-07-04 09:54:30,842 - VO - DE - MOBILEDE - 2019-06-01 00:00:00 - ERROR - FILE_CHECK - expect_column_values_to_be_between - MOIS - Unexpected value: 0 on line 3, value should be between 1 and 12
2019-07-04 09:54:30,842 - VO - DE - MOBILEDE - 2019-06-01 00:00:00 - ERROR - FILE_CHECK - expect_column_values_to_be_between - MOIS - Unexpected value: 0 on line 4, value should be between 1 and 12
2019-07-04 09:54:30,842 - VO - DE - MOBILEDE - 2019-06-01 00:00:00 - ERROR - FILE_CHECK - expect_column_values_to_be_between - MOIS - Unexpected value: 0 on line 8, value should be between 1 and 12
2019-07-04 09:54:30,842 - VO - DE - MOBILEDE - 2019-06-01 00:00:00 - ERROR - FILE_CHECK - expect_column_values_to_be_between - MOIS - Unexpected value: 0 on line 11, value should be between 1 and 12
2019-07-04 09:54:30,842 - VO - DE - MOBILEDE - 2019-06-01 00:00:00 - ERROR - FILE_CHECK - expect_column_values_to_be_between - MOIS - Unexpected value: 0 on line 20, value should be between 1 and 12
2019-07-04 09:54:30,842 - VO - DE - MOBILEDE - 2019-06-01 00:00:00 - ERROR - FILE_CHECK - expect_column_values_to_be_between - MOIS - Unexpected value: 0 on line 22, value should be between 1 and 12
2019-07-04 09:54:30,842 - VO - DE - MOBILEDE - 2019-06-01 00:00:00 - ERROR - FILE_CHECK - expect_column_values_to_be_between - MOIS - Unexpected value: 0 on line 23, value should be between 1 and 12
2019-07-04 09:54:30,842 - VO - DE - MOBILEDE - 2019-06-01 00:00:00 - ERROR - FILE_CHECK - expect_column_values_to_be_between - MOIS - Unexpected value: 0 on line 24, value should be between 1 and 12
2019-07-04 09:54:30,842 - VO - DE - MOBILEDE - 2019-06-01 00:00:00 - ERROR - FILE_CHECK - expect_column_values_to_be_between - MOIS - Unexpected value: 0 on line 25, value should be between 1 and 12
2019-07-04 09:54:30,842 - VO - DE - MOBILEDE - 2019-06-01 00:00:00 - ERROR - FILE_CHECK - expect_column_values_to_be_between - MOIS - Unexpected value: 0 on line 27, value should be between 1 and 12
2019-07-04 09:54:30,842 - VO - DE - MOBILEDE - 2019-06-01 00:00:00 - ERROR - FILE_CHECK - expect_column_values_to_be_between - MOIS - Unexpected value: 0 on line 29, value should be between 1 and 12
2019-07-04 09:54:30,842 - VO - DE - MOBILEDE - 2019-06-01 00:00:00 - ERROR - FILE_CHECK - expect_column_values_to_be_between - MOIS - Unexpected value: 0 on line 35, value should be between 1 and 12
2019-07-04 09:54:30,843 - VO - DE - MOBILEDE - 2019-06-01 00:00:00 - ERROR - FILE_CHECK - expect_column_values_to_be_between - MOIS - Unexpected value: 0 on line 37, value should be between 1 and 12
2019-07-04 09:54:30,843 - VO - DE - MOBILEDE - 2019-06-01 00:00:00 - ERROR - FILE_CHECK - expect_column_values_to_be_between - MOIS - Unexpected value: 0 on line 38, value should be between 1 and 12
2019-07-04 09:54:30,843 - VO - DE - MOBILEDE - 2019-06-01 00:00:00 - ERROR - FILE_CHECK - expect_column_values_to_be_between - MOIS - Unexpected value: 0 on line 43, value should be between 1 and 12
2019-07-04 09:54:30,843 - VO - DE - MOBILEDE - 2019-06-01 00:00:00 - ERROR - FILE_CHECK - expect_column_values_to_be_between - MOIS - Unexpected value: 0 on line 46, value should be between 1 and 12
2019-07-04 09:54:30,843 - VO - DE - MOBILEDE - 2019-06-01 00:00:00 - ERROR - FILE_CHECK - expect_column_values_to_be_between - MOIS - Unexpected value: 0 on line 49, value should be between 1 and 12
2019-07-04 09:54:30,843 - VO - DE - MOBILEDE - 2019-06-01 00:00:00 - ERROR - FILE_CHECK - expect_column_values_to_be_between - MOIS - Unexpected value: 0 on line 50, value should be between 1 and 12
2019-07-04 09:54:30,843 - VO - DE - MOBILEDE - 2019-06-01 00:00:00 - ERROR - STAT - expect_column_values_to_be_between - MOIS - correctly filled rate (%) - 85.84
2019-07-04 09:54:30,843 - VO - DE - MOBILEDE - 2019-06-01 00:00:00 - ERROR - STAT - expect_column_values_to_match_regex - MOIS - correctly filled rate (%) - 100.0
2019-07-04 09:54:30,843 - VO - DE - MOBILEDE - 2019-06-01 00:00:00 - ERROR - STAT - expect_column_values_to_not_be_null - NOM - correctly filled rate (%) - 100.0
2019-07-04 09:54:30,843 - VO - DE - MOBILEDE - 2019-06-01 00:00:00 - ERROR - FILE_CHECK - expect_column_value_lengths_to_be_between - NOM - Unexpected characters count of: [Opel GT...] on line  780, value length should be between 10 and 255
2019-07-04 09:54:30,843 - VO - DE - MOBILEDE - 2019-06-01 00:00:00 - ERROR - FILE_CHECK - expect_column_value_lengths_to_be_between - NOM - Unexpected characters count of: [Ford GT...] on line  1443, value length should be between 10 and 255
2019-07-04 09:54:30,843 - VO - DE - MOBILEDE - 2019-06-01 00:00:00 - ERROR - FILE_CHECK - expect_column_value_lengths_to_be_between - NOM - Unexpected characters count of: [Opel GT...] on line  1652, value length should be between 10 and 255
2019-07-04 09:54:30,843 - VO - DE - MOBILEDE - 2019-06-01 00:00:00 - ERROR - FILE_CHECK - expect_column_value_lengths_to_be_between - NOM - Unexpected characters count of: [Opel GT...] on line  4428, value length should be between 10 and 255
2019-07-04 09:54:30,843 - VO - DE - MOBILEDE - 2019-06-01 00:00:00 - ERROR - FILE_CHECK - expect_column_value_lengths_to_be_between - NOM - Unexpected characters count of: [Opel GT...] on line  10699, value length should be between 10 and 255
2019-07-04 09:54:30,843 - VO - DE - MOBILEDE - 2019-06-01 00:00:00 - ERROR - FILE_CHECK - expect_column_value_lengths_to_be_between - NOM - Unexpected characters count of: [Opel GT...] on line  20201, value length should be between 10 and 255
2019-07-04 09:54:30,843 - VO - DE - MOBILEDE - 2019-06-01 00:00:00 - ERROR - FILE_CHECK - expect_column_value_lengths_to_be_between - NOM - Unexpected characters count of: [Opel GT...] on line  20680, value length should be between 10 and 255
2019-07-04 09:54:30,843 - VO - DE - MOBILEDE - 2019-06-01 00:00:00 - ERROR - FILE_CHECK - expect_column_value_lengths_to_be_between - NOM - Unexpected characters count of: [Opel GT...] on line  21133, value length should be between 10 and 255
2019-07-04 09:54:30,843 - VO - DE - MOBILEDE - 2019-06-01 00:00:00 - ERROR - FILE_CHECK - expect_column_value_lengths_to_be_between - NOM - Unexpected characters count of: [Opel GT...] on line  21719, value length should be between 10 and 255
2019-07-04 09:54:30,844 - VO - DE - MOBILEDE - 2019-06-01 00:00:00 - ERROR - FILE_CHECK - expect_column_value_lengths_to_be_between - NOM - Unexpected characters count of: [BMW 318i...] on line  22771, value length should be between 10 and 255
2019-07-04 09:54:30,844 - VO - DE - MOBILEDE - 2019-06-01 00:00:00 - ERROR - FILE_CHECK - expect_column_value_lengths_to_be_between - NOM - Unexpected characters count of: [BMW 520i...] on line  22852, value length should be between 10 and 255
2019-07-04 09:54:30,844 - VO - DE - MOBILEDE - 2019-06-01 00:00:00 - ERROR - FILE_CHECK - expect_column_value_lengths_to_be_between - NOM - Unexpected characters count of: [BMW 318i...] on line  22868, value length should be between 10 and 255
2019-07-04 09:54:30,844 - VO - DE - MOBILEDE - 2019-06-01 00:00:00 - ERROR - FILE_CHECK - expect_column_value_lengths_to_be_between - NOM - Unexpected characters count of: [BMW 523i...] on line  22873, value length should be between 10 and 255
2019-07-04 09:54:30,844 - VO - DE - MOBILEDE - 2019-06-01 00:00:00 - ERROR - FILE_CHECK - expect_column_value_lengths_to_be_between - NOM - Unexpected characters count of: [BMW 525i...] on line  22896, value length should be between 10 and 255
2019-07-04 09:54:30,844 - VO - DE - MOBILEDE - 2019-06-01 00:00:00 - ERROR - FILE_CHECK - expect_column_value_lengths_to_be_between - NOM - Unexpected characters count of: [BMW 728i...] on line  22925, value length should be between 10 and 255
2019-07-04 09:54:30,844 - VO - DE - MOBILEDE - 2019-06-01 00:00:00 - ERROR - FILE_CHECK - expect_column_value_lengths_to_be_between - NOM - Unexpected characters count of: [BMW 116i...] on line  22934, value length should be between 10 and 255
2019-07-04 09:54:30,844 - VO - DE - MOBILEDE - 2019-06-01 00:00:00 - ERROR - FILE_CHECK - expect_column_value_lengths_to_be_between - NOM - Unexpected characters count of: [BMW 523i...] on line  22935, value length should be between 10 and 255
2019-07-04 09:54:30,844 - VO - DE - MOBILEDE - 2019-06-01 00:00:00 - ERROR - FILE_CHECK - expect_column_value_lengths_to_be_between - NOM - Unexpected characters count of: [BMW 525d...] on line  22937, value length should be between 10 and 255
2019-07-04 09:54:30,844 - VO - DE - MOBILEDE - 2019-06-01 00:00:00 - ERROR - FILE_CHECK - expect_column_value_lengths_to_be_between - NOM - Unexpected characters count of: [BMW 316i...] on line  22944, value length should be between 10 and 255
2019-07-04 09:54:30,844 - VO - DE - MOBILEDE - 2019-06-01 00:00:00 - ERROR - FILE_CHECK - expect_column_value_lengths_to_be_between - NOM - Unexpected characters count of: [BMW 528i...] on line  22945, value length should be between 10 and 255
2019-07-04 09:54:30,844 - VO - DE - MOBILEDE - 2019-06-01 00:00:00 - ERROR - STAT - expect_column_value_lengths_to_be_between - NOM - correctly filled rate (%) - 99.61
2019-07-04 09:54:30,844 - VO - DE - MOBILEDE - 2019-06-01 00:00:00 - ERROR - STAT - expect_column_values_to_not_be_null - OPTIONS - correctly filled rate (%) - 79.87
2019-07-04 09:54:30,844 - VO - DE - MOBILEDE - 2019-06-01 00:00:00 - ERROR - FILE_CHECK - expect_column_value_lengths_to_be_between - OPTIONS - Unexpected characters count of: [ROOF_RAILS ARM_REST ...] on line  0, value length should be between 0 and 255
2019-07-04 09:54:30,844 - VO - DE - MOBILEDE - 2019-06-01 00:00:00 - ERROR - FILE_CHECK - expect_column_value_lengths_to_be_between - OPTIONS - Unexpected characters count of: [ROOF_RAILS CD_PLAYER...] on line  1, value length should be between 0 and 255
2019-07-04 09:54:30,844 - VO - DE - MOBILEDE - 2019-06-01 00:00:00 - ERROR - FILE_CHECK - expect_column_value_lengths_to_be_between - OPTIONS - Unexpected characters count of: [RANGE_EXTENDER CD_PL...] on line  2, value length should be between 0 and 255
2019-07-04 09:54:30,844 - VO - DE - MOBILEDE - 2019-06-01 00:00:00 - ERROR - FILE_CHECK - expect_column_value_lengths_to_be_between - OPTIONS - Unexpected characters count of: [ARM_REST SPEED_LIMIT...] on line  3, value length should be between 0 and 255
2019-07-04 09:54:30,844 - VO - DE - MOBILEDE - 2019-06-01 00:00:00 - ERROR - FILE_CHECK - expect_column_value_lengths_to_be_between - OPTIONS - Unexpected characters count of: [CENTRAL_LOCKING HILL...] on line  4, value length should be between 0 and 255
2019-07-04 09:54:30,845 - VO - DE - MOBILEDE - 2019-06-01 00:00:00 - ERROR - FILE_CHECK - expect_column_value_lengths_to_be_between - OPTIONS - Unexpected characters count of: [ROOF_RAILS CD_PLAYER...] on line  5, value length should be between 0 and 255
2019-07-04 09:54:30,845 - VO - DE - MOBILEDE - 2019-06-01 00:00:00 - ERROR - FILE_CHECK - expect_column_value_lengths_to_be_between - OPTIONS - Unexpected characters count of: [ROOF_RAILS CD_PLAYER...] on line  6, value length should be between 0 and 255
2019-07-04 09:54:30,845 - VO - DE - MOBILEDE - 2019-06-01 00:00:00 - ERROR - FILE_CHECK - expect_column_value_lengths_to_be_between - OPTIONS - Unexpected characters count of: [ROOF_RAILS CD_PLAYER...] on line  7, value length should be between 0 and 255
2019-07-04 09:54:30,845 - VO - DE - MOBILEDE - 2019-06-01 00:00:00 - ERROR - FILE_CHECK - expect_column_value_lengths_to_be_between - OPTIONS - Unexpected characters count of: [ROOF_RAILS ARM_REST ...] on line  8, value length should be between 0 and 255
2019-07-04 09:54:30,845 - VO - DE - MOBILEDE - 2019-06-01 00:00:00 - ERROR - FILE_CHECK - expect_column_value_lengths_to_be_between - OPTIONS - Unexpected characters count of: [ROOF_RAILS CD_PLAYER...] on line  9, value length should be between 0 and 255
2019-07-04 09:54:30,845 - VO - DE - MOBILEDE - 2019-06-01 00:00:00 - ERROR - FILE_CHECK - expect_column_value_lengths_to_be_between - OPTIONS - Unexpected characters count of: [ROOF_RAILS ARM_REST ...] on line  10, value length should be between 0 and 255
2019-07-04 09:54:30,845 - VO - DE - MOBILEDE - 2019-06-01 00:00:00 - ERROR - FILE_CHECK - expect_column_value_lengths_to_be_between - OPTIONS - Unexpected characters count of: [ROOF_RAILS ARM_REST ...] on line  11, value length should be between 0 and 255
2019-07-04 09:54:30,845 - VO - DE - MOBILEDE - 2019-06-01 00:00:00 - ERROR - FILE_CHECK - expect_column_value_lengths_to_be_between - OPTIONS - Unexpected characters count of: [CD_PLAYER METALLIC F...] on line  12, value length should be between 0 and 255
2019-07-04 09:54:30,845 - VO - DE - MOBILEDE - 2019-06-01 00:00:00 - ERROR - FILE_CHECK - expect_column_value_lengths_to_be_between - OPTIONS - Unexpected characters count of: [ROOF_RAILS TIRE_PRES...] on line  13, value length should be between 0 and 255
2019-07-04 09:54:30,845 - VO - DE - MOBILEDE - 2019-06-01 00:00:00 - ERROR - FILE_CHECK - expect_column_value_lengths_to_be_between - OPTIONS - Unexpected characters count of: [CENTRAL_LOCKING IMMO...] on line  14, value length should be between 0 and 255
2019-07-04 09:54:30,845 - VO - DE - MOBILEDE - 2019-06-01 00:00:00 - ERROR - FILE_CHECK - expect_column_value_lengths_to_be_between - OPTIONS - Unexpected characters count of: [ROOF_RAILS CD_PLAYER...] on line  16, value length should be between 0 and 255
2019-07-04 09:54:30,845 - VO - DE - MOBILEDE - 2019-06-01 00:00:00 - ERROR - FILE_CHECK - expect_column_value_lengths_to_be_between - OPTIONS - Unexpected characters count of: [ROOF_RAILS ARM_REST ...] on line  17, value length should be between 0 and 255
2019-07-04 09:54:30,845 - VO - DE - MOBILEDE - 2019-06-01 00:00:00 - ERROR - FILE_CHECK - expect_column_value_lengths_to_be_between - OPTIONS - Unexpected characters count of: [ROOF_RAILS PANORAMIC...] on line  18, value length should be between 0 and 255
2019-07-04 09:54:30,845 - VO - DE - MOBILEDE - 2019-06-01 00:00:00 - ERROR - FILE_CHECK - expect_column_value_lengths_to_be_between - OPTIONS - Unexpected characters count of: [ROOF_RAILS CD_PLAYER...] on line  19, value length should be between 0 and 255
2019-07-04 09:54:30,845 - VO - DE - MOBILEDE - 2019-06-01 00:00:00 - ERROR - FILE_CHECK - expect_column_value_lengths_to_be_between - OPTIONS - Unexpected characters count of: [ROOF_RAILS ARM_REST ...] on line  20, value length should be between 0 and 255
2019-07-04 09:54:30,845 - VO - DE - MOBILEDE - 2019-06-01 00:00:00 - ERROR - STAT - expect_column_value_lengths_to_be_between - OPTIONS - correctly filled rate (%) - 12.57
2019-07-04 09:54:30,845 - VO - DE - MOBILEDE - 2019-06-01 00:00:00 - ERROR - STAT - expect_column_values_to_be_in_type_list - PHOTO - correctly filled rate (%) - 100.0
2019-07-04 09:54:30,845 - VO - DE - MOBILEDE - 2019-06-01 00:00:00 - ERROR - STAT - expect_column_values_to_not_be_null - PHOTO - correctly filled rate (%) - 100.0
2019-07-04 09:54:30,845 - VO - DE - MOBILEDE - 2019-06-01 00:00:00 - ERROR - FILE_CHECK - expect_column_values_to_be_in_type_list - PLACE - Wrong type for value: 5.0 on line 1 should be in ['int']
2019-07-04 09:54:30,846 - VO - DE - MOBILEDE - 2019-06-01 00:00:00 - ERROR - FILE_CHECK - expect_column_values_to_be_in_type_list - PLACE - Wrong type for value: 5.0 on line 2 should be in ['int']
2019-07-04 09:54:30,846 - VO - DE - MOBILEDE - 2019-06-01 00:00:00 - ERROR - FILE_CHECK - expect_column_values_to_be_in_type_list - PLACE - Wrong type for value: 5.0 on line 3 should be in ['int']
2019-07-04 09:54:30,846 - VO - DE - MOBILEDE - 2019-06-01 00:00:00 - ERROR - FILE_CHECK - expect_column_values_to_be_in_type_list - PLACE - Wrong type for value: 4.0 on line 4 should be in ['int']
2019-07-04 09:54:30,846 - VO - DE - MOBILEDE - 2019-06-01 00:00:00 - ERROR - FILE_CHECK - expect_column_values_to_be_in_type_list - PLACE - Wrong type for value: 5.0 on line 5 should be in ['int']
2019-07-04 09:54:30,846 - VO - DE - MOBILEDE - 2019-06-01 00:00:00 - ERROR - FILE_CHECK - expect_column_values_to_be_in_type_list - PLACE - Wrong type for value: 5.0 on line 6 should be in ['int']
2019-07-04 09:54:30,846 - VO - DE - MOBILEDE - 2019-06-01 00:00:00 - ERROR - FILE_CHECK - expect_column_values_to_be_in_type_list - PLACE - Wrong type for value: 6.0 on line 7 should be in ['int']
2019-07-04 09:54:30,846 - VO - DE - MOBILEDE - 2019-06-01 00:00:00 - ERROR - FILE_CHECK - expect_column_values_to_be_in_type_list - PLACE - Wrong type for value: 5.0 on line 9 should be in ['int']
2019-07-04 09:54:30,846 - VO - DE - MOBILEDE - 2019-06-01 00:00:00 - ERROR - FILE_CHECK - expect_column_values_to_be_in_type_list - PLACE - Wrong type for value: 5.0 on line 10 should be in ['int']
2019-07-04 09:54:30,846 - VO - DE - MOBILEDE - 2019-06-01 00:00:00 - ERROR - FILE_CHECK - expect_column_values_to_be_in_type_list - PLACE - Wrong type for value: 4.0 on line 12 should be in ['int']
2019-07-04 09:54:30,846 - VO - DE - MOBILEDE - 2019-06-01 00:00:00 - ERROR - FILE_CHECK - expect_column_values_to_be_in_type_list - PLACE - Wrong type for value: 5.0 on line 13 should be in ['int']
2019-07-04 09:54:30,846 - VO - DE - MOBILEDE - 2019-06-01 00:00:00 - ERROR - FILE_CHECK - expect_column_values_to_be_in_type_list - PLACE - Wrong type for value: 5.0 on line 16 should be in ['int']
2019-07-04 09:54:30,846 - VO - DE - MOBILEDE - 2019-06-01 00:00:00 - ERROR - FILE_CHECK - expect_column_values_to_be_in_type_list - PLACE - Wrong type for value: 5.0 on line 17 should be in ['int']
2019-07-04 09:54:30,846 - VO - DE - MOBILEDE - 2019-06-01 00:00:00 - ERROR - FILE_CHECK - expect_column_values_to_be_in_type_list - PLACE - Wrong type for value: 5.0 on line 18 should be in ['int']
2019-07-04 09:54:30,846 - VO - DE - MOBILEDE - 2019-06-01 00:00:00 - ERROR - FILE_CHECK - expect_column_values_to_be_in_type_list - PLACE - Wrong type for value: 4.0 on line 21 should be in ['int']
2019-07-04 09:54:30,846 - VO - DE - MOBILEDE - 2019-06-01 00:00:00 - ERROR - FILE_CHECK - expect_column_values_to_be_in_type_list - PLACE - Wrong type for value: 5.0 on line 24 should be in ['int']
2019-07-04 09:54:30,846 - VO - DE - MOBILEDE - 2019-06-01 00:00:00 - ERROR - FILE_CHECK - expect_column_values_to_be_in_type_list - PLACE - Wrong type for value: 4.0 on line 25 should be in ['int']
2019-07-04 09:54:30,846 - VO - DE - MOBILEDE - 2019-06-01 00:00:00 - ERROR - FILE_CHECK - expect_column_values_to_be_in_type_list - PLACE - Wrong type for value: 5.0 on line 26 should be in ['int']
2019-07-04 09:54:30,846 - VO - DE - MOBILEDE - 2019-06-01 00:00:00 - ERROR - FILE_CHECK - expect_column_values_to_be_in_type_list - PLACE - Wrong type for value: 5.0 on line 28 should be in ['int']
2019-07-04 09:54:30,847 - VO - DE - MOBILEDE - 2019-06-01 00:00:00 - ERROR - FILE_CHECK - expect_column_values_to_be_in_type_list - PLACE - Wrong type for value: 5.0 on line 30 should be in ['int']
2019-07-04 09:54:30,847 - VO - DE - MOBILEDE - 2019-06-01 00:00:00 - ERROR - STAT - expect_column_values_to_be_in_type_list - PLACE - correctly filled rate (%) - 0.0
2019-07-04 09:54:30,847 - VO - DE - MOBILEDE - 2019-06-01 00:00:00 - ERROR - STAT - expect_column_values_to_not_be_null - PLACE - correctly filled rate (%) - 74.4
2019-07-04 09:54:30,847 - VO - DE - MOBILEDE - 2019-06-01 00:00:00 - ERROR - STAT - expect_column_values_to_not_be_null - PORTE - correctly filled rate (%) - 78.77
2019-07-04 09:54:30,847 - VO - DE - MOBILEDE - 2019-06-01 00:00:00 - ERROR - FILE_CHECK - expect_column_values_to_be_in_type_list - PORTE - Wrong type for value: 4/5 on line 0 should be in ['int', 'float']
2019-07-04 09:54:30,847 - VO - DE - MOBILEDE - 2019-06-01 00:00:00 - ERROR - FILE_CHECK - expect_column_values_to_be_in_type_list - PORTE - Wrong type for value: 4/5 on line 1 should be in ['int', 'float']
2019-07-04 09:54:30,847 - VO - DE - MOBILEDE - 2019-06-01 00:00:00 - ERROR - FILE_CHECK - expect_column_values_to_be_in_type_list - PORTE - Wrong type for value: 4/5 on line 2 should be in ['int', 'float']
2019-07-04 09:54:30,847 - VO - DE - MOBILEDE - 2019-06-01 00:00:00 - ERROR - FILE_CHECK - expect_column_values_to_be_in_type_list - PORTE - Wrong type for value: 4/5 on line 3 should be in ['int', 'float']
2019-07-04 09:54:30,847 - VO - DE - MOBILEDE - 2019-06-01 00:00:00 - ERROR - FILE_CHECK - expect_column_values_to_be_in_type_list - PORTE - Wrong type for value: 4/5 on line 4 should be in ['int', 'float']
2019-07-04 09:54:30,847 - VO - DE - MOBILEDE - 2019-06-01 00:00:00 - ERROR - FILE_CHECK - expect_column_values_to_be_in_type_list - PORTE - Wrong type for value: 4/5 on line 5 should be in ['int', 'float']
2019-07-04 09:54:30,847 - VO - DE - MOBILEDE - 2019-06-01 00:00:00 - ERROR - FILE_CHECK - expect_column_values_to_be_in_type_list - PORTE - Wrong type for value: 4/5 on line 6 should be in ['int', 'float']
2019-07-04 09:54:30,847 - VO - DE - MOBILEDE - 2019-06-01 00:00:00 - ERROR - FILE_CHECK - expect_column_values_to_be_in_type_list - PORTE - Wrong type for value: 4/5 on line 7 should be in ['int', 'float']
2019-07-04 09:54:30,847 - VO - DE - MOBILEDE - 2019-06-01 00:00:00 - ERROR - FILE_CHECK - expect_column_values_to_be_in_type_list - PORTE - Wrong type for value: 4/5 on line 8 should be in ['int', 'float']
2019-07-04 09:54:30,847 - VO - DE - MOBILEDE - 2019-06-01 00:00:00 - ERROR - FILE_CHECK - expect_column_values_to_be_in_type_list - PORTE - Wrong type for value: 4/5 on line 9 should be in ['int', 'float']
2019-07-04 09:54:30,847 - VO - DE - MOBILEDE - 2019-06-01 00:00:00 - ERROR - FILE_CHECK - expect_column_values_to_be_in_type_list - PORTE - Wrong type for value: 4/5 on line 10 should be in ['int', 'float']
2019-07-04 09:54:30,847 - VO - DE - MOBILEDE - 2019-06-01 00:00:00 - ERROR - FILE_CHECK - expect_column_values_to_be_in_type_list - PORTE - Wrong type for value: 4/5 on line 11 should be in ['int', 'float']
2019-07-04 09:54:30,847 - VO - DE - MOBILEDE - 2019-06-01 00:00:00 - ERROR - FILE_CHECK - expect_column_values_to_be_in_type_list - PORTE - Wrong type for value: 2/3 on line 12 should be in ['int', 'float']
2019-07-04 09:54:30,847 - VO - DE - MOBILEDE - 2019-06-01 00:00:00 - ERROR - FILE_CHECK - expect_column_values_to_be_in_type_list - PORTE - Wrong type for value: 4/5 on line 13 should be in ['int', 'float']
2019-07-04 09:54:30,848 - VO - DE - MOBILEDE - 2019-06-01 00:00:00 - ERROR - FILE_CHECK - expect_column_values_to_be_in_type_list - PORTE - Wrong type for value: 2/3 on line 14 should be in ['int', 'float']
2019-07-04 09:54:30,848 - VO - DE - MOBILEDE - 2019-06-01 00:00:00 - ERROR - FILE_CHECK - expect_column_values_to_be_in_type_list - PORTE - Wrong type for value: 4/5 on line 16 should be in ['int', 'float']
2019-07-04 09:54:30,848 - VO - DE - MOBILEDE - 2019-06-01 00:00:00 - ERROR - FILE_CHECK - expect_column_values_to_be_in_type_list - PORTE - Wrong type for value: 4/5 on line 17 should be in ['int', 'float']
2019-07-04 09:54:30,848 - VO - DE - MOBILEDE - 2019-06-01 00:00:00 - ERROR - FILE_CHECK - expect_column_values_to_be_in_type_list - PORTE - Wrong type for value: 4/5 on line 18 should be in ['int', 'float']
2019-07-04 09:54:30,848 - VO - DE - MOBILEDE - 2019-06-01 00:00:00 - ERROR - FILE_CHECK - expect_column_values_to_be_in_type_list - PORTE - Wrong type for value: 4/5 on line 19 should be in ['int', 'float']
2019-07-04 09:54:30,848 - VO - DE - MOBILEDE - 2019-06-01 00:00:00 - ERROR - FILE_CHECK - expect_column_values_to_be_in_type_list - PORTE - Wrong type for value: 4/5 on line 20 should be in ['int', 'float']
2019-07-04 09:54:30,848 - VO - DE - MOBILEDE - 2019-06-01 00:00:00 - ERROR - STAT - expect_column_values_to_be_in_type_list - PORTE - correctly filled rate (%) - 0.0
2019-07-04 09:54:30,848 - VO - DE - MOBILEDE - 2019-06-01 00:00:00 - ERROR - STAT - expect_column_values_to_be_in_type_list - PRIX - correctly filled rate (%) - 100.0
2019-07-04 09:54:30,848 - VO - DE - MOBILEDE - 2019-06-01 00:00:00 - ERROR - STAT - expect_column_values_to_not_be_null - PRIX - correctly filled rate (%) - 100.0
2019-07-04 09:54:30,848 - VO - DE - MOBILEDE - 2019-06-01 00:00:00 - ERROR - STAT - expect_column_values_to_not_be_null - PROVINCE - correctly filled rate (%) - 0.0
2019-07-04 09:54:30,848 - VO - DE - MOBILEDE - 2019-06-01 00:00:00 - ERROR - STAT - expect_column_values_to_not_be_null - SITE - correctly filled rate (%) - 100.0
2019-07-04 09:54:30,848 - VO - DE - MOBILEDE - 2019-06-01 00:00:00 - ERROR - STAT - expect_column_values_to_not_be_null - TELEPHONE - correctly filled rate (%) - 81.31
2019-07-04 09:54:30,848 - VO - DE - MOBILEDE - 2019-06-01 00:00:00 - ERROR - STAT - expect_column_values_to_be_phone_number - TELEPHONE - correctly filled rate (%) - 100.0
2019-07-04 09:54:30,848 - VO - DE - MOBILEDE - 2019-06-01 00:00:00 - ERROR - STAT - expect_column_values_to_not_be_null - TYPE - correctly filled rate (%) - 100.0
2019-07-04 09:54:30,848 - VO - DE - MOBILEDE - 2019-06-01 00:00:00 - ERROR - STAT - expect_column_values_to_be_in_set_2 - TYPE - observed proportion - 100.0
2019-07-04 09:54:30,848 - VO - DE - MOBILEDE - 2019-06-01 00:00:00 - ERROR - STAT - expect_column_values_to_not_be_null - VILLE - correctly filled rate (%) - 99.85
2019-07-04 09:54:30,848 - VO - DE - MOBILEDE - 2019-06-01 00:00:00 - ERROR - STAT - expect_column_values_to_not_be_null - VN_IND - correctly filled rate (%) - 100.0
2019-07-04 09:54:30,849 - VO - DE - MOBILEDE - 2019-06-01 00:00:00 - ERROR - STAT - expect_column_values_to_be_in_set - VN_IND - correctly filled rate (%) - 100.0
2019-07-04 09:54:30,849 - VO - DE - MOBILEDE - 2019-06-01 00:00:00 - ERROR - STAT - expect_returning_row_unique_count - CARROSSERIE - total number of unique rows - 48
2019-07-04 09:54:30,849 - VO - DE - MOBILEDE - 2019-06-01 00:00:00 - ERROR - STAT - expect_returning_row_unique_count - CARBURANT - total number of unique rows - 26
2019-07-04 09:54:30,849 - VO - DE - MOBILEDE - 2019-06-01 00:00:00 - ERROR - STAT - expect_column_values_to_not_be_null - CYLINDRE - correctly filled rate (%) - 0.0
2019-07-04 09:54:30,849 - VO - DE - MOBILEDE - 2019-06-01 00:00:00 - ERROR - STAT - expect_returning_row_unique_count - PROVINCE - total number of unique rows - 0
2019-07-04 09:54:30,849 - VO - DE - MOBILEDE - 2019-06-01 00:00:00 - ERROR - STAT - expect_returning_row_unique_count - VILLE - total number of unique rows - 24476
2019-07-04 09:54:30,849 - VO - DE - MOBILEDE - 2019-06-01 00:00:00 - ERROR - STAT - expect_returning_row_unique_count - DEPARTEMENT - total number of unique rows - 0
2019-07-04 09:54:30,849 - VO - DE - MOBILEDE - 2019-06-01 00:00:00 - ERROR - STAT - expect_returning_row_count_on_conditions - DEALER_USEDCARS - total number of row with conditions - 971643
2019-07-04 09:54:30,849 - VO - DE - MOBILEDE - 2019-06-01 00:00:00 - ERROR - STAT - expect_returning_row_count_on_conditions - PRIVATE_USEDCARS - total number of row with conditions - 286951
2019-07-04 09:54:30,849 - VO - DE - MOBILEDE - 2019-06-01 00:00:00 - ERROR - STAT - expect_returning_row_count_on_conditions - DEALER_NEWCARS - total number of row with conditions - 187615
