2019-07-23 15:52:49,462 - VO - NL - SPEURDERS - 2019-07-01 00:00:00 - ERROR - STAT - expect_column_values_to_not_be_null - ADRESSE - correctly filled rate (%) - 0.0
2019-07-23 15:52:49,463 - VO - NL - SPEURDERS - 2019-07-01 00:00:00 - ERROR - STAT - expect_column_values_to_be_in_type_list - ANNEE - correctly filled rate (%) - 100.0
2019-07-23 15:52:49,463 - VO - NL - SPEURDERS - 2019-07-01 00:00:00 - ERROR - STAT - expect_column_values_to_be_between - ANNEE - correctly filled rate (%) - 98.4
2019-07-23 15:52:49,463 - VO - NL - SPEURDERS - 2019-07-01 00:00:00 - ERROR - STAT - expect_column_values_to_not_be_null - ANNEE - correctly filled rate (%) - 100.0
2019-07-23 15:52:49,463 - VO - NL - SPEURDERS - 2019-07-01 00:00:00 - ERROR - FILE_CHECK - expect_column_values_to_match_regex - ANNEE - Unexpected value: 0 on line 325, value should match regexp ^[0-9]{4}$
2019-07-23 15:52:49,463 - VO - NL - SPEURDERS - 2019-07-01 00:00:00 - ERROR - FILE_CHECK - expect_column_values_to_match_regex - ANNEE - Unexpected value: 0 on line 349, value should match regexp ^[0-9]{4}$
2019-07-23 15:52:49,463 - VO - NL - SPEURDERS - 2019-07-01 00:00:00 - ERROR - FILE_CHECK - expect_column_values_to_match_regex - ANNEE - Unexpected value: 0 on line 351, value should match regexp ^[0-9]{4}$
2019-07-23 15:52:49,463 - VO - NL - SPEURDERS - 2019-07-01 00:00:00 - ERROR - FILE_CHECK - expect_column_values_to_match_regex - ANNEE - Unexpected value: 0 on line 354, value should match regexp ^[0-9]{4}$
2019-07-23 15:52:49,463 - VO - NL - SPEURDERS - 2019-07-01 00:00:00 - ERROR - FILE_CHECK - expect_column_values_to_match_regex - ANNEE - Unexpected value: 0 on line 610, value should match regexp ^[0-9]{4}$
2019-07-23 15:52:49,463 - VO - NL - SPEURDERS - 2019-07-01 00:00:00 - ERROR - FILE_CHECK - expect_column_values_to_match_regex - ANNEE - Unexpected value: 0 on line 906, value should match regexp ^[0-9]{4}$
2019-07-23 15:52:49,463 - VO - NL - SPEURDERS - 2019-07-01 00:00:00 - ERROR - FILE_CHECK - expect_column_values_to_match_regex - ANNEE - Unexpected value: 0 on line 1368, value should match regexp ^[0-9]{4}$
2019-07-23 15:52:49,463 - VO - NL - SPEURDERS - 2019-07-01 00:00:00 - ERROR - FILE_CHECK - expect_column_values_to_match_regex - ANNEE - Unexpected value: 0 on line 1409, value should match regexp ^[0-9]{4}$
2019-07-23 15:52:49,463 - VO - NL - SPEURDERS - 2019-07-01 00:00:00 - ERROR - FILE_CHECK - expect_column_values_to_match_regex - ANNEE - Unexpected value: 0 on line 1684, value should match regexp ^[0-9]{4}$
2019-07-23 15:52:49,463 - VO - NL - SPEURDERS - 2019-07-01 00:00:00 - ERROR - FILE_CHECK - expect_column_values_to_match_regex - ANNEE - Unexpected value: 0 on line 1841, value should match regexp ^[0-9]{4}$
2019-07-23 15:52:49,463 - VO - NL - SPEURDERS - 2019-07-01 00:00:00 - ERROR - FILE_CHECK - expect_column_values_to_match_regex - ANNEE - Unexpected value: 0 on line 1846, value should match regexp ^[0-9]{4}$
2019-07-23 15:52:49,463 - VO - NL - SPEURDERS - 2019-07-01 00:00:00 - ERROR - FILE_CHECK - expect_column_values_to_match_regex - ANNEE - Unexpected value: 0 on line 1931, value should match regexp ^[0-9]{4}$
2019-07-23 15:52:49,463 - VO - NL - SPEURDERS - 2019-07-01 00:00:00 - ERROR - FILE_CHECK - expect_column_values_to_match_regex - ANNEE - Unexpected value: 0 on line 1954, value should match regexp ^[0-9]{4}$
2019-07-23 15:52:49,463 - VO - NL - SPEURDERS - 2019-07-01 00:00:00 - ERROR - FILE_CHECK - expect_column_values_to_match_regex - ANNEE - Unexpected value: 0 on line 2017, value should match regexp ^[0-9]{4}$
2019-07-23 15:52:49,464 - VO - NL - SPEURDERS - 2019-07-01 00:00:00 - ERROR - FILE_CHECK - expect_column_values_to_match_regex - ANNEE - Unexpected value: 0 on line 2699, value should match regexp ^[0-9]{4}$
2019-07-23 15:52:49,464 - VO - NL - SPEURDERS - 2019-07-01 00:00:00 - ERROR - FILE_CHECK - expect_column_values_to_match_regex - ANNEE - Unexpected value: 0 on line 2885, value should match regexp ^[0-9]{4}$
2019-07-23 15:52:49,464 - VO - NL - SPEURDERS - 2019-07-01 00:00:00 - ERROR - FILE_CHECK - expect_column_values_to_match_regex - ANNEE - Unexpected value: 0 on line 3153, value should match regexp ^[0-9]{4}$
2019-07-23 15:52:49,464 - VO - NL - SPEURDERS - 2019-07-01 00:00:00 - ERROR - FILE_CHECK - expect_column_values_to_match_regex - ANNEE - Unexpected value: 0 on line 3361, value should match regexp ^[0-9]{4}$
2019-07-23 15:52:49,464 - VO - NL - SPEURDERS - 2019-07-01 00:00:00 - ERROR - FILE_CHECK - expect_column_values_to_match_regex - ANNEE - Unexpected value: 0 on line 3388, value should match regexp ^[0-9]{4}$
2019-07-23 15:52:49,464 - VO - NL - SPEURDERS - 2019-07-01 00:00:00 - ERROR - FILE_CHECK - expect_column_values_to_match_regex - ANNEE - Unexpected value: 0 on line 4130, value should match regexp ^[0-9]{4}$
2019-07-23 15:52:49,464 - VO - NL - SPEURDERS - 2019-07-01 00:00:00 - ERROR - STAT - expect_column_values_to_match_regex - ANNEE - correctly filled rate (%) - 99.71
2019-07-23 15:52:49,464 - VO - NL - SPEURDERS - 2019-07-01 00:00:00 - ERROR - STAT - expect_column_values_to_not_be_null - ANNONCE_LINK - correctly filled rate (%) - 100.0
2019-07-23 15:52:49,464 - VO - NL - SPEURDERS - 2019-07-01 00:00:00 - ERROR - STAT - expect_column_values_to_be_unique - ANNONCE_LINK - observed proportion - 100.0
2019-07-23 15:52:49,464 - VO - NL - SPEURDERS - 2019-07-01 00:00:00 - ERROR - STAT - expect_column_values_to_not_be_null - CARBURANT - correctly filled rate (%) - 94.04
2019-07-23 15:52:49,464 - VO - NL - SPEURDERS - 2019-07-01 00:00:00 - ERROR - STAT - expect_column_values_to_not_be_null - CARROSSERIE - correctly filled rate (%) - 83.43
2019-07-23 15:52:49,464 - VO - NL - SPEURDERS - 2019-07-01 00:00:00 - ERROR - STAT - expect_column_values_to_not_be_null - CP - correctly filled rate (%) - 68.47
2019-07-23 15:52:49,464 - VO - NL - SPEURDERS - 2019-07-01 00:00:00 - ERROR - FILE_CHECK - expect_column_values_to_match_regex - CP - Unexpected value: 48455 on line 28019, value should match regexp ^[0-9]{4}$
2019-07-23 15:52:49,464 - VO - NL - SPEURDERS - 2019-07-01 00:00:00 - ERROR - FILE_CHECK - expect_column_values_to_match_regex - CP - Unexpected value: 48455 on line 28020, value should match regexp ^[0-9]{4}$
2019-07-23 15:52:49,464 - VO - NL - SPEURDERS - 2019-07-01 00:00:00 - ERROR - FILE_CHECK - expect_column_values_to_match_regex - CP - Unexpected value: 48455 on line 28021, value should match regexp ^[0-9]{4}$
2019-07-23 15:52:49,464 - VO - NL - SPEURDERS - 2019-07-01 00:00:00 - ERROR - FILE_CHECK - expect_column_values_to_match_regex - CP - Unexpected value: 48455 on line 28022, value should match regexp ^[0-9]{4}$
2019-07-23 15:52:49,464 - VO - NL - SPEURDERS - 2019-07-01 00:00:00 - ERROR - FILE_CHECK - expect_column_values_to_match_regex - CP - Unexpected value: 48455 on line 28023, value should match regexp ^[0-9]{4}$
2019-07-23 15:52:49,465 - VO - NL - SPEURDERS - 2019-07-01 00:00:00 - ERROR - FILE_CHECK - expect_column_values_to_match_regex - CP - Unexpected value: 48455 on line 28024, value should match regexp ^[0-9]{4}$
2019-07-23 15:52:49,465 - VO - NL - SPEURDERS - 2019-07-01 00:00:00 - ERROR - FILE_CHECK - expect_column_values_to_match_regex - CP - Unexpected value: 48455 on line 28025, value should match regexp ^[0-9]{4}$
2019-07-23 15:52:49,465 - VO - NL - SPEURDERS - 2019-07-01 00:00:00 - ERROR - FILE_CHECK - expect_column_values_to_match_regex - CP - Unexpected value: 48455 on line 28026, value should match regexp ^[0-9]{4}$
2019-07-23 15:52:49,465 - VO - NL - SPEURDERS - 2019-07-01 00:00:00 - ERROR - FILE_CHECK - expect_column_values_to_match_regex - CP - Unexpected value: B8610 on line 28053, value should match regexp ^[0-9]{4}$
2019-07-23 15:52:49,465 - VO - NL - SPEURDERS - 2019-07-01 00:00:00 - ERROR - FILE_CHECK - expect_column_values_to_match_regex - CP - Unexpected value: B8610 on line 28054, value should match regexp ^[0-9]{4}$
2019-07-23 15:52:49,465 - VO - NL - SPEURDERS - 2019-07-01 00:00:00 - ERROR - FILE_CHECK - expect_column_values_to_match_regex - CP - Unexpected value: B8610 on line 28055, value should match regexp ^[0-9]{4}$
2019-07-23 15:52:49,465 - VO - NL - SPEURDERS - 2019-07-01 00:00:00 - ERROR - FILE_CHECK - expect_column_values_to_match_regex - CP - Unexpected value: 48455 on line 28056, value should match regexp ^[0-9]{4}$
2019-07-23 15:52:49,465 - VO - NL - SPEURDERS - 2019-07-01 00:00:00 - ERROR - FILE_CHECK - expect_column_values_to_match_regex - CP - Unexpected value: B8610 on line 28064, value should match regexp ^[0-9]{4}$
2019-07-23 15:52:49,465 - VO - NL - SPEURDERS - 2019-07-01 00:00:00 - ERROR - FILE_CHECK - expect_column_values_to_match_regex - CP - Unexpected value: B8610 on line 28092, value should match regexp ^[0-9]{4}$
2019-07-23 15:52:49,465 - VO - NL - SPEURDERS - 2019-07-01 00:00:00 - ERROR - FILE_CHECK - expect_column_values_to_match_regex - CP - Unexpected value: B8610 on line 28103, value should match regexp ^[0-9]{4}$
2019-07-23 15:52:49,465 - VO - NL - SPEURDERS - 2019-07-01 00:00:00 - ERROR - FILE_CHECK - expect_column_values_to_match_regex - CP - Unexpected value: B8610 on line 28112, value should match regexp ^[0-9]{4}$
2019-07-23 15:52:49,465 - VO - NL - SPEURDERS - 2019-07-01 00:00:00 - ERROR - FILE_CHECK - expect_column_values_to_match_regex - CP - Unexpected value: B8610 on line 28170, value should match regexp ^[0-9]{4}$
2019-07-23 15:52:49,465 - VO - NL - SPEURDERS - 2019-07-01 00:00:00 - ERROR - FILE_CHECK - expect_column_values_to_match_regex - CP - Unexpected value: B8610 on line 28188, value should match regexp ^[0-9]{4}$
2019-07-23 15:52:49,465 - VO - NL - SPEURDERS - 2019-07-01 00:00:00 - ERROR - FILE_CHECK - expect_column_values_to_match_regex - CP - Unexpected value: B8610 on line 28196, value should match regexp ^[0-9]{4}$
2019-07-23 15:52:49,465 - VO - NL - SPEURDERS - 2019-07-01 00:00:00 - ERROR - FILE_CHECK - expect_column_values_to_match_regex - CP - Unexpected value: B8610 on line 28237, value should match regexp ^[0-9]{4}$
2019-07-23 15:52:49,465 - VO - NL - SPEURDERS - 2019-07-01 00:00:00 - ERROR - STAT - expect_column_values_to_match_regex - CP - correctly filled rate (%) - 18.81
2019-07-23 15:52:49,465 - VO - NL - SPEURDERS - 2019-07-01 00:00:00 - ERROR - STAT - expect_column_values_to_not_be_null - GARAGE_ID - correctly filled rate (%) - 0.0
2019-07-23 15:52:49,466 - VO - NL - SPEURDERS - 2019-07-01 00:00:00 - ERROR - STAT - expect_column_values_to_not_be_null - ID_CLIENT - correctly filled rate (%) - 100.0
2019-07-23 15:52:49,466 - VO - NL - SPEURDERS - 2019-07-01 00:00:00 - ERROR - STAT - expect_column_values_to_be_unique - ID_CLIENT - observed proportion - 100.0
2019-07-23 15:52:49,466 - VO - NL - SPEURDERS - 2019-07-01 00:00:00 - ERROR - STAT - expect_returning_row_count - EVERY_COLUMNS - total number of rows - 239564
2019-07-23 15:52:49,466 - VO - NL - SPEURDERS - 2019-07-01 00:00:00 - ERROR - STAT - expect_column_values_to_not_be_null - IMMAT - correctly filled rate (%) - 100.0
2019-07-23 15:52:49,466 - VO - NL - SPEURDERS - 2019-07-01 00:00:00 - ERROR - STAT - expect_column_values_to_be_in_type_list - KM - correctly filled rate (%) - 100.0
2019-07-23 15:52:49,466 - VO - NL - SPEURDERS - 2019-07-01 00:00:00 - ERROR - STAT - expect_column_values_to_not_be_null - KM - correctly filled rate (%) - 100.0
2019-07-23 15:52:49,466 - VO - NL - SPEURDERS - 2019-07-01 00:00:00 - ERROR - STAT - expect_column_values_to_be_in_type_list - LITRE - correctly filled rate (%) - 100.0
2019-07-23 15:52:49,466 - VO - NL - SPEURDERS - 2019-07-01 00:00:00 - ERROR - STAT - expect_column_values_to_not_be_null - LITRE - correctly filled rate (%) - 100.0
2019-07-23 15:52:49,466 - VO - NL - SPEURDERS - 2019-07-01 00:00:00 - ERROR - STAT - expect_column_values_to_not_be_null - MARQUE - correctly filled rate (%) - 100.0
2019-07-23 15:52:49,466 - VO - NL - SPEURDERS - 2019-07-01 00:00:00 - ERROR - STAT - expect_column_values_to_not_be_null - MODELE - correctly filled rate (%) - 72.18
2019-07-23 15:52:49,466 - VO - NL - SPEURDERS - 2019-07-01 00:00:00 - ERROR - STAT - expect_column_values_to_not_be_null - MOIS - correctly filled rate (%) - 100.0
2019-07-23 15:52:49,466 - VO - NL - SPEURDERS - 2019-07-01 00:00:00 - ERROR - FILE_CHECK - expect_column_values_to_be_between - MOIS - Unexpected value: 0 on line 0, value should be between 1 and 12
2019-07-23 15:52:49,466 - VO - NL - SPEURDERS - 2019-07-01 00:00:00 - ERROR - FILE_CHECK - expect_column_values_to_be_between - MOIS - Unexpected value: 0 on line 1, value should be between 1 and 12
2019-07-23 15:52:49,466 - VO - NL - SPEURDERS - 2019-07-01 00:00:00 - ERROR - FILE_CHECK - expect_column_values_to_be_between - MOIS - Unexpected value: 0 on line 2, value should be between 1 and 12
2019-07-23 15:52:49,466 - VO - NL - SPEURDERS - 2019-07-01 00:00:00 - ERROR - FILE_CHECK - expect_column_values_to_be_between - MOIS - Unexpected value: 0 on line 4, value should be between 1 and 12
2019-07-23 15:52:49,466 - VO - NL - SPEURDERS - 2019-07-01 00:00:00 - ERROR - FILE_CHECK - expect_column_values_to_be_between - MOIS - Unexpected value: 0 on line 5, value should be between 1 and 12
2019-07-23 15:52:49,466 - VO - NL - SPEURDERS - 2019-07-01 00:00:00 - ERROR - FILE_CHECK - expect_column_values_to_be_between - MOIS - Unexpected value: 0 on line 6, value should be between 1 and 12
2019-07-23 15:52:49,466 - VO - NL - SPEURDERS - 2019-07-01 00:00:00 - ERROR - FILE_CHECK - expect_column_values_to_be_between - MOIS - Unexpected value: 0 on line 7, value should be between 1 and 12
2019-07-23 15:52:49,467 - VO - NL - SPEURDERS - 2019-07-01 00:00:00 - ERROR - FILE_CHECK - expect_column_values_to_be_between - MOIS - Unexpected value: 0 on line 8, value should be between 1 and 12
2019-07-23 15:52:49,467 - VO - NL - SPEURDERS - 2019-07-01 00:00:00 - ERROR - FILE_CHECK - expect_column_values_to_be_between - MOIS - Unexpected value: 0 on line 9, value should be between 1 and 12
2019-07-23 15:52:49,467 - VO - NL - SPEURDERS - 2019-07-01 00:00:00 - ERROR - FILE_CHECK - expect_column_values_to_be_between - MOIS - Unexpected value: 0 on line 10, value should be between 1 and 12
2019-07-23 15:52:49,467 - VO - NL - SPEURDERS - 2019-07-01 00:00:00 - ERROR - FILE_CHECK - expect_column_values_to_be_between - MOIS - Unexpected value: 0 on line 11, value should be between 1 and 12
2019-07-23 15:52:49,467 - VO - NL - SPEURDERS - 2019-07-01 00:00:00 - ERROR - FILE_CHECK - expect_column_values_to_be_between - MOIS - Unexpected value: 0 on line 12, value should be between 1 and 12
2019-07-23 15:52:49,467 - VO - NL - SPEURDERS - 2019-07-01 00:00:00 - ERROR - FILE_CHECK - expect_column_values_to_be_between - MOIS - Unexpected value: 0 on line 13, value should be between 1 and 12
2019-07-23 15:52:49,467 - VO - NL - SPEURDERS - 2019-07-01 00:00:00 - ERROR - FILE_CHECK - expect_column_values_to_be_between - MOIS - Unexpected value: 0 on line 14, value should be between 1 and 12
2019-07-23 15:52:49,467 - VO - NL - SPEURDERS - 2019-07-01 00:00:00 - ERROR - FILE_CHECK - expect_column_values_to_be_between - MOIS - Unexpected value: 0 on line 15, value should be between 1 and 12
2019-07-23 15:52:49,467 - VO - NL - SPEURDERS - 2019-07-01 00:00:00 - ERROR - FILE_CHECK - expect_column_values_to_be_between - MOIS - Unexpected value: 0 on line 16, value should be between 1 and 12
2019-07-23 15:52:49,467 - VO - NL - SPEURDERS - 2019-07-01 00:00:00 - ERROR - FILE_CHECK - expect_column_values_to_be_between - MOIS - Unexpected value: 0 on line 17, value should be between 1 and 12
2019-07-23 15:52:49,467 - VO - NL - SPEURDERS - 2019-07-01 00:00:00 - ERROR - FILE_CHECK - expect_column_values_to_be_between - MOIS - Unexpected value: 0 on line 18, value should be between 1 and 12
2019-07-23 15:52:49,467 - VO - NL - SPEURDERS - 2019-07-01 00:00:00 - ERROR - FILE_CHECK - expect_column_values_to_be_between - MOIS - Unexpected value: 0 on line 19, value should be between 1 and 12
2019-07-23 15:52:49,467 - VO - NL - SPEURDERS - 2019-07-01 00:00:00 - ERROR - FILE_CHECK - expect_column_values_to_be_between - MOIS - Unexpected value: 0 on line 20, value should be between 1 and 12
2019-07-23 15:52:49,467 - VO - NL - SPEURDERS - 2019-07-01 00:00:00 - ERROR - STAT - expect_column_values_to_be_between - MOIS - correctly filled rate (%) - 1.42
2019-07-23 15:52:49,467 - VO - NL - SPEURDERS - 2019-07-01 00:00:00 - ERROR - STAT - expect_column_values_to_match_regex - MOIS - correctly filled rate (%) - 100.0
2019-07-23 15:52:49,467 - VO - NL - SPEURDERS - 2019-07-01 00:00:00 - ERROR - STAT - expect_column_values_to_not_be_null - NOM - correctly filled rate (%) - 100.0
2019-07-23 15:52:49,467 - VO - NL - SPEURDERS - 2019-07-01 00:00:00 - ERROR - FILE_CHECK - expect_column_value_lengths_to_be_between - NOM - Unexpected characters count of: [Daf 32...] on line  325, value length should be between 10 and 255
2019-07-23 15:52:49,467 - VO - NL - SPEURDERS - 2019-07-01 00:00:00 - ERROR - FILE_CHECK - expect_column_value_lengths_to_be_between - NOM - Unexpected characters count of: [Ibiza 1.6...] on line  376, value length should be between 10 and 255
2019-07-23 15:52:49,468 - VO - NL - SPEURDERS - 2019-07-01 00:00:00 - ERROR - FILE_CHECK - expect_column_value_lengths_to_be_between - NOM - Unexpected characters count of: [Passat...] on line  387, value length should be between 10 and 255
2019-07-23 15:52:49,468 - VO - NL - SPEURDERS - 2019-07-01 00:00:00 - ERROR - FILE_CHECK - expect_column_value_lengths_to_be_between - NOM - Unexpected characters count of: [Bora 1.6...] on line  396, value length should be between 10 and 255
2019-07-23 15:52:49,468 - VO - NL - SPEURDERS - 2019-07-01 00:00:00 - ERROR - FILE_CHECK - expect_column_value_lengths_to_be_between - NOM - Unexpected characters count of: [Automaat...] on line  607, value length should be between 10 and 255
2019-07-23 15:52:49,468 - VO - NL - SPEURDERS - 2019-07-01 00:00:00 - ERROR - FILE_CHECK - expect_column_value_lengths_to_be_between - NOM - Unexpected characters count of: [Volvo S80...] on line  836, value length should be between 10 and 255
2019-07-23 15:52:49,468 - VO - NL - SPEURDERS - 2019-07-01 00:00:00 - ERROR - FILE_CHECK - expect_column_value_lengths_to_be_between - NOM - Unexpected characters count of: [Saab 9-5...] on line  1573, value length should be between 10 and 255
2019-07-23 15:52:49,468 - VO - NL - SPEURDERS - 2019-07-01 00:00:00 - ERROR - FILE_CHECK - expect_column_value_lengths_to_be_between - NOM - Unexpected characters count of: [Mini MINI...] on line  1631, value length should be between 10 and 255
2019-07-23 15:52:49,468 - VO - NL - SPEURDERS - 2019-07-01 00:00:00 - ERROR - FILE_CHECK - expect_column_value_lengths_to_be_between - NOM - Unexpected characters count of: [Cuore...] on line  2572, value length should be between 10 and 255
2019-07-23 15:52:49,468 - VO - NL - SPEURDERS - 2019-07-01 00:00:00 - ERROR - FILE_CHECK - expect_column_value_lengths_to_be_between - NOM - Unexpected characters count of: [Fiesta...] on line  2728, value length should be between 10 and 255
2019-07-23 15:52:49,468 - VO - NL - SPEURDERS - 2019-07-01 00:00:00 - ERROR - FILE_CHECK - expect_column_value_lengths_to_be_between - NOM - Unexpected characters count of: [Mini ONE...] on line  5267, value length should be between 10 and 255
2019-07-23 15:52:49,468 - VO - NL - SPEURDERS - 2019-07-01 00:00:00 - ERROR - FILE_CHECK - expect_column_value_lengths_to_be_between - NOM - Unexpected characters count of: [Passat...] on line  5480, value length should be between 10 and 255
2019-07-23 15:52:49,468 - VO - NL - SPEURDERS - 2019-07-01 00:00:00 - ERROR - FILE_CHECK - expect_column_value_lengths_to_be_between - NOM - Unexpected characters count of: [MG F 1.8i...] on line  6548, value length should be between 10 and 255
2019-07-23 15:52:49,468 - VO - NL - SPEURDERS - 2019-07-01 00:00:00 - ERROR - FILE_CHECK - expect_column_value_lengths_to_be_between - NOM - Unexpected characters count of: [Alfa gt...] on line  8337, value length should be between 10 and 255
2019-07-23 15:52:49,468 - VO - NL - SPEURDERS - 2019-07-01 00:00:00 - ERROR - FILE_CHECK - expect_column_value_lengths_to_be_between - NOM - Unexpected characters count of: [Cls 350...] on line  8449, value length should be between 10 and 255
2019-07-23 15:52:49,468 - VO - NL - SPEURDERS - 2019-07-01 00:00:00 - ERROR - FILE_CHECK - expect_column_value_lengths_to_be_between - NOM - Unexpected characters count of: [bmw 316...] on line  8455, value length should be between 10 and 255
2019-07-23 15:52:49,468 - VO - NL - SPEURDERS - 2019-07-01 00:00:00 - ERROR - FILE_CHECK - expect_column_value_lengths_to_be_between - NOM - Unexpected characters count of: [Audi S3...] on line  8655, value length should be between 10 and 255
2019-07-23 15:52:49,468 - VO - NL - SPEURDERS - 2019-07-01 00:00:00 - ERROR - FILE_CHECK - expect_column_value_lengths_to_be_between - NOM - Unexpected characters count of: [Lupo 3l...] on line  8735, value length should be between 10 and 255
2019-07-23 15:52:49,468 - VO - NL - SPEURDERS - 2019-07-01 00:00:00 - ERROR - FILE_CHECK - expect_column_value_lengths_to_be_between - NOM - Unexpected characters count of: [te koop...] on line  8770, value length should be between 10 and 255
2019-07-23 15:52:49,468 - VO - NL - SPEURDERS - 2019-07-01 00:00:00 - ERROR - FILE_CHECK - expect_column_value_lengths_to_be_between - NOM - Unexpected characters count of: [VW polo...] on line  9244, value length should be between 10 and 255
2019-07-23 15:52:49,468 - VO - NL - SPEURDERS - 2019-07-01 00:00:00 - ERROR - STAT - expect_column_value_lengths_to_be_between - NOM - correctly filled rate (%) - 99.88
2019-07-23 15:52:49,469 - VO - NL - SPEURDERS - 2019-07-01 00:00:00 - ERROR - STAT - expect_column_values_to_not_be_null - OPTIONS - correctly filled rate (%) - 83.88
2019-07-23 15:52:49,469 - VO - NL - SPEURDERS - 2019-07-01 00:00:00 - ERROR - FILE_CHECK - expect_column_value_lengths_to_be_between - OPTIONS - Unexpected characters count of: [ABS, achterbank neer...] on line  119, value length should be between 0 and 255
2019-07-23 15:52:49,469 - VO - NL - SPEURDERS - 2019-07-01 00:00:00 - ERROR - FILE_CHECK - expect_column_value_lengths_to_be_between - OPTIONS - Unexpected characters count of: [ABS, achterbank neer...] on line  214, value length should be between 0 and 255
2019-07-23 15:52:49,469 - VO - NL - SPEURDERS - 2019-07-01 00:00:00 - ERROR - FILE_CHECK - expect_column_value_lengths_to_be_between - OPTIONS - Unexpected characters count of: [ABS, achterbank neer...] on line  248, value length should be between 0 and 255
2019-07-23 15:52:49,469 - VO - NL - SPEURDERS - 2019-07-01 00:00:00 - ERROR - FILE_CHECK - expect_column_value_lengths_to_be_between - OPTIONS - Unexpected characters count of: [ABS, airbags, aircon...] on line  272, value length should be between 0 and 255
2019-07-23 15:52:49,469 - VO - NL - SPEURDERS - 2019-07-01 00:00:00 - ERROR - FILE_CHECK - expect_column_value_lengths_to_be_between - OPTIONS - Unexpected characters count of: [ABS, achterbank neer...] on line  283, value length should be between 0 and 255
2019-07-23 15:52:49,469 - VO - NL - SPEURDERS - 2019-07-01 00:00:00 - ERROR - FILE_CHECK - expect_column_value_lengths_to_be_between - OPTIONS - Unexpected characters count of: [ABS, airbags, aircon...] on line  333, value length should be between 0 and 255
2019-07-23 15:52:49,469 - VO - NL - SPEURDERS - 2019-07-01 00:00:00 - ERROR - FILE_CHECK - expect_column_value_lengths_to_be_between - OPTIONS - Unexpected characters count of: [ABS, achterbank neer...] on line  386, value length should be between 0 and 255
2019-07-23 15:52:49,469 - VO - NL - SPEURDERS - 2019-07-01 00:00:00 - ERROR - FILE_CHECK - expect_column_value_lengths_to_be_between - OPTIONS - Unexpected characters count of: [ABS, achterbank neer...] on line  469, value length should be between 0 and 255
2019-07-23 15:52:49,469 - VO - NL - SPEURDERS - 2019-07-01 00:00:00 - ERROR - FILE_CHECK - expect_column_value_lengths_to_be_between - OPTIONS - Unexpected characters count of: [Beschrijving Heeft u...] on line  610, value length should be between 0 and 255
2019-07-23 15:52:49,469 - VO - NL - SPEURDERS - 2019-07-01 00:00:00 - ERROR - FILE_CHECK - expect_column_value_lengths_to_be_between - OPTIONS - Unexpected characters count of: [ABS, achterbank neer...] on line  1015, value length should be between 0 and 255
2019-07-23 15:52:49,469 - VO - NL - SPEURDERS - 2019-07-01 00:00:00 - ERROR - FILE_CHECK - expect_column_value_lengths_to_be_between - OPTIONS - Unexpected characters count of: [ABS, achterbank neer...] on line  1017, value length should be between 0 and 255
2019-07-23 15:52:49,469 - VO - NL - SPEURDERS - 2019-07-01 00:00:00 - ERROR - FILE_CHECK - expect_column_value_lengths_to_be_between - OPTIONS - Unexpected characters count of: [ABS, achterbank neer...] on line  1023, value length should be between 0 and 255
2019-07-23 15:52:49,469 - VO - NL - SPEURDERS - 2019-07-01 00:00:00 - ERROR - FILE_CHECK - expect_column_value_lengths_to_be_between - OPTIONS - Unexpected characters count of: [ABS, achterbank neer...] on line  1163, value length should be between 0 and 255
2019-07-23 15:52:49,469 - VO - NL - SPEURDERS - 2019-07-01 00:00:00 - ERROR - FILE_CHECK - expect_column_value_lengths_to_be_between - OPTIONS - Unexpected characters count of: [ABS, achterbank neer...] on line  1411, value length should be between 0 and 255
2019-07-23 15:52:49,469 - VO - NL - SPEURDERS - 2019-07-01 00:00:00 - ERROR - FILE_CHECK - expect_column_value_lengths_to_be_between - OPTIONS - Unexpected characters count of: [ABS, achterbank neer...] on line  1520, value length should be between 0 and 255
2019-07-23 15:52:49,470 - VO - NL - SPEURDERS - 2019-07-01 00:00:00 - ERROR - FILE_CHECK - expect_column_value_lengths_to_be_between - OPTIONS - Unexpected characters count of: [ABS, achterbank neer...] on line  1637, value length should be between 0 and 255
2019-07-23 15:52:49,470 - VO - NL - SPEURDERS - 2019-07-01 00:00:00 - ERROR - FILE_CHECK - expect_column_value_lengths_to_be_between - OPTIONS - Unexpected characters count of: [ABS, achterbank neer...] on line  1789, value length should be between 0 and 255
2019-07-23 15:52:49,470 - VO - NL - SPEURDERS - 2019-07-01 00:00:00 - ERROR - FILE_CHECK - expect_column_value_lengths_to_be_between - OPTIONS - Unexpected characters count of: [ABS, achterbank neer...] on line  1840, value length should be between 0 and 255
2019-07-23 15:52:49,470 - VO - NL - SPEURDERS - 2019-07-01 00:00:00 - ERROR - FILE_CHECK - expect_column_value_lengths_to_be_between - OPTIONS - Unexpected characters count of: [ABS, achterbank neer...] on line  1878, value length should be between 0 and 255
2019-07-23 15:52:49,470 - VO - NL - SPEURDERS - 2019-07-01 00:00:00 - ERROR - FILE_CHECK - expect_column_value_lengths_to_be_between - OPTIONS - Unexpected characters count of: [ABS, achterbank neer...] on line  1954, value length should be between 0 and 255
2019-07-23 15:52:49,470 - VO - NL - SPEURDERS - 2019-07-01 00:00:00 - ERROR - STAT - expect_column_value_lengths_to_be_between - OPTIONS - correctly filled rate (%) - 99.36
2019-07-23 15:52:49,470 - VO - NL - SPEURDERS - 2019-07-01 00:00:00 - ERROR - STAT - expect_column_values_to_be_in_type_list - PHOTO - correctly filled rate (%) - 100.0
2019-07-23 15:52:49,470 - VO - NL - SPEURDERS - 2019-07-01 00:00:00 - ERROR - STAT - expect_column_values_to_not_be_null - PHOTO - correctly filled rate (%) - 100.0
2019-07-23 15:52:49,470 - VO - NL - SPEURDERS - 2019-07-01 00:00:00 - ERROR - STAT - expect_column_values_to_not_be_null - PLACE - correctly filled rate (%) - 0.0
2019-07-23 15:52:49,470 - VO - NL - SPEURDERS - 2019-07-01 00:00:00 - ERROR - STAT - expect_column_values_to_not_be_null - PORTE - correctly filled rate (%) - 0.09
2019-07-23 15:52:49,470 - VO - NL - SPEURDERS - 2019-07-01 00:00:00 - ERROR - STAT - expect_column_values_to_be_in_type_list - PORTE - correctly filled rate (%) - 99.51
2019-07-23 15:52:49,470 - VO - NL - SPEURDERS - 2019-07-01 00:00:00 - ERROR - STAT - expect_column_values_to_be_in_type_list - PRIX - correctly filled rate (%) - 100.0
2019-07-23 15:52:49,470 - VO - NL - SPEURDERS - 2019-07-01 00:00:00 - ERROR - STAT - expect_column_values_to_not_be_null - PRIX - correctly filled rate (%) - 100.0
2019-07-23 15:52:49,470 - VO - NL - SPEURDERS - 2019-07-01 00:00:00 - ERROR - STAT - expect_column_values_to_not_be_null - PROVINCE - correctly filled rate (%) - 98.18
2019-07-23 15:52:49,470 - VO - NL - SPEURDERS - 2019-07-01 00:00:00 - ERROR - STAT - expect_column_values_to_not_be_null - SITE - correctly filled rate (%) - 100.0
2019-07-23 15:52:49,470 - VO - NL - SPEURDERS - 2019-07-01 00:00:00 - ERROR - STAT - expect_column_values_to_not_be_null - TELEPHONE - correctly filled rate (%) - 97.92
2019-07-23 15:52:49,471 - VO - NL - SPEURDERS - 2019-07-01 00:00:00 - ERROR - STAT - expect_column_values_to_be_phone_number - TELEPHONE - correctly filled rate (%) - 99.81
2019-07-23 15:52:49,471 - VO - NL - SPEURDERS - 2019-07-01 00:00:00 - ERROR - STAT - expect_column_values_to_not_be_null - TYPE - correctly filled rate (%) - 100.0
2019-07-23 15:52:49,471 - VO - NL - SPEURDERS - 2019-07-01 00:00:00 - ERROR - STAT - expect_column_values_to_be_in_set_2 - TYPE - observed proportion - 100.0
2019-07-23 15:52:49,471 - VO - NL - SPEURDERS - 2019-07-01 00:00:00 - ERROR - STAT - expect_column_values_to_not_be_null - VILLE - correctly filled rate (%) - 99.93
2019-07-23 15:52:49,471 - VO - NL - SPEURDERS - 2019-07-01 00:00:00 - ERROR - STAT - expect_column_values_to_not_be_null - VN_IND - correctly filled rate (%) - 100.0
2019-07-23 15:52:49,471 - VO - NL - SPEURDERS - 2019-07-01 00:00:00 - ERROR - STAT - expect_column_values_to_be_in_set - VN_IND - correctly filled rate (%) - 100.0
2019-07-23 15:52:49,471 - VO - NL - SPEURDERS - 2019-07-01 00:00:00 - ERROR - STAT - expect_returning_row_count_on_conditions - DEALER_USEDCARS - total number of row with conditions - 233407
2019-07-23 15:52:49,471 - VO - NL - SPEURDERS - 2019-07-01 00:00:00 - ERROR - STAT - expect_returning_row_count_on_conditions - PRIVATE_USEDCARS - total number of row with conditions - 6157
2019-07-23 15:52:49,471 - VO - NL - SPEURDERS - 2019-07-01 00:00:00 - ERROR - STAT - expect_returning_row_unique_count - MARQUE_CORRECTED - total number of unique rows - 193
2019-07-23 15:52:49,471 - VO - NL - SPEURDERS - 2019-07-01 00:00:00 - ERROR - STAT - expect_returning_row_unique_count - MODELE_CORRECTED - total number of unique rows - 1430
2019-07-23 15:52:49,471 - VO - NL - SPEURDERS - 2019-07-01 00:00:00 - ERROR - STAT - expect_returning_row_unique_count - CARROSSERIE - total number of unique rows - 49
2019-07-23 15:52:49,471 - VO - NL - SPEURDERS - 2019-07-01 00:00:00 - ERROR - STAT - expect_returning_row_unique_count - CARBURANT - total number of unique rows - 9
2019-07-23 15:52:49,471 - VO - NL - SPEURDERS - 2019-07-01 00:00:00 - ERROR - STAT - expect_column_values_to_not_be_null - CYLINDRE - correctly filled rate (%) - 84.15
2019-07-23 15:52:49,471 - VO - NL - SPEURDERS - 2019-07-01 00:00:00 - ERROR - FILE_CHECK - expect_column_values_to_be_in_type_list - CYLINDRE - Wrong type for value: 1.4 on line 0 should be in ['int']
2019-07-23 15:52:49,471 - VO - NL - SPEURDERS - 2019-07-01 00:00:00 - ERROR - FILE_CHECK - expect_column_values_to_be_in_type_list - CYLINDRE - Wrong type for value: 1.0 on line 1 should be in ['int']
2019-07-23 15:52:49,472 - VO - NL - SPEURDERS - 2019-07-01 00:00:00 - ERROR - FILE_CHECK - expect_column_values_to_be_in_type_list - CYLINDRE - Wrong type for value: 1.6 on line 2 should be in ['int']
2019-07-23 15:52:49,472 - VO - NL - SPEURDERS - 2019-07-01 00:00:00 - ERROR - FILE_CHECK - expect_column_values_to_be_in_type_list - CYLINDRE - Wrong type for value: 1.2 on line 3 should be in ['int']
2019-07-23 15:52:49,472 - VO - NL - SPEURDERS - 2019-07-01 00:00:00 - ERROR - FILE_CHECK - expect_column_values_to_be_in_type_list - CYLINDRE - Wrong type for value: 1.0 on line 4 should be in ['int']
2019-07-23 15:52:49,472 - VO - NL - SPEURDERS - 2019-07-01 00:00:00 - ERROR - FILE_CHECK - expect_column_values_to_be_in_type_list - CYLINDRE - Wrong type for value: 1.2 on line 6 should be in ['int']
2019-07-23 15:52:49,472 - VO - NL - SPEURDERS - 2019-07-01 00:00:00 - ERROR - FILE_CHECK - expect_column_values_to_be_in_type_list - CYLINDRE - Wrong type for value: 1.0 on line 7 should be in ['int']
2019-07-23 15:52:49,472 - VO - NL - SPEURDERS - 2019-07-01 00:00:00 - ERROR - FILE_CHECK - expect_column_values_to_be_in_type_list - CYLINDRE - Wrong type for value: 1.0 on line 8 should be in ['int']
2019-07-23 15:52:49,472 - VO - NL - SPEURDERS - 2019-07-01 00:00:00 - ERROR - FILE_CHECK - expect_column_values_to_be_in_type_list - CYLINDRE - Wrong type for value: 2.0 on line 9 should be in ['int']
2019-07-23 15:52:49,472 - VO - NL - SPEURDERS - 2019-07-01 00:00:00 - ERROR - FILE_CHECK - expect_column_values_to_be_in_type_list - CYLINDRE - Wrong type for value: 1.2 on line 10 should be in ['int']
2019-07-23 15:52:49,472 - VO - NL - SPEURDERS - 2019-07-01 00:00:00 - ERROR - FILE_CHECK - expect_column_values_to_be_in_type_list - CYLINDRE - Wrong type for value: 1.2 on line 11 should be in ['int']
2019-07-23 15:52:49,472 - VO - NL - SPEURDERS - 2019-07-01 00:00:00 - ERROR - FILE_CHECK - expect_column_values_to_be_in_type_list - CYLINDRE - Wrong type for value: 1.0 on line 12 should be in ['int']
2019-07-23 15:52:49,472 - VO - NL - SPEURDERS - 2019-07-01 00:00:00 - ERROR - FILE_CHECK - expect_column_values_to_be_in_type_list - CYLINDRE - Wrong type for value: 1.6 on line 13 should be in ['int']
2019-07-23 15:52:49,473 - VO - NL - SPEURDERS - 2019-07-01 00:00:00 - ERROR - FILE_CHECK - expect_column_values_to_be_in_type_list - CYLINDRE - Wrong type for value: 1.2 on line 14 should be in ['int']
2019-07-23 15:52:49,473 - VO - NL - SPEURDERS - 2019-07-01 00:00:00 - ERROR - FILE_CHECK - expect_column_values_to_be_in_type_list - CYLINDRE - Wrong type for value: 1.0 on line 15 should be in ['int']
2019-07-23 15:52:49,473 - VO - NL - SPEURDERS - 2019-07-01 00:00:00 - ERROR - FILE_CHECK - expect_column_values_to_be_in_type_list - CYLINDRE - Wrong type for value: 2.0 on line 16 should be in ['int']
2019-07-23 15:52:49,473 - VO - NL - SPEURDERS - 2019-07-01 00:00:00 - ERROR - FILE_CHECK - expect_column_values_to_be_in_type_list - CYLINDRE - Wrong type for value: 2.3 on line 18 should be in ['int']
2019-07-23 15:52:49,473 - VO - NL - SPEURDERS - 2019-07-01 00:00:00 - ERROR - FILE_CHECK - expect_column_values_to_be_in_type_list - CYLINDRE - Wrong type for value: 1.5 on line 19 should be in ['int']
2019-07-23 15:52:49,473 - VO - NL - SPEURDERS - 2019-07-01 00:00:00 - ERROR - FILE_CHECK - expect_column_values_to_be_in_type_list - CYLINDRE - Wrong type for value: 2.3 on line 20 should be in ['int']
2019-07-23 15:52:49,473 - VO - NL - SPEURDERS - 2019-07-01 00:00:00 - ERROR - FILE_CHECK - expect_column_values_to_be_in_type_list - CYLINDRE - Wrong type for value: 2.5 on line 21 should be in ['int']
2019-07-23 15:52:49,473 - VO - NL - SPEURDERS - 2019-07-01 00:00:00 - ERROR - STAT - expect_column_values_to_be_in_type_list - CYLINDRE - correctly filled rate (%) - 0.0
2019-07-23 15:52:49,473 - VO - NL - SPEURDERS - 2019-07-01 00:00:00 - ERROR - STAT - expect_returning_row_unique_count - PROVINCE - total number of unique rows - 54
2019-07-23 15:52:49,473 - VO - NL - SPEURDERS - 2019-07-01 00:00:00 - ERROR - STAT - expect_returning_row_unique_count - VILLE - total number of unique rows - 1879
2019-07-23 15:52:49,473 - VO - NL - SPEURDERS - 2019-07-01 00:00:00 - ERROR - STAT - expect_returning_row_unique_count - DEPARTEMENT - total number of unique rows - 0
