2019-08-30 13:42:08,702 - CAMION - DE - MACHINERYZONE - 2019-08-01 00:00:00 - ERROR - STAT - expect_column_values_to_not_be_null - ADRESSE - correctly filled rate (%) - 96.92
2019-08-30 13:42:08,703 - CAMION - DE - MACHINERYZONE - 2019-08-01 00:00:00 - ERROR - STAT - expect_column_values_to_be_in_type_list - ANNEE - correctly filled rate (%) - 100.0
2019-08-30 13:42:08,703 - CAMION - DE - MACHINERYZONE - 2019-08-01 00:00:00 - ERROR - FILE_CHECK - expect_column_values_to_be_between - ANNEE - Unexpected value: 0 on line 1, value should be between 1980 and 2019
2019-08-30 13:42:08,703 - CAMION - DE - MACHINERYZONE - 2019-08-01 00:00:00 - ERROR - FILE_CHECK - expect_column_values_to_be_between - ANNEE - Unexpected value: 0 on line 2, value should be between 1980 and 2019
2019-08-30 13:42:08,703 - CAMION - DE - MACHINERYZONE - 2019-08-01 00:00:00 - ERROR - FILE_CHECK - expect_column_values_to_be_between - ANNEE - Unexpected value: 0 on line 4, value should be between 1980 and 2019
2019-08-30 13:42:08,703 - CAMION - DE - MACHINERYZONE - 2019-08-01 00:00:00 - ERROR - FILE_CHECK - expect_column_values_to_be_between - ANNEE - Unexpected value: 0 on line 7, value should be between 1980 and 2019
2019-08-30 13:42:08,703 - CAMION - DE - MACHINERYZONE - 2019-08-01 00:00:00 - ERROR - FILE_CHECK - expect_column_values_to_be_between - ANNEE - Unexpected value: 0 on line 10, value should be between 1980 and 2019
2019-08-30 13:42:08,703 - CAMION - DE - MACHINERYZONE - 2019-08-01 00:00:00 - ERROR - FILE_CHECK - expect_column_values_to_be_between - ANNEE - Unexpected value: 0 on line 11, value should be between 1980 and 2019
2019-08-30 13:42:08,703 - CAMION - DE - MACHINERYZONE - 2019-08-01 00:00:00 - ERROR - FILE_CHECK - expect_column_values_to_be_between - ANNEE - Unexpected value: 0 on line 12, value should be between 1980 and 2019
2019-08-30 13:42:08,703 - CAMION - DE - MACHINERYZONE - 2019-08-01 00:00:00 - ERROR - FILE_CHECK - expect_column_values_to_be_between - ANNEE - Unexpected value: 0 on line 13, value should be between 1980 and 2019
2019-08-30 13:42:08,703 - CAMION - DE - MACHINERYZONE - 2019-08-01 00:00:00 - ERROR - FILE_CHECK - expect_column_values_to_be_between - ANNEE - Unexpected value: 0 on line 14, value should be between 1980 and 2019
2019-08-30 13:42:08,703 - CAMION - DE - MACHINERYZONE - 2019-08-01 00:00:00 - ERROR - FILE_CHECK - expect_column_values_to_be_between - ANNEE - Unexpected value: 0 on line 15, value should be between 1980 and 2019
2019-08-30 13:42:08,703 - CAMION - DE - MACHINERYZONE - 2019-08-01 00:00:00 - ERROR - FILE_CHECK - expect_column_values_to_be_between - ANNEE - Unexpected value: 0 on line 16, value should be between 1980 and 2019
2019-08-30 13:42:08,703 - CAMION - DE - MACHINERYZONE - 2019-08-01 00:00:00 - ERROR - FILE_CHECK - expect_column_values_to_be_between - ANNEE - Unexpected value: 0 on line 17, value should be between 1980 and 2019
2019-08-30 13:42:08,703 - CAMION - DE - MACHINERYZONE - 2019-08-01 00:00:00 - ERROR - FILE_CHECK - expect_column_values_to_be_between - ANNEE - Unexpected value: 0 on line 18, value should be between 1980 and 2019
2019-08-30 13:42:08,703 - CAMION - DE - MACHINERYZONE - 2019-08-01 00:00:00 - ERROR - FILE_CHECK - expect_column_values_to_be_between - ANNEE - Unexpected value: 0 on line 19, value should be between 1980 and 2019
2019-08-30 13:42:08,703 - CAMION - DE - MACHINERYZONE - 2019-08-01 00:00:00 - ERROR - FILE_CHECK - expect_column_values_to_be_between - ANNEE - Unexpected value: 0 on line 20, value should be between 1980 and 2019
2019-08-30 13:42:08,703 - CAMION - DE - MACHINERYZONE - 2019-08-01 00:00:00 - ERROR - FILE_CHECK - expect_column_values_to_be_between - ANNEE - Unexpected value: 0 on line 21, value should be between 1980 and 2019
2019-08-30 13:42:08,703 - CAMION - DE - MACHINERYZONE - 2019-08-01 00:00:00 - ERROR - FILE_CHECK - expect_column_values_to_be_between - ANNEE - Unexpected value: 0 on line 22, value should be between 1980 and 2019
2019-08-30 13:42:08,703 - CAMION - DE - MACHINERYZONE - 2019-08-01 00:00:00 - ERROR - FILE_CHECK - expect_column_values_to_be_between - ANNEE - Unexpected value: 0 on line 23, value should be between 1980 and 2019
2019-08-30 13:42:08,704 - CAMION - DE - MACHINERYZONE - 2019-08-01 00:00:00 - ERROR - FILE_CHECK - expect_column_values_to_be_between - ANNEE - Unexpected value: 0 on line 24, value should be between 1980 and 2019
2019-08-30 13:42:08,704 - CAMION - DE - MACHINERYZONE - 2019-08-01 00:00:00 - ERROR - FILE_CHECK - expect_column_values_to_be_between - ANNEE - Unexpected value: 0 on line 25, value should be between 1980 and 2019
2019-08-30 13:42:08,704 - CAMION - DE - MACHINERYZONE - 2019-08-01 00:00:00 - ERROR - STAT - expect_column_values_to_be_between - ANNEE - correctly filled rate (%) - 51.03
2019-08-30 13:42:08,704 - CAMION - DE - MACHINERYZONE - 2019-08-01 00:00:00 - ERROR - STAT - expect_column_values_to_not_be_null - ANNEE - correctly filled rate (%) - 100.0
2019-08-30 13:42:08,704 - CAMION - DE - MACHINERYZONE - 2019-08-01 00:00:00 - ERROR - FILE_CHECK - expect_column_values_to_match_regex - ANNEE - Unexpected value: 0 on line 1, value should match regexp ^[0-9]{4}$
2019-08-30 13:42:08,704 - CAMION - DE - MACHINERYZONE - 2019-08-01 00:00:00 - ERROR - FILE_CHECK - expect_column_values_to_match_regex - ANNEE - Unexpected value: 0 on line 2, value should match regexp ^[0-9]{4}$
2019-08-30 13:42:08,704 - CAMION - DE - MACHINERYZONE - 2019-08-01 00:00:00 - ERROR - FILE_CHECK - expect_column_values_to_match_regex - ANNEE - Unexpected value: 0 on line 4, value should match regexp ^[0-9]{4}$
2019-08-30 13:42:08,704 - CAMION - DE - MACHINERYZONE - 2019-08-01 00:00:00 - ERROR - FILE_CHECK - expect_column_values_to_match_regex - ANNEE - Unexpected value: 0 on line 7, value should match regexp ^[0-9]{4}$
2019-08-30 13:42:08,704 - CAMION - DE - MACHINERYZONE - 2019-08-01 00:00:00 - ERROR - FILE_CHECK - expect_column_values_to_match_regex - ANNEE - Unexpected value: 0 on line 10, value should match regexp ^[0-9]{4}$
2019-08-30 13:42:08,704 - CAMION - DE - MACHINERYZONE - 2019-08-01 00:00:00 - ERROR - FILE_CHECK - expect_column_values_to_match_regex - ANNEE - Unexpected value: 0 on line 11, value should match regexp ^[0-9]{4}$
2019-08-30 13:42:08,704 - CAMION - DE - MACHINERYZONE - 2019-08-01 00:00:00 - ERROR - FILE_CHECK - expect_column_values_to_match_regex - ANNEE - Unexpected value: 0 on line 12, value should match regexp ^[0-9]{4}$
2019-08-30 13:42:08,704 - CAMION - DE - MACHINERYZONE - 2019-08-01 00:00:00 - ERROR - FILE_CHECK - expect_column_values_to_match_regex - ANNEE - Unexpected value: 0 on line 13, value should match regexp ^[0-9]{4}$
2019-08-30 13:42:08,704 - CAMION - DE - MACHINERYZONE - 2019-08-01 00:00:00 - ERROR - FILE_CHECK - expect_column_values_to_match_regex - ANNEE - Unexpected value: 0 on line 14, value should match regexp ^[0-9]{4}$
2019-08-30 13:42:08,704 - CAMION - DE - MACHINERYZONE - 2019-08-01 00:00:00 - ERROR - FILE_CHECK - expect_column_values_to_match_regex - ANNEE - Unexpected value: 0 on line 15, value should match regexp ^[0-9]{4}$
2019-08-30 13:42:08,704 - CAMION - DE - MACHINERYZONE - 2019-08-01 00:00:00 - ERROR - FILE_CHECK - expect_column_values_to_match_regex - ANNEE - Unexpected value: 0 on line 16, value should match regexp ^[0-9]{4}$
2019-08-30 13:42:08,704 - CAMION - DE - MACHINERYZONE - 2019-08-01 00:00:00 - ERROR - FILE_CHECK - expect_column_values_to_match_regex - ANNEE - Unexpected value: 0 on line 17, value should match regexp ^[0-9]{4}$
2019-08-30 13:42:08,704 - CAMION - DE - MACHINERYZONE - 2019-08-01 00:00:00 - ERROR - FILE_CHECK - expect_column_values_to_match_regex - ANNEE - Unexpected value: 0 on line 18, value should match regexp ^[0-9]{4}$
2019-08-30 13:42:08,704 - CAMION - DE - MACHINERYZONE - 2019-08-01 00:00:00 - ERROR - FILE_CHECK - expect_column_values_to_match_regex - ANNEE - Unexpected value: 0 on line 19, value should match regexp ^[0-9]{4}$
2019-08-30 13:42:08,705 - CAMION - DE - MACHINERYZONE - 2019-08-01 00:00:00 - ERROR - FILE_CHECK - expect_column_values_to_match_regex - ANNEE - Unexpected value: 0 on line 20, value should match regexp ^[0-9]{4}$
2019-08-30 13:42:08,705 - CAMION - DE - MACHINERYZONE - 2019-08-01 00:00:00 - ERROR - FILE_CHECK - expect_column_values_to_match_regex - ANNEE - Unexpected value: 0 on line 21, value should match regexp ^[0-9]{4}$
2019-08-30 13:42:08,705 - CAMION - DE - MACHINERYZONE - 2019-08-01 00:00:00 - ERROR - FILE_CHECK - expect_column_values_to_match_regex - ANNEE - Unexpected value: 0 on line 22, value should match regexp ^[0-9]{4}$
2019-08-30 13:42:08,705 - CAMION - DE - MACHINERYZONE - 2019-08-01 00:00:00 - ERROR - FILE_CHECK - expect_column_values_to_match_regex - ANNEE - Unexpected value: 0 on line 23, value should match regexp ^[0-9]{4}$
2019-08-30 13:42:08,705 - CAMION - DE - MACHINERYZONE - 2019-08-01 00:00:00 - ERROR - FILE_CHECK - expect_column_values_to_match_regex - ANNEE - Unexpected value: 0 on line 24, value should match regexp ^[0-9]{4}$
2019-08-30 13:42:08,705 - CAMION - DE - MACHINERYZONE - 2019-08-01 00:00:00 - ERROR - FILE_CHECK - expect_column_values_to_match_regex - ANNEE - Unexpected value: 0 on line 25, value should match regexp ^[0-9]{4}$
2019-08-30 13:42:08,705 - CAMION - DE - MACHINERYZONE - 2019-08-01 00:00:00 - ERROR - STAT - expect_column_values_to_match_regex - ANNEE - correctly filled rate (%) - 51.19
2019-08-30 13:42:08,705 - CAMION - DE - MACHINERYZONE - 2019-08-01 00:00:00 - ERROR - STAT - expect_column_values_to_not_be_null - ANNONCE_LINK - correctly filled rate (%) - 100.0
2019-08-30 13:42:08,705 - CAMION - DE - MACHINERYZONE - 2019-08-01 00:00:00 - ERROR - STAT - expect_column_values_to_be_unique - ANNONCE_LINK - observed proportion - 100.0
2019-08-30 13:42:08,705 - CAMION - DE - MACHINERYZONE - 2019-08-01 00:00:00 - ERROR - STAT - expect_column_values_to_not_be_null - CARBURANT - correctly filled rate (%) - 0.42
2019-08-30 13:42:08,705 - CAMION - DE - MACHINERYZONE - 2019-08-01 00:00:00 - ERROR - STAT - expect_column_values_to_not_be_null - CARROSSERIE - correctly filled rate (%) - 100.0
2019-08-30 13:42:08,705 - CAMION - DE - MACHINERYZONE - 2019-08-01 00:00:00 - ERROR - STAT - expect_column_values_to_not_be_null - CP - correctly filled rate (%) - 100.0
2019-08-30 13:42:08,705 - CAMION - DE - MACHINERYZONE - 2019-08-01 00:00:00 - ERROR - STAT - expect_column_values_to_match_regex - CP - correctly filled rate (%) - 99.93
2019-08-30 13:42:08,705 - CAMION - DE - MACHINERYZONE - 2019-08-01 00:00:00 - ERROR - STAT - expect_column_values_to_not_be_null - GARAGE_ID - correctly filled rate (%) - 82.14
2019-08-30 13:42:08,705 - CAMION - DE - MACHINERYZONE - 2019-08-01 00:00:00 - ERROR - STAT - expect_column_values_to_not_be_null - ID_CLIENT - correctly filled rate (%) - 100.0
2019-08-30 13:42:08,705 - CAMION - DE - MACHINERYZONE - 2019-08-01 00:00:00 - ERROR - STAT - expect_column_values_to_be_unique - ID_CLIENT - observed proportion - 100.0
2019-08-30 13:42:08,705 - CAMION - DE - MACHINERYZONE - 2019-08-01 00:00:00 - ERROR - STAT - expect_returning_row_count - EVERY_COLUMNS - total number of rows - 6909
2019-08-30 13:42:08,705 - CAMION - DE - MACHINERYZONE - 2019-08-01 00:00:00 - ERROR - STAT - expect_column_values_to_not_be_null - IMMAT - correctly filled rate (%) - 100.0
2019-08-30 13:42:08,706 - CAMION - DE - MACHINERYZONE - 2019-08-01 00:00:00 - ERROR - STAT - expect_column_values_to_be_in_type_list - KM - correctly filled rate (%) - 100.0
2019-08-30 13:42:08,706 - CAMION - DE - MACHINERYZONE - 2019-08-01 00:00:00 - ERROR - STAT - expect_column_values_to_not_be_null - KM - correctly filled rate (%) - 100.0
2019-08-30 13:42:08,706 - CAMION - DE - MACHINERYZONE - 2019-08-01 00:00:00 - ERROR - STAT - expect_column_values_to_be_in_type_list - LITRE - correctly filled rate (%) - 100.0
2019-08-30 13:42:08,706 - CAMION - DE - MACHINERYZONE - 2019-08-01 00:00:00 - ERROR - STAT - expect_column_values_to_not_be_null - LITRE - correctly filled rate (%) - 100.0
2019-08-30 13:42:08,706 - CAMION - DE - MACHINERYZONE - 2019-08-01 00:00:00 - ERROR - STAT - expect_column_values_to_not_be_null - MARQUE - correctly filled rate (%) - 99.28
2019-08-30 13:42:08,706 - CAMION - DE - MACHINERYZONE - 2019-08-01 00:00:00 - ERROR - STAT - expect_column_values_to_not_be_null - MODELE - correctly filled rate (%) - 57.58
2019-08-30 13:42:08,706 - CAMION - DE - MACHINERYZONE - 2019-08-01 00:00:00 - ERROR - STAT - expect_column_values_to_not_be_null - NOM - correctly filled rate (%) - 100.0
2019-08-30 13:42:08,706 - CAMION - DE - MACHINERYZONE - 2019-08-01 00:00:00 - ERROR - FILE_CHECK - expect_column_value_lengths_to_be_between - NOM - Unexpected characters count of: [Weber CR7...] on line  0, value length should be between 10 and 255
2019-08-30 13:42:08,706 - CAMION - DE - MACHINERYZONE - 2019-08-01 00:00:00 - ERROR - FILE_CHECK - expect_column_value_lengths_to_be_between - NOM - Unexpected characters count of: [JCB 8018...] on line  8, value length should be between 10 and 255
2019-08-30 13:42:08,706 - CAMION - DE - MACHINERYZONE - 2019-08-01 00:00:00 - ERROR - FILE_CHECK - expect_column_value_lengths_to_be_between - NOM - Unexpected characters count of: [Frumecar...] on line  98, value length should be between 10 and 255
2019-08-30 13:42:08,706 - CAMION - DE - MACHINERYZONE - 2019-08-01 00:00:00 - ERROR - FILE_CHECK - expect_column_value_lengths_to_be_between - NOM - Unexpected characters count of: [Frumecar...] on line  105, value length should be between 10 and 255
2019-08-30 13:42:08,706 - CAMION - DE - MACHINERYZONE - 2019-08-01 00:00:00 - ERROR - FILE_CHECK - expect_column_value_lengths_to_be_between - NOM - Unexpected characters count of: [Frumecar...] on line  135, value length should be between 10 and 255
2019-08-30 13:42:08,706 - CAMION - DE - MACHINERYZONE - 2019-08-01 00:00:00 - ERROR - FILE_CHECK - expect_column_value_lengths_to_be_between - NOM - Unexpected characters count of: [Frumecar...] on line  136, value length should be between 10 and 255
2019-08-30 13:42:08,706 - CAMION - DE - MACHINERYZONE - 2019-08-01 00:00:00 - ERROR - FILE_CHECK - expect_column_value_lengths_to_be_between - NOM - Unexpected characters count of: [JCB 8010...] on line  144, value length should be between 10 and 255
2019-08-30 13:42:08,706 - CAMION - DE - MACHINERYZONE - 2019-08-01 00:00:00 - ERROR - FILE_CHECK - expect_column_value_lengths_to_be_between - NOM - Unexpected characters count of: [JCB 67C-I...] on line  162, value length should be between 10 and 255
2019-08-30 13:42:08,706 - CAMION - DE - MACHINERYZONE - 2019-08-01 00:00:00 - ERROR - FILE_CHECK - expect_column_value_lengths_to_be_between - NOM - Unexpected characters count of: [Frumecar...] on line  176, value length should be between 10 and 255
2019-08-30 13:42:08,706 - CAMION - DE - MACHINERYZONE - 2019-08-01 00:00:00 - ERROR - FILE_CHECK - expect_column_value_lengths_to_be_between - NOM - Unexpected characters count of: [Hamm 3307...] on line  225, value length should be between 10 and 255
2019-08-30 13:42:08,706 - CAMION - DE - MACHINERYZONE - 2019-08-01 00:00:00 - ERROR - FILE_CHECK - expect_column_value_lengths_to_be_between - NOM - Unexpected characters count of: [JCB 436...] on line  273, value length should be between 10 and 255
2019-08-30 13:42:08,707 - CAMION - DE - MACHINERYZONE - 2019-08-01 00:00:00 - ERROR - FILE_CHECK - expect_column_value_lengths_to_be_between - NOM - Unexpected characters count of: [Epoke PB...] on line  306, value length should be between 10 and 255
2019-08-30 13:42:08,707 - CAMION - DE - MACHINERYZONE - 2019-08-01 00:00:00 - ERROR - FILE_CHECK - expect_column_value_lengths_to_be_between - NOM - Unexpected characters count of: [JCB 403...] on line  320, value length should be between 10 and 255
2019-08-30 13:42:08,707 - CAMION - DE - MACHINERYZONE - 2019-08-01 00:00:00 - ERROR - FILE_CHECK - expect_column_value_lengths_to_be_between - NOM - Unexpected characters count of: [JCB 409...] on line  398, value length should be between 10 and 255
2019-08-30 13:42:08,707 - CAMION - DE - MACHINERYZONE - 2019-08-01 00:00:00 - ERROR - FILE_CHECK - expect_column_value_lengths_to_be_between - NOM - Unexpected characters count of: [JCB 409...] on line  399, value length should be between 10 and 255
2019-08-30 13:42:08,707 - CAMION - DE - MACHINERYZONE - 2019-08-01 00:00:00 - ERROR - FILE_CHECK - expect_column_value_lengths_to_be_between - NOM - Unexpected characters count of: [JCB 409...] on line  400, value length should be between 10 and 255
2019-08-30 13:42:08,707 - CAMION - DE - MACHINERYZONE - 2019-08-01 00:00:00 - ERROR - FILE_CHECK - expect_column_value_lengths_to_be_between - NOM - Unexpected characters count of: [Frumecar...] on line  465, value length should be between 10 and 255
2019-08-30 13:42:08,707 - CAMION - DE - MACHINERYZONE - 2019-08-01 00:00:00 - ERROR - FILE_CHECK - expect_column_value_lengths_to_be_between - NOM - Unexpected characters count of: [JCB 403...] on line  468, value length should be between 10 and 255
2019-08-30 13:42:08,707 - CAMION - DE - MACHINERYZONE - 2019-08-01 00:00:00 - ERROR - FILE_CHECK - expect_column_value_lengths_to_be_between - NOM - Unexpected characters count of: [Manitou...] on line  492, value length should be between 10 and 255
2019-08-30 13:42:08,707 - CAMION - DE - MACHINERYZONE - 2019-08-01 00:00:00 - ERROR - FILE_CHECK - expect_column_value_lengths_to_be_between - NOM - Unexpected characters count of: [JCB 48Z-1...] on line  529, value length should be between 10 and 255
2019-08-30 13:42:08,707 - CAMION - DE - MACHINERYZONE - 2019-08-01 00:00:00 - ERROR - STAT - expect_column_value_lengths_to_be_between - NOM - correctly filled rate (%) - 97.96
2019-08-30 13:42:08,707 - CAMION - DE - MACHINERYZONE - 2019-08-01 00:00:00 - ERROR - STAT - expect_column_values_to_not_be_null - OPTIONS - correctly filled rate (%) - 0.0
2019-08-30 13:42:08,707 - CAMION - DE - MACHINERYZONE - 2019-08-01 00:00:00 - ERROR - STAT - expect_column_values_to_be_in_type_list - PHOTO - correctly filled rate (%) - 100.0
2019-08-30 13:42:08,707 - CAMION - DE - MACHINERYZONE - 2019-08-01 00:00:00 - ERROR - STAT - expect_column_values_to_not_be_null - PHOTO - correctly filled rate (%) - 100.0
2019-08-30 13:42:08,707 - CAMION - DE - MACHINERYZONE - 2019-08-01 00:00:00 - ERROR - STAT - expect_column_values_to_not_be_null - PLACE - correctly filled rate (%) - 0.0
2019-08-30 13:42:08,707 - CAMION - DE - MACHINERYZONE - 2019-08-01 00:00:00 - ERROR - STAT - expect_column_values_to_not_be_null - PORTE - correctly filled rate (%) - 0.0
2019-08-30 13:42:08,707 - CAMION - DE - MACHINERYZONE - 2019-08-01 00:00:00 - ERROR - STAT - expect_column_values_to_be_in_type_list - PRIX - correctly filled rate (%) - 100.0
2019-08-30 13:42:08,707 - CAMION - DE - MACHINERYZONE - 2019-08-01 00:00:00 - ERROR - STAT - expect_column_values_to_not_be_null - PRIX - correctly filled rate (%) - 100.0
2019-08-30 13:42:08,708 - CAMION - DE - MACHINERYZONE - 2019-08-01 00:00:00 - ERROR - STAT - expect_column_values_to_not_be_null - PROVINCE - correctly filled rate (%) - 0.0
2019-08-30 13:42:08,708 - CAMION - DE - MACHINERYZONE - 2019-08-01 00:00:00 - ERROR - STAT - expect_column_values_to_not_be_null - SITE - correctly filled rate (%) - 100.0
2019-08-30 13:42:08,708 - CAMION - DE - MACHINERYZONE - 2019-08-01 00:00:00 - ERROR - STAT - expect_column_values_to_not_be_null - TELEPHONE - correctly filled rate (%) - 100.0
2019-08-30 13:42:08,708 - CAMION - DE - MACHINERYZONE - 2019-08-01 00:00:00 - ERROR - STAT - expect_column_values_to_be_phone_number - TELEPHONE - correctly filled rate (%) - 100.0
2019-08-30 13:42:08,708 - CAMION - DE - MACHINERYZONE - 2019-08-01 00:00:00 - ERROR - STAT - expect_column_values_to_not_be_null - TYPE - correctly filled rate (%) - 100.0
2019-08-30 13:42:08,708 - CAMION - DE - MACHINERYZONE - 2019-08-01 00:00:00 - ERROR - STAT - expect_column_values_to_be_in_set_2 - TYPE - observed proportion - 100.0
2019-08-30 13:42:08,708 - CAMION - DE - MACHINERYZONE - 2019-08-01 00:00:00 - ERROR - STAT - expect_column_values_to_not_be_null - VILLE - correctly filled rate (%) - 100.0
2019-08-30 13:42:08,708 - CAMION - DE - MACHINERYZONE - 2019-08-01 00:00:00 - ERROR - STAT - expect_column_values_to_not_be_null - VN_IND - correctly filled rate (%) - 0.0
2019-08-30 13:42:08,708 - CAMION - DE - MACHINERYZONE - 2019-08-01 00:00:00 - ERROR - STAT - expect_returning_row_unique_count - MARQUE_CORRECTED - total number of unique rows - 2114
2019-08-30 13:42:08,708 - CAMION - DE - MACHINERYZONE - 2019-08-01 00:00:00 - ERROR - STAT - expect_returning_row_unique_count - MODELE_CORRECTED - total number of unique rows - 2152
2019-08-30 13:42:08,708 - CAMION - DE - MACHINERYZONE - 2019-08-01 00:00:00 - ERROR - STAT - expect_returning_row_unique_count - CARROSSERIE - total number of unique rows - 86
2019-08-30 13:42:08,708 - CAMION - DE - MACHINERYZONE - 2019-08-01 00:00:00 - ERROR - STAT - expect_returning_row_unique_count - CARBURANT - total number of unique rows - 15
2019-08-30 13:42:08,708 - CAMION - DE - MACHINERYZONE - 2019-08-01 00:00:00 - ERROR - STAT - expect_column_values_to_not_be_null - CYLINDRE - correctly filled rate (%) - 0.0
2019-08-30 13:42:08,708 - CAMION - DE - MACHINERYZONE - 2019-08-01 00:00:00 - ERROR - STAT - expect_returning_row_unique_count - PROVINCE - total number of unique rows - 0
2019-08-30 13:42:08,708 - CAMION - DE - MACHINERYZONE - 2019-08-01 00:00:00 - ERROR - STAT - expect_returning_row_unique_count - VILLE - total number of unique rows - 338
2019-08-30 13:42:08,708 - CAMION - DE - MACHINERYZONE - 2019-08-01 00:00:00 - ERROR - STAT - expect_returning_row_unique_count - DEPARTEMENT - total number of unique rows - 0
2019-08-30 13:42:08,708 - CAMION - DE - MACHINERYZONE - 2019-08-01 00:00:00 - ERROR - STAT - expect_returning_row_count_on_conditions - DEALER_USEDCARS - total number of row with conditions - 6909
2019-08-30 13:42:08,708 - CAMION - DE - MACHINERYZONE - 2019-08-01 00:00:00 - ERROR - STAT - expect_returning_row_count_on_conditions - PRIVATE_USEDCARS - total number of row with conditions - 0
2019-08-30 13:42:08,709 - CAMION - DE - MACHINERYZONE - 2019-08-01 00:00:00 - ERROR - STAT - expect_returning_row_count_on_conditions - TRUCKS - total number of row with conditions - 205
2019-08-30 13:42:08,709 - CAMION - DE - MACHINERYZONE - 2019-08-01 00:00:00 - ERROR - STAT - expect_returning_row_count_on_conditions - TRACTOR UNITS - total number of row with conditions - 105
2019-08-30 13:42:08,709 - CAMION - DE - MACHINERYZONE - 2019-08-01 00:00:00 - ERROR - STAT - expect_returning_row_count_on_conditions - TRAILERS - total number of row with conditions - 78
2019-08-30 13:42:08,709 - CAMION - DE - MACHINERYZONE - 2019-08-01 00:00:00 - ERROR - STAT - expect_returning_row_count_on_conditions - VANS - total number of row with conditions - 21
2019-08-30 13:42:08,709 - CAMION - DE - MACHINERYZONE - 2019-08-01 00:00:00 - ERROR - STAT - expect_returning_row_count_on_conditions - HEAVY EQUIPMENTS - total number of row with conditions - 6358
2019-08-30 13:42:08,709 - CAMION - DE - MACHINERYZONE - 2019-08-01 00:00:00 - ERROR - STAT - expect_returning_row_count_on_conditions - SEMI TRAILERS - total number of row with conditions - 142
2019-08-30 13:42:08,709 - CAMION - DE - MACHINERYZONE - 2019-08-01 00:00:00 - ERROR - STAT - expect_returning_row_count_on_conditions - DEALER_TRUCKS - total number of row with conditions - 205
2019-08-30 13:42:08,709 - CAMION - DE - MACHINERYZONE - 2019-08-01 00:00:00 - ERROR - STAT - expect_returning_row_count_on_conditions - PRIVATE_TRUCKS - total number of row with conditions - 0
2019-08-30 13:42:08,709 - CAMION - DE - MACHINERYZONE - 2019-08-01 00:00:00 - ERROR - STAT - expect_returning_row_count_on_conditions - DEALER_TRACTOR UNITS - total number of row with conditions - 105
2019-08-30 13:42:08,709 - CAMION - DE - MACHINERYZONE - 2019-08-01 00:00:00 - ERROR - STAT - expect_returning_row_count_on_conditions - PRIVATE_TRACTOR UNITS - total number of row with conditions - 0
2019-08-30 13:42:08,709 - CAMION - DE - MACHINERYZONE - 2019-08-01 00:00:00 - ERROR - STAT - expect_returning_row_count_on_conditions - DEALER_TRAILERS - total number of row with conditions - 78
2019-08-30 13:42:08,709 - CAMION - DE - MACHINERYZONE - 2019-08-01 00:00:00 - ERROR - STAT - expect_returning_row_count_on_conditions - PRIVATE_TRAILERS - total number of row with conditions - 0
2019-08-30 13:42:08,709 - CAMION - DE - MACHINERYZONE - 2019-08-01 00:00:00 - ERROR - STAT - expect_returning_row_count_on_conditions - DEALER_VANS - total number of row with conditions - 21
2019-08-30 13:42:08,709 - CAMION - DE - MACHINERYZONE - 2019-08-01 00:00:00 - ERROR - STAT - expect_returning_row_count_on_conditions - PRIVATE_VANS - total number of row with conditions - 0
2019-08-30 13:42:08,709 - CAMION - DE - MACHINERYZONE - 2019-08-01 00:00:00 - ERROR - STAT - expect_returning_row_count_on_conditions - DEALER_HEAVY EQUIPMENTS - total number of row with conditions - 6358
2019-08-30 13:42:08,709 - CAMION - DE - MACHINERYZONE - 2019-08-01 00:00:00 - ERROR - STAT - expect_returning_row_count_on_conditions - PRIVATE_HEAVY EQUIPMENTS - total number of row with conditions - 0
2019-08-30 13:42:08,709 - CAMION - DE - MACHINERYZONE - 2019-08-01 00:00:00 - ERROR - STAT - expect_returning_row_count_on_conditions - DEALER_SEMI TRAILERS - total number of row with conditions - 142
2019-08-30 13:42:08,709 - CAMION - DE - MACHINERYZONE - 2019-08-01 00:00:00 - ERROR - STAT - expect_returning_row_count_on_conditions - PRIVATE_SEMI TRAILERS - total number of row with conditions - 0
