2019-10-02 19:03:32,322 - NPV - CA - KIJIJI - 2019-09-01 00:00:00 - ERROR - STAT - expect_column_values_to_not_be_null - ADRESSE - correctly filled rate (%) - 52.86
2019-10-02 19:03:32,322 - NPV - CA - KIJIJI - 2019-09-01 00:00:00 - ERROR - STAT - expect_column_values_to_be_in_type_list - ANNEE - correctly filled rate (%) - 100.0
2019-10-02 19:03:32,322 - NPV - CA - KIJIJI - 2019-09-01 00:00:00 - ERROR - FILE_CHECK - expect_column_values_to_be_between - ANNEE - Unexpected value: 0 on line 0, value should be between 1980 and 2019
2019-10-02 19:03:32,322 - NPV - CA - KIJIJI - 2019-09-01 00:00:00 - ERROR - FILE_CHECK - expect_column_values_to_be_between - ANNEE - Unexpected value: 0 on line 1, value should be between 1980 and 2019
2019-10-02 19:03:32,322 - NPV - CA - KIJIJI - 2019-09-01 00:00:00 - ERROR - FILE_CHECK - expect_column_values_to_be_between - ANNEE - Unexpected value: 1977 on line 4, value should be between 1980 and 2019
2019-10-02 19:03:32,322 - NPV - CA - KIJIJI - 2019-09-01 00:00:00 - ERROR - FILE_CHECK - expect_column_values_to_be_between - ANNEE - Unexpected value: 0 on line 7, value should be between 1980 and 2019
2019-10-02 19:03:32,322 - NPV - CA - KIJIJI - 2019-09-01 00:00:00 - ERROR - FILE_CHECK - expect_column_values_to_be_between - ANNEE - Unexpected value: 0 on line 8, value should be between 1980 and 2019
2019-10-02 19:03:32,322 - NPV - CA - KIJIJI - 2019-09-01 00:00:00 - ERROR - FILE_CHECK - expect_column_values_to_be_between - ANNEE - Unexpected value: 1976 on line 11, value should be between 1980 and 2019
2019-10-02 19:03:32,322 - NPV - CA - KIJIJI - 2019-09-01 00:00:00 - ERROR - FILE_CHECK - expect_column_values_to_be_between - ANNEE - Unexpected value: 0 on line 14, value should be between 1980 and 2019
2019-10-02 19:03:32,322 - NPV - CA - KIJIJI - 2019-09-01 00:00:00 - ERROR - FILE_CHECK - expect_column_values_to_be_between - ANNEE - Unexpected value: 0 on line 21, value should be between 1980 and 2019
2019-10-02 19:03:32,322 - NPV - CA - KIJIJI - 2019-09-01 00:00:00 - ERROR - FILE_CHECK - expect_column_values_to_be_between - ANNEE - Unexpected value: 1975 on line 23, value should be between 1980 and 2019
2019-10-02 19:03:32,323 - NPV - CA - KIJIJI - 2019-09-01 00:00:00 - ERROR - FILE_CHECK - expect_column_values_to_be_between - ANNEE - Unexpected value: 0 on line 28, value should be between 1980 and 2019
2019-10-02 19:03:32,323 - NPV - CA - KIJIJI - 2019-09-01 00:00:00 - ERROR - FILE_CHECK - expect_column_values_to_be_between - ANNEE - Unexpected value: 0 on line 29, value should be between 1980 and 2019
2019-10-02 19:03:32,323 - NPV - CA - KIJIJI - 2019-09-01 00:00:00 - ERROR - FILE_CHECK - expect_column_values_to_be_between - ANNEE - Unexpected value: 0 on line 31, value should be between 1980 and 2019
2019-10-02 19:03:32,323 - NPV - CA - KIJIJI - 2019-09-01 00:00:00 - ERROR - FILE_CHECK - expect_column_values_to_be_between - ANNEE - Unexpected value: 0 on line 32, value should be between 1980 and 2019
2019-10-02 19:03:32,323 - NPV - CA - KIJIJI - 2019-09-01 00:00:00 - ERROR - FILE_CHECK - expect_column_values_to_be_between - ANNEE - Unexpected value: 0 on line 34, value should be between 1980 and 2019
2019-10-02 19:03:32,323 - NPV - CA - KIJIJI - 2019-09-01 00:00:00 - ERROR - FILE_CHECK - expect_column_values_to_be_between - ANNEE - Unexpected value: 0 on line 40, value should be between 1980 and 2019
2019-10-02 19:03:32,323 - NPV - CA - KIJIJI - 2019-09-01 00:00:00 - ERROR - FILE_CHECK - expect_column_values_to_be_between - ANNEE - Unexpected value: 0 on line 44, value should be between 1980 and 2019
2019-10-02 19:03:32,323 - NPV - CA - KIJIJI - 2019-09-01 00:00:00 - ERROR - FILE_CHECK - expect_column_values_to_be_between - ANNEE - Unexpected value: 0 on line 46, value should be between 1980 and 2019
2019-10-02 19:03:32,323 - NPV - CA - KIJIJI - 2019-09-01 00:00:00 - ERROR - FILE_CHECK - expect_column_values_to_be_between - ANNEE - Unexpected value: 0 on line 49, value should be between 1980 and 2019
2019-10-02 19:03:32,323 - NPV - CA - KIJIJI - 2019-09-01 00:00:00 - ERROR - FILE_CHECK - expect_column_values_to_be_between - ANNEE - Unexpected value: 0 on line 50, value should be between 1980 and 2019
2019-10-02 19:03:32,323 - NPV - CA - KIJIJI - 2019-09-01 00:00:00 - ERROR - FILE_CHECK - expect_column_values_to_be_between - ANNEE - Unexpected value: 0 on line 51, value should be between 1980 and 2019
2019-10-02 19:03:32,323 - NPV - CA - KIJIJI - 2019-09-01 00:00:00 - ERROR - STAT - expect_column_values_to_be_between - ANNEE - correctly filled rate (%) - 79.89
2019-10-02 19:03:32,323 - NPV - CA - KIJIJI - 2019-09-01 00:00:00 - ERROR - STAT - expect_column_values_to_not_be_null - ANNEE - correctly filled rate (%) - 100.0
2019-10-02 19:03:32,323 - NPV - CA - KIJIJI - 2019-09-01 00:00:00 - ERROR - FILE_CHECK - expect_column_values_to_match_regex - ANNEE - Unexpected value: 0 on line 0, value should match regexp ^[0-9]{4}$
2019-10-02 19:03:32,323 - NPV - CA - KIJIJI - 2019-09-01 00:00:00 - ERROR - FILE_CHECK - expect_column_values_to_match_regex - ANNEE - Unexpected value: 0 on line 1, value should match regexp ^[0-9]{4}$
2019-10-02 19:03:32,323 - NPV - CA - KIJIJI - 2019-09-01 00:00:00 - ERROR - FILE_CHECK - expect_column_values_to_match_regex - ANNEE - Unexpected value: 0 on line 7, value should match regexp ^[0-9]{4}$
2019-10-02 19:03:32,323 - NPV - CA - KIJIJI - 2019-09-01 00:00:00 - ERROR - FILE_CHECK - expect_column_values_to_match_regex - ANNEE - Unexpected value: 0 on line 8, value should match regexp ^[0-9]{4}$
2019-10-02 19:03:32,323 - NPV - CA - KIJIJI - 2019-09-01 00:00:00 - ERROR - FILE_CHECK - expect_column_values_to_match_regex - ANNEE - Unexpected value: 0 on line 14, value should match regexp ^[0-9]{4}$
2019-10-02 19:03:32,324 - NPV - CA - KIJIJI - 2019-09-01 00:00:00 - ERROR - FILE_CHECK - expect_column_values_to_match_regex - ANNEE - Unexpected value: 0 on line 21, value should match regexp ^[0-9]{4}$
2019-10-02 19:03:32,324 - NPV - CA - KIJIJI - 2019-09-01 00:00:00 - ERROR - FILE_CHECK - expect_column_values_to_match_regex - ANNEE - Unexpected value: 0 on line 28, value should match regexp ^[0-9]{4}$
2019-10-02 19:03:32,324 - NPV - CA - KIJIJI - 2019-09-01 00:00:00 - ERROR - FILE_CHECK - expect_column_values_to_match_regex - ANNEE - Unexpected value: 0 on line 29, value should match regexp ^[0-9]{4}$
2019-10-02 19:03:32,324 - NPV - CA - KIJIJI - 2019-09-01 00:00:00 - ERROR - FILE_CHECK - expect_column_values_to_match_regex - ANNEE - Unexpected value: 0 on line 31, value should match regexp ^[0-9]{4}$
2019-10-02 19:03:32,324 - NPV - CA - KIJIJI - 2019-09-01 00:00:00 - ERROR - FILE_CHECK - expect_column_values_to_match_regex - ANNEE - Unexpected value: 0 on line 32, value should match regexp ^[0-9]{4}$
2019-10-02 19:03:32,324 - NPV - CA - KIJIJI - 2019-09-01 00:00:00 - ERROR - FILE_CHECK - expect_column_values_to_match_regex - ANNEE - Unexpected value: 0 on line 34, value should match regexp ^[0-9]{4}$
2019-10-02 19:03:32,324 - NPV - CA - KIJIJI - 2019-09-01 00:00:00 - ERROR - FILE_CHECK - expect_column_values_to_match_regex - ANNEE - Unexpected value: 0 on line 40, value should match regexp ^[0-9]{4}$
2019-10-02 19:03:32,324 - NPV - CA - KIJIJI - 2019-09-01 00:00:00 - ERROR - FILE_CHECK - expect_column_values_to_match_regex - ANNEE - Unexpected value: 0 on line 44, value should match regexp ^[0-9]{4}$
2019-10-02 19:03:32,324 - NPV - CA - KIJIJI - 2019-09-01 00:00:00 - ERROR - FILE_CHECK - expect_column_values_to_match_regex - ANNEE - Unexpected value: 0 on line 46, value should match regexp ^[0-9]{4}$
2019-10-02 19:03:32,324 - NPV - CA - KIJIJI - 2019-09-01 00:00:00 - ERROR - FILE_CHECK - expect_column_values_to_match_regex - ANNEE - Unexpected value: 0 on line 49, value should match regexp ^[0-9]{4}$
2019-10-02 19:03:32,324 - NPV - CA - KIJIJI - 2019-09-01 00:00:00 - ERROR - FILE_CHECK - expect_column_values_to_match_regex - ANNEE - Unexpected value: 0 on line 50, value should match regexp ^[0-9]{4}$
2019-10-02 19:03:32,324 - NPV - CA - KIJIJI - 2019-09-01 00:00:00 - ERROR - FILE_CHECK - expect_column_values_to_match_regex - ANNEE - Unexpected value: 0 on line 51, value should match regexp ^[0-9]{4}$
2019-10-02 19:03:32,324 - NPV - CA - KIJIJI - 2019-09-01 00:00:00 - ERROR - FILE_CHECK - expect_column_values_to_match_regex - ANNEE - Unexpected value: 0 on line 52, value should match regexp ^[0-9]{4}$
2019-10-02 19:03:32,324 - NPV - CA - KIJIJI - 2019-09-01 00:00:00 - ERROR - FILE_CHECK - expect_column_values_to_match_regex - ANNEE - Unexpected value: 0 on line 53, value should match regexp ^[0-9]{4}$
2019-10-02 19:03:32,324 - NPV - CA - KIJIJI - 2019-09-01 00:00:00 - ERROR - FILE_CHECK - expect_column_values_to_match_regex - ANNEE - Unexpected value: 0 on line 54, value should match regexp ^[0-9]{4}$
2019-10-02 19:03:32,324 - NPV - CA - KIJIJI - 2019-09-01 00:00:00 - ERROR - STAT - expect_column_values_to_match_regex - ANNEE - correctly filled rate (%) - 87.68
2019-10-02 19:03:32,324 - NPV - CA - KIJIJI - 2019-09-01 00:00:00 - ERROR - STAT - expect_column_values_to_not_be_null - ANNONCE_LINK - correctly filled rate (%) - 100.0
2019-10-02 19:03:32,324 - NPV - CA - KIJIJI - 2019-09-01 00:00:00 - ERROR - STAT - expect_column_values_to_be_unique - ANNONCE_LINK - observed proportion - 100.0
2019-10-02 19:03:32,325 - NPV - CA - KIJIJI - 2019-09-01 00:00:00 - ERROR - STAT - expect_column_values_to_not_be_null - CARBURANT - correctly filled rate (%) - 0.01
2019-10-02 19:03:32,325 - NPV - CA - KIJIJI - 2019-09-01 00:00:00 - ERROR - STAT - expect_column_values_to_not_be_null - CARROSSERIE - correctly filled rate (%) - 0.0
2019-10-02 19:03:32,325 - NPV - CA - KIJIJI - 2019-09-01 00:00:00 - ERROR - STAT - expect_column_values_to_not_be_null - CP - correctly filled rate (%) - 89.73
2019-10-02 19:03:32,325 - NPV - CA - KIJIJI - 2019-09-01 00:00:00 - ERROR - FILE_CHECK - expect_column_values_to_match_regex - CP - Unexpected value: H7S1Z3 on line 1, value should match regexp [A-Z]{1}[0-9]{1}[A-Z]{1} [0-9]{1}[A-Z]{1}[0-9]{1}
2019-10-02 19:03:32,325 - NPV - CA - KIJIJI - 2019-09-01 00:00:00 - ERROR - FILE_CHECK - expect_column_values_to_match_regex - CP - Unexpected value: E8S1G5 on line 2, value should match regexp [A-Z]{1}[0-9]{1}[A-Z]{1} [0-9]{1}[A-Z]{1}[0-9]{1}
2019-10-02 19:03:32,325 - NPV - CA - KIJIJI - 2019-09-01 00:00:00 - ERROR - FILE_CHECK - expect_column_values_to_match_regex - CP - Unexpected value: N0J1Z0 on line 3, value should match regexp [A-Z]{1}[0-9]{1}[A-Z]{1} [0-9]{1}[A-Z]{1}[0-9]{1}
2019-10-02 19:03:32,325 - NPV - CA - KIJIJI - 2019-09-01 00:00:00 - ERROR - FILE_CHECK - expect_column_values_to_match_regex - CP - Unexpected value: N0J1Z0 on line 4, value should match regexp [A-Z]{1}[0-9]{1}[A-Z]{1} [0-9]{1}[A-Z]{1}[0-9]{1}
2019-10-02 19:03:32,325 - NPV - CA - KIJIJI - 2019-09-01 00:00:00 - ERROR - FILE_CHECK - expect_column_values_to_match_regex - CP - Unexpected value: M8Z2G9 on line 5, value should match regexp [A-Z]{1}[0-9]{1}[A-Z]{1} [0-9]{1}[A-Z]{1}[0-9]{1}
2019-10-02 19:03:32,325 - NPV - CA - KIJIJI - 2019-09-01 00:00:00 - ERROR - FILE_CHECK - expect_column_values_to_match_regex - CP - Unexpected value: T2P2G7 on line 6, value should match regexp [A-Z]{1}[0-9]{1}[A-Z]{1} [0-9]{1}[A-Z]{1}[0-9]{1}
2019-10-02 19:03:32,325 - NPV - CA - KIJIJI - 2019-09-01 00:00:00 - ERROR - FILE_CHECK - expect_column_values_to_match_regex - CP - Unexpected value: M1M2Z4 on line 7, value should match regexp [A-Z]{1}[0-9]{1}[A-Z]{1} [0-9]{1}[A-Z]{1}[0-9]{1}
2019-10-02 19:03:32,325 - NPV - CA - KIJIJI - 2019-09-01 00:00:00 - ERROR - FILE_CHECK - expect_column_values_to_match_regex - CP - Unexpected value: T6A2Z6 on line 9, value should match regexp [A-Z]{1}[0-9]{1}[A-Z]{1} [0-9]{1}[A-Z]{1}[0-9]{1}
2019-10-02 19:03:32,325 - NPV - CA - KIJIJI - 2019-09-01 00:00:00 - ERROR - FILE_CHECK - expect_column_values_to_match_regex - CP - Unexpected value: J0B1W0 on line 11, value should match regexp [A-Z]{1}[0-9]{1}[A-Z]{1} [0-9]{1}[A-Z]{1}[0-9]{1}
2019-10-02 19:03:32,325 - NPV - CA - KIJIJI - 2019-09-01 00:00:00 - ERROR - FILE_CHECK - expect_column_values_to_match_regex - CP - Unexpected value: J7E4L2 on line 12, value should match regexp [A-Z]{1}[0-9]{1}[A-Z]{1} [0-9]{1}[A-Z]{1}[0-9]{1}
2019-10-02 19:03:32,325 - NPV - CA - KIJIJI - 2019-09-01 00:00:00 - ERROR - FILE_CHECK - expect_column_values_to_match_regex - CP - Unexpected value: L1N8E6 on line 13, value should match regexp [A-Z]{1}[0-9]{1}[A-Z]{1} [0-9]{1}[A-Z]{1}[0-9]{1}
2019-10-02 19:03:32,325 - NPV - CA - KIJIJI - 2019-09-01 00:00:00 - ERROR - FILE_CHECK - expect_column_values_to_match_regex - CP - Unexpected value: L1N8E6 on line 14, value should match regexp [A-Z]{1}[0-9]{1}[A-Z]{1} [0-9]{1}[A-Z]{1}[0-9]{1}
2019-10-02 19:03:32,325 - NPV - CA - KIJIJI - 2019-09-01 00:00:00 - ERROR - FILE_CHECK - expect_column_values_to_match_regex - CP - Unexpected value: H7P5H2 on line 15, value should match regexp [A-Z]{1}[0-9]{1}[A-Z]{1} [0-9]{1}[A-Z]{1}[0-9]{1}
2019-10-02 19:03:32,325 - NPV - CA - KIJIJI - 2019-09-01 00:00:00 - ERROR - FILE_CHECK - expect_column_values_to_match_regex - CP - Unexpected value: S0G1H0 on line 16, value should match regexp [A-Z]{1}[0-9]{1}[A-Z]{1} [0-9]{1}[A-Z]{1}[0-9]{1}
2019-10-02 19:03:32,326 - NPV - CA - KIJIJI - 2019-09-01 00:00:00 - ERROR - FILE_CHECK - expect_column_values_to_match_regex - CP - Unexpected value: G5Y5G5 on line 17, value should match regexp [A-Z]{1}[0-9]{1}[A-Z]{1} [0-9]{1}[A-Z]{1}[0-9]{1}
2019-10-02 19:03:32,326 - NPV - CA - KIJIJI - 2019-09-01 00:00:00 - ERROR - FILE_CHECK - expect_column_values_to_match_regex - CP - Unexpected value: T8N1X2 on line 18, value should match regexp [A-Z]{1}[0-9]{1}[A-Z]{1} [0-9]{1}[A-Z]{1}[0-9]{1}
2019-10-02 19:03:32,326 - NPV - CA - KIJIJI - 2019-09-01 00:00:00 - ERROR - FILE_CHECK - expect_column_values_to_match_regex - CP - Unexpected value: N3P1M6 on line 19, value should match regexp [A-Z]{1}[0-9]{1}[A-Z]{1} [0-9]{1}[A-Z]{1}[0-9]{1}
2019-10-02 19:03:32,326 - NPV - CA - KIJIJI - 2019-09-01 00:00:00 - ERROR - FILE_CHECK - expect_column_values_to_match_regex - CP - Unexpected value: N5X2J7 on line 21, value should match regexp [A-Z]{1}[0-9]{1}[A-Z]{1} [0-9]{1}[A-Z]{1}[0-9]{1}
2019-10-02 19:03:32,326 - NPV - CA - KIJIJI - 2019-09-01 00:00:00 - ERROR - FILE_CHECK - expect_column_values_to_match_regex - CP - Unexpected value: K0C1B0 on line 22, value should match regexp [A-Z]{1}[0-9]{1}[A-Z]{1} [0-9]{1}[A-Z]{1}[0-9]{1}
2019-10-02 19:03:32,326 - NPV - CA - KIJIJI - 2019-09-01 00:00:00 - ERROR - FILE_CHECK - expect_column_values_to_match_regex - CP - Unexpected value: C0A1N0 on line 23, value should match regexp [A-Z]{1}[0-9]{1}[A-Z]{1} [0-9]{1}[A-Z]{1}[0-9]{1}
2019-10-02 19:03:32,326 - NPV - CA - KIJIJI - 2019-09-01 00:00:00 - ERROR - STAT - expect_column_values_to_match_regex - CP - correctly filled rate (%) - 76.24
2019-10-02 19:03:32,326 - NPV - CA - KIJIJI - 2019-09-01 00:00:00 - ERROR - STAT - expect_column_values_to_not_be_null - GARAGE_ID - correctly filled rate (%) - 100.0
2019-10-02 19:03:32,326 - NPV - CA - KIJIJI - 2019-09-01 00:00:00 - ERROR - STAT - expect_column_values_to_not_be_null - ID_CLIENT - correctly filled rate (%) - 100.0
2019-10-02 19:03:32,326 - NPV - CA - KIJIJI - 2019-09-01 00:00:00 - ERROR - STAT - expect_column_values_to_be_unique - ID_CLIENT - observed proportion - 100.0
2019-10-02 19:03:32,326 - NPV - CA - KIJIJI - 2019-09-01 00:00:00 - ERROR - STAT - expect_returning_row_count - EVERY_COLUMNS - total number of rows - 237355
2019-10-02 19:03:32,326 - NPV - CA - KIJIJI - 2019-09-01 00:00:00 - ERROR - STAT - expect_column_values_to_not_be_null - IMMAT - correctly filled rate (%) - 100.0
2019-10-02 19:03:32,326 - NPV - CA - KIJIJI - 2019-09-01 00:00:00 - ERROR - STAT - expect_column_values_to_be_in_type_list - KM - correctly filled rate (%) - 100.0
2019-10-02 19:03:32,326 - NPV - CA - KIJIJI - 2019-09-01 00:00:00 - ERROR - STAT - expect_column_values_to_not_be_null - KM - correctly filled rate (%) - 100.0
2019-10-02 19:03:32,326 - NPV - CA - KIJIJI - 2019-09-01 00:00:00 - ERROR - STAT - expect_column_values_to_be_in_type_list - LITRE - correctly filled rate (%) - 100.0
2019-10-02 19:03:32,326 - NPV - CA - KIJIJI - 2019-09-01 00:00:00 - ERROR - STAT - expect_column_values_to_not_be_null - LITRE - correctly filled rate (%) - 100.0
2019-10-02 19:03:32,326 - NPV - CA - KIJIJI - 2019-09-01 00:00:00 - ERROR - STAT - expect_column_values_to_not_be_null - MARQUE - correctly filled rate (%) - 24.32
2019-10-02 19:03:32,326 - NPV - CA - KIJIJI - 2019-09-01 00:00:00 - ERROR - STAT - expect_column_values_to_not_be_null - MODELE - correctly filled rate (%) - 25.26
2019-10-02 19:03:32,327 - NPV - CA - KIJIJI - 2019-09-01 00:00:00 - ERROR - STAT - expect_column_values_to_not_be_null - MOIS - correctly filled rate (%) - 100.0
2019-10-02 19:03:32,327 - NPV - CA - KIJIJI - 2019-09-01 00:00:00 - ERROR - FILE_CHECK - expect_column_values_to_be_between - MOIS - Unexpected value: 0 on line 0, value should be between 1 and 12
2019-10-02 19:03:32,327 - NPV - CA - KIJIJI - 2019-09-01 00:00:00 - ERROR - FILE_CHECK - expect_column_values_to_be_between - MOIS - Unexpected value: 0 on line 1, value should be between 1 and 12
2019-10-02 19:03:32,327 - NPV - CA - KIJIJI - 2019-09-01 00:00:00 - ERROR - FILE_CHECK - expect_column_values_to_be_between - MOIS - Unexpected value: 0 on line 2, value should be between 1 and 12
2019-10-02 19:03:32,327 - NPV - CA - KIJIJI - 2019-09-01 00:00:00 - ERROR - FILE_CHECK - expect_column_values_to_be_between - MOIS - Unexpected value: 0 on line 3, value should be between 1 and 12
2019-10-02 19:03:32,327 - NPV - CA - KIJIJI - 2019-09-01 00:00:00 - ERROR - FILE_CHECK - expect_column_values_to_be_between - MOIS - Unexpected value: 0 on line 4, value should be between 1 and 12
2019-10-02 19:03:32,327 - NPV - CA - KIJIJI - 2019-09-01 00:00:00 - ERROR - FILE_CHECK - expect_column_values_to_be_between - MOIS - Unexpected value: 0 on line 5, value should be between 1 and 12
2019-10-02 19:03:32,327 - NPV - CA - KIJIJI - 2019-09-01 00:00:00 - ERROR - FILE_CHECK - expect_column_values_to_be_between - MOIS - Unexpected value: 0 on line 6, value should be between 1 and 12
2019-10-02 19:03:32,327 - NPV - CA - KIJIJI - 2019-09-01 00:00:00 - ERROR - FILE_CHECK - expect_column_values_to_be_between - MOIS - Unexpected value: 0 on line 7, value should be between 1 and 12
2019-10-02 19:03:32,327 - NPV - CA - KIJIJI - 2019-09-01 00:00:00 - ERROR - FILE_CHECK - expect_column_values_to_be_between - MOIS - Unexpected value: 0 on line 8, value should be between 1 and 12
2019-10-02 19:03:32,327 - NPV - CA - KIJIJI - 2019-09-01 00:00:00 - ERROR - FILE_CHECK - expect_column_values_to_be_between - MOIS - Unexpected value: 0 on line 9, value should be between 1 and 12
2019-10-02 19:03:32,327 - NPV - CA - KIJIJI - 2019-09-01 00:00:00 - ERROR - FILE_CHECK - expect_column_values_to_be_between - MOIS - Unexpected value: 0 on line 10, value should be between 1 and 12
2019-10-02 19:03:32,327 - NPV - CA - KIJIJI - 2019-09-01 00:00:00 - ERROR - FILE_CHECK - expect_column_values_to_be_between - MOIS - Unexpected value: 0 on line 11, value should be between 1 and 12
2019-10-02 19:03:32,327 - NPV - CA - KIJIJI - 2019-09-01 00:00:00 - ERROR - FILE_CHECK - expect_column_values_to_be_between - MOIS - Unexpected value: 0 on line 12, value should be between 1 and 12
2019-10-02 19:03:32,327 - NPV - CA - KIJIJI - 2019-09-01 00:00:00 - ERROR - FILE_CHECK - expect_column_values_to_be_between - MOIS - Unexpected value: 0 on line 13, value should be between 1 and 12
2019-10-02 19:03:32,327 - NPV - CA - KIJIJI - 2019-09-01 00:00:00 - ERROR - FILE_CHECK - expect_column_values_to_be_between - MOIS - Unexpected value: 0 on line 14, value should be between 1 and 12
2019-10-02 19:03:32,327 - NPV - CA - KIJIJI - 2019-09-01 00:00:00 - ERROR - FILE_CHECK - expect_column_values_to_be_between - MOIS - Unexpected value: 0 on line 15, value should be between 1 and 12
2019-10-02 19:03:32,327 - NPV - CA - KIJIJI - 2019-09-01 00:00:00 - ERROR - FILE_CHECK - expect_column_values_to_be_between - MOIS - Unexpected value: 0 on line 16, value should be between 1 and 12
2019-10-02 19:03:32,328 - NPV - CA - KIJIJI - 2019-09-01 00:00:00 - ERROR - FILE_CHECK - expect_column_values_to_be_between - MOIS - Unexpected value: 0 on line 17, value should be between 1 and 12
2019-10-02 19:03:32,328 - NPV - CA - KIJIJI - 2019-09-01 00:00:00 - ERROR - FILE_CHECK - expect_column_values_to_be_between - MOIS - Unexpected value: 0 on line 18, value should be between 1 and 12
2019-10-02 19:03:32,328 - NPV - CA - KIJIJI - 2019-09-01 00:00:00 - ERROR - FILE_CHECK - expect_column_values_to_be_between - MOIS - Unexpected value: 0 on line 19, value should be between 1 and 12
2019-10-02 19:03:32,328 - NPV - CA - KIJIJI - 2019-09-01 00:00:00 - ERROR - STAT - expect_column_values_to_be_between - MOIS - correctly filled rate (%) - 0.0
2019-10-02 19:03:32,328 - NPV - CA - KIJIJI - 2019-09-01 00:00:00 - ERROR - STAT - expect_column_values_to_match_regex - MOIS - correctly filled rate (%) - 100.0
2019-10-02 19:03:32,328 - NPV - CA - KIJIJI - 2019-09-01 00:00:00 - ERROR - STAT - expect_column_values_to_not_be_null - NOM - correctly filled rate (%) - 100.0
2019-10-02 19:03:32,328 - NPV - CA - KIJIJI - 2019-09-01 00:00:00 - ERROR - FILE_CHECK - expect_column_value_lengths_to_be_between - NOM - Unexpected characters count of: [a vendre...] on line  34, value length should be between 10 and 255
2019-10-02 19:03:32,328 - NPV - CA - KIJIJI - 2019-09-01 00:00:00 - ERROR - FILE_CHECK - expect_column_value_lengths_to_be_between - NOM - Unexpected characters count of: [Hyster...] on line  55, value length should be between 10 and 255
2019-10-02 19:03:32,328 - NPV - CA - KIJIJI - 2019-09-01 00:00:00 - ERROR - FILE_CHECK - expect_column_value_lengths_to_be_between - NOM - Unexpected characters count of: [Pants...] on line  69, value length should be between 10 and 255
2019-10-02 19:03:32,328 - NPV - CA - KIJIJI - 2019-09-01 00:00:00 - ERROR - FILE_CHECK - expect_column_value_lengths_to_be_between - NOM - Unexpected characters count of: [5050...] on line  89, value length should be between 10 and 255
2019-10-02 19:03:32,328 - NPV - CA - KIJIJI - 2019-09-01 00:00:00 - ERROR - FILE_CHECK - expect_column_value_lengths_to_be_between - NOM - Unexpected characters count of: [View all...] on line  92, value length should be between 10 and 255
2019-10-02 19:03:32,328 - NPV - CA - KIJIJI - 2019-09-01 00:00:00 - ERROR - FILE_CHECK - expect_column_value_lengths_to_be_between - NOM - Unexpected characters count of: [remorque...] on line  113, value length should be between 10 and 255
2019-10-02 19:03:32,328 - NPV - CA - KIJIJI - 2019-09-01 00:00:00 - ERROR - FILE_CHECK - expect_column_value_lengths_to_be_between - NOM - Unexpected characters count of: [View all...] on line  161, value length should be between 10 and 255
2019-10-02 19:03:32,328 - NPV - CA - KIJIJI - 2019-09-01 00:00:00 - ERROR - FILE_CHECK - expect_column_value_lengths_to_be_between - NOM - Unexpected characters count of: [View all...] on line  167, value length should be between 10 and 255
2019-10-02 19:03:32,328 - NPV - CA - KIJIJI - 2019-09-01 00:00:00 - ERROR - FILE_CHECK - expect_column_value_lengths_to_be_between - NOM - Unexpected characters count of: [View all...] on line  198, value length should be between 10 and 255
2019-10-02 19:03:32,328 - NPV - CA - KIJIJI - 2019-09-01 00:00:00 - ERROR - FILE_CHECK - expect_column_value_lengths_to_be_between - NOM - Unexpected characters count of: [View all...] on line  207, value length should be between 10 and 255
2019-10-02 19:03:32,328 - NPV - CA - KIJIJI - 2019-09-01 00:00:00 - ERROR - FILE_CHECK - expect_column_value_lengths_to_be_between - NOM - Unexpected characters count of: [tariere...] on line  220, value length should be between 10 and 255
2019-10-02 19:03:32,328 - NPV - CA - KIJIJI - 2019-09-01 00:00:00 - ERROR - FILE_CHECK - expect_column_value_lengths_to_be_between - NOM - Unexpected characters count of: [View all...] on line  241, value length should be between 10 and 255
2019-10-02 19:03:32,328 - NPV - CA - KIJIJI - 2019-09-01 00:00:00 - ERROR - FILE_CHECK - expect_column_value_lengths_to_be_between - NOM - Unexpected characters count of: [View all...] on line  268, value length should be between 10 and 255
2019-10-02 19:03:32,329 - NPV - CA - KIJIJI - 2019-09-01 00:00:00 - ERROR - FILE_CHECK - expect_column_value_lengths_to_be_between - NOM - Unexpected characters count of: [View all...] on line  269, value length should be between 10 and 255
2019-10-02 19:03:32,329 - NPV - CA - KIJIJI - 2019-09-01 00:00:00 - ERROR - FILE_CHECK - expect_column_value_lengths_to_be_between - NOM - Unexpected characters count of: [remorque...] on line  298, value length should be between 10 and 255
2019-10-02 19:03:32,329 - NPV - CA - KIJIJI - 2019-09-01 00:00:00 - ERROR - FILE_CHECK - expect_column_value_lengths_to_be_between - NOM - Unexpected characters count of: [View all...] on line  303, value length should be between 10 and 255
2019-10-02 19:03:32,329 - NPV - CA - KIJIJI - 2019-09-01 00:00:00 - ERROR - FILE_CHECK - expect_column_value_lengths_to_be_between - NOM - Unexpected characters count of: [View all...] on line  314, value length should be between 10 and 255
2019-10-02 19:03:32,329 - NPV - CA - KIJIJI - 2019-09-01 00:00:00 - ERROR - FILE_CHECK - expect_column_value_lengths_to_be_between - NOM - Unexpected characters count of: [View all...] on line  316, value length should be between 10 and 255
2019-10-02 19:03:32,329 - NPV - CA - KIJIJI - 2019-09-01 00:00:00 - ERROR - FILE_CHECK - expect_column_value_lengths_to_be_between - NOM - Unexpected characters count of: [View all...] on line  329, value length should be between 10 and 255
2019-10-02 19:03:32,329 - NPV - CA - KIJIJI - 2019-09-01 00:00:00 - ERROR - FILE_CHECK - expect_column_value_lengths_to_be_between - NOM - Unexpected characters count of: [View all...] on line  362, value length should be between 10 and 255
2019-10-02 19:03:32,329 - NPV - CA - KIJIJI - 2019-09-01 00:00:00 - ERROR - STAT - expect_column_value_lengths_to_be_between - NOM - correctly filled rate (%) - 93.78
2019-10-02 19:03:32,329 - NPV - CA - KIJIJI - 2019-09-01 00:00:00 - ERROR - STAT - expect_column_values_to_not_be_null - OPTIONS - correctly filled rate (%) - 1.96
2019-10-02 19:03:32,329 - NPV - CA - KIJIJI - 2019-09-01 00:00:00 - ERROR - FILE_CHECK - expect_column_value_lengths_to_be_between - OPTIONS - Unexpected characters count of: [Aluminum Wheels,  Pr...] on line  582, value length should be between 0 and 255
2019-10-02 19:03:32,329 - NPV - CA - KIJIJI - 2019-09-01 00:00:00 - ERROR - FILE_CHECK - expect_column_value_lengths_to_be_between - OPTIONS - Unexpected characters count of: [Aluminum Wheels,  DC...] on line  756, value length should be between 0 and 255
2019-10-02 19:03:32,329 - NPV - CA - KIJIJI - 2019-09-01 00:00:00 - ERROR - FILE_CHECK - expect_column_value_lengths_to_be_between - OPTIONS - Unexpected characters count of: [Aluminum Wheels,  DC...] on line  759, value length should be between 0 and 255
2019-10-02 19:03:32,329 - NPV - CA - KIJIJI - 2019-09-01 00:00:00 - ERROR - FILE_CHECK - expect_column_value_lengths_to_be_between - OPTIONS - Unexpected characters count of: [Aluminum Wheels,  DC...] on line  872, value length should be between 0 and 255
2019-10-02 19:03:32,329 - NPV - CA - KIJIJI - 2019-09-01 00:00:00 - ERROR - FILE_CHECK - expect_column_value_lengths_to_be_between - OPTIONS - Unexpected characters count of: [Aluminum Wheels,  DC...] on line  873, value length should be between 0 and 255
2019-10-02 19:03:32,329 - NPV - CA - KIJIJI - 2019-09-01 00:00:00 - ERROR - FILE_CHECK - expect_column_value_lengths_to_be_between - OPTIONS - Unexpected characters count of: [Anti-Lock Brakes, Dr...] on line  1121, value length should be between 0 and 255
2019-10-02 19:03:32,329 - NPV - CA - KIJIJI - 2019-09-01 00:00:00 - ERROR - FILE_CHECK - expect_column_value_lengths_to_be_between - OPTIONS - Unexpected characters count of: [deluxe fibreglass ce...] on line  1281, value length should be between 0 and 255
2019-10-02 19:03:32,329 - NPV - CA - KIJIJI - 2019-09-01 00:00:00 - ERROR - FILE_CHECK - expect_column_value_lengths_to_be_between - OPTIONS - Unexpected characters count of: [DC Converter,  Propa...] on line  1293, value length should be between 0 and 255
2019-10-02 19:03:32,329 - NPV - CA - KIJIJI - 2019-09-01 00:00:00 - ERROR - FILE_CHECK - expect_column_value_lengths_to_be_between - OPTIONS - Unexpected characters count of: [Awning ,  Aluminum W...] on line  1391, value length should be between 0 and 255
2019-10-02 19:03:32,330 - NPV - CA - KIJIJI - 2019-09-01 00:00:00 - ERROR - FILE_CHECK - expect_column_value_lengths_to_be_between - OPTIONS - Unexpected characters count of: [DC Converter,  Propa...] on line  1491, value length should be between 0 and 255
2019-10-02 19:03:32,330 - NPV - CA - KIJIJI - 2019-09-01 00:00:00 - ERROR - FILE_CHECK - expect_column_value_lengths_to_be_between - OPTIONS - Unexpected characters count of: [Aluminum Wheels,  Pr...] on line  1804, value length should be between 0 and 255
2019-10-02 19:03:32,330 - NPV - CA - KIJIJI - 2019-09-01 00:00:00 - ERROR - FILE_CHECK - expect_column_value_lengths_to_be_between - OPTIONS - Unexpected characters count of: [DC Converter,  Propa...] on line  1856, value length should be between 0 and 255
2019-10-02 19:03:32,330 - NPV - CA - KIJIJI - 2019-09-01 00:00:00 - ERROR - FILE_CHECK - expect_column_value_lengths_to_be_between - OPTIONS - Unexpected characters count of: [Aluminum Wheels,  DC...] on line  1987, value length should be between 0 and 255
2019-10-02 19:03:32,330 - NPV - CA - KIJIJI - 2019-09-01 00:00:00 - ERROR - FILE_CHECK - expect_column_value_lengths_to_be_between - OPTIONS - Unexpected characters count of: [Aluminum Wheels,  DC...] on line  2032, value length should be between 0 and 255
2019-10-02 19:03:32,330 - NPV - CA - KIJIJI - 2019-09-01 00:00:00 - ERROR - FILE_CHECK - expect_column_value_lengths_to_be_between - OPTIONS - Unexpected characters count of: [Overdrive Transmissi...] on line  2078, value length should be between 0 and 255
2019-10-02 19:03:32,330 - NPV - CA - KIJIJI - 2019-09-01 00:00:00 - ERROR - FILE_CHECK - expect_column_value_lengths_to_be_between - OPTIONS - Unexpected characters count of: [Aluminum Wheels,  Pr...] on line  2183, value length should be between 0 and 255
2019-10-02 19:03:32,330 - NPV - CA - KIJIJI - 2019-09-01 00:00:00 - ERROR - FILE_CHECK - expect_column_value_lengths_to_be_between - OPTIONS - Unexpected characters count of: [Aluminum Wheels,  Pr...] on line  2185, value length should be between 0 and 255
2019-10-02 19:03:32,330 - NPV - CA - KIJIJI - 2019-09-01 00:00:00 - ERROR - FILE_CHECK - expect_column_value_lengths_to_be_between - OPTIONS - Unexpected characters count of: [Aluminum Wheels,  Ai...] on line  2186, value length should be between 0 and 255
2019-10-02 19:03:32,330 - NPV - CA - KIJIJI - 2019-09-01 00:00:00 - ERROR - FILE_CHECK - expect_column_value_lengths_to_be_between - OPTIONS - Unexpected characters count of: [Aluminum Wheels,  Pr...] on line  2187, value length should be between 0 and 255
2019-10-02 19:03:32,330 - NPV - CA - KIJIJI - 2019-09-01 00:00:00 - ERROR - FILE_CHECK - expect_column_value_lengths_to_be_between - OPTIONS - Unexpected characters count of: [Propane Tank,  Air C...] on line  2188, value length should be between 0 and 255
2019-10-02 19:03:32,330 - NPV - CA - KIJIJI - 2019-09-01 00:00:00 - ERROR - STAT - expect_column_value_lengths_to_be_between - OPTIONS - correctly filled rate (%) - 62.81
2019-10-02 19:03:32,330 - NPV - CA - KIJIJI - 2019-09-01 00:00:00 - ERROR - STAT - expect_column_values_to_be_in_type_list - PHOTO - correctly filled rate (%) - 100.0
2019-10-02 19:03:32,330 - NPV - CA - KIJIJI - 2019-09-01 00:00:00 - ERROR - STAT - expect_column_values_to_not_be_null - PHOTO - correctly filled rate (%) - 100.0
2019-10-02 19:03:32,330 - NPV - CA - KIJIJI - 2019-09-01 00:00:00 - ERROR - STAT - expect_column_values_to_be_in_type_list - PLACE - correctly filled rate (%) - 100.0
2019-10-02 19:03:32,330 - NPV - CA - KIJIJI - 2019-09-01 00:00:00 - ERROR - STAT - expect_column_values_to_not_be_null - PLACE - correctly filled rate (%) - 100.0
2019-10-02 19:03:32,330 - NPV - CA - KIJIJI - 2019-09-01 00:00:00 - ERROR - STAT - expect_column_values_to_not_be_null - PORTE - correctly filled rate (%) - 0.0
2019-10-02 19:03:32,330 - NPV - CA - KIJIJI - 2019-09-01 00:00:00 - ERROR - STAT - expect_column_values_to_be_in_type_list - PRIX - correctly filled rate (%) - 100.0
2019-10-02 19:03:32,331 - NPV - CA - KIJIJI - 2019-09-01 00:00:00 - ERROR - STAT - expect_column_values_to_not_be_null - PRIX - correctly filled rate (%) - 100.0
2019-10-02 19:03:32,331 - NPV - CA - KIJIJI - 2019-09-01 00:00:00 - ERROR - STAT - expect_column_values_to_not_be_null - PROVINCE - correctly filled rate (%) - 100.0
2019-10-02 19:03:32,331 - NPV - CA - KIJIJI - 2019-09-01 00:00:00 - ERROR - STAT - expect_column_values_to_not_be_null - SITE - correctly filled rate (%) - 100.0
2019-10-02 19:03:32,331 - NPV - CA - KIJIJI - 2019-09-01 00:00:00 - ERROR - STAT - expect_column_values_to_not_be_null - TELEPHONE - correctly filled rate (%) - 59.45
2019-10-02 19:03:32,331 - NPV - CA - KIJIJI - 2019-09-01 00:00:00 - ERROR - STAT - expect_column_values_to_be_phone_number - TELEPHONE - correctly filled rate (%) - 99.9
2019-10-02 19:03:32,331 - NPV - CA - KIJIJI - 2019-09-01 00:00:00 - ERROR - STAT - expect_column_values_to_not_be_null - TYPE - correctly filled rate (%) - 100.0
2019-10-02 19:03:32,331 - NPV - CA - KIJIJI - 2019-09-01 00:00:00 - ERROR - STAT - expect_column_values_to_be_in_set_2 - TYPE - observed proportion - 100.0
2019-10-02 19:03:32,331 - NPV - CA - KIJIJI - 2019-09-01 00:00:00 - ERROR - STAT - expect_column_values_to_not_be_null - VILLE - correctly filled rate (%) - 100.0
2019-10-02 19:03:32,331 - NPV - CA - KIJIJI - 2019-09-01 00:00:00 - ERROR - STAT - expect_column_values_to_not_be_null - VN_IND - correctly filled rate (%) - 100.0
2019-10-02 19:03:32,331 - NPV - CA - KIJIJI - 2019-09-01 00:00:00 - ERROR - STAT - expect_column_values_to_be_in_set - VN_IND - correctly filled rate (%) - 100.0
2019-10-02 19:03:32,331 - NPV - CA - KIJIJI - 2019-09-01 00:00:00 - ERROR - STAT - expect_returning_row_unique_count - MARQUE_CORRECTED - total number of unique rows - 173
2019-10-02 19:03:32,331 - NPV - CA - KIJIJI - 2019-09-01 00:00:00 - ERROR - STAT - expect_returning_row_unique_count - MODELE_CORRECTED - total number of unique rows - 320
2019-10-02 19:03:32,331 - NPV - CA - KIJIJI - 2019-09-01 00:00:00 - ERROR - STAT - expect_returning_row_unique_count - CARROSSERIE - total number of unique rows - 0
2019-10-02 19:03:32,331 - NPV - CA - KIJIJI - 2019-09-01 00:00:00 - ERROR - STAT - expect_returning_row_unique_count - CARBURANT - total number of unique rows - 1
2019-10-02 19:03:32,331 - NPV - CA - KIJIJI - 2019-09-01 00:00:00 - ERROR - STAT - expect_column_values_to_not_be_null - CYLINDRE - correctly filled rate (%) - 0.0
2019-10-02 19:03:32,331 - NPV - CA - KIJIJI - 2019-09-01 00:00:00 - ERROR - STAT - expect_returning_row_unique_count - PROVINCE - total number of unique rows - 11
2019-10-02 19:03:32,331 - NPV - CA - KIJIJI - 2019-09-01 00:00:00 - ERROR - STAT - expect_returning_row_unique_count - VILLE - total number of unique rows - 6806
2019-10-02 19:03:32,332 - NPV - CA - KIJIJI - 2019-09-01 00:00:00 - ERROR - STAT - expect_returning_row_unique_count - DEPARTEMENT - total number of unique rows - 0
2019-10-02 19:03:32,332 - NPV - CA - KIJIJI - 2019-09-01 00:00:00 - ERROR - STAT - expect_returning_row_count_on_conditions - DEALER_USEDCARS - total number of row with conditions - 103329
2019-10-02 19:03:32,332 - NPV - CA - KIJIJI - 2019-09-01 00:00:00 - ERROR - STAT - expect_returning_row_count_on_conditions - PRIVATE_USEDCARS - total number of row with conditions - 134026
2019-10-02 19:03:32,332 - NPV - CA - KIJIJI - 2019-09-01 00:00:00 - ERROR - STAT - expect_returning_row_count_groupby - SOUS_CATEGORIE_CORRECTED - Boats - 34041
2019-10-02 19:03:32,332 - NPV - CA - KIJIJI - 2019-09-01 00:00:00 - ERROR - STAT - expect_returning_row_count_groupby - SOUS_CATEGORIE_CORRECTED - motorcycles - 65464
2019-10-02 19:03:32,332 - NPV - CA - KIJIJI - 2019-09-01 00:00:00 - ERROR - STAT - expect_returning_row_count_groupby - SOUS_CATEGORIE_CORRECTED - Heavy_Equipment - 13031
2019-10-02 19:03:32,332 - NPV - CA - KIJIJI - 2019-09-01 00:00:00 - ERROR - STAT - expect_returning_row_count_groupby - SOUS_CATEGORIE_CORRECTED - Park_Models - 1518
2019-10-02 19:03:32,332 - NPV - CA - KIJIJI - 2019-09-01 00:00:00 - ERROR - STAT - expect_returning_row_count_groupby - SOUS_CATEGORIE_CORRECTED - Heavy_Trucks - 12395
2019-10-02 19:03:32,332 - NPV - CA - KIJIJI - 2019-09-01 00:00:00 - ERROR - STAT - expect_returning_row_count_groupby - SOUS_CATEGORIE_CORRECTED - Cargo_utilitaries_trailers - 22968
2019-10-02 19:03:32,332 - NPV - CA - KIJIJI - 2019-09-01 00:00:00 - ERROR - STAT - expect_returning_row_count_groupby - SOUS_CATEGORIE_CORRECTED - ATVs - 24324
2019-10-02 19:03:32,332 - NPV - CA - KIJIJI - 2019-09-01 00:00:00 - ERROR - STAT - expect_returning_row_count_groupby - SOUS_CATEGORIE_CORRECTED - Travel_trailers_campers - 40832
2019-10-02 19:03:32,332 - NPV - CA - KIJIJI - 2019-09-01 00:00:00 - ERROR - STAT - expect_returning_row_count_groupby - SOUS_CATEGORIE_CORRECTED - RVs_motorhome - 10065
2019-10-02 19:03:32,332 - NPV - CA - KIJIJI - 2019-09-01 00:00:00 - ERROR - STAT - expect_returning_row_count_groupby - SOUS_CATEGORIE_CORRECTED - snowmobiles - 12717
