2019-06-13 14:30:05,869 - JOBS - FR - CADREO - 2019-05-01 00:00:00 - ERROR - STAT - expect_column_values_to_not_be_null - ANNONCE_LINK - correctly filled rate (%) - 100.0

2019-06-13 14:30:05,869 - JOBS - FR - CADREO - 2019-05-01 00:00:00 - ERROR - STAT - expect_column_values_to_be_unique - ANNONCE_LINK - observed proportion - 100.0

2019-06-13 14:30:05,869 - JOBS - FR - CADREO - 2019-05-01 00:00:00 - ERROR - STAT - expect_column_values_to_not_be_null - ANNONCE_TEXT - correctly filled rate (%) - 99.44

2019-06-13 14:30:05,869 - JOBS - FR - CADREO - 2019-05-01 00:00:00 - ERROR - FILE_CHECK - expect_column_value_lengths_to_be_between - ANNONCE_TEXT - Unexpected characters count of: [La mission Notre cli...] on line  0, value length should be between 0 and 255

2019-06-13 14:30:05,869 - JOBS - FR - CADREO - 2019-05-01 00:00:00 - ERROR - FILE_CHECK - expect_column_value_lengths_to_be_between - ANNONCE_TEXT - Unexpected characters count of: [La mission Avec Circ...] on line  1, value length should be between 0 and 255

2019-06-13 14:30:05,869 - JOBS - FR - CADREO - 2019-05-01 00:00:00 - ERROR - FILE_CHECK - expect_column_value_lengths_to_be_between - ANNONCE_TEXT - Unexpected characters count of: [La mission Avec Circ...] on line  2, value length should be between 0 and 255

2019-06-13 14:30:05,869 - JOBS - FR - CADREO - 2019-05-01 00:00:00 - ERROR - FILE_CHECK - expect_column_value_lengths_to_be_between - ANNONCE_TEXT - Unexpected characters count of: [La mission Avec Circ...] on line  3, value length should be between 0 and 255

2019-06-13 14:30:05,869 - JOBS - FR - CADREO - 2019-05-01 00:00:00 - ERROR - FILE_CHECK - expect_column_value_lengths_to_be_between - ANNONCE_TEXT - Unexpected characters count of: [La mission Cometik r...] on line  4, value length should be between 0 and 255

2019-06-13 14:30:05,870 - JOBS - FR - CADREO - 2019-05-01 00:00:00 - ERROR - FILE_CHECK - expect_column_value_lengths_to_be_between - ANNONCE_TEXT - Unexpected characters count of: [La mission Cometik r...] on line  5, value length should be between 0 and 255

2019-06-13 14:30:05,870 - JOBS - FR - CADREO - 2019-05-01 00:00:00 - ERROR - FILE_CHECK - expect_column_value_lengths_to_be_between - ANNONCE_TEXT - Unexpected characters count of: [La mission Cometik r...] on line  6, value length should be between 0 and 255

2019-06-13 14:30:05,870 - JOBS - FR - CADREO - 2019-05-01 00:00:00 - ERROR - FILE_CHECK - expect_column_value_lengths_to_be_between - ANNONCE_TEXT - Unexpected characters count of: [La mission Cometik r...] on line  7, value length should be between 0 and 255

2019-06-13 14:30:05,870 - JOBS - FR - CADREO - 2019-05-01 00:00:00 - ERROR - FILE_CHECK - expect_column_value_lengths_to_be_between - ANNONCE_TEXT - Unexpected characters count of: [La mission Cometik r...] on line  8, value length should be between 0 and 255

2019-06-13 14:30:05,870 - JOBS - FR - CADREO - 2019-05-01 00:00:00 - ERROR - FILE_CHECK - expect_column_value_lengths_to_be_between - ANNONCE_TEXT - Unexpected characters count of: [La mission Cometik r...] on line  9, value length should be between 0 and 255

2019-06-13 14:30:05,870 - JOBS - FR - CADREO - 2019-05-01 00:00:00 - ERROR - FILE_CHECK - expect_column_value_lengths_to_be_between - ANNONCE_TEXT - Unexpected characters count of: [La mission Nous rech...] on line  10, value length should be between 0 and 255

2019-06-13 14:30:05,870 - JOBS - FR - CADREO - 2019-05-01 00:00:00 - ERROR - FILE_CHECK - expect_column_value_lengths_to_be_between - ANNONCE_TEXT - Unexpected characters count of: [La mission Nous rech...] on line  11, value length should be between 0 and 255

2019-06-13 14:30:05,870 - JOBS - FR - CADREO - 2019-05-01 00:00:00 - ERROR - FILE_CHECK - expect_column_value_lengths_to_be_between - ANNONCE_TEXT - Unexpected characters count of: [La mission SOREGOR, ...] on line  12, value length should be between 0 and 255

2019-06-13 14:30:05,870 - JOBS - FR - CADREO - 2019-05-01 00:00:00 - ERROR - FILE_CHECK - expect_column_value_lengths_to_be_between - ANNONCE_TEXT - Unexpected characters count of: [La mission Devenez D...] on line  13, value length should be between 0 and 255

2019-06-13 14:30:05,870 - JOBS - FR - CADREO - 2019-05-01 00:00:00 - ERROR - FILE_CHECK - expect_column_value_lengths_to_be_between - ANNONCE_TEXT - Unexpected characters count of: [La mission Devenez D...] on line  14, value length should be between 0 and 255

2019-06-13 14:30:05,870 - JOBS - FR - CADREO - 2019-05-01 00:00:00 - ERROR - FILE_CHECK - expect_column_value_lengths_to_be_between - ANNONCE_TEXT - Unexpected characters count of: [La mission Devenez D...] on line  15, value length should be between 0 and 255

2019-06-13 14:30:05,870 - JOBS - FR - CADREO - 2019-05-01 00:00:00 - ERROR - FILE_CHECK - expect_column_value_lengths_to_be_between - ANNONCE_TEXT - Unexpected characters count of: [La mission Devenez D...] on line  16, value length should be between 0 and 255

2019-06-13 14:30:05,871 - JOBS - FR - CADREO - 2019-05-01 00:00:00 - ERROR - FILE_CHECK - expect_column_value_lengths_to_be_between - ANNONCE_TEXT - Unexpected characters count of: [La mission Devenez D...] on line  17, value length should be between 0 and 255

2019-06-13 14:30:05,871 - JOBS - FR - CADREO - 2019-05-01 00:00:00 - ERROR - FILE_CHECK - expect_column_value_lengths_to_be_between - ANNONCE_TEXT - Unexpected characters count of: [La mission Devenez D...] on line  18, value length should be between 0 and 255

2019-06-13 14:30:05,871 - JOBS - FR - CADREO - 2019-05-01 00:00:00 - ERROR - FILE_CHECK - expect_column_value_lengths_to_be_between - ANNONCE_TEXT - Unexpected characters count of: [La mission Devenez D...] on line  19, value length should be between 0 and 255

2019-06-13 14:30:05,871 - JOBS - FR - CADREO - 2019-05-01 00:00:00 - ERROR - STAT - expect_column_value_lengths_to_be_between - ANNONCE_TEXT - correctly filled rate (%) - 0.0

2019-06-13 14:30:05,871 - JOBS - FR - CADREO - 2019-05-01 00:00:00 - ERROR - STAT - expect_column_values_to_not_be_null - ANNONCEUR - correctly filled rate (%) - 99.91

2019-06-13 14:30:05,871 - JOBS - FR - CADREO - 2019-05-01 00:00:00 - ERROR - STAT - expect_column_values_to_not_be_null - ANNONCEUR_ID - correctly filled rate (%) - 99.91

2019-06-13 14:30:05,871 - JOBS - FR - CADREO - 2019-05-01 00:00:00 - ERROR - FILE_CHECK - expect_column_values_to_match_regex - ANNONCEUR_ID - Unexpected value: LASOCIÉ on line 29, value should match regexp ^[0-9A-Za-z]{,7}$

2019-06-13 14:30:05,871 - JOBS - FR - CADREO - 2019-05-01 00:00:00 - ERROR - FILE_CHECK - expect_column_values_to_match_regex - ANNONCEUR_ID - Unexpected value: LASOCIÉ on line 51, value should match regexp ^[0-9A-Za-z]{,7}$

2019-06-13 14:30:05,871 - JOBS - FR - CADREO - 2019-05-01 00:00:00 - ERROR - FILE_CHECK - expect_column_values_to_match_regex - ANNONCEUR_ID - Unexpected value: WÜRTHFR on line 128, value should match regexp ^[0-9A-Za-z]{,7}$

2019-06-13 14:30:05,871 - JOBS - FR - CADREO - 2019-05-01 00:00:00 - ERROR - FILE_CHECK - expect_column_values_to_match_regex - ANNONCEUR_ID - Unexpected value: WÜRTHFR on line 129, value should match regexp ^[0-9A-Za-z]{,7}$

2019-06-13 14:30:05,871 - JOBS - FR - CADREO - 2019-05-01 00:00:00 - ERROR - FILE_CHECK - expect_column_values_to_match_regex - ANNONCEUR_ID - Unexpected value: WÜRTHFR on line 130, value should match regexp ^[0-9A-Za-z]{,7}$

2019-06-13 14:30:05,872 - JOBS - FR - CADREO - 2019-05-01 00:00:00 - ERROR - FILE_CHECK - expect_column_values_to_match_regex - ANNONCEUR_ID - Unexpected value: WÜRTHFR on line 131, value should match regexp ^[0-9A-Za-z]{,7}$

2019-06-13 14:30:05,872 - JOBS - FR - CADREO - 2019-05-01 00:00:00 - ERROR - FILE_CHECK - expect_column_values_to_match_regex - ANNONCEUR_ID - Unexpected value: WÜRTHFR on line 132, value should match regexp ^[0-9A-Za-z]{,7}$

2019-06-13 14:30:05,872 - JOBS - FR - CADREO - 2019-05-01 00:00:00 - ERROR - FILE_CHECK - expect_column_values_to_match_regex - ANNONCEUR_ID - Unexpected value: WÜRTHFR on line 133, value should match regexp ^[0-9A-Za-z]{,7}$

2019-06-13 14:30:05,872 - JOBS - FR - CADREO - 2019-05-01 00:00:00 - ERROR - FILE_CHECK - expect_column_values_to_match_regex - ANNONCEUR_ID - Unexpected value: WÜRTHFR on line 171, value should match regexp ^[0-9A-Za-z]{,7}$

2019-06-13 14:30:05,872 - JOBS - FR - CADREO - 2019-05-01 00:00:00 - ERROR - FILE_CHECK - expect_column_values_to_match_regex - ANNONCEUR_ID - Unexpected value: WÜRTHFR on line 173, value should match regexp ^[0-9A-Za-z]{,7}$

2019-06-13 14:30:05,872 - JOBS - FR - CADREO - 2019-05-01 00:00:00 - ERROR - FILE_CHECK - expect_column_values_to_match_regex - ANNONCEUR_ID - Unexpected value: CRÉDITA on line 190, value should match regexp ^[0-9A-Za-z]{,7}$

2019-06-13 14:30:05,872 - JOBS - FR - CADREO - 2019-05-01 00:00:00 - ERROR - FILE_CHECK - expect_column_values_to_match_regex - ANNONCEUR_ID - Unexpected value: CRÉDITA on line 191, value should match regexp ^[0-9A-Za-z]{,7}$

2019-06-13 14:30:05,872 - JOBS - FR - CADREO - 2019-05-01 00:00:00 - ERROR - FILE_CHECK - expect_column_values_to_match_regex - ANNONCEUR_ID - Unexpected value: CRÉDITA on line 192, value should match regexp ^[0-9A-Za-z]{,7}$

2019-06-13 14:30:05,872 - JOBS - FR - CADREO - 2019-05-01 00:00:00 - ERROR - FILE_CHECK - expect_column_values_to_match_regex - ANNONCEUR_ID - Unexpected value: LASOCIÉ on line 193, value should match regexp ^[0-9A-Za-z]{,7}$

2019-06-13 14:30:05,872 - JOBS - FR - CADREO - 2019-05-01 00:00:00 - ERROR - FILE_CHECK - expect_column_values_to_match_regex - ANNONCEUR_ID - Unexpected value: WÜRTHFR on line 227, value should match regexp ^[0-9A-Za-z]{,7}$

2019-06-13 14:30:05,872 - JOBS - FR - CADREO - 2019-05-01 00:00:00 - ERROR - FILE_CHECK - expect_column_values_to_match_regex - ANNONCEUR_ID - Unexpected value: WÜRTHFR on line 235, value should match regexp ^[0-9A-Za-z]{,7}$

2019-06-13 14:30:05,872 - JOBS - FR - CADREO - 2019-05-01 00:00:00 - ERROR - FILE_CHECK - expect_column_values_to_match_regex - ANNONCEUR_ID - Unexpected value: GÉANTCA on line 241, value should match regexp ^[0-9A-Za-z]{,7}$

2019-06-13 14:30:05,873 - JOBS - FR - CADREO - 2019-05-01 00:00:00 - ERROR - FILE_CHECK - expect_column_values_to_match_regex - ANNONCEUR_ID - Unexpected value: GÉANTCA on line 249, value should match regexp ^[0-9A-Za-z]{,7}$

2019-06-13 14:30:05,873 - JOBS - FR - CADREO - 2019-05-01 00:00:00 - ERROR - FILE_CHECK - expect_column_values_to_match_regex - ANNONCEUR_ID - Unexpected value: CRÉDITA on line 256, value should match regexp ^[0-9A-Za-z]{,7}$

2019-06-13 14:30:05,873 - JOBS - FR - CADREO - 2019-05-01 00:00:00 - ERROR - FILE_CHECK - expect_column_values_to_match_regex - ANNONCEUR_ID - Unexpected value: WÜRTHFR on line 273, value should match regexp ^[0-9A-Za-z]{,7}$

2019-06-13 14:30:05,873 - JOBS - FR - CADREO - 2019-05-01 00:00:00 - ERROR - STAT - expect_column_values_to_match_regex - ANNONCEUR_ID - correctly filled rate (%) - 96.26

2019-06-13 14:30:05,873 - JOBS - FR - CADREO - 2019-05-01 00:00:00 - ERROR - STAT - expect_column_values_to_not_be_null - ANNONCEUR_ID_3 - correctly filled rate (%) - 99.91

2019-06-13 14:30:05,873 - JOBS - FR - CADREO - 2019-05-01 00:00:00 - ERROR - FILE_CHECK - expect_column_values_to_match_regex - ANNONCEUR_ID_3 - Unexpected value: WÜRTH on line 128, value should match regexp ^[0-9A-Za-z]{,5}$

2019-06-13 14:30:05,873 - JOBS - FR - CADREO - 2019-05-01 00:00:00 - ERROR - FILE_CHECK - expect_column_values_to_match_regex - ANNONCEUR_ID_3 - Unexpected value: WÜRTH on line 129, value should match regexp ^[0-9A-Za-z]{,5}$

2019-06-13 14:30:05,873 - JOBS - FR - CADREO - 2019-05-01 00:00:00 - ERROR - FILE_CHECK - expect_column_values_to_match_regex - ANNONCEUR_ID_3 - Unexpected value: WÜRTH on line 130, value should match regexp ^[0-9A-Za-z]{,5}$

2019-06-13 14:30:05,873 - JOBS - FR - CADREO - 2019-05-01 00:00:00 - ERROR - FILE_CHECK - expect_column_values_to_match_regex - ANNONCEUR_ID_3 - Unexpected value: WÜRTH on line 131, value should match regexp ^[0-9A-Za-z]{,5}$

2019-06-13 14:30:05,873 - JOBS - FR - CADREO - 2019-05-01 00:00:00 - ERROR - FILE_CHECK - expect_column_values_to_match_regex - ANNONCEUR_ID_3 - Unexpected value: WÜRTH on line 132, value should match regexp ^[0-9A-Za-z]{,5}$

2019-06-13 14:30:05,873 - JOBS - FR - CADREO - 2019-05-01 00:00:00 - ERROR - FILE_CHECK - expect_column_values_to_match_regex - ANNONCEUR_ID_3 - Unexpected value: WÜRTH on line 133, value should match regexp ^[0-9A-Za-z]{,5}$

2019-06-13 14:30:05,874 - JOBS - FR - CADREO - 2019-05-01 00:00:00 - ERROR - FILE_CHECK - expect_column_values_to_match_regex - ANNONCEUR_ID_3 - Unexpected value: WÜRTH on line 171, value should match regexp ^[0-9A-Za-z]{,5}$

2019-06-13 14:30:05,874 - JOBS - FR - CADREO - 2019-05-01 00:00:00 - ERROR - FILE_CHECK - expect_column_values_to_match_regex - ANNONCEUR_ID_3 - Unexpected value: WÜRTH on line 173, value should match regexp ^[0-9A-Za-z]{,5}$

2019-06-13 14:30:05,874 - JOBS - FR - CADREO - 2019-05-01 00:00:00 - ERROR - FILE_CHECK - expect_column_values_to_match_regex - ANNONCEUR_ID_3 - Unexpected value: CRÉDI on line 190, value should match regexp ^[0-9A-Za-z]{,5}$

2019-06-13 14:30:05,874 - JOBS - FR - CADREO - 2019-05-01 00:00:00 - ERROR - FILE_CHECK - expect_column_values_to_match_regex - ANNONCEUR_ID_3 - Unexpected value: CRÉDI on line 191, value should match regexp ^[0-9A-Za-z]{,5}$

2019-06-13 14:30:05,874 - JOBS - FR - CADREO - 2019-05-01 00:00:00 - ERROR - FILE_CHECK - expect_column_values_to_match_regex - ANNONCEUR_ID_3 - Unexpected value: CRÉDI on line 192, value should match regexp ^[0-9A-Za-z]{,5}$

2019-06-13 14:30:05,874 - JOBS - FR - CADREO - 2019-05-01 00:00:00 - ERROR - FILE_CHECK - expect_column_values_to_match_regex - ANNONCEUR_ID_3 - Unexpected value: WÜRTH on line 227, value should match regexp ^[0-9A-Za-z]{,5}$

2019-06-13 14:30:05,874 - JOBS - FR - CADREO - 2019-05-01 00:00:00 - ERROR - FILE_CHECK - expect_column_values_to_match_regex - ANNONCEUR_ID_3 - Unexpected value: WÜRTH on line 235, value should match regexp ^[0-9A-Za-z]{,5}$

2019-06-13 14:30:05,874 - JOBS - FR - CADREO - 2019-05-01 00:00:00 - ERROR - FILE_CHECK - expect_column_values_to_match_regex - ANNONCEUR_ID_3 - Unexpected value: GÉANT on line 241, value should match regexp ^[0-9A-Za-z]{,5}$

2019-06-13 14:30:05,874 - JOBS - FR - CADREO - 2019-05-01 00:00:00 - ERROR - FILE_CHECK - expect_column_values_to_match_regex - ANNONCEUR_ID_3 - Unexpected value: GÉANT on line 249, value should match regexp ^[0-9A-Za-z]{,5}$

2019-06-13 14:30:05,874 - JOBS - FR - CADREO - 2019-05-01 00:00:00 - ERROR - FILE_CHECK - expect_column_values_to_match_regex - ANNONCEUR_ID_3 - Unexpected value: CRÉDI on line 256, value should match regexp ^[0-9A-Za-z]{,5}$

2019-06-13 14:30:05,874 - JOBS - FR - CADREO - 2019-05-01 00:00:00 - ERROR - FILE_CHECK - expect_column_values_to_match_regex - ANNONCEUR_ID_3 - Unexpected value: WÜRTH on line 273, value should match regexp ^[0-9A-Za-z]{,5}$

2019-06-13 14:30:05,874 - JOBS - FR - CADREO - 2019-05-01 00:00:00 - ERROR - FILE_CHECK - expect_column_values_to_match_regex - ANNONCEUR_ID_3 - Unexpected value: WÜRTH on line 377, value should match regexp ^[0-9A-Za-z]{,5}$

2019-06-13 14:30:05,875 - JOBS - FR - CADREO - 2019-05-01 00:00:00 - ERROR - FILE_CHECK - expect_column_values_to_match_regex - ANNONCEUR_ID_3 - Unexpected value: WÜRTH on line 382, value should match regexp ^[0-9A-Za-z]{,5}$

2019-06-13 14:30:05,875 - JOBS - FR - CADREO - 2019-05-01 00:00:00 - ERROR - FILE_CHECK - expect_column_values_to_match_regex - ANNONCEUR_ID_3 - Unexpected value: WÜRTH on line 383, value should match regexp ^[0-9A-Za-z]{,5}$

2019-06-13 14:30:05,875 - JOBS - FR - CADREO - 2019-05-01 00:00:00 - ERROR - STAT - expect_column_values_to_match_regex - ANNONCEUR_ID_3 - correctly filled rate (%) - 97.42

2019-06-13 14:30:05,875 - JOBS - FR - CADREO - 2019-05-01 00:00:00 - ERROR - STAT - expect_column_values_to_not_be_null - CABINET - correctly filled rate (%) - 100.0

2019-06-13 14:30:05,875 - JOBS - FR - CADREO - 2019-05-01 00:00:00 - ERROR - STAT - expect_column_values_to_be_in_set_2 - CABINET - observed proportion - 100.0

2019-06-13 14:30:05,875 - JOBS - FR - CADREO - 2019-05-01 00:00:00 - ERROR - STAT - expect_returning_row_count_groupby - CABINET - count of value AUTRE - 4565

2019-06-13 14:30:05,875 - JOBS - FR - CADREO - 2019-05-01 00:00:00 - ERROR - STAT - expect_returning_row_count_groupby - CABINET - count of value SSII - 867

2019-06-13 14:30:05,875 - JOBS - FR - CADREO - 2019-05-01 00:00:00 - ERROR - STAT - expect_returning_row_count_groupby - CABINET - count of value CABINET RH - 2361

2019-06-13 14:30:05,875 - JOBS - FR - CADREO - 2019-05-01 00:00:00 - ERROR - STAT - expect_column_values_to_not_be_null - CONTRAT - correctly filled rate (%) - 100.0

2019-06-13 14:30:05,875 - JOBS - FR - CADREO - 2019-05-01 00:00:00 - ERROR - STAT - expect_column_values_to_be_in_set_2 - CONTRAT - observed proportion - 100.0

2019-06-13 14:30:05,875 - JOBS - FR - CADREO - 2019-05-01 00:00:00 - ERROR - STAT - expect_returning_row_count_groupby - CONTRAT - count of value CDI - 6723

2019-06-13 14:30:05,876 - JOBS - FR - CADREO - 2019-05-01 00:00:00 - ERROR - STAT - expect_returning_row_count_groupby - CONTRAT - count of value AUTRE - 591

2019-06-13 14:30:05,876 - JOBS - FR - CADREO - 2019-05-01 00:00:00 - ERROR - STAT - expect_returning_row_count_groupby - CONTRAT - count of value Interim - 146

2019-06-13 14:30:05,876 - JOBS - FR - CADREO - 2019-05-01 00:00:00 - ERROR - STAT - expect_returning_row_count_groupby - CONTRAT - count of value CDD - 333

2019-06-13 14:30:05,876 - JOBS - FR - CADREO - 2019-05-01 00:00:00 - ERROR - STAT - expect_column_values_to_not_be_null - DEPARTEMENT - correctly filled rate (%) - 95.21

2019-06-13 14:30:05,876 - JOBS - FR - CADREO - 2019-05-01 00:00:00 - ERROR - FILE_CHECK - expect_column_values_to_match_regex - DEPARTEMENT - Unexpected value: 69.0 on line 0, value should match regexp ^[0-9]{2}$

2019-06-13 14:30:05,876 - JOBS - FR - CADREO - 2019-05-01 00:00:00 - ERROR - FILE_CHECK - expect_column_values_to_match_regex - DEPARTEMENT - Unexpected value: 74.0 on line 1, value should match regexp ^[0-9]{2}$

2019-06-13 14:30:05,876 - JOBS - FR - CADREO - 2019-05-01 00:00:00 - ERROR - FILE_CHECK - expect_column_values_to_match_regex - DEPARTEMENT - Unexpected value: 38.0 on line 2, value should match regexp ^[0-9]{2}$

2019-06-13 14:30:05,876 - JOBS - FR - CADREO - 2019-05-01 00:00:00 - ERROR - FILE_CHECK - expect_column_values_to_match_regex - DEPARTEMENT - Unexpected value: 17.0 on line 3, value should match regexp ^[0-9]{2}$

2019-06-13 14:30:05,876 - JOBS - FR - CADREO - 2019-05-01 00:00:00 - ERROR - FILE_CHECK - expect_column_values_to_match_regex - DEPARTEMENT - Unexpected value: 33.0 on line 4, value should match regexp ^[0-9]{2}$

2019-06-13 14:30:05,876 - JOBS - FR - CADREO - 2019-05-01 00:00:00 - ERROR - FILE_CHECK - expect_column_values_to_match_regex - DEPARTEMENT - Unexpected value: 34.0 on line 5, value should match regexp ^[0-9]{2}$

2019-06-13 14:30:05,876 - JOBS - FR - CADREO - 2019-05-01 00:00:00 - ERROR - FILE_CHECK - expect_column_values_to_match_regex - DEPARTEMENT - Unexpected value: 35.0 on line 6, value should match regexp ^[0-9]{2}$

2019-06-13 14:30:05,876 - JOBS - FR - CADREO - 2019-05-01 00:00:00 - ERROR - FILE_CHECK - expect_column_values_to_match_regex - DEPARTEMENT - Unexpected value: 64.0 on line 7, value should match regexp ^[0-9]{2}$

2019-06-13 14:30:05,877 - JOBS - FR - CADREO - 2019-05-01 00:00:00 - ERROR - FILE_CHECK - expect_column_values_to_match_regex - DEPARTEMENT - Unexpected value: 64.0 on line 8, value should match regexp ^[0-9]{2}$

2019-06-13 14:30:05,877 - JOBS - FR - CADREO - 2019-05-01 00:00:00 - ERROR - FILE_CHECK - expect_column_values_to_match_regex - DEPARTEMENT - Unexpected value: 31.0 on line 9, value should match regexp ^[0-9]{2}$

2019-06-13 14:30:05,877 - JOBS - FR - CADREO - 2019-05-01 00:00:00 - ERROR - FILE_CHECK - expect_column_values_to_match_regex - DEPARTEMENT - Unexpected value: 69.0 on line 10, value should match regexp ^[0-9]{2}$

2019-06-13 14:30:05,877 - JOBS - FR - CADREO - 2019-05-01 00:00:00 - ERROR - FILE_CHECK - expect_column_values_to_match_regex - DEPARTEMENT - Unexpected value: 69.0 on line 11, value should match regexp ^[0-9]{2}$

2019-06-13 14:30:05,877 - JOBS - FR - CADREO - 2019-05-01 00:00:00 - ERROR - FILE_CHECK - expect_column_values_to_match_regex - DEPARTEMENT - Unexpected value: 75.0 on line 12, value should match regexp ^[0-9]{2}$

2019-06-13 14:30:05,877 - JOBS - FR - CADREO - 2019-05-01 00:00:00 - ERROR - FILE_CHECK - expect_column_values_to_match_regex - DEPARTEMENT - Unexpected value: 67.0 on line 21, value should match regexp ^[0-9]{2}$

2019-06-13 14:30:05,877 - JOBS - FR - CADREO - 2019-05-01 00:00:00 - ERROR - FILE_CHECK - expect_column_values_to_match_regex - DEPARTEMENT - Unexpected value: 69.0 on line 22, value should match regexp ^[0-9]{2}$

2019-06-13 14:30:05,877 - JOBS - FR - CADREO - 2019-05-01 00:00:00 - ERROR - FILE_CHECK - expect_column_values_to_match_regex - DEPARTEMENT - Unexpected value: 69.0 on line 23, value should match regexp ^[0-9]{2}$

2019-06-13 14:30:05,877 - JOBS - FR - CADREO - 2019-05-01 00:00:00 - ERROR - FILE_CHECK - expect_column_values_to_match_regex - DEPARTEMENT - Unexpected value: 69.0 on line 24, value should match regexp ^[0-9]{2}$

2019-06-13 14:30:05,877 - JOBS - FR - CADREO - 2019-05-01 00:00:00 - ERROR - FILE_CHECK - expect_column_values_to_match_regex - DEPARTEMENT - Unexpected value: 44.0 on line 25, value should match regexp ^[0-9]{2}$

2019-06-13 14:30:05,877 - JOBS - FR - CADREO - 2019-05-01 00:00:00 - ERROR - FILE_CHECK - expect_column_values_to_match_regex - DEPARTEMENT - Unexpected value: 92.0 on line 26, value should match regexp ^[0-9]{2}$

2019-06-13 14:30:05,878 - JOBS - FR - CADREO - 2019-05-01 00:00:00 - ERROR - FILE_CHECK - expect_column_values_to_match_regex - DEPARTEMENT - Unexpected value: 63.0 on line 27, value should match regexp ^[0-9]{2}$

2019-06-13 14:30:05,878 - JOBS - FR - CADREO - 2019-05-01 00:00:00 - ERROR - STAT - expect_column_values_to_match_regex - DEPARTEMENT - correctly filled rate (%) - 0.0

2019-06-13 14:30:05,878 - JOBS - FR - CADREO - 2019-05-01 00:00:00 - ERROR - STAT - expect_column_values_to_not_be_null - ENTREPRISE - correctly filled rate (%) - 99.91

2019-06-13 14:30:05,878 - JOBS - FR - CADREO - 2019-05-01 00:00:00 - ERROR - STAT - expect_column_values_to_not_be_null - ID_CLIENT - correctly filled rate (%) - 100.0

2019-06-13 14:30:05,879 - JOBS - FR - CADREO - 2019-05-01 00:00:00 - ERROR - STAT - expect_column_values_to_be_unique - ID_CLIENT - observed proportion - 100.0

2019-06-13 14:30:05,879 - JOBS - FR - CADREO - 2019-05-01 00:00:00 - ERROR - STAT - expect_returning_row_count - EVERY_COLUMNS - total number of rows - 7793

2019-06-13 14:30:05,879 - JOBS - FR - CADREO - 2019-05-01 00:00:00 - ERROR - STAT - expect_column_values_to_not_be_null - LIEU - correctly filled rate (%) - 100.0

2019-06-13 14:30:05,879 - JOBS - FR - CADREO - 2019-05-01 00:00:00 - ERROR - STAT - expect_column_values_to_not_be_null - METIER - correctly filled rate (%) - 100.0

2019-06-13 14:30:05,879 - JOBS - FR - CADREO - 2019-05-01 00:00:00 - ERROR - STAT - expect_column_values_to_be_in_set_2 - ON_SITE - observed proportion - 100.0

2019-06-13 14:30:05,879 - JOBS - FR - CADREO - 2019-05-01 00:00:00 - ERROR - STAT - expect_column_values_to_not_be_null - ON_SITE - correctly filled rate (%) - 100.0

2019-06-13 14:30:05,879 - JOBS - FR - CADREO - 2019-05-01 00:00:00 - ERROR - STAT - expect_column_values_to_not_be_null - OTHER_SITE - correctly filled rate (%) - 0.0

2019-06-13 14:30:05,879 - JOBS - FR - CADREO - 2019-05-01 00:00:00 - ERROR - STAT - expect_column_values_to_not_be_null - REGION - correctly filled rate (%) - 99.38

2019-06-13 14:30:05,880 - JOBS - FR - CADREO - 2019-05-01 00:00:00 - ERROR - STAT - expect_returning_row_unique_count - REGION - total number of unique rows - 22

2019-06-13 14:30:05,880 - JOBS - FR - CADREO - 2019-05-01 00:00:00 - ERROR - STAT - expect_column_values_to_not_be_null - TYPE_EMPLOI - correctly filled rate (%) - 100.0

