2019-08-30 09:53:52,916 - CAMION - CZ - MACHINERYZONE - 2019-04-01 00:00:00 - ERROR - STAT - expect_column_values_to_not_be_null - ADRESSE - correctly filled rate (%) - 46.15
2019-08-30 09:53:52,916 - CAMION - CZ - MACHINERYZONE - 2019-04-01 00:00:00 - ERROR - FILE_CHECK - expect_column_values_to_be_in_type_list - ANNEE - Wrong type for value: 0 on line 0 should be in ['int', 'float']
2019-08-30 09:53:52,916 - CAMION - CZ - MACHINERYZONE - 2019-04-01 00:00:00 - ERROR - FILE_CHECK - expect_column_values_to_be_in_type_list - ANNEE - Wrong type for value: 0 on line 1 should be in ['int', 'float']
2019-08-30 09:53:52,916 - CAMION - CZ - MACHINERYZONE - 2019-04-01 00:00:00 - ERROR - FILE_CHECK - expect_column_values_to_be_in_type_list - ANNEE - Wrong type for value: 0 on line 2 should be in ['int', 'float']
2019-08-30 09:53:52,916 - CAMION - CZ - MACHINERYZONE - 2019-04-01 00:00:00 - ERROR - FILE_CHECK - expect_column_values_to_be_in_type_list - ANNEE - Wrong type for value: 0 on line 3 should be in ['int', 'float']
2019-08-30 09:53:52,916 - CAMION - CZ - MACHINERYZONE - 2019-04-01 00:00:00 - ERROR - FILE_CHECK - expect_column_values_to_be_in_type_list - ANNEE - Wrong type for value: 0 on line 4 should be in ['int', 'float']
2019-08-30 09:53:52,916 - CAMION - CZ - MACHINERYZONE - 2019-04-01 00:00:00 - ERROR - FILE_CHECK - expect_column_values_to_be_in_type_list - ANNEE - Wrong type for value: 0 on line 5 should be in ['int', 'float']
2019-08-30 09:53:52,916 - CAMION - CZ - MACHINERYZONE - 2019-04-01 00:00:00 - ERROR - FILE_CHECK - expect_column_values_to_be_in_type_list - ANNEE - Wrong type for value: 0 on line 6 should be in ['int', 'float']
2019-08-30 09:53:52,917 - CAMION - CZ - MACHINERYZONE - 2019-04-01 00:00:00 - ERROR - FILE_CHECK - expect_column_values_to_be_in_type_list - ANNEE - Wrong type for value: 2015 on line 7 should be in ['int', 'float']
2019-08-30 09:53:52,917 - CAMION - CZ - MACHINERYZONE - 2019-04-01 00:00:00 - ERROR - FILE_CHECK - expect_column_values_to_be_in_type_list - ANNEE - Wrong type for value: 0 on line 8 should be in ['int', 'float']
2019-08-30 09:53:52,917 - CAMION - CZ - MACHINERYZONE - 2019-04-01 00:00:00 - ERROR - FILE_CHECK - expect_column_values_to_be_in_type_list - ANNEE - Wrong type for value: 0 on line 9 should be in ['int', 'float']
2019-08-30 09:53:52,917 - CAMION - CZ - MACHINERYZONE - 2019-04-01 00:00:00 - ERROR - FILE_CHECK - expect_column_values_to_be_in_type_list - ANNEE - Wrong type for value: 0 on line 10 should be in ['int', 'float']
2019-08-30 09:53:52,917 - CAMION - CZ - MACHINERYZONE - 2019-04-01 00:00:00 - ERROR - FILE_CHECK - expect_column_values_to_be_in_type_list - ANNEE - Wrong type for value: 2007 on line 11 should be in ['int', 'float']
2019-08-30 09:53:52,917 - CAMION - CZ - MACHINERYZONE - 2019-04-01 00:00:00 - ERROR - FILE_CHECK - expect_column_values_to_be_in_type_list - ANNEE - Wrong type for value: 2012 on line 12 should be in ['int', 'float']
2019-08-30 09:53:52,917 - CAMION - CZ - MACHINERYZONE - 2019-04-01 00:00:00 - ERROR - FILE_CHECK - expect_column_values_to_be_in_type_list - ANNEE - Wrong type for value: 2008 on line 13 should be in ['int', 'float']
2019-08-30 09:53:52,917 - CAMION - CZ - MACHINERYZONE - 2019-04-01 00:00:00 - ERROR - FILE_CHECK - expect_column_values_to_be_in_type_list - ANNEE - Wrong type for value: 2012 on line 14 should be in ['int', 'float']
2019-08-30 09:53:52,917 - CAMION - CZ - MACHINERYZONE - 2019-04-01 00:00:00 - ERROR - FILE_CHECK - expect_column_values_to_be_in_type_list - ANNEE - Wrong type for value: 0 on line 15 should be in ['int', 'float']
2019-08-30 09:53:52,917 - CAMION - CZ - MACHINERYZONE - 2019-04-01 00:00:00 - ERROR - FILE_CHECK - expect_column_values_to_be_in_type_list - ANNEE - Wrong type for value: 0 on line 16 should be in ['int', 'float']
2019-08-30 09:53:52,917 - CAMION - CZ - MACHINERYZONE - 2019-04-01 00:00:00 - ERROR - FILE_CHECK - expect_column_values_to_be_in_type_list - ANNEE - Wrong type for value: 0 on line 17 should be in ['int', 'float']
2019-08-30 09:53:52,917 - CAMION - CZ - MACHINERYZONE - 2019-04-01 00:00:00 - ERROR - FILE_CHECK - expect_column_values_to_be_in_type_list - ANNEE - Wrong type for value: 0 on line 18 should be in ['int', 'float']
2019-08-30 09:53:52,917 - CAMION - CZ - MACHINERYZONE - 2019-04-01 00:00:00 - ERROR - FILE_CHECK - expect_column_values_to_be_in_type_list - ANNEE - Wrong type for value: 0 on line 19 should be in ['int', 'float']
2019-08-30 09:53:52,917 - CAMION - CZ - MACHINERYZONE - 2019-04-01 00:00:00 - ERROR - STAT - expect_column_values_to_be_in_type_list - ANNEE - correctly filled rate (%) - 0.0
2019-08-30 09:53:52,917 - CAMION - CZ - MACHINERYZONE - 2019-04-01 00:00:00 - ERROR - STAT - expect_column_values_to_not_be_null - ANNEE - correctly filled rate (%) - 100.0
2019-08-30 09:53:52,917 - CAMION - CZ - MACHINERYZONE - 2019-04-01 00:00:00 - ERROR - FILE_CHECK - expect_column_values_to_match_regex - ANNEE - Unexpected value: 0 on line 0, value should match regexp ^[0-9]{4}$
2019-08-30 09:53:52,917 - CAMION - CZ - MACHINERYZONE - 2019-04-01 00:00:00 - ERROR - FILE_CHECK - expect_column_values_to_match_regex - ANNEE - Unexpected value: 0 on line 1, value should match regexp ^[0-9]{4}$
2019-08-30 09:53:52,917 - CAMION - CZ - MACHINERYZONE - 2019-04-01 00:00:00 - ERROR - FILE_CHECK - expect_column_values_to_match_regex - ANNEE - Unexpected value: 0 on line 2, value should match regexp ^[0-9]{4}$
2019-08-30 09:53:52,918 - CAMION - CZ - MACHINERYZONE - 2019-04-01 00:00:00 - ERROR - FILE_CHECK - expect_column_values_to_match_regex - ANNEE - Unexpected value: 0 on line 3, value should match regexp ^[0-9]{4}$
2019-08-30 09:53:52,918 - CAMION - CZ - MACHINERYZONE - 2019-04-01 00:00:00 - ERROR - FILE_CHECK - expect_column_values_to_match_regex - ANNEE - Unexpected value: 0 on line 4, value should match regexp ^[0-9]{4}$
2019-08-30 09:53:52,918 - CAMION - CZ - MACHINERYZONE - 2019-04-01 00:00:00 - ERROR - FILE_CHECK - expect_column_values_to_match_regex - ANNEE - Unexpected value: 0 on line 5, value should match regexp ^[0-9]{4}$
2019-08-30 09:53:52,918 - CAMION - CZ - MACHINERYZONE - 2019-04-01 00:00:00 - ERROR - FILE_CHECK - expect_column_values_to_match_regex - ANNEE - Unexpected value: 0 on line 6, value should match regexp ^[0-9]{4}$
2019-08-30 09:53:52,918 - CAMION - CZ - MACHINERYZONE - 2019-04-01 00:00:00 - ERROR - FILE_CHECK - expect_column_values_to_match_regex - ANNEE - Unexpected value: 0 on line 8, value should match regexp ^[0-9]{4}$
2019-08-30 09:53:52,918 - CAMION - CZ - MACHINERYZONE - 2019-04-01 00:00:00 - ERROR - FILE_CHECK - expect_column_values_to_match_regex - ANNEE - Unexpected value: 0 on line 9, value should match regexp ^[0-9]{4}$
2019-08-30 09:53:52,918 - CAMION - CZ - MACHINERYZONE - 2019-04-01 00:00:00 - ERROR - FILE_CHECK - expect_column_values_to_match_regex - ANNEE - Unexpected value: 0 on line 10, value should match regexp ^[0-9]{4}$
2019-08-30 09:53:52,918 - CAMION - CZ - MACHINERYZONE - 2019-04-01 00:00:00 - ERROR - FILE_CHECK - expect_column_values_to_match_regex - ANNEE - Unexpected value: 0 on line 15, value should match regexp ^[0-9]{4}$
2019-08-30 09:53:52,918 - CAMION - CZ - MACHINERYZONE - 2019-04-01 00:00:00 - ERROR - FILE_CHECK - expect_column_values_to_match_regex - ANNEE - Unexpected value: 0 on line 16, value should match regexp ^[0-9]{4}$
2019-08-30 09:53:52,918 - CAMION - CZ - MACHINERYZONE - 2019-04-01 00:00:00 - ERROR - FILE_CHECK - expect_column_values_to_match_regex - ANNEE - Unexpected value: 0 on line 17, value should match regexp ^[0-9]{4}$
2019-08-30 09:53:52,918 - CAMION - CZ - MACHINERYZONE - 2019-04-01 00:00:00 - ERROR - FILE_CHECK - expect_column_values_to_match_regex - ANNEE - Unexpected value: 0 on line 18, value should match regexp ^[0-9]{4}$
2019-08-30 09:53:52,918 - CAMION - CZ - MACHINERYZONE - 2019-04-01 00:00:00 - ERROR - FILE_CHECK - expect_column_values_to_match_regex - ANNEE - Unexpected value: 0 on line 19, value should match regexp ^[0-9]{4}$
2019-08-30 09:53:52,918 - CAMION - CZ - MACHINERYZONE - 2019-04-01 00:00:00 - ERROR - FILE_CHECK - expect_column_values_to_match_regex - ANNEE - Unexpected value: 0 on line 22, value should match regexp ^[0-9]{4}$
2019-08-30 09:53:52,918 - CAMION - CZ - MACHINERYZONE - 2019-04-01 00:00:00 - ERROR - FILE_CHECK - expect_column_values_to_match_regex - ANNEE - Unexpected value: 0 on line 24, value should match regexp ^[0-9]{4}$
2019-08-30 09:53:52,918 - CAMION - CZ - MACHINERYZONE - 2019-04-01 00:00:00 - ERROR - FILE_CHECK - expect_column_values_to_match_regex - ANNEE - Unexpected value: 0 on line 25, value should match regexp ^[0-9]{4}$
2019-08-30 09:53:52,918 - CAMION - CZ - MACHINERYZONE - 2019-04-01 00:00:00 - ERROR - FILE_CHECK - expect_column_values_to_match_regex - ANNEE - Unexpected value: 0 on line 38, value should match regexp ^[0-9]{4}$
2019-08-30 09:53:52,918 - CAMION - CZ - MACHINERYZONE - 2019-04-01 00:00:00 - ERROR - FILE_CHECK - expect_column_values_to_match_regex - ANNEE - Unexpected value: 0 on line 40, value should match regexp ^[0-9]{4}$
2019-08-30 09:53:52,919 - CAMION - CZ - MACHINERYZONE - 2019-04-01 00:00:00 - ERROR - STAT - expect_column_values_to_match_regex - ANNEE - correctly filled rate (%) - 50.0
2019-08-30 09:53:52,919 - CAMION - CZ - MACHINERYZONE - 2019-04-01 00:00:00 - ERROR - STAT - expect_column_values_to_not_be_null - ANNONCE_LINK - correctly filled rate (%) - 100.0
2019-08-30 09:53:52,919 - CAMION - CZ - MACHINERYZONE - 2019-04-01 00:00:00 - ERROR - STAT - expect_column_values_to_be_unique - ANNONCE_LINK - observed proportion - 100.0
2019-08-30 09:53:52,919 - CAMION - CZ - MACHINERYZONE - 2019-04-01 00:00:00 - ERROR - STAT - expect_column_values_to_not_be_null - CARBURANT - correctly filled rate (%) - 0.0
2019-08-30 09:53:52,919 - CAMION - CZ - MACHINERYZONE - 2019-04-01 00:00:00 - ERROR - STAT - expect_column_values_to_not_be_null - CARROSSERIE - correctly filled rate (%) - 100.0
2019-08-30 09:53:52,919 - CAMION - CZ - MACHINERYZONE - 2019-04-01 00:00:00 - ERROR - STAT - expect_column_values_to_not_be_null - CP - correctly filled rate (%) - 100.0
2019-08-30 09:53:52,919 - CAMION - CZ - MACHINERYZONE - 2019-04-01 00:00:00 - ERROR - STAT - expect_column_values_to_match_regex - CP - correctly filled rate (%) - 100.0
2019-08-30 09:53:52,919 - CAMION - CZ - MACHINERYZONE - 2019-04-01 00:00:00 - ERROR - STAT - expect_column_values_to_not_be_null - GARAGE_ID - correctly filled rate (%) - 0.0
2019-08-30 09:53:52,919 - CAMION - CZ - MACHINERYZONE - 2019-04-01 00:00:00 - ERROR - STAT - expect_column_values_to_not_be_null - ID_CLIENT - correctly filled rate (%) - 100.0
2019-08-30 09:53:52,919 - CAMION - CZ - MACHINERYZONE - 2019-04-01 00:00:00 - ERROR - STAT - expect_column_values_to_be_unique - ID_CLIENT - observed proportion - 100.0
2019-08-30 09:53:52,919 - CAMION - CZ - MACHINERYZONE - 2019-04-01 00:00:00 - ERROR - STAT - expect_returning_row_count - EVERY_COLUMNS - total number of rows - 52
2019-08-30 09:53:52,919 - CAMION - CZ - MACHINERYZONE - 2019-04-01 00:00:00 - ERROR - STAT - expect_column_values_to_not_be_null - IMMAT - correctly filled rate (%) - 100.0
2019-08-30 09:53:52,919 - CAMION - CZ - MACHINERYZONE - 2019-04-01 00:00:00 - ERROR - FILE_CHECK - expect_column_values_to_be_in_type_list - KM - Wrong type for value: 0 on line 0 should be in ['int']
2019-08-30 09:53:52,919 - CAMION - CZ - MACHINERYZONE - 2019-04-01 00:00:00 - ERROR - FILE_CHECK - expect_column_values_to_be_in_type_list - KM - Wrong type for value: 0 on line 1 should be in ['int']
2019-08-30 09:53:52,919 - CAMION - CZ - MACHINERYZONE - 2019-04-01 00:00:00 - ERROR - FILE_CHECK - expect_column_values_to_be_in_type_list - KM - Wrong type for value: 0 on line 2 should be in ['int']
2019-08-30 09:53:52,919 - CAMION - CZ - MACHINERYZONE - 2019-04-01 00:00:00 - ERROR - FILE_CHECK - expect_column_values_to_be_in_type_list - KM - Wrong type for value: 0 on line 3 should be in ['int']
2019-08-30 09:53:52,919 - CAMION - CZ - MACHINERYZONE - 2019-04-01 00:00:00 - ERROR - FILE_CHECK - expect_column_values_to_be_in_type_list - KM - Wrong type for value: 0 on line 4 should be in ['int']
2019-08-30 09:53:52,920 - CAMION - CZ - MACHINERYZONE - 2019-04-01 00:00:00 - ERROR - FILE_CHECK - expect_column_values_to_be_in_type_list - KM - Wrong type for value: 0 on line 5 should be in ['int']
2019-08-30 09:53:52,920 - CAMION - CZ - MACHINERYZONE - 2019-04-01 00:00:00 - ERROR - FILE_CHECK - expect_column_values_to_be_in_type_list - KM - Wrong type for value: 0 on line 6 should be in ['int']
2019-08-30 09:53:52,920 - CAMION - CZ - MACHINERYZONE - 2019-04-01 00:00:00 - ERROR - FILE_CHECK - expect_column_values_to_be_in_type_list - KM - Wrong type for value: 0 on line 7 should be in ['int']
2019-08-30 09:53:52,920 - CAMION - CZ - MACHINERYZONE - 2019-04-01 00:00:00 - ERROR - FILE_CHECK - expect_column_values_to_be_in_type_list - KM - Wrong type for value: 0 on line 8 should be in ['int']
2019-08-30 09:53:52,920 - CAMION - CZ - MACHINERYZONE - 2019-04-01 00:00:00 - ERROR - FILE_CHECK - expect_column_values_to_be_in_type_list - KM - Wrong type for value: 0 on line 9 should be in ['int']
2019-08-30 09:53:52,920 - CAMION - CZ - MACHINERYZONE - 2019-04-01 00:00:00 - ERROR - FILE_CHECK - expect_column_values_to_be_in_type_list - KM - Wrong type for value: 0 on line 10 should be in ['int']
2019-08-30 09:53:52,920 - CAMION - CZ - MACHINERYZONE - 2019-04-01 00:00:00 - ERROR - FILE_CHECK - expect_column_values_to_be_in_type_list - KM - Wrong type for value: 0 on line 11 should be in ['int']
2019-08-30 09:53:52,920 - CAMION - CZ - MACHINERYZONE - 2019-04-01 00:00:00 - ERROR - FILE_CHECK - expect_column_values_to_be_in_type_list - KM - Wrong type for value: 0 on line 12 should be in ['int']
2019-08-30 09:53:52,920 - CAMION - CZ - MACHINERYZONE - 2019-04-01 00:00:00 - ERROR - FILE_CHECK - expect_column_values_to_be_in_type_list - KM - Wrong type for value: 0 on line 13 should be in ['int']
2019-08-30 09:53:52,920 - CAMION - CZ - MACHINERYZONE - 2019-04-01 00:00:00 - ERROR - FILE_CHECK - expect_column_values_to_be_in_type_list - KM - Wrong type for value: 0 on line 14 should be in ['int']
2019-08-30 09:53:52,920 - CAMION - CZ - MACHINERYZONE - 2019-04-01 00:00:00 - ERROR - FILE_CHECK - expect_column_values_to_be_in_type_list - KM - Wrong type for value: 0 on line 15 should be in ['int']
2019-08-30 09:53:52,920 - CAMION - CZ - MACHINERYZONE - 2019-04-01 00:00:00 - ERROR - FILE_CHECK - expect_column_values_to_be_in_type_list - KM - Wrong type for value: 0 on line 16 should be in ['int']
2019-08-30 09:53:52,920 - CAMION - CZ - MACHINERYZONE - 2019-04-01 00:00:00 - ERROR - FILE_CHECK - expect_column_values_to_be_in_type_list - KM - Wrong type for value: 0 on line 17 should be in ['int']
2019-08-30 09:53:52,920 - CAMION - CZ - MACHINERYZONE - 2019-04-01 00:00:00 - ERROR - FILE_CHECK - expect_column_values_to_be_in_type_list - KM - Wrong type for value: 0 on line 18 should be in ['int']
2019-08-30 09:53:52,920 - CAMION - CZ - MACHINERYZONE - 2019-04-01 00:00:00 - ERROR - FILE_CHECK - expect_column_values_to_be_in_type_list - KM - Wrong type for value: 0 on line 19 should be in ['int']
2019-08-30 09:53:52,920 - CAMION - CZ - MACHINERYZONE - 2019-04-01 00:00:00 - ERROR - STAT - expect_column_values_to_be_in_type_list - KM - correctly filled rate (%) - 0.0
2019-08-30 09:53:52,920 - CAMION - CZ - MACHINERYZONE - 2019-04-01 00:00:00 - ERROR - STAT - expect_column_values_to_not_be_null - KM - correctly filled rate (%) - 100.0
2019-08-30 09:53:52,921 - CAMION - CZ - MACHINERYZONE - 2019-04-01 00:00:00 - ERROR - FILE_CHECK - expect_column_values_to_be_in_type_list - LITRE - Wrong type for value: 0.0 on line 0 should be in ['int', 'float']
2019-08-30 09:53:52,921 - CAMION - CZ - MACHINERYZONE - 2019-04-01 00:00:00 - ERROR - FILE_CHECK - expect_column_values_to_be_in_type_list - LITRE - Wrong type for value: 0.0 on line 1 should be in ['int', 'float']
2019-08-30 09:53:52,921 - CAMION - CZ - MACHINERYZONE - 2019-04-01 00:00:00 - ERROR - FILE_CHECK - expect_column_values_to_be_in_type_list - LITRE - Wrong type for value: 0.0 on line 2 should be in ['int', 'float']
2019-08-30 09:53:52,921 - CAMION - CZ - MACHINERYZONE - 2019-04-01 00:00:00 - ERROR - FILE_CHECK - expect_column_values_to_be_in_type_list - LITRE - Wrong type for value: 0.0 on line 3 should be in ['int', 'float']
2019-08-30 09:53:52,921 - CAMION - CZ - MACHINERYZONE - 2019-04-01 00:00:00 - ERROR - FILE_CHECK - expect_column_values_to_be_in_type_list - LITRE - Wrong type for value: 0.0 on line 4 should be in ['int', 'float']
2019-08-30 09:53:52,921 - CAMION - CZ - MACHINERYZONE - 2019-04-01 00:00:00 - ERROR - FILE_CHECK - expect_column_values_to_be_in_type_list - LITRE - Wrong type for value: 0.0 on line 5 should be in ['int', 'float']
2019-08-30 09:53:52,921 - CAMION - CZ - MACHINERYZONE - 2019-04-01 00:00:00 - ERROR - FILE_CHECK - expect_column_values_to_be_in_type_list - LITRE - Wrong type for value: 0.0 on line 6 should be in ['int', 'float']
2019-08-30 09:53:52,921 - CAMION - CZ - MACHINERYZONE - 2019-04-01 00:00:00 - ERROR - FILE_CHECK - expect_column_values_to_be_in_type_list - LITRE - Wrong type for value: 0.0 on line 7 should be in ['int', 'float']
2019-08-30 09:53:52,921 - CAMION - CZ - MACHINERYZONE - 2019-04-01 00:00:00 - ERROR - FILE_CHECK - expect_column_values_to_be_in_type_list - LITRE - Wrong type for value: 0.0 on line 8 should be in ['int', 'float']
2019-08-30 09:53:52,921 - CAMION - CZ - MACHINERYZONE - 2019-04-01 00:00:00 - ERROR - FILE_CHECK - expect_column_values_to_be_in_type_list - LITRE - Wrong type for value: 0.0 on line 9 should be in ['int', 'float']
2019-08-30 09:53:52,921 - CAMION - CZ - MACHINERYZONE - 2019-04-01 00:00:00 - ERROR - FILE_CHECK - expect_column_values_to_be_in_type_list - LITRE - Wrong type for value: 0.0 on line 10 should be in ['int', 'float']
2019-08-30 09:53:52,921 - CAMION - CZ - MACHINERYZONE - 2019-04-01 00:00:00 - ERROR - FILE_CHECK - expect_column_values_to_be_in_type_list - LITRE - Wrong type for value: 0.0 on line 11 should be in ['int', 'float']
2019-08-30 09:53:52,921 - CAMION - CZ - MACHINERYZONE - 2019-04-01 00:00:00 - ERROR - FILE_CHECK - expect_column_values_to_be_in_type_list - LITRE - Wrong type for value: 0.0 on line 12 should be in ['int', 'float']
2019-08-30 09:53:52,921 - CAMION - CZ - MACHINERYZONE - 2019-04-01 00:00:00 - ERROR - FILE_CHECK - expect_column_values_to_be_in_type_list - LITRE - Wrong type for value: 0.0 on line 13 should be in ['int', 'float']
2019-08-30 09:53:52,921 - CAMION - CZ - MACHINERYZONE - 2019-04-01 00:00:00 - ERROR - FILE_CHECK - expect_column_values_to_be_in_type_list - LITRE - Wrong type for value: 0.0 on line 14 should be in ['int', 'float']
2019-08-30 09:53:52,921 - CAMION - CZ - MACHINERYZONE - 2019-04-01 00:00:00 - ERROR - FILE_CHECK - expect_column_values_to_be_in_type_list - LITRE - Wrong type for value: 0.0 on line 15 should be in ['int', 'float']
2019-08-30 09:53:52,921 - CAMION - CZ - MACHINERYZONE - 2019-04-01 00:00:00 - ERROR - FILE_CHECK - expect_column_values_to_be_in_type_list - LITRE - Wrong type for value: 0.0 on line 16 should be in ['int', 'float']
2019-08-30 09:53:52,922 - CAMION - CZ - MACHINERYZONE - 2019-04-01 00:00:00 - ERROR - FILE_CHECK - expect_column_values_to_be_in_type_list - LITRE - Wrong type for value: 0.0 on line 17 should be in ['int', 'float']
2019-08-30 09:53:52,922 - CAMION - CZ - MACHINERYZONE - 2019-04-01 00:00:00 - ERROR - FILE_CHECK - expect_column_values_to_be_in_type_list - LITRE - Wrong type for value: 0.0 on line 18 should be in ['int', 'float']
2019-08-30 09:53:52,922 - CAMION - CZ - MACHINERYZONE - 2019-04-01 00:00:00 - ERROR - FILE_CHECK - expect_column_values_to_be_in_type_list - LITRE - Wrong type for value: 0.0 on line 19 should be in ['int', 'float']
2019-08-30 09:53:52,922 - CAMION - CZ - MACHINERYZONE - 2019-04-01 00:00:00 - ERROR - STAT - expect_column_values_to_be_in_type_list - LITRE - correctly filled rate (%) - 0.0
2019-08-30 09:53:52,922 - CAMION - CZ - MACHINERYZONE - 2019-04-01 00:00:00 - ERROR - STAT - expect_column_values_to_not_be_null - LITRE - correctly filled rate (%) - 100.0
2019-08-30 09:53:52,922 - CAMION - CZ - MACHINERYZONE - 2019-04-01 00:00:00 - ERROR - STAT - expect_column_values_to_not_be_null - MARQUE - correctly filled rate (%) - 100.0
2019-08-30 09:53:52,922 - CAMION - CZ - MACHINERYZONE - 2019-04-01 00:00:00 - ERROR - STAT - expect_column_values_to_not_be_null - MODELE - correctly filled rate (%) - 55.77
2019-08-30 09:53:52,922 - CAMION - CZ - MACHINERYZONE - 2019-04-01 00:00:00 - ERROR - STAT - expect_column_values_to_not_be_null - NOM - correctly filled rate (%) - 100.0
2019-08-30 09:53:52,922 - CAMION - CZ - MACHINERYZONE - 2019-04-01 00:00:00 - ERROR - STAT - expect_column_value_lengths_to_be_between - NOM - correctly filled rate (%) - 100.0
2019-08-30 09:53:52,922 - CAMION - CZ - MACHINERYZONE - 2019-04-01 00:00:00 - ERROR - STAT - expect_column_values_to_not_be_null - OPTIONS - correctly filled rate (%) - 0.0
2019-08-30 09:53:52,922 - CAMION - CZ - MACHINERYZONE - 2019-04-01 00:00:00 - ERROR - FILE_CHECK - expect_column_values_to_be_in_type_list - PHOTO - Wrong type for value: 3 on line 0 should be in ['int']
2019-08-30 09:53:52,922 - CAMION - CZ - MACHINERYZONE - 2019-04-01 00:00:00 - ERROR - FILE_CHECK - expect_column_values_to_be_in_type_list - PHOTO - Wrong type for value: 3 on line 1 should be in ['int']
2019-08-30 09:53:52,922 - CAMION - CZ - MACHINERYZONE - 2019-04-01 00:00:00 - ERROR - FILE_CHECK - expect_column_values_to_be_in_type_list - PHOTO - Wrong type for value: 5 on line 2 should be in ['int']
2019-08-30 09:53:52,922 - CAMION - CZ - MACHINERYZONE - 2019-04-01 00:00:00 - ERROR - FILE_CHECK - expect_column_values_to_be_in_type_list - PHOTO - Wrong type for value: 0 on line 3 should be in ['int']
2019-08-30 09:53:52,922 - CAMION - CZ - MACHINERYZONE - 2019-04-01 00:00:00 - ERROR - FILE_CHECK - expect_column_values_to_be_in_type_list - PHOTO - Wrong type for value: 0 on line 4 should be in ['int']
2019-08-30 09:53:52,922 - CAMION - CZ - MACHINERYZONE - 2019-04-01 00:00:00 - ERROR - FILE_CHECK - expect_column_values_to_be_in_type_list - PHOTO - Wrong type for value: 0 on line 5 should be in ['int']
2019-08-30 09:53:52,922 - CAMION - CZ - MACHINERYZONE - 2019-04-01 00:00:00 - ERROR - FILE_CHECK - expect_column_values_to_be_in_type_list - PHOTO - Wrong type for value: 0 on line 6 should be in ['int']
2019-08-30 09:53:52,923 - CAMION - CZ - MACHINERYZONE - 2019-04-01 00:00:00 - ERROR - FILE_CHECK - expect_column_values_to_be_in_type_list - PHOTO - Wrong type for value: 3 on line 7 should be in ['int']
2019-08-30 09:53:52,923 - CAMION - CZ - MACHINERYZONE - 2019-04-01 00:00:00 - ERROR - FILE_CHECK - expect_column_values_to_be_in_type_list - PHOTO - Wrong type for value: 0 on line 8 should be in ['int']
2019-08-30 09:53:52,923 - CAMION - CZ - MACHINERYZONE - 2019-04-01 00:00:00 - ERROR - FILE_CHECK - expect_column_values_to_be_in_type_list - PHOTO - Wrong type for value: 0 on line 9 should be in ['int']
2019-08-30 09:53:52,923 - CAMION - CZ - MACHINERYZONE - 2019-04-01 00:00:00 - ERROR - FILE_CHECK - expect_column_values_to_be_in_type_list - PHOTO - Wrong type for value: 0 on line 10 should be in ['int']
2019-08-30 09:53:52,923 - CAMION - CZ - MACHINERYZONE - 2019-04-01 00:00:00 - ERROR - FILE_CHECK - expect_column_values_to_be_in_type_list - PHOTO - Wrong type for value: 0 on line 11 should be in ['int']
2019-08-30 09:53:52,923 - CAMION - CZ - MACHINERYZONE - 2019-04-01 00:00:00 - ERROR - FILE_CHECK - expect_column_values_to_be_in_type_list - PHOTO - Wrong type for value: 2 on line 12 should be in ['int']
2019-08-30 09:53:52,923 - CAMION - CZ - MACHINERYZONE - 2019-04-01 00:00:00 - ERROR - FILE_CHECK - expect_column_values_to_be_in_type_list - PHOTO - Wrong type for value: 0 on line 13 should be in ['int']
2019-08-30 09:53:52,923 - CAMION - CZ - MACHINERYZONE - 2019-04-01 00:00:00 - ERROR - FILE_CHECK - expect_column_values_to_be_in_type_list - PHOTO - Wrong type for value: 1 on line 14 should be in ['int']
2019-08-30 09:53:52,923 - CAMION - CZ - MACHINERYZONE - 2019-04-01 00:00:00 - ERROR - FILE_CHECK - expect_column_values_to_be_in_type_list - PHOTO - Wrong type for value: 0 on line 15 should be in ['int']
2019-08-30 09:53:52,923 - CAMION - CZ - MACHINERYZONE - 2019-04-01 00:00:00 - ERROR - FILE_CHECK - expect_column_values_to_be_in_type_list - PHOTO - Wrong type for value: 0 on line 16 should be in ['int']
2019-08-30 09:53:52,923 - CAMION - CZ - MACHINERYZONE - 2019-04-01 00:00:00 - ERROR - FILE_CHECK - expect_column_values_to_be_in_type_list - PHOTO - Wrong type for value: 0 on line 17 should be in ['int']
2019-08-30 09:53:52,923 - CAMION - CZ - MACHINERYZONE - 2019-04-01 00:00:00 - ERROR - FILE_CHECK - expect_column_values_to_be_in_type_list - PHOTO - Wrong type for value: 0 on line 18 should be in ['int']
2019-08-30 09:53:52,923 - CAMION - CZ - MACHINERYZONE - 2019-04-01 00:00:00 - ERROR - FILE_CHECK - expect_column_values_to_be_in_type_list - PHOTO - Wrong type for value: 0 on line 19 should be in ['int']
2019-08-30 09:53:52,923 - CAMION - CZ - MACHINERYZONE - 2019-04-01 00:00:00 - ERROR - STAT - expect_column_values_to_be_in_type_list - PHOTO - correctly filled rate (%) - 0.0
2019-08-30 09:53:52,923 - CAMION - CZ - MACHINERYZONE - 2019-04-01 00:00:00 - ERROR - STAT - expect_column_values_to_not_be_null - PHOTO - correctly filled rate (%) - 100.0
2019-08-30 09:53:52,923 - CAMION - CZ - MACHINERYZONE - 2019-04-01 00:00:00 - ERROR - STAT - expect_column_values_to_not_be_null - PLACE - correctly filled rate (%) - 0.0
2019-08-30 09:53:52,923 - CAMION - CZ - MACHINERYZONE - 2019-04-01 00:00:00 - ERROR - STAT - expect_column_values_to_not_be_null - PORTE - correctly filled rate (%) - 0.0
2019-08-30 09:53:52,924 - CAMION - CZ - MACHINERYZONE - 2019-04-01 00:00:00 - ERROR - FILE_CHECK - expect_column_values_to_be_in_type_list - PRIX - Wrong type for value: 3669 on line 0 should be in ['int']
2019-08-30 09:53:52,924 - CAMION - CZ - MACHINERYZONE - 2019-04-01 00:00:00 - ERROR - FILE_CHECK - expect_column_values_to_be_in_type_list - PRIX - Wrong type for value: 1449 on line 1 should be in ['int']
2019-08-30 09:53:52,924 - CAMION - CZ - MACHINERYZONE - 2019-04-01 00:00:00 - ERROR - FILE_CHECK - expect_column_values_to_be_in_type_list - PRIX - Wrong type for value: 0 on line 2 should be in ['int']
2019-08-30 09:53:52,924 - CAMION - CZ - MACHINERYZONE - 2019-04-01 00:00:00 - ERROR - FILE_CHECK - expect_column_values_to_be_in_type_list - PRIX - Wrong type for value: 0 on line 3 should be in ['int']
2019-08-30 09:53:52,924 - CAMION - CZ - MACHINERYZONE - 2019-04-01 00:00:00 - ERROR - FILE_CHECK - expect_column_values_to_be_in_type_list - PRIX - Wrong type for value: 0 on line 4 should be in ['int']
2019-08-30 09:53:52,924 - CAMION - CZ - MACHINERYZONE - 2019-04-01 00:00:00 - ERROR - FILE_CHECK - expect_column_values_to_be_in_type_list - PRIX - Wrong type for value: 0 on line 5 should be in ['int']
2019-08-30 09:53:52,924 - CAMION - CZ - MACHINERYZONE - 2019-04-01 00:00:00 - ERROR - FILE_CHECK - expect_column_values_to_be_in_type_list - PRIX - Wrong type for value: 0 on line 6 should be in ['int']
2019-08-30 09:53:52,924 - CAMION - CZ - MACHINERYZONE - 2019-04-01 00:00:00 - ERROR - FILE_CHECK - expect_column_values_to_be_in_type_list - PRIX - Wrong type for value: 1250000 on line 7 should be in ['int']
2019-08-30 09:53:52,924 - CAMION - CZ - MACHINERYZONE - 2019-04-01 00:00:00 - ERROR - FILE_CHECK - expect_column_values_to_be_in_type_list - PRIX - Wrong type for value: 0 on line 8 should be in ['int']
2019-08-30 09:53:52,924 - CAMION - CZ - MACHINERYZONE - 2019-04-01 00:00:00 - ERROR - FILE_CHECK - expect_column_values_to_be_in_type_list - PRIX - Wrong type for value: 0 on line 9 should be in ['int']
2019-08-30 09:53:52,924 - CAMION - CZ - MACHINERYZONE - 2019-04-01 00:00:00 - ERROR - FILE_CHECK - expect_column_values_to_be_in_type_list - PRIX - Wrong type for value: 0 on line 10 should be in ['int']
2019-08-30 09:53:52,924 - CAMION - CZ - MACHINERYZONE - 2019-04-01 00:00:00 - ERROR - FILE_CHECK - expect_column_values_to_be_in_type_list - PRIX - Wrong type for value: 90976 on line 11 should be in ['int']
2019-08-30 09:53:52,924 - CAMION - CZ - MACHINERYZONE - 2019-04-01 00:00:00 - ERROR - FILE_CHECK - expect_column_values_to_be_in_type_list - PRIX - Wrong type for value: 141000 on line 12 should be in ['int']
2019-08-30 09:53:52,924 - CAMION - CZ - MACHINERYZONE - 2019-04-01 00:00:00 - ERROR - FILE_CHECK - expect_column_values_to_be_in_type_list - PRIX - Wrong type for value: 77000 on line 13 should be in ['int']
2019-08-30 09:53:52,924 - CAMION - CZ - MACHINERYZONE - 2019-04-01 00:00:00 - ERROR - FILE_CHECK - expect_column_values_to_be_in_type_list - PRIX - Wrong type for value: 16200 on line 14 should be in ['int']
2019-08-30 09:53:52,924 - CAMION - CZ - MACHINERYZONE - 2019-04-01 00:00:00 - ERROR - FILE_CHECK - expect_column_values_to_be_in_type_list - PRIX - Wrong type for value: 0 on line 15 should be in ['int']
2019-08-30 09:53:52,924 - CAMION - CZ - MACHINERYZONE - 2019-04-01 00:00:00 - ERROR - FILE_CHECK - expect_column_values_to_be_in_type_list - PRIX - Wrong type for value: 0 on line 16 should be in ['int']
2019-08-30 09:53:52,925 - CAMION - CZ - MACHINERYZONE - 2019-04-01 00:00:00 - ERROR - FILE_CHECK - expect_column_values_to_be_in_type_list - PRIX - Wrong type for value: 0 on line 17 should be in ['int']
2019-08-30 09:53:52,925 - CAMION - CZ - MACHINERYZONE - 2019-04-01 00:00:00 - ERROR - FILE_CHECK - expect_column_values_to_be_in_type_list - PRIX - Wrong type for value: 0 on line 18 should be in ['int']
2019-08-30 09:53:52,925 - CAMION - CZ - MACHINERYZONE - 2019-04-01 00:00:00 - ERROR - FILE_CHECK - expect_column_values_to_be_in_type_list - PRIX - Wrong type for value: 0 on line 19 should be in ['int']
2019-08-30 09:53:52,925 - CAMION - CZ - MACHINERYZONE - 2019-04-01 00:00:00 - ERROR - STAT - expect_column_values_to_be_in_type_list - PRIX - correctly filled rate (%) - 0.0
2019-08-30 09:53:52,925 - CAMION - CZ - MACHINERYZONE - 2019-04-01 00:00:00 - ERROR - STAT - expect_column_values_to_not_be_null - PRIX - correctly filled rate (%) - 100.0
2019-08-30 09:53:52,925 - CAMION - CZ - MACHINERYZONE - 2019-04-01 00:00:00 - ERROR - STAT - expect_column_values_to_not_be_null - PROVINCE - correctly filled rate (%) - 0.0
2019-08-30 09:53:52,925 - CAMION - CZ - MACHINERYZONE - 2019-04-01 00:00:00 - ERROR - STAT - expect_column_values_to_not_be_null - SITE - correctly filled rate (%) - 100.0
2019-08-30 09:53:52,925 - CAMION - CZ - MACHINERYZONE - 2019-04-01 00:00:00 - ERROR - STAT - expect_column_values_to_not_be_null - TELEPHONE - correctly filled rate (%) - 100.0
2019-08-30 09:53:52,925 - CAMION - CZ - MACHINERYZONE - 2019-04-01 00:00:00 - ERROR - STAT - expect_column_values_to_be_phone_number - TELEPHONE - correctly filled rate (%) - 100.0
2019-08-30 09:53:52,925 - CAMION - CZ - MACHINERYZONE - 2019-04-01 00:00:00 - ERROR - STAT - expect_column_values_to_not_be_null - TYPE - correctly filled rate (%) - 100.0
2019-08-30 09:53:52,925 - CAMION - CZ - MACHINERYZONE - 2019-04-01 00:00:00 - ERROR - STAT - expect_column_values_to_be_in_set_2 - TYPE - observed proportion - 100.0
2019-08-30 09:53:52,925 - CAMION - CZ - MACHINERYZONE - 2019-04-01 00:00:00 - ERROR - STAT - expect_column_values_to_not_be_null - VILLE - correctly filled rate (%) - 73.08
2019-08-30 09:53:52,925 - CAMION - CZ - MACHINERYZONE - 2019-04-01 00:00:00 - ERROR - STAT - expect_column_values_to_not_be_null - VN_IND - correctly filled rate (%) - 0.0
2019-08-30 09:53:52,925 - CAMION - CZ - MACHINERYZONE - 2019-04-01 00:00:00 - ERROR - STAT - expect_returning_row_unique_count - MARQUE_CORRECTED - total number of unique rows - 34
2019-08-30 09:53:52,925 - CAMION - CZ - MACHINERYZONE - 2019-04-01 00:00:00 - ERROR - STAT - expect_returning_row_unique_count - MODELE_CORRECTED - total number of unique rows - 24
2019-08-30 09:53:52,925 - CAMION - CZ - MACHINERYZONE - 2019-04-01 00:00:00 - ERROR - STAT - expect_returning_row_unique_count - CARROSSERIE - total number of unique rows - 25
2019-08-30 09:53:52,926 - CAMION - CZ - MACHINERYZONE - 2019-04-01 00:00:00 - ERROR - STAT - expect_returning_row_unique_count - CARBURANT - total number of unique rows - 0
2019-08-30 09:53:52,926 - CAMION - CZ - MACHINERYZONE - 2019-04-01 00:00:00 - ERROR - STAT - expect_column_values_to_not_be_null - CYLINDRE - correctly filled rate (%) - 0.0
2019-08-30 09:53:52,926 - CAMION - CZ - MACHINERYZONE - 2019-04-01 00:00:00 - ERROR - STAT - expect_returning_row_unique_count - PROVINCE - total number of unique rows - 0
2019-08-30 09:53:52,926 - CAMION - CZ - MACHINERYZONE - 2019-04-01 00:00:00 - ERROR - STAT - expect_returning_row_unique_count - VILLE - total number of unique rows - 21
2019-08-30 09:53:52,926 - CAMION - CZ - MACHINERYZONE - 2019-04-01 00:00:00 - ERROR - STAT - expect_returning_row_unique_count - DEPARTEMENT - total number of unique rows - 11
2019-08-30 09:53:52,926 - CAMION - CZ - MACHINERYZONE - 2019-04-01 00:00:00 - ERROR - STAT - expect_returning_row_count_on_conditions - DEALER_USEDCARS - total number of row with conditions - 52
2019-08-30 09:53:52,926 - CAMION - CZ - MACHINERYZONE - 2019-04-01 00:00:00 - ERROR - STAT - expect_returning_row_count_on_conditions - PRIVATE_USEDCARS - total number of row with conditions - 0
2019-08-30 09:53:52,926 - CAMION - CZ - MACHINERYZONE - 2019-04-01 00:00:00 - ERROR - STAT - expect_returning_row_count_on_conditions - TRUCKS - total number of row with conditions - 1
2019-08-30 09:53:52,926 - CAMION - CZ - MACHINERYZONE - 2019-04-01 00:00:00 - ERROR - STAT - expect_returning_row_count_on_conditions - TRACTOR UNITS - total number of row with conditions - 0
2019-08-30 09:53:52,926 - CAMION - CZ - MACHINERYZONE - 2019-04-01 00:00:00 - ERROR - STAT - expect_returning_row_count_on_conditions - TRAILERS - total number of row with conditions - 1
2019-08-30 09:53:52,926 - CAMION - CZ - MACHINERYZONE - 2019-04-01 00:00:00 - ERROR - STAT - expect_returning_row_count_on_conditions - VANS - total number of row with conditions - 0
2019-08-30 09:53:52,926 - CAMION - CZ - MACHINERYZONE - 2019-04-01 00:00:00 - ERROR - STAT - expect_returning_row_count_on_conditions - HEAVY EQUIPMENTS - total number of row with conditions - 50
2019-08-30 09:53:52,926 - CAMION - CZ - MACHINERYZONE - 2019-04-01 00:00:00 - ERROR - STAT - expect_returning_row_count_on_conditions - SEMI TRAILERS - total number of row with conditions - 0
2019-08-30 09:53:52,926 - CAMION - CZ - MACHINERYZONE - 2019-04-01 00:00:00 - ERROR - STAT - expect_returning_row_count_on_conditions - DEALER_TRUCKS - total number of row with conditions - 1
2019-08-30 09:53:52,926 - CAMION - CZ - MACHINERYZONE - 2019-04-01 00:00:00 - ERROR - STAT - expect_returning_row_count_on_conditions - PRIVATE_TRUCKS - total number of row with conditions - 0
2019-08-30 09:53:52,926 - CAMION - CZ - MACHINERYZONE - 2019-04-01 00:00:00 - ERROR - STAT - expect_returning_row_count_on_conditions - DEALER_TRACTOR UNITS - total number of row with conditions - 0
2019-08-30 09:53:52,926 - CAMION - CZ - MACHINERYZONE - 2019-04-01 00:00:00 - ERROR - STAT - expect_returning_row_count_on_conditions - PRIVATE_TRACTOR UNITS - total number of row with conditions - 0
2019-08-30 09:53:52,927 - CAMION - CZ - MACHINERYZONE - 2019-04-01 00:00:00 - ERROR - STAT - expect_returning_row_count_on_conditions - DEALER_TRAILERS - total number of row with conditions - 1
2019-08-30 09:53:52,927 - CAMION - CZ - MACHINERYZONE - 2019-04-01 00:00:00 - ERROR - STAT - expect_returning_row_count_on_conditions - PRIVATE_TRAILERS - total number of row with conditions - 0
2019-08-30 09:53:52,927 - CAMION - CZ - MACHINERYZONE - 2019-04-01 00:00:00 - ERROR - STAT - expect_returning_row_count_on_conditions - DEALER_VANS - total number of row with conditions - 0
2019-08-30 09:53:52,927 - CAMION - CZ - MACHINERYZONE - 2019-04-01 00:00:00 - ERROR - STAT - expect_returning_row_count_on_conditions - PRIVATE_VANS - total number of row with conditions - 0
2019-08-30 09:53:52,927 - CAMION - CZ - MACHINERYZONE - 2019-04-01 00:00:00 - ERROR - STAT - expect_returning_row_count_on_conditions - DEALER_HEAVY EQUIPMENTS - total number of row with conditions - 50
2019-08-30 09:53:52,927 - CAMION - CZ - MACHINERYZONE - 2019-04-01 00:00:00 - ERROR - STAT - expect_returning_row_count_on_conditions - PRIVATE_HEAVY EQUIPMENTS - total number of row with conditions - 0
2019-08-30 09:53:52,927 - CAMION - CZ - MACHINERYZONE - 2019-04-01 00:00:00 - ERROR - STAT - expect_returning_row_count_on_conditions - DEALER_SEMI TRAILERS - total number of row with conditions - 0
2019-08-30 09:53:52,927 - CAMION - CZ - MACHINERYZONE - 2019-04-01 00:00:00 - ERROR - STAT - expect_returning_row_count_on_conditions - PRIVATE_SEMI TRAILERS - total number of row with conditions - 0
