2019-06-13 12:44:25,569 - VO - FR - AUTOSELECTION - 2019-05-01 00:00:00 - ERROR - STAT - expect_column_values_to_not_be_null - ADRESSE - correctly filled rate (%) - 96.37
2019-06-13 12:44:25,569 - VO - FR - AUTOSELECTION - 2019-05-01 00:00:00 - ERROR - STAT - expect_column_values_to_be_in_type_list - ANNEE - correctly filled rate (%) - 93.89
2019-06-13 12:44:25,569 - VO - FR - AUTOSELECTION - 2019-05-01 00:00:00 - ERROR - STAT - expect_column_values_to_not_be_null - ANNEE - correctly filled rate (%) - 100.0
2019-06-13 12:44:25,569 - VO - FR - AUTOSELECTION - 2019-05-01 00:00:00 - ERROR - FILE_CHECK - expect_column_values_to_match_regex - ANNEE - Unexpected value: BREAK on line 2389, value should match regexp ^[0-9]{4}$
2019-06-13 12:44:25,569 - VO - FR - AUTOSELECTION - 2019-05-01 00:00:00 - ERROR - STAT - expect_column_values_to_match_regex - ANNEE - correctly filled rate (%) - 100.0
2019-06-13 12:44:25,569 - VO - FR - AUTOSELECTION - 2019-05-01 00:00:00 - ERROR - STAT - expect_column_values_to_not_be_null - ANNONCE_LINK - correctly filled rate (%) - 100.0
2019-06-13 12:44:25,569 - VO - FR - AUTOSELECTION - 2019-05-01 00:00:00 - ERROR - STAT - expect_column_values_to_be_unique - ANNONCE_LINK - observed proportion - 100.0
2019-06-13 12:44:25,569 - VO - FR - AUTOSELECTION - 2019-05-01 00:00:00 - ERROR - STAT - expect_column_values_to_not_be_null - CARBURANT - correctly filled rate (%) - 99.69
2019-06-13 12:44:25,569 - VO - FR - AUTOSELECTION - 2019-05-01 00:00:00 - ERROR - STAT - expect_column_values_to_not_be_null - CARROSSERIE - correctly filled rate (%) - 99.94
2019-06-13 12:44:25,569 - VO - FR - AUTOSELECTION - 2019-05-01 00:00:00 - ERROR - STAT - expect_column_values_to_not_be_null - CP - correctly filled rate (%) - 100.0
2019-06-13 12:44:25,570 - VO - FR - AUTOSELECTION - 2019-05-01 00:00:00 - ERROR - STAT - expect_column_values_to_match_regex - CP - correctly filled rate (%) - 96.51
2019-06-13 12:44:25,570 - VO - FR - AUTOSELECTION - 2019-05-01 00:00:00 - ERROR - STAT - expect_column_values_to_not_be_null - GARAGE_ID - correctly filled rate (%) - 99.83
2019-06-13 12:44:25,570 - VO - FR - AUTOSELECTION - 2019-05-01 00:00:00 - ERROR - STAT - expect_column_values_to_not_be_null - ID_CLIENT - correctly filled rate (%) - 100.0
2019-06-13 12:44:25,570 - VO - FR - AUTOSELECTION - 2019-05-01 00:00:00 - ERROR - STAT - expect_column_values_to_be_unique - ID_CLIENT - observed proportion - 100.0
2019-06-13 12:44:25,570 - VO - FR - AUTOSELECTION - 2019-05-01 00:00:00 - ERROR - STAT - expect_returning_row_count - EVERY_COLUMNS - total number of rows - 134128
2019-06-13 12:44:25,570 - VO - FR - AUTOSELECTION - 2019-05-01 00:00:00 - ERROR - STAT - expect_column_values_to_not_be_null - IMMAT - correctly filled rate (%) - 100.0
2019-06-13 12:44:25,570 - VO - FR - AUTOSELECTION - 2019-05-01 00:00:00 - ERROR - FILE_CHECK - expect_column_values_to_be_in_type_list - KM - Wrong type for value: 33320.0 on line 0 should be in ['int']
2019-06-13 12:44:25,570 - VO - FR - AUTOSELECTION - 2019-05-01 00:00:00 - ERROR - FILE_CHECK - expect_column_values_to_be_in_type_list - KM - Wrong type for value: 131400.0 on line 1 should be in ['int']
2019-06-13 12:44:25,570 - VO - FR - AUTOSELECTION - 2019-05-01 00:00:00 - ERROR - FILE_CHECK - expect_column_values_to_be_in_type_list - KM - Wrong type for value: 33140.0 on line 2 should be in ['int']
2019-06-13 12:44:25,570 - VO - FR - AUTOSELECTION - 2019-05-01 00:00:00 - ERROR - FILE_CHECK - expect_column_values_to_be_in_type_list - KM - Wrong type for value: 131900.0 on line 3 should be in ['int']
2019-06-13 12:44:25,570 - VO - FR - AUTOSELECTION - 2019-05-01 00:00:00 - ERROR - FILE_CHECK - expect_column_values_to_be_in_type_list - KM - Wrong type for value: 112000.0 on line 4 should be in ['int']
2019-06-13 12:44:25,570 - VO - FR - AUTOSELECTION - 2019-05-01 00:00:00 - ERROR - FILE_CHECK - expect_column_values_to_be_in_type_list - KM - Wrong type for value: 78000.0 on line 5 should be in ['int']
2019-06-13 12:44:25,570 - VO - FR - AUTOSELECTION - 2019-05-01 00:00:00 - ERROR - FILE_CHECK - expect_column_values_to_be_in_type_list - KM - Wrong type for value: 71000.0 on line 6 should be in ['int']
2019-06-13 12:44:25,570 - VO - FR - AUTOSELECTION - 2019-05-01 00:00:00 - ERROR - FILE_CHECK - expect_column_values_to_be_in_type_list - KM - Wrong type for value: 33500.0 on line 7 should be in ['int']
2019-06-13 12:44:25,570 - VO - FR - AUTOSELECTION - 2019-05-01 00:00:00 - ERROR - FILE_CHECK - expect_column_values_to_be_in_type_list - KM - Wrong type for value: 8500.0 on line 8 should be in ['int']
2019-06-13 12:44:25,570 - VO - FR - AUTOSELECTION - 2019-05-01 00:00:00 - ERROR - FILE_CHECK - expect_column_values_to_be_in_type_list - KM - Wrong type for value: 72000.0 on line 9 should be in ['int']
2019-06-13 12:44:25,570 - VO - FR - AUTOSELECTION - 2019-05-01 00:00:00 - ERROR - FILE_CHECK - expect_column_values_to_be_in_type_list - KM - Wrong type for value: 25000.0 on line 10 should be in ['int']
2019-06-13 12:44:25,571 - VO - FR - AUTOSELECTION - 2019-05-01 00:00:00 - ERROR - FILE_CHECK - expect_column_values_to_be_in_type_list - KM - Wrong type for value: 21375.0 on line 11 should be in ['int']
2019-06-13 12:44:25,571 - VO - FR - AUTOSELECTION - 2019-05-01 00:00:00 - ERROR - FILE_CHECK - expect_column_values_to_be_in_type_list - KM - Wrong type for value: 40000.0 on line 12 should be in ['int']
2019-06-13 12:44:25,571 - VO - FR - AUTOSELECTION - 2019-05-01 00:00:00 - ERROR - FILE_CHECK - expect_column_values_to_be_in_type_list - KM - Wrong type for value: 37400.0 on line 13 should be in ['int']
2019-06-13 12:44:25,571 - VO - FR - AUTOSELECTION - 2019-05-01 00:00:00 - ERROR - FILE_CHECK - expect_column_values_to_be_in_type_list - KM - Wrong type for value: 78000.0 on line 14 should be in ['int']
2019-06-13 12:44:25,571 - VO - FR - AUTOSELECTION - 2019-05-01 00:00:00 - ERROR - FILE_CHECK - expect_column_values_to_be_in_type_list - KM - Wrong type for value: 61000.0 on line 15 should be in ['int']
2019-06-13 12:44:25,571 - VO - FR - AUTOSELECTION - 2019-05-01 00:00:00 - ERROR - FILE_CHECK - expect_column_values_to_be_in_type_list - KM - Wrong type for value: 147200.0 on line 16 should be in ['int']
2019-06-13 12:44:25,571 - VO - FR - AUTOSELECTION - 2019-05-01 00:00:00 - ERROR - FILE_CHECK - expect_column_values_to_be_in_type_list - KM - Wrong type for value: 175000.0 on line 17 should be in ['int']
2019-06-13 12:44:25,571 - VO - FR - AUTOSELECTION - 2019-05-01 00:00:00 - ERROR - FILE_CHECK - expect_column_values_to_be_in_type_list - KM - Wrong type for value: 97000.0 on line 18 should be in ['int']
2019-06-13 12:44:25,571 - VO - FR - AUTOSELECTION - 2019-05-01 00:00:00 - ERROR - FILE_CHECK - expect_column_values_to_be_in_type_list - KM - Wrong type for value: 130000.0 on line 19 should be in ['int']
2019-06-13 12:44:25,571 - VO - FR - AUTOSELECTION - 2019-05-01 00:00:00 - ERROR - STAT - expect_column_values_to_be_in_type_list - KM - correctly filled rate (%) - 0.0
2019-06-13 12:44:25,571 - VO - FR - AUTOSELECTION - 2019-05-01 00:00:00 - ERROR - STAT - expect_column_values_to_not_be_null - KM - correctly filled rate (%) - 100.0
2019-06-13 12:44:25,571 - VO - FR - AUTOSELECTION - 2019-05-01 00:00:00 - ERROR - STAT - expect_column_values_to_be_in_type_list - LITRE - correctly filled rate (%) - 100.0
2019-06-13 12:44:25,571 - VO - FR - AUTOSELECTION - 2019-05-01 00:00:00 - ERROR - STAT - expect_column_values_to_not_be_null - LITRE - correctly filled rate (%) - 100.0
2019-06-13 12:44:25,571 - VO - FR - AUTOSELECTION - 2019-05-01 00:00:00 - ERROR - STAT - expect_column_values_to_not_be_null - MARQUE - correctly filled rate (%) - 100.0
2019-06-13 12:44:25,571 - VO - FR - AUTOSELECTION - 2019-05-01 00:00:00 - ERROR - STAT - expect_column_values_to_not_be_null - MODELE - correctly filled rate (%) - 100.0
2019-06-13 12:44:25,571 - VO - FR - AUTOSELECTION - 2019-05-01 00:00:00 - ERROR - STAT - expect_column_values_to_not_be_null - MOIS - correctly filled rate (%) - 100.0
2019-06-13 12:44:25,571 - VO - FR - AUTOSELECTION - 2019-05-01 00:00:00 - ERROR - FILE_CHECK - expect_column_values_to_be_between - MOIS - Unexpected value: 0.0 on line 554, value should be between 1 and 12
2019-06-13 12:44:25,571 - VO - FR - AUTOSELECTION - 2019-05-01 00:00:00 - ERROR - FILE_CHECK - expect_column_values_to_be_between - MOIS - Unexpected value: 0.0 on line 594, value should be between 1 and 12
2019-06-13 12:44:25,572 - VO - FR - AUTOSELECTION - 2019-05-01 00:00:00 - ERROR - FILE_CHECK - expect_column_values_to_be_between - MOIS - Unexpected value: 0.0 on line 597, value should be between 1 and 12
2019-06-13 12:44:25,572 - VO - FR - AUTOSELECTION - 2019-05-01 00:00:00 - ERROR - FILE_CHECK - expect_column_values_to_be_between - MOIS - Unexpected value: 0.0 on line 600, value should be between 1 and 12
2019-06-13 12:44:25,572 - VO - FR - AUTOSELECTION - 2019-05-01 00:00:00 - ERROR - FILE_CHECK - expect_column_values_to_be_between - MOIS - Unexpected value: 0.0 on line 601, value should be between 1 and 12
2019-06-13 12:44:25,572 - VO - FR - AUTOSELECTION - 2019-05-01 00:00:00 - ERROR - FILE_CHECK - expect_column_values_to_be_between - MOIS - Unexpected value: 0.0 on line 602, value should be between 1 and 12
2019-06-13 12:44:25,572 - VO - FR - AUTOSELECTION - 2019-05-01 00:00:00 - ERROR - FILE_CHECK - expect_column_values_to_be_between - MOIS - Unexpected value: 0.0 on line 603, value should be between 1 and 12
2019-06-13 12:44:25,572 - VO - FR - AUTOSELECTION - 2019-05-01 00:00:00 - ERROR - FILE_CHECK - expect_column_values_to_be_between - MOIS - Unexpected value: 0.0 on line 604, value should be between 1 and 12
2019-06-13 12:44:25,572 - VO - FR - AUTOSELECTION - 2019-05-01 00:00:00 - ERROR - FILE_CHECK - expect_column_values_to_be_between - MOIS - Unexpected value: 0.0 on line 605, value should be between 1 and 12
2019-06-13 12:44:25,572 - VO - FR - AUTOSELECTION - 2019-05-01 00:00:00 - ERROR - FILE_CHECK - expect_column_values_to_be_between - MOIS - Unexpected value: 0.0 on line 606, value should be between 1 and 12
2019-06-13 12:44:25,572 - VO - FR - AUTOSELECTION - 2019-05-01 00:00:00 - ERROR - FILE_CHECK - expect_column_values_to_be_between - MOIS - Unexpected value: 0.0 on line 607, value should be between 1 and 12
2019-06-13 12:44:25,572 - VO - FR - AUTOSELECTION - 2019-05-01 00:00:00 - ERROR - FILE_CHECK - expect_column_values_to_be_between - MOIS - Unexpected value: 0.0 on line 608, value should be between 1 and 12
2019-06-13 12:44:25,572 - VO - FR - AUTOSELECTION - 2019-05-01 00:00:00 - ERROR - FILE_CHECK - expect_column_values_to_be_between - MOIS - Unexpected value: 0.0 on line 609, value should be between 1 and 12
2019-06-13 12:44:25,572 - VO - FR - AUTOSELECTION - 2019-05-01 00:00:00 - ERROR - FILE_CHECK - expect_column_values_to_be_between - MOIS - Unexpected value: 0.0 on line 610, value should be between 1 and 12
2019-06-13 12:44:25,572 - VO - FR - AUTOSELECTION - 2019-05-01 00:00:00 - ERROR - FILE_CHECK - expect_column_values_to_be_between - MOIS - Unexpected value: 0.0 on line 611, value should be between 1 and 12
2019-06-13 12:44:25,572 - VO - FR - AUTOSELECTION - 2019-05-01 00:00:00 - ERROR - FILE_CHECK - expect_column_values_to_be_between - MOIS - Unexpected value: 0.0 on line 612, value should be between 1 and 12
2019-06-13 12:44:25,572 - VO - FR - AUTOSELECTION - 2019-05-01 00:00:00 - ERROR - FILE_CHECK - expect_column_values_to_be_between - MOIS - Unexpected value: 0.0 on line 613, value should be between 1 and 12
2019-06-13 12:44:25,572 - VO - FR - AUTOSELECTION - 2019-05-01 00:00:00 - ERROR - FILE_CHECK - expect_column_values_to_be_between - MOIS - Unexpected value: 0.0 on line 614, value should be between 1 and 12
2019-06-13 12:44:25,572 - VO - FR - AUTOSELECTION - 2019-05-01 00:00:00 - ERROR - FILE_CHECK - expect_column_values_to_be_between - MOIS - Unexpected value: 0.0 on line 615, value should be between 1 and 12
2019-06-13 12:44:25,572 - VO - FR - AUTOSELECTION - 2019-05-01 00:00:00 - ERROR - FILE_CHECK - expect_column_values_to_be_between - MOIS - Unexpected value: 0.0 on line 616, value should be between 1 and 12
2019-06-13 12:44:25,573 - VO - FR - AUTOSELECTION - 2019-05-01 00:00:00 - ERROR - STAT - expect_column_values_to_be_between - MOIS - correctly filled rate (%) - 91.05
2019-06-13 12:44:25,573 - VO - FR - AUTOSELECTION - 2019-05-01 00:00:00 - ERROR - FILE_CHECK - expect_column_values_to_match_regex - MOIS - Unexpected value: 4.0 on line 0, value should match regexp ^[0-9]{1,2}$
2019-06-13 12:44:25,573 - VO - FR - AUTOSELECTION - 2019-05-01 00:00:00 - ERROR - FILE_CHECK - expect_column_values_to_match_regex - MOIS - Unexpected value: 10.0 on line 1, value should match regexp ^[0-9]{1,2}$
2019-06-13 12:44:25,573 - VO - FR - AUTOSELECTION - 2019-05-01 00:00:00 - ERROR - FILE_CHECK - expect_column_values_to_match_regex - MOIS - Unexpected value: 10.0 on line 2, value should match regexp ^[0-9]{1,2}$
2019-06-13 12:44:25,573 - VO - FR - AUTOSELECTION - 2019-05-01 00:00:00 - ERROR - FILE_CHECK - expect_column_values_to_match_regex - MOIS - Unexpected value: 10.0 on line 3, value should match regexp ^[0-9]{1,2}$
2019-06-13 12:44:25,573 - VO - FR - AUTOSELECTION - 2019-05-01 00:00:00 - ERROR - FILE_CHECK - expect_column_values_to_match_regex - MOIS - Unexpected value: 1.0 on line 4, value should match regexp ^[0-9]{1,2}$
2019-06-13 12:44:25,573 - VO - FR - AUTOSELECTION - 2019-05-01 00:00:00 - ERROR - FILE_CHECK - expect_column_values_to_match_regex - MOIS - Unexpected value: 11.0 on line 5, value should match regexp ^[0-9]{1,2}$
2019-06-13 12:44:25,573 - VO - FR - AUTOSELECTION - 2019-05-01 00:00:00 - ERROR - FILE_CHECK - expect_column_values_to_match_regex - MOIS - Unexpected value: 5.0 on line 6, value should match regexp ^[0-9]{1,2}$
2019-06-13 12:44:25,573 - VO - FR - AUTOSELECTION - 2019-05-01 00:00:00 - ERROR - FILE_CHECK - expect_column_values_to_match_regex - MOIS - Unexpected value: 7.0 on line 7, value should match regexp ^[0-9]{1,2}$
2019-06-13 12:44:25,573 - VO - FR - AUTOSELECTION - 2019-05-01 00:00:00 - ERROR - FILE_CHECK - expect_column_values_to_match_regex - MOIS - Unexpected value: 5.0 on line 8, value should match regexp ^[0-9]{1,2}$
2019-06-13 12:44:25,573 - VO - FR - AUTOSELECTION - 2019-05-01 00:00:00 - ERROR - FILE_CHECK - expect_column_values_to_match_regex - MOIS - Unexpected value: 6.0 on line 9, value should match regexp ^[0-9]{1,2}$
2019-06-13 12:44:25,573 - VO - FR - AUTOSELECTION - 2019-05-01 00:00:00 - ERROR - FILE_CHECK - expect_column_values_to_match_regex - MOIS - Unexpected value: 11.0 on line 10, value should match regexp ^[0-9]{1,2}$
2019-06-13 12:44:25,573 - VO - FR - AUTOSELECTION - 2019-05-01 00:00:00 - ERROR - FILE_CHECK - expect_column_values_to_match_regex - MOIS - Unexpected value: 12.0 on line 11, value should match regexp ^[0-9]{1,2}$
2019-06-13 12:44:25,573 - VO - FR - AUTOSELECTION - 2019-05-01 00:00:00 - ERROR - FILE_CHECK - expect_column_values_to_match_regex - MOIS - Unexpected value: 2.0 on line 12, value should match regexp ^[0-9]{1,2}$
2019-06-13 12:44:25,573 - VO - FR - AUTOSELECTION - 2019-05-01 00:00:00 - ERROR - FILE_CHECK - expect_column_values_to_match_regex - MOIS - Unexpected value: 5.0 on line 13, value should match regexp ^[0-9]{1,2}$
2019-06-13 12:44:25,573 - VO - FR - AUTOSELECTION - 2019-05-01 00:00:00 - ERROR - FILE_CHECK - expect_column_values_to_match_regex - MOIS - Unexpected value: 1.0 on line 14, value should match regexp ^[0-9]{1,2}$
2019-06-13 12:44:25,573 - VO - FR - AUTOSELECTION - 2019-05-01 00:00:00 - ERROR - FILE_CHECK - expect_column_values_to_match_regex - MOIS - Unexpected value: 6.0 on line 15, value should match regexp ^[0-9]{1,2}$
2019-06-13 12:44:25,573 - VO - FR - AUTOSELECTION - 2019-05-01 00:00:00 - ERROR - FILE_CHECK - expect_column_values_to_match_regex - MOIS - Unexpected value: 4.0 on line 16, value should match regexp ^[0-9]{1,2}$
2019-06-13 12:44:25,573 - VO - FR - AUTOSELECTION - 2019-05-01 00:00:00 - ERROR - FILE_CHECK - expect_column_values_to_match_regex - MOIS - Unexpected value: 4.0 on line 17, value should match regexp ^[0-9]{1,2}$
2019-06-13 12:44:25,574 - VO - FR - AUTOSELECTION - 2019-05-01 00:00:00 - ERROR - FILE_CHECK - expect_column_values_to_match_regex - MOIS - Unexpected value: 1.0 on line 18, value should match regexp ^[0-9]{1,2}$
2019-06-13 12:44:25,574 - VO - FR - AUTOSELECTION - 2019-05-01 00:00:00 - ERROR - FILE_CHECK - expect_column_values_to_match_regex - MOIS - Unexpected value: 2.0 on line 19, value should match regexp ^[0-9]{1,2}$
2019-06-13 12:44:25,574 - VO - FR - AUTOSELECTION - 2019-05-01 00:00:00 - ERROR - STAT - expect_column_values_to_match_regex - MOIS - correctly filled rate (%) - 0.0
2019-06-13 12:44:25,574 - VO - FR - AUTOSELECTION - 2019-05-01 00:00:00 - ERROR - STAT - expect_column_values_to_not_be_null - NOM - correctly filled rate (%) - 100.0
2019-06-13 12:44:25,574 - VO - FR - AUTOSELECTION - 2019-05-01 00:00:00 - ERROR - FILE_CHECK - expect_column_value_lengths_to_be_between - NOM - Unexpected characters count of: [85...] on line  2389, value length should be between 10 and 255
2019-06-13 12:44:25,574 - VO - FR - AUTOSELECTION - 2019-05-01 00:00:00 - ERROR - FILE_CHECK - expect_column_value_lengths_to_be_between - NOM - Unexpected characters count of: [Mini Mini...] on line  38229, value length should be between 10 and 255
2019-06-13 12:44:25,574 - VO - FR - AUTOSELECTION - 2019-05-01 00:00:00 - ERROR - FILE_CHECK - expect_column_value_lengths_to_be_between - NOM - Unexpected characters count of: [Bmw X1...] on line  44974, value length should be between 10 and 255
2019-06-13 12:44:25,574 - VO - FR - AUTOSELECTION - 2019-05-01 00:00:00 - ERROR - FILE_CHECK - expect_column_value_lengths_to_be_between - NOM - Unexpected characters count of: [Bmw X6...] on line  54642, value length should be between 10 and 255
2019-06-13 12:44:25,574 - VO - FR - AUTOSELECTION - 2019-05-01 00:00:00 - ERROR - FILE_CHECK - expect_column_value_lengths_to_be_between - NOM - Unexpected characters count of: [Bmw X1...] on line  56962, value length should be between 10 and 255
2019-06-13 12:44:25,574 - VO - FR - AUTOSELECTION - 2019-05-01 00:00:00 - ERROR - FILE_CHECK - expect_column_value_lengths_to_be_between - NOM - Unexpected characters count of: [Audi A5...] on line  56994, value length should be between 10 and 255
2019-06-13 12:44:25,574 - VO - FR - AUTOSELECTION - 2019-05-01 00:00:00 - ERROR - FILE_CHECK - expect_column_value_lengths_to_be_between - NOM - Unexpected characters count of: [Bmw i3...] on line  58961, value length should be between 10 and 255
2019-06-13 12:44:25,574 - VO - FR - AUTOSELECTION - 2019-05-01 00:00:00 - ERROR - FILE_CHECK - expect_column_value_lengths_to_be_between - NOM - Unexpected characters count of: [Audi A1...] on line  63467, value length should be between 10 and 255
2019-06-13 12:44:25,574 - VO - FR - AUTOSELECTION - 2019-05-01 00:00:00 - ERROR - FILE_CHECK - expect_column_value_lengths_to_be_between - NOM - Unexpected characters count of: [Audi Q7...] on line  84095, value length should be between 10 and 255
2019-06-13 12:44:25,574 - VO - FR - AUTOSELECTION - 2019-05-01 00:00:00 - ERROR - FILE_CHECK - expect_column_value_lengths_to_be_between - NOM - Unexpected characters count of: [Bmw 530...] on line  84240, value length should be between 10 and 255
2019-06-13 12:44:25,574 - VO - FR - AUTOSELECTION - 2019-05-01 00:00:00 - ERROR - FILE_CHECK - expect_column_value_lengths_to_be_between - NOM - Unexpected characters count of: [Audi Q3...] on line  99463, value length should be between 10 and 255
2019-06-13 12:44:25,574 - VO - FR - AUTOSELECTION - 2019-05-01 00:00:00 - ERROR - FILE_CHECK - expect_column_value_lengths_to_be_between - NOM - Unexpected characters count of: [Fiat 500...] on line  102325, value length should be between 10 and 255
2019-06-13 12:44:25,574 - VO - FR - AUTOSELECTION - 2019-05-01 00:00:00 - ERROR - FILE_CHECK - expect_column_value_lengths_to_be_between - NOM - Unexpected characters count of: [Bmw X3...] on line  115478, value length should be between 10 and 255
2019-06-13 12:44:25,575 - VO - FR - AUTOSELECTION - 2019-05-01 00:00:00 - ERROR - FILE_CHECK - expect_column_value_lengths_to_be_between - NOM - Unexpected characters count of: [Bmw X3...] on line  115489, value length should be between 10 and 255
2019-06-13 12:44:25,575 - VO - FR - AUTOSELECTION - 2019-05-01 00:00:00 - ERROR - FILE_CHECK - expect_column_value_lengths_to_be_between - NOM - Unexpected characters count of: [Bmw 525...] on line  115490, value length should be between 10 and 255
2019-06-13 12:44:25,575 - VO - FR - AUTOSELECTION - 2019-05-01 00:00:00 - ERROR - FILE_CHECK - expect_column_value_lengths_to_be_between - NOM - Unexpected characters count of: [Audi RS3...] on line  122514, value length should be between 10 and 255
2019-06-13 12:44:25,575 - VO - FR - AUTOSELECTION - 2019-05-01 00:00:00 - ERROR - FILE_CHECK - expect_column_value_lengths_to_be_between - NOM - Unexpected characters count of: [Bmw 320...] on line  122627, value length should be between 10 and 255
2019-06-13 12:44:25,575 - VO - FR - AUTOSELECTION - 2019-05-01 00:00:00 - ERROR - FILE_CHECK - expect_column_value_lengths_to_be_between - NOM - Unexpected characters count of: [Bmw X3...] on line  122789, value length should be between 10 and 255
2019-06-13 12:44:25,575 - VO - FR - AUTOSELECTION - 2019-05-01 00:00:00 - ERROR - FILE_CHECK - expect_column_value_lengths_to_be_between - NOM - Unexpected characters count of: [Fiat 500...] on line  127462, value length should be between 10 and 255
2019-06-13 12:44:25,575 - VO - FR - AUTOSELECTION - 2019-05-01 00:00:00 - ERROR - FILE_CHECK - expect_column_value_lengths_to_be_between - NOM - Unexpected characters count of: [Bmw 330...] on line  128086, value length should be between 10 and 255
2019-06-13 12:44:25,575 - VO - FR - AUTOSELECTION - 2019-05-01 00:00:00 - ERROR - STAT - expect_column_value_lengths_to_be_between - NOM - correctly filled rate (%) - 99.98
2019-06-13 12:44:25,575 - VO - FR - AUTOSELECTION - 2019-05-01 00:00:00 - ERROR - STAT - expect_column_values_to_not_be_null - OPTIONS - correctly filled rate (%) - 83.68
2019-06-13 12:44:25,575 - VO - FR - AUTOSELECTION - 2019-05-01 00:00:00 - ERROR - FILE_CHECK - expect_column_value_lengths_to_be_between - OPTIONS - Unexpected characters count of: [Vends SEAT IBIZA ST ...] on line  7, value length should be between 0 and 255
2019-06-13 12:44:25,575 - VO - FR - AUTOSELECTION - 2019-05-01 00:00:00 - ERROR - FILE_CHECK - expect_column_value_lengths_to_be_between - OPTIONS - Unexpected characters count of: [Particulier vends Tw...] on line  8, value length should be between 0 and 255
2019-06-13 12:44:25,575 - VO - FR - AUTOSELECTION - 2019-05-01 00:00:00 - ERROR - FILE_CHECK - expect_column_value_lengths_to_be_between - OPTIONS - Unexpected characters count of: [C5 Tourer Exclusive ...] on line  10, value length should be between 0 and 255
2019-06-13 12:44:25,575 - VO - FR - AUTOSELECTION - 2019-05-01 00:00:00 - ERROR - FILE_CHECK - expect_column_value_lengths_to_be_between - OPTIONS - Unexpected characters count of: [C3 PICASSO HDI 90CV....] on line  11, value length should be between 0 and 255
2019-06-13 12:44:25,575 - VO - FR - AUTOSELECTION - 2019-05-01 00:00:00 - ERROR - FILE_CHECK - expect_column_value_lengths_to_be_between - OPTIONS - Unexpected characters count of: [Peugeot 207 CC 1.6 t...] on line  13, value length should be between 0 and 255
2019-06-13 12:44:25,575 - VO - FR - AUTOSELECTION - 2019-05-01 00:00:00 - ERROR - FILE_CHECK - expect_column_value_lengths_to_be_between - OPTIONS - Unexpected characters count of: [Alfa Roméo 159 SW 2...] on line  14, value length should be between 0 and 255
2019-06-13 12:44:25,575 - VO - FR - AUTOSELECTION - 2019-05-01 00:00:00 - ERROR - FILE_CHECK - expect_column_value_lengths_to_be_between - OPTIONS - Unexpected characters count of: [,Pack confort,Jantes...] on line  17, value length should be between 0 and 255
2019-06-13 12:44:25,575 - VO - FR - AUTOSELECTION - 2019-05-01 00:00:00 - ERROR - FILE_CHECK - expect_column_value_lengths_to_be_between - OPTIONS - Unexpected characters count of: [,Pack confort,Jantes...] on line  19, value length should be between 0 and 255
2019-06-13 12:44:25,575 - VO - FR - AUTOSELECTION - 2019-05-01 00:00:00 - ERROR - FILE_CHECK - expect_column_value_lengths_to_be_between - OPTIONS - Unexpected characters count of: [,Pack confort,Alluma...] on line  20, value length should be between 0 and 255
2019-06-13 12:44:25,576 - VO - FR - AUTOSELECTION - 2019-05-01 00:00:00 - ERROR - FILE_CHECK - expect_column_value_lengths_to_be_between - OPTIONS - Unexpected characters count of: [,Pack confort,Rétro...] on line  22, value length should be between 0 and 255
2019-06-13 12:44:25,576 - VO - FR - AUTOSELECTION - 2019-05-01 00:00:00 - ERROR - FILE_CHECK - expect_column_value_lengths_to_be_between - OPTIONS - Unexpected characters count of: [Audi A7 sportback 3....] on line  36, value length should be between 0 and 255
2019-06-13 12:44:25,576 - VO - FR - AUTOSELECTION - 2019-05-01 00:00:00 - ERROR - FILE_CHECK - expect_column_value_lengths_to_be_between - OPTIONS - Unexpected characters count of: [Mini Cooper S Pack C...] on line  37, value length should be between 0 and 255
2019-06-13 12:44:25,576 - VO - FR - AUTOSELECTION - 2019-05-01 00:00:00 - ERROR - FILE_CHECK - expect_column_value_lengths_to_be_between - OPTIONS - Unexpected characters count of: [Accoudoir central av...] on line  52, value length should be between 0 and 255
2019-06-13 12:44:25,576 - VO - FR - AUTOSELECTION - 2019-05-01 00:00:00 - ERROR - FILE_CHECK - expect_column_value_lengths_to_be_between - OPTIONS - Unexpected characters count of: [4 roues motrices,GPS...] on line  53, value length should be between 0 and 255
2019-06-13 12:44:25,576 - VO - FR - AUTOSELECTION - 2019-05-01 00:00:00 - ERROR - FILE_CHECK - expect_column_value_lengths_to_be_between - OPTIONS - Unexpected characters count of: [equipements et optio...] on line  54, value length should be between 0 and 255
2019-06-13 12:44:25,576 - VO - FR - AUTOSELECTION - 2019-05-01 00:00:00 - ERROR - FILE_CHECK - expect_column_value_lengths_to_be_between - OPTIONS - Unexpected characters count of: [equipements et optio...] on line  55, value length should be between 0 and 255
2019-06-13 12:44:25,576 - VO - FR - AUTOSELECTION - 2019-05-01 00:00:00 - ERROR - FILE_CHECK - expect_column_value_lengths_to_be_between - OPTIONS - Unexpected characters count of: [Accoudoir central av...] on line  56, value length should be between 0 and 255
2019-06-13 12:44:25,576 - VO - FR - AUTOSELECTION - 2019-05-01 00:00:00 - ERROR - FILE_CHECK - expect_column_value_lengths_to_be_between - OPTIONS - Unexpected characters count of: [ABS 5ème générati...] on line  57, value length should be between 0 and 255
2019-06-13 12:44:25,576 - VO - FR - AUTOSELECTION - 2019-05-01 00:00:00 - ERROR - FILE_CHECK - expect_column_value_lengths_to_be_between - OPTIONS - Unexpected characters count of: [Accoudoir central av...] on line  58, value length should be between 0 and 255
2019-06-13 12:44:25,576 - VO - FR - AUTOSELECTION - 2019-05-01 00:00:00 - ERROR - FILE_CHECK - expect_column_value_lengths_to_be_between - OPTIONS - Unexpected characters count of: [Accoudoir central av...] on line  60, value length should be between 0 and 255
2019-06-13 12:44:25,576 - VO - FR - AUTOSELECTION - 2019-05-01 00:00:00 - ERROR - STAT - expect_column_value_lengths_to_be_between - OPTIONS - correctly filled rate (%) - 61.45
2019-06-13 12:44:25,576 - VO - FR - AUTOSELECTION - 2019-05-01 00:00:00 - ERROR - FILE_CHECK - expect_column_values_to_be_in_type_list - PHOTO - Wrong type for value: 4.0 on line 0 should be in ['int']
2019-06-13 12:44:25,576 - VO - FR - AUTOSELECTION - 2019-05-01 00:00:00 - ERROR - FILE_CHECK - expect_column_values_to_be_in_type_list - PHOTO - Wrong type for value: 4.0 on line 1 should be in ['int']
2019-06-13 12:44:25,576 - VO - FR - AUTOSELECTION - 2019-05-01 00:00:00 - ERROR - FILE_CHECK - expect_column_values_to_be_in_type_list - PHOTO - Wrong type for value: 4.0 on line 2 should be in ['int']
2019-06-13 12:44:25,576 - VO - FR - AUTOSELECTION - 2019-05-01 00:00:00 - ERROR - FILE_CHECK - expect_column_values_to_be_in_type_list - PHOTO - Wrong type for value: 4.0 on line 3 should be in ['int']
2019-06-13 12:44:25,576 - VO - FR - AUTOSELECTION - 2019-05-01 00:00:00 - ERROR - FILE_CHECK - expect_column_values_to_be_in_type_list - PHOTO - Wrong type for value: 4.0 on line 4 should be in ['int']
2019-06-13 12:44:25,576 - VO - FR - AUTOSELECTION - 2019-05-01 00:00:00 - ERROR - FILE_CHECK - expect_column_values_to_be_in_type_list - PHOTO - Wrong type for value: 1.0 on line 5 should be in ['int']
2019-06-13 12:44:25,577 - VO - FR - AUTOSELECTION - 2019-05-01 00:00:00 - ERROR - FILE_CHECK - expect_column_values_to_be_in_type_list - PHOTO - Wrong type for value: 1.0 on line 6 should be in ['int']
2019-06-13 12:44:25,577 - VO - FR - AUTOSELECTION - 2019-05-01 00:00:00 - ERROR - FILE_CHECK - expect_column_values_to_be_in_type_list - PHOTO - Wrong type for value: 4.0 on line 7 should be in ['int']
2019-06-13 12:44:25,577 - VO - FR - AUTOSELECTION - 2019-05-01 00:00:00 - ERROR - FILE_CHECK - expect_column_values_to_be_in_type_list - PHOTO - Wrong type for value: 1.0 on line 8 should be in ['int']
2019-06-13 12:44:25,577 - VO - FR - AUTOSELECTION - 2019-05-01 00:00:00 - ERROR - FILE_CHECK - expect_column_values_to_be_in_type_list - PHOTO - Wrong type for value: 1.0 on line 9 should be in ['int']
2019-06-13 12:44:25,577 - VO - FR - AUTOSELECTION - 2019-05-01 00:00:00 - ERROR - FILE_CHECK - expect_column_values_to_be_in_type_list - PHOTO - Wrong type for value: 1.0 on line 10 should be in ['int']
2019-06-13 12:44:25,577 - VO - FR - AUTOSELECTION - 2019-05-01 00:00:00 - ERROR - FILE_CHECK - expect_column_values_to_be_in_type_list - PHOTO - Wrong type for value: 1.0 on line 11 should be in ['int']
2019-06-13 12:44:25,577 - VO - FR - AUTOSELECTION - 2019-05-01 00:00:00 - ERROR - FILE_CHECK - expect_column_values_to_be_in_type_list - PHOTO - Wrong type for value: 3.0 on line 12 should be in ['int']
2019-06-13 12:44:25,577 - VO - FR - AUTOSELECTION - 2019-05-01 00:00:00 - ERROR - FILE_CHECK - expect_column_values_to_be_in_type_list - PHOTO - Wrong type for value: 1.0 on line 13 should be in ['int']
2019-06-13 12:44:25,577 - VO - FR - AUTOSELECTION - 2019-05-01 00:00:00 - ERROR - FILE_CHECK - expect_column_values_to_be_in_type_list - PHOTO - Wrong type for value: 1.0 on line 14 should be in ['int']
2019-06-13 12:44:25,577 - VO - FR - AUTOSELECTION - 2019-05-01 00:00:00 - ERROR - FILE_CHECK - expect_column_values_to_be_in_type_list - PHOTO - Wrong type for value: 1.0 on line 15 should be in ['int']
2019-06-13 12:44:25,577 - VO - FR - AUTOSELECTION - 2019-05-01 00:00:00 - ERROR - FILE_CHECK - expect_column_values_to_be_in_type_list - PHOTO - Wrong type for value: 4.0 on line 16 should be in ['int']
2019-06-13 12:44:25,577 - VO - FR - AUTOSELECTION - 2019-05-01 00:00:00 - ERROR - FILE_CHECK - expect_column_values_to_be_in_type_list - PHOTO - Wrong type for value: 10.0 on line 17 should be in ['int']
2019-06-13 12:44:25,577 - VO - FR - AUTOSELECTION - 2019-05-01 00:00:00 - ERROR - FILE_CHECK - expect_column_values_to_be_in_type_list - PHOTO - Wrong type for value: 10.0 on line 18 should be in ['int']
2019-06-13 12:44:25,577 - VO - FR - AUTOSELECTION - 2019-05-01 00:00:00 - ERROR - FILE_CHECK - expect_column_values_to_be_in_type_list - PHOTO - Wrong type for value: 10.0 on line 19 should be in ['int']
2019-06-13 12:44:25,577 - VO - FR - AUTOSELECTION - 2019-05-01 00:00:00 - ERROR - STAT - expect_column_values_to_be_in_type_list - PHOTO - correctly filled rate (%) - 0.0
2019-06-13 12:44:25,577 - VO - FR - AUTOSELECTION - 2019-05-01 00:00:00 - ERROR - STAT - expect_column_values_to_not_be_null - PHOTO - correctly filled rate (%) - 100.0
2019-06-13 12:44:25,577 - VO - FR - AUTOSELECTION - 2019-05-01 00:00:00 - ERROR - FILE_CHECK - expect_column_values_to_be_in_type_list - PLACE - Wrong type for value: 7.0 on line 45 should be in ['int']
2019-06-13 12:44:25,577 - VO - FR - AUTOSELECTION - 2019-05-01 00:00:00 - ERROR - FILE_CHECK - expect_column_values_to_be_in_type_list - PLACE - Wrong type for value: 7.0 on line 74 should be in ['int']
2019-06-13 12:44:25,578 - VO - FR - AUTOSELECTION - 2019-05-01 00:00:00 - ERROR - FILE_CHECK - expect_column_values_to_be_in_type_list - PLACE - Wrong type for value: 9.0 on line 78 should be in ['int']
2019-06-13 12:44:25,578 - VO - FR - AUTOSELECTION - 2019-05-01 00:00:00 - ERROR - FILE_CHECK - expect_column_values_to_be_in_type_list - PLACE - Wrong type for value: 5.0 on line 120 should be in ['int']
2019-06-13 12:44:25,578 - VO - FR - AUTOSELECTION - 2019-05-01 00:00:00 - ERROR - FILE_CHECK - expect_column_values_to_be_in_type_list - PLACE - Wrong type for value: 5.0 on line 122 should be in ['int']
2019-06-13 12:44:25,578 - VO - FR - AUTOSELECTION - 2019-05-01 00:00:00 - ERROR - FILE_CHECK - expect_column_values_to_be_in_type_list - PLACE - Wrong type for value: 7.0 on line 125 should be in ['int']
2019-06-13 12:44:25,578 - VO - FR - AUTOSELECTION - 2019-05-01 00:00:00 - ERROR - FILE_CHECK - expect_column_values_to_be_in_type_list - PLACE - Wrong type for value: 5.0 on line 129 should be in ['int']
2019-06-13 12:44:25,578 - VO - FR - AUTOSELECTION - 2019-05-01 00:00:00 - ERROR - FILE_CHECK - expect_column_values_to_be_in_type_list - PLACE - Wrong type for value: 7.0 on line 137 should be in ['int']
2019-06-13 12:44:25,578 - VO - FR - AUTOSELECTION - 2019-05-01 00:00:00 - ERROR - FILE_CHECK - expect_column_values_to_be_in_type_list - PLACE - Wrong type for value: 7.0 on line 172 should be in ['int']
2019-06-13 12:44:25,578 - VO - FR - AUTOSELECTION - 2019-05-01 00:00:00 - ERROR - FILE_CHECK - expect_column_values_to_be_in_type_list - PLACE - Wrong type for value: 7.0 on line 285 should be in ['int']
2019-06-13 12:44:25,578 - VO - FR - AUTOSELECTION - 2019-05-01 00:00:00 - ERROR - FILE_CHECK - expect_column_values_to_be_in_type_list - PLACE - Wrong type for value: 7.0 on line 286 should be in ['int']
2019-06-13 12:44:25,578 - VO - FR - AUTOSELECTION - 2019-05-01 00:00:00 - ERROR - FILE_CHECK - expect_column_values_to_be_in_type_list - PLACE - Wrong type for value: 5.0 on line 327 should be in ['int']
2019-06-13 12:44:25,578 - VO - FR - AUTOSELECTION - 2019-05-01 00:00:00 - ERROR - FILE_CHECK - expect_column_values_to_be_in_type_list - PLACE - Wrong type for value: 5.0 on line 328 should be in ['int']
2019-06-13 12:44:25,578 - VO - FR - AUTOSELECTION - 2019-05-01 00:00:00 - ERROR - FILE_CHECK - expect_column_values_to_be_in_type_list - PLACE - Wrong type for value: 7.0 on line 347 should be in ['int']
2019-06-13 12:44:25,578 - VO - FR - AUTOSELECTION - 2019-05-01 00:00:00 - ERROR - FILE_CHECK - expect_column_values_to_be_in_type_list - PLACE - Wrong type for value: 7.0 on line 350 should be in ['int']
2019-06-13 12:44:25,578 - VO - FR - AUTOSELECTION - 2019-05-01 00:00:00 - ERROR - FILE_CHECK - expect_column_values_to_be_in_type_list - PLACE - Wrong type for value: 5.0 on line 353 should be in ['int']
2019-06-13 12:44:25,578 - VO - FR - AUTOSELECTION - 2019-05-01 00:00:00 - ERROR - FILE_CHECK - expect_column_values_to_be_in_type_list - PLACE - Wrong type for value: 7.0 on line 354 should be in ['int']
2019-06-13 12:44:25,578 - VO - FR - AUTOSELECTION - 2019-05-01 00:00:00 - ERROR - FILE_CHECK - expect_column_values_to_be_in_type_list - PLACE - Wrong type for value: 7.0 on line 362 should be in ['int']
2019-06-13 12:44:25,578 - VO - FR - AUTOSELECTION - 2019-05-01 00:00:00 - ERROR - FILE_CHECK - expect_column_values_to_be_in_type_list - PLACE - Wrong type for value: 7.0 on line 430 should be in ['int']
2019-06-13 12:44:25,578 - VO - FR - AUTOSELECTION - 2019-05-01 00:00:00 - ERROR - FILE_CHECK - expect_column_values_to_be_in_type_list - PLACE - Wrong type for value: 7.0 on line 470 should be in ['int']
2019-06-13 12:44:25,579 - VO - FR - AUTOSELECTION - 2019-05-01 00:00:00 - ERROR - STAT - expect_column_values_to_be_in_type_list - PLACE - correctly filled rate (%) - 0.0
2019-06-13 12:44:25,579 - VO - FR - AUTOSELECTION - 2019-05-01 00:00:00 - ERROR - STAT - expect_column_values_to_not_be_null - PLACE - correctly filled rate (%) - 21.49
2019-06-13 12:44:25,579 - VO - FR - AUTOSELECTION - 2019-05-01 00:00:00 - ERROR - STAT - expect_column_values_to_not_be_null - PORTE - correctly filled rate (%) - 97.51
2019-06-13 12:44:25,579 - VO - FR - AUTOSELECTION - 2019-05-01 00:00:00 - ERROR - STAT - expect_column_values_to_be_in_type_list - PORTE - correctly filled rate (%) - 100.0
2019-06-13 12:44:25,579 - VO - FR - AUTOSELECTION - 2019-05-01 00:00:00 - ERROR - FILE_CHECK - expect_column_values_to_be_in_type_list - PRIX - Wrong type for value: 69700.0 on line 0 should be in ['int']
2019-06-13 12:44:25,579 - VO - FR - AUTOSELECTION - 2019-05-01 00:00:00 - ERROR - FILE_CHECK - expect_column_values_to_be_in_type_list - PRIX - Wrong type for value: 7400.0 on line 1 should be in ['int']
2019-06-13 12:44:25,579 - VO - FR - AUTOSELECTION - 2019-05-01 00:00:00 - ERROR - FILE_CHECK - expect_column_values_to_be_in_type_list - PRIX - Wrong type for value: 37900.0 on line 2 should be in ['int']
2019-06-13 12:44:25,579 - VO - FR - AUTOSELECTION - 2019-05-01 00:00:00 - ERROR - FILE_CHECK - expect_column_values_to_be_in_type_list - PRIX - Wrong type for value: 7400.0 on line 3 should be in ['int']
2019-06-13 12:44:25,579 - VO - FR - AUTOSELECTION - 2019-05-01 00:00:00 - ERROR - FILE_CHECK - expect_column_values_to_be_in_type_list - PRIX - Wrong type for value: 10900.0 on line 4 should be in ['int']
2019-06-13 12:44:25,579 - VO - FR - AUTOSELECTION - 2019-05-01 00:00:00 - ERROR - FILE_CHECK - expect_column_values_to_be_in_type_list - PRIX - Wrong type for value: 17000.0 on line 5 should be in ['int']
2019-06-13 12:44:25,579 - VO - FR - AUTOSELECTION - 2019-05-01 00:00:00 - ERROR - FILE_CHECK - expect_column_values_to_be_in_type_list - PRIX - Wrong type for value: 15900.0 on line 6 should be in ['int']
2019-06-13 12:44:25,579 - VO - FR - AUTOSELECTION - 2019-05-01 00:00:00 - ERROR - FILE_CHECK - expect_column_values_to_be_in_type_list - PRIX - Wrong type for value: 11500.0 on line 7 should be in ['int']
2019-06-13 12:44:25,579 - VO - FR - AUTOSELECTION - 2019-05-01 00:00:00 - ERROR - FILE_CHECK - expect_column_values_to_be_in_type_list - PRIX - Wrong type for value: 11500.0 on line 8 should be in ['int']
2019-06-13 12:44:25,579 - VO - FR - AUTOSELECTION - 2019-05-01 00:00:00 - ERROR - FILE_CHECK - expect_column_values_to_be_in_type_list - PRIX - Wrong type for value: 15900.0 on line 9 should be in ['int']
2019-06-13 12:44:25,579 - VO - FR - AUTOSELECTION - 2019-05-01 00:00:00 - ERROR - FILE_CHECK - expect_column_values_to_be_in_type_list - PRIX - Wrong type for value: 21300.0 on line 10 should be in ['int']
2019-06-13 12:44:25,579 - VO - FR - AUTOSELECTION - 2019-05-01 00:00:00 - ERROR - FILE_CHECK - expect_column_values_to_be_in_type_list - PRIX - Wrong type for value: 13190.0 on line 11 should be in ['int']
2019-06-13 12:44:25,579 - VO - FR - AUTOSELECTION - 2019-05-01 00:00:00 - ERROR - FILE_CHECK - expect_column_values_to_be_in_type_list - PRIX - Wrong type for value: 11299.0 on line 12 should be in ['int']
2019-06-13 12:44:25,579 - VO - FR - AUTOSELECTION - 2019-05-01 00:00:00 - ERROR - FILE_CHECK - expect_column_values_to_be_in_type_list - PRIX - Wrong type for value: 15000.0 on line 13 should be in ['int']
2019-06-13 12:44:25,580 - VO - FR - AUTOSELECTION - 2019-05-01 00:00:00 - ERROR - FILE_CHECK - expect_column_values_to_be_in_type_list - PRIX - Wrong type for value: 14800.0 on line 14 should be in ['int']
2019-06-13 12:44:25,580 - VO - FR - AUTOSELECTION - 2019-05-01 00:00:00 - ERROR - FILE_CHECK - expect_column_values_to_be_in_type_list - PRIX - Wrong type for value: 19000.0 on line 15 should be in ['int']
2019-06-13 12:44:25,580 - VO - FR - AUTOSELECTION - 2019-05-01 00:00:00 - ERROR - FILE_CHECK - expect_column_values_to_be_in_type_list - PRIX - Wrong type for value: 7800.0 on line 16 should be in ['int']
2019-06-13 12:44:25,580 - VO - FR - AUTOSELECTION - 2019-05-01 00:00:00 - ERROR - FILE_CHECK - expect_column_values_to_be_in_type_list - PRIX - Wrong type for value: 4990.0 on line 17 should be in ['int']
2019-06-13 12:44:25,580 - VO - FR - AUTOSELECTION - 2019-05-01 00:00:00 - ERROR - FILE_CHECK - expect_column_values_to_be_in_type_list - PRIX - Wrong type for value: 5400.0 on line 18 should be in ['int']
2019-06-13 12:44:25,580 - VO - FR - AUTOSELECTION - 2019-05-01 00:00:00 - ERROR - FILE_CHECK - expect_column_values_to_be_in_type_list - PRIX - Wrong type for value: 5990.0 on line 19 should be in ['int']
2019-06-13 12:44:25,580 - VO - FR - AUTOSELECTION - 2019-05-01 00:00:00 - ERROR - STAT - expect_column_values_to_be_in_type_list - PRIX - correctly filled rate (%) - 0.0
2019-06-13 12:44:25,580 - VO - FR - AUTOSELECTION - 2019-05-01 00:00:00 - ERROR - STAT - expect_column_values_to_not_be_null - PRIX - correctly filled rate (%) - 100.0
2019-06-13 12:44:25,580 - VO - FR - AUTOSELECTION - 2019-05-01 00:00:00 - ERROR - STAT - expect_column_values_to_not_be_null - PROVINCE - correctly filled rate (%) - 0.0
2019-06-13 12:44:25,580 - VO - FR - AUTOSELECTION - 2019-05-01 00:00:00 - ERROR - STAT - expect_column_values_to_not_be_null - SITE - correctly filled rate (%) - 100.0
2019-06-13 12:44:25,580 - VO - FR - AUTOSELECTION - 2019-05-01 00:00:00 - ERROR - STAT - expect_column_values_to_not_be_null - TELEPHONE - correctly filled rate (%) - 99.99
2019-06-13 12:44:25,580 - VO - FR - AUTOSELECTION - 2019-05-01 00:00:00 - ERROR - FILE_CHECK - expect_column_values_to_be_phone_number - TELEPHONE - Unexpected value: 148335648.0 on line 0, value should match a phone number format
2019-06-13 12:44:25,580 - VO - FR - AUTOSELECTION - 2019-05-01 00:00:00 - ERROR - FILE_CHECK - expect_column_values_to_be_phone_number - TELEPHONE - Unexpected value: 148335648.0 on line 1, value should match a phone number format
2019-06-13 12:44:25,580 - VO - FR - AUTOSELECTION - 2019-05-01 00:00:00 - ERROR - FILE_CHECK - expect_column_values_to_be_phone_number - TELEPHONE - Unexpected value: 148335648.0 on line 2, value should match a phone number format
2019-06-13 12:44:25,580 - VO - FR - AUTOSELECTION - 2019-05-01 00:00:00 - ERROR - FILE_CHECK - expect_column_values_to_be_phone_number - TELEPHONE - Unexpected value: 148335648.0 on line 3, value should match a phone number format
2019-06-13 12:44:25,580 - VO - FR - AUTOSELECTION - 2019-05-01 00:00:00 - ERROR - FILE_CHECK - expect_column_values_to_be_phone_number - TELEPHONE - Unexpected value: 148335648.0 on line 4, value should match a phone number format
2019-06-13 12:44:25,580 - VO - FR - AUTOSELECTION - 2019-05-01 00:00:00 - ERROR - FILE_CHECK - expect_column_values_to_be_phone_number - TELEPHONE - Unexpected value: 0.0 on line 5, value should match a phone number format
2019-06-13 12:44:25,580 - VO - FR - AUTOSELECTION - 2019-05-01 00:00:00 - ERROR - FILE_CHECK - expect_column_values_to_be_phone_number - TELEPHONE - Unexpected value: 686245402.0 on line 6, value should match a phone number format
2019-06-13 12:44:25,581 - VO - FR - AUTOSELECTION - 2019-05-01 00:00:00 - ERROR - FILE_CHECK - expect_column_values_to_be_phone_number - TELEPHONE - Unexpected value: 676319637.0 on line 7, value should match a phone number format
2019-06-13 12:44:25,581 - VO - FR - AUTOSELECTION - 2019-05-01 00:00:00 - ERROR - FILE_CHECK - expect_column_values_to_be_phone_number - TELEPHONE - Unexpected value: 624418721.0 on line 8, value should match a phone number format
2019-06-13 12:44:25,581 - VO - FR - AUTOSELECTION - 2019-05-01 00:00:00 - ERROR - FILE_CHECK - expect_column_values_to_be_phone_number - TELEPHONE - Unexpected value: 677796401.0 on line 9, value should match a phone number format
2019-06-13 12:44:25,581 - VO - FR - AUTOSELECTION - 2019-05-01 00:00:00 - ERROR - FILE_CHECK - expect_column_values_to_be_phone_number - TELEPHONE - Unexpected value: 633275944.0 on line 10, value should match a phone number format
2019-06-13 12:44:25,581 - VO - FR - AUTOSELECTION - 2019-05-01 00:00:00 - ERROR - FILE_CHECK - expect_column_values_to_be_phone_number - TELEPHONE - Unexpected value: 672638746.0 on line 11, value should match a phone number format
2019-06-13 12:44:25,581 - VO - FR - AUTOSELECTION - 2019-05-01 00:00:00 - ERROR - FILE_CHECK - expect_column_values_to_be_phone_number - TELEPHONE - Unexpected value: 658056823.0 on line 12, value should match a phone number format
2019-06-13 12:44:25,581 - VO - FR - AUTOSELECTION - 2019-05-01 00:00:00 - ERROR - FILE_CHECK - expect_column_values_to_be_phone_number - TELEPHONE - Unexpected value: 615340841.0 on line 13, value should match a phone number format
2019-06-13 12:44:25,581 - VO - FR - AUTOSELECTION - 2019-05-01 00:00:00 - ERROR - FILE_CHECK - expect_column_values_to_be_phone_number - TELEPHONE - Unexpected value: 687144340.0 on line 14, value should match a phone number format
2019-06-13 12:44:25,581 - VO - FR - AUTOSELECTION - 2019-05-01 00:00:00 - ERROR - FILE_CHECK - expect_column_values_to_be_phone_number - TELEPHONE - Unexpected value: 627300855.0 on line 15, value should match a phone number format
2019-06-13 12:44:25,581 - VO - FR - AUTOSELECTION - 2019-05-01 00:00:00 - ERROR - FILE_CHECK - expect_column_values_to_be_phone_number - TELEPHONE - Unexpected value: 148335648.0 on line 16, value should match a phone number format
2019-06-13 12:44:25,581 - VO - FR - AUTOSELECTION - 2019-05-01 00:00:00 - ERROR - FILE_CHECK - expect_column_values_to_be_phone_number - TELEPHONE - Unexpected value: 561437504.0 on line 17, value should match a phone number format
2019-06-13 12:44:25,581 - VO - FR - AUTOSELECTION - 2019-05-01 00:00:00 - ERROR - FILE_CHECK - expect_column_values_to_be_phone_number - TELEPHONE - Unexpected value: 561437504.0 on line 18, value should match a phone number format
2019-06-13 12:44:25,581 - VO - FR - AUTOSELECTION - 2019-05-01 00:00:00 - ERROR - FILE_CHECK - expect_column_values_to_be_phone_number - TELEPHONE - Unexpected value: 561437504.0 on line 19, value should match a phone number format
2019-06-13 12:44:25,581 - VO - FR - AUTOSELECTION - 2019-05-01 00:00:00 - ERROR - STAT - expect_column_values_to_be_phone_number - TELEPHONE - correctly filled rate (%) - 0.0
2019-06-13 12:44:25,581 - VO - FR - AUTOSELECTION - 2019-05-01 00:00:00 - ERROR - STAT - expect_column_values_to_not_be_null - TYPE - correctly filled rate (%) - 100.0
2019-06-13 12:44:25,581 - VO - FR - AUTOSELECTION - 2019-05-01 00:00:00 - ERROR - STAT - expect_column_values_to_be_in_set_2 - TYPE - observed proportion - 100.0
2019-06-13 12:44:25,581 - VO - FR - AUTOSELECTION - 2019-05-01 00:00:00 - ERROR - STAT - expect_column_values_to_not_be_null - VILLE - correctly filled rate (%) - 100.0
2019-06-13 12:44:25,582 - VO - FR - AUTOSELECTION - 2019-05-01 00:00:00 - ERROR - STAT - expect_column_values_to_not_be_null - VN_IND - correctly filled rate (%) - 6.29
2019-06-13 12:44:25,582 - VO - FR - AUTOSELECTION - 2019-05-01 00:00:00 - ERROR - STAT - expect_column_values_to_be_in_set - VN_IND - correctly filled rate (%) - 100.0
2019-06-13 12:44:25,582 - VO - FR - AUTOSELECTION - 2019-05-01 00:00:00 - ERROR - STAT - expect_returning_row_count_on_conditions - DEALER_USEDCARS - total number of row with conditions - 134005
2019-06-13 12:44:25,582 - VO - FR - AUTOSELECTION - 2019-05-01 00:00:00 - ERROR - STAT - expect_returning_row_count_on_conditions - PRIVATE_USEDCARS - total number of row with conditions - 122
2019-06-13 12:44:25,582 - VO - FR - AUTOSELECTION - 2019-05-01 00:00:00 - ERROR - STAT - expect_returning_row_unique_count - MARQUE_CORRECTED - total number of unique rows - 89
2019-06-13 12:44:25,582 - VO - FR - AUTOSELECTION - 2019-05-01 00:00:00 - ERROR - STAT - expect_returning_row_unique_count - MODELE_CORRECTED - total number of unique rows - 691
2019-06-13 12:44:25,582 - VO - FR - AUTOSELECTION - 2019-05-01 00:00:00 - ERROR - STAT - expect_returning_row_unique_count - CARROSSERIE - total number of unique rows - 13
2019-06-13 12:44:25,582 - VO - FR - AUTOSELECTION - 2019-05-01 00:00:00 - ERROR - STAT - expect_returning_row_unique_count - CARBURANT - total number of unique rows - 7
2019-06-13 12:44:25,582 - VO - FR - AUTOSELECTION - 2019-05-01 00:00:00 - ERROR - STAT - expect_column_values_to_not_be_null - CYLINDRE - correctly filled rate (%) - 60.55
2019-06-13 12:44:25,582 - VO - FR - AUTOSELECTION - 2019-05-01 00:00:00 - ERROR - FILE_CHECK - expect_column_values_to_be_in_type_list - CYLINDRE - Wrong type for value: 2.0 on line 6 should be in ['int']
2019-06-13 12:44:25,582 - VO - FR - AUTOSELECTION - 2019-05-01 00:00:00 - ERROR - FILE_CHECK - expect_column_values_to_be_in_type_list - CYLINDRE - Wrong type for value: 1.6 on line 7 should be in ['int']
2019-06-13 12:44:25,582 - VO - FR - AUTOSELECTION - 2019-05-01 00:00:00 - ERROR - FILE_CHECK - expect_column_values_to_be_in_type_list - CYLINDRE - Wrong type for value: 1.2 on line 8 should be in ['int']
2019-06-13 12:44:25,582 - VO - FR - AUTOSELECTION - 2019-05-01 00:00:00 - ERROR - FILE_CHECK - expect_column_values_to_be_in_type_list - CYLINDRE - Wrong type for value: 2.0 on line 9 should be in ['int']
2019-06-13 12:44:25,582 - VO - FR - AUTOSELECTION - 2019-05-01 00:00:00 - ERROR - FILE_CHECK - expect_column_values_to_be_in_type_list - CYLINDRE - Wrong type for value: 1.6 on line 12 should be in ['int']
2019-06-13 12:44:25,582 - VO - FR - AUTOSELECTION - 2019-05-01 00:00:00 - ERROR - FILE_CHECK - expect_column_values_to_be_in_type_list - CYLINDRE - Wrong type for value: 1.6 on line 13 should be in ['int']
2019-06-13 12:44:25,582 - VO - FR - AUTOSELECTION - 2019-05-01 00:00:00 - ERROR - FILE_CHECK - expect_column_values_to_be_in_type_list - CYLINDRE - Wrong type for value: 2.4 on line 14 should be in ['int']
2019-06-13 12:44:25,582 - VO - FR - AUTOSELECTION - 2019-05-01 00:00:00 - ERROR - FILE_CHECK - expect_column_values_to_be_in_type_list - CYLINDRE - Wrong type for value: 1.6 on line 17 should be in ['int']
2019-06-13 12:44:25,582 - VO - FR - AUTOSELECTION - 2019-05-01 00:00:00 - ERROR - FILE_CHECK - expect_column_values_to_be_in_type_list - CYLINDRE - Wrong type for value: 1.6 on line 19 should be in ['int']
2019-06-13 12:44:25,583 - VO - FR - AUTOSELECTION - 2019-05-01 00:00:00 - ERROR - FILE_CHECK - expect_column_values_to_be_in_type_list - CYLINDRE - Wrong type for value: 1.6 on line 20 should be in ['int']
2019-06-13 12:44:25,583 - VO - FR - AUTOSELECTION - 2019-05-01 00:00:00 - ERROR - FILE_CHECK - expect_column_values_to_be_in_type_list - CYLINDRE - Wrong type for value: 1.6 on line 22 should be in ['int']
2019-06-13 12:44:25,583 - VO - FR - AUTOSELECTION - 2019-05-01 00:00:00 - ERROR - FILE_CHECK - expect_column_values_to_be_in_type_list - CYLINDRE - Wrong type for value: 3.6 on line 23 should be in ['int']
2019-06-13 12:44:25,583 - VO - FR - AUTOSELECTION - 2019-05-01 00:00:00 - ERROR - FILE_CHECK - expect_column_values_to_be_in_type_list - CYLINDRE - Wrong type for value: 1.2 on line 26 should be in ['int']
2019-06-13 12:44:25,583 - VO - FR - AUTOSELECTION - 2019-05-01 00:00:00 - ERROR - FILE_CHECK - expect_column_values_to_be_in_type_list - CYLINDRE - Wrong type for value: 1.2 on line 27 should be in ['int']
2019-06-13 12:44:25,583 - VO - FR - AUTOSELECTION - 2019-05-01 00:00:00 - ERROR - FILE_CHECK - expect_column_values_to_be_in_type_list - CYLINDRE - Wrong type for value: 1.2 on line 28 should be in ['int']
2019-06-13 12:44:25,583 - VO - FR - AUTOSELECTION - 2019-05-01 00:00:00 - ERROR - FILE_CHECK - expect_column_values_to_be_in_type_list - CYLINDRE - Wrong type for value: 1.2 on line 29 should be in ['int']
2019-06-13 12:44:25,583 - VO - FR - AUTOSELECTION - 2019-05-01 00:00:00 - ERROR - FILE_CHECK - expect_column_values_to_be_in_type_list - CYLINDRE - Wrong type for value: 1.3 on line 33 should be in ['int']
2019-06-13 12:44:25,583 - VO - FR - AUTOSELECTION - 2019-05-01 00:00:00 - ERROR - FILE_CHECK - expect_column_values_to_be_in_type_list - CYLINDRE - Wrong type for value: 2.2 on line 45 should be in ['int']
2019-06-13 12:44:25,583 - VO - FR - AUTOSELECTION - 2019-05-01 00:00:00 - ERROR - FILE_CHECK - expect_column_values_to_be_in_type_list - CYLINDRE - Wrong type for value: 2.0 on line 51 should be in ['int']
2019-06-13 12:44:25,583 - VO - FR - AUTOSELECTION - 2019-05-01 00:00:00 - ERROR - FILE_CHECK - expect_column_values_to_be_in_type_list - CYLINDRE - Wrong type for value: 2.0 on line 52 should be in ['int']
2019-06-13 12:44:25,583 - VO - FR - AUTOSELECTION - 2019-05-01 00:00:00 - ERROR - STAT - expect_column_values_to_be_in_type_list - CYLINDRE - correctly filled rate (%) - 0.0
2019-06-13 12:44:25,583 - VO - FR - AUTOSELECTION - 2019-05-01 00:00:00 - ERROR - STAT - expect_returning_row_unique_count - PROVINCE - total number of unique rows - 0
2019-06-13 12:44:25,583 - VO - FR - AUTOSELECTION - 2019-05-01 00:00:00 - ERROR - STAT - expect_returning_row_unique_count - VILLE - total number of unique rows - 1711
2019-06-13 12:44:25,583 - VO - FR - AUTOSELECTION - 2019-05-01 00:00:00 - ERROR - STAT - expect_returning_row_unique_count - DEPARTEMENT - total number of unique rows - 97
