2019-10-04 21:23:23,317 - IMMO - IT - IDEALISTA - 2019-09-01 00:00:00 - ERROR - STAT - expect_column_values_to_not_be_null - ACHAT_LOC - correctly filled rate (%) - 100.0
2019-10-04 21:23:23,317 - IMMO - IT - IDEALISTA - 2019-09-01 00:00:00 - ERROR - STAT - expect_column_values_to_be_in_set - ACHAT_LOC - correctly filled rate (%) - 100.0
2019-10-04 21:23:23,331 - IMMO - IT - IDEALISTA - 2019-09-01 00:00:00 - ERROR - STAT - expect_column_values_to_not_be_null - ADRESSE - correctly filled rate (%) - 77.6
2019-10-04 21:23:23,331 - IMMO - IT - IDEALISTA - 2019-09-01 00:00:00 - ERROR - STAT - expect_column_values_to_not_be_null - AGENCE_ADRESSE - correctly filled rate (%) - 38.15
2019-10-04 21:23:23,332 - IMMO - IT - IDEALISTA - 2019-09-01 00:00:00 - ERROR - STAT - expect_column_values_to_not_be_null - AGENCE_CP - correctly filled rate (%) - 38.12
2019-10-04 21:23:23,332 - IMMO - IT - IDEALISTA - 2019-09-01 00:00:00 - ERROR - STAT - expect_column_values_to_match_regex - AGENCE_CP - correctly filled rate (%) - 100.0
2019-10-04 21:23:23,332 - IMMO - IT - IDEALISTA - 2019-09-01 00:00:00 - ERROR - STAT - expect_column_values_to_not_be_null - AGENCE_ID - correctly filled rate (%) - 100.0
2019-10-04 21:23:23,332 - IMMO - IT - IDEALISTA - 2019-09-01 00:00:00 - ERROR - STAT - expect_column_values_to_not_be_null - AGENCE_NOM - correctly filled rate (%) - 89.77
2019-10-04 21:23:23,332 - IMMO - IT - IDEALISTA - 2019-09-01 00:00:00 - ERROR - STAT - expect_column_values_to_be_phone_number - AGENCE_TEL - correctly filled rate (%) - 99.98
2019-10-04 21:23:23,332 - IMMO - IT - IDEALISTA - 2019-09-01 00:00:00 - ERROR - STAT - expect_column_values_to_not_be_null - AGENCE_TEL - correctly filled rate (%) - 99.82
2019-10-04 21:23:23,332 - IMMO - IT - IDEALISTA - 2019-09-01 00:00:00 - ERROR - STAT - expect_column_values_to_not_be_null - AGENCE_VILLE - correctly filled rate (%) - 38.15
2019-10-04 21:23:23,332 - IMMO - IT - IDEALISTA - 2019-09-01 00:00:00 - ERROR - STAT - expect_column_values_to_not_be_null - ANNONCE_DATE - correctly filled rate (%) - 100.0
2019-10-04 21:23:23,332 - IMMO - IT - IDEALISTA - 2019-09-01 00:00:00 - ERROR - STAT - expect_column_values_to_not_be_null - ANNONCE_LINK - correctly filled rate (%) - 100.0
2019-10-04 21:23:23,332 - IMMO - IT - IDEALISTA - 2019-09-01 00:00:00 - ERROR - STAT - expect_column_values_to_be_unique - ANNONCE_LINK - observed proportion - 100.0
2019-10-04 21:23:23,332 - IMMO - IT - IDEALISTA - 2019-09-01 00:00:00 - ERROR - STAT - expect_column_values_to_not_be_null - CATEGORIE - correctly filled rate (%) - 0.03
2019-10-04 21:23:23,332 - IMMO - IT - IDEALISTA - 2019-09-01 00:00:00 - ERROR - STAT - expect_column_values_to_not_be_null - CP - correctly filled rate (%) - 0.0
2019-10-04 21:23:23,333 - IMMO - IT - IDEALISTA - 2019-09-01 00:00:00 - ERROR - STAT - expect_returning_row_count - EVERY_COLUMNS - total number of rows - 911529
2019-10-04 21:23:23,333 - IMMO - IT - IDEALISTA - 2019-09-01 00:00:00 - ERROR - STAT - expect_column_values_to_not_be_null - ID_CLIENT - correctly filled rate (%) - 100.0
2019-10-04 21:23:23,333 - IMMO - IT - IDEALISTA - 2019-09-01 00:00:00 - ERROR - STAT - expect_column_values_to_be_unique - ID_CLIENT - observed proportion - 100.0
2019-10-04 21:23:23,333 - IMMO - IT - IDEALISTA - 2019-09-01 00:00:00 - ERROR - FILE_CHECK - expect_column_values_to_be_of_type - M2 - Wrong type for value: 120.0 on line 0 should be int
2019-10-04 21:23:23,333 - IMMO - IT - IDEALISTA - 2019-09-01 00:00:00 - ERROR - FILE_CHECK - expect_column_values_to_be_of_type - M2 - Wrong type for value: 164.0 on line 1 should be int
2019-10-04 21:23:23,333 - IMMO - IT - IDEALISTA - 2019-09-01 00:00:00 - ERROR - FILE_CHECK - expect_column_values_to_be_of_type - M2 - Wrong type for value: 135.0 on line 2 should be int
2019-10-04 21:23:23,333 - IMMO - IT - IDEALISTA - 2019-09-01 00:00:00 - ERROR - FILE_CHECK - expect_column_values_to_be_of_type - M2 - Wrong type for value: 85.0 on line 3 should be int
2019-10-04 21:23:23,333 - IMMO - IT - IDEALISTA - 2019-09-01 00:00:00 - ERROR - FILE_CHECK - expect_column_values_to_be_of_type - M2 - Wrong type for value: 65.0 on line 4 should be int
2019-10-04 21:23:23,333 - IMMO - IT - IDEALISTA - 2019-09-01 00:00:00 - ERROR - FILE_CHECK - expect_column_values_to_be_of_type - M2 - Wrong type for value: 40.0 on line 5 should be int
2019-10-04 21:23:23,333 - IMMO - IT - IDEALISTA - 2019-09-01 00:00:00 - ERROR - FILE_CHECK - expect_column_values_to_be_of_type - M2 - Wrong type for value: 600.0 on line 6 should be int
2019-10-04 21:23:23,333 - IMMO - IT - IDEALISTA - 2019-09-01 00:00:00 - ERROR - FILE_CHECK - expect_column_values_to_be_of_type - M2 - Wrong type for value: 135.0 on line 7 should be int
2019-10-04 21:23:23,333 - IMMO - IT - IDEALISTA - 2019-09-01 00:00:00 - ERROR - FILE_CHECK - expect_column_values_to_be_of_type - M2 - Wrong type for value: 300.0 on line 8 should be int
2019-10-04 21:23:23,333 - IMMO - IT - IDEALISTA - 2019-09-01 00:00:00 - ERROR - FILE_CHECK - expect_column_values_to_be_of_type - M2 - Wrong type for value: 125.0 on line 9 should be int
2019-10-04 21:23:23,334 - IMMO - IT - IDEALISTA - 2019-09-01 00:00:00 - ERROR - FILE_CHECK - expect_column_values_to_be_of_type - M2 - Wrong type for value: 130.0 on line 10 should be int
2019-10-04 21:23:23,334 - IMMO - IT - IDEALISTA - 2019-09-01 00:00:00 - ERROR - FILE_CHECK - expect_column_values_to_be_of_type - M2 - Wrong type for value: 300.0 on line 11 should be int
2019-10-04 21:23:23,334 - IMMO - IT - IDEALISTA - 2019-09-01 00:00:00 - ERROR - FILE_CHECK - expect_column_values_to_be_of_type - M2 - Wrong type for value: 62.0 on line 12 should be int
2019-10-04 21:23:23,334 - IMMO - IT - IDEALISTA - 2019-09-01 00:00:00 - ERROR - FILE_CHECK - expect_column_values_to_be_of_type - M2 - Wrong type for value: 55.0 on line 13 should be int
2019-10-04 21:23:23,334 - IMMO - IT - IDEALISTA - 2019-09-01 00:00:00 - ERROR - FILE_CHECK - expect_column_values_to_be_of_type - M2 - Wrong type for value: 110.0 on line 14 should be int
2019-10-04 21:23:23,334 - IMMO - IT - IDEALISTA - 2019-09-01 00:00:00 - ERROR - FILE_CHECK - expect_column_values_to_be_of_type - M2 - Wrong type for value: 220.0 on line 15 should be int
2019-10-04 21:23:23,334 - IMMO - IT - IDEALISTA - 2019-09-01 00:00:00 - ERROR - FILE_CHECK - expect_column_values_to_be_of_type - M2 - Wrong type for value: 130.0 on line 16 should be int
2019-10-04 21:23:23,334 - IMMO - IT - IDEALISTA - 2019-09-01 00:00:00 - ERROR - FILE_CHECK - expect_column_values_to_be_of_type - M2 - Wrong type for value: 180.0 on line 17 should be int
2019-10-04 21:23:23,335 - IMMO - IT - IDEALISTA - 2019-09-01 00:00:00 - ERROR - FILE_CHECK - expect_column_values_to_be_of_type - M2 - Wrong type for value: 35.0 on line 18 should be int
2019-10-04 21:23:23,335 - IMMO - IT - IDEALISTA - 2019-09-01 00:00:00 - ERROR - FILE_CHECK - expect_column_values_to_be_of_type - M2 - Wrong type for value: 111.0 on line 19 should be int
2019-10-04 21:23:23,335 - IMMO - IT - IDEALISTA - 2019-09-01 00:00:00 - ERROR - STAT - expect_column_values_to_be_of_type - M2 - correctly filled rate (%) - 0.0
2019-10-04 21:23:23,335 - IMMO - IT - IDEALISTA - 2019-09-01 00:00:00 - ERROR - STAT - expect_column_values_to_not_be_null - M2 - correctly filled rate (%) - 100.0
2019-10-04 21:23:23,335 - IMMO - IT - IDEALISTA - 2019-09-01 00:00:00 - ERROR - STAT - expect_column_values_to_not_be_null - MAISON_APT - correctly filled rate (%) - 100.0
2019-10-04 21:23:23,335 - IMMO - IT - IDEALISTA - 2019-09-01 00:00:00 - ERROR - STAT - expect_column_values_to_be_between - MAISON_APT - correctly filled rate (%) - 100.0
2019-10-04 21:23:23,335 - IMMO - IT - IDEALISTA - 2019-09-01 00:00:00 - ERROR - STAT - expect_column_values_to_not_be_null - MINI_SITE_ID - correctly filled rate (%) - 61.0
2019-10-04 21:23:23,335 - IMMO - IT - IDEALISTA - 2019-09-01 00:00:00 - ERROR - STAT - expect_column_values_to_not_be_null - PHOTO - correctly filled rate (%) - 100.0
2019-10-04 21:23:23,335 - IMMO - IT - IDEALISTA - 2019-09-01 00:00:00 - ERROR - STAT - expect_column_values_to_be_in_type_list - PHOTO - correctly filled rate (%) - 100.0
2019-10-04 21:23:23,335 - IMMO - IT - IDEALISTA - 2019-09-01 00:00:00 - ERROR - STAT - expect_column_values_to_not_be_null - PIECE - correctly filled rate (%) - 100.0
2019-10-04 21:23:23,335 - IMMO - IT - IDEALISTA - 2019-09-01 00:00:00 - ERROR - STAT - expect_column_values_to_be_in_type_list - PIECE - correctly filled rate (%) - 100.0
2019-10-04 21:23:23,335 - IMMO - IT - IDEALISTA - 2019-09-01 00:00:00 - ERROR - STAT - expect_column_values_to_be_of_type - PRIX - correctly filled rate (%) - 100.0
2019-10-04 21:23:23,335 - IMMO - IT - IDEALISTA - 2019-09-01 00:00:00 - ERROR - STAT - expect_column_values_to_not_be_null - PRIX - correctly filled rate (%) - 100.0
2019-10-04 21:23:23,335 - IMMO - IT - IDEALISTA - 2019-09-01 00:00:00 - ERROR - STAT - expect_column_values_to_not_be_null - PRO_IND - correctly filled rate (%) - 100.0
2019-10-04 21:23:23,335 - IMMO - IT - IDEALISTA - 2019-09-01 00:00:00 - ERROR - STAT - expect_column_values_to_be_in_set - PRO_IND - correctly filled rate (%) - 100.0
2019-10-04 21:23:23,335 - IMMO - IT - IDEALISTA - 2019-09-01 00:00:00 - ERROR - STAT - expect_column_values_to_not_be_null - REGION - correctly filled rate (%) - 0.0
2019-10-04 21:23:23,336 - IMMO - IT - IDEALISTA - 2019-09-01 00:00:00 - ERROR - STAT - expect_column_values_to_match_regex - VILLE - correctly filled rate (%) - 100.0
2019-10-04 21:23:23,336 - IMMO - IT - IDEALISTA - 2019-09-01 00:00:00 - ERROR - STAT - expect_column_values_to_not_be_null - VILLE - correctly filled rate (%) - 100.0
2019-10-04 21:23:23,336 - IMMO - IT - IDEALISTA - 2019-09-01 00:00:00 - ERROR - STAT - expect_returning_row_unique_count - VILLE - total number of unique rows - 31771
2019-10-04 21:23:23,336 - IMMO - IT - IDEALISTA - 2019-09-01 00:00:00 - ERROR - STAT - expect_returning_row_count_on_conditions - PRIVATE_LISTINGS - total number of row with conditions - 122816
2019-10-04 21:23:23,336 - IMMO - IT - IDEALISTA - 2019-09-01 00:00:00 - ERROR - STAT - expect_returning_row_count_on_conditions - DEALER_LISTINGS - total number of row with conditions - 788713
