2019-07-06 08:15:37,697 - IMMO - NL - SPEURDERS - 2019-05-01 00:00:00 - ERROR - STAT - expect_column_values_to_not_be_null - ACHAT_LOC - correctly filled rate (%) - 99.99
2019-07-06 08:15:37,697 - IMMO - NL - SPEURDERS - 2019-05-01 00:00:00 - ERROR - FILE_CHECK - expect_column_values_to_be_in_set - ACHAT_LOC - Unexpected value: 1 on line 65536, value should among [1, 2]
2019-07-06 08:15:37,698 - IMMO - NL - SPEURDERS - 2019-05-01 00:00:00 - ERROR - FILE_CHECK - expect_column_values_to_be_in_set - ACHAT_LOC - Unexpected value: 2 on line 65537, value should among [1, 2]
2019-07-06 08:15:37,698 - IMMO - NL - SPEURDERS - 2019-05-01 00:00:00 - ERROR - FILE_CHECK - expect_column_values_to_be_in_set - ACHAT_LOC - Unexpected value: 2 on line 65538, value should among [1, 2]
2019-07-06 08:15:37,698 - IMMO - NL - SPEURDERS - 2019-05-01 00:00:00 - ERROR - FILE_CHECK - expect_column_values_to_be_in_set - ACHAT_LOC - Unexpected value: 2 on line 65539, value should among [1, 2]
2019-07-06 08:15:37,698 - IMMO - NL - SPEURDERS - 2019-05-01 00:00:00 - ERROR - FILE_CHECK - expect_column_values_to_be_in_set - ACHAT_LOC - Unexpected value: 2 on line 65540, value should among [1, 2]
2019-07-06 08:15:37,698 - IMMO - NL - SPEURDERS - 2019-05-01 00:00:00 - ERROR - FILE_CHECK - expect_column_values_to_be_in_set - ACHAT_LOC - Unexpected value: 2 on line 65541, value should among [1, 2]
2019-07-06 08:15:37,698 - IMMO - NL - SPEURDERS - 2019-05-01 00:00:00 - ERROR - FILE_CHECK - expect_column_values_to_be_in_set - ACHAT_LOC - Unexpected value: 1 on line 65542, value should among [1, 2]
2019-07-06 08:15:37,698 - IMMO - NL - SPEURDERS - 2019-05-01 00:00:00 - ERROR - FILE_CHECK - expect_column_values_to_be_in_set - ACHAT_LOC - Unexpected value: 1 on line 65543, value should among [1, 2]
2019-07-06 08:15:37,698 - IMMO - NL - SPEURDERS - 2019-05-01 00:00:00 - ERROR - FILE_CHECK - expect_column_values_to_be_in_set - ACHAT_LOC - Unexpected value: 2 on line 65544, value should among [1, 2]
2019-07-06 08:15:37,698 - IMMO - NL - SPEURDERS - 2019-05-01 00:00:00 - ERROR - FILE_CHECK - expect_column_values_to_be_in_set - ACHAT_LOC - Unexpected value: 2 on line 65545, value should among [1, 2]
2019-07-06 08:15:37,698 - IMMO - NL - SPEURDERS - 2019-05-01 00:00:00 - ERROR - FILE_CHECK - expect_column_values_to_be_in_set - ACHAT_LOC - Unexpected value: 2 on line 65546, value should among [1, 2]
2019-07-06 08:15:37,698 - IMMO - NL - SPEURDERS - 2019-05-01 00:00:00 - ERROR - FILE_CHECK - expect_column_values_to_be_in_set - ACHAT_LOC - Unexpected value: 2 on line 65547, value should among [1, 2]
2019-07-06 08:15:37,698 - IMMO - NL - SPEURDERS - 2019-05-01 00:00:00 - ERROR - FILE_CHECK - expect_column_values_to_be_in_set - ACHAT_LOC - Unexpected value: 1 on line 65548, value should among [1, 2]
2019-07-06 08:15:37,698 - IMMO - NL - SPEURDERS - 2019-05-01 00:00:00 - ERROR - FILE_CHECK - expect_column_values_to_be_in_set - ACHAT_LOC - Unexpected value: 1 on line 65549, value should among [1, 2]
2019-07-06 08:15:37,698 - IMMO - NL - SPEURDERS - 2019-05-01 00:00:00 - ERROR - FILE_CHECK - expect_column_values_to_be_in_set - ACHAT_LOC - Unexpected value: 1 on line 65550, value should among [1, 2]
2019-07-06 08:15:37,698 - IMMO - NL - SPEURDERS - 2019-05-01 00:00:00 - ERROR - FILE_CHECK - expect_column_values_to_be_in_set - ACHAT_LOC - Unexpected value: 1 on line 65551, value should among [1, 2]
2019-07-06 08:15:37,698 - IMMO - NL - SPEURDERS - 2019-05-01 00:00:00 - ERROR - FILE_CHECK - expect_column_values_to_be_in_set - ACHAT_LOC - Unexpected value: 2 on line 65552, value should among [1, 2]
2019-07-06 08:15:37,698 - IMMO - NL - SPEURDERS - 2019-05-01 00:00:00 - ERROR - FILE_CHECK - expect_column_values_to_be_in_set - ACHAT_LOC - Unexpected value: 2 on line 65553, value should among [1, 2]
2019-07-06 08:15:37,698 - IMMO - NL - SPEURDERS - 2019-05-01 00:00:00 - ERROR - FILE_CHECK - expect_column_values_to_be_in_set - ACHAT_LOC - Unexpected value: 2 on line 65554, value should among [1, 2]
2019-07-06 08:15:37,699 - IMMO - NL - SPEURDERS - 2019-05-01 00:00:00 - ERROR - FILE_CHECK - expect_column_values_to_be_in_set - ACHAT_LOC - Unexpected value: 2 on line 65555, value should among [1, 2]
2019-07-06 08:15:37,699 - IMMO - NL - SPEURDERS - 2019-05-01 00:00:00 - ERROR - STAT - expect_column_values_to_be_in_set - ACHAT_LOC - correctly filled rate (%) - 82.26
2019-07-06 08:15:37,699 - IMMO - NL - SPEURDERS - 2019-05-01 00:00:00 - ERROR - STAT - expect_column_values_to_not_be_null - ADRESSE - correctly filled rate (%) - 3.49
2019-07-06 08:15:37,699 - IMMO - NL - SPEURDERS - 2019-05-01 00:00:00 - ERROR - STAT - expect_column_values_to_not_be_null - AGENCE_ADRESSE - correctly filled rate (%) - 0.0
2019-07-06 08:15:37,699 - IMMO - NL - SPEURDERS - 2019-05-01 00:00:00 - ERROR - FILE_CHECK - expect_column_values_to_be_of_type - AGENCE_CP - Wrong type for value: Noord-Holland on line 73244 should be int
2019-07-06 08:15:37,699 - IMMO - NL - SPEURDERS - 2019-05-01 00:00:00 - ERROR - FILE_CHECK - expect_column_values_to_be_of_type - AGENCE_CP - Wrong type for value: Noord-Holland on line 75594 should be int
2019-07-06 08:15:37,699 - IMMO - NL - SPEURDERS - 2019-05-01 00:00:00 - ERROR - FILE_CHECK - expect_column_values_to_be_of_type - AGENCE_CP - Wrong type for value: Utrecht on line 76305 should be int
2019-07-06 08:15:37,699 - IMMO - NL - SPEURDERS - 2019-05-01 00:00:00 - ERROR - FILE_CHECK - expect_column_values_to_be_of_type - AGENCE_CP - Wrong type for value: Noord-Holland on line 76309 should be int
2019-07-06 08:15:37,699 - IMMO - NL - SPEURDERS - 2019-05-01 00:00:00 - ERROR - FILE_CHECK - expect_column_values_to_be_of_type - AGENCE_CP - Wrong type for value: Noord-Holland on line 82158 should be int
2019-07-06 08:15:37,699 - IMMO - NL - SPEURDERS - 2019-05-01 00:00:00 - ERROR - FILE_CHECK - expect_column_values_to_be_of_type - AGENCE_CP - Wrong type for value: Noord-Holland on line 82879 should be int
2019-07-06 08:15:37,699 - IMMO - NL - SPEURDERS - 2019-05-01 00:00:00 - ERROR - STAT - expect_column_values_to_be_of_type - AGENCE_CP - correctly filled rate (%) - 0.0
2019-07-06 08:15:37,699 - IMMO - NL - SPEURDERS - 2019-05-01 00:00:00 - ERROR - STAT - expect_column_values_to_not_be_null - AGENCE_CP - correctly filled rate (%) - 0.01
2019-07-06 08:15:37,699 - IMMO - NL - SPEURDERS - 2019-05-01 00:00:00 - ERROR - STAT - expect_column_values_to_not_be_null - AGENCE_ID - correctly filled rate (%) - 99.99
2019-07-06 08:15:37,699 - IMMO - NL - SPEURDERS - 2019-05-01 00:00:00 - ERROR - STAT - expect_column_values_to_not_be_null - AGENCE_NOM - correctly filled rate (%) - 99.99
2019-07-06 08:15:37,699 - IMMO - NL - SPEURDERS - 2019-05-01 00:00:00 - ERROR - FILE_CHECK - expect_column_values_to_be_phone_number - AGENCE_TEL - Unexpected value: 32038083588.0 on line 17, value should match a phone number format
2019-07-06 08:15:37,699 - IMMO - NL - SPEURDERS - 2019-05-01 00:00:00 - ERROR - FILE_CHECK - expect_column_values_to_be_phone_number - AGENCE_TEL - Unexpected value: 32038083588.0 on line 25, value should match a phone number format
2019-07-06 08:15:37,699 - IMMO - NL - SPEURDERS - 2019-05-01 00:00:00 - ERROR - FILE_CHECK - expect_column_values_to_be_phone_number - AGENCE_TEL - Unexpected value: 32038083588.0 on line 26, value should match a phone number format
2019-07-06 08:15:37,700 - IMMO - NL - SPEURDERS - 2019-05-01 00:00:00 - ERROR - FILE_CHECK - expect_column_values_to_be_phone_number - AGENCE_TEL - Unexpected value: 32038083588.0 on line 27, value should match a phone number format
2019-07-06 08:15:37,700 - IMMO - NL - SPEURDERS - 2019-05-01 00:00:00 - ERROR - FILE_CHECK - expect_column_values_to_be_phone_number - AGENCE_TEL - Unexpected value: 32475676306.0 on line 59, value should match a phone number format
2019-07-06 08:15:37,700 - IMMO - NL - SPEURDERS - 2019-05-01 00:00:00 - ERROR - FILE_CHECK - expect_column_values_to_be_phone_number - AGENCE_TEL - Unexpected value: 96896030782.0 on line 107, value should match a phone number format
2019-07-06 08:15:37,700 - IMMO - NL - SPEURDERS - 2019-05-01 00:00:00 - ERROR - FILE_CHECK - expect_column_values_to_be_phone_number - AGENCE_TEL - Unexpected value: 34633815803.0 on line 108, value should match a phone number format
2019-07-06 08:15:37,700 - IMMO - NL - SPEURDERS - 2019-05-01 00:00:00 - ERROR - FILE_CHECK - expect_column_values_to_be_phone_number - AGENCE_TEL - Unexpected value: 320485556416.0 on line 140, value should match a phone number format
2019-07-06 08:15:37,700 - IMMO - NL - SPEURDERS - 2019-05-01 00:00:00 - ERROR - FILE_CHECK - expect_column_values_to_be_phone_number - AGENCE_TEL - Unexpected value: 905324155563.0 on line 177, value should match a phone number format
2019-07-06 08:15:37,700 - IMMO - NL - SPEURDERS - 2019-05-01 00:00:00 - ERROR - FILE_CHECK - expect_column_values_to_be_phone_number - AGENCE_TEL - Unexpected value: 905324155563.0 on line 178, value should match a phone number format
2019-07-06 08:15:37,700 - IMMO - NL - SPEURDERS - 2019-05-01 00:00:00 - ERROR - FILE_CHECK - expect_column_values_to_be_phone_number - AGENCE_TEL - Unexpected value: 905324155563.0 on line 179, value should match a phone number format
2019-07-06 08:15:37,700 - IMMO - NL - SPEURDERS - 2019-05-01 00:00:00 - ERROR - FILE_CHECK - expect_column_values_to_be_phone_number - AGENCE_TEL - Unexpected value: 905324155563.0 on line 197, value should match a phone number format
2019-07-06 08:15:37,700 - IMMO - NL - SPEURDERS - 2019-05-01 00:00:00 - ERROR - FILE_CHECK - expect_column_values_to_be_phone_number - AGENCE_TEL - Unexpected value: 905324155563.0 on line 198, value should match a phone number format
2019-07-06 08:15:37,700 - IMMO - NL - SPEURDERS - 2019-05-01 00:00:00 - ERROR - FILE_CHECK - expect_column_values_to_be_phone_number - AGENCE_TEL - Unexpected value: 905324155563.0 on line 199, value should match a phone number format
2019-07-06 08:15:37,700 - IMMO - NL - SPEURDERS - 2019-05-01 00:00:00 - ERROR - FILE_CHECK - expect_column_values_to_be_phone_number - AGENCE_TEL - Unexpected value: 33475261301.0 on line 284, value should match a phone number format
2019-07-06 08:15:37,700 - IMMO - NL - SPEURDERS - 2019-05-01 00:00:00 - ERROR - FILE_CHECK - expect_column_values_to_be_phone_number - AGENCE_TEL - Unexpected value: 34966764040.0 on line 311, value should match a phone number format
2019-07-06 08:15:37,700 - IMMO - NL - SPEURDERS - 2019-05-01 00:00:00 - ERROR - FILE_CHECK - expect_column_values_to_be_phone_number - AGENCE_TEL - Unexpected value: 4.345829910653198e+18 on line 314, value should match a phone number format
2019-07-06 08:15:37,700 - IMMO - NL - SPEURDERS - 2019-05-01 00:00:00 - ERROR - FILE_CHECK - expect_column_values_to_be_phone_number - AGENCE_TEL - Unexpected value: 34966764040.0 on line 317, value should match a phone number format
2019-07-06 08:15:37,700 - IMMO - NL - SPEURDERS - 2019-05-01 00:00:00 - ERROR - FILE_CHECK - expect_column_values_to_be_phone_number - AGENCE_TEL - Unexpected value: 34966764040.0 on line 323, value should match a phone number format
2019-07-06 08:15:37,700 - IMMO - NL - SPEURDERS - 2019-05-01 00:00:00 - ERROR - FILE_CHECK - expect_column_values_to_be_phone_number - AGENCE_TEL - Unexpected value: 34966764040.0 on line 326, value should match a phone number format
2019-07-06 08:15:37,700 - IMMO - NL - SPEURDERS - 2019-05-01 00:00:00 - ERROR - STAT - expect_column_values_to_be_phone_number - AGENCE_TEL - correctly filled rate (%) - 80.47
2019-07-06 08:15:37,700 - IMMO - NL - SPEURDERS - 2019-05-01 00:00:00 - ERROR - STAT - expect_column_values_to_not_be_null - AGENCE_TEL - correctly filled rate (%) - 4.85
2019-07-06 08:15:37,701 - IMMO - NL - SPEURDERS - 2019-05-01 00:00:00 - ERROR - STAT - expect_column_values_to_not_be_null - AGENCE_VILLE - correctly filled rate (%) - 0.0
2019-07-06 08:15:37,701 - IMMO - NL - SPEURDERS - 2019-05-01 00:00:00 - ERROR - STAT - expect_column_values_to_not_be_null - ANNONCE_DATE - correctly filled rate (%) - 99.99
2019-07-06 08:15:37,701 - IMMO - NL - SPEURDERS - 2019-05-01 00:00:00 - ERROR - STAT - expect_column_values_to_not_be_null - ANNONCE_LINK - correctly filled rate (%) - 99.99
2019-07-06 08:15:37,701 - IMMO - NL - SPEURDERS - 2019-05-01 00:00:00 - ERROR - STAT - expect_column_values_to_be_unique - ANNONCE_LINK - observed proportion - 100.0
2019-07-06 08:15:37,701 - IMMO - NL - SPEURDERS - 2019-05-01 00:00:00 - ERROR - STAT - expect_column_values_to_not_be_null - CATEGORIE - correctly filled rate (%) - 98.78
2019-07-06 08:15:37,701 - IMMO - NL - SPEURDERS - 2019-05-01 00:00:00 - ERROR - STAT - expect_column_values_to_not_be_null - CP - correctly filled rate (%) - 86.39
2019-07-06 08:15:37,701 - IMMO - NL - SPEURDERS - 2019-05-01 00:00:00 - ERROR - STAT - expect_column_values_to_not_be_null - DEPARTEMENT - correctly filled rate (%) - 0.0
2019-07-06 08:15:37,701 - IMMO - NL - SPEURDERS - 2019-05-01 00:00:00 - ERROR - STAT - expect_returning_row_count - EVERY_COLUMNS - total number of rows - 92317
2019-07-06 08:15:37,701 - IMMO - NL - SPEURDERS - 2019-05-01 00:00:00 - ERROR - STAT - expect_column_values_to_not_be_null - ID_CLIENT - correctly filled rate (%) - 99.99
2019-07-06 08:15:37,701 - IMMO - NL - SPEURDERS - 2019-05-01 00:00:00 - ERROR - STAT - expect_column_values_to_be_unique - ID_CLIENT - observed proportion - 100.0
2019-07-06 08:15:37,701 - IMMO - NL - SPEURDERS - 2019-05-01 00:00:00 - ERROR - FILE_CHECK - expect_column_values_to_be_of_type - M2_TOTALE - Wrong type for value: 0.0 on line 0 should be int
2019-07-06 08:15:37,701 - IMMO - NL - SPEURDERS - 2019-05-01 00:00:00 - ERROR - FILE_CHECK - expect_column_values_to_be_of_type - M2_TOTALE - Wrong type for value: 0.0 on line 1 should be int
2019-07-06 08:15:37,701 - IMMO - NL - SPEURDERS - 2019-05-01 00:00:00 - ERROR - FILE_CHECK - expect_column_values_to_be_of_type - M2_TOTALE - Wrong type for value: 0.0 on line 2 should be int
2019-07-06 08:15:37,701 - IMMO - NL - SPEURDERS - 2019-05-01 00:00:00 - ERROR - FILE_CHECK - expect_column_values_to_be_of_type - M2_TOTALE - Wrong type for value: 0.0 on line 3 should be int
2019-07-06 08:15:37,701 - IMMO - NL - SPEURDERS - 2019-05-01 00:00:00 - ERROR - FILE_CHECK - expect_column_values_to_be_of_type - M2_TOTALE - Wrong type for value: 0.0 on line 4 should be int
2019-07-06 08:15:37,701 - IMMO - NL - SPEURDERS - 2019-05-01 00:00:00 - ERROR - FILE_CHECK - expect_column_values_to_be_of_type - M2_TOTALE - Wrong type for value: 0.0 on line 5 should be int
2019-07-06 08:15:37,702 - IMMO - NL - SPEURDERS - 2019-05-01 00:00:00 - ERROR - FILE_CHECK - expect_column_values_to_be_of_type - M2_TOTALE - Wrong type for value: 0.0 on line 6 should be int
2019-07-06 08:15:37,702 - IMMO - NL - SPEURDERS - 2019-05-01 00:00:00 - ERROR - FILE_CHECK - expect_column_values_to_be_of_type - M2_TOTALE - Wrong type for value: 0.0 on line 7 should be int
2019-07-06 08:15:37,702 - IMMO - NL - SPEURDERS - 2019-05-01 00:00:00 - ERROR - FILE_CHECK - expect_column_values_to_be_of_type - M2_TOTALE - Wrong type for value: 0.0 on line 8 should be int
2019-07-06 08:15:37,702 - IMMO - NL - SPEURDERS - 2019-05-01 00:00:00 - ERROR - FILE_CHECK - expect_column_values_to_be_of_type - M2_TOTALE - Wrong type for value: 0.0 on line 9 should be int
2019-07-06 08:15:37,702 - IMMO - NL - SPEURDERS - 2019-05-01 00:00:00 - ERROR - FILE_CHECK - expect_column_values_to_be_of_type - M2_TOTALE - Wrong type for value: 0.0 on line 10 should be int
2019-07-06 08:15:37,702 - IMMO - NL - SPEURDERS - 2019-05-01 00:00:00 - ERROR - FILE_CHECK - expect_column_values_to_be_of_type - M2_TOTALE - Wrong type for value: 0.0 on line 11 should be int
2019-07-06 08:15:37,702 - IMMO - NL - SPEURDERS - 2019-05-01 00:00:00 - ERROR - FILE_CHECK - expect_column_values_to_be_of_type - M2_TOTALE - Wrong type for value: 0.0 on line 12 should be int
2019-07-06 08:15:37,702 - IMMO - NL - SPEURDERS - 2019-05-01 00:00:00 - ERROR - FILE_CHECK - expect_column_values_to_be_of_type - M2_TOTALE - Wrong type for value: 0.0 on line 13 should be int
2019-07-06 08:15:37,702 - IMMO - NL - SPEURDERS - 2019-05-01 00:00:00 - ERROR - FILE_CHECK - expect_column_values_to_be_of_type - M2_TOTALE - Wrong type for value: 0.0 on line 14 should be int
2019-07-06 08:15:37,702 - IMMO - NL - SPEURDERS - 2019-05-01 00:00:00 - ERROR - FILE_CHECK - expect_column_values_to_be_of_type - M2_TOTALE - Wrong type for value: 0.0 on line 15 should be int
2019-07-06 08:15:37,702 - IMMO - NL - SPEURDERS - 2019-05-01 00:00:00 - ERROR - FILE_CHECK - expect_column_values_to_be_of_type - M2_TOTALE - Wrong type for value: 0.0 on line 16 should be int
2019-07-06 08:15:37,702 - IMMO - NL - SPEURDERS - 2019-05-01 00:00:00 - ERROR - FILE_CHECK - expect_column_values_to_be_of_type - M2_TOTALE - Wrong type for value: 0.0 on line 17 should be int
2019-07-06 08:15:37,702 - IMMO - NL - SPEURDERS - 2019-05-01 00:00:00 - ERROR - FILE_CHECK - expect_column_values_to_be_of_type - M2_TOTALE - Wrong type for value: 0.0 on line 18 should be int
2019-07-06 08:15:37,702 - IMMO - NL - SPEURDERS - 2019-05-01 00:00:00 - ERROR - FILE_CHECK - expect_column_values_to_be_of_type - M2_TOTALE - Wrong type for value: 0.0 on line 19 should be int
2019-07-06 08:15:37,702 - IMMO - NL - SPEURDERS - 2019-05-01 00:00:00 - ERROR - STAT - expect_column_values_to_be_of_type - M2_TOTALE - correctly filled rate (%) - 0.0
2019-07-06 08:15:37,702 - IMMO - NL - SPEURDERS - 2019-05-01 00:00:00 - ERROR - STAT - expect_column_values_to_not_be_null - M2_TOTALE - correctly filled rate (%) - 98.78
2019-07-06 08:15:37,702 - IMMO - NL - SPEURDERS - 2019-05-01 00:00:00 - ERROR - STAT - expect_column_values_to_not_be_null - MAISON_APT - correctly filled rate (%) - 99.99
2019-07-06 08:15:37,702 - IMMO - NL - SPEURDERS - 2019-05-01 00:00:00 - ERROR - STAT - expect_column_values_to_be_between - MAISON_APT - correctly filled rate (%) - 100.0
2019-07-06 08:15:37,703 - IMMO - NL - SPEURDERS - 2019-05-01 00:00:00 - ERROR - STAT - expect_column_values_to_not_be_null - MINI_SITE_ID - correctly filled rate (%) - 99.99
2019-07-06 08:15:37,703 - IMMO - NL - SPEURDERS - 2019-05-01 00:00:00 - ERROR - STAT - expect_column_values_to_not_be_null - NOM - correctly filled rate (%) - 99.99
2019-07-06 08:15:37,703 - IMMO - NL - SPEURDERS - 2019-05-01 00:00:00 - ERROR - STAT - expect_column_values_to_match_regex - PAYS_AD - correctly filled rate (%) - 100.0
2019-07-06 08:15:37,703 - IMMO - NL - SPEURDERS - 2019-05-01 00:00:00 - ERROR - STAT - expect_column_values_to_not_be_null - PAYS_AD - correctly filled rate (%) - 98.78
2019-07-06 08:15:37,703 - IMMO - NL - SPEURDERS - 2019-05-01 00:00:00 - ERROR - FILE_CHECK - expect_column_values_to_be_of_type - PHOTO - Wrong type for value: 1.0 on line 1 should be int
2019-07-06 08:15:37,703 - IMMO - NL - SPEURDERS - 2019-05-01 00:00:00 - ERROR - FILE_CHECK - expect_column_values_to_be_of_type - PHOTO - Wrong type for value: 4.0 on line 2 should be int
2019-07-06 08:15:37,703 - IMMO - NL - SPEURDERS - 2019-05-01 00:00:00 - ERROR - FILE_CHECK - expect_column_values_to_be_of_type - PHOTO - Wrong type for value: 1.0 on line 3 should be int
2019-07-06 08:15:37,703 - IMMO - NL - SPEURDERS - 2019-05-01 00:00:00 - ERROR - FILE_CHECK - expect_column_values_to_be_of_type - PHOTO - Wrong type for value: 4.0 on line 4 should be int
2019-07-06 08:15:37,703 - IMMO - NL - SPEURDERS - 2019-05-01 00:00:00 - ERROR - FILE_CHECK - expect_column_values_to_be_of_type - PHOTO - Wrong type for value: 4.0 on line 5 should be int
2019-07-06 08:15:37,703 - IMMO - NL - SPEURDERS - 2019-05-01 00:00:00 - ERROR - FILE_CHECK - expect_column_values_to_be_of_type - PHOTO - Wrong type for value: 8.0 on line 28 should be int
2019-07-06 08:15:37,703 - IMMO - NL - SPEURDERS - 2019-05-01 00:00:00 - ERROR - FILE_CHECK - expect_column_values_to_be_of_type - PHOTO - Wrong type for value: 8.0 on line 29 should be int
2019-07-06 08:15:37,703 - IMMO - NL - SPEURDERS - 2019-05-01 00:00:00 - ERROR - FILE_CHECK - expect_column_values_to_be_of_type - PHOTO - Wrong type for value: 8.0 on line 53 should be int
2019-07-06 08:15:37,703 - IMMO - NL - SPEURDERS - 2019-05-01 00:00:00 - ERROR - FILE_CHECK - expect_column_values_to_be_of_type - PHOTO - Wrong type for value: 8.0 on line 55 should be int
2019-07-06 08:15:37,703 - IMMO - NL - SPEURDERS - 2019-05-01 00:00:00 - ERROR - FILE_CHECK - expect_column_values_to_be_of_type - PHOTO - Wrong type for value: 8.0 on line 71 should be int
2019-07-06 08:15:37,703 - IMMO - NL - SPEURDERS - 2019-05-01 00:00:00 - ERROR - FILE_CHECK - expect_column_values_to_be_of_type - PHOTO - Wrong type for value: 7.0 on line 102 should be int
2019-07-06 08:15:37,703 - IMMO - NL - SPEURDERS - 2019-05-01 00:00:00 - ERROR - FILE_CHECK - expect_column_values_to_be_of_type - PHOTO - Wrong type for value: 6.0 on line 103 should be int
2019-07-06 08:15:37,703 - IMMO - NL - SPEURDERS - 2019-05-01 00:00:00 - ERROR - FILE_CHECK - expect_column_values_to_be_of_type - PHOTO - Wrong type for value: 8.0 on line 107 should be int
2019-07-06 08:15:37,704 - IMMO - NL - SPEURDERS - 2019-05-01 00:00:00 - ERROR - FILE_CHECK - expect_column_values_to_be_of_type - PHOTO - Wrong type for value: 1.0 on line 109 should be int
2019-07-06 08:15:37,704 - IMMO - NL - SPEURDERS - 2019-05-01 00:00:00 - ERROR - FILE_CHECK - expect_column_values_to_be_of_type - PHOTO - Wrong type for value: 6.0 on line 110 should be int
2019-07-06 08:15:37,704 - IMMO - NL - SPEURDERS - 2019-05-01 00:00:00 - ERROR - FILE_CHECK - expect_column_values_to_be_of_type - PHOTO - Wrong type for value: 6.0 on line 111 should be int
2019-07-06 08:15:37,704 - IMMO - NL - SPEURDERS - 2019-05-01 00:00:00 - ERROR - FILE_CHECK - expect_column_values_to_be_of_type - PHOTO - Wrong type for value: 5.0 on line 112 should be int
2019-07-06 08:15:37,704 - IMMO - NL - SPEURDERS - 2019-05-01 00:00:00 - ERROR - FILE_CHECK - expect_column_values_to_be_of_type - PHOTO - Wrong type for value: 6.0 on line 113 should be int
2019-07-06 08:15:37,704 - IMMO - NL - SPEURDERS - 2019-05-01 00:00:00 - ERROR - FILE_CHECK - expect_column_values_to_be_of_type - PHOTO - Wrong type for value: 6.0 on line 114 should be int
2019-07-06 08:15:37,704 - IMMO - NL - SPEURDERS - 2019-05-01 00:00:00 - ERROR - FILE_CHECK - expect_column_values_to_be_of_type - PHOTO - Wrong type for value: 6.0 on line 115 should be int
2019-07-06 08:15:37,704 - IMMO - NL - SPEURDERS - 2019-05-01 00:00:00 - ERROR - STAT - expect_column_values_to_be_of_type - PHOTO - correctly filled rate (%) - 0.0
2019-07-06 08:15:37,704 - IMMO - NL - SPEURDERS - 2019-05-01 00:00:00 - ERROR - STAT - expect_column_values_to_not_be_null - PHOTO - correctly filled rate (%) - 96.85
2019-07-06 08:15:37,704 - IMMO - NL - SPEURDERS - 2019-05-01 00:00:00 - ERROR - STAT - expect_column_values_to_be_in_type_list - PHOTO - correctly filled rate (%) - 100.0
2019-07-06 08:15:37,704 - IMMO - NL - SPEURDERS - 2019-05-01 00:00:00 - ERROR - FILE_CHECK - expect_column_values_to_be_of_type - PIECE - Wrong type for value: 0.0 on line 0 should be int
2019-07-06 08:15:37,704 - IMMO - NL - SPEURDERS - 2019-05-01 00:00:00 - ERROR - FILE_CHECK - expect_column_values_to_be_of_type - PIECE - Wrong type for value: 0.0 on line 1 should be int
2019-07-06 08:15:37,704 - IMMO - NL - SPEURDERS - 2019-05-01 00:00:00 - ERROR - FILE_CHECK - expect_column_values_to_be_of_type - PIECE - Wrong type for value: 0.0 on line 2 should be int
2019-07-06 08:15:37,704 - IMMO - NL - SPEURDERS - 2019-05-01 00:00:00 - ERROR - FILE_CHECK - expect_column_values_to_be_of_type - PIECE - Wrong type for value: 0.0 on line 3 should be int
2019-07-06 08:15:37,704 - IMMO - NL - SPEURDERS - 2019-05-01 00:00:00 - ERROR - FILE_CHECK - expect_column_values_to_be_of_type - PIECE - Wrong type for value: 0.0 on line 4 should be int
2019-07-06 08:15:37,704 - IMMO - NL - SPEURDERS - 2019-05-01 00:00:00 - ERROR - FILE_CHECK - expect_column_values_to_be_of_type - PIECE - Wrong type for value: 0.0 on line 5 should be int
2019-07-06 08:15:37,704 - IMMO - NL - SPEURDERS - 2019-05-01 00:00:00 - ERROR - FILE_CHECK - expect_column_values_to_be_of_type - PIECE - Wrong type for value: 0.0 on line 6 should be int
2019-07-06 08:15:37,704 - IMMO - NL - SPEURDERS - 2019-05-01 00:00:00 - ERROR - FILE_CHECK - expect_column_values_to_be_of_type - PIECE - Wrong type for value: 0.0 on line 7 should be int
2019-07-06 08:15:37,704 - IMMO - NL - SPEURDERS - 2019-05-01 00:00:00 - ERROR - FILE_CHECK - expect_column_values_to_be_of_type - PIECE - Wrong type for value: 0.0 on line 8 should be int
2019-07-06 08:15:37,705 - IMMO - NL - SPEURDERS - 2019-05-01 00:00:00 - ERROR - FILE_CHECK - expect_column_values_to_be_of_type - PIECE - Wrong type for value: 0.0 on line 9 should be int
2019-07-06 08:15:37,705 - IMMO - NL - SPEURDERS - 2019-05-01 00:00:00 - ERROR - FILE_CHECK - expect_column_values_to_be_of_type - PIECE - Wrong type for value: 0.0 on line 10 should be int
2019-07-06 08:15:37,705 - IMMO - NL - SPEURDERS - 2019-05-01 00:00:00 - ERROR - FILE_CHECK - expect_column_values_to_be_of_type - PIECE - Wrong type for value: 0.0 on line 11 should be int
2019-07-06 08:15:37,705 - IMMO - NL - SPEURDERS - 2019-05-01 00:00:00 - ERROR - FILE_CHECK - expect_column_values_to_be_of_type - PIECE - Wrong type for value: 0.0 on line 12 should be int
2019-07-06 08:15:37,705 - IMMO - NL - SPEURDERS - 2019-05-01 00:00:00 - ERROR - FILE_CHECK - expect_column_values_to_be_of_type - PIECE - Wrong type for value: 0.0 on line 13 should be int
2019-07-06 08:15:37,705 - IMMO - NL - SPEURDERS - 2019-05-01 00:00:00 - ERROR - FILE_CHECK - expect_column_values_to_be_of_type - PIECE - Wrong type for value: 0.0 on line 14 should be int
2019-07-06 08:15:37,705 - IMMO - NL - SPEURDERS - 2019-05-01 00:00:00 - ERROR - FILE_CHECK - expect_column_values_to_be_of_type - PIECE - Wrong type for value: 0.0 on line 15 should be int
2019-07-06 08:15:37,705 - IMMO - NL - SPEURDERS - 2019-05-01 00:00:00 - ERROR - FILE_CHECK - expect_column_values_to_be_of_type - PIECE - Wrong type for value: 0.0 on line 16 should be int
2019-07-06 08:15:37,705 - IMMO - NL - SPEURDERS - 2019-05-01 00:00:00 - ERROR - FILE_CHECK - expect_column_values_to_be_of_type - PIECE - Wrong type for value: 0.0 on line 17 should be int
2019-07-06 08:15:37,705 - IMMO - NL - SPEURDERS - 2019-05-01 00:00:00 - ERROR - FILE_CHECK - expect_column_values_to_be_of_type - PIECE - Wrong type for value: 0.0 on line 18 should be int
2019-07-06 08:15:37,705 - IMMO - NL - SPEURDERS - 2019-05-01 00:00:00 - ERROR - FILE_CHECK - expect_column_values_to_be_of_type - PIECE - Wrong type for value: 0.0 on line 19 should be int
2019-07-06 08:15:37,705 - IMMO - NL - SPEURDERS - 2019-05-01 00:00:00 - ERROR - STAT - expect_column_values_to_be_of_type - PIECE - correctly filled rate (%) - 0.0
2019-07-06 08:15:37,705 - IMMO - NL - SPEURDERS - 2019-05-01 00:00:00 - ERROR - STAT - expect_column_values_to_not_be_null - PIECE - correctly filled rate (%) - 99.99
2019-07-06 08:15:37,705 - IMMO - NL - SPEURDERS - 2019-05-01 00:00:00 - ERROR - STAT - expect_column_values_to_be_in_type_list - PIECE - correctly filled rate (%) - 100.0
2019-07-06 08:15:37,705 - IMMO - NL - SPEURDERS - 2019-05-01 00:00:00 - ERROR - FILE_CHECK - expect_column_values_to_be_of_type - PRIX - Wrong type for value: 0.0 on line 0 should be int
2019-07-06 08:15:37,705 - IMMO - NL - SPEURDERS - 2019-05-01 00:00:00 - ERROR - FILE_CHECK - expect_column_values_to_be_of_type - PRIX - Wrong type for value: 194300.0 on line 1 should be int
2019-07-06 08:15:37,705 - IMMO - NL - SPEURDERS - 2019-05-01 00:00:00 - ERROR - FILE_CHECK - expect_column_values_to_be_of_type - PRIX - Wrong type for value: 350000.0 on line 2 should be int
2019-07-06 08:15:37,706 - IMMO - NL - SPEURDERS - 2019-05-01 00:00:00 - ERROR - FILE_CHECK - expect_column_values_to_be_of_type - PRIX - Wrong type for value: 429000.0 on line 3 should be int
2019-07-06 08:15:37,706 - IMMO - NL - SPEURDERS - 2019-05-01 00:00:00 - ERROR - FILE_CHECK - expect_column_values_to_be_of_type - PRIX - Wrong type for value: 154000.0 on line 4 should be int
2019-07-06 08:15:37,706 - IMMO - NL - SPEURDERS - 2019-05-01 00:00:00 - ERROR - FILE_CHECK - expect_column_values_to_be_of_type - PRIX - Wrong type for value: 325000.0 on line 5 should be int
2019-07-06 08:15:37,706 - IMMO - NL - SPEURDERS - 2019-05-01 00:00:00 - ERROR - FILE_CHECK - expect_column_values_to_be_of_type - PRIX - Wrong type for value: 0.0 on line 6 should be int
2019-07-06 08:15:37,706 - IMMO - NL - SPEURDERS - 2019-05-01 00:00:00 - ERROR - FILE_CHECK - expect_column_values_to_be_of_type - PRIX - Wrong type for value: 0.0 on line 7 should be int
2019-07-06 08:15:37,706 - IMMO - NL - SPEURDERS - 2019-05-01 00:00:00 - ERROR - FILE_CHECK - expect_column_values_to_be_of_type - PRIX - Wrong type for value: 0.0 on line 8 should be int
2019-07-06 08:15:37,706 - IMMO - NL - SPEURDERS - 2019-05-01 00:00:00 - ERROR - FILE_CHECK - expect_column_values_to_be_of_type - PRIX - Wrong type for value: 0.0 on line 9 should be int
2019-07-06 08:15:37,706 - IMMO - NL - SPEURDERS - 2019-05-01 00:00:00 - ERROR - FILE_CHECK - expect_column_values_to_be_of_type - PRIX - Wrong type for value: 0.0 on line 10 should be int
2019-07-06 08:15:37,706 - IMMO - NL - SPEURDERS - 2019-05-01 00:00:00 - ERROR - FILE_CHECK - expect_column_values_to_be_of_type - PRIX - Wrong type for value: 0.0 on line 11 should be int
2019-07-06 08:15:37,706 - IMMO - NL - SPEURDERS - 2019-05-01 00:00:00 - ERROR - FILE_CHECK - expect_column_values_to_be_of_type - PRIX - Wrong type for value: 0.0 on line 12 should be int
2019-07-06 08:15:37,706 - IMMO - NL - SPEURDERS - 2019-05-01 00:00:00 - ERROR - FILE_CHECK - expect_column_values_to_be_of_type - PRIX - Wrong type for value: 0.0 on line 13 should be int
2019-07-06 08:15:37,706 - IMMO - NL - SPEURDERS - 2019-05-01 00:00:00 - ERROR - FILE_CHECK - expect_column_values_to_be_of_type - PRIX - Wrong type for value: 0.0 on line 14 should be int
2019-07-06 08:15:37,706 - IMMO - NL - SPEURDERS - 2019-05-01 00:00:00 - ERROR - FILE_CHECK - expect_column_values_to_be_of_type - PRIX - Wrong type for value: 0.0 on line 15 should be int
2019-07-06 08:15:37,706 - IMMO - NL - SPEURDERS - 2019-05-01 00:00:00 - ERROR - FILE_CHECK - expect_column_values_to_be_of_type - PRIX - Wrong type for value: 0.0 on line 16 should be int
2019-07-06 08:15:37,706 - IMMO - NL - SPEURDERS - 2019-05-01 00:00:00 - ERROR - FILE_CHECK - expect_column_values_to_be_of_type - PRIX - Wrong type for value: 0.0 on line 17 should be int
2019-07-06 08:15:37,706 - IMMO - NL - SPEURDERS - 2019-05-01 00:00:00 - ERROR - FILE_CHECK - expect_column_values_to_be_of_type - PRIX - Wrong type for value: 0.0 on line 18 should be int
2019-07-06 08:15:37,706 - IMMO - NL - SPEURDERS - 2019-05-01 00:00:00 - ERROR - FILE_CHECK - expect_column_values_to_be_of_type - PRIX - Wrong type for value: 0.0 on line 19 should be int
2019-07-06 08:15:37,706 - IMMO - NL - SPEURDERS - 2019-05-01 00:00:00 - ERROR - STAT - expect_column_values_to_be_of_type - PRIX - correctly filled rate (%) - 0.0
2019-07-06 08:15:37,706 - IMMO - NL - SPEURDERS - 2019-05-01 00:00:00 - ERROR - STAT - expect_column_values_to_not_be_null - PRIX - correctly filled rate (%) - 99.99
2019-07-06 08:15:37,707 - IMMO - NL - SPEURDERS - 2019-05-01 00:00:00 - ERROR - STAT - expect_column_values_to_not_be_null - PRO_IND - correctly filled rate (%) - 99.99
2019-07-06 08:15:37,707 - IMMO - NL - SPEURDERS - 2019-05-01 00:00:00 - ERROR - STAT - expect_column_values_to_be_in_set - PRO_IND - correctly filled rate (%) - 100.0
2019-07-06 08:15:37,707 - IMMO - NL - SPEURDERS - 2019-05-01 00:00:00 - ERROR - STAT - expect_column_values_to_not_be_null - REGION - correctly filled rate (%) - 0.0
2019-07-06 08:15:37,707 - IMMO - NL - SPEURDERS - 2019-05-01 00:00:00 - ERROR - STAT - expect_column_values_to_not_be_null - SELLER_TYPE - correctly filled rate (%) - 0.0
2019-07-06 08:15:37,707 - IMMO - NL - SPEURDERS - 2019-05-01 00:00:00 - ERROR - FILE_CHECK - expect_column_values_to_be_of_type - SURFACE_TERRAIN - Wrong type for value: 0.0 on line 0 should be int
2019-07-06 08:15:37,707 - IMMO - NL - SPEURDERS - 2019-05-01 00:00:00 - ERROR - FILE_CHECK - expect_column_values_to_be_of_type - SURFACE_TERRAIN - Wrong type for value: 0.0 on line 1 should be int
2019-07-06 08:15:37,707 - IMMO - NL - SPEURDERS - 2019-05-01 00:00:00 - ERROR - FILE_CHECK - expect_column_values_to_be_of_type - SURFACE_TERRAIN - Wrong type for value: 0.0 on line 2 should be int
2019-07-06 08:15:37,707 - IMMO - NL - SPEURDERS - 2019-05-01 00:00:00 - ERROR - FILE_CHECK - expect_column_values_to_be_of_type - SURFACE_TERRAIN - Wrong type for value: 0.0 on line 3 should be int
2019-07-06 08:15:37,707 - IMMO - NL - SPEURDERS - 2019-05-01 00:00:00 - ERROR - FILE_CHECK - expect_column_values_to_be_of_type - SURFACE_TERRAIN - Wrong type for value: 0.0 on line 4 should be int
2019-07-06 08:15:37,707 - IMMO - NL - SPEURDERS - 2019-05-01 00:00:00 - ERROR - FILE_CHECK - expect_column_values_to_be_of_type - SURFACE_TERRAIN - Wrong type for value: 0.0 on line 5 should be int
2019-07-06 08:15:37,707 - IMMO - NL - SPEURDERS - 2019-05-01 00:00:00 - ERROR - FILE_CHECK - expect_column_values_to_be_of_type - SURFACE_TERRAIN - Wrong type for value: 0.0 on line 6 should be int
2019-07-06 08:15:37,707 - IMMO - NL - SPEURDERS - 2019-05-01 00:00:00 - ERROR - FILE_CHECK - expect_column_values_to_be_of_type - SURFACE_TERRAIN - Wrong type for value: 0.0 on line 7 should be int
2019-07-06 08:15:37,707 - IMMO - NL - SPEURDERS - 2019-05-01 00:00:00 - ERROR - FILE_CHECK - expect_column_values_to_be_of_type - SURFACE_TERRAIN - Wrong type for value: 0.0 on line 8 should be int
2019-07-06 08:15:37,707 - IMMO - NL - SPEURDERS - 2019-05-01 00:00:00 - ERROR - FILE_CHECK - expect_column_values_to_be_of_type - SURFACE_TERRAIN - Wrong type for value: 0.0 on line 9 should be int
2019-07-06 08:15:37,707 - IMMO - NL - SPEURDERS - 2019-05-01 00:00:00 - ERROR - FILE_CHECK - expect_column_values_to_be_of_type - SURFACE_TERRAIN - Wrong type for value: 0.0 on line 10 should be int
2019-07-06 08:15:37,707 - IMMO - NL - SPEURDERS - 2019-05-01 00:00:00 - ERROR - FILE_CHECK - expect_column_values_to_be_of_type - SURFACE_TERRAIN - Wrong type for value: 0.0 on line 11 should be int
2019-07-06 08:15:37,707 - IMMO - NL - SPEURDERS - 2019-05-01 00:00:00 - ERROR - FILE_CHECK - expect_column_values_to_be_of_type - SURFACE_TERRAIN - Wrong type for value: 0.0 on line 12 should be int
2019-07-06 08:15:37,708 - IMMO - NL - SPEURDERS - 2019-05-01 00:00:00 - ERROR - FILE_CHECK - expect_column_values_to_be_of_type - SURFACE_TERRAIN - Wrong type for value: 0.0 on line 13 should be int
2019-07-06 08:15:37,708 - IMMO - NL - SPEURDERS - 2019-05-01 00:00:00 - ERROR - FILE_CHECK - expect_column_values_to_be_of_type - SURFACE_TERRAIN - Wrong type for value: 0.0 on line 14 should be int
2019-07-06 08:15:37,708 - IMMO - NL - SPEURDERS - 2019-05-01 00:00:00 - ERROR - FILE_CHECK - expect_column_values_to_be_of_type - SURFACE_TERRAIN - Wrong type for value: 0.0 on line 15 should be int
2019-07-06 08:15:37,708 - IMMO - NL - SPEURDERS - 2019-05-01 00:00:00 - ERROR - FILE_CHECK - expect_column_values_to_be_of_type - SURFACE_TERRAIN - Wrong type for value: 0.0 on line 16 should be int
2019-07-06 08:15:37,708 - IMMO - NL - SPEURDERS - 2019-05-01 00:00:00 - ERROR - FILE_CHECK - expect_column_values_to_be_of_type - SURFACE_TERRAIN - Wrong type for value: 0.0 on line 17 should be int
2019-07-06 08:15:37,708 - IMMO - NL - SPEURDERS - 2019-05-01 00:00:00 - ERROR - FILE_CHECK - expect_column_values_to_be_of_type - SURFACE_TERRAIN - Wrong type for value: 0.0 on line 18 should be int
2019-07-06 08:15:37,708 - IMMO - NL - SPEURDERS - 2019-05-01 00:00:00 - ERROR - FILE_CHECK - expect_column_values_to_be_of_type - SURFACE_TERRAIN - Wrong type for value: 0.0 on line 19 should be int
2019-07-06 08:15:37,708 - IMMO - NL - SPEURDERS - 2019-05-01 00:00:00 - ERROR - STAT - expect_column_values_to_be_of_type - SURFACE_TERRAIN - correctly filled rate (%) - 0.0
2019-07-06 08:15:37,708 - IMMO - NL - SPEURDERS - 2019-05-01 00:00:00 - ERROR - STAT - expect_column_values_to_match_regex - VILLE - correctly filled rate (%) - 99.73
2019-07-06 08:15:37,708 - IMMO - NL - SPEURDERS - 2019-05-01 00:00:00 - ERROR - STAT - expect_column_values_to_not_be_null - VILLE - correctly filled rate (%) - 99.99
2019-07-06 08:15:37,708 - IMMO - NL - SPEURDERS - 2019-05-01 00:00:00 - ERROR - STAT - expect_column_values_to_match_regex - CP - correctly filled rate (%) - 98.67
2019-07-06 08:15:37,708 - IMMO - NL - SPEURDERS - 2019-05-01 00:00:00 - ERROR - FILE_CHECK - expect_column_value_lengths_to_be_between - ANNONCE_TEXT - Unexpected characters count of: [Prachtig verbouwde h...] on line  0, value length should be between 0 and 255
2019-07-06 08:15:37,708 - IMMO - NL - SPEURDERS - 2019-05-01 00:00:00 - ERROR - FILE_CHECK - expect_column_value_lengths_to_be_between - ANNONCE_TEXT - Unexpected characters count of: [De villa ligt in een...] on line  6, value length should be between 0 and 255
2019-07-06 08:15:37,708 - IMMO - NL - SPEURDERS - 2019-05-01 00:00:00 - ERROR - FILE_CHECK - expect_column_value_lengths_to_be_between - ANNONCE_TEXT - Unexpected characters count of: [De villa beschikt ov...] on line  7, value length should be between 0 and 255
2019-07-06 08:15:37,708 - IMMO - NL - SPEURDERS - 2019-05-01 00:00:00 - ERROR - FILE_CHECK - expect_column_value_lengths_to_be_between - ANNONCE_TEXT - Unexpected characters count of: [Deze woning omvat ee...] on line  8, value length should be between 0 and 255
2019-07-06 08:15:37,708 - IMMO - NL - SPEURDERS - 2019-05-01 00:00:00 - ERROR - FILE_CHECK - expect_column_value_lengths_to_be_between - ANNONCE_TEXT - Unexpected characters count of: [De villa is heel knu...] on line  9, value length should be between 0 and 255
2019-07-06 08:15:37,708 - IMMO - NL - SPEURDERS - 2019-05-01 00:00:00 - ERROR - FILE_CHECK - expect_column_value_lengths_to_be_between - ANNONCE_TEXT - Unexpected characters count of: [Mas Pernes Les Fonta...] on line  10, value length should be between 0 and 255
2019-07-06 08:15:37,709 - IMMO - NL - SPEURDERS - 2019-05-01 00:00:00 - ERROR - FILE_CHECK - expect_column_value_lengths_to_be_between - ANNONCE_TEXT - Unexpected characters count of: [De Mas is zeer smaak...] on line  11, value length should be between 0 and 255
2019-07-06 08:15:37,709 - IMMO - NL - SPEURDERS - 2019-05-01 00:00:00 - ERROR - FILE_CHECK - expect_column_value_lengths_to_be_between - ANNONCE_TEXT - Unexpected characters count of: [Dit prachtige landhu...] on line  12, value length should be between 0 and 255
2019-07-06 08:15:37,709 - IMMO - NL - SPEURDERS - 2019-05-01 00:00:00 - ERROR - FILE_CHECK - expect_column_value_lengths_to_be_between - ANNONCE_TEXT - Unexpected characters count of: [De villa beschikt ov...] on line  13, value length should be between 0 and 255
2019-07-06 08:15:37,709 - IMMO - NL - SPEURDERS - 2019-05-01 00:00:00 - ERROR - FILE_CHECK - expect_column_value_lengths_to_be_between - ANNONCE_TEXT - Unexpected characters count of: [Le Mas de camille is...] on line  14, value length should be between 0 and 255
2019-07-06 08:15:37,709 - IMMO - NL - SPEURDERS - 2019-05-01 00:00:00 - ERROR - FILE_CHECK - expect_column_value_lengths_to_be_between - ANNONCE_TEXT - Unexpected characters count of: [Mas Ragance is een z...] on line  15, value length should be between 0 and 255
2019-07-06 08:15:37,709 - IMMO - NL - SPEURDERS - 2019-05-01 00:00:00 - ERROR - FILE_CHECK - expect_column_value_lengths_to_be_between - ANNONCE_TEXT - Unexpected characters count of: [Domaine les Romarins...] on line  16, value length should be between 0 and 255
2019-07-06 08:15:37,709 - IMMO - NL - SPEURDERS - 2019-05-01 00:00:00 - ERROR - FILE_CHECK - expect_column_value_lengths_to_be_between - ANNONCE_TEXT - Unexpected characters count of: [Hoekappartement met ...] on line  18, value length should be between 0 and 255
2019-07-06 08:15:37,709 - IMMO - NL - SPEURDERS - 2019-05-01 00:00:00 - ERROR - FILE_CHECK - expect_column_value_lengths_to_be_between - ANNONCE_TEXT - Unexpected characters count of: [Het villapark MAS NO...] on line  19, value length should be between 0 and 255
2019-07-06 08:15:37,709 - IMMO - NL - SPEURDERS - 2019-05-01 00:00:00 - ERROR - FILE_CHECK - expect_column_value_lengths_to_be_between - ANNONCE_TEXT - Unexpected characters count of: [Heel verzorgd ruim l...] on line  21, value length should be between 0 and 255
2019-07-06 08:15:37,709 - IMMO - NL - SPEURDERS - 2019-05-01 00:00:00 - ERROR - FILE_CHECK - expect_column_value_lengths_to_be_between - ANNONCE_TEXT - Unexpected characters count of: [Villa La Gaoute is e...] on line  22, value length should be between 0 and 255
2019-07-06 08:15:37,709 - IMMO - NL - SPEURDERS - 2019-05-01 00:00:00 - ERROR - FILE_CHECK - expect_column_value_lengths_to_be_between - ANNONCE_TEXT - Unexpected characters count of: [Het villapark MAS NO...] on line  23, value length should be between 0 and 255
2019-07-06 08:15:37,709 - IMMO - NL - SPEURDERS - 2019-05-01 00:00:00 - ERROR - FILE_CHECK - expect_column_value_lengths_to_be_between - ANNONCE_TEXT - Unexpected characters count of: [Het villapark MAS NO...] on line  24, value length should be between 0 and 255
2019-07-06 08:15:37,709 - IMMO - NL - SPEURDERS - 2019-05-01 00:00:00 - ERROR - FILE_CHECK - expect_column_value_lengths_to_be_between - ANNONCE_TEXT - Unexpected characters count of: [Bugalowvilla  Pieds ...] on line  25, value length should be between 0 and 255
2019-07-06 08:15:37,709 - IMMO - NL - SPEURDERS - 2019-05-01 00:00:00 - ERROR - FILE_CHECK - expect_column_value_lengths_to_be_between - ANNONCE_TEXT - Unexpected characters count of: [Sfeervolle vakantiev...] on line  26, value length should be between 0 and 255
2019-07-06 08:15:37,709 - IMMO - NL - SPEURDERS - 2019-05-01 00:00:00 - ERROR - STAT - expect_column_value_lengths_to_be_between - ANNONCE_TEXT - correctly filled rate (%) - 60.43
2019-07-06 08:15:37,709 - IMMO - NL - SPEURDERS - 2019-05-01 00:00:00 - ERROR - STAT - expect_returning_row_count_on_conditions - PRIVATE_LISTINGS - total number of row with conditions - 699
2019-07-06 08:15:37,709 - IMMO - NL - SPEURDERS - 2019-05-01 00:00:00 - ERROR - STAT - expect_returning_row_count_on_conditions - DEALER_LISTINGS - total number of row with conditions - 91451
