2019-08-07 12:32:29,333 - VO - FR - CARGURUS - 2019-08-01 00:00:00 - ERROR - STAT - expect_column_values_to_not_be_null - ADRESSE - correctly filled rate (%) - 28.62
2019-08-07 12:32:29,334 - VO - FR - CARGURUS - 2019-08-01 00:00:00 - ERROR - STAT - expect_column_values_to_be_in_type_list - ANNEE - correctly filled rate (%) - 100.0
2019-08-07 12:32:29,334 - VO - FR - CARGURUS - 2019-08-01 00:00:00 - ERROR - STAT - expect_column_values_to_be_between - ANNEE - correctly filled rate (%) - 100.0
2019-08-07 12:32:29,334 - VO - FR - CARGURUS - 2019-08-01 00:00:00 - ERROR - STAT - expect_column_values_to_not_be_null - ANNEE - correctly filled rate (%) - 100.0
2019-08-07 12:32:29,334 - VO - FR - CARGURUS - 2019-08-01 00:00:00 - ERROR - STAT - expect_column_values_to_match_regex - ANNEE - correctly filled rate (%) - 100.0
2019-08-07 12:32:29,334 - VO - FR - CARGURUS - 2019-08-01 00:00:00 - ERROR - STAT - expect_column_values_to_not_be_null - ANNONCE_LINK - correctly filled rate (%) - 100.0
2019-08-07 12:32:29,334 - VO - FR - CARGURUS - 2019-08-01 00:00:00 - ERROR - STAT - expect_column_values_to_be_unique - ANNONCE_LINK - observed proportion - 100.0
2019-08-07 12:32:29,334 - VO - FR - CARGURUS - 2019-08-01 00:00:00 - ERROR - STAT - expect_column_values_to_not_be_null - CARBURANT - correctly filled rate (%) - 100.0
2019-08-07 12:32:29,334 - VO - FR - CARGURUS - 2019-08-01 00:00:00 - ERROR - STAT - expect_column_values_to_not_be_null - CARROSSERIE - correctly filled rate (%) - 100.0
2019-08-07 12:32:29,334 - VO - FR - CARGURUS - 2019-08-01 00:00:00 - ERROR - STAT - expect_column_values_to_not_be_null - CP - correctly filled rate (%) - 100.0
2019-08-07 12:32:29,334 - VO - FR - CARGURUS - 2019-08-01 00:00:00 - ERROR - FILE_CHECK - expect_column_values_to_match_regex - CP - Unexpected value: 9100 on line 0, value should match regexp [0-9]{5}
2019-08-07 12:32:29,334 - VO - FR - CARGURUS - 2019-08-01 00:00:00 - ERROR - FILE_CHECK - expect_column_values_to_match_regex - CP - Unexpected value: 9100 on line 1, value should match regexp [0-9]{5}
2019-08-07 12:32:29,334 - VO - FR - CARGURUS - 2019-08-01 00:00:00 - ERROR - FILE_CHECK - expect_column_values_to_match_regex - CP - Unexpected value: 9100 on line 2, value should match regexp [0-9]{5}
2019-08-07 12:32:29,334 - VO - FR - CARGURUS - 2019-08-01 00:00:00 - ERROR - FILE_CHECK - expect_column_values_to_match_regex - CP - Unexpected value: 9100 on line 3, value should match regexp [0-9]{5}
2019-08-07 12:32:29,334 - VO - FR - CARGURUS - 2019-08-01 00:00:00 - ERROR - FILE_CHECK - expect_column_values_to_match_regex - CP - Unexpected value: 9100 on line 4, value should match regexp [0-9]{5}
2019-08-07 12:32:29,334 - VO - FR - CARGURUS - 2019-08-01 00:00:00 - ERROR - FILE_CHECK - expect_column_values_to_match_regex - CP - Unexpected value: 9100 on line 5, value should match regexp [0-9]{5}
2019-08-07 12:32:29,334 - VO - FR - CARGURUS - 2019-08-01 00:00:00 - ERROR - FILE_CHECK - expect_column_values_to_match_regex - CP - Unexpected value: 9100 on line 6, value should match regexp [0-9]{5}
2019-08-07 12:32:29,334 - VO - FR - CARGURUS - 2019-08-01 00:00:00 - ERROR - FILE_CHECK - expect_column_values_to_match_regex - CP - Unexpected value: 9100 on line 7, value should match regexp [0-9]{5}
2019-08-07 12:32:29,335 - VO - FR - CARGURUS - 2019-08-01 00:00:00 - ERROR - FILE_CHECK - expect_column_values_to_match_regex - CP - Unexpected value: 9100 on line 8, value should match regexp [0-9]{5}
2019-08-07 12:32:29,335 - VO - FR - CARGURUS - 2019-08-01 00:00:00 - ERROR - FILE_CHECK - expect_column_values_to_match_regex - CP - Unexpected value: 9100 on line 9, value should match regexp [0-9]{5}
2019-08-07 12:32:29,335 - VO - FR - CARGURUS - 2019-08-01 00:00:00 - ERROR - FILE_CHECK - expect_column_values_to_match_regex - CP - Unexpected value: 9100 on line 10, value should match regexp [0-9]{5}
2019-08-07 12:32:29,335 - VO - FR - CARGURUS - 2019-08-01 00:00:00 - ERROR - FILE_CHECK - expect_column_values_to_match_regex - CP - Unexpected value: 9100 on line 11, value should match regexp [0-9]{5}
2019-08-07 12:32:29,335 - VO - FR - CARGURUS - 2019-08-01 00:00:00 - ERROR - FILE_CHECK - expect_column_values_to_match_regex - CP - Unexpected value: 1340 on line 20, value should match regexp [0-9]{5}
2019-08-07 12:32:29,335 - VO - FR - CARGURUS - 2019-08-01 00:00:00 - ERROR - FILE_CHECK - expect_column_values_to_match_regex - CP - Unexpected value: 1340 on line 21, value should match regexp [0-9]{5}
2019-08-07 12:32:29,335 - VO - FR - CARGURUS - 2019-08-01 00:00:00 - ERROR - FILE_CHECK - expect_column_values_to_match_regex - CP - Unexpected value: 1340 on line 22, value should match regexp [0-9]{5}
2019-08-07 12:32:29,335 - VO - FR - CARGURUS - 2019-08-01 00:00:00 - ERROR - FILE_CHECK - expect_column_values_to_match_regex - CP - Unexpected value: 1340 on line 23, value should match regexp [0-9]{5}
2019-08-07 12:32:29,335 - VO - FR - CARGURUS - 2019-08-01 00:00:00 - ERROR - FILE_CHECK - expect_column_values_to_match_regex - CP - Unexpected value: 1340 on line 24, value should match regexp [0-9]{5}
2019-08-07 12:32:29,335 - VO - FR - CARGURUS - 2019-08-01 00:00:00 - ERROR - FILE_CHECK - expect_column_values_to_match_regex - CP - Unexpected value: 1340 on line 25, value should match regexp [0-9]{5}
2019-08-07 12:32:29,335 - VO - FR - CARGURUS - 2019-08-01 00:00:00 - ERROR - FILE_CHECK - expect_column_values_to_match_regex - CP - Unexpected value: 1340 on line 26, value should match regexp [0-9]{5}
2019-08-07 12:32:29,335 - VO - FR - CARGURUS - 2019-08-01 00:00:00 - ERROR - FILE_CHECK - expect_column_values_to_match_regex - CP - Unexpected value: 1340 on line 27, value should match regexp [0-9]{5}
2019-08-07 12:32:29,335 - VO - FR - CARGURUS - 2019-08-01 00:00:00 - ERROR - STAT - expect_column_values_to_match_regex - CP - correctly filled rate (%) - 51.68
2019-08-07 12:32:29,335 - VO - FR - CARGURUS - 2019-08-01 00:00:00 - ERROR - STAT - expect_column_values_to_not_be_null - GARAGE_ID - correctly filled rate (%) - 100.0
2019-08-07 12:32:29,335 - VO - FR - CARGURUS - 2019-08-01 00:00:00 - ERROR - STAT - expect_column_values_to_not_be_null - ID_CLIENT - correctly filled rate (%) - 100.0
2019-08-07 12:32:29,335 - VO - FR - CARGURUS - 2019-08-01 00:00:00 - ERROR - STAT - expect_column_values_to_be_unique - ID_CLIENT - observed proportion - 100.0
2019-08-07 12:32:29,335 - VO - FR - CARGURUS - 2019-08-01 00:00:00 - ERROR - STAT - expect_returning_row_count - EVERY_COLUMNS - total number of rows - 162790
2019-08-07 12:32:29,335 - VO - FR - CARGURUS - 2019-08-01 00:00:00 - ERROR - STAT - expect_column_values_to_not_be_null - IMMAT - correctly filled rate (%) - 100.0
2019-08-07 12:32:29,336 - VO - FR - CARGURUS - 2019-08-01 00:00:00 - ERROR - STAT - expect_column_values_to_be_in_type_list - KM - correctly filled rate (%) - 100.0
2019-08-07 12:32:29,336 - VO - FR - CARGURUS - 2019-08-01 00:00:00 - ERROR - STAT - expect_column_values_to_not_be_null - KM - correctly filled rate (%) - 100.0
2019-08-07 12:32:29,336 - VO - FR - CARGURUS - 2019-08-01 00:00:00 - ERROR - STAT - expect_column_values_to_be_in_type_list - LITRE - correctly filled rate (%) - 100.0
2019-08-07 12:32:29,336 - VO - FR - CARGURUS - 2019-08-01 00:00:00 - ERROR - STAT - expect_column_values_to_not_be_null - LITRE - correctly filled rate (%) - 100.0
2019-08-07 12:32:29,336 - VO - FR - CARGURUS - 2019-08-01 00:00:00 - ERROR - STAT - expect_column_values_to_not_be_null - MARQUE - correctly filled rate (%) - 100.0
2019-08-07 12:32:29,336 - VO - FR - CARGURUS - 2019-08-01 00:00:00 - ERROR - STAT - expect_column_values_to_not_be_null - MODELE - correctly filled rate (%) - 100.0
2019-08-07 12:32:29,336 - VO - FR - CARGURUS - 2019-08-01 00:00:00 - ERROR - STAT - expect_column_values_to_not_be_null - MOIS - correctly filled rate (%) - 100.0
2019-08-07 12:32:29,336 - VO - FR - CARGURUS - 2019-08-01 00:00:00 - ERROR - FILE_CHECK - expect_column_values_to_be_between - MOIS - Unexpected value: 0 on line 0, value should be between 1 and 12
2019-08-07 12:32:29,336 - VO - FR - CARGURUS - 2019-08-01 00:00:00 - ERROR - FILE_CHECK - expect_column_values_to_be_between - MOIS - Unexpected value: 0 on line 1, value should be between 1 and 12
2019-08-07 12:32:29,336 - VO - FR - CARGURUS - 2019-08-01 00:00:00 - ERROR - FILE_CHECK - expect_column_values_to_be_between - MOIS - Unexpected value: 0 on line 2, value should be between 1 and 12
2019-08-07 12:32:29,336 - VO - FR - CARGURUS - 2019-08-01 00:00:00 - ERROR - FILE_CHECK - expect_column_values_to_be_between - MOIS - Unexpected value: 0 on line 3, value should be between 1 and 12
2019-08-07 12:32:29,336 - VO - FR - CARGURUS - 2019-08-01 00:00:00 - ERROR - FILE_CHECK - expect_column_values_to_be_between - MOIS - Unexpected value: 0 on line 4, value should be between 1 and 12
2019-08-07 12:32:29,336 - VO - FR - CARGURUS - 2019-08-01 00:00:00 - ERROR - FILE_CHECK - expect_column_values_to_be_between - MOIS - Unexpected value: 0 on line 5, value should be between 1 and 12
2019-08-07 12:32:29,336 - VO - FR - CARGURUS - 2019-08-01 00:00:00 - ERROR - FILE_CHECK - expect_column_values_to_be_between - MOIS - Unexpected value: 0 on line 6, value should be between 1 and 12
2019-08-07 12:32:29,336 - VO - FR - CARGURUS - 2019-08-01 00:00:00 - ERROR - FILE_CHECK - expect_column_values_to_be_between - MOIS - Unexpected value: 0 on line 7, value should be between 1 and 12
2019-08-07 12:32:29,336 - VO - FR - CARGURUS - 2019-08-01 00:00:00 - ERROR - FILE_CHECK - expect_column_values_to_be_between - MOIS - Unexpected value: 0 on line 8, value should be between 1 and 12
2019-08-07 12:32:29,336 - VO - FR - CARGURUS - 2019-08-01 00:00:00 - ERROR - FILE_CHECK - expect_column_values_to_be_between - MOIS - Unexpected value: 0 on line 9, value should be between 1 and 12
2019-08-07 12:32:29,336 - VO - FR - CARGURUS - 2019-08-01 00:00:00 - ERROR - FILE_CHECK - expect_column_values_to_be_between - MOIS - Unexpected value: 0 on line 10, value should be between 1 and 12
2019-08-07 12:32:29,337 - VO - FR - CARGURUS - 2019-08-01 00:00:00 - ERROR - FILE_CHECK - expect_column_values_to_be_between - MOIS - Unexpected value: 0 on line 11, value should be between 1 and 12
2019-08-07 12:32:29,337 - VO - FR - CARGURUS - 2019-08-01 00:00:00 - ERROR - FILE_CHECK - expect_column_values_to_be_between - MOIS - Unexpected value: 0 on line 12, value should be between 1 and 12
2019-08-07 12:32:29,337 - VO - FR - CARGURUS - 2019-08-01 00:00:00 - ERROR - FILE_CHECK - expect_column_values_to_be_between - MOIS - Unexpected value: 0 on line 13, value should be between 1 and 12
2019-08-07 12:32:29,337 - VO - FR - CARGURUS - 2019-08-01 00:00:00 - ERROR - FILE_CHECK - expect_column_values_to_be_between - MOIS - Unexpected value: 0 on line 14, value should be between 1 and 12
2019-08-07 12:32:29,337 - VO - FR - CARGURUS - 2019-08-01 00:00:00 - ERROR - FILE_CHECK - expect_column_values_to_be_between - MOIS - Unexpected value: 0 on line 15, value should be between 1 and 12
2019-08-07 12:32:29,337 - VO - FR - CARGURUS - 2019-08-01 00:00:00 - ERROR - FILE_CHECK - expect_column_values_to_be_between - MOIS - Unexpected value: 0 on line 16, value should be between 1 and 12
2019-08-07 12:32:29,337 - VO - FR - CARGURUS - 2019-08-01 00:00:00 - ERROR - FILE_CHECK - expect_column_values_to_be_between - MOIS - Unexpected value: 0 on line 17, value should be between 1 and 12
2019-08-07 12:32:29,337 - VO - FR - CARGURUS - 2019-08-01 00:00:00 - ERROR - FILE_CHECK - expect_column_values_to_be_between - MOIS - Unexpected value: 0 on line 18, value should be between 1 and 12
2019-08-07 12:32:29,337 - VO - FR - CARGURUS - 2019-08-01 00:00:00 - ERROR - FILE_CHECK - expect_column_values_to_be_between - MOIS - Unexpected value: 0 on line 19, value should be between 1 and 12
2019-08-07 12:32:29,337 - VO - FR - CARGURUS - 2019-08-01 00:00:00 - ERROR - STAT - expect_column_values_to_be_between - MOIS - correctly filled rate (%) - 0.0
2019-08-07 12:32:29,337 - VO - FR - CARGURUS - 2019-08-01 00:00:00 - ERROR - STAT - expect_column_values_to_match_regex - MOIS - correctly filled rate (%) - 100.0
2019-08-07 12:32:29,337 - VO - FR - CARGURUS - 2019-08-01 00:00:00 - ERROR - STAT - expect_column_values_to_not_be_null - NOM - correctly filled rate (%) - 100.0
2019-08-07 12:32:29,337 - VO - FR - CARGURUS - 2019-08-01 00:00:00 - ERROR - STAT - expect_column_value_lengths_to_be_between - NOM - correctly filled rate (%) - 100.0
2019-08-07 12:32:29,337 - VO - FR - CARGURUS - 2019-08-01 00:00:00 - ERROR - STAT - expect_column_values_to_not_be_null - OPTIONS - correctly filled rate (%) - 0.0
2019-08-07 12:32:29,337 - VO - FR - CARGURUS - 2019-08-01 00:00:00 - ERROR - FILE_CHECK - expect_column_value_lengths_to_be_between - OPTIONS - Unexpected characters count of: [$(function() { var c...] on line  10443, value length should be between 0 and 255
2019-08-07 12:32:29,337 - VO - FR - CARGURUS - 2019-08-01 00:00:00 - ERROR - FILE_CHECK - expect_column_value_lengths_to_be_between - OPTIONS - Unexpected characters count of: [$(function() { var c...] on line  10483, value length should be between 0 and 255
2019-08-07 12:32:29,337 - VO - FR - CARGURUS - 2019-08-01 00:00:00 - ERROR - FILE_CHECK - expect_column_value_lengths_to_be_between - OPTIONS - Unexpected characters count of: [$(document).ready(fu...] on line  14122, value length should be between 0 and 255
2019-08-07 12:32:29,337 - VO - FR - CARGURUS - 2019-08-01 00:00:00 - ERROR - FILE_CHECK - expect_column_value_lengths_to_be_between - OPTIONS - Unexpected characters count of: [<svg xmlns=http://ww...] on line  20873, value length should be between 0 and 255
2019-08-07 12:32:29,338 - VO - FR - CARGURUS - 2019-08-01 00:00:00 - ERROR - FILE_CHECK - expect_column_value_lengths_to_be_between - OPTIONS - Unexpected characters count of: [<span class=cg-price...] on line  36679, value length should be between 0 and 255
2019-08-07 12:32:29,338 - VO - FR - CARGURUS - 2019-08-01 00:00:00 - ERROR - FILE_CHECK - expect_column_value_lengths_to_be_between - OPTIONS - Unexpected characters count of: [$(function(){ // Sho...] on line  44724, value length should be between 0 and 255
2019-08-07 12:32:29,338 - VO - FR - CARGURUS - 2019-08-01 00:00:00 - ERROR - FILE_CHECK - expect_column_value_lengths_to_be_between - OPTIONS - Unexpected characters count of: [return false; >    <...] on line  57413, value length should be between 0 and 255
2019-08-07 12:32:29,338 - VO - FR - CARGURUS - 2019-08-01 00:00:00 - ERROR - FILE_CHECK - expect_column_value_lengths_to_be_between - OPTIONS - Unexpected characters count of: [return false; >    <...] on line  90657, value length should be between 0 and 255
2019-08-07 12:32:29,338 - VO - FR - CARGURUS - 2019-08-01 00:00:00 - ERROR - STAT - expect_column_value_lengths_to_be_between - OPTIONS - correctly filled rate (%) - 0.0
2019-08-07 12:32:29,338 - VO - FR - CARGURUS - 2019-08-01 00:00:00 - ERROR - STAT - expect_column_values_to_be_in_type_list - PHOTO - correctly filled rate (%) - 100.0
2019-08-07 12:32:29,338 - VO - FR - CARGURUS - 2019-08-01 00:00:00 - ERROR - STAT - expect_column_values_to_not_be_null - PHOTO - correctly filled rate (%) - 100.0
2019-08-07 12:32:29,338 - VO - FR - CARGURUS - 2019-08-01 00:00:00 - ERROR - STAT - expect_column_values_to_not_be_null - PLACE - correctly filled rate (%) - 0.0
2019-08-07 12:32:29,338 - VO - FR - CARGURUS - 2019-08-01 00:00:00 - ERROR - STAT - expect_column_values_to_not_be_null - PORTE - correctly filled rate (%) - 0.0
2019-08-07 12:32:29,338 - VO - FR - CARGURUS - 2019-08-01 00:00:00 - ERROR - STAT - expect_column_values_to_be_in_type_list - PRIX - correctly filled rate (%) - 100.0
2019-08-07 12:32:29,338 - VO - FR - CARGURUS - 2019-08-01 00:00:00 - ERROR - STAT - expect_column_values_to_not_be_null - PRIX - correctly filled rate (%) - 100.0
2019-08-07 12:32:29,338 - VO - FR - CARGURUS - 2019-08-01 00:00:00 - ERROR - STAT - expect_column_values_to_not_be_null - PROVINCE - correctly filled rate (%) - 0.32
2019-08-07 12:32:29,338 - VO - FR - CARGURUS - 2019-08-01 00:00:00 - ERROR - STAT - expect_column_values_to_not_be_null - SITE - correctly filled rate (%) - 100.0
2019-08-07 12:32:29,338 - VO - FR - CARGURUS - 2019-08-01 00:00:00 - ERROR - STAT - expect_column_values_to_not_be_null - TELEPHONE - correctly filled rate (%) - 0.0
2019-08-07 12:32:29,338 - VO - FR - CARGURUS - 2019-08-01 00:00:00 - ERROR - STAT - expect_column_values_to_not_be_null - TYPE - correctly filled rate (%) - 100.0
2019-08-07 12:32:29,338 - VO - FR - CARGURUS - 2019-08-01 00:00:00 - ERROR - STAT - expect_column_values_to_be_in_set_2 - TYPE - observed proportion - 100.0
2019-08-07 12:32:29,338 - VO - FR - CARGURUS - 2019-08-01 00:00:00 - ERROR - STAT - expect_column_values_to_not_be_null - VILLE - correctly filled rate (%) - 100.0
2019-08-07 12:32:29,339 - VO - FR - CARGURUS - 2019-08-01 00:00:00 - ERROR - STAT - expect_column_values_to_not_be_null - VN_IND - correctly filled rate (%) - 0.0
2019-08-07 12:32:29,339 - VO - FR - CARGURUS - 2019-08-01 00:00:00 - ERROR - STAT - expect_returning_row_count_on_conditions - DEALER_USEDCARS - total number of row with conditions - 162790
2019-08-07 12:32:29,339 - VO - FR - CARGURUS - 2019-08-01 00:00:00 - ERROR - STAT - expect_returning_row_count_on_conditions - PRIVATE_USEDCARS - total number of row with conditions - 0
2019-08-07 12:32:29,339 - VO - FR - CARGURUS - 2019-08-01 00:00:00 - ERROR - STAT - expect_returning_row_unique_count - MARQUE_CORRECTED - total number of unique rows - 68
2019-08-07 12:32:29,339 - VO - FR - CARGURUS - 2019-08-01 00:00:00 - ERROR - STAT - expect_returning_row_unique_count - MODELE_CORRECTED - total number of unique rows - 758
2019-08-07 12:32:29,339 - VO - FR - CARGURUS - 2019-08-01 00:00:00 - ERROR - STAT - expect_returning_row_unique_count - CARROSSERIE - total number of unique rows - 10
2019-08-07 12:32:29,339 - VO - FR - CARGURUS - 2019-08-01 00:00:00 - ERROR - STAT - expect_returning_row_unique_count - CARBURANT - total number of unique rows - 5
2019-08-07 12:32:29,339 - VO - FR - CARGURUS - 2019-08-01 00:00:00 - ERROR - STAT - expect_column_values_to_not_be_null - CYLINDRE - correctly filled rate (%) - 53.77
2019-08-07 12:32:29,339 - VO - FR - CARGURUS - 2019-08-01 00:00:00 - ERROR - FILE_CHECK - expect_column_values_to_be_in_type_list - CYLINDRE - Wrong type for value: 1.5 on line 0 should be in ['int']
2019-08-07 12:32:29,339 - VO - FR - CARGURUS - 2019-08-01 00:00:00 - ERROR - FILE_CHECK - expect_column_values_to_be_in_type_list - CYLINDRE - Wrong type for value: 1.6 on line 1 should be in ['int']
2019-08-07 12:32:29,339 - VO - FR - CARGURUS - 2019-08-01 00:00:00 - ERROR - FILE_CHECK - expect_column_values_to_be_in_type_list - CYLINDRE - Wrong type for value: 1.6 on line 2 should be in ['int']
2019-08-07 12:32:29,339 - VO - FR - CARGURUS - 2019-08-01 00:00:00 - ERROR - FILE_CHECK - expect_column_values_to_be_in_type_list - CYLINDRE - Wrong type for value: 1.0 on line 3 should be in ['int']
2019-08-07 12:32:29,339 - VO - FR - CARGURUS - 2019-08-01 00:00:00 - ERROR - FILE_CHECK - expect_column_values_to_be_in_type_list - CYLINDRE - Wrong type for value: 1.6 on line 4 should be in ['int']
2019-08-07 12:32:29,339 - VO - FR - CARGURUS - 2019-08-01 00:00:00 - ERROR - FILE_CHECK - expect_column_values_to_be_in_type_list - CYLINDRE - Wrong type for value: 1.5 on line 5 should be in ['int']
2019-08-07 12:32:29,339 - VO - FR - CARGURUS - 2019-08-01 00:00:00 - ERROR - FILE_CHECK - expect_column_values_to_be_in_type_list - CYLINDRE - Wrong type for value: 1.0 on line 6 should be in ['int']
2019-08-07 12:32:29,339 - VO - FR - CARGURUS - 2019-08-01 00:00:00 - ERROR - FILE_CHECK - expect_column_values_to_be_in_type_list - CYLINDRE - Wrong type for value: 1.7 on line 7 should be in ['int']
2019-08-07 12:32:29,340 - VO - FR - CARGURUS - 2019-08-01 00:00:00 - ERROR - FILE_CHECK - expect_column_values_to_be_in_type_list - CYLINDRE - Wrong type for value: 2.2 on line 8 should be in ['int']
2019-08-07 12:32:29,340 - VO - FR - CARGURUS - 2019-08-01 00:00:00 - ERROR - FILE_CHECK - expect_column_values_to_be_in_type_list - CYLINDRE - Wrong type for value: 1.2 on line 9 should be in ['int']
2019-08-07 12:32:29,340 - VO - FR - CARGURUS - 2019-08-01 00:00:00 - ERROR - FILE_CHECK - expect_column_values_to_be_in_type_list - CYLINDRE - Wrong type for value: 1.0 on line 10 should be in ['int']
2019-08-07 12:32:29,340 - VO - FR - CARGURUS - 2019-08-01 00:00:00 - ERROR - FILE_CHECK - expect_column_values_to_be_in_type_list - CYLINDRE - Wrong type for value: 2.0 on line 11 should be in ['int']
2019-08-07 12:32:29,340 - VO - FR - CARGURUS - 2019-08-01 00:00:00 - ERROR - FILE_CHECK - expect_column_values_to_be_in_type_list - CYLINDRE - Wrong type for value: 2.2 on line 16 should be in ['int']
2019-08-07 12:32:29,340 - VO - FR - CARGURUS - 2019-08-01 00:00:00 - ERROR - FILE_CHECK - expect_column_values_to_be_in_type_list - CYLINDRE - Wrong type for value: 1.9 on line 18 should be in ['int']
2019-08-07 12:32:29,340 - VO - FR - CARGURUS - 2019-08-01 00:00:00 - ERROR - FILE_CHECK - expect_column_values_to_be_in_type_list - CYLINDRE - Wrong type for value: 1.6 on line 19 should be in ['int']
2019-08-07 12:32:29,340 - VO - FR - CARGURUS - 2019-08-01 00:00:00 - ERROR - FILE_CHECK - expect_column_values_to_be_in_type_list - CYLINDRE - Wrong type for value: 2.0 on line 20 should be in ['int']
2019-08-07 12:32:29,340 - VO - FR - CARGURUS - 2019-08-01 00:00:00 - ERROR - FILE_CHECK - expect_column_values_to_be_in_type_list - CYLINDRE - Wrong type for value: 1.6 on line 21 should be in ['int']
2019-08-07 12:32:29,340 - VO - FR - CARGURUS - 2019-08-01 00:00:00 - ERROR - FILE_CHECK - expect_column_values_to_be_in_type_list - CYLINDRE - Wrong type for value: 1.6 on line 22 should be in ['int']
2019-08-07 12:32:29,340 - VO - FR - CARGURUS - 2019-08-01 00:00:00 - ERROR - FILE_CHECK - expect_column_values_to_be_in_type_list - CYLINDRE - Wrong type for value: 1.6 on line 24 should be in ['int']
2019-08-07 12:32:29,340 - VO - FR - CARGURUS - 2019-08-01 00:00:00 - ERROR - FILE_CHECK - expect_column_values_to_be_in_type_list - CYLINDRE - Wrong type for value: 1.6 on line 26 should be in ['int']
2019-08-07 12:32:29,340 - VO - FR - CARGURUS - 2019-08-01 00:00:00 - ERROR - STAT - expect_column_values_to_be_in_type_list - CYLINDRE - correctly filled rate (%) - 0.0
2019-08-07 12:32:29,340 - VO - FR - CARGURUS - 2019-08-01 00:00:00 - ERROR - STAT - expect_returning_row_unique_count - PROVINCE - total number of unique rows - 61
2019-08-07 12:32:29,340 - VO - FR - CARGURUS - 2019-08-01 00:00:00 - ERROR - STAT - expect_returning_row_unique_count - VILLE - total number of unique rows - 1239
2019-08-07 12:32:29,340 - VO - FR - CARGURUS - 2019-08-01 00:00:00 - ERROR - STAT - expect_returning_row_unique_count - DEPARTEMENT - total number of unique rows - 93
