2019-08-14 09:03:23,292 - JOBS - FR - FACEBOOKMERGED - 2019-06-01 00:00:00 - ERROR - STAT - expect_column_values_to_not_be_null - ANNONCE_LINK - correctly filled rate (%) - 100.0

2019-08-14 09:03:23,292 - JOBS - FR - FACEBOOKMERGED - 2019-06-01 00:00:00 - ERROR - STAT - expect_column_values_to_be_unique - ANNONCE_LINK - observed proportion - 100.0

2019-08-14 09:03:23,292 - JOBS - FR - FACEBOOKMERGED - 2019-06-01 00:00:00 - ERROR - STAT - expect_column_values_to_not_be_null - ANNONCE_TEXT - correctly filled rate (%) - 100.0

2019-08-14 09:03:23,293 - JOBS - FR - FACEBOOKMERGED - 2019-06-01 00:00:00 - ERROR - FILE_CHECK - expect_column_value_lengths_to_be_between - ANNONCE_TEXT - Unexpected characters count of: [Recruteur Nom : SO N...] on line  0, value length should be between 0 and 255

2019-08-14 09:03:23,293 - JOBS - FR - FACEBOOKMERGED - 2019-06-01 00:00:00 - ERROR - FILE_CHECK - expect_column_value_lengths_to_be_between - ANNONCE_TEXT - Unexpected characters count of: [Recruteur Nom : sas ...] on line  1, value length should be between 0 and 255

2019-08-14 09:03:23,293 - JOBS - FR - FACEBOOKMERGED - 2019-06-01 00:00:00 - ERROR - FILE_CHECK - expect_column_value_lengths_to_be_between - ANNONCE_TEXT - Unexpected characters count of: [Recruteur Nom : Work...] on line  2, value length should be between 0 and 255

2019-08-14 09:03:23,293 - JOBS - FR - FACEBOOKMERGED - 2019-06-01 00:00:00 - ERROR - FILE_CHECK - expect_column_value_lengths_to_be_between - ANNONCE_TEXT - Unexpected characters count of: [Descriptif: Personne...] on line  3, value length should be between 0 and 255

2019-08-14 09:03:23,293 - JOBS - FR - FACEBOOKMERGED - 2019-06-01 00:00:00 - ERROR - FILE_CHECK - expect_column_value_lengths_to_be_between - ANNONCE_TEXT - Unexpected characters count of: [Offre d'emploi nu00b...] on line  4, value length should be between 0 and 255

2019-08-14 09:03:23,293 - JOBS - FR - FACEBOOKMERGED - 2019-06-01 00:00:00 - ERROR - FILE_CHECK - expect_column_value_lengths_to_be_between - ANNONCE_TEXT - Unexpected characters count of: [Créé en 1921, Guicho...] on line  5, value length should be between 0 and 255

2019-08-14 09:03:23,293 - JOBS - FR - FACEBOOKMERGED - 2019-06-01 00:00:00 - ERROR - FILE_CHECK - expect_column_value_lengths_to_be_between - ANNONCE_TEXT - Unexpected characters count of: [Recruteur Nom : REST...] on line  6, value length should be between 0 and 255

2019-08-14 09:03:23,293 - JOBS - FR - FACEBOOKMERGED - 2019-06-01 00:00:00 - ERROR - FILE_CHECK - expect_column_value_lengths_to_be_between - ANNONCE_TEXT - Unexpected characters count of: [Recruteur Nom : Hote...] on line  7, value length should be between 0 and 255

2019-08-14 09:03:23,293 - JOBS - FR - FACEBOOKMERGED - 2019-06-01 00:00:00 - ERROR - FILE_CHECK - expect_column_value_lengths_to_be_between - ANNONCE_TEXT - Unexpected characters count of: [Recruteur Nom : JRI ...] on line  8, value length should be between 0 and 255

2019-08-14 09:03:23,293 - JOBS - FR - FACEBOOKMERGED - 2019-06-01 00:00:00 - ERROR - FILE_CHECK - expect_column_value_lengths_to_be_between - ANNONCE_TEXT - Unexpected characters count of: [Spartoo.com, leader ...] on line  9, value length should be between 0 and 255

2019-08-14 09:03:23,293 - JOBS - FR - FACEBOOKMERGED - 2019-06-01 00:00:00 - ERROR - FILE_CHECK - expect_column_value_lengths_to_be_between - ANNONCE_TEXT - Unexpected characters count of: [Spartoo.com, leader ...] on line  10, value length should be between 0 and 255

2019-08-14 09:03:23,293 - JOBS - FR - FACEBOOKMERGED - 2019-06-01 00:00:00 - ERROR - FILE_CHECK - expect_column_value_lengths_to_be_between - ANNONCE_TEXT - Unexpected characters count of: [Spartoo.com, leader ...] on line  11, value length should be between 0 and 255

2019-08-14 09:03:23,293 - JOBS - FR - FACEBOOKMERGED - 2019-06-01 00:00:00 - ERROR - FILE_CHECK - expect_column_value_lengths_to_be_between - ANNONCE_TEXT - Unexpected characters count of: [Spartoo.com, leader ...] on line  12, value length should be between 0 and 255

2019-08-14 09:03:23,293 - JOBS - FR - FACEBOOKMERGED - 2019-06-01 00:00:00 - ERROR - FILE_CHECK - expect_column_value_lengths_to_be_between - ANNONCE_TEXT - Unexpected characters count of: [Spartoo.com, leader ...] on line  13, value length should be between 0 and 255

2019-08-14 09:03:23,293 - JOBS - FR - FACEBOOKMERGED - 2019-06-01 00:00:00 - ERROR - FILE_CHECK - expect_column_value_lengths_to_be_between - ANNONCE_TEXT - Unexpected characters count of: [Spartoo.com, parmi l...] on line  14, value length should be between 0 and 255

2019-08-14 09:03:23,293 - JOBS - FR - FACEBOOKMERGED - 2019-06-01 00:00:00 - ERROR - FILE_CHECK - expect_column_value_lengths_to_be_between - ANNONCE_TEXT - Unexpected characters count of: [Spartoo.com, parmi l...] on line  15, value length should be between 0 and 255

2019-08-14 09:03:23,293 - JOBS - FR - FACEBOOKMERGED - 2019-06-01 00:00:00 - ERROR - FILE_CHECK - expect_column_value_lengths_to_be_between - ANNONCE_TEXT - Unexpected characters count of: [Spartoo.com, parmi l...] on line  16, value length should be between 0 and 255

2019-08-14 09:03:23,294 - JOBS - FR - FACEBOOKMERGED - 2019-06-01 00:00:00 - ERROR - FILE_CHECK - expect_column_value_lengths_to_be_between - ANNONCE_TEXT - Unexpected characters count of: [Spartoo.com, parmi l...] on line  17, value length should be between 0 and 255

2019-08-14 09:03:23,294 - JOBS - FR - FACEBOOKMERGED - 2019-06-01 00:00:00 - ERROR - FILE_CHECK - expect_column_value_lengths_to_be_between - ANNONCE_TEXT - Unexpected characters count of: [Spartoo.com, leader ...] on line  18, value length should be between 0 and 255

2019-08-14 09:03:23,294 - JOBS - FR - FACEBOOKMERGED - 2019-06-01 00:00:00 - ERROR - FILE_CHECK - expect_column_value_lengths_to_be_between - ANNONCE_TEXT - Unexpected characters count of: [Spartoo.com, leader ...] on line  19, value length should be between 0 and 255

2019-08-14 09:03:23,294 - JOBS - FR - FACEBOOKMERGED - 2019-06-01 00:00:00 - ERROR - STAT - expect_column_value_lengths_to_be_between - ANNONCE_TEXT - correctly filled rate (%) - 7.99

2019-08-14 09:03:23,294 - JOBS - FR - FACEBOOKMERGED - 2019-06-01 00:00:00 - ERROR - STAT - expect_column_values_to_not_be_null - ANNONCEUR - correctly filled rate (%) - 99.95

2019-08-14 09:03:23,294 - JOBS - FR - FACEBOOKMERGED - 2019-06-01 00:00:00 - ERROR - STAT - expect_column_values_to_not_be_null - ANNONCEUR_ID - correctly filled rate (%) - 99.95

2019-08-14 09:03:23,294 - JOBS - FR - FACEBOOKMERGED - 2019-06-01 00:00:00 - ERROR - FILE_CHECK - expect_column_values_to_match_regex - ANNONCEUR_ID - Unexpected value: CARRIÈR on line 230, value should match regexp ^[0-9A-Za-z]{,7}$

2019-08-14 09:03:23,294 - JOBS - FR - FACEBOOKMERGED - 2019-06-01 00:00:00 - ERROR - FILE_CHECK - expect_column_values_to_match_regex - ANNONCEUR_ID - Unexpected value: CARRIÈR on line 242, value should match regexp ^[0-9A-Za-z]{,7}$

2019-08-14 09:03:23,294 - JOBS - FR - FACEBOOKMERGED - 2019-06-01 00:00:00 - ERROR - FILE_CHECK - expect_column_values_to_match_regex - ANNONCEUR_ID - Unexpected value: DÉVELOP on line 244, value should match regexp ^[0-9A-Za-z]{,7}$

2019-08-14 09:03:23,294 - JOBS - FR - FACEBOOKMERGED - 2019-06-01 00:00:00 - ERROR - FILE_CHECK - expect_column_values_to_match_regex - ANNONCEUR_ID - Unexpected value: CLÉSDOC on line 364, value should match regexp ^[0-9A-Za-z]{,7}$

2019-08-14 09:03:23,294 - JOBS - FR - FACEBOOKMERGED - 2019-06-01 00:00:00 - ERROR - FILE_CHECK - expect_column_values_to_match_regex - ANNONCEUR_ID - Unexpected value: CARRIÈR on line 370, value should match regexp ^[0-9A-Za-z]{,7}$

2019-08-14 09:03:23,294 - JOBS - FR - FACEBOOKMERGED - 2019-06-01 00:00:00 - ERROR - FILE_CHECK - expect_column_values_to_match_regex - ANNONCEUR_ID - Unexpected value: WORK&AM on line 2591, value should match regexp ^[0-9A-Za-z]{,7}$

2019-08-14 09:03:23,294 - JOBS - FR - FACEBOOKMERGED - 2019-06-01 00:00:00 - ERROR - FILE_CHECK - expect_column_values_to_match_regex - ANNONCEUR_ID - Unexpected value: WORK&AM on line 2633, value should match regexp ^[0-9A-Za-z]{,7}$

2019-08-14 09:03:23,294 - JOBS - FR - FACEBOOKMERGED - 2019-06-01 00:00:00 - ERROR - FILE_CHECK - expect_column_values_to_match_regex - ANNONCEUR_ID - Unexpected value: WORK&AM on line 2647, value should match regexp ^[0-9A-Za-z]{,7}$

2019-08-14 09:03:23,294 - JOBS - FR - FACEBOOKMERGED - 2019-06-01 00:00:00 - ERROR - FILE_CHECK - expect_column_values_to_match_regex - ANNONCEUR_ID - Unexpected value: WORK&AM on line 3095, value should match regexp ^[0-9A-Za-z]{,7}$

2019-08-14 09:03:23,294 - JOBS - FR - FACEBOOKMERGED - 2019-06-01 00:00:00 - ERROR - FILE_CHECK - expect_column_values_to_match_regex - ANNONCEUR_ID - Unexpected value: WORK&AM on line 3098, value should match regexp ^[0-9A-Za-z]{,7}$

2019-08-14 09:03:23,294 - JOBS - FR - FACEBOOKMERGED - 2019-06-01 00:00:00 - ERROR - FILE_CHECK - expect_column_values_to_match_regex - ANNONCEUR_ID - Unexpected value: WORK&AM on line 3146, value should match regexp ^[0-9A-Za-z]{,7}$

2019-08-14 09:03:23,294 - JOBS - FR - FACEBOOKMERGED - 2019-06-01 00:00:00 - ERROR - FILE_CHECK - expect_column_values_to_match_regex - ANNONCEUR_ID - Unexpected value: WORK&AM on line 3376, value should match regexp ^[0-9A-Za-z]{,7}$

2019-08-14 09:03:23,295 - JOBS - FR - FACEBOOKMERGED - 2019-06-01 00:00:00 - ERROR - FILE_CHECK - expect_column_values_to_match_regex - ANNONCEUR_ID - Unexpected value: WORK&AM on line 3442, value should match regexp ^[0-9A-Za-z]{,7}$

2019-08-14 09:03:23,295 - JOBS - FR - FACEBOOKMERGED - 2019-06-01 00:00:00 - ERROR - FILE_CHECK - expect_column_values_to_match_regex - ANNONCEUR_ID - Unexpected value: WORK&AM on line 3468, value should match regexp ^[0-9A-Za-z]{,7}$

2019-08-14 09:03:23,295 - JOBS - FR - FACEBOOKMERGED - 2019-06-01 00:00:00 - ERROR - FILE_CHECK - expect_column_values_to_match_regex - ANNONCEUR_ID - Unexpected value: WORK&AM on line 3469, value should match regexp ^[0-9A-Za-z]{,7}$

2019-08-14 09:03:23,295 - JOBS - FR - FACEBOOKMERGED - 2019-06-01 00:00:00 - ERROR - FILE_CHECK - expect_column_values_to_match_regex - ANNONCEUR_ID - Unexpected value: WORK&AM on line 3471, value should match regexp ^[0-9A-Za-z]{,7}$

2019-08-14 09:03:23,295 - JOBS - FR - FACEBOOKMERGED - 2019-06-01 00:00:00 - ERROR - FILE_CHECK - expect_column_values_to_match_regex - ANNONCEUR_ID - Unexpected value: WORK&AM on line 3474, value should match regexp ^[0-9A-Za-z]{,7}$

2019-08-14 09:03:23,295 - JOBS - FR - FACEBOOKMERGED - 2019-06-01 00:00:00 - ERROR - FILE_CHECK - expect_column_values_to_match_regex - ANNONCEUR_ID - Unexpected value: WORK&AM on line 3519, value should match regexp ^[0-9A-Za-z]{,7}$

2019-08-14 09:03:23,295 - JOBS - FR - FACEBOOKMERGED - 2019-06-01 00:00:00 - ERROR - FILE_CHECK - expect_column_values_to_match_regex - ANNONCEUR_ID - Unexpected value: WORK&AM on line 3542, value should match regexp ^[0-9A-Za-z]{,7}$

2019-08-14 09:03:23,295 - JOBS - FR - FACEBOOKMERGED - 2019-06-01 00:00:00 - ERROR - FILE_CHECK - expect_column_values_to_match_regex - ANNONCEUR_ID - Unexpected value: WORK&AM on line 3543, value should match regexp ^[0-9A-Za-z]{,7}$

2019-08-14 09:03:23,295 - JOBS - FR - FACEBOOKMERGED - 2019-06-01 00:00:00 - ERROR - STAT - expect_column_values_to_match_regex - ANNONCEUR_ID - correctly filled rate (%) - 99.69

2019-08-14 09:03:23,295 - JOBS - FR - FACEBOOKMERGED - 2019-06-01 00:00:00 - ERROR - STAT - expect_column_values_to_not_be_null - ANNONCEUR_ID_3 - correctly filled rate (%) - 34.09

2019-08-14 09:03:23,295 - JOBS - FR - FACEBOOKMERGED - 2019-06-01 00:00:00 - ERROR - FILE_CHECK - expect_column_values_to_match_regex - ANNONCEUR_ID_3 - Unexpected value: DÉVEL on line 244, value should match regexp ^[0-9A-Za-z]{,5}$

2019-08-14 09:03:23,295 - JOBS - FR - FACEBOOKMERGED - 2019-06-01 00:00:00 - ERROR - FILE_CHECK - expect_column_values_to_match_regex - ANNONCEUR_ID_3 - Unexpected value: CLÉSD on line 364, value should match regexp ^[0-9A-Za-z]{,5}$

2019-08-14 09:03:23,295 - JOBS - FR - FACEBOOKMERGED - 2019-06-01 00:00:00 - ERROR - FILE_CHECK - expect_column_values_to_match_regex - ANNONCEUR_ID_3 - Unexpected value: WORK& on line 2591, value should match regexp ^[0-9A-Za-z]{,5}$

2019-08-14 09:03:23,295 - JOBS - FR - FACEBOOKMERGED - 2019-06-01 00:00:00 - ERROR - FILE_CHECK - expect_column_values_to_match_regex - ANNONCEUR_ID_3 - Unexpected value: WORK& on line 2633, value should match regexp ^[0-9A-Za-z]{,5}$

2019-08-14 09:03:23,295 - JOBS - FR - FACEBOOKMERGED - 2019-06-01 00:00:00 - ERROR - FILE_CHECK - expect_column_values_to_match_regex - ANNONCEUR_ID_3 - Unexpected value: WORK& on line 2647, value should match regexp ^[0-9A-Za-z]{,5}$

2019-08-14 09:03:23,295 - JOBS - FR - FACEBOOKMERGED - 2019-06-01 00:00:00 - ERROR - FILE_CHECK - expect_column_values_to_match_regex - ANNONCEUR_ID_3 - Unexpected value: WORK& on line 3095, value should match regexp ^[0-9A-Za-z]{,5}$

2019-08-14 09:03:23,295 - JOBS - FR - FACEBOOKMERGED - 2019-06-01 00:00:00 - ERROR - FILE_CHECK - expect_column_values_to_match_regex - ANNONCEUR_ID_3 - Unexpected value: WORK& on line 3098, value should match regexp ^[0-9A-Za-z]{,5}$

2019-08-14 09:03:23,296 - JOBS - FR - FACEBOOKMERGED - 2019-06-01 00:00:00 - ERROR - FILE_CHECK - expect_column_values_to_match_regex - ANNONCEUR_ID_3 - Unexpected value: WORK& on line 3146, value should match regexp ^[0-9A-Za-z]{,5}$

2019-08-14 09:03:23,296 - JOBS - FR - FACEBOOKMERGED - 2019-06-01 00:00:00 - ERROR - FILE_CHECK - expect_column_values_to_match_regex - ANNONCEUR_ID_3 - Unexpected value: WORK& on line 3376, value should match regexp ^[0-9A-Za-z]{,5}$

2019-08-14 09:03:23,296 - JOBS - FR - FACEBOOKMERGED - 2019-06-01 00:00:00 - ERROR - FILE_CHECK - expect_column_values_to_match_regex - ANNONCEUR_ID_3 - Unexpected value: WORK& on line 3442, value should match regexp ^[0-9A-Za-z]{,5}$

2019-08-14 09:03:23,296 - JOBS - FR - FACEBOOKMERGED - 2019-06-01 00:00:00 - ERROR - FILE_CHECK - expect_column_values_to_match_regex - ANNONCEUR_ID_3 - Unexpected value: WORK& on line 3468, value should match regexp ^[0-9A-Za-z]{,5}$

2019-08-14 09:03:23,296 - JOBS - FR - FACEBOOKMERGED - 2019-06-01 00:00:00 - ERROR - FILE_CHECK - expect_column_values_to_match_regex - ANNONCEUR_ID_3 - Unexpected value: WORK& on line 3469, value should match regexp ^[0-9A-Za-z]{,5}$

2019-08-14 09:03:23,296 - JOBS - FR - FACEBOOKMERGED - 2019-06-01 00:00:00 - ERROR - FILE_CHECK - expect_column_values_to_match_regex - ANNONCEUR_ID_3 - Unexpected value: WORK& on line 3471, value should match regexp ^[0-9A-Za-z]{,5}$

2019-08-14 09:03:23,296 - JOBS - FR - FACEBOOKMERGED - 2019-06-01 00:00:00 - ERROR - FILE_CHECK - expect_column_values_to_match_regex - ANNONCEUR_ID_3 - Unexpected value: WORK& on line 3474, value should match regexp ^[0-9A-Za-z]{,5}$

2019-08-14 09:03:23,296 - JOBS - FR - FACEBOOKMERGED - 2019-06-01 00:00:00 - ERROR - FILE_CHECK - expect_column_values_to_match_regex - ANNONCEUR_ID_3 - Unexpected value: WORK& on line 3519, value should match regexp ^[0-9A-Za-z]{,5}$

2019-08-14 09:03:23,296 - JOBS - FR - FACEBOOKMERGED - 2019-06-01 00:00:00 - ERROR - FILE_CHECK - expect_column_values_to_match_regex - ANNONCEUR_ID_3 - Unexpected value: WORK& on line 3542, value should match regexp ^[0-9A-Za-z]{,5}$

2019-08-14 09:03:23,296 - JOBS - FR - FACEBOOKMERGED - 2019-06-01 00:00:00 - ERROR - FILE_CHECK - expect_column_values_to_match_regex - ANNONCEUR_ID_3 - Unexpected value: WORK& on line 3543, value should match regexp ^[0-9A-Za-z]{,5}$

2019-08-14 09:03:23,296 - JOBS - FR - FACEBOOKMERGED - 2019-06-01 00:00:00 - ERROR - FILE_CHECK - expect_column_values_to_match_regex - ANNONCEUR_ID_3 - Unexpected value: WORK& on line 3642, value should match regexp ^[0-9A-Za-z]{,5}$

2019-08-14 09:03:23,296 - JOBS - FR - FACEBOOKMERGED - 2019-06-01 00:00:00 - ERROR - FILE_CHECK - expect_column_values_to_match_regex - ANNONCEUR_ID_3 - Unexpected value: WORK& on line 3732, value should match regexp ^[0-9A-Za-z]{,5}$

2019-08-14 09:03:23,296 - JOBS - FR - FACEBOOKMERGED - 2019-06-01 00:00:00 - ERROR - FILE_CHECK - expect_column_values_to_match_regex - ANNONCEUR_ID_3 - Unexpected value: WORK& on line 3748, value should match regexp ^[0-9A-Za-z]{,5}$

2019-08-14 09:03:23,296 - JOBS - FR - FACEBOOKMERGED - 2019-06-01 00:00:00 - ERROR - STAT - expect_column_values_to_match_regex - ANNONCEUR_ID_3 - correctly filled rate (%) - 99.44

2019-08-14 09:03:23,296 - JOBS - FR - FACEBOOKMERGED - 2019-06-01 00:00:00 - ERROR - STAT - expect_column_values_to_not_be_null - CABINET - correctly filled rate (%) - 100.0

2019-08-14 09:03:23,296 - JOBS - FR - FACEBOOKMERGED - 2019-06-01 00:00:00 - ERROR - STAT - expect_column_values_to_be_in_set_2 - CABINET - observed proportion - 100.0

2019-08-14 09:03:23,296 - JOBS - FR - FACEBOOKMERGED - 2019-06-01 00:00:00 - ERROR - STAT - expect_returning_row_count_groupby - CABINET - count of value AUTRE - 30711

2019-08-14 09:03:23,296 - JOBS - FR - FACEBOOKMERGED - 2019-06-01 00:00:00 - ERROR - STAT - expect_returning_row_count_groupby - CABINET - count of value CABINET RH - 13137

2019-08-14 09:03:23,297 - JOBS - FR - FACEBOOKMERGED - 2019-06-01 00:00:00 - ERROR - STAT - expect_returning_row_count_groupby - CABINET - count of value SSII - 9

2019-08-14 09:03:23,297 - JOBS - FR - FACEBOOKMERGED - 2019-06-01 00:00:00 - ERROR - STAT - expect_column_values_to_not_be_null - CONTRAT - correctly filled rate (%) - 100.0

2019-08-14 09:03:23,297 - JOBS - FR - FACEBOOKMERGED - 2019-06-01 00:00:00 - ERROR - STAT - expect_column_values_to_be_in_set_2 - CONTRAT - observed proportion - 100.0

2019-08-14 09:03:23,297 - JOBS - FR - FACEBOOKMERGED - 2019-06-01 00:00:00 - ERROR - STAT - expect_returning_row_count_groupby - CONTRAT - count of value CDI - 17383

2019-08-14 09:03:23,297 - JOBS - FR - FACEBOOKMERGED - 2019-06-01 00:00:00 - ERROR - STAT - expect_returning_row_count_groupby - CONTRAT - count of value AUTRE - 10919

2019-08-14 09:03:23,297 - JOBS - FR - FACEBOOKMERGED - 2019-06-01 00:00:00 - ERROR - STAT - expect_returning_row_count_groupby - CONTRAT - count of value CDD - 15555

2019-08-14 09:03:23,297 - JOBS - FR - FACEBOOKMERGED - 2019-06-01 00:00:00 - ERROR - STAT - expect_column_values_to_not_be_null - DEPARTEMENT - correctly filled rate (%) - 11.13

2019-08-14 09:03:23,297 - JOBS - FR - FACEBOOKMERGED - 2019-06-01 00:00:00 - ERROR - FILE_CHECK - expect_column_values_to_match_regex - DEPARTEMENT - Unexpected value: 2.0 on line 3, value should match regexp ^[0-9]{2}$

2019-08-14 09:03:23,297 - JOBS - FR - FACEBOOKMERGED - 2019-06-01 00:00:00 - ERROR - FILE_CHECK - expect_column_values_to_match_regex - DEPARTEMENT - Unexpected value: 2.0 on line 4, value should match regexp ^[0-9]{2}$

2019-08-14 09:03:23,297 - JOBS - FR - FACEBOOKMERGED - 2019-06-01 00:00:00 - ERROR - FILE_CHECK - expect_column_values_to_match_regex - DEPARTEMENT - Unexpected value: 75.0 on line 6, value should match regexp ^[0-9]{2}$

2019-08-14 09:03:23,297 - JOBS - FR - FACEBOOKMERGED - 2019-06-01 00:00:00 - ERROR - FILE_CHECK - expect_column_values_to_match_regex - DEPARTEMENT - Unexpected value: 5.0 on line 9, value should match regexp ^[0-9]{2}$

2019-08-14 09:03:23,297 - JOBS - FR - FACEBOOKMERGED - 2019-06-01 00:00:00 - ERROR - FILE_CHECK - expect_column_values_to_match_regex - DEPARTEMENT - Unexpected value: 5.0 on line 10, value should match regexp ^[0-9]{2}$

2019-08-14 09:03:23,297 - JOBS - FR - FACEBOOKMERGED - 2019-06-01 00:00:00 - ERROR - FILE_CHECK - expect_column_values_to_match_regex - DEPARTEMENT - Unexpected value: 5.0 on line 11, value should match regexp ^[0-9]{2}$

2019-08-14 09:03:23,297 - JOBS - FR - FACEBOOKMERGED - 2019-06-01 00:00:00 - ERROR - FILE_CHECK - expect_column_values_to_match_regex - DEPARTEMENT - Unexpected value: 5.0 on line 12, value should match regexp ^[0-9]{2}$

2019-08-14 09:03:23,297 - JOBS - FR - FACEBOOKMERGED - 2019-06-01 00:00:00 - ERROR - FILE_CHECK - expect_column_values_to_match_regex - DEPARTEMENT - Unexpected value: 5.0 on line 13, value should match regexp ^[0-9]{2}$

2019-08-14 09:03:23,297 - JOBS - FR - FACEBOOKMERGED - 2019-06-01 00:00:00 - ERROR - FILE_CHECK - expect_column_values_to_match_regex - DEPARTEMENT - Unexpected value: 33.0 on line 14, value should match regexp ^[0-9]{2}$

2019-08-14 09:03:23,297 - JOBS - FR - FACEBOOKMERGED - 2019-06-01 00:00:00 - ERROR - FILE_CHECK - expect_column_values_to_match_regex - DEPARTEMENT - Unexpected value: 69.0 on line 15, value should match regexp ^[0-9]{2}$

2019-08-14 09:03:23,297 - JOBS - FR - FACEBOOKMERGED - 2019-06-01 00:00:00 - ERROR - FILE_CHECK - expect_column_values_to_match_regex - DEPARTEMENT - Unexpected value: 75.0 on line 16, value should match regexp ^[0-9]{2}$

2019-08-14 09:03:23,298 - JOBS - FR - FACEBOOKMERGED - 2019-06-01 00:00:00 - ERROR - FILE_CHECK - expect_column_values_to_match_regex - DEPARTEMENT - Unexpected value: 67.0 on line 17, value should match regexp ^[0-9]{2}$

2019-08-14 09:03:23,298 - JOBS - FR - FACEBOOKMERGED - 2019-06-01 00:00:00 - ERROR - FILE_CHECK - expect_column_values_to_match_regex - DEPARTEMENT - Unexpected value: 42.0 on line 18, value should match regexp ^[0-9]{2}$

2019-08-14 09:03:23,298 - JOBS - FR - FACEBOOKMERGED - 2019-06-01 00:00:00 - ERROR - FILE_CHECK - expect_column_values_to_match_regex - DEPARTEMENT - Unexpected value: 5.0 on line 19, value should match regexp ^[0-9]{2}$

2019-08-14 09:03:23,298 - JOBS - FR - FACEBOOKMERGED - 2019-06-01 00:00:00 - ERROR - FILE_CHECK - expect_column_values_to_match_regex - DEPARTEMENT - Unexpected value: 5.0 on line 20, value should match regexp ^[0-9]{2}$

2019-08-14 09:03:23,298 - JOBS - FR - FACEBOOKMERGED - 2019-06-01 00:00:00 - ERROR - FILE_CHECK - expect_column_values_to_match_regex - DEPARTEMENT - Unexpected value: 42.0 on line 21, value should match regexp ^[0-9]{2}$

2019-08-14 09:03:23,298 - JOBS - FR - FACEBOOKMERGED - 2019-06-01 00:00:00 - ERROR - FILE_CHECK - expect_column_values_to_match_regex - DEPARTEMENT - Unexpected value: 5.0 on line 22, value should match regexp ^[0-9]{2}$

2019-08-14 09:03:23,298 - JOBS - FR - FACEBOOKMERGED - 2019-06-01 00:00:00 - ERROR - FILE_CHECK - expect_column_values_to_match_regex - DEPARTEMENT - Unexpected value: 5.0 on line 23, value should match regexp ^[0-9]{2}$

2019-08-14 09:03:23,298 - JOBS - FR - FACEBOOKMERGED - 2019-06-01 00:00:00 - ERROR - FILE_CHECK - expect_column_values_to_match_regex - DEPARTEMENT - Unexpected value: 5.0 on line 24, value should match regexp ^[0-9]{2}$

2019-08-14 09:03:23,298 - JOBS - FR - FACEBOOKMERGED - 2019-06-01 00:00:00 - ERROR - FILE_CHECK - expect_column_values_to_match_regex - DEPARTEMENT - Unexpected value: 5.0 on line 25, value should match regexp ^[0-9]{2}$

2019-08-14 09:03:23,298 - JOBS - FR - FACEBOOKMERGED - 2019-06-01 00:00:00 - ERROR - STAT - expect_column_values_to_match_regex - DEPARTEMENT - correctly filled rate (%) - 0.0

2019-08-14 09:03:23,298 - JOBS - FR - FACEBOOKMERGED - 2019-06-01 00:00:00 - ERROR - STAT - expect_column_values_to_not_be_null - ENTREPRISE - correctly filled rate (%) - 34.09

2019-08-14 09:03:23,298 - JOBS - FR - FACEBOOKMERGED - 2019-06-01 00:00:00 - ERROR - STAT - expect_column_values_to_not_be_null - ID_CLIENT - correctly filled rate (%) - 100.0

2019-08-14 09:03:23,298 - JOBS - FR - FACEBOOKMERGED - 2019-06-01 00:00:00 - ERROR - STAT - expect_column_values_to_be_unique - ID_CLIENT - observed proportion - 100.0

2019-08-14 09:03:23,298 - JOBS - FR - FACEBOOKMERGED - 2019-06-01 00:00:00 - ERROR - STAT - expect_returning_row_count - EVERY_COLUMNS - total number of rows - 43857

2019-08-14 09:03:23,298 - JOBS - FR - FACEBOOKMERGED - 2019-06-01 00:00:00 - ERROR - STAT - expect_column_values_to_not_be_null - LIEU - correctly filled rate (%) - 73.47

2019-08-14 09:03:23,298 - JOBS - FR - FACEBOOKMERGED - 2019-06-01 00:00:00 - ERROR - STAT - expect_column_values_to_not_be_null - METIER - correctly filled rate (%) - 100.0

2019-08-14 09:03:23,298 - JOBS - FR - FACEBOOKMERGED - 2019-06-01 00:00:00 - ERROR - STAT - expect_column_values_to_be_in_set_2 - ON_SITE - observed proportion - 100.0

2019-08-14 09:03:23,298 - JOBS - FR - FACEBOOKMERGED - 2019-06-01 00:00:00 - ERROR - STAT - expect_column_values_to_not_be_null - ON_SITE - correctly filled rate (%) - 100.0

2019-08-14 09:03:23,299 - JOBS - FR - FACEBOOKMERGED - 2019-06-01 00:00:00 - ERROR - STAT - expect_column_values_to_not_be_null - OTHER_SITE - correctly filled rate (%) - 65.87

2019-08-14 09:03:23,299 - JOBS - FR - FACEBOOKMERGED - 2019-06-01 00:00:00 - ERROR - STAT - expect_column_values_to_not_be_null - REGION - correctly filled rate (%) - 11.15

2019-08-14 09:03:23,299 - JOBS - FR - FACEBOOKMERGED - 2019-06-01 00:00:00 - ERROR - STAT - expect_returning_row_unique_count - REGION - total number of unique rows - 22

2019-08-14 09:03:23,299 - JOBS - FR - FACEBOOKMERGED - 2019-06-01 00:00:00 - ERROR - STAT - expect_column_values_to_not_be_null - TYPE_EMPLOI - correctly filled rate (%) - 100.0

