2019-05-06 13:09:11,374 - VO - NL - AUTOTRACK - 2019-03-01 00:00:00 - ERROR - STAT - expect_column_values_to_be_in_type_list - ANNEE - correctly filled rate (%) - 100.0
2019-05-06 13:09:11,374 - VO - NL - AUTOTRACK - 2019-03-01 00:00:00 - ERROR - STAT - expect_column_values_to_not_be_null - ANNEE - correctly filled rate (%) - 100.0
2019-05-06 13:09:11,428 - VO - NL - AUTOTRACK - 2019-03-01 00:00:00 - ERROR - STAT - expect_column_values_to_be_between - ANNEE - correctly filled rate (%) - 99.46
2019-05-06 13:09:11,428 - VO - NL - AUTOTRACK - 2019-03-01 00:00:00 - ERROR - STAT - expect_column_values_to_not_be_null - ANNONCE_LINK - correctly filled rate (%) - 100.0
2019-05-06 13:09:11,429 - VO - NL - AUTOTRACK - 2019-03-01 00:00:00 - ERROR - STAT - expect_column_values_to_be_unique - ANNONCE_LINK - observed proportion - 100.0
2019-05-06 13:09:11,429 - VO - NL - AUTOTRACK - 2019-03-01 00:00:00 - ERROR - STAT - expect_column_values_to_not_be_null - ID_CLIENT - correctly filled rate (%) - 100.0
2019-05-06 13:09:11,429 - VO - NL - AUTOTRACK - 2019-03-01 00:00:00 - ERROR - STAT - expect_column_values_to_be_unique - ID_CLIENT - observed proportion - 100.0
2019-05-06 13:09:11,429 - VO - NL - AUTOTRACK - 2019-03-01 00:00:00 - ERROR - STAT - expect_column_values_to_not_be_null - TYPE - correctly filled rate (%) - 100.0
2019-05-06 13:09:11,429 - VO - NL - AUTOTRACK - 2019-03-01 00:00:00 - ERROR - STAT - expect_column_values_to_be_in_set_2 - TYPE - observed proportion - 100.0
2019-05-06 13:09:11,429 - VO - NL - AUTOTRACK - 2019-03-01 00:00:00 - ERROR - STAT - expect_column_values_to_not_be_null - SITE - correctly filled rate (%) - 100.0
2019-05-06 13:09:11,429 - VO - NL - AUTOTRACK - 2019-03-01 00:00:00 - ERROR - STAT - expect_column_values_to_not_be_null - MARQUE - correctly filled rate (%) - 100.0
2019-05-06 13:09:11,429 - VO - NL - AUTOTRACK - 2019-03-01 00:00:00 - ERROR - STAT - expect_column_values_to_not_be_null - MODELE - correctly filled rate (%) - 100.0
2019-05-06 13:09:11,429 - VO - NL - AUTOTRACK - 2019-03-01 00:00:00 - ERROR - STAT - expect_column_values_to_not_be_null - NOM - correctly filled rate (%) - 100.0
2019-05-06 13:09:11,429 - VO - NL - AUTOTRACK - 2019-03-01 00:00:00 - ERROR - STAT - expect_column_values_to_not_be_null - CARROSSERIE - correctly filled rate (%) - 96.54
2019-05-06 13:09:11,429 - VO - NL - AUTOTRACK - 2019-03-01 00:00:00 - ERROR - STAT - expect_column_values_to_not_be_null - OPTIONS - correctly filled rate (%) - 96.2
2019-05-06 13:09:11,429 - VO - NL - AUTOTRACK - 2019-03-01 00:00:00 - ERROR - STAT - expect_column_values_to_not_be_null - CARBURANT - correctly filled rate (%) - 100.0
2019-05-06 13:09:11,429 - VO - NL - AUTOTRACK - 2019-03-01 00:00:00 - ERROR - STAT - expect_column_values_to_not_be_null - PORTE - correctly filled rate (%) - 96.54
2019-05-06 13:09:11,429 - VO - NL - AUTOTRACK - 2019-03-01 00:00:00 - ERROR - FILE_CHECK - expect_column_values_to_be_in_type_list - PORTE - Wrong type for value: 5 on line 0 should be in ['int', 'float']
2019-05-06 13:09:11,429 - VO - NL - AUTOTRACK - 2019-03-01 00:00:00 - ERROR - FILE_CHECK - expect_column_values_to_be_in_type_list - PORTE - Wrong type for value: 2 on line 1 should be in ['int', 'float']
2019-05-06 13:09:11,429 - VO - NL - AUTOTRACK - 2019-03-01 00:00:00 - ERROR - FILE_CHECK - expect_column_values_to_be_in_type_list - PORTE - Wrong type for value: 5 on line 2 should be in ['int', 'float']
2019-05-06 13:09:11,429 - VO - NL - AUTOTRACK - 2019-03-01 00:00:00 - ERROR - FILE_CHECK - expect_column_values_to_be_in_type_list - PORTE - Wrong type for value: 5 on line 3 should be in ['int', 'float']
2019-05-06 13:09:11,430 - VO - NL - AUTOTRACK - 2019-03-01 00:00:00 - ERROR - FILE_CHECK - expect_column_values_to_be_in_type_list - PORTE - Wrong type for value: 5 on line 4 should be in ['int', 'float']
2019-05-06 13:09:11,430 - VO - NL - AUTOTRACK - 2019-03-01 00:00:00 - ERROR - FILE_CHECK - expect_column_values_to_be_in_type_list - PORTE - Wrong type for value: 5 on line 5 should be in ['int', 'float']
2019-05-06 13:09:11,430 - VO - NL - AUTOTRACK - 2019-03-01 00:00:00 - ERROR - FILE_CHECK - expect_column_values_to_be_in_type_list - PORTE - Wrong type for value: 4 on line 6 should be in ['int', 'float']
2019-05-06 13:09:11,430 - VO - NL - AUTOTRACK - 2019-03-01 00:00:00 - ERROR - FILE_CHECK - expect_column_values_to_be_in_type_list - PORTE - Wrong type for value: 4 on line 7 should be in ['int', 'float']
2019-05-06 13:09:11,430 - VO - NL - AUTOTRACK - 2019-03-01 00:00:00 - ERROR - FILE_CHECK - expect_column_values_to_be_in_type_list - PORTE - Wrong type for value: 2 on line 8 should be in ['int', 'float']
2019-05-06 13:09:11,430 - VO - NL - AUTOTRACK - 2019-03-01 00:00:00 - ERROR - FILE_CHECK - expect_column_values_to_be_in_type_list - PORTE - Wrong type for value: 4 on line 9 should be in ['int', 'float']
2019-05-06 13:09:11,430 - VO - NL - AUTOTRACK - 2019-03-01 00:00:00 - ERROR - FILE_CHECK - expect_column_values_to_be_in_type_list - PORTE - Wrong type for value: 4 on line 10 should be in ['int', 'float']
2019-05-06 13:09:11,430 - VO - NL - AUTOTRACK - 2019-03-01 00:00:00 - ERROR - FILE_CHECK - expect_column_values_to_be_in_type_list - PORTE - Wrong type for value: 2 on line 11 should be in ['int', 'float']
2019-05-06 13:09:11,430 - VO - NL - AUTOTRACK - 2019-03-01 00:00:00 - ERROR - FILE_CHECK - expect_column_values_to_be_in_type_list - PORTE - Wrong type for value: 2 on line 12 should be in ['int', 'float']
2019-05-06 13:09:11,430 - VO - NL - AUTOTRACK - 2019-03-01 00:00:00 - ERROR - FILE_CHECK - expect_column_values_to_be_in_type_list - PORTE - Wrong type for value: 5 on line 13 should be in ['int', 'float']
2019-05-06 13:09:11,430 - VO - NL - AUTOTRACK - 2019-03-01 00:00:00 - ERROR - FILE_CHECK - expect_column_values_to_be_in_type_list - PORTE - Wrong type for value: 5 on line 14 should be in ['int', 'float']
2019-05-06 13:09:11,430 - VO - NL - AUTOTRACK - 2019-03-01 00:00:00 - ERROR - FILE_CHECK - expect_column_values_to_be_in_type_list - PORTE - Wrong type for value: 3 on line 15 should be in ['int', 'float']
2019-05-06 13:09:11,430 - VO - NL - AUTOTRACK - 2019-03-01 00:00:00 - ERROR - FILE_CHECK - expect_column_values_to_be_in_type_list - PORTE - Wrong type for value: 4 on line 16 should be in ['int', 'float']
2019-05-06 13:09:11,430 - VO - NL - AUTOTRACK - 2019-03-01 00:00:00 - ERROR - FILE_CHECK - expect_column_values_to_be_in_type_list - PORTE - Wrong type for value: 5 on line 17 should be in ['int', 'float']
2019-05-06 13:09:11,430 - VO - NL - AUTOTRACK - 2019-03-01 00:00:00 - ERROR - FILE_CHECK - expect_column_values_to_be_in_type_list - PORTE - Wrong type for value: 3 on line 18 should be in ['int', 'float']
2019-05-06 13:09:11,430 - VO - NL - AUTOTRACK - 2019-03-01 00:00:00 - ERROR - FILE_CHECK - expect_column_values_to_be_in_type_list - PORTE - Wrong type for value: 3 on line 19 should be in ['int', 'float']
2019-05-06 13:09:11,430 - VO - NL - AUTOTRACK - 2019-03-01 00:00:00 - ERROR - STAT - expect_column_values_to_be_in_type_list - PORTE - correctly filled rate (%) - 0.0
2019-05-06 13:09:11,430 - VO - NL - AUTOTRACK - 2019-03-01 00:00:00 - ERROR - STAT - expect_column_values_to_be_in_type_list - PRIX - correctly filled rate (%) - 100.0
2019-05-06 13:09:11,431 - VO - NL - AUTOTRACK - 2019-03-01 00:00:00 - ERROR - STAT - expect_column_values_to_not_be_null - PRIX - correctly filled rate (%) - 100.0
2019-05-06 13:09:11,431 - VO - NL - AUTOTRACK - 2019-03-01 00:00:00 - ERROR - STAT - expect_column_values_to_be_in_type_list - KM - correctly filled rate (%) - 100.0
2019-05-06 13:09:11,431 - VO - NL - AUTOTRACK - 2019-03-01 00:00:00 - ERROR - STAT - expect_column_values_to_not_be_null - KM - correctly filled rate (%) - 100.0
2019-05-06 13:09:11,431 - VO - NL - AUTOTRACK - 2019-03-01 00:00:00 - ERROR - FILE_CHECK - expect_column_values_to_be_in_type_list - PLACE - Wrong type for value: 6 on line 0 should be in ['int']
2019-05-06 13:09:11,431 - VO - NL - AUTOTRACK - 2019-03-01 00:00:00 - ERROR - FILE_CHECK - expect_column_values_to_be_in_type_list - PLACE - Wrong type for value: 3 on line 1 should be in ['int']
2019-05-06 13:09:11,431 - VO - NL - AUTOTRACK - 2019-03-01 00:00:00 - ERROR - FILE_CHECK - expect_column_values_to_be_in_type_list - PLACE - Wrong type for value: 5 on line 2 should be in ['int']
2019-05-06 13:09:11,431 - VO - NL - AUTOTRACK - 2019-03-01 00:00:00 - ERROR - FILE_CHECK - expect_column_values_to_be_in_type_list - PLACE - Wrong type for value: 6 on line 3 should be in ['int']
2019-05-06 13:09:11,431 - VO - NL - AUTOTRACK - 2019-03-01 00:00:00 - ERROR - FILE_CHECK - expect_column_values_to_be_in_type_list - PLACE - Wrong type for value: 6 on line 4 should be in ['int']
2019-05-06 13:09:11,431 - VO - NL - AUTOTRACK - 2019-03-01 00:00:00 - ERROR - FILE_CHECK - expect_column_values_to_be_in_type_list - PLACE - Wrong type for value: 6 on line 5 should be in ['int']
2019-05-06 13:09:11,431 - VO - NL - AUTOTRACK - 2019-03-01 00:00:00 - ERROR - FILE_CHECK - expect_column_values_to_be_in_type_list - PLACE - Wrong type for value: 7 on line 6 should be in ['int']
2019-05-06 13:09:11,431 - VO - NL - AUTOTRACK - 2019-03-01 00:00:00 - ERROR - FILE_CHECK - expect_column_values_to_be_in_type_list - PLACE - Wrong type for value: 7 on line 7 should be in ['int']
2019-05-06 13:09:11,431 - VO - NL - AUTOTRACK - 2019-03-01 00:00:00 - ERROR - FILE_CHECK - expect_column_values_to_be_in_type_list - PLACE - Wrong type for value: 4 on line 8 should be in ['int']
2019-05-06 13:09:11,431 - VO - NL - AUTOTRACK - 2019-03-01 00:00:00 - ERROR - FILE_CHECK - expect_column_values_to_be_in_type_list - PLACE - Wrong type for value: 6 on line 9 should be in ['int']
2019-05-06 13:09:11,431 - VO - NL - AUTOTRACK - 2019-03-01 00:00:00 - ERROR - FILE_CHECK - expect_column_values_to_be_in_type_list - PLACE - Wrong type for value: 6 on line 10 should be in ['int']
2019-05-06 13:09:11,431 - VO - NL - AUTOTRACK - 2019-03-01 00:00:00 - ERROR - FILE_CHECK - expect_column_values_to_be_in_type_list - PLACE - Wrong type for value: 4 on line 11 should be in ['int']
2019-05-06 13:09:11,432 - VO - NL - AUTOTRACK - 2019-03-01 00:00:00 - ERROR - FILE_CHECK - expect_column_values_to_be_in_type_list - PLACE - Wrong type for value: 3 on line 12 should be in ['int']
2019-05-06 13:09:11,432 - VO - NL - AUTOTRACK - 2019-03-01 00:00:00 - ERROR - FILE_CHECK - expect_column_values_to_be_in_type_list - PLACE - Wrong type for value: 6 on line 13 should be in ['int']
2019-05-06 13:09:11,432 - VO - NL - AUTOTRACK - 2019-03-01 00:00:00 - ERROR - FILE_CHECK - expect_column_values_to_be_in_type_list - PLACE - Wrong type for value: 6 on line 14 should be in ['int']
2019-05-06 13:09:11,432 - VO - NL - AUTOTRACK - 2019-03-01 00:00:00 - ERROR - FILE_CHECK - expect_column_values_to_be_in_type_list - PLACE - Wrong type for value: 5 on line 15 should be in ['int']
2019-05-06 13:09:11,432 - VO - NL - AUTOTRACK - 2019-03-01 00:00:00 - ERROR - FILE_CHECK - expect_column_values_to_be_in_type_list - PLACE - Wrong type for value: 6 on line 16 should be in ['int']
2019-05-06 13:09:11,432 - VO - NL - AUTOTRACK - 2019-03-01 00:00:00 - ERROR - FILE_CHECK - expect_column_values_to_be_in_type_list - PLACE - Wrong type for value: 5 on line 17 should be in ['int']
2019-05-06 13:09:11,432 - VO - NL - AUTOTRACK - 2019-03-01 00:00:00 - ERROR - FILE_CHECK - expect_column_values_to_be_in_type_list - PLACE - Wrong type for value: 5 on line 18 should be in ['int']
2019-05-06 13:09:11,432 - VO - NL - AUTOTRACK - 2019-03-01 00:00:00 - ERROR - FILE_CHECK - expect_column_values_to_be_in_type_list - PLACE - Wrong type for value: 5 on line 19 should be in ['int']
2019-05-06 13:09:11,432 - VO - NL - AUTOTRACK - 2019-03-01 00:00:00 - ERROR - STAT - expect_column_values_to_be_in_type_list - PLACE - correctly filled rate (%) - 0.0
2019-05-06 13:09:11,432 - VO - NL - AUTOTRACK - 2019-03-01 00:00:00 - ERROR - STAT - expect_column_values_to_not_be_null - PLACE - correctly filled rate (%) - 96.54
2019-05-06 13:09:11,432 - VO - NL - AUTOTRACK - 2019-03-01 00:00:00 - ERROR - STAT - expect_column_values_to_be_in_type_list - PHOTO - correctly filled rate (%) - 100.0
2019-05-06 13:09:11,433 - VO - NL - AUTOTRACK - 2019-03-01 00:00:00 - ERROR - STAT - expect_column_values_to_not_be_null - PHOTO - correctly filled rate (%) - 100.0
2019-05-06 13:09:11,433 - VO - NL - AUTOTRACK - 2019-03-01 00:00:00 - ERROR - STAT - expect_column_values_to_be_in_type_list - LITRE - correctly filled rate (%) - 100.0
2019-05-06 13:09:11,433 - VO - NL - AUTOTRACK - 2019-03-01 00:00:00 - ERROR - STAT - expect_column_values_to_not_be_null - LITRE - correctly filled rate (%) - 100.0
2019-05-06 13:09:11,433 - VO - NL - AUTOTRACK - 2019-03-01 00:00:00 - ERROR - STAT - expect_column_values_to_not_be_null - IMMAT - correctly filled rate (%) - 100.0
2019-05-06 13:09:11,433 - VO - NL - AUTOTRACK - 2019-03-01 00:00:00 - ERROR - STAT - expect_column_values_to_not_be_null - VN_IND - correctly filled rate (%) - 100.0
2019-05-06 13:09:11,433 - VO - NL - AUTOTRACK - 2019-03-01 00:00:00 - ERROR - STAT - expect_column_values_to_be_in_set - VN_IND - correctly filled rate (%) - 100.0
2019-05-06 13:09:11,433 - VO - NL - AUTOTRACK - 2019-03-01 00:00:00 - ERROR - STAT - expect_column_values_to_not_be_null - CP - correctly filled rate (%) - 90.67
2019-05-06 13:09:11,433 - VO - NL - AUTOTRACK - 2019-03-01 00:00:00 - ERROR - STAT - expect_column_values_to_not_be_null - TELEPHONE - correctly filled rate (%) - 98.91
2019-05-06 13:09:11,433 - VO - NL - AUTOTRACK - 2019-03-01 00:00:00 - ERROR - STAT - expect_column_values_to_be_phone_number - TELEPHONE - correctly filled rate (%) - 100.0
2019-05-06 13:09:11,433 - VO - NL - AUTOTRACK - 2019-03-01 00:00:00 - ERROR - STAT - expect_returning_row_count - EVERY_COLUMNS - total number of rows - 189110
2019-05-06 13:09:11,433 - VO - NL - AUTOTRACK - 2019-03-01 00:00:00 - ERROR - STAT - expect_returning_row_count_on_conditions - DEALER_USEDCARS - total number of row with conditions - 185544
2019-05-06 13:09:11,434 - VO - NL - AUTOTRACK - 2019-03-01 00:00:00 - ERROR - STAT - expect_returning_row_count_on_conditions - PRIVATE_USEDCARS - total number of row with conditions - 3566
2019-05-06 13:09:11,434 - VO - NL - AUTOTRACK - 2019-03-01 00:00:00 - ERROR - FILE_CHECK - expect_column_value_lengths_to_be_between - NOM - Unexpected characters count of: [Mitsubishi Pajero 3....] on line  520, value length should be between 0 and 255
2019-05-06 13:09:11,434 - VO - NL - AUTOTRACK - 2019-03-01 00:00:00 - ERROR - FILE_CHECK - expect_column_value_lengths_to_be_between - NOM - Unexpected characters count of: [Mitsubishi Pajero 3....] on line  521, value length should be between 0 and 255
2019-05-06 13:09:11,434 - VO - NL - AUTOTRACK - 2019-03-01 00:00:00 - ERROR - FILE_CHECK - expect_column_value_lengths_to_be_between - NOM - Unexpected characters count of: [Mitsubishi L200 2.4 ...] on line  535, value length should be between 0 and 255
2019-05-06 13:09:11,434 - VO - NL - AUTOTRACK - 2019-03-01 00:00:00 - ERROR - FILE_CHECK - expect_column_value_lengths_to_be_between - NOM - Unexpected characters count of: [Mitsubishi Pajero 3....] on line  950, value length should be between 0 and 255
2019-05-06 13:09:11,434 - VO - NL - AUTOTRACK - 2019-03-01 00:00:00 - ERROR - FILE_CHECK - expect_column_value_lengths_to_be_between - NOM - Unexpected characters count of: [Toyota Land Cruiser ...] on line  1914, value length should be between 0 and 255
2019-05-06 13:09:11,434 - VO - NL - AUTOTRACK - 2019-03-01 00:00:00 - ERROR - FILE_CHECK - expect_column_value_lengths_to_be_between - NOM - Unexpected characters count of: [Mitsubishi Pajero 3....] on line  1947, value length should be between 0 and 255
2019-05-06 13:09:11,434 - VO - NL - AUTOTRACK - 2019-03-01 00:00:00 - ERROR - FILE_CHECK - expect_column_value_lengths_to_be_between - NOM - Unexpected characters count of: [Toyota Hilux 2.4D-4D...] on line  1998, value length should be between 0 and 255
2019-05-06 13:09:11,434 - VO - NL - AUTOTRACK - 2019-03-01 00:00:00 - ERROR - FILE_CHECK - expect_column_value_lengths_to_be_between - NOM - Unexpected characters count of: [Mitsubishi Pajero 3....] on line  2034, value length should be between 0 and 255
2019-05-06 13:09:11,434 - VO - NL - AUTOTRACK - 2019-03-01 00:00:00 - ERROR - FILE_CHECK - expect_column_value_lengths_to_be_between - NOM - Unexpected characters count of: [Toyota Hilux 2.4 D-4...] on line  2330, value length should be between 0 and 255
2019-05-06 13:09:11,434 - VO - NL - AUTOTRACK - 2019-03-01 00:00:00 - ERROR - FILE_CHECK - expect_column_value_lengths_to_be_between - NOM - Unexpected characters count of: [Mitsubishi L200 2.4 ...] on line  2505, value length should be between 0 and 255
2019-05-06 13:09:11,435 - VO - NL - AUTOTRACK - 2019-03-01 00:00:00 - ERROR - FILE_CHECK - expect_column_value_lengths_to_be_between - NOM - Unexpected characters count of: [Toyota Hilux 2.4 D4-...] on line  2507, value length should be between 0 and 255
2019-05-06 13:09:11,435 - VO - NL - AUTOTRACK - 2019-03-01 00:00:00 - ERROR - FILE_CHECK - expect_column_value_lengths_to_be_between - NOM - Unexpected characters count of: [Audi A4 Allroad 3.0 ...] on line  2806, value length should be between 0 and 255
2019-05-06 13:09:11,435 - VO - NL - AUTOTRACK - 2019-03-01 00:00:00 - ERROR - FILE_CHECK - expect_column_value_lengths_to_be_between - NOM - Unexpected characters count of: [Mercedes-Benz R-klas...] on line  3473, value length should be between 0 and 255
2019-05-06 13:09:11,435 - VO - NL - AUTOTRACK - 2019-03-01 00:00:00 - ERROR - FILE_CHECK - expect_column_value_lengths_to_be_between - NOM - Unexpected characters count of: [Mitsubishi L200 2.4 ...] on line  3654, value length should be between 0 and 255
2019-05-06 13:09:11,435 - VO - NL - AUTOTRACK - 2019-03-01 00:00:00 - ERROR - FILE_CHECK - expect_column_value_lengths_to_be_between - NOM - Unexpected characters count of: [Renault Trafic 95pk ...] on line  3677, value length should be between 0 and 255
2019-05-06 13:09:11,435 - VO - NL - AUTOTRACK - 2019-03-01 00:00:00 - ERROR - FILE_CHECK - expect_column_value_lengths_to_be_between - NOM - Unexpected characters count of: [Dodge Journey 2.4 SX...] on line  4253, value length should be between 0 and 255
2019-05-06 13:09:11,435 - VO - NL - AUTOTRACK - 2019-03-01 00:00:00 - ERROR - FILE_CHECK - expect_column_value_lengths_to_be_between - NOM - Unexpected characters count of: [Toyota Corolla Verso...] on line  5319, value length should be between 0 and 255
2019-05-06 13:09:11,435 - VO - NL - AUTOTRACK - 2019-03-01 00:00:00 - ERROR - FILE_CHECK - expect_column_value_lengths_to_be_between - NOM - Unexpected characters count of: [Toyota Hilux 2.4 D-4...] on line  5349, value length should be between 0 and 255
2019-05-06 13:09:11,435 - VO - NL - AUTOTRACK - 2019-03-01 00:00:00 - ERROR - FILE_CHECK - expect_column_value_lengths_to_be_between - NOM - Unexpected characters count of: [Mitsubishi Pajero HR...] on line  5589, value length should be between 0 and 255
2019-05-06 13:09:11,435 - VO - NL - AUTOTRACK - 2019-03-01 00:00:00 - ERROR - FILE_CHECK - expect_column_value_lengths_to_be_between - NOM - Unexpected characters count of: [Ford Ranger 3.2 TD A...] on line  5957, value length should be between 0 and 255
2019-05-06 13:09:11,435 - VO - NL - AUTOTRACK - 2019-03-01 00:00:00 - ERROR - STAT - expect_column_value_lengths_to_be_between - NOM - correctly filled rate (%) - 99.61
2019-05-06 13:09:11,435 - VO - NL - AUTOTRACK - 2019-03-01 00:00:00 - ERROR - FILE_CHECK - expect_column_value_lengths_to_be_between - OPTIONS - Unexpected characters count of: [Armsteun achter, Arm...] on line  0, value length should be between 0 and 255
2019-05-06 13:09:11,436 - VO - NL - AUTOTRACK - 2019-03-01 00:00:00 - ERROR - FILE_CHECK - expect_column_value_lengths_to_be_between - OPTIONS - Unexpected characters count of: [Cruise control, Elek...] on line  2, value length should be between 0 and 255
2019-05-06 13:09:11,436 - VO - NL - AUTOTRACK - 2019-03-01 00:00:00 - ERROR - FILE_CHECK - expect_column_value_lengths_to_be_between - OPTIONS - Unexpected characters count of: [7-Persoons, 7-persoo...] on line  3, value length should be between 0 and 255
2019-05-06 13:09:11,436 - VO - NL - AUTOTRACK - 2019-03-01 00:00:00 - ERROR - FILE_CHECK - expect_column_value_lengths_to_be_between - OPTIONS - Unexpected characters count of: [Airconditioning clim...] on line  4, value length should be between 0 and 255
2019-05-06 13:09:11,436 - VO - NL - AUTOTRACK - 2019-03-01 00:00:00 - ERROR - FILE_CHECK - expect_column_value_lengths_to_be_between - OPTIONS - Unexpected characters count of: [Armsteun achter, Arm...] on line  5, value length should be between 0 and 255
2019-05-06 13:09:11,436 - VO - NL - AUTOTRACK - 2019-03-01 00:00:00 - ERROR - FILE_CHECK - expect_column_value_lengths_to_be_between - OPTIONS - Unexpected characters count of: [Airconditioning, Bek...] on line  6, value length should be between 0 and 255
2019-05-06 13:09:11,436 - VO - NL - AUTOTRACK - 2019-03-01 00:00:00 - ERROR - FILE_CHECK - expect_column_value_lengths_to_be_between - OPTIONS - Unexpected characters count of: [Airconditioning, Bek...] on line  7, value length should be between 0 and 255
2019-05-06 13:09:11,436 - VO - NL - AUTOTRACK - 2019-03-01 00:00:00 - ERROR - FILE_CHECK - expect_column_value_lengths_to_be_between - OPTIONS - Unexpected characters count of: [Armsteun achter, Arm...] on line  9, value length should be between 0 and 255
2019-05-06 13:09:11,436 - VO - NL - AUTOTRACK - 2019-03-01 00:00:00 - ERROR - FILE_CHECK - expect_column_value_lengths_to_be_between - OPTIONS - Unexpected characters count of: [Armsteun achter, Arm...] on line  10, value length should be between 0 and 255
2019-05-06 13:09:11,436 - VO - NL - AUTOTRACK - 2019-03-01 00:00:00 - ERROR - FILE_CHECK - expect_column_value_lengths_to_be_between - OPTIONS - Unexpected characters count of: [Armsteun achter, Bek...] on line  12, value length should be between 0 and 255
2019-05-06 13:09:11,436 - VO - NL - AUTOTRACK - 2019-03-01 00:00:00 - ERROR - FILE_CHECK - expect_column_value_lengths_to_be_between - OPTIONS - Unexpected characters count of: [7-Persoons, 7-persoo...] on line  13, value length should be between 0 and 255
2019-05-06 13:09:11,436 - VO - NL - AUTOTRACK - 2019-03-01 00:00:00 - ERROR - FILE_CHECK - expect_column_value_lengths_to_be_between - OPTIONS - Unexpected characters count of: [Achterbank deelbaar,...] on line  14, value length should be between 0 and 255
2019-05-06 13:09:11,436 - VO - NL - AUTOTRACK - 2019-03-01 00:00:00 - ERROR - FILE_CHECK - expect_column_value_lengths_to_be_between - OPTIONS - Unexpected characters count of: [5 persoons, Achterru...] on line  15, value length should be between 0 and 255
2019-05-06 13:09:11,437 - VO - NL - AUTOTRACK - 2019-03-01 00:00:00 - ERROR - FILE_CHECK - expect_column_value_lengths_to_be_between - OPTIONS - Unexpected characters count of: [Armsteun achter, Arm...] on line  16, value length should be between 0 and 255
2019-05-06 13:09:11,437 - VO - NL - AUTOTRACK - 2019-03-01 00:00:00 - ERROR - FILE_CHECK - expect_column_value_lengths_to_be_between - OPTIONS - Unexpected characters count of: [Achterbank deelbaar,...] on line  17, value length should be between 0 and 255
2019-05-06 13:09:11,437 - VO - NL - AUTOTRACK - 2019-03-01 00:00:00 - ERROR - FILE_CHECK - expect_column_value_lengths_to_be_between - OPTIONS - Unexpected characters count of: [Achterbank deelbaar,...] on line  18, value length should be between 0 and 255
2019-05-06 13:09:11,437 - VO - NL - AUTOTRACK - 2019-03-01 00:00:00 - ERROR - FILE_CHECK - expect_column_value_lengths_to_be_between - OPTIONS - Unexpected characters count of: [5 persoons, Achterru...] on line  19, value length should be between 0 and 255
2019-05-06 13:09:11,437 - VO - NL - AUTOTRACK - 2019-03-01 00:00:00 - ERROR - FILE_CHECK - expect_column_value_lengths_to_be_between - OPTIONS - Unexpected characters count of: [7-Persoons, 7-persoo...] on line  20, value length should be between 0 and 255
2019-05-06 13:09:11,437 - VO - NL - AUTOTRACK - 2019-03-01 00:00:00 - ERROR - FILE_CHECK - expect_column_value_lengths_to_be_between - OPTIONS - Unexpected characters count of: [Achterbank deelbaar,...] on line  21, value length should be between 0 and 255
2019-05-06 13:09:11,437 - VO - NL - AUTOTRACK - 2019-03-01 00:00:00 - ERROR - FILE_CHECK - expect_column_value_lengths_to_be_between - OPTIONS - Unexpected characters count of: [Achterbank deelbaar,...] on line  23, value length should be between 0 and 255
2019-05-06 13:09:11,437 - VO - NL - AUTOTRACK - 2019-03-01 00:00:00 - ERROR - STAT - expect_column_value_lengths_to_be_between - OPTIONS - correctly filled rate (%) - 3.66
