2019-06-04 16:11:32,824 - VO - NL - AUTOTRACK - 2019-04-01 00:00:00 - ERROR - STAT - expect_column_values_to_not_be_null - ADRESSE - correctly filled rate (%) - 89.77
2019-06-04 16:11:32,824 - VO - NL - AUTOTRACK - 2019-04-01 00:00:00 - ERROR - STAT - expect_column_values_to_be_in_type_list - ANNEE - correctly filled rate (%) - 100.0
2019-06-04 16:11:32,824 - VO - NL - AUTOTRACK - 2019-04-01 00:00:00 - ERROR - STAT - expect_column_values_to_be_between - ANNEE - correctly filled rate (%) - 99.45
2019-06-04 16:11:32,824 - VO - NL - AUTOTRACK - 2019-04-01 00:00:00 - ERROR - STAT - expect_column_values_to_not_be_null - ANNEE - correctly filled rate (%) - 100.0
2019-06-04 16:11:32,824 - VO - NL - AUTOTRACK - 2019-04-01 00:00:00 - ERROR - FILE_CHECK - expect_column_values_to_match_regex - ANNEE - Unexpected value: 2017.0 on line 0, value should match regexp ^[0-9]{4}$
2019-06-04 16:11:32,824 - VO - NL - AUTOTRACK - 2019-04-01 00:00:00 - ERROR - FILE_CHECK - expect_column_values_to_match_regex - ANNEE - Unexpected value: 1993.0 on line 1, value should match regexp ^[0-9]{4}$
2019-06-04 16:11:32,825 - VO - NL - AUTOTRACK - 2019-04-01 00:00:00 - ERROR - FILE_CHECK - expect_column_values_to_match_regex - ANNEE - Unexpected value: 2019.0 on line 2, value should match regexp ^[0-9]{4}$
2019-06-04 16:11:32,825 - VO - NL - AUTOTRACK - 2019-04-01 00:00:00 - ERROR - FILE_CHECK - expect_column_values_to_match_regex - ANNEE - Unexpected value: 2011.0 on line 3, value should match regexp ^[0-9]{4}$
2019-06-04 16:11:32,825 - VO - NL - AUTOTRACK - 2019-04-01 00:00:00 - ERROR - FILE_CHECK - expect_column_values_to_match_regex - ANNEE - Unexpected value: 2017.0 on line 4, value should match regexp ^[0-9]{4}$
2019-06-04 16:11:32,825 - VO - NL - AUTOTRACK - 2019-04-01 00:00:00 - ERROR - FILE_CHECK - expect_column_values_to_match_regex - ANNEE - Unexpected value: 2018.0 on line 5, value should match regexp ^[0-9]{4}$
2019-06-04 16:11:32,825 - VO - NL - AUTOTRACK - 2019-04-01 00:00:00 - ERROR - FILE_CHECK - expect_column_values_to_match_regex - ANNEE - Unexpected value: 2005.0 on line 6, value should match regexp ^[0-9]{4}$
2019-06-04 16:11:32,825 - VO - NL - AUTOTRACK - 2019-04-01 00:00:00 - ERROR - FILE_CHECK - expect_column_values_to_match_regex - ANNEE - Unexpected value: 2019.0 on line 7, value should match regexp ^[0-9]{4}$
2019-06-04 16:11:32,825 - VO - NL - AUTOTRACK - 2019-04-01 00:00:00 - ERROR - FILE_CHECK - expect_column_values_to_match_regex - ANNEE - Unexpected value: 2019.0 on line 8, value should match regexp ^[0-9]{4}$
2019-06-04 16:11:32,825 - VO - NL - AUTOTRACK - 2019-04-01 00:00:00 - ERROR - FILE_CHECK - expect_column_values_to_match_regex - ANNEE - Unexpected value: 2014.0 on line 9, value should match regexp ^[0-9]{4}$
2019-06-04 16:11:32,825 - VO - NL - AUTOTRACK - 2019-04-01 00:00:00 - ERROR - FILE_CHECK - expect_column_values_to_match_regex - ANNEE - Unexpected value: 2018.0 on line 10, value should match regexp ^[0-9]{4}$
2019-06-04 16:11:32,825 - VO - NL - AUTOTRACK - 2019-04-01 00:00:00 - ERROR - FILE_CHECK - expect_column_values_to_match_regex - ANNEE - Unexpected value: 2018.0 on line 11, value should match regexp ^[0-9]{4}$
2019-06-04 16:11:32,825 - VO - NL - AUTOTRACK - 2019-04-01 00:00:00 - ERROR - FILE_CHECK - expect_column_values_to_match_regex - ANNEE - Unexpected value: 2015.0 on line 12, value should match regexp ^[0-9]{4}$
2019-06-04 16:11:32,825 - VO - NL - AUTOTRACK - 2019-04-01 00:00:00 - ERROR - FILE_CHECK - expect_column_values_to_match_regex - ANNEE - Unexpected value: 2019.0 on line 13, value should match regexp ^[0-9]{4}$
2019-06-04 16:11:32,825 - VO - NL - AUTOTRACK - 2019-04-01 00:00:00 - ERROR - FILE_CHECK - expect_column_values_to_match_regex - ANNEE - Unexpected value: 2018.0 on line 14, value should match regexp ^[0-9]{4}$
2019-06-04 16:11:32,825 - VO - NL - AUTOTRACK - 2019-04-01 00:00:00 - ERROR - FILE_CHECK - expect_column_values_to_match_regex - ANNEE - Unexpected value: 2013.0 on line 15, value should match regexp ^[0-9]{4}$
2019-06-04 16:11:32,825 - VO - NL - AUTOTRACK - 2019-04-01 00:00:00 - ERROR - FILE_CHECK - expect_column_values_to_match_regex - ANNEE - Unexpected value: 2015.0 on line 16, value should match regexp ^[0-9]{4}$
2019-06-04 16:11:32,825 - VO - NL - AUTOTRACK - 2019-04-01 00:00:00 - ERROR - FILE_CHECK - expect_column_values_to_match_regex - ANNEE - Unexpected value: 2013.0 on line 17, value should match regexp ^[0-9]{4}$
2019-06-04 16:11:32,825 - VO - NL - AUTOTRACK - 2019-04-01 00:00:00 - ERROR - FILE_CHECK - expect_column_values_to_match_regex - ANNEE - Unexpected value: 2019.0 on line 18, value should match regexp ^[0-9]{4}$
2019-06-04 16:11:32,825 - VO - NL - AUTOTRACK - 2019-04-01 00:00:00 - ERROR - FILE_CHECK - expect_column_values_to_match_regex - ANNEE - Unexpected value: 2009.0 on line 19, value should match regexp ^[0-9]{4}$
2019-06-04 16:11:32,825 - VO - NL - AUTOTRACK - 2019-04-01 00:00:00 - ERROR - STAT - expect_column_values_to_match_regex - ANNEE - correctly filled rate (%) - 0.0
2019-06-04 16:11:32,826 - VO - NL - AUTOTRACK - 2019-04-01 00:00:00 - ERROR - STAT - expect_column_values_to_not_be_null - ANNONCE_LINK - correctly filled rate (%) - 100.0
2019-06-04 16:11:32,826 - VO - NL - AUTOTRACK - 2019-04-01 00:00:00 - ERROR - STAT - expect_column_values_to_be_unique - ANNONCE_LINK - observed proportion - 100.0
2019-06-04 16:11:32,826 - VO - NL - AUTOTRACK - 2019-04-01 00:00:00 - ERROR - STAT - expect_column_values_to_not_be_null - CARBURANT - correctly filled rate (%) - 100.0
2019-06-04 16:11:32,826 - VO - NL - AUTOTRACK - 2019-04-01 00:00:00 - ERROR - STAT - expect_column_values_to_not_be_null - CARROSSERIE - correctly filled rate (%) - 100.0
2019-06-04 16:11:32,826 - VO - NL - AUTOTRACK - 2019-04-01 00:00:00 - ERROR - STAT - expect_column_values_to_not_be_null - CP - correctly filled rate (%) - 98.13
2019-06-04 16:11:32,826 - VO - NL - AUTOTRACK - 2019-04-01 00:00:00 - ERROR - FILE_CHECK - expect_column_values_to_match_regex - CP - Unexpected value: 1521.0 on line 0, value should match regexp ^[0-9]{4}$
2019-06-04 16:11:32,826 - VO - NL - AUTOTRACK - 2019-04-01 00:00:00 - ERROR - FILE_CHECK - expect_column_values_to_match_regex - CP - Unexpected value: 3903.0 on line 1, value should match regexp ^[0-9]{4}$
2019-06-04 16:11:32,826 - VO - NL - AUTOTRACK - 2019-04-01 00:00:00 - ERROR - FILE_CHECK - expect_column_values_to_match_regex - CP - Unexpected value: 7944.0 on line 2, value should match regexp ^[0-9]{4}$
2019-06-04 16:11:32,826 - VO - NL - AUTOTRACK - 2019-04-01 00:00:00 - ERROR - FILE_CHECK - expect_column_values_to_match_regex - CP - Unexpected value: 2921.0 on line 3, value should match regexp ^[0-9]{4}$
2019-06-04 16:11:32,826 - VO - NL - AUTOTRACK - 2019-04-01 00:00:00 - ERROR - FILE_CHECK - expect_column_values_to_match_regex - CP - Unexpected value: 1461.0 on line 4, value should match regexp ^[0-9]{4}$
2019-06-04 16:11:32,826 - VO - NL - AUTOTRACK - 2019-04-01 00:00:00 - ERROR - FILE_CHECK - expect_column_values_to_match_regex - CP - Unexpected value: 2722.0 on line 5, value should match regexp ^[0-9]{4}$
2019-06-04 16:11:32,826 - VO - NL - AUTOTRACK - 2019-04-01 00:00:00 - ERROR - FILE_CHECK - expect_column_values_to_match_regex - CP - Unexpected value: 6702.0 on line 6, value should match regexp ^[0-9]{4}$
2019-06-04 16:11:32,826 - VO - NL - AUTOTRACK - 2019-04-01 00:00:00 - ERROR - FILE_CHECK - expect_column_values_to_match_regex - CP - Unexpected value: 2921.0 on line 7, value should match regexp ^[0-9]{4}$
2019-06-04 16:11:32,826 - VO - NL - AUTOTRACK - 2019-04-01 00:00:00 - ERROR - FILE_CHECK - expect_column_values_to_match_regex - CP - Unexpected value: 2921.0 on line 8, value should match regexp ^[0-9]{4}$
2019-06-04 16:11:32,826 - VO - NL - AUTOTRACK - 2019-04-01 00:00:00 - ERROR - FILE_CHECK - expect_column_values_to_match_regex - CP - Unexpected value: 3812.0 on line 9, value should match regexp ^[0-9]{4}$
2019-06-04 16:11:32,826 - VO - NL - AUTOTRACK - 2019-04-01 00:00:00 - ERROR - FILE_CHECK - expect_column_values_to_match_regex - CP - Unexpected value: 2985.0 on line 10, value should match regexp ^[0-9]{4}$
2019-06-04 16:11:32,826 - VO - NL - AUTOTRACK - 2019-04-01 00:00:00 - ERROR - FILE_CHECK - expect_column_values_to_match_regex - CP - Unexpected value: 4181.0 on line 11, value should match regexp ^[0-9]{4}$
2019-06-04 16:11:32,827 - VO - NL - AUTOTRACK - 2019-04-01 00:00:00 - ERROR - FILE_CHECK - expect_column_values_to_match_regex - CP - Unexpected value: 5405.0 on line 12, value should match regexp ^[0-9]{4}$
2019-06-04 16:11:32,827 - VO - NL - AUTOTRACK - 2019-04-01 00:00:00 - ERROR - FILE_CHECK - expect_column_values_to_match_regex - CP - Unexpected value: 2967.0 on line 13, value should match regexp ^[0-9]{4}$
2019-06-04 16:11:32,827 - VO - NL - AUTOTRACK - 2019-04-01 00:00:00 - ERROR - FILE_CHECK - expect_column_values_to_match_regex - CP - Unexpected value: 4202.0 on line 14, value should match regexp ^[0-9]{4}$
2019-06-04 16:11:32,827 - VO - NL - AUTOTRACK - 2019-04-01 00:00:00 - ERROR - FILE_CHECK - expect_column_values_to_match_regex - CP - Unexpected value: 5222.0 on line 15, value should match regexp ^[0-9]{4}$
2019-06-04 16:11:32,827 - VO - NL - AUTOTRACK - 2019-04-01 00:00:00 - ERROR - FILE_CHECK - expect_column_values_to_match_regex - CP - Unexpected value: 5616.0 on line 16, value should match regexp ^[0-9]{4}$
2019-06-04 16:11:32,827 - VO - NL - AUTOTRACK - 2019-04-01 00:00:00 - ERROR - FILE_CHECK - expect_column_values_to_match_regex - CP - Unexpected value: 3063.0 on line 18, value should match regexp ^[0-9]{4}$
2019-06-04 16:11:32,827 - VO - NL - AUTOTRACK - 2019-04-01 00:00:00 - ERROR - FILE_CHECK - expect_column_values_to_match_regex - CP - Unexpected value: 6603.0 on line 19, value should match regexp ^[0-9]{4}$
2019-06-04 16:11:32,827 - VO - NL - AUTOTRACK - 2019-04-01 00:00:00 - ERROR - FILE_CHECK - expect_column_values_to_match_regex - CP - Unexpected value: 6861.0 on line 20, value should match regexp ^[0-9]{4}$
2019-06-04 16:11:32,827 - VO - NL - AUTOTRACK - 2019-04-01 00:00:00 - ERROR - STAT - expect_column_values_to_match_regex - CP - correctly filled rate (%) - 0.0
2019-06-04 16:11:32,827 - VO - NL - AUTOTRACK - 2019-04-01 00:00:00 - ERROR - STAT - expect_column_values_to_not_be_null - GARAGE_ID - correctly filled rate (%) - 98.13
2019-06-04 16:11:32,827 - VO - NL - AUTOTRACK - 2019-04-01 00:00:00 - ERROR - STAT - expect_column_values_to_not_be_null - ID_CLIENT - correctly filled rate (%) - 100.0
2019-06-04 16:11:32,827 - VO - NL - AUTOTRACK - 2019-04-01 00:00:00 - ERROR - STAT - expect_column_values_to_be_unique - ID_CLIENT - observed proportion - 100.0
2019-06-04 16:11:32,827 - VO - NL - AUTOTRACK - 2019-04-01 00:00:00 - ERROR - STAT - expect_returning_row_count - EVERY_COLUMNS - total number of rows - 187982
2019-06-04 16:11:32,827 - VO - NL - AUTOTRACK - 2019-04-01 00:00:00 - ERROR - STAT - expect_column_values_to_not_be_null - IMMAT - correctly filled rate (%) - 100.0
2019-06-04 16:11:32,827 - VO - NL - AUTOTRACK - 2019-04-01 00:00:00 - ERROR - STAT - expect_column_values_to_be_in_type_list - KM - correctly filled rate (%) - 95.64
2019-06-04 16:11:32,827 - VO - NL - AUTOTRACK - 2019-04-01 00:00:00 - ERROR - STAT - expect_column_values_to_not_be_null - KM - correctly filled rate (%) - 100.0
2019-06-04 16:11:32,827 - VO - NL - AUTOTRACK - 2019-04-01 00:00:00 - ERROR - STAT - expect_column_values_to_be_in_type_list - LITRE - correctly filled rate (%) - 100.0
2019-06-04 16:11:32,827 - VO - NL - AUTOTRACK - 2019-04-01 00:00:00 - ERROR - STAT - expect_column_values_to_not_be_null - LITRE - correctly filled rate (%) - 100.0
2019-06-04 16:11:32,828 - VO - NL - AUTOTRACK - 2019-04-01 00:00:00 - ERROR - STAT - expect_column_values_to_not_be_null - MARQUE - correctly filled rate (%) - 100.0
2019-06-04 16:11:32,828 - VO - NL - AUTOTRACK - 2019-04-01 00:00:00 - ERROR - STAT - expect_column_values_to_not_be_null - MODELE - correctly filled rate (%) - 100.0
2019-06-04 16:11:32,828 - VO - NL - AUTOTRACK - 2019-04-01 00:00:00 - ERROR - STAT - expect_column_values_to_not_be_null - MOIS - correctly filled rate (%) - 100.0
2019-06-04 16:11:32,828 - VO - NL - AUTOTRACK - 2019-04-01 00:00:00 - ERROR - FILE_CHECK - expect_column_values_to_be_between - MOIS - Unexpected value: 0.0 on line 2, value should be between 1 and 12
2019-06-04 16:11:32,828 - VO - NL - AUTOTRACK - 2019-04-01 00:00:00 - ERROR - FILE_CHECK - expect_column_values_to_be_between - MOIS - Unexpected value: 0.0 on line 7, value should be between 1 and 12
2019-06-04 16:11:32,828 - VO - NL - AUTOTRACK - 2019-04-01 00:00:00 - ERROR - FILE_CHECK - expect_column_values_to_be_between - MOIS - Unexpected value: 0.0 on line 8, value should be between 1 and 12
2019-06-04 16:11:32,828 - VO - NL - AUTOTRACK - 2019-04-01 00:00:00 - ERROR - FILE_CHECK - expect_column_values_to_be_between - MOIS - Unexpected value: 0.0 on line 25, value should be between 1 and 12
2019-06-04 16:11:32,828 - VO - NL - AUTOTRACK - 2019-04-01 00:00:00 - ERROR - FILE_CHECK - expect_column_values_to_be_between - MOIS - Unexpected value: 0.0 on line 27, value should be between 1 and 12
2019-06-04 16:11:32,828 - VO - NL - AUTOTRACK - 2019-04-01 00:00:00 - ERROR - FILE_CHECK - expect_column_values_to_be_between - MOIS - Unexpected value: 0.0 on line 31, value should be between 1 and 12
2019-06-04 16:11:32,828 - VO - NL - AUTOTRACK - 2019-04-01 00:00:00 - ERROR - FILE_CHECK - expect_column_values_to_be_between - MOIS - Unexpected value: 0.0 on line 41, value should be between 1 and 12
2019-06-04 16:11:32,828 - VO - NL - AUTOTRACK - 2019-04-01 00:00:00 - ERROR - FILE_CHECK - expect_column_values_to_be_between - MOIS - Unexpected value: 0.0 on line 45, value should be between 1 and 12
2019-06-04 16:11:32,828 - VO - NL - AUTOTRACK - 2019-04-01 00:00:00 - ERROR - FILE_CHECK - expect_column_values_to_be_between - MOIS - Unexpected value: 0.0 on line 49, value should be between 1 and 12
2019-06-04 16:11:32,828 - VO - NL - AUTOTRACK - 2019-04-01 00:00:00 - ERROR - FILE_CHECK - expect_column_values_to_be_between - MOIS - Unexpected value: 0.0 on line 62, value should be between 1 and 12
2019-06-04 16:11:32,828 - VO - NL - AUTOTRACK - 2019-04-01 00:00:00 - ERROR - FILE_CHECK - expect_column_values_to_be_between - MOIS - Unexpected value: 0.0 on line 63, value should be between 1 and 12
2019-06-04 16:11:32,828 - VO - NL - AUTOTRACK - 2019-04-01 00:00:00 - ERROR - FILE_CHECK - expect_column_values_to_be_between - MOIS - Unexpected value: 0.0 on line 72, value should be between 1 and 12
2019-06-04 16:11:32,828 - VO - NL - AUTOTRACK - 2019-04-01 00:00:00 - ERROR - FILE_CHECK - expect_column_values_to_be_between - MOIS - Unexpected value: 0.0 on line 90, value should be between 1 and 12
2019-06-04 16:11:32,828 - VO - NL - AUTOTRACK - 2019-04-01 00:00:00 - ERROR - FILE_CHECK - expect_column_values_to_be_between - MOIS - Unexpected value: 0.0 on line 93, value should be between 1 and 12
2019-06-04 16:11:32,828 - VO - NL - AUTOTRACK - 2019-04-01 00:00:00 - ERROR - FILE_CHECK - expect_column_values_to_be_between - MOIS - Unexpected value: 0.0 on line 103, value should be between 1 and 12
2019-06-04 16:11:32,829 - VO - NL - AUTOTRACK - 2019-04-01 00:00:00 - ERROR - FILE_CHECK - expect_column_values_to_be_between - MOIS - Unexpected value: 0.0 on line 113, value should be between 1 and 12
2019-06-04 16:11:32,829 - VO - NL - AUTOTRACK - 2019-04-01 00:00:00 - ERROR - FILE_CHECK - expect_column_values_to_be_between - MOIS - Unexpected value: 0.0 on line 118, value should be between 1 and 12
2019-06-04 16:11:32,829 - VO - NL - AUTOTRACK - 2019-04-01 00:00:00 - ERROR - FILE_CHECK - expect_column_values_to_be_between - MOIS - Unexpected value: 0.0 on line 122, value should be between 1 and 12
2019-06-04 16:11:32,829 - VO - NL - AUTOTRACK - 2019-04-01 00:00:00 - ERROR - FILE_CHECK - expect_column_values_to_be_between - MOIS - Unexpected value: 0.0 on line 137, value should be between 1 and 12
2019-06-04 16:11:32,829 - VO - NL - AUTOTRACK - 2019-04-01 00:00:00 - ERROR - FILE_CHECK - expect_column_values_to_be_between - MOIS - Unexpected value: 0.0 on line 143, value should be between 1 and 12
2019-06-04 16:11:32,829 - VO - NL - AUTOTRACK - 2019-04-01 00:00:00 - ERROR - STAT - expect_column_values_to_be_between - MOIS - correctly filled rate (%) - 86.47
2019-06-04 16:11:32,829 - VO - NL - AUTOTRACK - 2019-04-01 00:00:00 - ERROR - FILE_CHECK - expect_column_values_to_match_regex - MOIS - Unexpected value: 1.0 on line 0, value should match regexp ^[0-9]{1,2}$
2019-06-04 16:11:32,829 - VO - NL - AUTOTRACK - 2019-04-01 00:00:00 - ERROR - FILE_CHECK - expect_column_values_to_match_regex - MOIS - Unexpected value: 2.0 on line 1, value should match regexp ^[0-9]{1,2}$
2019-06-04 16:11:32,829 - VO - NL - AUTOTRACK - 2019-04-01 00:00:00 - ERROR - FILE_CHECK - expect_column_values_to_match_regex - MOIS - Unexpected value: 0.0 on line 2, value should match regexp ^[0-9]{1,2}$
2019-06-04 16:11:32,829 - VO - NL - AUTOTRACK - 2019-04-01 00:00:00 - ERROR - FILE_CHECK - expect_column_values_to_match_regex - MOIS - Unexpected value: 11.0 on line 3, value should match regexp ^[0-9]{1,2}$
2019-06-04 16:11:32,829 - VO - NL - AUTOTRACK - 2019-04-01 00:00:00 - ERROR - FILE_CHECK - expect_column_values_to_match_regex - MOIS - Unexpected value: 1.0 on line 4, value should match regexp ^[0-9]{1,2}$
2019-06-04 16:11:32,829 - VO - NL - AUTOTRACK - 2019-04-01 00:00:00 - ERROR - FILE_CHECK - expect_column_values_to_match_regex - MOIS - Unexpected value: 4.0 on line 5, value should match regexp ^[0-9]{1,2}$
2019-06-04 16:11:32,829 - VO - NL - AUTOTRACK - 2019-04-01 00:00:00 - ERROR - FILE_CHECK - expect_column_values_to_match_regex - MOIS - Unexpected value: 8.0 on line 6, value should match regexp ^[0-9]{1,2}$
2019-06-04 16:11:32,829 - VO - NL - AUTOTRACK - 2019-04-01 00:00:00 - ERROR - FILE_CHECK - expect_column_values_to_match_regex - MOIS - Unexpected value: 0.0 on line 7, value should match regexp ^[0-9]{1,2}$
2019-06-04 16:11:32,829 - VO - NL - AUTOTRACK - 2019-04-01 00:00:00 - ERROR - FILE_CHECK - expect_column_values_to_match_regex - MOIS - Unexpected value: 0.0 on line 8, value should match regexp ^[0-9]{1,2}$
2019-06-04 16:11:32,829 - VO - NL - AUTOTRACK - 2019-04-01 00:00:00 - ERROR - FILE_CHECK - expect_column_values_to_match_regex - MOIS - Unexpected value: 11.0 on line 9, value should match regexp ^[0-9]{1,2}$
2019-06-04 16:11:32,829 - VO - NL - AUTOTRACK - 2019-04-01 00:00:00 - ERROR - FILE_CHECK - expect_column_values_to_match_regex - MOIS - Unexpected value: 4.0 on line 10, value should match regexp ^[0-9]{1,2}$
2019-06-04 16:11:32,829 - VO - NL - AUTOTRACK - 2019-04-01 00:00:00 - ERROR - FILE_CHECK - expect_column_values_to_match_regex - MOIS - Unexpected value: 2.0 on line 11, value should match regexp ^[0-9]{1,2}$
2019-06-04 16:11:32,829 - VO - NL - AUTOTRACK - 2019-04-01 00:00:00 - ERROR - FILE_CHECK - expect_column_values_to_match_regex - MOIS - Unexpected value: 12.0 on line 12, value should match regexp ^[0-9]{1,2}$
2019-06-04 16:11:32,830 - VO - NL - AUTOTRACK - 2019-04-01 00:00:00 - ERROR - FILE_CHECK - expect_column_values_to_match_regex - MOIS - Unexpected value: 1.0 on line 13, value should match regexp ^[0-9]{1,2}$
2019-06-04 16:11:32,830 - VO - NL - AUTOTRACK - 2019-04-01 00:00:00 - ERROR - FILE_CHECK - expect_column_values_to_match_regex - MOIS - Unexpected value: 11.0 on line 14, value should match regexp ^[0-9]{1,2}$
2019-06-04 16:11:32,830 - VO - NL - AUTOTRACK - 2019-04-01 00:00:00 - ERROR - FILE_CHECK - expect_column_values_to_match_regex - MOIS - Unexpected value: 7.0 on line 15, value should match regexp ^[0-9]{1,2}$
2019-06-04 16:11:32,830 - VO - NL - AUTOTRACK - 2019-04-01 00:00:00 - ERROR - FILE_CHECK - expect_column_values_to_match_regex - MOIS - Unexpected value: 5.0 on line 16, value should match regexp ^[0-9]{1,2}$
2019-06-04 16:11:32,830 - VO - NL - AUTOTRACK - 2019-04-01 00:00:00 - ERROR - FILE_CHECK - expect_column_values_to_match_regex - MOIS - Unexpected value: 1.0 on line 17, value should match regexp ^[0-9]{1,2}$
2019-06-04 16:11:32,830 - VO - NL - AUTOTRACK - 2019-04-01 00:00:00 - ERROR - FILE_CHECK - expect_column_values_to_match_regex - MOIS - Unexpected value: 2.0 on line 18, value should match regexp ^[0-9]{1,2}$
2019-06-04 16:11:32,830 - VO - NL - AUTOTRACK - 2019-04-01 00:00:00 - ERROR - FILE_CHECK - expect_column_values_to_match_regex - MOIS - Unexpected value: 1.0 on line 19, value should match regexp ^[0-9]{1,2}$
2019-06-04 16:11:32,830 - VO - NL - AUTOTRACK - 2019-04-01 00:00:00 - ERROR - STAT - expect_column_values_to_match_regex - MOIS - correctly filled rate (%) - 0.0
2019-06-04 16:11:32,830 - VO - NL - AUTOTRACK - 2019-04-01 00:00:00 - ERROR - STAT - expect_column_values_to_not_be_null - NOM - correctly filled rate (%) - 100.0
2019-06-04 16:11:32,830 - VO - NL - AUTOTRACK - 2019-04-01 00:00:00 - ERROR - FILE_CHECK - expect_column_value_lengths_to_be_between - NOM - Unexpected characters count of: [Bentley Continental ...] on line  187, value length should be between 10 and 255
2019-06-04 16:11:32,830 - VO - NL - AUTOTRACK - 2019-04-01 00:00:00 - ERROR - FILE_CHECK - expect_column_value_lengths_to_be_between - NOM - Unexpected characters count of: [Volkswagen Beetle Ca...] on line  259, value length should be between 10 and 255
2019-06-04 16:11:32,830 - VO - NL - AUTOTRACK - 2019-04-01 00:00:00 - ERROR - FILE_CHECK - expect_column_value_lengths_to_be_between - NOM - Unexpected characters count of: [Seat Ateca 1.4 EcoTS...] on line  377, value length should be between 10 and 255
2019-06-04 16:11:32,830 - VO - NL - AUTOTRACK - 2019-04-01 00:00:00 - ERROR - FILE_CHECK - expect_column_value_lengths_to_be_between - NOM - Unexpected characters count of: [Volkswagen Polo 1.0 ...] on line  455, value length should be between 10 and 255
2019-06-04 16:11:32,830 - VO - NL - AUTOTRACK - 2019-04-01 00:00:00 - ERROR - FILE_CHECK - expect_column_value_lengths_to_be_between - NOM - Unexpected characters count of: [Ford Fiesta 1.0 125 ...] on line  483, value length should be between 10 and 255
2019-06-04 16:11:32,830 - VO - NL - AUTOTRACK - 2019-04-01 00:00:00 - ERROR - FILE_CHECK - expect_column_value_lengths_to_be_between - NOM - Unexpected characters count of: [Audi A3 Sportback 1....] on line  570, value length should be between 10 and 255
2019-06-04 16:11:32,830 - VO - NL - AUTOTRACK - 2019-04-01 00:00:00 - ERROR - FILE_CHECK - expect_column_value_lengths_to_be_between - NOM - Unexpected characters count of: [Seat Ibiza 1.0 TSI 1...] on line  670, value length should be between 10 and 255
2019-06-04 16:11:32,830 - VO - NL - AUTOTRACK - 2019-04-01 00:00:00 - ERROR - FILE_CHECK - expect_column_value_lengths_to_be_between - NOM - Unexpected characters count of: [Seat Leon 1.4 TSI 12...] on line  728, value length should be between 10 and 255
2019-06-04 16:11:32,830 - VO - NL - AUTOTRACK - 2019-04-01 00:00:00 - ERROR - FILE_CHECK - expect_column_value_lengths_to_be_between - NOM - Unexpected characters count of: [Ford EcoSport 1.0 Ec...] on line  1274, value length should be between 10 and 255
2019-06-04 16:11:32,831 - VO - NL - AUTOTRACK - 2019-04-01 00:00:00 - ERROR - FILE_CHECK - expect_column_value_lengths_to_be_between - NOM - Unexpected characters count of: [Ford EcoSport 1.0 EC...] on line  1313, value length should be between 10 and 255
2019-06-04 16:11:32,831 - VO - NL - AUTOTRACK - 2019-04-01 00:00:00 - ERROR - FILE_CHECK - expect_column_value_lengths_to_be_between - NOM - Unexpected characters count of: [Ford Fiesta 1.0 Ecob...] on line  1337, value length should be between 10 and 255
2019-06-04 16:11:32,831 - VO - NL - AUTOTRACK - 2019-04-01 00:00:00 - ERROR - FILE_CHECK - expect_column_value_lengths_to_be_between - NOM - Unexpected characters count of: [Ford Fiesta 1.0-100P...] on line  1404, value length should be between 10 and 255
2019-06-04 16:11:32,831 - VO - NL - AUTOTRACK - 2019-04-01 00:00:00 - ERROR - FILE_CHECK - expect_column_value_lengths_to_be_between - NOM - Unexpected characters count of: [Mercedes-Benz S-klas...] on line  1934, value length should be between 10 and 255
2019-06-04 16:11:32,831 - VO - NL - AUTOTRACK - 2019-04-01 00:00:00 - ERROR - FILE_CHECK - expect_column_value_lengths_to_be_between - NOM - Unexpected characters count of: [Audi Q3 1.4 TFSI 150...] on line  2079, value length should be between 10 and 255
2019-06-04 16:11:32,831 - VO - NL - AUTOTRACK - 2019-04-01 00:00:00 - ERROR - FILE_CHECK - expect_column_value_lengths_to_be_between - NOM - Unexpected characters count of: [Ford Mondeo Wagon Vi...] on line  2716, value length should be between 10 and 255
2019-06-04 16:11:32,831 - VO - NL - AUTOTRACK - 2019-04-01 00:00:00 - ERROR - FILE_CHECK - expect_column_value_lengths_to_be_between - NOM - Unexpected characters count of: [Ford Fiesta 1.0 EcoB...] on line  2834, value length should be between 10 and 255
2019-06-04 16:11:32,831 - VO - NL - AUTOTRACK - 2019-04-01 00:00:00 - ERROR - FILE_CHECK - expect_column_value_lengths_to_be_between - NOM - Unexpected characters count of: [Opel Karl 1.0 Rocks ...] on line  3921, value length should be between 10 and 255
2019-06-04 16:11:32,831 - VO - NL - AUTOTRACK - 2019-04-01 00:00:00 - ERROR - FILE_CHECK - expect_column_value_lengths_to_be_between - NOM - Unexpected characters count of: [Ford Fiesta 1.5 TDCi...] on line  4387, value length should be between 10 and 255
2019-06-04 16:11:32,831 - VO - NL - AUTOTRACK - 2019-04-01 00:00:00 - ERROR - FILE_CHECK - expect_column_value_lengths_to_be_between - NOM - Unexpected characters count of: [Ford Fiesta ST-Line ...] on line  4433, value length should be between 10 and 255
2019-06-04 16:11:32,831 - VO - NL - AUTOTRACK - 2019-04-01 00:00:00 - ERROR - FILE_CHECK - expect_column_value_lengths_to_be_between - NOM - Unexpected characters count of: [Volkswagen Polo 1.0 ...] on line  4683, value length should be between 10 and 255
2019-06-04 16:11:32,831 - VO - NL - AUTOTRACK - 2019-04-01 00:00:00 - ERROR - STAT - expect_column_value_lengths_to_be_between - NOM - correctly filled rate (%) - 99.59
2019-06-04 16:11:32,831 - VO - NL - AUTOTRACK - 2019-04-01 00:00:00 - ERROR - STAT - expect_column_values_to_not_be_null - OPTIONS - correctly filled rate (%) - 99.62
2019-06-04 16:11:32,831 - VO - NL - AUTOTRACK - 2019-04-01 00:00:00 - ERROR - FILE_CHECK - expect_column_value_lengths_to_be_between - OPTIONS - Unexpected characters count of: [5 persoons, Achterba...] on line  0, value length should be between 0 and 255
2019-06-04 16:11:32,831 - VO - NL - AUTOTRACK - 2019-04-01 00:00:00 - ERROR - FILE_CHECK - expect_column_value_lengths_to_be_between - OPTIONS - Unexpected characters count of: [5 persoons, Achterba...] on line  2, value length should be between 0 and 255
2019-06-04 16:11:32,831 - VO - NL - AUTOTRACK - 2019-04-01 00:00:00 - ERROR - FILE_CHECK - expect_column_value_lengths_to_be_between - OPTIONS - Unexpected characters count of: [Achterbank deelbaar,...] on line  3, value length should be between 0 and 255
2019-06-04 16:11:32,831 - VO - NL - AUTOTRACK - 2019-04-01 00:00:00 - ERROR - FILE_CHECK - expect_column_value_lengths_to_be_between - OPTIONS - Unexpected characters count of: [5 persoons, Armsteun...] on line  4, value length should be between 0 and 255
2019-06-04 16:11:32,831 - VO - NL - AUTOTRACK - 2019-04-01 00:00:00 - ERROR - FILE_CHECK - expect_column_value_lengths_to_be_between - OPTIONS - Unexpected characters count of: [5 persoons, Achterba...] on line  5, value length should be between 0 and 255
2019-06-04 16:11:32,832 - VO - NL - AUTOTRACK - 2019-04-01 00:00:00 - ERROR - FILE_CHECK - expect_column_value_lengths_to_be_between - OPTIONS - Unexpected characters count of: [5 persoons, Bekledin...] on line  6, value length should be between 0 and 255
2019-06-04 16:11:32,832 - VO - NL - AUTOTRACK - 2019-04-01 00:00:00 - ERROR - FILE_CHECK - expect_column_value_lengths_to_be_between - OPTIONS - Unexpected characters count of: [Airconditioning, Arm...] on line  7, value length should be between 0 and 255
2019-06-04 16:11:32,832 - VO - NL - AUTOTRACK - 2019-04-01 00:00:00 - ERROR - FILE_CHECK - expect_column_value_lengths_to_be_between - OPTIONS - Unexpected characters count of: [Airconditioning, Arm...] on line  8, value length should be between 0 and 255
2019-06-04 16:11:32,832 - VO - NL - AUTOTRACK - 2019-04-01 00:00:00 - ERROR - FILE_CHECK - expect_column_value_lengths_to_be_between - OPTIONS - Unexpected characters count of: [5 persoons, Armsteun...] on line  9, value length should be between 0 and 255
2019-06-04 16:11:32,832 - VO - NL - AUTOTRACK - 2019-04-01 00:00:00 - ERROR - FILE_CHECK - expect_column_value_lengths_to_be_between - OPTIONS - Unexpected characters count of: [5 persoons, Achterba...] on line  10, value length should be between 0 and 255
2019-06-04 16:11:32,832 - VO - NL - AUTOTRACK - 2019-04-01 00:00:00 - ERROR - FILE_CHECK - expect_column_value_lengths_to_be_between - OPTIONS - Unexpected characters count of: [5 persoons, Achterba...] on line  11, value length should be between 0 and 255
2019-06-04 16:11:32,832 - VO - NL - AUTOTRACK - 2019-04-01 00:00:00 - ERROR - FILE_CHECK - expect_column_value_lengths_to_be_between - OPTIONS - Unexpected characters count of: [5 persoons, Achterba...] on line  12, value length should be between 0 and 255
2019-06-04 16:11:32,832 - VO - NL - AUTOTRACK - 2019-04-01 00:00:00 - ERROR - FILE_CHECK - expect_column_value_lengths_to_be_between - OPTIONS - Unexpected characters count of: [Airconditioning, Arm...] on line  13, value length should be between 0 and 255
2019-06-04 16:11:32,832 - VO - NL - AUTOTRACK - 2019-04-01 00:00:00 - ERROR - FILE_CHECK - expect_column_value_lengths_to_be_between - OPTIONS - Unexpected characters count of: [5 persoons, Achterba...] on line  14, value length should be between 0 and 255
2019-06-04 16:11:32,832 - VO - NL - AUTOTRACK - 2019-04-01 00:00:00 - ERROR - FILE_CHECK - expect_column_value_lengths_to_be_between - OPTIONS - Unexpected characters count of: [5 persoons, Achterba...] on line  15, value length should be between 0 and 255
2019-06-04 16:11:32,832 - VO - NL - AUTOTRACK - 2019-04-01 00:00:00 - ERROR - FILE_CHECK - expect_column_value_lengths_to_be_between - OPTIONS - Unexpected characters count of: [Achterbank deelbaar,...] on line  16, value length should be between 0 and 255
2019-06-04 16:11:32,832 - VO - NL - AUTOTRACK - 2019-04-01 00:00:00 - ERROR - FILE_CHECK - expect_column_value_lengths_to_be_between - OPTIONS - Unexpected characters count of: [5 persoons, Aircondi...] on line  18, value length should be between 0 and 255
2019-06-04 16:11:32,832 - VO - NL - AUTOTRACK - 2019-04-01 00:00:00 - ERROR - FILE_CHECK - expect_column_value_lengths_to_be_between - OPTIONS - Unexpected characters count of: [Bekleding leder, Boo...] on line  19, value length should be between 0 and 255
2019-06-04 16:11:32,832 - VO - NL - AUTOTRACK - 2019-04-01 00:00:00 - ERROR - FILE_CHECK - expect_column_value_lengths_to_be_between - OPTIONS - Unexpected characters count of: [Armsteun voor, Bekle...] on line  20, value length should be between 0 and 255
2019-06-04 16:11:32,832 - VO - NL - AUTOTRACK - 2019-04-01 00:00:00 - ERROR - FILE_CHECK - expect_column_value_lengths_to_be_between - OPTIONS - Unexpected characters count of: [5 persoons, Aircondi...] on line  21, value length should be between 0 and 255
2019-06-04 16:11:32,832 - VO - NL - AUTOTRACK - 2019-04-01 00:00:00 - ERROR - STAT - expect_column_value_lengths_to_be_between - OPTIONS - correctly filled rate (%) - 3.49
2019-06-04 16:11:32,832 - VO - NL - AUTOTRACK - 2019-04-01 00:00:00 - ERROR - FILE_CHECK - expect_column_values_to_be_in_type_list - PHOTO - Wrong type for value: 1.0 on line 0 should be in ['int']
2019-06-04 16:11:32,832 - VO - NL - AUTOTRACK - 2019-04-01 00:00:00 - ERROR - FILE_CHECK - expect_column_values_to_be_in_type_list - PHOTO - Wrong type for value: 1.0 on line 1 should be in ['int']
2019-06-04 16:11:32,833 - VO - NL - AUTOTRACK - 2019-04-01 00:00:00 - ERROR - FILE_CHECK - expect_column_values_to_be_in_type_list - PHOTO - Wrong type for value: 1.0 on line 2 should be in ['int']
2019-06-04 16:11:32,833 - VO - NL - AUTOTRACK - 2019-04-01 00:00:00 - ERROR - FILE_CHECK - expect_column_values_to_be_in_type_list - PHOTO - Wrong type for value: 1.0 on line 3 should be in ['int']
2019-06-04 16:11:32,833 - VO - NL - AUTOTRACK - 2019-04-01 00:00:00 - ERROR - FILE_CHECK - expect_column_values_to_be_in_type_list - PHOTO - Wrong type for value: 1.0 on line 4 should be in ['int']
2019-06-04 16:11:32,833 - VO - NL - AUTOTRACK - 2019-04-01 00:00:00 - ERROR - FILE_CHECK - expect_column_values_to_be_in_type_list - PHOTO - Wrong type for value: 1.0 on line 5 should be in ['int']
2019-06-04 16:11:32,833 - VO - NL - AUTOTRACK - 2019-04-01 00:00:00 - ERROR - FILE_CHECK - expect_column_values_to_be_in_type_list - PHOTO - Wrong type for value: 1.0 on line 6 should be in ['int']
2019-06-04 16:11:32,833 - VO - NL - AUTOTRACK - 2019-04-01 00:00:00 - ERROR - FILE_CHECK - expect_column_values_to_be_in_type_list - PHOTO - Wrong type for value: 1.0 on line 7 should be in ['int']
2019-06-04 16:11:32,833 - VO - NL - AUTOTRACK - 2019-04-01 00:00:00 - ERROR - FILE_CHECK - expect_column_values_to_be_in_type_list - PHOTO - Wrong type for value: 1.0 on line 8 should be in ['int']
2019-06-04 16:11:32,833 - VO - NL - AUTOTRACK - 2019-04-01 00:00:00 - ERROR - FILE_CHECK - expect_column_values_to_be_in_type_list - PHOTO - Wrong type for value: 1.0 on line 9 should be in ['int']
2019-06-04 16:11:32,833 - VO - NL - AUTOTRACK - 2019-04-01 00:00:00 - ERROR - FILE_CHECK - expect_column_values_to_be_in_type_list - PHOTO - Wrong type for value: 1.0 on line 10 should be in ['int']
2019-06-04 16:11:32,833 - VO - NL - AUTOTRACK - 2019-04-01 00:00:00 - ERROR - FILE_CHECK - expect_column_values_to_be_in_type_list - PHOTO - Wrong type for value: 1.0 on line 11 should be in ['int']
2019-06-04 16:11:32,833 - VO - NL - AUTOTRACK - 2019-04-01 00:00:00 - ERROR - FILE_CHECK - expect_column_values_to_be_in_type_list - PHOTO - Wrong type for value: 1.0 on line 12 should be in ['int']
2019-06-04 16:11:32,833 - VO - NL - AUTOTRACK - 2019-04-01 00:00:00 - ERROR - FILE_CHECK - expect_column_values_to_be_in_type_list - PHOTO - Wrong type for value: 1.0 on line 13 should be in ['int']
2019-06-04 16:11:32,833 - VO - NL - AUTOTRACK - 2019-04-01 00:00:00 - ERROR - FILE_CHECK - expect_column_values_to_be_in_type_list - PHOTO - Wrong type for value: 1.0 on line 14 should be in ['int']
2019-06-04 16:11:32,833 - VO - NL - AUTOTRACK - 2019-04-01 00:00:00 - ERROR - FILE_CHECK - expect_column_values_to_be_in_type_list - PHOTO - Wrong type for value: 1.0 on line 15 should be in ['int']
2019-06-04 16:11:32,833 - VO - NL - AUTOTRACK - 2019-04-01 00:00:00 - ERROR - FILE_CHECK - expect_column_values_to_be_in_type_list - PHOTO - Wrong type for value: 1.0 on line 16 should be in ['int']
2019-06-04 16:11:32,833 - VO - NL - AUTOTRACK - 2019-04-01 00:00:00 - ERROR - FILE_CHECK - expect_column_values_to_be_in_type_list - PHOTO - Wrong type for value: 1.0 on line 17 should be in ['int']
2019-06-04 16:11:32,833 - VO - NL - AUTOTRACK - 2019-04-01 00:00:00 - ERROR - FILE_CHECK - expect_column_values_to_be_in_type_list - PHOTO - Wrong type for value: 1.0 on line 18 should be in ['int']
2019-06-04 16:11:32,833 - VO - NL - AUTOTRACK - 2019-04-01 00:00:00 - ERROR - FILE_CHECK - expect_column_values_to_be_in_type_list - PHOTO - Wrong type for value: 1.0 on line 19 should be in ['int']
2019-06-04 16:11:32,834 - VO - NL - AUTOTRACK - 2019-04-01 00:00:00 - ERROR - STAT - expect_column_values_to_be_in_type_list - PHOTO - correctly filled rate (%) - 0.0
2019-06-04 16:11:32,834 - VO - NL - AUTOTRACK - 2019-04-01 00:00:00 - ERROR - STAT - expect_column_values_to_not_be_null - PHOTO - correctly filled rate (%) - 100.0
2019-06-04 16:11:32,834 - VO - NL - AUTOTRACK - 2019-04-01 00:00:00 - ERROR - FILE_CHECK - expect_column_values_to_be_in_type_list - PLACE - Wrong type for value: 6 on line 0 should be in ['int']
2019-06-04 16:11:32,834 - VO - NL - AUTOTRACK - 2019-04-01 00:00:00 - ERROR - FILE_CHECK - expect_column_values_to_be_in_type_list - PLACE - Wrong type for value: 5 on line 1 should be in ['int']
2019-06-04 16:11:32,834 - VO - NL - AUTOTRACK - 2019-04-01 00:00:00 - ERROR - FILE_CHECK - expect_column_values_to_be_in_type_list - PLACE - Wrong type for value: 6 on line 2 should be in ['int']
2019-06-04 16:11:32,834 - VO - NL - AUTOTRACK - 2019-04-01 00:00:00 - ERROR - FILE_CHECK - expect_column_values_to_be_in_type_list - PLACE - Wrong type for value: 5 on line 3 should be in ['int']
2019-06-04 16:11:32,834 - VO - NL - AUTOTRACK - 2019-04-01 00:00:00 - ERROR - FILE_CHECK - expect_column_values_to_be_in_type_list - PLACE - Wrong type for value: 6 on line 4 should be in ['int']
2019-06-04 16:11:32,834 - VO - NL - AUTOTRACK - 2019-04-01 00:00:00 - ERROR - FILE_CHECK - expect_column_values_to_be_in_type_list - PLACE - Wrong type for value: 5 on line 5 should be in ['int']
2019-06-04 16:11:32,834 - VO - NL - AUTOTRACK - 2019-04-01 00:00:00 - ERROR - FILE_CHECK - expect_column_values_to_be_in_type_list - PLACE - Wrong type for value: 6 on line 6 should be in ['int']
2019-06-04 16:11:32,834 - VO - NL - AUTOTRACK - 2019-04-01 00:00:00 - ERROR - FILE_CHECK - expect_column_values_to_be_in_type_list - PLACE - Wrong type for value: 5 on line 7 should be in ['int']
2019-06-04 16:11:32,834 - VO - NL - AUTOTRACK - 2019-04-01 00:00:00 - ERROR - FILE_CHECK - expect_column_values_to_be_in_type_list - PLACE - Wrong type for value: 5 on line 8 should be in ['int']
2019-06-04 16:11:32,834 - VO - NL - AUTOTRACK - 2019-04-01 00:00:00 - ERROR - FILE_CHECK - expect_column_values_to_be_in_type_list - PLACE - Wrong type for value: 6 on line 9 should be in ['int']
2019-06-04 16:11:32,834 - VO - NL - AUTOTRACK - 2019-04-01 00:00:00 - ERROR - FILE_CHECK - expect_column_values_to_be_in_type_list - PLACE - Wrong type for value: - on line 10 should be in ['int']
2019-06-04 16:11:32,834 - VO - NL - AUTOTRACK - 2019-04-01 00:00:00 - ERROR - FILE_CHECK - expect_column_values_to_be_in_type_list - PLACE - Wrong type for value: 8 on line 11 should be in ['int']
2019-06-04 16:11:32,834 - VO - NL - AUTOTRACK - 2019-04-01 00:00:00 - ERROR - FILE_CHECK - expect_column_values_to_be_in_type_list - PLACE - Wrong type for value: 6 on line 12 should be in ['int']
2019-06-04 16:11:32,834 - VO - NL - AUTOTRACK - 2019-04-01 00:00:00 - ERROR - FILE_CHECK - expect_column_values_to_be_in_type_list - PLACE - Wrong type for value: 6 on line 13 should be in ['int']
2019-06-04 16:11:32,834 - VO - NL - AUTOTRACK - 2019-04-01 00:00:00 - ERROR - FILE_CHECK - expect_column_values_to_be_in_type_list - PLACE - Wrong type for value: 9 on line 14 should be in ['int']
2019-06-04 16:11:32,834 - VO - NL - AUTOTRACK - 2019-04-01 00:00:00 - ERROR - FILE_CHECK - expect_column_values_to_be_in_type_list - PLACE - Wrong type for value: 6 on line 15 should be in ['int']
2019-06-04 16:11:32,835 - VO - NL - AUTOTRACK - 2019-04-01 00:00:00 - ERROR - FILE_CHECK - expect_column_values_to_be_in_type_list - PLACE - Wrong type for value: 5 on line 16 should be in ['int']
2019-06-04 16:11:32,835 - VO - NL - AUTOTRACK - 2019-04-01 00:00:00 - ERROR - FILE_CHECK - expect_column_values_to_be_in_type_list - PLACE - Wrong type for value: 5 on line 17 should be in ['int']
2019-06-04 16:11:32,835 - VO - NL - AUTOTRACK - 2019-04-01 00:00:00 - ERROR - FILE_CHECK - expect_column_values_to_be_in_type_list - PLACE - Wrong type for value: 6 on line 18 should be in ['int']
2019-06-04 16:11:32,835 - VO - NL - AUTOTRACK - 2019-04-01 00:00:00 - ERROR - FILE_CHECK - expect_column_values_to_be_in_type_list - PLACE - Wrong type for value: 6 on line 19 should be in ['int']
2019-06-04 16:11:32,835 - VO - NL - AUTOTRACK - 2019-04-01 00:00:00 - ERROR - STAT - expect_column_values_to_be_in_type_list - PLACE - correctly filled rate (%) - 0.0
2019-06-04 16:11:32,835 - VO - NL - AUTOTRACK - 2019-04-01 00:00:00 - ERROR - STAT - expect_column_values_to_not_be_null - PLACE - correctly filled rate (%) - 100.0
2019-06-04 16:11:32,835 - VO - NL - AUTOTRACK - 2019-04-01 00:00:00 - ERROR - STAT - expect_column_values_to_not_be_null - PORTE - correctly filled rate (%) - 100.0
2019-06-04 16:11:32,835 - VO - NL - AUTOTRACK - 2019-04-01 00:00:00 - ERROR - FILE_CHECK - expect_column_values_to_be_in_type_list - PORTE - Wrong type for value: 5 on line 0 should be in ['int', 'float']
2019-06-04 16:11:32,835 - VO - NL - AUTOTRACK - 2019-04-01 00:00:00 - ERROR - FILE_CHECK - expect_column_values_to_be_in_type_list - PORTE - Wrong type for value: 3 on line 1 should be in ['int', 'float']
2019-06-04 16:11:32,835 - VO - NL - AUTOTRACK - 2019-04-01 00:00:00 - ERROR - FILE_CHECK - expect_column_values_to_be_in_type_list - PORTE - Wrong type for value: 5 on line 2 should be in ['int', 'float']
2019-06-04 16:11:32,835 - VO - NL - AUTOTRACK - 2019-04-01 00:00:00 - ERROR - FILE_CHECK - expect_column_values_to_be_in_type_list - PORTE - Wrong type for value: 5 on line 3 should be in ['int', 'float']
2019-06-04 16:11:32,835 - VO - NL - AUTOTRACK - 2019-04-01 00:00:00 - ERROR - FILE_CHECK - expect_column_values_to_be_in_type_list - PORTE - Wrong type for value: 5 on line 4 should be in ['int', 'float']
2019-06-04 16:11:32,835 - VO - NL - AUTOTRACK - 2019-04-01 00:00:00 - ERROR - FILE_CHECK - expect_column_values_to_be_in_type_list - PORTE - Wrong type for value: 5 on line 5 should be in ['int', 'float']
2019-06-04 16:11:32,835 - VO - NL - AUTOTRACK - 2019-04-01 00:00:00 - ERROR - FILE_CHECK - expect_column_values_to_be_in_type_list - PORTE - Wrong type for value: 5 on line 6 should be in ['int', 'float']
2019-06-04 16:11:32,835 - VO - NL - AUTOTRACK - 2019-04-01 00:00:00 - ERROR - FILE_CHECK - expect_column_values_to_be_in_type_list - PORTE - Wrong type for value: 5 on line 7 should be in ['int', 'float']
2019-06-04 16:11:32,835 - VO - NL - AUTOTRACK - 2019-04-01 00:00:00 - ERROR - FILE_CHECK - expect_column_values_to_be_in_type_list - PORTE - Wrong type for value: 5 on line 8 should be in ['int', 'float']
2019-06-04 16:11:32,835 - VO - NL - AUTOTRACK - 2019-04-01 00:00:00 - ERROR - FILE_CHECK - expect_column_values_to_be_in_type_list - PORTE - Wrong type for value: 5 on line 9 should be in ['int', 'float']
2019-06-04 16:11:32,835 - VO - NL - AUTOTRACK - 2019-04-01 00:00:00 - ERROR - FILE_CHECK - expect_column_values_to_be_in_type_list - PORTE - Wrong type for value: 5 on line 10 should be in ['int', 'float']
2019-06-04 16:11:32,836 - VO - NL - AUTOTRACK - 2019-04-01 00:00:00 - ERROR - FILE_CHECK - expect_column_values_to_be_in_type_list - PORTE - Wrong type for value: 5 on line 11 should be in ['int', 'float']
2019-06-04 16:11:32,836 - VO - NL - AUTOTRACK - 2019-04-01 00:00:00 - ERROR - FILE_CHECK - expect_column_values_to_be_in_type_list - PORTE - Wrong type for value: 5 on line 12 should be in ['int', 'float']
2019-06-04 16:11:32,836 - VO - NL - AUTOTRACK - 2019-04-01 00:00:00 - ERROR - FILE_CHECK - expect_column_values_to_be_in_type_list - PORTE - Wrong type for value: 5 on line 13 should be in ['int', 'float']
2019-06-04 16:11:32,836 - VO - NL - AUTOTRACK - 2019-04-01 00:00:00 - ERROR - FILE_CHECK - expect_column_values_to_be_in_type_list - PORTE - Wrong type for value: 4 on line 14 should be in ['int', 'float']
2019-06-04 16:11:32,836 - VO - NL - AUTOTRACK - 2019-04-01 00:00:00 - ERROR - FILE_CHECK - expect_column_values_to_be_in_type_list - PORTE - Wrong type for value: 5 on line 15 should be in ['int', 'float']
2019-06-04 16:11:32,836 - VO - NL - AUTOTRACK - 2019-04-01 00:00:00 - ERROR - FILE_CHECK - expect_column_values_to_be_in_type_list - PORTE - Wrong type for value: 2 on line 16 should be in ['int', 'float']
2019-06-04 16:11:32,836 - VO - NL - AUTOTRACK - 2019-04-01 00:00:00 - ERROR - FILE_CHECK - expect_column_values_to_be_in_type_list - PORTE - Wrong type for value: 5 on line 17 should be in ['int', 'float']
2019-06-04 16:11:32,836 - VO - NL - AUTOTRACK - 2019-04-01 00:00:00 - ERROR - FILE_CHECK - expect_column_values_to_be_in_type_list - PORTE - Wrong type for value: 5 on line 18 should be in ['int', 'float']
2019-06-04 16:11:32,836 - VO - NL - AUTOTRACK - 2019-04-01 00:00:00 - ERROR - FILE_CHECK - expect_column_values_to_be_in_type_list - PORTE - Wrong type for value: 5 on line 19 should be in ['int', 'float']
2019-06-04 16:11:32,836 - VO - NL - AUTOTRACK - 2019-04-01 00:00:00 - ERROR - STAT - expect_column_values_to_be_in_type_list - PORTE - correctly filled rate (%) - 0.0
2019-06-04 16:11:32,836 - VO - NL - AUTOTRACK - 2019-04-01 00:00:00 - ERROR - STAT - expect_column_values_to_be_in_type_list - PRIX - correctly filled rate (%) - 95.64
2019-06-04 16:11:32,836 - VO - NL - AUTOTRACK - 2019-04-01 00:00:00 - ERROR - STAT - expect_column_values_to_not_be_null - PRIX - correctly filled rate (%) - 100.0
2019-06-04 16:11:32,836 - VO - NL - AUTOTRACK - 2019-04-01 00:00:00 - ERROR - STAT - expect_column_values_to_not_be_null - PROVINCE - correctly filled rate (%) - 0.0
2019-06-04 16:11:32,836 - VO - NL - AUTOTRACK - 2019-04-01 00:00:00 - ERROR - STAT - expect_column_values_to_not_be_null - SITE - correctly filled rate (%) - 100.0
2019-06-04 16:11:32,836 - VO - NL - AUTOTRACK - 2019-04-01 00:00:00 - ERROR - STAT - expect_column_values_to_not_be_null - TELEPHONE - correctly filled rate (%) - 98.94
2019-06-04 16:11:32,836 - VO - NL - AUTOTRACK - 2019-04-01 00:00:00 - ERROR - STAT - expect_column_values_to_be_phone_number - TELEPHONE - correctly filled rate (%) - 100.0
2019-06-04 16:11:32,836 - VO - NL - AUTOTRACK - 2019-04-01 00:00:00 - ERROR - STAT - expect_column_values_to_not_be_null - TYPE - correctly filled rate (%) - 100.0
2019-06-04 16:11:32,836 - VO - NL - AUTOTRACK - 2019-04-01 00:00:00 - ERROR - STAT - expect_column_values_to_be_in_set_2 - TYPE - observed proportion - 100.0
2019-06-04 16:11:32,837 - VO - NL - AUTOTRACK - 2019-04-01 00:00:00 - ERROR - STAT - expect_column_values_to_not_be_null - VILLE - correctly filled rate (%) - 100.0
2019-06-04 16:11:32,837 - VO - NL - AUTOTRACK - 2019-04-01 00:00:00 - ERROR - STAT - expect_column_values_to_not_be_null - VN_IND - correctly filled rate (%) - 100.0
2019-06-04 16:11:32,837 - VO - NL - AUTOTRACK - 2019-04-01 00:00:00 - ERROR - STAT - expect_column_values_to_be_in_set - VN_IND - correctly filled rate (%) - 100.0
2019-06-04 16:11:32,837 - VO - NL - AUTOTRACK - 2019-04-01 00:00:00 - ERROR - STAT - expect_returning_row_count_on_conditions - DEALER_USEDCARS - total number of row with conditions - 184505
2019-06-04 16:11:32,837 - VO - NL - AUTOTRACK - 2019-04-01 00:00:00 - ERROR - STAT - expect_returning_row_count_on_conditions - PRIVATE_USEDCARS - total number of row with conditions - 3474
2019-06-04 16:11:32,837 - VO - NL - AUTOTRACK - 2019-04-01 00:00:00 - ERROR - STAT - expect_returning_row_unique_count - MARQUE_CORRECTED - total number of unique rows - 104
2019-06-04 16:11:32,837 - VO - NL - AUTOTRACK - 2019-04-01 00:00:00 - ERROR - STAT - expect_returning_row_unique_count - MODELE_CORRECTED - total number of unique rows - 988
2019-06-04 16:11:32,837 - VO - NL - AUTOTRACK - 2019-04-01 00:00:00 - ERROR - STAT - expect_returning_row_unique_count - CARROSSERIE - total number of unique rows - 12
2019-06-04 16:11:32,837 - VO - NL - AUTOTRACK - 2019-04-01 00:00:00 - ERROR - STAT - expect_returning_row_unique_count - CARBURANT - total number of unique rows - 8
2019-06-04 16:11:32,837 - VO - NL - AUTOTRACK - 2019-04-01 00:00:00 - ERROR - STAT - expect_column_values_to_not_be_null - CYLINDRE - correctly filled rate (%) - 48.39
2019-06-04 16:11:32,837 - VO - NL - AUTOTRACK - 2019-04-01 00:00:00 - ERROR - FILE_CHECK - expect_column_values_to_be_in_type_list - CYLINDRE - Wrong type for value: 2.435 on line 88948 should be in ['int']
2019-06-04 16:11:32,837 - VO - NL - AUTOTRACK - 2019-04-01 00:00:00 - ERROR - FILE_CHECK - expect_column_values_to_be_in_type_list - CYLINDRE - Wrong type for value: 1.595 on line 88949 should be in ['int']
2019-06-04 16:11:32,837 - VO - NL - AUTOTRACK - 2019-04-01 00:00:00 - ERROR - FILE_CHECK - expect_column_values_to_be_in_type_list - CYLINDRE - Wrong type for value: 1.391 on line 88950 should be in ['int']
2019-06-04 16:11:32,837 - VO - NL - AUTOTRACK - 2019-04-01 00:00:00 - ERROR - FILE_CHECK - expect_column_values_to_be_in_type_list - CYLINDRE - Wrong type for value: 1.598 on line 88951 should be in ['int']
2019-06-04 16:11:32,837 - VO - NL - AUTOTRACK - 2019-04-01 00:00:00 - ERROR - FILE_CHECK - expect_column_values_to_be_in_type_list - CYLINDRE - Wrong type for value: 1.984 on line 88952 should be in ['int']
2019-06-04 16:11:32,837 - VO - NL - AUTOTRACK - 2019-04-01 00:00:00 - ERROR - FILE_CHECK - expect_column_values_to_be_in_type_list - CYLINDRE - Wrong type for value: 1.229 on line 88953 should be in ['int']
2019-06-04 16:11:32,837 - VO - NL - AUTOTRACK - 2019-04-01 00:00:00 - ERROR - FILE_CHECK - expect_column_values_to_be_in_type_list - CYLINDRE - Wrong type for value: 1.461 on line 88954 should be in ['int']
2019-06-04 16:11:32,837 - VO - NL - AUTOTRACK - 2019-04-01 00:00:00 - ERROR - FILE_CHECK - expect_column_values_to_be_in_type_list - CYLINDRE - Wrong type for value: 1.995 on line 88955 should be in ['int']
2019-06-04 16:11:32,838 - VO - NL - AUTOTRACK - 2019-04-01 00:00:00 - ERROR - FILE_CHECK - expect_column_values_to_be_in_type_list - CYLINDRE - Wrong type for value: 5.700 on line 88956 should be in ['int']
2019-06-04 16:11:32,838 - VO - NL - AUTOTRACK - 2019-04-01 00:00:00 - ERROR - FILE_CHECK - expect_column_values_to_be_in_type_list - CYLINDRE - Wrong type for value: 5.700 on line 88957 should be in ['int']
2019-06-04 16:11:32,838 - VO - NL - AUTOTRACK - 2019-04-01 00:00:00 - ERROR - FILE_CHECK - expect_column_values_to_be_in_type_list - CYLINDRE - Wrong type for value: 1.560 on line 88958 should be in ['int']
2019-06-04 16:11:32,838 - VO - NL - AUTOTRACK - 2019-04-01 00:00:00 - ERROR - FILE_CHECK - expect_column_values_to_be_in_type_list - CYLINDRE - Wrong type for value: 1.995 on line 88959 should be in ['int']
2019-06-04 16:11:32,838 - VO - NL - AUTOTRACK - 2019-04-01 00:00:00 - ERROR - FILE_CHECK - expect_column_values_to_be_in_type_list - CYLINDRE - Wrong type for value: 5.666 on line 88960 should be in ['int']
2019-06-04 16:11:32,838 - VO - NL - AUTOTRACK - 2019-04-01 00:00:00 - ERROR - FILE_CHECK - expect_column_values_to_be_in_type_list - CYLINDRE - Wrong type for value: 2.521 on line 88961 should be in ['int']
2019-06-04 16:11:32,838 - VO - NL - AUTOTRACK - 2019-04-01 00:00:00 - ERROR - FILE_CHECK - expect_column_values_to_be_in_type_list - CYLINDRE - Wrong type for value: 1.968 on line 88962 should be in ['int']
2019-06-04 16:11:32,838 - VO - NL - AUTOTRACK - 2019-04-01 00:00:00 - ERROR - FILE_CHECK - expect_column_values_to_be_in_type_list - CYLINDRE - Wrong type for value: 1.149 on line 88963 should be in ['int']
2019-06-04 16:11:32,838 - VO - NL - AUTOTRACK - 2019-04-01 00:00:00 - ERROR - FILE_CHECK - expect_column_values_to_be_in_type_list - CYLINDRE - Wrong type for value: 998 c on line 88964 should be in ['int']
2019-06-04 16:11:32,838 - VO - NL - AUTOTRACK - 2019-04-01 00:00:00 - ERROR - FILE_CHECK - expect_column_values_to_be_in_type_list - CYLINDRE - Wrong type for value: 1.396 on line 88965 should be in ['int']
2019-06-04 16:11:32,838 - VO - NL - AUTOTRACK - 2019-04-01 00:00:00 - ERROR - FILE_CHECK - expect_column_values_to_be_in_type_list - CYLINDRE - Wrong type for value: 1.422 on line 88966 should be in ['int']
2019-06-04 16:11:32,838 - VO - NL - AUTOTRACK - 2019-04-01 00:00:00 - ERROR - FILE_CHECK - expect_column_values_to_be_in_type_list - CYLINDRE - Wrong type for value: 1.998 on line 88967 should be in ['int']
2019-06-04 16:11:32,838 - VO - NL - AUTOTRACK - 2019-04-01 00:00:00 - ERROR - STAT - expect_column_values_to_be_in_type_list - CYLINDRE - correctly filled rate (%) - 0.0
2019-06-04 16:11:32,838 - VO - NL - AUTOTRACK - 2019-04-01 00:00:00 - ERROR - STAT - expect_returning_row_unique_count - PROVINCE - total number of unique rows - 0
2019-06-04 16:11:32,838 - VO - NL - AUTOTRACK - 2019-04-01 00:00:00 - ERROR - STAT - expect_returning_row_unique_count - VILLE - total number of unique rows - 1618
2019-06-04 16:11:32,838 - VO - NL - AUTOTRACK - 2019-04-01 00:00:00 - ERROR - STAT - expect_returning_row_unique_count - DEPARTEMENT - total number of unique rows - 13
