2019-09-30 15:29:40,195 - JOBS - FR - STEPSTONE - 2019-09-01 00:00:00 - ERROR - STAT - expect_column_values_to_not_be_null - ANNONCE_LINK - correctly filled rate (%) - 100.0

2019-09-30 15:29:40,195 - JOBS - FR - STEPSTONE - 2019-09-01 00:00:00 - ERROR - STAT - expect_column_values_to_be_unique - ANNONCE_LINK - observed proportion - 100.0

2019-09-30 15:29:40,195 - JOBS - FR - STEPSTONE - 2019-09-01 00:00:00 - ERROR - STAT - expect_column_values_to_not_be_null - ANNONCE_TEXT - correctly filled rate (%) - 89.29

2019-09-30 15:29:40,195 - JOBS - FR - STEPSTONE - 2019-09-01 00:00:00 - ERROR - FILE_CHECK - expect_column_value_lengths_to_be_between - ANNONCE_TEXT - Unexpected characters count of: [RESPONSABLE RAYON CH...] on line  0, value length should be between 0 and 255

2019-09-30 15:29:40,195 - JOBS - FR - STEPSTONE - 2019-09-01 00:00:00 - ERROR - FILE_CHECK - expect_column_value_lengths_to_be_between - ANNONCE_TEXT - Unexpected characters count of: [STAGIAIRE COMMERCIAL...] on line  1, value length should be between 0 and 255

2019-09-30 15:29:40,195 - JOBS - FR - STEPSTONE - 2019-09-01 00:00:00 - ERROR - FILE_CHECK - expect_column_value_lengths_to_be_between - ANNONCE_TEXT - Unexpected characters count of: [ASSISTANT RH F/H  Ge...] on line  2, value length should be between 0 and 255

2019-09-30 15:29:40,195 - JOBS - FR - STEPSTONE - 2019-09-01 00:00:00 - ERROR - FILE_CHECK - expect_column_value_lengths_to_be_between - ANNONCE_TEXT - Unexpected characters count of: [CHEF DE RAYON MAREE ...] on line  3, value length should be between 0 and 255

2019-09-30 15:29:40,195 - JOBS - FR - STEPSTONE - 2019-09-01 00:00:00 - ERROR - FILE_CHECK - expect_column_value_lengths_to_be_between - ANNONCE_TEXT - Unexpected characters count of: [CHEF DE SECTEUR PF F...] on line  4, value length should be between 0 and 255

2019-09-30 15:29:40,195 - JOBS - FR - STEPSTONE - 2019-09-01 00:00:00 - ERROR - FILE_CHECK - expect_column_value_lengths_to_be_between - ANNONCE_TEXT - Unexpected characters count of: [CHEF DE RAYON EPICER...] on line  5, value length should be between 0 and 255

2019-09-30 15:29:40,195 - JOBS - FR - STEPSTONE - 2019-09-01 00:00:00 - ERROR - FILE_CHECK - expect_column_value_lengths_to_be_between - ANNONCE_TEXT - Unexpected characters count of: [CHEF DE SECTEUR BAZA...] on line  6, value length should be between 0 and 255

2019-09-30 15:29:40,195 - JOBS - FR - STEPSTONE - 2019-09-01 00:00:00 - ERROR - FILE_CHECK - expect_column_value_lengths_to_be_between - ANNONCE_TEXT - Unexpected characters count of: [Demandeur dâ??emploi...] on line  7, value length should be between 0 and 255

2019-09-30 15:29:40,195 - JOBS - FR - STEPSTONE - 2019-09-01 00:00:00 - ERROR - FILE_CHECK - expect_column_value_lengths_to_be_between - ANNONCE_TEXT - Unexpected characters count of: [Demandeur dâ??emploi...] on line  8, value length should be between 0 and 255

2019-09-30 15:29:40,195 - JOBS - FR - STEPSTONE - 2019-09-01 00:00:00 - ERROR - FILE_CHECK - expect_column_value_lengths_to_be_between - ANNONCE_TEXT - Unexpected characters count of: [Demandeur dâ??emploi...] on line  9, value length should be between 0 and 255

2019-09-30 15:29:40,195 - JOBS - FR - STEPSTONE - 2019-09-01 00:00:00 - ERROR - FILE_CHECK - expect_column_value_lengths_to_be_between - ANNONCE_TEXT - Unexpected characters count of: [Demandeur dâ??emploi...] on line  10, value length should be between 0 and 255

2019-09-30 15:29:40,195 - JOBS - FR - STEPSTONE - 2019-09-01 00:00:00 - ERROR - FILE_CHECK - expect_column_value_lengths_to_be_between - ANNONCE_TEXT - Unexpected characters count of: [Demandeur dâ??emploi...] on line  11, value length should be between 0 and 255

2019-09-30 15:29:40,196 - JOBS - FR - STEPSTONE - 2019-09-01 00:00:00 - ERROR - FILE_CHECK - expect_column_value_lengths_to_be_between - ANNONCE_TEXT - Unexpected characters count of: [Demandeur dâ??emploi...] on line  12, value length should be between 0 and 255

2019-09-30 15:29:40,196 - JOBS - FR - STEPSTONE - 2019-09-01 00:00:00 - ERROR - FILE_CHECK - expect_column_value_lengths_to_be_between - ANNONCE_TEXT - Unexpected characters count of: [Demandeur dâ??emploi...] on line  13, value length should be between 0 and 255

2019-09-30 15:29:40,196 - JOBS - FR - STEPSTONE - 2019-09-01 00:00:00 - ERROR - FILE_CHECK - expect_column_value_lengths_to_be_between - ANNONCE_TEXT - Unexpected characters count of: [Demandeur dâ??emploi...] on line  14, value length should be between 0 and 255

2019-09-30 15:29:40,196 - JOBS - FR - STEPSTONE - 2019-09-01 00:00:00 - ERROR - FILE_CHECK - expect_column_value_lengths_to_be_between - ANNONCE_TEXT - Unexpected characters count of: [Demandeur dâ??emploi...] on line  15, value length should be between 0 and 255

2019-09-30 15:29:40,196 - JOBS - FR - STEPSTONE - 2019-09-01 00:00:00 - ERROR - FILE_CHECK - expect_column_value_lengths_to_be_between - ANNONCE_TEXT - Unexpected characters count of: [Demandeur dâ??emploi...] on line  16, value length should be between 0 and 255

2019-09-30 15:29:40,196 - JOBS - FR - STEPSTONE - 2019-09-01 00:00:00 - ERROR - FILE_CHECK - expect_column_value_lengths_to_be_between - ANNONCE_TEXT - Unexpected characters count of: [Demandeur dâ??emploi...] on line  17, value length should be between 0 and 255

2019-09-30 15:29:40,196 - JOBS - FR - STEPSTONE - 2019-09-01 00:00:00 - ERROR - FILE_CHECK - expect_column_value_lengths_to_be_between - ANNONCE_TEXT - Unexpected characters count of: [Demandeur dâ??emploi...] on line  18, value length should be between 0 and 255

2019-09-30 15:29:40,196 - JOBS - FR - STEPSTONE - 2019-09-01 00:00:00 - ERROR - FILE_CHECK - expect_column_value_lengths_to_be_between - ANNONCE_TEXT - Unexpected characters count of: [Demandeur dâ??emploi...] on line  19, value length should be between 0 and 255

2019-09-30 15:29:40,196 - JOBS - FR - STEPSTONE - 2019-09-01 00:00:00 - ERROR - STAT - expect_column_value_lengths_to_be_between - ANNONCE_TEXT - correctly filled rate (%) - 0.67

2019-09-30 15:29:40,196 - JOBS - FR - STEPSTONE - 2019-09-01 00:00:00 - ERROR - STAT - expect_column_values_to_not_be_null - ANNONCEUR - correctly filled rate (%) - 94.16

2019-09-30 15:29:40,196 - JOBS - FR - STEPSTONE - 2019-09-01 00:00:00 - ERROR - STAT - expect_column_values_to_not_be_null - ANNONCEUR_ID - correctly filled rate (%) - 94.16

2019-09-30 15:29:40,196 - JOBS - FR - STEPSTONE - 2019-09-01 00:00:00 - ERROR - FILE_CHECK - expect_column_values_to_match_regex - ANNONCEUR_ID - Unexpected value: UNEPIÈC on line 77, value should match regexp ^[0-9A-Za-z]{,7}$

2019-09-30 15:29:40,196 - JOBS - FR - STEPSTONE - 2019-09-01 00:00:00 - ERROR - FILE_CHECK - expect_column_values_to_match_regex - ANNONCEUR_ID - Unexpected value: UNEPIÈC on line 78, value should match regexp ^[0-9A-Za-z]{,7}$

2019-09-30 15:29:40,196 - JOBS - FR - STEPSTONE - 2019-09-01 00:00:00 - ERROR - FILE_CHECK - expect_column_values_to_match_regex - ANNONCEUR_ID - Unexpected value: UNEPIÈC on line 79, value should match regexp ^[0-9A-Za-z]{,7}$

2019-09-30 15:29:40,196 - JOBS - FR - STEPSTONE - 2019-09-01 00:00:00 - ERROR - FILE_CHECK - expect_column_values_to_match_regex - ANNONCEUR_ID - Unexpected value: UNEPIÈC on line 80, value should match regexp ^[0-9A-Za-z]{,7}$

2019-09-30 15:29:40,196 - JOBS - FR - STEPSTONE - 2019-09-01 00:00:00 - ERROR - FILE_CHECK - expect_column_values_to_match_regex - ANNONCEUR_ID - Unexpected value: UNEPIÈC on line 81, value should match regexp ^[0-9A-Za-z]{,7}$

2019-09-30 15:29:40,196 - JOBS - FR - STEPSTONE - 2019-09-01 00:00:00 - ERROR - FILE_CHECK - expect_column_values_to_match_regex - ANNONCEUR_ID - Unexpected value: UNEPIÈC on line 113, value should match regexp ^[0-9A-Za-z]{,7}$

2019-09-30 15:29:40,197 - JOBS - FR - STEPSTONE - 2019-09-01 00:00:00 - ERROR - FILE_CHECK - expect_column_values_to_match_regex - ANNONCEUR_ID - Unexpected value: UNEPIÈC on line 114, value should match regexp ^[0-9A-Za-z]{,7}$

2019-09-30 15:29:40,197 - JOBS - FR - STEPSTONE - 2019-09-01 00:00:00 - ERROR - FILE_CHECK - expect_column_values_to_match_regex - ANNONCEUR_ID - Unexpected value: UNEPIÈC on line 115, value should match regexp ^[0-9A-Za-z]{,7}$

2019-09-30 15:29:40,197 - JOBS - FR - STEPSTONE - 2019-09-01 00:00:00 - ERROR - FILE_CHECK - expect_column_values_to_match_regex - ANNONCEUR_ID - Unexpected value: UNEPIÈC on line 116, value should match regexp ^[0-9A-Za-z]{,7}$

2019-09-30 15:29:40,197 - JOBS - FR - STEPSTONE - 2019-09-01 00:00:00 - ERROR - FILE_CHECK - expect_column_values_to_match_regex - ANNONCEUR_ID - Unexpected value: UNEPIÈC on line 117, value should match regexp ^[0-9A-Za-z]{,7}$

2019-09-30 15:29:40,197 - JOBS - FR - STEPSTONE - 2019-09-01 00:00:00 - ERROR - FILE_CHECK - expect_column_values_to_match_regex - ANNONCEUR_ID - Unexpected value: UNEPIÈC on line 118, value should match regexp ^[0-9A-Za-z]{,7}$

2019-09-30 15:29:40,197 - JOBS - FR - STEPSTONE - 2019-09-01 00:00:00 - ERROR - FILE_CHECK - expect_column_values_to_match_regex - ANNONCEUR_ID - Unexpected value: UNEPIÈC on line 119, value should match regexp ^[0-9A-Za-z]{,7}$

2019-09-30 15:29:40,197 - JOBS - FR - STEPSTONE - 2019-09-01 00:00:00 - ERROR - FILE_CHECK - expect_column_values_to_match_regex - ANNONCEUR_ID - Unexpected value: UNEPIÈC on line 120, value should match regexp ^[0-9A-Za-z]{,7}$

2019-09-30 15:29:40,197 - JOBS - FR - STEPSTONE - 2019-09-01 00:00:00 - ERROR - FILE_CHECK - expect_column_values_to_match_regex - ANNONCEUR_ID - Unexpected value: UNEPIÈC on line 121, value should match regexp ^[0-9A-Za-z]{,7}$

2019-09-30 15:29:40,197 - JOBS - FR - STEPSTONE - 2019-09-01 00:00:00 - ERROR - FILE_CHECK - expect_column_values_to_match_regex - ANNONCEUR_ID - Unexpected value: UNEPIÈC on line 122, value should match regexp ^[0-9A-Za-z]{,7}$

2019-09-30 15:29:40,197 - JOBS - FR - STEPSTONE - 2019-09-01 00:00:00 - ERROR - FILE_CHECK - expect_column_values_to_match_regex - ANNONCEUR_ID - Unexpected value: SNCFRÉS on line 130, value should match regexp ^[0-9A-Za-z]{,7}$

2019-09-30 15:29:40,197 - JOBS - FR - STEPSTONE - 2019-09-01 00:00:00 - ERROR - FILE_CHECK - expect_column_values_to_match_regex - ANNONCEUR_ID - Unexpected value: SNCFRÉS on line 131, value should match regexp ^[0-9A-Za-z]{,7}$

2019-09-30 15:29:40,197 - JOBS - FR - STEPSTONE - 2019-09-01 00:00:00 - ERROR - FILE_CHECK - expect_column_values_to_match_regex - ANNONCEUR_ID - Unexpected value: SNCFRÉS on line 132, value should match regexp ^[0-9A-Za-z]{,7}$

2019-09-30 15:29:40,197 - JOBS - FR - STEPSTONE - 2019-09-01 00:00:00 - ERROR - FILE_CHECK - expect_column_values_to_match_regex - ANNONCEUR_ID - Unexpected value: SNCFRÉS on line 133, value should match regexp ^[0-9A-Za-z]{,7}$

2019-09-30 15:29:40,197 - JOBS - FR - STEPSTONE - 2019-09-01 00:00:00 - ERROR - FILE_CHECK - expect_column_values_to_match_regex - ANNONCEUR_ID - Unexpected value: SNCFRÉS on line 134, value should match regexp ^[0-9A-Za-z]{,7}$

2019-09-30 15:29:40,197 - JOBS - FR - STEPSTONE - 2019-09-01 00:00:00 - ERROR - STAT - expect_column_values_to_match_regex - ANNONCEUR_ID - correctly filled rate (%) - 90.96

2019-09-30 15:29:40,197 - JOBS - FR - STEPSTONE - 2019-09-01 00:00:00 - ERROR - STAT - expect_column_values_to_not_be_null - ANNONCEUR_ID_3 - correctly filled rate (%) - 94.16

2019-09-30 15:29:40,197 - JOBS - FR - STEPSTONE - 2019-09-01 00:00:00 - ERROR - FILE_CHECK - expect_column_values_to_match_regex - ANNONCEUR_ID_3 - Unexpected value: ÂBORO on line 900, value should match regexp ^[0-9A-Za-z]{,5}$

2019-09-30 15:29:40,198 - JOBS - FR - STEPSTONE - 2019-09-01 00:00:00 - ERROR - FILE_CHECK - expect_column_values_to_match_regex - ANNONCEUR_ID_3 - Unexpected value: PÔLER on line 1064, value should match regexp ^[0-9A-Za-z]{,5}$

2019-09-30 15:29:40,198 - JOBS - FR - STEPSTONE - 2019-09-01 00:00:00 - ERROR - FILE_CHECK - expect_column_values_to_match_regex - ANNONCEUR_ID_3 - Unexpected value: PÔLER on line 1065, value should match regexp ^[0-9A-Za-z]{,5}$

2019-09-30 15:29:40,198 - JOBS - FR - STEPSTONE - 2019-09-01 00:00:00 - ERROR - FILE_CHECK - expect_column_values_to_match_regex - ANNONCEUR_ID_3 - Unexpected value: LERÉS on line 1128, value should match regexp ^[0-9A-Za-z]{,5}$

2019-09-30 15:29:40,198 - JOBS - FR - STEPSTONE - 2019-09-01 00:00:00 - ERROR - FILE_CHECK - expect_column_values_to_match_regex - ANNONCEUR_ID_3 - Unexpected value: LERÉS on line 1129, value should match regexp ^[0-9A-Za-z]{,5}$

2019-09-30 15:29:40,198 - JOBS - FR - STEPSTONE - 2019-09-01 00:00:00 - ERROR - FILE_CHECK - expect_column_values_to_match_regex - ANNONCEUR_ID_3 - Unexpected value: LERÉS on line 1130, value should match regexp ^[0-9A-Za-z]{,5}$

2019-09-30 15:29:40,198 - JOBS - FR - STEPSTONE - 2019-09-01 00:00:00 - ERROR - FILE_CHECK - expect_column_values_to_match_regex - ANNONCEUR_ID_3 - Unexpected value: LERÉS on line 1131, value should match regexp ^[0-9A-Za-z]{,5}$

2019-09-30 15:29:40,198 - JOBS - FR - STEPSTONE - 2019-09-01 00:00:00 - ERROR - FILE_CHECK - expect_column_values_to_match_regex - ANNONCEUR_ID_3 - Unexpected value: LERÉS on line 1132, value should match regexp ^[0-9A-Za-z]{,5}$

2019-09-30 15:29:40,198 - JOBS - FR - STEPSTONE - 2019-09-01 00:00:00 - ERROR - FILE_CHECK - expect_column_values_to_match_regex - ANNONCEUR_ID_3 - Unexpected value: LERÉS on line 1133, value should match regexp ^[0-9A-Za-z]{,5}$

2019-09-30 15:29:40,198 - JOBS - FR - STEPSTONE - 2019-09-01 00:00:00 - ERROR - FILE_CHECK - expect_column_values_to_match_regex - ANNONCEUR_ID_3 - Unexpected value: LERÉS on line 1134, value should match regexp ^[0-9A-Za-z]{,5}$

2019-09-30 15:29:40,198 - JOBS - FR - STEPSTONE - 2019-09-01 00:00:00 - ERROR - FILE_CHECK - expect_column_values_to_match_regex - ANNONCEUR_ID_3 - Unexpected value: LERÉS on line 1135, value should match regexp ^[0-9A-Za-z]{,5}$

2019-09-30 15:29:40,198 - JOBS - FR - STEPSTONE - 2019-09-01 00:00:00 - ERROR - FILE_CHECK - expect_column_values_to_match_regex - ANNONCEUR_ID_3 - Unexpected value: LERÉS on line 1136, value should match regexp ^[0-9A-Za-z]{,5}$

2019-09-30 15:29:40,198 - JOBS - FR - STEPSTONE - 2019-09-01 00:00:00 - ERROR - FILE_CHECK - expect_column_values_to_match_regex - ANNONCEUR_ID_3 - Unexpected value: LERÉS on line 1137, value should match regexp ^[0-9A-Za-z]{,5}$

2019-09-30 15:29:40,198 - JOBS - FR - STEPSTONE - 2019-09-01 00:00:00 - ERROR - FILE_CHECK - expect_column_values_to_match_regex - ANNONCEUR_ID_3 - Unexpected value: LERÉS on line 1138, value should match regexp ^[0-9A-Za-z]{,5}$

2019-09-30 15:29:40,198 - JOBS - FR - STEPSTONE - 2019-09-01 00:00:00 - ERROR - FILE_CHECK - expect_column_values_to_match_regex - ANNONCEUR_ID_3 - Unexpected value: LERÉS on line 1139, value should match regexp ^[0-9A-Za-z]{,5}$

2019-09-30 15:29:40,198 - JOBS - FR - STEPSTONE - 2019-09-01 00:00:00 - ERROR - FILE_CHECK - expect_column_values_to_match_regex - ANNONCEUR_ID_3 - Unexpected value: LERÉS on line 1140, value should match regexp ^[0-9A-Za-z]{,5}$

2019-09-30 15:29:40,198 - JOBS - FR - STEPSTONE - 2019-09-01 00:00:00 - ERROR - FILE_CHECK - expect_column_values_to_match_regex - ANNONCEUR_ID_3 - Unexpected value: LERÉS on line 1141, value should match regexp ^[0-9A-Za-z]{,5}$

2019-09-30 15:29:40,198 - JOBS - FR - STEPSTONE - 2019-09-01 00:00:00 - ERROR - FILE_CHECK - expect_column_values_to_match_regex - ANNONCEUR_ID_3 - Unexpected value: LERÉS on line 1142, value should match regexp ^[0-9A-Za-z]{,5}$

2019-09-30 15:29:40,198 - JOBS - FR - STEPSTONE - 2019-09-01 00:00:00 - ERROR - FILE_CHECK - expect_column_values_to_match_regex - ANNONCEUR_ID_3 - Unexpected value: LERÉS on line 1143, value should match regexp ^[0-9A-Za-z]{,5}$

2019-09-30 15:29:40,199 - JOBS - FR - STEPSTONE - 2019-09-01 00:00:00 - ERROR - FILE_CHECK - expect_column_values_to_match_regex - ANNONCEUR_ID_3 - Unexpected value: LERÉS on line 1144, value should match regexp ^[0-9A-Za-z]{,5}$

2019-09-30 15:29:40,199 - JOBS - FR - STEPSTONE - 2019-09-01 00:00:00 - ERROR - STAT - expect_column_values_to_match_regex - ANNONCEUR_ID_3 - correctly filled rate (%) - 95.89

2019-09-30 15:29:40,199 - JOBS - FR - STEPSTONE - 2019-09-01 00:00:00 - ERROR - STAT - expect_column_values_to_not_be_null - CABINET - correctly filled rate (%) - 100.0

2019-09-30 15:29:40,199 - JOBS - FR - STEPSTONE - 2019-09-01 00:00:00 - ERROR - STAT - expect_column_values_to_be_in_set_2 - CABINET - observed proportion - 100.0

2019-09-30 15:29:40,199 - JOBS - FR - STEPSTONE - 2019-09-01 00:00:00 - ERROR - STAT - expect_returning_row_count_groupby - CABINET - CABINET RH - 1352

2019-09-30 15:29:40,199 - JOBS - FR - STEPSTONE - 2019-09-01 00:00:00 - ERROR - STAT - expect_returning_row_count_groupby - CABINET - AUTRE - 3754

2019-09-30 15:29:40,199 - JOBS - FR - STEPSTONE - 2019-09-01 00:00:00 - ERROR - STAT - expect_returning_row_count_groupby - CABINET - SSII - 273

2019-09-30 15:29:40,199 - JOBS - FR - STEPSTONE - 2019-09-01 00:00:00 - ERROR - STAT - expect_column_values_to_not_be_null - CONTRAT - correctly filled rate (%) - 100.0

2019-09-30 15:29:40,199 - JOBS - FR - STEPSTONE - 2019-09-01 00:00:00 - ERROR - STAT - expect_column_values_to_be_in_set_2 - CONTRAT - observed proportion - 100.0

2019-09-30 15:29:40,199 - JOBS - FR - STEPSTONE - 2019-09-01 00:00:00 - ERROR - STAT - expect_returning_row_count_groupby - CONTRAT - CDI - 3227

2019-09-30 15:29:40,199 - JOBS - FR - STEPSTONE - 2019-09-01 00:00:00 - ERROR - STAT - expect_returning_row_count_groupby - CONTRAT - AUTRE - 1302

2019-09-30 15:29:40,199 - JOBS - FR - STEPSTONE - 2019-09-01 00:00:00 - ERROR - STAT - expect_returning_row_count_groupby - CONTRAT - CDD - 777

2019-09-30 15:29:40,199 - JOBS - FR - STEPSTONE - 2019-09-01 00:00:00 - ERROR - STAT - expect_returning_row_count_groupby - CONTRAT - Interim - 73

2019-09-30 15:29:40,199 - JOBS - FR - STEPSTONE - 2019-09-01 00:00:00 - ERROR - STAT - expect_column_values_to_not_be_null - DEPARTEMENT - correctly filled rate (%) - 86.37

2019-09-30 15:29:40,199 - JOBS - FR - STEPSTONE - 2019-09-01 00:00:00 - ERROR - FILE_CHECK - expect_column_values_to_match_regex - DEPARTEMENT - Unexpected value: 13.0 on line 0, value should match regexp ^[0-9]{2}$

2019-09-30 15:29:40,199 - JOBS - FR - STEPSTONE - 2019-09-01 00:00:00 - ERROR - FILE_CHECK - expect_column_values_to_match_regex - DEPARTEMENT - Unexpected value: 69.0 on line 1, value should match regexp ^[0-9]{2}$

2019-09-30 15:29:40,199 - JOBS - FR - STEPSTONE - 2019-09-01 00:00:00 - ERROR - FILE_CHECK - expect_column_values_to_match_regex - DEPARTEMENT - Unexpected value: 13.0 on line 2, value should match regexp ^[0-9]{2}$

2019-09-30 15:29:40,199 - JOBS - FR - STEPSTONE - 2019-09-01 00:00:00 - ERROR - FILE_CHECK - expect_column_values_to_match_regex - DEPARTEMENT - Unexpected value: 13.0 on line 3, value should match regexp ^[0-9]{2}$

2019-09-30 15:29:40,200 - JOBS - FR - STEPSTONE - 2019-09-01 00:00:00 - ERROR - FILE_CHECK - expect_column_values_to_match_regex - DEPARTEMENT - Unexpected value: 13.0 on line 4, value should match regexp ^[0-9]{2}$

2019-09-30 15:29:40,200 - JOBS - FR - STEPSTONE - 2019-09-01 00:00:00 - ERROR - FILE_CHECK - expect_column_values_to_match_regex - DEPARTEMENT - Unexpected value: 13.0 on line 5, value should match regexp ^[0-9]{2}$

2019-09-30 15:29:40,200 - JOBS - FR - STEPSTONE - 2019-09-01 00:00:00 - ERROR - FILE_CHECK - expect_column_values_to_match_regex - DEPARTEMENT - Unexpected value: 69.0 on line 24, value should match regexp ^[0-9]{2}$

2019-09-30 15:29:40,200 - JOBS - FR - STEPSTONE - 2019-09-01 00:00:00 - ERROR - FILE_CHECK - expect_column_values_to_match_regex - DEPARTEMENT - Unexpected value: 34.0 on line 25, value should match regexp ^[0-9]{2}$

2019-09-30 15:29:40,200 - JOBS - FR - STEPSTONE - 2019-09-01 00:00:00 - ERROR - FILE_CHECK - expect_column_values_to_match_regex - DEPARTEMENT - Unexpected value: 44.0 on line 27, value should match regexp ^[0-9]{2}$

2019-09-30 15:29:40,200 - JOBS - FR - STEPSTONE - 2019-09-01 00:00:00 - ERROR - FILE_CHECK - expect_column_values_to_match_regex - DEPARTEMENT - Unexpected value: 31.0 on line 28, value should match regexp ^[0-9]{2}$

2019-09-30 15:29:40,200 - JOBS - FR - STEPSTONE - 2019-09-01 00:00:00 - ERROR - FILE_CHECK - expect_column_values_to_match_regex - DEPARTEMENT - Unexpected value: 74.0 on line 29, value should match regexp ^[0-9]{2}$

2019-09-30 15:29:40,200 - JOBS - FR - STEPSTONE - 2019-09-01 00:00:00 - ERROR - FILE_CHECK - expect_column_values_to_match_regex - DEPARTEMENT - Unexpected value: 67.0 on line 30, value should match regexp ^[0-9]{2}$

2019-09-30 15:29:40,200 - JOBS - FR - STEPSTONE - 2019-09-01 00:00:00 - ERROR - FILE_CHECK - expect_column_values_to_match_regex - DEPARTEMENT - Unexpected value: 6.0 on line 31, value should match regexp ^[0-9]{2}$

2019-09-30 15:29:40,200 - JOBS - FR - STEPSTONE - 2019-09-01 00:00:00 - ERROR - FILE_CHECK - expect_column_values_to_match_regex - DEPARTEMENT - Unexpected value: 5.0 on line 32, value should match regexp ^[0-9]{2}$

2019-09-30 15:29:40,200 - JOBS - FR - STEPSTONE - 2019-09-01 00:00:00 - ERROR - FILE_CHECK - expect_column_values_to_match_regex - DEPARTEMENT - Unexpected value: 51.0 on line 38, value should match regexp ^[0-9]{2}$

2019-09-30 15:29:40,200 - JOBS - FR - STEPSTONE - 2019-09-01 00:00:00 - ERROR - FILE_CHECK - expect_column_values_to_match_regex - DEPARTEMENT - Unexpected value: 36.0 on line 39, value should match regexp ^[0-9]{2}$

2019-09-30 15:29:40,200 - JOBS - FR - STEPSTONE - 2019-09-01 00:00:00 - ERROR - FILE_CHECK - expect_column_values_to_match_regex - DEPARTEMENT - Unexpected value: 20.0 on line 42, value should match regexp ^[0-9]{2}$

2019-09-30 15:29:40,200 - JOBS - FR - STEPSTONE - 2019-09-01 00:00:00 - ERROR - FILE_CHECK - expect_column_values_to_match_regex - DEPARTEMENT - Unexpected value: 59.0 on line 50, value should match regexp ^[0-9]{2}$

2019-09-30 15:29:40,200 - JOBS - FR - STEPSTONE - 2019-09-01 00:00:00 - ERROR - FILE_CHECK - expect_column_values_to_match_regex - DEPARTEMENT - Unexpected value: 16.0 on line 52, value should match regexp ^[0-9]{2}$

2019-09-30 15:29:40,200 - JOBS - FR - STEPSTONE - 2019-09-01 00:00:00 - ERROR - FILE_CHECK - expect_column_values_to_match_regex - DEPARTEMENT - Unexpected value: 69.0 on line 54, value should match regexp ^[0-9]{2}$

2019-09-30 15:29:40,200 - JOBS - FR - STEPSTONE - 2019-09-01 00:00:00 - ERROR - STAT - expect_column_values_to_match_regex - DEPARTEMENT - correctly filled rate (%) - 0.0

2019-09-30 15:29:40,201 - JOBS - FR - STEPSTONE - 2019-09-01 00:00:00 - ERROR - STAT - expect_column_values_to_not_be_null - ENTREPRISE - correctly filled rate (%) - 94.16

2019-09-30 15:29:40,201 - JOBS - FR - STEPSTONE - 2019-09-01 00:00:00 - ERROR - STAT - expect_column_values_to_not_be_null - ID_CLIENT - correctly filled rate (%) - 100.0

2019-09-30 15:29:40,201 - JOBS - FR - STEPSTONE - 2019-09-01 00:00:00 - ERROR - STAT - expect_column_values_to_be_unique - ID_CLIENT - observed proportion - 100.0

2019-09-30 15:29:40,201 - JOBS - FR - STEPSTONE - 2019-09-01 00:00:00 - ERROR - STAT - expect_returning_row_count - EVERY_COLUMNS - total number of rows - 5379

2019-09-30 15:29:40,201 - JOBS - FR - STEPSTONE - 2019-09-01 00:00:00 - ERROR - STAT - expect_column_values_to_not_be_null - LIEU - correctly filled rate (%) - 99.98

2019-09-30 15:29:40,201 - JOBS - FR - STEPSTONE - 2019-09-01 00:00:00 - ERROR - STAT - expect_column_values_to_not_be_null - METIER - correctly filled rate (%) - 100.0

2019-09-30 15:29:40,201 - JOBS - FR - STEPSTONE - 2019-09-01 00:00:00 - ERROR - STAT - expect_column_values_to_not_be_null - ON_SITE - correctly filled rate (%) - 0.0

2019-09-30 15:29:40,201 - JOBS - FR - STEPSTONE - 2019-09-01 00:00:00 - ERROR - STAT - expect_column_values_to_not_be_null - OTHER_SITE - correctly filled rate (%) - 0.0

2019-09-30 15:29:40,201 - JOBS - FR - STEPSTONE - 2019-09-01 00:00:00 - ERROR - STAT - expect_column_values_to_not_be_null - REGION - correctly filled rate (%) - 88.29

2019-09-30 15:29:40,201 - JOBS - FR - STEPSTONE - 2019-09-01 00:00:00 - ERROR - STAT - expect_returning_row_unique_count - REGION - total number of unique rows - 22

2019-09-30 15:29:40,201 - JOBS - FR - STEPSTONE - 2019-09-01 00:00:00 - ERROR - STAT - expect_column_values_to_not_be_null - TYPE_EMPLOI - correctly filled rate (%) - 91.39

2019-09-30 15:29:40,201 - JOBS - FR - STEPSTONE - 2019-09-01 00:00:00 - ERROR - STAT - expect_column_values_to_not_be_null - SALAIRE - correctly filled rate (%) - 0.0

2019-09-30 15:29:40,201 - JOBS - FR - STEPSTONE - 2019-09-01 00:00:00 - ERROR - STAT - expect_column_values_to_not_be_null - SECTEUR - correctly filled rate (%) - 0.0

