2019-07-09 01:10:36,835 - VO - UK - EBAY - 2019-07-01 00:00:00 - ERROR - STAT - expect_column_values_to_not_be_null - ADRESSE - correctly filled rate (%) - 0.0
2019-07-09 01:10:36,836 - VO - UK - EBAY - 2019-07-01 00:00:00 - ERROR - STAT - expect_column_values_to_be_in_type_list - ANNEE - correctly filled rate (%) - 100.0
2019-07-09 01:10:36,836 - VO - UK - EBAY - 2019-07-01 00:00:00 - ERROR - STAT - expect_column_values_to_be_between - ANNEE - correctly filled rate (%) - 99.32
2019-07-09 01:10:36,836 - VO - UK - EBAY - 2019-07-01 00:00:00 - ERROR - STAT - expect_column_values_to_not_be_null - ANNEE - correctly filled rate (%) - 100.0
2019-07-09 01:10:36,836 - VO - UK - EBAY - 2019-07-01 00:00:00 - ERROR - FILE_CHECK - expect_column_values_to_match_regex - ANNEE - Unexpected value: 0 on line 263, value should match regexp ^[0-9]{4}$
2019-07-09 01:10:36,836 - VO - UK - EBAY - 2019-07-01 00:00:00 - ERROR - FILE_CHECK - expect_column_values_to_match_regex - ANNEE - Unexpected value: 0 on line 452, value should match regexp ^[0-9]{4}$
2019-07-09 01:10:36,836 - VO - UK - EBAY - 2019-07-01 00:00:00 - ERROR - FILE_CHECK - expect_column_values_to_match_regex - ANNEE - Unexpected value: 0 on line 505, value should match regexp ^[0-9]{4}$
2019-07-09 01:10:36,836 - VO - UK - EBAY - 2019-07-01 00:00:00 - ERROR - FILE_CHECK - expect_column_values_to_match_regex - ANNEE - Unexpected value: 0 on line 595, value should match regexp ^[0-9]{4}$
2019-07-09 01:10:36,836 - VO - UK - EBAY - 2019-07-01 00:00:00 - ERROR - FILE_CHECK - expect_column_values_to_match_regex - ANNEE - Unexpected value: 0 on line 596, value should match regexp ^[0-9]{4}$
2019-07-09 01:10:36,836 - VO - UK - EBAY - 2019-07-01 00:00:00 - ERROR - FILE_CHECK - expect_column_values_to_match_regex - ANNEE - Unexpected value: 0 on line 597, value should match regexp ^[0-9]{4}$
2019-07-09 01:10:36,836 - VO - UK - EBAY - 2019-07-01 00:00:00 - ERROR - FILE_CHECK - expect_column_values_to_match_regex - ANNEE - Unexpected value: 805 on line 662, value should match regexp ^[0-9]{4}$
2019-07-09 01:10:36,836 - VO - UK - EBAY - 2019-07-01 00:00:00 - ERROR - FILE_CHECK - expect_column_values_to_match_regex - ANNEE - Unexpected value: 0 on line 707, value should match regexp ^[0-9]{4}$
2019-07-09 01:10:36,836 - VO - UK - EBAY - 2019-07-01 00:00:00 - ERROR - FILE_CHECK - expect_column_values_to_match_regex - ANNEE - Unexpected value: 0 on line 709, value should match regexp ^[0-9]{4}$
2019-07-09 01:10:36,836 - VO - UK - EBAY - 2019-07-01 00:00:00 - ERROR - FILE_CHECK - expect_column_values_to_match_regex - ANNEE - Unexpected value: 0 on line 710, value should match regexp ^[0-9]{4}$
2019-07-09 01:10:36,836 - VO - UK - EBAY - 2019-07-01 00:00:00 - ERROR - FILE_CHECK - expect_column_values_to_match_regex - ANNEE - Unexpected value: 0 on line 753, value should match regexp ^[0-9]{4}$
2019-07-09 01:10:36,836 - VO - UK - EBAY - 2019-07-01 00:00:00 - ERROR - FILE_CHECK - expect_column_values_to_match_regex - ANNEE - Unexpected value: 0 on line 761, value should match regexp ^[0-9]{4}$
2019-07-09 01:10:36,837 - VO - UK - EBAY - 2019-07-01 00:00:00 - ERROR - FILE_CHECK - expect_column_values_to_match_regex - ANNEE - Unexpected value: 0 on line 833, value should match regexp ^[0-9]{4}$
2019-07-09 01:10:36,837 - VO - UK - EBAY - 2019-07-01 00:00:00 - ERROR - FILE_CHECK - expect_column_values_to_match_regex - ANNEE - Unexpected value: 0 on line 869, value should match regexp ^[0-9]{4}$
2019-07-09 01:10:36,837 - VO - UK - EBAY - 2019-07-01 00:00:00 - ERROR - FILE_CHECK - expect_column_values_to_match_regex - ANNEE - Unexpected value: 0 on line 893, value should match regexp ^[0-9]{4}$
2019-07-09 01:10:36,837 - VO - UK - EBAY - 2019-07-01 00:00:00 - ERROR - FILE_CHECK - expect_column_values_to_match_regex - ANNEE - Unexpected value: 0 on line 897, value should match regexp ^[0-9]{4}$
2019-07-09 01:10:36,837 - VO - UK - EBAY - 2019-07-01 00:00:00 - ERROR - FILE_CHECK - expect_column_values_to_match_regex - ANNEE - Unexpected value: 0 on line 898, value should match regexp ^[0-9]{4}$
2019-07-09 01:10:36,837 - VO - UK - EBAY - 2019-07-01 00:00:00 - ERROR - FILE_CHECK - expect_column_values_to_match_regex - ANNEE - Unexpected value: 0 on line 899, value should match regexp ^[0-9]{4}$
2019-07-09 01:10:36,837 - VO - UK - EBAY - 2019-07-01 00:00:00 - ERROR - FILE_CHECK - expect_column_values_to_match_regex - ANNEE - Unexpected value: 0 on line 934, value should match regexp ^[0-9]{4}$
2019-07-09 01:10:36,837 - VO - UK - EBAY - 2019-07-01 00:00:00 - ERROR - FILE_CHECK - expect_column_values_to_match_regex - ANNEE - Unexpected value: 0 on line 958, value should match regexp ^[0-9]{4}$
2019-07-09 01:10:36,837 - VO - UK - EBAY - 2019-07-01 00:00:00 - ERROR - STAT - expect_column_values_to_match_regex - ANNEE - correctly filled rate (%) - 99.59
2019-07-09 01:10:36,837 - VO - UK - EBAY - 2019-07-01 00:00:00 - ERROR - STAT - expect_column_values_to_not_be_null - ANNONCE_LINK - correctly filled rate (%) - 100.0
2019-07-09 01:10:36,837 - VO - UK - EBAY - 2019-07-01 00:00:00 - ERROR - STAT - expect_column_values_to_be_unique - ANNONCE_LINK - observed proportion - 100.0
2019-07-09 01:10:36,837 - VO - UK - EBAY - 2019-07-01 00:00:00 - ERROR - STAT - expect_column_values_to_not_be_null - CARBURANT - correctly filled rate (%) - 98.44
2019-07-09 01:10:36,837 - VO - UK - EBAY - 2019-07-01 00:00:00 - ERROR - STAT - expect_column_values_to_not_be_null - CARROSSERIE - correctly filled rate (%) - 0.17
2019-07-09 01:10:36,837 - VO - UK - EBAY - 2019-07-01 00:00:00 - ERROR - STAT - expect_column_values_to_not_be_null - CP - correctly filled rate (%) - 94.53
2019-07-09 01:10:36,837 - VO - UK - EBAY - 2019-07-01 00:00:00 - ERROR - FILE_CHECK - expect_column_values_to_match_regex - CP - Unexpected value: WR97PE on line 0, value should match regexp ^[A-Z][A-Z0-9]{1,3} [0-9]{1}[A-Z]{2}$
2019-07-09 01:10:36,837 - VO - UK - EBAY - 2019-07-01 00:00:00 - ERROR - FILE_CHECK - expect_column_values_to_match_regex - CP - Unexpected value: BT197QZ on line 1, value should match regexp ^[A-Z][A-Z0-9]{1,3} [0-9]{1}[A-Z]{2}$
2019-07-09 01:10:36,837 - VO - UK - EBAY - 2019-07-01 00:00:00 - ERROR - FILE_CHECK - expect_column_values_to_match_regex - CP - Unexpected value: NR191JS on line 2, value should match regexp ^[A-Z][A-Z0-9]{1,3} [0-9]{1}[A-Z]{2}$
2019-07-09 01:10:36,837 - VO - UK - EBAY - 2019-07-01 00:00:00 - ERROR - FILE_CHECK - expect_column_values_to_match_regex - CP - Unexpected value: LS134AD on line 3, value should match regexp ^[A-Z][A-Z0-9]{1,3} [0-9]{1}[A-Z]{2}$
2019-07-09 01:10:36,838 - VO - UK - EBAY - 2019-07-01 00:00:00 - ERROR - FILE_CHECK - expect_column_values_to_match_regex - CP - Unexpected value: BH217PE on line 4, value should match regexp ^[A-Z][A-Z0-9]{1,3} [0-9]{1}[A-Z]{2}$
2019-07-09 01:10:36,838 - VO - UK - EBAY - 2019-07-01 00:00:00 - ERROR - FILE_CHECK - expect_column_values_to_match_regex - CP - Unexpected value: BB111BS on line 5, value should match regexp ^[A-Z][A-Z0-9]{1,3} [0-9]{1}[A-Z]{2}$
2019-07-09 01:10:36,838 - VO - UK - EBAY - 2019-07-01 00:00:00 - ERROR - FILE_CHECK - expect_column_values_to_match_regex - CP - Unexpected value: BT472TH on line 6, value should match regexp ^[A-Z][A-Z0-9]{1,3} [0-9]{1}[A-Z]{2}$
2019-07-09 01:10:36,838 - VO - UK - EBAY - 2019-07-01 00:00:00 - ERROR - FILE_CHECK - expect_column_values_to_match_regex - CP - Unexpected value: DE216NA on line 7, value should match regexp ^[A-Z][A-Z0-9]{1,3} [0-9]{1}[A-Z]{2}$
2019-07-09 01:10:36,838 - VO - UK - EBAY - 2019-07-01 00:00:00 - ERROR - FILE_CHECK - expect_column_values_to_match_regex - CP - Unexpected value: B755RJ on line 8, value should match regexp ^[A-Z][A-Z0-9]{1,3} [0-9]{1}[A-Z]{2}$
2019-07-09 01:10:36,838 - VO - UK - EBAY - 2019-07-01 00:00:00 - ERROR - FILE_CHECK - expect_column_values_to_match_regex - CP - Unexpected value: SN128AU on line 9, value should match regexp ^[A-Z][A-Z0-9]{1,3} [0-9]{1}[A-Z]{2}$
2019-07-09 01:10:36,838 - VO - UK - EBAY - 2019-07-01 00:00:00 - ERROR - FILE_CHECK - expect_column_values_to_match_regex - CP - Unexpected value: SN128AU on line 10, value should match regexp ^[A-Z][A-Z0-9]{1,3} [0-9]{1}[A-Z]{2}$
2019-07-09 01:10:36,838 - VO - UK - EBAY - 2019-07-01 00:00:00 - ERROR - FILE_CHECK - expect_column_values_to_match_regex - CP - Unexpected value: SN128AU on line 11, value should match regexp ^[A-Z][A-Z0-9]{1,3} [0-9]{1}[A-Z]{2}$
2019-07-09 01:10:36,838 - VO - UK - EBAY - 2019-07-01 00:00:00 - ERROR - FILE_CHECK - expect_column_values_to_match_regex - CP - Unexpected value: SN128AU on line 12, value should match regexp ^[A-Z][A-Z0-9]{1,3} [0-9]{1}[A-Z]{2}$
2019-07-09 01:10:36,838 - VO - UK - EBAY - 2019-07-01 00:00:00 - ERROR - FILE_CHECK - expect_column_values_to_match_regex - CP - Unexpected value: SN128AU on line 13, value should match regexp ^[A-Z][A-Z0-9]{1,3} [0-9]{1}[A-Z]{2}$
2019-07-09 01:10:36,838 - VO - UK - EBAY - 2019-07-01 00:00:00 - ERROR - FILE_CHECK - expect_column_values_to_match_regex - CP - Unexpected value: RH16BT on line 14, value should match regexp ^[A-Z][A-Z0-9]{1,3} [0-9]{1}[A-Z]{2}$
2019-07-09 01:10:36,838 - VO - UK - EBAY - 2019-07-01 00:00:00 - ERROR - FILE_CHECK - expect_column_values_to_match_regex - CP - Unexpected value: CO34RN on line 15, value should match regexp ^[A-Z][A-Z0-9]{1,3} [0-9]{1}[A-Z]{2}$
2019-07-09 01:10:36,838 - VO - UK - EBAY - 2019-07-01 00:00:00 - ERROR - FILE_CHECK - expect_column_values_to_match_regex - CP - Unexpected value: LS175PN on line 16, value should match regexp ^[A-Z][A-Z0-9]{1,3} [0-9]{1}[A-Z]{2}$
2019-07-09 01:10:36,838 - VO - UK - EBAY - 2019-07-01 00:00:00 - ERROR - FILE_CHECK - expect_column_values_to_match_regex - CP - Unexpected value: LS175PN on line 17, value should match regexp ^[A-Z][A-Z0-9]{1,3} [0-9]{1}[A-Z]{2}$
2019-07-09 01:10:36,838 - VO - UK - EBAY - 2019-07-01 00:00:00 - ERROR - FILE_CHECK - expect_column_values_to_match_regex - CP - Unexpected value: LS175PN on line 18, value should match regexp ^[A-Z][A-Z0-9]{1,3} [0-9]{1}[A-Z]{2}$
2019-07-09 01:10:36,838 - VO - UK - EBAY - 2019-07-01 00:00:00 - ERROR - FILE_CHECK - expect_column_values_to_match_regex - CP - Unexpected value: LS175PN on line 19, value should match regexp ^[A-Z][A-Z0-9]{1,3} [0-9]{1}[A-Z]{2}$
2019-07-09 01:10:36,838 - VO - UK - EBAY - 2019-07-01 00:00:00 - ERROR - STAT - expect_column_values_to_match_regex - CP - correctly filled rate (%) - 0.0
2019-07-09 01:10:36,838 - VO - UK - EBAY - 2019-07-01 00:00:00 - ERROR - STAT - expect_column_values_to_not_be_null - GARAGE_ID - correctly filled rate (%) - 99.97
2019-07-09 01:10:36,839 - VO - UK - EBAY - 2019-07-01 00:00:00 - ERROR - STAT - expect_column_values_to_not_be_null - ID_CLIENT - correctly filled rate (%) - 100.0
2019-07-09 01:10:36,839 - VO - UK - EBAY - 2019-07-01 00:00:00 - ERROR - STAT - expect_column_values_to_be_unique - ID_CLIENT - observed proportion - 100.0
2019-07-09 01:10:36,839 - VO - UK - EBAY - 2019-07-01 00:00:00 - ERROR - STAT - expect_returning_row_count - EVERY_COLUMNS - total number of rows - 184826
2019-07-09 01:10:36,839 - VO - UK - EBAY - 2019-07-01 00:00:00 - ERROR - STAT - expect_column_values_to_not_be_null - IMMAT - correctly filled rate (%) - 100.0
2019-07-09 01:10:36,839 - VO - UK - EBAY - 2019-07-01 00:00:00 - ERROR - STAT - expect_column_values_to_be_in_type_list - KM - correctly filled rate (%) - 100.0
2019-07-09 01:10:36,839 - VO - UK - EBAY - 2019-07-01 00:00:00 - ERROR - STAT - expect_column_values_to_not_be_null - KM - correctly filled rate (%) - 100.0
2019-07-09 01:10:36,839 - VO - UK - EBAY - 2019-07-01 00:00:00 - ERROR - STAT - expect_column_values_to_be_in_type_list - LITRE - correctly filled rate (%) - 100.0
2019-07-09 01:10:36,839 - VO - UK - EBAY - 2019-07-01 00:00:00 - ERROR - STAT - expect_column_values_to_not_be_null - LITRE - correctly filled rate (%) - 100.0
2019-07-09 01:10:36,839 - VO - UK - EBAY - 2019-07-01 00:00:00 - ERROR - STAT - expect_column_values_to_not_be_null - MARQUE - correctly filled rate (%) - 99.03
2019-07-09 01:10:36,839 - VO - UK - EBAY - 2019-07-01 00:00:00 - ERROR - STAT - expect_column_values_to_not_be_null - MODELE - correctly filled rate (%) - 99.15
2019-07-09 01:10:36,839 - VO - UK - EBAY - 2019-07-01 00:00:00 - ERROR - STAT - expect_column_values_to_not_be_null - MOIS - correctly filled rate (%) - 100.0
2019-07-09 01:10:36,839 - VO - UK - EBAY - 2019-07-01 00:00:00 - ERROR - FILE_CHECK - expect_column_values_to_be_between - MOIS - Unexpected value: 0 on line 0, value should be between 1 and 12
2019-07-09 01:10:36,839 - VO - UK - EBAY - 2019-07-01 00:00:00 - ERROR - FILE_CHECK - expect_column_values_to_be_between - MOIS - Unexpected value: 0 on line 1, value should be between 1 and 12
2019-07-09 01:10:36,839 - VO - UK - EBAY - 2019-07-01 00:00:00 - ERROR - FILE_CHECK - expect_column_values_to_be_between - MOIS - Unexpected value: 0 on line 2, value should be between 1 and 12
2019-07-09 01:10:36,839 - VO - UK - EBAY - 2019-07-01 00:00:00 - ERROR - FILE_CHECK - expect_column_values_to_be_between - MOIS - Unexpected value: 0 on line 3, value should be between 1 and 12
2019-07-09 01:10:36,839 - VO - UK - EBAY - 2019-07-01 00:00:00 - ERROR - FILE_CHECK - expect_column_values_to_be_between - MOIS - Unexpected value: 0 on line 4, value should be between 1 and 12
2019-07-09 01:10:36,839 - VO - UK - EBAY - 2019-07-01 00:00:00 - ERROR - FILE_CHECK - expect_column_values_to_be_between - MOIS - Unexpected value: 0 on line 5, value should be between 1 and 12
2019-07-09 01:10:36,839 - VO - UK - EBAY - 2019-07-01 00:00:00 - ERROR - FILE_CHECK - expect_column_values_to_be_between - MOIS - Unexpected value: 0 on line 6, value should be between 1 and 12
2019-07-09 01:10:36,840 - VO - UK - EBAY - 2019-07-01 00:00:00 - ERROR - FILE_CHECK - expect_column_values_to_be_between - MOIS - Unexpected value: 0 on line 7, value should be between 1 and 12
2019-07-09 01:10:36,840 - VO - UK - EBAY - 2019-07-01 00:00:00 - ERROR - FILE_CHECK - expect_column_values_to_be_between - MOIS - Unexpected value: 0 on line 8, value should be between 1 and 12
2019-07-09 01:10:36,840 - VO - UK - EBAY - 2019-07-01 00:00:00 - ERROR - FILE_CHECK - expect_column_values_to_be_between - MOIS - Unexpected value: 0 on line 9, value should be between 1 and 12
2019-07-09 01:10:36,840 - VO - UK - EBAY - 2019-07-01 00:00:00 - ERROR - FILE_CHECK - expect_column_values_to_be_between - MOIS - Unexpected value: 0 on line 10, value should be between 1 and 12
2019-07-09 01:10:36,840 - VO - UK - EBAY - 2019-07-01 00:00:00 - ERROR - FILE_CHECK - expect_column_values_to_be_between - MOIS - Unexpected value: 0 on line 11, value should be between 1 and 12
2019-07-09 01:10:36,840 - VO - UK - EBAY - 2019-07-01 00:00:00 - ERROR - FILE_CHECK - expect_column_values_to_be_between - MOIS - Unexpected value: 0 on line 12, value should be between 1 and 12
2019-07-09 01:10:36,840 - VO - UK - EBAY - 2019-07-01 00:00:00 - ERROR - FILE_CHECK - expect_column_values_to_be_between - MOIS - Unexpected value: 0 on line 13, value should be between 1 and 12
2019-07-09 01:10:36,840 - VO - UK - EBAY - 2019-07-01 00:00:00 - ERROR - FILE_CHECK - expect_column_values_to_be_between - MOIS - Unexpected value: 0 on line 14, value should be between 1 and 12
2019-07-09 01:10:36,840 - VO - UK - EBAY - 2019-07-01 00:00:00 - ERROR - FILE_CHECK - expect_column_values_to_be_between - MOIS - Unexpected value: 0 on line 15, value should be between 1 and 12
2019-07-09 01:10:36,840 - VO - UK - EBAY - 2019-07-01 00:00:00 - ERROR - FILE_CHECK - expect_column_values_to_be_between - MOIS - Unexpected value: 0 on line 16, value should be between 1 and 12
2019-07-09 01:10:36,840 - VO - UK - EBAY - 2019-07-01 00:00:00 - ERROR - FILE_CHECK - expect_column_values_to_be_between - MOIS - Unexpected value: 0 on line 17, value should be between 1 and 12
2019-07-09 01:10:36,840 - VO - UK - EBAY - 2019-07-01 00:00:00 - ERROR - FILE_CHECK - expect_column_values_to_be_between - MOIS - Unexpected value: 0 on line 18, value should be between 1 and 12
2019-07-09 01:10:36,840 - VO - UK - EBAY - 2019-07-01 00:00:00 - ERROR - FILE_CHECK - expect_column_values_to_be_between - MOIS - Unexpected value: 0 on line 19, value should be between 1 and 12
2019-07-09 01:10:36,840 - VO - UK - EBAY - 2019-07-01 00:00:00 - ERROR - STAT - expect_column_values_to_be_between - MOIS - correctly filled rate (%) - 0.01
2019-07-09 01:10:36,840 - VO - UK - EBAY - 2019-07-01 00:00:00 - ERROR - STAT - expect_column_values_to_match_regex - MOIS - correctly filled rate (%) - 100.0
2019-07-09 01:10:36,840 - VO - UK - EBAY - 2019-07-01 00:00:00 - ERROR - STAT - expect_column_values_to_not_be_null - NOM - correctly filled rate (%) - 100.0
2019-07-09 01:10:36,840 - VO - UK - EBAY - 2019-07-01 00:00:00 - ERROR - FILE_CHECK - expect_column_value_lengths_to_be_between - NOM - Unexpected characters count of: [>MERCEDES...] on line  239, value length should be between 10 and 255
2019-07-09 01:10:36,840 - VO - UK - EBAY - 2019-07-01 00:00:00 - ERROR - FILE_CHECK - expect_column_value_lengths_to_be_between - NOM - Unexpected characters count of: [>Vauxhall...] on line  607, value length should be between 10 and 255
2019-07-09 01:10:36,840 - VO - UK - EBAY - 2019-07-01 00:00:00 - ERROR - FILE_CHECK - expect_column_value_lengths_to_be_between - NOM - Unexpected characters count of: [>Audi A3...] on line  887, value length should be between 10 and 255
2019-07-09 01:10:36,841 - VO - UK - EBAY - 2019-07-01 00:00:00 - ERROR - FILE_CHECK - expect_column_value_lengths_to_be_between - NOM - Unexpected characters count of: [>VW...] on line  956, value length should be between 10 and 255
2019-07-09 01:10:36,841 - VO - UK - EBAY - 2019-07-01 00:00:00 - ERROR - FILE_CHECK - expect_column_value_lengths_to_be_between - NOM - Unexpected characters count of: [>Audi Q5...] on line  1174, value length should be between 10 and 255
2019-07-09 01:10:36,841 - VO - UK - EBAY - 2019-07-01 00:00:00 - ERROR - FILE_CHECK - expect_column_value_lengths_to_be_between - NOM - Unexpected characters count of: [>renault...] on line  1202, value length should be between 10 and 255
2019-07-09 01:10:36,841 - VO - UK - EBAY - 2019-07-01 00:00:00 - ERROR - FILE_CHECK - expect_column_value_lengths_to_be_between - NOM - Unexpected characters count of: [>VW UP...] on line  1276, value length should be between 10 and 255
2019-07-09 01:10:36,841 - VO - UK - EBAY - 2019-07-01 00:00:00 - ERROR - FILE_CHECK - expect_column_value_lengths_to_be_between - NOM - Unexpected characters count of: [>BMW 630i...] on line  1560, value length should be between 10 and 255
2019-07-09 01:10:36,841 - VO - UK - EBAY - 2019-07-01 00:00:00 - ERROR - FILE_CHECK - expect_column_value_lengths_to_be_between - NOM - Unexpected characters count of: [>BMW M4...] on line  2780, value length should be between 10 and 255
2019-07-09 01:10:36,841 - VO - UK - EBAY - 2019-07-01 00:00:00 - ERROR - FILE_CHECK - expect_column_value_lengths_to_be_between - NOM - Unexpected characters count of: [>LONG MOT...] on line  6333, value length should be between 10 and 255
2019-07-09 01:10:36,841 - VO - UK - EBAY - 2019-07-01 00:00:00 - ERROR - FILE_CHECK - expect_column_value_lengths_to_be_between - NOM - Unexpected characters count of: [>BMW M3...] on line  7634, value length should be between 10 and 255
2019-07-09 01:10:36,841 - VO - UK - EBAY - 2019-07-01 00:00:00 - ERROR - FILE_CHECK - expect_column_value_lengths_to_be_between - NOM - Unexpected characters count of: [>Audi Q3...] on line  13810, value length should be between 10 and 255
2019-07-09 01:10:36,841 - VO - UK - EBAY - 2019-07-01 00:00:00 - ERROR - FILE_CHECK - expect_column_value_lengths_to_be_between - NOM - Unexpected characters count of: [>Fiat 500...] on line  16094, value length should be between 10 and 255
2019-07-09 01:10:36,841 - VO - UK - EBAY - 2019-07-01 00:00:00 - ERROR - FILE_CHECK - expect_column_value_lengths_to_be_between - NOM - Unexpected characters count of: [>SOLD...] on line  16555, value length should be between 10 and 255
2019-07-09 01:10:36,841 - VO - UK - EBAY - 2019-07-01 00:00:00 - ERROR - FILE_CHECK - expect_column_value_lengths_to_be_between - NOM - Unexpected characters count of: [>MG MGB...] on line  16618, value length should be between 10 and 255
2019-07-09 01:10:36,841 - VO - UK - EBAY - 2019-07-01 00:00:00 - ERROR - FILE_CHECK - expect_column_value_lengths_to_be_between - NOM - Unexpected characters count of: [>Audi V8...] on line  16655, value length should be between 10 and 255
2019-07-09 01:10:36,841 - VO - UK - EBAY - 2019-07-01 00:00:00 - ERROR - FILE_CHECK - expect_column_value_lengths_to_be_between - NOM - Unexpected characters count of: [>Vw polo...] on line  16913, value length should be between 10 and 255
2019-07-09 01:10:36,841 - VO - UK - EBAY - 2019-07-01 00:00:00 - ERROR - FILE_CHECK - expect_column_value_lengths_to_be_between - NOM - Unexpected characters count of: [>Cars...] on line  16934, value length should be between 10 and 255
2019-07-09 01:10:36,841 - VO - UK - EBAY - 2019-07-01 00:00:00 - ERROR - FILE_CHECK - expect_column_value_lengths_to_be_between - NOM - Unexpected characters count of: [>BMW Z4...] on line  31633, value length should be between 10 and 255
2019-07-09 01:10:36,841 - VO - UK - EBAY - 2019-07-01 00:00:00 - ERROR - FILE_CHECK - expect_column_value_lengths_to_be_between - NOM - Unexpected characters count of: [>CAR...] on line  33903, value length should be between 10 and 255
2019-07-09 01:10:36,841 - VO - UK - EBAY - 2019-07-01 00:00:00 - ERROR - STAT - expect_column_value_lengths_to_be_between - NOM - correctly filled rate (%) - 99.91
2019-07-09 01:10:36,842 - VO - UK - EBAY - 2019-07-01 00:00:00 - ERROR - STAT - expect_column_values_to_not_be_null - OPTIONS - correctly filled rate (%) - 0.0
2019-07-09 01:10:36,842 - VO - UK - EBAY - 2019-07-01 00:00:00 - ERROR - STAT - expect_column_values_to_be_in_type_list - PHOTO - correctly filled rate (%) - 100.0
2019-07-09 01:10:36,842 - VO - UK - EBAY - 2019-07-01 00:00:00 - ERROR - STAT - expect_column_values_to_not_be_null - PHOTO - correctly filled rate (%) - 100.0
2019-07-09 01:10:36,842 - VO - UK - EBAY - 2019-07-01 00:00:00 - ERROR - FILE_CHECK - expect_column_values_to_be_in_type_list - PLACE - Wrong type for value: 7 on line 0 should be in ['int']
2019-07-09 01:10:36,842 - VO - UK - EBAY - 2019-07-01 00:00:00 - ERROR - FILE_CHECK - expect_column_values_to_be_in_type_list - PLACE - Wrong type for value: 5 on line 1 should be in ['int']
2019-07-09 01:10:36,842 - VO - UK - EBAY - 2019-07-01 00:00:00 - ERROR - FILE_CHECK - expect_column_values_to_be_in_type_list - PLACE - Wrong type for value: 5 on line 2 should be in ['int']
2019-07-09 01:10:36,842 - VO - UK - EBAY - 2019-07-01 00:00:00 - ERROR - FILE_CHECK - expect_column_values_to_be_in_type_list - PLACE - Wrong type for value: 4 on line 3 should be in ['int']
2019-07-09 01:10:36,842 - VO - UK - EBAY - 2019-07-01 00:00:00 - ERROR - FILE_CHECK - expect_column_values_to_be_in_type_list - PLACE - Wrong type for value: 4 on line 4 should be in ['int']
2019-07-09 01:10:36,842 - VO - UK - EBAY - 2019-07-01 00:00:00 - ERROR - FILE_CHECK - expect_column_values_to_be_in_type_list - PLACE - Wrong type for value: 4 on line 5 should be in ['int']
2019-07-09 01:10:36,842 - VO - UK - EBAY - 2019-07-01 00:00:00 - ERROR - FILE_CHECK - expect_column_values_to_be_in_type_list - PLACE - Wrong type for value: 5 on line 6 should be in ['int']
2019-07-09 01:10:36,842 - VO - UK - EBAY - 2019-07-01 00:00:00 - ERROR - FILE_CHECK - expect_column_values_to_be_in_type_list - PLACE - Wrong type for value: 4 on line 7 should be in ['int']
2019-07-09 01:10:36,842 - VO - UK - EBAY - 2019-07-01 00:00:00 - ERROR - FILE_CHECK - expect_column_values_to_be_in_type_list - PLACE - Wrong type for value: 5 on line 9 should be in ['int']
2019-07-09 01:10:36,842 - VO - UK - EBAY - 2019-07-01 00:00:00 - ERROR - FILE_CHECK - expect_column_values_to_be_in_type_list - PLACE - Wrong type for value: 5 on line 10 should be in ['int']
2019-07-09 01:10:36,842 - VO - UK - EBAY - 2019-07-01 00:00:00 - ERROR - FILE_CHECK - expect_column_values_to_be_in_type_list - PLACE - Wrong type for value: 5 on line 11 should be in ['int']
2019-07-09 01:10:36,842 - VO - UK - EBAY - 2019-07-01 00:00:00 - ERROR - FILE_CHECK - expect_column_values_to_be_in_type_list - PLACE - Wrong type for value: 5 on line 12 should be in ['int']
2019-07-09 01:10:36,842 - VO - UK - EBAY - 2019-07-01 00:00:00 - ERROR - FILE_CHECK - expect_column_values_to_be_in_type_list - PLACE - Wrong type for value: 4 on line 13 should be in ['int']
2019-07-09 01:10:36,842 - VO - UK - EBAY - 2019-07-01 00:00:00 - ERROR - FILE_CHECK - expect_column_values_to_be_in_type_list - PLACE - Wrong type for value: 5 on line 21 should be in ['int']
2019-07-09 01:10:36,843 - VO - UK - EBAY - 2019-07-01 00:00:00 - ERROR - FILE_CHECK - expect_column_values_to_be_in_type_list - PLACE - Wrong type for value: 4 on line 22 should be in ['int']
2019-07-09 01:10:36,843 - VO - UK - EBAY - 2019-07-01 00:00:00 - ERROR - FILE_CHECK - expect_column_values_to_be_in_type_list - PLACE - Wrong type for value: 5 on line 23 should be in ['int']
2019-07-09 01:10:36,843 - VO - UK - EBAY - 2019-07-01 00:00:00 - ERROR - FILE_CHECK - expect_column_values_to_be_in_type_list - PLACE - Wrong type for value: 5 on line 24 should be in ['int']
2019-07-09 01:10:36,843 - VO - UK - EBAY - 2019-07-01 00:00:00 - ERROR - FILE_CHECK - expect_column_values_to_be_in_type_list - PLACE - Wrong type for value: 4 on line 25 should be in ['int']
2019-07-09 01:10:36,843 - VO - UK - EBAY - 2019-07-01 00:00:00 - ERROR - FILE_CHECK - expect_column_values_to_be_in_type_list - PLACE - Wrong type for value: 5 on line 26 should be in ['int']
2019-07-09 01:10:36,843 - VO - UK - EBAY - 2019-07-01 00:00:00 - ERROR - FILE_CHECK - expect_column_values_to_be_in_type_list - PLACE - Wrong type for value: 5 on line 27 should be in ['int']
2019-07-09 01:10:36,843 - VO - UK - EBAY - 2019-07-01 00:00:00 - ERROR - STAT - expect_column_values_to_be_in_type_list - PLACE - correctly filled rate (%) - 0.0
2019-07-09 01:10:36,843 - VO - UK - EBAY - 2019-07-01 00:00:00 - ERROR - STAT - expect_column_values_to_not_be_null - PLACE - correctly filled rate (%) - 64.19
2019-07-09 01:10:36,843 - VO - UK - EBAY - 2019-07-01 00:00:00 - ERROR - STAT - expect_column_values_to_not_be_null - PORTE - correctly filled rate (%) - 95.04
2019-07-09 01:10:36,843 - VO - UK - EBAY - 2019-07-01 00:00:00 - ERROR - FILE_CHECK - expect_column_values_to_be_in_type_list - PORTE - Wrong type for value: 3 on line 0 should be in ['int', 'float']
2019-07-09 01:10:36,843 - VO - UK - EBAY - 2019-07-01 00:00:00 - ERROR - FILE_CHECK - expect_column_values_to_be_in_type_list - PORTE - Wrong type for value: 5 on line 1 should be in ['int', 'float']
2019-07-09 01:10:36,843 - VO - UK - EBAY - 2019-07-01 00:00:00 - ERROR - FILE_CHECK - expect_column_values_to_be_in_type_list - PORTE - Wrong type for value: 5 on line 2 should be in ['int', 'float']
2019-07-09 01:10:36,843 - VO - UK - EBAY - 2019-07-01 00:00:00 - ERROR - FILE_CHECK - expect_column_values_to_be_in_type_list - PORTE - Wrong type for value: 2 on line 3 should be in ['int', 'float']
2019-07-09 01:10:36,843 - VO - UK - EBAY - 2019-07-01 00:00:00 - ERROR - FILE_CHECK - expect_column_values_to_be_in_type_list - PORTE - Wrong type for value: 3 on line 4 should be in ['int', 'float']
2019-07-09 01:10:36,843 - VO - UK - EBAY - 2019-07-01 00:00:00 - ERROR - FILE_CHECK - expect_column_values_to_be_in_type_list - PORTE - Wrong type for value: 3 on line 5 should be in ['int', 'float']
2019-07-09 01:10:36,843 - VO - UK - EBAY - 2019-07-01 00:00:00 - ERROR - FILE_CHECK - expect_column_values_to_be_in_type_list - PORTE - Wrong type for value: 5 on line 6 should be in ['int', 'float']
2019-07-09 01:10:36,843 - VO - UK - EBAY - 2019-07-01 00:00:00 - ERROR - FILE_CHECK - expect_column_values_to_be_in_type_list - PORTE - Wrong type for value: 2 on line 7 should be in ['int', 'float']
2019-07-09 01:10:36,843 - VO - UK - EBAY - 2019-07-01 00:00:00 - ERROR - FILE_CHECK - expect_column_values_to_be_in_type_list - PORTE - Wrong type for value: 2 on line 8 should be in ['int', 'float']
2019-07-09 01:10:36,844 - VO - UK - EBAY - 2019-07-01 00:00:00 - ERROR - FILE_CHECK - expect_column_values_to_be_in_type_list - PORTE - Wrong type for value: 3 on line 9 should be in ['int', 'float']
2019-07-09 01:10:36,844 - VO - UK - EBAY - 2019-07-01 00:00:00 - ERROR - FILE_CHECK - expect_column_values_to_be_in_type_list - PORTE - Wrong type for value: 5 on line 10 should be in ['int', 'float']
2019-07-09 01:10:36,844 - VO - UK - EBAY - 2019-07-01 00:00:00 - ERROR - FILE_CHECK - expect_column_values_to_be_in_type_list - PORTE - Wrong type for value: 4 on line 12 should be in ['int', 'float']
2019-07-09 01:10:36,844 - VO - UK - EBAY - 2019-07-01 00:00:00 - ERROR - FILE_CHECK - expect_column_values_to_be_in_type_list - PORTE - Wrong type for value: 3 on line 13 should be in ['int', 'float']
2019-07-09 01:10:36,844 - VO - UK - EBAY - 2019-07-01 00:00:00 - ERROR - FILE_CHECK - expect_column_values_to_be_in_type_list - PORTE - Wrong type for value: 2 on line 14 should be in ['int', 'float']
2019-07-09 01:10:36,844 - VO - UK - EBAY - 2019-07-01 00:00:00 - ERROR - FILE_CHECK - expect_column_values_to_be_in_type_list - PORTE - Wrong type for value: 3 on line 15 should be in ['int', 'float']
2019-07-09 01:10:36,844 - VO - UK - EBAY - 2019-07-01 00:00:00 - ERROR - FILE_CHECK - expect_column_values_to_be_in_type_list - PORTE - Wrong type for value: 5 on line 16 should be in ['int', 'float']
2019-07-09 01:10:36,844 - VO - UK - EBAY - 2019-07-01 00:00:00 - ERROR - FILE_CHECK - expect_column_values_to_be_in_type_list - PORTE - Wrong type for value: 5 on line 17 should be in ['int', 'float']
2019-07-09 01:10:36,844 - VO - UK - EBAY - 2019-07-01 00:00:00 - ERROR - FILE_CHECK - expect_column_values_to_be_in_type_list - PORTE - Wrong type for value: 5 on line 18 should be in ['int', 'float']
2019-07-09 01:10:36,844 - VO - UK - EBAY - 2019-07-01 00:00:00 - ERROR - FILE_CHECK - expect_column_values_to_be_in_type_list - PORTE - Wrong type for value: 5 on line 19 should be in ['int', 'float']
2019-07-09 01:10:36,844 - VO - UK - EBAY - 2019-07-01 00:00:00 - ERROR - FILE_CHECK - expect_column_values_to_be_in_type_list - PORTE - Wrong type for value: 2 on line 20 should be in ['int', 'float']
2019-07-09 01:10:36,844 - VO - UK - EBAY - 2019-07-01 00:00:00 - ERROR - STAT - expect_column_values_to_be_in_type_list - PORTE - correctly filled rate (%) - 0.0
2019-07-09 01:10:36,844 - VO - UK - EBAY - 2019-07-01 00:00:00 - ERROR - STAT - expect_column_values_to_be_in_type_list - PRIX - correctly filled rate (%) - 100.0
2019-07-09 01:10:36,844 - VO - UK - EBAY - 2019-07-01 00:00:00 - ERROR - STAT - expect_column_values_to_not_be_null - PRIX - correctly filled rate (%) - 100.0
2019-07-09 01:10:36,844 - VO - UK - EBAY - 2019-07-01 00:00:00 - ERROR - STAT - expect_column_values_to_not_be_null - PROVINCE - correctly filled rate (%) - 99.39
2019-07-09 01:10:36,844 - VO - UK - EBAY - 2019-07-01 00:00:00 - ERROR - STAT - expect_column_values_to_not_be_null - SITE - correctly filled rate (%) - 100.0
2019-07-09 01:10:36,844 - VO - UK - EBAY - 2019-07-01 00:00:00 - ERROR - STAT - expect_column_values_to_not_be_null - TELEPHONE - correctly filled rate (%) - 98.63
2019-07-09 01:10:36,844 - VO - UK - EBAY - 2019-07-01 00:00:00 - ERROR - FILE_CHECK - expect_column_values_to_be_phone_number - TELEPHONE - Unexpected value: 01905947490 on line 0, value should match a phone number format
2019-07-09 01:10:36,844 - VO - UK - EBAY - 2019-07-01 00:00:00 - ERROR - FILE_CHECK - expect_column_values_to_be_phone_number - TELEPHONE - Unexpected value: 02891246055 on line 1, value should match a phone number format
2019-07-09 01:10:36,845 - VO - UK - EBAY - 2019-07-01 00:00:00 - ERROR - FILE_CHECK - expect_column_values_to_be_phone_number - TELEPHONE - Unexpected value: 01362700368 on line 2, value should match a phone number format
2019-07-09 01:10:36,845 - VO - UK - EBAY - 2019-07-01 00:00:00 - ERROR - FILE_CHECK - expect_column_values_to_be_phone_number - TELEPHONE - Unexpected value: 01134689982 on line 3, value should match a phone number format
2019-07-09 01:10:36,845 - VO - UK - EBAY - 2019-07-01 00:00:00 - ERROR - FILE_CHECK - expect_column_values_to_be_phone_number - TELEPHONE - Unexpected value: 01202007776 on line 4, value should match a phone number format
2019-07-09 01:10:36,845 - VO - UK - EBAY - 2019-07-01 00:00:00 - ERROR - FILE_CHECK - expect_column_values_to_be_phone_number - TELEPHONE - Unexpected value: 01282500793 on line 5, value should match a phone number format
2019-07-09 01:10:36,845 - VO - UK - EBAY - 2019-07-01 00:00:00 - ERROR - FILE_CHECK - expect_column_values_to_be_phone_number - TELEPHONE - Unexpected value: 02895908169 on line 6, value should match a phone number format
2019-07-09 01:10:36,845 - VO - UK - EBAY - 2019-07-01 00:00:00 - ERROR - FILE_CHECK - expect_column_values_to_be_phone_number - TELEPHONE - Unexpected value: 01332321311 on line 7, value should match a phone number format
2019-07-09 01:10:36,845 - VO - UK - EBAY - 2019-07-01 00:00:00 - ERROR - FILE_CHECK - expect_column_values_to_be_phone_number - TELEPHONE - Unexpected value: 01216474040 on line 8, value should match a phone number format
2019-07-09 01:10:36,845 - VO - UK - EBAY - 2019-07-01 00:00:00 - ERROR - FILE_CHECK - expect_column_values_to_be_phone_number - TELEPHONE - Unexpected value: 01225436893 on line 9, value should match a phone number format
2019-07-09 01:10:36,845 - VO - UK - EBAY - 2019-07-01 00:00:00 - ERROR - FILE_CHECK - expect_column_values_to_be_phone_number - TELEPHONE - Unexpected value: 01225436893 on line 10, value should match a phone number format
2019-07-09 01:10:36,845 - VO - UK - EBAY - 2019-07-01 00:00:00 - ERROR - FILE_CHECK - expect_column_values_to_be_phone_number - TELEPHONE - Unexpected value: 01225436893 on line 11, value should match a phone number format
2019-07-09 01:10:36,845 - VO - UK - EBAY - 2019-07-01 00:00:00 - ERROR - FILE_CHECK - expect_column_values_to_be_phone_number - TELEPHONE - Unexpected value: 01225436893 on line 12, value should match a phone number format
2019-07-09 01:10:36,845 - VO - UK - EBAY - 2019-07-01 00:00:00 - ERROR - FILE_CHECK - expect_column_values_to_be_phone_number - TELEPHONE - Unexpected value: 01225436893 on line 13, value should match a phone number format
2019-07-09 01:10:36,845 - VO - UK - EBAY - 2019-07-01 00:00:00 - ERROR - FILE_CHECK - expect_column_values_to_be_phone_number - TELEPHONE - Unexpected value: 01737303167 on line 14, value should match a phone number format
2019-07-09 01:10:36,845 - VO - UK - EBAY - 2019-07-01 00:00:00 - ERROR - FILE_CHECK - expect_column_values_to_be_phone_number - TELEPHONE - Unexpected value: 01206879735 on line 15, value should match a phone number format
2019-07-09 01:10:36,845 - VO - UK - EBAY - 2019-07-01 00:00:00 - ERROR - FILE_CHECK - expect_column_values_to_be_phone_number - TELEPHONE - Unexpected value: 01134874998 on line 16, value should match a phone number format
2019-07-09 01:10:36,845 - VO - UK - EBAY - 2019-07-01 00:00:00 - ERROR - FILE_CHECK - expect_column_values_to_be_phone_number - TELEPHONE - Unexpected value: 01134874998 on line 17, value should match a phone number format
2019-07-09 01:10:36,845 - VO - UK - EBAY - 2019-07-01 00:00:00 - ERROR - FILE_CHECK - expect_column_values_to_be_phone_number - TELEPHONE - Unexpected value: 01134874998 on line 18, value should match a phone number format
2019-07-09 01:10:36,845 - VO - UK - EBAY - 2019-07-01 00:00:00 - ERROR - FILE_CHECK - expect_column_values_to_be_phone_number - TELEPHONE - Unexpected value: 01134874998 on line 19, value should match a phone number format
2019-07-09 01:10:36,845 - VO - UK - EBAY - 2019-07-01 00:00:00 - ERROR - STAT - expect_column_values_to_be_phone_number - TELEPHONE - correctly filled rate (%) - 0.0
2019-07-09 01:10:36,846 - VO - UK - EBAY - 2019-07-01 00:00:00 - ERROR - STAT - expect_column_values_to_not_be_null - TYPE - correctly filled rate (%) - 100.0
2019-07-09 01:10:36,846 - VO - UK - EBAY - 2019-07-01 00:00:00 - ERROR - STAT - expect_column_values_to_be_in_set_2 - TYPE - observed proportion - 100.0
2019-07-09 01:10:36,846 - VO - UK - EBAY - 2019-07-01 00:00:00 - ERROR - STAT - expect_column_values_to_not_be_null - VILLE - correctly filled rate (%) - 99.39
2019-07-09 01:10:36,846 - VO - UK - EBAY - 2019-07-01 00:00:00 - ERROR - STAT - expect_column_values_to_not_be_null - VN_IND - correctly filled rate (%) - 0.0
2019-07-09 01:10:36,846 - VO - UK - EBAY - 2019-07-01 00:00:00 - ERROR - STAT - expect_returning_row_count_on_conditions - DEALER_USEDCARS - total number of row with conditions - 174985
2019-07-09 01:10:36,846 - VO - UK - EBAY - 2019-07-01 00:00:00 - ERROR - STAT - expect_returning_row_count_on_conditions - PRIVATE_USEDCARS - total number of row with conditions - 9841
2019-07-09 01:10:36,846 - VO - UK - EBAY - 2019-07-01 00:00:00 - ERROR - STAT - expect_returning_row_unique_count - MARQUE_CORRECTED - total number of unique rows - 186
2019-07-09 01:10:36,846 - VO - UK - EBAY - 2019-07-01 00:00:00 - ERROR - STAT - expect_returning_row_unique_count - MODELE_CORRECTED - total number of unique rows - 1205
2019-07-09 01:10:36,846 - VO - UK - EBAY - 2019-07-01 00:00:00 - ERROR - STAT - expect_returning_row_unique_count - CARROSSERIE - total number of unique rows - 19
2019-07-09 01:10:36,846 - VO - UK - EBAY - 2019-07-01 00:00:00 - ERROR - STAT - expect_returning_row_unique_count - CARBURANT - total number of unique rows - 32
2019-07-09 01:10:36,846 - VO - UK - EBAY - 2019-07-01 00:00:00 - ERROR - STAT - expect_column_values_to_not_be_null - CYLINDRE - correctly filled rate (%) - 95.8
2019-07-09 01:10:36,846 - VO - UK - EBAY - 2019-07-01 00:00:00 - ERROR - FILE_CHECK - expect_column_values_to_be_in_type_list - CYLINDRE - Wrong type for value: 27650.0 on line 0 should be in ['int']
2019-07-09 01:10:36,846 - VO - UK - EBAY - 2019-07-01 00:00:00 - ERROR - FILE_CHECK - expect_column_values_to_be_in_type_list - CYLINDRE - Wrong type for value: 15600.0 on line 1 should be in ['int']
2019-07-09 01:10:36,846 - VO - UK - EBAY - 2019-07-01 00:00:00 - ERROR - FILE_CHECK - expect_column_values_to_be_in_type_list - CYLINDRE - Wrong type for value: 13640.0 on line 2 should be in ['int']
2019-07-09 01:10:36,846 - VO - UK - EBAY - 2019-07-01 00:00:00 - ERROR - FILE_CHECK - expect_column_values_to_be_in_type_list - CYLINDRE - Wrong type for value: 46630.0 on line 3 should be in ['int']
2019-07-09 01:10:36,846 - VO - UK - EBAY - 2019-07-01 00:00:00 - ERROR - FILE_CHECK - expect_column_values_to_be_in_type_list - CYLINDRE - Wrong type for value: 9980.0 on line 4 should be in ['int']
2019-07-09 01:10:36,846 - VO - UK - EBAY - 2019-07-01 00:00:00 - ERROR - FILE_CHECK - expect_column_values_to_be_in_type_list - CYLINDRE - Wrong type for value: 15600.0 on line 5 should be in ['int']
2019-07-09 01:10:36,846 - VO - UK - EBAY - 2019-07-01 00:00:00 - ERROR - FILE_CHECK - expect_column_values_to_be_in_type_list - CYLINDRE - Wrong type for value: 15600.0 on line 6 should be in ['int']
2019-07-09 01:10:36,847 - VO - UK - EBAY - 2019-07-01 00:00:00 - ERROR - FILE_CHECK - expect_column_values_to_be_in_type_list - CYLINDRE - Wrong type for value: 15980.0 on line 7 should be in ['int']
2019-07-09 01:10:36,847 - VO - UK - EBAY - 2019-07-01 00:00:00 - ERROR - FILE_CHECK - expect_column_values_to_be_in_type_list - CYLINDRE - Wrong type for value: 17810.0 on line 8 should be in ['int']
2019-07-09 01:10:36,847 - VO - UK - EBAY - 2019-07-01 00:00:00 - ERROR - FILE_CHECK - expect_column_values_to_be_in_type_list - CYLINDRE - Wrong type for value: 11980.0 on line 9 should be in ['int']
2019-07-09 01:10:36,847 - VO - UK - EBAY - 2019-07-01 00:00:00 - ERROR - FILE_CHECK - expect_column_values_to_be_in_type_list - CYLINDRE - Wrong type for value: 19680.0 on line 10 should be in ['int']
2019-07-09 01:10:36,847 - VO - UK - EBAY - 2019-07-01 00:00:00 - ERROR - FILE_CHECK - expect_column_values_to_be_in_type_list - CYLINDRE - Wrong type for value: 15960.0 on line 11 should be in ['int']
2019-07-09 01:10:36,847 - VO - UK - EBAY - 2019-07-01 00:00:00 - ERROR - FILE_CHECK - expect_column_values_to_be_in_type_list - CYLINDRE - Wrong type for value: 19500.0 on line 12 should be in ['int']
2019-07-09 01:10:36,847 - VO - UK - EBAY - 2019-07-01 00:00:00 - ERROR - FILE_CHECK - expect_column_values_to_be_in_type_list - CYLINDRE - Wrong type for value: 24020.0 on line 13 should be in ['int']
2019-07-09 01:10:36,847 - VO - UK - EBAY - 2019-07-01 00:00:00 - ERROR - FILE_CHECK - expect_column_values_to_be_in_type_list - CYLINDRE - Wrong type for value: 13640.0 on line 14 should be in ['int']
2019-07-09 01:10:36,847 - VO - UK - EBAY - 2019-07-01 00:00:00 - ERROR - FILE_CHECK - expect_column_values_to_be_in_type_list - CYLINDRE - Wrong type for value: 14960.0 on line 15 should be in ['int']
2019-07-09 01:10:36,847 - VO - UK - EBAY - 2019-07-01 00:00:00 - ERROR - FILE_CHECK - expect_column_values_to_be_in_type_list - CYLINDRE - Wrong type for value: 10000.0 on line 16 should be in ['int']
2019-07-09 01:10:36,847 - VO - UK - EBAY - 2019-07-01 00:00:00 - ERROR - FILE_CHECK - expect_column_values_to_be_in_type_list - CYLINDRE - Wrong type for value: 14000.0 on line 17 should be in ['int']
2019-07-09 01:10:36,847 - VO - UK - EBAY - 2019-07-01 00:00:00 - ERROR - FILE_CHECK - expect_column_values_to_be_in_type_list - CYLINDRE - Wrong type for value: 20000.0 on line 18 should be in ['int']
2019-07-09 01:10:36,847 - VO - UK - EBAY - 2019-07-01 00:00:00 - ERROR - FILE_CHECK - expect_column_values_to_be_in_type_list - CYLINDRE - Wrong type for value: 20000.0 on line 19 should be in ['int']
2019-07-09 01:10:36,847 - VO - UK - EBAY - 2019-07-01 00:00:00 - ERROR - STAT - expect_column_values_to_be_in_type_list - CYLINDRE - correctly filled rate (%) - 0.0
2019-07-09 01:10:36,847 - VO - UK - EBAY - 2019-07-01 00:00:00 - ERROR - STAT - expect_returning_row_unique_count - PROVINCE - total number of unique rows - 3884
2019-07-09 01:10:36,847 - VO - UK - EBAY - 2019-07-01 00:00:00 - ERROR - STAT - expect_returning_row_unique_count - VILLE - total number of unique rows - 3726
2019-07-09 01:10:36,847 - VO - UK - EBAY - 2019-07-01 00:00:00 - ERROR - STAT - expect_returning_row_unique_count - DEPARTEMENT - total number of unique rows - 103
