2019-07-22 18:13:34,065 - IMMO - FR - IMMOSTREET - 2019-07-01 00:00:00 - ERROR - STAT - expect_column_values_to_not_be_null - ACHAT_LOC - correctly filled rate (%) - 100.0
2019-07-22 18:13:34,066 - IMMO - FR - IMMOSTREET - 2019-07-01 00:00:00 - ERROR - STAT - expect_column_values_to_be_in_set - ACHAT_LOC - correctly filled rate (%) - 99.56
2019-07-22 18:13:34,066 - IMMO - FR - IMMOSTREET - 2019-07-01 00:00:00 - ERROR - STAT - expect_column_values_to_not_be_null - ADRESSE - correctly filled rate (%) - 0.01
2019-07-22 18:13:34,066 - IMMO - FR - IMMOSTREET - 2019-07-01 00:00:00 - ERROR - STAT - expect_column_values_to_not_be_null - AGENCE_ADRESSE - correctly filled rate (%) - 23.13
2019-07-22 18:13:34,066 - IMMO - FR - IMMOSTREET - 2019-07-01 00:00:00 - ERROR - STAT - expect_column_values_to_not_be_null - AGENCE_CP - correctly filled rate (%) - 23.16
2019-07-22 18:13:34,066 - IMMO - FR - IMMOSTREET - 2019-07-01 00:00:00 - ERROR - FILE_CHECK - expect_column_values_to_match_regex - AGENCE_CP - Unexpected value: 75015.0 on line 0, value should match regexp ^[0-9]{5}$
2019-07-22 18:13:34,066 - IMMO - FR - IMMOSTREET - 2019-07-01 00:00:00 - ERROR - FILE_CHECK - expect_column_values_to_match_regex - AGENCE_CP - Unexpected value: 75015.0 on line 1, value should match regexp ^[0-9]{5}$
2019-07-22 18:13:34,066 - IMMO - FR - IMMOSTREET - 2019-07-01 00:00:00 - ERROR - FILE_CHECK - expect_column_values_to_match_regex - AGENCE_CP - Unexpected value: 78400.0 on line 2, value should match regexp ^[0-9]{5}$
2019-07-22 18:13:34,066 - IMMO - FR - IMMOSTREET - 2019-07-01 00:00:00 - ERROR - FILE_CHECK - expect_column_values_to_match_regex - AGENCE_CP - Unexpected value: 13100.0 on line 5, value should match regexp ^[0-9]{5}$
2019-07-22 18:13:34,066 - IMMO - FR - IMMOSTREET - 2019-07-01 00:00:00 - ERROR - FILE_CHECK - expect_column_values_to_match_regex - AGENCE_CP - Unexpected value: 75009.0 on line 8, value should match regexp ^[0-9]{5}$
2019-07-22 18:13:34,066 - IMMO - FR - IMMOSTREET - 2019-07-01 00:00:00 - ERROR - FILE_CHECK - expect_column_values_to_match_regex - AGENCE_CP - Unexpected value: 6400.0 on line 9, value should match regexp ^[0-9]{5}$
2019-07-22 18:13:34,066 - IMMO - FR - IMMOSTREET - 2019-07-01 00:00:00 - ERROR - FILE_CHECK - expect_column_values_to_match_regex - AGENCE_CP - Unexpected value: 6130.0 on line 10, value should match regexp ^[0-9]{5}$
2019-07-22 18:13:34,066 - IMMO - FR - IMMOSTREET - 2019-07-01 00:00:00 - ERROR - FILE_CHECK - expect_column_values_to_match_regex - AGENCE_CP - Unexpected value: 59130.0 on line 11, value should match regexp ^[0-9]{5}$
2019-07-22 18:13:34,066 - IMMO - FR - IMMOSTREET - 2019-07-01 00:00:00 - ERROR - FILE_CHECK - expect_column_values_to_match_regex - AGENCE_CP - Unexpected value: 59130.0 on line 12, value should match regexp ^[0-9]{5}$
2019-07-22 18:13:34,066 - IMMO - FR - IMMOSTREET - 2019-07-01 00:00:00 - ERROR - FILE_CHECK - expect_column_values_to_match_regex - AGENCE_CP - Unexpected value: 27000.0 on line 15, value should match regexp ^[0-9]{5}$
2019-07-22 18:13:34,066 - IMMO - FR - IMMOSTREET - 2019-07-01 00:00:00 - ERROR - FILE_CHECK - expect_column_values_to_match_regex - AGENCE_CP - Unexpected value: 92130.0 on line 26, value should match regexp ^[0-9]{5}$
2019-07-22 18:13:34,066 - IMMO - FR - IMMOSTREET - 2019-07-01 00:00:00 - ERROR - FILE_CHECK - expect_column_values_to_match_regex - AGENCE_CP - Unexpected value: 30000.0 on line 33, value should match regexp ^[0-9]{5}$
2019-07-22 18:13:34,067 - IMMO - FR - IMMOSTREET - 2019-07-01 00:00:00 - ERROR - FILE_CHECK - expect_column_values_to_match_regex - AGENCE_CP - Unexpected value: 30000.0 on line 34, value should match regexp ^[0-9]{5}$
2019-07-22 18:13:34,067 - IMMO - FR - IMMOSTREET - 2019-07-01 00:00:00 - ERROR - FILE_CHECK - expect_column_values_to_match_regex - AGENCE_CP - Unexpected value: 6600.0 on line 35, value should match regexp ^[0-9]{5}$
2019-07-22 18:13:34,067 - IMMO - FR - IMMOSTREET - 2019-07-01 00:00:00 - ERROR - FILE_CHECK - expect_column_values_to_match_regex - AGENCE_CP - Unexpected value: 34280.0 on line 37, value should match regexp ^[0-9]{5}$
2019-07-22 18:13:34,067 - IMMO - FR - IMMOSTREET - 2019-07-01 00:00:00 - ERROR - FILE_CHECK - expect_column_values_to_match_regex - AGENCE_CP - Unexpected value: 33370.0 on line 39, value should match regexp ^[0-9]{5}$
2019-07-22 18:13:34,067 - IMMO - FR - IMMOSTREET - 2019-07-01 00:00:00 - ERROR - FILE_CHECK - expect_column_values_to_match_regex - AGENCE_CP - Unexpected value: 6160.0 on line 55, value should match regexp ^[0-9]{5}$
2019-07-22 18:13:34,067 - IMMO - FR - IMMOSTREET - 2019-07-01 00:00:00 - ERROR - FILE_CHECK - expect_column_values_to_match_regex - AGENCE_CP - Unexpected value: 66140.0 on line 56, value should match regexp ^[0-9]{5}$
2019-07-22 18:13:34,067 - IMMO - FR - IMMOSTREET - 2019-07-01 00:00:00 - ERROR - FILE_CHECK - expect_column_values_to_match_regex - AGENCE_CP - Unexpected value: 66140.0 on line 57, value should match regexp ^[0-9]{5}$
2019-07-22 18:13:34,067 - IMMO - FR - IMMOSTREET - 2019-07-01 00:00:00 - ERROR - FILE_CHECK - expect_column_values_to_match_regex - AGENCE_CP - Unexpected value: 26110.0 on line 58, value should match regexp ^[0-9]{5}$
2019-07-22 18:13:34,067 - IMMO - FR - IMMOSTREET - 2019-07-01 00:00:00 - ERROR - STAT - expect_column_values_to_match_regex - AGENCE_CP - correctly filled rate (%) - 0.0
2019-07-22 18:13:34,067 - IMMO - FR - IMMOSTREET - 2019-07-01 00:00:00 - ERROR - STAT - expect_column_values_to_not_be_null - AGENCE_ID - correctly filled rate (%) - 99.98
2019-07-22 18:13:34,067 - IMMO - FR - IMMOSTREET - 2019-07-01 00:00:00 - ERROR - STAT - expect_column_values_to_not_be_null - AGENCE_NOM - correctly filled rate (%) - 77.58
2019-07-22 18:13:34,067 - IMMO - FR - IMMOSTREET - 2019-07-01 00:00:00 - ERROR - FILE_CHECK - expect_column_values_to_be_phone_number - AGENCE_TEL - Unexpected value: 144497070.0 on line 0, value should match a phone number format
2019-07-22 18:13:34,067 - IMMO - FR - IMMOSTREET - 2019-07-01 00:00:00 - ERROR - FILE_CHECK - expect_column_values_to_be_phone_number - AGENCE_TEL - Unexpected value: 144497070.0 on line 1, value should match a phone number format
2019-07-22 18:13:34,067 - IMMO - FR - IMMOSTREET - 2019-07-01 00:00:00 - ERROR - FILE_CHECK - expect_column_values_to_be_phone_number - AGENCE_TEL - Unexpected value: 171517090.0 on line 2, value should match a phone number format
2019-07-22 18:13:34,067 - IMMO - FR - IMMOSTREET - 2019-07-01 00:00:00 - ERROR - FILE_CHECK - expect_column_values_to_be_phone_number - AGENCE_TEL - Unexpected value: 784336041.0 on line 3, value should match a phone number format
2019-07-22 18:13:34,067 - IMMO - FR - IMMOSTREET - 2019-07-01 00:00:00 - ERROR - FILE_CHECK - expect_column_values_to_be_phone_number - AGENCE_TEL - Unexpected value: 784336041.0 on line 4, value should match a phone number format
2019-07-22 18:13:34,067 - IMMO - FR - IMMOSTREET - 2019-07-01 00:00:00 - ERROR - FILE_CHECK - expect_column_values_to_be_phone_number - AGENCE_TEL - Unexpected value: 695204673.0 on line 5, value should match a phone number format
2019-07-22 18:13:34,067 - IMMO - FR - IMMOSTREET - 2019-07-01 00:00:00 - ERROR - FILE_CHECK - expect_column_values_to_be_phone_number - AGENCE_TEL - Unexpected value: 494371103.0 on line 6, value should match a phone number format
2019-07-22 18:13:34,068 - IMMO - FR - IMMOSTREET - 2019-07-01 00:00:00 - ERROR - FILE_CHECK - expect_column_values_to_be_phone_number - AGENCE_TEL - Unexpected value: 147702418.0 on line 8, value should match a phone number format
2019-07-22 18:13:34,068 - IMMO - FR - IMMOSTREET - 2019-07-01 00:00:00 - ERROR - FILE_CHECK - expect_column_values_to_be_phone_number - AGENCE_TEL - Unexpected value: 493942154.0 on line 9, value should match a phone number format
2019-07-22 18:13:34,068 - IMMO - FR - IMMOSTREET - 2019-07-01 00:00:00 - ERROR - FILE_CHECK - expect_column_values_to_be_phone_number - AGENCE_TEL - Unexpected value: 681288151.0 on line 10, value should match a phone number format
2019-07-22 18:13:34,068 - IMMO - FR - IMMOSTREET - 2019-07-01 00:00:00 - ERROR - FILE_CHECK - expect_column_values_to_be_phone_number - AGENCE_TEL - Unexpected value: 320303838.0 on line 11, value should match a phone number format
2019-07-22 18:13:34,068 - IMMO - FR - IMMOSTREET - 2019-07-01 00:00:00 - ERROR - FILE_CHECK - expect_column_values_to_be_phone_number - AGENCE_TEL - Unexpected value: 320303838.0 on line 12, value should match a phone number format
2019-07-22 18:13:34,068 - IMMO - FR - IMMOSTREET - 2019-07-01 00:00:00 - ERROR - FILE_CHECK - expect_column_values_to_be_phone_number - AGENCE_TEL - Unexpected value: 603422134.0 on line 13, value should match a phone number format
2019-07-22 18:13:34,068 - IMMO - FR - IMMOSTREET - 2019-07-01 00:00:00 - ERROR - FILE_CHECK - expect_column_values_to_be_phone_number - AGENCE_TEL - Unexpected value: 603422134.0 on line 14, value should match a phone number format
2019-07-22 18:13:34,068 - IMMO - FR - IMMOSTREET - 2019-07-01 00:00:00 - ERROR - FILE_CHECK - expect_column_values_to_be_phone_number - AGENCE_TEL - Unexpected value: 232332684.0 on line 15, value should match a phone number format
2019-07-22 18:13:34,068 - IMMO - FR - IMMOSTREET - 2019-07-01 00:00:00 - ERROR - FILE_CHECK - expect_column_values_to_be_phone_number - AGENCE_TEL - Unexpected value: 607017106.0 on line 16, value should match a phone number format
2019-07-22 18:13:34,068 - IMMO - FR - IMMOSTREET - 2019-07-01 00:00:00 - ERROR - FILE_CHECK - expect_column_values_to_be_phone_number - AGENCE_TEL - Unexpected value: 608786946.0 on line 17, value should match a phone number format
2019-07-22 18:13:34,068 - IMMO - FR - IMMOSTREET - 2019-07-01 00:00:00 - ERROR - FILE_CHECK - expect_column_values_to_be_phone_number - AGENCE_TEL - Unexpected value: 608786946.0 on line 18, value should match a phone number format
2019-07-22 18:13:34,068 - IMMO - FR - IMMOSTREET - 2019-07-01 00:00:00 - ERROR - FILE_CHECK - expect_column_values_to_be_phone_number - AGENCE_TEL - Unexpected value: 609156852.0 on line 19, value should match a phone number format
2019-07-22 18:13:34,068 - IMMO - FR - IMMOSTREET - 2019-07-01 00:00:00 - ERROR - FILE_CHECK - expect_column_values_to_be_phone_number - AGENCE_TEL - Unexpected value: 609156852.0 on line 20, value should match a phone number format
2019-07-22 18:13:34,068 - IMMO - FR - IMMOSTREET - 2019-07-01 00:00:00 - ERROR - STAT - expect_column_values_to_be_phone_number - AGENCE_TEL - correctly filled rate (%) - 0.01
2019-07-22 18:13:34,068 - IMMO - FR - IMMOSTREET - 2019-07-01 00:00:00 - ERROR - STAT - expect_column_values_to_not_be_null - AGENCE_TEL - correctly filled rate (%) - 99.92
2019-07-22 18:13:34,068 - IMMO - FR - IMMOSTREET - 2019-07-01 00:00:00 - ERROR - STAT - expect_column_values_to_not_be_null - AGENCE_VILLE - correctly filled rate (%) - 23.18
2019-07-22 18:13:34,068 - IMMO - FR - IMMOSTREET - 2019-07-01 00:00:00 - ERROR - STAT - expect_column_values_to_not_be_null - ANNONCE_DATE - correctly filled rate (%) - 100.0
2019-07-22 18:13:34,068 - IMMO - FR - IMMOSTREET - 2019-07-01 00:00:00 - ERROR - STAT - expect_column_values_to_not_be_null - ANNONCE_LINK - correctly filled rate (%) - 100.0
2019-07-22 18:13:34,069 - IMMO - FR - IMMOSTREET - 2019-07-01 00:00:00 - ERROR - STAT - expect_column_values_to_be_unique - ANNONCE_LINK - observed proportion - 100.0
2019-07-22 18:13:34,069 - IMMO - FR - IMMOSTREET - 2019-07-01 00:00:00 - ERROR - FILE_CHECK - expect_column_value_lengths_to_be_between - ANNONCE_TEXT - Unexpected characters count of: [Boulogne - PORTE DE ...] on line  0, value length should be between 0 and 255
2019-07-22 18:13:34,069 - IMMO - FR - IMMOSTREET - 2019-07-01 00:00:00 - ERROR - FILE_CHECK - expect_column_value_lengths_to_be_between - ANNONCE_TEXT - Unexpected characters count of: [EMPLACEMENT IDÉAL - ...] on line  1, value length should be between 0 and 255
2019-07-22 18:13:34,069 - IMMO - FR - IMMOSTREET - 2019-07-01 00:00:00 - ERROR - FILE_CHECK - expect_column_value_lengths_to_be_between - ANNONCE_TEXT - Unexpected characters count of: [EXCLUSIVITÉ LA RÉSID...] on line  2, value length should be between 0 and 255
2019-07-22 18:13:34,069 - IMMO - FR - IMMOSTREET - 2019-07-01 00:00:00 - ERROR - FILE_CHECK - expect_column_value_lengths_to_be_between - ANNONCE_TEXT - Unexpected characters count of: [Superbe chalet 9 piè...] on line  3, value length should be between 0 and 255
2019-07-22 18:13:34,069 - IMMO - FR - IMMOSTREET - 2019-07-01 00:00:00 - ERROR - FILE_CHECK - expect_column_value_lengths_to_be_between - ANNONCE_TEXT - Unexpected characters count of: [Dans une charmante c...] on line  5, value length should be between 0 and 255
2019-07-22 18:13:34,069 - IMMO - FR - IMMOSTREET - 2019-07-01 00:00:00 - ERROR - FILE_CHECK - expect_column_value_lengths_to_be_between - ANNONCE_TEXT - Unexpected characters count of: [A vendre en centre-v...] on line  6, value length should be between 0 and 255
2019-07-22 18:13:34,069 - IMMO - FR - IMMOSTREET - 2019-07-01 00:00:00 - ERROR - FILE_CHECK - expect_column_value_lengths_to_be_between - ANNONCE_TEXT - Unexpected characters count of: [Sur le secteur très ...] on line  7, value length should be between 0 and 255
2019-07-22 18:13:34,069 - IMMO - FR - IMMOSTREET - 2019-07-01 00:00:00 - ERROR - FILE_CHECK - expect_column_value_lengths_to_be_between - ANNONCE_TEXT - Unexpected characters count of: [Kylia vous présente ...] on line  8, value length should be between 0 and 255
2019-07-22 18:13:34,069 - IMMO - FR - IMMOSTREET - 2019-07-01 00:00:00 - ERROR - FILE_CHECK - expect_column_value_lengths_to_be_between - ANNONCE_TEXT - Unexpected characters count of: [A vendre trois pièce...] on line  9, value length should be between 0 and 255
2019-07-22 18:13:34,069 - IMMO - FR - IMMOSTREET - 2019-07-01 00:00:00 - ERROR - FILE_CHECK - expect_column_value_lengths_to_be_between - ANNONCE_TEXT - Unexpected characters count of: [Sud de Châteauneuf à...] on line  10, value length should be between 0 and 255
2019-07-22 18:13:34,069 - IMMO - FR - IMMOSTREET - 2019-07-01 00:00:00 - ERROR - FILE_CHECK - expect_column_value_lengths_to_be_between - ANNONCE_TEXT - Unexpected characters count of: [EN ZONE FRANCHE au c...] on line  12, value length should be between 0 and 255
2019-07-22 18:13:34,069 - IMMO - FR - IMMOSTREET - 2019-07-01 00:00:00 - ERROR - FILE_CHECK - expect_column_value_lengths_to_be_between - ANNONCE_TEXT - Unexpected characters count of: [Contactez-moi vite p...] on line  13, value length should be between 0 and 255
2019-07-22 18:13:34,069 - IMMO - FR - IMMOSTREET - 2019-07-01 00:00:00 - ERROR - FILE_CHECK - expect_column_value_lengths_to_be_between - ANNONCE_TEXT - Unexpected characters count of: [A saisir en URGENCE ...] on line  14, value length should be between 0 and 255
2019-07-22 18:13:34,069 - IMMO - FR - IMMOSTREET - 2019-07-01 00:00:00 - ERROR - FILE_CHECK - expect_column_value_lengths_to_be_between - ANNONCE_TEXT - Unexpected characters count of: [Rencontre avec une m...] on line  15, value length should be between 0 and 255
2019-07-22 18:13:34,069 - IMMO - FR - IMMOSTREET - 2019-07-01 00:00:00 - ERROR - FILE_CHECK - expect_column_value_lengths_to_be_between - ANNONCE_TEXT - Unexpected characters count of: [Olivier GÊNES vous p...] on line  16, value length should be between 0 and 255
2019-07-22 18:13:34,069 - IMMO - FR - IMMOSTREET - 2019-07-01 00:00:00 - ERROR - FILE_CHECK - expect_column_value_lengths_to_be_between - ANNONCE_TEXT - Unexpected characters count of: [BLOIS (41) 10 mn du ...] on line  17, value length should be between 0 and 255
2019-07-22 18:13:34,070 - IMMO - FR - IMMOSTREET - 2019-07-01 00:00:00 - ERROR - FILE_CHECK - expect_column_value_lengths_to_be_between - ANNONCE_TEXT - Unexpected characters count of: [BOURGES (18) - UNIQU...] on line  18, value length should be between 0 and 255
2019-07-22 18:13:34,070 - IMMO - FR - IMMOSTREET - 2019-07-01 00:00:00 - ERROR - FILE_CHECK - expect_column_value_lengths_to_be_between - ANNONCE_TEXT - Unexpected characters count of: [Appartement 4 pièces...] on line  19, value length should be between 0 and 255
2019-07-22 18:13:34,070 - IMMO - FR - IMMOSTREET - 2019-07-01 00:00:00 - ERROR - FILE_CHECK - expect_column_value_lengths_to_be_between - ANNONCE_TEXT - Unexpected characters count of: [Appartement 3 pièces...] on line  20, value length should be between 0 and 255
2019-07-22 18:13:34,070 - IMMO - FR - IMMOSTREET - 2019-07-01 00:00:00 - ERROR - FILE_CHECK - expect_column_value_lengths_to_be_between - ANNONCE_TEXT - Unexpected characters count of: [Quartier de l&#39;hô...] on line  21, value length should be between 0 and 255
2019-07-22 18:13:34,070 - IMMO - FR - IMMOSTREET - 2019-07-01 00:00:00 - ERROR - STAT - expect_column_value_lengths_to_be_between - ANNONCE_TEXT - correctly filled rate (%) - 14.75
2019-07-22 18:13:34,070 - IMMO - FR - IMMOSTREET - 2019-07-01 00:00:00 - ERROR - STAT - expect_column_values_to_not_be_null - ANNONCE_TEXT - correctly filled rate (%) - 30.62
2019-07-22 18:13:34,070 - IMMO - FR - IMMOSTREET - 2019-07-01 00:00:00 - ERROR - STAT - expect_column_values_to_not_be_null - CATEGORIE - correctly filled rate (%) - 99.98
2019-07-22 18:13:34,070 - IMMO - FR - IMMOSTREET - 2019-07-01 00:00:00 - ERROR - STAT - expect_column_values_to_not_be_null - CP - correctly filled rate (%) - 100.0
2019-07-22 18:13:34,070 - IMMO - FR - IMMOSTREET - 2019-07-01 00:00:00 - ERROR - FILE_CHECK - expect_column_values_to_match_regex - CP - Unexpected value: 6150 on line 9, value should match regexp ^[0-9]{5}$
2019-07-22 18:13:34,070 - IMMO - FR - IMMOSTREET - 2019-07-01 00:00:00 - ERROR - FILE_CHECK - expect_column_values_to_match_regex - CP - Unexpected value: 6740 on line 10, value should match regexp ^[0-9]{5}$
2019-07-22 18:13:34,070 - IMMO - FR - IMMOSTREET - 2019-07-01 00:00:00 - ERROR - FILE_CHECK - expect_column_values_to_match_regex - CP - Unexpected value: 3500 on line 13, value should match regexp ^[0-9]{5}$
2019-07-22 18:13:34,070 - IMMO - FR - IMMOSTREET - 2019-07-01 00:00:00 - ERROR - FILE_CHECK - expect_column_values_to_match_regex - CP - Unexpected value: 6210 on line 29, value should match regexp ^[0-9]{5}$
2019-07-22 18:13:34,070 - IMMO - FR - IMMOSTREET - 2019-07-01 00:00:00 - ERROR - FILE_CHECK - expect_column_values_to_match_regex - CP - Unexpected value: 6150 on line 30, value should match regexp ^[0-9]{5}$
2019-07-22 18:13:34,070 - IMMO - FR - IMMOSTREET - 2019-07-01 00:00:00 - ERROR - FILE_CHECK - expect_column_values_to_match_regex - CP - Unexpected value: 1280 on line 31, value should match regexp ^[0-9]{5}$
2019-07-22 18:13:34,070 - IMMO - FR - IMMOSTREET - 2019-07-01 00:00:00 - ERROR - FILE_CHECK - expect_column_values_to_match_regex - CP - Unexpected value: 6330 on line 35, value should match regexp ^[0-9]{5}$
2019-07-22 18:13:34,070 - IMMO - FR - IMMOSTREET - 2019-07-01 00:00:00 - ERROR - FILE_CHECK - expect_column_values_to_match_regex - CP - Unexpected value: 6160 on line 55, value should match regexp ^[0-9]{5}$
2019-07-22 18:13:34,070 - IMMO - FR - IMMOSTREET - 2019-07-01 00:00:00 - ERROR - FILE_CHECK - expect_column_values_to_match_regex - CP - Unexpected value: 6800 on line 68, value should match regexp ^[0-9]{5}$
2019-07-22 18:13:34,070 - IMMO - FR - IMMOSTREET - 2019-07-01 00:00:00 - ERROR - FILE_CHECK - expect_column_values_to_match_regex - CP - Unexpected value: 6130 on line 74, value should match regexp ^[0-9]{5}$
2019-07-22 18:13:34,071 - IMMO - FR - IMMOSTREET - 2019-07-01 00:00:00 - ERROR - FILE_CHECK - expect_column_values_to_match_regex - CP - Unexpected value: 3190 on line 98, value should match regexp ^[0-9]{5}$
2019-07-22 18:13:34,071 - IMMO - FR - IMMOSTREET - 2019-07-01 00:00:00 - ERROR - FILE_CHECK - expect_column_values_to_match_regex - CP - Unexpected value: 4400 on line 109, value should match regexp ^[0-9]{5}$
2019-07-22 18:13:34,071 - IMMO - FR - IMMOSTREET - 2019-07-01 00:00:00 - ERROR - FILE_CHECK - expect_column_values_to_match_regex - CP - Unexpected value: 5500 on line 141, value should match regexp ^[0-9]{5}$
2019-07-22 18:13:34,071 - IMMO - FR - IMMOSTREET - 2019-07-01 00:00:00 - ERROR - FILE_CHECK - expect_column_values_to_match_regex - CP - Unexpected value: 5130 on line 142, value should match regexp ^[0-9]{5}$
2019-07-22 18:13:34,071 - IMMO - FR - IMMOSTREET - 2019-07-01 00:00:00 - ERROR - FILE_CHECK - expect_column_values_to_match_regex - CP - Unexpected value: 6130 on line 152, value should match regexp ^[0-9]{5}$
2019-07-22 18:13:34,071 - IMMO - FR - IMMOSTREET - 2019-07-01 00:00:00 - ERROR - FILE_CHECK - expect_column_values_to_match_regex - CP - Unexpected value: 7340 on line 270, value should match regexp ^[0-9]{5}$
2019-07-22 18:13:34,071 - IMMO - FR - IMMOSTREET - 2019-07-01 00:00:00 - ERROR - FILE_CHECK - expect_column_values_to_match_regex - CP - Unexpected value: 1560 on line 273, value should match regexp ^[0-9]{5}$
2019-07-22 18:13:34,071 - IMMO - FR - IMMOSTREET - 2019-07-01 00:00:00 - ERROR - FILE_CHECK - expect_column_values_to_match_regex - CP - Unexpected value: 1340 on line 274, value should match regexp ^[0-9]{5}$
2019-07-22 18:13:34,071 - IMMO - FR - IMMOSTREET - 2019-07-01 00:00:00 - ERROR - FILE_CHECK - expect_column_values_to_match_regex - CP - Unexpected value: 6000 on line 275, value should match regexp ^[0-9]{5}$
2019-07-22 18:13:34,071 - IMMO - FR - IMMOSTREET - 2019-07-01 00:00:00 - ERROR - FILE_CHECK - expect_column_values_to_match_regex - CP - Unexpected value: 6140 on line 325, value should match regexp ^[0-9]{5}$
2019-07-22 18:13:34,071 - IMMO - FR - IMMOSTREET - 2019-07-01 00:00:00 - ERROR - STAT - expect_column_values_to_match_regex - CP - correctly filled rate (%) - 92.38
2019-07-22 18:13:34,071 - IMMO - FR - IMMOSTREET - 2019-07-01 00:00:00 - ERROR - STAT - expect_column_values_to_not_be_null - DEPARTEMENT - correctly filled rate (%) - 100.0
2019-07-22 18:13:34,071 - IMMO - FR - IMMOSTREET - 2019-07-01 00:00:00 - ERROR - STAT - expect_returning_row_count - EVERY_COLUMNS - total number of rows - 823552
2019-07-22 18:13:34,071 - IMMO - FR - IMMOSTREET - 2019-07-01 00:00:00 - ERROR - STAT - expect_column_values_to_not_be_null - ID_CLIENT - correctly filled rate (%) - 100.0
2019-07-22 18:13:34,071 - IMMO - FR - IMMOSTREET - 2019-07-01 00:00:00 - ERROR - STAT - expect_column_values_to_be_unique - ID_CLIENT - observed proportion - 100.0
2019-07-22 18:13:34,071 - IMMO - FR - IMMOSTREET - 2019-07-01 00:00:00 - ERROR - FILE_CHECK - expect_column_values_to_be_of_type - M2 - Wrong type for value: 77.05 on line 0 should be int
2019-07-22 18:13:34,071 - IMMO - FR - IMMOSTREET - 2019-07-01 00:00:00 - ERROR - FILE_CHECK - expect_column_values_to_be_of_type - M2 - Wrong type for value: 13.83 on line 1 should be int
2019-07-22 18:13:34,071 - IMMO - FR - IMMOSTREET - 2019-07-01 00:00:00 - ERROR - FILE_CHECK - expect_column_values_to_be_of_type - M2 - Wrong type for value: 31.0 on line 2 should be int
2019-07-22 18:13:34,071 - IMMO - FR - IMMOSTREET - 2019-07-01 00:00:00 - ERROR - FILE_CHECK - expect_column_values_to_be_of_type - M2 - Wrong type for value: 250.0 on line 3 should be int
2019-07-22 18:13:34,072 - IMMO - FR - IMMOSTREET - 2019-07-01 00:00:00 - ERROR - FILE_CHECK - expect_column_values_to_be_of_type - M2 - Wrong type for value: 1038.0 on line 4 should be int
2019-07-22 18:13:34,072 - IMMO - FR - IMMOSTREET - 2019-07-01 00:00:00 - ERROR - FILE_CHECK - expect_column_values_to_be_of_type - M2 - Wrong type for value: 90.0 on line 5 should be int
2019-07-22 18:13:34,072 - IMMO - FR - IMMOSTREET - 2019-07-01 00:00:00 - ERROR - FILE_CHECK - expect_column_values_to_be_of_type - M2 - Wrong type for value: 51.0 on line 6 should be int
2019-07-22 18:13:34,072 - IMMO - FR - IMMOSTREET - 2019-07-01 00:00:00 - ERROR - FILE_CHECK - expect_column_values_to_be_of_type - M2 - Wrong type for value: 140.0 on line 7 should be int
2019-07-22 18:13:34,072 - IMMO - FR - IMMOSTREET - 2019-07-01 00:00:00 - ERROR - FILE_CHECK - expect_column_values_to_be_of_type - M2 - Wrong type for value: 50.0 on line 8 should be int
2019-07-22 18:13:34,072 - IMMO - FR - IMMOSTREET - 2019-07-01 00:00:00 - ERROR - FILE_CHECK - expect_column_values_to_be_of_type - M2 - Wrong type for value: 0.0 on line 9 should be int
2019-07-22 18:13:34,072 - IMMO - FR - IMMOSTREET - 2019-07-01 00:00:00 - ERROR - FILE_CHECK - expect_column_values_to_be_of_type - M2 - Wrong type for value: 2005.0 on line 10 should be int
2019-07-22 18:13:34,072 - IMMO - FR - IMMOSTREET - 2019-07-01 00:00:00 - ERROR - FILE_CHECK - expect_column_values_to_be_of_type - M2 - Wrong type for value: 144.0 on line 11 should be int
2019-07-22 18:13:34,072 - IMMO - FR - IMMOSTREET - 2019-07-01 00:00:00 - ERROR - FILE_CHECK - expect_column_values_to_be_of_type - M2 - Wrong type for value: 880.0 on line 12 should be int
2019-07-22 18:13:34,072 - IMMO - FR - IMMOSTREET - 2019-07-01 00:00:00 - ERROR - FILE_CHECK - expect_column_values_to_be_of_type - M2 - Wrong type for value: 170.0 on line 13 should be int
2019-07-22 18:13:34,072 - IMMO - FR - IMMOSTREET - 2019-07-01 00:00:00 - ERROR - FILE_CHECK - expect_column_values_to_be_of_type - M2 - Wrong type for value: 151.0 on line 14 should be int
2019-07-22 18:13:34,072 - IMMO - FR - IMMOSTREET - 2019-07-01 00:00:00 - ERROR - FILE_CHECK - expect_column_values_to_be_of_type - M2 - Wrong type for value: 160.0 on line 15 should be int
2019-07-22 18:13:34,072 - IMMO - FR - IMMOSTREET - 2019-07-01 00:00:00 - ERROR - FILE_CHECK - expect_column_values_to_be_of_type - M2 - Wrong type for value: 96.0 on line 16 should be int
2019-07-22 18:13:34,072 - IMMO - FR - IMMOSTREET - 2019-07-01 00:00:00 - ERROR - FILE_CHECK - expect_column_values_to_be_of_type - M2 - Wrong type for value: 150.0 on line 17 should be int
2019-07-22 18:13:34,072 - IMMO - FR - IMMOSTREET - 2019-07-01 00:00:00 - ERROR - FILE_CHECK - expect_column_values_to_be_of_type - M2 - Wrong type for value: 55.0 on line 18 should be int
2019-07-22 18:13:34,072 - IMMO - FR - IMMOSTREET - 2019-07-01 00:00:00 - ERROR - FILE_CHECK - expect_column_values_to_be_of_type - M2 - Wrong type for value: 79.0 on line 19 should be int
2019-07-22 18:13:34,072 - IMMO - FR - IMMOSTREET - 2019-07-01 00:00:00 - ERROR - STAT - expect_column_values_to_be_of_type - M2 - correctly filled rate (%) - 0.0
2019-07-22 18:13:34,072 - IMMO - FR - IMMOSTREET - 2019-07-01 00:00:00 - ERROR - STAT - expect_column_values_to_not_be_null - M2 - correctly filled rate (%) - 100.0
2019-07-22 18:13:34,073 - IMMO - FR - IMMOSTREET - 2019-07-01 00:00:00 - ERROR - FILE_CHECK - expect_column_values_to_be_of_type - M2_TOTALE - Wrong type for value: 77.05 on line 0 should be int
2019-07-22 18:13:34,073 - IMMO - FR - IMMOSTREET - 2019-07-01 00:00:00 - ERROR - FILE_CHECK - expect_column_values_to_be_of_type - M2_TOTALE - Wrong type for value: 13.83 on line 1 should be int
2019-07-22 18:13:34,073 - IMMO - FR - IMMOSTREET - 2019-07-01 00:00:00 - ERROR - FILE_CHECK - expect_column_values_to_be_of_type - M2_TOTALE - Wrong type for value: 31.0 on line 2 should be int
2019-07-22 18:13:34,073 - IMMO - FR - IMMOSTREET - 2019-07-01 00:00:00 - ERROR - FILE_CHECK - expect_column_values_to_be_of_type - M2_TOTALE - Wrong type for value: 250.0 on line 3 should be int
2019-07-22 18:13:34,073 - IMMO - FR - IMMOSTREET - 2019-07-01 00:00:00 - ERROR - FILE_CHECK - expect_column_values_to_be_of_type - M2_TOTALE - Wrong type for value: 1038.0 on line 4 should be int
2019-07-22 18:13:34,073 - IMMO - FR - IMMOSTREET - 2019-07-01 00:00:00 - ERROR - FILE_CHECK - expect_column_values_to_be_of_type - M2_TOTALE - Wrong type for value: 90.0 on line 5 should be int
2019-07-22 18:13:34,073 - IMMO - FR - IMMOSTREET - 2019-07-01 00:00:00 - ERROR - FILE_CHECK - expect_column_values_to_be_of_type - M2_TOTALE - Wrong type for value: 51.0 on line 6 should be int
2019-07-22 18:13:34,073 - IMMO - FR - IMMOSTREET - 2019-07-01 00:00:00 - ERROR - FILE_CHECK - expect_column_values_to_be_of_type - M2_TOTALE - Wrong type for value: 140.0 on line 7 should be int
2019-07-22 18:13:34,073 - IMMO - FR - IMMOSTREET - 2019-07-01 00:00:00 - ERROR - FILE_CHECK - expect_column_values_to_be_of_type - M2_TOTALE - Wrong type for value: 50.0 on line 8 should be int
2019-07-22 18:13:34,073 - IMMO - FR - IMMOSTREET - 2019-07-01 00:00:00 - ERROR - FILE_CHECK - expect_column_values_to_be_of_type - M2_TOTALE - Wrong type for value: 0.0 on line 9 should be int
2019-07-22 18:13:34,073 - IMMO - FR - IMMOSTREET - 2019-07-01 00:00:00 - ERROR - FILE_CHECK - expect_column_values_to_be_of_type - M2_TOTALE - Wrong type for value: 2005.0 on line 10 should be int
2019-07-22 18:13:34,073 - IMMO - FR - IMMOSTREET - 2019-07-01 00:00:00 - ERROR - FILE_CHECK - expect_column_values_to_be_of_type - M2_TOTALE - Wrong type for value: 144.0 on line 11 should be int
2019-07-22 18:13:34,073 - IMMO - FR - IMMOSTREET - 2019-07-01 00:00:00 - ERROR - FILE_CHECK - expect_column_values_to_be_of_type - M2_TOTALE - Wrong type for value: 880.0 on line 12 should be int
2019-07-22 18:13:34,073 - IMMO - FR - IMMOSTREET - 2019-07-01 00:00:00 - ERROR - FILE_CHECK - expect_column_values_to_be_of_type - M2_TOTALE - Wrong type for value: 170.0 on line 13 should be int
2019-07-22 18:13:34,073 - IMMO - FR - IMMOSTREET - 2019-07-01 00:00:00 - ERROR - FILE_CHECK - expect_column_values_to_be_of_type - M2_TOTALE - Wrong type for value: 151.0 on line 14 should be int
2019-07-22 18:13:34,073 - IMMO - FR - IMMOSTREET - 2019-07-01 00:00:00 - ERROR - FILE_CHECK - expect_column_values_to_be_of_type - M2_TOTALE - Wrong type for value: 160.0 on line 15 should be int
2019-07-22 18:13:34,073 - IMMO - FR - IMMOSTREET - 2019-07-01 00:00:00 - ERROR - FILE_CHECK - expect_column_values_to_be_of_type - M2_TOTALE - Wrong type for value: 96.0 on line 16 should be int
2019-07-22 18:13:34,073 - IMMO - FR - IMMOSTREET - 2019-07-01 00:00:00 - ERROR - FILE_CHECK - expect_column_values_to_be_of_type - M2_TOTALE - Wrong type for value: 150.0 on line 17 should be int
2019-07-22 18:13:34,074 - IMMO - FR - IMMOSTREET - 2019-07-01 00:00:00 - ERROR - FILE_CHECK - expect_column_values_to_be_of_type - M2_TOTALE - Wrong type for value: 55.0 on line 18 should be int
2019-07-22 18:13:34,074 - IMMO - FR - IMMOSTREET - 2019-07-01 00:00:00 - ERROR - FILE_CHECK - expect_column_values_to_be_of_type - M2_TOTALE - Wrong type for value: 79.0 on line 19 should be int
2019-07-22 18:13:34,074 - IMMO - FR - IMMOSTREET - 2019-07-01 00:00:00 - ERROR - STAT - expect_column_values_to_be_of_type - M2_TOTALE - correctly filled rate (%) - 0.0
2019-07-22 18:13:34,074 - IMMO - FR - IMMOSTREET - 2019-07-01 00:00:00 - ERROR - STAT - expect_column_values_to_not_be_null - M2_TOTALE - correctly filled rate (%) - 99.98
2019-07-22 18:13:34,074 - IMMO - FR - IMMOSTREET - 2019-07-01 00:00:00 - ERROR - STAT - expect_column_values_to_not_be_null - MAISON_APT - correctly filled rate (%) - 100.0
2019-07-22 18:13:34,074 - IMMO - FR - IMMOSTREET - 2019-07-01 00:00:00 - ERROR - STAT - expect_column_values_to_be_between - MAISON_APT - correctly filled rate (%) - 100.0
2019-07-22 18:13:34,074 - IMMO - FR - IMMOSTREET - 2019-07-01 00:00:00 - ERROR - STAT - expect_column_values_to_not_be_null - MINI_SITE_ID - correctly filled rate (%) - 0.0
2019-07-22 18:13:34,074 - IMMO - FR - IMMOSTREET - 2019-07-01 00:00:00 - ERROR - STAT - expect_column_values_to_not_be_null - NOM - correctly filled rate (%) - 30.64
2019-07-22 18:13:34,074 - IMMO - FR - IMMOSTREET - 2019-07-01 00:00:00 - ERROR - STAT - expect_column_value_lengths_to_be_between - NOM - correctly filled rate (%) - 100.0
2019-07-22 18:13:34,074 - IMMO - FR - IMMOSTREET - 2019-07-01 00:00:00 - ERROR - STAT - expect_column_values_to_not_be_null - PAYS_AD - correctly filled rate (%) - 0.0
2019-07-22 18:13:34,074 - IMMO - FR - IMMOSTREET - 2019-07-01 00:00:00 - ERROR - STAT - expect_column_values_to_not_be_null - PHOTO - correctly filled rate (%) - 99.98
2019-07-22 18:13:34,074 - IMMO - FR - IMMOSTREET - 2019-07-01 00:00:00 - ERROR - STAT - expect_column_values_to_be_in_type_list - PHOTO - correctly filled rate (%) - 100.0
2019-07-22 18:13:34,074 - IMMO - FR - IMMOSTREET - 2019-07-01 00:00:00 - ERROR - STAT - expect_column_values_to_not_be_null - PIECE - correctly filled rate (%) - 100.0
2019-07-22 18:13:34,074 - IMMO - FR - IMMOSTREET - 2019-07-01 00:00:00 - ERROR - STAT - expect_column_values_to_be_in_type_list - PIECE - correctly filled rate (%) - 100.0
2019-07-22 18:13:34,074 - IMMO - FR - IMMOSTREET - 2019-07-01 00:00:00 - ERROR - FILE_CHECK - expect_column_values_to_be_of_type - PRIX - Wrong type for value: 1900.0 on line 0 should be int
2019-07-22 18:13:34,074 - IMMO - FR - IMMOSTREET - 2019-07-01 00:00:00 - ERROR - FILE_CHECK - expect_column_values_to_be_of_type - PRIX - Wrong type for value: 790.0 on line 1 should be int
2019-07-22 18:13:34,075 - IMMO - FR - IMMOSTREET - 2019-07-01 00:00:00 - ERROR - FILE_CHECK - expect_column_values_to_be_of_type - PRIX - Wrong type for value: 210000.0 on line 2 should be int
2019-07-22 18:13:34,075 - IMMO - FR - IMMOSTREET - 2019-07-01 00:00:00 - ERROR - FILE_CHECK - expect_column_values_to_be_of_type - PRIX - Wrong type for value: 499000.0 on line 3 should be int
2019-07-22 18:13:34,075 - IMMO - FR - IMMOSTREET - 2019-07-01 00:00:00 - ERROR - FILE_CHECK - expect_column_values_to_be_of_type - PRIX - Wrong type for value: 19600.0 on line 4 should be int
2019-07-22 18:13:34,075 - IMMO - FR - IMMOSTREET - 2019-07-01 00:00:00 - ERROR - FILE_CHECK - expect_column_values_to_be_of_type - PRIX - Wrong type for value: 1100.0 on line 5 should be int
2019-07-22 18:13:34,075 - IMMO - FR - IMMOSTREET - 2019-07-01 00:00:00 - ERROR - FILE_CHECK - expect_column_values_to_be_of_type - PRIX - Wrong type for value: 118000.0 on line 6 should be int
2019-07-22 18:13:34,075 - IMMO - FR - IMMOSTREET - 2019-07-01 00:00:00 - ERROR - FILE_CHECK - expect_column_values_to_be_of_type - PRIX - Wrong type for value: 1600.0 on line 7 should be int
2019-07-22 18:13:34,075 - IMMO - FR - IMMOSTREET - 2019-07-01 00:00:00 - ERROR - FILE_CHECK - expect_column_values_to_be_of_type - PRIX - Wrong type for value: 40000.0 on line 8 should be int
2019-07-22 18:13:34,075 - IMMO - FR - IMMOSTREET - 2019-07-01 00:00:00 - ERROR - FILE_CHECK - expect_column_values_to_be_of_type - PRIX - Wrong type for value: 334000.0 on line 9 should be int
2019-07-22 18:13:34,075 - IMMO - FR - IMMOSTREET - 2019-07-01 00:00:00 - ERROR - FILE_CHECK - expect_column_values_to_be_of_type - PRIX - Wrong type for value: 340000.0 on line 10 should be int
2019-07-22 18:13:34,075 - IMMO - FR - IMMOSTREET - 2019-07-01 00:00:00 - ERROR - FILE_CHECK - expect_column_values_to_be_of_type - PRIX - Wrong type for value: 1379.0 on line 11 should be int
2019-07-22 18:13:34,075 - IMMO - FR - IMMOSTREET - 2019-07-01 00:00:00 - ERROR - FILE_CHECK - expect_column_values_to_be_of_type - PRIX - Wrong type for value: 5130.0 on line 12 should be int
2019-07-22 18:13:34,075 - IMMO - FR - IMMOSTREET - 2019-07-01 00:00:00 - ERROR - FILE_CHECK - expect_column_values_to_be_of_type - PRIX - Wrong type for value: 171000.0 on line 13 should be int
2019-07-22 18:13:34,075 - IMMO - FR - IMMOSTREET - 2019-07-01 00:00:00 - ERROR - FILE_CHECK - expect_column_values_to_be_of_type - PRIX - Wrong type for value: 265000.0 on line 14 should be int
2019-07-22 18:13:34,075 - IMMO - FR - IMMOSTREET - 2019-07-01 00:00:00 - ERROR - FILE_CHECK - expect_column_values_to_be_of_type - PRIX - Wrong type for value: 294000.0 on line 15 should be int
2019-07-22 18:13:34,075 - IMMO - FR - IMMOSTREET - 2019-07-01 00:00:00 - ERROR - FILE_CHECK - expect_column_values_to_be_of_type - PRIX - Wrong type for value: 252420.0 on line 16 should be int
2019-07-22 18:13:34,075 - IMMO - FR - IMMOSTREET - 2019-07-01 00:00:00 - ERROR - FILE_CHECK - expect_column_values_to_be_of_type - PRIX - Wrong type for value: 207100.0 on line 17 should be int
2019-07-22 18:13:34,075 - IMMO - FR - IMMOSTREET - 2019-07-01 00:00:00 - ERROR - FILE_CHECK - expect_column_values_to_be_of_type - PRIX - Wrong type for value: 23600.0 on line 18 should be int
2019-07-22 18:13:34,075 - IMMO - FR - IMMOSTREET - 2019-07-01 00:00:00 - ERROR - FILE_CHECK - expect_column_values_to_be_of_type - PRIX - Wrong type for value: 294000.0 on line 19 should be int
2019-07-22 18:13:34,075 - IMMO - FR - IMMOSTREET - 2019-07-01 00:00:00 - ERROR - STAT - expect_column_values_to_be_of_type - PRIX - correctly filled rate (%) - 0.0
2019-07-22 18:13:34,076 - IMMO - FR - IMMOSTREET - 2019-07-01 00:00:00 - ERROR - STAT - expect_column_values_to_not_be_null - PRIX - correctly filled rate (%) - 100.0
2019-07-22 18:13:34,076 - IMMO - FR - IMMOSTREET - 2019-07-01 00:00:00 - ERROR - STAT - expect_column_values_to_not_be_null - PRO_IND - correctly filled rate (%) - 100.0
2019-07-22 18:13:34,076 - IMMO - FR - IMMOSTREET - 2019-07-01 00:00:00 - ERROR - STAT - expect_column_values_to_be_in_set - PRO_IND - correctly filled rate (%) - 99.98
2019-07-22 18:13:34,076 - IMMO - FR - IMMOSTREET - 2019-07-01 00:00:00 - ERROR - STAT - expect_column_values_to_not_be_null - REGION - correctly filled rate (%) - 0.0
2019-07-22 18:13:34,076 - IMMO - FR - IMMOSTREET - 2019-07-01 00:00:00 - ERROR - STAT - expect_column_values_to_not_be_null - SELLER_TYPE - correctly filled rate (%) - 0.0
2019-07-22 18:13:34,076 - IMMO - FR - IMMOSTREET - 2019-07-01 00:00:00 - ERROR - FILE_CHECK - expect_column_values_to_be_of_type - SURFACE_TERRAIN - Wrong type for value: 0.0 on line 0 should be int
2019-07-22 18:13:34,076 - IMMO - FR - IMMOSTREET - 2019-07-01 00:00:00 - ERROR - FILE_CHECK - expect_column_values_to_be_of_type - SURFACE_TERRAIN - Wrong type for value: 0.0 on line 1 should be int
2019-07-22 18:13:34,076 - IMMO - FR - IMMOSTREET - 2019-07-01 00:00:00 - ERROR - FILE_CHECK - expect_column_values_to_be_of_type - SURFACE_TERRAIN - Wrong type for value: 0.0 on line 2 should be int
2019-07-22 18:13:34,076 - IMMO - FR - IMMOSTREET - 2019-07-01 00:00:00 - ERROR - FILE_CHECK - expect_column_values_to_be_of_type - SURFACE_TERRAIN - Wrong type for value: 0.0 on line 3 should be int
2019-07-22 18:13:34,076 - IMMO - FR - IMMOSTREET - 2019-07-01 00:00:00 - ERROR - FILE_CHECK - expect_column_values_to_be_of_type - SURFACE_TERRAIN - Wrong type for value: 0.0 on line 4 should be int
2019-07-22 18:13:34,076 - IMMO - FR - IMMOSTREET - 2019-07-01 00:00:00 - ERROR - FILE_CHECK - expect_column_values_to_be_of_type - SURFACE_TERRAIN - Wrong type for value: 0.0 on line 5 should be int
2019-07-22 18:13:34,076 - IMMO - FR - IMMOSTREET - 2019-07-01 00:00:00 - ERROR - FILE_CHECK - expect_column_values_to_be_of_type - SURFACE_TERRAIN - Wrong type for value: 0.0 on line 6 should be int
2019-07-22 18:13:34,076 - IMMO - FR - IMMOSTREET - 2019-07-01 00:00:00 - ERROR - FILE_CHECK - expect_column_values_to_be_of_type - SURFACE_TERRAIN - Wrong type for value: 0.0 on line 7 should be int
2019-07-22 18:13:34,076 - IMMO - FR - IMMOSTREET - 2019-07-01 00:00:00 - ERROR - FILE_CHECK - expect_column_values_to_be_of_type - SURFACE_TERRAIN - Wrong type for value: 0.0 on line 8 should be int
2019-07-22 18:13:34,076 - IMMO - FR - IMMOSTREET - 2019-07-01 00:00:00 - ERROR - FILE_CHECK - expect_column_values_to_be_of_type - SURFACE_TERRAIN - Wrong type for value: 0.0 on line 9 should be int
2019-07-22 18:13:34,076 - IMMO - FR - IMMOSTREET - 2019-07-01 00:00:00 - ERROR - FILE_CHECK - expect_column_values_to_be_of_type - SURFACE_TERRAIN - Wrong type for value: 0.0 on line 10 should be int
2019-07-22 18:13:34,076 - IMMO - FR - IMMOSTREET - 2019-07-01 00:00:00 - ERROR - FILE_CHECK - expect_column_values_to_be_of_type - SURFACE_TERRAIN - Wrong type for value: 0.0 on line 11 should be int
2019-07-22 18:13:34,076 - IMMO - FR - IMMOSTREET - 2019-07-01 00:00:00 - ERROR - FILE_CHECK - expect_column_values_to_be_of_type - SURFACE_TERRAIN - Wrong type for value: 0.0 on line 12 should be int
2019-07-22 18:13:34,077 - IMMO - FR - IMMOSTREET - 2019-07-01 00:00:00 - ERROR - FILE_CHECK - expect_column_values_to_be_of_type - SURFACE_TERRAIN - Wrong type for value: 0.0 on line 13 should be int
2019-07-22 18:13:34,077 - IMMO - FR - IMMOSTREET - 2019-07-01 00:00:00 - ERROR - FILE_CHECK - expect_column_values_to_be_of_type - SURFACE_TERRAIN - Wrong type for value: 0.0 on line 14 should be int
2019-07-22 18:13:34,077 - IMMO - FR - IMMOSTREET - 2019-07-01 00:00:00 - ERROR - FILE_CHECK - expect_column_values_to_be_of_type - SURFACE_TERRAIN - Wrong type for value: 0.0 on line 15 should be int
2019-07-22 18:13:34,077 - IMMO - FR - IMMOSTREET - 2019-07-01 00:00:00 - ERROR - FILE_CHECK - expect_column_values_to_be_of_type - SURFACE_TERRAIN - Wrong type for value: 0.0 on line 16 should be int
2019-07-22 18:13:34,077 - IMMO - FR - IMMOSTREET - 2019-07-01 00:00:00 - ERROR - FILE_CHECK - expect_column_values_to_be_of_type - SURFACE_TERRAIN - Wrong type for value: 0.0 on line 17 should be int
2019-07-22 18:13:34,077 - IMMO - FR - IMMOSTREET - 2019-07-01 00:00:00 - ERROR - FILE_CHECK - expect_column_values_to_be_of_type - SURFACE_TERRAIN - Wrong type for value: 0.0 on line 18 should be int
2019-07-22 18:13:34,077 - IMMO - FR - IMMOSTREET - 2019-07-01 00:00:00 - ERROR - FILE_CHECK - expect_column_values_to_be_of_type - SURFACE_TERRAIN - Wrong type for value: 0.0 on line 19 should be int
2019-07-22 18:13:34,077 - IMMO - FR - IMMOSTREET - 2019-07-01 00:00:00 - ERROR - STAT - expect_column_values_to_be_of_type - SURFACE_TERRAIN - correctly filled rate (%) - 0.0
2019-07-22 18:13:34,077 - IMMO - FR - IMMOSTREET - 2019-07-01 00:00:00 - ERROR - STAT - expect_column_values_to_match_regex - VILLE - correctly filled rate (%) - 100.0
2019-07-22 18:13:34,077 - IMMO - FR - IMMOSTREET - 2019-07-01 00:00:00 - ERROR - STAT - expect_column_values_to_not_be_null - VILLE - correctly filled rate (%) - 100.0
2019-07-22 18:13:34,077 - IMMO - FR - IMMOSTREET - 2019-07-01 00:00:00 - ERROR - STAT - expect_returning_row_unique_count - VILLE - total number of unique rows - 26392
2019-07-22 18:13:34,077 - IMMO - FR - IMMOSTREET - 2019-07-01 00:00:00 - ERROR - STAT - expect_returning_row_count_on_conditions - PRIVATE_LISTINGS - total number of row with conditions - 0
2019-07-22 18:13:34,077 - IMMO - FR - IMMOSTREET - 2019-07-01 00:00:00 - ERROR - STAT - expect_returning_row_count_on_conditions - DEALER_LISTINGS - total number of row with conditions - 0
2019-07-22 18:13:34,077 - IMMO - FR - IMMOSTREET - 2019-07-01 00:00:00 - ERROR - STAT - expect_returning_row_unique_count - DEPARTEMENT - total number of unique rows - 95
