2019-08-30 13:36:54,319 - CAMION - IT - TRUCK1 - 2019-07-01 00:00:00 - ERROR - STAT - expect_column_values_to_not_be_null - ADRESSE - correctly filled rate (%) - 0.0
2019-08-30 13:36:54,320 - CAMION - IT - TRUCK1 - 2019-07-01 00:00:00 - ERROR - STAT - expect_column_values_to_be_in_type_list - ANNEE - correctly filled rate (%) - 100.0
2019-08-30 13:36:54,320 - CAMION - IT - TRUCK1 - 2019-07-01 00:00:00 - ERROR - STAT - expect_column_values_to_be_between - ANNEE - correctly filled rate (%) - 93.35
2019-08-30 13:36:54,320 - CAMION - IT - TRUCK1 - 2019-07-01 00:00:00 - ERROR - STAT - expect_column_values_to_not_be_null - ANNEE - correctly filled rate (%) - 100.0
2019-08-30 13:36:54,320 - CAMION - IT - TRUCK1 - 2019-07-01 00:00:00 - ERROR - FILE_CHECK - expect_column_values_to_match_regex - ANNEE - Unexpected value: 0 on line 154, value should match regexp ^[0-9]{4}$
2019-08-30 13:36:54,320 - CAMION - IT - TRUCK1 - 2019-07-01 00:00:00 - ERROR - FILE_CHECK - expect_column_values_to_match_regex - ANNEE - Unexpected value: 0 on line 155, value should match regexp ^[0-9]{4}$
2019-08-30 13:36:54,320 - CAMION - IT - TRUCK1 - 2019-07-01 00:00:00 - ERROR - FILE_CHECK - expect_column_values_to_match_regex - ANNEE - Unexpected value: 0 on line 156, value should match regexp ^[0-9]{4}$
2019-08-30 13:36:54,320 - CAMION - IT - TRUCK1 - 2019-07-01 00:00:00 - ERROR - FILE_CHECK - expect_column_values_to_match_regex - ANNEE - Unexpected value: 0 on line 157, value should match regexp ^[0-9]{4}$
2019-08-30 13:36:54,320 - CAMION - IT - TRUCK1 - 2019-07-01 00:00:00 - ERROR - FILE_CHECK - expect_column_values_to_match_regex - ANNEE - Unexpected value: 0 on line 158, value should match regexp ^[0-9]{4}$
2019-08-30 13:36:54,320 - CAMION - IT - TRUCK1 - 2019-07-01 00:00:00 - ERROR - FILE_CHECK - expect_column_values_to_match_regex - ANNEE - Unexpected value: 0 on line 215, value should match regexp ^[0-9]{4}$
2019-08-30 13:36:54,320 - CAMION - IT - TRUCK1 - 2019-07-01 00:00:00 - ERROR - FILE_CHECK - expect_column_values_to_match_regex - ANNEE - Unexpected value: 0 on line 220, value should match regexp ^[0-9]{4}$
2019-08-30 13:36:54,320 - CAMION - IT - TRUCK1 - 2019-07-01 00:00:00 - ERROR - FILE_CHECK - expect_column_values_to_match_regex - ANNEE - Unexpected value: 0 on line 230, value should match regexp ^[0-9]{4}$
2019-08-30 13:36:54,320 - CAMION - IT - TRUCK1 - 2019-07-01 00:00:00 - ERROR - FILE_CHECK - expect_column_values_to_match_regex - ANNEE - Unexpected value: 0 on line 234, value should match regexp ^[0-9]{4}$
2019-08-30 13:36:54,320 - CAMION - IT - TRUCK1 - 2019-07-01 00:00:00 - ERROR - FILE_CHECK - expect_column_values_to_match_regex - ANNEE - Unexpected value: 0 on line 241, value should match regexp ^[0-9]{4}$
2019-08-30 13:36:54,320 - CAMION - IT - TRUCK1 - 2019-07-01 00:00:00 - ERROR - FILE_CHECK - expect_column_values_to_match_regex - ANNEE - Unexpected value: 0 on line 243, value should match regexp ^[0-9]{4}$
2019-08-30 13:36:54,320 - CAMION - IT - TRUCK1 - 2019-07-01 00:00:00 - ERROR - FILE_CHECK - expect_column_values_to_match_regex - ANNEE - Unexpected value: 0 on line 244, value should match regexp ^[0-9]{4}$
2019-08-30 13:36:54,320 - CAMION - IT - TRUCK1 - 2019-07-01 00:00:00 - ERROR - FILE_CHECK - expect_column_values_to_match_regex - ANNEE - Unexpected value: 0 on line 245, value should match regexp ^[0-9]{4}$
2019-08-30 13:36:54,320 - CAMION - IT - TRUCK1 - 2019-07-01 00:00:00 - ERROR - FILE_CHECK - expect_column_values_to_match_regex - ANNEE - Unexpected value: 0 on line 246, value should match regexp ^[0-9]{4}$
2019-08-30 13:36:54,320 - CAMION - IT - TRUCK1 - 2019-07-01 00:00:00 - ERROR - FILE_CHECK - expect_column_values_to_match_regex - ANNEE - Unexpected value: 0 on line 247, value should match regexp ^[0-9]{4}$
2019-08-30 13:36:54,321 - CAMION - IT - TRUCK1 - 2019-07-01 00:00:00 - ERROR - FILE_CHECK - expect_column_values_to_match_regex - ANNEE - Unexpected value: 0 on line 309, value should match regexp ^[0-9]{4}$
2019-08-30 13:36:54,321 - CAMION - IT - TRUCK1 - 2019-07-01 00:00:00 - ERROR - FILE_CHECK - expect_column_values_to_match_regex - ANNEE - Unexpected value: 0 on line 310, value should match regexp ^[0-9]{4}$
2019-08-30 13:36:54,321 - CAMION - IT - TRUCK1 - 2019-07-01 00:00:00 - ERROR - FILE_CHECK - expect_column_values_to_match_regex - ANNEE - Unexpected value: 0 on line 315, value should match regexp ^[0-9]{4}$
2019-08-30 13:36:54,321 - CAMION - IT - TRUCK1 - 2019-07-01 00:00:00 - ERROR - FILE_CHECK - expect_column_values_to_match_regex - ANNEE - Unexpected value: 0 on line 397, value should match regexp ^[0-9]{4}$
2019-08-30 13:36:54,321 - CAMION - IT - TRUCK1 - 2019-07-01 00:00:00 - ERROR - FILE_CHECK - expect_column_values_to_match_regex - ANNEE - Unexpected value: 0 on line 399, value should match regexp ^[0-9]{4}$
2019-08-30 13:36:54,321 - CAMION - IT - TRUCK1 - 2019-07-01 00:00:00 - ERROR - STAT - expect_column_values_to_match_regex - ANNEE - correctly filled rate (%) - 94.24
2019-08-30 13:36:54,321 - CAMION - IT - TRUCK1 - 2019-07-01 00:00:00 - ERROR - STAT - expect_column_values_to_not_be_null - ANNONCE_LINK - correctly filled rate (%) - 100.0
2019-08-30 13:36:54,321 - CAMION - IT - TRUCK1 - 2019-07-01 00:00:00 - ERROR - STAT - expect_column_values_to_be_unique - ANNONCE_LINK - observed proportion - 100.0
2019-08-30 13:36:54,321 - CAMION - IT - TRUCK1 - 2019-07-01 00:00:00 - ERROR - STAT - expect_column_values_to_not_be_null - CARBURANT - correctly filled rate (%) - 56.29
2019-08-30 13:36:54,321 - CAMION - IT - TRUCK1 - 2019-07-01 00:00:00 - ERROR - STAT - expect_column_values_to_not_be_null - CARROSSERIE - correctly filled rate (%) - 0.0
2019-08-30 13:36:54,321 - CAMION - IT - TRUCK1 - 2019-07-01 00:00:00 - ERROR - STAT - expect_column_values_to_not_be_null - CP - correctly filled rate (%) - 96.4
2019-08-30 13:36:54,321 - CAMION - IT - TRUCK1 - 2019-07-01 00:00:00 - ERROR - STAT - expect_column_values_to_match_regex - CP - correctly filled rate (%) - 100.0
2019-08-30 13:36:54,321 - CAMION - IT - TRUCK1 - 2019-07-01 00:00:00 - ERROR - STAT - expect_column_values_to_not_be_null - GARAGE_ID - correctly filled rate (%) - 100.0
2019-08-30 13:36:54,321 - CAMION - IT - TRUCK1 - 2019-07-01 00:00:00 - ERROR - STAT - expect_column_values_to_not_be_null - ID_CLIENT - correctly filled rate (%) - 100.0
2019-08-30 13:36:54,321 - CAMION - IT - TRUCK1 - 2019-07-01 00:00:00 - ERROR - STAT - expect_column_values_to_be_unique - ID_CLIENT - observed proportion - 100.0
2019-08-30 13:36:54,321 - CAMION - IT - TRUCK1 - 2019-07-01 00:00:00 - ERROR - STAT - expect_returning_row_count - EVERY_COLUMNS - total number of rows - 556
2019-08-30 13:36:54,321 - CAMION - IT - TRUCK1 - 2019-07-01 00:00:00 - ERROR - STAT - expect_column_values_to_not_be_null - IMMAT - correctly filled rate (%) - 100.0
2019-08-30 13:36:54,322 - CAMION - IT - TRUCK1 - 2019-07-01 00:00:00 - ERROR - STAT - expect_column_values_to_be_in_type_list - KM - correctly filled rate (%) - 100.0
2019-08-30 13:36:54,322 - CAMION - IT - TRUCK1 - 2019-07-01 00:00:00 - ERROR - STAT - expect_column_values_to_not_be_null - KM - correctly filled rate (%) - 100.0
2019-08-30 13:36:54,322 - CAMION - IT - TRUCK1 - 2019-07-01 00:00:00 - ERROR - STAT - expect_column_values_to_be_in_type_list - LITRE - correctly filled rate (%) - 100.0
2019-08-30 13:36:54,322 - CAMION - IT - TRUCK1 - 2019-07-01 00:00:00 - ERROR - STAT - expect_column_values_to_not_be_null - LITRE - correctly filled rate (%) - 100.0
2019-08-30 13:36:54,322 - CAMION - IT - TRUCK1 - 2019-07-01 00:00:00 - ERROR - STAT - expect_column_values_to_not_be_null - MARQUE - correctly filled rate (%) - 96.4
2019-08-30 13:36:54,322 - CAMION - IT - TRUCK1 - 2019-07-01 00:00:00 - ERROR - STAT - expect_column_values_to_not_be_null - MODELE - correctly filled rate (%) - 70.86
2019-08-30 13:36:54,322 - CAMION - IT - TRUCK1 - 2019-07-01 00:00:00 - ERROR - STAT - expect_column_values_to_not_be_null - NOM - correctly filled rate (%) - 100.0
2019-08-30 13:36:54,322 - CAMION - IT - TRUCK1 - 2019-07-01 00:00:00 - ERROR - FILE_CHECK - expect_column_value_lengths_to_be_between - NOM - Unexpected characters count of: [IMT 805 C...] on line  39, value length should be between 10 and 255
2019-08-30 13:36:54,322 - CAMION - IT - TRUCK1 - 2019-07-01 00:00:00 - ERROR - FILE_CHECK - expect_column_value_lengths_to_be_between - NOM - Unexpected characters count of: [GEAX EK75...] on line  210, value length should be between 10 and 255
2019-08-30 13:36:54,322 - CAMION - IT - TRUCK1 - 2019-07-01 00:00:00 - ERROR - FILE_CHECK - expect_column_value_lengths_to_be_between - NOM - Unexpected characters count of: [NISSAN...] on line  299, value length should be between 10 and 255
2019-08-30 13:36:54,322 - CAMION - IT - TRUCK1 - 2019-07-01 00:00:00 - ERROR - FILE_CHECK - expect_column_value_lengths_to_be_between - NOM - Unexpected characters count of: [FB GA120A...] on line  308, value length should be between 10 and 255
2019-08-30 13:36:54,322 - CAMION - IT - TRUCK1 - 2019-07-01 00:00:00 - ERROR - FILE_CHECK - expect_column_value_lengths_to_be_between - NOM - Unexpected characters count of: [Airo X8EN...] on line  332, value length should be between 10 and 255
2019-08-30 13:36:54,322 - CAMION - IT - TRUCK1 - 2019-07-01 00:00:00 - ERROR - FILE_CHECK - expect_column_value_lengths_to_be_between - NOM - Unexpected characters count of: [Isuzu P35...] on line  373, value length should be between 10 and 255
2019-08-30 13:36:54,322 - CAMION - IT - TRUCK1 - 2019-07-01 00:00:00 - ERROR - FILE_CHECK - expect_column_value_lengths_to_be_between - NOM - Unexpected characters count of: [Isuzu P85...] on line  374, value length should be between 10 and 255
2019-08-30 13:36:54,322 - CAMION - IT - TRUCK1 - 2019-07-01 00:00:00 - ERROR - FILE_CHECK - expect_column_value_lengths_to_be_between - NOM - Unexpected characters count of: [VOLVO FLC...] on line  385, value length should be between 10 and 255
2019-08-30 13:36:54,322 - CAMION - IT - TRUCK1 - 2019-07-01 00:00:00 - ERROR - FILE_CHECK - expect_column_value_lengths_to_be_between - NOM - Unexpected characters count of: [Cifa...] on line  405, value length should be between 10 and 255
2019-08-30 13:36:54,322 - CAMION - IT - TRUCK1 - 2019-07-01 00:00:00 - ERROR - FILE_CHECK - expect_column_value_lengths_to_be_between - NOM - Unexpected characters count of: [Isuzu P35...] on line  470, value length should be between 10 and 255
2019-08-30 13:36:54,323 - CAMION - IT - TRUCK1 - 2019-07-01 00:00:00 - ERROR - FILE_CHECK - expect_column_value_lengths_to_be_between - NOM - Unexpected characters count of: [Genie S85...] on line  516, value length should be between 10 and 255
2019-08-30 13:36:54,323 - CAMION - IT - TRUCK1 - 2019-07-01 00:00:00 - ERROR - STAT - expect_column_value_lengths_to_be_between - NOM - correctly filled rate (%) - 98.02
2019-08-30 13:36:54,323 - CAMION - IT - TRUCK1 - 2019-07-01 00:00:00 - ERROR - STAT - expect_column_values_to_not_be_null - OPTIONS - correctly filled rate (%) - 0.0
2019-08-30 13:36:54,323 - CAMION - IT - TRUCK1 - 2019-07-01 00:00:00 - ERROR - STAT - expect_column_values_to_be_in_type_list - PHOTO - correctly filled rate (%) - 100.0
2019-08-30 13:36:54,323 - CAMION - IT - TRUCK1 - 2019-07-01 00:00:00 - ERROR - STAT - expect_column_values_to_not_be_null - PHOTO - correctly filled rate (%) - 100.0
2019-08-30 13:36:54,323 - CAMION - IT - TRUCK1 - 2019-07-01 00:00:00 - ERROR - STAT - expect_column_values_to_not_be_null - PLACE - correctly filled rate (%) - 0.0
2019-08-30 13:36:54,323 - CAMION - IT - TRUCK1 - 2019-07-01 00:00:00 - ERROR - STAT - expect_column_values_to_not_be_null - PORTE - correctly filled rate (%) - 0.0
2019-08-30 13:36:54,323 - CAMION - IT - TRUCK1 - 2019-07-01 00:00:00 - ERROR - STAT - expect_column_values_to_be_in_type_list - PRIX - correctly filled rate (%) - 100.0
2019-08-30 13:36:54,323 - CAMION - IT - TRUCK1 - 2019-07-01 00:00:00 - ERROR - STAT - expect_column_values_to_not_be_null - PRIX - correctly filled rate (%) - 100.0
2019-08-30 13:36:54,323 - CAMION - IT - TRUCK1 - 2019-07-01 00:00:00 - ERROR - STAT - expect_column_values_to_not_be_null - PROVINCE - correctly filled rate (%) - 0.0
2019-08-30 13:36:54,323 - CAMION - IT - TRUCK1 - 2019-07-01 00:00:00 - ERROR - STAT - expect_column_values_to_not_be_null - SITE - correctly filled rate (%) - 100.0
2019-08-30 13:36:54,323 - CAMION - IT - TRUCK1 - 2019-07-01 00:00:00 - ERROR - STAT - expect_column_values_to_not_be_null - TELEPHONE - correctly filled rate (%) - 100.0
2019-08-30 13:36:54,323 - CAMION - IT - TRUCK1 - 2019-07-01 00:00:00 - ERROR - STAT - expect_column_values_to_be_phone_number - TELEPHONE - correctly filled rate (%) - 100.0
2019-08-30 13:36:54,323 - CAMION - IT - TRUCK1 - 2019-07-01 00:00:00 - ERROR - STAT - expect_column_values_to_not_be_null - TYPE - correctly filled rate (%) - 100.0
2019-08-30 13:36:54,323 - CAMION - IT - TRUCK1 - 2019-07-01 00:00:00 - ERROR - STAT - expect_column_values_to_be_in_set_2 - TYPE - observed proportion - 100.0
2019-08-30 13:36:54,323 - CAMION - IT - TRUCK1 - 2019-07-01 00:00:00 - ERROR - STAT - expect_column_values_to_not_be_null - VILLE - correctly filled rate (%) - 100.0
2019-08-30 13:36:54,323 - CAMION - IT - TRUCK1 - 2019-07-01 00:00:00 - ERROR - STAT - expect_column_values_to_not_be_null - VN_IND - correctly filled rate (%) - 0.0
2019-08-30 13:36:54,324 - CAMION - IT - TRUCK1 - 2019-07-01 00:00:00 - ERROR - STAT - expect_returning_row_unique_count - MARQUE_CORRECTED - total number of unique rows - 50
2019-08-30 13:36:54,324 - CAMION - IT - TRUCK1 - 2019-07-01 00:00:00 - ERROR - STAT - expect_returning_row_unique_count - MODELE_CORRECTED - total number of unique rows - 34
2019-08-30 13:36:54,324 - CAMION - IT - TRUCK1 - 2019-07-01 00:00:00 - ERROR - STAT - expect_returning_row_unique_count - CARROSSERIE - total number of unique rows - 0
2019-08-30 13:36:54,324 - CAMION - IT - TRUCK1 - 2019-07-01 00:00:00 - ERROR - STAT - expect_returning_row_unique_count - CARBURANT - total number of unique rows - 4
2019-08-30 13:36:54,324 - CAMION - IT - TRUCK1 - 2019-07-01 00:00:00 - ERROR - STAT - expect_column_values_to_not_be_null - CYLINDRE - correctly filled rate (%) - 0.0
2019-08-30 13:36:54,324 - CAMION - IT - TRUCK1 - 2019-07-01 00:00:00 - ERROR - STAT - expect_returning_row_unique_count - PROVINCE - total number of unique rows - 0
2019-08-30 13:36:54,324 - CAMION - IT - TRUCK1 - 2019-07-01 00:00:00 - ERROR - STAT - expect_returning_row_unique_count - VILLE - total number of unique rows - 22
2019-08-30 13:36:54,324 - CAMION - IT - TRUCK1 - 2019-07-01 00:00:00 - ERROR - STAT - expect_returning_row_unique_count - DEPARTEMENT - total number of unique rows - 3
2019-08-30 13:36:54,324 - CAMION - IT - TRUCK1 - 2019-07-01 00:00:00 - ERROR - STAT - expect_returning_row_count_on_conditions - DEALER_USEDCARS - total number of row with conditions - 556
2019-08-30 13:36:54,324 - CAMION - IT - TRUCK1 - 2019-07-01 00:00:00 - ERROR - STAT - expect_returning_row_count_on_conditions - PRIVATE_USEDCARS - total number of row with conditions - 0
2019-08-30 13:36:54,324 - CAMION - IT - TRUCK1 - 2019-07-01 00:00:00 - ERROR - STAT - expect_returning_row_count_on_conditions - TRUCKS - total number of row with conditions - 149
2019-08-30 13:36:54,324 - CAMION - IT - TRUCK1 - 2019-07-01 00:00:00 - ERROR - STAT - expect_returning_row_count_on_conditions - TRACTOR UNITS - total number of row with conditions - 227
2019-08-30 13:36:54,324 - CAMION - IT - TRUCK1 - 2019-07-01 00:00:00 - ERROR - STAT - expect_returning_row_count_on_conditions - TRAILERS - total number of row with conditions - 1
2019-08-30 13:36:54,324 - CAMION - IT - TRUCK1 - 2019-07-01 00:00:00 - ERROR - STAT - expect_returning_row_count_on_conditions - VANS - total number of row with conditions - 0
2019-08-30 13:36:54,324 - CAMION - IT - TRUCK1 - 2019-07-01 00:00:00 - ERROR - STAT - expect_returning_row_count_on_conditions - HEAVY EQUIPMENTS - total number of row with conditions - 161
2019-08-30 13:36:54,324 - CAMION - IT - TRUCK1 - 2019-07-01 00:00:00 - ERROR - STAT - expect_returning_row_count_on_conditions - SEMI TRAILERS - total number of row with conditions - 18
2019-08-30 13:36:54,324 - CAMION - IT - TRUCK1 - 2019-07-01 00:00:00 - ERROR - STAT - expect_returning_row_count_on_conditions - DEALER_TRUCKS - total number of row with conditions - 149
2019-08-30 13:36:54,324 - CAMION - IT - TRUCK1 - 2019-07-01 00:00:00 - ERROR - STAT - expect_returning_row_count_on_conditions - PRIVATE_TRUCKS - total number of row with conditions - 0
2019-08-30 13:36:54,325 - CAMION - IT - TRUCK1 - 2019-07-01 00:00:00 - ERROR - STAT - expect_returning_row_count_on_conditions - DEALER_TRACTOR UNITS - total number of row with conditions - 227
2019-08-30 13:36:54,325 - CAMION - IT - TRUCK1 - 2019-07-01 00:00:00 - ERROR - STAT - expect_returning_row_count_on_conditions - PRIVATE_TRACTOR UNITS - total number of row with conditions - 0
2019-08-30 13:36:54,325 - CAMION - IT - TRUCK1 - 2019-07-01 00:00:00 - ERROR - STAT - expect_returning_row_count_on_conditions - DEALER_TRAILERS - total number of row with conditions - 1
2019-08-30 13:36:54,325 - CAMION - IT - TRUCK1 - 2019-07-01 00:00:00 - ERROR - STAT - expect_returning_row_count_on_conditions - PRIVATE_TRAILERS - total number of row with conditions - 0
2019-08-30 13:36:54,325 - CAMION - IT - TRUCK1 - 2019-07-01 00:00:00 - ERROR - STAT - expect_returning_row_count_on_conditions - DEALER_VANS - total number of row with conditions - 0
2019-08-30 13:36:54,325 - CAMION - IT - TRUCK1 - 2019-07-01 00:00:00 - ERROR - STAT - expect_returning_row_count_on_conditions - PRIVATE_VANS - total number of row with conditions - 0
2019-08-30 13:36:54,325 - CAMION - IT - TRUCK1 - 2019-07-01 00:00:00 - ERROR - STAT - expect_returning_row_count_on_conditions - DEALER_HEAVY EQUIPMENTS - total number of row with conditions - 161
2019-08-30 13:36:54,325 - CAMION - IT - TRUCK1 - 2019-07-01 00:00:00 - ERROR - STAT - expect_returning_row_count_on_conditions - PRIVATE_HEAVY EQUIPMENTS - total number of row with conditions - 0
2019-08-30 13:36:54,325 - CAMION - IT - TRUCK1 - 2019-07-01 00:00:00 - ERROR - STAT - expect_returning_row_count_on_conditions - DEALER_SEMI TRAILERS - total number of row with conditions - 18
2019-08-30 13:36:54,325 - CAMION - IT - TRUCK1 - 2019-07-01 00:00:00 - ERROR - STAT - expect_returning_row_count_on_conditions - PRIVATE_SEMI TRAILERS - total number of row with conditions - 0
