2019-10-07 08:59:12,784 - CAMION - NL - MASCUS - 2019-09-01 00:00:00 - ERROR - STAT - expect_column_values_to_not_be_null - ADRESSE - correctly filled rate (%) - 99.28
2019-10-07 08:59:12,784 - CAMION - NL - MASCUS - 2019-09-01 00:00:00 - ERROR - STAT - expect_column_values_to_be_in_type_list - ANNEE - correctly filled rate (%) - 100.0
2019-10-07 08:59:12,784 - CAMION - NL - MASCUS - 2019-09-01 00:00:00 - ERROR - STAT - expect_column_values_to_be_between - ANNEE - correctly filled rate (%) - 93.25
2019-10-07 08:59:12,784 - CAMION - NL - MASCUS - 2019-09-01 00:00:00 - ERROR - STAT - expect_column_values_to_not_be_null - ANNEE - correctly filled rate (%) - 100.0
2019-10-07 08:59:12,784 - CAMION - NL - MASCUS - 2019-09-01 00:00:00 - ERROR - FILE_CHECK - expect_column_values_to_match_regex - ANNEE - Unexpected value: 0 on line 8, value should match regexp ^[0-9]{4}$
2019-10-07 08:59:12,784 - CAMION - NL - MASCUS - 2019-09-01 00:00:00 - ERROR - FILE_CHECK - expect_column_values_to_match_regex - ANNEE - Unexpected value: 0 on line 28, value should match regexp ^[0-9]{4}$
2019-10-07 08:59:12,784 - CAMION - NL - MASCUS - 2019-09-01 00:00:00 - ERROR - FILE_CHECK - expect_column_values_to_match_regex - ANNEE - Unexpected value: 0 on line 38, value should match regexp ^[0-9]{4}$
2019-10-07 08:59:12,784 - CAMION - NL - MASCUS - 2019-09-01 00:00:00 - ERROR - FILE_CHECK - expect_column_values_to_match_regex - ANNEE - Unexpected value: 0 on line 39, value should match regexp ^[0-9]{4}$
2019-10-07 08:59:12,784 - CAMION - NL - MASCUS - 2019-09-01 00:00:00 - ERROR - FILE_CHECK - expect_column_values_to_match_regex - ANNEE - Unexpected value: 0 on line 42, value should match regexp ^[0-9]{4}$
2019-10-07 08:59:12,784 - CAMION - NL - MASCUS - 2019-09-01 00:00:00 - ERROR - FILE_CHECK - expect_column_values_to_match_regex - ANNEE - Unexpected value: 0 on line 55, value should match regexp ^[0-9]{4}$
2019-10-07 08:59:12,784 - CAMION - NL - MASCUS - 2019-09-01 00:00:00 - ERROR - FILE_CHECK - expect_column_values_to_match_regex - ANNEE - Unexpected value: 0 on line 75, value should match regexp ^[0-9]{4}$
2019-10-07 08:59:12,784 - CAMION - NL - MASCUS - 2019-09-01 00:00:00 - ERROR - FILE_CHECK - expect_column_values_to_match_regex - ANNEE - Unexpected value: 0 on line 83, value should match regexp ^[0-9]{4}$
2019-10-07 08:59:12,785 - CAMION - NL - MASCUS - 2019-09-01 00:00:00 - ERROR - FILE_CHECK - expect_column_values_to_match_regex - ANNEE - Unexpected value: 0 on line 86, value should match regexp ^[0-9]{4}$
2019-10-07 08:59:12,785 - CAMION - NL - MASCUS - 2019-09-01 00:00:00 - ERROR - FILE_CHECK - expect_column_values_to_match_regex - ANNEE - Unexpected value: 0 on line 91, value should match regexp ^[0-9]{4}$
2019-10-07 08:59:12,785 - CAMION - NL - MASCUS - 2019-09-01 00:00:00 - ERROR - FILE_CHECK - expect_column_values_to_match_regex - ANNEE - Unexpected value: 0 on line 93, value should match regexp ^[0-9]{4}$
2019-10-07 08:59:12,785 - CAMION - NL - MASCUS - 2019-09-01 00:00:00 - ERROR - FILE_CHECK - expect_column_values_to_match_regex - ANNEE - Unexpected value: 0 on line 136, value should match regexp ^[0-9]{4}$
2019-10-07 08:59:12,785 - CAMION - NL - MASCUS - 2019-09-01 00:00:00 - ERROR - FILE_CHECK - expect_column_values_to_match_regex - ANNEE - Unexpected value: 0 on line 146, value should match regexp ^[0-9]{4}$
2019-10-07 08:59:12,785 - CAMION - NL - MASCUS - 2019-09-01 00:00:00 - ERROR - FILE_CHECK - expect_column_values_to_match_regex - ANNEE - Unexpected value: 0 on line 154, value should match regexp ^[0-9]{4}$
2019-10-07 08:59:12,785 - CAMION - NL - MASCUS - 2019-09-01 00:00:00 - ERROR - FILE_CHECK - expect_column_values_to_match_regex - ANNEE - Unexpected value: 0 on line 164, value should match regexp ^[0-9]{4}$
2019-10-07 08:59:12,785 - CAMION - NL - MASCUS - 2019-09-01 00:00:00 - ERROR - FILE_CHECK - expect_column_values_to_match_regex - ANNEE - Unexpected value: 0 on line 166, value should match regexp ^[0-9]{4}$
2019-10-07 08:59:12,785 - CAMION - NL - MASCUS - 2019-09-01 00:00:00 - ERROR - FILE_CHECK - expect_column_values_to_match_regex - ANNEE - Unexpected value: 0 on line 172, value should match regexp ^[0-9]{4}$
2019-10-07 08:59:12,785 - CAMION - NL - MASCUS - 2019-09-01 00:00:00 - ERROR - FILE_CHECK - expect_column_values_to_match_regex - ANNEE - Unexpected value: 0 on line 174, value should match regexp ^[0-9]{4}$
2019-10-07 08:59:12,785 - CAMION - NL - MASCUS - 2019-09-01 00:00:00 - ERROR - FILE_CHECK - expect_column_values_to_match_regex - ANNEE - Unexpected value: 0 on line 186, value should match regexp ^[0-9]{4}$
2019-10-07 08:59:12,785 - CAMION - NL - MASCUS - 2019-09-01 00:00:00 - ERROR - FILE_CHECK - expect_column_values_to_match_regex - ANNEE - Unexpected value: 0 on line 195, value should match regexp ^[0-9]{4}$
2019-10-07 08:59:12,785 - CAMION - NL - MASCUS - 2019-09-01 00:00:00 - ERROR - STAT - expect_column_values_to_match_regex - ANNEE - correctly filled rate (%) - 94.21
2019-10-07 08:59:12,785 - CAMION - NL - MASCUS - 2019-09-01 00:00:00 - ERROR - STAT - expect_column_values_to_not_be_null - ANNONCE_LINK - correctly filled rate (%) - 100.0
2019-10-07 08:59:12,785 - CAMION - NL - MASCUS - 2019-09-01 00:00:00 - ERROR - STAT - expect_column_values_to_be_unique - ANNONCE_LINK - observed proportion - 100.0
2019-10-07 08:59:12,785 - CAMION - NL - MASCUS - 2019-09-01 00:00:00 - ERROR - STAT - expect_column_values_to_not_be_null - CARBURANT - correctly filled rate (%) - 0.63
2019-10-07 08:59:12,785 - CAMION - NL - MASCUS - 2019-09-01 00:00:00 - ERROR - STAT - expect_column_values_to_not_be_null - CARROSSERIE - correctly filled rate (%) - 0.0
2019-10-07 08:59:12,786 - CAMION - NL - MASCUS - 2019-09-01 00:00:00 - ERROR - STAT - expect_column_values_to_not_be_null - CP - correctly filled rate (%) - 99.38
2019-10-07 08:59:12,786 - CAMION - NL - MASCUS - 2019-09-01 00:00:00 - ERROR - STAT - expect_column_values_to_match_regex - CP - correctly filled rate (%) - 100.0
2019-10-07 08:59:12,786 - CAMION - NL - MASCUS - 2019-09-01 00:00:00 - ERROR - STAT - expect_column_values_to_not_be_null - GARAGE_ID - correctly filled rate (%) - 0.0
2019-10-07 08:59:12,786 - CAMION - NL - MASCUS - 2019-09-01 00:00:00 - ERROR - STAT - expect_column_values_to_not_be_null - ID_CLIENT - correctly filled rate (%) - 100.0
2019-10-07 08:59:12,786 - CAMION - NL - MASCUS - 2019-09-01 00:00:00 - ERROR - STAT - expect_column_values_to_be_unique - ID_CLIENT - observed proportion - 100.0
2019-10-07 08:59:12,786 - CAMION - NL - MASCUS - 2019-09-01 00:00:00 - ERROR - STAT - expect_returning_row_count - EVERY_COLUMNS - total number of rows - 14468
2019-10-07 08:59:12,786 - CAMION - NL - MASCUS - 2019-09-01 00:00:00 - ERROR - STAT - expect_column_values_to_not_be_null - IMMAT - correctly filled rate (%) - 100.0
2019-10-07 08:59:12,786 - CAMION - NL - MASCUS - 2019-09-01 00:00:00 - ERROR - STAT - expect_column_values_to_be_in_type_list - KM - correctly filled rate (%) - 100.0
2019-10-07 08:59:12,786 - CAMION - NL - MASCUS - 2019-09-01 00:00:00 - ERROR - STAT - expect_column_values_to_not_be_null - KM - correctly filled rate (%) - 100.0
2019-10-07 08:59:12,786 - CAMION - NL - MASCUS - 2019-09-01 00:00:00 - ERROR - STAT - expect_column_values_to_be_in_type_list - LITRE - correctly filled rate (%) - 100.0
2019-10-07 08:59:12,786 - CAMION - NL - MASCUS - 2019-09-01 00:00:00 - ERROR - STAT - expect_column_values_to_not_be_null - LITRE - correctly filled rate (%) - 100.0
2019-10-07 08:59:12,786 - CAMION - NL - MASCUS - 2019-09-01 00:00:00 - ERROR - STAT - expect_column_values_to_not_be_null - MARQUE - correctly filled rate (%) - 0.0
2019-10-07 08:59:12,786 - CAMION - NL - MASCUS - 2019-09-01 00:00:00 - ERROR - STAT - expect_column_values_to_not_be_null - MODELE - correctly filled rate (%) - 0.0
2019-10-07 08:59:12,786 - CAMION - NL - MASCUS - 2019-09-01 00:00:00 - ERROR - STAT - expect_column_values_to_not_be_null - NOM - correctly filled rate (%) - 99.97
2019-10-07 08:59:12,786 - CAMION - NL - MASCUS - 2019-09-01 00:00:00 - ERROR - FILE_CHECK - expect_column_value_lengths_to_be_between - NOM - Unexpected characters count of: [Hamm 3411...] on line  0, value length should be between 10 and 255
2019-10-07 08:59:12,786 - CAMION - NL - MASCUS - 2019-09-01 00:00:00 - ERROR - FILE_CHECK - expect_column_value_lengths_to_be_between - NOM - Unexpected characters count of: [O&K D40...] on line  20, value length should be between 10 and 255
2019-10-07 08:59:12,786 - CAMION - NL - MASCUS - 2019-09-01 00:00:00 - ERROR - FILE_CHECK - expect_column_value_lengths_to_be_between - NOM - Unexpected characters count of: [Euclid -...] on line  42, value length should be between 10 and 255
2019-10-07 08:59:12,787 - CAMION - NL - MASCUS - 2019-09-01 00:00:00 - ERROR - FILE_CHECK - expect_column_value_lengths_to_be_between - NOM - Unexpected characters count of: [Faun AF38...] on line  118, value length should be between 10 and 255
2019-10-07 08:59:12,787 - CAMION - NL - MASCUS - 2019-09-01 00:00:00 - ERROR - FILE_CHECK - expect_column_value_lengths_to_be_between - NOM - Unexpected characters count of: [ABG 128...] on line  167, value length should be between 10 and 255
2019-10-07 08:59:12,787 - CAMION - NL - MASCUS - 2019-09-01 00:00:00 - ERROR - FILE_CHECK - expect_column_value_lengths_to_be_between - NOM - Unexpected characters count of: [JLG 520AJ...] on line  202, value length should be between 10 and 255
2019-10-07 08:59:12,787 - CAMION - NL - MASCUS - 2019-09-01 00:00:00 - ERROR - FILE_CHECK - expect_column_value_lengths_to_be_between - NOM - Unexpected characters count of: [Genie S45...] on line  228, value length should be between 10 and 255
2019-10-07 08:59:12,787 - CAMION - NL - MASCUS - 2019-09-01 00:00:00 - ERROR - FILE_CHECK - expect_column_value_lengths_to_be_between - NOM - Unexpected characters count of: [PPM 1409...] on line  275, value length should be between 10 and 255
2019-10-07 08:59:12,787 - CAMION - NL - MASCUS - 2019-09-01 00:00:00 - ERROR - FILE_CHECK - expect_column_value_lengths_to_be_between - NOM - Unexpected characters count of: [JLG 860SJ...] on line  277, value length should be between 10 and 255
2019-10-07 08:59:12,787 - CAMION - NL - MASCUS - 2019-09-01 00:00:00 - ERROR - FILE_CHECK - expect_column_value_lengths_to_be_between - NOM - Unexpected characters count of: [RAM 900T...] on line  287, value length should be between 10 and 255
2019-10-07 08:59:12,787 - CAMION - NL - MASCUS - 2019-09-01 00:00:00 - ERROR - FILE_CHECK - expect_column_value_lengths_to_be_between - NOM - Unexpected characters count of: [NCK 305B...] on line  297, value length should be between 10 and 255
2019-10-07 08:59:12,787 - CAMION - NL - MASCUS - 2019-09-01 00:00:00 - ERROR - FILE_CHECK - expect_column_value_lengths_to_be_between - NOM - Unexpected characters count of: [JCB 403A...] on line  411, value length should be between 10 and 255
2019-10-07 08:59:12,787 - CAMION - NL - MASCUS - 2019-09-01 00:00:00 - ERROR - FILE_CHECK - expect_column_value_lengths_to_be_between - NOM - Unexpected characters count of: [JCB 3 CX...] on line  442, value length should be between 10 and 255
2019-10-07 08:59:12,787 - CAMION - NL - MASCUS - 2019-09-01 00:00:00 - ERROR - FILE_CHECK - expect_column_value_lengths_to_be_between - NOM - Unexpected characters count of: [Banut 500...] on line  505, value length should be between 10 and 255
2019-10-07 08:59:12,787 - CAMION - NL - MASCUS - 2019-09-01 00:00:00 - ERROR - FILE_CHECK - expect_column_value_lengths_to_be_between - NOM - Unexpected characters count of: [JLG 460SJ...] on line  510, value length should be between 10 and 255
2019-10-07 08:59:12,787 - CAMION - NL - MASCUS - 2019-09-01 00:00:00 - ERROR - FILE_CHECK - expect_column_value_lengths_to_be_between - NOM - Unexpected characters count of: [Yanmar 45...] on line  523, value length should be between 10 and 255
2019-10-07 08:59:12,787 - CAMION - NL - MASCUS - 2019-09-01 00:00:00 - ERROR - FILE_CHECK - expect_column_value_lengths_to_be_between - NOM - Unexpected characters count of: [JMG MC 45...] on line  552, value length should be between 10 and 255
2019-10-07 08:59:12,787 - CAMION - NL - MASCUS - 2019-09-01 00:00:00 - ERROR - FILE_CHECK - expect_column_value_lengths_to_be_between - NOM - Unexpected characters count of: [PPM A 380...] on line  555, value length should be between 10 and 255
2019-10-07 08:59:12,787 - CAMION - NL - MASCUS - 2019-09-01 00:00:00 - ERROR - FILE_CHECK - expect_column_value_lengths_to_be_between - NOM - Unexpected characters count of: [JLG 860sj...] on line  562, value length should be between 10 and 255
2019-10-07 08:59:12,787 - CAMION - NL - MASCUS - 2019-09-01 00:00:00 - ERROR - FILE_CHECK - expect_column_value_lengths_to_be_between - NOM - Unexpected characters count of: [Beco Jib...] on line  571, value length should be between 10 and 255
2019-10-07 08:59:12,787 - CAMION - NL - MASCUS - 2019-09-01 00:00:00 - ERROR - STAT - expect_column_value_lengths_to_be_between - NOM - correctly filled rate (%) - 98.2
2019-10-07 08:59:12,788 - CAMION - NL - MASCUS - 2019-09-01 00:00:00 - ERROR - STAT - expect_column_values_to_not_be_null - OPTIONS - correctly filled rate (%) - 30.94
2019-10-07 08:59:12,788 - CAMION - NL - MASCUS - 2019-09-01 00:00:00 - ERROR - FILE_CHECK - expect_column_value_lengths_to_be_between - OPTIONS - Unexpected characters count of: [Airconditioning, Aud...] on line  4146, value length should be between 0 and 255
2019-10-07 08:59:12,788 - CAMION - NL - MASCUS - 2019-09-01 00:00:00 - ERROR - FILE_CHECK - expect_column_value_lengths_to_be_between - OPTIONS - Unexpected characters count of: [Airconditioning, Ele...] on line  4499, value length should be between 0 and 255
2019-10-07 08:59:12,788 - CAMION - NL - MASCUS - 2019-09-01 00:00:00 - ERROR - FILE_CHECK - expect_column_value_lengths_to_be_between - OPTIONS - Unexpected characters count of: [Audio-installatie, A...] on line  4729, value length should be between 0 and 255
2019-10-07 08:59:12,788 - CAMION - NL - MASCUS - 2019-09-01 00:00:00 - ERROR - FILE_CHECK - expect_column_value_lengths_to_be_between - OPTIONS - Unexpected characters count of: [Airconditioning, Boo...] on line  5135, value length should be between 0 and 255
2019-10-07 08:59:12,788 - CAMION - NL - MASCUS - 2019-09-01 00:00:00 - ERROR - FILE_CHECK - expect_column_value_lengths_to_be_between - OPTIONS - Unexpected characters count of: [ABD, ABS-systeem, Ai...] on line  5345, value length should be between 0 and 255
2019-10-07 08:59:12,788 - CAMION - NL - MASCUS - 2019-09-01 00:00:00 - ERROR - FILE_CHECK - expect_column_value_lengths_to_be_between - OPTIONS - Unexpected characters count of: [Cruisecontrol, Airco...] on line  5992, value length should be between 0 and 255
2019-10-07 08:59:12,788 - CAMION - NL - MASCUS - 2019-09-01 00:00:00 - ERROR - FILE_CHECK - expect_column_value_lengths_to_be_between - OPTIONS - Unexpected characters count of: [Airbags, Dakspoiler,...] on line  6959, value length should be between 0 and 255
2019-10-07 08:59:12,788 - CAMION - NL - MASCUS - 2019-09-01 00:00:00 - ERROR - FILE_CHECK - expect_column_value_lengths_to_be_between - OPTIONS - Unexpected characters count of: [Airconditioning, Aud...] on line  7254, value length should be between 0 and 255
2019-10-07 08:59:12,788 - CAMION - NL - MASCUS - 2019-09-01 00:00:00 - ERROR - FILE_CHECK - expect_column_value_lengths_to_be_between - OPTIONS - Unexpected characters count of: [Audio-installatie, A...] on line  7284, value length should be between 0 and 255
2019-10-07 08:59:12,788 - CAMION - NL - MASCUS - 2019-09-01 00:00:00 - ERROR - FILE_CHECK - expect_column_value_lengths_to_be_between - OPTIONS - Unexpected characters count of: [Audio-installatie, A...] on line  7336, value length should be between 0 and 255
2019-10-07 08:59:12,788 - CAMION - NL - MASCUS - 2019-09-01 00:00:00 - ERROR - FILE_CHECK - expect_column_value_lengths_to_be_between - OPTIONS - Unexpected characters count of: [Audio-installatie, A...] on line  7841, value length should be between 0 and 255
2019-10-07 08:59:12,788 - CAMION - NL - MASCUS - 2019-09-01 00:00:00 - ERROR - FILE_CHECK - expect_column_value_lengths_to_be_between - OPTIONS - Unexpected characters count of: [Cruisecontrol, Elekt...] on line  7857, value length should be between 0 and 255
2019-10-07 08:59:12,788 - CAMION - NL - MASCUS - 2019-09-01 00:00:00 - ERROR - FILE_CHECK - expect_column_value_lengths_to_be_between - OPTIONS - Unexpected characters count of: [Airconditioning, Aud...] on line  8044, value length should be between 0 and 255
2019-10-07 08:59:12,788 - CAMION - NL - MASCUS - 2019-09-01 00:00:00 - ERROR - FILE_CHECK - expect_column_value_lengths_to_be_between - OPTIONS - Unexpected characters count of: [Airconditioning, Ele...] on line  9509, value length should be between 0 and 255
2019-10-07 08:59:12,788 - CAMION - NL - MASCUS - 2019-09-01 00:00:00 - ERROR - FILE_CHECK - expect_column_value_lengths_to_be_between - OPTIONS - Unexpected characters count of: [Airconditioning, Aud...] on line  9540, value length should be between 0 and 255
2019-10-07 08:59:12,788 - CAMION - NL - MASCUS - 2019-09-01 00:00:00 - ERROR - FILE_CHECK - expect_column_value_lengths_to_be_between - OPTIONS - Unexpected characters count of: [Audio-installatie, A...] on line  10481, value length should be between 0 and 255
2019-10-07 08:59:12,789 - CAMION - NL - MASCUS - 2019-09-01 00:00:00 - ERROR - FILE_CHECK - expect_column_value_lengths_to_be_between - OPTIONS - Unexpected characters count of: [Airconditioning, Ele...] on line  10748, value length should be between 0 and 255
2019-10-07 08:59:12,789 - CAMION - NL - MASCUS - 2019-09-01 00:00:00 - ERROR - FILE_CHECK - expect_column_value_lengths_to_be_between - OPTIONS - Unexpected characters count of: [Airconditioning, Aud...] on line  11368, value length should be between 0 and 255
2019-10-07 08:59:12,789 - CAMION - NL - MASCUS - 2019-09-01 00:00:00 - ERROR - FILE_CHECK - expect_column_value_lengths_to_be_between - OPTIONS - Unexpected characters count of: [Airconditioning, Ele...] on line  11499, value length should be between 0 and 255
2019-10-07 08:59:12,789 - CAMION - NL - MASCUS - 2019-09-01 00:00:00 - ERROR - FILE_CHECK - expect_column_value_lengths_to_be_between - OPTIONS - Unexpected characters count of: [Airconditioning, Aud...] on line  11676, value length should be between 0 and 255
2019-10-07 08:59:12,789 - CAMION - NL - MASCUS - 2019-09-01 00:00:00 - ERROR - STAT - expect_column_value_lengths_to_be_between - OPTIONS - correctly filled rate (%) - 99.33
2019-10-07 08:59:12,789 - CAMION - NL - MASCUS - 2019-09-01 00:00:00 - ERROR - STAT - expect_column_values_to_be_in_type_list - PHOTO - correctly filled rate (%) - 100.0
2019-10-07 08:59:12,789 - CAMION - NL - MASCUS - 2019-09-01 00:00:00 - ERROR - STAT - expect_column_values_to_not_be_null - PHOTO - correctly filled rate (%) - 100.0
2019-10-07 08:59:12,789 - CAMION - NL - MASCUS - 2019-09-01 00:00:00 - ERROR - STAT - expect_column_values_to_not_be_null - PLACE - correctly filled rate (%) - 0.0
2019-10-07 08:59:12,789 - CAMION - NL - MASCUS - 2019-09-01 00:00:00 - ERROR - STAT - expect_column_values_to_not_be_null - PORTE - correctly filled rate (%) - 0.0
2019-10-07 08:59:12,789 - CAMION - NL - MASCUS - 2019-09-01 00:00:00 - ERROR - STAT - expect_column_values_to_be_in_type_list - PRIX - correctly filled rate (%) - 100.0
2019-10-07 08:59:12,789 - CAMION - NL - MASCUS - 2019-09-01 00:00:00 - ERROR - STAT - expect_column_values_to_not_be_null - PRIX - correctly filled rate (%) - 100.0
2019-10-07 08:59:12,789 - CAMION - NL - MASCUS - 2019-09-01 00:00:00 - ERROR - STAT - expect_column_values_to_not_be_null - PROVINCE - correctly filled rate (%) - 0.0
2019-10-07 08:59:12,789 - CAMION - NL - MASCUS - 2019-09-01 00:00:00 - ERROR - STAT - expect_column_values_to_not_be_null - SITE - correctly filled rate (%) - 100.0
2019-10-07 08:59:12,789 - CAMION - NL - MASCUS - 2019-09-01 00:00:00 - ERROR - STAT - expect_column_values_to_not_be_null - TELEPHONE - correctly filled rate (%) - 99.97
2019-10-07 08:59:12,789 - CAMION - NL - MASCUS - 2019-09-01 00:00:00 - ERROR - STAT - expect_column_values_to_be_phone_number - TELEPHONE - correctly filled rate (%) - 100.0
2019-10-07 08:59:12,789 - CAMION - NL - MASCUS - 2019-09-01 00:00:00 - ERROR - STAT - expect_column_values_to_not_be_null - TYPE - correctly filled rate (%) - 100.0
2019-10-07 08:59:12,789 - CAMION - NL - MASCUS - 2019-09-01 00:00:00 - ERROR - STAT - expect_column_values_to_be_in_set_2 - TYPE - observed proportion - 100.0
2019-10-07 08:59:12,790 - CAMION - NL - MASCUS - 2019-09-01 00:00:00 - ERROR - STAT - expect_column_values_to_not_be_null - VILLE - correctly filled rate (%) - 99.93
2019-10-07 08:59:12,790 - CAMION - NL - MASCUS - 2019-09-01 00:00:00 - ERROR - STAT - expect_column_values_to_not_be_null - VN_IND - correctly filled rate (%) - 0.0
2019-10-07 08:59:12,790 - CAMION - NL - MASCUS - 2019-09-01 00:00:00 - ERROR - STAT - expect_returning_row_unique_count - MARQUE_CORRECTED - total number of unique rows - 123
2019-10-07 08:59:12,790 - CAMION - NL - MASCUS - 2019-09-01 00:00:00 - ERROR - STAT - expect_returning_row_unique_count - MODELE_CORRECTED - total number of unique rows - 270
2019-10-07 08:59:12,790 - CAMION - NL - MASCUS - 2019-09-01 00:00:00 - ERROR - STAT - expect_returning_row_unique_count - CARROSSERIE - total number of unique rows - 0
2019-10-07 08:59:12,790 - CAMION - NL - MASCUS - 2019-09-01 00:00:00 - ERROR - STAT - expect_returning_row_unique_count - CARBURANT - total number of unique rows - 1
2019-10-07 08:59:12,790 - CAMION - NL - MASCUS - 2019-09-01 00:00:00 - ERROR - STAT - expect_column_values_to_not_be_null - CYLINDRE - correctly filled rate (%) - 0.0
2019-10-07 08:59:12,790 - CAMION - NL - MASCUS - 2019-09-01 00:00:00 - ERROR - STAT - expect_returning_row_unique_count - PROVINCE - total number of unique rows - 0
2019-10-07 08:59:12,790 - CAMION - NL - MASCUS - 2019-09-01 00:00:00 - ERROR - STAT - expect_returning_row_unique_count - VILLE - total number of unique rows - 585
2019-10-07 08:59:12,790 - CAMION - NL - MASCUS - 2019-09-01 00:00:00 - ERROR - STAT - expect_returning_row_unique_count - DEPARTEMENT - total number of unique rows - 0
2019-10-07 08:59:12,790 - CAMION - NL - MASCUS - 2019-09-01 00:00:00 - ERROR - STAT - expect_returning_row_count_on_conditions - DEALER_USEDCARS - total number of row with conditions - 14463
2019-10-07 08:59:12,790 - CAMION - NL - MASCUS - 2019-09-01 00:00:00 - ERROR - STAT - expect_returning_row_count_on_conditions - PRIVATE_USEDCARS - total number of row with conditions - 5
2019-10-07 08:59:12,790 - CAMION - NL - MASCUS - 2019-09-01 00:00:00 - ERROR - STAT - expect_returning_row_count_on_conditions - TRUCKS - total number of row with conditions - 2258
2019-10-07 08:59:12,790 - CAMION - NL - MASCUS - 2019-09-01 00:00:00 - ERROR - STAT - expect_returning_row_count_on_conditions - TRACTOR UNITS - total number of row with conditions - 1779
2019-10-07 08:59:12,790 - CAMION - NL - MASCUS - 2019-09-01 00:00:00 - ERROR - STAT - expect_returning_row_count_on_conditions - TRAILERS - total number of row with conditions - 231
2019-10-07 08:59:12,790 - CAMION - NL - MASCUS - 2019-09-01 00:00:00 - ERROR - STAT - expect_returning_row_count_on_conditions - VANS - total number of row with conditions - 314
2019-10-07 08:59:12,790 - CAMION - NL - MASCUS - 2019-09-01 00:00:00 - ERROR - STAT - expect_returning_row_count_on_conditions - HEAVY EQUIPMENTS - total number of row with conditions - 8203
2019-10-07 08:59:12,791 - CAMION - NL - MASCUS - 2019-09-01 00:00:00 - ERROR - STAT - expect_returning_row_count_on_conditions - SEMI TRAILERS - total number of row with conditions - 1683
2019-10-07 08:59:12,791 - CAMION - NL - MASCUS - 2019-09-01 00:00:00 - ERROR - STAT - expect_returning_row_count_on_conditions - DEALER_TRUCKS - total number of row with conditions - 2258
2019-10-07 08:59:12,791 - CAMION - NL - MASCUS - 2019-09-01 00:00:00 - ERROR - STAT - expect_returning_row_count_on_conditions - PRIVATE_TRUCKS - total number of row with conditions - 0
2019-10-07 08:59:12,791 - CAMION - NL - MASCUS - 2019-09-01 00:00:00 - ERROR - STAT - expect_returning_row_count_on_conditions - DEALER_TRACTOR UNITS - total number of row with conditions - 1779
2019-10-07 08:59:12,791 - CAMION - NL - MASCUS - 2019-09-01 00:00:00 - ERROR - STAT - expect_returning_row_count_on_conditions - PRIVATE_TRACTOR UNITS - total number of row with conditions - 0
2019-10-07 08:59:12,791 - CAMION - NL - MASCUS - 2019-09-01 00:00:00 - ERROR - STAT - expect_returning_row_count_on_conditions - DEALER_TRAILERS - total number of row with conditions - 231
2019-10-07 08:59:12,791 - CAMION - NL - MASCUS - 2019-09-01 00:00:00 - ERROR - STAT - expect_returning_row_count_on_conditions - PRIVATE_TRAILERS - total number of row with conditions - 0
2019-10-07 08:59:12,791 - CAMION - NL - MASCUS - 2019-09-01 00:00:00 - ERROR - STAT - expect_returning_row_count_on_conditions - DEALER_VANS - total number of row with conditions - 314
2019-10-07 08:59:12,791 - CAMION - NL - MASCUS - 2019-09-01 00:00:00 - ERROR - STAT - expect_returning_row_count_on_conditions - PRIVATE_VANS - total number of row with conditions - 0
2019-10-07 08:59:12,791 - CAMION - NL - MASCUS - 2019-09-01 00:00:00 - ERROR - STAT - expect_returning_row_count_on_conditions - DEALER_HEAVY EQUIPMENTS - total number of row with conditions - 8198
2019-10-07 08:59:12,791 - CAMION - NL - MASCUS - 2019-09-01 00:00:00 - ERROR - STAT - expect_returning_row_count_on_conditions - PRIVATE_HEAVY EQUIPMENTS - total number of row with conditions - 5
2019-10-07 08:59:12,791 - CAMION - NL - MASCUS - 2019-09-01 00:00:00 - ERROR - STAT - expect_returning_row_count_on_conditions - DEALER_SEMI TRAILERS - total number of row with conditions - 1683
2019-10-07 08:59:12,791 - CAMION - NL - MASCUS - 2019-09-01 00:00:00 - ERROR - STAT - expect_returning_row_count_on_conditions - PRIVATE_SEMI TRAILERS - total number of row with conditions - 0
