2019-10-07 08:48:56,124 - CAMION - DE - MASCUS - 2019-09-01 00:00:00 - ERROR - STAT - expect_column_values_to_not_be_null - ADRESSE - correctly filled rate (%) - 96.46
2019-10-07 08:48:56,124 - CAMION - DE - MASCUS - 2019-09-01 00:00:00 - ERROR - STAT - expect_column_values_to_be_in_type_list - ANNEE - correctly filled rate (%) - 100.0
2019-10-07 08:48:56,124 - CAMION - DE - MASCUS - 2019-09-01 00:00:00 - ERROR - STAT - expect_column_values_to_be_between - ANNEE - correctly filled rate (%) - 92.8
2019-10-07 08:48:56,124 - CAMION - DE - MASCUS - 2019-09-01 00:00:00 - ERROR - STAT - expect_column_values_to_not_be_null - ANNEE - correctly filled rate (%) - 100.0
2019-10-07 08:48:56,124 - CAMION - DE - MASCUS - 2019-09-01 00:00:00 - ERROR - FILE_CHECK - expect_column_values_to_match_regex - ANNEE - Unexpected value: 0 on line 1, value should match regexp ^[0-9]{4}$
2019-10-07 08:48:56,124 - CAMION - DE - MASCUS - 2019-09-01 00:00:00 - ERROR - FILE_CHECK - expect_column_values_to_match_regex - ANNEE - Unexpected value: 0 on line 30, value should match regexp ^[0-9]{4}$
2019-10-07 08:48:56,124 - CAMION - DE - MASCUS - 2019-09-01 00:00:00 - ERROR - FILE_CHECK - expect_column_values_to_match_regex - ANNEE - Unexpected value: 0 on line 61, value should match regexp ^[0-9]{4}$
2019-10-07 08:48:56,124 - CAMION - DE - MASCUS - 2019-09-01 00:00:00 - ERROR - FILE_CHECK - expect_column_values_to_match_regex - ANNEE - Unexpected value: 0 on line 89, value should match regexp ^[0-9]{4}$
2019-10-07 08:48:56,125 - CAMION - DE - MASCUS - 2019-09-01 00:00:00 - ERROR - FILE_CHECK - expect_column_values_to_match_regex - ANNEE - Unexpected value: 0 on line 111, value should match regexp ^[0-9]{4}$
2019-10-07 08:48:56,125 - CAMION - DE - MASCUS - 2019-09-01 00:00:00 - ERROR - FILE_CHECK - expect_column_values_to_match_regex - ANNEE - Unexpected value: 0 on line 141, value should match regexp ^[0-9]{4}$
2019-10-07 08:48:56,125 - CAMION - DE - MASCUS - 2019-09-01 00:00:00 - ERROR - FILE_CHECK - expect_column_values_to_match_regex - ANNEE - Unexpected value: 0 on line 145, value should match regexp ^[0-9]{4}$
2019-10-07 08:48:56,125 - CAMION - DE - MASCUS - 2019-09-01 00:00:00 - ERROR - FILE_CHECK - expect_column_values_to_match_regex - ANNEE - Unexpected value: 0 on line 147, value should match regexp ^[0-9]{4}$
2019-10-07 08:48:56,125 - CAMION - DE - MASCUS - 2019-09-01 00:00:00 - ERROR - FILE_CHECK - expect_column_values_to_match_regex - ANNEE - Unexpected value: 0 on line 152, value should match regexp ^[0-9]{4}$
2019-10-07 08:48:56,125 - CAMION - DE - MASCUS - 2019-09-01 00:00:00 - ERROR - FILE_CHECK - expect_column_values_to_match_regex - ANNEE - Unexpected value: 0 on line 234, value should match regexp ^[0-9]{4}$
2019-10-07 08:48:56,125 - CAMION - DE - MASCUS - 2019-09-01 00:00:00 - ERROR - FILE_CHECK - expect_column_values_to_match_regex - ANNEE - Unexpected value: 0 on line 279, value should match regexp ^[0-9]{4}$
2019-10-07 08:48:56,125 - CAMION - DE - MASCUS - 2019-09-01 00:00:00 - ERROR - FILE_CHECK - expect_column_values_to_match_regex - ANNEE - Unexpected value: 0 on line 287, value should match regexp ^[0-9]{4}$
2019-10-07 08:48:56,125 - CAMION - DE - MASCUS - 2019-09-01 00:00:00 - ERROR - FILE_CHECK - expect_column_values_to_match_regex - ANNEE - Unexpected value: 0 on line 297, value should match regexp ^[0-9]{4}$
2019-10-07 08:48:56,125 - CAMION - DE - MASCUS - 2019-09-01 00:00:00 - ERROR - FILE_CHECK - expect_column_values_to_match_regex - ANNEE - Unexpected value: 0 on line 319, value should match regexp ^[0-9]{4}$
2019-10-07 08:48:56,125 - CAMION - DE - MASCUS - 2019-09-01 00:00:00 - ERROR - FILE_CHECK - expect_column_values_to_match_regex - ANNEE - Unexpected value: 0 on line 322, value should match regexp ^[0-9]{4}$
2019-10-07 08:48:56,125 - CAMION - DE - MASCUS - 2019-09-01 00:00:00 - ERROR - FILE_CHECK - expect_column_values_to_match_regex - ANNEE - Unexpected value: 0 on line 328, value should match regexp ^[0-9]{4}$
2019-10-07 08:48:56,125 - CAMION - DE - MASCUS - 2019-09-01 00:00:00 - ERROR - FILE_CHECK - expect_column_values_to_match_regex - ANNEE - Unexpected value: 0 on line 329, value should match regexp ^[0-9]{4}$
2019-10-07 08:48:56,125 - CAMION - DE - MASCUS - 2019-09-01 00:00:00 - ERROR - FILE_CHECK - expect_column_values_to_match_regex - ANNEE - Unexpected value: 0 on line 349, value should match regexp ^[0-9]{4}$
2019-10-07 08:48:56,125 - CAMION - DE - MASCUS - 2019-09-01 00:00:00 - ERROR - FILE_CHECK - expect_column_values_to_match_regex - ANNEE - Unexpected value: 0 on line 352, value should match regexp ^[0-9]{4}$
2019-10-07 08:48:56,125 - CAMION - DE - MASCUS - 2019-09-01 00:00:00 - ERROR - FILE_CHECK - expect_column_values_to_match_regex - ANNEE - Unexpected value: 0 on line 380, value should match regexp ^[0-9]{4}$
2019-10-07 08:48:56,125 - CAMION - DE - MASCUS - 2019-09-01 00:00:00 - ERROR - STAT - expect_column_values_to_match_regex - ANNEE - correctly filled rate (%) - 94.31
2019-10-07 08:48:56,125 - CAMION - DE - MASCUS - 2019-09-01 00:00:00 - ERROR - STAT - expect_column_values_to_not_be_null - ANNONCE_LINK - correctly filled rate (%) - 100.0
2019-10-07 08:48:56,125 - CAMION - DE - MASCUS - 2019-09-01 00:00:00 - ERROR - STAT - expect_column_values_to_be_unique - ANNONCE_LINK - observed proportion - 100.0
2019-10-07 08:48:56,126 - CAMION - DE - MASCUS - 2019-09-01 00:00:00 - ERROR - STAT - expect_column_values_to_not_be_null - CARBURANT - correctly filled rate (%) - 0.32
2019-10-07 08:48:56,126 - CAMION - DE - MASCUS - 2019-09-01 00:00:00 - ERROR - STAT - expect_column_values_to_not_be_null - CARROSSERIE - correctly filled rate (%) - 0.0
2019-10-07 08:48:56,126 - CAMION - DE - MASCUS - 2019-09-01 00:00:00 - ERROR - STAT - expect_column_values_to_not_be_null - CP - correctly filled rate (%) - 97.04
2019-10-07 08:48:56,126 - CAMION - DE - MASCUS - 2019-09-01 00:00:00 - ERROR - STAT - expect_column_values_to_match_regex - CP - correctly filled rate (%) - 99.3
2019-10-07 08:48:56,126 - CAMION - DE - MASCUS - 2019-09-01 00:00:00 - ERROR - STAT - expect_column_values_to_not_be_null - GARAGE_ID - correctly filled rate (%) - 0.0
2019-10-07 08:48:56,126 - CAMION - DE - MASCUS - 2019-09-01 00:00:00 - ERROR - STAT - expect_column_values_to_not_be_null - ID_CLIENT - correctly filled rate (%) - 100.0
2019-10-07 08:48:56,126 - CAMION - DE - MASCUS - 2019-09-01 00:00:00 - ERROR - STAT - expect_column_values_to_be_unique - ID_CLIENT - observed proportion - 100.0
2019-10-07 08:48:56,126 - CAMION - DE - MASCUS - 2019-09-01 00:00:00 - ERROR - STAT - expect_returning_row_count - EVERY_COLUMNS - total number of rows - 18571
2019-10-07 08:48:56,126 - CAMION - DE - MASCUS - 2019-09-01 00:00:00 - ERROR - STAT - expect_column_values_to_not_be_null - IMMAT - correctly filled rate (%) - 100.0
2019-10-07 08:48:56,126 - CAMION - DE - MASCUS - 2019-09-01 00:00:00 - ERROR - STAT - expect_column_values_to_be_in_type_list - KM - correctly filled rate (%) - 100.0
2019-10-07 08:48:56,126 - CAMION - DE - MASCUS - 2019-09-01 00:00:00 - ERROR - STAT - expect_column_values_to_not_be_null - KM - correctly filled rate (%) - 100.0
2019-10-07 08:48:56,126 - CAMION - DE - MASCUS - 2019-09-01 00:00:00 - ERROR - STAT - expect_column_values_to_be_in_type_list - LITRE - correctly filled rate (%) - 100.0
2019-10-07 08:48:56,126 - CAMION - DE - MASCUS - 2019-09-01 00:00:00 - ERROR - STAT - expect_column_values_to_not_be_null - LITRE - correctly filled rate (%) - 100.0
2019-10-07 08:48:56,126 - CAMION - DE - MASCUS - 2019-09-01 00:00:00 - ERROR - STAT - expect_column_values_to_not_be_null - MARQUE - correctly filled rate (%) - 0.0
2019-10-07 08:48:56,126 - CAMION - DE - MASCUS - 2019-09-01 00:00:00 - ERROR - STAT - expect_column_values_to_not_be_null - MODELE - correctly filled rate (%) - 0.0
2019-10-07 08:48:56,126 - CAMION - DE - MASCUS - 2019-09-01 00:00:00 - ERROR - STAT - expect_column_values_to_not_be_null - NOM - correctly filled rate (%) - 99.97
2019-10-07 08:48:56,126 - CAMION - DE - MASCUS - 2019-09-01 00:00:00 - ERROR - FILE_CHECK - expect_column_value_lengths_to_be_between - NOM - Unexpected characters count of: [MK7...] on line  67, value length should be between 10 and 255
2019-10-07 08:48:56,127 - CAMION - DE - MASCUS - 2019-09-01 00:00:00 - ERROR - FILE_CHECK - expect_column_value_lengths_to_be_between - NOM - Unexpected characters count of: [Krone - -...] on line  332, value length should be between 10 and 255
2019-10-07 08:48:56,127 - CAMION - DE - MASCUS - 2019-09-01 00:00:00 - ERROR - FILE_CHECK - expect_column_value_lengths_to_be_between - NOM - Unexpected characters count of: [1-Achser...] on line  380, value length should be between 10 and 255
2019-10-07 08:48:56,127 - CAMION - DE - MASCUS - 2019-09-01 00:00:00 - ERROR - FILE_CHECK - expect_column_value_lengths_to_be_between - NOM - Unexpected characters count of: [Paus Z70...] on line  572, value length should be between 10 and 255
2019-10-07 08:48:56,127 - CAMION - DE - MASCUS - 2019-09-01 00:00:00 - ERROR - FILE_CHECK - expect_column_value_lengths_to_be_between - NOM - Unexpected characters count of: [8 to...] on line  665, value length should be between 10 and 255
2019-10-07 08:48:56,127 - CAMION - DE - MASCUS - 2019-09-01 00:00:00 - ERROR - FILE_CHECK - expect_column_value_lengths_to_be_between - NOM - Unexpected characters count of: [16 to...] on line  757, value length should be between 10 and 255
2019-10-07 08:48:56,127 - CAMION - DE - MASCUS - 2019-09-01 00:00:00 - ERROR - FILE_CHECK - expect_column_value_lengths_to_be_between - NOM - Unexpected characters count of: [DH 8-40...] on line  1261, value length should be between 10 and 255
2019-10-07 08:48:56,127 - CAMION - DE - MASCUS - 2019-09-01 00:00:00 - ERROR - FILE_CHECK - expect_column_value_lengths_to_be_between - NOM - Unexpected characters count of: [JCB 409...] on line  1356, value length should be between 10 and 255
2019-10-07 08:48:56,127 - CAMION - DE - MASCUS - 2019-09-01 00:00:00 - ERROR - FILE_CHECK - expect_column_value_lengths_to_be_between - NOM - Unexpected characters count of: [GTS 130...] on line  1357, value length should be between 10 and 255
2019-10-07 08:48:56,127 - CAMION - DE - MASCUS - 2019-09-01 00:00:00 - ERROR - FILE_CHECK - expect_column_value_lengths_to_be_between - NOM - Unexpected characters count of: [Avant 640...] on line  1472, value length should be between 10 and 255
2019-10-07 08:48:56,127 - CAMION - DE - MASCUS - 2019-09-01 00:00:00 - ERROR - FILE_CHECK - expect_column_value_lengths_to_be_between - NOM - Unexpected characters count of: [DB 37...] on line  1532, value length should be between 10 and 255
2019-10-07 08:48:56,127 - CAMION - DE - MASCUS - 2019-09-01 00:00:00 - ERROR - FILE_CHECK - expect_column_value_lengths_to_be_between - NOM - Unexpected characters count of: [Avant 745...] on line  1628, value length should be between 10 and 255
2019-10-07 08:48:56,127 - CAMION - DE - MASCUS - 2019-09-01 00:00:00 - ERROR - FILE_CHECK - expect_column_value_lengths_to_be_between - NOM - Unexpected characters count of: [Valla 25E...] on line  1637, value length should be between 10 and 255
2019-10-07 08:48:56,127 - CAMION - DE - MASCUS - 2019-09-01 00:00:00 - ERROR - FILE_CHECK - expect_column_value_lengths_to_be_between - NOM - Unexpected characters count of: [Dino 120T...] on line  1646, value length should be between 10 and 255
2019-10-07 08:48:56,127 - CAMION - DE - MASCUS - 2019-09-01 00:00:00 - ERROR - FILE_CHECK - expect_column_value_lengths_to_be_between - NOM - Unexpected characters count of: [JCB 86C-1...] on line  1688, value length should be between 10 and 255
2019-10-07 08:48:56,127 - CAMION - DE - MASCUS - 2019-09-01 00:00:00 - ERROR - FILE_CHECK - expect_column_value_lengths_to_be_between - NOM - Unexpected characters count of: [JCB S1930...] on line  1764, value length should be between 10 and 255
2019-10-07 08:48:56,127 - CAMION - DE - MASCUS - 2019-09-01 00:00:00 - ERROR - FILE_CHECK - expect_column_value_lengths_to_be_between - NOM - Unexpected characters count of: [Avant e5...] on line  1806, value length should be between 10 and 255
2019-10-07 08:48:56,127 - CAMION - DE - MASCUS - 2019-09-01 00:00:00 - ERROR - FILE_CHECK - expect_column_value_lengths_to_be_between - NOM - Unexpected characters count of: [CASE 836C...] on line  1912, value length should be between 10 and 255
2019-10-07 08:48:56,128 - CAMION - DE - MASCUS - 2019-09-01 00:00:00 - ERROR - FILE_CHECK - expect_column_value_lengths_to_be_between - NOM - Unexpected characters count of: [JLG 400S...] on line  1982, value length should be between 10 and 255
2019-10-07 08:48:56,128 - CAMION - DE - MASCUS - 2019-09-01 00:00:00 - ERROR - FILE_CHECK - expect_column_value_lengths_to_be_between - NOM - Unexpected characters count of: [JCB 407...] on line  2019, value length should be between 10 and 255
2019-10-07 08:48:56,128 - CAMION - DE - MASCUS - 2019-09-01 00:00:00 - ERROR - STAT - expect_column_value_lengths_to_be_between - NOM - correctly filled rate (%) - 98.62
2019-10-07 08:48:56,128 - CAMION - DE - MASCUS - 2019-09-01 00:00:00 - ERROR - STAT - expect_column_values_to_not_be_null - OPTIONS - correctly filled rate (%) - 31.81
2019-10-07 08:48:56,128 - CAMION - DE - MASCUS - 2019-09-01 00:00:00 - ERROR - FILE_CHECK - expect_column_value_lengths_to_be_between - OPTIONS - Unexpected characters count of: [Bordcomputer, Bremsa...] on line  867, value length should be between 0 and 255
2019-10-07 08:48:56,128 - CAMION - DE - MASCUS - 2019-09-01 00:00:00 - ERROR - FILE_CHECK - expect_column_value_lengths_to_be_between - OPTIONS - Unexpected characters count of: [ABS, Airbags, beheiz...] on line  1262, value length should be between 0 and 255
2019-10-07 08:48:56,128 - CAMION - DE - MASCUS - 2019-09-01 00:00:00 - ERROR - FILE_CHECK - expect_column_value_lengths_to_be_between - OPTIONS - Unexpected characters count of: [Radio, Klimaanlage, ...] on line  1306, value length should be between 0 and 255
2019-10-07 08:48:56,128 - CAMION - DE - MASCUS - 2019-09-01 00:00:00 - ERROR - FILE_CHECK - expect_column_value_lengths_to_be_between - OPTIONS - Unexpected characters count of: [ABS, Airbags, beheiz...] on line  4410, value length should be between 0 and 255
2019-10-07 08:48:56,128 - CAMION - DE - MASCUS - 2019-09-01 00:00:00 - ERROR - FILE_CHECK - expect_column_value_lengths_to_be_between - OPTIONS - Unexpected characters count of: [ABS, ASR  - Antriebs...] on line  4583, value length should be between 0 and 255
2019-10-07 08:48:56,128 - CAMION - DE - MASCUS - 2019-09-01 00:00:00 - ERROR - FILE_CHECK - expect_column_value_lengths_to_be_between - OPTIONS - Unexpected characters count of: [Bordcomputer, Bremsa...] on line  4684, value length should be between 0 and 255
2019-10-07 08:48:56,128 - CAMION - DE - MASCUS - 2019-09-01 00:00:00 - ERROR - FILE_CHECK - expect_column_value_lengths_to_be_between - OPTIONS - Unexpected characters count of: [Bremsanlage, Einzelk...] on line  5912, value length should be between 0 and 255
2019-10-07 08:48:56,128 - CAMION - DE - MASCUS - 2019-09-01 00:00:00 - ERROR - FILE_CHECK - expect_column_value_lengths_to_be_between - OPTIONS - Unexpected characters count of: [ABS, Airbags, ASR  -...] on line  6905, value length should be between 0 and 255
2019-10-07 08:48:56,128 - CAMION - DE - MASCUS - 2019-09-01 00:00:00 - ERROR - FILE_CHECK - expect_column_value_lengths_to_be_between - OPTIONS - Unexpected characters count of: [ABS, Airbags, BDF-Co...] on line  7258, value length should be between 0 and 255
2019-10-07 08:48:56,128 - CAMION - DE - MASCUS - 2019-09-01 00:00:00 - ERROR - FILE_CHECK - expect_column_value_lengths_to_be_between - OPTIONS - Unexpected characters count of: [Bordcomputer, Bremsa...] on line  9509, value length should be between 0 and 255
2019-10-07 08:48:56,128 - CAMION - DE - MASCUS - 2019-09-01 00:00:00 - ERROR - FILE_CHECK - expect_column_value_lengths_to_be_between - OPTIONS - Unexpected characters count of: [ABS, ASR  - Antriebs...] on line  10406, value length should be between 0 and 255
2019-10-07 08:48:56,128 - CAMION - DE - MASCUS - 2019-09-01 00:00:00 - ERROR - FILE_CHECK - expect_column_value_lengths_to_be_between - OPTIONS - Unexpected characters count of: [Airbags, ASR  - Antr...] on line  11353, value length should be between 0 and 255
2019-10-07 08:48:56,128 - CAMION - DE - MASCUS - 2019-09-01 00:00:00 - ERROR - FILE_CHECK - expect_column_value_lengths_to_be_between - OPTIONS - Unexpected characters count of: [ABS, Aluminumfelgen,...] on line  11548, value length should be between 0 and 255
2019-10-07 08:48:56,129 - CAMION - DE - MASCUS - 2019-09-01 00:00:00 - ERROR - FILE_CHECK - expect_column_value_lengths_to_be_between - OPTIONS - Unexpected characters count of: [Bordcomputer, Bremsa...] on line  13786, value length should be between 0 and 255
2019-10-07 08:48:56,129 - CAMION - DE - MASCUS - 2019-09-01 00:00:00 - ERROR - FILE_CHECK - expect_column_value_lengths_to_be_between - OPTIONS - Unexpected characters count of: [ABS, Airbags, Anhäng...] on line  14793, value length should be between 0 and 255
2019-10-07 08:48:56,129 - CAMION - DE - MASCUS - 2019-09-01 00:00:00 - ERROR - FILE_CHECK - expect_column_value_lengths_to_be_between - OPTIONS - Unexpected characters count of: [ABS, ASR  - Antriebs...] on line  15116, value length should be between 0 and 255
2019-10-07 08:48:56,129 - CAMION - DE - MASCUS - 2019-09-01 00:00:00 - ERROR - FILE_CHECK - expect_column_value_lengths_to_be_between - OPTIONS - Unexpected characters count of: [Bremsanlage, Elektri...] on line  16124, value length should be between 0 and 255
2019-10-07 08:48:56,129 - CAMION - DE - MASCUS - 2019-09-01 00:00:00 - ERROR - FILE_CHECK - expect_column_value_lengths_to_be_between - OPTIONS - Unexpected characters count of: [Bordcomputer, CB-Rad...] on line  16150, value length should be between 0 and 255
2019-10-07 08:48:56,129 - CAMION - DE - MASCUS - 2019-09-01 00:00:00 - ERROR - STAT - expect_column_value_lengths_to_be_between - OPTIONS - correctly filled rate (%) - 99.7
2019-10-07 08:48:56,129 - CAMION - DE - MASCUS - 2019-09-01 00:00:00 - ERROR - STAT - expect_column_values_to_be_in_type_list - PHOTO - correctly filled rate (%) - 100.0
2019-10-07 08:48:56,129 - CAMION - DE - MASCUS - 2019-09-01 00:00:00 - ERROR - STAT - expect_column_values_to_not_be_null - PHOTO - correctly filled rate (%) - 100.0
2019-10-07 08:48:56,129 - CAMION - DE - MASCUS - 2019-09-01 00:00:00 - ERROR - STAT - expect_column_values_to_not_be_null - PLACE - correctly filled rate (%) - 0.0
2019-10-07 08:48:56,129 - CAMION - DE - MASCUS - 2019-09-01 00:00:00 - ERROR - STAT - expect_column_values_to_not_be_null - PORTE - correctly filled rate (%) - 0.0
2019-10-07 08:48:56,129 - CAMION - DE - MASCUS - 2019-09-01 00:00:00 - ERROR - STAT - expect_column_values_to_be_in_type_list - PRIX - correctly filled rate (%) - 100.0
2019-10-07 08:48:56,129 - CAMION - DE - MASCUS - 2019-09-01 00:00:00 - ERROR - STAT - expect_column_values_to_not_be_null - PRIX - correctly filled rate (%) - 100.0
2019-10-07 08:48:56,129 - CAMION - DE - MASCUS - 2019-09-01 00:00:00 - ERROR - STAT - expect_column_values_to_not_be_null - PROVINCE - correctly filled rate (%) - 0.0
2019-10-07 08:48:56,129 - CAMION - DE - MASCUS - 2019-09-01 00:00:00 - ERROR - STAT - expect_column_values_to_not_be_null - SITE - correctly filled rate (%) - 100.0
2019-10-07 08:48:56,129 - CAMION - DE - MASCUS - 2019-09-01 00:00:00 - ERROR - STAT - expect_column_values_to_not_be_null - TELEPHONE - correctly filled rate (%) - 99.05
2019-10-07 08:48:56,129 - CAMION - DE - MASCUS - 2019-09-01 00:00:00 - ERROR - STAT - expect_column_values_to_be_phone_number - TELEPHONE - correctly filled rate (%) - 99.98
2019-10-07 08:48:56,129 - CAMION - DE - MASCUS - 2019-09-01 00:00:00 - ERROR - STAT - expect_column_values_to_not_be_null - TYPE - correctly filled rate (%) - 100.0
2019-10-07 08:48:56,129 - CAMION - DE - MASCUS - 2019-09-01 00:00:00 - ERROR - STAT - expect_column_values_to_be_in_set_2 - TYPE - observed proportion - 100.0
2019-10-07 08:48:56,130 - CAMION - DE - MASCUS - 2019-09-01 00:00:00 - ERROR - STAT - expect_column_values_to_not_be_null - VILLE - correctly filled rate (%) - 99.57
2019-10-07 08:48:56,130 - CAMION - DE - MASCUS - 2019-09-01 00:00:00 - ERROR - STAT - expect_column_values_to_not_be_null - VN_IND - correctly filled rate (%) - 0.0
2019-10-07 08:48:56,130 - CAMION - DE - MASCUS - 2019-09-01 00:00:00 - ERROR - STAT - expect_returning_row_unique_count - MARQUE_CORRECTED - total number of unique rows - 144
2019-10-07 08:48:56,130 - CAMION - DE - MASCUS - 2019-09-01 00:00:00 - ERROR - STAT - expect_returning_row_unique_count - MODELE_CORRECTED - total number of unique rows - 392
2019-10-07 08:48:56,130 - CAMION - DE - MASCUS - 2019-09-01 00:00:00 - ERROR - STAT - expect_returning_row_unique_count - CARROSSERIE - total number of unique rows - 0
2019-10-07 08:48:56,130 - CAMION - DE - MASCUS - 2019-09-01 00:00:00 - ERROR - STAT - expect_returning_row_unique_count - CARBURANT - total number of unique rows - 1
2019-10-07 08:48:56,130 - CAMION - DE - MASCUS - 2019-09-01 00:00:00 - ERROR - STAT - expect_column_values_to_not_be_null - CYLINDRE - correctly filled rate (%) - 0.0
2019-10-07 08:48:56,130 - CAMION - DE - MASCUS - 2019-09-01 00:00:00 - ERROR - STAT - expect_returning_row_unique_count - PROVINCE - total number of unique rows - 0
2019-10-07 08:48:56,130 - CAMION - DE - MASCUS - 2019-09-01 00:00:00 - ERROR - STAT - expect_returning_row_unique_count - VILLE - total number of unique rows - 878
2019-10-07 08:48:56,130 - CAMION - DE - MASCUS - 2019-09-01 00:00:00 - ERROR - STAT - expect_returning_row_unique_count - DEPARTEMENT - total number of unique rows - 0
2019-10-07 08:48:56,130 - CAMION - DE - MASCUS - 2019-09-01 00:00:00 - ERROR - STAT - expect_returning_row_count_on_conditions - DEALER_USEDCARS - total number of row with conditions - 18569
2019-10-07 08:48:56,130 - CAMION - DE - MASCUS - 2019-09-01 00:00:00 - ERROR - STAT - expect_returning_row_count_on_conditions - PRIVATE_USEDCARS - total number of row with conditions - 2
2019-10-07 08:48:56,130 - CAMION - DE - MASCUS - 2019-09-01 00:00:00 - ERROR - STAT - expect_returning_row_count_on_conditions - TRUCKS - total number of row with conditions - 4134
2019-10-07 08:48:56,130 - CAMION - DE - MASCUS - 2019-09-01 00:00:00 - ERROR - STAT - expect_returning_row_count_on_conditions - TRACTOR UNITS - total number of row with conditions - 701
2019-10-07 08:48:56,130 - CAMION - DE - MASCUS - 2019-09-01 00:00:00 - ERROR - STAT - expect_returning_row_count_on_conditions - TRAILERS - total number of row with conditions - 1045
2019-10-07 08:48:56,130 - CAMION - DE - MASCUS - 2019-09-01 00:00:00 - ERROR - STAT - expect_returning_row_count_on_conditions - VANS - total number of row with conditions - 737
2019-10-07 08:48:56,130 - CAMION - DE - MASCUS - 2019-09-01 00:00:00 - ERROR - STAT - expect_returning_row_count_on_conditions - HEAVY EQUIPMENTS - total number of row with conditions - 10569
2019-10-07 08:48:56,130 - CAMION - DE - MASCUS - 2019-09-01 00:00:00 - ERROR - STAT - expect_returning_row_count_on_conditions - SEMI TRAILERS - total number of row with conditions - 1385
2019-10-07 08:48:56,131 - CAMION - DE - MASCUS - 2019-09-01 00:00:00 - ERROR - STAT - expect_returning_row_count_on_conditions - DEALER_TRUCKS - total number of row with conditions - 4134
2019-10-07 08:48:56,131 - CAMION - DE - MASCUS - 2019-09-01 00:00:00 - ERROR - STAT - expect_returning_row_count_on_conditions - PRIVATE_TRUCKS - total number of row with conditions - 0
2019-10-07 08:48:56,131 - CAMION - DE - MASCUS - 2019-09-01 00:00:00 - ERROR - STAT - expect_returning_row_count_on_conditions - DEALER_TRACTOR UNITS - total number of row with conditions - 701
2019-10-07 08:48:56,131 - CAMION - DE - MASCUS - 2019-09-01 00:00:00 - ERROR - STAT - expect_returning_row_count_on_conditions - PRIVATE_TRACTOR UNITS - total number of row with conditions - 0
2019-10-07 08:48:56,131 - CAMION - DE - MASCUS - 2019-09-01 00:00:00 - ERROR - STAT - expect_returning_row_count_on_conditions - DEALER_TRAILERS - total number of row with conditions - 1045
2019-10-07 08:48:56,131 - CAMION - DE - MASCUS - 2019-09-01 00:00:00 - ERROR - STAT - expect_returning_row_count_on_conditions - PRIVATE_TRAILERS - total number of row with conditions - 0
2019-10-07 08:48:56,131 - CAMION - DE - MASCUS - 2019-09-01 00:00:00 - ERROR - STAT - expect_returning_row_count_on_conditions - DEALER_VANS - total number of row with conditions - 737
2019-10-07 08:48:56,131 - CAMION - DE - MASCUS - 2019-09-01 00:00:00 - ERROR - STAT - expect_returning_row_count_on_conditions - PRIVATE_VANS - total number of row with conditions - 0
2019-10-07 08:48:56,131 - CAMION - DE - MASCUS - 2019-09-01 00:00:00 - ERROR - STAT - expect_returning_row_count_on_conditions - DEALER_HEAVY EQUIPMENTS - total number of row with conditions - 10567
2019-10-07 08:48:56,131 - CAMION - DE - MASCUS - 2019-09-01 00:00:00 - ERROR - STAT - expect_returning_row_count_on_conditions - PRIVATE_HEAVY EQUIPMENTS - total number of row with conditions - 2
2019-10-07 08:48:56,131 - CAMION - DE - MASCUS - 2019-09-01 00:00:00 - ERROR - STAT - expect_returning_row_count_on_conditions - DEALER_SEMI TRAILERS - total number of row with conditions - 1385
2019-10-07 08:48:56,131 - CAMION - DE - MASCUS - 2019-09-01 00:00:00 - ERROR - STAT - expect_returning_row_count_on_conditions - PRIVATE_SEMI TRAILERS - total number of row with conditions - 0
