2019-10-30 11:32:32,394 - CAMION - FR - MASCUS - 2019-10-01 00:00:00 - ERROR - FILE_VALIDATE - expect_file_to_be_validated - EVERY_COLUMNS - False - 0
2019-10-30 11:32:32,394 - CAMION - FR - MASCUS - 2019-10-01 00:00:00 - ERROR - STAT - expect_column_values_to_not_be_null - ADRESSE - correctly filled rate (%) - 91.63
2019-10-30 11:32:32,394 - CAMION - FR - MASCUS - 2019-10-01 00:00:00 - ERROR - FILE_VALIDATE - expect_column_values_to_not_be_null - ADRESSE - True - 1
2019-10-30 11:32:32,394 - CAMION - FR - MASCUS - 2019-10-01 00:00:00 - ERROR - STAT - expect_column_values_to_be_in_type_list - ANNEE - correctly filled rate (%) - 100.0
2019-10-30 11:32:32,394 - CAMION - FR - MASCUS - 2019-10-01 00:00:00 - ERROR - FILE_VALIDATE - expect_column_values_to_be_in_type_list - ANNEE - True - 1
2019-10-30 11:32:32,394 - CAMION - FR - MASCUS - 2019-10-01 00:00:00 - ERROR - STAT - expect_column_values_to_be_between - ANNEE - correctly filled rate (%) - 93.21
2019-10-30 11:32:32,395 - CAMION - FR - MASCUS - 2019-10-01 00:00:00 - ERROR - STAT - expect_column_values_to_be_between - ANNEE - unexpected count - 346
2019-10-30 11:32:32,395 - CAMION - FR - MASCUS - 2019-10-01 00:00:00 - ERROR - FILE_VALIDATE - expect_column_values_to_be_between - ANNEE - True - 1
2019-10-30 11:32:32,395 - CAMION - FR - MASCUS - 2019-10-01 00:00:00 - ERROR - STAT - expect_column_values_to_not_be_null - ANNEE - correctly filled rate (%) - 100.0
2019-10-30 11:32:32,395 - CAMION - FR - MASCUS - 2019-10-01 00:00:00 - ERROR - FILE_VALIDATE - expect_column_values_to_not_be_null - ANNEE - True - 1
2019-10-30 11:32:32,395 - CAMION - FR - MASCUS - 2019-10-01 00:00:00 - ERROR - FILE_CHECK - expect_column_values_to_match_regex - ANNEE - Unexpected value: 0 on line 6, value should match regexp ^[0-9]{4}$
2019-10-30 11:32:32,395 - CAMION - FR - MASCUS - 2019-10-01 00:00:00 - ERROR - FILE_CHECK - expect_column_values_to_match_regex - ANNEE - Unexpected value: 0 on line 19, value should match regexp ^[0-9]{4}$
2019-10-30 11:32:32,395 - CAMION - FR - MASCUS - 2019-10-01 00:00:00 - ERROR - FILE_CHECK - expect_column_values_to_match_regex - ANNEE - Unexpected value: 0 on line 30, value should match regexp ^[0-9]{4}$
2019-10-30 11:32:32,395 - CAMION - FR - MASCUS - 2019-10-01 00:00:00 - ERROR - FILE_CHECK - expect_column_values_to_match_regex - ANNEE - Unexpected value: 0 on line 38, value should match regexp ^[0-9]{4}$
2019-10-30 11:32:32,395 - CAMION - FR - MASCUS - 2019-10-01 00:00:00 - ERROR - FILE_CHECK - expect_column_values_to_match_regex - ANNEE - Unexpected value: 0 on line 47, value should match regexp ^[0-9]{4}$
2019-10-30 11:32:32,395 - CAMION - FR - MASCUS - 2019-10-01 00:00:00 - ERROR - FILE_CHECK - expect_column_values_to_match_regex - ANNEE - Unexpected value: 0 on line 56, value should match regexp ^[0-9]{4}$
2019-10-30 11:32:32,395 - CAMION - FR - MASCUS - 2019-10-01 00:00:00 - ERROR - FILE_CHECK - expect_column_values_to_match_regex - ANNEE - Unexpected value: 0 on line 114, value should match regexp ^[0-9]{4}$
2019-10-30 11:32:32,395 - CAMION - FR - MASCUS - 2019-10-01 00:00:00 - ERROR - FILE_CHECK - expect_column_values_to_match_regex - ANNEE - Unexpected value: 0 on line 126, value should match regexp ^[0-9]{4}$
2019-10-30 11:32:32,395 - CAMION - FR - MASCUS - 2019-10-01 00:00:00 - ERROR - FILE_CHECK - expect_column_values_to_match_regex - ANNEE - Unexpected value: 0 on line 134, value should match regexp ^[0-9]{4}$
2019-10-30 11:32:32,395 - CAMION - FR - MASCUS - 2019-10-01 00:00:00 - ERROR - FILE_CHECK - expect_column_values_to_match_regex - ANNEE - Unexpected value: 0 on line 137, value should match regexp ^[0-9]{4}$
2019-10-30 11:32:32,395 - CAMION - FR - MASCUS - 2019-10-01 00:00:00 - ERROR - FILE_CHECK - expect_column_values_to_match_regex - ANNEE - Unexpected value: 0 on line 158, value should match regexp ^[0-9]{4}$
2019-10-30 11:32:32,395 - CAMION - FR - MASCUS - 2019-10-01 00:00:00 - ERROR - FILE_CHECK - expect_column_values_to_match_regex - ANNEE - Unexpected value: 0 on line 173, value should match regexp ^[0-9]{4}$
2019-10-30 11:32:32,395 - CAMION - FR - MASCUS - 2019-10-01 00:00:00 - ERROR - FILE_CHECK - expect_column_values_to_match_regex - ANNEE - Unexpected value: 0 on line 175, value should match regexp ^[0-9]{4}$
2019-10-30 11:32:32,395 - CAMION - FR - MASCUS - 2019-10-01 00:00:00 - ERROR - FILE_CHECK - expect_column_values_to_match_regex - ANNEE - Unexpected value: 0 on line 178, value should match regexp ^[0-9]{4}$
2019-10-30 11:32:32,396 - CAMION - FR - MASCUS - 2019-10-01 00:00:00 - ERROR - FILE_CHECK - expect_column_values_to_match_regex - ANNEE - Unexpected value: 0 on line 181, value should match regexp ^[0-9]{4}$
2019-10-30 11:32:32,396 - CAMION - FR - MASCUS - 2019-10-01 00:00:00 - ERROR - FILE_CHECK - expect_column_values_to_match_regex - ANNEE - Unexpected value: 0 on line 189, value should match regexp ^[0-9]{4}$
2019-10-30 11:32:32,396 - CAMION - FR - MASCUS - 2019-10-01 00:00:00 - ERROR - FILE_CHECK - expect_column_values_to_match_regex - ANNEE - Unexpected value: 0 on line 199, value should match regexp ^[0-9]{4}$
2019-10-30 11:32:32,396 - CAMION - FR - MASCUS - 2019-10-01 00:00:00 - ERROR - FILE_CHECK - expect_column_values_to_match_regex - ANNEE - Unexpected value: 0 on line 224, value should match regexp ^[0-9]{4}$
2019-10-30 11:32:32,396 - CAMION - FR - MASCUS - 2019-10-01 00:00:00 - ERROR - FILE_CHECK - expect_column_values_to_match_regex - ANNEE - Unexpected value: 0 on line 230, value should match regexp ^[0-9]{4}$
2019-10-30 11:32:32,396 - CAMION - FR - MASCUS - 2019-10-01 00:00:00 - ERROR - FILE_CHECK - expect_column_values_to_match_regex - ANNEE - Unexpected value: 0 on line 234, value should match regexp ^[0-9]{4}$
2019-10-30 11:32:32,396 - CAMION - FR - MASCUS - 2019-10-01 00:00:00 - ERROR - STAT - expect_column_values_to_match_regex - ANNEE - correctly filled rate (%) - 94.02
2019-10-30 11:32:32,396 - CAMION - FR - MASCUS - 2019-10-01 00:00:00 - ERROR - FILE_VALIDATE - expect_column_values_to_match_regex - ANNEE - False - 0
2019-10-30 11:32:32,396 - CAMION - FR - MASCUS - 2019-10-01 00:00:00 - ERROR - STAT - expect_column_values_to_not_be_null - ANNONCE_LINK - correctly filled rate (%) - 100.0
2019-10-30 11:32:32,396 - CAMION - FR - MASCUS - 2019-10-01 00:00:00 - ERROR - FILE_VALIDATE - expect_column_values_to_not_be_null - ANNONCE_LINK - True - 1
2019-10-30 11:32:32,396 - CAMION - FR - MASCUS - 2019-10-01 00:00:00 - ERROR - STAT - expect_column_values_to_be_unique - ANNONCE_LINK - observed proportion - 100.0
2019-10-30 11:32:32,396 - CAMION - FR - MASCUS - 2019-10-01 00:00:00 - ERROR - FILE_VALIDATE - expect_column_values_to_be_unique - ANNONCE_LINK - True - 1
2019-10-30 11:32:32,396 - CAMION - FR - MASCUS - 2019-10-01 00:00:00 - ERROR - STAT - expect_column_values_to_not_be_null - CARBURANT - correctly filled rate (%) - 1.14
2019-10-30 11:32:32,396 - CAMION - FR - MASCUS - 2019-10-01 00:00:00 - ERROR - FILE_VALIDATE - expect_column_values_to_not_be_null - CARBURANT - False - 0
2019-10-30 11:32:32,396 - CAMION - FR - MASCUS - 2019-10-01 00:00:00 - ERROR - STAT - expect_column_values_to_not_be_null - CARROSSERIE - correctly filled rate (%) - 0.0
2019-10-30 11:32:32,396 - CAMION - FR - MASCUS - 2019-10-01 00:00:00 - ERROR - FILE_VALIDATE - expect_column_values_to_not_be_null - CARROSSERIE - False - 0
2019-10-30 11:32:32,396 - CAMION - FR - MASCUS - 2019-10-01 00:00:00 - ERROR - STAT - expect_column_values_to_not_be_null - CP - correctly filled rate (%) - 97.86
2019-10-30 11:32:32,397 - CAMION - FR - MASCUS - 2019-10-01 00:00:00 - ERROR - FILE_VALIDATE - expect_column_values_to_not_be_null - CP - True - 1
2019-10-30 11:32:32,397 - CAMION - FR - MASCUS - 2019-10-01 00:00:00 - ERROR - STAT - expect_column_values_to_match_regex - CP - correctly filled rate (%) - 91.22
2019-10-30 11:32:32,397 - CAMION - FR - MASCUS - 2019-10-01 00:00:00 - ERROR - FILE_VALIDATE - expect_column_values_to_match_regex - CP - True - 1
2019-10-30 11:32:32,397 - CAMION - FR - MASCUS - 2019-10-01 00:00:00 - ERROR - STAT - expect_column_values_to_not_be_null - GARAGE_ID - correctly filled rate (%) - 0.0
2019-10-30 11:32:32,397 - CAMION - FR - MASCUS - 2019-10-01 00:00:00 - ERROR - FILE_VALIDATE - expect_column_values_to_not_be_null - GARAGE_ID - False - 0
2019-10-30 11:32:32,397 - CAMION - FR - MASCUS - 2019-10-01 00:00:00 - ERROR - STAT - expect_column_values_to_not_be_null - ID_CLIENT - correctly filled rate (%) - 100.0
2019-10-30 11:32:32,397 - CAMION - FR - MASCUS - 2019-10-01 00:00:00 - ERROR - FILE_VALIDATE - expect_column_values_to_not_be_null - ID_CLIENT - True - 1
2019-10-30 11:32:32,397 - CAMION - FR - MASCUS - 2019-10-01 00:00:00 - ERROR - STAT - expect_column_values_to_be_unique - ID_CLIENT - observed proportion - 100.0
2019-10-30 11:32:32,397 - CAMION - FR - MASCUS - 2019-10-01 00:00:00 - ERROR - FILE_VALIDATE - expect_column_values_to_be_unique - ID_CLIENT - True - 1
2019-10-30 11:32:32,397 - CAMION - FR - MASCUS - 2019-10-01 00:00:00 - ERROR - STAT - expect_returning_row_count - EVERY_COLUMNS - total number of rows - 5099
2019-10-30 11:32:32,397 - CAMION - FR - MASCUS - 2019-10-01 00:00:00 - ERROR - STAT - expect_column_values_to_not_be_null - IMMAT - correctly filled rate (%) - 100.0
2019-10-30 11:32:32,397 - CAMION - FR - MASCUS - 2019-10-01 00:00:00 - ERROR - FILE_VALIDATE - expect_column_values_to_not_be_null - IMMAT - True - 1
2019-10-30 11:32:32,397 - CAMION - FR - MASCUS - 2019-10-01 00:00:00 - ERROR - STAT - expect_column_values_to_be_in_type_list - KM - correctly filled rate (%) - 100.0
2019-10-30 11:32:32,397 - CAMION - FR - MASCUS - 2019-10-01 00:00:00 - ERROR - FILE_VALIDATE - expect_column_values_to_be_in_type_list - KM - True - 1
2019-10-30 11:32:32,397 - CAMION - FR - MASCUS - 2019-10-01 00:00:00 - ERROR - STAT - expect_column_values_to_not_be_null - KM - correctly filled rate (%) - 100.0
2019-10-30 11:32:32,397 - CAMION - FR - MASCUS - 2019-10-01 00:00:00 - ERROR - FILE_VALIDATE - expect_column_values_to_not_be_null - KM - True - 1
2019-10-30 11:32:32,397 - CAMION - FR - MASCUS - 2019-10-01 00:00:00 - ERROR - STAT - expect_column_values_to_be_in_type_list - LITRE - correctly filled rate (%) - 100.0
2019-10-30 11:32:32,397 - CAMION - FR - MASCUS - 2019-10-01 00:00:00 - ERROR - FILE_VALIDATE - expect_column_values_to_be_in_type_list - LITRE - True - 1
2019-10-30 11:32:32,398 - CAMION - FR - MASCUS - 2019-10-01 00:00:00 - ERROR - STAT - expect_column_values_to_not_be_null - LITRE - correctly filled rate (%) - 100.0
2019-10-30 11:32:32,398 - CAMION - FR - MASCUS - 2019-10-01 00:00:00 - ERROR - FILE_VALIDATE - expect_column_values_to_not_be_null - LITRE - True - 1
2019-10-30 11:32:32,398 - CAMION - FR - MASCUS - 2019-10-01 00:00:00 - ERROR - STAT - expect_column_values_to_not_be_null - MARQUE - correctly filled rate (%) - 0.0
2019-10-30 11:32:32,398 - CAMION - FR - MASCUS - 2019-10-01 00:00:00 - ERROR - FILE_VALIDATE - expect_column_values_to_not_be_null - MARQUE - False - 0
2019-10-30 11:32:32,398 - CAMION - FR - MASCUS - 2019-10-01 00:00:00 - ERROR - STAT - expect_column_values_to_not_be_null - MODELE - correctly filled rate (%) - 0.0
2019-10-30 11:32:32,398 - CAMION - FR - MASCUS - 2019-10-01 00:00:00 - ERROR - FILE_VALIDATE - expect_column_values_to_not_be_null - MODELE - False - 0
2019-10-30 11:32:32,398 - CAMION - FR - MASCUS - 2019-10-01 00:00:00 - ERROR - STAT - expect_column_values_to_not_be_null - NOM - correctly filled rate (%) - 100.0
2019-10-30 11:32:32,398 - CAMION - FR - MASCUS - 2019-10-01 00:00:00 - ERROR - FILE_VALIDATE - expect_column_values_to_not_be_null - NOM - True - 1
2019-10-30 11:32:32,398 - CAMION - FR - MASCUS - 2019-10-01 00:00:00 - ERROR - FILE_CHECK - expect_column_value_lengths_to_be_between - NOM - Unexpected characters count of: [AMAN AMAN...] on line  18, value length should be between 10 and 255
2019-10-30 11:32:32,398 - CAMION - FR - MASCUS - 2019-10-01 00:00:00 - ERROR - FILE_CHECK - expect_column_value_lengths_to_be_between - NOM - Unexpected characters count of: [Sdmo R4...] on line  22, value length should be between 10 and 255
2019-10-30 11:32:32,398 - CAMION - FR - MASCUS - 2019-10-01 00:00:00 - ERROR - FILE_CHECK - expect_column_value_lengths_to_be_between - NOM - Unexpected characters count of: [JCB T260...] on line  80, value length should be between 10 and 255
2019-10-30 11:32:32,398 - CAMION - FR - MASCUS - 2019-10-01 00:00:00 - ERROR - FILE_CHECK - expect_column_value_lengths_to_be_between - NOM - Unexpected characters count of: [ETA INOX...] on line  92, value length should be between 10 and 255
2019-10-30 11:32:32,398 - CAMION - FR - MASCUS - 2019-10-01 00:00:00 - ERROR - FILE_CHECK - expect_column_value_lengths_to_be_between - NOM - Unexpected characters count of: [DAF XF105...] on line  106, value length should be between 10 and 255
2019-10-30 11:32:32,398 - CAMION - FR - MASCUS - 2019-10-01 00:00:00 - ERROR - FILE_CHECK - expect_column_value_lengths_to_be_between - NOM - Unexpected characters count of: [Hamm HD14...] on line  111, value length should be between 10 and 255
2019-10-30 11:32:32,398 - CAMION - FR - MASCUS - 2019-10-01 00:00:00 - ERROR - FILE_CHECK - expect_column_value_lengths_to_be_between - NOM - Unexpected characters count of: [AMAN AMAN...] on line  159, value length should be between 10 and 255
2019-10-30 11:32:32,398 - CAMION - FR - MASCUS - 2019-10-01 00:00:00 - ERROR - FILE_CHECK - expect_column_value_lengths_to_be_between - NOM - Unexpected characters count of: [AMAN 530...] on line  181, value length should be between 10 and 255
2019-10-30 11:32:32,398 - CAMION - FR - MASCUS - 2019-10-01 00:00:00 - ERROR - FILE_CHECK - expect_column_value_lengths_to_be_between - NOM - Unexpected characters count of: [JLG 460SJ...] on line  195, value length should be between 10 and 255
2019-10-30 11:32:32,399 - CAMION - FR - MASCUS - 2019-10-01 00:00:00 - ERROR - FILE_CHECK - expect_column_value_lengths_to_be_between - NOM - Unexpected characters count of: [Scania R...] on line  280, value length should be between 10 and 255
2019-10-30 11:32:32,399 - CAMION - FR - MASCUS - 2019-10-01 00:00:00 - ERROR - FILE_CHECK - expect_column_value_lengths_to_be_between - NOM - Unexpected characters count of: [Volvo FM...] on line  290, value length should be between 10 and 255
2019-10-30 11:32:32,399 - CAMION - FR - MASCUS - 2019-10-01 00:00:00 - ERROR - FILE_CHECK - expect_column_value_lengths_to_be_between - NOM - Unexpected characters count of: [JCB 8014...] on line  329, value length should be between 10 and 255
2019-10-30 11:32:32,399 - CAMION - FR - MASCUS - 2019-10-01 00:00:00 - ERROR - FILE_CHECK - expect_column_value_lengths_to_be_between - NOM - Unexpected characters count of: [Grove 860...] on line  411, value length should be between 10 and 255
2019-10-30 11:32:32,399 - CAMION - FR - MASCUS - 2019-10-01 00:00:00 - ERROR - FILE_CHECK - expect_column_value_lengths_to_be_between - NOM - Unexpected characters count of: [Goupil G3...] on line  427, value length should be between 10 and 255
2019-10-30 11:32:32,399 - CAMION - FR - MASCUS - 2019-10-01 00:00:00 - ERROR - FILE_CHECK - expect_column_value_lengths_to_be_between - NOM - Unexpected characters count of: [JLG 10MSP...] on line  469, value length should be between 10 and 255
2019-10-30 11:32:32,399 - CAMION - FR - MASCUS - 2019-10-01 00:00:00 - ERROR - FILE_CHECK - expect_column_value_lengths_to_be_between - NOM - Unexpected characters count of: [JCB 8085...] on line  486, value length should be between 10 and 255
2019-10-30 11:32:32,399 - CAMION - FR - MASCUS - 2019-10-01 00:00:00 - ERROR - FILE_CHECK - expect_column_value_lengths_to_be_between - NOM - Unexpected characters count of: [CASE 721B...] on line  523, value length should be between 10 and 255
2019-10-30 11:32:32,399 - CAMION - FR - MASCUS - 2019-10-01 00:00:00 - ERROR - FILE_CHECK - expect_column_value_lengths_to_be_between - NOM - Unexpected characters count of: [IHI 30 VX...] on line  550, value length should be between 10 and 255
2019-10-30 11:32:32,399 - CAMION - FR - MASCUS - 2019-10-01 00:00:00 - ERROR - FILE_CHECK - expect_column_value_lengths_to_be_between - NOM - Unexpected characters count of: [Volvo FL...] on line  777, value length should be between 10 and 255
2019-10-30 11:32:32,399 - CAMION - FR - MASCUS - 2019-10-01 00:00:00 - ERROR - FILE_CHECK - expect_column_value_lengths_to_be_between - NOM - Unexpected characters count of: [JCB 3CX...] on line  816, value length should be between 10 and 255
2019-10-30 11:32:32,399 - CAMION - FR - MASCUS - 2019-10-01 00:00:00 - ERROR - STAT - expect_column_value_lengths_to_be_between - NOM - correctly filled rate (%) - 97.0
2019-10-30 11:32:32,399 - CAMION - FR - MASCUS - 2019-10-01 00:00:00 - ERROR - FILE_VALIDATE - expect_column_value_lengths_to_be_between - NOM - False - 0
2019-10-30 11:32:32,399 - CAMION - FR - MASCUS - 2019-10-01 00:00:00 - ERROR - STAT - expect_column_values_to_not_be_null - OPTIONS - correctly filled rate (%) - 11.94
2019-10-30 11:32:32,399 - CAMION - FR - MASCUS - 2019-10-01 00:00:00 - ERROR - FILE_VALIDATE - expect_column_values_to_not_be_null - OPTIONS - False - 0
2019-10-30 11:32:32,399 - CAMION - FR - MASCUS - 2019-10-01 00:00:00 - ERROR - FILE_CHECK - expect_column_value_lengths_to_be_between - OPTIONS - Unexpected characters count of: [ABS, Essieu relevabl...] on line  1924, value length should be between 0 and 255
2019-10-30 11:32:32,399 - CAMION - FR - MASCUS - 2019-10-01 00:00:00 - ERROR - FILE_CHECK - expect_column_value_lengths_to_be_between - OPTIONS - Unexpected characters count of: [ABS, Avec grue, BDF ...] on line  3470, value length should be between 0 and 255
2019-10-30 11:32:32,399 - CAMION - FR - MASCUS - 2019-10-01 00:00:00 - ERROR - FILE_CHECK - expect_column_value_lengths_to_be_between - OPTIONS - Unexpected characters count of: [Chauffage auxiliaire...] on line  3472, value length should be between 0 and 255
2019-10-30 11:32:32,400 - CAMION - FR - MASCUS - 2019-10-01 00:00:00 - ERROR - FILE_CHECK - expect_column_value_lengths_to_be_between - OPTIONS - Unexpected characters count of: [ABS, Carénages latér...] on line  4931, value length should be between 0 and 255
2019-10-30 11:32:32,400 - CAMION - FR - MASCUS - 2019-10-01 00:00:00 - ERROR - STAT - expect_column_value_lengths_to_be_between - OPTIONS - correctly filled rate (%) - 99.34
2019-10-30 11:32:32,400 - CAMION - FR - MASCUS - 2019-10-01 00:00:00 - ERROR - FILE_VALIDATE - expect_column_value_lengths_to_be_between - OPTIONS - False - 0
2019-10-30 11:32:32,400 - CAMION - FR - MASCUS - 2019-10-01 00:00:00 - ERROR - STAT - expect_column_values_to_be_in_type_list - PHOTO - correctly filled rate (%) - 100.0
2019-10-30 11:32:32,400 - CAMION - FR - MASCUS - 2019-10-01 00:00:00 - ERROR - FILE_VALIDATE - expect_column_values_to_be_in_type_list - PHOTO - True - 1
2019-10-30 11:32:32,400 - CAMION - FR - MASCUS - 2019-10-01 00:00:00 - ERROR - STAT - expect_column_values_to_not_be_null - PHOTO - correctly filled rate (%) - 100.0
2019-10-30 11:32:32,400 - CAMION - FR - MASCUS - 2019-10-01 00:00:00 - ERROR - FILE_VALIDATE - expect_column_values_to_not_be_null - PHOTO - True - 1
2019-10-30 11:32:32,400 - CAMION - FR - MASCUS - 2019-10-01 00:00:00 - ERROR - STAT - expect_column_values_to_not_be_null - PLACE - correctly filled rate (%) - 0.0
2019-10-30 11:32:32,400 - CAMION - FR - MASCUS - 2019-10-01 00:00:00 - ERROR - FILE_VALIDATE - expect_column_values_to_not_be_null - PLACE - False - 0
2019-10-30 11:32:32,400 - CAMION - FR - MASCUS - 2019-10-01 00:00:00 - ERROR - STAT - expect_column_values_to_not_be_null - PORTE - correctly filled rate (%) - 0.0
2019-10-30 11:32:32,400 - CAMION - FR - MASCUS - 2019-10-01 00:00:00 - ERROR - FILE_VALIDATE - expect_column_values_to_not_be_null - PORTE - False - 0
2019-10-30 11:32:32,400 - CAMION - FR - MASCUS - 2019-10-01 00:00:00 - ERROR - STAT - expect_column_values_to_be_in_type_list - PRIX - correctly filled rate (%) - 100.0
2019-10-30 11:32:32,400 - CAMION - FR - MASCUS - 2019-10-01 00:00:00 - ERROR - FILE_VALIDATE - expect_column_values_to_be_in_type_list - PRIX - True - 1
2019-10-30 11:32:32,400 - CAMION - FR - MASCUS - 2019-10-01 00:00:00 - ERROR - STAT - expect_column_values_to_not_be_null - PRIX - correctly filled rate (%) - 100.0
2019-10-30 11:32:32,400 - CAMION - FR - MASCUS - 2019-10-01 00:00:00 - ERROR - FILE_VALIDATE - expect_column_values_to_not_be_null - PRIX - True - 1
2019-10-30 11:32:32,400 - CAMION - FR - MASCUS - 2019-10-01 00:00:00 - ERROR - STAT - expect_column_values_to_not_be_null - PROVINCE - correctly filled rate (%) - 0.0
2019-10-30 11:32:32,400 - CAMION - FR - MASCUS - 2019-10-01 00:00:00 - ERROR - FILE_VALIDATE - expect_column_values_to_not_be_null - PROVINCE - False - 0
2019-10-30 11:32:32,401 - CAMION - FR - MASCUS - 2019-10-01 00:00:00 - ERROR - STAT - expect_column_values_to_not_be_null - SITE - correctly filled rate (%) - 100.0
2019-10-30 11:32:32,401 - CAMION - FR - MASCUS - 2019-10-01 00:00:00 - ERROR - FILE_VALIDATE - expect_column_values_to_not_be_null - SITE - True - 1
2019-10-30 11:32:32,401 - CAMION - FR - MASCUS - 2019-10-01 00:00:00 - ERROR - STAT - expect_column_values_to_not_be_null - TELEPHONE - correctly filled rate (%) - 99.78
2019-10-30 11:32:32,401 - CAMION - FR - MASCUS - 2019-10-01 00:00:00 - ERROR - FILE_VALIDATE - expect_column_values_to_not_be_null - TELEPHONE - True - 1
2019-10-30 11:32:32,401 - CAMION - FR - MASCUS - 2019-10-01 00:00:00 - ERROR - STAT - expect_column_values_to_be_phone_number - TELEPHONE - correctly filled rate (%) - 99.98
2019-10-30 11:32:32,401 - CAMION - FR - MASCUS - 2019-10-01 00:00:00 - ERROR - FILE_VALIDATE - expect_column_values_to_be_phone_number - TELEPHONE - True - 1
2019-10-30 11:32:32,401 - CAMION - FR - MASCUS - 2019-10-01 00:00:00 - ERROR - STAT - expect_column_values_to_not_be_null - TYPE - correctly filled rate (%) - 100.0
2019-10-30 11:32:32,401 - CAMION - FR - MASCUS - 2019-10-01 00:00:00 - ERROR - FILE_VALIDATE - expect_column_values_to_not_be_null - TYPE - True - 1
2019-10-30 11:32:32,401 - CAMION - FR - MASCUS - 2019-10-01 00:00:00 - ERROR - STAT - expect_column_values_to_be_in_set_2 - TYPE - observed proportion - 100.0
2019-10-30 11:32:32,401 - CAMION - FR - MASCUS - 2019-10-01 00:00:00 - ERROR - STAT - expect_column_values_to_not_be_null - VILLE - correctly filled rate (%) - 99.8
2019-10-30 11:32:32,401 - CAMION - FR - MASCUS - 2019-10-01 00:00:00 - ERROR - FILE_VALIDATE - expect_column_values_to_not_be_null - VILLE - True - 1
2019-10-30 11:32:32,401 - CAMION - FR - MASCUS - 2019-10-01 00:00:00 - ERROR - STAT - expect_column_values_to_not_be_null - VN_IND - correctly filled rate (%) - 0.0
2019-10-30 11:32:32,401 - CAMION - FR - MASCUS - 2019-10-01 00:00:00 - ERROR - FILE_VALIDATE - expect_column_values_to_not_be_null - VN_IND - False - 0
2019-10-30 11:32:32,401 - CAMION - FR - MASCUS - 2019-10-01 00:00:00 - ERROR - STAT - expect_returning_row_unique_count - MARQUE_CORRECTED - total number of unique rows - 86
2019-10-30 11:32:32,401 - CAMION - FR - MASCUS - 2019-10-01 00:00:00 - ERROR - STAT - expect_returning_row_unique_count - MODELE_CORRECTED - total number of unique rows - 137
2019-10-30 11:32:32,401 - CAMION - FR - MASCUS - 2019-10-01 00:00:00 - ERROR - STAT - expect_returning_row_unique_count - CARROSSERIE - total number of unique rows - 0
2019-10-30 11:32:32,401 - CAMION - FR - MASCUS - 2019-10-01 00:00:00 - ERROR - STAT - expect_returning_row_unique_count - CARBURANT - total number of unique rows - 1
2019-10-30 11:32:32,401 - CAMION - FR - MASCUS - 2019-10-01 00:00:00 - ERROR - STAT - expect_column_values_to_not_be_null - CYLINDRE - correctly filled rate (%) - 0.0
2019-10-30 11:32:32,402 - CAMION - FR - MASCUS - 2019-10-01 00:00:00 - ERROR - FILE_VALIDATE - expect_column_values_to_not_be_null - CYLINDRE - False - 0
2019-10-30 11:32:32,402 - CAMION - FR - MASCUS - 2019-10-01 00:00:00 - ERROR - STAT - expect_returning_row_unique_count - PROVINCE - total number of unique rows - 0
2019-10-30 11:32:32,402 - CAMION - FR - MASCUS - 2019-10-01 00:00:00 - ERROR - STAT - expect_returning_row_unique_count - VILLE - total number of unique rows - 400
2019-10-30 11:32:32,402 - CAMION - FR - MASCUS - 2019-10-01 00:00:00 - ERROR - STAT - expect_returning_row_unique_count - DEPARTEMENT - total number of unique rows - 143
2019-10-30 11:32:32,402 - CAMION - FR - MASCUS - 2019-10-01 00:00:00 - ERROR - STAT - expect_returning_row_count_on_conditions - DEALER_USEDCARS - total number of row with conditions - 5098
2019-10-30 11:32:32,402 - CAMION - FR - MASCUS - 2019-10-01 00:00:00 - ERROR - STAT - expect_returning_row_count_on_conditions - PRIVATE_USEDCARS - total number of row with conditions - 1
2019-10-30 11:32:32,402 - CAMION - FR - MASCUS - 2019-10-01 00:00:00 - ERROR - STAT - expect_returning_row_count_on_conditions - TRUCKS - total number of row with conditions - 609
2019-10-30 11:32:32,402 - CAMION - FR - MASCUS - 2019-10-01 00:00:00 - ERROR - STAT - expect_returning_row_count_on_conditions - TRACTOR UNITS - total number of row with conditions - 461
2019-10-30 11:32:32,402 - CAMION - FR - MASCUS - 2019-10-01 00:00:00 - ERROR - STAT - expect_returning_row_count_on_conditions - TRAILERS - total number of row with conditions - 60
2019-10-30 11:32:32,402 - CAMION - FR - MASCUS - 2019-10-01 00:00:00 - ERROR - STAT - expect_returning_row_count_on_conditions - VANS - total number of row with conditions - 88
2019-10-30 11:32:32,402 - CAMION - FR - MASCUS - 2019-10-01 00:00:00 - ERROR - STAT - expect_returning_row_count_on_conditions - HEAVY EQUIPMENTS - total number of row with conditions - 3245
2019-10-30 11:32:32,402 - CAMION - FR - MASCUS - 2019-10-01 00:00:00 - ERROR - STAT - expect_returning_row_count_on_conditions - SEMI TRAILERS - total number of row with conditions - 636
2019-10-30 11:32:32,402 - CAMION - FR - MASCUS - 2019-10-01 00:00:00 - ERROR - STAT - expect_returning_row_count_on_conditions - DEALER_TRUCKS - total number of row with conditions - 609
2019-10-30 11:32:32,402 - CAMION - FR - MASCUS - 2019-10-01 00:00:00 - ERROR - STAT - expect_returning_row_count_on_conditions - PRIVATE_TRUCKS - total number of row with conditions - 0
2019-10-30 11:32:32,402 - CAMION - FR - MASCUS - 2019-10-01 00:00:00 - ERROR - STAT - expect_returning_row_count_on_conditions - DEALER_TRACTOR UNITS - total number of row with conditions - 461
2019-10-30 11:32:32,402 - CAMION - FR - MASCUS - 2019-10-01 00:00:00 - ERROR - STAT - expect_returning_row_count_on_conditions - PRIVATE_TRACTOR UNITS - total number of row with conditions - 0
2019-10-30 11:32:32,402 - CAMION - FR - MASCUS - 2019-10-01 00:00:00 - ERROR - STAT - expect_returning_row_count_on_conditions - DEALER_TRAILERS - total number of row with conditions - 60
2019-10-30 11:32:32,402 - CAMION - FR - MASCUS - 2019-10-01 00:00:00 - ERROR - STAT - expect_returning_row_count_on_conditions - PRIVATE_TRAILERS - total number of row with conditions - 0
2019-10-30 11:32:32,403 - CAMION - FR - MASCUS - 2019-10-01 00:00:00 - ERROR - STAT - expect_returning_row_count_on_conditions - DEALER_VANS - total number of row with conditions - 88
2019-10-30 11:32:32,403 - CAMION - FR - MASCUS - 2019-10-01 00:00:00 - ERROR - STAT - expect_returning_row_count_on_conditions - PRIVATE_VANS - total number of row with conditions - 0
2019-10-30 11:32:32,403 - CAMION - FR - MASCUS - 2019-10-01 00:00:00 - ERROR - STAT - expect_returning_row_count_on_conditions - DEALER_HEAVY EQUIPMENTS - total number of row with conditions - 3244
2019-10-30 11:32:32,403 - CAMION - FR - MASCUS - 2019-10-01 00:00:00 - ERROR - STAT - expect_returning_row_count_on_conditions - PRIVATE_HEAVY EQUIPMENTS - total number of row with conditions - 1
2019-10-30 11:32:32,403 - CAMION - FR - MASCUS - 2019-10-01 00:00:00 - ERROR - STAT - expect_returning_row_count_on_conditions - DEALER_SEMI TRAILERS - total number of row with conditions - 636
2019-10-30 11:32:32,403 - CAMION - FR - MASCUS - 2019-10-01 00:00:00 - ERROR - STAT - expect_returning_row_count_on_conditions - PRIVATE_SEMI TRAILERS - total number of row with conditions - 0
