2019-05-08 16:15:35,380 - VO - BE - VROOM - 2019-04-01 00:00:00 - ERROR - STAT - expect_column_values_to_be_in_type_list - ANNEE - correctly filled rate (%) - 100.0
2019-05-08 16:15:35,380 - VO - BE - VROOM - 2019-04-01 00:00:00 - ERROR - STAT - expect_column_values_to_not_be_null - ANNEE - correctly filled rate (%) - 100.0
2019-05-08 16:15:35,395 - VO - BE - VROOM - 2019-04-01 00:00:00 - ERROR - STAT - expect_column_values_to_be_between - ANNEE - correctly filled rate (%) - 98.81
2019-05-08 16:15:35,396 - VO - BE - VROOM - 2019-04-01 00:00:00 - ERROR - STAT - expect_column_values_to_not_be_null - ANNONCE_LINK - correctly filled rate (%) - 100.0
2019-05-08 16:15:35,396 - VO - BE - VROOM - 2019-04-01 00:00:00 - ERROR - STAT - expect_column_values_to_be_unique - ANNONCE_LINK - observed proportion - 100.0
2019-05-08 16:15:35,396 - VO - BE - VROOM - 2019-04-01 00:00:00 - ERROR - STAT - expect_column_values_to_not_be_null - ID_CLIENT - correctly filled rate (%) - 100.0
2019-05-08 16:15:35,396 - VO - BE - VROOM - 2019-04-01 00:00:00 - ERROR - STAT - expect_column_values_to_be_unique - ID_CLIENT - observed proportion - 100.0
2019-05-08 16:15:35,396 - VO - BE - VROOM - 2019-04-01 00:00:00 - ERROR - STAT - expect_column_values_to_not_be_null - TYPE - correctly filled rate (%) - 100.0
2019-05-08 16:15:35,396 - VO - BE - VROOM - 2019-04-01 00:00:00 - ERROR - STAT - expect_column_values_to_be_in_set_2 - TYPE - observed proportion - 100.0
2019-05-08 16:15:35,396 - VO - BE - VROOM - 2019-04-01 00:00:00 - ERROR - STAT - expect_column_values_to_not_be_null - SITE - correctly filled rate (%) - 100.0
2019-05-08 16:15:35,396 - VO - BE - VROOM - 2019-04-01 00:00:00 - ERROR - STAT - expect_column_values_to_not_be_null - MARQUE - correctly filled rate (%) - 0.02
2019-05-08 16:15:35,396 - VO - BE - VROOM - 2019-04-01 00:00:00 - ERROR - STAT - expect_column_values_to_not_be_null - MODELE - correctly filled rate (%) - 0.0
2019-05-08 16:15:35,396 - VO - BE - VROOM - 2019-04-01 00:00:00 - ERROR - STAT - expect_column_values_to_not_be_null - NOM - correctly filled rate (%) - 99.98
2019-05-08 16:15:35,396 - VO - BE - VROOM - 2019-04-01 00:00:00 - ERROR - STAT - expect_column_values_to_not_be_null - CARROSSERIE - correctly filled rate (%) - 99.98
2019-05-08 16:15:35,396 - VO - BE - VROOM - 2019-04-01 00:00:00 - ERROR - STAT - expect_column_values_to_not_be_null - OPTIONS - correctly filled rate (%) - 0.0
2019-05-08 16:15:35,396 - VO - BE - VROOM - 2019-04-01 00:00:00 - ERROR - STAT - expect_column_values_to_not_be_null - CARBURANT - correctly filled rate (%) - 100.0
2019-05-08 16:15:35,396 - VO - BE - VROOM - 2019-04-01 00:00:00 - ERROR - STAT - expect_column_values_to_not_be_null - PORTE - correctly filled rate (%) - 0.0
2019-05-08 16:15:35,396 - VO - BE - VROOM - 2019-04-01 00:00:00 - ERROR - STAT - expect_column_values_to_be_in_type_list - PRIX - correctly filled rate (%) - 100.0
2019-05-08 16:15:35,397 - VO - BE - VROOM - 2019-04-01 00:00:00 - ERROR - STAT - expect_column_values_to_not_be_null - PRIX - correctly filled rate (%) - 100.0
2019-05-08 16:15:35,397 - VO - BE - VROOM - 2019-04-01 00:00:00 - ERROR - STAT - expect_column_values_to_be_in_type_list - KM - correctly filled rate (%) - 100.0
2019-05-08 16:15:35,397 - VO - BE - VROOM - 2019-04-01 00:00:00 - ERROR - STAT - expect_column_values_to_not_be_null - KM - correctly filled rate (%) - 100.0
2019-05-08 16:15:35,397 - VO - BE - VROOM - 2019-04-01 00:00:00 - ERROR - STAT - expect_column_values_to_not_be_null - PLACE - correctly filled rate (%) - 0.0
2019-05-08 16:15:35,397 - VO - BE - VROOM - 2019-04-01 00:00:00 - ERROR - STAT - expect_column_values_to_be_in_type_list - PHOTO - correctly filled rate (%) - 100.0
2019-05-08 16:15:35,397 - VO - BE - VROOM - 2019-04-01 00:00:00 - ERROR - STAT - expect_column_values_to_not_be_null - PHOTO - correctly filled rate (%) - 100.0
2019-05-08 16:15:35,397 - VO - BE - VROOM - 2019-04-01 00:00:00 - ERROR - STAT - expect_column_values_to_be_in_type_list - LITRE - correctly filled rate (%) - 100.0
2019-05-08 16:15:35,397 - VO - BE - VROOM - 2019-04-01 00:00:00 - ERROR - STAT - expect_column_values_to_not_be_null - LITRE - correctly filled rate (%) - 100.0
2019-05-08 16:15:35,397 - VO - BE - VROOM - 2019-04-01 00:00:00 - ERROR - STAT - expect_column_values_to_not_be_null - IMMAT - correctly filled rate (%) - 100.0
2019-05-08 16:15:35,397 - VO - BE - VROOM - 2019-04-01 00:00:00 - ERROR - STAT - expect_column_values_to_not_be_null - VN_IND - correctly filled rate (%) - 100.0
2019-05-08 16:15:35,397 - VO - BE - VROOM - 2019-04-01 00:00:00 - ERROR - STAT - expect_column_values_to_be_in_set - VN_IND - correctly filled rate (%) - 100.0
2019-05-08 16:15:35,397 - VO - BE - VROOM - 2019-04-01 00:00:00 - ERROR - STAT - expect_column_values_to_not_be_null - ADRESSE - correctly filled rate (%) - 94.44
2019-05-08 16:15:35,397 - VO - BE - VROOM - 2019-04-01 00:00:00 - ERROR - STAT - expect_column_values_to_not_be_null - VILLE - correctly filled rate (%) - 100.0
2019-05-08 16:15:35,397 - VO - BE - VROOM - 2019-04-01 00:00:00 - ERROR - STAT - expect_column_values_to_not_be_null - CP - correctly filled rate (%) - 100.0
2019-05-08 16:15:35,397 - VO - BE - VROOM - 2019-04-01 00:00:00 - ERROR - STAT - expect_column_values_to_not_be_null - PROVINCE - correctly filled rate (%) - 0.0
2019-05-08 16:15:35,397 - VO - BE - VROOM - 2019-04-01 00:00:00 - ERROR - STAT - expect_column_values_to_not_be_null - TELEPHONE - correctly filled rate (%) - 98.26
2019-05-08 16:15:35,397 - VO - BE - VROOM - 2019-04-01 00:00:00 - ERROR - FILE_CHECK - expect_column_values_to_be_phone_number - TELEPHONE - Unexpected value: 476887865.0 on line 28, value should match a phone number format
2019-05-08 16:15:35,397 - VO - BE - VROOM - 2019-04-01 00:00:00 - ERROR - FILE_CHECK - expect_column_values_to_be_phone_number - TELEPHONE - Unexpected value: 476887865.0 on line 30, value should match a phone number format
2019-05-08 16:15:35,398 - VO - BE - VROOM - 2019-04-01 00:00:00 - ERROR - FILE_CHECK - expect_column_values_to_be_phone_number - TELEPHONE - Unexpected value: 476887865.0 on line 31, value should match a phone number format
2019-05-08 16:15:35,398 - VO - BE - VROOM - 2019-04-01 00:00:00 - ERROR - FILE_CHECK - expect_column_values_to_be_phone_number - TELEPHONE - Unexpected value: 476887865.0 on line 32, value should match a phone number format
2019-05-08 16:15:35,398 - VO - BE - VROOM - 2019-04-01 00:00:00 - ERROR - FILE_CHECK - expect_column_values_to_be_phone_number - TELEPHONE - Unexpected value: 476887865.0 on line 33, value should match a phone number format
2019-05-08 16:15:35,398 - VO - BE - VROOM - 2019-04-01 00:00:00 - ERROR - FILE_CHECK - expect_column_values_to_be_phone_number - TELEPHONE - Unexpected value: 476887865.0 on line 34, value should match a phone number format
2019-05-08 16:15:35,398 - VO - BE - VROOM - 2019-04-01 00:00:00 - ERROR - FILE_CHECK - expect_column_values_to_be_phone_number - TELEPHONE - Unexpected value: 476887865.0 on line 35, value should match a phone number format
2019-05-08 16:15:35,398 - VO - BE - VROOM - 2019-04-01 00:00:00 - ERROR - FILE_CHECK - expect_column_values_to_be_phone_number - TELEPHONE - Unexpected value: 476887865.0 on line 36, value should match a phone number format
2019-05-08 16:15:35,398 - VO - BE - VROOM - 2019-04-01 00:00:00 - ERROR - FILE_CHECK - expect_column_values_to_be_phone_number - TELEPHONE - Unexpected value: 476887865.0 on line 37, value should match a phone number format
2019-05-08 16:15:35,398 - VO - BE - VROOM - 2019-04-01 00:00:00 - ERROR - FILE_CHECK - expect_column_values_to_be_phone_number - TELEPHONE - Unexpected value: 476887865.0 on line 38, value should match a phone number format
2019-05-08 16:15:35,398 - VO - BE - VROOM - 2019-04-01 00:00:00 - ERROR - FILE_CHECK - expect_column_values_to_be_phone_number - TELEPHONE - Unexpected value: 495875492.0 on line 60, value should match a phone number format
2019-05-08 16:15:35,398 - VO - BE - VROOM - 2019-04-01 00:00:00 - ERROR - FILE_CHECK - expect_column_values_to_be_phone_number - TELEPHONE - Unexpected value: 475316737.0 on line 127, value should match a phone number format
2019-05-08 16:15:35,398 - VO - BE - VROOM - 2019-04-01 00:00:00 - ERROR - FILE_CHECK - expect_column_values_to_be_phone_number - TELEPHONE - Unexpected value: 475316737.0 on line 128, value should match a phone number format
2019-05-08 16:15:35,398 - VO - BE - VROOM - 2019-04-01 00:00:00 - ERROR - FILE_CHECK - expect_column_values_to_be_phone_number - TELEPHONE - Unexpected value: 475316737.0 on line 129, value should match a phone number format
2019-05-08 16:15:35,398 - VO - BE - VROOM - 2019-04-01 00:00:00 - ERROR - FILE_CHECK - expect_column_values_to_be_phone_number - TELEPHONE - Unexpected value: 475316737.0 on line 130, value should match a phone number format
2019-05-08 16:15:35,398 - VO - BE - VROOM - 2019-04-01 00:00:00 - ERROR - FILE_CHECK - expect_column_values_to_be_phone_number - TELEPHONE - Unexpected value: 475316737.0 on line 131, value should match a phone number format
2019-05-08 16:15:35,398 - VO - BE - VROOM - 2019-04-01 00:00:00 - ERROR - FILE_CHECK - expect_column_values_to_be_phone_number - TELEPHONE - Unexpected value: 475316737.0 on line 136, value should match a phone number format
2019-05-08 16:15:35,398 - VO - BE - VROOM - 2019-04-01 00:00:00 - ERROR - FILE_CHECK - expect_column_values_to_be_phone_number - TELEPHONE - Unexpected value: 475452583.0 on line 138, value should match a phone number format
2019-05-08 16:15:35,398 - VO - BE - VROOM - 2019-04-01 00:00:00 - ERROR - FILE_CHECK - expect_column_values_to_be_phone_number - TELEPHONE - Unexpected value: 475452583.0 on line 139, value should match a phone number format
2019-05-08 16:15:35,398 - VO - BE - VROOM - 2019-04-01 00:00:00 - ERROR - FILE_CHECK - expect_column_values_to_be_phone_number - TELEPHONE - Unexpected value: 475452583.0 on line 140, value should match a phone number format
2019-05-08 16:15:35,399 - VO - BE - VROOM - 2019-04-01 00:00:00 - ERROR - STAT - expect_column_values_to_be_phone_number - TELEPHONE - correctly filled rate (%) - 88.83
2019-05-08 16:15:35,399 - VO - BE - VROOM - 2019-04-01 00:00:00 - ERROR - STAT - expect_returning_row_count - EVERY_COLUMNS - total number of rows - 22746
2019-05-08 16:15:35,399 - VO - BE - VROOM - 2019-04-01 00:00:00 - ERROR - STAT - expect_column_values_to_not_be_null - GARAGE_ID - correctly filled rate (%) - 0.0
2019-05-08 16:15:35,399 - VO - BE - VROOM - 2019-04-01 00:00:00 - ERROR - STAT - expect_returning_row_count_on_conditions - DEALER_USEDCARS - total number of row with conditions - 21544
2019-05-08 16:15:35,399 - VO - BE - VROOM - 2019-04-01 00:00:00 - ERROR - STAT - expect_returning_row_count_on_conditions - PRIVATE_USEDCARS - total number of row with conditions - 1202
2019-05-08 16:15:35,399 - VO - BE - VROOM - 2019-04-01 00:00:00 - ERROR - STAT - expect_column_value_lengths_to_be_between - NOM - correctly filled rate (%) - 100.0
