2019-08-30 13:55:43,440 - CAMION - PL - MASCUS - 2019-08-01 00:00:00 - ERROR - STAT - expect_column_values_to_not_be_null - ADRESSE - correctly filled rate (%) - 87.79
2019-08-30 13:55:43,440 - CAMION - PL - MASCUS - 2019-08-01 00:00:00 - ERROR - STAT - expect_column_values_to_be_in_type_list - ANNEE - correctly filled rate (%) - 100.0
2019-08-30 13:55:43,440 - CAMION - PL - MASCUS - 2019-08-01 00:00:00 - ERROR - STAT - expect_column_values_to_be_between - ANNEE - correctly filled rate (%) - 96.18
2019-08-30 13:55:43,440 - CAMION - PL - MASCUS - 2019-08-01 00:00:00 - ERROR - STAT - expect_column_values_to_not_be_null - ANNEE - correctly filled rate (%) - 100.0
2019-08-30 13:55:43,441 - CAMION - PL - MASCUS - 2019-08-01 00:00:00 - ERROR - FILE_CHECK - expect_column_values_to_match_regex - ANNEE - Unexpected value: 0 on line 22, value should match regexp ^[0-9]{4}$
2019-08-30 13:55:43,441 - CAMION - PL - MASCUS - 2019-08-01 00:00:00 - ERROR - FILE_CHECK - expect_column_values_to_match_regex - ANNEE - Unexpected value: 0 on line 108, value should match regexp ^[0-9]{4}$
2019-08-30 13:55:43,441 - CAMION - PL - MASCUS - 2019-08-01 00:00:00 - ERROR - FILE_CHECK - expect_column_values_to_match_regex - ANNEE - Unexpected value: 0 on line 127, value should match regexp ^[0-9]{4}$
2019-08-30 13:55:43,441 - CAMION - PL - MASCUS - 2019-08-01 00:00:00 - ERROR - FILE_CHECK - expect_column_values_to_match_regex - ANNEE - Unexpected value: 0 on line 137, value should match regexp ^[0-9]{4}$
2019-08-30 13:55:43,441 - CAMION - PL - MASCUS - 2019-08-01 00:00:00 - ERROR - FILE_CHECK - expect_column_values_to_match_regex - ANNEE - Unexpected value: 0 on line 171, value should match regexp ^[0-9]{4}$
2019-08-30 13:55:43,441 - CAMION - PL - MASCUS - 2019-08-01 00:00:00 - ERROR - FILE_CHECK - expect_column_values_to_match_regex - ANNEE - Unexpected value: 0 on line 177, value should match regexp ^[0-9]{4}$
2019-08-30 13:55:43,441 - CAMION - PL - MASCUS - 2019-08-01 00:00:00 - ERROR - FILE_CHECK - expect_column_values_to_match_regex - ANNEE - Unexpected value: 0 on line 221, value should match regexp ^[0-9]{4}$
2019-08-30 13:55:43,441 - CAMION - PL - MASCUS - 2019-08-01 00:00:00 - ERROR - FILE_CHECK - expect_column_values_to_match_regex - ANNEE - Unexpected value: 0 on line 226, value should match regexp ^[0-9]{4}$
2019-08-30 13:55:43,441 - CAMION - PL - MASCUS - 2019-08-01 00:00:00 - ERROR - FILE_CHECK - expect_column_values_to_match_regex - ANNEE - Unexpected value: 0 on line 269, value should match regexp ^[0-9]{4}$
2019-08-30 13:55:43,441 - CAMION - PL - MASCUS - 2019-08-01 00:00:00 - ERROR - FILE_CHECK - expect_column_values_to_match_regex - ANNEE - Unexpected value: 0 on line 304, value should match regexp ^[0-9]{4}$
2019-08-30 13:55:43,441 - CAMION - PL - MASCUS - 2019-08-01 00:00:00 - ERROR - FILE_CHECK - expect_column_values_to_match_regex - ANNEE - Unexpected value: 0 on line 307, value should match regexp ^[0-9]{4}$
2019-08-30 13:55:43,441 - CAMION - PL - MASCUS - 2019-08-01 00:00:00 - ERROR - FILE_CHECK - expect_column_values_to_match_regex - ANNEE - Unexpected value: 0 on line 376, value should match regexp ^[0-9]{4}$
2019-08-30 13:55:43,441 - CAMION - PL - MASCUS - 2019-08-01 00:00:00 - ERROR - FILE_CHECK - expect_column_values_to_match_regex - ANNEE - Unexpected value: 0 on line 444, value should match regexp ^[0-9]{4}$
2019-08-30 13:55:43,441 - CAMION - PL - MASCUS - 2019-08-01 00:00:00 - ERROR - FILE_CHECK - expect_column_values_to_match_regex - ANNEE - Unexpected value: 0 on line 496, value should match regexp ^[0-9]{4}$
2019-08-30 13:55:43,441 - CAMION - PL - MASCUS - 2019-08-01 00:00:00 - ERROR - FILE_CHECK - expect_column_values_to_match_regex - ANNEE - Unexpected value: 0 on line 523, value should match regexp ^[0-9]{4}$
2019-08-30 13:55:43,441 - CAMION - PL - MASCUS - 2019-08-01 00:00:00 - ERROR - FILE_CHECK - expect_column_values_to_match_regex - ANNEE - Unexpected value: 0 on line 553, value should match regexp ^[0-9]{4}$
2019-08-30 13:55:43,441 - CAMION - PL - MASCUS - 2019-08-01 00:00:00 - ERROR - FILE_CHECK - expect_column_values_to_match_regex - ANNEE - Unexpected value: 0 on line 606, value should match regexp ^[0-9]{4}$
2019-08-30 13:55:43,441 - CAMION - PL - MASCUS - 2019-08-01 00:00:00 - ERROR - FILE_CHECK - expect_column_values_to_match_regex - ANNEE - Unexpected value: 0 on line 632, value should match regexp ^[0-9]{4}$
2019-08-30 13:55:43,441 - CAMION - PL - MASCUS - 2019-08-01 00:00:00 - ERROR - FILE_CHECK - expect_column_values_to_match_regex - ANNEE - Unexpected value: 0 on line 639, value should match regexp ^[0-9]{4}$
2019-08-30 13:55:43,442 - CAMION - PL - MASCUS - 2019-08-01 00:00:00 - ERROR - FILE_CHECK - expect_column_values_to_match_regex - ANNEE - Unexpected value: 0 on line 687, value should match regexp ^[0-9]{4}$
2019-08-30 13:55:43,442 - CAMION - PL - MASCUS - 2019-08-01 00:00:00 - ERROR - STAT - expect_column_values_to_match_regex - ANNEE - correctly filled rate (%) - 96.58
2019-08-30 13:55:43,442 - CAMION - PL - MASCUS - 2019-08-01 00:00:00 - ERROR - STAT - expect_column_values_to_not_be_null - ANNONCE_LINK - correctly filled rate (%) - 100.0
2019-08-30 13:55:43,442 - CAMION - PL - MASCUS - 2019-08-01 00:00:00 - ERROR - STAT - expect_column_values_to_be_unique - ANNONCE_LINK - observed proportion - 100.0
2019-08-30 13:55:43,442 - CAMION - PL - MASCUS - 2019-08-01 00:00:00 - ERROR - STAT - expect_column_values_to_not_be_null - CARBURANT - correctly filled rate (%) - 1.52
2019-08-30 13:55:43,442 - CAMION - PL - MASCUS - 2019-08-01 00:00:00 - ERROR - STAT - expect_column_values_to_not_be_null - CARROSSERIE - correctly filled rate (%) - 0.0
2019-08-30 13:55:43,442 - CAMION - PL - MASCUS - 2019-08-01 00:00:00 - ERROR - STAT - expect_column_values_to_not_be_null - CP - correctly filled rate (%) - 89.31
2019-08-30 13:55:43,442 - CAMION - PL - MASCUS - 2019-08-01 00:00:00 - ERROR - STAT - expect_column_values_to_match_regex - CP - correctly filled rate (%) - 99.35
2019-08-30 13:55:43,442 - CAMION - PL - MASCUS - 2019-08-01 00:00:00 - ERROR - STAT - expect_column_values_to_not_be_null - GARAGE_ID - correctly filled rate (%) - 0.0
2019-08-30 13:55:43,442 - CAMION - PL - MASCUS - 2019-08-01 00:00:00 - ERROR - STAT - expect_column_values_to_not_be_null - ID_CLIENT - correctly filled rate (%) - 100.0
2019-08-30 13:55:43,442 - CAMION - PL - MASCUS - 2019-08-01 00:00:00 - ERROR - STAT - expect_column_values_to_be_unique - ID_CLIENT - observed proportion - 100.0
2019-08-30 13:55:43,442 - CAMION - PL - MASCUS - 2019-08-01 00:00:00 - ERROR - STAT - expect_returning_row_count - EVERY_COLUMNS - total number of rows - 9580
2019-08-30 13:55:43,442 - CAMION - PL - MASCUS - 2019-08-01 00:00:00 - ERROR - STAT - expect_column_values_to_not_be_null - IMMAT - correctly filled rate (%) - 100.0
2019-08-30 13:55:43,442 - CAMION - PL - MASCUS - 2019-08-01 00:00:00 - ERROR - STAT - expect_column_values_to_be_in_type_list - KM - correctly filled rate (%) - 100.0
2019-08-30 13:55:43,442 - CAMION - PL - MASCUS - 2019-08-01 00:00:00 - ERROR - STAT - expect_column_values_to_not_be_null - KM - correctly filled rate (%) - 100.0
2019-08-30 13:55:43,442 - CAMION - PL - MASCUS - 2019-08-01 00:00:00 - ERROR - STAT - expect_column_values_to_be_in_type_list - LITRE - correctly filled rate (%) - 100.0
2019-08-30 13:55:43,442 - CAMION - PL - MASCUS - 2019-08-01 00:00:00 - ERROR - STAT - expect_column_values_to_not_be_null - LITRE - correctly filled rate (%) - 100.0
2019-08-30 13:55:43,443 - CAMION - PL - MASCUS - 2019-08-01 00:00:00 - ERROR - STAT - expect_column_values_to_not_be_null - MARQUE - correctly filled rate (%) - 0.0
2019-08-30 13:55:43,443 - CAMION - PL - MASCUS - 2019-08-01 00:00:00 - ERROR - STAT - expect_column_values_to_not_be_null - MODELE - correctly filled rate (%) - 0.0
2019-08-30 13:55:43,443 - CAMION - PL - MASCUS - 2019-08-01 00:00:00 - ERROR - STAT - expect_column_values_to_not_be_null - NOM - correctly filled rate (%) - 100.0
2019-08-30 13:55:43,443 - CAMION - PL - MASCUS - 2019-08-01 00:00:00 - ERROR - FILE_CHECK - expect_column_value_lengths_to_be_between - NOM - Unexpected characters count of: [Extec E7...] on line  20, value length should be between 10 and 255
2019-08-30 13:55:43,443 - CAMION - PL - MASCUS - 2019-08-01 00:00:00 - ERROR - FILE_CHECK - expect_column_value_lengths_to_be_between - NOM - Unexpected characters count of: [MAN F90...] on line  32, value length should be between 10 and 255
2019-08-30 13:55:43,443 - CAMION - PL - MASCUS - 2019-08-01 00:00:00 - ERROR - FILE_CHECK - expect_column_value_lengths_to_be_between - NOM - Unexpected characters count of: [JCB 2CX...] on line  49, value length should be between 10 and 255
2019-08-30 13:55:43,443 - CAMION - PL - MASCUS - 2019-08-01 00:00:00 - ERROR - FILE_CHECK - expect_column_value_lengths_to_be_between - NOM - Unexpected characters count of: [Mark MSM4...] on line  110, value length should be between 10 and 255
2019-08-30 13:55:43,443 - CAMION - PL - MASCUS - 2019-08-01 00:00:00 - ERROR - FILE_CHECK - expect_column_value_lengths_to_be_between - NOM - Unexpected characters count of: [JCB 8030...] on line  175, value length should be between 10 and 255
2019-08-30 13:55:43,443 - CAMION - PL - MASCUS - 2019-08-01 00:00:00 - ERROR - FILE_CHECK - expect_column_value_lengths_to_be_between - NOM - Unexpected characters count of: [Extec C12...] on line  183, value length should be between 10 and 255
2019-08-30 13:55:43,443 - CAMION - PL - MASCUS - 2019-08-01 00:00:00 - ERROR - FILE_CHECK - expect_column_value_lengths_to_be_between - NOM - Unexpected characters count of: [JCB 85Z-1...] on line  195, value length should be between 10 and 255
2019-08-30 13:55:43,443 - CAMION - PL - MASCUS - 2019-08-01 00:00:00 - ERROR - FILE_CHECK - expect_column_value_lengths_to_be_between - NOM - Unexpected characters count of: [O& F106...] on line  335, value length should be between 10 and 255
2019-08-30 13:55:43,443 - CAMION - PL - MASCUS - 2019-08-01 00:00:00 - ERROR - FILE_CHECK - expect_column_value_lengths_to_be_between - NOM - Unexpected characters count of: [JCB 3CX...] on line  351, value length should be between 10 and 255
2019-08-30 13:55:43,443 - CAMION - PL - MASCUS - 2019-08-01 00:00:00 - ERROR - FILE_CHECK - expect_column_value_lengths_to_be_between - NOM - Unexpected characters count of: [JCB 406...] on line  372, value length should be between 10 and 255
2019-08-30 13:55:43,443 - CAMION - PL - MASCUS - 2019-08-01 00:00:00 - ERROR - FILE_CHECK - expect_column_value_lengths_to_be_between - NOM - Unexpected characters count of: [Bell B30E...] on line  374, value length should be between 10 and 255
2019-08-30 13:55:43,443 - CAMION - PL - MASCUS - 2019-08-01 00:00:00 - ERROR - FILE_CHECK - expect_column_value_lengths_to_be_between - NOM - Unexpected characters count of: [JCB 4 CX...] on line  429, value length should be between 10 and 255
2019-08-30 13:55:43,443 - CAMION - PL - MASCUS - 2019-08-01 00:00:00 - ERROR - FILE_CHECK - expect_column_value_lengths_to_be_between - NOM - Unexpected characters count of: [Bell B30D...] on line  483, value length should be between 10 and 255
2019-08-30 13:55:43,443 - CAMION - PL - MASCUS - 2019-08-01 00:00:00 - ERROR - FILE_CHECK - expect_column_value_lengths_to_be_between - NOM - Unexpected characters count of: [JCB 406...] on line  530, value length should be between 10 and 255
2019-08-30 13:55:43,443 - CAMION - PL - MASCUS - 2019-08-01 00:00:00 - ERROR - FILE_CHECK - expect_column_value_lengths_to_be_between - NOM - Unexpected characters count of: [JCB 3 CX...] on line  604, value length should be between 10 and 255
2019-08-30 13:55:43,444 - CAMION - PL - MASCUS - 2019-08-01 00:00:00 - ERROR - FILE_CHECK - expect_column_value_lengths_to_be_between - NOM - Unexpected characters count of: [JCB 8030...] on line  644, value length should be between 10 and 255
2019-08-30 13:55:43,444 - CAMION - PL - MASCUS - 2019-08-01 00:00:00 - ERROR - FILE_CHECK - expect_column_value_lengths_to_be_between - NOM - Unexpected characters count of: [JCB 414S...] on line  660, value length should be between 10 and 255
2019-08-30 13:55:43,444 - CAMION - PL - MASCUS - 2019-08-01 00:00:00 - ERROR - FILE_CHECK - expect_column_value_lengths_to_be_between - NOM - Unexpected characters count of: [JCB 406...] on line  666, value length should be between 10 and 255
2019-08-30 13:55:43,444 - CAMION - PL - MASCUS - 2019-08-01 00:00:00 - ERROR - FILE_CHECK - expect_column_value_lengths_to_be_between - NOM - Unexpected characters count of: [AI 400...] on line  747, value length should be between 10 and 255
2019-08-30 13:55:43,444 - CAMION - PL - MASCUS - 2019-08-01 00:00:00 - ERROR - FILE_CHECK - expect_column_value_lengths_to_be_between - NOM - Unexpected characters count of: [Omme 3710...] on line  753, value length should be between 10 and 255
2019-08-30 13:55:43,444 - CAMION - PL - MASCUS - 2019-08-01 00:00:00 - ERROR - STAT - expect_column_value_lengths_to_be_between - NOM - correctly filled rate (%) - 97.21
2019-08-30 13:55:43,444 - CAMION - PL - MASCUS - 2019-08-01 00:00:00 - ERROR - STAT - expect_column_values_to_not_be_null - OPTIONS - correctly filled rate (%) - 12.53
2019-08-30 13:55:43,444 - CAMION - PL - MASCUS - 2019-08-01 00:00:00 - ERROR - FILE_CHECK - expect_column_value_lengths_to_be_between - OPTIONS - Unexpected characters count of: [Radio CB, Fenêtres é...] on line  1, value length should be between 0 and 255
2019-08-30 13:55:43,444 - CAMION - PL - MASCUS - 2019-08-01 00:00:00 - ERROR - FILE_CHECK - expect_column_value_lengths_to_be_between - OPTIONS - Unexpected characters count of: [ABS, ASR, EBV, Frein...] on line  93, value length should be between 0 and 255
2019-08-30 13:55:43,444 - CAMION - PL - MASCUS - 2019-08-01 00:00:00 - ERROR - FILE_CHECK - expect_column_value_lengths_to_be_between - OPTIONS - Unexpected characters count of: [ABS, ASR, Freins à d...] on line  398, value length should be between 0 and 255
2019-08-30 13:55:43,444 - CAMION - PL - MASCUS - 2019-08-01 00:00:00 - ERROR - FILE_CHECK - expect_column_value_lengths_to_be_between - OPTIONS - Unexpected characters count of: [Verrouillage du diff...] on line  571, value length should be between 0 and 255
2019-08-30 13:55:43,444 - CAMION - PL - MASCUS - 2019-08-01 00:00:00 - ERROR - FILE_CHECK - expect_column_value_lengths_to_be_between - OPTIONS - Unexpected characters count of: [ABS, ADR, ASR, EBS, ...] on line  650, value length should be between 0 and 255
2019-08-30 13:55:43,444 - CAMION - PL - MASCUS - 2019-08-01 00:00:00 - ERROR - FILE_CHECK - expect_column_value_lengths_to_be_between - OPTIONS - Unexpected characters count of: [ABS, ASR, EBS, Antib...] on line  661, value length should be between 0 and 255
2019-08-30 13:55:43,444 - CAMION - PL - MASCUS - 2019-08-01 00:00:00 - ERROR - FILE_CHECK - expect_column_value_lengths_to_be_between - OPTIONS - Unexpected characters count of: [ABS, ASR, EBS, Frein...] on line  1077, value length should be between 0 and 255
2019-08-30 13:55:43,444 - CAMION - PL - MASCUS - 2019-08-01 00:00:00 - ERROR - FILE_CHECK - expect_column_value_lengths_to_be_between - OPTIONS - Unexpected characters count of: [ABS, EBS, Filtre à p...] on line  1197, value length should be between 0 and 255
2019-08-30 13:55:43,444 - CAMION - PL - MASCUS - 2019-08-01 00:00:00 - ERROR - FILE_CHECK - expect_column_value_lengths_to_be_between - OPTIONS - Unexpected characters count of: [ABS, ASR, EBS, Filtr...] on line  1231, value length should be between 0 and 255
2019-08-30 13:55:43,444 - CAMION - PL - MASCUS - 2019-08-01 00:00:00 - ERROR - FILE_CHECK - expect_column_value_lengths_to_be_between - OPTIONS - Unexpected characters count of: [Radio CB, Fenêtres é...] on line  1374, value length should be between 0 and 255
2019-08-30 13:55:43,444 - CAMION - PL - MASCUS - 2019-08-01 00:00:00 - ERROR - FILE_CHECK - expect_column_value_lengths_to_be_between - OPTIONS - Unexpected characters count of: [Verouillage central,...] on line  1691, value length should be between 0 and 255
2019-08-30 13:55:43,445 - CAMION - PL - MASCUS - 2019-08-01 00:00:00 - ERROR - FILE_CHECK - expect_column_value_lengths_to_be_between - OPTIONS - Unexpected characters count of: [Verouillage central,...] on line  1806, value length should be between 0 and 255
2019-08-30 13:55:43,445 - CAMION - PL - MASCUS - 2019-08-01 00:00:00 - ERROR - FILE_CHECK - expect_column_value_lengths_to_be_between - OPTIONS - Unexpected characters count of: [ABS, ASR, Antibrouil...] on line  1880, value length should be between 0 and 255
2019-08-30 13:55:43,445 - CAMION - PL - MASCUS - 2019-08-01 00:00:00 - ERROR - FILE_CHECK - expect_column_value_lengths_to_be_between - OPTIONS - Unexpected characters count of: [ABS, EBS, Freins à d...] on line  1911, value length should be between 0 and 255
2019-08-30 13:55:43,445 - CAMION - PL - MASCUS - 2019-08-01 00:00:00 - ERROR - FILE_CHECK - expect_column_value_lengths_to_be_between - OPTIONS - Unexpected characters count of: [ABS, ASR, Deux réser...] on line  2016, value length should be between 0 and 255
2019-08-30 13:55:43,445 - CAMION - PL - MASCUS - 2019-08-01 00:00:00 - ERROR - FILE_CHECK - expect_column_value_lengths_to_be_between - OPTIONS - Unexpected characters count of: [Climatisation, Suspe...] on line  2476, value length should be between 0 and 255
2019-08-30 13:55:43,445 - CAMION - PL - MASCUS - 2019-08-01 00:00:00 - ERROR - FILE_CHECK - expect_column_value_lengths_to_be_between - OPTIONS - Unexpected characters count of: [ABS, Freins à disque...] on line  2674, value length should be between 0 and 255
2019-08-30 13:55:43,445 - CAMION - PL - MASCUS - 2019-08-01 00:00:00 - ERROR - FILE_CHECK - expect_column_value_lengths_to_be_between - OPTIONS - Unexpected characters count of: [Verrouillage du diff...] on line  2836, value length should be between 0 and 255
2019-08-30 13:55:43,445 - CAMION - PL - MASCUS - 2019-08-01 00:00:00 - ERROR - FILE_CHECK - expect_column_value_lengths_to_be_between - OPTIONS - Unexpected characters count of: [ABS, ASR, EBS, EBV, ...] on line  2855, value length should be between 0 and 255
2019-08-30 13:55:43,445 - CAMION - PL - MASCUS - 2019-08-01 00:00:00 - ERROR - FILE_CHECK - expect_column_value_lengths_to_be_between - OPTIONS - Unexpected characters count of: [ASR, Deux réservoirs...] on line  3138, value length should be between 0 and 255
2019-08-30 13:55:43,445 - CAMION - PL - MASCUS - 2019-08-01 00:00:00 - ERROR - STAT - expect_column_value_lengths_to_be_between - OPTIONS - correctly filled rate (%) - 94.5
2019-08-30 13:55:43,445 - CAMION - PL - MASCUS - 2019-08-01 00:00:00 - ERROR - STAT - expect_column_values_to_be_in_type_list - PHOTO - correctly filled rate (%) - 100.0
2019-08-30 13:55:43,445 - CAMION - PL - MASCUS - 2019-08-01 00:00:00 - ERROR - STAT - expect_column_values_to_not_be_null - PHOTO - correctly filled rate (%) - 100.0
2019-08-30 13:55:43,445 - CAMION - PL - MASCUS - 2019-08-01 00:00:00 - ERROR - STAT - expect_column_values_to_not_be_null - PLACE - correctly filled rate (%) - 0.0
2019-08-30 13:55:43,445 - CAMION - PL - MASCUS - 2019-08-01 00:00:00 - ERROR - STAT - expect_column_values_to_not_be_null - PORTE - correctly filled rate (%) - 0.0
2019-08-30 13:55:43,445 - CAMION - PL - MASCUS - 2019-08-01 00:00:00 - ERROR - STAT - expect_column_values_to_be_in_type_list - PRIX - correctly filled rate (%) - 100.0
2019-08-30 13:55:43,445 - CAMION - PL - MASCUS - 2019-08-01 00:00:00 - ERROR - STAT - expect_column_values_to_not_be_null - PRIX - correctly filled rate (%) - 100.0
2019-08-30 13:55:43,445 - CAMION - PL - MASCUS - 2019-08-01 00:00:00 - ERROR - STAT - expect_column_values_to_not_be_null - PROVINCE - correctly filled rate (%) - 0.0
2019-08-30 13:55:43,445 - CAMION - PL - MASCUS - 2019-08-01 00:00:00 - ERROR - STAT - expect_column_values_to_not_be_null - SITE - correctly filled rate (%) - 100.0
2019-08-30 13:55:43,446 - CAMION - PL - MASCUS - 2019-08-01 00:00:00 - ERROR - STAT - expect_column_values_to_not_be_null - TELEPHONE - correctly filled rate (%) - 99.99
2019-08-30 13:55:43,446 - CAMION - PL - MASCUS - 2019-08-01 00:00:00 - ERROR - STAT - expect_column_values_to_be_phone_number - TELEPHONE - correctly filled rate (%) - 99.99
2019-08-30 13:55:43,446 - CAMION - PL - MASCUS - 2019-08-01 00:00:00 - ERROR - STAT - expect_column_values_to_not_be_null - TYPE - correctly filled rate (%) - 100.0
2019-08-30 13:55:43,446 - CAMION - PL - MASCUS - 2019-08-01 00:00:00 - ERROR - STAT - expect_column_values_to_be_in_set_2 - TYPE - observed proportion - 100.0
2019-08-30 13:55:43,446 - CAMION - PL - MASCUS - 2019-08-01 00:00:00 - ERROR - STAT - expect_column_values_to_not_be_null - VILLE - correctly filled rate (%) - 96.46
2019-08-30 13:55:43,446 - CAMION - PL - MASCUS - 2019-08-01 00:00:00 - ERROR - STAT - expect_column_values_to_not_be_null - VN_IND - correctly filled rate (%) - 0.0
2019-08-30 13:55:43,446 - CAMION - PL - MASCUS - 2019-08-01 00:00:00 - ERROR - STAT - expect_returning_row_unique_count - MARQUE_CORRECTED - total number of unique rows - 96
2019-08-30 13:55:43,446 - CAMION - PL - MASCUS - 2019-08-01 00:00:00 - ERROR - STAT - expect_returning_row_unique_count - MODELE_CORRECTED - total number of unique rows - 190
2019-08-30 13:55:43,446 - CAMION - PL - MASCUS - 2019-08-01 00:00:00 - ERROR - STAT - expect_returning_row_unique_count - CARROSSERIE - total number of unique rows - 0
2019-08-30 13:55:43,446 - CAMION - PL - MASCUS - 2019-08-01 00:00:00 - ERROR - STAT - expect_returning_row_unique_count - CARBURANT - total number of unique rows - 1
2019-08-30 13:55:43,446 - CAMION - PL - MASCUS - 2019-08-01 00:00:00 - ERROR - STAT - expect_column_values_to_not_be_null - CYLINDRE - correctly filled rate (%) - 0.0
2019-08-30 13:55:43,446 - CAMION - PL - MASCUS - 2019-08-01 00:00:00 - ERROR - STAT - expect_returning_row_unique_count - PROVINCE - total number of unique rows - 0
2019-08-30 13:55:43,446 - CAMION - PL - MASCUS - 2019-08-01 00:00:00 - ERROR - STAT - expect_returning_row_unique_count - VILLE - total number of unique rows - 932
2019-08-30 13:55:43,446 - CAMION - PL - MASCUS - 2019-08-01 00:00:00 - ERROR - STAT - expect_returning_row_unique_count - DEPARTEMENT - total number of unique rows - 0
2019-08-30 13:55:43,446 - CAMION - PL - MASCUS - 2019-08-01 00:00:00 - ERROR - STAT - expect_returning_row_count_on_conditions - DEALER_USEDCARS - total number of row with conditions - 9557
2019-08-30 13:55:43,446 - CAMION - PL - MASCUS - 2019-08-01 00:00:00 - ERROR - STAT - expect_returning_row_count_on_conditions - PRIVATE_USEDCARS - total number of row with conditions - 23
2019-08-30 13:55:43,446 - CAMION - PL - MASCUS - 2019-08-01 00:00:00 - ERROR - STAT - expect_returning_row_count_on_conditions - TRUCKS - total number of row with conditions - 1209
2019-08-30 13:55:43,447 - CAMION - PL - MASCUS - 2019-08-01 00:00:00 - ERROR - STAT - expect_returning_row_count_on_conditions - TRACTOR UNITS - total number of row with conditions - 577
2019-08-30 13:55:43,447 - CAMION - PL - MASCUS - 2019-08-01 00:00:00 - ERROR - STAT - expect_returning_row_count_on_conditions - TRAILERS - total number of row with conditions - 146
2019-08-30 13:55:43,447 - CAMION - PL - MASCUS - 2019-08-01 00:00:00 - ERROR - STAT - expect_returning_row_count_on_conditions - VANS - total number of row with conditions - 463
2019-08-30 13:55:43,447 - CAMION - PL - MASCUS - 2019-08-01 00:00:00 - ERROR - STAT - expect_returning_row_count_on_conditions - HEAVY EQUIPMENTS - total number of row with conditions - 6696
2019-08-30 13:55:43,447 - CAMION - PL - MASCUS - 2019-08-01 00:00:00 - ERROR - STAT - expect_returning_row_count_on_conditions - SEMI TRAILERS - total number of row with conditions - 489
2019-08-30 13:55:43,447 - CAMION - PL - MASCUS - 2019-08-01 00:00:00 - ERROR - STAT - expect_returning_row_count_on_conditions - DEALER_TRUCKS - total number of row with conditions - 1201
2019-08-30 13:55:43,447 - CAMION - PL - MASCUS - 2019-08-01 00:00:00 - ERROR - STAT - expect_returning_row_count_on_conditions - PRIVATE_TRUCKS - total number of row with conditions - 8
2019-08-30 13:55:43,447 - CAMION - PL - MASCUS - 2019-08-01 00:00:00 - ERROR - STAT - expect_returning_row_count_on_conditions - DEALER_TRACTOR UNITS - total number of row with conditions - 577
2019-08-30 13:55:43,447 - CAMION - PL - MASCUS - 2019-08-01 00:00:00 - ERROR - STAT - expect_returning_row_count_on_conditions - PRIVATE_TRACTOR UNITS - total number of row with conditions - 0
2019-08-30 13:55:43,447 - CAMION - PL - MASCUS - 2019-08-01 00:00:00 - ERROR - STAT - expect_returning_row_count_on_conditions - DEALER_TRAILERS - total number of row with conditions - 146
2019-08-30 13:55:43,447 - CAMION - PL - MASCUS - 2019-08-01 00:00:00 - ERROR - STAT - expect_returning_row_count_on_conditions - PRIVATE_TRAILERS - total number of row with conditions - 0
2019-08-30 13:55:43,447 - CAMION - PL - MASCUS - 2019-08-01 00:00:00 - ERROR - STAT - expect_returning_row_count_on_conditions - DEALER_VANS - total number of row with conditions - 463
2019-08-30 13:55:43,447 - CAMION - PL - MASCUS - 2019-08-01 00:00:00 - ERROR - STAT - expect_returning_row_count_on_conditions - PRIVATE_VANS - total number of row with conditions - 0
2019-08-30 13:55:43,447 - CAMION - PL - MASCUS - 2019-08-01 00:00:00 - ERROR - STAT - expect_returning_row_count_on_conditions - DEALER_HEAVY EQUIPMENTS - total number of row with conditions - 6681
2019-08-30 13:55:43,447 - CAMION - PL - MASCUS - 2019-08-01 00:00:00 - ERROR - STAT - expect_returning_row_count_on_conditions - PRIVATE_HEAVY EQUIPMENTS - total number of row with conditions - 15
2019-08-30 13:55:43,447 - CAMION - PL - MASCUS - 2019-08-01 00:00:00 - ERROR - STAT - expect_returning_row_count_on_conditions - DEALER_SEMI TRAILERS - total number of row with conditions - 489
2019-08-30 13:55:43,447 - CAMION - PL - MASCUS - 2019-08-01 00:00:00 - ERROR - STAT - expect_returning_row_count_on_conditions - PRIVATE_SEMI TRAILERS - total number of row with conditions - 0
