2019-08-23 09:08:53,026 - IMMO - FR.NEUF - IMMONEUF - 2019-08-01 00:00:00 - ERROR - STAT - expect_column_values_to_not_be_null - ACHAT_LOC - correctly filled rate (%) - 100.0
2019-08-23 09:08:53,027 - IMMO - FR.NEUF - IMMONEUF - 2019-08-01 00:00:00 - ERROR - STAT - expect_column_values_to_be_in_set - ACHAT_LOC - correctly filled rate (%) - 100.0
2019-08-23 09:08:53,027 - IMMO - FR.NEUF - IMMONEUF - 2019-08-01 00:00:00 - ERROR - STAT - expect_column_values_to_not_be_null - ADRESSE - correctly filled rate (%) - 89.6
2019-08-23 09:08:53,027 - IMMO - FR.NEUF - IMMONEUF - 2019-08-01 00:00:00 - ERROR - STAT - expect_column_values_to_not_be_null - AGENCE_ADRESSE - correctly filled rate (%) - 100.0
2019-08-23 09:08:53,027 - IMMO - FR.NEUF - IMMONEUF - 2019-08-01 00:00:00 - ERROR - STAT - expect_column_values_to_not_be_null - AGENCE_CP - correctly filled rate (%) - 81.71
2019-08-23 09:08:53,027 - IMMO - FR.NEUF - IMMONEUF - 2019-08-01 00:00:00 - ERROR - FILE_CHECK - expect_column_values_to_match_regex - AGENCE_CP - Unexpected value: 67970.0 on line 0, value should match regexp ^[0-9]{5}$
2019-08-23 09:08:53,027 - IMMO - FR.NEUF - IMMONEUF - 2019-08-01 00:00:00 - ERROR - FILE_CHECK - expect_column_values_to_match_regex - AGENCE_CP - Unexpected value: 67970.0 on line 1, value should match regexp ^[0-9]{5}$
2019-08-23 09:08:53,027 - IMMO - FR.NEUF - IMMONEUF - 2019-08-01 00:00:00 - ERROR - FILE_CHECK - expect_column_values_to_match_regex - AGENCE_CP - Unexpected value: 78260.0 on line 3, value should match regexp ^[0-9]{5}$
2019-08-23 09:08:53,027 - IMMO - FR.NEUF - IMMONEUF - 2019-08-01 00:00:00 - ERROR - FILE_CHECK - expect_column_values_to_match_regex - AGENCE_CP - Unexpected value: 92200.0 on line 4, value should match regexp ^[0-9]{5}$
2019-08-23 09:08:53,027 - IMMO - FR.NEUF - IMMONEUF - 2019-08-01 00:00:00 - ERROR - FILE_CHECK - expect_column_values_to_match_regex - AGENCE_CP - Unexpected value: 35000.0 on line 5, value should match regexp ^[0-9]{5}$
2019-08-23 09:08:53,027 - IMMO - FR.NEUF - IMMONEUF - 2019-08-01 00:00:00 - ERROR - FILE_CHECK - expect_column_values_to_match_regex - AGENCE_CP - Unexpected value: 34000.0 on line 6, value should match regexp ^[0-9]{5}$
2019-08-23 09:08:53,027 - IMMO - FR.NEUF - IMMONEUF - 2019-08-01 00:00:00 - ERROR - FILE_CHECK - expect_column_values_to_match_regex - AGENCE_CP - Unexpected value: 92200.0 on line 7, value should match regexp ^[0-9]{5}$
2019-08-23 09:08:53,027 - IMMO - FR.NEUF - IMMONEUF - 2019-08-01 00:00:00 - ERROR - FILE_CHECK - expect_column_values_to_match_regex - AGENCE_CP - Unexpected value: 92200.0 on line 8, value should match regexp ^[0-9]{5}$
2019-08-23 09:08:53,028 - IMMO - FR.NEUF - IMMONEUF - 2019-08-01 00:00:00 - ERROR - FILE_CHECK - expect_column_values_to_match_regex - AGENCE_CP - Unexpected value: 92200.0 on line 9, value should match regexp ^[0-9]{5}$
2019-08-23 09:08:53,028 - IMMO - FR.NEUF - IMMONEUF - 2019-08-01 00:00:00 - ERROR - FILE_CHECK - expect_column_values_to_match_regex - AGENCE_CP - Unexpected value: 13090.0 on line 11, value should match regexp ^[0-9]{5}$
2019-08-23 09:08:53,028 - IMMO - FR.NEUF - IMMONEUF - 2019-08-01 00:00:00 - ERROR - FILE_CHECK - expect_column_values_to_match_regex - AGENCE_CP - Unexpected value: 50586.0 on line 12, value should match regexp ^[0-9]{5}$
2019-08-23 09:08:53,028 - IMMO - FR.NEUF - IMMONEUF - 2019-08-01 00:00:00 - ERROR - FILE_CHECK - expect_column_values_to_match_regex - AGENCE_CP - Unexpected value: 50586.0 on line 13, value should match regexp ^[0-9]{5}$
2019-08-23 09:08:53,028 - IMMO - FR.NEUF - IMMONEUF - 2019-08-01 00:00:00 - ERROR - FILE_CHECK - expect_column_values_to_match_regex - AGENCE_CP - Unexpected value: 50586.0 on line 14, value should match regexp ^[0-9]{5}$
2019-08-23 09:08:53,028 - IMMO - FR.NEUF - IMMONEUF - 2019-08-01 00:00:00 - ERROR - FILE_CHECK - expect_column_values_to_match_regex - AGENCE_CP - Unexpected value: 20106.0 on line 15, value should match regexp ^[0-9]{5}$
2019-08-23 09:08:53,028 - IMMO - FR.NEUF - IMMONEUF - 2019-08-01 00:00:00 - ERROR - FILE_CHECK - expect_column_values_to_match_regex - AGENCE_CP - Unexpected value: 20106.0 on line 16, value should match regexp ^[0-9]{5}$
2019-08-23 09:08:53,028 - IMMO - FR.NEUF - IMMONEUF - 2019-08-01 00:00:00 - ERROR - FILE_CHECK - expect_column_values_to_match_regex - AGENCE_CP - Unexpected value: 80444.0 on line 17, value should match regexp ^[0-9]{5}$
2019-08-23 09:08:53,028 - IMMO - FR.NEUF - IMMONEUF - 2019-08-01 00:00:00 - ERROR - FILE_CHECK - expect_column_values_to_match_regex - AGENCE_CP - Unexpected value: 92100.0 on line 18, value should match regexp ^[0-9]{5}$
2019-08-23 09:08:53,028 - IMMO - FR.NEUF - IMMONEUF - 2019-08-01 00:00:00 - ERROR - FILE_CHECK - expect_column_values_to_match_regex - AGENCE_CP - Unexpected value: 92100.0 on line 19, value should match regexp ^[0-9]{5}$
2019-08-23 09:08:53,028 - IMMO - FR.NEUF - IMMONEUF - 2019-08-01 00:00:00 - ERROR - FILE_CHECK - expect_column_values_to_match_regex - AGENCE_CP - Unexpected value: 13008.0 on line 20, value should match regexp ^[0-9]{5}$
2019-08-23 09:08:53,028 - IMMO - FR.NEUF - IMMONEUF - 2019-08-01 00:00:00 - ERROR - FILE_CHECK - expect_column_values_to_match_regex - AGENCE_CP - Unexpected value: 75008.0 on line 21, value should match regexp ^[0-9]{5}$
2019-08-23 09:08:53,028 - IMMO - FR.NEUF - IMMONEUF - 2019-08-01 00:00:00 - ERROR - STAT - expect_column_values_to_match_regex - AGENCE_CP - correctly filled rate (%) - 0.0
2019-08-23 09:08:53,029 - IMMO - FR.NEUF - IMMONEUF - 2019-08-01 00:00:00 - ERROR - STAT - expect_column_values_to_not_be_null - AGENCE_NOM - correctly filled rate (%) - 99.9
2019-08-23 09:08:53,029 - IMMO - FR.NEUF - IMMONEUF - 2019-08-01 00:00:00 - ERROR - STAT - expect_column_values_to_be_phone_number - AGENCE_TEL - correctly filled rate (%) - 100.0
2019-08-23 09:08:53,029 - IMMO - FR.NEUF - IMMONEUF - 2019-08-01 00:00:00 - ERROR - STAT - expect_column_values_to_not_be_null - AGENCE_TEL - correctly filled rate (%) - 95.83
2019-08-23 09:08:53,029 - IMMO - FR.NEUF - IMMONEUF - 2019-08-01 00:00:00 - ERROR - STAT - expect_column_values_to_not_be_null - AGENCE_VILLE - correctly filled rate (%) - 81.65
2019-08-23 09:08:53,029 - IMMO - FR.NEUF - IMMONEUF - 2019-08-01 00:00:00 - ERROR - STAT - expect_column_values_to_not_be_null - ANNONCE_DATE - correctly filled rate (%) - 0.0
2019-08-23 09:08:53,029 - IMMO - FR.NEUF - IMMONEUF - 2019-08-01 00:00:00 - ERROR - STAT - expect_column_values_to_not_be_null - ANNONCE_LINK - correctly filled rate (%) - 100.0
2019-08-23 09:08:53,029 - IMMO - FR.NEUF - IMMONEUF - 2019-08-01 00:00:00 - ERROR - STAT - expect_column_values_to_be_unique - ANNONCE_LINK - observed proportion - 100.0
2019-08-23 09:08:53,029 - IMMO - FR.NEUF - IMMONEUF - 2019-08-01 00:00:00 - ERROR - FILE_CHECK - expect_column_value_lengths_to_be_between - ANNONCE_TEXT - Unexpected characters count of: [Dernières opportunit...] on line  0, value length should be between 0 and 255
2019-08-23 09:08:53,029 - IMMO - FR.NEUF - IMMONEUF - 2019-08-01 00:00:00 - ERROR - FILE_CHECK - expect_column_value_lengths_to_be_between - ANNONCE_TEXT - Unexpected characters count of: [Profitez de notre de...] on line  1, value length should be between 0 and 255
2019-08-23 09:08:53,029 - IMMO - FR.NEUF - IMMONEUF - 2019-08-01 00:00:00 - ERROR - FILE_CHECK - expect_column_value_lengths_to_be_between - ANNONCE_TEXT - Unexpected characters count of: [Dans une commune en ...] on line  2, value length should be between 0 and 255
2019-08-23 09:08:53,029 - IMMO - FR.NEUF - IMMONEUF - 2019-08-01 00:00:00 - ERROR - FILE_CHECK - expect_column_value_lengths_to_be_between - ANNONCE_TEXT - Unexpected characters count of: [EMMENAGEZ CETTE ANNE...] on line  3, value length should be between 0 and 255
2019-08-23 09:08:53,029 - IMMO - FR.NEUF - IMMONEUF - 2019-08-01 00:00:00 - ERROR - FILE_CHECK - expect_column_value_lengths_to_be_between - ANNONCE_TEXT - Unexpected characters count of: [Au coeur d'Achères e...] on line  4, value length should be between 0 and 255
2019-08-23 09:08:53,030 - IMMO - FR.NEUF - IMMONEUF - 2019-08-01 00:00:00 - ERROR - FILE_CHECK - expect_column_value_lengths_to_be_between - ANNONCE_TEXT - Unexpected characters count of: [NOUVEAUTE! Venez déc...] on line  5, value length should be between 0 and 255
2019-08-23 09:08:53,030 - IMMO - FR.NEUF - IMMONEUF - 2019-08-01 00:00:00 - ERROR - FILE_CHECK - expect_column_value_lengths_to_be_between - ANNONCE_TEXT - Unexpected characters count of: [Découvrez notre nouv...] on line  6, value length should be between 0 and 255
2019-08-23 09:08:53,030 - IMMO - FR.NEUF - IMMONEUF - 2019-08-01 00:00:00 - ERROR - FILE_CHECK - expect_column_value_lengths_to_be_between - ANNONCE_TEXT - Unexpected characters count of: [L'entrée du Cap d'Ag...] on line  7, value length should be between 0 and 255
2019-08-23 09:08:53,030 - IMMO - FR.NEUF - IMMONEUF - 2019-08-01 00:00:00 - ERROR - FILE_CHECK - expect_column_value_lengths_to_be_between - ANNONCE_TEXT - Unexpected characters count of: [Aujourd'hui, Le Cap ...] on line  8, value length should be between 0 and 255
2019-08-23 09:08:53,030 - IMMO - FR.NEUF - IMMONEUF - 2019-08-01 00:00:00 - ERROR - FILE_CHECK - expect_column_value_lengths_to_be_between - ANNONCE_TEXT - Unexpected characters count of: [Au coeur de la Camar...] on line  9, value length should be between 0 and 255
2019-08-23 09:08:53,030 - IMMO - FR.NEUF - IMMONEUF - 2019-08-01 00:00:00 - ERROR - FILE_CHECK - expect_column_value_lengths_to_be_between - ANNONCE_TEXT - Unexpected characters count of: [SUR LES PISTES & VUE...] on line  10, value length should be between 0 and 255
2019-08-23 09:08:53,030 - IMMO - FR.NEUF - IMMONEUF - 2019-08-01 00:00:00 - ERROR - FILE_CHECK - expect_column_value_lengths_to_be_between - ANNONCE_TEXT - Unexpected characters count of: [AFFAIRES INCROYABLES...] on line  11, value length should be between 0 and 255
2019-08-23 09:08:53,030 - IMMO - FR.NEUF - IMMONEUF - 2019-08-01 00:00:00 - ERROR - FILE_CHECK - expect_column_value_lengths_to_be_between - ANNONCE_TEXT - Unexpected characters count of: [La société " Les Nou...] on line  12, value length should be between 0 and 255
2019-08-23 09:08:53,030 - IMMO - FR.NEUF - IMMONEUF - 2019-08-01 00:00:00 - ERROR - FILE_CHECK - expect_column_value_lengths_to_be_between - ANNONCE_TEXT - Unexpected characters count of: [Au pied de la montag...] on line  13, value length should be between 0 and 255
2019-08-23 09:08:53,030 - IMMO - FR.NEUF - IMMONEUF - 2019-08-01 00:00:00 - ERROR - FILE_CHECK - expect_column_value_lengths_to_be_between - ANNONCE_TEXT - Unexpected characters count of: [Villa des Arts vient...] on line  14, value length should be between 0 and 255
2019-08-23 09:08:53,030 - IMMO - FR.NEUF - IMMONEUF - 2019-08-01 00:00:00 - ERROR - FILE_CHECK - expect_column_value_lengths_to_be_between - ANNONCE_TEXT - Unexpected characters count of: [Les atouts d'un empl...] on line  15, value length should be between 0 and 255
2019-08-23 09:08:53,030 - IMMO - FR.NEUF - IMMONEUF - 2019-08-01 00:00:00 - ERROR - FILE_CHECK - expect_column_value_lengths_to_be_between - ANNONCE_TEXT - Unexpected characters count of: [Avec son architectur...] on line  16, value length should be between 0 and 255
2019-08-23 09:08:53,030 - IMMO - FR.NEUF - IMMONEUF - 2019-08-01 00:00:00 - ERROR - FILE_CHECK - expect_column_value_lengths_to_be_between - ANNONCE_TEXT - Unexpected characters count of: [La résidence Imagin'...] on line  17, value length should be between 0 and 255
2019-08-23 09:08:53,030 - IMMO - FR.NEUF - IMMONEUF - 2019-08-01 00:00:00 - ERROR - FILE_CHECK - expect_column_value_lengths_to_be_between - ANNONCE_TEXT - Unexpected characters count of: [TRAVAUX EN COURS // ...] on line  18, value length should be between 0 and 255
2019-08-23 09:08:53,031 - IMMO - FR.NEUF - IMMONEUF - 2019-08-01 00:00:00 - ERROR - FILE_CHECK - expect_column_value_lengths_to_be_between - ANNONCE_TEXT - Unexpected characters count of: [DERNIÈRES OPPORTUNIT...] on line  19, value length should be between 0 and 255
2019-08-23 09:08:53,031 - IMMO - FR.NEUF - IMMONEUF - 2019-08-01 00:00:00 - ERROR - STAT - expect_column_value_lengths_to_be_between - ANNONCE_TEXT - correctly filled rate (%) - 2.29
2019-08-23 09:08:53,031 - IMMO - FR.NEUF - IMMONEUF - 2019-08-01 00:00:00 - ERROR - STAT - expect_column_values_to_not_be_null - ANNONCE_TEXT - correctly filled rate (%) - 99.98
2019-08-23 09:08:53,031 - IMMO - FR.NEUF - IMMONEUF - 2019-08-01 00:00:00 - ERROR - STAT - expect_column_values_to_not_be_null - CATEGORIE - correctly filled rate (%) - 100.0
2019-08-23 09:08:53,031 - IMMO - FR.NEUF - IMMONEUF - 2019-08-01 00:00:00 - ERROR - STAT - expect_column_values_to_not_be_null - CP - correctly filled rate (%) - 99.98
2019-08-23 09:08:53,031 - IMMO - FR.NEUF - IMMONEUF - 2019-08-01 00:00:00 - ERROR - FILE_CHECK - expect_column_values_to_match_regex - CP - Unexpected value: 67204.0 on line 0, value should match regexp ^[0-9]{5}$
2019-08-23 09:08:53,031 - IMMO - FR.NEUF - IMMONEUF - 2019-08-01 00:00:00 - ERROR - FILE_CHECK - expect_column_values_to_match_regex - CP - Unexpected value: 67204.0 on line 1, value should match regexp ^[0-9]{5}$
2019-08-23 09:08:53,031 - IMMO - FR.NEUF - IMMONEUF - 2019-08-01 00:00:00 - ERROR - FILE_CHECK - expect_column_values_to_match_regex - CP - Unexpected value: 78260.0 on line 2, value should match regexp ^[0-9]{5}$
2019-08-23 09:08:53,031 - IMMO - FR.NEUF - IMMONEUF - 2019-08-01 00:00:00 - ERROR - FILE_CHECK - expect_column_values_to_match_regex - CP - Unexpected value: 78260.0 on line 3, value should match regexp ^[0-9]{5}$
2019-08-23 09:08:53,031 - IMMO - FR.NEUF - IMMONEUF - 2019-08-01 00:00:00 - ERROR - FILE_CHECK - expect_column_values_to_match_regex - CP - Unexpected value: 78260.0 on line 4, value should match regexp ^[0-9]{5}$
2019-08-23 09:08:53,031 - IMMO - FR.NEUF - IMMONEUF - 2019-08-01 00:00:00 - ERROR - FILE_CHECK - expect_column_values_to_match_regex - CP - Unexpected value: 35690.0 on line 5, value should match regexp ^[0-9]{5}$
2019-08-23 09:08:53,031 - IMMO - FR.NEUF - IMMONEUF - 2019-08-01 00:00:00 - ERROR - FILE_CHECK - expect_column_values_to_match_regex - CP - Unexpected value: 34300.0 on line 6, value should match regexp ^[0-9]{5}$
2019-08-23 09:08:53,031 - IMMO - FR.NEUF - IMMONEUF - 2019-08-01 00:00:00 - ERROR - FILE_CHECK - expect_column_values_to_match_regex - CP - Unexpected value: 34300.0 on line 7, value should match regexp ^[0-9]{5}$
2019-08-23 09:08:53,032 - IMMO - FR.NEUF - IMMONEUF - 2019-08-01 00:00:00 - ERROR - FILE_CHECK - expect_column_values_to_match_regex - CP - Unexpected value: 34300.0 on line 8, value should match regexp ^[0-9]{5}$
2019-08-23 09:08:53,032 - IMMO - FR.NEUF - IMMONEUF - 2019-08-01 00:00:00 - ERROR - FILE_CHECK - expect_column_values_to_match_regex - CP - Unexpected value: 30220.0 on line 9, value should match regexp ^[0-9]{5}$
2019-08-23 09:08:53,032 - IMMO - FR.NEUF - IMMONEUF - 2019-08-01 00:00:00 - ERROR - FILE_CHECK - expect_column_values_to_match_regex - CP - Unexpected value: 73210.0 on line 10, value should match regexp ^[0-9]{5}$
2019-08-23 09:08:53,032 - IMMO - FR.NEUF - IMMONEUF - 2019-08-01 00:00:00 - ERROR - FILE_CHECK - expect_column_values_to_match_regex - CP - Unexpected value: 13100.0 on line 11, value should match regexp ^[0-9]{5}$
2019-08-23 09:08:53,032 - IMMO - FR.NEUF - IMMONEUF - 2019-08-01 00:00:00 - ERROR - FILE_CHECK - expect_column_values_to_match_regex - CP - Unexpected value: 13540.0 on line 12, value should match regexp ^[0-9]{5}$
2019-08-23 09:08:53,032 - IMMO - FR.NEUF - IMMONEUF - 2019-08-01 00:00:00 - ERROR - FILE_CHECK - expect_column_values_to_match_regex - CP - Unexpected value: 13100.0 on line 13, value should match regexp ^[0-9]{5}$
2019-08-23 09:08:53,032 - IMMO - FR.NEUF - IMMONEUF - 2019-08-01 00:00:00 - ERROR - FILE_CHECK - expect_column_values_to_match_regex - CP - Unexpected value: 13100.0 on line 14, value should match regexp ^[0-9]{5}$
2019-08-23 09:08:53,032 - IMMO - FR.NEUF - IMMONEUF - 2019-08-01 00:00:00 - ERROR - FILE_CHECK - expect_column_values_to_match_regex - CP - Unexpected value: 13090.0 on line 15, value should match regexp ^[0-9]{5}$
2019-08-23 09:08:53,032 - IMMO - FR.NEUF - IMMONEUF - 2019-08-01 00:00:00 - ERROR - FILE_CHECK - expect_column_values_to_match_regex - CP - Unexpected value: 13080.0 on line 16, value should match regexp ^[0-9]{5}$
2019-08-23 09:08:53,032 - IMMO - FR.NEUF - IMMONEUF - 2019-08-01 00:00:00 - ERROR - FILE_CHECK - expect_column_values_to_match_regex - CP - Unexpected value: 13090.0 on line 17, value should match regexp ^[0-9]{5}$
2019-08-23 09:08:53,032 - IMMO - FR.NEUF - IMMONEUF - 2019-08-01 00:00:00 - ERROR - FILE_CHECK - expect_column_values_to_match_regex - CP - Unexpected value: 13100.0 on line 18, value should match regexp ^[0-9]{5}$
2019-08-23 09:08:53,032 - IMMO - FR.NEUF - IMMONEUF - 2019-08-01 00:00:00 - ERROR - FILE_CHECK - expect_column_values_to_match_regex - CP - Unexpected value: 13100.0 on line 19, value should match regexp ^[0-9]{5}$
2019-08-23 09:08:53,032 - IMMO - FR.NEUF - IMMONEUF - 2019-08-01 00:00:00 - ERROR - STAT - expect_column_values_to_match_regex - CP - correctly filled rate (%) - 0.0
2019-08-23 09:08:53,033 - IMMO - FR.NEUF - IMMONEUF - 2019-08-01 00:00:00 - ERROR - STAT - expect_column_values_to_not_be_null - DEPARTEMENT - correctly filled rate (%) - 99.96
2019-08-23 09:08:53,033 - IMMO - FR.NEUF - IMMONEUF - 2019-08-01 00:00:00 - ERROR - STAT - expect_returning_row_count - EVERY_COLUMNS - total number of rows - 4767
2019-08-23 09:08:53,033 - IMMO - FR.NEUF - IMMONEUF - 2019-08-01 00:00:00 - ERROR - STAT - expect_column_values_to_not_be_null - ID_CLIENT - correctly filled rate (%) - 99.98
2019-08-23 09:08:53,033 - IMMO - FR.NEUF - IMMONEUF - 2019-08-01 00:00:00 - ERROR - STAT - expect_column_values_to_be_unique - ID_CLIENT - observed proportion - 100.0
2019-08-23 09:08:53,033 - IMMO - FR.NEUF - IMMONEUF - 2019-08-01 00:00:00 - ERROR - FILE_CHECK - expect_column_values_to_be_of_type - M2_TOTALE - Wrong type for value: 75.0 on line 0 should be int
2019-08-23 09:08:53,033 - IMMO - FR.NEUF - IMMONEUF - 2019-08-01 00:00:00 - ERROR - FILE_CHECK - expect_column_values_to_be_of_type - M2_TOTALE - Wrong type for value: 79.0 on line 1 should be int
2019-08-23 09:08:53,033 - IMMO - FR.NEUF - IMMONEUF - 2019-08-01 00:00:00 - ERROR - FILE_CHECK - expect_column_values_to_be_of_type - M2_TOTALE - Wrong type for value: 33.0 on line 2 should be int
2019-08-23 09:08:53,033 - IMMO - FR.NEUF - IMMONEUF - 2019-08-01 00:00:00 - ERROR - FILE_CHECK - expect_column_values_to_be_of_type - M2_TOTALE - Wrong type for value: 45.0 on line 4 should be int
2019-08-23 09:08:53,033 - IMMO - FR.NEUF - IMMONEUF - 2019-08-01 00:00:00 - ERROR - FILE_CHECK - expect_column_values_to_be_of_type - M2_TOTALE - Wrong type for value: 47.0 on line 5 should be int
2019-08-23 09:08:53,033 - IMMO - FR.NEUF - IMMONEUF - 2019-08-01 00:00:00 - ERROR - FILE_CHECK - expect_column_values_to_be_of_type - M2_TOTALE - Wrong type for value: 32.0 on line 6 should be int
2019-08-23 09:08:53,033 - IMMO - FR.NEUF - IMMONEUF - 2019-08-01 00:00:00 - ERROR - FILE_CHECK - expect_column_values_to_be_of_type - M2_TOTALE - Wrong type for value: 32.0 on line 7 should be int
2019-08-23 09:08:53,033 - IMMO - FR.NEUF - IMMONEUF - 2019-08-01 00:00:00 - ERROR - FILE_CHECK - expect_column_values_to_be_of_type - M2_TOTALE - Wrong type for value: 30.0 on line 8 should be int
2019-08-23 09:08:53,033 - IMMO - FR.NEUF - IMMONEUF - 2019-08-01 00:00:00 - ERROR - FILE_CHECK - expect_column_values_to_be_of_type - M2_TOTALE - Wrong type for value: 43.0 on line 9 should be int
2019-08-23 09:08:53,034 - IMMO - FR.NEUF - IMMONEUF - 2019-08-01 00:00:00 - ERROR - FILE_CHECK - expect_column_values_to_be_of_type - M2_TOTALE - Wrong type for value: 46.0 on line 10 should be int
2019-08-23 09:08:53,034 - IMMO - FR.NEUF - IMMONEUF - 2019-08-01 00:00:00 - ERROR - FILE_CHECK - expect_column_values_to_be_of_type - M2_TOTALE - Wrong type for value: 65.0 on line 11 should be int
2019-08-23 09:08:53,034 - IMMO - FR.NEUF - IMMONEUF - 2019-08-01 00:00:00 - ERROR - FILE_CHECK - expect_column_values_to_be_of_type - M2_TOTALE - Wrong type for value: 45.0 on line 12 should be int
2019-08-23 09:08:53,034 - IMMO - FR.NEUF - IMMONEUF - 2019-08-01 00:00:00 - ERROR - FILE_CHECK - expect_column_values_to_be_of_type - M2_TOTALE - Wrong type for value: 46.0 on line 13 should be int
2019-08-23 09:08:53,034 - IMMO - FR.NEUF - IMMONEUF - 2019-08-01 00:00:00 - ERROR - FILE_CHECK - expect_column_values_to_be_of_type - M2_TOTALE - Wrong type for value: 40.0 on line 14 should be int
2019-08-23 09:08:53,034 - IMMO - FR.NEUF - IMMONEUF - 2019-08-01 00:00:00 - ERROR - FILE_CHECK - expect_column_values_to_be_of_type - M2_TOTALE - Wrong type for value: 28.0 on line 15 should be int
2019-08-23 09:08:53,034 - IMMO - FR.NEUF - IMMONEUF - 2019-08-01 00:00:00 - ERROR - FILE_CHECK - expect_column_values_to_be_of_type - M2_TOTALE - Wrong type for value: 65.0 on line 16 should be int
2019-08-23 09:08:53,034 - IMMO - FR.NEUF - IMMONEUF - 2019-08-01 00:00:00 - ERROR - FILE_CHECK - expect_column_values_to_be_of_type - M2_TOTALE - Wrong type for value: 62.0 on line 17 should be int
2019-08-23 09:08:53,034 - IMMO - FR.NEUF - IMMONEUF - 2019-08-01 00:00:00 - ERROR - FILE_CHECK - expect_column_values_to_be_of_type - M2_TOTALE - Wrong type for value: 39.0 on line 18 should be int
2019-08-23 09:08:53,034 - IMMO - FR.NEUF - IMMONEUF - 2019-08-01 00:00:00 - ERROR - FILE_CHECK - expect_column_values_to_be_of_type - M2_TOTALE - Wrong type for value: 65.0 on line 19 should be int
2019-08-23 09:08:53,034 - IMMO - FR.NEUF - IMMONEUF - 2019-08-01 00:00:00 - ERROR - FILE_CHECK - expect_column_values_to_be_of_type - M2_TOTALE - Wrong type for value: 58.0 on line 20 should be int
2019-08-23 09:08:53,034 - IMMO - FR.NEUF - IMMONEUF - 2019-08-01 00:00:00 - ERROR - STAT - expect_column_values_to_be_of_type - M2_TOTALE - correctly filled rate (%) - 0.0
2019-08-23 09:08:53,034 - IMMO - FR.NEUF - IMMONEUF - 2019-08-01 00:00:00 - ERROR - STAT - expect_column_values_to_not_be_null - M2_TOTALE - correctly filled rate (%) - 82.76
2019-08-23 09:08:53,035 - IMMO - FR.NEUF - IMMONEUF - 2019-08-01 00:00:00 - ERROR - STAT - expect_column_values_to_not_be_null - MAISON_APT - correctly filled rate (%) - 0.0
2019-08-23 09:08:53,035 - IMMO - FR.NEUF - IMMONEUF - 2019-08-01 00:00:00 - ERROR - STAT - expect_column_values_to_not_be_null - MINI_SITE_ID - correctly filled rate (%) - 100.0
2019-08-23 09:08:53,035 - IMMO - FR.NEUF - IMMONEUF - 2019-08-01 00:00:00 - ERROR - STAT - expect_column_values_to_not_be_null - NOM - correctly filled rate (%) - 99.98
2019-08-23 09:08:53,035 - IMMO - FR.NEUF - IMMONEUF - 2019-08-01 00:00:00 - ERROR - STAT - expect_column_value_lengths_to_be_between - NOM - correctly filled rate (%) - 100.0
2019-08-23 09:08:53,035 - IMMO - FR.NEUF - IMMONEUF - 2019-08-01 00:00:00 - ERROR - STAT - expect_column_values_to_match_regex - PAYS_AD - correctly filled rate (%) - 100.0
2019-08-23 09:08:53,035 - IMMO - FR.NEUF - IMMONEUF - 2019-08-01 00:00:00 - ERROR - STAT - expect_column_values_to_not_be_null - PAYS_AD - correctly filled rate (%) - 100.0
2019-08-23 09:08:53,035 - IMMO - FR.NEUF - IMMONEUF - 2019-08-01 00:00:00 - ERROR - STAT - expect_column_values_to_not_be_null - PHOTO - correctly filled rate (%) - 100.0
2019-08-23 09:08:53,035 - IMMO - FR.NEUF - IMMONEUF - 2019-08-01 00:00:00 - ERROR - STAT - expect_column_values_to_be_in_type_list - PHOTO - correctly filled rate (%) - 100.0
2019-08-23 09:08:53,035 - IMMO - FR.NEUF - IMMONEUF - 2019-08-01 00:00:00 - ERROR - STAT - expect_column_values_to_not_be_null - PIECE - correctly filled rate (%) - 87.63
2019-08-23 09:08:53,035 - IMMO - FR.NEUF - IMMONEUF - 2019-08-01 00:00:00 - ERROR - STAT - expect_column_values_to_be_in_type_list - PIECE - correctly filled rate (%) - 100.0
2019-08-23 09:08:53,035 - IMMO - FR.NEUF - IMMONEUF - 2019-08-01 00:00:00 - ERROR - FILE_CHECK - expect_column_values_to_be_of_type - PRIX - Wrong type for value: 248772.0 on line 0 should be int
2019-08-23 09:08:53,035 - IMMO - FR.NEUF - IMMONEUF - 2019-08-01 00:00:00 - ERROR - FILE_CHECK - expect_column_values_to_be_of_type - PRIX - Wrong type for value: 249447.0 on line 1 should be int
2019-08-23 09:08:53,036 - IMMO - FR.NEUF - IMMONEUF - 2019-08-01 00:00:00 - ERROR - FILE_CHECK - expect_column_values_to_be_of_type - PRIX - Wrong type for value: 180000.0 on line 2 should be int
2019-08-23 09:08:53,036 - IMMO - FR.NEUF - IMMONEUF - 2019-08-01 00:00:00 - ERROR - FILE_CHECK - expect_column_values_to_be_of_type - PRIX - Wrong type for value: 255000.0 on line 4 should be int
2019-08-23 09:08:53,036 - IMMO - FR.NEUF - IMMONEUF - 2019-08-01 00:00:00 - ERROR - FILE_CHECK - expect_column_values_to_be_of_type - PRIX - Wrong type for value: 163000.0 on line 5 should be int
2019-08-23 09:08:53,036 - IMMO - FR.NEUF - IMMONEUF - 2019-08-01 00:00:00 - ERROR - FILE_CHECK - expect_column_values_to_be_of_type - PRIX - Wrong type for value: 103000.0 on line 6 should be int
2019-08-23 09:08:53,036 - IMMO - FR.NEUF - IMMONEUF - 2019-08-01 00:00:00 - ERROR - FILE_CHECK - expect_column_values_to_be_of_type - PRIX - Wrong type for value: 169000.0 on line 7 should be int
2019-08-23 09:08:53,036 - IMMO - FR.NEUF - IMMONEUF - 2019-08-01 00:00:00 - ERROR - FILE_CHECK - expect_column_values_to_be_of_type - PRIX - Wrong type for value: 175000.0 on line 8 should be int
2019-08-23 09:08:53,036 - IMMO - FR.NEUF - IMMONEUF - 2019-08-01 00:00:00 - ERROR - FILE_CHECK - expect_column_values_to_be_of_type - PRIX - Wrong type for value: 171000.0 on line 9 should be int
2019-08-23 09:08:53,036 - IMMO - FR.NEUF - IMMONEUF - 2019-08-01 00:00:00 - ERROR - FILE_CHECK - expect_column_values_to_be_of_type - PRIX - Wrong type for value: 213777.0 on line 10 should be int
2019-08-23 09:08:53,036 - IMMO - FR.NEUF - IMMONEUF - 2019-08-01 00:00:00 - ERROR - FILE_CHECK - expect_column_values_to_be_of_type - PRIX - Wrong type for value: 357000.0 on line 11 should be int
2019-08-23 09:08:53,036 - IMMO - FR.NEUF - IMMONEUF - 2019-08-01 00:00:00 - ERROR - FILE_CHECK - expect_column_values_to_be_of_type - PRIX - Wrong type for value: 247000.0 on line 12 should be int
2019-08-23 09:08:53,036 - IMMO - FR.NEUF - IMMONEUF - 2019-08-01 00:00:00 - ERROR - FILE_CHECK - expect_column_values_to_be_of_type - PRIX - Wrong type for value: 248500.0 on line 13 should be int
2019-08-23 09:08:53,036 - IMMO - FR.NEUF - IMMONEUF - 2019-08-01 00:00:00 - ERROR - FILE_CHECK - expect_column_values_to_be_of_type - PRIX - Wrong type for value: 245000.0 on line 14 should be int
2019-08-23 09:08:53,036 - IMMO - FR.NEUF - IMMONEUF - 2019-08-01 00:00:00 - ERROR - FILE_CHECK - expect_column_values_to_be_of_type - PRIX - Wrong type for value: 193000.0 on line 15 should be int
2019-08-23 09:08:53,037 - IMMO - FR.NEUF - IMMONEUF - 2019-08-01 00:00:00 - ERROR - FILE_CHECK - expect_column_values_to_be_of_type - PRIX - Wrong type for value: 305000.0 on line 16 should be int
2019-08-23 09:08:53,037 - IMMO - FR.NEUF - IMMONEUF - 2019-08-01 00:00:00 - ERROR - FILE_CHECK - expect_column_values_to_be_of_type - PRIX - Wrong type for value: 326000.0 on line 17 should be int
2019-08-23 09:08:53,037 - IMMO - FR.NEUF - IMMONEUF - 2019-08-01 00:00:00 - ERROR - FILE_CHECK - expect_column_values_to_be_of_type - PRIX - Wrong type for value: 268000.0 on line 18 should be int
2019-08-23 09:08:53,037 - IMMO - FR.NEUF - IMMONEUF - 2019-08-01 00:00:00 - ERROR - FILE_CHECK - expect_column_values_to_be_of_type - PRIX - Wrong type for value: 459000.0 on line 19 should be int
2019-08-23 09:08:53,037 - IMMO - FR.NEUF - IMMONEUF - 2019-08-01 00:00:00 - ERROR - FILE_CHECK - expect_column_values_to_be_of_type - PRIX - Wrong type for value: 263000.0 on line 20 should be int
2019-08-23 09:08:53,037 - IMMO - FR.NEUF - IMMONEUF - 2019-08-01 00:00:00 - ERROR - STAT - expect_column_values_to_be_of_type - PRIX - correctly filled rate (%) - 0.0
2019-08-23 09:08:53,037 - IMMO - FR.NEUF - IMMONEUF - 2019-08-01 00:00:00 - ERROR - STAT - expect_column_values_to_not_be_null - PRIX - correctly filled rate (%) - 87.63
2019-08-23 09:08:53,037 - IMMO - FR.NEUF - IMMONEUF - 2019-08-01 00:00:00 - ERROR - STAT - expect_column_values_to_not_be_null - PRO_IND - correctly filled rate (%) - 100.0
2019-08-23 09:08:53,037 - IMMO - FR.NEUF - IMMONEUF - 2019-08-01 00:00:00 - ERROR - STAT - expect_column_values_to_be_in_set - PRO_IND - correctly filled rate (%) - 100.0
2019-08-23 09:08:53,037 - IMMO - FR.NEUF - IMMONEUF - 2019-08-01 00:00:00 - ERROR - STAT - expect_column_values_to_not_be_null - REGION - correctly filled rate (%) - 99.98
2019-08-23 09:08:53,037 - IMMO - FR.NEUF - IMMONEUF - 2019-08-01 00:00:00 - ERROR - STAT - expect_column_values_to_not_be_null - SELLER_TYPE - correctly filled rate (%) - 100.0
2019-08-23 09:08:53,037 - IMMO - FR.NEUF - IMMONEUF - 2019-08-01 00:00:00 - ERROR - STAT - expect_column_values_to_match_regex - SELLER_TYPE - correctly filled rate (%) - 100.0
2019-08-23 09:08:53,038 - IMMO - FR.NEUF - IMMONEUF - 2019-08-01 00:00:00 - ERROR - STAT - expect_column_values_to_match_regex - VILLE - correctly filled rate (%) - 100.0
2019-08-23 09:08:53,038 - IMMO - FR.NEUF - IMMONEUF - 2019-08-01 00:00:00 - ERROR - STAT - expect_column_values_to_not_be_null - VILLE - correctly filled rate (%) - 96.18
2019-08-23 09:08:53,038 - IMMO - FR.NEUF - IMMONEUF - 2019-08-01 00:00:00 - ERROR - STAT - expect_returning_row_unique_count - VILLE - total number of unique rows - 1215
2019-08-23 09:08:53,038 - IMMO - FR.NEUF - IMMONEUF - 2019-08-01 00:00:00 - ERROR - STAT - expect_returning_row_count_on_conditions - DEALER_LISTINGS - total number of row with conditions - 4768
2019-08-23 09:08:53,038 - IMMO - FR.NEUF - IMMONEUF - 2019-08-01 00:00:00 - ERROR - STAT - expect_returning_row_count_on_conditions - PRIVATE_LISTINGS - total number of row with conditions - 0
