2019-11-18 22:31:36,314 - IMMO - MX - PROPIEDADES - 2019-11-01 00:00:00 - ERROR - FILE_VALIDATE - expect_file_to_be_validated - EVERY_COLUMNS - False - 0
2019-11-18 22:31:36,314 - IMMO - MX - PROPIEDADES - 2019-11-01 00:00:00 - ERROR - STAT - expect_column_values_to_not_be_null - ACHAT_LOC - correctly filled rate (%) - 100.0
2019-11-18 22:31:36,314 - IMMO - MX - PROPIEDADES - 2019-11-01 00:00:00 - ERROR - FILE_VALIDATE - expect_column_values_to_not_be_null - ACHAT_LOC - True - 1
2019-11-18 22:31:36,314 - IMMO - MX - PROPIEDADES - 2019-11-01 00:00:00 - ERROR - STAT - expect_column_values_to_be_in_set - ACHAT_LOC - correctly filled rate (%) - 100.0
2019-11-18 22:31:36,314 - IMMO - MX - PROPIEDADES - 2019-11-01 00:00:00 - ERROR - FILE_VALIDATE - expect_column_values_to_be_in_set - ACHAT_LOC - True - 1
2019-11-18 22:31:36,314 - IMMO - MX - PROPIEDADES - 2019-11-01 00:00:00 - ERROR - STAT - expect_column_values_to_not_be_null - ADRESSE - correctly filled rate (%) - 0.0
2019-11-18 22:31:36,314 - IMMO - MX - PROPIEDADES - 2019-11-01 00:00:00 - ERROR - FILE_VALIDATE - expect_column_values_to_not_be_null - ADRESSE - False - 0
2019-11-18 22:31:36,314 - IMMO - MX - PROPIEDADES - 2019-11-01 00:00:00 - ERROR - STAT - expect_column_values_to_not_be_null - AGENCE_ADRESSE - correctly filled rate (%) - 0.0
2019-11-18 22:31:36,314 - IMMO - MX - PROPIEDADES - 2019-11-01 00:00:00 - ERROR - FILE_VALIDATE - expect_column_values_to_not_be_null - AGENCE_ADRESSE - False - 0
2019-11-18 22:31:36,315 - IMMO - MX - PROPIEDADES - 2019-11-01 00:00:00 - ERROR - STAT - expect_column_values_to_not_be_null - AGENCE_CP - correctly filled rate (%) - 0.0
2019-11-18 22:31:36,315 - IMMO - MX - PROPIEDADES - 2019-11-01 00:00:00 - ERROR - FILE_VALIDATE - expect_column_values_to_not_be_null - AGENCE_CP - False - 0
2019-11-18 22:31:36,315 - IMMO - MX - PROPIEDADES - 2019-11-01 00:00:00 - ERROR - STAT - expect_column_values_to_not_be_null - AGENCE_NOM - correctly filled rate (%) - 0.0
2019-11-18 22:31:36,315 - IMMO - MX - PROPIEDADES - 2019-11-01 00:00:00 - ERROR - FILE_VALIDATE - expect_column_values_to_not_be_null - AGENCE_NOM - False - 0
2019-11-18 22:31:36,315 - IMMO - MX - PROPIEDADES - 2019-11-01 00:00:00 - ERROR - STAT - expect_column_values_to_not_be_null - AGENCE_TEL - correctly filled rate (%) - 0.0
2019-11-18 22:31:36,315 - IMMO - MX - PROPIEDADES - 2019-11-01 00:00:00 - ERROR - FILE_VALIDATE - expect_column_values_to_not_be_null - AGENCE_TEL - False - 0
2019-11-18 22:31:36,315 - IMMO - MX - PROPIEDADES - 2019-11-01 00:00:00 - ERROR - STAT - expect_column_values_to_not_be_null - AGENCE_VILLE - correctly filled rate (%) - 0.0
2019-11-18 22:31:36,315 - IMMO - MX - PROPIEDADES - 2019-11-01 00:00:00 - ERROR - FILE_VALIDATE - expect_column_values_to_not_be_null - AGENCE_VILLE - False - 0
2019-11-18 22:31:36,315 - IMMO - MX - PROPIEDADES - 2019-11-01 00:00:00 - ERROR - STAT - expect_column_values_to_not_be_null - ANNONCE_DATE - correctly filled rate (%) - 100.0
2019-11-18 22:31:36,315 - IMMO - MX - PROPIEDADES - 2019-11-01 00:00:00 - ERROR - FILE_VALIDATE - expect_column_values_to_not_be_null - ANNONCE_DATE - True - 1
2019-11-18 22:31:36,315 - IMMO - MX - PROPIEDADES - 2019-11-01 00:00:00 - ERROR - STAT - expect_column_values_to_not_be_null - ANNONCE_LINK - correctly filled rate (%) - 100.0
2019-11-18 22:31:36,315 - IMMO - MX - PROPIEDADES - 2019-11-01 00:00:00 - ERROR - FILE_VALIDATE - expect_column_values_to_not_be_null - ANNONCE_LINK - True - 1
2019-11-18 22:31:36,315 - IMMO - MX - PROPIEDADES - 2019-11-01 00:00:00 - ERROR - STAT - expect_column_values_to_be_unique - ANNONCE_LINK - observed proportion - 100.0
2019-11-18 22:31:36,315 - IMMO - MX - PROPIEDADES - 2019-11-01 00:00:00 - ERROR - FILE_VALIDATE - expect_column_values_to_be_unique - ANNONCE_LINK - True - 1
2019-11-18 22:31:36,315 - IMMO - MX - PROPIEDADES - 2019-11-01 00:00:00 - ERROR - FILE_CHECK - expect_column_value_lengths_to_be_between - ANNONCE_TEXT - Unexpected characters count of: [VENDO HERMOSA CASA E...] on line  17, value length should be between 0 and 255
2019-11-18 22:31:36,315 - IMMO - MX - PROPIEDADES - 2019-11-01 00:00:00 - ERROR - FILE_CHECK - expect_column_value_lengths_to_be_between - ANNONCE_TEXT - Unexpected characters count of: [VENTA: $5.000,000 M/...] on line  33, value length should be between 0 and 255
2019-11-18 22:31:36,316 - IMMO - MX - PROPIEDADES - 2019-11-01 00:00:00 - ERROR - FILE_CHECK - expect_column_value_lengths_to_be_between - ANNONCE_TEXT - Unexpected characters count of: [Se Renta Patio de ma...] on line  43, value length should be between 0 and 255
2019-11-18 22:31:36,316 - IMMO - MX - PROPIEDADES - 2019-11-01 00:00:00 - ERROR - FILE_CHECK - expect_column_value_lengths_to_be_between - ANNONCE_TEXT - Unexpected characters count of: [TERRENO PLANO DE 550...] on line  47, value length should be between 0 and 255
2019-11-18 22:31:36,316 - IMMO - MX - PROPIEDADES - 2019-11-01 00:00:00 - ERROR - FILE_CHECK - expect_column_value_lengths_to_be_between - ANNONCE_TEXT - Unexpected characters count of: [SE RENTA CASA COLONI...] on line  49, value length should be between 0 and 255
2019-11-18 22:31:36,316 - IMMO - MX - PROPIEDADES - 2019-11-01 00:00:00 - ERROR - FILE_CHECK - expect_column_value_lengths_to_be_between - ANNONCE_TEXT - Unexpected characters count of: [Haz realidad tu sueñ...] on line  56, value length should be between 0 and 255
2019-11-18 22:31:36,316 - IMMO - MX - PROPIEDADES - 2019-11-01 00:00:00 - ERROR - FILE_CHECK - expect_column_value_lengths_to_be_between - ANNONCE_TEXT - Unexpected characters count of: [EXCELENTE PROPIEDAD ...] on line  57, value length should be between 0 and 255
2019-11-18 22:31:36,316 - IMMO - MX - PROPIEDADES - 2019-11-01 00:00:00 - ERROR - FILE_CHECK - expect_column_value_lengths_to_be_between - ANNONCE_TEXT - Unexpected characters count of: [Terreno en Renta de ...] on line  58, value length should be between 0 and 255
2019-11-18 22:31:36,316 - IMMO - MX - PROPIEDADES - 2019-11-01 00:00:00 - ERROR - FILE_CHECK - expect_column_value_lengths_to_be_between - ANNONCE_TEXT - Unexpected characters count of: [Amplia y cómoda casa...] on line  59, value length should be between 0 and 255
2019-11-18 22:31:36,316 - IMMO - MX - PROPIEDADES - 2019-11-01 00:00:00 - ERROR - FILE_CHECK - expect_column_value_lengths_to_be_between - ANNONCE_TEXT - Unexpected characters count of: [RENTA CASA DE 3 RECA...] on line  61, value length should be between 0 and 255
2019-11-18 22:31:36,316 - IMMO - MX - PROPIEDADES - 2019-11-01 00:00:00 - ERROR - FILE_CHECK - expect_column_value_lengths_to_be_between - ANNONCE_TEXT - Unexpected characters count of: [Amplia y hermosa cas...] on line  64, value length should be between 0 and 255
2019-11-18 22:31:36,316 - IMMO - MX - PROPIEDADES - 2019-11-01 00:00:00 - ERROR - FILE_CHECK - expect_column_value_lengths_to_be_between - ANNONCE_TEXT - Unexpected characters count of: [R115 SE RENTA TERREN...] on line  67, value length should be between 0 and 255
2019-11-18 22:31:36,316 - IMMO - MX - PROPIEDADES - 2019-11-01 00:00:00 - ERROR - FILE_CHECK - expect_column_value_lengths_to_be_between - ANNONCE_TEXT - Unexpected characters count of: [TERRENO COMERCIAL, E...] on line  70, value length should be between 0 and 255
2019-11-18 22:31:36,316 - IMMO - MX - PROPIEDADES - 2019-11-01 00:00:00 - ERROR - FILE_CHECK - expect_column_value_lengths_to_be_between - ANNONCE_TEXT - Unexpected characters count of: [En Renta terreno de ...] on line  83, value length should be between 0 and 255
2019-11-18 22:31:36,316 - IMMO - MX - PROPIEDADES - 2019-11-01 00:00:00 - ERROR - FILE_CHECK - expect_column_value_lengths_to_be_between - ANNONCE_TEXT - Unexpected characters count of: [ESPECTACULAR CASA EN...] on line  84, value length should be between 0 and 255
2019-11-18 22:31:36,316 - IMMO - MX - PROPIEDADES - 2019-11-01 00:00:00 - ERROR - FILE_CHECK - expect_column_value_lengths_to_be_between - ANNONCE_TEXT - Unexpected characters count of: [Hermoso departamento...] on line  85, value length should be between 0 and 255
2019-11-18 22:31:36,316 - IMMO - MX - PROPIEDADES - 2019-11-01 00:00:00 - ERROR - FILE_CHECK - expect_column_value_lengths_to_be_between - ANNONCE_TEXT - Unexpected characters count of: [Hermoso departamento...] on line  86, value length should be between 0 and 255
2019-11-18 22:31:36,316 - IMMO - MX - PROPIEDADES - 2019-11-01 00:00:00 - ERROR - FILE_CHECK - expect_column_value_lengths_to_be_between - ANNONCE_TEXT - Unexpected characters count of: [Casa de 3 recámaras ...] on line  88, value length should be between 0 and 255
2019-11-18 22:31:36,316 - IMMO - MX - PROPIEDADES - 2019-11-01 00:00:00 - ERROR - FILE_CHECK - expect_column_value_lengths_to_be_between - ANNONCE_TEXT - Unexpected characters count of: [Increible departamen...] on line  90, value length should be between 0 and 255
2019-11-18 22:31:36,316 - IMMO - MX - PROPIEDADES - 2019-11-01 00:00:00 - ERROR - FILE_CHECK - expect_column_value_lengths_to_be_between - ANNONCE_TEXT - Unexpected characters count of: [Renta preciosa casa ...] on line  91, value length should be between 0 and 255
2019-11-18 22:31:36,317 - IMMO - MX - PROPIEDADES - 2019-11-01 00:00:00 - ERROR - STAT - expect_column_value_lengths_to_be_between - ANNONCE_TEXT - correctly filled rate (%) - 24.94
2019-11-18 22:31:36,317 - IMMO - MX - PROPIEDADES - 2019-11-01 00:00:00 - ERROR - FILE_VALIDATE - expect_column_value_lengths_to_be_between - ANNONCE_TEXT - False - 0
2019-11-18 22:31:36,317 - IMMO - MX - PROPIEDADES - 2019-11-01 00:00:00 - ERROR - STAT - expect_column_values_to_not_be_null - ANNONCE_TEXT - correctly filled rate (%) - 99.56
2019-11-18 22:31:36,317 - IMMO - MX - PROPIEDADES - 2019-11-01 00:00:00 - ERROR - FILE_VALIDATE - expect_column_values_to_not_be_null - ANNONCE_TEXT - False - 0
2019-11-18 22:31:36,317 - IMMO - MX - PROPIEDADES - 2019-11-01 00:00:00 - ERROR - STAT - expect_column_values_to_not_be_null - CATEGORIE - correctly filled rate (%) - 100.0
2019-11-18 22:31:36,317 - IMMO - MX - PROPIEDADES - 2019-11-01 00:00:00 - ERROR - FILE_VALIDATE - expect_column_values_to_not_be_null - CATEGORIE - False - 0
2019-11-18 22:31:36,317 - IMMO - MX - PROPIEDADES - 2019-11-01 00:00:00 - ERROR - STAT - expect_column_values_to_not_be_null - CP - correctly filled rate (%) - 99.96
2019-11-18 22:31:36,317 - IMMO - MX - PROPIEDADES - 2019-11-01 00:00:00 - ERROR - FILE_VALIDATE - expect_column_values_to_not_be_null - CP - True - 1
2019-11-18 22:31:36,317 - IMMO - MX - PROPIEDADES - 2019-11-01 00:00:00 - ERROR - FILE_CHECK - expect_column_values_to_match_regex - CP - Unexpected value: 7140 on line 156790, value should match regexp ^[0-9]{5}$
2019-11-18 22:31:36,317 - IMMO - MX - PROPIEDADES - 2019-11-01 00:00:00 - ERROR - FILE_CHECK - expect_column_values_to_match_regex - CP - Unexpected value: 1810 on line 168013, value should match regexp ^[0-9]{5}$
2019-11-18 22:31:36,317 - IMMO - MX - PROPIEDADES - 2019-11-01 00:00:00 - ERROR - STAT - expect_column_values_to_match_regex - CP - correctly filled rate (%) - 100.0
2019-11-18 22:31:36,317 - IMMO - MX - PROPIEDADES - 2019-11-01 00:00:00 - ERROR - FILE_VALIDATE - expect_column_values_to_match_regex - CP - False - 0
2019-11-18 22:31:36,317 - IMMO - MX - PROPIEDADES - 2019-11-01 00:00:00 - ERROR - STAT - expect_column_values_to_not_be_null - DEPARTEMENT - correctly filled rate (%) - 0.0
2019-11-18 22:31:36,317 - IMMO - MX - PROPIEDADES - 2019-11-01 00:00:00 - ERROR - FILE_VALIDATE - expect_column_values_to_not_be_null - DEPARTEMENT - False - 0
2019-11-18 22:31:36,317 - IMMO - MX - PROPIEDADES - 2019-11-01 00:00:00 - ERROR - STAT - expect_returning_row_count - EVERY_COLUMNS - total number of rows - 565782
2019-11-18 22:31:36,317 - IMMO - MX - PROPIEDADES - 2019-11-01 00:00:00 - ERROR - STAT - expect_column_values_to_not_be_null - ID_CLIENT - correctly filled rate (%) - 100.0
2019-11-18 22:31:36,317 - IMMO - MX - PROPIEDADES - 2019-11-01 00:00:00 - ERROR - FILE_VALIDATE - expect_column_values_to_not_be_null - ID_CLIENT - True - 1
2019-11-18 22:31:36,317 - IMMO - MX - PROPIEDADES - 2019-11-01 00:00:00 - ERROR - STAT - expect_column_values_to_be_unique - ID_CLIENT - observed proportion - 100.0
2019-11-18 22:31:36,318 - IMMO - MX - PROPIEDADES - 2019-11-01 00:00:00 - ERROR - FILE_VALIDATE - expect_column_values_to_be_unique - ID_CLIENT - True - 1
2019-11-18 22:31:36,318 - IMMO - MX - PROPIEDADES - 2019-11-01 00:00:00 - ERROR - FILE_CHECK - expect_column_values_to_be_of_type - M2_TOTALE - Wrong type for value: 7186.25 on line 0 should be int
2019-11-18 22:31:36,318 - IMMO - MX - PROPIEDADES - 2019-11-01 00:00:00 - ERROR - FILE_CHECK - expect_column_values_to_be_of_type - M2_TOTALE - Wrong type for value: 2,284.69 on line 1 should be int
2019-11-18 22:31:36,318 - IMMO - MX - PROPIEDADES - 2019-11-01 00:00:00 - ERROR - FILE_CHECK - expect_column_values_to_be_of_type - M2_TOTALE - Wrong type for value: 4.69 on line 2 should be int
2019-11-18 22:31:36,318 - IMMO - MX - PROPIEDADES - 2019-11-01 00:00:00 - ERROR - FILE_CHECK - expect_column_values_to_be_of_type - M2_TOTALE - Wrong type for value: 10.00 on line 3 should be int
2019-11-18 22:31:36,318 - IMMO - MX - PROPIEDADES - 2019-11-01 00:00:00 - ERROR - FILE_CHECK - expect_column_values_to_be_of_type - M2_TOTALE - Wrong type for value: 624 on line 4 should be int
2019-11-18 22:31:36,318 - IMMO - MX - PROPIEDADES - 2019-11-01 00:00:00 - ERROR - FILE_CHECK - expect_column_values_to_be_of_type - M2_TOTALE - Wrong type for value: 228 on line 5 should be int
2019-11-18 22:31:36,318 - IMMO - MX - PROPIEDADES - 2019-11-01 00:00:00 - ERROR - FILE_CHECK - expect_column_values_to_be_of_type - M2_TOTALE - Wrong type for value: 2.00 on line 6 should be int
2019-11-18 22:31:36,318 - IMMO - MX - PROPIEDADES - 2019-11-01 00:00:00 - ERROR - FILE_CHECK - expect_column_values_to_be_of_type - M2_TOTALE - Wrong type for value: 1750 on line 7 should be int
2019-11-18 22:31:36,318 - IMMO - MX - PROPIEDADES - 2019-11-01 00:00:00 - ERROR - FILE_CHECK - expect_column_values_to_be_of_type - M2_TOTALE - Wrong type for value: 1600 on line 8 should be int
2019-11-18 22:31:36,318 - IMMO - MX - PROPIEDADES - 2019-11-01 00:00:00 - ERROR - FILE_CHECK - expect_column_values_to_be_of_type - M2_TOTALE - Wrong type for value: 17.00 on line 9 should be int
2019-11-18 22:31:36,318 - IMMO - MX - PROPIEDADES - 2019-11-01 00:00:00 - ERROR - FILE_CHECK - expect_column_values_to_be_of_type - M2_TOTALE - Wrong type for value: 270 on line 10 should be int
2019-11-18 22:31:36,318 - IMMO - MX - PROPIEDADES - 2019-11-01 00:00:00 - ERROR - FILE_CHECK - expect_column_values_to_be_of_type - M2_TOTALE - Wrong type for value: 960 on line 12 should be int
2019-11-18 22:31:36,318 - IMMO - MX - PROPIEDADES - 2019-11-01 00:00:00 - ERROR - FILE_CHECK - expect_column_values_to_be_of_type - M2_TOTALE - Wrong type for value: 6.28 on line 13 should be int
2019-11-18 22:31:36,318 - IMMO - MX - PROPIEDADES - 2019-11-01 00:00:00 - ERROR - FILE_CHECK - expect_column_values_to_be_of_type - M2_TOTALE - Wrong type for value: 625 on line 14 should be int
2019-11-18 22:31:36,318 - IMMO - MX - PROPIEDADES - 2019-11-01 00:00:00 - ERROR - FILE_CHECK - expect_column_values_to_be_of_type - M2_TOTALE - Wrong type for value: 6400 on line 15 should be int
2019-11-18 22:31:36,318 - IMMO - MX - PROPIEDADES - 2019-11-01 00:00:00 - ERROR - FILE_CHECK - expect_column_values_to_be_of_type - M2_TOTALE - Wrong type for value: 250 on line 16 should be int
2019-11-18 22:31:36,318 - IMMO - MX - PROPIEDADES - 2019-11-01 00:00:00 - ERROR - FILE_CHECK - expect_column_values_to_be_of_type - M2_TOTALE - Wrong type for value: 225 on line 18 should be int
2019-11-18 22:31:36,319 - IMMO - MX - PROPIEDADES - 2019-11-01 00:00:00 - ERROR - FILE_CHECK - expect_column_values_to_be_of_type - M2_TOTALE - Wrong type for value: 17.91 on line 19 should be int
2019-11-18 22:31:36,319 - IMMO - MX - PROPIEDADES - 2019-11-01 00:00:00 - ERROR - FILE_CHECK - expect_column_values_to_be_of_type - M2_TOTALE - Wrong type for value: 50.00 on line 20 should be int
2019-11-18 22:31:36,319 - IMMO - MX - PROPIEDADES - 2019-11-01 00:00:00 - ERROR - FILE_CHECK - expect_column_values_to_be_of_type - M2_TOTALE - Wrong type for value: 1.72 on line 21 should be int
2019-11-18 22:31:36,319 - IMMO - MX - PROPIEDADES - 2019-11-01 00:00:00 - ERROR - STAT - expect_column_values_to_be_of_type - M2_TOTALE - correctly filled rate (%) - 0.0
2019-11-18 22:31:36,319 - IMMO - MX - PROPIEDADES - 2019-11-01 00:00:00 - ERROR - FILE_VALIDATE - expect_column_values_to_be_of_type - M2_TOTALE - False - 0
2019-11-18 22:31:36,319 - IMMO - MX - PROPIEDADES - 2019-11-01 00:00:00 - ERROR - STAT - expect_column_values_to_not_be_null - M2_TOTALE - correctly filled rate (%) - 94.07
2019-11-18 22:31:36,319 - IMMO - MX - PROPIEDADES - 2019-11-01 00:00:00 - ERROR - FILE_VALIDATE - expect_column_values_to_not_be_null - M2_TOTALE - True - 1
2019-11-18 22:31:36,319 - IMMO - MX - PROPIEDADES - 2019-11-01 00:00:00 - ERROR - STAT - expect_column_values_to_not_be_null - MAISON_APT - correctly filled rate (%) - 0.0
2019-11-18 22:31:36,319 - IMMO - MX - PROPIEDADES - 2019-11-01 00:00:00 - ERROR - FILE_VALIDATE - expect_column_values_to_not_be_null - MAISON_APT - False - 0
2019-11-18 22:31:36,319 - IMMO - MX - PROPIEDADES - 2019-11-01 00:00:00 - ERROR - STAT - expect_column_values_to_not_be_null - MINI_SITE_ID - correctly filled rate (%) - 0.0
2019-11-18 22:31:36,319 - IMMO - MX - PROPIEDADES - 2019-11-01 00:00:00 - ERROR - FILE_VALIDATE - expect_column_values_to_not_be_null - MINI_SITE_ID - False - 0
2019-11-18 22:31:36,319 - IMMO - MX - PROPIEDADES - 2019-11-01 00:00:00 - ERROR - STAT - expect_column_values_to_not_be_null - NOM - correctly filled rate (%) - 53.39
2019-11-18 22:31:36,319 - IMMO - MX - PROPIEDADES - 2019-11-01 00:00:00 - ERROR - FILE_VALIDATE - expect_column_values_to_not_be_null - NOM - False - 0
2019-11-18 22:31:36,319 - IMMO - MX - PROPIEDADES - 2019-11-01 00:00:00 - ERROR - STAT - expect_column_value_lengths_to_be_between - NOM - correctly filled rate (%) - 100.0
2019-11-18 22:31:36,319 - IMMO - MX - PROPIEDADES - 2019-11-01 00:00:00 - ERROR - FILE_VALIDATE - expect_column_value_lengths_to_be_between - NOM - True - 1
2019-11-18 22:31:36,319 - IMMO - MX - PROPIEDADES - 2019-11-01 00:00:00 - ERROR - STAT - expect_column_values_to_not_be_null - PAYS_AD - correctly filled rate (%) - 0.0
2019-11-18 22:31:36,319 - IMMO - MX - PROPIEDADES - 2019-11-01 00:00:00 - ERROR - FILE_VALIDATE - expect_column_values_to_not_be_null - PAYS_AD - False - 0
2019-11-18 22:31:36,319 - IMMO - MX - PROPIEDADES - 2019-11-01 00:00:00 - ERROR - STAT - expect_column_values_to_not_be_null - PHOTO - correctly filled rate (%) - 100.0
2019-11-18 22:31:36,320 - IMMO - MX - PROPIEDADES - 2019-11-01 00:00:00 - ERROR - FILE_VALIDATE - expect_column_values_to_not_be_null - PHOTO - True - 1
2019-11-18 22:31:36,320 - IMMO - MX - PROPIEDADES - 2019-11-01 00:00:00 - ERROR - STAT - expect_column_values_to_be_in_type_list - PHOTO - correctly filled rate (%) - 100.0
2019-11-18 22:31:36,320 - IMMO - MX - PROPIEDADES - 2019-11-01 00:00:00 - ERROR - FILE_VALIDATE - expect_column_values_to_be_in_type_list - PHOTO - True - 1
2019-11-18 22:31:36,320 - IMMO - MX - PROPIEDADES - 2019-11-01 00:00:00 - ERROR - STAT - expect_column_values_to_not_be_null - PIECE - correctly filled rate (%) - 73.29
2019-11-18 22:31:36,320 - IMMO - MX - PROPIEDADES - 2019-11-01 00:00:00 - ERROR - FILE_VALIDATE - expect_column_values_to_not_be_null - PIECE - False - 0
2019-11-18 22:31:36,320 - IMMO - MX - PROPIEDADES - 2019-11-01 00:00:00 - ERROR - STAT - expect_column_values_to_be_in_type_list - PIECE - correctly filled rate (%) - 96.35
2019-11-18 22:31:36,320 - IMMO - MX - PROPIEDADES - 2019-11-01 00:00:00 - ERROR - FILE_VALIDATE - expect_column_values_to_be_in_type_list - PIECE - True - 1
2019-11-18 22:31:36,320 - IMMO - MX - PROPIEDADES - 2019-11-01 00:00:00 - ERROR - FILE_CHECK - expect_column_values_to_be_of_type - PRIX - Wrong type for value: 2.75 MDP on line 0 should be int
2019-11-18 22:31:36,320 - IMMO - MX - PROPIEDADES - 2019-11-01 00:00:00 - ERROR - FILE_CHECK - expect_column_values_to_be_of_type - PRIX - Wrong type for value: 59 MDP on line 1 should be int
2019-11-18 22:31:36,320 - IMMO - MX - PROPIEDADES - 2019-11-01 00:00:00 - ERROR - FILE_CHECK - expect_column_values_to_be_of_type - PRIX - Wrong type for value: 22.5 MDP on line 2 should be int
2019-11-18 22:31:36,320 - IMMO - MX - PROPIEDADES - 2019-11-01 00:00:00 - ERROR - FILE_CHECK - expect_column_values_to_be_of_type - PRIX - Wrong type for value: 472.5 MDP on line 3 should be int
2019-11-18 22:31:36,320 - IMMO - MX - PROPIEDADES - 2019-11-01 00:00:00 - ERROR - FILE_CHECK - expect_column_values_to_be_of_type - PRIX - Wrong type for value: 6.5 MDP on line 4 should be int
2019-11-18 22:31:36,320 - IMMO - MX - PROPIEDADES - 2019-11-01 00:00:00 - ERROR - FILE_CHECK - expect_column_values_to_be_of_type - PRIX - Wrong type for value: 3.9 MDP on line 5 should be int
2019-11-18 22:31:36,320 - IMMO - MX - PROPIEDADES - 2019-11-01 00:00:00 - ERROR - FILE_CHECK - expect_column_values_to_be_of_type - PRIX - Wrong type for value: 1.2 MDP on line 6 should be int
2019-11-18 22:31:36,320 - IMMO - MX - PROPIEDADES - 2019-11-01 00:00:00 - ERROR - FILE_CHECK - expect_column_values_to_be_of_type - PRIX - Wrong type for value: 10 MDP on line 7 should be int
2019-11-18 22:31:36,320 - IMMO - MX - PROPIEDADES - 2019-11-01 00:00:00 - ERROR - FILE_CHECK - expect_column_values_to_be_of_type - PRIX - Wrong type for value: 150 mil MN on line 8 should be int
2019-11-18 22:31:36,320 - IMMO - MX - PROPIEDADES - 2019-11-01 00:00:00 - ERROR - FILE_CHECK - expect_column_values_to_be_of_type - PRIX - Wrong type for value: 37.4 MDP on line 9 should be int
2019-11-18 22:31:36,320 - IMMO - MX - PROPIEDADES - 2019-11-01 00:00:00 - ERROR - FILE_CHECK - expect_column_values_to_be_of_type - PRIX - Wrong type for value: 275 mil MN on line 10 should be int
2019-11-18 22:31:36,321 - IMMO - MX - PROPIEDADES - 2019-11-01 00:00:00 - ERROR - FILE_CHECK - expect_column_values_to_be_of_type - PRIX - Wrong type for value: 550 mil MN on line 11 should be int
2019-11-18 22:31:36,321 - IMMO - MX - PROPIEDADES - 2019-11-01 00:00:00 - ERROR - FILE_CHECK - expect_column_values_to_be_of_type - PRIX - Wrong type for value: 2.5 MDP on line 12 should be int
2019-11-18 22:31:36,321 - IMMO - MX - PROPIEDADES - 2019-11-01 00:00:00 - ERROR - FILE_CHECK - expect_column_values_to_be_of_type - PRIX - Wrong type for value: 94.23 MDP on line 13 should be int
2019-11-18 22:31:36,321 - IMMO - MX - PROPIEDADES - 2019-11-01 00:00:00 - ERROR - FILE_CHECK - expect_column_values_to_be_of_type - PRIX - Wrong type for value: 12.5 MDP on line 14 should be int
2019-11-18 22:31:36,321 - IMMO - MX - PROPIEDADES - 2019-11-01 00:00:00 - ERROR - FILE_CHECK - expect_column_values_to_be_of_type - PRIX - Wrong type for value: 12.8 MDP on line 15 should be int
2019-11-18 22:31:36,321 - IMMO - MX - PROPIEDADES - 2019-11-01 00:00:00 - ERROR - FILE_CHECK - expect_column_values_to_be_of_type - PRIX - Wrong type for value: 800 mil MN on line 16 should be int
2019-11-18 22:31:36,321 - IMMO - MX - PROPIEDADES - 2019-11-01 00:00:00 - ERROR - FILE_CHECK - expect_column_values_to_be_of_type - PRIX - Wrong type for value: 3.8 MDP on line 17 should be int
2019-11-18 22:31:36,321 - IMMO - MX - PROPIEDADES - 2019-11-01 00:00:00 - ERROR - FILE_CHECK - expect_column_values_to_be_of_type - PRIX - Wrong type for value: 1.2 MDP on line 18 should be int
2019-11-18 22:31:36,321 - IMMO - MX - PROPIEDADES - 2019-11-01 00:00:00 - ERROR - FILE_CHECK - expect_column_values_to_be_of_type - PRIX - Wrong type for value: 40 MDP on line 19 should be int
2019-11-18 22:31:36,321 - IMMO - MX - PROPIEDADES - 2019-11-01 00:00:00 - ERROR - STAT - expect_column_values_to_be_of_type - PRIX - correctly filled rate (%) - 0.0
2019-11-18 22:31:36,321 - IMMO - MX - PROPIEDADES - 2019-11-01 00:00:00 - ERROR - FILE_VALIDATE - expect_column_values_to_be_of_type - PRIX - False - 0
2019-11-18 22:31:36,321 - IMMO - MX - PROPIEDADES - 2019-11-01 00:00:00 - ERROR - STAT - expect_column_values_to_not_be_null - PRIX - correctly filled rate (%) - 100.0
2019-11-18 22:31:36,321 - IMMO - MX - PROPIEDADES - 2019-11-01 00:00:00 - ERROR - FILE_VALIDATE - expect_column_values_to_not_be_null - PRIX - True - 1
2019-11-18 22:31:36,321 - IMMO - MX - PROPIEDADES - 2019-11-01 00:00:00 - ERROR - STAT - expect_column_values_to_not_be_null - PRO_IND - correctly filled rate (%) - 0.0
2019-11-18 22:31:36,321 - IMMO - MX - PROPIEDADES - 2019-11-01 00:00:00 - ERROR - FILE_VALIDATE - expect_column_values_to_not_be_null - PRO_IND - False - 0
2019-11-18 22:31:36,321 - IMMO - MX - PROPIEDADES - 2019-11-01 00:00:00 - ERROR - STAT - expect_column_values_to_not_be_null - REGION - correctly filled rate (%) - 0.0
2019-11-18 22:31:36,321 - IMMO - MX - PROPIEDADES - 2019-11-01 00:00:00 - ERROR - FILE_VALIDATE - expect_column_values_to_not_be_null - REGION - False - 0
2019-11-18 22:31:36,321 - IMMO - MX - PROPIEDADES - 2019-11-01 00:00:00 - ERROR - STAT - expect_column_values_to_not_be_null - SELLER_TYPE - correctly filled rate (%) - 0.0
2019-11-18 22:31:36,322 - IMMO - MX - PROPIEDADES - 2019-11-01 00:00:00 - ERROR - FILE_VALIDATE - expect_column_values_to_not_be_null - SELLER_TYPE - False - 0
2019-11-18 22:31:36,322 - IMMO - MX - PROPIEDADES - 2019-11-01 00:00:00 - ERROR - STAT - expect_column_values_to_match_regex - VILLE - correctly filled rate (%) - 100.0
2019-11-18 22:31:36,322 - IMMO - MX - PROPIEDADES - 2019-11-01 00:00:00 - ERROR - FILE_VALIDATE - expect_column_values_to_match_regex - VILLE - True - 1
2019-11-18 22:31:36,322 - IMMO - MX - PROPIEDADES - 2019-11-01 00:00:00 - ERROR - STAT - expect_column_values_to_not_be_null - VILLE - correctly filled rate (%) - 100.0
2019-11-18 22:31:36,322 - IMMO - MX - PROPIEDADES - 2019-11-01 00:00:00 - ERROR - FILE_VALIDATE - expect_column_values_to_not_be_null - VILLE - True - 1
2019-11-18 22:31:36,322 - IMMO - MX - PROPIEDADES - 2019-11-01 00:00:00 - ERROR - STAT - expect_returning_row_unique_count - VILLE - total number of unique rows - 1196
2019-11-18 22:31:36,322 - IMMO - MX - PROPIEDADES - 2019-11-01 00:00:00 - ERROR - STAT - expect_returning_row_count_on_conditions - DEALER_LISTINGS - total number of row with conditions - 0
2019-11-18 22:31:36,322 - IMMO - MX - PROPIEDADES - 2019-11-01 00:00:00 - ERROR - STAT - expect_returning_row_count_on_conditions - PRIVATE_LISTINGS - total number of row with conditions - 0
