2019-11-23 11:05:07,679 - VO - DE - PKW - 2019-11-01 00:00:00 - ERROR - FILE_VALIDATE - expect_file_to_be_validated - EVERY_COLUMNS - False - 0
2019-11-23 11:05:07,680 - VO - DE - PKW - 2019-11-01 00:00:00 - ERROR - STAT - expect_column_values_to_not_be_null - ADRESSE - correctly filled rate (%) - 94.87
2019-11-23 11:05:07,680 - VO - DE - PKW - 2019-11-01 00:00:00 - ERROR - FILE_VALIDATE - expect_column_values_to_not_be_null - ADRESSE - True - 1
2019-11-23 11:05:07,680 - VO - DE - PKW - 2019-11-01 00:00:00 - ERROR - STAT - expect_column_values_to_be_in_type_list - ANNEE - correctly filled rate (%) - 100.0
2019-11-23 11:05:07,680 - VO - DE - PKW - 2019-11-01 00:00:00 - ERROR - FILE_VALIDATE - expect_column_values_to_be_in_type_list - ANNEE - True - 1
2019-11-23 11:05:07,680 - VO - DE - PKW - 2019-11-01 00:00:00 - ERROR - STAT - expect_column_values_to_be_between - ANNEE - correctly filled rate (%) - 97.21
2019-11-23 11:05:07,680 - VO - DE - PKW - 2019-11-01 00:00:00 - ERROR - STAT - expect_column_values_to_be_between - ANNEE - unexpected count - 12272
2019-11-23 11:05:07,680 - VO - DE - PKW - 2019-11-01 00:00:00 - ERROR - FILE_VALIDATE - expect_column_values_to_be_between - ANNEE - True - 1
2019-11-23 11:05:07,680 - VO - DE - PKW - 2019-11-01 00:00:00 - ERROR - STAT - expect_column_values_to_not_be_null - ANNEE - correctly filled rate (%) - 100.0
2019-11-23 11:05:07,680 - VO - DE - PKW - 2019-11-01 00:00:00 - ERROR - FILE_VALIDATE - expect_column_values_to_not_be_null - ANNEE - True - 1
2019-11-23 11:05:07,680 - VO - DE - PKW - 2019-11-01 00:00:00 - ERROR - FILE_CHECK - expect_column_values_to_match_regex - ANNEE - Unexpected value: 0 on line 25, value should match regexp ^[0-9]{4}$
2019-11-23 11:05:07,680 - VO - DE - PKW - 2019-11-01 00:00:00 - ERROR - FILE_CHECK - expect_column_values_to_match_regex - ANNEE - Unexpected value: 0 on line 31, value should match regexp ^[0-9]{4}$
2019-11-23 11:05:07,681 - VO - DE - PKW - 2019-11-01 00:00:00 - ERROR - FILE_CHECK - expect_column_values_to_match_regex - ANNEE - Unexpected value: 0 on line 44, value should match regexp ^[0-9]{4}$
2019-11-23 11:05:07,681 - VO - DE - PKW - 2019-11-01 00:00:00 - ERROR - FILE_CHECK - expect_column_values_to_match_regex - ANNEE - Unexpected value: 0 on line 50, value should match regexp ^[0-9]{4}$
2019-11-23 11:05:07,681 - VO - DE - PKW - 2019-11-01 00:00:00 - ERROR - FILE_CHECK - expect_column_values_to_match_regex - ANNEE - Unexpected value: 0 on line 74, value should match regexp ^[0-9]{4}$
2019-11-23 11:05:07,681 - VO - DE - PKW - 2019-11-01 00:00:00 - ERROR - FILE_CHECK - expect_column_values_to_match_regex - ANNEE - Unexpected value: 0 on line 167, value should match regexp ^[0-9]{4}$
2019-11-23 11:05:07,681 - VO - DE - PKW - 2019-11-01 00:00:00 - ERROR - FILE_CHECK - expect_column_values_to_match_regex - ANNEE - Unexpected value: 0 on line 210, value should match regexp ^[0-9]{4}$
2019-11-23 11:05:07,681 - VO - DE - PKW - 2019-11-01 00:00:00 - ERROR - FILE_CHECK - expect_column_values_to_match_regex - ANNEE - Unexpected value: 0 on line 254, value should match regexp ^[0-9]{4}$
2019-11-23 11:05:07,681 - VO - DE - PKW - 2019-11-01 00:00:00 - ERROR - FILE_CHECK - expect_column_values_to_match_regex - ANNEE - Unexpected value: 0 on line 296, value should match regexp ^[0-9]{4}$
2019-11-23 11:05:07,681 - VO - DE - PKW - 2019-11-01 00:00:00 - ERROR - FILE_CHECK - expect_column_values_to_match_regex - ANNEE - Unexpected value: 0 on line 310, value should match regexp ^[0-9]{4}$
2019-11-23 11:05:07,681 - VO - DE - PKW - 2019-11-01 00:00:00 - ERROR - FILE_CHECK - expect_column_values_to_match_regex - ANNEE - Unexpected value: 0 on line 433, value should match regexp ^[0-9]{4}$
2019-11-23 11:05:07,681 - VO - DE - PKW - 2019-11-01 00:00:00 - ERROR - FILE_CHECK - expect_column_values_to_match_regex - ANNEE - Unexpected value: 0 on line 459, value should match regexp ^[0-9]{4}$
2019-11-23 11:05:07,681 - VO - DE - PKW - 2019-11-01 00:00:00 - ERROR - FILE_CHECK - expect_column_values_to_match_regex - ANNEE - Unexpected value: 0 on line 541, value should match regexp ^[0-9]{4}$
2019-11-23 11:05:07,681 - VO - DE - PKW - 2019-11-01 00:00:00 - ERROR - FILE_CHECK - expect_column_values_to_match_regex - ANNEE - Unexpected value: 0 on line 545, value should match regexp ^[0-9]{4}$
2019-11-23 11:05:07,681 - VO - DE - PKW - 2019-11-01 00:00:00 - ERROR - FILE_CHECK - expect_column_values_to_match_regex - ANNEE - Unexpected value: 0 on line 552, value should match regexp ^[0-9]{4}$
2019-11-23 11:05:07,681 - VO - DE - PKW - 2019-11-01 00:00:00 - ERROR - FILE_CHECK - expect_column_values_to_match_regex - ANNEE - Unexpected value: 0 on line 592, value should match regexp ^[0-9]{4}$
2019-11-23 11:05:07,681 - VO - DE - PKW - 2019-11-01 00:00:00 - ERROR - FILE_CHECK - expect_column_values_to_match_regex - ANNEE - Unexpected value: 0 on line 619, value should match regexp ^[0-9]{4}$
2019-11-23 11:05:07,681 - VO - DE - PKW - 2019-11-01 00:00:00 - ERROR - FILE_CHECK - expect_column_values_to_match_regex - ANNEE - Unexpected value: 0 on line 676, value should match regexp ^[0-9]{4}$
2019-11-23 11:05:07,681 - VO - DE - PKW - 2019-11-01 00:00:00 - ERROR - FILE_CHECK - expect_column_values_to_match_regex - ANNEE - Unexpected value: 0 on line 688, value should match regexp ^[0-9]{4}$
2019-11-23 11:05:07,682 - VO - DE - PKW - 2019-11-01 00:00:00 - ERROR - FILE_CHECK - expect_column_values_to_match_regex - ANNEE - Unexpected value: 0 on line 735, value should match regexp ^[0-9]{4}$
2019-11-23 11:05:07,682 - VO - DE - PKW - 2019-11-01 00:00:00 - ERROR - STAT - expect_column_values_to_match_regex - ANNEE - correctly filled rate (%) - 97.49
2019-11-23 11:05:07,682 - VO - DE - PKW - 2019-11-01 00:00:00 - ERROR - FILE_VALIDATE - expect_column_values_to_match_regex - ANNEE - False - 0
2019-11-23 11:05:07,682 - VO - DE - PKW - 2019-11-01 00:00:00 - ERROR - STAT - expect_column_values_to_not_be_null - ANNONCE_LINK - correctly filled rate (%) - 100.0
2019-11-23 11:05:07,682 - VO - DE - PKW - 2019-11-01 00:00:00 - ERROR - FILE_VALIDATE - expect_column_values_to_not_be_null - ANNONCE_LINK - True - 1
2019-11-23 11:05:07,682 - VO - DE - PKW - 2019-11-01 00:00:00 - ERROR - STAT - expect_column_values_to_be_unique - ANNONCE_LINK - observed proportion - 100.0
2019-11-23 11:05:07,682 - VO - DE - PKW - 2019-11-01 00:00:00 - ERROR - FILE_VALIDATE - expect_column_values_to_be_unique - ANNONCE_LINK - True - 1
2019-11-23 11:05:07,682 - VO - DE - PKW - 2019-11-01 00:00:00 - ERROR - STAT - expect_column_values_to_not_be_null - CARBURANT - correctly filled rate (%) - 95.69
2019-11-23 11:05:07,682 - VO - DE - PKW - 2019-11-01 00:00:00 - ERROR - FILE_VALIDATE - expect_column_values_to_not_be_null - CARBURANT - True - 1
2019-11-23 11:05:07,682 - VO - DE - PKW - 2019-11-01 00:00:00 - ERROR - STAT - expect_column_values_to_not_be_null - CARROSSERIE - correctly filled rate (%) - 94.87
2019-11-23 11:05:07,682 - VO - DE - PKW - 2019-11-01 00:00:00 - ERROR - FILE_VALIDATE - expect_column_values_to_not_be_null - CARROSSERIE - True - 1
2019-11-23 11:05:07,682 - VO - DE - PKW - 2019-11-01 00:00:00 - ERROR - STAT - expect_column_values_to_not_be_null - CP - correctly filled rate (%) - 94.87
2019-11-23 11:05:07,682 - VO - DE - PKW - 2019-11-01 00:00:00 - ERROR - FILE_VALIDATE - expect_column_values_to_not_be_null - CP - True - 1
2019-11-23 11:05:07,682 - VO - DE - PKW - 2019-11-01 00:00:00 - ERROR - STAT - expect_column_values_to_match_regex - CP - correctly filled rate (%) - 98.41
2019-11-23 11:05:07,682 - VO - DE - PKW - 2019-11-01 00:00:00 - ERROR - FILE_VALIDATE - expect_column_values_to_match_regex - CP - True - 1
2019-11-23 11:05:07,682 - VO - DE - PKW - 2019-11-01 00:00:00 - ERROR - STAT - expect_column_values_to_not_be_null - GARAGE_ID - correctly filled rate (%) - 0.0
2019-11-23 11:05:07,682 - VO - DE - PKW - 2019-11-01 00:00:00 - ERROR - FILE_VALIDATE - expect_column_values_to_not_be_null - GARAGE_ID - False - 0
2019-11-23 11:05:07,682 - VO - DE - PKW - 2019-11-01 00:00:00 - ERROR - STAT - expect_column_values_to_not_be_null - ID_CLIENT - correctly filled rate (%) - 100.0
2019-11-23 11:05:07,683 - VO - DE - PKW - 2019-11-01 00:00:00 - ERROR - FILE_VALIDATE - expect_column_values_to_not_be_null - ID_CLIENT - True - 1
2019-11-23 11:05:07,683 - VO - DE - PKW - 2019-11-01 00:00:00 - ERROR - STAT - expect_column_values_to_be_unique - ID_CLIENT - observed proportion - 100.0
2019-11-23 11:05:07,683 - VO - DE - PKW - 2019-11-01 00:00:00 - ERROR - FILE_VALIDATE - expect_column_values_to_be_unique - ID_CLIENT - True - 1
2019-11-23 11:05:07,683 - VO - DE - PKW - 2019-11-01 00:00:00 - ERROR - STAT - expect_returning_row_count - EVERY_COLUMNS - total number of rows - 440517
2019-11-23 11:05:07,683 - VO - DE - PKW - 2019-11-01 00:00:00 - ERROR - STAT - expect_column_values_to_not_be_null - IMMAT - correctly filled rate (%) - 100.0
2019-11-23 11:05:07,683 - VO - DE - PKW - 2019-11-01 00:00:00 - ERROR - FILE_VALIDATE - expect_column_values_to_not_be_null - IMMAT - True - 1
2019-11-23 11:05:07,683 - VO - DE - PKW - 2019-11-01 00:00:00 - ERROR - STAT - expect_column_values_to_be_in_type_list - KM - correctly filled rate (%) - 100.0
2019-11-23 11:05:07,683 - VO - DE - PKW - 2019-11-01 00:00:00 - ERROR - FILE_VALIDATE - expect_column_values_to_be_in_type_list - KM - True - 1
2019-11-23 11:05:07,683 - VO - DE - PKW - 2019-11-01 00:00:00 - ERROR - STAT - expect_column_values_to_not_be_null - KM - correctly filled rate (%) - 100.0
2019-11-23 11:05:07,683 - VO - DE - PKW - 2019-11-01 00:00:00 - ERROR - FILE_VALIDATE - expect_column_values_to_not_be_null - KM - True - 1
2019-11-23 11:05:07,683 - VO - DE - PKW - 2019-11-01 00:00:00 - ERROR - STAT - expect_column_values_to_be_in_type_list - LITRE - correctly filled rate (%) - 100.0
2019-11-23 11:05:07,683 - VO - DE - PKW - 2019-11-01 00:00:00 - ERROR - FILE_VALIDATE - expect_column_values_to_be_in_type_list - LITRE - True - 1
2019-11-23 11:05:07,683 - VO - DE - PKW - 2019-11-01 00:00:00 - ERROR - STAT - expect_column_values_to_not_be_null - LITRE - correctly filled rate (%) - 100.0
2019-11-23 11:05:07,683 - VO - DE - PKW - 2019-11-01 00:00:00 - ERROR - FILE_VALIDATE - expect_column_values_to_not_be_null - LITRE - True - 1
2019-11-23 11:05:07,683 - VO - DE - PKW - 2019-11-01 00:00:00 - ERROR - STAT - expect_column_values_to_not_be_null - MARQUE - correctly filled rate (%) - 94.87
2019-11-23 11:05:07,683 - VO - DE - PKW - 2019-11-01 00:00:00 - ERROR - FILE_VALIDATE - expect_column_values_to_not_be_null - MARQUE - True - 1
2019-11-23 11:05:07,683 - VO - DE - PKW - 2019-11-01 00:00:00 - ERROR - STAT - expect_column_values_to_not_be_null - MODELE - correctly filled rate (%) - 94.87
2019-11-23 11:05:07,684 - VO - DE - PKW - 2019-11-01 00:00:00 - ERROR - FILE_VALIDATE - expect_column_values_to_not_be_null - MODELE - True - 1
2019-11-23 11:05:07,684 - VO - DE - PKW - 2019-11-01 00:00:00 - ERROR - STAT - expect_column_values_to_not_be_null - MOIS - correctly filled rate (%) - 100.0
2019-11-23 11:05:07,684 - VO - DE - PKW - 2019-11-01 00:00:00 - ERROR - FILE_VALIDATE - expect_column_values_to_not_be_null - MOIS - True - 1
2019-11-23 11:05:07,684 - VO - DE - PKW - 2019-11-01 00:00:00 - ERROR - FILE_CHECK - expect_column_values_to_be_between - MOIS - Unexpected value: 0 on line 25, value should be between 1 and 12
2019-11-23 11:05:07,684 - VO - DE - PKW - 2019-11-01 00:00:00 - ERROR - FILE_CHECK - expect_column_values_to_be_between - MOIS - Unexpected value: 0 on line 31, value should be between 1 and 12
2019-11-23 11:05:07,684 - VO - DE - PKW - 2019-11-01 00:00:00 - ERROR - FILE_CHECK - expect_column_values_to_be_between - MOIS - Unexpected value: 0 on line 44, value should be between 1 and 12
2019-11-23 11:05:07,684 - VO - DE - PKW - 2019-11-01 00:00:00 - ERROR - FILE_CHECK - expect_column_values_to_be_between - MOIS - Unexpected value: 0 on line 50, value should be between 1 and 12
2019-11-23 11:05:07,684 - VO - DE - PKW - 2019-11-01 00:00:00 - ERROR - FILE_CHECK - expect_column_values_to_be_between - MOIS - Unexpected value: 0 on line 74, value should be between 1 and 12
2019-11-23 11:05:07,684 - VO - DE - PKW - 2019-11-01 00:00:00 - ERROR - FILE_CHECK - expect_column_values_to_be_between - MOIS - Unexpected value: 0 on line 167, value should be between 1 and 12
2019-11-23 11:05:07,684 - VO - DE - PKW - 2019-11-01 00:00:00 - ERROR - FILE_CHECK - expect_column_values_to_be_between - MOIS - Unexpected value: 0 on line 210, value should be between 1 and 12
2019-11-23 11:05:07,684 - VO - DE - PKW - 2019-11-01 00:00:00 - ERROR - FILE_CHECK - expect_column_values_to_be_between - MOIS - Unexpected value: 0 on line 254, value should be between 1 and 12
2019-11-23 11:05:07,684 - VO - DE - PKW - 2019-11-01 00:00:00 - ERROR - FILE_CHECK - expect_column_values_to_be_between - MOIS - Unexpected value: 0 on line 296, value should be between 1 and 12
2019-11-23 11:05:07,684 - VO - DE - PKW - 2019-11-01 00:00:00 - ERROR - FILE_CHECK - expect_column_values_to_be_between - MOIS - Unexpected value: 0 on line 310, value should be between 1 and 12
2019-11-23 11:05:07,684 - VO - DE - PKW - 2019-11-01 00:00:00 - ERROR - FILE_CHECK - expect_column_values_to_be_between - MOIS - Unexpected value: 0 on line 433, value should be between 1 and 12
2019-11-23 11:05:07,684 - VO - DE - PKW - 2019-11-01 00:00:00 - ERROR - FILE_CHECK - expect_column_values_to_be_between - MOIS - Unexpected value: 0 on line 459, value should be between 1 and 12
2019-11-23 11:05:07,684 - VO - DE - PKW - 2019-11-01 00:00:00 - ERROR - FILE_CHECK - expect_column_values_to_be_between - MOIS - Unexpected value: 0 on line 541, value should be between 1 and 12
2019-11-23 11:05:07,684 - VO - DE - PKW - 2019-11-01 00:00:00 - ERROR - FILE_CHECK - expect_column_values_to_be_between - MOIS - Unexpected value: 0 on line 545, value should be between 1 and 12
2019-11-23 11:05:07,684 - VO - DE - PKW - 2019-11-01 00:00:00 - ERROR - FILE_CHECK - expect_column_values_to_be_between - MOIS - Unexpected value: 0 on line 552, value should be between 1 and 12
2019-11-23 11:05:07,685 - VO - DE - PKW - 2019-11-01 00:00:00 - ERROR - FILE_CHECK - expect_column_values_to_be_between - MOIS - Unexpected value: 0 on line 592, value should be between 1 and 12
2019-11-23 11:05:07,685 - VO - DE - PKW - 2019-11-01 00:00:00 - ERROR - FILE_CHECK - expect_column_values_to_be_between - MOIS - Unexpected value: 0 on line 619, value should be between 1 and 12
2019-11-23 11:05:07,685 - VO - DE - PKW - 2019-11-01 00:00:00 - ERROR - FILE_CHECK - expect_column_values_to_be_between - MOIS - Unexpected value: 0 on line 676, value should be between 1 and 12
2019-11-23 11:05:07,685 - VO - DE - PKW - 2019-11-01 00:00:00 - ERROR - FILE_CHECK - expect_column_values_to_be_between - MOIS - Unexpected value: 0 on line 688, value should be between 1 and 12
2019-11-23 11:05:07,685 - VO - DE - PKW - 2019-11-01 00:00:00 - ERROR - FILE_CHECK - expect_column_values_to_be_between - MOIS - Unexpected value: 0 on line 735, value should be between 1 and 12
2019-11-23 11:05:07,685 - VO - DE - PKW - 2019-11-01 00:00:00 - ERROR - STAT - expect_column_values_to_be_between - MOIS - correctly filled rate (%) - 97.49
2019-11-23 11:05:07,685 - VO - DE - PKW - 2019-11-01 00:00:00 - ERROR - STAT - expect_column_values_to_be_between - MOIS - unexpected count - 11039
2019-11-23 11:05:07,685 - VO - DE - PKW - 2019-11-01 00:00:00 - ERROR - FILE_VALIDATE - expect_column_values_to_be_between - MOIS - False - 0
2019-11-23 11:05:07,685 - VO - DE - PKW - 2019-11-01 00:00:00 - ERROR - STAT - expect_column_values_to_match_regex - MOIS - correctly filled rate (%) - 100.0
2019-11-23 11:05:07,685 - VO - DE - PKW - 2019-11-01 00:00:00 - ERROR - FILE_VALIDATE - expect_column_values_to_match_regex - MOIS - True - 1
2019-11-23 11:05:07,685 - VO - DE - PKW - 2019-11-01 00:00:00 - ERROR - STAT - expect_column_values_to_not_be_null - NOM - correctly filled rate (%) - 97.49
2019-11-23 11:05:07,685 - VO - DE - PKW - 2019-11-01 00:00:00 - ERROR - FILE_VALIDATE - expect_column_values_to_not_be_null - NOM - True - 1
2019-11-23 11:05:07,685 - VO - DE - PKW - 2019-11-01 00:00:00 - ERROR - FILE_CHECK - expect_column_value_lengths_to_be_between - NOM - Unexpected characters count of: [Audi A4...] on line  26, value length should be between 10 and 255
2019-11-23 11:05:07,685 - VO - DE - PKW - 2019-11-01 00:00:00 - ERROR - FILE_CHECK - expect_column_value_lengths_to_be_between - NOM - Unexpected characters count of: [Fiat Qubo...] on line  124, value length should be between 10 and 255
2019-11-23 11:05:07,685 - VO - DE - PKW - 2019-11-01 00:00:00 - ERROR - FILE_CHECK - expect_column_value_lengths_to_be_between - NOM - Unexpected characters count of: [Audi Q3...] on line  290, value length should be between 10 and 255
2019-11-23 11:05:07,685 - VO - DE - PKW - 2019-11-01 00:00:00 - ERROR - FILE_CHECK - expect_column_value_lengths_to_be_between - NOM - Unexpected characters count of: [VW Passat...] on line  624, value length should be between 10 and 255
2019-11-23 11:05:07,685 - VO - DE - PKW - 2019-11-01 00:00:00 - ERROR - FILE_CHECK - expect_column_value_lengths_to_be_between - NOM - Unexpected characters count of: [Audi Q7...] on line  684, value length should be between 10 and 255
2019-11-23 11:05:07,686 - VO - DE - PKW - 2019-11-01 00:00:00 - ERROR - FILE_CHECK - expect_column_value_lengths_to_be_between - NOM - Unexpected characters count of: [VW Touran...] on line  1106, value length should be between 10 and 255
2019-11-23 11:05:07,686 - VO - DE - PKW - 2019-11-01 00:00:00 - ERROR - FILE_CHECK - expect_column_value_lengths_to_be_between - NOM - Unexpected characters count of: [VW Tiguan...] on line  1258, value length should be between 10 and 255
2019-11-23 11:05:07,686 - VO - DE - PKW - 2019-11-01 00:00:00 - ERROR - FILE_CHECK - expect_column_value_lengths_to_be_between - NOM - Unexpected characters count of: [Audi Q3...] on line  1279, value length should be between 10 and 255
2019-11-23 11:05:07,686 - VO - DE - PKW - 2019-11-01 00:00:00 - ERROR - FILE_CHECK - expect_column_value_lengths_to_be_between - NOM - Unexpected characters count of: [BMW 120 i...] on line  1749, value length should be between 10 and 255
2019-11-23 11:05:07,686 - VO - DE - PKW - 2019-11-01 00:00:00 - ERROR - FILE_CHECK - expect_column_value_lengths_to_be_between - NOM - Unexpected characters count of: [BMW 318 i...] on line  2099, value length should be between 10 and 255
2019-11-23 11:05:07,686 - VO - DE - PKW - 2019-11-01 00:00:00 - ERROR - FILE_CHECK - expect_column_value_lengths_to_be_between - NOM - Unexpected characters count of: [Kia Ceed...] on line  2207, value length should be between 10 and 255
2019-11-23 11:05:07,686 - VO - DE - PKW - 2019-11-01 00:00:00 - ERROR - FILE_CHECK - expect_column_value_lengths_to_be_between - NOM - Unexpected characters count of: [BMW X5 M...] on line  2298, value length should be between 10 and 255
2019-11-23 11:05:07,686 - VO - DE - PKW - 2019-11-01 00:00:00 - ERROR - FILE_CHECK - expect_column_value_lengths_to_be_between - NOM - Unexpected characters count of: [VW Golf...] on line  2508, value length should be between 10 and 255
2019-11-23 11:05:07,686 - VO - DE - PKW - 2019-11-01 00:00:00 - ERROR - FILE_CHECK - expect_column_value_lengths_to_be_between - NOM - Unexpected characters count of: [Kia XCeed...] on line  2805, value length should be between 10 and 255
2019-11-23 11:05:07,686 - VO - DE - PKW - 2019-11-01 00:00:00 - ERROR - FILE_CHECK - expect_column_value_lengths_to_be_between - NOM - Unexpected characters count of: [Kia Ceed...] on line  2866, value length should be between 10 and 255
2019-11-23 11:05:07,686 - VO - DE - PKW - 2019-11-01 00:00:00 - ERROR - FILE_CHECK - expect_column_value_lengths_to_be_between - NOM - Unexpected characters count of: [Ford Ka +...] on line  2975, value length should be between 10 and 255
2019-11-23 11:05:07,686 - VO - DE - PKW - 2019-11-01 00:00:00 - ERROR - FILE_CHECK - expect_column_value_lengths_to_be_between - NOM - Unexpected characters count of: [Fiat 500...] on line  2976, value length should be between 10 and 255
2019-11-23 11:05:07,686 - VO - DE - PKW - 2019-11-01 00:00:00 - ERROR - FILE_CHECK - expect_column_value_lengths_to_be_between - NOM - Unexpected characters count of: [BMW X3...] on line  3005, value length should be between 10 and 255
2019-11-23 11:05:07,686 - VO - DE - PKW - 2019-11-01 00:00:00 - ERROR - FILE_CHECK - expect_column_value_lengths_to_be_between - NOM - Unexpected characters count of: [MG TF 135...] on line  3039, value length should be between 10 and 255
2019-11-23 11:05:07,686 - VO - DE - PKW - 2019-11-01 00:00:00 - ERROR - FILE_CHECK - expect_column_value_lengths_to_be_between - NOM - Unexpected characters count of: [Audi Q2...] on line  3196, value length should be between 10 and 255
2019-11-23 11:05:07,686 - VO - DE - PKW - 2019-11-01 00:00:00 - ERROR - STAT - expect_column_value_lengths_to_be_between - NOM - correctly filled rate (%) - 98.98
2019-11-23 11:05:07,686 - VO - DE - PKW - 2019-11-01 00:00:00 - ERROR - FILE_VALIDATE - expect_column_value_lengths_to_be_between - NOM - False - 0
2019-11-23 11:05:07,686 - VO - DE - PKW - 2019-11-01 00:00:00 - ERROR - STAT - expect_column_values_to_not_be_null - OPTIONS - correctly filled rate (%) - 0.0
2019-11-23 11:05:07,687 - VO - DE - PKW - 2019-11-01 00:00:00 - ERROR - FILE_VALIDATE - expect_column_values_to_not_be_null - OPTIONS - False - 0
2019-11-23 11:05:07,687 - VO - DE - PKW - 2019-11-01 00:00:00 - ERROR - STAT - expect_column_values_to_be_in_type_list - PHOTO - correctly filled rate (%) - 100.0
2019-11-23 11:05:07,687 - VO - DE - PKW - 2019-11-01 00:00:00 - ERROR - FILE_VALIDATE - expect_column_values_to_be_in_type_list - PHOTO - True - 1
2019-11-23 11:05:07,687 - VO - DE - PKW - 2019-11-01 00:00:00 - ERROR - STAT - expect_column_values_to_not_be_null - PHOTO - correctly filled rate (%) - 100.0
2019-11-23 11:05:07,687 - VO - DE - PKW - 2019-11-01 00:00:00 - ERROR - FILE_VALIDATE - expect_column_values_to_not_be_null - PHOTO - True - 1
2019-11-23 11:05:07,687 - VO - DE - PKW - 2019-11-01 00:00:00 - ERROR - STAT - expect_column_values_to_not_be_null - PLACE - correctly filled rate (%) - 0.0
2019-11-23 11:05:07,687 - VO - DE - PKW - 2019-11-01 00:00:00 - ERROR - FILE_VALIDATE - expect_column_values_to_not_be_null - PLACE - False - 0
2019-11-23 11:05:07,687 - VO - DE - PKW - 2019-11-01 00:00:00 - ERROR - STAT - expect_column_values_to_not_be_null - PORTE - correctly filled rate (%) - 0.0
2019-11-23 11:05:07,687 - VO - DE - PKW - 2019-11-01 00:00:00 - ERROR - FILE_VALIDATE - expect_column_values_to_not_be_null - PORTE - False - 0
2019-11-23 11:05:07,687 - VO - DE - PKW - 2019-11-01 00:00:00 - ERROR - STAT - expect_column_values_to_be_in_type_list - PRIX - correctly filled rate (%) - 100.0
2019-11-23 11:05:07,687 - VO - DE - PKW - 2019-11-01 00:00:00 - ERROR - FILE_VALIDATE - expect_column_values_to_be_in_type_list - PRIX - True - 1
2019-11-23 11:05:07,687 - VO - DE - PKW - 2019-11-01 00:00:00 - ERROR - STAT - expect_column_values_to_not_be_null - PRIX - correctly filled rate (%) - 100.0
2019-11-23 11:05:07,687 - VO - DE - PKW - 2019-11-01 00:00:00 - ERROR - FILE_VALIDATE - expect_column_values_to_not_be_null - PRIX - True - 1
2019-11-23 11:05:07,687 - VO - DE - PKW - 2019-11-01 00:00:00 - ERROR - STAT - expect_column_values_to_not_be_null - PROVINCE - correctly filled rate (%) - 0.0
2019-11-23 11:05:07,687 - VO - DE - PKW - 2019-11-01 00:00:00 - ERROR - FILE_VALIDATE - expect_column_values_to_not_be_null - PROVINCE - False - 0
2019-11-23 11:05:07,687 - VO - DE - PKW - 2019-11-01 00:00:00 - ERROR - STAT - expect_column_values_to_not_be_null - SITE - correctly filled rate (%) - 100.0
2019-11-23 11:05:07,687 - VO - DE - PKW - 2019-11-01 00:00:00 - ERROR - FILE_VALIDATE - expect_column_values_to_not_be_null - SITE - True - 1
2019-11-23 11:05:07,688 - VO - DE - PKW - 2019-11-01 00:00:00 - ERROR - STAT - expect_column_values_to_not_be_null - TELEPHONE - correctly filled rate (%) - 94.87
2019-11-23 11:05:07,688 - VO - DE - PKW - 2019-11-01 00:00:00 - ERROR - FILE_VALIDATE - expect_column_values_to_not_be_null - TELEPHONE - True - 1
2019-11-23 11:05:07,688 - VO - DE - PKW - 2019-11-01 00:00:00 - ERROR - STAT - expect_column_values_to_be_phone_number - TELEPHONE - correctly filled rate (%) - 99.77
2019-11-23 11:05:07,688 - VO - DE - PKW - 2019-11-01 00:00:00 - ERROR - FILE_VALIDATE - expect_column_values_to_be_phone_number - TELEPHONE - True - 1
2019-11-23 11:05:07,688 - VO - DE - PKW - 2019-11-01 00:00:00 - ERROR - STAT - expect_column_values_to_not_be_null - TYPE - correctly filled rate (%) - 94.87
2019-11-23 11:05:07,688 - VO - DE - PKW - 2019-11-01 00:00:00 - ERROR - FILE_VALIDATE - expect_column_values_to_not_be_null - TYPE - True - 1
2019-11-23 11:05:07,688 - VO - DE - PKW - 2019-11-01 00:00:00 - ERROR - STAT - expect_column_values_to_be_in_set_2 - TYPE - observed proportion - 100.0
2019-11-23 11:05:07,688 - VO - DE - PKW - 2019-11-01 00:00:00 - ERROR - STAT - expect_column_values_to_not_be_null - VILLE - correctly filled rate (%) - 94.87
2019-11-23 11:05:07,688 - VO - DE - PKW - 2019-11-01 00:00:00 - ERROR - FILE_VALIDATE - expect_column_values_to_not_be_null - VILLE - True - 1
2019-11-23 11:05:07,688 - VO - DE - PKW - 2019-11-01 00:00:00 - ERROR - STAT - expect_column_values_to_not_be_null - VN_IND - correctly filled rate (%) - 100.0
2019-11-23 11:05:07,688 - VO - DE - PKW - 2019-11-01 00:00:00 - ERROR - FILE_VALIDATE - expect_column_values_to_not_be_null - VN_IND - True - 1
2019-11-23 11:05:07,688 - VO - DE - PKW - 2019-11-01 00:00:00 - ERROR - STAT - expect_column_values_to_be_in_set - VN_IND - correctly filled rate (%) - 100.0
2019-11-23 11:05:07,688 - VO - DE - PKW - 2019-11-01 00:00:00 - ERROR - FILE_VALIDATE - expect_column_values_to_be_in_set - VN_IND - True - 1
2019-11-23 11:05:07,688 - VO - DE - PKW - 2019-11-01 00:00:00 - ERROR - STAT - expect_returning_row_unique_count - MARQUE_CORRECTED - total number of unique rows - 96
2019-11-23 11:05:07,688 - VO - DE - PKW - 2019-11-01 00:00:00 - ERROR - STAT - expect_returning_row_unique_count - MODELE_CORRECTED - total number of unique rows - 1921
2019-11-23 11:05:07,688 - VO - DE - PKW - 2019-11-01 00:00:00 - ERROR - STAT - expect_returning_row_unique_count - CARROSSERIE - total number of unique rows - 9
2019-11-23 11:05:07,688 - VO - DE - PKW - 2019-11-01 00:00:00 - ERROR - STAT - expect_returning_row_unique_count - CARBURANT - total number of unique rows - 7
2019-11-23 11:05:07,689 - VO - DE - PKW - 2019-11-01 00:00:00 - ERROR - STAT - expect_column_values_to_not_be_null - CYLINDRE - correctly filled rate (%) - 0.0
2019-11-23 11:05:07,689 - VO - DE - PKW - 2019-11-01 00:00:00 - ERROR - FILE_VALIDATE - expect_column_values_to_not_be_null - CYLINDRE - False - 0
2019-11-23 11:05:07,689 - VO - DE - PKW - 2019-11-01 00:00:00 - ERROR - STAT - expect_returning_row_unique_count - PROVINCE - total number of unique rows - 0
2019-11-23 11:05:07,689 - VO - DE - PKW - 2019-11-01 00:00:00 - ERROR - STAT - expect_returning_row_unique_count - VILLE - total number of unique rows - 2625
2019-11-23 11:05:07,689 - VO - DE - PKW - 2019-11-01 00:00:00 - ERROR - STAT - expect_returning_row_unique_count - DEPARTEMENT - total number of unique rows - 0
2019-11-23 11:05:07,689 - VO - DE - PKW - 2019-11-01 00:00:00 - ERROR - STAT - expect_returning_row_count_on_conditions - DEALER_USEDCARS - total number of row with conditions - 314440
2019-11-23 11:05:07,689 - VO - DE - PKW - 2019-11-01 00:00:00 - ERROR - STAT - expect_returning_row_count_on_conditions - PRIVATE_USEDCARS - total number of row with conditions - 0
2019-11-23 11:05:07,689 - VO - DE - PKW - 2019-11-01 00:00:00 - ERROR - STAT - expect_returning_row_count_on_conditions - DEALER_NEWCARS - total number of row with conditions - 103492
