2019-08-30 08:43:54,601 - NPV - CA - MARKETBOOK - 2019-07-01 00:00:00 - ERROR - STAT - expect_column_values_to_not_be_null - ADRESSE - correctly filled rate (%) - 0.0
2019-08-30 08:43:54,601 - NPV - CA - MARKETBOOK - 2019-07-01 00:00:00 - ERROR - FILE_CHECK - expect_column_values_to_be_in_type_list - ANNEE - Wrong type for value: 2009 on line 0 should be in ['int', 'float']
2019-08-30 08:43:54,601 - NPV - CA - MARKETBOOK - 2019-07-01 00:00:00 - ERROR - FILE_CHECK - expect_column_values_to_be_in_type_list - ANNEE - Wrong type for value: 1995 on line 1 should be in ['int', 'float']
2019-08-30 08:43:54,601 - NPV - CA - MARKETBOOK - 2019-07-01 00:00:00 - ERROR - FILE_CHECK - expect_column_values_to_be_in_type_list - ANNEE - Wrong type for value: 2007 on line 2 should be in ['int', 'float']
2019-08-30 08:43:54,601 - NPV - CA - MARKETBOOK - 2019-07-01 00:00:00 - ERROR - FILE_CHECK - expect_column_values_to_be_in_type_list - ANNEE - Wrong type for value: 2020 on line 3 should be in ['int', 'float']
2019-08-30 08:43:54,601 - NPV - CA - MARKETBOOK - 2019-07-01 00:00:00 - ERROR - FILE_CHECK - expect_column_values_to_be_in_type_list - ANNEE - Wrong type for value: 2016 on line 4 should be in ['int', 'float']
2019-08-30 08:43:54,601 - NPV - CA - MARKETBOOK - 2019-07-01 00:00:00 - ERROR - FILE_CHECK - expect_column_values_to_be_in_type_list - ANNEE - Wrong type for value: 2017 on line 5 should be in ['int', 'float']
2019-08-30 08:43:54,601 - NPV - CA - MARKETBOOK - 2019-07-01 00:00:00 - ERROR - FILE_CHECK - expect_column_values_to_be_in_type_list - ANNEE - Wrong type for value: 2017 on line 6 should be in ['int', 'float']
2019-08-30 08:43:54,601 - NPV - CA - MARKETBOOK - 2019-07-01 00:00:00 - ERROR - FILE_CHECK - expect_column_values_to_be_in_type_list - ANNEE - Wrong type for value: 2017 on line 7 should be in ['int', 'float']
2019-08-30 08:43:54,601 - NPV - CA - MARKETBOOK - 2019-07-01 00:00:00 - ERROR - FILE_CHECK - expect_column_values_to_be_in_type_list - ANNEE - Wrong type for value: 2017 on line 8 should be in ['int', 'float']
2019-08-30 08:43:54,602 - NPV - CA - MARKETBOOK - 2019-07-01 00:00:00 - ERROR - FILE_CHECK - expect_column_values_to_be_in_type_list - ANNEE - Wrong type for value: 2017 on line 9 should be in ['int', 'float']
2019-08-30 08:43:54,602 - NPV - CA - MARKETBOOK - 2019-07-01 00:00:00 - ERROR - FILE_CHECK - expect_column_values_to_be_in_type_list - ANNEE - Wrong type for value: 2017 on line 10 should be in ['int', 'float']
2019-08-30 08:43:54,602 - NPV - CA - MARKETBOOK - 2019-07-01 00:00:00 - ERROR - FILE_CHECK - expect_column_values_to_be_in_type_list - ANNEE - Wrong type for value: 2008 on line 11 should be in ['int', 'float']
2019-08-30 08:43:54,602 - NPV - CA - MARKETBOOK - 2019-07-01 00:00:00 - ERROR - FILE_CHECK - expect_column_values_to_be_in_type_list - ANNEE - Wrong type for value: 2020 on line 12 should be in ['int', 'float']
2019-08-30 08:43:54,602 - NPV - CA - MARKETBOOK - 2019-07-01 00:00:00 - ERROR - FILE_CHECK - expect_column_values_to_be_in_type_list - ANNEE - Wrong type for value: 2005 on line 13 should be in ['int', 'float']
2019-08-30 08:43:54,602 - NPV - CA - MARKETBOOK - 2019-07-01 00:00:00 - ERROR - FILE_CHECK - expect_column_values_to_be_in_type_list - ANNEE - Wrong type for value: 2000 on line 14 should be in ['int', 'float']
2019-08-30 08:43:54,602 - NPV - CA - MARKETBOOK - 2019-07-01 00:00:00 - ERROR - FILE_CHECK - expect_column_values_to_be_in_type_list - ANNEE - Wrong type for value: 2004 on line 15 should be in ['int', 'float']
2019-08-30 08:43:54,602 - NPV - CA - MARKETBOOK - 2019-07-01 00:00:00 - ERROR - FILE_CHECK - expect_column_values_to_be_in_type_list - ANNEE - Wrong type for value: 2014 on line 16 should be in ['int', 'float']
2019-08-30 08:43:54,602 - NPV - CA - MARKETBOOK - 2019-07-01 00:00:00 - ERROR - FILE_CHECK - expect_column_values_to_be_in_type_list - ANNEE - Wrong type for value: 1997 on line 17 should be in ['int', 'float']
2019-08-30 08:43:54,602 - NPV - CA - MARKETBOOK - 2019-07-01 00:00:00 - ERROR - FILE_CHECK - expect_column_values_to_be_in_type_list - ANNEE - Wrong type for value: 2019 on line 18 should be in ['int', 'float']
2019-08-30 08:43:54,602 - NPV - CA - MARKETBOOK - 2019-07-01 00:00:00 - ERROR - FILE_CHECK - expect_column_values_to_be_in_type_list - ANNEE - Wrong type for value: 2011 on line 19 should be in ['int', 'float']
2019-08-30 08:43:54,602 - NPV - CA - MARKETBOOK - 2019-07-01 00:00:00 - ERROR - STAT - expect_column_values_to_be_in_type_list - ANNEE - correctly filled rate (%) - 0.0
2019-08-30 08:43:54,602 - NPV - CA - MARKETBOOK - 2019-07-01 00:00:00 - ERROR - STAT - expect_column_values_to_not_be_null - ANNEE - correctly filled rate (%) - 100.0
2019-08-30 08:43:54,602 - NPV - CA - MARKETBOOK - 2019-07-01 00:00:00 - ERROR - FILE_CHECK - expect_column_values_to_match_regex - ANNEE - Unexpected value: 0 on line 8365, value should match regexp ^[0-9]{4}$
2019-08-30 08:43:54,602 - NPV - CA - MARKETBOOK - 2019-07-01 00:00:00 - ERROR - FILE_CHECK - expect_column_values_to_match_regex - ANNEE - Unexpected value: 0 on line 9109, value should match regexp ^[0-9]{4}$
2019-08-30 08:43:54,602 - NPV - CA - MARKETBOOK - 2019-07-01 00:00:00 - ERROR - FILE_CHECK - expect_column_values_to_match_regex - ANNEE - Unexpected value: 0 on line 9110, value should match regexp ^[0-9]{4}$
2019-08-30 08:43:54,602 - NPV - CA - MARKETBOOK - 2019-07-01 00:00:00 - ERROR - FILE_CHECK - expect_column_values_to_match_regex - ANNEE - Unexpected value: 0 on line 9111, value should match regexp ^[0-9]{4}$
2019-08-30 08:43:54,602 - NPV - CA - MARKETBOOK - 2019-07-01 00:00:00 - ERROR - FILE_CHECK - expect_column_values_to_match_regex - ANNEE - Unexpected value: 0 on line 9112, value should match regexp ^[0-9]{4}$
2019-08-30 08:43:54,602 - NPV - CA - MARKETBOOK - 2019-07-01 00:00:00 - ERROR - FILE_CHECK - expect_column_values_to_match_regex - ANNEE - Unexpected value: 0 on line 9113, value should match regexp ^[0-9]{4}$
2019-08-30 08:43:54,603 - NPV - CA - MARKETBOOK - 2019-07-01 00:00:00 - ERROR - STAT - expect_column_values_to_match_regex - ANNEE - correctly filled rate (%) - 99.93
2019-08-30 08:43:54,603 - NPV - CA - MARKETBOOK - 2019-07-01 00:00:00 - ERROR - STAT - expect_column_values_to_not_be_null - ANNONCE_LINK - correctly filled rate (%) - 100.0
2019-08-30 08:43:54,603 - NPV - CA - MARKETBOOK - 2019-07-01 00:00:00 - ERROR - STAT - expect_column_values_to_be_unique - ANNONCE_LINK - observed proportion - 100.0
2019-08-30 08:43:54,603 - NPV - CA - MARKETBOOK - 2019-07-01 00:00:00 - ERROR - STAT - expect_column_values_to_not_be_null - CARBURANT - correctly filled rate (%) - 29.43
2019-08-30 08:43:54,603 - NPV - CA - MARKETBOOK - 2019-07-01 00:00:00 - ERROR - STAT - expect_column_values_to_not_be_null - CARROSSERIE - correctly filled rate (%) - 0.0
2019-08-30 08:43:54,603 - NPV - CA - MARKETBOOK - 2019-07-01 00:00:00 - ERROR - STAT - expect_column_values_to_not_be_null - CP - correctly filled rate (%) - 99.56
2019-08-30 08:43:54,603 - NPV - CA - MARKETBOOK - 2019-07-01 00:00:00 - ERROR - STAT - expect_column_values_to_match_regex - CP - correctly filled rate (%) - 100.0
2019-08-30 08:43:54,603 - NPV - CA - MARKETBOOK - 2019-07-01 00:00:00 - ERROR - STAT - expect_column_values_to_not_be_null - GARAGE_ID - correctly filled rate (%) - 2.76
2019-08-30 08:43:54,603 - NPV - CA - MARKETBOOK - 2019-07-01 00:00:00 - ERROR - STAT - expect_column_values_to_not_be_null - ID_CLIENT - correctly filled rate (%) - 100.0
2019-08-30 08:43:54,603 - NPV - CA - MARKETBOOK - 2019-07-01 00:00:00 - ERROR - STAT - expect_column_values_to_be_unique - ID_CLIENT - observed proportion - 100.0
2019-08-30 08:43:54,603 - NPV - CA - MARKETBOOK - 2019-07-01 00:00:00 - ERROR - STAT - expect_returning_row_count - EVERY_COLUMNS - total number of rows - 9172
2019-08-30 08:43:54,603 - NPV - CA - MARKETBOOK - 2019-07-01 00:00:00 - ERROR - STAT - expect_column_values_to_not_be_null - IMMAT - correctly filled rate (%) - 100.0
2019-08-30 08:43:54,603 - NPV - CA - MARKETBOOK - 2019-07-01 00:00:00 - ERROR - FILE_CHECK - expect_column_values_to_be_in_type_list - KM - Wrong type for value: 286500 on line 0 should be in ['int']
2019-08-30 08:43:54,603 - NPV - CA - MARKETBOOK - 2019-07-01 00:00:00 - ERROR - FILE_CHECK - expect_column_values_to_be_in_type_list - KM - Wrong type for value: 0 on line 1 should be in ['int']
2019-08-30 08:43:54,603 - NPV - CA - MARKETBOOK - 2019-07-01 00:00:00 - ERROR - FILE_CHECK - expect_column_values_to_be_in_type_list - KM - Wrong type for value: 0 on line 2 should be in ['int']
2019-08-30 08:43:54,603 - NPV - CA - MARKETBOOK - 2019-07-01 00:00:00 - ERROR - FILE_CHECK - expect_column_values_to_be_in_type_list - KM - Wrong type for value: 0 on line 3 should be in ['int']
2019-08-30 08:43:54,603 - NPV - CA - MARKETBOOK - 2019-07-01 00:00:00 - ERROR - FILE_CHECK - expect_column_values_to_be_in_type_list - KM - Wrong type for value: 0 on line 4 should be in ['int']
2019-08-30 08:43:54,604 - NPV - CA - MARKETBOOK - 2019-07-01 00:00:00 - ERROR - FILE_CHECK - expect_column_values_to_be_in_type_list - KM - Wrong type for value: 0 on line 5 should be in ['int']
2019-08-30 08:43:54,604 - NPV - CA - MARKETBOOK - 2019-07-01 00:00:00 - ERROR - FILE_CHECK - expect_column_values_to_be_in_type_list - KM - Wrong type for value: 0 on line 6 should be in ['int']
2019-08-30 08:43:54,604 - NPV - CA - MARKETBOOK - 2019-07-01 00:00:00 - ERROR - FILE_CHECK - expect_column_values_to_be_in_type_list - KM - Wrong type for value: 0 on line 7 should be in ['int']
2019-08-30 08:43:54,604 - NPV - CA - MARKETBOOK - 2019-07-01 00:00:00 - ERROR - FILE_CHECK - expect_column_values_to_be_in_type_list - KM - Wrong type for value: 0 on line 8 should be in ['int']
2019-08-30 08:43:54,604 - NPV - CA - MARKETBOOK - 2019-07-01 00:00:00 - ERROR - FILE_CHECK - expect_column_values_to_be_in_type_list - KM - Wrong type for value: 0 on line 9 should be in ['int']
2019-08-30 08:43:54,604 - NPV - CA - MARKETBOOK - 2019-07-01 00:00:00 - ERROR - FILE_CHECK - expect_column_values_to_be_in_type_list - KM - Wrong type for value: 0 on line 10 should be in ['int']
2019-08-30 08:43:54,604 - NPV - CA - MARKETBOOK - 2019-07-01 00:00:00 - ERROR - FILE_CHECK - expect_column_values_to_be_in_type_list - KM - Wrong type for value: 0 on line 11 should be in ['int']
2019-08-30 08:43:54,604 - NPV - CA - MARKETBOOK - 2019-07-01 00:00:00 - ERROR - FILE_CHECK - expect_column_values_to_be_in_type_list - KM - Wrong type for value: 0 on line 12 should be in ['int']
2019-08-30 08:43:54,604 - NPV - CA - MARKETBOOK - 2019-07-01 00:00:00 - ERROR - FILE_CHECK - expect_column_values_to_be_in_type_list - KM - Wrong type for value: 1043920 on line 13 should be in ['int']
2019-08-30 08:43:54,604 - NPV - CA - MARKETBOOK - 2019-07-01 00:00:00 - ERROR - FILE_CHECK - expect_column_values_to_be_in_type_list - KM - Wrong type for value: 222207 on line 14 should be in ['int']
2019-08-30 08:43:54,604 - NPV - CA - MARKETBOOK - 2019-07-01 00:00:00 - ERROR - FILE_CHECK - expect_column_values_to_be_in_type_list - KM - Wrong type for value: 0 on line 15 should be in ['int']
2019-08-30 08:43:54,604 - NPV - CA - MARKETBOOK - 2019-07-01 00:00:00 - ERROR - FILE_CHECK - expect_column_values_to_be_in_type_list - KM - Wrong type for value: 828093 on line 16 should be in ['int']
2019-08-30 08:43:54,604 - NPV - CA - MARKETBOOK - 2019-07-01 00:00:00 - ERROR - FILE_CHECK - expect_column_values_to_be_in_type_list - KM - Wrong type for value: 0 on line 17 should be in ['int']
2019-08-30 08:43:54,604 - NPV - CA - MARKETBOOK - 2019-07-01 00:00:00 - ERROR - FILE_CHECK - expect_column_values_to_be_in_type_list - KM - Wrong type for value: 0 on line 18 should be in ['int']
2019-08-30 08:43:54,604 - NPV - CA - MARKETBOOK - 2019-07-01 00:00:00 - ERROR - FILE_CHECK - expect_column_values_to_be_in_type_list - KM - Wrong type for value: 776794 on line 19 should be in ['int']
2019-08-30 08:43:54,604 - NPV - CA - MARKETBOOK - 2019-07-01 00:00:00 - ERROR - STAT - expect_column_values_to_be_in_type_list - KM - correctly filled rate (%) - 0.0
2019-08-30 08:43:54,604 - NPV - CA - MARKETBOOK - 2019-07-01 00:00:00 - ERROR - STAT - expect_column_values_to_not_be_null - KM - correctly filled rate (%) - 100.0
2019-08-30 08:43:54,605 - NPV - CA - MARKETBOOK - 2019-07-01 00:00:00 - ERROR - FILE_CHECK - expect_column_values_to_be_in_type_list - LITRE - Wrong type for value: 0.0 on line 0 should be in ['int', 'float']
2019-08-30 08:43:54,605 - NPV - CA - MARKETBOOK - 2019-07-01 00:00:00 - ERROR - FILE_CHECK - expect_column_values_to_be_in_type_list - LITRE - Wrong type for value: 0.0 on line 1 should be in ['int', 'float']
2019-08-30 08:43:54,605 - NPV - CA - MARKETBOOK - 2019-07-01 00:00:00 - ERROR - FILE_CHECK - expect_column_values_to_be_in_type_list - LITRE - Wrong type for value: 0.0 on line 2 should be in ['int', 'float']
2019-08-30 08:43:54,605 - NPV - CA - MARKETBOOK - 2019-07-01 00:00:00 - ERROR - FILE_CHECK - expect_column_values_to_be_in_type_list - LITRE - Wrong type for value: 0.0 on line 3 should be in ['int', 'float']
2019-08-30 08:43:54,605 - NPV - CA - MARKETBOOK - 2019-07-01 00:00:00 - ERROR - FILE_CHECK - expect_column_values_to_be_in_type_list - LITRE - Wrong type for value: 0.0 on line 4 should be in ['int', 'float']
2019-08-30 08:43:54,605 - NPV - CA - MARKETBOOK - 2019-07-01 00:00:00 - ERROR - FILE_CHECK - expect_column_values_to_be_in_type_list - LITRE - Wrong type for value: 0.0 on line 5 should be in ['int', 'float']
2019-08-30 08:43:54,605 - NPV - CA - MARKETBOOK - 2019-07-01 00:00:00 - ERROR - FILE_CHECK - expect_column_values_to_be_in_type_list - LITRE - Wrong type for value: 0.0 on line 6 should be in ['int', 'float']
2019-08-30 08:43:54,605 - NPV - CA - MARKETBOOK - 2019-07-01 00:00:00 - ERROR - FILE_CHECK - expect_column_values_to_be_in_type_list - LITRE - Wrong type for value: 0.0 on line 7 should be in ['int', 'float']
2019-08-30 08:43:54,605 - NPV - CA - MARKETBOOK - 2019-07-01 00:00:00 - ERROR - FILE_CHECK - expect_column_values_to_be_in_type_list - LITRE - Wrong type for value: 0.0 on line 8 should be in ['int', 'float']
2019-08-30 08:43:54,605 - NPV - CA - MARKETBOOK - 2019-07-01 00:00:00 - ERROR - FILE_CHECK - expect_column_values_to_be_in_type_list - LITRE - Wrong type for value: 0.0 on line 9 should be in ['int', 'float']
2019-08-30 08:43:54,605 - NPV - CA - MARKETBOOK - 2019-07-01 00:00:00 - ERROR - FILE_CHECK - expect_column_values_to_be_in_type_list - LITRE - Wrong type for value: 0.0 on line 10 should be in ['int', 'float']
2019-08-30 08:43:54,605 - NPV - CA - MARKETBOOK - 2019-07-01 00:00:00 - ERROR - FILE_CHECK - expect_column_values_to_be_in_type_list - LITRE - Wrong type for value: 0.0 on line 11 should be in ['int', 'float']
2019-08-30 08:43:54,605 - NPV - CA - MARKETBOOK - 2019-07-01 00:00:00 - ERROR - FILE_CHECK - expect_column_values_to_be_in_type_list - LITRE - Wrong type for value: 0.0 on line 12 should be in ['int', 'float']
2019-08-30 08:43:54,605 - NPV - CA - MARKETBOOK - 2019-07-01 00:00:00 - ERROR - FILE_CHECK - expect_column_values_to_be_in_type_list - LITRE - Wrong type for value: 0.0 on line 13 should be in ['int', 'float']
2019-08-30 08:43:54,605 - NPV - CA - MARKETBOOK - 2019-07-01 00:00:00 - ERROR - FILE_CHECK - expect_column_values_to_be_in_type_list - LITRE - Wrong type for value: 0.0 on line 14 should be in ['int', 'float']
2019-08-30 08:43:54,605 - NPV - CA - MARKETBOOK - 2019-07-01 00:00:00 - ERROR - FILE_CHECK - expect_column_values_to_be_in_type_list - LITRE - Wrong type for value: 0.0 on line 15 should be in ['int', 'float']
2019-08-30 08:43:54,605 - NPV - CA - MARKETBOOK - 2019-07-01 00:00:00 - ERROR - FILE_CHECK - expect_column_values_to_be_in_type_list - LITRE - Wrong type for value: 0.0 on line 16 should be in ['int', 'float']
2019-08-30 08:43:54,605 - NPV - CA - MARKETBOOK - 2019-07-01 00:00:00 - ERROR - FILE_CHECK - expect_column_values_to_be_in_type_list - LITRE - Wrong type for value: 0.0 on line 17 should be in ['int', 'float']
2019-08-30 08:43:54,606 - NPV - CA - MARKETBOOK - 2019-07-01 00:00:00 - ERROR - FILE_CHECK - expect_column_values_to_be_in_type_list - LITRE - Wrong type for value: 0.0 on line 18 should be in ['int', 'float']
2019-08-30 08:43:54,606 - NPV - CA - MARKETBOOK - 2019-07-01 00:00:00 - ERROR - FILE_CHECK - expect_column_values_to_be_in_type_list - LITRE - Wrong type for value: 0.0 on line 19 should be in ['int', 'float']
2019-08-30 08:43:54,606 - NPV - CA - MARKETBOOK - 2019-07-01 00:00:00 - ERROR - STAT - expect_column_values_to_be_in_type_list - LITRE - correctly filled rate (%) - 0.0
2019-08-30 08:43:54,606 - NPV - CA - MARKETBOOK - 2019-07-01 00:00:00 - ERROR - STAT - expect_column_values_to_not_be_null - LITRE - correctly filled rate (%) - 100.0
2019-08-30 08:43:54,606 - NPV - CA - MARKETBOOK - 2019-07-01 00:00:00 - ERROR - STAT - expect_column_values_to_not_be_null - MARQUE - correctly filled rate (%) - 99.9
2019-08-30 08:43:54,606 - NPV - CA - MARKETBOOK - 2019-07-01 00:00:00 - ERROR - STAT - expect_column_values_to_not_be_null - MODELE - correctly filled rate (%) - 87.17
2019-08-30 08:43:54,606 - NPV - CA - MARKETBOOK - 2019-07-01 00:00:00 - ERROR - STAT - expect_column_values_to_not_be_null - MOIS - correctly filled rate (%) - 100.0
2019-08-30 08:43:54,606 - NPV - CA - MARKETBOOK - 2019-07-01 00:00:00 - ERROR - STAT - expect_column_values_to_match_regex - MOIS - correctly filled rate (%) - 100.0
2019-08-30 08:43:54,606 - NPV - CA - MARKETBOOK - 2019-07-01 00:00:00 - ERROR - STAT - expect_column_values_to_not_be_null - NOM - correctly filled rate (%) - 100.0
2019-08-30 08:43:54,606 - NPV - CA - MARKETBOOK - 2019-07-01 00:00:00 - ERROR - STAT - expect_column_value_lengths_to_be_between - NOM - correctly filled rate (%) - 100.0
2019-08-30 08:43:54,606 - NPV - CA - MARKETBOOK - 2019-07-01 00:00:00 - ERROR - STAT - expect_column_values_to_not_be_null - OPTIONS - correctly filled rate (%) - 91.42
2019-08-30 08:43:54,606 - NPV - CA - MARKETBOOK - 2019-07-01 00:00:00 - ERROR - FILE_CHECK - expect_column_value_lengths_to_be_between - OPTIONS - Unexpected characters count of: [One 6,000lb Torflex ...] on line  4, value length should be between 0 and 255
2019-08-30 08:43:54,606 - NPV - CA - MARKETBOOK - 2019-07-01 00:00:00 - ERROR - FILE_CHECK - expect_column_value_lengths_to_be_between - OPTIONS - Unexpected characters count of: [FULL LOCKERS! 46,000...] on line  16, value length should be between 0 and 255
2019-08-30 08:43:54,606 - NPV - CA - MARKETBOOK - 2019-07-01 00:00:00 - ERROR - FILE_CHECK - expect_column_value_lengths_to_be_between - OPTIONS - Unexpected characters count of: [NEW ETNYRE FALCON TR...] on line  18, value length should be between 0 and 255
2019-08-30 08:43:54,606 - NPV - CA - MARKETBOOK - 2019-07-01 00:00:00 - ERROR - FILE_CHECK - expect_column_value_lengths_to_be_between - OPTIONS - Unexpected characters count of: [2011 VOLVO VNL670 HI...] on line  19, value length should be between 0 and 255
2019-08-30 08:43:54,606 - NPV - CA - MARKETBOOK - 2019-07-01 00:00:00 - ERROR - FILE_CHECK - expect_column_value_lengths_to_be_between - OPTIONS - Unexpected characters count of: [C/w 2003, Refurbishe...] on line  26, value length should be between 0 and 255
2019-08-30 08:43:54,606 - NPV - CA - MARKETBOOK - 2019-07-01 00:00:00 - ERROR - FILE_CHECK - expect_column_value_lengths_to_be_between - OPTIONS - Unexpected characters count of: [CLEAN WELL MAINTAINE...] on line  27, value length should be between 0 and 255
2019-08-30 08:43:54,606 - NPV - CA - MARKETBOOK - 2019-07-01 00:00:00 - ERROR - FILE_CHECK - expect_column_value_lengths_to_be_between - OPTIONS - Unexpected characters count of: [16' TRIDEM HYD DUMP ...] on line  28, value length should be between 0 and 255
2019-08-30 08:43:54,607 - NPV - CA - MARKETBOOK - 2019-07-01 00:00:00 - ERROR - FILE_CHECK - expect_column_value_lengths_to_be_between - OPTIONS - Unexpected characters count of: [*** Unit is In our R...] on line  30, value length should be between 0 and 255
2019-08-30 08:43:54,607 - NPV - CA - MARKETBOOK - 2019-07-01 00:00:00 - ERROR - FILE_CHECK - expect_column_value_lengths_to_be_between - OPTIONS - Unexpected characters count of: [*** Unit is In our R...] on line  31, value length should be between 0 and 255
2019-08-30 08:43:54,607 - NPV - CA - MARKETBOOK - 2019-07-01 00:00:00 - ERROR - FILE_CHECK - expect_column_value_lengths_to_be_between - OPTIONS - Unexpected characters count of: [Stock#651641 Purchas...] on line  33, value length should be between 0 and 255
2019-08-30 08:43:54,607 - NPV - CA - MARKETBOOK - 2019-07-01 00:00:00 - ERROR - FILE_CHECK - expect_column_value_lengths_to_be_between - OPTIONS - Unexpected characters count of: [ORIGINAL PRICE: $365...] on line  34, value length should be between 0 and 255
2019-08-30 08:43:54,607 - NPV - CA - MARKETBOOK - 2019-07-01 00:00:00 - ERROR - FILE_CHECK - expect_column_value_lengths_to_be_between - OPTIONS - Unexpected characters count of: [ORIGINAL PRICE: $397...] on line  37, value length should be between 0 and 255
2019-08-30 08:43:54,607 - NPV - CA - MARKETBOOK - 2019-07-01 00:00:00 - ERROR - FILE_CHECK - expect_column_value_lengths_to_be_between - OPTIONS - Unexpected characters count of: [2011 International 4...] on line  41, value length should be between 0 and 255
2019-08-30 08:43:54,607 - NPV - CA - MARKETBOOK - 2019-07-01 00:00:00 - ERROR - FILE_CHECK - expect_column_value_lengths_to_be_between - OPTIONS - Unexpected characters count of: [GREAT DANE CHAMPION ...] on line  42, value length should be between 0 and 255
2019-08-30 08:43:54,607 - NPV - CA - MARKETBOOK - 2019-07-01 00:00:00 - ERROR - FILE_CHECK - expect_column_value_lengths_to_be_between - OPTIONS - Unexpected characters count of: [GREAT DANE CHAMPION ...] on line  43, value length should be between 0 and 255
2019-08-30 08:43:54,607 - NPV - CA - MARKETBOOK - 2019-07-01 00:00:00 - ERROR - FILE_CHECK - expect_column_value_lengths_to_be_between - OPTIONS - Unexpected characters count of: [GREAT DANE EVEREST H...] on line  44, value length should be between 0 and 255
2019-08-30 08:43:54,607 - NPV - CA - MARKETBOOK - 2019-07-01 00:00:00 - ERROR - FILE_CHECK - expect_column_value_lengths_to_be_between - OPTIONS - Unexpected characters count of: [Built to orderCanuck...] on line  50, value length should be between 0 and 255
2019-08-30 08:43:54,607 - NPV - CA - MARKETBOOK - 2019-07-01 00:00:00 - ERROR - FILE_CHECK - expect_column_value_lengths_to_be_between - OPTIONS - Unexpected characters count of: [45ton per axle line ...] on line  55, value length should be between 0 and 255
2019-08-30 08:43:54,607 - NPV - CA - MARKETBOOK - 2019-07-01 00:00:00 - ERROR - FILE_CHECK - expect_column_value_lengths_to_be_between - OPTIONS - Unexpected characters count of: [2013 International 4...] on line  70, value length should be between 0 and 255
2019-08-30 08:43:54,607 - NPV - CA - MARKETBOOK - 2019-07-01 00:00:00 - ERROR - FILE_CHECK - expect_column_value_lengths_to_be_between - OPTIONS - Unexpected characters count of: [ORIGINAL PRICE: $377...] on line  71, value length should be between 0 and 255
2019-08-30 08:43:54,607 - NPV - CA - MARKETBOOK - 2019-07-01 00:00:00 - ERROR - STAT - expect_column_value_lengths_to_be_between - OPTIONS - correctly filled rate (%) - 46.24
2019-08-30 08:43:54,607 - NPV - CA - MARKETBOOK - 2019-07-01 00:00:00 - ERROR - FILE_CHECK - expect_column_values_to_be_in_type_list - PHOTO - Wrong type for value: 1 on line 0 should be in ['int']
2019-08-30 08:43:54,607 - NPV - CA - MARKETBOOK - 2019-07-01 00:00:00 - ERROR - FILE_CHECK - expect_column_values_to_be_in_type_list - PHOTO - Wrong type for value: 1 on line 1 should be in ['int']
2019-08-30 08:43:54,607 - NPV - CA - MARKETBOOK - 2019-07-01 00:00:00 - ERROR - FILE_CHECK - expect_column_values_to_be_in_type_list - PHOTO - Wrong type for value: 1 on line 2 should be in ['int']
2019-08-30 08:43:54,607 - NPV - CA - MARKETBOOK - 2019-07-01 00:00:00 - ERROR - FILE_CHECK - expect_column_values_to_be_in_type_list - PHOTO - Wrong type for value: 1 on line 3 should be in ['int']
2019-08-30 08:43:54,608 - NPV - CA - MARKETBOOK - 2019-07-01 00:00:00 - ERROR - FILE_CHECK - expect_column_values_to_be_in_type_list - PHOTO - Wrong type for value: 1 on line 4 should be in ['int']
2019-08-30 08:43:54,608 - NPV - CA - MARKETBOOK - 2019-07-01 00:00:00 - ERROR - FILE_CHECK - expect_column_values_to_be_in_type_list - PHOTO - Wrong type for value: 1 on line 5 should be in ['int']
2019-08-30 08:43:54,608 - NPV - CA - MARKETBOOK - 2019-07-01 00:00:00 - ERROR - FILE_CHECK - expect_column_values_to_be_in_type_list - PHOTO - Wrong type for value: 1 on line 6 should be in ['int']
2019-08-30 08:43:54,608 - NPV - CA - MARKETBOOK - 2019-07-01 00:00:00 - ERROR - FILE_CHECK - expect_column_values_to_be_in_type_list - PHOTO - Wrong type for value: 1 on line 7 should be in ['int']
2019-08-30 08:43:54,608 - NPV - CA - MARKETBOOK - 2019-07-01 00:00:00 - ERROR - FILE_CHECK - expect_column_values_to_be_in_type_list - PHOTO - Wrong type for value: 1 on line 8 should be in ['int']
2019-08-30 08:43:54,608 - NPV - CA - MARKETBOOK - 2019-07-01 00:00:00 - ERROR - FILE_CHECK - expect_column_values_to_be_in_type_list - PHOTO - Wrong type for value: 1 on line 9 should be in ['int']
2019-08-30 08:43:54,608 - NPV - CA - MARKETBOOK - 2019-07-01 00:00:00 - ERROR - FILE_CHECK - expect_column_values_to_be_in_type_list - PHOTO - Wrong type for value: 1 on line 10 should be in ['int']
2019-08-30 08:43:54,608 - NPV - CA - MARKETBOOK - 2019-07-01 00:00:00 - ERROR - FILE_CHECK - expect_column_values_to_be_in_type_list - PHOTO - Wrong type for value: 1 on line 11 should be in ['int']
2019-08-30 08:43:54,608 - NPV - CA - MARKETBOOK - 2019-07-01 00:00:00 - ERROR - FILE_CHECK - expect_column_values_to_be_in_type_list - PHOTO - Wrong type for value: 1 on line 12 should be in ['int']
2019-08-30 08:43:54,608 - NPV - CA - MARKETBOOK - 2019-07-01 00:00:00 - ERROR - FILE_CHECK - expect_column_values_to_be_in_type_list - PHOTO - Wrong type for value: 1 on line 13 should be in ['int']
2019-08-30 08:43:54,608 - NPV - CA - MARKETBOOK - 2019-07-01 00:00:00 - ERROR - FILE_CHECK - expect_column_values_to_be_in_type_list - PHOTO - Wrong type for value: 1 on line 14 should be in ['int']
2019-08-30 08:43:54,608 - NPV - CA - MARKETBOOK - 2019-07-01 00:00:00 - ERROR - FILE_CHECK - expect_column_values_to_be_in_type_list - PHOTO - Wrong type for value: 1 on line 15 should be in ['int']
2019-08-30 08:43:54,608 - NPV - CA - MARKETBOOK - 2019-07-01 00:00:00 - ERROR - FILE_CHECK - expect_column_values_to_be_in_type_list - PHOTO - Wrong type for value: 1 on line 16 should be in ['int']
2019-08-30 08:43:54,608 - NPV - CA - MARKETBOOK - 2019-07-01 00:00:00 - ERROR - FILE_CHECK - expect_column_values_to_be_in_type_list - PHOTO - Wrong type for value: 1 on line 17 should be in ['int']
2019-08-30 08:43:54,608 - NPV - CA - MARKETBOOK - 2019-07-01 00:00:00 - ERROR - FILE_CHECK - expect_column_values_to_be_in_type_list - PHOTO - Wrong type for value: 1 on line 18 should be in ['int']
2019-08-30 08:43:54,608 - NPV - CA - MARKETBOOK - 2019-07-01 00:00:00 - ERROR - FILE_CHECK - expect_column_values_to_be_in_type_list - PHOTO - Wrong type for value: 1 on line 19 should be in ['int']
2019-08-30 08:43:54,608 - NPV - CA - MARKETBOOK - 2019-07-01 00:00:00 - ERROR - STAT - expect_column_values_to_be_in_type_list - PHOTO - correctly filled rate (%) - 0.0
2019-08-30 08:43:54,608 - NPV - CA - MARKETBOOK - 2019-07-01 00:00:00 - ERROR - STAT - expect_column_values_to_not_be_null - PHOTO - correctly filled rate (%) - 100.0
2019-08-30 08:43:54,609 - NPV - CA - MARKETBOOK - 2019-07-01 00:00:00 - ERROR - FILE_CHECK - expect_column_values_to_be_in_type_list - PLACE - Wrong type for value: 0 on line 0 should be in ['int']
2019-08-30 08:43:54,609 - NPV - CA - MARKETBOOK - 2019-07-01 00:00:00 - ERROR - FILE_CHECK - expect_column_values_to_be_in_type_list - PLACE - Wrong type for value: 0 on line 1 should be in ['int']
2019-08-30 08:43:54,609 - NPV - CA - MARKETBOOK - 2019-07-01 00:00:00 - ERROR - FILE_CHECK - expect_column_values_to_be_in_type_list - PLACE - Wrong type for value: 0 on line 2 should be in ['int']
2019-08-30 08:43:54,609 - NPV - CA - MARKETBOOK - 2019-07-01 00:00:00 - ERROR - FILE_CHECK - expect_column_values_to_be_in_type_list - PLACE - Wrong type for value: 0 on line 3 should be in ['int']
2019-08-30 08:43:54,609 - NPV - CA - MARKETBOOK - 2019-07-01 00:00:00 - ERROR - FILE_CHECK - expect_column_values_to_be_in_type_list - PLACE - Wrong type for value: 0 on line 4 should be in ['int']
2019-08-30 08:43:54,609 - NPV - CA - MARKETBOOK - 2019-07-01 00:00:00 - ERROR - FILE_CHECK - expect_column_values_to_be_in_type_list - PLACE - Wrong type for value: 0 on line 5 should be in ['int']
2019-08-30 08:43:54,609 - NPV - CA - MARKETBOOK - 2019-07-01 00:00:00 - ERROR - FILE_CHECK - expect_column_values_to_be_in_type_list - PLACE - Wrong type for value: 0 on line 6 should be in ['int']
2019-08-30 08:43:54,609 - NPV - CA - MARKETBOOK - 2019-07-01 00:00:00 - ERROR - FILE_CHECK - expect_column_values_to_be_in_type_list - PLACE - Wrong type for value: 0 on line 7 should be in ['int']
2019-08-30 08:43:54,609 - NPV - CA - MARKETBOOK - 2019-07-01 00:00:00 - ERROR - FILE_CHECK - expect_column_values_to_be_in_type_list - PLACE - Wrong type for value: 0 on line 8 should be in ['int']
2019-08-30 08:43:54,609 - NPV - CA - MARKETBOOK - 2019-07-01 00:00:00 - ERROR - FILE_CHECK - expect_column_values_to_be_in_type_list - PLACE - Wrong type for value: 0 on line 9 should be in ['int']
2019-08-30 08:43:54,609 - NPV - CA - MARKETBOOK - 2019-07-01 00:00:00 - ERROR - FILE_CHECK - expect_column_values_to_be_in_type_list - PLACE - Wrong type for value: 0 on line 10 should be in ['int']
2019-08-30 08:43:54,609 - NPV - CA - MARKETBOOK - 2019-07-01 00:00:00 - ERROR - FILE_CHECK - expect_column_values_to_be_in_type_list - PLACE - Wrong type for value: 0 on line 11 should be in ['int']
2019-08-30 08:43:54,609 - NPV - CA - MARKETBOOK - 2019-07-01 00:00:00 - ERROR - FILE_CHECK - expect_column_values_to_be_in_type_list - PLACE - Wrong type for value: 0 on line 12 should be in ['int']
2019-08-30 08:43:54,609 - NPV - CA - MARKETBOOK - 2019-07-01 00:00:00 - ERROR - FILE_CHECK - expect_column_values_to_be_in_type_list - PLACE - Wrong type for value: 0 on line 13 should be in ['int']
2019-08-30 08:43:54,609 - NPV - CA - MARKETBOOK - 2019-07-01 00:00:00 - ERROR - FILE_CHECK - expect_column_values_to_be_in_type_list - PLACE - Wrong type for value: 0 on line 14 should be in ['int']
2019-08-30 08:43:54,609 - NPV - CA - MARKETBOOK - 2019-07-01 00:00:00 - ERROR - FILE_CHECK - expect_column_values_to_be_in_type_list - PLACE - Wrong type for value: 0 on line 15 should be in ['int']
2019-08-30 08:43:54,609 - NPV - CA - MARKETBOOK - 2019-07-01 00:00:00 - ERROR - FILE_CHECK - expect_column_values_to_be_in_type_list - PLACE - Wrong type for value: 0 on line 16 should be in ['int']
2019-08-30 08:43:54,609 - NPV - CA - MARKETBOOK - 2019-07-01 00:00:00 - ERROR - FILE_CHECK - expect_column_values_to_be_in_type_list - PLACE - Wrong type for value: 0 on line 17 should be in ['int']
2019-08-30 08:43:54,610 - NPV - CA - MARKETBOOK - 2019-07-01 00:00:00 - ERROR - FILE_CHECK - expect_column_values_to_be_in_type_list - PLACE - Wrong type for value: 0 on line 18 should be in ['int']
2019-08-30 08:43:54,610 - NPV - CA - MARKETBOOK - 2019-07-01 00:00:00 - ERROR - FILE_CHECK - expect_column_values_to_be_in_type_list - PLACE - Wrong type for value: 0 on line 19 should be in ['int']
2019-08-30 08:43:54,610 - NPV - CA - MARKETBOOK - 2019-07-01 00:00:00 - ERROR - STAT - expect_column_values_to_be_in_type_list - PLACE - correctly filled rate (%) - 0.0
2019-08-30 08:43:54,610 - NPV - CA - MARKETBOOK - 2019-07-01 00:00:00 - ERROR - STAT - expect_column_values_to_not_be_null - PLACE - correctly filled rate (%) - 100.0
2019-08-30 08:43:54,610 - NPV - CA - MARKETBOOK - 2019-07-01 00:00:00 - ERROR - STAT - expect_column_values_to_not_be_null - PORTE - correctly filled rate (%) - 0.0
2019-08-30 08:43:54,610 - NPV - CA - MARKETBOOK - 2019-07-01 00:00:00 - ERROR - FILE_CHECK - expect_column_values_to_be_in_type_list - PRIX - Wrong type for value: 62999 on line 0 should be in ['int']
2019-08-30 08:43:54,610 - NPV - CA - MARKETBOOK - 2019-07-01 00:00:00 - ERROR - FILE_CHECK - expect_column_values_to_be_in_type_list - PRIX - Wrong type for value: 0 on line 1 should be in ['int']
2019-08-30 08:43:54,610 - NPV - CA - MARKETBOOK - 2019-07-01 00:00:00 - ERROR - FILE_CHECK - expect_column_values_to_be_in_type_list - PRIX - Wrong type for value: 5000 on line 2 should be in ['int']
2019-08-30 08:43:54,610 - NPV - CA - MARKETBOOK - 2019-07-01 00:00:00 - ERROR - FILE_CHECK - expect_column_values_to_be_in_type_list - PRIX - Wrong type for value: 0 on line 3 should be in ['int']
2019-08-30 08:43:54,610 - NPV - CA - MARKETBOOK - 2019-07-01 00:00:00 - ERROR - FILE_CHECK - expect_column_values_to_be_in_type_list - PRIX - Wrong type for value: 5490 on line 4 should be in ['int']
2019-08-30 08:43:54,610 - NPV - CA - MARKETBOOK - 2019-07-01 00:00:00 - ERROR - FILE_CHECK - expect_column_values_to_be_in_type_list - PRIX - Wrong type for value: 6700 on line 5 should be in ['int']
2019-08-30 08:43:54,610 - NPV - CA - MARKETBOOK - 2019-07-01 00:00:00 - ERROR - FILE_CHECK - expect_column_values_to_be_in_type_list - PRIX - Wrong type for value: 5250 on line 6 should be in ['int']
2019-08-30 08:43:54,610 - NPV - CA - MARKETBOOK - 2019-07-01 00:00:00 - ERROR - FILE_CHECK - expect_column_values_to_be_in_type_list - PRIX - Wrong type for value: 8500 on line 7 should be in ['int']
2019-08-30 08:43:54,610 - NPV - CA - MARKETBOOK - 2019-07-01 00:00:00 - ERROR - FILE_CHECK - expect_column_values_to_be_in_type_list - PRIX - Wrong type for value: 5250 on line 8 should be in ['int']
2019-08-30 08:43:54,610 - NPV - CA - MARKETBOOK - 2019-07-01 00:00:00 - ERROR - FILE_CHECK - expect_column_values_to_be_in_type_list - PRIX - Wrong type for value: 950 on line 9 should be in ['int']
2019-08-30 08:43:54,610 - NPV - CA - MARKETBOOK - 2019-07-01 00:00:00 - ERROR - FILE_CHECK - expect_column_values_to_be_in_type_list - PRIX - Wrong type for value: 2500 on line 10 should be in ['int']
2019-08-30 08:43:54,610 - NPV - CA - MARKETBOOK - 2019-07-01 00:00:00 - ERROR - FILE_CHECK - expect_column_values_to_be_in_type_list - PRIX - Wrong type for value: 17000 on line 11 should be in ['int']
2019-08-30 08:43:54,610 - NPV - CA - MARKETBOOK - 2019-07-01 00:00:00 - ERROR - FILE_CHECK - expect_column_values_to_be_in_type_list - PRIX - Wrong type for value: 0 on line 12 should be in ['int']
2019-08-30 08:43:54,611 - NPV - CA - MARKETBOOK - 2019-07-01 00:00:00 - ERROR - FILE_CHECK - expect_column_values_to_be_in_type_list - PRIX - Wrong type for value: 62500 on line 13 should be in ['int']
2019-08-30 08:43:54,611 - NPV - CA - MARKETBOOK - 2019-07-01 00:00:00 - ERROR - FILE_CHECK - expect_column_values_to_be_in_type_list - PRIX - Wrong type for value: 10900 on line 14 should be in ['int']
2019-08-30 08:43:54,611 - NPV - CA - MARKETBOOK - 2019-07-01 00:00:00 - ERROR - FILE_CHECK - expect_column_values_to_be_in_type_list - PRIX - Wrong type for value: 21900 on line 15 should be in ['int']
2019-08-30 08:43:54,611 - NPV - CA - MARKETBOOK - 2019-07-01 00:00:00 - ERROR - FILE_CHECK - expect_column_values_to_be_in_type_list - PRIX - Wrong type for value: 65328 on line 16 should be in ['int']
2019-08-30 08:43:54,611 - NPV - CA - MARKETBOOK - 2019-07-01 00:00:00 - ERROR - FILE_CHECK - expect_column_values_to_be_in_type_list - PRIX - Wrong type for value: 0 on line 17 should be in ['int']
2019-08-30 08:43:54,611 - NPV - CA - MARKETBOOK - 2019-07-01 00:00:00 - ERROR - FILE_CHECK - expect_column_values_to_be_in_type_list - PRIX - Wrong type for value: 0 on line 18 should be in ['int']
2019-08-30 08:43:54,611 - NPV - CA - MARKETBOOK - 2019-07-01 00:00:00 - ERROR - FILE_CHECK - expect_column_values_to_be_in_type_list - PRIX - Wrong type for value: 0 on line 19 should be in ['int']
2019-08-30 08:43:54,611 - NPV - CA - MARKETBOOK - 2019-07-01 00:00:00 - ERROR - STAT - expect_column_values_to_be_in_type_list - PRIX - correctly filled rate (%) - 0.0
2019-08-30 08:43:54,611 - NPV - CA - MARKETBOOK - 2019-07-01 00:00:00 - ERROR - STAT - expect_column_values_to_not_be_null - PRIX - correctly filled rate (%) - 100.0
2019-08-30 08:43:54,611 - NPV - CA - MARKETBOOK - 2019-07-01 00:00:00 - ERROR - STAT - expect_column_values_to_not_be_null - PROVINCE - correctly filled rate (%) - 99.69
2019-08-30 08:43:54,611 - NPV - CA - MARKETBOOK - 2019-07-01 00:00:00 - ERROR - STAT - expect_column_values_to_not_be_null - SITE - correctly filled rate (%) - 100.0
2019-08-30 08:43:54,611 - NPV - CA - MARKETBOOK - 2019-07-01 00:00:00 - ERROR - STAT - expect_column_values_to_not_be_null - TELEPHONE - correctly filled rate (%) - 99.93
2019-08-30 08:43:54,611 - NPV - CA - MARKETBOOK - 2019-07-01 00:00:00 - ERROR - STAT - expect_column_values_to_be_phone_number - TELEPHONE - correctly filled rate (%) - 99.95
2019-08-30 08:43:54,611 - NPV - CA - MARKETBOOK - 2019-07-01 00:00:00 - ERROR - STAT - expect_column_values_to_not_be_null - TYPE - correctly filled rate (%) - 100.0
2019-08-30 08:43:54,611 - NPV - CA - MARKETBOOK - 2019-07-01 00:00:00 - ERROR - STAT - expect_column_values_to_be_in_set_2 - TYPE - observed proportion - 100.0
2019-08-30 08:43:54,611 - NPV - CA - MARKETBOOK - 2019-07-01 00:00:00 - ERROR - STAT - expect_column_values_to_not_be_null - VILLE - correctly filled rate (%) - 99.71
2019-08-30 08:43:54,611 - NPV - CA - MARKETBOOK - 2019-07-01 00:00:00 - ERROR - STAT - expect_column_values_to_not_be_null - VN_IND - correctly filled rate (%) - 100.0
2019-08-30 08:43:54,612 - NPV - CA - MARKETBOOK - 2019-07-01 00:00:00 - ERROR - FILE_CHECK - expect_column_values_to_be_in_set - VN_IND - Unexpected value: 0 on line 0, value should among [0, 1, 2]
2019-08-30 08:43:54,612 - NPV - CA - MARKETBOOK - 2019-07-01 00:00:00 - ERROR - FILE_CHECK - expect_column_values_to_be_in_set - VN_IND - Unexpected value: 0 on line 1, value should among [0, 1, 2]
2019-08-30 08:43:54,612 - NPV - CA - MARKETBOOK - 2019-07-01 00:00:00 - ERROR - FILE_CHECK - expect_column_values_to_be_in_set - VN_IND - Unexpected value: 0 on line 2, value should among [0, 1, 2]
2019-08-30 08:43:54,612 - NPV - CA - MARKETBOOK - 2019-07-01 00:00:00 - ERROR - FILE_CHECK - expect_column_values_to_be_in_set - VN_IND - Unexpected value: 0 on line 3, value should among [0, 1, 2]
2019-08-30 08:43:54,612 - NPV - CA - MARKETBOOK - 2019-07-01 00:00:00 - ERROR - FILE_CHECK - expect_column_values_to_be_in_set - VN_IND - Unexpected value: 0 on line 4, value should among [0, 1, 2]
2019-08-30 08:43:54,612 - NPV - CA - MARKETBOOK - 2019-07-01 00:00:00 - ERROR - FILE_CHECK - expect_column_values_to_be_in_set - VN_IND - Unexpected value: 0 on line 5, value should among [0, 1, 2]
2019-08-30 08:43:54,612 - NPV - CA - MARKETBOOK - 2019-07-01 00:00:00 - ERROR - FILE_CHECK - expect_column_values_to_be_in_set - VN_IND - Unexpected value: 0 on line 6, value should among [0, 1, 2]
2019-08-30 08:43:54,612 - NPV - CA - MARKETBOOK - 2019-07-01 00:00:00 - ERROR - FILE_CHECK - expect_column_values_to_be_in_set - VN_IND - Unexpected value: 0 on line 7, value should among [0, 1, 2]
2019-08-30 08:43:54,612 - NPV - CA - MARKETBOOK - 2019-07-01 00:00:00 - ERROR - FILE_CHECK - expect_column_values_to_be_in_set - VN_IND - Unexpected value: 0 on line 8, value should among [0, 1, 2]
2019-08-30 08:43:54,612 - NPV - CA - MARKETBOOK - 2019-07-01 00:00:00 - ERROR - FILE_CHECK - expect_column_values_to_be_in_set - VN_IND - Unexpected value: 0 on line 9, value should among [0, 1, 2]
2019-08-30 08:43:54,612 - NPV - CA - MARKETBOOK - 2019-07-01 00:00:00 - ERROR - FILE_CHECK - expect_column_values_to_be_in_set - VN_IND - Unexpected value: 0 on line 10, value should among [0, 1, 2]
2019-08-30 08:43:54,612 - NPV - CA - MARKETBOOK - 2019-07-01 00:00:00 - ERROR - FILE_CHECK - expect_column_values_to_be_in_set - VN_IND - Unexpected value: 0 on line 11, value should among [0, 1, 2]
2019-08-30 08:43:54,612 - NPV - CA - MARKETBOOK - 2019-07-01 00:00:00 - ERROR - FILE_CHECK - expect_column_values_to_be_in_set - VN_IND - Unexpected value: 0 on line 12, value should among [0, 1, 2]
2019-08-30 08:43:54,612 - NPV - CA - MARKETBOOK - 2019-07-01 00:00:00 - ERROR - FILE_CHECK - expect_column_values_to_be_in_set - VN_IND - Unexpected value: 0 on line 13, value should among [0, 1, 2]
2019-08-30 08:43:54,612 - NPV - CA - MARKETBOOK - 2019-07-01 00:00:00 - ERROR - FILE_CHECK - expect_column_values_to_be_in_set - VN_IND - Unexpected value: 0 on line 14, value should among [0, 1, 2]
2019-08-30 08:43:54,612 - NPV - CA - MARKETBOOK - 2019-07-01 00:00:00 - ERROR - FILE_CHECK - expect_column_values_to_be_in_set - VN_IND - Unexpected value: 0 on line 15, value should among [0, 1, 2]
2019-08-30 08:43:54,612 - NPV - CA - MARKETBOOK - 2019-07-01 00:00:00 - ERROR - FILE_CHECK - expect_column_values_to_be_in_set - VN_IND - Unexpected value: 0 on line 16, value should among [0, 1, 2]
2019-08-30 08:43:54,612 - NPV - CA - MARKETBOOK - 2019-07-01 00:00:00 - ERROR - FILE_CHECK - expect_column_values_to_be_in_set - VN_IND - Unexpected value: 0 on line 17, value should among [0, 1, 2]
2019-08-30 08:43:54,613 - NPV - CA - MARKETBOOK - 2019-07-01 00:00:00 - ERROR - FILE_CHECK - expect_column_values_to_be_in_set - VN_IND - Unexpected value: 0 on line 18, value should among [0, 1, 2]
2019-08-30 08:43:54,613 - NPV - CA - MARKETBOOK - 2019-07-01 00:00:00 - ERROR - FILE_CHECK - expect_column_values_to_be_in_set - VN_IND - Unexpected value: 0 on line 19, value should among [0, 1, 2]
2019-08-30 08:43:54,613 - NPV - CA - MARKETBOOK - 2019-07-01 00:00:00 - ERROR - STAT - expect_column_values_to_be_in_set - VN_IND - correctly filled rate (%) - 0.0
2019-08-30 08:43:54,613 - NPV - CA - MARKETBOOK - 2019-07-01 00:00:00 - ERROR - STAT - expect_returning_row_unique_count - MARQUE_CORRECTED - total number of unique rows - 358
2019-08-30 08:43:54,613 - NPV - CA - MARKETBOOK - 2019-07-01 00:00:00 - ERROR - STAT - expect_returning_row_unique_count - MODELE_CORRECTED - total number of unique rows - 1344
2019-08-30 08:43:54,613 - NPV - CA - MARKETBOOK - 2019-07-01 00:00:00 - ERROR - STAT - expect_returning_row_unique_count - CARROSSERIE - total number of unique rows - 0
2019-08-30 08:43:54,613 - NPV - CA - MARKETBOOK - 2019-07-01 00:00:00 - ERROR - STAT - expect_returning_row_unique_count - CARBURANT - total number of unique rows - 4
2019-08-30 08:43:54,613 - NPV - CA - MARKETBOOK - 2019-07-01 00:00:00 - ERROR - STAT - expect_column_values_to_not_be_null - CYLINDRE - correctly filled rate (%) - 0.0
2019-08-30 08:43:54,613 - NPV - CA - MARKETBOOK - 2019-07-01 00:00:00 - ERROR - STAT - expect_returning_row_unique_count - PROVINCE - total number of unique rows - 10
2019-08-30 08:43:54,613 - NPV - CA - MARKETBOOK - 2019-07-01 00:00:00 - ERROR - STAT - expect_returning_row_unique_count - VILLE - total number of unique rows - 270
2019-08-30 08:43:54,613 - NPV - CA - MARKETBOOK - 2019-07-01 00:00:00 - ERROR - STAT - expect_returning_row_unique_count - DEPARTEMENT - total number of unique rows - 0
2019-08-30 08:43:54,613 - NPV - CA - MARKETBOOK - 2019-07-01 00:00:00 - ERROR - STAT - expect_returning_row_count_on_conditions - DEALER_USEDCARS - total number of row with conditions - 9172
2019-08-30 08:43:54,613 - NPV - CA - MARKETBOOK - 2019-07-01 00:00:00 - ERROR - STAT - expect_returning_row_count_on_conditions - PRIVATE_USEDCARS - total number of row with conditions - 0
2019-08-30 08:43:54,613 - NPV - CA - MARKETBOOK - 2019-07-01 00:00:00 - ERROR - STAT - expect_returning_row_count_groupby - SOUS_CATEGORIE_CORRECTED - Heavy_Trucks - 5942
2019-08-30 08:43:54,613 - NPV - CA - MARKETBOOK - 2019-07-01 00:00:00 - ERROR - STAT - expect_returning_row_count_groupby - SOUS_CATEGORIE_CORRECTED - Cargo_utilitaries_trailers - 3230
