2019-07-24 13:14:02,276 - VO - IE - CARSIRELAND - 2019-07-01 00:00:00 - ERROR - STAT - expect_column_values_to_not_be_null - ADRESSE - correctly filled rate (%) - 0.0
2019-07-24 13:14:02,276 - VO - IE - CARSIRELAND - 2019-07-01 00:00:00 - ERROR - FILE_CHECK - expect_column_values_to_be_in_type_list - ANNEE - Wrong type for value: 0000-00-00 00:00:00 on line 3 should be in ['int', 'float']
2019-07-24 13:14:02,276 - VO - IE - CARSIRELAND - 2019-07-01 00:00:00 - ERROR - FILE_CHECK - expect_column_values_to_be_in_type_list - ANNEE - Wrong type for value: 115 BHP @ 3250 rpm  on line 5 should be in ['int', 'float']
2019-07-24 13:14:02,276 - VO - IE - CARSIRELAND - 2019-07-01 00:00:00 - ERROR - FILE_CHECK - expect_column_values_to_be_in_type_list - ANNEE - Wrong type for value: SUV  on line 6 should be in ['int', 'float']
2019-07-24 13:14:02,276 - VO - IE - CARSIRELAND - 2019-07-01 00:00:00 - ERROR - FILE_CHECK - expect_column_values_to_be_in_type_list - ANNEE - Wrong type for value: 15 on line 7 should be in ['int', 'float']
2019-07-24 13:14:02,276 - VO - IE - CARSIRELAND - 2019-07-01 00:00:00 - ERROR - FILE_CHECK - expect_column_values_to_be_in_type_list - ANNEE - Wrong type for value: http://www.carsireland.ie/car-dealers/county/cavan/bradys-cavan on line 8 should be in ['int', 'float']
2019-07-24 13:14:02,276 - VO - IE - CARSIRELAND - 2019-07-01 00:00:00 - ERROR - FILE_CHECK - expect_column_values_to_be_in_type_list - ANNEE - Wrong type for value: D22 AY19   on line 11 should be in ['int', 'float']
2019-07-24 13:14:02,276 - VO - IE - CARSIRELAND - 2019-07-01 00:00:00 - ERROR - FILE_CHECK - expect_column_values_to_be_in_type_list - ANNEE - Wrong type for value: 0000-00-00 00:00:00 on line 12 should be in ['int', 'float']
2019-07-24 13:14:02,276 - VO - IE - CARSIRELAND - 2019-07-01 00:00:00 - ERROR - FILE_CHECK - expect_column_values_to_be_in_type_list - ANNEE - Wrong type for value: 134 BHP  on line 14 should be in ['int', 'float']
2019-07-24 13:14:02,276 - VO - IE - CARSIRELAND - 2019-07-01 00:00:00 - ERROR - FILE_CHECK - expect_column_values_to_be_in_type_list - ANNEE - Wrong type for value: Hatchback  on line 15 should be in ['int', 'float']
2019-07-24 13:14:02,276 - VO - IE - CARSIRELAND - 2019-07-01 00:00:00 - ERROR - FILE_CHECK - expect_column_values_to_be_in_type_list - ANNEE - Wrong type for value: 28 on line 16 should be in ['int', 'float']
2019-07-24 13:14:02,276 - VO - IE - CARSIRELAND - 2019-07-01 00:00:00 - ERROR - FILE_CHECK - expect_column_values_to_be_in_type_list - ANNEE - Wrong type for value: http://www.carsireland.ie/car-dealers/county/dublin/bolands-car-centre-_-dublin--- on line 17 should be in ['int', 'float']
2019-07-24 13:14:02,276 - VO - IE - CARSIRELAND - 2019-07-01 00:00:00 - ERROR - FILE_CHECK - expect_column_values_to_be_in_type_list - ANNEE - Wrong type for value: 0000-00-00 00:00:00 on line 21 should be in ['int', 'float']
2019-07-24 13:14:02,276 - VO - IE - CARSIRELAND - 2019-07-01 00:00:00 - ERROR - FILE_CHECK - expect_column_values_to_be_in_type_list - ANNEE - Wrong type for value: 90 BHP @ 6000 rpm  on line 23 should be in ['int', 'float']
2019-07-24 13:14:02,277 - VO - IE - CARSIRELAND - 2019-07-01 00:00:00 - ERROR - FILE_CHECK - expect_column_values_to_be_in_type_list - ANNEE - Wrong type for value: Hatchback  on line 24 should be in ['int', 'float']
2019-07-24 13:14:02,277 - VO - IE - CARSIRELAND - 2019-07-01 00:00:00 - ERROR - FILE_CHECK - expect_column_values_to_be_in_type_list - ANNEE - Wrong type for value: 3 on line 25 should be in ['int', 'float']
2019-07-24 13:14:02,277 - VO - IE - CARSIRELAND - 2019-07-01 00:00:00 - ERROR - FILE_CHECK - expect_column_values_to_be_in_type_list - ANNEE - Wrong type for value: http://www.carsireland.ie/car-dealers/county/limerick/hinchy s-ennis-road on line 26 should be in ['int', 'float']
2019-07-24 13:14:02,277 - VO - IE - CARSIRELAND - 2019-07-01 00:00:00 - ERROR - FILE_CHECK - expect_column_values_to_be_in_type_list - ANNEE - Wrong type for value: D22 AY19   on line 29 should be in ['int', 'float']
2019-07-24 13:14:02,277 - VO - IE - CARSIRELAND - 2019-07-01 00:00:00 - ERROR - FILE_CHECK - expect_column_values_to_be_in_type_list - ANNEE - Wrong type for value: 0000-00-00 00:00:00 on line 30 should be in ['int', 'float']
2019-07-24 13:14:02,277 - VO - IE - CARSIRELAND - 2019-07-01 00:00:00 - ERROR - FILE_CHECK - expect_column_values_to_be_in_type_list - ANNEE - Wrong type for value: 168 BHP  on line 32 should be in ['int', 'float']
2019-07-24 13:14:02,277 - VO - IE - CARSIRELAND - 2019-07-01 00:00:00 - ERROR - FILE_CHECK - expect_column_values_to_be_in_type_list - ANNEE - Wrong type for value: Saloon  on line 33 should be in ['int', 'float']
2019-07-24 13:14:02,277 - VO - IE - CARSIRELAND - 2019-07-01 00:00:00 - ERROR - STAT - expect_column_values_to_be_in_type_list - ANNEE - correctly filled rate (%) - 0.0
2019-07-24 13:14:02,277 - VO - IE - CARSIRELAND - 2019-07-01 00:00:00 - ERROR - STAT - expect_column_values_to_not_be_null - ANNEE - correctly filled rate (%) - 54.92
2019-07-24 13:14:02,277 - VO - IE - CARSIRELAND - 2019-07-01 00:00:00 - ERROR - FILE_CHECK - expect_column_values_to_match_regex - ANNEE - Unexpected value: 0000-00-00 00:00:00 on line 3, value should match regexp ^[0-9]{4}$
2019-07-24 13:14:02,277 - VO - IE - CARSIRELAND - 2019-07-01 00:00:00 - ERROR - FILE_CHECK - expect_column_values_to_match_regex - ANNEE - Unexpected value: 115 BHP @ 3250 rpm  on line 5, value should match regexp ^[0-9]{4}$
2019-07-24 13:14:02,277 - VO - IE - CARSIRELAND - 2019-07-01 00:00:00 - ERROR - FILE_CHECK - expect_column_values_to_match_regex - ANNEE - Unexpected value: SUV  on line 6, value should match regexp ^[0-9]{4}$
2019-07-24 13:14:02,277 - VO - IE - CARSIRELAND - 2019-07-01 00:00:00 - ERROR - FILE_CHECK - expect_column_values_to_match_regex - ANNEE - Unexpected value: 15 on line 7, value should match regexp ^[0-9]{4}$
2019-07-24 13:14:02,277 - VO - IE - CARSIRELAND - 2019-07-01 00:00:00 - ERROR - FILE_CHECK - expect_column_values_to_match_regex - ANNEE - Unexpected value: http://www.carsireland.ie/car-dealers/county/cavan/bradys-cavan on line 8, value should match regexp ^[0-9]{4}$
2019-07-24 13:14:02,277 - VO - IE - CARSIRELAND - 2019-07-01 00:00:00 - ERROR - FILE_CHECK - expect_column_values_to_match_regex - ANNEE - Unexpected value: D22 AY19   on line 11, value should match regexp ^[0-9]{4}$
2019-07-24 13:14:02,277 - VO - IE - CARSIRELAND - 2019-07-01 00:00:00 - ERROR - FILE_CHECK - expect_column_values_to_match_regex - ANNEE - Unexpected value: 0000-00-00 00:00:00 on line 12, value should match regexp ^[0-9]{4}$
2019-07-24 13:14:02,277 - VO - IE - CARSIRELAND - 2019-07-01 00:00:00 - ERROR - FILE_CHECK - expect_column_values_to_match_regex - ANNEE - Unexpected value: 134 BHP  on line 14, value should match regexp ^[0-9]{4}$
2019-07-24 13:14:02,278 - VO - IE - CARSIRELAND - 2019-07-01 00:00:00 - ERROR - FILE_CHECK - expect_column_values_to_match_regex - ANNEE - Unexpected value: Hatchback  on line 15, value should match regexp ^[0-9]{4}$
2019-07-24 13:14:02,278 - VO - IE - CARSIRELAND - 2019-07-01 00:00:00 - ERROR - FILE_CHECK - expect_column_values_to_match_regex - ANNEE - Unexpected value: 28 on line 16, value should match regexp ^[0-9]{4}$
2019-07-24 13:14:02,278 - VO - IE - CARSIRELAND - 2019-07-01 00:00:00 - ERROR - FILE_CHECK - expect_column_values_to_match_regex - ANNEE - Unexpected value: http://www.carsireland.ie/car-dealers/county/dublin/bolands-car-centre-_-dublin--- on line 17, value should match regexp ^[0-9]{4}$
2019-07-24 13:14:02,278 - VO - IE - CARSIRELAND - 2019-07-01 00:00:00 - ERROR - FILE_CHECK - expect_column_values_to_match_regex - ANNEE - Unexpected value: 0000-00-00 00:00:00 on line 21, value should match regexp ^[0-9]{4}$
2019-07-24 13:14:02,278 - VO - IE - CARSIRELAND - 2019-07-01 00:00:00 - ERROR - FILE_CHECK - expect_column_values_to_match_regex - ANNEE - Unexpected value: 90 BHP @ 6000 rpm  on line 23, value should match regexp ^[0-9]{4}$
2019-07-24 13:14:02,278 - VO - IE - CARSIRELAND - 2019-07-01 00:00:00 - ERROR - FILE_CHECK - expect_column_values_to_match_regex - ANNEE - Unexpected value: Hatchback  on line 24, value should match regexp ^[0-9]{4}$
2019-07-24 13:14:02,278 - VO - IE - CARSIRELAND - 2019-07-01 00:00:00 - ERROR - FILE_CHECK - expect_column_values_to_match_regex - ANNEE - Unexpected value: 3 on line 25, value should match regexp ^[0-9]{4}$
2019-07-24 13:14:02,278 - VO - IE - CARSIRELAND - 2019-07-01 00:00:00 - ERROR - FILE_CHECK - expect_column_values_to_match_regex - ANNEE - Unexpected value: http://www.carsireland.ie/car-dealers/county/limerick/hinchy s-ennis-road on line 26, value should match regexp ^[0-9]{4}$
2019-07-24 13:14:02,278 - VO - IE - CARSIRELAND - 2019-07-01 00:00:00 - ERROR - FILE_CHECK - expect_column_values_to_match_regex - ANNEE - Unexpected value: D22 AY19   on line 29, value should match regexp ^[0-9]{4}$
2019-07-24 13:14:02,278 - VO - IE - CARSIRELAND - 2019-07-01 00:00:00 - ERROR - FILE_CHECK - expect_column_values_to_match_regex - ANNEE - Unexpected value: 0000-00-00 00:00:00 on line 30, value should match regexp ^[0-9]{4}$
2019-07-24 13:14:02,278 - VO - IE - CARSIRELAND - 2019-07-01 00:00:00 - ERROR - FILE_CHECK - expect_column_values_to_match_regex - ANNEE - Unexpected value: 168 BHP  on line 32, value should match regexp ^[0-9]{4}$
2019-07-24 13:14:02,278 - VO - IE - CARSIRELAND - 2019-07-01 00:00:00 - ERROR - FILE_CHECK - expect_column_values_to_match_regex - ANNEE - Unexpected value: Saloon  on line 33, value should match regexp ^[0-9]{4}$
2019-07-24 13:14:02,278 - VO - IE - CARSIRELAND - 2019-07-01 00:00:00 - ERROR - STAT - expect_column_values_to_match_regex - ANNEE - correctly filled rate (%) - 0.62
2019-07-24 13:14:02,278 - VO - IE - CARSIRELAND - 2019-07-01 00:00:00 - ERROR - STAT - expect_column_values_to_not_be_null - ANNONCE_LINK - correctly filled rate (%) - 1.92
2019-07-24 13:14:02,278 - VO - IE - CARSIRELAND - 2019-07-01 00:00:00 - ERROR - FILE_CHECK - expect_column_values_to_be_unique - ANNONCE_LINK - Unexpected value: Dublin on line 2566, value should be unique
2019-07-24 13:14:02,278 - VO - IE - CARSIRELAND - 2019-07-01 00:00:00 - ERROR - FILE_CHECK - expect_column_values_to_be_unique - ANNONCE_LINK - Unexpected value: Donegal on line 2601, value should be unique
2019-07-24 13:14:02,279 - VO - IE - CARSIRELAND - 2019-07-01 00:00:00 - ERROR - FILE_CHECK - expect_column_values_to_be_unique - ANNONCE_LINK - Unexpected value: Offaly on line 5113, value should be unique
2019-07-24 13:14:02,279 - VO - IE - CARSIRELAND - 2019-07-01 00:00:00 - ERROR - FILE_CHECK - expect_column_values_to_be_unique - ANNONCE_LINK - Unexpected value: Limerick on line 5955, value should be unique
2019-07-24 13:14:02,279 - VO - IE - CARSIRELAND - 2019-07-01 00:00:00 - ERROR - FILE_CHECK - expect_column_values_to_be_unique - ANNONCE_LINK - Unexpected value: Dublin on line 7322, value should be unique
2019-07-24 13:14:02,279 - VO - IE - CARSIRELAND - 2019-07-01 00:00:00 - ERROR - FILE_CHECK - expect_column_values_to_be_unique - ANNONCE_LINK - Unexpected value: Clare on line 7330, value should be unique
2019-07-24 13:14:02,279 - VO - IE - CARSIRELAND - 2019-07-01 00:00:00 - ERROR - FILE_CHECK - expect_column_values_to_be_unique - ANNONCE_LINK - Unexpected value: Meath on line 8606, value should be unique
2019-07-24 13:14:02,279 - VO - IE - CARSIRELAND - 2019-07-01 00:00:00 - ERROR - FILE_CHECK - expect_column_values_to_be_unique - ANNONCE_LINK - Unexpected value: Wexford on line 10006, value should be unique
2019-07-24 13:14:02,279 - VO - IE - CARSIRELAND - 2019-07-01 00:00:00 - ERROR - FILE_CHECK - expect_column_values_to_be_unique - ANNONCE_LINK - Unexpected value: Dublin on line 26842, value should be unique
2019-07-24 13:14:02,279 - VO - IE - CARSIRELAND - 2019-07-01 00:00:00 - ERROR - FILE_CHECK - expect_column_values_to_be_unique - ANNONCE_LINK - Unexpected value: Dublin on line 33990, value should be unique
2019-07-24 13:14:02,279 - VO - IE - CARSIRELAND - 2019-07-01 00:00:00 - ERROR - FILE_CHECK - expect_column_values_to_be_unique - ANNONCE_LINK - Unexpected value: Cavan on line 34221, value should be unique
2019-07-24 13:14:02,279 - VO - IE - CARSIRELAND - 2019-07-01 00:00:00 - ERROR - FILE_CHECK - expect_column_values_to_be_unique - ANNONCE_LINK - Unexpected value: Cavan on line 35842, value should be unique
2019-07-24 13:14:02,279 - VO - IE - CARSIRELAND - 2019-07-01 00:00:00 - ERROR - FILE_CHECK - expect_column_values_to_be_unique - ANNONCE_LINK - Unexpected value: Cavan on line 35909, value should be unique
2019-07-24 13:14:02,279 - VO - IE - CARSIRELAND - 2019-07-01 00:00:00 - ERROR - FILE_CHECK - expect_column_values_to_be_unique - ANNONCE_LINK - Unexpected value: Dublin on line 37327, value should be unique
2019-07-24 13:14:02,279 - VO - IE - CARSIRELAND - 2019-07-01 00:00:00 - ERROR - FILE_CHECK - expect_column_values_to_be_unique - ANNONCE_LINK - Unexpected value: Louth on line 37344, value should be unique
2019-07-24 13:14:02,279 - VO - IE - CARSIRELAND - 2019-07-01 00:00:00 - ERROR - FILE_CHECK - expect_column_values_to_be_unique - ANNONCE_LINK - Unexpected value: Dublin on line 42766, value should be unique
2019-07-24 13:14:02,279 - VO - IE - CARSIRELAND - 2019-07-01 00:00:00 - ERROR - FILE_CHECK - expect_column_values_to_be_unique - ANNONCE_LINK - Unexpected value: Dublin on line 43039, value should be unique
2019-07-24 13:14:02,279 - VO - IE - CARSIRELAND - 2019-07-01 00:00:00 - ERROR - FILE_CHECK - expect_column_values_to_be_unique - ANNONCE_LINK - Unexpected value: Dublin on line 43629, value should be unique
2019-07-24 13:14:02,279 - VO - IE - CARSIRELAND - 2019-07-01 00:00:00 - ERROR - FILE_CHECK - expect_column_values_to_be_unique - ANNONCE_LINK - Unexpected value: Cork on line 44227, value should be unique
2019-07-24 13:14:02,279 - VO - IE - CARSIRELAND - 2019-07-01 00:00:00 - ERROR - FILE_CHECK - expect_column_values_to_be_unique - ANNONCE_LINK - Unexpected value: Cork on line 44244, value should be unique
2019-07-24 13:14:02,280 - VO - IE - CARSIRELAND - 2019-07-01 00:00:00 - ERROR - STAT - expect_column_values_to_be_unique - ANNONCE_LINK - observed proportion - 0.02
2019-07-24 13:14:02,280 - VO - IE - CARSIRELAND - 2019-07-01 00:00:00 - ERROR - STAT - expect_column_values_to_not_be_null - CARBURANT - correctly filled rate (%) - 14.61
2019-07-24 13:14:02,280 - VO - IE - CARSIRELAND - 2019-07-01 00:00:00 - ERROR - STAT - expect_column_values_to_not_be_null - CARROSSERIE - correctly filled rate (%) - 0.0
2019-07-24 13:14:02,280 - VO - IE - CARSIRELAND - 2019-07-01 00:00:00 - ERROR - STAT - expect_column_values_to_not_be_null - CP - correctly filled rate (%) - 33.32
2019-07-24 13:14:02,280 - VO - IE - CARSIRELAND - 2019-07-01 00:00:00 - ERROR - FILE_CHECK - expect_column_values_to_match_regex - CP - Unexpected value: Purple  on line 2, value should match regexp ^[0-9]{5}$
2019-07-24 13:14:02,280 - VO - IE - CARSIRELAND - 2019-07-01 00:00:00 - ERROR - FILE_CHECK - expect_column_values_to_match_regex - CP - Unexpected value: Y on line 3, value should match regexp ^[0-9]{5}$
2019-07-24 13:14:02,280 - VO - IE - CARSIRELAND - 2019-07-01 00:00:00 - ERROR - FILE_CHECK - expect_column_values_to_match_regex - CP - Unexpected value: 0 on line 7, value should match regexp ^[0-9]{5}$
2019-07-24 13:14:02,280 - VO - IE - CARSIRELAND - 2019-07-01 00:00:00 - ERROR - FILE_CHECK - expect_column_values_to_match_regex - CP - Unexpected value: Dark Moon Blue Metallic  on line 11, value should match regexp ^[0-9]{5}$
2019-07-24 13:14:02,280 - VO - IE - CARSIRELAND - 2019-07-01 00:00:00 - ERROR - FILE_CHECK - expect_column_values_to_match_regex - CP - Unexpected value: Y on line 12, value should match regexp ^[0-9]{5}$
2019-07-24 13:14:02,280 - VO - IE - CARSIRELAND - 2019-07-01 00:00:00 - ERROR - FILE_CHECK - expect_column_values_to_match_regex - CP - Unexpected value: 0 on line 16, value should match regexp ^[0-9]{5}$
2019-07-24 13:14:02,280 - VO - IE - CARSIRELAND - 2019-07-01 00:00:00 - ERROR - FILE_CHECK - expect_column_values_to_match_regex - CP - Unexpected value: Silver  on line 20, value should match regexp ^[0-9]{5}$
2019-07-24 13:14:02,280 - VO - IE - CARSIRELAND - 2019-07-01 00:00:00 - ERROR - FILE_CHECK - expect_column_values_to_match_regex - CP - Unexpected value: Y on line 21, value should match regexp ^[0-9]{5}$
2019-07-24 13:14:02,280 - VO - IE - CARSIRELAND - 2019-07-01 00:00:00 - ERROR - FILE_CHECK - expect_column_values_to_match_regex - CP - Unexpected value: 0 on line 25, value should match regexp ^[0-9]{5}$
2019-07-24 13:14:02,280 - VO - IE - CARSIRELAND - 2019-07-01 00:00:00 - ERROR - FILE_CHECK - expect_column_values_to_match_regex - CP - Unexpected value: Midnight Black Metallic  on line 29, value should match regexp ^[0-9]{5}$
2019-07-24 13:14:02,280 - VO - IE - CARSIRELAND - 2019-07-01 00:00:00 - ERROR - FILE_CHECK - expect_column_values_to_match_regex - CP - Unexpected value: Y on line 30, value should match regexp ^[0-9]{5}$
2019-07-24 13:14:02,280 - VO - IE - CARSIRELAND - 2019-07-01 00:00:00 - ERROR - FILE_CHECK - expect_column_values_to_match_regex - CP - Unexpected value: 0 on line 34, value should match regexp ^[0-9]{5}$
2019-07-24 13:14:02,280 - VO - IE - CARSIRELAND - 2019-07-01 00:00:00 - ERROR - FILE_CHECK - expect_column_values_to_match_regex - CP - Unexpected value: Beige  on line 38, value should match regexp ^[0-9]{5}$
2019-07-24 13:14:02,281 - VO - IE - CARSIRELAND - 2019-07-01 00:00:00 - ERROR - FILE_CHECK - expect_column_values_to_match_regex - CP - Unexpected value: Y on line 39, value should match regexp ^[0-9]{5}$
2019-07-24 13:14:02,281 - VO - IE - CARSIRELAND - 2019-07-01 00:00:00 - ERROR - FILE_CHECK - expect_column_values_to_match_regex - CP - Unexpected value: 0 on line 43, value should match regexp ^[0-9]{5}$
2019-07-24 13:14:02,281 - VO - IE - CARSIRELAND - 2019-07-01 00:00:00 - ERROR - FILE_CHECK - expect_column_values_to_match_regex - CP - Unexpected value: Black  on line 47, value should match regexp ^[0-9]{5}$
2019-07-24 13:14:02,281 - VO - IE - CARSIRELAND - 2019-07-01 00:00:00 - ERROR - FILE_CHECK - expect_column_values_to_match_regex - CP - Unexpected value: Y on line 48, value should match regexp ^[0-9]{5}$
2019-07-24 13:14:02,281 - VO - IE - CARSIRELAND - 2019-07-01 00:00:00 - ERROR - FILE_CHECK - expect_column_values_to_match_regex - CP - Unexpected value: 0 on line 52, value should match regexp ^[0-9]{5}$
2019-07-24 13:14:02,281 - VO - IE - CARSIRELAND - 2019-07-01 00:00:00 - ERROR - FILE_CHECK - expect_column_values_to_match_regex - CP - Unexpected value: Red  on line 56, value should match regexp ^[0-9]{5}$
2019-07-24 13:14:02,281 - VO - IE - CARSIRELAND - 2019-07-01 00:00:00 - ERROR - FILE_CHECK - expect_column_values_to_match_regex - CP - Unexpected value: Y on line 57, value should match regexp ^[0-9]{5}$
2019-07-24 13:14:02,281 - VO - IE - CARSIRELAND - 2019-07-01 00:00:00 - ERROR - STAT - expect_column_values_to_match_regex - CP - correctly filled rate (%) - 0.0
2019-07-24 13:14:02,281 - VO - IE - CARSIRELAND - 2019-07-01 00:00:00 - ERROR - STAT - expect_column_values_to_not_be_null - GARAGE_ID - correctly filled rate (%) - 10.84
2019-07-24 13:14:02,281 - VO - IE - CARSIRELAND - 2019-07-01 00:00:00 - ERROR - STAT - expect_column_values_to_not_be_null - ID_CLIENT - correctly filled rate (%) - 57.31
2019-07-24 13:14:02,281 - VO - IE - CARSIRELAND - 2019-07-01 00:00:00 - ERROR - FILE_CHECK - expect_column_values_to_be_unique - ID_CLIENT - Unexpected value: Arona  on line 1, value should be unique
2019-07-24 13:14:02,281 - VO - IE - CARSIRELAND - 2019-07-01 00:00:00 - ERROR - FILE_CHECK - expect_column_values_to_be_unique - ID_CLIENT - Unexpected value: pro on line 3, value should be unique
2019-07-24 13:14:02,281 - VO - IE - CARSIRELAND - 2019-07-01 00:00:00 - ERROR - FILE_CHECK - expect_column_values_to_be_unique - ID_CLIENT - Unexpected value: 0 on line 6, value should be unique
2019-07-24 13:14:02,281 - VO - IE - CARSIRELAND - 2019-07-01 00:00:00 - ERROR - FILE_CHECK - expect_column_values_to_be_unique - ID_CLIENT - Unexpected value: Insignia  on line 10, value should be unique
2019-07-24 13:14:02,281 - VO - IE - CARSIRELAND - 2019-07-01 00:00:00 - ERROR - FILE_CHECK - expect_column_values_to_be_unique - ID_CLIENT - Unexpected value: pro on line 12, value should be unique
2019-07-24 13:14:02,281 - VO - IE - CARSIRELAND - 2019-07-01 00:00:00 - ERROR - FILE_CHECK - expect_column_values_to_be_unique - ID_CLIENT - Unexpected value: 0 on line 15, value should be unique
2019-07-24 13:14:02,281 - VO - IE - CARSIRELAND - 2019-07-01 00:00:00 - ERROR - FILE_CHECK - expect_column_values_to_be_unique - ID_CLIENT - Unexpected value: Corsa  on line 19, value should be unique
2019-07-24 13:14:02,281 - VO - IE - CARSIRELAND - 2019-07-01 00:00:00 - ERROR - FILE_CHECK - expect_column_values_to_be_unique - ID_CLIENT - Unexpected value: Opel Corsa SC 1.4I 90PS 5DR on line 20, value should be unique
2019-07-24 13:14:02,282 - VO - IE - CARSIRELAND - 2019-07-01 00:00:00 - ERROR - FILE_CHECK - expect_column_values_to_be_unique - ID_CLIENT - Unexpected value: pro on line 21, value should be unique
2019-07-24 13:14:02,282 - VO - IE - CARSIRELAND - 2019-07-01 00:00:00 - ERROR - FILE_CHECK - expect_column_values_to_be_unique - ID_CLIENT - Unexpected value: 0 on line 24, value should be unique
2019-07-24 13:14:02,282 - VO - IE - CARSIRELAND - 2019-07-01 00:00:00 - ERROR - FILE_CHECK - expect_column_values_to_be_unique - ID_CLIENT - Unexpected value: C Class  on line 28, value should be unique
2019-07-24 13:14:02,282 - VO - IE - CARSIRELAND - 2019-07-01 00:00:00 - ERROR - FILE_CHECK - expect_column_values_to_be_unique - ID_CLIENT - Unexpected value: pro on line 30, value should be unique
2019-07-24 13:14:02,282 - VO - IE - CARSIRELAND - 2019-07-01 00:00:00 - ERROR - FILE_CHECK - expect_column_values_to_be_unique - ID_CLIENT - Unexpected value: 0 on line 33, value should be unique
2019-07-24 13:14:02,282 - VO - IE - CARSIRELAND - 2019-07-01 00:00:00 - ERROR - FILE_CHECK - expect_column_values_to_be_unique - ID_CLIENT - Unexpected value: i40  on line 37, value should be unique
2019-07-24 13:14:02,282 - VO - IE - CARSIRELAND - 2019-07-01 00:00:00 - ERROR - FILE_CHECK - expect_column_values_to_be_unique - ID_CLIENT - Unexpected value: pro on line 39, value should be unique
2019-07-24 13:14:02,282 - VO - IE - CARSIRELAND - 2019-07-01 00:00:00 - ERROR - FILE_CHECK - expect_column_values_to_be_unique - ID_CLIENT - Unexpected value: 0 on line 42, value should be unique
2019-07-24 13:14:02,282 - VO - IE - CARSIRELAND - 2019-07-01 00:00:00 - ERROR - FILE_CHECK - expect_column_values_to_be_unique - ID_CLIENT - Unexpected value: Ceed  on line 46, value should be unique
2019-07-24 13:14:02,282 - VO - IE - CARSIRELAND - 2019-07-01 00:00:00 - ERROR - FILE_CHECK - expect_column_values_to_be_unique - ID_CLIENT - Unexpected value: Kia Ceed PRO_ 1.6 GT LINE 3DR on line 47, value should be unique
2019-07-24 13:14:02,282 - VO - IE - CARSIRELAND - 2019-07-01 00:00:00 - ERROR - FILE_CHECK - expect_column_values_to_be_unique - ID_CLIENT - Unexpected value: pro on line 48, value should be unique
2019-07-24 13:14:02,282 - VO - IE - CARSIRELAND - 2019-07-01 00:00:00 - ERROR - FILE_CHECK - expect_column_values_to_be_unique - ID_CLIENT - Unexpected value: 0 on line 51, value should be unique
2019-07-24 13:14:02,282 - VO - IE - CARSIRELAND - 2019-07-01 00:00:00 - ERROR - STAT - expect_column_values_to_be_unique - ID_CLIENT - observed proportion - 25.77
2019-07-24 13:14:02,282 - VO - IE - CARSIRELAND - 2019-07-01 00:00:00 - ERROR - STAT - expect_returning_row_count - EVERY_COLUMNS - total number of rows - 343087
2019-07-24 13:14:02,282 - VO - IE - CARSIRELAND - 2019-07-01 00:00:00 - ERROR - STAT - expect_column_values_to_not_be_null - IMMAT - correctly filled rate (%) - 0.0
2019-07-24 13:14:02,282 - VO - IE - CARSIRELAND - 2019-07-01 00:00:00 - ERROR - FILE_CHECK - expect_column_values_to_be_in_type_list - KM - Wrong type for value: 19950.0 on line 2 should be in ['int']
2019-07-24 13:14:02,282 - VO - IE - CARSIRELAND - 2019-07-01 00:00:00 - ERROR - FILE_CHECK - expect_column_values_to_be_in_type_list - KM - Wrong type for value: 0.0 on line 3 should be in ['int']
2019-07-24 13:14:02,282 - VO - IE - CARSIRELAND - 2019-07-01 00:00:00 - ERROR - FILE_CHECK - expect_column_values_to_be_in_type_list - KM - Wrong type for value: 0.0 on line 7 should be in ['int']
2019-07-24 13:14:02,283 - VO - IE - CARSIRELAND - 2019-07-01 00:00:00 - ERROR - FILE_CHECK - expect_column_values_to_be_in_type_list - KM - Wrong type for value: 17900.0 on line 11 should be in ['int']
2019-07-24 13:14:02,283 - VO - IE - CARSIRELAND - 2019-07-01 00:00:00 - ERROR - FILE_CHECK - expect_column_values_to_be_in_type_list - KM - Wrong type for value: 0.0 on line 12 should be in ['int']
2019-07-24 13:14:02,283 - VO - IE - CARSIRELAND - 2019-07-01 00:00:00 - ERROR - FILE_CHECK - expect_column_values_to_be_in_type_list - KM - Wrong type for value: 0.0 on line 16 should be in ['int']
2019-07-24 13:14:02,283 - VO - IE - CARSIRELAND - 2019-07-01 00:00:00 - ERROR - FILE_CHECK - expect_column_values_to_be_in_type_list - KM - Wrong type for value: 12900.0 on line 20 should be in ['int']
2019-07-24 13:14:02,283 - VO - IE - CARSIRELAND - 2019-07-01 00:00:00 - ERROR - FILE_CHECK - expect_column_values_to_be_in_type_list - KM - Wrong type for value: 0.0 on line 21 should be in ['int']
2019-07-24 13:14:02,283 - VO - IE - CARSIRELAND - 2019-07-01 00:00:00 - ERROR - FILE_CHECK - expect_column_values_to_be_in_type_list - KM - Wrong type for value: 0.0 on line 25 should be in ['int']
2019-07-24 13:14:02,283 - VO - IE - CARSIRELAND - 2019-07-01 00:00:00 - ERROR - FILE_CHECK - expect_column_values_to_be_in_type_list - KM - Wrong type for value: 17900.0 on line 29 should be in ['int']
2019-07-24 13:14:02,283 - VO - IE - CARSIRELAND - 2019-07-01 00:00:00 - ERROR - FILE_CHECK - expect_column_values_to_be_in_type_list - KM - Wrong type for value: 0.0 on line 30 should be in ['int']
2019-07-24 13:14:02,283 - VO - IE - CARSIRELAND - 2019-07-01 00:00:00 - ERROR - FILE_CHECK - expect_column_values_to_be_in_type_list - KM - Wrong type for value: 0.0 on line 34 should be in ['int']
2019-07-24 13:14:02,283 - VO - IE - CARSIRELAND - 2019-07-01 00:00:00 - ERROR - FILE_CHECK - expect_column_values_to_be_in_type_list - KM - Wrong type for value: 15490.0 on line 38 should be in ['int']
2019-07-24 13:14:02,283 - VO - IE - CARSIRELAND - 2019-07-01 00:00:00 - ERROR - FILE_CHECK - expect_column_values_to_be_in_type_list - KM - Wrong type for value: 0.0 on line 39 should be in ['int']
2019-07-24 13:14:02,283 - VO - IE - CARSIRELAND - 2019-07-01 00:00:00 - ERROR - FILE_CHECK - expect_column_values_to_be_in_type_list - KM - Wrong type for value: 0.0 on line 43 should be in ['int']
2019-07-24 13:14:02,283 - VO - IE - CARSIRELAND - 2019-07-01 00:00:00 - ERROR - FILE_CHECK - expect_column_values_to_be_in_type_list - KM - Wrong type for value: 17950.0 on line 47 should be in ['int']
2019-07-24 13:14:02,283 - VO - IE - CARSIRELAND - 2019-07-01 00:00:00 - ERROR - FILE_CHECK - expect_column_values_to_be_in_type_list - KM - Wrong type for value: 0.0 on line 48 should be in ['int']
2019-07-24 13:14:02,283 - VO - IE - CARSIRELAND - 2019-07-01 00:00:00 - ERROR - FILE_CHECK - expect_column_values_to_be_in_type_list - KM - Wrong type for value: 0.0 on line 52 should be in ['int']
2019-07-24 13:14:02,283 - VO - IE - CARSIRELAND - 2019-07-01 00:00:00 - ERROR - FILE_CHECK - expect_column_values_to_be_in_type_list - KM - Wrong type for value: 15950.0 on line 56 should be in ['int']
2019-07-24 13:14:02,283 - VO - IE - CARSIRELAND - 2019-07-01 00:00:00 - ERROR - FILE_CHECK - expect_column_values_to_be_in_type_list - KM - Wrong type for value: 0.0 on line 57 should be in ['int']
2019-07-24 13:14:02,283 - VO - IE - CARSIRELAND - 2019-07-01 00:00:00 - ERROR - STAT - expect_column_values_to_be_in_type_list - KM - correctly filled rate (%) - 0.0
2019-07-24 13:14:02,284 - VO - IE - CARSIRELAND - 2019-07-01 00:00:00 - ERROR - STAT - expect_column_values_to_not_be_null - KM - correctly filled rate (%) - 33.99
2019-07-24 13:14:02,284 - VO - IE - CARSIRELAND - 2019-07-01 00:00:00 - ERROR - STAT - expect_column_values_to_be_in_type_list - LITRE - correctly filled rate (%) - 100.0
2019-07-24 13:14:02,284 - VO - IE - CARSIRELAND - 2019-07-01 00:00:00 - ERROR - STAT - expect_column_values_to_not_be_null - LITRE - correctly filled rate (%) - 0.0
2019-07-24 13:14:02,284 - VO - IE - CARSIRELAND - 2019-07-01 00:00:00 - ERROR - STAT - expect_column_values_to_not_be_null - MARQUE - correctly filled rate (%) - 75.63
2019-07-24 13:14:02,284 - VO - IE - CARSIRELAND - 2019-07-01 00:00:00 - ERROR - STAT - expect_column_values_to_not_be_null - MODELE - correctly filled rate (%) - 49.38
2019-07-24 13:14:02,284 - VO - IE - CARSIRELAND - 2019-07-01 00:00:00 - ERROR - STAT - expect_column_values_to_not_be_null - MOIS - correctly filled rate (%) - 0.17
2019-07-24 13:14:02,284 - VO - IE - CARSIRELAND - 2019-07-01 00:00:00 - ERROR - FILE_CHECK - expect_column_values_to_match_regex - MOIS - Unexpected value: http://www.carsireland.ie/dr.php?dealer_id=72133 on line 2566, value should match regexp ^[0-9]{1,2}$
2019-07-24 13:14:02,284 - VO - IE - CARSIRELAND - 2019-07-01 00:00:00 - ERROR - FILE_CHECK - expect_column_values_to_match_regex - MOIS - Unexpected value: http://www.carsireland.ie/dr.php?dealer_id=72175 on line 2601, value should match regexp ^[0-9]{1,2}$
2019-07-24 13:14:02,284 - VO - IE - CARSIRELAND - 2019-07-01 00:00:00 - ERROR - FILE_CHECK - expect_column_values_to_match_regex - MOIS - Unexpected value: 0860802395 on line 4271, value should match regexp ^[0-9]{1,2}$
2019-07-24 13:14:02,284 - VO - IE - CARSIRELAND - 2019-07-01 00:00:00 - ERROR - FILE_CHECK - expect_column_values_to_match_regex - MOIS - Unexpected value: http://www.carsireland.ie/dr.php?dealer_id=71999 on line 5113, value should match regexp ^[0-9]{1,2}$
2019-07-24 13:14:02,284 - VO - IE - CARSIRELAND - 2019-07-01 00:00:00 - ERROR - FILE_CHECK - expect_column_values_to_match_regex - MOIS - Unexpected value: http://www.carsireland.ie/dr.php?dealer_id=71789 on line 5955, value should match regexp ^[0-9]{1,2}$
2019-07-24 13:14:02,284 - VO - IE - CARSIRELAND - 2019-07-01 00:00:00 - ERROR - FILE_CHECK - expect_column_values_to_match_regex - MOIS - Unexpected value: http://www.carsireland.ie/dr.php?dealer_id=72365 on line 7322, value should match regexp ^[0-9]{1,2}$
2019-07-24 13:14:02,284 - VO - IE - CARSIRELAND - 2019-07-01 00:00:00 - ERROR - FILE_CHECK - expect_column_values_to_match_regex - MOIS - Unexpected value: http://www.carsireland.ie/dr.php?dealer_id=71871 on line 7330, value should match regexp ^[0-9]{1,2}$
2019-07-24 13:14:02,284 - VO - IE - CARSIRELAND - 2019-07-01 00:00:00 - ERROR - FILE_CHECK - expect_column_values_to_match_regex - MOIS - Unexpected value: 045888438 on line 8393, value should match regexp ^[0-9]{1,2}$
2019-07-24 13:14:02,284 - VO - IE - CARSIRELAND - 2019-07-01 00:00:00 - ERROR - FILE_CHECK - expect_column_values_to_match_regex - MOIS - Unexpected value: 045888438 on line 8409, value should match regexp ^[0-9]{1,2}$
2019-07-24 13:14:02,284 - VO - IE - CARSIRELAND - 2019-07-01 00:00:00 - ERROR - FILE_CHECK - expect_column_values_to_match_regex - MOIS - Unexpected value: http://www.carsireland.ie/dr.php?dealer_id=71859 on line 8606, value should match regexp ^[0-9]{1,2}$
2019-07-24 13:14:02,285 - VO - IE - CARSIRELAND - 2019-07-01 00:00:00 - ERROR - FILE_CHECK - expect_column_values_to_match_regex - MOIS - Unexpected value: 016404066 on line 8743, value should match regexp ^[0-9]{1,2}$
2019-07-24 13:14:02,285 - VO - IE - CARSIRELAND - 2019-07-01 00:00:00 - ERROR - FILE_CHECK - expect_column_values_to_match_regex - MOIS - Unexpected value: http://www.carsireland.ie/dr.php?dealer_id=72767 on line 10006, value should match regexp ^[0-9]{1,2}$
2019-07-24 13:14:02,285 - VO - IE - CARSIRELAND - 2019-07-01 00:00:00 - ERROR - FILE_CHECK - expect_column_values_to_match_regex - MOIS - Unexpected value: 0906481050 on line 26305, value should match regexp ^[0-9]{1,2}$
2019-07-24 13:14:02,285 - VO - IE - CARSIRELAND - 2019-07-01 00:00:00 - ERROR - FILE_CHECK - expect_column_values_to_match_regex - MOIS - Unexpected value: 0599183397 on line 26548, value should match regexp ^[0-9]{1,2}$
2019-07-24 13:14:02,285 - VO - IE - CARSIRELAND - 2019-07-01 00:00:00 - ERROR - FILE_CHECK - expect_column_values_to_match_regex - MOIS - Unexpected value: 0599183397 on line 26555, value should match regexp ^[0-9]{1,2}$
2019-07-24 13:14:02,285 - VO - IE - CARSIRELAND - 2019-07-01 00:00:00 - ERROR - FILE_CHECK - expect_column_values_to_match_regex - MOIS - Unexpected value: 0599183397 on line 26562, value should match regexp ^[0-9]{1,2}$
2019-07-24 13:14:02,285 - VO - IE - CARSIRELAND - 2019-07-01 00:00:00 - ERROR - FILE_CHECK - expect_column_values_to_match_regex - MOIS - Unexpected value: 0599183397 on line 26577, value should match regexp ^[0-9]{1,2}$
2019-07-24 13:14:02,285 - VO - IE - CARSIRELAND - 2019-07-01 00:00:00 - ERROR - FILE_CHECK - expect_column_values_to_match_regex - MOIS - Unexpected value: http://www.carsireland.ie/dr.php?dealer_id=72365 on line 26842, value should match regexp ^[0-9]{1,2}$
2019-07-24 13:14:02,285 - VO - IE - CARSIRELAND - 2019-07-01 00:00:00 - ERROR - FILE_CHECK - expect_column_values_to_match_regex - MOIS - Unexpected value: 0906624546 on line 27146, value should match regexp ^[0-9]{1,2}$
2019-07-24 13:14:02,285 - VO - IE - CARSIRELAND - 2019-07-01 00:00:00 - ERROR - FILE_CHECK - expect_column_values_to_match_regex - MOIS - Unexpected value: 0906624546 on line 27162, value should match regexp ^[0-9]{1,2}$
2019-07-24 13:14:02,285 - VO - IE - CARSIRELAND - 2019-07-01 00:00:00 - ERROR - STAT - expect_column_values_to_match_regex - MOIS - correctly filled rate (%) - 0.1
2019-07-24 13:14:02,285 - VO - IE - CARSIRELAND - 2019-07-01 00:00:00 - ERROR - STAT - expect_column_values_to_not_be_null - NOM - correctly filled rate (%) - 57.59
2019-07-24 13:14:02,285 - VO - IE - CARSIRELAND - 2019-07-01 00:00:00 - ERROR - FILE_CHECK - expect_column_value_lengths_to_be_between - NOM - Unexpected characters count of: [Cavan...] on line  2, value length should be between 10 and 255
2019-07-24 13:14:02,285 - VO - IE - CARSIRELAND - 2019-07-01 00:00:00 - ERROR - FILE_CHECK - expect_column_value_lengths_to_be_between - NOM - Unexpected characters count of: [0...] on line  3, value length should be between 10 and 255
2019-07-24 13:14:02,285 - VO - IE - CARSIRELAND - 2019-07-01 00:00:00 - ERROR - FILE_CHECK - expect_column_value_lengths_to_be_between - NOM - Unexpected characters count of: [Manual ...] on line  4, value length should be between 10 and 255
2019-07-24 13:14:02,285 - VO - IE - CARSIRELAND - 2019-07-01 00:00:00 - ERROR - FILE_CHECK - expect_column_value_lengths_to_be_between - NOM - Unexpected characters count of: [0...] on line  6, value length should be between 10 and 255
2019-07-24 13:14:02,285 - VO - IE - CARSIRELAND - 2019-07-01 00:00:00 - ERROR - FILE_CHECK - expect_column_value_lengths_to_be_between - NOM - Unexpected characters count of: [0...] on line  7, value length should be between 10 and 255
2019-07-24 13:14:02,285 - VO - IE - CARSIRELAND - 2019-07-01 00:00:00 - ERROR - FILE_CHECK - expect_column_value_lengths_to_be_between - NOM - Unexpected characters count of: [0...] on line  12, value length should be between 10 and 255
2019-07-24 13:14:02,286 - VO - IE - CARSIRELAND - 2019-07-01 00:00:00 - ERROR - FILE_CHECK - expect_column_value_lengths_to_be_between - NOM - Unexpected characters count of: [Manual ...] on line  13, value length should be between 10 and 255
2019-07-24 13:14:02,286 - VO - IE - CARSIRELAND - 2019-07-01 00:00:00 - ERROR - FILE_CHECK - expect_column_value_lengths_to_be_between - NOM - Unexpected characters count of: [0...] on line  15, value length should be between 10 and 255
2019-07-24 13:14:02,286 - VO - IE - CARSIRELAND - 2019-07-01 00:00:00 - ERROR - FILE_CHECK - expect_column_value_lengths_to_be_between - NOM - Unexpected characters count of: [0...] on line  16, value length should be between 10 and 255
2019-07-24 13:14:02,286 - VO - IE - CARSIRELAND - 2019-07-01 00:00:00 - ERROR - FILE_CHECK - expect_column_value_lengths_to_be_between - NOM - Unexpected characters count of: [0...] on line  21, value length should be between 10 and 255
2019-07-24 13:14:02,286 - VO - IE - CARSIRELAND - 2019-07-01 00:00:00 - ERROR - FILE_CHECK - expect_column_value_lengths_to_be_between - NOM - Unexpected characters count of: [Manual ...] on line  22, value length should be between 10 and 255
2019-07-24 13:14:02,286 - VO - IE - CARSIRELAND - 2019-07-01 00:00:00 - ERROR - FILE_CHECK - expect_column_value_lengths_to_be_between - NOM - Unexpected characters count of: [0...] on line  24, value length should be between 10 and 255
2019-07-24 13:14:02,286 - VO - IE - CARSIRELAND - 2019-07-01 00:00:00 - ERROR - FILE_CHECK - expect_column_value_lengths_to_be_between - NOM - Unexpected characters count of: [0...] on line  25, value length should be between 10 and 255
2019-07-24 13:14:02,286 - VO - IE - CARSIRELAND - 2019-07-01 00:00:00 - ERROR - FILE_CHECK - expect_column_value_lengths_to_be_between - NOM - Unexpected characters count of: [0...] on line  30, value length should be between 10 and 255
2019-07-24 13:14:02,286 - VO - IE - CARSIRELAND - 2019-07-01 00:00:00 - ERROR - FILE_CHECK - expect_column_value_lengths_to_be_between - NOM - Unexpected characters count of: [Manual ...] on line  31, value length should be between 10 and 255
2019-07-24 13:14:02,286 - VO - IE - CARSIRELAND - 2019-07-01 00:00:00 - ERROR - FILE_CHECK - expect_column_value_lengths_to_be_between - NOM - Unexpected characters count of: [0...] on line  33, value length should be between 10 and 255
2019-07-24 13:14:02,286 - VO - IE - CARSIRELAND - 2019-07-01 00:00:00 - ERROR - FILE_CHECK - expect_column_value_lengths_to_be_between - NOM - Unexpected characters count of: [0...] on line  34, value length should be between 10 and 255
2019-07-24 13:14:02,286 - VO - IE - CARSIRELAND - 2019-07-01 00:00:00 - ERROR - FILE_CHECK - expect_column_value_lengths_to_be_between - NOM - Unexpected characters count of: [Dublin 12...] on line  38, value length should be between 10 and 255
2019-07-24 13:14:02,286 - VO - IE - CARSIRELAND - 2019-07-01 00:00:00 - ERROR - FILE_CHECK - expect_column_value_lengths_to_be_between - NOM - Unexpected characters count of: [0...] on line  39, value length should be between 10 and 255
2019-07-24 13:14:02,286 - VO - IE - CARSIRELAND - 2019-07-01 00:00:00 - ERROR - FILE_CHECK - expect_column_value_lengths_to_be_between - NOM - Unexpected characters count of: [Manual ...] on line  40, value length should be between 10 and 255
2019-07-24 13:14:02,286 - VO - IE - CARSIRELAND - 2019-07-01 00:00:00 - ERROR - STAT - expect_column_value_lengths_to_be_between - NOM - correctly filled rate (%) - 25.35
2019-07-24 13:14:02,286 - VO - IE - CARSIRELAND - 2019-07-01 00:00:00 - ERROR - STAT - expect_column_values_to_not_be_null - OPTIONS - correctly filled rate (%) - 0.0
2019-07-24 13:14:02,287 - VO - IE - CARSIRELAND - 2019-07-01 00:00:00 - ERROR - FILE_CHECK - expect_column_values_to_be_in_type_list - PHOTO - Wrong type for value: 0.0 on line 329207 should be in ['int']
2019-07-24 13:14:02,287 - VO - IE - CARSIRELAND - 2019-07-01 00:00:00 - ERROR - STAT - expect_column_values_to_be_in_type_list - PHOTO - correctly filled rate (%) - 0.0
2019-07-24 13:14:02,287 - VO - IE - CARSIRELAND - 2019-07-01 00:00:00 - ERROR - STAT - expect_column_values_to_not_be_null - PHOTO - correctly filled rate (%) - 0.0
2019-07-24 13:14:02,287 - VO - IE - CARSIRELAND - 2019-07-01 00:00:00 - ERROR - STAT - expect_column_values_to_not_be_null - PLACE - correctly filled rate (%) - 0.0
2019-07-24 13:14:02,287 - VO - IE - CARSIRELAND - 2019-07-01 00:00:00 - ERROR - STAT - expect_column_values_to_not_be_null - PORTE - correctly filled rate (%) - 0.0
2019-07-24 13:14:02,287 - VO - IE - CARSIRELAND - 2019-07-01 00:00:00 - ERROR - FILE_CHECK - expect_column_values_to_be_in_type_list - PRIX - Wrong type for value: 3 on line 3 should be in ['int']
2019-07-24 13:14:02,287 - VO - IE - CARSIRELAND - 2019-07-01 00:00:00 - ERROR - FILE_CHECK - expect_column_values_to_be_in_type_list - PRIX - Wrong type for value: 7456 on line 8 should be in ['int']
2019-07-24 13:14:02,287 - VO - IE - CARSIRELAND - 2019-07-01 00:00:00 - ERROR - FILE_CHECK - expect_column_values_to_be_in_type_list - PRIX - Wrong type for value: 3 on line 12 should be in ['int']
2019-07-24 13:14:02,287 - VO - IE - CARSIRELAND - 2019-07-01 00:00:00 - ERROR - FILE_CHECK - expect_column_values_to_be_in_type_list - PRIX - Wrong type for value: 32000 on line 17 should be in ['int']
2019-07-24 13:14:02,287 - VO - IE - CARSIRELAND - 2019-07-01 00:00:00 - ERROR - FILE_CHECK - expect_column_values_to_be_in_type_list - PRIX - Wrong type for value: 3 on line 21 should be in ['int']
2019-07-24 13:14:02,287 - VO - IE - CARSIRELAND - 2019-07-01 00:00:00 - ERROR - FILE_CHECK - expect_column_values_to_be_in_type_list - PRIX - Wrong type for value: 11806 on line 26 should be in ['int']
2019-07-24 13:14:02,287 - VO - IE - CARSIRELAND - 2019-07-01 00:00:00 - ERROR - FILE_CHECK - expect_column_values_to_be_in_type_list - PRIX - Wrong type for value: 3 on line 30 should be in ['int']
2019-07-24 13:14:02,287 - VO - IE - CARSIRELAND - 2019-07-01 00:00:00 - ERROR - FILE_CHECK - expect_column_values_to_be_in_type_list - PRIX - Wrong type for value: 75000 on line 35 should be in ['int']
2019-07-24 13:14:02,287 - VO - IE - CARSIRELAND - 2019-07-01 00:00:00 - ERROR - FILE_CHECK - expect_column_values_to_be_in_type_list - PRIX - Wrong type for value: 3 on line 39 should be in ['int']
2019-07-24 13:14:02,287 - VO - IE - CARSIRELAND - 2019-07-01 00:00:00 - ERROR - FILE_CHECK - expect_column_values_to_be_in_type_list - PRIX - Wrong type for value: 74565 on line 44 should be in ['int']
2019-07-24 13:14:02,287 - VO - IE - CARSIRELAND - 2019-07-01 00:00:00 - ERROR - FILE_CHECK - expect_column_values_to_be_in_type_list - PRIX - Wrong type for value: 3 on line 48 should be in ['int']
2019-07-24 13:14:02,287 - VO - IE - CARSIRELAND - 2019-07-01 00:00:00 - ERROR - FILE_CHECK - expect_column_values_to_be_in_type_list - PRIX - Wrong type for value: 6213 on line 53 should be in ['int']
2019-07-24 13:14:02,288 - VO - IE - CARSIRELAND - 2019-07-01 00:00:00 - ERROR - FILE_CHECK - expect_column_values_to_be_in_type_list - PRIX - Wrong type for value: 3 on line 57 should be in ['int']
2019-07-24 13:14:02,288 - VO - IE - CARSIRELAND - 2019-07-01 00:00:00 - ERROR - FILE_CHECK - expect_column_values_to_be_in_type_list - PRIX - Wrong type for value: 6213 on line 62 should be in ['int']
2019-07-24 13:14:02,288 - VO - IE - CARSIRELAND - 2019-07-01 00:00:00 - ERROR - FILE_CHECK - expect_column_values_to_be_in_type_list - PRIX - Wrong type for value: 3 on line 66 should be in ['int']
2019-07-24 13:14:02,288 - VO - IE - CARSIRELAND - 2019-07-01 00:00:00 - ERROR - FILE_CHECK - expect_column_values_to_be_in_type_list - PRIX - Wrong type for value: 0 on line 67 should be in ['int']
2019-07-24 13:14:02,288 - VO - IE - CARSIRELAND - 2019-07-01 00:00:00 - ERROR - FILE_CHECK - expect_column_values_to_be_in_type_list - PRIX - Wrong type for value: 33000 on line 69 should be in ['int']
2019-07-24 13:14:02,288 - VO - IE - CARSIRELAND - 2019-07-01 00:00:00 - ERROR - FILE_CHECK - expect_column_values_to_be_in_type_list - PRIX - Wrong type for value: 3 on line 73 should be in ['int']
2019-07-24 13:14:02,288 - VO - IE - CARSIRELAND - 2019-07-01 00:00:00 - ERROR - FILE_CHECK - expect_column_values_to_be_in_type_list - PRIX - Wrong type for value: 54000 on line 78 should be in ['int']
2019-07-24 13:14:02,288 - VO - IE - CARSIRELAND - 2019-07-01 00:00:00 - ERROR - FILE_CHECK - expect_column_values_to_be_in_type_list - PRIX - Wrong type for value: 3 on line 82 should be in ['int']
2019-07-24 13:14:02,288 - VO - IE - CARSIRELAND - 2019-07-01 00:00:00 - ERROR - STAT - expect_column_values_to_be_in_type_list - PRIX - correctly filled rate (%) - 0.0
2019-07-24 13:14:02,288 - VO - IE - CARSIRELAND - 2019-07-01 00:00:00 - ERROR - STAT - expect_column_values_to_not_be_null - PRIX - correctly filled rate (%) - 24.34
2019-07-24 13:14:02,288 - VO - IE - CARSIRELAND - 2019-07-01 00:00:00 - ERROR - STAT - expect_column_values_to_not_be_null - PROVINCE - correctly filled rate (%) - 0.0
2019-07-24 13:14:02,288 - VO - IE - CARSIRELAND - 2019-07-01 00:00:00 - ERROR - STAT - expect_column_values_to_not_be_null - SITE - correctly filled rate (%) - 12.76
2019-07-24 13:14:02,288 - VO - IE - CARSIRELAND - 2019-07-01 00:00:00 - ERROR - STAT - expect_column_values_to_not_be_null - TELEPHONE - correctly filled rate (%) - 10.65
2019-07-24 13:14:02,288 - VO - IE - CARSIRELAND - 2019-07-01 00:00:00 - ERROR - FILE_CHECK - expect_column_values_to_be_phone_number - TELEPHONE - Unexpected value: 0.0 on line 7, value should match a phone number format
2019-07-24 13:14:02,288 - VO - IE - CARSIRELAND - 2019-07-01 00:00:00 - ERROR - FILE_CHECK - expect_column_values_to_be_phone_number - TELEPHONE - Unexpected value: 0.0 on line 16, value should match a phone number format
2019-07-24 13:14:02,288 - VO - IE - CARSIRELAND - 2019-07-01 00:00:00 - ERROR - FILE_CHECK - expect_column_values_to_be_phone_number - TELEPHONE - Unexpected value: 0.0 on line 25, value should match a phone number format
2019-07-24 13:14:02,288 - VO - IE - CARSIRELAND - 2019-07-01 00:00:00 - ERROR - FILE_CHECK - expect_column_values_to_be_phone_number - TELEPHONE - Unexpected value: 0.0 on line 34, value should match a phone number format
2019-07-24 13:14:02,289 - VO - IE - CARSIRELAND - 2019-07-01 00:00:00 - ERROR - FILE_CHECK - expect_column_values_to_be_phone_number - TELEPHONE - Unexpected value: 0.0 on line 43, value should match a phone number format
2019-07-24 13:14:02,289 - VO - IE - CARSIRELAND - 2019-07-01 00:00:00 - ERROR - FILE_CHECK - expect_column_values_to_be_phone_number - TELEPHONE - Unexpected value: 0.0 on line 52, value should match a phone number format
2019-07-24 13:14:02,289 - VO - IE - CARSIRELAND - 2019-07-01 00:00:00 - ERROR - FILE_CHECK - expect_column_values_to_be_phone_number - TELEPHONE - Unexpected value: 0.0 on line 61, value should match a phone number format
2019-07-24 13:14:02,289 - VO - IE - CARSIRELAND - 2019-07-01 00:00:00 - ERROR - FILE_CHECK - expect_column_values_to_be_phone_number - TELEPHONE - Unexpected value: 0.0 on line 68, value should match a phone number format
2019-07-24 13:14:02,289 - VO - IE - CARSIRELAND - 2019-07-01 00:00:00 - ERROR - FILE_CHECK - expect_column_values_to_be_phone_number - TELEPHONE - Unexpected value: 0.0 on line 77, value should match a phone number format
2019-07-24 13:14:02,289 - VO - IE - CARSIRELAND - 2019-07-01 00:00:00 - ERROR - FILE_CHECK - expect_column_values_to_be_phone_number - TELEPHONE - Unexpected value: 0.0 on line 86, value should match a phone number format
2019-07-24 13:14:02,289 - VO - IE - CARSIRELAND - 2019-07-01 00:00:00 - ERROR - FILE_CHECK - expect_column_values_to_be_phone_number - TELEPHONE - Unexpected value: 0.0 on line 95, value should match a phone number format
2019-07-24 13:14:02,289 - VO - IE - CARSIRELAND - 2019-07-01 00:00:00 - ERROR - FILE_CHECK - expect_column_values_to_be_phone_number - TELEPHONE - Unexpected value: 0.0 on line 104, value should match a phone number format
2019-07-24 13:14:02,289 - VO - IE - CARSIRELAND - 2019-07-01 00:00:00 - ERROR - FILE_CHECK - expect_column_values_to_be_phone_number - TELEPHONE - Unexpected value: 0.0 on line 113, value should match a phone number format
2019-07-24 13:14:02,289 - VO - IE - CARSIRELAND - 2019-07-01 00:00:00 - ERROR - FILE_CHECK - expect_column_values_to_be_phone_number - TELEPHONE - Unexpected value: 0.0 on line 122, value should match a phone number format
2019-07-24 13:14:02,289 - VO - IE - CARSIRELAND - 2019-07-01 00:00:00 - ERROR - FILE_CHECK - expect_column_values_to_be_phone_number - TELEPHONE - Unexpected value: 0.0 on line 131, value should match a phone number format
2019-07-24 13:14:02,289 - VO - IE - CARSIRELAND - 2019-07-01 00:00:00 - ERROR - FILE_CHECK - expect_column_values_to_be_phone_number - TELEPHONE - Unexpected value: 0.0 on line 140, value should match a phone number format
2019-07-24 13:14:02,289 - VO - IE - CARSIRELAND - 2019-07-01 00:00:00 - ERROR - FILE_CHECK - expect_column_values_to_be_phone_number - TELEPHONE - Unexpected value: 0.0 on line 149, value should match a phone number format
2019-07-24 13:14:02,289 - VO - IE - CARSIRELAND - 2019-07-01 00:00:00 - ERROR - FILE_CHECK - expect_column_values_to_be_phone_number - TELEPHONE - Unexpected value: 0.0 on line 158, value should match a phone number format
2019-07-24 13:14:02,289 - VO - IE - CARSIRELAND - 2019-07-01 00:00:00 - ERROR - FILE_CHECK - expect_column_values_to_be_phone_number - TELEPHONE - Unexpected value: 0.0 on line 167, value should match a phone number format
2019-07-24 13:14:02,289 - VO - IE - CARSIRELAND - 2019-07-01 00:00:00 - ERROR - FILE_CHECK - expect_column_values_to_be_phone_number - TELEPHONE - Unexpected value: 0.0 on line 176, value should match a phone number format
2019-07-24 13:14:02,289 - VO - IE - CARSIRELAND - 2019-07-01 00:00:00 - ERROR - STAT - expect_column_values_to_be_phone_number - TELEPHONE - correctly filled rate (%) - 17.41
2019-07-24 13:14:02,289 - VO - IE - CARSIRELAND - 2019-07-01 00:00:00 - ERROR - STAT - expect_column_values_to_not_be_null - TYPE - correctly filled rate (%) - 12.76
2019-07-24 13:14:02,290 - VO - IE - CARSIRELAND - 2019-07-01 00:00:00 - ERROR - STAT - expect_column_values_to_not_be_null - VILLE - correctly filled rate (%) - 34.06
2019-07-24 13:14:02,290 - VO - IE - CARSIRELAND - 2019-07-01 00:00:00 - ERROR - STAT - expect_column_values_to_not_be_null - VN_IND - correctly filled rate (%) - 0.0
2019-07-24 13:14:02,290 - VO - IE - CARSIRELAND - 2019-07-01 00:00:00 - ERROR - STAT - expect_returning_row_count_on_conditions - DEALER_USEDCARS - total number of row with conditions - 1
2019-07-24 13:14:02,290 - VO - IE - CARSIRELAND - 2019-07-01 00:00:00 - ERROR - STAT - expect_returning_row_count_on_conditions - PRIVATE_USEDCARS - total number of row with conditions - 0
2019-07-24 13:14:02,290 - VO - IE - CARSIRELAND - 2019-07-01 00:00:00 - ERROR - STAT - expect_returning_row_unique_count - MARQUE_CORRECTED - total number of unique rows - 0
2019-07-24 13:14:02,290 - VO - IE - CARSIRELAND - 2019-07-01 00:00:00 - ERROR - STAT - expect_returning_row_unique_count - MODELE_CORRECTED - total number of unique rows - 1164
2019-07-24 13:14:02,290 - VO - IE - CARSIRELAND - 2019-07-01 00:00:00 - ERROR - STAT - expect_returning_row_unique_count - CARROSSERIE - total number of unique rows - 0
2019-07-24 13:14:02,290 - VO - IE - CARSIRELAND - 2019-07-01 00:00:00 - ERROR - STAT - expect_returning_row_unique_count - CARBURANT - total number of unique rows - 46
2019-07-24 13:14:02,290 - VO - IE - CARSIRELAND - 2019-07-01 00:00:00 - ERROR - STAT - expect_column_values_to_not_be_null - CYLINDRE - correctly filled rate (%) - 8.81
2019-07-24 13:14:02,290 - VO - IE - CARSIRELAND - 2019-07-01 00:00:00 - ERROR - FILE_CHECK - expect_column_values_to_be_in_type_list - CYLINDRE - Wrong type for value: 1.6  on line 7 should be in ['int']
2019-07-24 13:14:02,290 - VO - IE - CARSIRELAND - 2019-07-01 00:00:00 - ERROR - FILE_CHECK - expect_column_values_to_be_in_type_list - CYLINDRE - Wrong type for value: 1.6  on line 16 should be in ['int']
2019-07-24 13:14:02,290 - VO - IE - CARSIRELAND - 2019-07-01 00:00:00 - ERROR - FILE_CHECK - expect_column_values_to_be_in_type_list - CYLINDRE - Wrong type for value: 1.4  on line 25 should be in ['int']
2019-07-24 13:14:02,290 - VO - IE - CARSIRELAND - 2019-07-01 00:00:00 - ERROR - FILE_CHECK - expect_column_values_to_be_in_type_list - CYLINDRE - Wrong type for value: 2.1  on line 34 should be in ['int']
2019-07-24 13:14:02,290 - VO - IE - CARSIRELAND - 2019-07-01 00:00:00 - ERROR - FILE_CHECK - expect_column_values_to_be_in_type_list - CYLINDRE - Wrong type for value: 1.7  on line 43 should be in ['int']
2019-07-24 13:14:02,290 - VO - IE - CARSIRELAND - 2019-07-01 00:00:00 - ERROR - FILE_CHECK - expect_column_values_to_be_in_type_list - CYLINDRE - Wrong type for value: 1.6  on line 52 should be in ['int']
2019-07-24 13:14:02,290 - VO - IE - CARSIRELAND - 2019-07-01 00:00:00 - ERROR - FILE_CHECK - expect_column_values_to_be_in_type_list - CYLINDRE - Wrong type for value: 1.6  on line 61 should be in ['int']
2019-07-24 13:14:02,290 - VO - IE - CARSIRELAND - 2019-07-01 00:00:00 - ERROR - FILE_CHECK - expect_column_values_to_be_in_type_list - CYLINDRE - Wrong type for value: 1.5  on line 68 should be in ['int']
2019-07-24 13:14:02,291 - VO - IE - CARSIRELAND - 2019-07-01 00:00:00 - ERROR - FILE_CHECK - expect_column_values_to_be_in_type_list - CYLINDRE - Wrong type for value: 2.0  on line 77 should be in ['int']
2019-07-24 13:14:02,291 - VO - IE - CARSIRELAND - 2019-07-01 00:00:00 - ERROR - FILE_CHECK - expect_column_values_to_be_in_type_list - CYLINDRE - Wrong type for value: 1.4  on line 86 should be in ['int']
2019-07-24 13:14:02,291 - VO - IE - CARSIRELAND - 2019-07-01 00:00:00 - ERROR - FILE_CHECK - expect_column_values_to_be_in_type_list - CYLINDRE - Wrong type for value: 2.0  on line 95 should be in ['int']
2019-07-24 13:14:02,291 - VO - IE - CARSIRELAND - 2019-07-01 00:00:00 - ERROR - FILE_CHECK - expect_column_values_to_be_in_type_list - CYLINDRE - Wrong type for value: 1.6  on line 104 should be in ['int']
2019-07-24 13:14:02,291 - VO - IE - CARSIRELAND - 2019-07-01 00:00:00 - ERROR - FILE_CHECK - expect_column_values_to_be_in_type_list - CYLINDRE - Wrong type for value: 3.0  on line 113 should be in ['int']
2019-07-24 13:14:02,291 - VO - IE - CARSIRELAND - 2019-07-01 00:00:00 - ERROR - FILE_CHECK - expect_column_values_to_be_in_type_list - CYLINDRE - Wrong type for value: 2.0  on line 122 should be in ['int']
2019-07-24 13:14:02,291 - VO - IE - CARSIRELAND - 2019-07-01 00:00:00 - ERROR - FILE_CHECK - expect_column_values_to_be_in_type_list - CYLINDRE - Wrong type for value: 2.2  on line 131 should be in ['int']
2019-07-24 13:14:02,291 - VO - IE - CARSIRELAND - 2019-07-01 00:00:00 - ERROR - FILE_CHECK - expect_column_values_to_be_in_type_list - CYLINDRE - Wrong type for value: 1.6  on line 140 should be in ['int']
2019-07-24 13:14:02,291 - VO - IE - CARSIRELAND - 2019-07-01 00:00:00 - ERROR - FILE_CHECK - expect_column_values_to_be_in_type_list - CYLINDRE - Wrong type for value: 1.6  on line 149 should be in ['int']
2019-07-24 13:14:02,291 - VO - IE - CARSIRELAND - 2019-07-01 00:00:00 - ERROR - FILE_CHECK - expect_column_values_to_be_in_type_list - CYLINDRE - Wrong type for value: 3.0  on line 158 should be in ['int']
2019-07-24 13:14:02,291 - VO - IE - CARSIRELAND - 2019-07-01 00:00:00 - ERROR - FILE_CHECK - expect_column_values_to_be_in_type_list - CYLINDRE - Wrong type for value: 2.0  on line 167 should be in ['int']
2019-07-24 13:14:02,291 - VO - IE - CARSIRELAND - 2019-07-01 00:00:00 - ERROR - FILE_CHECK - expect_column_values_to_be_in_type_list - CYLINDRE - Wrong type for value: 1.6  on line 176 should be in ['int']
2019-07-24 13:14:02,291 - VO - IE - CARSIRELAND - 2019-07-01 00:00:00 - ERROR - STAT - expect_column_values_to_be_in_type_list - CYLINDRE - correctly filled rate (%) - 0.0
2019-07-24 13:14:02,291 - VO - IE - CARSIRELAND - 2019-07-01 00:00:00 - ERROR - STAT - expect_returning_row_unique_count - PROVINCE - total number of unique rows - 1
2019-07-24 13:14:02,291 - VO - IE - CARSIRELAND - 2019-07-01 00:00:00 - ERROR - STAT - expect_returning_row_unique_count - VILLE - total number of unique rows - 11
2019-07-24 13:14:02,291 - VO - IE - CARSIRELAND - 2019-07-01 00:00:00 - ERROR - STAT - expect_returning_row_unique_count - DEPARTEMENT - total number of unique rows - 7
