2019-07-02 17:21:58,527 - IMMO - MX - VIVANUNCIOS - 2019-06-01 00:00:00 - ERROR - STAT - expect_column_values_to_not_be_null - ACHAT_LOC - correctly filled rate (%) - 100.0
2019-07-02 17:21:58,527 - IMMO - MX - VIVANUNCIOS - 2019-06-01 00:00:00 - ERROR - STAT - expect_column_values_to_be_in_set - ACHAT_LOC - correctly filled rate (%) - 98.09
2019-07-02 17:21:58,528 - IMMO - MX - VIVANUNCIOS - 2019-06-01 00:00:00 - ERROR - STAT - expect_column_values_to_not_be_null - ADRESSE - correctly filled rate (%) - 100.0
2019-07-02 17:21:58,528 - IMMO - MX - VIVANUNCIOS - 2019-06-01 00:00:00 - ERROR - STAT - expect_column_values_to_not_be_null - AGENCE_ADRESSE - correctly filled rate (%) - 0.0
2019-07-02 17:21:58,528 - IMMO - MX - VIVANUNCIOS - 2019-06-01 00:00:00 - ERROR - STAT - expect_column_values_to_not_be_null - AGENCE_CP - correctly filled rate (%) - 0.0
2019-07-02 17:21:58,528 - IMMO - MX - VIVANUNCIOS - 2019-06-01 00:00:00 - ERROR - STAT - expect_column_values_to_not_be_null - AGENCE_NOM - correctly filled rate (%) - 98.95
2019-07-02 17:21:58,528 - IMMO - MX - VIVANUNCIOS - 2019-06-01 00:00:00 - ERROR - STAT - expect_column_values_to_be_phone_number - AGENCE_TEL - correctly filled rate (%) - 99.73
2019-07-02 17:21:58,528 - IMMO - MX - VIVANUNCIOS - 2019-06-01 00:00:00 - ERROR - STAT - expect_column_values_to_not_be_null - AGENCE_TEL - correctly filled rate (%) - 99.11
2019-07-02 17:21:58,528 - IMMO - MX - VIVANUNCIOS - 2019-06-01 00:00:00 - ERROR - STAT - expect_column_values_to_not_be_null - AGENCE_VILLE - correctly filled rate (%) - 0.0
2019-07-02 17:21:58,528 - IMMO - MX - VIVANUNCIOS - 2019-06-01 00:00:00 - ERROR - STAT - expect_column_values_to_not_be_null - ANNONCE_DATE - correctly filled rate (%) - 0.0
2019-07-02 17:21:58,528 - IMMO - MX - VIVANUNCIOS - 2019-06-01 00:00:00 - ERROR - STAT - expect_column_values_to_not_be_null - ANNONCE_LINK - correctly filled rate (%) - 100.0
2019-07-02 17:21:58,528 - IMMO - MX - VIVANUNCIOS - 2019-06-01 00:00:00 - ERROR - STAT - expect_column_values_to_be_unique - ANNONCE_LINK - observed proportion - 100.0
2019-07-02 17:21:58,528 - IMMO - MX - VIVANUNCIOS - 2019-06-01 00:00:00 - ERROR - FILE_CHECK - expect_column_value_lengths_to_be_between - ANNONCE_TEXT - Unexpected characters count of: [Renta de recámaras a...] on line  0, value length should be between 0 and 255
2019-07-02 17:21:58,528 - IMMO - MX - VIVANUNCIOS - 2019-06-01 00:00:00 - ERROR - FILE_CHECK - expect_column_value_lengths_to_be_between - ANNONCE_TEXT - Unexpected characters count of: [HABITACION AMUEBLADA...] on line  1, value length should be between 0 and 255
2019-07-02 17:21:58,528 - IMMO - MX - VIVANUNCIOS - 2019-06-01 00:00:00 - ERROR - FILE_CHECK - expect_column_value_lengths_to_be_between - ANNONCE_TEXT - Unexpected characters count of: [Busco compañeras de ...] on line  10, value length should be between 0 and 255
2019-07-02 17:21:58,528 - IMMO - MX - VIVANUNCIOS - 2019-06-01 00:00:00 - ERROR - FILE_CHECK - expect_column_value_lengths_to_be_between - ANNONCE_TEXT - Unexpected characters count of: [Compartocasa, como s...] on line  12, value length should be between 0 and 255
2019-07-02 17:21:58,528 - IMMO - MX - VIVANUNCIOS - 2019-06-01 00:00:00 - ERROR - FILE_CHECK - expect_column_value_lengths_to_be_between - ANNONCE_TEXT - Unexpected characters count of: [Renta de Local para ...] on line  14, value length should be between 0 and 255
2019-07-02 17:21:58,528 - IMMO - MX - VIVANUNCIOS - 2019-06-01 00:00:00 - ERROR - FILE_CHECK - expect_column_value_lengths_to_be_between - ANNONCE_TEXT - Unexpected characters count of: [Departamento con 2 r...] on line  16, value length should be between 0 and 255
2019-07-02 17:21:58,529 - IMMO - MX - VIVANUNCIOS - 2019-06-01 00:00:00 - ERROR - FILE_CHECK - expect_column_value_lengths_to_be_between - ANNONCE_TEXT - Unexpected characters count of: [La vivienda consta d...] on line  17, value length should be between 0 and 255
2019-07-02 17:21:58,529 - IMMO - MX - VIVANUNCIOS - 2019-06-01 00:00:00 - ERROR - FILE_CHECK - expect_column_value_lengths_to_be_between - ANNONCE_TEXT - Unexpected characters count of: [es un departamento g...] on line  20, value length should be between 0 and 255
2019-07-02 17:21:58,529 - IMMO - MX - VIVANUNCIOS - 2019-06-01 00:00:00 - ERROR - FILE_CHECK - expect_column_value_lengths_to_be_between - ANNONCE_TEXT - Unexpected characters count of: [El Fraccionamiento s...] on line  22, value length should be between 0 and 255
2019-07-02 17:21:58,529 - IMMO - MX - VIVANUNCIOS - 2019-06-01 00:00:00 - ERROR - FILE_CHECK - expect_column_value_lengths_to_be_between - ANNONCE_TEXT - Unexpected characters count of: [Se renta cuarto indi...] on line  24, value length should be between 0 and 255
2019-07-02 17:21:58,529 - IMMO - MX - VIVANUNCIOS - 2019-06-01 00:00:00 - ERROR - FILE_CHECK - expect_column_value_lengths_to_be_between - ANNONCE_TEXT - Unexpected characters count of: [hospedaje a solo 5 k...] on line  27, value length should be between 0 and 255
2019-07-02 17:21:58,529 - IMMO - MX - VIVANUNCIOS - 2019-06-01 00:00:00 - ERROR - FILE_CHECK - expect_column_value_lengths_to_be_between - ANNONCE_TEXT - Unexpected characters count of: [Rento habitación sem...] on line  33, value length should be between 0 and 255
2019-07-02 17:21:58,529 - IMMO - MX - VIVANUNCIOS - 2019-06-01 00:00:00 - ERROR - FILE_CHECK - expect_column_value_lengths_to_be_between - ANNONCE_TEXT - Unexpected characters count of: [Habitación con cama ...] on line  35, value length should be between 0 and 255
2019-07-02 17:21:58,529 - IMMO - MX - VIVANUNCIOS - 2019-06-01 00:00:00 - ERROR - FILE_CHECK - expect_column_value_lengths_to_be_between - ANNONCE_TEXT - Unexpected characters count of: [Ofrecemos hospedaje ...] on line  46, value length should be between 0 and 255
2019-07-02 17:21:58,529 - IMMO - MX - VIVANUNCIOS - 2019-06-01 00:00:00 - ERROR - FILE_CHECK - expect_column_value_lengths_to_be_between - ANNONCE_TEXT - Unexpected characters count of: [Rento cuartos para e...] on line  48, value length should be between 0 and 255
2019-07-02 17:21:58,529 - IMMO - MX - VIVANUNCIOS - 2019-06-01 00:00:00 - ERROR - FILE_CHECK - expect_column_value_lengths_to_be_between - ANNONCE_TEXT - Unexpected characters count of: [Comoda habitación am...] on line  61, value length should be between 0 and 255
2019-07-02 17:21:58,529 - IMMO - MX - VIVANUNCIOS - 2019-06-01 00:00:00 - ERROR - FILE_CHECK - expect_column_value_lengths_to_be_between - ANNONCE_TEXT - Unexpected characters count of: [.Bonito departamento...] on line  65, value length should be between 0 and 255
2019-07-02 17:21:58,529 - IMMO - MX - VIVANUNCIOS - 2019-06-01 00:00:00 - ERROR - FILE_CHECK - expect_column_value_lengths_to_be_between - ANNONCE_TEXT - Unexpected characters count of: [Amplia, limpia, ilum...] on line  71, value length should be between 0 and 255
2019-07-02 17:21:58,529 - IMMO - MX - VIVANUNCIOS - 2019-06-01 00:00:00 - ERROR - FILE_CHECK - expect_column_value_lengths_to_be_between - ANNONCE_TEXT - Unexpected characters count of: [Comparto casa amuebl...] on line  73, value length should be between 0 and 255
2019-07-02 17:21:58,529 - IMMO - MX - VIVANUNCIOS - 2019-06-01 00:00:00 - ERROR - FILE_CHECK - expect_column_value_lengths_to_be_between - ANNONCE_TEXT - Unexpected characters count of: [Comparto casa totalm...] on line  75, value length should be between 0 and 255
2019-07-02 17:21:58,529 - IMMO - MX - VIVANUNCIOS - 2019-06-01 00:00:00 - ERROR - STAT - expect_column_value_lengths_to_be_between - ANNONCE_TEXT - correctly filled rate (%) - 80.2
2019-07-02 17:21:58,529 - IMMO - MX - VIVANUNCIOS - 2019-06-01 00:00:00 - ERROR - STAT - expect_column_values_to_not_be_null - ANNONCE_TEXT - correctly filled rate (%) - 22.28
2019-07-02 17:21:58,529 - IMMO - MX - VIVANUNCIOS - 2019-06-01 00:00:00 - ERROR - STAT - expect_column_values_to_not_be_null - CATEGORIE - correctly filled rate (%) - 100.0
2019-07-02 17:21:58,530 - IMMO - MX - VIVANUNCIOS - 2019-06-01 00:00:00 - ERROR - STAT - expect_column_values_to_not_be_null - CP - correctly filled rate (%) - 0.0
2019-07-02 17:21:58,530 - IMMO - MX - VIVANUNCIOS - 2019-06-01 00:00:00 - ERROR - STAT - expect_column_values_to_not_be_null - DEPARTEMENT - correctly filled rate (%) - 0.0
2019-07-02 17:21:58,530 - IMMO - MX - VIVANUNCIOS - 2019-06-01 00:00:00 - ERROR - STAT - expect_returning_row_count - EVERY_COLUMNS - total number of rows - 301912
2019-07-02 17:21:58,530 - IMMO - MX - VIVANUNCIOS - 2019-06-01 00:00:00 - ERROR - STAT - expect_column_values_to_not_be_null - ID_CLIENT - correctly filled rate (%) - 100.0
2019-07-02 17:21:58,530 - IMMO - MX - VIVANUNCIOS - 2019-06-01 00:00:00 - ERROR - STAT - expect_column_values_to_be_unique - ID_CLIENT - observed proportion - 100.0
2019-07-02 17:21:58,530 - IMMO - MX - VIVANUNCIOS - 2019-06-01 00:00:00 - ERROR - FILE_CHECK - expect_column_values_to_be_of_type - M2_TOTALE - Wrong type for value: 148.0 on line 5761 should be int
2019-07-02 17:21:58,530 - IMMO - MX - VIVANUNCIOS - 2019-06-01 00:00:00 - ERROR - FILE_CHECK - expect_column_values_to_be_of_type - M2_TOTALE - Wrong type for value: 120.0 on line 5765 should be int
2019-07-02 17:21:58,530 - IMMO - MX - VIVANUNCIOS - 2019-06-01 00:00:00 - ERROR - FILE_CHECK - expect_column_values_to_be_of_type - M2_TOTALE - Wrong type for value: 208.0 on line 5768 should be int
2019-07-02 17:21:58,530 - IMMO - MX - VIVANUNCIOS - 2019-06-01 00:00:00 - ERROR - FILE_CHECK - expect_column_values_to_be_of_type - M2_TOTALE - Wrong type for value: 200.0 on line 5773 should be int
2019-07-02 17:21:58,530 - IMMO - MX - VIVANUNCIOS - 2019-06-01 00:00:00 - ERROR - FILE_CHECK - expect_column_values_to_be_of_type - M2_TOTALE - Wrong type for value: 280.0 on line 5776 should be int
2019-07-02 17:21:58,530 - IMMO - MX - VIVANUNCIOS - 2019-06-01 00:00:00 - ERROR - FILE_CHECK - expect_column_values_to_be_of_type - M2_TOTALE - Wrong type for value: 140.0 on line 5778 should be int
2019-07-02 17:21:58,530 - IMMO - MX - VIVANUNCIOS - 2019-06-01 00:00:00 - ERROR - FILE_CHECK - expect_column_values_to_be_of_type - M2_TOTALE - Wrong type for value: 138.0 on line 5779 should be int
2019-07-02 17:21:58,530 - IMMO - MX - VIVANUNCIOS - 2019-06-01 00:00:00 - ERROR - FILE_CHECK - expect_column_values_to_be_of_type - M2_TOTALE - Wrong type for value: 126.0 on line 5780 should be int
2019-07-02 17:21:58,530 - IMMO - MX - VIVANUNCIOS - 2019-06-01 00:00:00 - ERROR - FILE_CHECK - expect_column_values_to_be_of_type - M2_TOTALE - Wrong type for value: 90.0 on line 5782 should be int
2019-07-02 17:21:58,530 - IMMO - MX - VIVANUNCIOS - 2019-06-01 00:00:00 - ERROR - FILE_CHECK - expect_column_values_to_be_of_type - M2_TOTALE - Wrong type for value: 125.0 on line 5783 should be int
2019-07-02 17:21:58,530 - IMMO - MX - VIVANUNCIOS - 2019-06-01 00:00:00 - ERROR - FILE_CHECK - expect_column_values_to_be_of_type - M2_TOTALE - Wrong type for value: 108.0 on line 5784 should be int
2019-07-02 17:21:58,530 - IMMO - MX - VIVANUNCIOS - 2019-06-01 00:00:00 - ERROR - FILE_CHECK - expect_column_values_to_be_of_type - M2_TOTALE - Wrong type for value: 140.0 on line 5785 should be int
2019-07-02 17:21:58,531 - IMMO - MX - VIVANUNCIOS - 2019-06-01 00:00:00 - ERROR - FILE_CHECK - expect_column_values_to_be_of_type - M2_TOTALE - Wrong type for value: 126.0 on line 5788 should be int
2019-07-02 17:21:58,531 - IMMO - MX - VIVANUNCIOS - 2019-06-01 00:00:00 - ERROR - FILE_CHECK - expect_column_values_to_be_of_type - M2_TOTALE - Wrong type for value: 160.0 on line 5793 should be int
2019-07-02 17:21:58,531 - IMMO - MX - VIVANUNCIOS - 2019-06-01 00:00:00 - ERROR - FILE_CHECK - expect_column_values_to_be_of_type - M2_TOTALE - Wrong type for value: 115.0 on line 5794 should be int
2019-07-02 17:21:58,531 - IMMO - MX - VIVANUNCIOS - 2019-06-01 00:00:00 - ERROR - FILE_CHECK - expect_column_values_to_be_of_type - M2_TOTALE - Wrong type for value: 5000.0 on line 5799 should be int
2019-07-02 17:21:58,531 - IMMO - MX - VIVANUNCIOS - 2019-06-01 00:00:00 - ERROR - FILE_CHECK - expect_column_values_to_be_of_type - M2_TOTALE - Wrong type for value: 200.0 on line 5811 should be int
2019-07-02 17:21:58,531 - IMMO - MX - VIVANUNCIOS - 2019-06-01 00:00:00 - ERROR - FILE_CHECK - expect_column_values_to_be_of_type - M2_TOTALE - Wrong type for value: 206.0 on line 5814 should be int
2019-07-02 17:21:58,531 - IMMO - MX - VIVANUNCIOS - 2019-06-01 00:00:00 - ERROR - FILE_CHECK - expect_column_values_to_be_of_type - M2_TOTALE - Wrong type for value: 126.0 on line 5815 should be int
2019-07-02 17:21:58,531 - IMMO - MX - VIVANUNCIOS - 2019-06-01 00:00:00 - ERROR - FILE_CHECK - expect_column_values_to_be_of_type - M2_TOTALE - Wrong type for value: 200.0 on line 5825 should be int
2019-07-02 17:21:58,531 - IMMO - MX - VIVANUNCIOS - 2019-06-01 00:00:00 - ERROR - STAT - expect_column_values_to_be_of_type - M2_TOTALE - correctly filled rate (%) - 0.0
2019-07-02 17:21:58,531 - IMMO - MX - VIVANUNCIOS - 2019-06-01 00:00:00 - ERROR - STAT - expect_column_values_to_not_be_null - M2_TOTALE - correctly filled rate (%) - 59.17
2019-07-02 17:21:58,531 - IMMO - MX - VIVANUNCIOS - 2019-06-01 00:00:00 - ERROR - STAT - expect_column_values_to_not_be_null - MAISON_APT - correctly filled rate (%) - 0.0
2019-07-02 17:21:58,531 - IMMO - MX - VIVANUNCIOS - 2019-06-01 00:00:00 - ERROR - STAT - expect_column_values_to_not_be_null - MINI_SITE_ID - correctly filled rate (%) - 100.0
2019-07-02 17:21:58,531 - IMMO - MX - VIVANUNCIOS - 2019-06-01 00:00:00 - ERROR - STAT - expect_column_values_to_not_be_null - NOM - correctly filled rate (%) - 100.0
2019-07-02 17:21:58,531 - IMMO - MX - VIVANUNCIOS - 2019-06-01 00:00:00 - ERROR - STAT - expect_column_value_lengths_to_be_between - NOM - correctly filled rate (%) - 100.0
2019-07-02 17:21:58,531 - IMMO - MX - VIVANUNCIOS - 2019-06-01 00:00:00 - ERROR - STAT - expect_column_values_to_match_regex - PAYS_AD - correctly filled rate (%) - 100.0
2019-07-02 17:21:58,531 - IMMO - MX - VIVANUNCIOS - 2019-06-01 00:00:00 - ERROR - STAT - expect_column_values_to_not_be_null - PAYS_AD - correctly filled rate (%) - 100.0
2019-07-02 17:21:58,531 - IMMO - MX - VIVANUNCIOS - 2019-06-01 00:00:00 - ERROR - STAT - expect_column_values_to_not_be_null - PHOTO - correctly filled rate (%) - 99.11
2019-07-02 17:21:58,531 - IMMO - MX - VIVANUNCIOS - 2019-06-01 00:00:00 - ERROR - STAT - expect_column_values_to_be_in_type_list - PHOTO - correctly filled rate (%) - 100.0
2019-07-02 17:21:58,532 - IMMO - MX - VIVANUNCIOS - 2019-06-01 00:00:00 - ERROR - STAT - expect_column_values_to_not_be_null - PIECE - correctly filled rate (%) - 69.91
2019-07-02 17:21:58,532 - IMMO - MX - VIVANUNCIOS - 2019-06-01 00:00:00 - ERROR - STAT - expect_column_values_to_be_in_type_list - PIECE - correctly filled rate (%) - 100.0
2019-07-02 17:21:58,532 - IMMO - MX - VIVANUNCIOS - 2019-06-01 00:00:00 - ERROR - FILE_CHECK - expect_column_values_to_be_of_type - PRIX - Wrong type for value: 350.0 on line 0 should be int
2019-07-02 17:21:58,532 - IMMO - MX - VIVANUNCIOS - 2019-06-01 00:00:00 - ERROR - FILE_CHECK - expect_column_values_to_be_of_type - PRIX - Wrong type for value: 3500.0 on line 1 should be int
2019-07-02 17:21:58,532 - IMMO - MX - VIVANUNCIOS - 2019-06-01 00:00:00 - ERROR - FILE_CHECK - expect_column_values_to_be_of_type - PRIX - Wrong type for value: 3500.0 on line 2 should be int
2019-07-02 17:21:58,532 - IMMO - MX - VIVANUNCIOS - 2019-06-01 00:00:00 - ERROR - FILE_CHECK - expect_column_values_to_be_of_type - PRIX - Wrong type for value: 1800.0 on line 3 should be int
2019-07-02 17:21:58,532 - IMMO - MX - VIVANUNCIOS - 2019-06-01 00:00:00 - ERROR - FILE_CHECK - expect_column_values_to_be_of_type - PRIX - Wrong type for value: 3500.0 on line 4 should be int
2019-07-02 17:21:58,532 - IMMO - MX - VIVANUNCIOS - 2019-06-01 00:00:00 - ERROR - FILE_CHECK - expect_column_values_to_be_of_type - PRIX - Wrong type for value: 1500.0 on line 5 should be int
2019-07-02 17:21:58,532 - IMMO - MX - VIVANUNCIOS - 2019-06-01 00:00:00 - ERROR - FILE_CHECK - expect_column_values_to_be_of_type - PRIX - Wrong type for value: 4800.0 on line 6 should be int
2019-07-02 17:21:58,532 - IMMO - MX - VIVANUNCIOS - 2019-06-01 00:00:00 - ERROR - FILE_CHECK - expect_column_values_to_be_of_type - PRIX - Wrong type for value: 4000.0 on line 7 should be int
2019-07-02 17:21:58,532 - IMMO - MX - VIVANUNCIOS - 2019-06-01 00:00:00 - ERROR - FILE_CHECK - expect_column_values_to_be_of_type - PRIX - Wrong type for value: 2000.0 on line 8 should be int
2019-07-02 17:21:58,532 - IMMO - MX - VIVANUNCIOS - 2019-06-01 00:00:00 - ERROR - FILE_CHECK - expect_column_values_to_be_of_type - PRIX - Wrong type for value: 3500.0 on line 9 should be int
2019-07-02 17:21:58,532 - IMMO - MX - VIVANUNCIOS - 2019-06-01 00:00:00 - ERROR - FILE_CHECK - expect_column_values_to_be_of_type - PRIX - Wrong type for value: 1300.0 on line 10 should be int
2019-07-02 17:21:58,532 - IMMO - MX - VIVANUNCIOS - 2019-06-01 00:00:00 - ERROR - FILE_CHECK - expect_column_values_to_be_of_type - PRIX - Wrong type for value: 1600.0 on line 11 should be int
2019-07-02 17:21:58,532 - IMMO - MX - VIVANUNCIOS - 2019-06-01 00:00:00 - ERROR - FILE_CHECK - expect_column_values_to_be_of_type - PRIX - Wrong type for value: 3000.0 on line 12 should be int
2019-07-02 17:21:58,532 - IMMO - MX - VIVANUNCIOS - 2019-06-01 00:00:00 - ERROR - FILE_CHECK - expect_column_values_to_be_of_type - PRIX - Wrong type for value: 2000.0 on line 13 should be int
2019-07-02 17:21:58,532 - IMMO - MX - VIVANUNCIOS - 2019-06-01 00:00:00 - ERROR - FILE_CHECK - expect_column_values_to_be_of_type - PRIX - Wrong type for value: 1000.0 on line 14 should be int
2019-07-02 17:21:58,533 - IMMO - MX - VIVANUNCIOS - 2019-06-01 00:00:00 - ERROR - FILE_CHECK - expect_column_values_to_be_of_type - PRIX - Wrong type for value: 2400.0 on line 15 should be int
2019-07-02 17:21:58,533 - IMMO - MX - VIVANUNCIOS - 2019-06-01 00:00:00 - ERROR - FILE_CHECK - expect_column_values_to_be_of_type - PRIX - Wrong type for value: 4500.0 on line 16 should be int
2019-07-02 17:21:58,533 - IMMO - MX - VIVANUNCIOS - 2019-06-01 00:00:00 - ERROR - FILE_CHECK - expect_column_values_to_be_of_type - PRIX - Wrong type for value: 2500.0 on line 17 should be int
2019-07-02 17:21:58,533 - IMMO - MX - VIVANUNCIOS - 2019-06-01 00:00:00 - ERROR - FILE_CHECK - expect_column_values_to_be_of_type - PRIX - Wrong type for value: 2450.0 on line 18 should be int
2019-07-02 17:21:58,533 - IMMO - MX - VIVANUNCIOS - 2019-06-01 00:00:00 - ERROR - FILE_CHECK - expect_column_values_to_be_of_type - PRIX - Wrong type for value: 1950.0 on line 19 should be int
2019-07-02 17:21:58,533 - IMMO - MX - VIVANUNCIOS - 2019-06-01 00:00:00 - ERROR - STAT - expect_column_values_to_be_of_type - PRIX - correctly filled rate (%) - 0.0
2019-07-02 17:21:58,533 - IMMO - MX - VIVANUNCIOS - 2019-06-01 00:00:00 - ERROR - STAT - expect_column_values_to_not_be_null - PRIX - correctly filled rate (%) - 99.88
2019-07-02 17:21:58,533 - IMMO - MX - VIVANUNCIOS - 2019-06-01 00:00:00 - ERROR - STAT - expect_column_values_to_not_be_null - PRO_IND - correctly filled rate (%) - 100.0
2019-07-02 17:21:58,533 - IMMO - MX - VIVANUNCIOS - 2019-06-01 00:00:00 - ERROR - STAT - expect_column_values_to_be_in_set - PRO_IND - correctly filled rate (%) - 100.0
2019-07-02 17:21:58,533 - IMMO - MX - VIVANUNCIOS - 2019-06-01 00:00:00 - ERROR - STAT - expect_column_values_to_not_be_null - REGION - correctly filled rate (%) - 0.0
2019-07-02 17:21:58,533 - IMMO - MX - VIVANUNCIOS - 2019-06-01 00:00:00 - ERROR - STAT - expect_column_values_to_not_be_null - SELLER_TYPE - correctly filled rate (%) - 100.0
2019-07-02 17:21:58,533 - IMMO - MX - VIVANUNCIOS - 2019-06-01 00:00:00 - ERROR - STAT - expect_column_values_to_match_regex - SELLER_TYPE - correctly filled rate (%) - 100.0
2019-07-02 17:21:58,533 - IMMO - MX - VIVANUNCIOS - 2019-06-01 00:00:00 - ERROR - STAT - expect_column_values_to_match_regex - VILLE - correctly filled rate (%) - 100.0
2019-07-02 17:21:58,533 - IMMO - MX - VIVANUNCIOS - 2019-06-01 00:00:00 - ERROR - STAT - expect_column_values_to_not_be_null - VILLE - correctly filled rate (%) - 100.0
2019-07-02 17:21:58,533 - IMMO - MX - VIVANUNCIOS - 2019-06-01 00:00:00 - ERROR - STAT - expect_returning_row_unique_count - VILLE - total number of unique rows - 3232
2019-07-02 17:21:58,533 - IMMO - MX - VIVANUNCIOS - 2019-06-01 00:00:00 - ERROR - STAT - expect_returning_row_count_on_conditions - DEALER_LISTINGS - total number of row with conditions - 0
2019-07-02 17:21:58,533 - IMMO - MX - VIVANUNCIOS - 2019-06-01 00:00:00 - ERROR - STAT - expect_returning_row_count_on_conditions - PRIVATE_LISTINGS - total number of row with conditions - 11643
