2019-07-09 09:50:18,046 - VO - UK - USEDCARSNI - 2019-07-01 00:00:00 - ERROR - STAT - expect_column_values_to_not_be_null - ADRESSE - correctly filled rate (%) - 94.51
2019-07-09 09:50:18,046 - VO - UK - USEDCARSNI - 2019-07-01 00:00:00 - ERROR - STAT - expect_column_values_to_be_in_type_list - ANNEE - correctly filled rate (%) - 100.0
2019-07-09 09:50:18,046 - VO - UK - USEDCARSNI - 2019-07-01 00:00:00 - ERROR - STAT - expect_column_values_to_be_between - ANNEE - correctly filled rate (%) - 99.96
2019-07-09 09:50:18,046 - VO - UK - USEDCARSNI - 2019-07-01 00:00:00 - ERROR - STAT - expect_column_values_to_not_be_null - ANNEE - correctly filled rate (%) - 100.0
2019-07-09 09:50:18,046 - VO - UK - USEDCARSNI - 2019-07-01 00:00:00 - ERROR - FILE_CHECK - expect_column_values_to_match_regex - ANNEE - Unexpected value: 0 on line 8484, value should match regexp ^[0-9]{4}$
2019-07-09 09:50:18,046 - VO - UK - USEDCARSNI - 2019-07-01 00:00:00 - ERROR - FILE_CHECK - expect_column_values_to_match_regex - ANNEE - Unexpected value: 0 on line 10035, value should match regexp ^[0-9]{4}$
2019-07-09 09:50:18,046 - VO - UK - USEDCARSNI - 2019-07-01 00:00:00 - ERROR - FILE_CHECK - expect_column_values_to_match_regex - ANNEE - Unexpected value: 0 on line 18246, value should match regexp ^[0-9]{4}$
2019-07-09 09:50:18,046 - VO - UK - USEDCARSNI - 2019-07-01 00:00:00 - ERROR - FILE_CHECK - expect_column_values_to_match_regex - ANNEE - Unexpected value: 0 on line 19728, value should match regexp ^[0-9]{4}$
2019-07-09 09:50:18,046 - VO - UK - USEDCARSNI - 2019-07-01 00:00:00 - ERROR - FILE_CHECK - expect_column_values_to_match_regex - ANNEE - Unexpected value: 0 on line 22946, value should match regexp ^[0-9]{4}$
2019-07-09 09:50:18,047 - VO - UK - USEDCARSNI - 2019-07-01 00:00:00 - ERROR - FILE_CHECK - expect_column_values_to_match_regex - ANNEE - Unexpected value: 0 on line 23785, value should match regexp ^[0-9]{4}$
2019-07-09 09:50:18,047 - VO - UK - USEDCARSNI - 2019-07-01 00:00:00 - ERROR - STAT - expect_column_values_to_match_regex - ANNEE - correctly filled rate (%) - 99.97
2019-07-09 09:50:18,047 - VO - UK - USEDCARSNI - 2019-07-01 00:00:00 - ERROR - STAT - expect_column_values_to_not_be_null - ANNONCE_LINK - correctly filled rate (%) - 100.0
2019-07-09 09:50:18,047 - VO - UK - USEDCARSNI - 2019-07-01 00:00:00 - ERROR - STAT - expect_column_values_to_be_unique - ANNONCE_LINK - observed proportion - 100.0
2019-07-09 09:50:18,047 - VO - UK - USEDCARSNI - 2019-07-01 00:00:00 - ERROR - STAT - expect_column_values_to_not_be_null - CARBURANT - correctly filled rate (%) - 99.9
2019-07-09 09:50:18,047 - VO - UK - USEDCARSNI - 2019-07-01 00:00:00 - ERROR - STAT - expect_column_values_to_not_be_null - CARROSSERIE - correctly filled rate (%) - 98.86
2019-07-09 09:50:18,047 - VO - UK - USEDCARSNI - 2019-07-01 00:00:00 - ERROR - STAT - expect_column_values_to_not_be_null - CP - correctly filled rate (%) - 90.77
2019-07-09 09:50:18,047 - VO - UK - USEDCARSNI - 2019-07-01 00:00:00 - ERROR - FILE_CHECK - expect_column_values_to_match_regex - CP - Unexpected value: BT422AE on line 0, value should match regexp ^[A-Z][A-Z0-9]{1,3} [0-9]{1}[A-Z]{2}$
2019-07-09 09:50:18,047 - VO - UK - USEDCARSNI - 2019-07-01 00:00:00 - ERROR - FILE_CHECK - expect_column_values_to_match_regex - CP - Unexpected value: BT342PF on line 1, value should match regexp ^[A-Z][A-Z0-9]{1,3} [0-9]{1}[A-Z]{2}$
2019-07-09 09:50:18,047 - VO - UK - USEDCARSNI - 2019-07-01 00:00:00 - ERROR - FILE_CHECK - expect_column_values_to_match_regex - CP - Unexpected value: BT422AE on line 2, value should match regexp ^[A-Z][A-Z0-9]{1,3} [0-9]{1}[A-Z]{2}$
2019-07-09 09:50:18,047 - VO - UK - USEDCARSNI - 2019-07-01 00:00:00 - ERROR - FILE_CHECK - expect_column_values_to_match_regex - CP - Unexpected value: BT422AE on line 3, value should match regexp ^[A-Z][A-Z0-9]{1,3} [0-9]{1}[A-Z]{2}$
2019-07-09 09:50:18,047 - VO - UK - USEDCARSNI - 2019-07-01 00:00:00 - ERROR - FILE_CHECK - expect_column_values_to_match_regex - CP - Unexpected value: BT422AE on line 4, value should match regexp ^[A-Z][A-Z0-9]{1,3} [0-9]{1}[A-Z]{2}$
2019-07-09 09:50:18,047 - VO - UK - USEDCARSNI - 2019-07-01 00:00:00 - ERROR - FILE_CHECK - expect_column_values_to_match_regex - CP - Unexpected value: BT342PF on line 5, value should match regexp ^[A-Z][A-Z0-9]{1,3} [0-9]{1}[A-Z]{2}$
2019-07-09 09:50:18,047 - VO - UK - USEDCARSNI - 2019-07-01 00:00:00 - ERROR - FILE_CHECK - expect_column_values_to_match_regex - CP - Unexpected value: BT342PF on line 6, value should match regexp ^[A-Z][A-Z0-9]{1,3} [0-9]{1}[A-Z]{2}$
2019-07-09 09:50:18,047 - VO - UK - USEDCARSNI - 2019-07-01 00:00:00 - ERROR - FILE_CHECK - expect_column_values_to_match_regex - CP - Unexpected value: BT342PF on line 7, value should match regexp ^[A-Z][A-Z0-9]{1,3} [0-9]{1}[A-Z]{2}$
2019-07-09 09:50:18,047 - VO - UK - USEDCARSNI - 2019-07-01 00:00:00 - ERROR - FILE_CHECK - expect_column_values_to_match_regex - CP - Unexpected value: BT717SL on line 8, value should match regexp ^[A-Z][A-Z0-9]{1,3} [0-9]{1}[A-Z]{2}$
2019-07-09 09:50:18,047 - VO - UK - USEDCARSNI - 2019-07-01 00:00:00 - ERROR - FILE_CHECK - expect_column_values_to_match_regex - CP - Unexpected value: BT604LB on line 9, value should match regexp ^[A-Z][A-Z0-9]{1,3} [0-9]{1}[A-Z]{2}$
2019-07-09 09:50:18,047 - VO - UK - USEDCARSNI - 2019-07-01 00:00:00 - ERROR - FILE_CHECK - expect_column_values_to_match_regex - CP - Unexpected value: BT604LB on line 10, value should match regexp ^[A-Z][A-Z0-9]{1,3} [0-9]{1}[A-Z]{2}$
2019-07-09 09:50:18,048 - VO - UK - USEDCARSNI - 2019-07-01 00:00:00 - ERROR - FILE_CHECK - expect_column_values_to_match_regex - CP - Unexpected value: BT604LB on line 11, value should match regexp ^[A-Z][A-Z0-9]{1,3} [0-9]{1}[A-Z]{2}$
2019-07-09 09:50:18,048 - VO - UK - USEDCARSNI - 2019-07-01 00:00:00 - ERROR - FILE_CHECK - expect_column_values_to_match_regex - CP - Unexpected value: BT604LB on line 12, value should match regexp ^[A-Z][A-Z0-9]{1,3} [0-9]{1}[A-Z]{2}$
2019-07-09 09:50:18,048 - VO - UK - USEDCARSNI - 2019-07-01 00:00:00 - ERROR - FILE_CHECK - expect_column_values_to_match_regex - CP - Unexpected value: BT604LB on line 13, value should match regexp ^[A-Z][A-Z0-9]{1,3} [0-9]{1}[A-Z]{2}$
2019-07-09 09:50:18,048 - VO - UK - USEDCARSNI - 2019-07-01 00:00:00 - ERROR - FILE_CHECK - expect_column_values_to_match_regex - CP - Unexpected value: BT604LB on line 14, value should match regexp ^[A-Z][A-Z0-9]{1,3} [0-9]{1}[A-Z]{2}$
2019-07-09 09:50:18,048 - VO - UK - USEDCARSNI - 2019-07-01 00:00:00 - ERROR - FILE_CHECK - expect_column_values_to_match_regex - CP - Unexpected value: BT604LB on line 15, value should match regexp ^[A-Z][A-Z0-9]{1,3} [0-9]{1}[A-Z]{2}$
2019-07-09 09:50:18,048 - VO - UK - USEDCARSNI - 2019-07-01 00:00:00 - ERROR - FILE_CHECK - expect_column_values_to_match_regex - CP - Unexpected value: BT604LB on line 16, value should match regexp ^[A-Z][A-Z0-9]{1,3} [0-9]{1}[A-Z]{2}$
2019-07-09 09:50:18,048 - VO - UK - USEDCARSNI - 2019-07-01 00:00:00 - ERROR - FILE_CHECK - expect_column_values_to_match_regex - CP - Unexpected value: BT714BG on line 17, value should match regexp ^[A-Z][A-Z0-9]{1,3} [0-9]{1}[A-Z]{2}$
2019-07-09 09:50:18,048 - VO - UK - USEDCARSNI - 2019-07-01 00:00:00 - ERROR - FILE_CHECK - expect_column_values_to_match_regex - CP - Unexpected value: BT455EY on line 18, value should match regexp ^[A-Z][A-Z0-9]{1,3} [0-9]{1}[A-Z]{2}$
2019-07-09 09:50:18,048 - VO - UK - USEDCARSNI - 2019-07-01 00:00:00 - ERROR - FILE_CHECK - expect_column_values_to_match_regex - CP - Unexpected value: BT364RF on line 19, value should match regexp ^[A-Z][A-Z0-9]{1,3} [0-9]{1}[A-Z]{2}$
2019-07-09 09:50:18,048 - VO - UK - USEDCARSNI - 2019-07-01 00:00:00 - ERROR - STAT - expect_column_values_to_match_regex - CP - correctly filled rate (%) - 0.0
2019-07-09 09:50:18,048 - VO - UK - USEDCARSNI - 2019-07-01 00:00:00 - ERROR - STAT - expect_column_values_to_not_be_null - GARAGE_ID - correctly filled rate (%) - 0.0
2019-07-09 09:50:18,048 - VO - UK - USEDCARSNI - 2019-07-01 00:00:00 - ERROR - STAT - expect_column_values_to_not_be_null - ID_CLIENT - correctly filled rate (%) - 100.0
2019-07-09 09:50:18,048 - VO - UK - USEDCARSNI - 2019-07-01 00:00:00 - ERROR - STAT - expect_column_values_to_be_unique - ID_CLIENT - observed proportion - 100.0
2019-07-09 09:50:18,048 - VO - UK - USEDCARSNI - 2019-07-01 00:00:00 - ERROR - STAT - expect_returning_row_count - EVERY_COLUMNS - total number of rows - 23995
2019-07-09 09:50:18,048 - VO - UK - USEDCARSNI - 2019-07-01 00:00:00 - ERROR - STAT - expect_column_values_to_not_be_null - IMMAT - correctly filled rate (%) - 100.0
2019-07-09 09:50:18,048 - VO - UK - USEDCARSNI - 2019-07-01 00:00:00 - ERROR - STAT - expect_column_values_to_be_in_type_list - KM - correctly filled rate (%) - 100.0
2019-07-09 09:50:18,048 - VO - UK - USEDCARSNI - 2019-07-01 00:00:00 - ERROR - STAT - expect_column_values_to_not_be_null - KM - correctly filled rate (%) - 100.0
2019-07-09 09:50:18,048 - VO - UK - USEDCARSNI - 2019-07-01 00:00:00 - ERROR - STAT - expect_column_values_to_be_in_type_list - LITRE - correctly filled rate (%) - 100.0
2019-07-09 09:50:18,048 - VO - UK - USEDCARSNI - 2019-07-01 00:00:00 - ERROR - STAT - expect_column_values_to_not_be_null - LITRE - correctly filled rate (%) - 100.0
2019-07-09 09:50:18,049 - VO - UK - USEDCARSNI - 2019-07-01 00:00:00 - ERROR - STAT - expect_column_values_to_not_be_null - MARQUE - correctly filled rate (%) - 100.0
2019-07-09 09:50:18,049 - VO - UK - USEDCARSNI - 2019-07-01 00:00:00 - ERROR - STAT - expect_column_values_to_not_be_null - MODELE - correctly filled rate (%) - 100.0
2019-07-09 09:50:18,049 - VO - UK - USEDCARSNI - 2019-07-01 00:00:00 - ERROR - STAT - expect_column_values_to_not_be_null - MOIS - correctly filled rate (%) - 100.0
2019-07-09 09:50:18,049 - VO - UK - USEDCARSNI - 2019-07-01 00:00:00 - ERROR - FILE_CHECK - expect_column_values_to_be_between - MOIS - Unexpected value: 0 on line 21, value should be between 1 and 12
2019-07-09 09:50:18,049 - VO - UK - USEDCARSNI - 2019-07-01 00:00:00 - ERROR - FILE_CHECK - expect_column_values_to_be_between - MOIS - Unexpected value: 0 on line 25, value should be between 1 and 12
2019-07-09 09:50:18,049 - VO - UK - USEDCARSNI - 2019-07-01 00:00:00 - ERROR - FILE_CHECK - expect_column_values_to_be_between - MOIS - Unexpected value: 0 on line 27, value should be between 1 and 12
2019-07-09 09:50:18,049 - VO - UK - USEDCARSNI - 2019-07-01 00:00:00 - ERROR - FILE_CHECK - expect_column_values_to_be_between - MOIS - Unexpected value: 0 on line 28, value should be between 1 and 12
2019-07-09 09:50:18,049 - VO - UK - USEDCARSNI - 2019-07-01 00:00:00 - ERROR - FILE_CHECK - expect_column_values_to_be_between - MOIS - Unexpected value: 0 on line 29, value should be between 1 and 12
2019-07-09 09:50:18,049 - VO - UK - USEDCARSNI - 2019-07-01 00:00:00 - ERROR - FILE_CHECK - expect_column_values_to_be_between - MOIS - Unexpected value: 0 on line 30, value should be between 1 and 12
2019-07-09 09:50:18,049 - VO - UK - USEDCARSNI - 2019-07-01 00:00:00 - ERROR - FILE_CHECK - expect_column_values_to_be_between - MOIS - Unexpected value: 0 on line 34, value should be between 1 and 12
2019-07-09 09:50:18,049 - VO - UK - USEDCARSNI - 2019-07-01 00:00:00 - ERROR - FILE_CHECK - expect_column_values_to_be_between - MOIS - Unexpected value: 0 on line 36, value should be between 1 and 12
2019-07-09 09:50:18,049 - VO - UK - USEDCARSNI - 2019-07-01 00:00:00 - ERROR - FILE_CHECK - expect_column_values_to_be_between - MOIS - Unexpected value: 0 on line 41, value should be between 1 and 12
2019-07-09 09:50:18,049 - VO - UK - USEDCARSNI - 2019-07-01 00:00:00 - ERROR - FILE_CHECK - expect_column_values_to_be_between - MOIS - Unexpected value: 0 on line 51, value should be between 1 and 12
2019-07-09 09:50:18,049 - VO - UK - USEDCARSNI - 2019-07-01 00:00:00 - ERROR - FILE_CHECK - expect_column_values_to_be_between - MOIS - Unexpected value: 0 on line 73, value should be between 1 and 12
2019-07-09 09:50:18,049 - VO - UK - USEDCARSNI - 2019-07-01 00:00:00 - ERROR - FILE_CHECK - expect_column_values_to_be_between - MOIS - Unexpected value: 0 on line 80, value should be between 1 and 12
2019-07-09 09:50:18,049 - VO - UK - USEDCARSNI - 2019-07-01 00:00:00 - ERROR - FILE_CHECK - expect_column_values_to_be_between - MOIS - Unexpected value: 0 on line 88, value should be between 1 and 12
2019-07-09 09:50:18,049 - VO - UK - USEDCARSNI - 2019-07-01 00:00:00 - ERROR - FILE_CHECK - expect_column_values_to_be_between - MOIS - Unexpected value: 0 on line 91, value should be between 1 and 12
2019-07-09 09:50:18,049 - VO - UK - USEDCARSNI - 2019-07-01 00:00:00 - ERROR - FILE_CHECK - expect_column_values_to_be_between - MOIS - Unexpected value: 0 on line 92, value should be between 1 and 12
2019-07-09 09:50:18,050 - VO - UK - USEDCARSNI - 2019-07-01 00:00:00 - ERROR - FILE_CHECK - expect_column_values_to_be_between - MOIS - Unexpected value: 0 on line 109, value should be between 1 and 12
2019-07-09 09:50:18,050 - VO - UK - USEDCARSNI - 2019-07-01 00:00:00 - ERROR - FILE_CHECK - expect_column_values_to_be_between - MOIS - Unexpected value: 0 on line 111, value should be between 1 and 12
2019-07-09 09:50:18,050 - VO - UK - USEDCARSNI - 2019-07-01 00:00:00 - ERROR - FILE_CHECK - expect_column_values_to_be_between - MOIS - Unexpected value: 0 on line 113, value should be between 1 and 12
2019-07-09 09:50:18,050 - VO - UK - USEDCARSNI - 2019-07-01 00:00:00 - ERROR - FILE_CHECK - expect_column_values_to_be_between - MOIS - Unexpected value: 0 on line 114, value should be between 1 and 12
2019-07-09 09:50:18,050 - VO - UK - USEDCARSNI - 2019-07-01 00:00:00 - ERROR - FILE_CHECK - expect_column_values_to_be_between - MOIS - Unexpected value: 0 on line 125, value should be between 1 and 12
2019-07-09 09:50:18,050 - VO - UK - USEDCARSNI - 2019-07-01 00:00:00 - ERROR - STAT - expect_column_values_to_be_between - MOIS - correctly filled rate (%) - 76.01
2019-07-09 09:50:18,050 - VO - UK - USEDCARSNI - 2019-07-01 00:00:00 - ERROR - STAT - expect_column_values_to_match_regex - MOIS - correctly filled rate (%) - 100.0
2019-07-09 09:50:18,050 - VO - UK - USEDCARSNI - 2019-07-01 00:00:00 - ERROR - STAT - expect_column_values_to_not_be_null - NOM - correctly filled rate (%) - 100.0
2019-07-09 09:50:18,050 - VO - UK - USEDCARSNI - 2019-07-01 00:00:00 - ERROR - FILE_CHECK - expect_column_value_lengths_to_be_between - NOM - Unexpected characters count of: [Aug 2016 Peugeot 200...] on line  270, value length should be between 10 and 255
2019-07-09 09:50:18,050 - VO - UK - USEDCARSNI - 2019-07-01 00:00:00 - ERROR - FILE_CHECK - expect_column_value_lengths_to_be_between - NOM - Unexpected characters count of: [2009 Mazda 2 1.3  TS...] on line  634, value length should be between 10 and 255
2019-07-09 09:50:18,050 - VO - UK - USEDCARSNI - 2019-07-01 00:00:00 - ERROR - FILE_CHECK - expect_column_value_lengths_to_be_between - NOM - Unexpected characters count of: [2013 Vauxhall Astra ...] on line  643, value length should be between 10 and 255
2019-07-09 09:50:18,050 - VO - UK - USEDCARSNI - 2019-07-01 00:00:00 - ERROR - FILE_CHECK - expect_column_value_lengths_to_be_between - NOM - Unexpected characters count of: [2010 Renault Grand S...] on line  669, value length should be between 10 and 255
2019-07-09 09:50:18,050 - VO - UK - USEDCARSNI - 2019-07-01 00:00:00 - ERROR - FILE_CHECK - expect_column_value_lengths_to_be_between - NOM - Unexpected characters count of: [2015 Citroen Berling...] on line  1947, value length should be between 10 and 255
2019-07-09 09:50:18,050 - VO - UK - USEDCARSNI - 2019-07-01 00:00:00 - ERROR - FILE_CHECK - expect_column_value_lengths_to_be_between - NOM - Unexpected characters count of: [Aug 2015 Renault Twi...] on line  2220, value length should be between 10 and 255
2019-07-09 09:50:18,050 - VO - UK - USEDCARSNI - 2019-07-01 00:00:00 - ERROR - FILE_CHECK - expect_column_value_lengths_to_be_between - NOM - Unexpected characters count of: [2013 Citroen C1 1.0 ...] on line  2363, value length should be between 10 and 255
2019-07-09 09:50:18,050 - VO - UK - USEDCARSNI - 2019-07-01 00:00:00 - ERROR - FILE_CHECK - expect_column_value_lengths_to_be_between - NOM - Unexpected characters count of: [2009 Mercedes-Benz E...] on line  2382, value length should be between 10 and 255
2019-07-09 09:50:18,050 - VO - UK - USEDCARSNI - 2019-07-01 00:00:00 - ERROR - FILE_CHECK - expect_column_value_lengths_to_be_between - NOM - Unexpected characters count of: [2009 Ford Ka 1.2  Ze...] on line  2385, value length should be between 10 and 255
2019-07-09 09:50:18,050 - VO - UK - USEDCARSNI - 2019-07-01 00:00:00 - ERROR - FILE_CHECK - expect_column_value_lengths_to_be_between - NOM - Unexpected characters count of: [2007 Honda CR-V 2.2 ...] on line  2392, value length should be between 10 and 255
2019-07-09 09:50:18,051 - VO - UK - USEDCARSNI - 2019-07-01 00:00:00 - ERROR - FILE_CHECK - expect_column_value_lengths_to_be_between - NOM - Unexpected characters count of: [2014 Citroen DS4 1.6...] on line  2829, value length should be between 10 and 255
2019-07-09 09:50:18,051 - VO - UK - USEDCARSNI - 2019-07-01 00:00:00 - ERROR - FILE_CHECK - expect_column_value_lengths_to_be_between - NOM - Unexpected characters count of: [2011 Vauxhall Astra ...] on line  3299, value length should be between 10 and 255
2019-07-09 09:50:18,051 - VO - UK - USEDCARSNI - 2019-07-01 00:00:00 - ERROR - FILE_CHECK - expect_column_value_lengths_to_be_between - NOM - Unexpected characters count of: [2012 Citroen C5 2.0 ...] on line  4251, value length should be between 10 and 255
2019-07-09 09:50:18,051 - VO - UK - USEDCARSNI - 2019-07-01 00:00:00 - ERROR - FILE_CHECK - expect_column_value_lengths_to_be_between - NOM - Unexpected characters count of: [2008 Seat Altea XL  ...] on line  4261, value length should be between 10 and 255
2019-07-09 09:50:18,051 - VO - UK - USEDCARSNI - 2019-07-01 00:00:00 - ERROR - FILE_CHECK - expect_column_value_lengths_to_be_between - NOM - Unexpected characters count of: [2010 Vauxhall Corsa ...] on line  5013, value length should be between 10 and 255
2019-07-09 09:50:18,051 - VO - UK - USEDCARSNI - 2019-07-01 00:00:00 - ERROR - FILE_CHECK - expect_column_value_lengths_to_be_between - NOM - Unexpected characters count of: [2010 Renault Twingo ...] on line  5015, value length should be between 10 and 255
2019-07-09 09:50:18,051 - VO - UK - USEDCARSNI - 2019-07-01 00:00:00 - ERROR - FILE_CHECK - expect_column_value_lengths_to_be_between - NOM - Unexpected characters count of: [2012 Nissan Qashqai ...] on line  5317, value length should be between 10 and 255
2019-07-09 09:50:18,051 - VO - UK - USEDCARSNI - 2019-07-01 00:00:00 - ERROR - FILE_CHECK - expect_column_value_lengths_to_be_between - NOM - Unexpected characters count of: [2011 Vauxhall Insign...] on line  5318, value length should be between 10 and 255
2019-07-09 09:50:18,051 - VO - UK - USEDCARSNI - 2019-07-01 00:00:00 - ERROR - FILE_CHECK - expect_column_value_lengths_to_be_between - NOM - Unexpected characters count of: [2011 Ford Kuga 2.0  ...] on line  5321, value length should be between 10 and 255
2019-07-09 09:50:18,051 - VO - UK - USEDCARSNI - 2019-07-01 00:00:00 - ERROR - FILE_CHECK - expect_column_value_lengths_to_be_between - NOM - Unexpected characters count of: [2013 Vauxhall Insign...] on line  5658, value length should be between 10 and 255
2019-07-09 09:50:18,051 - VO - UK - USEDCARSNI - 2019-07-01 00:00:00 - ERROR - STAT - expect_column_value_lengths_to_be_between - NOM - correctly filled rate (%) - 99.69
2019-07-09 09:50:18,051 - VO - UK - USEDCARSNI - 2019-07-01 00:00:00 - ERROR - STAT - expect_column_values_to_not_be_null - OPTIONS - correctly filled rate (%) - 69.32
2019-07-09 09:50:18,051 - VO - UK - USEDCARSNI - 2019-07-01 00:00:00 - ERROR - FILE_CHECK - expect_column_value_lengths_to_be_between - OPTIONS - Unexpected characters count of: [Grey, 1 owner, 15in ...] on line  0, value length should be between 0 and 255
2019-07-09 09:50:18,051 - VO - UK - USEDCARSNI - 2019-07-01 00:00:00 - ERROR - FILE_CHECK - expect_column_value_lengths_to_be_between - OPTIONS - Unexpected characters count of: [Pearlescent Daytona ...] on line  1, value length should be between 0 and 255
2019-07-09 09:50:18,051 - VO - UK - USEDCARSNI - 2019-07-01 00:00:00 - ERROR - FILE_CHECK - expect_column_value_lengths_to_be_between - OPTIONS - Unexpected characters count of: [Silver, Upgrades - M...] on line  2, value length should be between 0 and 255
2019-07-09 09:50:18,051 - VO - UK - USEDCARSNI - 2019-07-01 00:00:00 - ERROR - FILE_CHECK - expect_column_value_lengths_to_be_between - OPTIONS - Unexpected characters count of: [Grey, Upgrades - Met...] on line  3, value length should be between 0 and 255
2019-07-09 09:50:18,051 - VO - UK - USEDCARSNI - 2019-07-01 00:00:00 - ERROR - FILE_CHECK - expect_column_value_lengths_to_be_between - OPTIONS - Unexpected characters count of: [Red, Upgrades - Meta...] on line  4, value length should be between 0 and 255
2019-07-09 09:50:18,052 - VO - UK - USEDCARSNI - 2019-07-01 00:00:00 - ERROR - FILE_CHECK - expect_column_value_lengths_to_be_between - OPTIONS - Unexpected characters count of: [White, Stunning VW P...] on line  5, value length should be between 0 and 255
2019-07-09 09:50:18,052 - VO - UK - USEDCARSNI - 2019-07-01 00:00:00 - ERROR - FILE_CHECK - expect_column_value_lengths_to_be_between - OPTIONS - Unexpected characters count of: [Solid White, Beautif...] on line  6, value length should be between 0 and 255
2019-07-09 09:50:18,052 - VO - UK - USEDCARSNI - 2019-07-01 00:00:00 - ERROR - FILE_CHECK - expect_column_value_lengths_to_be_between - OPTIONS - Unexpected characters count of: [White, All vehicles ...] on line  7, value length should be between 0 and 255
2019-07-09 09:50:18,052 - VO - UK - USEDCARSNI - 2019-07-01 00:00:00 - ERROR - FILE_CHECK - expect_column_value_lengths_to_be_between - OPTIONS - Unexpected characters count of: [Blue, 1 owner, 3x3 p...] on line  8, value length should be between 0 and 255
2019-07-09 09:50:18,052 - VO - UK - USEDCARSNI - 2019-07-01 00:00:00 - ERROR - FILE_CHECK - expect_column_value_lengths_to_be_between - OPTIONS - Unexpected characters count of: [EXCELLENT EXAMPLE BO...] on line  9, value length should be between 0 and 255
2019-07-09 09:50:18,052 - VO - UK - USEDCARSNI - 2019-07-01 00:00:00 - ERROR - FILE_CHECK - expect_column_value_lengths_to_be_between - OPTIONS - Unexpected characters count of: [EXCELLENT EXAMPLE BO...] on line  10, value length should be between 0 and 255
2019-07-09 09:50:18,052 - VO - UK - USEDCARSNI - 2019-07-01 00:00:00 - ERROR - FILE_CHECK - expect_column_value_lengths_to_be_between - OPTIONS - Unexpected characters count of: [STUNNING EXAMPLE BOT...] on line  11, value length should be between 0 and 255
2019-07-09 09:50:18,052 - VO - UK - USEDCARSNI - 2019-07-01 00:00:00 - ERROR - FILE_CHECK - expect_column_value_lengths_to_be_between - OPTIONS - Unexpected characters count of: [EXCELLENT EXAMPLE BO...] on line  12, value length should be between 0 and 255
2019-07-09 09:50:18,052 - VO - UK - USEDCARSNI - 2019-07-01 00:00:00 - ERROR - FILE_CHECK - expect_column_value_lengths_to_be_between - OPTIONS - Unexpected characters count of: [STUNNING EXAMPLE BOT...] on line  13, value length should be between 0 and 255
2019-07-09 09:50:18,052 - VO - UK - USEDCARSNI - 2019-07-01 00:00:00 - ERROR - FILE_CHECK - expect_column_value_lengths_to_be_between - OPTIONS - Unexpected characters count of: [STUNNING EXAMPLE BOT...] on line  14, value length should be between 0 and 255
2019-07-09 09:50:18,052 - VO - UK - USEDCARSNI - 2019-07-01 00:00:00 - ERROR - FILE_CHECK - expect_column_value_lengths_to_be_between - OPTIONS - Unexpected characters count of: [STUNNING EXAMPLE BOT...] on line  15, value length should be between 0 and 255
2019-07-09 09:50:18,052 - VO - UK - USEDCARSNI - 2019-07-01 00:00:00 - ERROR - FILE_CHECK - expect_column_value_lengths_to_be_between - OPTIONS - Unexpected characters count of: [STUNNING EXAMPLE BOT...] on line  16, value length should be between 0 and 255
2019-07-09 09:50:18,052 - VO - UK - USEDCARSNI - 2019-07-01 00:00:00 - ERROR - FILE_CHECK - expect_column_value_lengths_to_be_between - OPTIONS - Unexpected characters count of: [seat leon    1.6 tdi...] on line  18, value length should be between 0 and 255
2019-07-09 09:50:18,052 - VO - UK - USEDCARSNI - 2019-07-01 00:00:00 - ERROR - FILE_CHECK - expect_column_value_lengths_to_be_between - OPTIONS - Unexpected characters count of: [Just arrived on site...] on line  22, value length should be between 0 and 255
2019-07-09 09:50:18,052 - VO - UK - USEDCARSNI - 2019-07-01 00:00:00 - ERROR - FILE_CHECK - expect_column_value_lengths_to_be_between - OPTIONS - Unexpected characters count of: [FORD Focus 1.6 Zetec...] on line  41, value length should be between 0 and 255
2019-07-09 09:50:18,052 - VO - UK - USEDCARSNI - 2019-07-01 00:00:00 - ERROR - STAT - expect_column_value_lengths_to_be_between - OPTIONS - correctly filled rate (%) - 47.15
2019-07-09 09:50:18,052 - VO - UK - USEDCARSNI - 2019-07-01 00:00:00 - ERROR - STAT - expect_column_values_to_be_in_type_list - PHOTO - correctly filled rate (%) - 100.0
2019-07-09 09:50:18,052 - VO - UK - USEDCARSNI - 2019-07-01 00:00:00 - ERROR - STAT - expect_column_values_to_not_be_null - PHOTO - correctly filled rate (%) - 100.0
2019-07-09 09:50:18,053 - VO - UK - USEDCARSNI - 2019-07-01 00:00:00 - ERROR - STAT - expect_column_values_to_not_be_null - PLACE - correctly filled rate (%) - 0.0
2019-07-09 09:50:18,053 - VO - UK - USEDCARSNI - 2019-07-01 00:00:00 - ERROR - STAT - expect_column_values_to_not_be_null - PORTE - correctly filled rate (%) - 0.0
2019-07-09 09:50:18,053 - VO - UK - USEDCARSNI - 2019-07-01 00:00:00 - ERROR - STAT - expect_column_values_to_be_in_type_list - PRIX - correctly filled rate (%) - 100.0
2019-07-09 09:50:18,053 - VO - UK - USEDCARSNI - 2019-07-01 00:00:00 - ERROR - STAT - expect_column_values_to_not_be_null - PRIX - correctly filled rate (%) - 100.0
2019-07-09 09:50:18,053 - VO - UK - USEDCARSNI - 2019-07-01 00:00:00 - ERROR - STAT - expect_column_values_to_not_be_null - PROVINCE - correctly filled rate (%) - 0.0
2019-07-09 09:50:18,053 - VO - UK - USEDCARSNI - 2019-07-01 00:00:00 - ERROR - STAT - expect_column_values_to_not_be_null - SITE - correctly filled rate (%) - 100.0
2019-07-09 09:50:18,053 - VO - UK - USEDCARSNI - 2019-07-01 00:00:00 - ERROR - STAT - expect_column_values_to_not_be_null - TELEPHONE - correctly filled rate (%) - 98.63
2019-07-09 09:50:18,053 - VO - UK - USEDCARSNI - 2019-07-01 00:00:00 - ERROR - FILE_CHECK - expect_column_values_to_be_phone_number - TELEPHONE - Unexpected value: 02825653909 on line 0, value should match a phone number format
2019-07-09 09:50:18,053 - VO - UK - USEDCARSNI - 2019-07-01 00:00:00 - ERROR - FILE_CHECK - expect_column_values_to_be_phone_number - TELEPHONE - Unexpected value: 028 302 63193 on line 1, value should match a phone number format
2019-07-09 09:50:18,053 - VO - UK - USEDCARSNI - 2019-07-01 00:00:00 - ERROR - FILE_CHECK - expect_column_values_to_be_phone_number - TELEPHONE - Unexpected value: 028 2565 3909 on line 2, value should match a phone number format
2019-07-09 09:50:18,053 - VO - UK - USEDCARSNI - 2019-07-01 00:00:00 - ERROR - FILE_CHECK - expect_column_values_to_be_phone_number - TELEPHONE - Unexpected value: 028 2565 3909 on line 3, value should match a phone number format
2019-07-09 09:50:18,053 - VO - UK - USEDCARSNI - 2019-07-01 00:00:00 - ERROR - FILE_CHECK - expect_column_values_to_be_phone_number - TELEPHONE - Unexpected value: 028 2565 3909 on line 4, value should match a phone number format
2019-07-09 09:50:18,053 - VO - UK - USEDCARSNI - 2019-07-01 00:00:00 - ERROR - FILE_CHECK - expect_column_values_to_be_phone_number - TELEPHONE - Unexpected value: 028 302 63193 on line 5, value should match a phone number format
2019-07-09 09:50:18,053 - VO - UK - USEDCARSNI - 2019-07-01 00:00:00 - ERROR - FILE_CHECK - expect_column_values_to_be_phone_number - TELEPHONE - Unexpected value: 028 302 63193 on line 6, value should match a phone number format
2019-07-09 09:50:18,053 - VO - UK - USEDCARSNI - 2019-07-01 00:00:00 - ERROR - FILE_CHECK - expect_column_values_to_be_phone_number - TELEPHONE - Unexpected value: 028 302 63193 on line 7, value should match a phone number format
2019-07-09 09:50:18,053 - VO - UK - USEDCARSNI - 2019-07-01 00:00:00 - ERROR - FILE_CHECK - expect_column_values_to_be_phone_number - TELEPHONE - Unexpected value: 028 8778 8098 on line 8, value should match a phone number format
2019-07-09 09:50:18,053 - VO - UK - USEDCARSNI - 2019-07-01 00:00:00 - ERROR - FILE_CHECK - expect_column_values_to_be_phone_number - TELEPHONE - Unexpected value: 079 5529 0541 on line 9, value should match a phone number format
2019-07-09 09:50:18,053 - VO - UK - USEDCARSNI - 2019-07-01 00:00:00 - ERROR - FILE_CHECK - expect_column_values_to_be_phone_number - TELEPHONE - Unexpected value: 079 5529 0541 on line 10, value should match a phone number format
2019-07-09 09:50:18,054 - VO - UK - USEDCARSNI - 2019-07-01 00:00:00 - ERROR - FILE_CHECK - expect_column_values_to_be_phone_number - TELEPHONE - Unexpected value: 079 5529 0541 on line 11, value should match a phone number format
2019-07-09 09:50:18,054 - VO - UK - USEDCARSNI - 2019-07-01 00:00:00 - ERROR - FILE_CHECK - expect_column_values_to_be_phone_number - TELEPHONE - Unexpected value: 079 5529 0541 on line 12, value should match a phone number format
2019-07-09 09:50:18,054 - VO - UK - USEDCARSNI - 2019-07-01 00:00:00 - ERROR - FILE_CHECK - expect_column_values_to_be_phone_number - TELEPHONE - Unexpected value: 079 5529 0541 on line 13, value should match a phone number format
2019-07-09 09:50:18,054 - VO - UK - USEDCARSNI - 2019-07-01 00:00:00 - ERROR - FILE_CHECK - expect_column_values_to_be_phone_number - TELEPHONE - Unexpected value: 079 5529 0541 on line 14, value should match a phone number format
2019-07-09 09:50:18,054 - VO - UK - USEDCARSNI - 2019-07-01 00:00:00 - ERROR - FILE_CHECK - expect_column_values_to_be_phone_number - TELEPHONE - Unexpected value: 079 5529 0541 on line 15, value should match a phone number format
2019-07-09 09:50:18,054 - VO - UK - USEDCARSNI - 2019-07-01 00:00:00 - ERROR - FILE_CHECK - expect_column_values_to_be_phone_number - TELEPHONE - Unexpected value: 079 5529 0541 on line 16, value should match a phone number format
2019-07-09 09:50:18,054 - VO - UK - USEDCARSNI - 2019-07-01 00:00:00 - ERROR - FILE_CHECK - expect_column_values_to_be_phone_number - TELEPHONE - Unexpected value: 079 2791 4333 on line 17, value should match a phone number format
2019-07-09 09:50:18,054 - VO - UK - USEDCARSNI - 2019-07-01 00:00:00 - ERROR - FILE_CHECK - expect_column_values_to_be_phone_number - TELEPHONE - Unexpected value: 028 7930 0930 on line 18, value should match a phone number format
2019-07-09 09:50:18,054 - VO - UK - USEDCARSNI - 2019-07-01 00:00:00 - ERROR - FILE_CHECK - expect_column_values_to_be_phone_number - TELEPHONE - Unexpected value: 033 0017 1123 on line 19, value should match a phone number format
2019-07-09 09:50:18,054 - VO - UK - USEDCARSNI - 2019-07-01 00:00:00 - ERROR - STAT - expect_column_values_to_be_phone_number - TELEPHONE - correctly filled rate (%) - 0.08
2019-07-09 09:50:18,054 - VO - UK - USEDCARSNI - 2019-07-01 00:00:00 - ERROR - STAT - expect_column_values_to_not_be_null - TYPE - correctly filled rate (%) - 100.0
2019-07-09 09:50:18,054 - VO - UK - USEDCARSNI - 2019-07-01 00:00:00 - ERROR - STAT - expect_column_values_to_be_in_set_2 - TYPE - observed proportion - 100.0
2019-07-09 09:50:18,054 - VO - UK - USEDCARSNI - 2019-07-01 00:00:00 - ERROR - STAT - expect_column_values_to_not_be_null - VILLE - correctly filled rate (%) - 99.91
2019-07-09 09:50:18,054 - VO - UK - USEDCARSNI - 2019-07-01 00:00:00 - ERROR - STAT - expect_column_values_to_not_be_null - VN_IND - correctly filled rate (%) - 0.0
2019-07-09 09:50:18,054 - VO - UK - USEDCARSNI - 2019-07-01 00:00:00 - ERROR - STAT - expect_returning_row_count_on_conditions - DEALER_USEDCARS - total number of row with conditions - 0
2019-07-09 09:50:18,054 - VO - UK - USEDCARSNI - 2019-07-01 00:00:00 - ERROR - STAT - expect_returning_row_count_on_conditions - PRIVATE_USEDCARS - total number of row with conditions - 0
2019-07-09 09:50:18,054 - VO - UK - USEDCARSNI - 2019-07-01 00:00:00 - ERROR - STAT - expect_returning_row_unique_count - MARQUE_CORRECTED - total number of unique rows - 56
2019-07-09 09:50:18,054 - VO - UK - USEDCARSNI - 2019-07-01 00:00:00 - ERROR - STAT - expect_returning_row_unique_count - MODELE_CORRECTED - total number of unique rows - 487
2019-07-09 09:50:18,054 - VO - UK - USEDCARSNI - 2019-07-01 00:00:00 - ERROR - STAT - expect_returning_row_unique_count - CARROSSERIE - total number of unique rows - 31
2019-07-09 09:50:18,055 - VO - UK - USEDCARSNI - 2019-07-01 00:00:00 - ERROR - STAT - expect_returning_row_unique_count - CARBURANT - total number of unique rows - 19
2019-07-09 09:50:18,055 - VO - UK - USEDCARSNI - 2019-07-01 00:00:00 - ERROR - STAT - expect_column_values_to_not_be_null - CYLINDRE - correctly filled rate (%) - 98.81
2019-07-09 09:50:18,055 - VO - UK - USEDCARSNI - 2019-07-01 00:00:00 - ERROR - FILE_CHECK - expect_column_values_to_be_in_type_list - CYLINDRE - Wrong type for value: 12.0 on line 0 should be in ['int']
2019-07-09 09:50:18,055 - VO - UK - USEDCARSNI - 2019-07-01 00:00:00 - ERROR - FILE_CHECK - expect_column_values_to_be_in_type_list - CYLINDRE - Wrong type for value: 20.0 on line 1 should be in ['int']
2019-07-09 09:50:18,055 - VO - UK - USEDCARSNI - 2019-07-01 00:00:00 - ERROR - FILE_CHECK - expect_column_values_to_be_in_type_list - CYLINDRE - Wrong type for value: 17.0 on line 2 should be in ['int']
2019-07-09 09:50:18,055 - VO - UK - USEDCARSNI - 2019-07-01 00:00:00 - ERROR - FILE_CHECK - expect_column_values_to_be_in_type_list - CYLINDRE - Wrong type for value: 15.0 on line 3 should be in ['int']
2019-07-09 09:50:18,055 - VO - UK - USEDCARSNI - 2019-07-01 00:00:00 - ERROR - FILE_CHECK - expect_column_values_to_be_in_type_list - CYLINDRE - Wrong type for value: 17.0 on line 4 should be in ['int']
2019-07-09 09:50:18,055 - VO - UK - USEDCARSNI - 2019-07-01 00:00:00 - ERROR - FILE_CHECK - expect_column_values_to_be_in_type_list - CYLINDRE - Wrong type for value: 20.0 on line 5 should be in ['int']
2019-07-09 09:50:18,055 - VO - UK - USEDCARSNI - 2019-07-01 00:00:00 - ERROR - FILE_CHECK - expect_column_values_to_be_in_type_list - CYLINDRE - Wrong type for value: 20.0 on line 6 should be in ['int']
2019-07-09 09:50:18,055 - VO - UK - USEDCARSNI - 2019-07-01 00:00:00 - ERROR - FILE_CHECK - expect_column_values_to_be_in_type_list - CYLINDRE - Wrong type for value: 16.0 on line 7 should be in ['int']
2019-07-09 09:50:18,055 - VO - UK - USEDCARSNI - 2019-07-01 00:00:00 - ERROR - FILE_CHECK - expect_column_values_to_be_in_type_list - CYLINDRE - Wrong type for value: 16.0 on line 8 should be in ['int']
2019-07-09 09:50:18,055 - VO - UK - USEDCARSNI - 2019-07-01 00:00:00 - ERROR - FILE_CHECK - expect_column_values_to_be_in_type_list - CYLINDRE - Wrong type for value: 12.0 on line 9 should be in ['int']
2019-07-09 09:50:18,055 - VO - UK - USEDCARSNI - 2019-07-01 00:00:00 - ERROR - FILE_CHECK - expect_column_values_to_be_in_type_list - CYLINDRE - Wrong type for value: 16.0 on line 10 should be in ['int']
2019-07-09 09:50:18,055 - VO - UK - USEDCARSNI - 2019-07-01 00:00:00 - ERROR - FILE_CHECK - expect_column_values_to_be_in_type_list - CYLINDRE - Wrong type for value: 17.0 on line 11 should be in ['int']
2019-07-09 09:50:18,055 - VO - UK - USEDCARSNI - 2019-07-01 00:00:00 - ERROR - FILE_CHECK - expect_column_values_to_be_in_type_list - CYLINDRE - Wrong type for value: 16.0 on line 12 should be in ['int']
2019-07-09 09:50:18,055 - VO - UK - USEDCARSNI - 2019-07-01 00:00:00 - ERROR - FILE_CHECK - expect_column_values_to_be_in_type_list - CYLINDRE - Wrong type for value: 20.0 on line 13 should be in ['int']
2019-07-09 09:50:18,055 - VO - UK - USEDCARSNI - 2019-07-01 00:00:00 - ERROR - FILE_CHECK - expect_column_values_to_be_in_type_list - CYLINDRE - Wrong type for value: 17.0 on line 14 should be in ['int']
2019-07-09 09:50:18,055 - VO - UK - USEDCARSNI - 2019-07-01 00:00:00 - ERROR - FILE_CHECK - expect_column_values_to_be_in_type_list - CYLINDRE - Wrong type for value: 20.0 on line 15 should be in ['int']
2019-07-09 09:50:18,056 - VO - UK - USEDCARSNI - 2019-07-01 00:00:00 - ERROR - FILE_CHECK - expect_column_values_to_be_in_type_list - CYLINDRE - Wrong type for value: 20.0 on line 16 should be in ['int']
2019-07-09 09:50:18,056 - VO - UK - USEDCARSNI - 2019-07-01 00:00:00 - ERROR - FILE_CHECK - expect_column_values_to_be_in_type_list - CYLINDRE - Wrong type for value: 16.0 on line 17 should be in ['int']
2019-07-09 09:50:18,056 - VO - UK - USEDCARSNI - 2019-07-01 00:00:00 - ERROR - FILE_CHECK - expect_column_values_to_be_in_type_list - CYLINDRE - Wrong type for value: 16.0 on line 18 should be in ['int']
2019-07-09 09:50:18,056 - VO - UK - USEDCARSNI - 2019-07-01 00:00:00 - ERROR - FILE_CHECK - expect_column_values_to_be_in_type_list - CYLINDRE - Wrong type for value: 10.0 on line 19 should be in ['int']
2019-07-09 09:50:18,056 - VO - UK - USEDCARSNI - 2019-07-01 00:00:00 - ERROR - STAT - expect_column_values_to_be_in_type_list - CYLINDRE - correctly filled rate (%) - 0.0
2019-07-09 09:50:18,056 - VO - UK - USEDCARSNI - 2019-07-01 00:00:00 - ERROR - STAT - expect_returning_row_unique_count - PROVINCE - total number of unique rows - 0
2019-07-09 09:50:18,056 - VO - UK - USEDCARSNI - 2019-07-01 00:00:00 - ERROR - STAT - expect_returning_row_unique_count - VILLE - total number of unique rows - 296
2019-07-09 09:50:18,056 - VO - UK - USEDCARSNI - 2019-07-01 00:00:00 - ERROR - STAT - expect_returning_row_unique_count - DEPARTEMENT - total number of unique rows - 14
