2019-10-17 09:41:13,153 - VO - NL - MARKTPLAATS - 2019-10-01 00:00:00 - ERROR - FILE_VALIDATE - expect_file_to_be_validated - EVERY_COLUMNS - False - 0
2019-10-17 09:41:13,153 - VO - NL - MARKTPLAATS - 2019-10-01 00:00:00 - ERROR - STAT - expect_column_values_to_not_be_null - ADRESSE - correctly filled rate (%) - 0.0
2019-10-17 09:41:13,153 - VO - NL - MARKTPLAATS - 2019-10-01 00:00:00 - ERROR - FILE_VALIDATE - expect_column_values_to_not_be_null - ADRESSE - False - 0
2019-10-17 09:41:13,153 - VO - NL - MARKTPLAATS - 2019-10-01 00:00:00 - ERROR - STAT - expect_column_values_to_be_in_type_list - ANNEE - correctly filled rate (%) - 100.0
2019-10-17 09:41:13,153 - VO - NL - MARKTPLAATS - 2019-10-01 00:00:00 - ERROR - FILE_VALIDATE - expect_column_values_to_be_in_type_list - ANNEE - True - 1
2019-10-17 09:41:13,153 - VO - NL - MARKTPLAATS - 2019-10-01 00:00:00 - ERROR - STAT - expect_column_values_to_be_between - ANNEE - correctly filled rate (%) - 97.81
2019-10-17 09:41:13,153 - VO - NL - MARKTPLAATS - 2019-10-01 00:00:00 - ERROR - STAT - expect_column_values_to_be_between - ANNEE - unexpected count - 4572
2019-10-17 09:41:13,153 - VO - NL - MARKTPLAATS - 2019-10-01 00:00:00 - ERROR - FILE_VALIDATE - expect_column_values_to_be_between - ANNEE - True - 1
2019-10-17 09:41:13,153 - VO - NL - MARKTPLAATS - 2019-10-01 00:00:00 - ERROR - STAT - expect_column_values_to_not_be_null - ANNEE - correctly filled rate (%) - 100.0
2019-10-17 09:41:13,154 - VO - NL - MARKTPLAATS - 2019-10-01 00:00:00 - ERROR - FILE_VALIDATE - expect_column_values_to_not_be_null - ANNEE - True - 1
2019-10-17 09:41:13,154 - VO - NL - MARKTPLAATS - 2019-10-01 00:00:00 - ERROR - FILE_CHECK - expect_column_values_to_match_regex - ANNEE - Unexpected value: 0 on line 0, value should match regexp ^[0-9]{4}$
2019-10-17 09:41:13,154 - VO - NL - MARKTPLAATS - 2019-10-01 00:00:00 - ERROR - FILE_CHECK - expect_column_values_to_match_regex - ANNEE - Unexpected value: 0 on line 2, value should match regexp ^[0-9]{4}$
2019-10-17 09:41:13,154 - VO - NL - MARKTPLAATS - 2019-10-01 00:00:00 - ERROR - FILE_CHECK - expect_column_values_to_match_regex - ANNEE - Unexpected value: 0 on line 3, value should match regexp ^[0-9]{4}$
2019-10-17 09:41:13,154 - VO - NL - MARKTPLAATS - 2019-10-01 00:00:00 - ERROR - FILE_CHECK - expect_column_values_to_match_regex - ANNEE - Unexpected value: 0 on line 4, value should match regexp ^[0-9]{4}$
2019-10-17 09:41:13,154 - VO - NL - MARKTPLAATS - 2019-10-01 00:00:00 - ERROR - FILE_CHECK - expect_column_values_to_match_regex - ANNEE - Unexpected value: 0 on line 5, value should match regexp ^[0-9]{4}$
2019-10-17 09:41:13,154 - VO - NL - MARKTPLAATS - 2019-10-01 00:00:00 - ERROR - FILE_CHECK - expect_column_values_to_match_regex - ANNEE - Unexpected value: 0 on line 6, value should match regexp ^[0-9]{4}$
2019-10-17 09:41:13,154 - VO - NL - MARKTPLAATS - 2019-10-01 00:00:00 - ERROR - FILE_CHECK - expect_column_values_to_match_regex - ANNEE - Unexpected value: 0 on line 7, value should match regexp ^[0-9]{4}$
2019-10-17 09:41:13,154 - VO - NL - MARKTPLAATS - 2019-10-01 00:00:00 - ERROR - FILE_CHECK - expect_column_values_to_match_regex - ANNEE - Unexpected value: 0 on line 8, value should match regexp ^[0-9]{4}$
2019-10-17 09:41:13,154 - VO - NL - MARKTPLAATS - 2019-10-01 00:00:00 - ERROR - FILE_CHECK - expect_column_values_to_match_regex - ANNEE - Unexpected value: 0 on line 11, value should match regexp ^[0-9]{4}$
2019-10-17 09:41:13,154 - VO - NL - MARKTPLAATS - 2019-10-01 00:00:00 - ERROR - FILE_CHECK - expect_column_values_to_match_regex - ANNEE - Unexpected value: 0 on line 13, value should match regexp ^[0-9]{4}$
2019-10-17 09:41:13,154 - VO - NL - MARKTPLAATS - 2019-10-01 00:00:00 - ERROR - FILE_CHECK - expect_column_values_to_match_regex - ANNEE - Unexpected value: 0 on line 58, value should match regexp ^[0-9]{4}$
2019-10-17 09:41:13,154 - VO - NL - MARKTPLAATS - 2019-10-01 00:00:00 - ERROR - FILE_CHECK - expect_column_values_to_match_regex - ANNEE - Unexpected value: 10 on line 59, value should match regexp ^[0-9]{4}$
2019-10-17 09:41:13,154 - VO - NL - MARKTPLAATS - 2019-10-01 00:00:00 - ERROR - FILE_CHECK - expect_column_values_to_match_regex - ANNEE - Unexpected value: 0 on line 62, value should match regexp ^[0-9]{4}$
2019-10-17 09:41:13,154 - VO - NL - MARKTPLAATS - 2019-10-01 00:00:00 - ERROR - FILE_CHECK - expect_column_values_to_match_regex - ANNEE - Unexpected value: 88202 on line 68, value should match regexp ^[0-9]{4}$
2019-10-17 09:41:13,154 - VO - NL - MARKTPLAATS - 2019-10-01 00:00:00 - ERROR - FILE_CHECK - expect_column_values_to_match_regex - ANNEE - Unexpected value: 0 on line 70, value should match regexp ^[0-9]{4}$
2019-10-17 09:41:13,154 - VO - NL - MARKTPLAATS - 2019-10-01 00:00:00 - ERROR - FILE_CHECK - expect_column_values_to_match_regex - ANNEE - Unexpected value: 0 on line 73, value should match regexp ^[0-9]{4}$
2019-10-17 09:41:13,155 - VO - NL - MARKTPLAATS - 2019-10-01 00:00:00 - ERROR - FILE_CHECK - expect_column_values_to_match_regex - ANNEE - Unexpected value: 0 on line 77, value should match regexp ^[0-9]{4}$
2019-10-17 09:41:13,155 - VO - NL - MARKTPLAATS - 2019-10-01 00:00:00 - ERROR - FILE_CHECK - expect_column_values_to_match_regex - ANNEE - Unexpected value: 0 on line 78, value should match regexp ^[0-9]{4}$
2019-10-17 09:41:13,155 - VO - NL - MARKTPLAATS - 2019-10-01 00:00:00 - ERROR - FILE_CHECK - expect_column_values_to_match_regex - ANNEE - Unexpected value: 0 on line 79, value should match regexp ^[0-9]{4}$
2019-10-17 09:41:13,155 - VO - NL - MARKTPLAATS - 2019-10-01 00:00:00 - ERROR - FILE_CHECK - expect_column_values_to_match_regex - ANNEE - Unexpected value: 0 on line 87, value should match regexp ^[0-9]{4}$
2019-10-17 09:41:13,155 - VO - NL - MARKTPLAATS - 2019-10-01 00:00:00 - ERROR - STAT - expect_column_values_to_match_regex - ANNEE - correctly filled rate (%) - 99.06
2019-10-17 09:41:13,155 - VO - NL - MARKTPLAATS - 2019-10-01 00:00:00 - ERROR - FILE_VALIDATE - expect_column_values_to_match_regex - ANNEE - False - 0
2019-10-17 09:41:13,155 - VO - NL - MARKTPLAATS - 2019-10-01 00:00:00 - ERROR - STAT - expect_column_values_to_not_be_null - ANNONCE_LINK - correctly filled rate (%) - 100.0
2019-10-17 09:41:13,155 - VO - NL - MARKTPLAATS - 2019-10-01 00:00:00 - ERROR - FILE_VALIDATE - expect_column_values_to_not_be_null - ANNONCE_LINK - True - 1
2019-10-17 09:41:13,155 - VO - NL - MARKTPLAATS - 2019-10-01 00:00:00 - ERROR - STAT - expect_column_values_to_be_unique - ANNONCE_LINK - observed proportion - 100.0
2019-10-17 09:41:13,155 - VO - NL - MARKTPLAATS - 2019-10-01 00:00:00 - ERROR - FILE_VALIDATE - expect_column_values_to_be_unique - ANNONCE_LINK - True - 1
2019-10-17 09:41:13,155 - VO - NL - MARKTPLAATS - 2019-10-01 00:00:00 - ERROR - STAT - expect_column_values_to_not_be_null - CARBURANT - correctly filled rate (%) - 99.41
2019-10-17 09:41:13,155 - VO - NL - MARKTPLAATS - 2019-10-01 00:00:00 - ERROR - FILE_VALIDATE - expect_column_values_to_not_be_null - CARBURANT - True - 1
2019-10-17 09:41:13,155 - VO - NL - MARKTPLAATS - 2019-10-01 00:00:00 - ERROR - STAT - expect_column_values_to_not_be_null - CARROSSERIE - correctly filled rate (%) - 96.09
2019-10-17 09:41:13,155 - VO - NL - MARKTPLAATS - 2019-10-01 00:00:00 - ERROR - FILE_VALIDATE - expect_column_values_to_not_be_null - CARROSSERIE - True - 1
2019-10-17 09:41:13,155 - VO - NL - MARKTPLAATS - 2019-10-01 00:00:00 - ERROR - STAT - expect_column_values_to_not_be_null - CP - correctly filled rate (%) - 0.0
2019-10-17 09:41:13,155 - VO - NL - MARKTPLAATS - 2019-10-01 00:00:00 - ERROR - FILE_VALIDATE - expect_column_values_to_not_be_null - CP - False - 0
2019-10-17 09:41:13,155 - VO - NL - MARKTPLAATS - 2019-10-01 00:00:00 - ERROR - STAT - expect_column_values_to_not_be_null - GARAGE_ID - correctly filled rate (%) - 100.0
2019-10-17 09:41:13,155 - VO - NL - MARKTPLAATS - 2019-10-01 00:00:00 - ERROR - FILE_VALIDATE - expect_column_values_to_not_be_null - GARAGE_ID - True - 1
2019-10-17 09:41:13,156 - VO - NL - MARKTPLAATS - 2019-10-01 00:00:00 - ERROR - STAT - expect_column_values_to_not_be_null - ID_CLIENT - correctly filled rate (%) - 100.0
2019-10-17 09:41:13,156 - VO - NL - MARKTPLAATS - 2019-10-01 00:00:00 - ERROR - FILE_VALIDATE - expect_column_values_to_not_be_null - ID_CLIENT - True - 1
2019-10-17 09:41:13,156 - VO - NL - MARKTPLAATS - 2019-10-01 00:00:00 - ERROR - STAT - expect_column_values_to_be_unique - ID_CLIENT - observed proportion - 100.0
2019-10-17 09:41:13,156 - VO - NL - MARKTPLAATS - 2019-10-01 00:00:00 - ERROR - FILE_VALIDATE - expect_column_values_to_be_unique - ID_CLIENT - True - 1
2019-10-17 09:41:13,156 - VO - NL - MARKTPLAATS - 2019-10-01 00:00:00 - ERROR - STAT - expect_returning_row_count - EVERY_COLUMNS - total number of rows - 209092
2019-10-17 09:41:13,156 - VO - NL - MARKTPLAATS - 2019-10-01 00:00:00 - ERROR - STAT - expect_column_values_to_not_be_null - IMMAT - correctly filled rate (%) - 100.0
2019-10-17 09:41:13,156 - VO - NL - MARKTPLAATS - 2019-10-01 00:00:00 - ERROR - FILE_VALIDATE - expect_column_values_to_not_be_null - IMMAT - True - 1
2019-10-17 09:41:13,156 - VO - NL - MARKTPLAATS - 2019-10-01 00:00:00 - ERROR - STAT - expect_column_values_to_be_in_type_list - KM - correctly filled rate (%) - 100.0
2019-10-17 09:41:13,156 - VO - NL - MARKTPLAATS - 2019-10-01 00:00:00 - ERROR - FILE_VALIDATE - expect_column_values_to_be_in_type_list - KM - True - 1
2019-10-17 09:41:13,156 - VO - NL - MARKTPLAATS - 2019-10-01 00:00:00 - ERROR - STAT - expect_column_values_to_not_be_null - KM - correctly filled rate (%) - 100.0
2019-10-17 09:41:13,156 - VO - NL - MARKTPLAATS - 2019-10-01 00:00:00 - ERROR - FILE_VALIDATE - expect_column_values_to_not_be_null - KM - True - 1
2019-10-17 09:41:13,156 - VO - NL - MARKTPLAATS - 2019-10-01 00:00:00 - ERROR - STAT - expect_column_values_to_be_in_type_list - LITRE - correctly filled rate (%) - 100.0
2019-10-17 09:41:13,156 - VO - NL - MARKTPLAATS - 2019-10-01 00:00:00 - ERROR - FILE_VALIDATE - expect_column_values_to_be_in_type_list - LITRE - True - 1
2019-10-17 09:41:13,156 - VO - NL - MARKTPLAATS - 2019-10-01 00:00:00 - ERROR - STAT - expect_column_values_to_not_be_null - LITRE - correctly filled rate (%) - 100.0
2019-10-17 09:41:13,156 - VO - NL - MARKTPLAATS - 2019-10-01 00:00:00 - ERROR - FILE_VALIDATE - expect_column_values_to_not_be_null - LITRE - True - 1
2019-10-17 09:41:13,156 - VO - NL - MARKTPLAATS - 2019-10-01 00:00:00 - ERROR - STAT - expect_column_values_to_not_be_null - MARQUE - correctly filled rate (%) - 100.0
2019-10-17 09:41:13,156 - VO - NL - MARKTPLAATS - 2019-10-01 00:00:00 - ERROR - FILE_VALIDATE - expect_column_values_to_not_be_null - MARQUE - True - 1
2019-10-17 09:41:13,157 - VO - NL - MARKTPLAATS - 2019-10-01 00:00:00 - ERROR - STAT - expect_column_values_to_not_be_null - MODELE - correctly filled rate (%) - 87.76
2019-10-17 09:41:13,157 - VO - NL - MARKTPLAATS - 2019-10-01 00:00:00 - ERROR - FILE_VALIDATE - expect_column_values_to_not_be_null - MODELE - False - 0
2019-10-17 09:41:13,157 - VO - NL - MARKTPLAATS - 2019-10-01 00:00:00 - ERROR - STAT - expect_column_values_to_not_be_null - MOIS - correctly filled rate (%) - 100.0
2019-10-17 09:41:13,157 - VO - NL - MARKTPLAATS - 2019-10-01 00:00:00 - ERROR - FILE_VALIDATE - expect_column_values_to_not_be_null - MOIS - True - 1
2019-10-17 09:41:13,157 - VO - NL - MARKTPLAATS - 2019-10-01 00:00:00 - ERROR - FILE_CHECK - expect_column_values_to_be_between - MOIS - Unexpected value: 0 on line 0, value should be between 1 and 12
2019-10-17 09:41:13,157 - VO - NL - MARKTPLAATS - 2019-10-01 00:00:00 - ERROR - FILE_CHECK - expect_column_values_to_be_between - MOIS - Unexpected value: 0 on line 1, value should be between 1 and 12
2019-10-17 09:41:13,157 - VO - NL - MARKTPLAATS - 2019-10-01 00:00:00 - ERROR - FILE_CHECK - expect_column_values_to_be_between - MOIS - Unexpected value: 0 on line 2, value should be between 1 and 12
2019-10-17 09:41:13,157 - VO - NL - MARKTPLAATS - 2019-10-01 00:00:00 - ERROR - FILE_CHECK - expect_column_values_to_be_between - MOIS - Unexpected value: 0 on line 3, value should be between 1 and 12
2019-10-17 09:41:13,157 - VO - NL - MARKTPLAATS - 2019-10-01 00:00:00 - ERROR - FILE_CHECK - expect_column_values_to_be_between - MOIS - Unexpected value: 0 on line 4, value should be between 1 and 12
2019-10-17 09:41:13,157 - VO - NL - MARKTPLAATS - 2019-10-01 00:00:00 - ERROR - FILE_CHECK - expect_column_values_to_be_between - MOIS - Unexpected value: 0 on line 5, value should be between 1 and 12
2019-10-17 09:41:13,157 - VO - NL - MARKTPLAATS - 2019-10-01 00:00:00 - ERROR - FILE_CHECK - expect_column_values_to_be_between - MOIS - Unexpected value: 0 on line 6, value should be between 1 and 12
2019-10-17 09:41:13,157 - VO - NL - MARKTPLAATS - 2019-10-01 00:00:00 - ERROR - FILE_CHECK - expect_column_values_to_be_between - MOIS - Unexpected value: 0 on line 7, value should be between 1 and 12
2019-10-17 09:41:13,157 - VO - NL - MARKTPLAATS - 2019-10-01 00:00:00 - ERROR - FILE_CHECK - expect_column_values_to_be_between - MOIS - Unexpected value: 0 on line 8, value should be between 1 and 12
2019-10-17 09:41:13,157 - VO - NL - MARKTPLAATS - 2019-10-01 00:00:00 - ERROR - FILE_CHECK - expect_column_values_to_be_between - MOIS - Unexpected value: 0 on line 10, value should be between 1 and 12
2019-10-17 09:41:13,157 - VO - NL - MARKTPLAATS - 2019-10-01 00:00:00 - ERROR - FILE_CHECK - expect_column_values_to_be_between - MOIS - Unexpected value: 0 on line 11, value should be between 1 and 12
2019-10-17 09:41:13,157 - VO - NL - MARKTPLAATS - 2019-10-01 00:00:00 - ERROR - FILE_CHECK - expect_column_values_to_be_between - MOIS - Unexpected value: 0 on line 12, value should be between 1 and 12
2019-10-17 09:41:13,157 - VO - NL - MARKTPLAATS - 2019-10-01 00:00:00 - ERROR - FILE_CHECK - expect_column_values_to_be_between - MOIS - Unexpected value: 0 on line 13, value should be between 1 and 12
2019-10-17 09:41:13,157 - VO - NL - MARKTPLAATS - 2019-10-01 00:00:00 - ERROR - FILE_CHECK - expect_column_values_to_be_between - MOIS - Unexpected value: 0 on line 14, value should be between 1 and 12
2019-10-17 09:41:13,158 - VO - NL - MARKTPLAATS - 2019-10-01 00:00:00 - ERROR - FILE_CHECK - expect_column_values_to_be_between - MOIS - Unexpected value: 0 on line 15, value should be between 1 and 12
2019-10-17 09:41:13,158 - VO - NL - MARKTPLAATS - 2019-10-01 00:00:00 - ERROR - FILE_CHECK - expect_column_values_to_be_between - MOIS - Unexpected value: 0 on line 16, value should be between 1 and 12
2019-10-17 09:41:13,158 - VO - NL - MARKTPLAATS - 2019-10-01 00:00:00 - ERROR - FILE_CHECK - expect_column_values_to_be_between - MOIS - Unexpected value: 0 on line 17, value should be between 1 and 12
2019-10-17 09:41:13,158 - VO - NL - MARKTPLAATS - 2019-10-01 00:00:00 - ERROR - FILE_CHECK - expect_column_values_to_be_between - MOIS - Unexpected value: 0 on line 18, value should be between 1 and 12
2019-10-17 09:41:13,158 - VO - NL - MARKTPLAATS - 2019-10-01 00:00:00 - ERROR - FILE_CHECK - expect_column_values_to_be_between - MOIS - Unexpected value: 0 on line 19, value should be between 1 and 12
2019-10-17 09:41:13,158 - VO - NL - MARKTPLAATS - 2019-10-01 00:00:00 - ERROR - FILE_CHECK - expect_column_values_to_be_between - MOIS - Unexpected value: 0 on line 20, value should be between 1 and 12
2019-10-17 09:41:13,158 - VO - NL - MARKTPLAATS - 2019-10-01 00:00:00 - ERROR - STAT - expect_column_values_to_be_between - MOIS - correctly filled rate (%) - 71.91
2019-10-17 09:41:13,158 - VO - NL - MARKTPLAATS - 2019-10-01 00:00:00 - ERROR - STAT - expect_column_values_to_be_between - MOIS - unexpected count - 58739
2019-10-17 09:41:13,158 - VO - NL - MARKTPLAATS - 2019-10-01 00:00:00 - ERROR - FILE_VALIDATE - expect_column_values_to_be_between - MOIS - False - 0
2019-10-17 09:41:13,158 - VO - NL - MARKTPLAATS - 2019-10-01 00:00:00 - ERROR - STAT - expect_column_values_to_match_regex - MOIS - correctly filled rate (%) - 100.0
2019-10-17 09:41:13,158 - VO - NL - MARKTPLAATS - 2019-10-01 00:00:00 - ERROR - FILE_VALIDATE - expect_column_values_to_match_regex - MOIS - True - 1
2019-10-17 09:41:13,158 - VO - NL - MARKTPLAATS - 2019-10-01 00:00:00 - ERROR - STAT - expect_column_values_to_not_be_null - NOM - correctly filled rate (%) - 100.0
2019-10-17 09:41:13,158 - VO - NL - MARKTPLAATS - 2019-10-01 00:00:00 - ERROR - FILE_VALIDATE - expect_column_values_to_not_be_null - NOM - True - 1
2019-10-17 09:41:13,158 - VO - NL - MARKTPLAATS - 2019-10-01 00:00:00 - ERROR - FILE_CHECK - expect_column_value_lengths_to_be_between - NOM - Unexpected characters count of: [Camper...] on line  6744, value length should be between 10 and 255
2019-10-17 09:41:13,158 - VO - NL - MARKTPLAATS - 2019-10-01 00:00:00 - ERROR - FILE_CHECK - expect_column_value_lengths_to_be_between - NOM - Unexpected characters count of: [Vw Buggy...] on line  6776, value length should be between 10 and 255
2019-10-17 09:41:13,158 - VO - NL - MARKTPLAATS - 2019-10-01 00:00:00 - ERROR - FILE_CHECK - expect_column_value_lengths_to_be_between - NOM - Unexpected characters count of: [mazda MX5...] on line  6869, value length should be between 10 and 255
2019-10-17 09:41:13,158 - VO - NL - MARKTPLAATS - 2019-10-01 00:00:00 - ERROR - FILE_CHECK - expect_column_value_lengths_to_be_between - NOM - Unexpected characters count of: [Trabant...] on line  6945, value length should be between 10 and 255
2019-10-17 09:41:13,159 - VO - NL - MARKTPLAATS - 2019-10-01 00:00:00 - ERROR - FILE_CHECK - expect_column_value_lengths_to_be_between - NOM - Unexpected characters count of: [Sb-213-j...] on line  7112, value length should be between 10 and 255
2019-10-17 09:41:13,159 - VO - NL - MARKTPLAATS - 2019-10-01 00:00:00 - ERROR - FILE_CHECK - expect_column_value_lengths_to_be_between - NOM - Unexpected characters count of: [Audi a4...] on line  7262, value length should be between 10 and 255
2019-10-17 09:41:13,159 - VO - NL - MARKTPLAATS - 2019-10-01 00:00:00 - ERROR - FILE_CHECK - expect_column_value_lengths_to_be_between - NOM - Unexpected characters count of: [Fiat 500C...] on line  7302, value length should be between 10 and 255
2019-10-17 09:41:13,159 - VO - NL - MARKTPLAATS - 2019-10-01 00:00:00 - ERROR - FILE_CHECK - expect_column_value_lengths_to_be_between - NOM - Unexpected characters count of: [Lada 2101...] on line  7454, value length should be between 10 and 255
2019-10-17 09:41:13,159 - VO - NL - MARKTPLAATS - 2019-10-01 00:00:00 - ERROR - FILE_CHECK - expect_column_value_lengths_to_be_between - NOM - Unexpected characters count of: [Audi 80...] on line  7459, value length should be between 10 and 255
2019-10-17 09:41:13,159 - VO - NL - MARKTPLAATS - 2019-10-01 00:00:00 - ERROR - FILE_CHECK - expect_column_value_lengths_to_be_between - NOM - Unexpected characters count of: [saab 9-7X...] on line  7772, value length should be between 10 and 255
2019-10-17 09:41:13,159 - VO - NL - MARKTPLAATS - 2019-10-01 00:00:00 - ERROR - FILE_CHECK - expect_column_value_lengths_to_be_between - NOM - Unexpected characters count of: [bmw x5...] on line  8039, value length should be between 10 and 255
2019-10-17 09:41:13,159 - VO - NL - MARKTPLAATS - 2019-10-01 00:00:00 - ERROR - FILE_CHECK - expect_column_value_lengths_to_be_between - NOM - Unexpected characters count of: [Audi A7...] on line  8098, value length should be between 10 and 255
2019-10-17 09:41:13,159 - VO - NL - MARKTPLAATS - 2019-10-01 00:00:00 - ERROR - FILE_CHECK - expect_column_value_lengths_to_be_between - NOM - Unexpected characters count of: [Mga 1600...] on line  8271, value length should be between 10 and 255
2019-10-17 09:41:13,159 - VO - NL - MARKTPLAATS - 2019-10-01 00:00:00 - ERROR - FILE_CHECK - expect_column_value_lengths_to_be_between - NOM - Unexpected characters count of: [Audi A6...] on line  8385, value length should be between 10 and 255
2019-10-17 09:41:13,159 - VO - NL - MARKTPLAATS - 2019-10-01 00:00:00 - ERROR - FILE_CHECK - expect_column_value_lengths_to_be_between - NOM - Unexpected characters count of: [Dieplader...] on line  8676, value length should be between 10 and 255
2019-10-17 09:41:13,159 - VO - NL - MARKTPLAATS - 2019-10-01 00:00:00 - ERROR - FILE_CHECK - expect_column_value_lengths_to_be_between - NOM - Unexpected characters count of: [auto...] on line  8860, value length should be between 10 and 255
2019-10-17 09:41:13,159 - VO - NL - MARKTPLAATS - 2019-10-01 00:00:00 - ERROR - FILE_CHECK - expect_column_value_lengths_to_be_between - NOM - Unexpected characters count of: [Te huur...] on line  8913, value length should be between 10 and 255
2019-10-17 09:41:13,159 - VO - NL - MARKTPLAATS - 2019-10-01 00:00:00 - ERROR - FILE_CHECK - expect_column_value_lengths_to_be_between - NOM - Unexpected characters count of: [berlingo...] on line  9166, value length should be between 10 and 255
2019-10-17 09:41:13,159 - VO - NL - MARKTPLAATS - 2019-10-01 00:00:00 - ERROR - FILE_CHECK - expect_column_value_lengths_to_be_between - NOM - Unexpected characters count of: [auto...] on line  9390, value length should be between 10 and 255
2019-10-17 09:41:13,159 - VO - NL - MARKTPLAATS - 2019-10-01 00:00:00 - ERROR - FILE_CHECK - expect_column_value_lengths_to_be_between - NOM - Unexpected characters count of: [auto...] on line  9394, value length should be between 10 and 255
2019-10-17 09:41:13,159 - VO - NL - MARKTPLAATS - 2019-10-01 00:00:00 - ERROR - STAT - expect_column_value_lengths_to_be_between - NOM - correctly filled rate (%) - 99.89
2019-10-17 09:41:13,159 - VO - NL - MARKTPLAATS - 2019-10-01 00:00:00 - ERROR - FILE_VALIDATE - expect_column_value_lengths_to_be_between - NOM - False - 0
2019-10-17 09:41:13,160 - VO - NL - MARKTPLAATS - 2019-10-01 00:00:00 - ERROR - STAT - expect_column_values_to_not_be_null - OPTIONS - correctly filled rate (%) - 93.18
2019-10-17 09:41:13,160 - VO - NL - MARKTPLAATS - 2019-10-01 00:00:00 - ERROR - FILE_VALIDATE - expect_column_values_to_not_be_null - OPTIONS - True - 1
2019-10-17 09:41:13,160 - VO - NL - MARKTPLAATS - 2019-10-01 00:00:00 - ERROR - FILE_CHECK - expect_column_value_lengths_to_be_between - OPTIONS - Unexpected characters count of: [, Parkeersensor, Met...] on line  3, value length should be between 0 and 255
2019-10-17 09:41:13,160 - VO - NL - MARKTPLAATS - 2019-10-01 00:00:00 - ERROR - FILE_CHECK - expect_column_value_lengths_to_be_between - OPTIONS - Unexpected characters count of: [Parkeersensor, Metal...] on line  7, value length should be between 0 and 255
2019-10-17 09:41:13,160 - VO - NL - MARKTPLAATS - 2019-10-01 00:00:00 - ERROR - FILE_CHECK - expect_column_value_lengths_to_be_between - OPTIONS - Unexpected characters count of: [Metallic lak, Electr...] on line  18, value length should be between 0 and 255
2019-10-17 09:41:13,160 - VO - NL - MARKTPLAATS - 2019-10-01 00:00:00 - ERROR - FILE_CHECK - expect_column_value_lengths_to_be_between - OPTIONS - Unexpected characters count of: [Metallic lak, Electr...] on line  26, value length should be between 0 and 255
2019-10-17 09:41:13,160 - VO - NL - MARKTPLAATS - 2019-10-01 00:00:00 - ERROR - FILE_CHECK - expect_column_value_lengths_to_be_between - OPTIONS - Unexpected characters count of: [Parkeersensor, Metal...] on line  29, value length should be between 0 and 255
2019-10-17 09:41:13,160 - VO - NL - MARKTPLAATS - 2019-10-01 00:00:00 - ERROR - FILE_CHECK - expect_column_value_lengths_to_be_between - OPTIONS - Unexpected characters count of: [Parkeersensor, Metal...] on line  30, value length should be between 0 and 255
2019-10-17 09:41:13,160 - VO - NL - MARKTPLAATS - 2019-10-01 00:00:00 - ERROR - FILE_CHECK - expect_column_value_lengths_to_be_between - OPTIONS - Unexpected characters count of: [Parkeersensor, Metal...] on line  31, value length should be between 0 and 255
2019-10-17 09:41:13,160 - VO - NL - MARKTPLAATS - 2019-10-01 00:00:00 - ERROR - FILE_CHECK - expect_column_value_lengths_to_be_between - OPTIONS - Unexpected characters count of: [Parkeersensor, Metal...] on line  33, value length should be between 0 and 255
2019-10-17 09:41:13,160 - VO - NL - MARKTPLAATS - 2019-10-01 00:00:00 - ERROR - FILE_CHECK - expect_column_value_lengths_to_be_between - OPTIONS - Unexpected characters count of: [Parkeersensor, Metal...] on line  35, value length should be between 0 and 255
2019-10-17 09:41:13,160 - VO - NL - MARKTPLAATS - 2019-10-01 00:00:00 - ERROR - FILE_CHECK - expect_column_value_lengths_to_be_between - OPTIONS - Unexpected characters count of: [Parkeersensor, Metal...] on line  36, value length should be between 0 and 255
2019-10-17 09:41:13,160 - VO - NL - MARKTPLAATS - 2019-10-01 00:00:00 - ERROR - FILE_CHECK - expect_column_value_lengths_to_be_between - OPTIONS - Unexpected characters count of: [Parkeersensor, Metal...] on line  37, value length should be between 0 and 255
2019-10-17 09:41:13,160 - VO - NL - MARKTPLAATS - 2019-10-01 00:00:00 - ERROR - FILE_CHECK - expect_column_value_lengths_to_be_between - OPTIONS - Unexpected characters count of: [Parkeersensor, Metal...] on line  64, value length should be between 0 and 255
2019-10-17 09:41:13,160 - VO - NL - MARKTPLAATS - 2019-10-01 00:00:00 - ERROR - FILE_CHECK - expect_column_value_lengths_to_be_between - OPTIONS - Unexpected characters count of: [Parkeersensor, Metal...] on line  65, value length should be between 0 and 255
2019-10-17 09:41:13,160 - VO - NL - MARKTPLAATS - 2019-10-01 00:00:00 - ERROR - FILE_CHECK - expect_column_value_lengths_to_be_between - OPTIONS - Unexpected characters count of: [Parkeersensor, Metal...] on line  71, value length should be between 0 and 255
2019-10-17 09:41:13,160 - VO - NL - MARKTPLAATS - 2019-10-01 00:00:00 - ERROR - FILE_CHECK - expect_column_value_lengths_to_be_between - OPTIONS - Unexpected characters count of: [Parkeersensor, Metal...] on line  72, value length should be between 0 and 255
2019-10-17 09:41:13,161 - VO - NL - MARKTPLAATS - 2019-10-01 00:00:00 - ERROR - FILE_CHECK - expect_column_value_lengths_to_be_between - OPTIONS - Unexpected characters count of: [Parkeersensor, Metal...] on line  74, value length should be between 0 and 255
2019-10-17 09:41:13,161 - VO - NL - MARKTPLAATS - 2019-10-01 00:00:00 - ERROR - FILE_CHECK - expect_column_value_lengths_to_be_between - OPTIONS - Unexpected characters count of: [Parkeersensor, Metal...] on line  81, value length should be between 0 and 255
2019-10-17 09:41:13,161 - VO - NL - MARKTPLAATS - 2019-10-01 00:00:00 - ERROR - FILE_CHECK - expect_column_value_lengths_to_be_between - OPTIONS - Unexpected characters count of: [Parkeersensor, Metal...] on line  89, value length should be between 0 and 255
2019-10-17 09:41:13,161 - VO - NL - MARKTPLAATS - 2019-10-01 00:00:00 - ERROR - FILE_CHECK - expect_column_value_lengths_to_be_between - OPTIONS - Unexpected characters count of: [Parkeersensor, Metal...] on line  96, value length should be between 0 and 255
2019-10-17 09:41:13,161 - VO - NL - MARKTPLAATS - 2019-10-01 00:00:00 - ERROR - FILE_CHECK - expect_column_value_lengths_to_be_between - OPTIONS - Unexpected characters count of: [Parkeersensor, Metal...] on line  99, value length should be between 0 and 255
2019-10-17 09:41:13,161 - VO - NL - MARKTPLAATS - 2019-10-01 00:00:00 - ERROR - STAT - expect_column_value_lengths_to_be_between - OPTIONS - correctly filled rate (%) - 47.08
2019-10-17 09:41:13,161 - VO - NL - MARKTPLAATS - 2019-10-01 00:00:00 - ERROR - FILE_VALIDATE - expect_column_value_lengths_to_be_between - OPTIONS - False - 0
2019-10-17 09:41:13,161 - VO - NL - MARKTPLAATS - 2019-10-01 00:00:00 - ERROR - STAT - expect_column_values_to_be_in_type_list - PHOTO - correctly filled rate (%) - 100.0
2019-10-17 09:41:13,161 - VO - NL - MARKTPLAATS - 2019-10-01 00:00:00 - ERROR - FILE_VALIDATE - expect_column_values_to_be_in_type_list - PHOTO - True - 1
2019-10-17 09:41:13,161 - VO - NL - MARKTPLAATS - 2019-10-01 00:00:00 - ERROR - STAT - expect_column_values_to_not_be_null - PHOTO - correctly filled rate (%) - 100.0
2019-10-17 09:41:13,161 - VO - NL - MARKTPLAATS - 2019-10-01 00:00:00 - ERROR - FILE_VALIDATE - expect_column_values_to_not_be_null - PHOTO - True - 1
2019-10-17 09:41:13,161 - VO - NL - MARKTPLAATS - 2019-10-01 00:00:00 - ERROR - STAT - expect_column_values_to_not_be_null - PLACE - correctly filled rate (%) - 0.0
2019-10-17 09:41:13,161 - VO - NL - MARKTPLAATS - 2019-10-01 00:00:00 - ERROR - FILE_VALIDATE - expect_column_values_to_not_be_null - PLACE - False - 0
2019-10-17 09:41:13,161 - VO - NL - MARKTPLAATS - 2019-10-01 00:00:00 - ERROR - STAT - expect_column_values_to_not_be_null - PORTE - correctly filled rate (%) - 0.0
2019-10-17 09:41:13,161 - VO - NL - MARKTPLAATS - 2019-10-01 00:00:00 - ERROR - FILE_VALIDATE - expect_column_values_to_not_be_null - PORTE - False - 0
2019-10-17 09:41:13,161 - VO - NL - MARKTPLAATS - 2019-10-01 00:00:00 - ERROR - STAT - expect_column_values_to_be_in_type_list - PRIX - correctly filled rate (%) - 100.0
2019-10-17 09:41:13,161 - VO - NL - MARKTPLAATS - 2019-10-01 00:00:00 - ERROR - FILE_VALIDATE - expect_column_values_to_be_in_type_list - PRIX - True - 1
2019-10-17 09:41:13,162 - VO - NL - MARKTPLAATS - 2019-10-01 00:00:00 - ERROR - STAT - expect_column_values_to_not_be_null - PRIX - correctly filled rate (%) - 100.0
2019-10-17 09:41:13,162 - VO - NL - MARKTPLAATS - 2019-10-01 00:00:00 - ERROR - FILE_VALIDATE - expect_column_values_to_not_be_null - PRIX - True - 1
2019-10-17 09:41:13,162 - VO - NL - MARKTPLAATS - 2019-10-01 00:00:00 - ERROR - STAT - expect_column_values_to_not_be_null - PROVINCE - correctly filled rate (%) - 0.0
2019-10-17 09:41:13,162 - VO - NL - MARKTPLAATS - 2019-10-01 00:00:00 - ERROR - FILE_VALIDATE - expect_column_values_to_not_be_null - PROVINCE - False - 0
2019-10-17 09:41:13,162 - VO - NL - MARKTPLAATS - 2019-10-01 00:00:00 - ERROR - STAT - expect_column_values_to_not_be_null - SITE - correctly filled rate (%) - 100.0
2019-10-17 09:41:13,162 - VO - NL - MARKTPLAATS - 2019-10-01 00:00:00 - ERROR - FILE_VALIDATE - expect_column_values_to_not_be_null - SITE - True - 1
2019-10-17 09:41:13,162 - VO - NL - MARKTPLAATS - 2019-10-01 00:00:00 - ERROR - STAT - expect_column_values_to_not_be_null - TELEPHONE - correctly filled rate (%) - 97.14
2019-10-17 09:41:13,162 - VO - NL - MARKTPLAATS - 2019-10-01 00:00:00 - ERROR - FILE_VALIDATE - expect_column_values_to_not_be_null - TELEPHONE - True - 1
2019-10-17 09:41:13,162 - VO - NL - MARKTPLAATS - 2019-10-01 00:00:00 - ERROR - STAT - expect_column_values_to_be_phone_number - TELEPHONE - correctly filled rate (%) - 99.99
2019-10-17 09:41:13,162 - VO - NL - MARKTPLAATS - 2019-10-01 00:00:00 - ERROR - FILE_VALIDATE - expect_column_values_to_be_phone_number - TELEPHONE - True - 1
2019-10-17 09:41:13,162 - VO - NL - MARKTPLAATS - 2019-10-01 00:00:00 - ERROR - STAT - expect_column_values_to_not_be_null - TYPE - correctly filled rate (%) - 100.0
2019-10-17 09:41:13,162 - VO - NL - MARKTPLAATS - 2019-10-01 00:00:00 - ERROR - FILE_VALIDATE - expect_column_values_to_not_be_null - TYPE - True - 1
2019-10-17 09:41:13,162 - VO - NL - MARKTPLAATS - 2019-10-01 00:00:00 - ERROR - STAT - expect_column_values_to_be_in_set_2 - TYPE - observed proportion - 100.0
2019-10-17 09:41:13,162 - VO - NL - MARKTPLAATS - 2019-10-01 00:00:00 - ERROR - STAT - expect_column_values_to_not_be_null - VILLE - correctly filled rate (%) - 100.0
2019-10-17 09:41:13,162 - VO - NL - MARKTPLAATS - 2019-10-01 00:00:00 - ERROR - FILE_VALIDATE - expect_column_values_to_not_be_null - VILLE - True - 1
2019-10-17 09:41:13,162 - VO - NL - MARKTPLAATS - 2019-10-01 00:00:00 - ERROR - STAT - expect_column_values_to_not_be_null - VN_IND - correctly filled rate (%) - 100.0
2019-10-17 09:41:13,162 - VO - NL - MARKTPLAATS - 2019-10-01 00:00:00 - ERROR - FILE_VALIDATE - expect_column_values_to_not_be_null - VN_IND - True - 1
2019-10-17 09:41:13,163 - VO - NL - MARKTPLAATS - 2019-10-01 00:00:00 - ERROR - STAT - expect_column_values_to_be_in_set - VN_IND - correctly filled rate (%) - 100.0
2019-10-17 09:41:13,163 - VO - NL - MARKTPLAATS - 2019-10-01 00:00:00 - ERROR - FILE_VALIDATE - expect_column_values_to_be_in_set - VN_IND - True - 1
2019-10-17 09:41:13,163 - VO - NL - MARKTPLAATS - 2019-10-01 00:00:00 - ERROR - STAT - expect_returning_row_count_on_conditions - DEALER_USEDCARS - total number of row with conditions - 174627
2019-10-17 09:41:13,163 - VO - NL - MARKTPLAATS - 2019-10-01 00:00:00 - ERROR - STAT - expect_returning_row_count_on_conditions - PRIVATE_USEDCARS - total number of row with conditions - 34465
2019-10-17 09:41:13,163 - VO - NL - MARKTPLAATS - 2019-10-01 00:00:00 - ERROR - STAT - expect_returning_row_unique_count - MARQUE_CORRECTED - total number of unique rows - 497
2019-10-17 09:41:13,163 - VO - NL - MARKTPLAATS - 2019-10-01 00:00:00 - ERROR - STAT - expect_returning_row_unique_count - MODELE_CORRECTED - total number of unique rows - 1353
2019-10-17 09:41:13,163 - VO - NL - MARKTPLAATS - 2019-10-01 00:00:00 - ERROR - STAT - expect_returning_row_unique_count - CARROSSERIE - total number of unique rows - 54
2019-10-17 09:41:13,163 - VO - NL - MARKTPLAATS - 2019-10-01 00:00:00 - ERROR - STAT - expect_returning_row_unique_count - CARBURANT - total number of unique rows - 9
2019-10-17 09:41:13,163 - VO - NL - MARKTPLAATS - 2019-10-01 00:00:00 - ERROR - STAT - expect_column_values_to_not_be_null - CYLINDRE - correctly filled rate (%) - 96.95
2019-10-17 09:41:13,163 - VO - NL - MARKTPLAATS - 2019-10-01 00:00:00 - ERROR - FILE_VALIDATE - expect_column_values_to_not_be_null - CYLINDRE - True - 1
2019-10-17 09:41:13,163 - VO - NL - MARKTPLAATS - 2019-10-01 00:00:00 - ERROR - FILE_CHECK - expect_column_values_to_be_in_type_list - CYLINDRE - Wrong type for value: 5420.0 on line 9 should be in ['int']
2019-10-17 09:41:13,163 - VO - NL - MARKTPLAATS - 2019-10-01 00:00:00 - ERROR - FILE_CHECK - expect_column_values_to_be_in_type_list - CYLINDRE - Wrong type for value: 1598.0 on line 10 should be in ['int']
2019-10-17 09:41:13,163 - VO - NL - MARKTPLAATS - 2019-10-01 00:00:00 - ERROR - FILE_CHECK - expect_column_values_to_be_in_type_list - CYLINDRE - Wrong type for value: 1.8 on line 12 should be in ['int']
2019-10-17 09:41:13,163 - VO - NL - MARKTPLAATS - 2019-10-01 00:00:00 - ERROR - FILE_CHECK - expect_column_values_to_be_in_type_list - CYLINDRE - Wrong type for value: 400.0 on line 14 should be in ['int']
2019-10-17 09:41:13,163 - VO - NL - MARKTPLAATS - 2019-10-01 00:00:00 - ERROR - FILE_CHECK - expect_column_values_to_be_in_type_list - CYLINDRE - Wrong type for value: 1298.0 on line 15 should be in ['int']
2019-10-17 09:41:13,163 - VO - NL - MARKTPLAATS - 2019-10-01 00:00:00 - ERROR - FILE_CHECK - expect_column_values_to_be_in_type_list - CYLINDRE - Wrong type for value: 1398.0 on line 16 should be in ['int']
2019-10-17 09:41:13,163 - VO - NL - MARKTPLAATS - 2019-10-01 00:00:00 - ERROR - FILE_CHECK - expect_column_values_to_be_in_type_list - CYLINDRE - Wrong type for value: 1398.0 on line 17 should be in ['int']
2019-10-17 09:41:13,164 - VO - NL - MARKTPLAATS - 2019-10-01 00:00:00 - ERROR - FILE_CHECK - expect_column_values_to_be_in_type_list - CYLINDRE - Wrong type for value: 1598.0 on line 18 should be in ['int']
2019-10-17 09:41:13,164 - VO - NL - MARKTPLAATS - 2019-10-01 00:00:00 - ERROR - FILE_CHECK - expect_column_values_to_be_in_type_list - CYLINDRE - Wrong type for value: 1198.0 on line 19 should be in ['int']
2019-10-17 09:41:13,164 - VO - NL - MARKTPLAATS - 2019-10-01 00:00:00 - ERROR - FILE_CHECK - expect_column_values_to_be_in_type_list - CYLINDRE - Wrong type for value: 1198.0 on line 20 should be in ['int']
2019-10-17 09:41:13,164 - VO - NL - MARKTPLAATS - 2019-10-01 00:00:00 - ERROR - FILE_CHECK - expect_column_values_to_be_in_type_list - CYLINDRE - Wrong type for value: 1998.0 on line 21 should be in ['int']
2019-10-17 09:41:13,164 - VO - NL - MARKTPLAATS - 2019-10-01 00:00:00 - ERROR - FILE_CHECK - expect_column_values_to_be_in_type_list - CYLINDRE - Wrong type for value: 1598.0 on line 22 should be in ['int']
2019-10-17 09:41:13,164 - VO - NL - MARKTPLAATS - 2019-10-01 00:00:00 - ERROR - FILE_CHECK - expect_column_values_to_be_in_type_list - CYLINDRE - Wrong type for value: 1598.0 on line 23 should be in ['int']
2019-10-17 09:41:13,164 - VO - NL - MARKTPLAATS - 2019-10-01 00:00:00 - ERROR - FILE_CHECK - expect_column_values_to_be_in_type_list - CYLINDRE - Wrong type for value: 1398.0 on line 24 should be in ['int']
2019-10-17 09:41:13,164 - VO - NL - MARKTPLAATS - 2019-10-01 00:00:00 - ERROR - FILE_CHECK - expect_column_values_to_be_in_type_list - CYLINDRE - Wrong type for value: 1198.0 on line 25 should be in ['int']
2019-10-17 09:41:13,164 - VO - NL - MARKTPLAATS - 2019-10-01 00:00:00 - ERROR - FILE_CHECK - expect_column_values_to_be_in_type_list - CYLINDRE - Wrong type for value: 1598.0 on line 26 should be in ['int']
2019-10-17 09:41:13,164 - VO - NL - MARKTPLAATS - 2019-10-01 00:00:00 - ERROR - FILE_CHECK - expect_column_values_to_be_in_type_list - CYLINDRE - Wrong type for value: 1398.0 on line 27 should be in ['int']
2019-10-17 09:41:13,164 - VO - NL - MARKTPLAATS - 2019-10-01 00:00:00 - ERROR - FILE_CHECK - expect_column_values_to_be_in_type_list - CYLINDRE - Wrong type for value: 1998.0 on line 28 should be in ['int']
2019-10-17 09:41:13,164 - VO - NL - MARKTPLAATS - 2019-10-01 00:00:00 - ERROR - FILE_CHECK - expect_column_values_to_be_in_type_list - CYLINDRE - Wrong type for value: 1.8 on line 29 should be in ['int']
2019-10-17 09:41:13,164 - VO - NL - MARKTPLAATS - 2019-10-01 00:00:00 - ERROR - FILE_CHECK - expect_column_values_to_be_in_type_list - CYLINDRE - Wrong type for value: 1968.0 on line 30 should be in ['int']
2019-10-17 09:41:13,164 - VO - NL - MARKTPLAATS - 2019-10-01 00:00:00 - ERROR - STAT - expect_column_values_to_be_in_type_list - CYLINDRE - correctly filled rate (%) - 0.0
2019-10-17 09:41:13,164 - VO - NL - MARKTPLAATS - 2019-10-01 00:00:00 - ERROR - FILE_VALIDATE - expect_column_values_to_be_in_type_list - CYLINDRE - False - 0
2019-10-17 09:41:13,164 - VO - NL - MARKTPLAATS - 2019-10-01 00:00:00 - ERROR - STAT - expect_returning_row_unique_count - PROVINCE - total number of unique rows - 0
2019-10-17 09:41:13,164 - VO - NL - MARKTPLAATS - 2019-10-01 00:00:00 - ERROR - STAT - expect_returning_row_unique_count - VILLE - total number of unique rows - 2009
2019-10-17 09:41:13,164 - VO - NL - MARKTPLAATS - 2019-10-01 00:00:00 - ERROR - STAT - expect_returning_row_unique_count - DEPARTEMENT - total number of unique rows - 0
