2019-11-23 05:35:27,593 - VO - AT - BAZAR - 2019-11-01 00:00:00 - ERROR - FILE_VALIDATE - expect_file_to_be_validated - EVERY_COLUMNS - False - 0
2019-11-23 05:35:27,594 - VO - AT - BAZAR - 2019-11-01 00:00:00 - ERROR - STAT - expect_column_values_to_not_be_null - ADRESSE - correctly filled rate (%) - 99.98
2019-11-23 05:35:27,594 - VO - AT - BAZAR - 2019-11-01 00:00:00 - ERROR - FILE_VALIDATE - expect_column_values_to_not_be_null - ADRESSE - True - 1
2019-11-23 05:35:27,594 - VO - AT - BAZAR - 2019-11-01 00:00:00 - ERROR - STAT - expect_column_values_to_be_in_type_list - ANNEE - correctly filled rate (%) - 100.0
2019-11-23 05:35:27,594 - VO - AT - BAZAR - 2019-11-01 00:00:00 - ERROR - FILE_VALIDATE - expect_column_values_to_be_in_type_list - ANNEE - True - 1
2019-11-23 05:35:27,594 - VO - AT - BAZAR - 2019-11-01 00:00:00 - ERROR - FILE_CHECK - expect_column_values_to_be_between - ANNEE - Unexpected value: 1968 on line 1, value should be between 1980 and 2019
2019-11-23 05:35:27,594 - VO - AT - BAZAR - 2019-11-01 00:00:00 - ERROR - FILE_CHECK - expect_column_values_to_be_between - ANNEE - Unexpected value: 1979 on line 36, value should be between 1980 and 2019
2019-11-23 05:35:27,594 - VO - AT - BAZAR - 2019-11-01 00:00:00 - ERROR - FILE_CHECK - expect_column_values_to_be_between - ANNEE - Unexpected value: 0 on line 39, value should be between 1980 and 2019
2019-11-23 05:35:27,594 - VO - AT - BAZAR - 2019-11-01 00:00:00 - ERROR - FILE_CHECK - expect_column_values_to_be_between - ANNEE - Unexpected value: 1975 on line 62, value should be between 1980 and 2019
2019-11-23 05:35:27,594 - VO - AT - BAZAR - 2019-11-01 00:00:00 - ERROR - FILE_CHECK - expect_column_values_to_be_between - ANNEE - Unexpected value: 1966 on line 101, value should be between 1980 and 2019
2019-11-23 05:35:27,594 - VO - AT - BAZAR - 2019-11-01 00:00:00 - ERROR - FILE_CHECK - expect_column_values_to_be_between - ANNEE - Unexpected value: 1973 on line 103, value should be between 1980 and 2019
2019-11-23 05:35:27,594 - VO - AT - BAZAR - 2019-11-01 00:00:00 - ERROR - FILE_CHECK - expect_column_values_to_be_between - ANNEE - Unexpected value: 1926 on line 115, value should be between 1980 and 2019
2019-11-23 05:35:27,594 - VO - AT - BAZAR - 2019-11-01 00:00:00 - ERROR - FILE_CHECK - expect_column_values_to_be_between - ANNEE - Unexpected value: 1969 on line 136, value should be between 1980 and 2019
2019-11-23 05:35:27,594 - VO - AT - BAZAR - 2019-11-01 00:00:00 - ERROR - FILE_CHECK - expect_column_values_to_be_between - ANNEE - Unexpected value: 0 on line 140, value should be between 1980 and 2019
2019-11-23 05:35:27,594 - VO - AT - BAZAR - 2019-11-01 00:00:00 - ERROR - FILE_CHECK - expect_column_values_to_be_between - ANNEE - Unexpected value: 1957 on line 144, value should be between 1980 and 2019
2019-11-23 05:35:27,594 - VO - AT - BAZAR - 2019-11-01 00:00:00 - ERROR - FILE_CHECK - expect_column_values_to_be_between - ANNEE - Unexpected value: 0 on line 148, value should be between 1980 and 2019
2019-11-23 05:35:27,594 - VO - AT - BAZAR - 2019-11-01 00:00:00 - ERROR - FILE_CHECK - expect_column_values_to_be_between - ANNEE - Unexpected value: 1977 on line 159, value should be between 1980 and 2019
2019-11-23 05:35:27,595 - VO - AT - BAZAR - 2019-11-01 00:00:00 - ERROR - FILE_CHECK - expect_column_values_to_be_between - ANNEE - Unexpected value: 1972 on line 163, value should be between 1980 and 2019
2019-11-23 05:35:27,595 - VO - AT - BAZAR - 2019-11-01 00:00:00 - ERROR - FILE_CHECK - expect_column_values_to_be_between - ANNEE - Unexpected value: 0 on line 166, value should be between 1980 and 2019
2019-11-23 05:35:27,595 - VO - AT - BAZAR - 2019-11-01 00:00:00 - ERROR - FILE_CHECK - expect_column_values_to_be_between - ANNEE - Unexpected value: 1950 on line 172, value should be between 1980 and 2019
2019-11-23 05:35:27,595 - VO - AT - BAZAR - 2019-11-01 00:00:00 - ERROR - FILE_CHECK - expect_column_values_to_be_between - ANNEE - Unexpected value: 0 on line 180, value should be between 1980 and 2019
2019-11-23 05:35:27,595 - VO - AT - BAZAR - 2019-11-01 00:00:00 - ERROR - FILE_CHECK - expect_column_values_to_be_between - ANNEE - Unexpected value: 0 on line 195, value should be between 1980 and 2019
2019-11-23 05:35:27,595 - VO - AT - BAZAR - 2019-11-01 00:00:00 - ERROR - FILE_CHECK - expect_column_values_to_be_between - ANNEE - Unexpected value: 0 on line 204, value should be between 1980 and 2019
2019-11-23 05:35:27,595 - VO - AT - BAZAR - 2019-11-01 00:00:00 - ERROR - FILE_CHECK - expect_column_values_to_be_between - ANNEE - Unexpected value: 0 on line 241, value should be between 1980 and 2019
2019-11-23 05:35:27,595 - VO - AT - BAZAR - 2019-11-01 00:00:00 - ERROR - FILE_CHECK - expect_column_values_to_be_between - ANNEE - Unexpected value: 0 on line 251, value should be between 1980 and 2019
2019-11-23 05:35:27,595 - VO - AT - BAZAR - 2019-11-01 00:00:00 - ERROR - STAT - expect_column_values_to_be_between - ANNEE - correctly filled rate (%) - 80.82
2019-11-23 05:35:27,595 - VO - AT - BAZAR - 2019-11-01 00:00:00 - ERROR - STAT - expect_column_values_to_be_between - ANNEE - unexpected count - 1039
2019-11-23 05:35:27,595 - VO - AT - BAZAR - 2019-11-01 00:00:00 - ERROR - FILE_VALIDATE - expect_column_values_to_be_between - ANNEE - False - 0
2019-11-23 05:35:27,595 - VO - AT - BAZAR - 2019-11-01 00:00:00 - ERROR - STAT - expect_column_values_to_not_be_null - ANNEE - correctly filled rate (%) - 100.0
2019-11-23 05:35:27,595 - VO - AT - BAZAR - 2019-11-01 00:00:00 - ERROR - FILE_VALIDATE - expect_column_values_to_not_be_null - ANNEE - True - 1
2019-11-23 05:35:27,595 - VO - AT - BAZAR - 2019-11-01 00:00:00 - ERROR - FILE_CHECK - expect_column_values_to_match_regex - ANNEE - Unexpected value: 0 on line 39, value should match regexp ^[0-9]{4}$
2019-11-23 05:35:27,595 - VO - AT - BAZAR - 2019-11-01 00:00:00 - ERROR - FILE_CHECK - expect_column_values_to_match_regex - ANNEE - Unexpected value: 0 on line 140, value should match regexp ^[0-9]{4}$
2019-11-23 05:35:27,595 - VO - AT - BAZAR - 2019-11-01 00:00:00 - ERROR - FILE_CHECK - expect_column_values_to_match_regex - ANNEE - Unexpected value: 0 on line 148, value should match regexp ^[0-9]{4}$
2019-11-23 05:35:27,595 - VO - AT - BAZAR - 2019-11-01 00:00:00 - ERROR - FILE_CHECK - expect_column_values_to_match_regex - ANNEE - Unexpected value: 0 on line 166, value should match regexp ^[0-9]{4}$
2019-11-23 05:35:27,595 - VO - AT - BAZAR - 2019-11-01 00:00:00 - ERROR - FILE_CHECK - expect_column_values_to_match_regex - ANNEE - Unexpected value: 0 on line 180, value should match regexp ^[0-9]{4}$
2019-11-23 05:35:27,595 - VO - AT - BAZAR - 2019-11-01 00:00:00 - ERROR - FILE_CHECK - expect_column_values_to_match_regex - ANNEE - Unexpected value: 0 on line 195, value should match regexp ^[0-9]{4}$
2019-11-23 05:35:27,596 - VO - AT - BAZAR - 2019-11-01 00:00:00 - ERROR - FILE_CHECK - expect_column_values_to_match_regex - ANNEE - Unexpected value: 0 on line 204, value should match regexp ^[0-9]{4}$
2019-11-23 05:35:27,596 - VO - AT - BAZAR - 2019-11-01 00:00:00 - ERROR - FILE_CHECK - expect_column_values_to_match_regex - ANNEE - Unexpected value: 0 on line 241, value should match regexp ^[0-9]{4}$
2019-11-23 05:35:27,596 - VO - AT - BAZAR - 2019-11-01 00:00:00 - ERROR - FILE_CHECK - expect_column_values_to_match_regex - ANNEE - Unexpected value: 0 on line 251, value should match regexp ^[0-9]{4}$
2019-11-23 05:35:27,596 - VO - AT - BAZAR - 2019-11-01 00:00:00 - ERROR - FILE_CHECK - expect_column_values_to_match_regex - ANNEE - Unexpected value: 0 on line 271, value should match regexp ^[0-9]{4}$
2019-11-23 05:35:27,596 - VO - AT - BAZAR - 2019-11-01 00:00:00 - ERROR - FILE_CHECK - expect_column_values_to_match_regex - ANNEE - Unexpected value: 0 on line 277, value should match regexp ^[0-9]{4}$
2019-11-23 05:35:27,596 - VO - AT - BAZAR - 2019-11-01 00:00:00 - ERROR - FILE_CHECK - expect_column_values_to_match_regex - ANNEE - Unexpected value: 0 on line 288, value should match regexp ^[0-9]{4}$
2019-11-23 05:35:27,596 - VO - AT - BAZAR - 2019-11-01 00:00:00 - ERROR - FILE_CHECK - expect_column_values_to_match_regex - ANNEE - Unexpected value: 0 on line 346, value should match regexp ^[0-9]{4}$
2019-11-23 05:35:27,596 - VO - AT - BAZAR - 2019-11-01 00:00:00 - ERROR - FILE_CHECK - expect_column_values_to_match_regex - ANNEE - Unexpected value: 0 on line 348, value should match regexp ^[0-9]{4}$
2019-11-23 05:35:27,596 - VO - AT - BAZAR - 2019-11-01 00:00:00 - ERROR - FILE_CHECK - expect_column_values_to_match_regex - ANNEE - Unexpected value: 0 on line 458, value should match regexp ^[0-9]{4}$
2019-11-23 05:35:27,596 - VO - AT - BAZAR - 2019-11-01 00:00:00 - ERROR - FILE_CHECK - expect_column_values_to_match_regex - ANNEE - Unexpected value: 0 on line 461, value should match regexp ^[0-9]{4}$
2019-11-23 05:35:27,596 - VO - AT - BAZAR - 2019-11-01 00:00:00 - ERROR - FILE_CHECK - expect_column_values_to_match_regex - ANNEE - Unexpected value: 0 on line 498, value should match regexp ^[0-9]{4}$
2019-11-23 05:35:27,596 - VO - AT - BAZAR - 2019-11-01 00:00:00 - ERROR - FILE_CHECK - expect_column_values_to_match_regex - ANNEE - Unexpected value: 0 on line 533, value should match regexp ^[0-9]{4}$
2019-11-23 05:35:27,596 - VO - AT - BAZAR - 2019-11-01 00:00:00 - ERROR - FILE_CHECK - expect_column_values_to_match_regex - ANNEE - Unexpected value: 0 on line 539, value should match regexp ^[0-9]{4}$
2019-11-23 05:35:27,596 - VO - AT - BAZAR - 2019-11-01 00:00:00 - ERROR - FILE_CHECK - expect_column_values_to_match_regex - ANNEE - Unexpected value: 0 on line 562, value should match regexp ^[0-9]{4}$
2019-11-23 05:35:27,596 - VO - AT - BAZAR - 2019-11-01 00:00:00 - ERROR - STAT - expect_column_values_to_match_regex - ANNEE - correctly filled rate (%) - 82.57
2019-11-23 05:35:27,596 - VO - AT - BAZAR - 2019-11-01 00:00:00 - ERROR - FILE_VALIDATE - expect_column_values_to_match_regex - ANNEE - False - 0
2019-11-23 05:35:27,596 - VO - AT - BAZAR - 2019-11-01 00:00:00 - ERROR - STAT - expect_column_values_to_not_be_null - ANNONCE_LINK - correctly filled rate (%) - 100.0
2019-11-23 05:35:27,597 - VO - AT - BAZAR - 2019-11-01 00:00:00 - ERROR - FILE_VALIDATE - expect_column_values_to_not_be_null - ANNONCE_LINK - True - 1
2019-11-23 05:35:27,597 - VO - AT - BAZAR - 2019-11-01 00:00:00 - ERROR - STAT - expect_column_values_to_be_unique - ANNONCE_LINK - observed proportion - 100.0
2019-11-23 05:35:27,597 - VO - AT - BAZAR - 2019-11-01 00:00:00 - ERROR - FILE_VALIDATE - expect_column_values_to_be_unique - ANNONCE_LINK - True - 1
2019-11-23 05:35:27,597 - VO - AT - BAZAR - 2019-11-01 00:00:00 - ERROR - STAT - expect_column_values_to_not_be_null - CARBURANT - correctly filled rate (%) - 73.82
2019-11-23 05:35:27,597 - VO - AT - BAZAR - 2019-11-01 00:00:00 - ERROR - FILE_VALIDATE - expect_column_values_to_not_be_null - CARBURANT - False - 0
2019-11-23 05:35:27,597 - VO - AT - BAZAR - 2019-11-01 00:00:00 - ERROR - STAT - expect_column_values_to_not_be_null - CARROSSERIE - correctly filled rate (%) - 0.0
2019-11-23 05:35:27,597 - VO - AT - BAZAR - 2019-11-01 00:00:00 - ERROR - FILE_VALIDATE - expect_column_values_to_not_be_null - CARROSSERIE - False - 0
2019-11-23 05:35:27,597 - VO - AT - BAZAR - 2019-11-01 00:00:00 - ERROR - STAT - expect_column_values_to_not_be_null - CP - correctly filled rate (%) - 98.28
2019-11-23 05:35:27,597 - VO - AT - BAZAR - 2019-11-01 00:00:00 - ERROR - FILE_VALIDATE - expect_column_values_to_not_be_null - CP - True - 1
2019-11-23 05:35:27,597 - VO - AT - BAZAR - 2019-11-01 00:00:00 - ERROR - STAT - expect_column_values_to_match_regex - CP - correctly filled rate (%) - 100.0
2019-11-23 05:35:27,597 - VO - AT - BAZAR - 2019-11-01 00:00:00 - ERROR - FILE_VALIDATE - expect_column_values_to_match_regex - CP - True - 1
2019-11-23 05:35:27,597 - VO - AT - BAZAR - 2019-11-01 00:00:00 - ERROR - STAT - expect_column_values_to_not_be_null - GARAGE_ID - correctly filled rate (%) - 0.0
2019-11-23 05:35:27,597 - VO - AT - BAZAR - 2019-11-01 00:00:00 - ERROR - FILE_VALIDATE - expect_column_values_to_not_be_null - GARAGE_ID - False - 0
2019-11-23 05:35:27,597 - VO - AT - BAZAR - 2019-11-01 00:00:00 - ERROR - STAT - expect_column_values_to_not_be_null - ID_CLIENT - correctly filled rate (%) - 100.0
2019-11-23 05:35:27,598 - VO - AT - BAZAR - 2019-11-01 00:00:00 - ERROR - FILE_VALIDATE - expect_column_values_to_not_be_null - ID_CLIENT - True - 1
2019-11-23 05:35:27,598 - VO - AT - BAZAR - 2019-11-01 00:00:00 - ERROR - STAT - expect_column_values_to_be_unique - ID_CLIENT - observed proportion - 100.0
2019-11-23 05:35:27,598 - VO - AT - BAZAR - 2019-11-01 00:00:00 - ERROR - FILE_VALIDATE - expect_column_values_to_be_unique - ID_CLIENT - True - 1
2019-11-23 05:35:27,598 - VO - AT - BAZAR - 2019-11-01 00:00:00 - ERROR - STAT - expect_returning_row_count - EVERY_COLUMNS - total number of rows - 5416
2019-11-23 05:35:27,598 - VO - AT - BAZAR - 2019-11-01 00:00:00 - ERROR - STAT - expect_column_values_to_not_be_null - IMMAT - correctly filled rate (%) - 100.0
2019-11-23 05:35:27,598 - VO - AT - BAZAR - 2019-11-01 00:00:00 - ERROR - FILE_VALIDATE - expect_column_values_to_not_be_null - IMMAT - True - 1
2019-11-23 05:35:27,598 - VO - AT - BAZAR - 2019-11-01 00:00:00 - ERROR - STAT - expect_column_values_to_be_in_type_list - KM - correctly filled rate (%) - 100.0
2019-11-23 05:35:27,598 - VO - AT - BAZAR - 2019-11-01 00:00:00 - ERROR - FILE_VALIDATE - expect_column_values_to_be_in_type_list - KM - True - 1
2019-11-23 05:35:27,598 - VO - AT - BAZAR - 2019-11-01 00:00:00 - ERROR - STAT - expect_column_values_to_not_be_null - KM - correctly filled rate (%) - 100.0
2019-11-23 05:35:27,598 - VO - AT - BAZAR - 2019-11-01 00:00:00 - ERROR - FILE_VALIDATE - expect_column_values_to_not_be_null - KM - True - 1
2019-11-23 05:35:27,598 - VO - AT - BAZAR - 2019-11-01 00:00:00 - ERROR - STAT - expect_column_values_to_be_in_type_list - LITRE - correctly filled rate (%) - 100.0
2019-11-23 05:35:27,598 - VO - AT - BAZAR - 2019-11-01 00:00:00 - ERROR - FILE_VALIDATE - expect_column_values_to_be_in_type_list - LITRE - True - 1
2019-11-23 05:35:27,598 - VO - AT - BAZAR - 2019-11-01 00:00:00 - ERROR - STAT - expect_column_values_to_not_be_null - LITRE - correctly filled rate (%) - 100.0
2019-11-23 05:35:27,598 - VO - AT - BAZAR - 2019-11-01 00:00:00 - ERROR - FILE_VALIDATE - expect_column_values_to_not_be_null - LITRE - True - 1
2019-11-23 05:35:27,598 - VO - AT - BAZAR - 2019-11-01 00:00:00 - ERROR - STAT - expect_column_values_to_not_be_null - MARQUE - correctly filled rate (%) - 68.69
2019-11-23 05:35:27,599 - VO - AT - BAZAR - 2019-11-01 00:00:00 - ERROR - FILE_VALIDATE - expect_column_values_to_not_be_null - MARQUE - False - 0
2019-11-23 05:35:27,599 - VO - AT - BAZAR - 2019-11-01 00:00:00 - ERROR - STAT - expect_column_values_to_not_be_null - MODELE - correctly filled rate (%) - 65.66
2019-11-23 05:35:27,599 - VO - AT - BAZAR - 2019-11-01 00:00:00 - ERROR - FILE_VALIDATE - expect_column_values_to_not_be_null - MODELE - False - 0
2019-11-23 05:35:27,599 - VO - AT - BAZAR - 2019-11-01 00:00:00 - ERROR - STAT - expect_column_values_to_not_be_null - MOIS - correctly filled rate (%) - 100.0
2019-11-23 05:35:27,599 - VO - AT - BAZAR - 2019-11-01 00:00:00 - ERROR - FILE_VALIDATE - expect_column_values_to_not_be_null - MOIS - True - 1
2019-11-23 05:35:27,599 - VO - AT - BAZAR - 2019-11-01 00:00:00 - ERROR - FILE_CHECK - expect_column_values_to_be_between - MOIS - Unexpected value: 0 on line 39, value should be between 1 and 12
2019-11-23 05:35:27,599 - VO - AT - BAZAR - 2019-11-01 00:00:00 - ERROR - FILE_CHECK - expect_column_values_to_be_between - MOIS - Unexpected value: 0 on line 41, value should be between 1 and 12
2019-11-23 05:35:27,599 - VO - AT - BAZAR - 2019-11-01 00:00:00 - ERROR - FILE_CHECK - expect_column_values_to_be_between - MOIS - Unexpected value: 0 on line 71, value should be between 1 and 12
2019-11-23 05:35:27,599 - VO - AT - BAZAR - 2019-11-01 00:00:00 - ERROR - FILE_CHECK - expect_column_values_to_be_between - MOIS - Unexpected value: 0 on line 74, value should be between 1 and 12
2019-11-23 05:35:27,599 - VO - AT - BAZAR - 2019-11-01 00:00:00 - ERROR - FILE_CHECK - expect_column_values_to_be_between - MOIS - Unexpected value: 0 on line 87, value should be between 1 and 12
2019-11-23 05:35:27,599 - VO - AT - BAZAR - 2019-11-01 00:00:00 - ERROR - FILE_CHECK - expect_column_values_to_be_between - MOIS - Unexpected value: 0 on line 99, value should be between 1 and 12
2019-11-23 05:35:27,599 - VO - AT - BAZAR - 2019-11-01 00:00:00 - ERROR - FILE_CHECK - expect_column_values_to_be_between - MOIS - Unexpected value: 0 on line 112, value should be between 1 and 12
2019-11-23 05:35:27,599 - VO - AT - BAZAR - 2019-11-01 00:00:00 - ERROR - FILE_CHECK - expect_column_values_to_be_between - MOIS - Unexpected value: 0 on line 130, value should be between 1 and 12
2019-11-23 05:35:27,599 - VO - AT - BAZAR - 2019-11-01 00:00:00 - ERROR - FILE_CHECK - expect_column_values_to_be_between - MOIS - Unexpected value: 0 on line 140, value should be between 1 and 12
2019-11-23 05:35:27,599 - VO - AT - BAZAR - 2019-11-01 00:00:00 - ERROR - FILE_CHECK - expect_column_values_to_be_between - MOIS - Unexpected value: 0 on line 148, value should be between 1 and 12
2019-11-23 05:35:27,599 - VO - AT - BAZAR - 2019-11-01 00:00:00 - ERROR - FILE_CHECK - expect_column_values_to_be_between - MOIS - Unexpected value: 0 on line 154, value should be between 1 and 12
2019-11-23 05:35:27,600 - VO - AT - BAZAR - 2019-11-01 00:00:00 - ERROR - FILE_CHECK - expect_column_values_to_be_between - MOIS - Unexpected value: 0 on line 166, value should be between 1 and 12
2019-11-23 05:35:27,600 - VO - AT - BAZAR - 2019-11-01 00:00:00 - ERROR - FILE_CHECK - expect_column_values_to_be_between - MOIS - Unexpected value: 0 on line 180, value should be between 1 and 12
2019-11-23 05:35:27,600 - VO - AT - BAZAR - 2019-11-01 00:00:00 - ERROR - FILE_CHECK - expect_column_values_to_be_between - MOIS - Unexpected value: 0 on line 193, value should be between 1 and 12
2019-11-23 05:35:27,600 - VO - AT - BAZAR - 2019-11-01 00:00:00 - ERROR - FILE_CHECK - expect_column_values_to_be_between - MOIS - Unexpected value: 0 on line 195, value should be between 1 and 12
2019-11-23 05:35:27,600 - VO - AT - BAZAR - 2019-11-01 00:00:00 - ERROR - FILE_CHECK - expect_column_values_to_be_between - MOIS - Unexpected value: 0 on line 204, value should be between 1 and 12
2019-11-23 05:35:27,600 - VO - AT - BAZAR - 2019-11-01 00:00:00 - ERROR - FILE_CHECK - expect_column_values_to_be_between - MOIS - Unexpected value: 0 on line 223, value should be between 1 and 12
2019-11-23 05:35:27,600 - VO - AT - BAZAR - 2019-11-01 00:00:00 - ERROR - FILE_CHECK - expect_column_values_to_be_between - MOIS - Unexpected value: 0 on line 230, value should be between 1 and 12
2019-11-23 05:35:27,600 - VO - AT - BAZAR - 2019-11-01 00:00:00 - ERROR - FILE_CHECK - expect_column_values_to_be_between - MOIS - Unexpected value: 0 on line 241, value should be between 1 and 12
2019-11-23 05:35:27,600 - VO - AT - BAZAR - 2019-11-01 00:00:00 - ERROR - FILE_CHECK - expect_column_values_to_be_between - MOIS - Unexpected value: 0 on line 251, value should be between 1 and 12
2019-11-23 05:35:27,600 - VO - AT - BAZAR - 2019-11-01 00:00:00 - ERROR - STAT - expect_column_values_to_be_between - MOIS - correctly filled rate (%) - 68.08
2019-11-23 05:35:27,600 - VO - AT - BAZAR - 2019-11-01 00:00:00 - ERROR - STAT - expect_column_values_to_be_between - MOIS - unexpected count - 1729
2019-11-23 05:35:27,600 - VO - AT - BAZAR - 2019-11-01 00:00:00 - ERROR - FILE_VALIDATE - expect_column_values_to_be_between - MOIS - False - 0
2019-11-23 05:35:27,600 - VO - AT - BAZAR - 2019-11-01 00:00:00 - ERROR - STAT - expect_column_values_to_match_regex - MOIS - correctly filled rate (%) - 100.0
2019-11-23 05:35:27,600 - VO - AT - BAZAR - 2019-11-01 00:00:00 - ERROR - FILE_VALIDATE - expect_column_values_to_match_regex - MOIS - True - 1
2019-11-23 05:35:27,600 - VO - AT - BAZAR - 2019-11-01 00:00:00 - ERROR - STAT - expect_column_values_to_not_be_null - NOM - correctly filled rate (%) - 100.0
2019-11-23 05:35:27,600 - VO - AT - BAZAR - 2019-11-01 00:00:00 - ERROR - FILE_VALIDATE - expect_column_values_to_not_be_null - NOM - True - 1
2019-11-23 05:35:27,600 - VO - AT - BAZAR - 2019-11-01 00:00:00 - ERROR - FILE_CHECK - expect_column_value_lengths_to_be_between - NOM - Unexpected characters count of: [VW Golf...] on line  106, value length should be between 10 and 255
2019-11-23 05:35:27,600 - VO - AT - BAZAR - 2019-11-01 00:00:00 - ERROR - FILE_CHECK - expect_column_value_lengths_to_be_between - NOM - Unexpected characters count of: [Volvo S60...] on line  131, value length should be between 10 and 255
2019-11-23 05:35:27,600 - VO - AT - BAZAR - 2019-11-01 00:00:00 - ERROR - FILE_CHECK - expect_column_value_lengths_to_be_between - NOM - Unexpected characters count of: [Oldtimer...] on line  136, value length should be between 10 and 255
2019-11-23 05:35:27,601 - VO - AT - BAZAR - 2019-11-01 00:00:00 - ERROR - FILE_CHECK - expect_column_value_lengths_to_be_between - NOM - Unexpected characters count of: [VW T4...] on line  138, value length should be between 10 and 255
2019-11-23 05:35:27,601 - VO - AT - BAZAR - 2019-11-01 00:00:00 - ERROR - FILE_CHECK - expect_column_value_lengths_to_be_between - NOM - Unexpected characters count of: [BMW 116 i...] on line  153, value length should be between 10 and 255
2019-11-23 05:35:27,601 - VO - AT - BAZAR - 2019-11-01 00:00:00 - ERROR - FILE_CHECK - expect_column_value_lengths_to_be_between - NOM - Unexpected characters count of: [Verkauf...] on line  156, value length should be between 10 and 255
2019-11-23 05:35:27,601 - VO - AT - BAZAR - 2019-11-01 00:00:00 - ERROR - FILE_CHECK - expect_column_value_lengths_to_be_between - NOM - Unexpected characters count of: [Audi 80...] on line  163, value length should be between 10 and 255
2019-11-23 05:35:27,601 - VO - AT - BAZAR - 2019-11-01 00:00:00 - ERROR - FILE_CHECK - expect_column_value_lengths_to_be_between - NOM - Unexpected characters count of: [Ford lu...] on line  179, value length should be between 10 and 255
2019-11-23 05:35:27,601 - VO - AT - BAZAR - 2019-11-01 00:00:00 - ERROR - FILE_CHECK - expect_column_value_lengths_to_be_between - NOM - Unexpected characters count of: [Peugeot...] on line  182, value length should be between 10 and 255
2019-11-23 05:35:27,601 - VO - AT - BAZAR - 2019-11-01 00:00:00 - ERROR - FILE_CHECK - expect_column_value_lengths_to_be_between - NOM - Unexpected characters count of: [BMW 523i...] on line  185, value length should be between 10 and 255
2019-11-23 05:35:27,601 - VO - AT - BAZAR - 2019-11-01 00:00:00 - ERROR - FILE_CHECK - expect_column_value_lengths_to_be_between - NOM - Unexpected characters count of: [BMW X3...] on line  187, value length should be between 10 and 255
2019-11-23 05:35:27,601 - VO - AT - BAZAR - 2019-11-01 00:00:00 - ERROR - FILE_CHECK - expect_column_value_lengths_to_be_between - NOM - Unexpected characters count of: [VW Polo...] on line  195, value length should be between 10 and 255
2019-11-23 05:35:27,601 - VO - AT - BAZAR - 2019-11-01 00:00:00 - ERROR - FILE_CHECK - expect_column_value_lengths_to_be_between - NOM - Unexpected characters count of: [VW Polo...] on line  209, value length should be between 10 and 255
2019-11-23 05:35:27,601 - VO - AT - BAZAR - 2019-11-01 00:00:00 - ERROR - FILE_CHECK - expect_column_value_lengths_to_be_between - NOM - Unexpected characters count of: [BMW X3...] on line  225, value length should be between 10 and 255
2019-11-23 05:35:27,601 - VO - AT - BAZAR - 2019-11-01 00:00:00 - ERROR - FILE_CHECK - expect_column_value_lengths_to_be_between - NOM - Unexpected characters count of: [Ford Kuga...] on line  227, value length should be between 10 and 255
2019-11-23 05:35:27,601 - VO - AT - BAZAR - 2019-11-01 00:00:00 - ERROR - FILE_CHECK - expect_column_value_lengths_to_be_between - NOM - Unexpected characters count of: [VW Passat...] on line  238, value length should be between 10 and 255
2019-11-23 05:35:27,601 - VO - AT - BAZAR - 2019-11-01 00:00:00 - ERROR - FILE_CHECK - expect_column_value_lengths_to_be_between - NOM - Unexpected characters count of: [Vw...] on line  243, value length should be between 10 and 255
2019-11-23 05:35:27,601 - VO - AT - BAZAR - 2019-11-01 00:00:00 - ERROR - FILE_CHECK - expect_column_value_lengths_to_be_between - NOM - Unexpected characters count of: [BMW520d...] on line  252, value length should be between 10 and 255
2019-11-23 05:35:27,601 - VO - AT - BAZAR - 2019-11-01 00:00:00 - ERROR - FILE_CHECK - expect_column_value_lengths_to_be_between - NOM - Unexpected characters count of: [BMW 316...] on line  266, value length should be between 10 and 255
2019-11-23 05:35:27,601 - VO - AT - BAZAR - 2019-11-01 00:00:00 - ERROR - FILE_CHECK - expect_column_value_lengths_to_be_between - NOM - Unexpected characters count of: [vw tuareg...] on line  273, value length should be between 10 and 255
2019-11-23 05:35:27,602 - VO - AT - BAZAR - 2019-11-01 00:00:00 - ERROR - STAT - expect_column_value_lengths_to_be_between - NOM - correctly filled rate (%) - 82.4
2019-11-23 05:35:27,602 - VO - AT - BAZAR - 2019-11-01 00:00:00 - ERROR - FILE_VALIDATE - expect_column_value_lengths_to_be_between - NOM - False - 0
2019-11-23 05:35:27,602 - VO - AT - BAZAR - 2019-11-01 00:00:00 - ERROR - STAT - expect_column_values_to_not_be_null - OPTIONS - correctly filled rate (%) - 99.98
2019-11-23 05:35:27,602 - VO - AT - BAZAR - 2019-11-01 00:00:00 - ERROR - FILE_VALIDATE - expect_column_values_to_not_be_null - OPTIONS - True - 1
2019-11-23 05:35:27,602 - VO - AT - BAZAR - 2019-11-01 00:00:00 - ERROR - FILE_CHECK - expect_column_value_lengths_to_be_between - OPTIONS - Unexpected characters count of: [Kostenlose Abholung ...] on line  0, value length should be between 0 and 255
2019-11-23 05:35:27,602 - VO - AT - BAZAR - 2019-11-01 00:00:00 - ERROR - FILE_CHECK - expect_column_value_lengths_to_be_between - OPTIONS - Unexpected characters count of: [KFZ - Pospisil - Fac...] on line  2, value length should be between 0 and 255
2019-11-23 05:35:27,602 - VO - AT - BAZAR - 2019-11-01 00:00:00 - ERROR - FILE_CHECK - expect_column_value_lengths_to_be_between - OPTIONS - Unexpected characters count of: [KFZ - Pospisil - Fac...] on line  3, value length should be between 0 and 255
2019-11-23 05:35:27,602 - VO - AT - BAZAR - 2019-11-01 00:00:00 - ERROR - FILE_CHECK - expect_column_value_lengths_to_be_between - OPTIONS - Unexpected characters count of: [KFZ - Pospisil - Fac...] on line  4, value length should be between 0 and 255
2019-11-23 05:35:27,602 - VO - AT - BAZAR - 2019-11-01 00:00:00 - ERROR - FILE_CHECK - expect_column_value_lengths_to_be_between - OPTIONS - Unexpected characters count of: [KFZ - Pospisil - Fac...] on line  6, value length should be between 0 and 255
2019-11-23 05:35:27,602 - VO - AT - BAZAR - 2019-11-01 00:00:00 - ERROR - FILE_CHECK - expect_column_value_lengths_to_be_between - OPTIONS - Unexpected characters count of: [KFZ - Pospisil - Fac...] on line  8, value length should be between 0 and 255
2019-11-23 05:35:27,602 - VO - AT - BAZAR - 2019-11-01 00:00:00 - ERROR - FILE_CHECK - expect_column_value_lengths_to_be_between - OPTIONS - Unexpected characters count of: [KFZ - Pospisil - Fac...] on line  9, value length should be between 0 and 255
2019-11-23 05:35:27,602 - VO - AT - BAZAR - 2019-11-01 00:00:00 - ERROR - FILE_CHECK - expect_column_value_lengths_to_be_between - OPTIONS - Unexpected characters count of: [Dieselmotor 2,5 CRD ...] on line  10, value length should be between 0 and 255
2019-11-23 05:35:27,602 - VO - AT - BAZAR - 2019-11-01 00:00:00 - ERROR - FILE_CHECK - expect_column_value_lengths_to_be_between - OPTIONS - Unexpected characters count of: [Schneeschild inkl. H...] on line  11, value length should be between 0 and 255
2019-11-23 05:35:27,602 - VO - AT - BAZAR - 2019-11-01 00:00:00 - ERROR - FILE_CHECK - expect_column_value_lengths_to_be_between - OPTIONS - Unexpected characters count of: [KFZ - Pospisil - Fac...] on line  12, value length should be between 0 and 255
2019-11-23 05:35:27,602 - VO - AT - BAZAR - 2019-11-01 00:00:00 - ERROR - FILE_CHECK - expect_column_value_lengths_to_be_between - OPTIONS - Unexpected characters count of: [BMW 318 TI Compact (...] on line  13, value length should be between 0 and 255
2019-11-23 05:35:27,602 - VO - AT - BAZAR - 2019-11-01 00:00:00 - ERROR - FILE_CHECK - expect_column_value_lengths_to_be_between - OPTIONS - Unexpected characters count of: [2 Mal Volvo!!!  2Mal...] on line  14, value length should be between 0 and 255
2019-11-23 05:35:27,603 - VO - AT - BAZAR - 2019-11-01 00:00:00 - ERROR - FILE_CHECK - expect_column_value_lengths_to_be_between - OPTIONS - Unexpected characters count of: [Gabelstapler Steiboc...] on line  15, value length should be between 0 and 255
2019-11-23 05:35:27,603 - VO - AT - BAZAR - 2019-11-01 00:00:00 - ERROR - FILE_CHECK - expect_column_value_lengths_to_be_between - OPTIONS - Unexpected characters count of: [Mercedes SLK 230 Kom...] on line  16, value length should be between 0 and 255
2019-11-23 05:35:27,603 - VO - AT - BAZAR - 2019-11-01 00:00:00 - ERROR - FILE_CHECK - expect_column_value_lengths_to_be_between - OPTIONS - Unexpected characters count of: [Absolut Neuwertiges ...] on line  17, value length should be between 0 and 255
2019-11-23 05:35:27,603 - VO - AT - BAZAR - 2019-11-01 00:00:00 - ERROR - FILE_CHECK - expect_column_value_lengths_to_be_between - OPTIONS - Unexpected characters count of: [AUTO ANKAUF OHNE PIC...] on line  18, value length should be between 0 and 255
2019-11-23 05:35:27,603 - VO - AT - BAZAR - 2019-11-01 00:00:00 - ERROR - FILE_CHECK - expect_column_value_lengths_to_be_between - OPTIONS - Unexpected characters count of: [AUTO ANKAUF OHNE PIC...] on line  19, value length should be between 0 and 255
2019-11-23 05:35:27,603 - VO - AT - BAZAR - 2019-11-01 00:00:00 - ERROR - FILE_CHECK - expect_column_value_lengths_to_be_between - OPTIONS - Unexpected characters count of: [AUTO ANKAUF OHNE PIC...] on line  20, value length should be between 0 and 255
2019-11-23 05:35:27,603 - VO - AT - BAZAR - 2019-11-01 00:00:00 - ERROR - FILE_CHECK - expect_column_value_lengths_to_be_between - OPTIONS - Unexpected characters count of: [KFZ - Pospisil - Fac...] on line  22, value length should be between 0 and 255
2019-11-23 05:35:27,603 - VO - AT - BAZAR - 2019-11-01 00:00:00 - ERROR - FILE_CHECK - expect_column_value_lengths_to_be_between - OPTIONS - Unexpected characters count of: [BMW X6 ActiveHybrid/...] on line  26, value length should be between 0 and 255
2019-11-23 05:35:27,603 - VO - AT - BAZAR - 2019-11-01 00:00:00 - ERROR - STAT - expect_column_value_lengths_to_be_between - OPTIONS - correctly filled rate (%) - 79.63
2019-11-23 05:35:27,603 - VO - AT - BAZAR - 2019-11-01 00:00:00 - ERROR - FILE_VALIDATE - expect_column_value_lengths_to_be_between - OPTIONS - False - 0
2019-11-23 05:35:27,603 - VO - AT - BAZAR - 2019-11-01 00:00:00 - ERROR - STAT - expect_column_values_to_be_in_type_list - PHOTO - correctly filled rate (%) - 100.0
2019-11-23 05:35:27,603 - VO - AT - BAZAR - 2019-11-01 00:00:00 - ERROR - FILE_VALIDATE - expect_column_values_to_be_in_type_list - PHOTO - True - 1
2019-11-23 05:35:27,603 - VO - AT - BAZAR - 2019-11-01 00:00:00 - ERROR - STAT - expect_column_values_to_not_be_null - PHOTO - correctly filled rate (%) - 100.0
2019-11-23 05:35:27,603 - VO - AT - BAZAR - 2019-11-01 00:00:00 - ERROR - FILE_VALIDATE - expect_column_values_to_not_be_null - PHOTO - True - 1
2019-11-23 05:35:27,603 - VO - AT - BAZAR - 2019-11-01 00:00:00 - ERROR - STAT - expect_column_values_to_not_be_null - PLACE - correctly filled rate (%) - 0.0
2019-11-23 05:35:27,604 - VO - AT - BAZAR - 2019-11-01 00:00:00 - ERROR - FILE_VALIDATE - expect_column_values_to_not_be_null - PLACE - False - 0
2019-11-23 05:35:27,604 - VO - AT - BAZAR - 2019-11-01 00:00:00 - ERROR - STAT - expect_column_values_to_not_be_null - PORTE - correctly filled rate (%) - 0.0
2019-11-23 05:35:27,604 - VO - AT - BAZAR - 2019-11-01 00:00:00 - ERROR - FILE_VALIDATE - expect_column_values_to_not_be_null - PORTE - False - 0
2019-11-23 05:35:27,604 - VO - AT - BAZAR - 2019-11-01 00:00:00 - ERROR - STAT - expect_column_values_to_be_in_type_list - PRIX - correctly filled rate (%) - 100.0
2019-11-23 05:35:27,604 - VO - AT - BAZAR - 2019-11-01 00:00:00 - ERROR - FILE_VALIDATE - expect_column_values_to_be_in_type_list - PRIX - True - 1
2019-11-23 05:35:27,604 - VO - AT - BAZAR - 2019-11-01 00:00:00 - ERROR - STAT - expect_column_values_to_not_be_null - PRIX - correctly filled rate (%) - 100.0
2019-11-23 05:35:27,604 - VO - AT - BAZAR - 2019-11-01 00:00:00 - ERROR - FILE_VALIDATE - expect_column_values_to_not_be_null - PRIX - True - 1
2019-11-23 05:35:27,604 - VO - AT - BAZAR - 2019-11-01 00:00:00 - ERROR - STAT - expect_column_values_to_not_be_null - PROVINCE - correctly filled rate (%) - 0.0
2019-11-23 05:35:27,604 - VO - AT - BAZAR - 2019-11-01 00:00:00 - ERROR - FILE_VALIDATE - expect_column_values_to_not_be_null - PROVINCE - False - 0
2019-11-23 05:35:27,604 - VO - AT - BAZAR - 2019-11-01 00:00:00 - ERROR - STAT - expect_column_values_to_not_be_null - SITE - correctly filled rate (%) - 100.0
2019-11-23 05:35:27,604 - VO - AT - BAZAR - 2019-11-01 00:00:00 - ERROR - FILE_VALIDATE - expect_column_values_to_not_be_null - SITE - True - 1
2019-11-23 05:35:27,604 - VO - AT - BAZAR - 2019-11-01 00:00:00 - ERROR - STAT - expect_column_values_to_not_be_null - TELEPHONE - correctly filled rate (%) - 96.84
2019-11-23 05:35:27,604 - VO - AT - BAZAR - 2019-11-01 00:00:00 - ERROR - FILE_VALIDATE - expect_column_values_to_not_be_null - TELEPHONE - True - 1
2019-11-23 05:35:27,604 - VO - AT - BAZAR - 2019-11-01 00:00:00 - ERROR - STAT - expect_column_values_to_be_phone_number - TELEPHONE - correctly filled rate (%) - 99.96
2019-11-23 05:35:27,604 - VO - AT - BAZAR - 2019-11-01 00:00:00 - ERROR - FILE_VALIDATE - expect_column_values_to_be_phone_number - TELEPHONE - True - 1
2019-11-23 05:35:27,605 - VO - AT - BAZAR - 2019-11-01 00:00:00 - ERROR - STAT - expect_column_values_to_not_be_null - TYPE - correctly filled rate (%) - 100.0
2019-11-23 05:35:27,605 - VO - AT - BAZAR - 2019-11-01 00:00:00 - ERROR - FILE_VALIDATE - expect_column_values_to_not_be_null - TYPE - True - 1
2019-11-23 05:35:27,605 - VO - AT - BAZAR - 2019-11-01 00:00:00 - ERROR - STAT - expect_column_values_to_be_in_set_2 - TYPE - observed proportion - 100.0
2019-11-23 05:35:27,605 - VO - AT - BAZAR - 2019-11-01 00:00:00 - ERROR - STAT - expect_column_values_to_not_be_null - VILLE - correctly filled rate (%) - 96.97
2019-11-23 05:35:27,605 - VO - AT - BAZAR - 2019-11-01 00:00:00 - ERROR - FILE_VALIDATE - expect_column_values_to_not_be_null - VILLE - True - 1
2019-11-23 05:35:27,605 - VO - AT - BAZAR - 2019-11-01 00:00:00 - ERROR - STAT - expect_column_values_to_not_be_null - VN_IND - correctly filled rate (%) - 0.0
2019-11-23 05:35:27,605 - VO - AT - BAZAR - 2019-11-01 00:00:00 - ERROR - FILE_VALIDATE - expect_column_values_to_not_be_null - VN_IND - False - 0
2019-11-23 05:35:27,605 - VO - AT - BAZAR - 2019-11-01 00:00:00 - ERROR - STAT - expect_returning_row_count_on_conditions - DEALER_USEDCARS - total number of row with conditions - 222
2019-11-23 05:35:27,605 - VO - AT - BAZAR - 2019-11-01 00:00:00 - ERROR - STAT - expect_returning_row_count_on_conditions - PRIVATE_USEDCARS - total number of row with conditions - 5194
2019-11-23 05:35:27,605 - VO - AT - BAZAR - 2019-11-01 00:00:00 - ERROR - STAT - expect_returning_row_unique_count - MARQUE_CORRECTED - total number of unique rows - 69
2019-11-23 05:35:27,605 - VO - AT - BAZAR - 2019-11-01 00:00:00 - ERROR - STAT - expect_returning_row_unique_count - MODELE_CORRECTED - total number of unique rows - 527
2019-11-23 05:35:27,605 - VO - AT - BAZAR - 2019-11-01 00:00:00 - ERROR - STAT - expect_returning_row_unique_count - CARROSSERIE - total number of unique rows - 0
2019-11-23 05:35:27,605 - VO - AT - BAZAR - 2019-11-01 00:00:00 - ERROR - STAT - expect_returning_row_unique_count - CARBURANT - total number of unique rows - 5
2019-11-23 05:35:27,605 - VO - AT - BAZAR - 2019-11-01 00:00:00 - ERROR - STAT - expect_column_values_to_not_be_null - CYLINDRE - correctly filled rate (%) - 0.0
2019-11-23 05:35:27,605 - VO - AT - BAZAR - 2019-11-01 00:00:00 - ERROR - FILE_VALIDATE - expect_column_values_to_not_be_null - CYLINDRE - False - 0
2019-11-23 05:35:27,606 - VO - AT - BAZAR - 2019-11-01 00:00:00 - ERROR - STAT - expect_returning_row_unique_count - PROVINCE - total number of unique rows - 0
2019-11-23 05:35:27,606 - VO - AT - BAZAR - 2019-11-01 00:00:00 - ERROR - STAT - expect_returning_row_unique_count - VILLE - total number of unique rows - 106
2019-11-23 05:35:27,606 - VO - AT - BAZAR - 2019-11-01 00:00:00 - ERROR - STAT - expect_returning_row_unique_count - DEPARTEMENT - total number of unique rows - 0
