2019-05-15 12:44:39,214 - VO - ZA - GUMTREE - 2019-03-01 00:00:00 - ERROR - STAT - expect_column_values_to_be_between - PRIX - correctly filled rate (%) - 98.95
2019-05-15 12:44:39,214 - VO - ZA - GUMTREE - 2019-03-01 00:00:00 - ERROR - STAT - expect_column_values_to_match_regex - ANNONCE_LINK - correctly filled rate (%) - 100.0
2019-05-15 12:44:39,214 - VO - ZA - GUMTREE - 2019-03-01 00:00:00 - ERROR - STAT - expect_column_values_to_be_in_type_list - CARROSSERIE - correctly filled rate (%) - 100.0
2019-05-15 12:44:39,214 - VO - ZA - GUMTREE - 2019-03-01 00:00:00 - ERROR - FILE_CHECK - expect_column_values_to_be_in_type_list - ANNEE - Wrong type for value: 2012 on line 0 should be in ['int', 'float']
2019-05-15 12:44:39,214 - VO - ZA - GUMTREE - 2019-03-01 00:00:00 - ERROR - FILE_CHECK - expect_column_values_to_be_in_type_list - ANNEE - Wrong type for value: 2016 on line 1 should be in ['int', 'float']
2019-05-15 12:44:39,214 - VO - ZA - GUMTREE - 2019-03-01 00:00:00 - ERROR - FILE_CHECK - expect_column_values_to_be_in_type_list - ANNEE - Wrong type for value: 2007 on line 2 should be in ['int', 'float']
2019-05-15 12:44:39,214 - VO - ZA - GUMTREE - 2019-03-01 00:00:00 - ERROR - FILE_CHECK - expect_column_values_to_be_in_type_list - ANNEE - Wrong type for value: 2018 on line 3 should be in ['int', 'float']
2019-05-15 12:44:39,214 - VO - ZA - GUMTREE - 2019-03-01 00:00:00 - ERROR - FILE_CHECK - expect_column_values_to_be_in_type_list - ANNEE - Wrong type for value: 2018 on line 4 should be in ['int', 'float']
2019-05-15 12:44:39,214 - VO - ZA - GUMTREE - 2019-03-01 00:00:00 - ERROR - FILE_CHECK - expect_column_values_to_be_in_type_list - ANNEE - Wrong type for value: 2019 on line 5 should be in ['int', 'float']
2019-05-15 12:44:39,214 - VO - ZA - GUMTREE - 2019-03-01 00:00:00 - ERROR - FILE_CHECK - expect_column_values_to_be_in_type_list - ANNEE - Wrong type for value: 2018 on line 6 should be in ['int', 'float']
2019-05-15 12:44:39,214 - VO - ZA - GUMTREE - 2019-03-01 00:00:00 - ERROR - FILE_CHECK - expect_column_values_to_be_in_type_list - ANNEE - Wrong type for value: 2018 on line 7 should be in ['int', 'float']
2019-05-15 12:44:39,215 - VO - ZA - GUMTREE - 2019-03-01 00:00:00 - ERROR - FILE_CHECK - expect_column_values_to_be_in_type_list - ANNEE - Wrong type for value: 2013 on line 8 should be in ['int', 'float']
2019-05-15 12:44:39,215 - VO - ZA - GUMTREE - 2019-03-01 00:00:00 - ERROR - FILE_CHECK - expect_column_values_to_be_in_type_list - ANNEE - Wrong type for value: 2015 on line 9 should be in ['int', 'float']
2019-05-15 12:44:39,215 - VO - ZA - GUMTREE - 2019-03-01 00:00:00 - ERROR - FILE_CHECK - expect_column_values_to_be_in_type_list - ANNEE - Wrong type for value: 2009 on line 10 should be in ['int', 'float']
2019-05-15 12:44:39,215 - VO - ZA - GUMTREE - 2019-03-01 00:00:00 - ERROR - FILE_CHECK - expect_column_values_to_be_in_type_list - ANNEE - Wrong type for value: 2017 on line 11 should be in ['int', 'float']
2019-05-15 12:44:39,215 - VO - ZA - GUMTREE - 2019-03-01 00:00:00 - ERROR - FILE_CHECK - expect_column_values_to_be_in_type_list - ANNEE - Wrong type for value: 2015 on line 12 should be in ['int', 'float']
2019-05-15 12:44:39,215 - VO - ZA - GUMTREE - 2019-03-01 00:00:00 - ERROR - FILE_CHECK - expect_column_values_to_be_in_type_list - ANNEE - Wrong type for value: 2015 on line 13 should be in ['int', 'float']
2019-05-15 12:44:39,215 - VO - ZA - GUMTREE - 2019-03-01 00:00:00 - ERROR - FILE_CHECK - expect_column_values_to_be_in_type_list - ANNEE - Wrong type for value: 2018 on line 14 should be in ['int', 'float']
2019-05-15 12:44:39,215 - VO - ZA - GUMTREE - 2019-03-01 00:00:00 - ERROR - FILE_CHECK - expect_column_values_to_be_in_type_list - ANNEE - Wrong type for value: 2015 on line 15 should be in ['int', 'float']
2019-05-15 12:44:39,215 - VO - ZA - GUMTREE - 2019-03-01 00:00:00 - ERROR - FILE_CHECK - expect_column_values_to_be_in_type_list - ANNEE - Wrong type for value: 2012 on line 16 should be in ['int', 'float']
2019-05-15 12:44:39,215 - VO - ZA - GUMTREE - 2019-03-01 00:00:00 - ERROR - FILE_CHECK - expect_column_values_to_be_in_type_list - ANNEE - Wrong type for value: 2017 on line 17 should be in ['int', 'float']
2019-05-15 12:44:39,215 - VO - ZA - GUMTREE - 2019-03-01 00:00:00 - ERROR - FILE_CHECK - expect_column_values_to_be_in_type_list - ANNEE - Wrong type for value: 2006 on line 18 should be in ['int', 'float']
2019-05-15 12:44:39,215 - VO - ZA - GUMTREE - 2019-03-01 00:00:00 - ERROR - FILE_CHECK - expect_column_values_to_be_in_type_list - ANNEE - Wrong type for value: 2018 on line 19 should be in ['int', 'float']
2019-05-15 12:44:39,215 - VO - ZA - GUMTREE - 2019-03-01 00:00:00 - ERROR - STAT - expect_column_values_to_be_in_type_list - ANNEE - correctly filled rate (%) - 0.0
2019-05-15 12:44:39,215 - VO - ZA - GUMTREE - 2019-03-01 00:00:00 - ERROR - STAT - expect_column_values_to_not_be_null - ANNEE - correctly filled rate (%) - 100.0
2019-05-15 12:44:39,215 - VO - ZA - GUMTREE - 2019-03-01 00:00:00 - ERROR - STAT - expect_column_values_to_not_be_null - ANNONCE_LINK - correctly filled rate (%) - 100.0
2019-05-15 12:44:39,215 - VO - ZA - GUMTREE - 2019-03-01 00:00:00 - ERROR - STAT - expect_column_values_to_be_unique - ANNONCE_LINK - observed proportion - 100.0
2019-05-15 12:44:39,215 - VO - ZA - GUMTREE - 2019-03-01 00:00:00 - ERROR - STAT - expect_column_values_to_not_be_null - ID_CLIENT - correctly filled rate (%) - 100.0
2019-05-15 12:44:39,215 - VO - ZA - GUMTREE - 2019-03-01 00:00:00 - ERROR - STAT - expect_column_values_to_be_unique - ID_CLIENT - observed proportion - 100.0
2019-05-15 12:44:39,216 - VO - ZA - GUMTREE - 2019-03-01 00:00:00 - ERROR - STAT - expect_column_values_to_not_be_null - TYPE - correctly filled rate (%) - 100.0
2019-05-15 12:44:39,216 - VO - ZA - GUMTREE - 2019-03-01 00:00:00 - ERROR - STAT - expect_column_values_to_be_in_set_2 - TYPE - observed proportion - 100.0
2019-05-15 12:44:39,216 - VO - ZA - GUMTREE - 2019-03-01 00:00:00 - ERROR - STAT - expect_column_values_to_not_be_null - SITE - correctly filled rate (%) - 100.0
2019-05-15 12:44:39,216 - VO - ZA - GUMTREE - 2019-03-01 00:00:00 - ERROR - STAT - expect_column_values_to_not_be_null - MARQUE - correctly filled rate (%) - 100.0
2019-05-15 12:44:39,216 - VO - ZA - GUMTREE - 2019-03-01 00:00:00 - ERROR - STAT - expect_column_values_to_not_be_null - MODELE - correctly filled rate (%) - 100.0
2019-05-15 12:44:39,216 - VO - ZA - GUMTREE - 2019-03-01 00:00:00 - ERROR - STAT - expect_column_values_to_not_be_null - NOM - correctly filled rate (%) - 100.0
2019-05-15 12:44:39,216 - VO - ZA - GUMTREE - 2019-03-01 00:00:00 - ERROR - STAT - expect_column_values_to_not_be_null - CARROSSERIE - correctly filled rate (%) - 100.0
2019-05-15 12:44:39,216 - VO - ZA - GUMTREE - 2019-03-01 00:00:00 - ERROR - STAT - expect_column_values_to_not_be_null - OPTIONS - correctly filled rate (%) - 79.89
2019-05-15 12:44:39,216 - VO - ZA - GUMTREE - 2019-03-01 00:00:00 - ERROR - STAT - expect_column_values_to_not_be_null - CARBURANT - correctly filled rate (%) - 100.0
2019-05-15 12:44:39,216 - VO - ZA - GUMTREE - 2019-03-01 00:00:00 - ERROR - STAT - expect_column_values_to_not_be_null - PORTE - correctly filled rate (%) - 0.0
2019-05-15 12:44:39,216 - VO - ZA - GUMTREE - 2019-03-01 00:00:00 - ERROR - FILE_CHECK - expect_column_values_to_be_in_type_list - PRIX - Wrong type for value: 229000.0 on line 0 should be in ['int']
2019-05-15 12:44:39,216 - VO - ZA - GUMTREE - 2019-03-01 00:00:00 - ERROR - FILE_CHECK - expect_column_values_to_be_in_type_list - PRIX - Wrong type for value: 445000.0 on line 1 should be in ['int']
2019-05-15 12:44:39,216 - VO - ZA - GUMTREE - 2019-03-01 00:00:00 - ERROR - FILE_CHECK - expect_column_values_to_be_in_type_list - PRIX - Wrong type for value: 189990.0 on line 2 should be in ['int']
2019-05-15 12:44:39,216 - VO - ZA - GUMTREE - 2019-03-01 00:00:00 - ERROR - FILE_CHECK - expect_column_values_to_be_in_type_list - PRIX - Wrong type for value: 429900.0 on line 3 should be in ['int']
2019-05-15 12:44:39,216 - VO - ZA - GUMTREE - 2019-03-01 00:00:00 - ERROR - FILE_CHECK - expect_column_values_to_be_in_type_list - PRIX - Wrong type for value: 229900.0 on line 4 should be in ['int']
2019-05-15 12:44:39,216 - VO - ZA - GUMTREE - 2019-03-01 00:00:00 - ERROR - FILE_CHECK - expect_column_values_to_be_in_type_list - PRIX - Wrong type for value: 549900.0 on line 5 should be in ['int']
2019-05-15 12:44:39,216 - VO - ZA - GUMTREE - 2019-03-01 00:00:00 - ERROR - FILE_CHECK - expect_column_values_to_be_in_type_list - PRIX - Wrong type for value: 429900.0 on line 6 should be in ['int']
2019-05-15 12:44:39,217 - VO - ZA - GUMTREE - 2019-03-01 00:00:00 - ERROR - FILE_CHECK - expect_column_values_to_be_in_type_list - PRIX - Wrong type for value: 269900.0 on line 7 should be in ['int']
2019-05-15 12:44:39,217 - VO - ZA - GUMTREE - 2019-03-01 00:00:00 - ERROR - FILE_CHECK - expect_column_values_to_be_in_type_list - PRIX - Wrong type for value: 449900.0 on line 8 should be in ['int']
2019-05-15 12:44:39,217 - VO - ZA - GUMTREE - 2019-03-01 00:00:00 - ERROR - FILE_CHECK - expect_column_values_to_be_in_type_list - PRIX - Wrong type for value: 219900.0 on line 9 should be in ['int']
2019-05-15 12:44:39,217 - VO - ZA - GUMTREE - 2019-03-01 00:00:00 - ERROR - FILE_CHECK - expect_column_values_to_be_in_type_list - PRIX - Wrong type for value: 119990.0 on line 10 should be in ['int']
2019-05-15 12:44:39,217 - VO - ZA - GUMTREE - 2019-03-01 00:00:00 - ERROR - FILE_CHECK - expect_column_values_to_be_in_type_list - PRIX - Wrong type for value: 479990.0 on line 11 should be in ['int']
2019-05-15 12:44:39,217 - VO - ZA - GUMTREE - 2019-03-01 00:00:00 - ERROR - FILE_CHECK - expect_column_values_to_be_in_type_list - PRIX - Wrong type for value: 109995.0 on line 12 should be in ['int']
2019-05-15 12:44:39,217 - VO - ZA - GUMTREE - 2019-03-01 00:00:00 - ERROR - FILE_CHECK - expect_column_values_to_be_in_type_list - PRIX - Wrong type for value: 169990.0 on line 13 should be in ['int']
2019-05-15 12:44:39,217 - VO - ZA - GUMTREE - 2019-03-01 00:00:00 - ERROR - FILE_CHECK - expect_column_values_to_be_in_type_list - PRIX - Wrong type for value: 149990.0 on line 14 should be in ['int']
2019-05-15 12:44:39,217 - VO - ZA - GUMTREE - 2019-03-01 00:00:00 - ERROR - FILE_CHECK - expect_column_values_to_be_in_type_list - PRIX - Wrong type for value: 399990.0 on line 15 should be in ['int']
2019-05-15 12:44:39,217 - VO - ZA - GUMTREE - 2019-03-01 00:00:00 - ERROR - FILE_CHECK - expect_column_values_to_be_in_type_list - PRIX - Wrong type for value: 244990.0 on line 16 should be in ['int']
2019-05-15 12:44:39,217 - VO - ZA - GUMTREE - 2019-03-01 00:00:00 - ERROR - FILE_CHECK - expect_column_values_to_be_in_type_list - PRIX - Wrong type for value: 139990.0 on line 17 should be in ['int']
2019-05-15 12:44:39,217 - VO - ZA - GUMTREE - 2019-03-01 00:00:00 - ERROR - FILE_CHECK - expect_column_values_to_be_in_type_list - PRIX - Wrong type for value: 199900.0 on line 18 should be in ['int']
2019-05-15 12:44:39,217 - VO - ZA - GUMTREE - 2019-03-01 00:00:00 - ERROR - FILE_CHECK - expect_column_values_to_be_in_type_list - PRIX - Wrong type for value: 291600.0 on line 19 should be in ['int']
2019-05-15 12:44:39,217 - VO - ZA - GUMTREE - 2019-03-01 00:00:00 - ERROR - STAT - expect_column_values_to_be_in_type_list - PRIX - correctly filled rate (%) - 0.0
2019-05-15 12:44:39,217 - VO - ZA - GUMTREE - 2019-03-01 00:00:00 - ERROR - STAT - expect_column_values_to_not_be_null - PRIX - correctly filled rate (%) - 94.87
2019-05-15 12:44:39,217 - VO - ZA - GUMTREE - 2019-03-01 00:00:00 - ERROR - FILE_CHECK - expect_column_values_to_be_in_type_list - KM - Wrong type for value: 97852 on line 0 should be in ['int']
2019-05-15 12:44:39,217 - VO - ZA - GUMTREE - 2019-03-01 00:00:00 - ERROR - FILE_CHECK - expect_column_values_to_be_in_type_list - KM - Wrong type for value: 77000 on line 1 should be in ['int']
2019-05-15 12:44:39,217 - VO - ZA - GUMTREE - 2019-03-01 00:00:00 - ERROR - FILE_CHECK - expect_column_values_to_be_in_type_list - KM - Wrong type for value: 221003 on line 2 should be in ['int']
2019-05-15 12:44:39,218 - VO - ZA - GUMTREE - 2019-03-01 00:00:00 - ERROR - FILE_CHECK - expect_column_values_to_be_in_type_list - KM - Wrong type for value: 39502 on line 3 should be in ['int']
2019-05-15 12:44:39,218 - VO - ZA - GUMTREE - 2019-03-01 00:00:00 - ERROR - FILE_CHECK - expect_column_values_to_be_in_type_list - KM - Wrong type for value: 19717 on line 4 should be in ['int']
2019-05-15 12:44:39,218 - VO - ZA - GUMTREE - 2019-03-01 00:00:00 - ERROR - FILE_CHECK - expect_column_values_to_be_in_type_list - KM - Wrong type for value: 1500 on line 5 should be in ['int']
2019-05-15 12:44:39,218 - VO - ZA - GUMTREE - 2019-03-01 00:00:00 - ERROR - FILE_CHECK - expect_column_values_to_be_in_type_list - KM - Wrong type for value: 26943 on line 6 should be in ['int']
2019-05-15 12:44:39,218 - VO - ZA - GUMTREE - 2019-03-01 00:00:00 - ERROR - FILE_CHECK - expect_column_values_to_be_in_type_list - KM - Wrong type for value: 2967 on line 7 should be in ['int']
2019-05-15 12:44:39,218 - VO - ZA - GUMTREE - 2019-03-01 00:00:00 - ERROR - FILE_CHECK - expect_column_values_to_be_in_type_list - KM - Wrong type for value: 94199 on line 8 should be in ['int']
2019-05-15 12:44:39,218 - VO - ZA - GUMTREE - 2019-03-01 00:00:00 - ERROR - FILE_CHECK - expect_column_values_to_be_in_type_list - KM - Wrong type for value: 66849 on line 9 should be in ['int']
2019-05-15 12:44:39,218 - VO - ZA - GUMTREE - 2019-03-01 00:00:00 - ERROR - FILE_CHECK - expect_column_values_to_be_in_type_list - KM - Wrong type for value: 145036 on line 10 should be in ['int']
2019-05-15 12:44:39,218 - VO - ZA - GUMTREE - 2019-03-01 00:00:00 - ERROR - FILE_CHECK - expect_column_values_to_be_in_type_list - KM - Wrong type for value: 68602 on line 11 should be in ['int']
2019-05-15 12:44:39,218 - VO - ZA - GUMTREE - 2019-03-01 00:00:00 - ERROR - FILE_CHECK - expect_column_values_to_be_in_type_list - KM - Wrong type for value: 145501 on line 12 should be in ['int']
2019-05-15 12:44:39,218 - VO - ZA - GUMTREE - 2019-03-01 00:00:00 - ERROR - FILE_CHECK - expect_column_values_to_be_in_type_list - KM - Wrong type for value: 130813 on line 13 should be in ['int']
2019-05-15 12:44:39,218 - VO - ZA - GUMTREE - 2019-03-01 00:00:00 - ERROR - FILE_CHECK - expect_column_values_to_be_in_type_list - KM - Wrong type for value: 1002 on line 14 should be in ['int']
2019-05-15 12:44:39,218 - VO - ZA - GUMTREE - 2019-03-01 00:00:00 - ERROR - FILE_CHECK - expect_column_values_to_be_in_type_list - KM - Wrong type for value: 106400 on line 15 should be in ['int']
2019-05-15 12:44:39,218 - VO - ZA - GUMTREE - 2019-03-01 00:00:00 - ERROR - FILE_CHECK - expect_column_values_to_be_in_type_list - KM - Wrong type for value: 145967 on line 16 should be in ['int']
2019-05-15 12:44:39,218 - VO - ZA - GUMTREE - 2019-03-01 00:00:00 - ERROR - FILE_CHECK - expect_column_values_to_be_in_type_list - KM - Wrong type for value: 33223 on line 17 should be in ['int']
2019-05-15 12:44:39,218 - VO - ZA - GUMTREE - 2019-03-01 00:00:00 - ERROR - FILE_CHECK - expect_column_values_to_be_in_type_list - KM - Wrong type for value: 126000 on line 18 should be in ['int']
2019-05-15 12:44:39,218 - VO - ZA - GUMTREE - 2019-03-01 00:00:00 - ERROR - FILE_CHECK - expect_column_values_to_be_in_type_list - KM - Wrong type for value: 5000 on line 19 should be in ['int']
2019-05-15 12:44:39,218 - VO - ZA - GUMTREE - 2019-03-01 00:00:00 - ERROR - STAT - expect_column_values_to_be_in_type_list - KM - correctly filled rate (%) - 0.0
2019-05-15 12:44:39,218 - VO - ZA - GUMTREE - 2019-03-01 00:00:00 - ERROR - STAT - expect_column_values_to_not_be_null - KM - correctly filled rate (%) - 100.0
2019-05-15 12:44:39,219 - VO - ZA - GUMTREE - 2019-03-01 00:00:00 - ERROR - STAT - expect_column_values_to_not_be_null - PLACE - correctly filled rate (%) - 0.0
2019-05-15 12:44:39,219 - VO - ZA - GUMTREE - 2019-03-01 00:00:00 - ERROR - FILE_CHECK - expect_column_values_to_be_in_type_list - PHOTO - Wrong type for value: 7.0 on line 0 should be in ['int']
2019-05-15 12:44:39,219 - VO - ZA - GUMTREE - 2019-03-01 00:00:00 - ERROR - FILE_CHECK - expect_column_values_to_be_in_type_list - PHOTO - Wrong type for value: 8.0 on line 1 should be in ['int']
2019-05-15 12:44:39,219 - VO - ZA - GUMTREE - 2019-03-01 00:00:00 - ERROR - FILE_CHECK - expect_column_values_to_be_in_type_list - PHOTO - Wrong type for value: 10.0 on line 2 should be in ['int']
2019-05-15 12:44:39,219 - VO - ZA - GUMTREE - 2019-03-01 00:00:00 - ERROR - FILE_CHECK - expect_column_values_to_be_in_type_list - PHOTO - Wrong type for value: 7.0 on line 3 should be in ['int']
2019-05-15 12:44:39,219 - VO - ZA - GUMTREE - 2019-03-01 00:00:00 - ERROR - FILE_CHECK - expect_column_values_to_be_in_type_list - PHOTO - Wrong type for value: 6.0 on line 4 should be in ['int']
2019-05-15 12:44:39,219 - VO - ZA - GUMTREE - 2019-03-01 00:00:00 - ERROR - FILE_CHECK - expect_column_values_to_be_in_type_list - PHOTO - Wrong type for value: 9.0 on line 5 should be in ['int']
2019-05-15 12:44:39,219 - VO - ZA - GUMTREE - 2019-03-01 00:00:00 - ERROR - FILE_CHECK - expect_column_values_to_be_in_type_list - PHOTO - Wrong type for value: 7.0 on line 6 should be in ['int']
2019-05-15 12:44:39,219 - VO - ZA - GUMTREE - 2019-03-01 00:00:00 - ERROR - FILE_CHECK - expect_column_values_to_be_in_type_list - PHOTO - Wrong type for value: 8.0 on line 7 should be in ['int']
2019-05-15 12:44:39,219 - VO - ZA - GUMTREE - 2019-03-01 00:00:00 - ERROR - FILE_CHECK - expect_column_values_to_be_in_type_list - PHOTO - Wrong type for value: 7.0 on line 8 should be in ['int']
2019-05-15 12:44:39,219 - VO - ZA - GUMTREE - 2019-03-01 00:00:00 - ERROR - FILE_CHECK - expect_column_values_to_be_in_type_list - PHOTO - Wrong type for value: 9.0 on line 9 should be in ['int']
2019-05-15 12:44:39,219 - VO - ZA - GUMTREE - 2019-03-01 00:00:00 - ERROR - FILE_CHECK - expect_column_values_to_be_in_type_list - PHOTO - Wrong type for value: 9.0 on line 10 should be in ['int']
2019-05-15 12:44:39,219 - VO - ZA - GUMTREE - 2019-03-01 00:00:00 - ERROR - FILE_CHECK - expect_column_values_to_be_in_type_list - PHOTO - Wrong type for value: 8.0 on line 11 should be in ['int']
2019-05-15 12:44:39,219 - VO - ZA - GUMTREE - 2019-03-01 00:00:00 - ERROR - FILE_CHECK - expect_column_values_to_be_in_type_list - PHOTO - Wrong type for value: 8.0 on line 12 should be in ['int']
2019-05-15 12:44:39,219 - VO - ZA - GUMTREE - 2019-03-01 00:00:00 - ERROR - FILE_CHECK - expect_column_values_to_be_in_type_list - PHOTO - Wrong type for value: 9.0 on line 13 should be in ['int']
2019-05-15 12:44:39,219 - VO - ZA - GUMTREE - 2019-03-01 00:00:00 - ERROR - FILE_CHECK - expect_column_values_to_be_in_type_list - PHOTO - Wrong type for value: 10.0 on line 14 should be in ['int']
2019-05-15 12:44:39,219 - VO - ZA - GUMTREE - 2019-03-01 00:00:00 - ERROR - FILE_CHECK - expect_column_values_to_be_in_type_list - PHOTO - Wrong type for value: 8.0 on line 15 should be in ['int']
2019-05-15 12:44:39,220 - VO - ZA - GUMTREE - 2019-03-01 00:00:00 - ERROR - FILE_CHECK - expect_column_values_to_be_in_type_list - PHOTO - Wrong type for value: 10.0 on line 16 should be in ['int']
2019-05-15 12:44:39,220 - VO - ZA - GUMTREE - 2019-03-01 00:00:00 - ERROR - FILE_CHECK - expect_column_values_to_be_in_type_list - PHOTO - Wrong type for value: 10.0 on line 17 should be in ['int']
2019-05-15 12:44:39,220 - VO - ZA - GUMTREE - 2019-03-01 00:00:00 - ERROR - FILE_CHECK - expect_column_values_to_be_in_type_list - PHOTO - Wrong type for value: 12.0 on line 18 should be in ['int']
2019-05-15 12:44:39,220 - VO - ZA - GUMTREE - 2019-03-01 00:00:00 - ERROR - FILE_CHECK - expect_column_values_to_be_in_type_list - PHOTO - Wrong type for value: 12.0 on line 19 should be in ['int']
2019-05-15 12:44:39,220 - VO - ZA - GUMTREE - 2019-03-01 00:00:00 - ERROR - STAT - expect_column_values_to_be_in_type_list - PHOTO - correctly filled rate (%) - 0.0
2019-05-15 12:44:39,220 - VO - ZA - GUMTREE - 2019-03-01 00:00:00 - ERROR - STAT - expect_column_values_to_not_be_null - PHOTO - correctly filled rate (%) - 98.53
2019-05-15 12:44:39,220 - VO - ZA - GUMTREE - 2019-03-01 00:00:00 - ERROR - STAT - expect_column_values_to_not_be_null - LITRE - correctly filled rate (%) - 0.0
2019-05-15 12:44:39,220 - VO - ZA - GUMTREE - 2019-03-01 00:00:00 - ERROR - STAT - expect_column_values_to_not_be_null - IMMAT - correctly filled rate (%) - 0.0
2019-05-15 12:44:39,220 - VO - ZA - GUMTREE - 2019-03-01 00:00:00 - ERROR - STAT - expect_column_values_to_not_be_null - VN_IND - correctly filled rate (%) - 0.0
2019-05-15 12:44:39,220 - VO - ZA - GUMTREE - 2019-03-01 00:00:00 - ERROR - STAT - expect_column_values_to_not_be_null - ADRESSE - correctly filled rate (%) - 0.0
2019-05-15 12:44:39,220 - VO - ZA - GUMTREE - 2019-03-01 00:00:00 - ERROR - STAT - expect_column_values_to_not_be_null - VILLE - correctly filled rate (%) - 0.0
2019-05-15 12:44:39,220 - VO - ZA - GUMTREE - 2019-03-01 00:00:00 - ERROR - STAT - expect_column_values_to_not_be_null - CP - correctly filled rate (%) - 0.0
2019-05-15 12:44:39,220 - VO - ZA - GUMTREE - 2019-03-01 00:00:00 - ERROR - STAT - expect_column_values_to_not_be_null - PROVINCE - correctly filled rate (%) - 100.0
2019-05-15 12:44:39,220 - VO - ZA - GUMTREE - 2019-03-01 00:00:00 - ERROR - STAT - expect_column_values_to_not_be_null - TELEPHONE - correctly filled rate (%) - 92.88
2019-05-15 12:44:39,220 - VO - ZA - GUMTREE - 2019-03-01 00:00:00 - ERROR - STAT - expect_column_values_to_be_phone_number - TELEPHONE - correctly filled rate (%) - 99.89
2019-05-15 12:44:39,220 - VO - ZA - GUMTREE - 2019-03-01 00:00:00 - ERROR - STAT - expect_returning_row_count - EVERY_COLUMNS - total number of rows - 63312
2019-05-15 12:44:39,220 - VO - ZA - GUMTREE - 2019-03-01 00:00:00 - ERROR - STAT - expect_returning_row_count_on_conditions - DEALER_USEDCARS - total number of row with conditions - 41789
2019-05-15 12:44:39,221 - VO - ZA - GUMTREE - 2019-03-01 00:00:00 - ERROR - STAT - expect_returning_row_count_on_conditions - PRIVATE_USEDCARS - total number of row with conditions - 19977
2019-05-15 12:44:39,221 - VO - ZA - GUMTREE - 2019-03-01 00:00:00 - ERROR - STAT - expect_column_values_to_not_be_null - GARAGE_ID - correctly filled rate (%) - 99.99
2019-05-15 12:44:39,221 - VO - ZA - GUMTREE - 2019-03-01 00:00:00 - ERROR - STAT - expect_column_values_to_not_be_null - GARAGE_NAME - correctly filled rate (%) - 0.0
