2019-10-16 08:33:24,751 - VO - NL - AUTOWERELD - 2019-10-01 00:00:00 - ERROR - FILE_VALIDATE - expect_file_to_be_validated - EVERY_COLUMNS - False - 0
2019-10-16 08:33:24,751 - VO - NL - AUTOWERELD - 2019-10-01 00:00:00 - ERROR - STAT - expect_column_values_to_not_be_null - ADRESSE - correctly filled rate (%) - 99.77
2019-10-16 08:33:24,751 - VO - NL - AUTOWERELD - 2019-10-01 00:00:00 - ERROR - FILE_VALIDATE - expect_column_values_to_not_be_null - ADRESSE - True - 1
2019-10-16 08:33:24,751 - VO - NL - AUTOWERELD - 2019-10-01 00:00:00 - ERROR - STAT - expect_column_values_to_be_in_type_list - ANNEE - correctly filled rate (%) - 100.0
2019-10-16 08:33:24,752 - VO - NL - AUTOWERELD - 2019-10-01 00:00:00 - ERROR - FILE_VALIDATE - expect_column_values_to_be_in_type_list - ANNEE - True - 1
2019-10-16 08:33:24,752 - VO - NL - AUTOWERELD - 2019-10-01 00:00:00 - ERROR - STAT - expect_column_values_to_be_between - ANNEE - correctly filled rate (%) - 98.63
2019-10-16 08:33:24,752 - VO - NL - AUTOWERELD - 2019-10-01 00:00:00 - ERROR - STAT - expect_column_values_to_be_between - ANNEE - unexpected count - 4164
2019-10-16 08:33:24,752 - VO - NL - AUTOWERELD - 2019-10-01 00:00:00 - ERROR - FILE_VALIDATE - expect_column_values_to_be_between - ANNEE - True - 1
2019-10-16 08:33:24,752 - VO - NL - AUTOWERELD - 2019-10-01 00:00:00 - ERROR - STAT - expect_column_values_to_not_be_null - ANNEE - correctly filled rate (%) - 100.0
2019-10-16 08:33:24,752 - VO - NL - AUTOWERELD - 2019-10-01 00:00:00 - ERROR - FILE_VALIDATE - expect_column_values_to_not_be_null - ANNEE - True - 1
2019-10-16 08:33:24,752 - VO - NL - AUTOWERELD - 2019-10-01 00:00:00 - ERROR - FILE_CHECK - expect_column_values_to_match_regex - ANNEE - Unexpected value: 0 on line 1280, value should match regexp ^[0-9]{4}$
2019-10-16 08:33:24,752 - VO - NL - AUTOWERELD - 2019-10-01 00:00:00 - ERROR - FILE_CHECK - expect_column_values_to_match_regex - ANNEE - Unexpected value: 0 on line 1458, value should match regexp ^[0-9]{4}$
2019-10-16 08:33:24,752 - VO - NL - AUTOWERELD - 2019-10-01 00:00:00 - ERROR - FILE_CHECK - expect_column_values_to_match_regex - ANNEE - Unexpected value: 0 on line 1992, value should match regexp ^[0-9]{4}$
2019-10-16 08:33:24,752 - VO - NL - AUTOWERELD - 2019-10-01 00:00:00 - ERROR - FILE_CHECK - expect_column_values_to_match_regex - ANNEE - Unexpected value: 0 on line 2395, value should match regexp ^[0-9]{4}$
2019-10-16 08:33:24,752 - VO - NL - AUTOWERELD - 2019-10-01 00:00:00 - ERROR - FILE_CHECK - expect_column_values_to_match_regex - ANNEE - Unexpected value: 0 on line 2947, value should match regexp ^[0-9]{4}$
2019-10-16 08:33:24,752 - VO - NL - AUTOWERELD - 2019-10-01 00:00:00 - ERROR - FILE_CHECK - expect_column_values_to_match_regex - ANNEE - Unexpected value: 0 on line 3424, value should match regexp ^[0-9]{4}$
2019-10-16 08:33:24,752 - VO - NL - AUTOWERELD - 2019-10-01 00:00:00 - ERROR - FILE_CHECK - expect_column_values_to_match_regex - ANNEE - Unexpected value: 0 on line 4592, value should match regexp ^[0-9]{4}$
2019-10-16 08:33:24,752 - VO - NL - AUTOWERELD - 2019-10-01 00:00:00 - ERROR - FILE_CHECK - expect_column_values_to_match_regex - ANNEE - Unexpected value: 0 on line 5592, value should match regexp ^[0-9]{4}$
2019-10-16 08:33:24,752 - VO - NL - AUTOWERELD - 2019-10-01 00:00:00 - ERROR - FILE_CHECK - expect_column_values_to_match_regex - ANNEE - Unexpected value: 0 on line 5723, value should match regexp ^[0-9]{4}$
2019-10-16 08:33:24,752 - VO - NL - AUTOWERELD - 2019-10-01 00:00:00 - ERROR - FILE_CHECK - expect_column_values_to_match_regex - ANNEE - Unexpected value: 0 on line 5794, value should match regexp ^[0-9]{4}$
2019-10-16 08:33:24,752 - VO - NL - AUTOWERELD - 2019-10-01 00:00:00 - ERROR - FILE_CHECK - expect_column_values_to_match_regex - ANNEE - Unexpected value: 0 on line 5973, value should match regexp ^[0-9]{4}$
2019-10-16 08:33:24,752 - VO - NL - AUTOWERELD - 2019-10-01 00:00:00 - ERROR - FILE_CHECK - expect_column_values_to_match_regex - ANNEE - Unexpected value: 0 on line 6284, value should match regexp ^[0-9]{4}$
2019-10-16 08:33:24,753 - VO - NL - AUTOWERELD - 2019-10-01 00:00:00 - ERROR - FILE_CHECK - expect_column_values_to_match_regex - ANNEE - Unexpected value: 0 on line 6579, value should match regexp ^[0-9]{4}$
2019-10-16 08:33:24,753 - VO - NL - AUTOWERELD - 2019-10-01 00:00:00 - ERROR - FILE_CHECK - expect_column_values_to_match_regex - ANNEE - Unexpected value: 0 on line 6874, value should match regexp ^[0-9]{4}$
2019-10-16 08:33:24,753 - VO - NL - AUTOWERELD - 2019-10-01 00:00:00 - ERROR - FILE_CHECK - expect_column_values_to_match_regex - ANNEE - Unexpected value: 0 on line 8107, value should match regexp ^[0-9]{4}$
2019-10-16 08:33:24,753 - VO - NL - AUTOWERELD - 2019-10-01 00:00:00 - ERROR - FILE_CHECK - expect_column_values_to_match_regex - ANNEE - Unexpected value: 0 on line 8527, value should match regexp ^[0-9]{4}$
2019-10-16 08:33:24,753 - VO - NL - AUTOWERELD - 2019-10-01 00:00:00 - ERROR - FILE_CHECK - expect_column_values_to_match_regex - ANNEE - Unexpected value: 0 on line 9606, value should match regexp ^[0-9]{4}$
2019-10-16 08:33:24,753 - VO - NL - AUTOWERELD - 2019-10-01 00:00:00 - ERROR - FILE_CHECK - expect_column_values_to_match_regex - ANNEE - Unexpected value: 0 on line 9615, value should match regexp ^[0-9]{4}$
2019-10-16 08:33:24,753 - VO - NL - AUTOWERELD - 2019-10-01 00:00:00 - ERROR - FILE_CHECK - expect_column_values_to_match_regex - ANNEE - Unexpected value: 0 on line 9643, value should match regexp ^[0-9]{4}$
2019-10-16 08:33:24,753 - VO - NL - AUTOWERELD - 2019-10-01 00:00:00 - ERROR - FILE_CHECK - expect_column_values_to_match_regex - ANNEE - Unexpected value: 0 on line 9681, value should match regexp ^[0-9]{4}$
2019-10-16 08:33:24,753 - VO - NL - AUTOWERELD - 2019-10-01 00:00:00 - ERROR - STAT - expect_column_values_to_match_regex - ANNEE - correctly filled rate (%) - 99.53
2019-10-16 08:33:24,753 - VO - NL - AUTOWERELD - 2019-10-01 00:00:00 - ERROR - FILE_VALIDATE - expect_column_values_to_match_regex - ANNEE - False - 0
2019-10-16 08:33:24,753 - VO - NL - AUTOWERELD - 2019-10-01 00:00:00 - ERROR - STAT - expect_column_values_to_not_be_null - ANNONCE_LINK - correctly filled rate (%) - 100.0
2019-10-16 08:33:24,753 - VO - NL - AUTOWERELD - 2019-10-01 00:00:00 - ERROR - FILE_VALIDATE - expect_column_values_to_not_be_null - ANNONCE_LINK - True - 1
2019-10-16 08:33:24,753 - VO - NL - AUTOWERELD - 2019-10-01 00:00:00 - ERROR - STAT - expect_column_values_to_be_unique - ANNONCE_LINK - observed proportion - 100.0
2019-10-16 08:33:24,753 - VO - NL - AUTOWERELD - 2019-10-01 00:00:00 - ERROR - FILE_VALIDATE - expect_column_values_to_be_unique - ANNONCE_LINK - True - 1
2019-10-16 08:33:24,753 - VO - NL - AUTOWERELD - 2019-10-01 00:00:00 - ERROR - STAT - expect_column_values_to_not_be_null - CARBURANT - correctly filled rate (%) - 100.0
2019-10-16 08:33:24,753 - VO - NL - AUTOWERELD - 2019-10-01 00:00:00 - ERROR - FILE_VALIDATE - expect_column_values_to_not_be_null - CARBURANT - True - 1
2019-10-16 08:33:24,754 - VO - NL - AUTOWERELD - 2019-10-01 00:00:00 - ERROR - STAT - expect_column_values_to_not_be_null - CARROSSERIE - correctly filled rate (%) - 99.93
2019-10-16 08:33:24,754 - VO - NL - AUTOWERELD - 2019-10-01 00:00:00 - ERROR - FILE_VALIDATE - expect_column_values_to_not_be_null - CARROSSERIE - True - 1
2019-10-16 08:33:24,754 - VO - NL - AUTOWERELD - 2019-10-01 00:00:00 - ERROR - STAT - expect_column_values_to_not_be_null - CP - correctly filled rate (%) - 99.3
2019-10-16 08:33:24,754 - VO - NL - AUTOWERELD - 2019-10-01 00:00:00 - ERROR - FILE_VALIDATE - expect_column_values_to_not_be_null - CP - True - 1
2019-10-16 08:33:24,754 - VO - NL - AUTOWERELD - 2019-10-01 00:00:00 - ERROR - FILE_CHECK - expect_column_values_to_match_regex - CP - Unexpected value: 2407BH on line 0, value should match regexp ^[0-9]{4}$
2019-10-16 08:33:24,754 - VO - NL - AUTOWERELD - 2019-10-01 00:00:00 - ERROR - FILE_CHECK - expect_column_values_to_match_regex - CP - Unexpected value: 5481AP on line 1, value should match regexp ^[0-9]{4}$
2019-10-16 08:33:24,754 - VO - NL - AUTOWERELD - 2019-10-01 00:00:00 - ERROR - FILE_CHECK - expect_column_values_to_match_regex - CP - Unexpected value: 8801PB on line 2, value should match regexp ^[0-9]{4}$
2019-10-16 08:33:24,754 - VO - NL - AUTOWERELD - 2019-10-01 00:00:00 - ERROR - FILE_CHECK - expect_column_values_to_match_regex - CP - Unexpected value: 5915AA on line 3, value should match regexp ^[0-9]{4}$
2019-10-16 08:33:24,754 - VO - NL - AUTOWERELD - 2019-10-01 00:00:00 - ERROR - FILE_CHECK - expect_column_values_to_match_regex - CP - Unexpected value: 9074AG on line 4, value should match regexp ^[0-9]{4}$
2019-10-16 08:33:24,754 - VO - NL - AUTOWERELD - 2019-10-01 00:00:00 - ERROR - FILE_CHECK - expect_column_values_to_match_regex - CP - Unexpected value: 5408RD on line 5, value should match regexp ^[0-9]{4}$
2019-10-16 08:33:24,754 - VO - NL - AUTOWERELD - 2019-10-01 00:00:00 - ERROR - FILE_CHECK - expect_column_values_to_match_regex - CP - Unexpected value: 2675BX on line 6, value should match regexp ^[0-9]{4}$
2019-10-16 08:33:24,754 - VO - NL - AUTOWERELD - 2019-10-01 00:00:00 - ERROR - FILE_CHECK - expect_column_values_to_match_regex - CP - Unexpected value: 8801PB on line 7, value should match regexp ^[0-9]{4}$
2019-10-16 08:33:24,754 - VO - NL - AUTOWERELD - 2019-10-01 00:00:00 - ERROR - FILE_CHECK - expect_column_values_to_match_regex - CP - Unexpected value: 7665SE on line 8, value should match regexp ^[0-9]{4}$
2019-10-16 08:33:24,754 - VO - NL - AUTOWERELD - 2019-10-01 00:00:00 - ERROR - FILE_CHECK - expect_column_values_to_match_regex - CP - Unexpected value: 3751BK on line 9, value should match regexp ^[0-9]{4}$
2019-10-16 08:33:24,754 - VO - NL - AUTOWERELD - 2019-10-01 00:00:00 - ERROR - FILE_CHECK - expect_column_values_to_match_regex - CP - Unexpected value: 6651KS on line 10, value should match regexp ^[0-9]{4}$
2019-10-16 08:33:24,754 - VO - NL - AUTOWERELD - 2019-10-01 00:00:00 - ERROR - FILE_CHECK - expect_column_values_to_match_regex - CP - Unexpected value: 7491HJ on line 11, value should match regexp ^[0-9]{4}$
2019-10-16 08:33:24,754 - VO - NL - AUTOWERELD - 2019-10-01 00:00:00 - ERROR - FILE_CHECK - expect_column_values_to_match_regex - CP - Unexpected value: 7711GW on line 12, value should match regexp ^[0-9]{4}$
2019-10-16 08:33:24,755 - VO - NL - AUTOWERELD - 2019-10-01 00:00:00 - ERROR - FILE_CHECK - expect_column_values_to_match_regex - CP - Unexpected value: 7126AA on line 13, value should match regexp ^[0-9]{4}$
2019-10-16 08:33:24,755 - VO - NL - AUTOWERELD - 2019-10-01 00:00:00 - ERROR - FILE_CHECK - expect_column_values_to_match_regex - CP - Unexpected value: 7126AA on line 14, value should match regexp ^[0-9]{4}$
2019-10-16 08:33:24,755 - VO - NL - AUTOWERELD - 2019-10-01 00:00:00 - ERROR - FILE_CHECK - expect_column_values_to_match_regex - CP - Unexpected value: 3812NL on line 15, value should match regexp ^[0-9]{4}$
2019-10-16 08:33:24,755 - VO - NL - AUTOWERELD - 2019-10-01 00:00:00 - ERROR - FILE_CHECK - expect_column_values_to_match_regex - CP - Unexpected value: 3905KZ on line 16, value should match regexp ^[0-9]{4}$
2019-10-16 08:33:24,755 - VO - NL - AUTOWERELD - 2019-10-01 00:00:00 - ERROR - FILE_CHECK - expect_column_values_to_match_regex - CP - Unexpected value: 3771MG on line 17, value should match regexp ^[0-9]{4}$
2019-10-16 08:33:24,755 - VO - NL - AUTOWERELD - 2019-10-01 00:00:00 - ERROR - FILE_CHECK - expect_column_values_to_match_regex - CP - Unexpected value: 5705BJ on line 18, value should match regexp ^[0-9]{4}$
2019-10-16 08:33:24,755 - VO - NL - AUTOWERELD - 2019-10-01 00:00:00 - ERROR - FILE_CHECK - expect_column_values_to_match_regex - CP - Unexpected value: 2681TZ on line 19, value should match regexp ^[0-9]{4}$
2019-10-16 08:33:24,755 - VO - NL - AUTOWERELD - 2019-10-01 00:00:00 - ERROR - STAT - expect_column_values_to_match_regex - CP - correctly filled rate (%) - 0.17
2019-10-16 08:33:24,755 - VO - NL - AUTOWERELD - 2019-10-01 00:00:00 - ERROR - FILE_VALIDATE - expect_column_values_to_match_regex - CP - False - 0
2019-10-16 08:33:24,755 - VO - NL - AUTOWERELD - 2019-10-01 00:00:00 - ERROR - STAT - expect_column_values_to_not_be_null - GARAGE_ID - correctly filled rate (%) - 99.35
2019-10-16 08:33:24,755 - VO - NL - AUTOWERELD - 2019-10-01 00:00:00 - ERROR - FILE_VALIDATE - expect_column_values_to_not_be_null - GARAGE_ID - False - 0
2019-10-16 08:33:24,755 - VO - NL - AUTOWERELD - 2019-10-01 00:00:00 - ERROR - STAT - expect_column_values_to_not_be_null - ID_CLIENT - correctly filled rate (%) - 100.0
2019-10-16 08:33:24,755 - VO - NL - AUTOWERELD - 2019-10-01 00:00:00 - ERROR - FILE_VALIDATE - expect_column_values_to_not_be_null - ID_CLIENT - True - 1
2019-10-16 08:33:24,755 - VO - NL - AUTOWERELD - 2019-10-01 00:00:00 - ERROR - STAT - expect_column_values_to_be_unique - ID_CLIENT - observed proportion - 100.0
2019-10-16 08:33:24,755 - VO - NL - AUTOWERELD - 2019-10-01 00:00:00 - ERROR - FILE_VALIDATE - expect_column_values_to_be_unique - ID_CLIENT - True - 1
2019-10-16 08:33:24,755 - VO - NL - AUTOWERELD - 2019-10-01 00:00:00 - ERROR - STAT - expect_returning_row_count - EVERY_COLUMNS - total number of rows - 303192
2019-10-16 08:33:24,755 - VO - NL - AUTOWERELD - 2019-10-01 00:00:00 - ERROR - STAT - expect_column_values_to_not_be_null - IMMAT - correctly filled rate (%) - 100.0
2019-10-16 08:33:24,756 - VO - NL - AUTOWERELD - 2019-10-01 00:00:00 - ERROR - FILE_VALIDATE - expect_column_values_to_not_be_null - IMMAT - True - 1
2019-10-16 08:33:24,756 - VO - NL - AUTOWERELD - 2019-10-01 00:00:00 - ERROR - STAT - expect_column_values_to_be_in_type_list - KM - correctly filled rate (%) - 100.0
2019-10-16 08:33:24,756 - VO - NL - AUTOWERELD - 2019-10-01 00:00:00 - ERROR - FILE_VALIDATE - expect_column_values_to_be_in_type_list - KM - True - 1
2019-10-16 08:33:24,756 - VO - NL - AUTOWERELD - 2019-10-01 00:00:00 - ERROR - STAT - expect_column_values_to_not_be_null - KM - correctly filled rate (%) - 100.0
2019-10-16 08:33:24,756 - VO - NL - AUTOWERELD - 2019-10-01 00:00:00 - ERROR - FILE_VALIDATE - expect_column_values_to_not_be_null - KM - True - 1
2019-10-16 08:33:24,756 - VO - NL - AUTOWERELD - 2019-10-01 00:00:00 - ERROR - STAT - expect_column_values_to_be_in_type_list - LITRE - correctly filled rate (%) - 100.0
2019-10-16 08:33:24,756 - VO - NL - AUTOWERELD - 2019-10-01 00:00:00 - ERROR - FILE_VALIDATE - expect_column_values_to_be_in_type_list - LITRE - True - 1
2019-10-16 08:33:24,756 - VO - NL - AUTOWERELD - 2019-10-01 00:00:00 - ERROR - STAT - expect_column_values_to_not_be_null - LITRE - correctly filled rate (%) - 100.0
2019-10-16 08:33:24,756 - VO - NL - AUTOWERELD - 2019-10-01 00:00:00 - ERROR - FILE_VALIDATE - expect_column_values_to_not_be_null - LITRE - True - 1
2019-10-16 08:33:24,756 - VO - NL - AUTOWERELD - 2019-10-01 00:00:00 - ERROR - STAT - expect_column_values_to_not_be_null - MARQUE - correctly filled rate (%) - 100.0
2019-10-16 08:33:24,756 - VO - NL - AUTOWERELD - 2019-10-01 00:00:00 - ERROR - FILE_VALIDATE - expect_column_values_to_not_be_null - MARQUE - True - 1
2019-10-16 08:33:24,756 - VO - NL - AUTOWERELD - 2019-10-01 00:00:00 - ERROR - STAT - expect_column_values_to_not_be_null - MODELE - correctly filled rate (%) - 98.78
2019-10-16 08:33:24,756 - VO - NL - AUTOWERELD - 2019-10-01 00:00:00 - ERROR - FILE_VALIDATE - expect_column_values_to_not_be_null - MODELE - True - 1
2019-10-16 08:33:24,756 - VO - NL - AUTOWERELD - 2019-10-01 00:00:00 - ERROR - STAT - expect_column_values_to_not_be_null - MOIS - correctly filled rate (%) - 100.0
2019-10-16 08:33:24,756 - VO - NL - AUTOWERELD - 2019-10-01 00:00:00 - ERROR - FILE_VALIDATE - expect_column_values_to_not_be_null - MOIS - True - 1
2019-10-16 08:33:24,756 - VO - NL - AUTOWERELD - 2019-10-01 00:00:00 - ERROR - FILE_CHECK - expect_column_values_to_be_between - MOIS - Unexpected value: 0 on line 0, value should be between 1 and 12
2019-10-16 08:33:24,756 - VO - NL - AUTOWERELD - 2019-10-01 00:00:00 - ERROR - FILE_CHECK - expect_column_values_to_be_between - MOIS - Unexpected value: 0 on line 2, value should be between 1 and 12
2019-10-16 08:33:24,757 - VO - NL - AUTOWERELD - 2019-10-01 00:00:00 - ERROR - FILE_CHECK - expect_column_values_to_be_between - MOIS - Unexpected value: 0 on line 3, value should be between 1 and 12
2019-10-16 08:33:24,757 - VO - NL - AUTOWERELD - 2019-10-01 00:00:00 - ERROR - FILE_CHECK - expect_column_values_to_be_between - MOIS - Unexpected value: 0 on line 4, value should be between 1 and 12
2019-10-16 08:33:24,757 - VO - NL - AUTOWERELD - 2019-10-01 00:00:00 - ERROR - FILE_CHECK - expect_column_values_to_be_between - MOIS - Unexpected value: 0 on line 5, value should be between 1 and 12
2019-10-16 08:33:24,757 - VO - NL - AUTOWERELD - 2019-10-01 00:00:00 - ERROR - FILE_CHECK - expect_column_values_to_be_between - MOIS - Unexpected value: 0 on line 6, value should be between 1 and 12
2019-10-16 08:33:24,757 - VO - NL - AUTOWERELD - 2019-10-01 00:00:00 - ERROR - FILE_CHECK - expect_column_values_to_be_between - MOIS - Unexpected value: 0 on line 7, value should be between 1 and 12
2019-10-16 08:33:24,757 - VO - NL - AUTOWERELD - 2019-10-01 00:00:00 - ERROR - FILE_CHECK - expect_column_values_to_be_between - MOIS - Unexpected value: 0 on line 12, value should be between 1 and 12
2019-10-16 08:33:24,757 - VO - NL - AUTOWERELD - 2019-10-01 00:00:00 - ERROR - FILE_CHECK - expect_column_values_to_be_between - MOIS - Unexpected value: 0 on line 13, value should be between 1 and 12
2019-10-16 08:33:24,757 - VO - NL - AUTOWERELD - 2019-10-01 00:00:00 - ERROR - FILE_CHECK - expect_column_values_to_be_between - MOIS - Unexpected value: 0 on line 14, value should be between 1 and 12
2019-10-16 08:33:24,757 - VO - NL - AUTOWERELD - 2019-10-01 00:00:00 - ERROR - FILE_CHECK - expect_column_values_to_be_between - MOIS - Unexpected value: 0 on line 15, value should be between 1 and 12
2019-10-16 08:33:24,757 - VO - NL - AUTOWERELD - 2019-10-01 00:00:00 - ERROR - FILE_CHECK - expect_column_values_to_be_between - MOIS - Unexpected value: 0 on line 17, value should be between 1 and 12
2019-10-16 08:33:24,757 - VO - NL - AUTOWERELD - 2019-10-01 00:00:00 - ERROR - FILE_CHECK - expect_column_values_to_be_between - MOIS - Unexpected value: 0 on line 18, value should be between 1 and 12
2019-10-16 08:33:24,757 - VO - NL - AUTOWERELD - 2019-10-01 00:00:00 - ERROR - FILE_CHECK - expect_column_values_to_be_between - MOIS - Unexpected value: 0 on line 19, value should be between 1 and 12
2019-10-16 08:33:24,757 - VO - NL - AUTOWERELD - 2019-10-01 00:00:00 - ERROR - FILE_CHECK - expect_column_values_to_be_between - MOIS - Unexpected value: 0 on line 20, value should be between 1 and 12
2019-10-16 08:33:24,757 - VO - NL - AUTOWERELD - 2019-10-01 00:00:00 - ERROR - FILE_CHECK - expect_column_values_to_be_between - MOIS - Unexpected value: 0 on line 22, value should be between 1 and 12
2019-10-16 08:33:24,757 - VO - NL - AUTOWERELD - 2019-10-01 00:00:00 - ERROR - FILE_CHECK - expect_column_values_to_be_between - MOIS - Unexpected value: 0 on line 23, value should be between 1 and 12
2019-10-16 08:33:24,757 - VO - NL - AUTOWERELD - 2019-10-01 00:00:00 - ERROR - FILE_CHECK - expect_column_values_to_be_between - MOIS - Unexpected value: 0 on line 24, value should be between 1 and 12
2019-10-16 08:33:24,757 - VO - NL - AUTOWERELD - 2019-10-01 00:00:00 - ERROR - FILE_CHECK - expect_column_values_to_be_between - MOIS - Unexpected value: 0 on line 25, value should be between 1 and 12
2019-10-16 08:33:24,758 - VO - NL - AUTOWERELD - 2019-10-01 00:00:00 - ERROR - FILE_CHECK - expect_column_values_to_be_between - MOIS - Unexpected value: 0 on line 26, value should be between 1 and 12
2019-10-16 08:33:24,758 - VO - NL - AUTOWERELD - 2019-10-01 00:00:00 - ERROR - STAT - expect_column_values_to_be_between - MOIS - correctly filled rate (%) - 21.42
2019-10-16 08:33:24,758 - VO - NL - AUTOWERELD - 2019-10-01 00:00:00 - ERROR - STAT - expect_column_values_to_be_between - MOIS - unexpected count - 238241
2019-10-16 08:33:24,758 - VO - NL - AUTOWERELD - 2019-10-01 00:00:00 - ERROR - FILE_VALIDATE - expect_column_values_to_be_between - MOIS - False - 0
2019-10-16 08:33:24,758 - VO - NL - AUTOWERELD - 2019-10-01 00:00:00 - ERROR - STAT - expect_column_values_to_match_regex - MOIS - correctly filled rate (%) - 100.0
2019-10-16 08:33:24,758 - VO - NL - AUTOWERELD - 2019-10-01 00:00:00 - ERROR - FILE_VALIDATE - expect_column_values_to_match_regex - MOIS - True - 1
2019-10-16 08:33:24,758 - VO - NL - AUTOWERELD - 2019-10-01 00:00:00 - ERROR - STAT - expect_column_values_to_not_be_null - NOM - correctly filled rate (%) - 100.0
2019-10-16 08:33:24,758 - VO - NL - AUTOWERELD - 2019-10-01 00:00:00 - ERROR - FILE_VALIDATE - expect_column_values_to_not_be_null - NOM - True - 1
2019-10-16 08:33:24,758 - VO - NL - AUTOWERELD - 2019-10-01 00:00:00 - ERROR - FILE_CHECK - expect_column_value_lengths_to_be_between - NOM - Unexpected characters count of: [Volvo 245...] on line  887, value length should be between 10 and 255
2019-10-16 08:33:24,758 - VO - NL - AUTOWERELD - 2019-10-01 00:00:00 - ERROR - FILE_CHECK - expect_column_value_lengths_to_be_between - NOM - Unexpected characters count of: [MG Midget...] on line  1238, value length should be between 10 and 255
2019-10-16 08:33:24,758 - VO - NL - AUTOWERELD - 2019-10-01 00:00:00 - ERROR - FILE_CHECK - expect_column_value_lengths_to_be_between - NOM - Unexpected characters count of: [DAF 66...] on line  6139, value length should be between 10 and 255
2019-10-16 08:33:24,758 - VO - NL - AUTOWERELD - 2019-10-01 00:00:00 - ERROR - FILE_CHECK - expect_column_value_lengths_to_be_between - NOM - Unexpected characters count of: [Toyota iQ...] on line  7398, value length should be between 10 and 255
2019-10-16 08:33:24,758 - VO - NL - AUTOWERELD - 2019-10-01 00:00:00 - ERROR - FILE_CHECK - expect_column_value_lengths_to_be_between - NOM - Unexpected characters count of: [Saab 900...] on line  7678, value length should be between 10 and 255
2019-10-16 08:33:24,758 - VO - NL - AUTOWERELD - 2019-10-01 00:00:00 - ERROR - FILE_CHECK - expect_column_value_lengths_to_be_between - NOM - Unexpected characters count of: [Ford Ka...] on line  7939, value length should be between 10 and 255
2019-10-16 08:33:24,758 - VO - NL - AUTOWERELD - 2019-10-01 00:00:00 - ERROR - FILE_CHECK - expect_column_value_lengths_to_be_between - NOM - Unexpected characters count of: [Seat Leon...] on line  9314, value length should be between 10 and 255
2019-10-16 08:33:24,758 - VO - NL - AUTOWERELD - 2019-10-01 00:00:00 - ERROR - FILE_CHECK - expect_column_value_lengths_to_be_between - NOM - Unexpected characters count of: [Ford Ka...] on line  10062, value length should be between 10 and 255
2019-10-16 08:33:24,758 - VO - NL - AUTOWERELD - 2019-10-01 00:00:00 - ERROR - FILE_CHECK - expect_column_value_lengths_to_be_between - NOM - Unexpected characters count of: [Audi RS6...] on line  12260, value length should be between 10 and 255
2019-10-16 08:33:24,759 - VO - NL - AUTOWERELD - 2019-10-01 00:00:00 - ERROR - FILE_CHECK - expect_column_value_lengths_to_be_between - NOM - Unexpected characters count of: [Saab 9-3...] on line  15654, value length should be between 10 and 255
2019-10-16 08:33:24,759 - VO - NL - AUTOWERELD - 2019-10-01 00:00:00 - ERROR - FILE_CHECK - expect_column_value_lengths_to_be_between - NOM - Unexpected characters count of: [MG TD...] on line  19192, value length should be between 10 and 255
2019-10-16 08:33:24,759 - VO - NL - AUTOWERELD - 2019-10-01 00:00:00 - ERROR - FILE_CHECK - expect_column_value_lengths_to_be_between - NOM - Unexpected characters count of: [Mini Mini...] on line  26894, value length should be between 10 and 255
2019-10-16 08:33:24,759 - VO - NL - AUTOWERELD - 2019-10-01 00:00:00 - ERROR - FILE_CHECK - expect_column_value_lengths_to_be_between - NOM - Unexpected characters count of: [Ford Ka...] on line  29669, value length should be between 10 and 255
2019-10-16 08:33:24,759 - VO - NL - AUTOWERELD - 2019-10-01 00:00:00 - ERROR - FILE_CHECK - expect_column_value_lengths_to_be_between - NOM - Unexpected characters count of: [MG TF...] on line  37068, value length should be between 10 and 255
2019-10-16 08:33:24,759 - VO - NL - AUTOWERELD - 2019-10-01 00:00:00 - ERROR - FILE_CHECK - expect_column_value_lengths_to_be_between - NOM - Unexpected characters count of: [Kia Cee'd...] on line  53995, value length should be between 10 and 255
2019-10-16 08:33:24,759 - VO - NL - AUTOWERELD - 2019-10-01 00:00:00 - ERROR - FILE_CHECK - expect_column_value_lengths_to_be_between - NOM - Unexpected characters count of: [MG RV8...] on line  57333, value length should be between 10 and 255
2019-10-16 08:33:24,759 - VO - NL - AUTOWERELD - 2019-10-01 00:00:00 - ERROR - FILE_CHECK - expect_column_value_lengths_to_be_between - NOM - Unexpected characters count of: [MG TC...] on line  58290, value length should be between 10 and 255
2019-10-16 08:33:24,759 - VO - NL - AUTOWERELD - 2019-10-01 00:00:00 - ERROR - FILE_CHECK - expect_column_value_lengths_to_be_between - NOM - Unexpected characters count of: [Audi A6...] on line  58650, value length should be between 10 and 255
2019-10-16 08:33:24,759 - VO - NL - AUTOWERELD - 2019-10-01 00:00:00 - ERROR - FILE_CHECK - expect_column_value_lengths_to_be_between - NOM - Unexpected characters count of: [MG A 1500...] on line  61547, value length should be between 10 and 255
2019-10-16 08:33:24,759 - VO - NL - AUTOWERELD - 2019-10-01 00:00:00 - ERROR - FILE_CHECK - expect_column_value_lengths_to_be_between - NOM - Unexpected characters count of: [Fiat 500...] on line  64554, value length should be between 10 and 255
2019-10-16 08:33:24,759 - VO - NL - AUTOWERELD - 2019-10-01 00:00:00 - ERROR - STAT - expect_column_value_lengths_to_be_between - NOM - correctly filled rate (%) - 99.98
2019-10-16 08:33:24,759 - VO - NL - AUTOWERELD - 2019-10-01 00:00:00 - ERROR - FILE_VALIDATE - expect_column_value_lengths_to_be_between - NOM - False - 0
2019-10-16 08:33:24,759 - VO - NL - AUTOWERELD - 2019-10-01 00:00:00 - ERROR - STAT - expect_column_values_to_not_be_null - OPTIONS - correctly filled rate (%) - 96.92
2019-10-16 08:33:24,759 - VO - NL - AUTOWERELD - 2019-10-01 00:00:00 - ERROR - FILE_VALIDATE - expect_column_values_to_not_be_null - OPTIONS - True - 1
2019-10-16 08:33:24,759 - VO - NL - AUTOWERELD - 2019-10-01 00:00:00 - ERROR - FILE_CHECK - expect_column_value_lengths_to_be_between - OPTIONS - Unexpected characters count of: [ABS, Airbag Bestuurd...] on line  251, value length should be between 0 and 255
2019-10-16 08:33:24,760 - VO - NL - AUTOWERELD - 2019-10-01 00:00:00 - ERROR - FILE_CHECK - expect_column_value_lengths_to_be_between - OPTIONS - Unexpected characters count of: [Stuurbekrachtiging.,...] on line  295, value length should be between 0 and 255
2019-10-16 08:33:24,760 - VO - NL - AUTOWERELD - 2019-10-01 00:00:00 - ERROR - FILE_CHECK - expect_column_value_lengths_to_be_between - OPTIONS - Unexpected characters count of: [Lederen bekleding., ...] on line  326, value length should be between 0 and 255
2019-10-16 08:33:24,760 - VO - NL - AUTOWERELD - 2019-10-01 00:00:00 - ERROR - FILE_CHECK - expect_column_value_lengths_to_be_between - OPTIONS - Unexpected characters count of: [ABS, Airbag Bestuurd...] on line  362, value length should be between 0 and 255
2019-10-16 08:33:24,760 - VO - NL - AUTOWERELD - 2019-10-01 00:00:00 - ERROR - FILE_CHECK - expect_column_value_lengths_to_be_between - OPTIONS - Unexpected characters count of: [ABS, Airbag Bestuurd...] on line  363, value length should be between 0 and 255
2019-10-16 08:33:24,760 - VO - NL - AUTOWERELD - 2019-10-01 00:00:00 - ERROR - FILE_CHECK - expect_column_value_lengths_to_be_between - OPTIONS - Unexpected characters count of: [ABS, Airbag Bestuurd...] on line  607, value length should be between 0 and 255
2019-10-16 08:33:24,760 - VO - NL - AUTOWERELD - 2019-10-01 00:00:00 - ERROR - FILE_CHECK - expect_column_value_lengths_to_be_between - OPTIONS - Unexpected characters count of: [ABS, Airbag Bestuurd...] on line  693, value length should be between 0 and 255
2019-10-16 08:33:24,760 - VO - NL - AUTOWERELD - 2019-10-01 00:00:00 - ERROR - FILE_CHECK - expect_column_value_lengths_to_be_between - OPTIONS - Unexpected characters count of: [ABS, Airbag Bestuurd...] on line  706, value length should be between 0 and 255
2019-10-16 08:33:24,760 - VO - NL - AUTOWERELD - 2019-10-01 00:00:00 - ERROR - FILE_CHECK - expect_column_value_lengths_to_be_between - OPTIONS - Unexpected characters count of: [Lederen bekleding.Ui...] on line  867, value length should be between 0 and 255
2019-10-16 08:33:24,760 - VO - NL - AUTOWERELD - 2019-10-01 00:00:00 - ERROR - FILE_CHECK - expect_column_value_lengths_to_be_between - OPTIONS - Unexpected characters count of: [ABS, Airbag Bestuurd...] on line  1217, value length should be between 0 and 255
2019-10-16 08:33:24,760 - VO - NL - AUTOWERELD - 2019-10-01 00:00:00 - ERROR - FILE_CHECK - expect_column_value_lengths_to_be_between - OPTIONS - Unexpected characters count of: [ABS, Airbag Bestuurd...] on line  1260, value length should be between 0 and 255
2019-10-16 08:33:24,760 - VO - NL - AUTOWERELD - 2019-10-01 00:00:00 - ERROR - FILE_CHECK - expect_column_value_lengths_to_be_between - OPTIONS - Unexpected characters count of: [ABS, Airbag Bestuurd...] on line  1328, value length should be between 0 and 255
2019-10-16 08:33:24,760 - VO - NL - AUTOWERELD - 2019-10-01 00:00:00 - ERROR - FILE_CHECK - expect_column_value_lengths_to_be_between - OPTIONS - Unexpected characters count of: [ABS, Airbag Bestuurd...] on line  1330, value length should be between 0 and 255
2019-10-16 08:33:24,760 - VO - NL - AUTOWERELD - 2019-10-01 00:00:00 - ERROR - FILE_CHECK - expect_column_value_lengths_to_be_between - OPTIONS - Unexpected characters count of: [ABS, Airbags, Aircon...] on line  1380, value length should be between 0 and 255
2019-10-16 08:33:24,760 - VO - NL - AUTOWERELD - 2019-10-01 00:00:00 - ERROR - FILE_CHECK - expect_column_value_lengths_to_be_between - OPTIONS - Unexpected characters count of: [ABS, Airbag Bestuurd...] on line  1793, value length should be between 0 and 255
2019-10-16 08:33:24,760 - VO - NL - AUTOWERELD - 2019-10-01 00:00:00 - ERROR - FILE_CHECK - expect_column_value_lengths_to_be_between - OPTIONS - Unexpected characters count of: [ABS, Airbag Bestuurd...] on line  1840, value length should be between 0 and 255
2019-10-16 08:33:24,760 - VO - NL - AUTOWERELD - 2019-10-01 00:00:00 - ERROR - FILE_CHECK - expect_column_value_lengths_to_be_between - OPTIONS - Unexpected characters count of: [ABS, Airbag Bestuurd...] on line  1857, value length should be between 0 and 255
2019-10-16 08:33:24,760 - VO - NL - AUTOWERELD - 2019-10-01 00:00:00 - ERROR - FILE_CHECK - expect_column_value_lengths_to_be_between - OPTIONS - Unexpected characters count of: [Lederen bekleding.Ca...] on line  1963, value length should be between 0 and 255
2019-10-16 08:33:24,760 - VO - NL - AUTOWERELD - 2019-10-01 00:00:00 - ERROR - FILE_CHECK - expect_column_value_lengths_to_be_between - OPTIONS - Unexpected characters count of: [Lederen bekleding.Te...] on line  2349, value length should be between 0 and 255
2019-10-16 08:33:24,761 - VO - NL - AUTOWERELD - 2019-10-01 00:00:00 - ERROR - FILE_CHECK - expect_column_value_lengths_to_be_between - OPTIONS - Unexpected characters count of: [ABS, Airbag Bestuurd...] on line  2363, value length should be between 0 and 255
2019-10-16 08:33:24,761 - VO - NL - AUTOWERELD - 2019-10-01 00:00:00 - ERROR - STAT - expect_column_value_lengths_to_be_between - OPTIONS - correctly filled rate (%) - 99.19
2019-10-16 08:33:24,761 - VO - NL - AUTOWERELD - 2019-10-01 00:00:00 - ERROR - FILE_VALIDATE - expect_column_value_lengths_to_be_between - OPTIONS - False - 0
2019-10-16 08:33:24,761 - VO - NL - AUTOWERELD - 2019-10-01 00:00:00 - ERROR - STAT - expect_column_values_to_be_in_type_list - PHOTO - correctly filled rate (%) - 100.0
2019-10-16 08:33:24,761 - VO - NL - AUTOWERELD - 2019-10-01 00:00:00 - ERROR - FILE_VALIDATE - expect_column_values_to_be_in_type_list - PHOTO - True - 1
2019-10-16 08:33:24,761 - VO - NL - AUTOWERELD - 2019-10-01 00:00:00 - ERROR - STAT - expect_column_values_to_not_be_null - PHOTO - correctly filled rate (%) - 100.0
2019-10-16 08:33:24,761 - VO - NL - AUTOWERELD - 2019-10-01 00:00:00 - ERROR - FILE_VALIDATE - expect_column_values_to_not_be_null - PHOTO - True - 1
2019-10-16 08:33:24,761 - VO - NL - AUTOWERELD - 2019-10-01 00:00:00 - ERROR - STAT - expect_column_values_to_not_be_null - PLACE - correctly filled rate (%) - 0.0
2019-10-16 08:33:24,761 - VO - NL - AUTOWERELD - 2019-10-01 00:00:00 - ERROR - FILE_VALIDATE - expect_column_values_to_not_be_null - PLACE - False - 0
2019-10-16 08:33:24,761 - VO - NL - AUTOWERELD - 2019-10-01 00:00:00 - ERROR - STAT - expect_column_values_to_not_be_null - PORTE - correctly filled rate (%) - 99.39
2019-10-16 08:33:24,761 - VO - NL - AUTOWERELD - 2019-10-01 00:00:00 - ERROR - FILE_VALIDATE - expect_column_values_to_not_be_null - PORTE - True - 1
2019-10-16 08:33:24,761 - VO - NL - AUTOWERELD - 2019-10-01 00:00:00 - ERROR - STAT - expect_column_values_to_be_in_type_list - PORTE - correctly filled rate (%) - 100.0
2019-10-16 08:33:24,761 - VO - NL - AUTOWERELD - 2019-10-01 00:00:00 - ERROR - FILE_VALIDATE - expect_column_values_to_be_in_type_list - PORTE - True - 1
2019-10-16 08:33:24,761 - VO - NL - AUTOWERELD - 2019-10-01 00:00:00 - ERROR - STAT - expect_column_values_to_be_in_type_list - PRIX - correctly filled rate (%) - 100.0
2019-10-16 08:33:24,761 - VO - NL - AUTOWERELD - 2019-10-01 00:00:00 - ERROR - FILE_VALIDATE - expect_column_values_to_be_in_type_list - PRIX - True - 1
2019-10-16 08:33:24,761 - VO - NL - AUTOWERELD - 2019-10-01 00:00:00 - ERROR - STAT - expect_column_values_to_not_be_null - PRIX - correctly filled rate (%) - 100.0
2019-10-16 08:33:24,761 - VO - NL - AUTOWERELD - 2019-10-01 00:00:00 - ERROR - FILE_VALIDATE - expect_column_values_to_not_be_null - PRIX - True - 1
2019-10-16 08:33:24,762 - VO - NL - AUTOWERELD - 2019-10-01 00:00:00 - ERROR - STAT - expect_column_values_to_not_be_null - PROVINCE - correctly filled rate (%) - 0.0
2019-10-16 08:33:24,762 - VO - NL - AUTOWERELD - 2019-10-01 00:00:00 - ERROR - FILE_VALIDATE - expect_column_values_to_not_be_null - PROVINCE - False - 0
2019-10-16 08:33:24,762 - VO - NL - AUTOWERELD - 2019-10-01 00:00:00 - ERROR - STAT - expect_column_values_to_not_be_null - SITE - correctly filled rate (%) - 100.0
2019-10-16 08:33:24,762 - VO - NL - AUTOWERELD - 2019-10-01 00:00:00 - ERROR - FILE_VALIDATE - expect_column_values_to_not_be_null - SITE - True - 1
2019-10-16 08:33:24,762 - VO - NL - AUTOWERELD - 2019-10-01 00:00:00 - ERROR - STAT - expect_column_values_to_not_be_null - TELEPHONE - correctly filled rate (%) - 99.42
2019-10-16 08:33:24,762 - VO - NL - AUTOWERELD - 2019-10-01 00:00:00 - ERROR - FILE_VALIDATE - expect_column_values_to_not_be_null - TELEPHONE - True - 1
2019-10-16 08:33:24,762 - VO - NL - AUTOWERELD - 2019-10-01 00:00:00 - ERROR - STAT - expect_column_values_to_be_phone_number - TELEPHONE - correctly filled rate (%) - 99.98
2019-10-16 08:33:24,762 - VO - NL - AUTOWERELD - 2019-10-01 00:00:00 - ERROR - FILE_VALIDATE - expect_column_values_to_be_phone_number - TELEPHONE - True - 1
2019-10-16 08:33:24,762 - VO - NL - AUTOWERELD - 2019-10-01 00:00:00 - ERROR - STAT - expect_column_values_to_not_be_null - TYPE - correctly filled rate (%) - 100.0
2019-10-16 08:33:24,762 - VO - NL - AUTOWERELD - 2019-10-01 00:00:00 - ERROR - FILE_VALIDATE - expect_column_values_to_not_be_null - TYPE - True - 1
2019-10-16 08:33:24,762 - VO - NL - AUTOWERELD - 2019-10-01 00:00:00 - ERROR - STAT - expect_column_values_to_be_in_set_2 - TYPE - observed proportion - 100.0
2019-10-16 08:33:24,762 - VO - NL - AUTOWERELD - 2019-10-01 00:00:00 - ERROR - STAT - expect_column_values_to_not_be_null - VILLE - correctly filled rate (%) - 99.98
2019-10-16 08:33:24,762 - VO - NL - AUTOWERELD - 2019-10-01 00:00:00 - ERROR - FILE_VALIDATE - expect_column_values_to_not_be_null - VILLE - True - 1
2019-10-16 08:33:24,762 - VO - NL - AUTOWERELD - 2019-10-01 00:00:00 - ERROR - STAT - expect_column_values_to_not_be_null - VN_IND - correctly filled rate (%) - 100.0
2019-10-16 08:33:24,762 - VO - NL - AUTOWERELD - 2019-10-01 00:00:00 - ERROR - FILE_VALIDATE - expect_column_values_to_not_be_null - VN_IND - True - 1
2019-10-16 08:33:24,762 - VO - NL - AUTOWERELD - 2019-10-01 00:00:00 - ERROR - STAT - expect_column_values_to_be_in_set - VN_IND - correctly filled rate (%) - 100.0
2019-10-16 08:33:24,762 - VO - NL - AUTOWERELD - 2019-10-01 00:00:00 - ERROR - FILE_VALIDATE - expect_column_values_to_be_in_set - VN_IND - True - 1
2019-10-16 08:33:24,763 - VO - NL - AUTOWERELD - 2019-10-01 00:00:00 - ERROR - STAT - expect_returning_row_count_on_conditions - DEALER_USEDCARS - total number of row with conditions - 301192
2019-10-16 08:33:24,763 - VO - NL - AUTOWERELD - 2019-10-01 00:00:00 - ERROR - STAT - expect_returning_row_count_on_conditions - PRIVATE_USEDCARS - total number of row with conditions - 2000
2019-10-16 08:33:24,763 - VO - NL - AUTOWERELD - 2019-10-01 00:00:00 - ERROR - STAT - expect_returning_row_unique_count - MARQUE_CORRECTED - total number of unique rows - 95
2019-10-16 08:33:24,763 - VO - NL - AUTOWERELD - 2019-10-01 00:00:00 - ERROR - STAT - expect_returning_row_unique_count - MODELE_CORRECTED - total number of unique rows - 1259
2019-10-16 08:33:24,763 - VO - NL - AUTOWERELD - 2019-10-01 00:00:00 - ERROR - STAT - expect_returning_row_unique_count - CARROSSERIE - total number of unique rows - 28
2019-10-16 08:33:24,763 - VO - NL - AUTOWERELD - 2019-10-01 00:00:00 - ERROR - STAT - expect_returning_row_unique_count - CARBURANT - total number of unique rows - 21
2019-10-16 08:33:24,763 - VO - NL - AUTOWERELD - 2019-10-01 00:00:00 - ERROR - STAT - expect_column_values_to_not_be_null - CYLINDRE - correctly filled rate (%) - 100.0
2019-10-16 08:33:24,763 - VO - NL - AUTOWERELD - 2019-10-01 00:00:00 - ERROR - FILE_VALIDATE - expect_column_values_to_not_be_null - CYLINDRE - True - 1
2019-10-16 08:33:24,763 - VO - NL - AUTOWERELD - 2019-10-01 00:00:00 - ERROR - FILE_CHECK - expect_column_values_to_be_in_type_list - CYLINDRE - Wrong type for value: 2463 on line 0 should be in ['int']
2019-10-16 08:33:24,763 - VO - NL - AUTOWERELD - 2019-10-01 00:00:00 - ERROR - FILE_CHECK - expect_column_values_to_be_in_type_list - CYLINDRE - Wrong type for value: 1997 on line 1 should be in ['int']
2019-10-16 08:33:24,763 - VO - NL - AUTOWERELD - 2019-10-01 00:00:00 - ERROR - FILE_CHECK - expect_column_values_to_be_in_type_list - CYLINDRE - Wrong type for value: 5800 on line 2 should be in ['int']
2019-10-16 08:33:24,763 - VO - NL - AUTOWERELD - 2019-10-01 00:00:00 - ERROR - FILE_CHECK - expect_column_values_to_be_in_type_list - CYLINDRE - Wrong type for value: 989 on line 3 should be in ['int']
2019-10-16 08:33:24,763 - VO - NL - AUTOWERELD - 2019-10-01 00:00:00 - ERROR - FILE_CHECK - expect_column_values_to_be_in_type_list - CYLINDRE - Wrong type for value: 1796 on line 4 should be in ['int']
2019-10-16 08:33:24,763 - VO - NL - AUTOWERELD - 2019-10-01 00:00:00 - ERROR - FILE_CHECK - expect_column_values_to_be_in_type_list - CYLINDRE - Wrong type for value: 2143 on line 5 should be in ['int']
2019-10-16 08:33:24,763 - VO - NL - AUTOWERELD - 2019-10-01 00:00:00 - ERROR - FILE_CHECK - expect_column_values_to_be_in_type_list - CYLINDRE - Wrong type for value: 2000 on line 6 should be in ['int']
2019-10-16 08:33:24,763 - VO - NL - AUTOWERELD - 2019-10-01 00:00:00 - ERROR - FILE_CHECK - expect_column_values_to_be_in_type_list - CYLINDRE - Wrong type for value: 4368 on line 7 should be in ['int']
2019-10-16 08:33:24,763 - VO - NL - AUTOWERELD - 2019-10-01 00:00:00 - ERROR - FILE_CHECK - expect_column_values_to_be_in_type_list - CYLINDRE - Wrong type for value: 996 on line 8 should be in ['int']
2019-10-16 08:33:24,764 - VO - NL - AUTOWERELD - 2019-10-01 00:00:00 - ERROR - FILE_CHECK - expect_column_values_to_be_in_type_list - CYLINDRE - Wrong type for value: 1299 on line 9 should be in ['int']
2019-10-16 08:33:24,764 - VO - NL - AUTOWERELD - 2019-10-01 00:00:00 - ERROR - FILE_CHECK - expect_column_values_to_be_in_type_list - CYLINDRE - Wrong type for value: 1600 on line 10 should be in ['int']
2019-10-16 08:33:24,764 - VO - NL - AUTOWERELD - 2019-10-01 00:00:00 - ERROR - FILE_CHECK - expect_column_values_to_be_in_type_list - CYLINDRE - Wrong type for value: 998 on line 11 should be in ['int']
2019-10-16 08:33:24,764 - VO - NL - AUTOWERELD - 2019-10-01 00:00:00 - ERROR - FILE_CHECK - expect_column_values_to_be_in_type_list - CYLINDRE - Wrong type for value: 1998 on line 12 should be in ['int']
2019-10-16 08:33:24,764 - VO - NL - AUTOWERELD - 2019-10-01 00:00:00 - ERROR - FILE_CHECK - expect_column_values_to_be_in_type_list - CYLINDRE - Wrong type for value: 2157 on line 13 should be in ['int']
2019-10-16 08:33:24,764 - VO - NL - AUTOWERELD - 2019-10-01 00:00:00 - ERROR - FILE_CHECK - expect_column_values_to_be_in_type_list - CYLINDRE - Wrong type for value: 1998 on line 14 should be in ['int']
2019-10-16 08:33:24,764 - VO - NL - AUTOWERELD - 2019-10-01 00:00:00 - ERROR - FILE_CHECK - expect_column_values_to_be_in_type_list - CYLINDRE - Wrong type for value: 1587 on line 15 should be in ['int']
2019-10-16 08:33:24,764 - VO - NL - AUTOWERELD - 2019-10-01 00:00:00 - ERROR - FILE_CHECK - expect_column_values_to_be_in_type_list - CYLINDRE - Wrong type for value: 2179 on line 16 should be in ['int']
2019-10-16 08:33:24,764 - VO - NL - AUTOWERELD - 2019-10-01 00:00:00 - ERROR - FILE_CHECK - expect_column_values_to_be_in_type_list - CYLINDRE - Wrong type for value: 1398 on line 17 should be in ['int']
2019-10-16 08:33:24,764 - VO - NL - AUTOWERELD - 2019-10-01 00:00:00 - ERROR - FILE_CHECK - expect_column_values_to_be_in_type_list - CYLINDRE - Wrong type for value: 1598 on line 18 should be in ['int']
2019-10-16 08:33:24,764 - VO - NL - AUTOWERELD - 2019-10-01 00:00:00 - ERROR - FILE_CHECK - expect_column_values_to_be_in_type_list - CYLINDRE - Wrong type for value: 2464 on line 19 should be in ['int']
2019-10-16 08:33:24,764 - VO - NL - AUTOWERELD - 2019-10-01 00:00:00 - ERROR - STAT - expect_column_values_to_be_in_type_list - CYLINDRE - correctly filled rate (%) - 0.0
2019-10-16 08:33:24,764 - VO - NL - AUTOWERELD - 2019-10-01 00:00:00 - ERROR - FILE_VALIDATE - expect_column_values_to_be_in_type_list - CYLINDRE - False - 0
2019-10-16 08:33:24,764 - VO - NL - AUTOWERELD - 2019-10-01 00:00:00 - ERROR - STAT - expect_returning_row_unique_count - PROVINCE - total number of unique rows - 0
2019-10-16 08:33:24,764 - VO - NL - AUTOWERELD - 2019-10-01 00:00:00 - ERROR - STAT - expect_returning_row_unique_count - VILLE - total number of unique rows - 1376
2019-10-16 08:33:24,764 - VO - NL - AUTOWERELD - 2019-10-01 00:00:00 - ERROR - STAT - expect_returning_row_unique_count - DEPARTEMENT - total number of unique rows - 12
