2019-08-30 13:13:28,665 - CAMION - AT - MASCUS - 2019-06-01 00:00:00 - ERROR - STAT - expect_column_values_to_not_be_null - ADRESSE - correctly filled rate (%) - 98.95
2019-08-30 13:13:28,665 - CAMION - AT - MASCUS - 2019-06-01 00:00:00 - ERROR - STAT - expect_column_values_to_be_in_type_list - ANNEE - correctly filled rate (%) - 100.0
2019-08-30 13:13:28,665 - CAMION - AT - MASCUS - 2019-06-01 00:00:00 - ERROR - STAT - expect_column_values_to_be_between - ANNEE - correctly filled rate (%) - 92.47
2019-08-30 13:13:28,665 - CAMION - AT - MASCUS - 2019-06-01 00:00:00 - ERROR - STAT - expect_column_values_to_not_be_null - ANNEE - correctly filled rate (%) - 100.0
2019-08-30 13:13:28,665 - CAMION - AT - MASCUS - 2019-06-01 00:00:00 - ERROR - FILE_CHECK - expect_column_values_to_match_regex - ANNEE - Unexpected value: 0 on line 11, value should match regexp ^[0-9]{4}$
2019-08-30 13:13:28,665 - CAMION - AT - MASCUS - 2019-06-01 00:00:00 - ERROR - FILE_CHECK - expect_column_values_to_match_regex - ANNEE - Unexpected value: 0 on line 15, value should match regexp ^[0-9]{4}$
2019-08-30 13:13:28,665 - CAMION - AT - MASCUS - 2019-06-01 00:00:00 - ERROR - FILE_CHECK - expect_column_values_to_match_regex - ANNEE - Unexpected value: 0 on line 28, value should match regexp ^[0-9]{4}$
2019-08-30 13:13:28,665 - CAMION - AT - MASCUS - 2019-06-01 00:00:00 - ERROR - FILE_CHECK - expect_column_values_to_match_regex - ANNEE - Unexpected value: 0 on line 41, value should match regexp ^[0-9]{4}$
2019-08-30 13:13:28,665 - CAMION - AT - MASCUS - 2019-06-01 00:00:00 - ERROR - FILE_CHECK - expect_column_values_to_match_regex - ANNEE - Unexpected value: 0 on line 52, value should match regexp ^[0-9]{4}$
2019-08-30 13:13:28,666 - CAMION - AT - MASCUS - 2019-06-01 00:00:00 - ERROR - FILE_CHECK - expect_column_values_to_match_regex - ANNEE - Unexpected value: 0 on line 61, value should match regexp ^[0-9]{4}$
2019-08-30 13:13:28,666 - CAMION - AT - MASCUS - 2019-06-01 00:00:00 - ERROR - FILE_CHECK - expect_column_values_to_match_regex - ANNEE - Unexpected value: 0 on line 64, value should match regexp ^[0-9]{4}$
2019-08-30 13:13:28,666 - CAMION - AT - MASCUS - 2019-06-01 00:00:00 - ERROR - FILE_CHECK - expect_column_values_to_match_regex - ANNEE - Unexpected value: 0 on line 74, value should match regexp ^[0-9]{4}$
2019-08-30 13:13:28,666 - CAMION - AT - MASCUS - 2019-06-01 00:00:00 - ERROR - FILE_CHECK - expect_column_values_to_match_regex - ANNEE - Unexpected value: 0 on line 99, value should match regexp ^[0-9]{4}$
2019-08-30 13:13:28,666 - CAMION - AT - MASCUS - 2019-06-01 00:00:00 - ERROR - FILE_CHECK - expect_column_values_to_match_regex - ANNEE - Unexpected value: 0 on line 127, value should match regexp ^[0-9]{4}$
2019-08-30 13:13:28,666 - CAMION - AT - MASCUS - 2019-06-01 00:00:00 - ERROR - FILE_CHECK - expect_column_values_to_match_regex - ANNEE - Unexpected value: 0 on line 146, value should match regexp ^[0-9]{4}$
2019-08-30 13:13:28,666 - CAMION - AT - MASCUS - 2019-06-01 00:00:00 - ERROR - FILE_CHECK - expect_column_values_to_match_regex - ANNEE - Unexpected value: 0 on line 174, value should match regexp ^[0-9]{4}$
2019-08-30 13:13:28,666 - CAMION - AT - MASCUS - 2019-06-01 00:00:00 - ERROR - FILE_CHECK - expect_column_values_to_match_regex - ANNEE - Unexpected value: 0 on line 183, value should match regexp ^[0-9]{4}$
2019-08-30 13:13:28,666 - CAMION - AT - MASCUS - 2019-06-01 00:00:00 - ERROR - FILE_CHECK - expect_column_values_to_match_regex - ANNEE - Unexpected value: 0 on line 232, value should match regexp ^[0-9]{4}$
2019-08-30 13:13:28,666 - CAMION - AT - MASCUS - 2019-06-01 00:00:00 - ERROR - FILE_CHECK - expect_column_values_to_match_regex - ANNEE - Unexpected value: 0 on line 235, value should match regexp ^[0-9]{4}$
2019-08-30 13:13:28,666 - CAMION - AT - MASCUS - 2019-06-01 00:00:00 - ERROR - FILE_CHECK - expect_column_values_to_match_regex - ANNEE - Unexpected value: 0 on line 300, value should match regexp ^[0-9]{4}$
2019-08-30 13:13:28,666 - CAMION - AT - MASCUS - 2019-06-01 00:00:00 - ERROR - FILE_CHECK - expect_column_values_to_match_regex - ANNEE - Unexpected value: 0 on line 303, value should match regexp ^[0-9]{4}$
2019-08-30 13:13:28,667 - CAMION - AT - MASCUS - 2019-06-01 00:00:00 - ERROR - FILE_CHECK - expect_column_values_to_match_regex - ANNEE - Unexpected value: 0 on line 314, value should match regexp ^[0-9]{4}$
2019-08-30 13:13:28,667 - CAMION - AT - MASCUS - 2019-06-01 00:00:00 - ERROR - FILE_CHECK - expect_column_values_to_match_regex - ANNEE - Unexpected value: 0 on line 317, value should match regexp ^[0-9]{4}$
2019-08-30 13:13:28,667 - CAMION - AT - MASCUS - 2019-06-01 00:00:00 - ERROR - FILE_CHECK - expect_column_values_to_match_regex - ANNEE - Unexpected value: 0 on line 350, value should match regexp ^[0-9]{4}$
2019-08-30 13:13:28,667 - CAMION - AT - MASCUS - 2019-06-01 00:00:00 - ERROR - STAT - expect_column_values_to_match_regex - ANNEE - correctly filled rate (%) - 93.31
2019-08-30 13:13:28,667 - CAMION - AT - MASCUS - 2019-06-01 00:00:00 - ERROR - STAT - expect_column_values_to_not_be_null - ANNONCE_LINK - correctly filled rate (%) - 100.0
2019-08-30 13:13:28,667 - CAMION - AT - MASCUS - 2019-06-01 00:00:00 - ERROR - STAT - expect_column_values_to_be_unique - ANNONCE_LINK - observed proportion - 100.0
2019-08-30 13:13:28,667 - CAMION - AT - MASCUS - 2019-06-01 00:00:00 - ERROR - STAT - expect_column_values_to_not_be_null - CARBURANT - correctly filled rate (%) - 0.21
2019-08-30 13:13:28,667 - CAMION - AT - MASCUS - 2019-06-01 00:00:00 - ERROR - STAT - expect_column_values_to_not_be_null - CARROSSERIE - correctly filled rate (%) - 0.0
2019-08-30 13:13:28,667 - CAMION - AT - MASCUS - 2019-06-01 00:00:00 - ERROR - STAT - expect_column_values_to_not_be_null - CP - correctly filled rate (%) - 98.68
2019-08-30 13:13:28,667 - CAMION - AT - MASCUS - 2019-06-01 00:00:00 - ERROR - STAT - expect_column_values_to_match_regex - CP - correctly filled rate (%) - 99.51
2019-08-30 13:13:28,668 - CAMION - AT - MASCUS - 2019-06-01 00:00:00 - ERROR - STAT - expect_column_values_to_not_be_null - GARAGE_ID - correctly filled rate (%) - 0.0
2019-08-30 13:13:28,668 - CAMION - AT - MASCUS - 2019-06-01 00:00:00 - ERROR - STAT - expect_column_values_to_not_be_null - ID_CLIENT - correctly filled rate (%) - 100.0
2019-08-30 13:13:28,668 - CAMION - AT - MASCUS - 2019-06-01 00:00:00 - ERROR - STAT - expect_column_values_to_be_unique - ID_CLIENT - observed proportion - 100.0
2019-08-30 13:13:28,668 - CAMION - AT - MASCUS - 2019-06-01 00:00:00 - ERROR - STAT - expect_returning_row_count - EVERY_COLUMNS - total number of rows - 1434
2019-08-30 13:13:28,668 - CAMION - AT - MASCUS - 2019-06-01 00:00:00 - ERROR - STAT - expect_column_values_to_not_be_null - IMMAT - correctly filled rate (%) - 100.0
2019-08-30 13:13:28,668 - CAMION - AT - MASCUS - 2019-06-01 00:00:00 - ERROR - STAT - expect_column_values_to_be_in_type_list - KM - correctly filled rate (%) - 100.0
2019-08-30 13:13:28,668 - CAMION - AT - MASCUS - 2019-06-01 00:00:00 - ERROR - STAT - expect_column_values_to_not_be_null - KM - correctly filled rate (%) - 100.0
2019-08-30 13:13:28,668 - CAMION - AT - MASCUS - 2019-06-01 00:00:00 - ERROR - STAT - expect_column_values_to_be_in_type_list - LITRE - correctly filled rate (%) - 100.0
2019-08-30 13:13:28,668 - CAMION - AT - MASCUS - 2019-06-01 00:00:00 - ERROR - STAT - expect_column_values_to_not_be_null - LITRE - correctly filled rate (%) - 100.0
2019-08-30 13:13:28,668 - CAMION - AT - MASCUS - 2019-06-01 00:00:00 - ERROR - STAT - expect_column_values_to_not_be_null - MARQUE - correctly filled rate (%) - 0.0
2019-08-30 13:13:28,668 - CAMION - AT - MASCUS - 2019-06-01 00:00:00 - ERROR - STAT - expect_column_values_to_not_be_null - MODELE - correctly filled rate (%) - 0.0
2019-08-30 13:13:28,669 - CAMION - AT - MASCUS - 2019-06-01 00:00:00 - ERROR - STAT - expect_column_values_to_not_be_null - NOM - correctly filled rate (%) - 100.0
2019-08-30 13:13:28,669 - CAMION - AT - MASCUS - 2019-06-01 00:00:00 - ERROR - FILE_CHECK - expect_column_value_lengths_to_be_between - NOM - Unexpected characters count of: [Hamm HD10...] on line  63, value length should be between 10 and 255
2019-08-30 13:13:28,669 - CAMION - AT - MASCUS - 2019-06-01 00:00:00 - ERROR - FILE_CHECK - expect_column_value_lengths_to_be_between - NOM - Unexpected characters count of: [AKB S 220...] on line  83, value length should be between 10 and 255
2019-08-30 13:13:28,669 - CAMION - AT - MASCUS - 2019-06-01 00:00:00 - ERROR - FILE_CHECK - expect_column_value_lengths_to_be_between - NOM - Unexpected characters count of: [SB70...] on line  205, value length should be between 10 and 255
2019-08-30 13:13:28,669 - CAMION - AT - MASCUS - 2019-06-01 00:00:00 - ERROR - FILE_CHECK - expect_column_value_lengths_to_be_between - NOM - Unexpected characters count of: [O&K MH 4...] on line  400, value length should be between 10 and 255
2019-08-30 13:13:28,669 - CAMION - AT - MASCUS - 2019-06-01 00:00:00 - ERROR - FILE_CHECK - expect_column_value_lengths_to_be_between - NOM - Unexpected characters count of: [PPM 18.01...] on line  412, value length should be between 10 and 255
2019-08-30 13:13:28,669 - CAMION - AT - MASCUS - 2019-06-01 00:00:00 - ERROR - FILE_CHECK - expect_column_value_lengths_to_be_between - NOM - Unexpected characters count of: [AKB S 220...] on line  467, value length should be between 10 and 255
2019-08-30 13:13:28,669 - CAMION - AT - MASCUS - 2019-06-01 00:00:00 - ERROR - FILE_CHECK - expect_column_value_lengths_to_be_between - NOM - Unexpected characters count of: [JCB 48Z-1...] on line  505, value length should be between 10 and 255
2019-08-30 13:13:28,669 - CAMION - AT - MASCUS - 2019-06-01 00:00:00 - ERROR - FILE_CHECK - expect_column_value_lengths_to_be_between - NOM - Unexpected characters count of: [JF JF 2.5...] on line  603, value length should be between 10 and 255
2019-08-30 13:13:28,669 - CAMION - AT - MASCUS - 2019-06-01 00:00:00 - ERROR - FILE_CHECK - expect_column_value_lengths_to_be_between - NOM - Unexpected characters count of: [JCB 8018...] on line  608, value length should be between 10 and 255
2019-08-30 13:13:28,669 - CAMION - AT - MASCUS - 2019-06-01 00:00:00 - ERROR - FILE_CHECK - expect_column_value_lengths_to_be_between - NOM - Unexpected characters count of: [Ford 391...] on line  610, value length should be between 10 and 255
2019-08-30 13:13:28,670 - CAMION - AT - MASCUS - 2019-06-01 00:00:00 - ERROR - FILE_CHECK - expect_column_value_lengths_to_be_between - NOM - Unexpected characters count of: [JCB 86C-1...] on line  714, value length should be between 10 and 255
2019-08-30 13:13:28,670 - CAMION - AT - MASCUS - 2019-06-01 00:00:00 - ERROR - FILE_CHECK - expect_column_value_lengths_to_be_between - NOM - Unexpected characters count of: [JCB 409...] on line  715, value length should be between 10 and 255
2019-08-30 13:13:28,670 - CAMION - AT - MASCUS - 2019-06-01 00:00:00 - ERROR - FILE_CHECK - expect_column_value_lengths_to_be_between - NOM - Unexpected characters count of: [HM150...] on line  738, value length should be between 10 and 255
2019-08-30 13:13:28,670 - CAMION - AT - MASCUS - 2019-06-01 00:00:00 - ERROR - FILE_CHECK - expect_column_value_lengths_to_be_between - NOM - Unexpected characters count of: [Thwaites...] on line  783, value length should be between 10 and 255
2019-08-30 13:13:28,670 - CAMION - AT - MASCUS - 2019-06-01 00:00:00 - ERROR - FILE_CHECK - expect_column_value_lengths_to_be_between - NOM - Unexpected characters count of: [JCB 48z...] on line  839, value length should be between 10 and 255
2019-08-30 13:13:28,670 - CAMION - AT - MASCUS - 2019-06-01 00:00:00 - ERROR - FILE_CHECK - expect_column_value_lengths_to_be_between - NOM - Unexpected characters count of: [xxx DT15...] on line  910, value length should be between 10 and 255
2019-08-30 13:13:28,670 - CAMION - AT - MASCUS - 2019-06-01 00:00:00 - ERROR - FILE_CHECK - expect_column_value_lengths_to_be_between - NOM - Unexpected characters count of: [Faun 1310...] on line  919, value length should be between 10 and 255
2019-08-30 13:13:28,670 - CAMION - AT - MASCUS - 2019-06-01 00:00:00 - ERROR - FILE_CHECK - expect_column_value_lengths_to_be_between - NOM - Unexpected characters count of: [SBM 8/4/4...] on line  942, value length should be between 10 and 255
2019-08-30 13:13:28,670 - CAMION - AT - MASCUS - 2019-06-01 00:00:00 - ERROR - FILE_CHECK - expect_column_value_lengths_to_be_between - NOM - Unexpected characters count of: [Gehl 4610...] on line  1014, value length should be between 10 and 255
2019-08-30 13:13:28,670 - CAMION - AT - MASCUS - 2019-06-01 00:00:00 - ERROR - FILE_CHECK - expect_column_value_lengths_to_be_between - NOM - Unexpected characters count of: [NPK E204...] on line  1039, value length should be between 10 and 255
2019-08-30 13:13:28,670 - CAMION - AT - MASCUS - 2019-06-01 00:00:00 - ERROR - STAT - expect_column_value_lengths_to_be_between - NOM - correctly filled rate (%) - 98.12
2019-08-30 13:13:28,670 - CAMION - AT - MASCUS - 2019-06-01 00:00:00 - ERROR - STAT - expect_column_values_to_not_be_null - OPTIONS - correctly filled rate (%) - 9.55
2019-08-30 13:13:28,670 - CAMION - AT - MASCUS - 2019-06-01 00:00:00 - ERROR - FILE_CHECK - expect_column_value_lengths_to_be_between - OPTIONS - Unexpected characters count of: [Abgassbremse, Abgedu...] on line  557, value length should be between 0 and 255
2019-08-30 13:13:28,671 - CAMION - AT - MASCUS - 2019-06-01 00:00:00 - ERROR - FILE_CHECK - expect_column_value_lengths_to_be_between - OPTIONS - Unexpected characters count of: [ABS, beheizbare Spie...] on line  571, value length should be between 0 and 255
2019-08-30 13:13:28,671 - CAMION - AT - MASCUS - 2019-06-01 00:00:00 - ERROR - FILE_CHECK - expect_column_value_lengths_to_be_between - OPTIONS - Unexpected characters count of: [ABS, Airbags, Anhäng...] on line  674, value length should be between 0 and 255
2019-08-30 13:13:28,671 - CAMION - AT - MASCUS - 2019-06-01 00:00:00 - ERROR - FILE_CHECK - expect_column_value_lengths_to_be_between - OPTIONS - Unexpected characters count of: [ABS, Anhängerkupplun...] on line  861, value length should be between 0 and 255
2019-08-30 13:13:28,671 - CAMION - AT - MASCUS - 2019-06-01 00:00:00 - ERROR - STAT - expect_column_value_lengths_to_be_between - OPTIONS - correctly filled rate (%) - 97.08
2019-08-30 13:13:28,671 - CAMION - AT - MASCUS - 2019-06-01 00:00:00 - ERROR - STAT - expect_column_values_to_be_in_type_list - PHOTO - correctly filled rate (%) - 100.0
2019-08-30 13:13:28,671 - CAMION - AT - MASCUS - 2019-06-01 00:00:00 - ERROR - STAT - expect_column_values_to_not_be_null - PHOTO - correctly filled rate (%) - 100.0
2019-08-30 13:13:28,671 - CAMION - AT - MASCUS - 2019-06-01 00:00:00 - ERROR - STAT - expect_column_values_to_not_be_null - PLACE - correctly filled rate (%) - 0.0
2019-08-30 13:13:28,671 - CAMION - AT - MASCUS - 2019-06-01 00:00:00 - ERROR - STAT - expect_column_values_to_not_be_null - PORTE - correctly filled rate (%) - 0.0
2019-08-30 13:13:28,671 - CAMION - AT - MASCUS - 2019-06-01 00:00:00 - ERROR - STAT - expect_column_values_to_be_in_type_list - PRIX - correctly filled rate (%) - 100.0
2019-08-30 13:13:28,671 - CAMION - AT - MASCUS - 2019-06-01 00:00:00 - ERROR - STAT - expect_column_values_to_not_be_null - PRIX - correctly filled rate (%) - 100.0
2019-08-30 13:13:28,671 - CAMION - AT - MASCUS - 2019-06-01 00:00:00 - ERROR - STAT - expect_column_values_to_not_be_null - PROVINCE - correctly filled rate (%) - 0.0
2019-08-30 13:13:28,671 - CAMION - AT - MASCUS - 2019-06-01 00:00:00 - ERROR - STAT - expect_column_values_to_not_be_null - SITE - correctly filled rate (%) - 100.0
2019-08-30 13:13:28,671 - CAMION - AT - MASCUS - 2019-06-01 00:00:00 - ERROR - STAT - expect_column_values_to_not_be_null - TELEPHONE - correctly filled rate (%) - 100.0
2019-08-30 13:13:28,672 - CAMION - AT - MASCUS - 2019-06-01 00:00:00 - ERROR - STAT - expect_column_values_to_be_phone_number - TELEPHONE - correctly filled rate (%) - 100.0
2019-08-30 13:13:28,672 - CAMION - AT - MASCUS - 2019-06-01 00:00:00 - ERROR - STAT - expect_column_values_to_not_be_null - TYPE - correctly filled rate (%) - 100.0
2019-08-30 13:13:28,672 - CAMION - AT - MASCUS - 2019-06-01 00:00:00 - ERROR - STAT - expect_column_values_to_be_in_set_2 - TYPE - observed proportion - 100.0
2019-08-30 13:13:28,672 - CAMION - AT - MASCUS - 2019-06-01 00:00:00 - ERROR - STAT - expect_column_values_to_not_be_null - VILLE - correctly filled rate (%) - 99.58
2019-08-30 13:13:28,672 - CAMION - AT - MASCUS - 2019-06-01 00:00:00 - ERROR - STAT - expect_column_values_to_not_be_null - VN_IND - correctly filled rate (%) - 0.0
2019-08-30 13:13:28,672 - CAMION - AT - MASCUS - 2019-06-01 00:00:00 - ERROR - STAT - expect_returning_row_unique_count - MARQUE_CORRECTED - total number of unique rows - 59
2019-08-30 13:13:28,672 - CAMION - AT - MASCUS - 2019-06-01 00:00:00 - ERROR - STAT - expect_returning_row_unique_count - MODELE_CORRECTED - total number of unique rows - 71
2019-08-30 13:13:28,672 - CAMION - AT - MASCUS - 2019-06-01 00:00:00 - ERROR - STAT - expect_returning_row_unique_count - CARROSSERIE - total number of unique rows - 0
2019-08-30 13:13:28,672 - CAMION - AT - MASCUS - 2019-06-01 00:00:00 - ERROR - STAT - expect_returning_row_unique_count - CARBURANT - total number of unique rows - 1
2019-08-30 13:13:28,672 - CAMION - AT - MASCUS - 2019-06-01 00:00:00 - ERROR - STAT - expect_column_values_to_not_be_null - CYLINDRE - correctly filled rate (%) - 0.0
2019-08-30 13:13:28,672 - CAMION - AT - MASCUS - 2019-06-01 00:00:00 - ERROR - STAT - expect_returning_row_unique_count - PROVINCE - total number of unique rows - 0
2019-08-30 13:13:28,672 - CAMION - AT - MASCUS - 2019-06-01 00:00:00 - ERROR - STAT - expect_returning_row_unique_count - VILLE - total number of unique rows - 137
2019-08-30 13:13:28,672 - CAMION - AT - MASCUS - 2019-06-01 00:00:00 - ERROR - STAT - expect_returning_row_unique_count - DEPARTEMENT - total number of unique rows - 0
2019-08-30 13:13:28,672 - CAMION - AT - MASCUS - 2019-06-01 00:00:00 - ERROR - STAT - expect_returning_row_count_on_conditions - DEALER_USEDCARS - total number of row with conditions - 1431
2019-08-30 13:13:28,673 - CAMION - AT - MASCUS - 2019-06-01 00:00:00 - ERROR - STAT - expect_returning_row_count_on_conditions - PRIVATE_USEDCARS - total number of row with conditions - 3
2019-08-30 13:13:28,673 - CAMION - AT - MASCUS - 2019-06-01 00:00:00 - ERROR - STAT - expect_returning_row_count_on_conditions - TRUCKS - total number of row with conditions - 103
2019-08-30 13:13:28,673 - CAMION - AT - MASCUS - 2019-06-01 00:00:00 - ERROR - STAT - expect_returning_row_count_on_conditions - TRACTOR UNITS - total number of row with conditions - 46
2019-08-30 13:13:28,673 - CAMION - AT - MASCUS - 2019-06-01 00:00:00 - ERROR - STAT - expect_returning_row_count_on_conditions - TRAILERS - total number of row with conditions - 41
2019-08-30 13:13:28,673 - CAMION - AT - MASCUS - 2019-06-01 00:00:00 - ERROR - STAT - expect_returning_row_count_on_conditions - VANS - total number of row with conditions - 4
2019-08-30 13:13:28,673 - CAMION - AT - MASCUS - 2019-06-01 00:00:00 - ERROR - STAT - expect_returning_row_count_on_conditions - HEAVY EQUIPMENTS - total number of row with conditions - 1161
2019-08-30 13:13:28,673 - CAMION - AT - MASCUS - 2019-06-01 00:00:00 - ERROR - STAT - expect_returning_row_count_on_conditions - SEMI TRAILERS - total number of row with conditions - 79
2019-08-30 13:13:28,673 - CAMION - AT - MASCUS - 2019-06-01 00:00:00 - ERROR - STAT - expect_returning_row_count_on_conditions - DEALER_TRUCKS - total number of row with conditions - 103
2019-08-30 13:13:28,673 - CAMION - AT - MASCUS - 2019-06-01 00:00:00 - ERROR - STAT - expect_returning_row_count_on_conditions - PRIVATE_TRUCKS - total number of row with conditions - 0
2019-08-30 13:13:28,673 - CAMION - AT - MASCUS - 2019-06-01 00:00:00 - ERROR - STAT - expect_returning_row_count_on_conditions - DEALER_TRACTOR UNITS - total number of row with conditions - 46
2019-08-30 13:13:28,673 - CAMION - AT - MASCUS - 2019-06-01 00:00:00 - ERROR - STAT - expect_returning_row_count_on_conditions - PRIVATE_TRACTOR UNITS - total number of row with conditions - 0
2019-08-30 13:13:28,673 - CAMION - AT - MASCUS - 2019-06-01 00:00:00 - ERROR - STAT - expect_returning_row_count_on_conditions - DEALER_TRAILERS - total number of row with conditions - 41
2019-08-30 13:13:28,673 - CAMION - AT - MASCUS - 2019-06-01 00:00:00 - ERROR - STAT - expect_returning_row_count_on_conditions - PRIVATE_TRAILERS - total number of row with conditions - 0
2019-08-30 13:13:28,673 - CAMION - AT - MASCUS - 2019-06-01 00:00:00 - ERROR - STAT - expect_returning_row_count_on_conditions - DEALER_VANS - total number of row with conditions - 4
2019-08-30 13:13:28,674 - CAMION - AT - MASCUS - 2019-06-01 00:00:00 - ERROR - STAT - expect_returning_row_count_on_conditions - PRIVATE_VANS - total number of row with conditions - 0
2019-08-30 13:13:28,674 - CAMION - AT - MASCUS - 2019-06-01 00:00:00 - ERROR - STAT - expect_returning_row_count_on_conditions - DEALER_HEAVY EQUIPMENTS - total number of row with conditions - 1158
2019-08-30 13:13:28,674 - CAMION - AT - MASCUS - 2019-06-01 00:00:00 - ERROR - STAT - expect_returning_row_count_on_conditions - PRIVATE_HEAVY EQUIPMENTS - total number of row with conditions - 3
2019-08-30 13:13:28,674 - CAMION - AT - MASCUS - 2019-06-01 00:00:00 - ERROR - STAT - expect_returning_row_count_on_conditions - DEALER_SEMI TRAILERS - total number of row with conditions - 79
2019-08-30 13:13:28,674 - CAMION - AT - MASCUS - 2019-06-01 00:00:00 - ERROR - STAT - expect_returning_row_count_on_conditions - PRIVATE_SEMI TRAILERS - total number of row with conditions - 0
