2019-11-22 10:51:06,766 - VO - DE - CAR4YOU - 2019-11-01 00:00:00 - ERROR - FILE_VALIDATE - expect_file_to_be_validated - EVERY_COLUMNS - False - 0
2019-11-22 10:51:06,766 - VO - DE - CAR4YOU - 2019-11-01 00:00:00 - ERROR - STAT - expect_column_values_to_not_be_null - ADRESSE - correctly filled rate (%) - 99.95
2019-11-22 10:51:06,766 - VO - DE - CAR4YOU - 2019-11-01 00:00:00 - ERROR - FILE_VALIDATE - expect_column_values_to_not_be_null - ADRESSE - True - 1
2019-11-22 10:51:06,766 - VO - DE - CAR4YOU - 2019-11-01 00:00:00 - ERROR - STAT - expect_column_values_to_be_in_type_list - ANNEE - correctly filled rate (%) - 100.0
2019-11-22 10:51:06,767 - VO - DE - CAR4YOU - 2019-11-01 00:00:00 - ERROR - FILE_VALIDATE - expect_column_values_to_be_in_type_list - ANNEE - True - 1
2019-11-22 10:51:06,767 - VO - DE - CAR4YOU - 2019-11-01 00:00:00 - ERROR - FILE_CHECK - expect_column_values_to_be_between - ANNEE - Unexpected value: 0 on line 12, value should be between 1980 and 2019
2019-11-22 10:51:06,767 - VO - DE - CAR4YOU - 2019-11-01 00:00:00 - ERROR - FILE_CHECK - expect_column_values_to_be_between - ANNEE - Unexpected value: 0 on line 14, value should be between 1980 and 2019
2019-11-22 10:51:06,767 - VO - DE - CAR4YOU - 2019-11-01 00:00:00 - ERROR - FILE_CHECK - expect_column_values_to_be_between - ANNEE - Unexpected value: 0 on line 16, value should be between 1980 and 2019
2019-11-22 10:51:06,767 - VO - DE - CAR4YOU - 2019-11-01 00:00:00 - ERROR - FILE_CHECK - expect_column_values_to_be_between - ANNEE - Unexpected value: 0 on line 21, value should be between 1980 and 2019
2019-11-22 10:51:06,767 - VO - DE - CAR4YOU - 2019-11-01 00:00:00 - ERROR - FILE_CHECK - expect_column_values_to_be_between - ANNEE - Unexpected value: 0 on line 23, value should be between 1980 and 2019
2019-11-22 10:51:06,767 - VO - DE - CAR4YOU - 2019-11-01 00:00:00 - ERROR - FILE_CHECK - expect_column_values_to_be_between - ANNEE - Unexpected value: 0 on line 26, value should be between 1980 and 2019
2019-11-22 10:51:06,767 - VO - DE - CAR4YOU - 2019-11-01 00:00:00 - ERROR - FILE_CHECK - expect_column_values_to_be_between - ANNEE - Unexpected value: 0 on line 27, value should be between 1980 and 2019
2019-11-22 10:51:06,767 - VO - DE - CAR4YOU - 2019-11-01 00:00:00 - ERROR - FILE_CHECK - expect_column_values_to_be_between - ANNEE - Unexpected value: 0 on line 34, value should be between 1980 and 2019
2019-11-22 10:51:06,767 - VO - DE - CAR4YOU - 2019-11-01 00:00:00 - ERROR - FILE_CHECK - expect_column_values_to_be_between - ANNEE - Unexpected value: 0 on line 35, value should be between 1980 and 2019
2019-11-22 10:51:06,767 - VO - DE - CAR4YOU - 2019-11-01 00:00:00 - ERROR - FILE_CHECK - expect_column_values_to_be_between - ANNEE - Unexpected value: 0 on line 37, value should be between 1980 and 2019
2019-11-22 10:51:06,767 - VO - DE - CAR4YOU - 2019-11-01 00:00:00 - ERROR - FILE_CHECK - expect_column_values_to_be_between - ANNEE - Unexpected value: 0 on line 39, value should be between 1980 and 2019
2019-11-22 10:51:06,767 - VO - DE - CAR4YOU - 2019-11-01 00:00:00 - ERROR - FILE_CHECK - expect_column_values_to_be_between - ANNEE - Unexpected value: 0 on line 40, value should be between 1980 and 2019
2019-11-22 10:51:06,768 - VO - DE - CAR4YOU - 2019-11-01 00:00:00 - ERROR - FILE_CHECK - expect_column_values_to_be_between - ANNEE - Unexpected value: 0 on line 41, value should be between 1980 and 2019
2019-11-22 10:51:06,768 - VO - DE - CAR4YOU - 2019-11-01 00:00:00 - ERROR - FILE_CHECK - expect_column_values_to_be_between - ANNEE - Unexpected value: 0 on line 42, value should be between 1980 and 2019
2019-11-22 10:51:06,768 - VO - DE - CAR4YOU - 2019-11-01 00:00:00 - ERROR - FILE_CHECK - expect_column_values_to_be_between - ANNEE - Unexpected value: 0 on line 47, value should be between 1980 and 2019
2019-11-22 10:51:06,768 - VO - DE - CAR4YOU - 2019-11-01 00:00:00 - ERROR - FILE_CHECK - expect_column_values_to_be_between - ANNEE - Unexpected value: 0 on line 48, value should be between 1980 and 2019
2019-11-22 10:51:06,768 - VO - DE - CAR4YOU - 2019-11-01 00:00:00 - ERROR - FILE_CHECK - expect_column_values_to_be_between - ANNEE - Unexpected value: 0 on line 50, value should be between 1980 and 2019
2019-11-22 10:51:06,768 - VO - DE - CAR4YOU - 2019-11-01 00:00:00 - ERROR - FILE_CHECK - expect_column_values_to_be_between - ANNEE - Unexpected value: 0 on line 51, value should be between 1980 and 2019
2019-11-22 10:51:06,768 - VO - DE - CAR4YOU - 2019-11-01 00:00:00 - ERROR - FILE_CHECK - expect_column_values_to_be_between - ANNEE - Unexpected value: 0 on line 52, value should be between 1980 and 2019
2019-11-22 10:51:06,768 - VO - DE - CAR4YOU - 2019-11-01 00:00:00 - ERROR - FILE_CHECK - expect_column_values_to_be_between - ANNEE - Unexpected value: 0 on line 53, value should be between 1980 and 2019
2019-11-22 10:51:06,768 - VO - DE - CAR4YOU - 2019-11-01 00:00:00 - ERROR - STAT - expect_column_values_to_be_between - ANNEE - correctly filled rate (%) - 82.02
2019-11-22 10:51:06,768 - VO - DE - CAR4YOU - 2019-11-01 00:00:00 - ERROR - STAT - expect_column_values_to_be_between - ANNEE - unexpected count - 9168
2019-11-22 10:51:06,768 - VO - DE - CAR4YOU - 2019-11-01 00:00:00 - ERROR - FILE_VALIDATE - expect_column_values_to_be_between - ANNEE - False - 0
2019-11-22 10:51:06,768 - VO - DE - CAR4YOU - 2019-11-01 00:00:00 - ERROR - STAT - expect_column_values_to_not_be_null - ANNEE - correctly filled rate (%) - 100.0
2019-11-22 10:51:06,768 - VO - DE - CAR4YOU - 2019-11-01 00:00:00 - ERROR - FILE_VALIDATE - expect_column_values_to_not_be_null - ANNEE - True - 1
2019-11-22 10:51:06,768 - VO - DE - CAR4YOU - 2019-11-01 00:00:00 - ERROR - FILE_CHECK - expect_column_values_to_match_regex - ANNEE - Unexpected value: 0 on line 12, value should match regexp ^[0-9]{4}$
2019-11-22 10:51:06,768 - VO - DE - CAR4YOU - 2019-11-01 00:00:00 - ERROR - FILE_CHECK - expect_column_values_to_match_regex - ANNEE - Unexpected value: 0 on line 14, value should match regexp ^[0-9]{4}$
2019-11-22 10:51:06,769 - VO - DE - CAR4YOU - 2019-11-01 00:00:00 - ERROR - FILE_CHECK - expect_column_values_to_match_regex - ANNEE - Unexpected value: 0 on line 16, value should match regexp ^[0-9]{4}$
2019-11-22 10:51:06,769 - VO - DE - CAR4YOU - 2019-11-01 00:00:00 - ERROR - FILE_CHECK - expect_column_values_to_match_regex - ANNEE - Unexpected value: 0 on line 21, value should match regexp ^[0-9]{4}$
2019-11-22 10:51:06,769 - VO - DE - CAR4YOU - 2019-11-01 00:00:00 - ERROR - FILE_CHECK - expect_column_values_to_match_regex - ANNEE - Unexpected value: 0 on line 23, value should match regexp ^[0-9]{4}$
2019-11-22 10:51:06,769 - VO - DE - CAR4YOU - 2019-11-01 00:00:00 - ERROR - FILE_CHECK - expect_column_values_to_match_regex - ANNEE - Unexpected value: 0 on line 26, value should match regexp ^[0-9]{4}$
2019-11-22 10:51:06,769 - VO - DE - CAR4YOU - 2019-11-01 00:00:00 - ERROR - FILE_CHECK - expect_column_values_to_match_regex - ANNEE - Unexpected value: 0 on line 27, value should match regexp ^[0-9]{4}$
2019-11-22 10:51:06,769 - VO - DE - CAR4YOU - 2019-11-01 00:00:00 - ERROR - FILE_CHECK - expect_column_values_to_match_regex - ANNEE - Unexpected value: 0 on line 34, value should match regexp ^[0-9]{4}$
2019-11-22 10:51:06,769 - VO - DE - CAR4YOU - 2019-11-01 00:00:00 - ERROR - FILE_CHECK - expect_column_values_to_match_regex - ANNEE - Unexpected value: 0 on line 35, value should match regexp ^[0-9]{4}$
2019-11-22 10:51:06,769 - VO - DE - CAR4YOU - 2019-11-01 00:00:00 - ERROR - FILE_CHECK - expect_column_values_to_match_regex - ANNEE - Unexpected value: 0 on line 37, value should match regexp ^[0-9]{4}$
2019-11-22 10:51:06,769 - VO - DE - CAR4YOU - 2019-11-01 00:00:00 - ERROR - FILE_CHECK - expect_column_values_to_match_regex - ANNEE - Unexpected value: 0 on line 39, value should match regexp ^[0-9]{4}$
2019-11-22 10:51:06,769 - VO - DE - CAR4YOU - 2019-11-01 00:00:00 - ERROR - FILE_CHECK - expect_column_values_to_match_regex - ANNEE - Unexpected value: 0 on line 40, value should match regexp ^[0-9]{4}$
2019-11-22 10:51:06,769 - VO - DE - CAR4YOU - 2019-11-01 00:00:00 - ERROR - FILE_CHECK - expect_column_values_to_match_regex - ANNEE - Unexpected value: 0 on line 41, value should match regexp ^[0-9]{4}$
2019-11-22 10:51:06,769 - VO - DE - CAR4YOU - 2019-11-01 00:00:00 - ERROR - FILE_CHECK - expect_column_values_to_match_regex - ANNEE - Unexpected value: 0 on line 42, value should match regexp ^[0-9]{4}$
2019-11-22 10:51:06,769 - VO - DE - CAR4YOU - 2019-11-01 00:00:00 - ERROR - FILE_CHECK - expect_column_values_to_match_regex - ANNEE - Unexpected value: 0 on line 47, value should match regexp ^[0-9]{4}$
2019-11-22 10:51:06,769 - VO - DE - CAR4YOU - 2019-11-01 00:00:00 - ERROR - FILE_CHECK - expect_column_values_to_match_regex - ANNEE - Unexpected value: 0 on line 48, value should match regexp ^[0-9]{4}$
2019-11-22 10:51:06,769 - VO - DE - CAR4YOU - 2019-11-01 00:00:00 - ERROR - FILE_CHECK - expect_column_values_to_match_regex - ANNEE - Unexpected value: 0 on line 50, value should match regexp ^[0-9]{4}$
2019-11-22 10:51:06,770 - VO - DE - CAR4YOU - 2019-11-01 00:00:00 - ERROR - FILE_CHECK - expect_column_values_to_match_regex - ANNEE - Unexpected value: 0 on line 51, value should match regexp ^[0-9]{4}$
2019-11-22 10:51:06,770 - VO - DE - CAR4YOU - 2019-11-01 00:00:00 - ERROR - FILE_CHECK - expect_column_values_to_match_regex - ANNEE - Unexpected value: 0 on line 52, value should match regexp ^[0-9]{4}$
2019-11-22 10:51:06,770 - VO - DE - CAR4YOU - 2019-11-01 00:00:00 - ERROR - FILE_CHECK - expect_column_values_to_match_regex - ANNEE - Unexpected value: 0 on line 53, value should match regexp ^[0-9]{4}$
2019-11-22 10:51:06,770 - VO - DE - CAR4YOU - 2019-11-01 00:00:00 - ERROR - STAT - expect_column_values_to_match_regex - ANNEE - correctly filled rate (%) - 83.51
2019-11-22 10:51:06,770 - VO - DE - CAR4YOU - 2019-11-01 00:00:00 - ERROR - FILE_VALIDATE - expect_column_values_to_match_regex - ANNEE - False - 0
2019-11-22 10:51:06,770 - VO - DE - CAR4YOU - 2019-11-01 00:00:00 - ERROR - STAT - expect_column_values_to_not_be_null - ANNONCE_LINK - correctly filled rate (%) - 100.0
2019-11-22 10:51:06,770 - VO - DE - CAR4YOU - 2019-11-01 00:00:00 - ERROR - FILE_VALIDATE - expect_column_values_to_not_be_null - ANNONCE_LINK - True - 1
2019-11-22 10:51:06,770 - VO - DE - CAR4YOU - 2019-11-01 00:00:00 - ERROR - STAT - expect_column_values_to_be_unique - ANNONCE_LINK - observed proportion - 100.0
2019-11-22 10:51:06,770 - VO - DE - CAR4YOU - 2019-11-01 00:00:00 - ERROR - FILE_VALIDATE - expect_column_values_to_be_unique - ANNONCE_LINK - True - 1
2019-11-22 10:51:06,770 - VO - DE - CAR4YOU - 2019-11-01 00:00:00 - ERROR - STAT - expect_column_values_to_not_be_null - CARBURANT - correctly filled rate (%) - 99.81
2019-11-22 10:51:06,770 - VO - DE - CAR4YOU - 2019-11-01 00:00:00 - ERROR - FILE_VALIDATE - expect_column_values_to_not_be_null - CARBURANT - True - 1
2019-11-22 10:51:06,770 - VO - DE - CAR4YOU - 2019-11-01 00:00:00 - ERROR - STAT - expect_column_values_to_not_be_null - CARROSSERIE - correctly filled rate (%) - 0.0
2019-11-22 10:51:06,770 - VO - DE - CAR4YOU - 2019-11-01 00:00:00 - ERROR - FILE_VALIDATE - expect_column_values_to_not_be_null - CARROSSERIE - False - 0
2019-11-22 10:51:06,771 - VO - DE - CAR4YOU - 2019-11-01 00:00:00 - ERROR - STAT - expect_column_values_to_not_be_null - CP - correctly filled rate (%) - 99.97
2019-11-22 10:51:06,771 - VO - DE - CAR4YOU - 2019-11-01 00:00:00 - ERROR - FILE_VALIDATE - expect_column_values_to_not_be_null - CP - True - 1
2019-11-22 10:51:06,771 - VO - DE - CAR4YOU - 2019-11-01 00:00:00 - ERROR - STAT - expect_column_values_to_match_regex - CP - correctly filled rate (%) - 99.27
2019-11-22 10:51:06,771 - VO - DE - CAR4YOU - 2019-11-01 00:00:00 - ERROR - FILE_VALIDATE - expect_column_values_to_match_regex - CP - True - 1
2019-11-22 10:51:06,771 - VO - DE - CAR4YOU - 2019-11-01 00:00:00 - ERROR - STAT - expect_column_values_to_not_be_null - GARAGE_ID - correctly filled rate (%) - 0.0
2019-11-22 10:51:06,771 - VO - DE - CAR4YOU - 2019-11-01 00:00:00 - ERROR - FILE_VALIDATE - expect_column_values_to_not_be_null - GARAGE_ID - False - 0
2019-11-22 10:51:06,771 - VO - DE - CAR4YOU - 2019-11-01 00:00:00 - ERROR - STAT - expect_column_values_to_not_be_null - ID_CLIENT - correctly filled rate (%) - 100.0
2019-11-22 10:51:06,771 - VO - DE - CAR4YOU - 2019-11-01 00:00:00 - ERROR - FILE_VALIDATE - expect_column_values_to_not_be_null - ID_CLIENT - True - 1
2019-11-22 10:51:06,771 - VO - DE - CAR4YOU - 2019-11-01 00:00:00 - ERROR - STAT - expect_column_values_to_be_unique - ID_CLIENT - observed proportion - 100.0
2019-11-22 10:51:06,771 - VO - DE - CAR4YOU - 2019-11-01 00:00:00 - ERROR - FILE_VALIDATE - expect_column_values_to_be_unique - ID_CLIENT - True - 1
2019-11-22 10:51:06,771 - VO - DE - CAR4YOU - 2019-11-01 00:00:00 - ERROR - STAT - expect_returning_row_count - EVERY_COLUMNS - total number of rows - 50991
2019-11-22 10:51:06,771 - VO - DE - CAR4YOU - 2019-11-01 00:00:00 - ERROR - STAT - expect_column_values_to_not_be_null - IMMAT - correctly filled rate (%) - 100.0
2019-11-22 10:51:06,771 - VO - DE - CAR4YOU - 2019-11-01 00:00:00 - ERROR - FILE_VALIDATE - expect_column_values_to_not_be_null - IMMAT - True - 1
2019-11-22 10:51:06,771 - VO - DE - CAR4YOU - 2019-11-01 00:00:00 - ERROR - STAT - expect_column_values_to_be_in_type_list - KM - correctly filled rate (%) - 100.0
2019-11-22 10:51:06,772 - VO - DE - CAR4YOU - 2019-11-01 00:00:00 - ERROR - FILE_VALIDATE - expect_column_values_to_be_in_type_list - KM - True - 1
2019-11-22 10:51:06,772 - VO - DE - CAR4YOU - 2019-11-01 00:00:00 - ERROR - STAT - expect_column_values_to_not_be_null - KM - correctly filled rate (%) - 100.0
2019-11-22 10:51:06,772 - VO - DE - CAR4YOU - 2019-11-01 00:00:00 - ERROR - FILE_VALIDATE - expect_column_values_to_not_be_null - KM - True - 1
2019-11-22 10:51:06,772 - VO - DE - CAR4YOU - 2019-11-01 00:00:00 - ERROR - STAT - expect_column_values_to_be_in_type_list - LITRE - correctly filled rate (%) - 100.0
2019-11-22 10:51:06,772 - VO - DE - CAR4YOU - 2019-11-01 00:00:00 - ERROR - FILE_VALIDATE - expect_column_values_to_be_in_type_list - LITRE - True - 1
2019-11-22 10:51:06,772 - VO - DE - CAR4YOU - 2019-11-01 00:00:00 - ERROR - STAT - expect_column_values_to_not_be_null - LITRE - correctly filled rate (%) - 100.0
2019-11-22 10:51:06,772 - VO - DE - CAR4YOU - 2019-11-01 00:00:00 - ERROR - FILE_VALIDATE - expect_column_values_to_not_be_null - LITRE - True - 1
2019-11-22 10:51:06,772 - VO - DE - CAR4YOU - 2019-11-01 00:00:00 - ERROR - STAT - expect_column_values_to_not_be_null - MARQUE - correctly filled rate (%) - 100.0
2019-11-22 10:51:06,772 - VO - DE - CAR4YOU - 2019-11-01 00:00:00 - ERROR - FILE_VALIDATE - expect_column_values_to_not_be_null - MARQUE - True - 1
2019-11-22 10:51:06,772 - VO - DE - CAR4YOU - 2019-11-01 00:00:00 - ERROR - STAT - expect_column_values_to_not_be_null - MODELE - correctly filled rate (%) - 99.99
2019-11-22 10:51:06,772 - VO - DE - CAR4YOU - 2019-11-01 00:00:00 - ERROR - FILE_VALIDATE - expect_column_values_to_not_be_null - MODELE - True - 1
2019-11-22 10:51:06,772 - VO - DE - CAR4YOU - 2019-11-01 00:00:00 - ERROR - STAT - expect_column_values_to_not_be_null - MOIS - correctly filled rate (%) - 100.0
2019-11-22 10:51:06,772 - VO - DE - CAR4YOU - 2019-11-01 00:00:00 - ERROR - FILE_VALIDATE - expect_column_values_to_not_be_null - MOIS - True - 1
2019-11-22 10:51:06,772 - VO - DE - CAR4YOU - 2019-11-01 00:00:00 - ERROR - FILE_CHECK - expect_column_values_to_be_between - MOIS - Unexpected value: 0 on line 12, value should be between 1 and 12
2019-11-22 10:51:06,772 - VO - DE - CAR4YOU - 2019-11-01 00:00:00 - ERROR - FILE_CHECK - expect_column_values_to_be_between - MOIS - Unexpected value: 0 on line 14, value should be between 1 and 12
2019-11-22 10:51:06,773 - VO - DE - CAR4YOU - 2019-11-01 00:00:00 - ERROR - FILE_CHECK - expect_column_values_to_be_between - MOIS - Unexpected value: 0 on line 16, value should be between 1 and 12
2019-11-22 10:51:06,773 - VO - DE - CAR4YOU - 2019-11-01 00:00:00 - ERROR - FILE_CHECK - expect_column_values_to_be_between - MOIS - Unexpected value: 0 on line 21, value should be between 1 and 12
2019-11-22 10:51:06,773 - VO - DE - CAR4YOU - 2019-11-01 00:00:00 - ERROR - FILE_CHECK - expect_column_values_to_be_between - MOIS - Unexpected value: 0 on line 23, value should be between 1 and 12
2019-11-22 10:51:06,773 - VO - DE - CAR4YOU - 2019-11-01 00:00:00 - ERROR - FILE_CHECK - expect_column_values_to_be_between - MOIS - Unexpected value: 0 on line 26, value should be between 1 and 12
2019-11-22 10:51:06,773 - VO - DE - CAR4YOU - 2019-11-01 00:00:00 - ERROR - FILE_CHECK - expect_column_values_to_be_between - MOIS - Unexpected value: 0 on line 27, value should be between 1 and 12
2019-11-22 10:51:06,773 - VO - DE - CAR4YOU - 2019-11-01 00:00:00 - ERROR - FILE_CHECK - expect_column_values_to_be_between - MOIS - Unexpected value: 0 on line 34, value should be between 1 and 12
2019-11-22 10:51:06,773 - VO - DE - CAR4YOU - 2019-11-01 00:00:00 - ERROR - FILE_CHECK - expect_column_values_to_be_between - MOIS - Unexpected value: 0 on line 35, value should be between 1 and 12
2019-11-22 10:51:06,773 - VO - DE - CAR4YOU - 2019-11-01 00:00:00 - ERROR - FILE_CHECK - expect_column_values_to_be_between - MOIS - Unexpected value: 0 on line 37, value should be between 1 and 12
2019-11-22 10:51:06,773 - VO - DE - CAR4YOU - 2019-11-01 00:00:00 - ERROR - FILE_CHECK - expect_column_values_to_be_between - MOIS - Unexpected value: 0 on line 39, value should be between 1 and 12
2019-11-22 10:51:06,773 - VO - DE - CAR4YOU - 2019-11-01 00:00:00 - ERROR - FILE_CHECK - expect_column_values_to_be_between - MOIS - Unexpected value: 0 on line 40, value should be between 1 and 12
2019-11-22 10:51:06,773 - VO - DE - CAR4YOU - 2019-11-01 00:00:00 - ERROR - FILE_CHECK - expect_column_values_to_be_between - MOIS - Unexpected value: 0 on line 41, value should be between 1 and 12
2019-11-22 10:51:06,773 - VO - DE - CAR4YOU - 2019-11-01 00:00:00 - ERROR - FILE_CHECK - expect_column_values_to_be_between - MOIS - Unexpected value: 0 on line 42, value should be between 1 and 12
2019-11-22 10:51:06,773 - VO - DE - CAR4YOU - 2019-11-01 00:00:00 - ERROR - FILE_CHECK - expect_column_values_to_be_between - MOIS - Unexpected value: 0 on line 47, value should be between 1 and 12
2019-11-22 10:51:06,773 - VO - DE - CAR4YOU - 2019-11-01 00:00:00 - ERROR - FILE_CHECK - expect_column_values_to_be_between - MOIS - Unexpected value: 0 on line 48, value should be between 1 and 12
2019-11-22 10:51:06,774 - VO - DE - CAR4YOU - 2019-11-01 00:00:00 - ERROR - FILE_CHECK - expect_column_values_to_be_between - MOIS - Unexpected value: 0 on line 50, value should be between 1 and 12
2019-11-22 10:51:06,774 - VO - DE - CAR4YOU - 2019-11-01 00:00:00 - ERROR - FILE_CHECK - expect_column_values_to_be_between - MOIS - Unexpected value: 0 on line 51, value should be between 1 and 12
2019-11-22 10:51:06,774 - VO - DE - CAR4YOU - 2019-11-01 00:00:00 - ERROR - FILE_CHECK - expect_column_values_to_be_between - MOIS - Unexpected value: 0 on line 52, value should be between 1 and 12
2019-11-22 10:51:06,774 - VO - DE - CAR4YOU - 2019-11-01 00:00:00 - ERROR - FILE_CHECK - expect_column_values_to_be_between - MOIS - Unexpected value: 0 on line 53, value should be between 1 and 12
2019-11-22 10:51:06,774 - VO - DE - CAR4YOU - 2019-11-01 00:00:00 - ERROR - STAT - expect_column_values_to_be_between - MOIS - correctly filled rate (%) - 83.51
2019-11-22 10:51:06,774 - VO - DE - CAR4YOU - 2019-11-01 00:00:00 - ERROR - STAT - expect_column_values_to_be_between - MOIS - unexpected count - 8410
2019-11-22 10:51:06,774 - VO - DE - CAR4YOU - 2019-11-01 00:00:00 - ERROR - FILE_VALIDATE - expect_column_values_to_be_between - MOIS - False - 0
2019-11-22 10:51:06,774 - VO - DE - CAR4YOU - 2019-11-01 00:00:00 - ERROR - STAT - expect_column_values_to_match_regex - MOIS - correctly filled rate (%) - 100.0
2019-11-22 10:51:06,774 - VO - DE - CAR4YOU - 2019-11-01 00:00:00 - ERROR - FILE_VALIDATE - expect_column_values_to_match_regex - MOIS - True - 1
2019-11-22 10:51:06,774 - VO - DE - CAR4YOU - 2019-11-01 00:00:00 - ERROR - STAT - expect_column_values_to_not_be_null - NOM - correctly filled rate (%) - 99.97
2019-11-22 10:51:06,774 - VO - DE - CAR4YOU - 2019-11-01 00:00:00 - ERROR - FILE_VALIDATE - expect_column_values_to_not_be_null - NOM - True - 1
2019-11-22 10:51:06,774 - VO - DE - CAR4YOU - 2019-11-01 00:00:00 - ERROR - FILE_CHECK - expect_column_value_lengths_to_be_between - NOM - Unexpected characters count of: [,...] on line  2393, value length should be between 10 and 255
2019-11-22 10:51:06,774 - VO - DE - CAR4YOU - 2019-11-01 00:00:00 - ERROR - FILE_CHECK - expect_column_value_lengths_to_be_between - NOM - Unexpected characters count of: [,...] on line  3313, value length should be between 10 and 255
2019-11-22 10:51:06,774 - VO - DE - CAR4YOU - 2019-11-01 00:00:00 - ERROR - FILE_CHECK - expect_column_value_lengths_to_be_between - NOM - Unexpected characters count of: [MERCEDES-BENZ S 500 ...] on line  5408, value length should be between 10 and 255
2019-11-22 10:51:06,774 - VO - DE - CAR4YOU - 2019-11-01 00:00:00 - ERROR - FILE_CHECK - expect_column_value_lengths_to_be_between - NOM - Unexpected characters count of: [,...] on line  6679, value length should be between 10 and 255
2019-11-22 10:51:06,775 - VO - DE - CAR4YOU - 2019-11-01 00:00:00 - ERROR - FILE_CHECK - expect_column_value_lengths_to_be_between - NOM - Unexpected characters count of: [,...] on line  9447, value length should be between 10 and 255
2019-11-22 10:51:06,775 - VO - DE - CAR4YOU - 2019-11-01 00:00:00 - ERROR - FILE_CHECK - expect_column_value_lengths_to_be_between - NOM - Unexpected characters count of: [,...] on line  15572, value length should be between 10 and 255
2019-11-22 10:51:06,775 - VO - DE - CAR4YOU - 2019-11-01 00:00:00 - ERROR - FILE_CHECK - expect_column_value_lengths_to_be_between - NOM - Unexpected characters count of: [,...] on line  15579, value length should be between 10 and 255
2019-11-22 10:51:06,775 - VO - DE - CAR4YOU - 2019-11-01 00:00:00 - ERROR - FILE_CHECK - expect_column_value_lengths_to_be_between - NOM - Unexpected characters count of: [,...] on line  16195, value length should be between 10 and 255
2019-11-22 10:51:06,775 - VO - DE - CAR4YOU - 2019-11-01 00:00:00 - ERROR - FILE_CHECK - expect_column_value_lengths_to_be_between - NOM - Unexpected characters count of: [,...] on line  17559, value length should be between 10 and 255
2019-11-22 10:51:06,775 - VO - DE - CAR4YOU - 2019-11-01 00:00:00 - ERROR - FILE_CHECK - expect_column_value_lengths_to_be_between - NOM - Unexpected characters count of: [,...] on line  23967, value length should be between 10 and 255
2019-11-22 10:51:06,775 - VO - DE - CAR4YOU - 2019-11-01 00:00:00 - ERROR - FILE_CHECK - expect_column_value_lengths_to_be_between - NOM - Unexpected characters count of: [,...] on line  23969, value length should be between 10 and 255
2019-11-22 10:51:06,775 - VO - DE - CAR4YOU - 2019-11-01 00:00:00 - ERROR - FILE_CHECK - expect_column_value_lengths_to_be_between - NOM - Unexpected characters count of: [,...] on line  23999, value length should be between 10 and 255
2019-11-22 10:51:06,775 - VO - DE - CAR4YOU - 2019-11-01 00:00:00 - ERROR - FILE_CHECK - expect_column_value_lengths_to_be_between - NOM - Unexpected characters count of: [,...] on line  26245, value length should be between 10 and 255
2019-11-22 10:51:06,775 - VO - DE - CAR4YOU - 2019-11-01 00:00:00 - ERROR - FILE_CHECK - expect_column_value_lengths_to_be_between - NOM - Unexpected characters count of: [FORD Galaxy 2.0 EcoB...] on line  34267, value length should be between 10 and 255
2019-11-22 10:51:06,775 - VO - DE - CAR4YOU - 2019-11-01 00:00:00 - ERROR - FILE_CHECK - expect_column_value_lengths_to_be_between - NOM - Unexpected characters count of: [PEUGEOT 308 SW 1.2 F...] on line  34538, value length should be between 10 and 255
2019-11-22 10:51:06,775 - VO - DE - CAR4YOU - 2019-11-01 00:00:00 - ERROR - FILE_CHECK - expect_column_value_lengths_to_be_between - NOM - Unexpected characters count of: [PEUGEOT 308 SW 1.2 F...] on line  34539, value length should be between 10 and 255
2019-11-22 10:51:06,775 - VO - DE - CAR4YOU - 2019-11-01 00:00:00 - ERROR - FILE_CHECK - expect_column_value_lengths_to_be_between - NOM - Unexpected characters count of: [MERCEDES-BENZ S 350 ...] on line  34594, value length should be between 10 and 255
2019-11-22 10:51:06,775 - VO - DE - CAR4YOU - 2019-11-01 00:00:00 - ERROR - FILE_CHECK - expect_column_value_lengths_to_be_between - NOM - Unexpected characters count of: [MERCEDES-BENZ S 350 ...] on line  34595, value length should be between 10 and 255
2019-11-22 10:51:06,776 - VO - DE - CAR4YOU - 2019-11-01 00:00:00 - ERROR - FILE_CHECK - expect_column_value_lengths_to_be_between - NOM - Unexpected characters count of: [OPEL Astra K ST 1.4 ...] on line  35640, value length should be between 10 and 255
2019-11-22 10:51:06,776 - VO - DE - CAR4YOU - 2019-11-01 00:00:00 - ERROR - FILE_CHECK - expect_column_value_lengths_to_be_between - NOM - Unexpected characters count of: [NISSAN Qashqai 1.3 T...] on line  35792, value length should be between 10 and 255
2019-11-22 10:51:06,776 - VO - DE - CAR4YOU - 2019-11-01 00:00:00 - ERROR - STAT - expect_column_value_lengths_to_be_between - NOM - correctly filled rate (%) - 99.67
2019-11-22 10:51:06,776 - VO - DE - CAR4YOU - 2019-11-01 00:00:00 - ERROR - FILE_VALIDATE - expect_column_value_lengths_to_be_between - NOM - False - 0
2019-11-22 10:51:06,776 - VO - DE - CAR4YOU - 2019-11-01 00:00:00 - ERROR - STAT - expect_column_values_to_not_be_null - OPTIONS - correctly filled rate (%) - 99.49
2019-11-22 10:51:06,776 - VO - DE - CAR4YOU - 2019-11-01 00:00:00 - ERROR - FILE_VALIDATE - expect_column_values_to_not_be_null - OPTIONS - True - 1
2019-11-22 10:51:06,776 - VO - DE - CAR4YOU - 2019-11-01 00:00:00 - ERROR - FILE_CHECK - expect_column_value_lengths_to_be_between - OPTIONS - Unexpected characters count of: [5 Airbags  Radio / C...] on line  0, value length should be between 0 and 255
2019-11-22 10:51:06,776 - VO - DE - CAR4YOU - 2019-11-01 00:00:00 - ERROR - FILE_CHECK - expect_column_value_lengths_to_be_between - OPTIONS - Unexpected characters count of: [5 Airbags  Radio / C...] on line  1, value length should be between 0 and 255
2019-11-22 10:51:06,776 - VO - DE - CAR4YOU - 2019-11-01 00:00:00 - ERROR - FILE_CHECK - expect_column_value_lengths_to_be_between - OPTIONS - Unexpected characters count of: [5 Airbags  Radio / C...] on line  2, value length should be between 0 and 255
2019-11-22 10:51:06,776 - VO - DE - CAR4YOU - 2019-11-01 00:00:00 - ERROR - FILE_CHECK - expect_column_value_lengths_to_be_between - OPTIONS - Unexpected characters count of: [5 Airbags  Radio  Kl...] on line  3, value length should be between 0 and 255
2019-11-22 10:51:06,776 - VO - DE - CAR4YOU - 2019-11-01 00:00:00 - ERROR - FILE_CHECK - expect_column_value_lengths_to_be_between - OPTIONS - Unexpected characters count of: [5 Airbags  Radio / C...] on line  4, value length should be between 0 and 255
2019-11-22 10:51:06,776 - VO - DE - CAR4YOU - 2019-11-01 00:00:00 - ERROR - FILE_CHECK - expect_column_value_lengths_to_be_between - OPTIONS - Unexpected characters count of: [5 Airbags  Radio / C...] on line  5, value length should be between 0 and 255
2019-11-22 10:51:06,776 - VO - DE - CAR4YOU - 2019-11-01 00:00:00 - ERROR - FILE_CHECK - expect_column_value_lengths_to_be_between - OPTIONS - Unexpected characters count of: [5 Airbags  Radio  Na...] on line  6, value length should be between 0 and 255
2019-11-22 10:51:06,776 - VO - DE - CAR4YOU - 2019-11-01 00:00:00 - ERROR - FILE_CHECK - expect_column_value_lengths_to_be_between - OPTIONS - Unexpected characters count of: [5 Airbags  Radio  Kl...] on line  7, value length should be between 0 and 255
2019-11-22 10:51:06,776 - VO - DE - CAR4YOU - 2019-11-01 00:00:00 - ERROR - FILE_CHECK - expect_column_value_lengths_to_be_between - OPTIONS - Unexpected characters count of: [4 Airbags  Radio / C...] on line  8, value length should be between 0 and 255
2019-11-22 10:51:06,777 - VO - DE - CAR4YOU - 2019-11-01 00:00:00 - ERROR - FILE_CHECK - expect_column_value_lengths_to_be_between - OPTIONS - Unexpected characters count of: [5 Airbags  Radio  Kl...] on line  9, value length should be between 0 and 255
2019-11-22 10:51:06,777 - VO - DE - CAR4YOU - 2019-11-01 00:00:00 - ERROR - FILE_CHECK - expect_column_value_lengths_to_be_between - OPTIONS - Unexpected characters count of: [5 Airbags  Radio  Na...] on line  10, value length should be between 0 and 255
2019-11-22 10:51:06,777 - VO - DE - CAR4YOU - 2019-11-01 00:00:00 - ERROR - FILE_CHECK - expect_column_value_lengths_to_be_between - OPTIONS - Unexpected characters count of: [5 Airbags  Radio / C...] on line  11, value length should be between 0 and 255
2019-11-22 10:51:06,777 - VO - DE - CAR4YOU - 2019-11-01 00:00:00 - ERROR - FILE_CHECK - expect_column_value_lengths_to_be_between - OPTIONS - Unexpected characters count of: [5 Airbags  Radio  Kl...] on line  12, value length should be between 0 and 255
2019-11-22 10:51:06,777 - VO - DE - CAR4YOU - 2019-11-01 00:00:00 - ERROR - FILE_CHECK - expect_column_value_lengths_to_be_between - OPTIONS - Unexpected characters count of: [5 Airbags  Radio / C...] on line  13, value length should be between 0 and 255
2019-11-22 10:51:06,777 - VO - DE - CAR4YOU - 2019-11-01 00:00:00 - ERROR - FILE_CHECK - expect_column_value_lengths_to_be_between - OPTIONS - Unexpected characters count of: [5 Airbags  Radio / C...] on line  14, value length should be between 0 and 255
2019-11-22 10:51:06,777 - VO - DE - CAR4YOU - 2019-11-01 00:00:00 - ERROR - FILE_CHECK - expect_column_value_lengths_to_be_between - OPTIONS - Unexpected characters count of: [5 Airbags  Radio  Kl...] on line  15, value length should be between 0 and 255
2019-11-22 10:51:06,777 - VO - DE - CAR4YOU - 2019-11-01 00:00:00 - ERROR - FILE_CHECK - expect_column_value_lengths_to_be_between - OPTIONS - Unexpected characters count of: [5 Airbags  Radio / C...] on line  16, value length should be between 0 and 255
2019-11-22 10:51:06,777 - VO - DE - CAR4YOU - 2019-11-01 00:00:00 - ERROR - FILE_CHECK - expect_column_value_lengths_to_be_between - OPTIONS - Unexpected characters count of: [2 Airbags  Radio  Na...] on line  17, value length should be between 0 and 255
2019-11-22 10:51:06,777 - VO - DE - CAR4YOU - 2019-11-01 00:00:00 - ERROR - FILE_CHECK - expect_column_value_lengths_to_be_between - OPTIONS - Unexpected characters count of: [5 Airbags  Radio  Kl...] on line  18, value length should be between 0 and 255
2019-11-22 10:51:06,777 - VO - DE - CAR4YOU - 2019-11-01 00:00:00 - ERROR - FILE_CHECK - expect_column_value_lengths_to_be_between - OPTIONS - Unexpected characters count of: [5 Airbags  Radio  Kl...] on line  19, value length should be between 0 and 255
2019-11-22 10:51:06,777 - VO - DE - CAR4YOU - 2019-11-01 00:00:00 - ERROR - STAT - expect_column_value_lengths_to_be_between - OPTIONS - correctly filled rate (%) - 5.83
2019-11-22 10:51:06,777 - VO - DE - CAR4YOU - 2019-11-01 00:00:00 - ERROR - FILE_VALIDATE - expect_column_value_lengths_to_be_between - OPTIONS - False - 0
2019-11-22 10:51:06,777 - VO - DE - CAR4YOU - 2019-11-01 00:00:00 - ERROR - STAT - expect_column_values_to_be_in_type_list - PHOTO - correctly filled rate (%) - 100.0
2019-11-22 10:51:06,778 - VO - DE - CAR4YOU - 2019-11-01 00:00:00 - ERROR - FILE_VALIDATE - expect_column_values_to_be_in_type_list - PHOTO - True - 1
2019-11-22 10:51:06,778 - VO - DE - CAR4YOU - 2019-11-01 00:00:00 - ERROR - STAT - expect_column_values_to_not_be_null - PHOTO - correctly filled rate (%) - 100.0
2019-11-22 10:51:06,778 - VO - DE - CAR4YOU - 2019-11-01 00:00:00 - ERROR - FILE_VALIDATE - expect_column_values_to_not_be_null - PHOTO - True - 1
2019-11-22 10:51:06,778 - VO - DE - CAR4YOU - 2019-11-01 00:00:00 - ERROR - STAT - expect_column_values_to_not_be_null - PLACE - correctly filled rate (%) - 0.0
2019-11-22 10:51:06,778 - VO - DE - CAR4YOU - 2019-11-01 00:00:00 - ERROR - FILE_VALIDATE - expect_column_values_to_not_be_null - PLACE - False - 0
2019-11-22 10:51:06,778 - VO - DE - CAR4YOU - 2019-11-01 00:00:00 - ERROR - STAT - expect_column_values_to_not_be_null - PORTE - correctly filled rate (%) - 0.0
2019-11-22 10:51:06,778 - VO - DE - CAR4YOU - 2019-11-01 00:00:00 - ERROR - FILE_VALIDATE - expect_column_values_to_not_be_null - PORTE - False - 0
2019-11-22 10:51:06,778 - VO - DE - CAR4YOU - 2019-11-01 00:00:00 - ERROR - STAT - expect_column_values_to_be_in_type_list - PRIX - correctly filled rate (%) - 100.0
2019-11-22 10:51:06,778 - VO - DE - CAR4YOU - 2019-11-01 00:00:00 - ERROR - FILE_VALIDATE - expect_column_values_to_be_in_type_list - PRIX - True - 1
2019-11-22 10:51:06,778 - VO - DE - CAR4YOU - 2019-11-01 00:00:00 - ERROR - STAT - expect_column_values_to_not_be_null - PRIX - correctly filled rate (%) - 100.0
2019-11-22 10:51:06,778 - VO - DE - CAR4YOU - 2019-11-01 00:00:00 - ERROR - FILE_VALIDATE - expect_column_values_to_not_be_null - PRIX - True - 1
2019-11-22 10:51:06,778 - VO - DE - CAR4YOU - 2019-11-01 00:00:00 - ERROR - STAT - expect_column_values_to_not_be_null - PROVINCE - correctly filled rate (%) - 0.0
2019-11-22 10:51:06,778 - VO - DE - CAR4YOU - 2019-11-01 00:00:00 - ERROR - FILE_VALIDATE - expect_column_values_to_not_be_null - PROVINCE - False - 0
2019-11-22 10:51:06,778 - VO - DE - CAR4YOU - 2019-11-01 00:00:00 - ERROR - STAT - expect_column_values_to_not_be_null - SITE - correctly filled rate (%) - 100.0
2019-11-22 10:51:06,779 - VO - DE - CAR4YOU - 2019-11-01 00:00:00 - ERROR - FILE_VALIDATE - expect_column_values_to_not_be_null - SITE - True - 1
2019-11-22 10:51:06,779 - VO - DE - CAR4YOU - 2019-11-01 00:00:00 - ERROR - STAT - expect_column_values_to_not_be_null - TELEPHONE - correctly filled rate (%) - 99.78
2019-11-22 10:51:06,779 - VO - DE - CAR4YOU - 2019-11-01 00:00:00 - ERROR - FILE_VALIDATE - expect_column_values_to_not_be_null - TELEPHONE - True - 1
2019-11-22 10:51:06,779 - VO - DE - CAR4YOU - 2019-11-01 00:00:00 - ERROR - STAT - expect_column_values_to_be_phone_number - TELEPHONE - correctly filled rate (%) - 98.91
2019-11-22 10:51:06,779 - VO - DE - CAR4YOU - 2019-11-01 00:00:00 - ERROR - FILE_VALIDATE - expect_column_values_to_be_phone_number - TELEPHONE - True - 1
2019-11-22 10:51:06,779 - VO - DE - CAR4YOU - 2019-11-01 00:00:00 - ERROR - STAT - expect_column_values_to_not_be_null - TYPE - correctly filled rate (%) - 99.97
2019-11-22 10:51:06,779 - VO - DE - CAR4YOU - 2019-11-01 00:00:00 - ERROR - FILE_VALIDATE - expect_column_values_to_not_be_null - TYPE - True - 1
2019-11-22 10:51:06,779 - VO - DE - CAR4YOU - 2019-11-01 00:00:00 - ERROR - STAT - expect_column_values_to_be_in_set_2 - TYPE - observed proportion - 100.0
2019-11-22 10:51:06,779 - VO - DE - CAR4YOU - 2019-11-01 00:00:00 - ERROR - STAT - expect_column_values_to_not_be_null - VILLE - correctly filled rate (%) - 99.74
2019-11-22 10:51:06,779 - VO - DE - CAR4YOU - 2019-11-01 00:00:00 - ERROR - FILE_VALIDATE - expect_column_values_to_not_be_null - VILLE - True - 1
2019-11-22 10:51:06,779 - VO - DE - CAR4YOU - 2019-11-01 00:00:00 - ERROR - STAT - expect_column_values_to_not_be_null - VN_IND - correctly filled rate (%) - 100.0
2019-11-22 10:51:06,779 - VO - DE - CAR4YOU - 2019-11-01 00:00:00 - ERROR - FILE_VALIDATE - expect_column_values_to_not_be_null - VN_IND - True - 1
2019-11-22 10:51:06,779 - VO - DE - CAR4YOU - 2019-11-01 00:00:00 - ERROR - STAT - expect_column_values_to_be_in_set - VN_IND - correctly filled rate (%) - 100.0
2019-11-22 10:51:06,779 - VO - DE - CAR4YOU - 2019-11-01 00:00:00 - ERROR - FILE_VALIDATE - expect_column_values_to_be_in_set - VN_IND - True - 1
2019-11-22 10:51:06,780 - VO - DE - CAR4YOU - 2019-11-01 00:00:00 - ERROR - STAT - expect_returning_row_unique_count - MARQUE_CORRECTED - total number of unique rows - 79
2019-11-22 10:51:06,780 - VO - DE - CAR4YOU - 2019-11-01 00:00:00 - ERROR - STAT - expect_returning_row_unique_count - MODELE_CORRECTED - total number of unique rows - 793
2019-11-22 10:51:06,780 - VO - DE - CAR4YOU - 2019-11-01 00:00:00 - ERROR - STAT - expect_returning_row_unique_count - CARROSSERIE - total number of unique rows - 0
2019-11-22 10:51:06,780 - VO - DE - CAR4YOU - 2019-11-01 00:00:00 - ERROR - STAT - expect_returning_row_unique_count - CARBURANT - total number of unique rows - 8
2019-11-22 10:51:06,780 - VO - DE - CAR4YOU - 2019-11-01 00:00:00 - ERROR - STAT - expect_column_values_to_not_be_null - CYLINDRE - correctly filled rate (%) - 97.25
2019-11-22 10:51:06,780 - VO - DE - CAR4YOU - 2019-11-01 00:00:00 - ERROR - FILE_VALIDATE - expect_column_values_to_not_be_null - CYLINDRE - True - 1
2019-11-22 10:51:06,780 - VO - DE - CAR4YOU - 2019-11-01 00:00:00 - ERROR - FILE_CHECK - expect_column_values_to_be_in_type_list - CYLINDRE - Wrong type for value: 1461.0 on line 0 should be in ['int']
2019-11-22 10:51:06,780 - VO - DE - CAR4YOU - 2019-11-01 00:00:00 - ERROR - FILE_CHECK - expect_column_values_to_be_in_type_list - CYLINDRE - Wrong type for value: 1364.0 on line 1 should be in ['int']
2019-11-22 10:51:06,780 - VO - DE - CAR4YOU - 2019-11-01 00:00:00 - ERROR - FILE_CHECK - expect_column_values_to_be_in_type_list - CYLINDRE - Wrong type for value: 1197.0 on line 2 should be in ['int']
2019-11-22 10:51:06,780 - VO - DE - CAR4YOU - 2019-11-01 00:00:00 - ERROR - FILE_CHECK - expect_column_values_to_be_in_type_list - CYLINDRE - Wrong type for value: 1399.0 on line 3 should be in ['int']
2019-11-22 10:51:06,780 - VO - DE - CAR4YOU - 2019-11-01 00:00:00 - ERROR - FILE_CHECK - expect_column_values_to_be_in_type_list - CYLINDRE - Wrong type for value: 1598.0 on line 4 should be in ['int']
2019-11-22 10:51:06,780 - VO - DE - CAR4YOU - 2019-11-01 00:00:00 - ERROR - FILE_CHECK - expect_column_values_to_be_in_type_list - CYLINDRE - Wrong type for value: 898.0 on line 5 should be in ['int']
2019-11-22 10:51:06,780 - VO - DE - CAR4YOU - 2019-11-01 00:00:00 - ERROR - FILE_CHECK - expect_column_values_to_be_in_type_list - CYLINDRE - Wrong type for value: 1560.0 on line 6 should be in ['int']
2019-11-22 10:51:06,780 - VO - DE - CAR4YOU - 2019-11-01 00:00:00 - ERROR - FILE_CHECK - expect_column_values_to_be_in_type_list - CYLINDRE - Wrong type for value: 1199.0 on line 7 should be in ['int']
2019-11-22 10:51:06,781 - VO - DE - CAR4YOU - 2019-11-01 00:00:00 - ERROR - FILE_CHECK - expect_column_values_to_be_in_type_list - CYLINDRE - Wrong type for value: 1598.0 on line 8 should be in ['int']
2019-11-22 10:51:06,781 - VO - DE - CAR4YOU - 2019-11-01 00:00:00 - ERROR - FILE_CHECK - expect_column_values_to_be_in_type_list - CYLINDRE - Wrong type for value: 999.0 on line 9 should be in ['int']
2019-11-22 10:51:06,781 - VO - DE - CAR4YOU - 2019-11-01 00:00:00 - ERROR - FILE_CHECK - expect_column_values_to_be_in_type_list - CYLINDRE - Wrong type for value: 1598.0 on line 10 should be in ['int']
2019-11-22 10:51:06,781 - VO - DE - CAR4YOU - 2019-11-01 00:00:00 - ERROR - FILE_CHECK - expect_column_values_to_be_in_type_list - CYLINDRE - Wrong type for value: 1598.0 on line 11 should be in ['int']
2019-11-22 10:51:06,781 - VO - DE - CAR4YOU - 2019-11-01 00:00:00 - ERROR - FILE_CHECK - expect_column_values_to_be_in_type_list - CYLINDRE - Wrong type for value: 1398.0 on line 12 should be in ['int']
2019-11-22 10:51:06,781 - VO - DE - CAR4YOU - 2019-11-01 00:00:00 - ERROR - FILE_CHECK - expect_column_values_to_be_in_type_list - CYLINDRE - Wrong type for value: 1560.0 on line 13 should be in ['int']
2019-11-22 10:51:06,781 - VO - DE - CAR4YOU - 2019-11-01 00:00:00 - ERROR - FILE_CHECK - expect_column_values_to_be_in_type_list - CYLINDRE - Wrong type for value: 1749.0 on line 14 should be in ['int']
2019-11-22 10:51:06,781 - VO - DE - CAR4YOU - 2019-11-01 00:00:00 - ERROR - FILE_CHECK - expect_column_values_to_be_in_type_list - CYLINDRE - Wrong type for value: 1398.0 on line 15 should be in ['int']
2019-11-22 10:51:06,781 - VO - DE - CAR4YOU - 2019-11-01 00:00:00 - ERROR - FILE_CHECK - expect_column_values_to_be_in_type_list - CYLINDRE - Wrong type for value: 1332.0 on line 16 should be in ['int']
2019-11-22 10:51:06,781 - VO - DE - CAR4YOU - 2019-11-01 00:00:00 - ERROR - FILE_CHECK - expect_column_values_to_be_in_type_list - CYLINDRE - Wrong type for value: 1598.0 on line 17 should be in ['int']
2019-11-22 10:51:06,781 - VO - DE - CAR4YOU - 2019-11-01 00:00:00 - ERROR - FILE_CHECK - expect_column_values_to_be_in_type_list - CYLINDRE - Wrong type for value: 1398.0 on line 18 should be in ['int']
2019-11-22 10:51:06,781 - VO - DE - CAR4YOU - 2019-11-01 00:00:00 - ERROR - FILE_CHECK - expect_column_values_to_be_in_type_list - CYLINDRE - Wrong type for value: 1398.0 on line 19 should be in ['int']
2019-11-22 10:51:06,781 - VO - DE - CAR4YOU - 2019-11-01 00:00:00 - ERROR - STAT - expect_column_values_to_be_in_type_list - CYLINDRE - correctly filled rate (%) - 0.0
2019-11-22 10:51:06,781 - VO - DE - CAR4YOU - 2019-11-01 00:00:00 - ERROR - FILE_VALIDATE - expect_column_values_to_be_in_type_list - CYLINDRE - False - 0
2019-11-22 10:51:06,782 - VO - DE - CAR4YOU - 2019-11-01 00:00:00 - ERROR - STAT - expect_returning_row_unique_count - PROVINCE - total number of unique rows - 0
2019-11-22 10:51:06,782 - VO - DE - CAR4YOU - 2019-11-01 00:00:00 - ERROR - STAT - expect_returning_row_unique_count - VILLE - total number of unique rows - 481
2019-11-22 10:51:06,782 - VO - DE - CAR4YOU - 2019-11-01 00:00:00 - ERROR - STAT - expect_returning_row_unique_count - DEPARTEMENT - total number of unique rows - 0
2019-11-22 10:51:06,782 - VO - DE - CAR4YOU - 2019-11-01 00:00:00 - ERROR - STAT - expect_returning_row_count_on_conditions - DEALER_USEDCARS - total number of row with conditions - 42702
2019-11-22 10:51:06,782 - VO - DE - CAR4YOU - 2019-11-01 00:00:00 - ERROR - STAT - expect_returning_row_count_on_conditions - PRIVATE_USEDCARS - total number of row with conditions - 0
2019-11-22 10:51:06,782 - VO - DE - CAR4YOU - 2019-11-01 00:00:00 - ERROR - STAT - expect_returning_row_count_on_conditions - DEALER_NEWCARS - total number of row with conditions - 8275
