2019-10-20 10:53:48,716 - VO - DE - KLEINANZEIGEN - 2019-10-01 00:00:00 - ERROR - FILE_VALIDATE - expect_file_to_be_validated - EVERY_COLUMNS - False - 0
2019-10-20 10:53:48,716 - VO - DE - KLEINANZEIGEN - 2019-10-01 00:00:00 - ERROR - STAT - expect_column_values_to_not_be_null - ADRESSE - correctly filled rate (%) - 42.6
2019-10-20 10:53:48,716 - VO - DE - KLEINANZEIGEN - 2019-10-01 00:00:00 - ERROR - FILE_VALIDATE - expect_column_values_to_not_be_null - ADRESSE - False - 0
2019-10-20 10:53:48,716 - VO - DE - KLEINANZEIGEN - 2019-10-01 00:00:00 - ERROR - STAT - expect_column_values_to_be_in_type_list - ANNEE - correctly filled rate (%) - 100.0
2019-10-20 10:53:48,716 - VO - DE - KLEINANZEIGEN - 2019-10-01 00:00:00 - ERROR - FILE_VALIDATE - expect_column_values_to_be_in_type_list - ANNEE - True - 1
2019-10-20 10:53:48,716 - VO - DE - KLEINANZEIGEN - 2019-10-01 00:00:00 - ERROR - STAT - expect_column_values_to_be_between - ANNEE - correctly filled rate (%) - 96.33
2019-10-20 10:53:48,716 - VO - DE - KLEINANZEIGEN - 2019-10-01 00:00:00 - ERROR - STAT - expect_column_values_to_be_between - ANNEE - unexpected count - 21647
2019-10-20 10:53:48,716 - VO - DE - KLEINANZEIGEN - 2019-10-01 00:00:00 - ERROR - FILE_VALIDATE - expect_column_values_to_be_between - ANNEE - True - 1
2019-10-20 10:53:48,716 - VO - DE - KLEINANZEIGEN - 2019-10-01 00:00:00 - ERROR - STAT - expect_column_values_to_not_be_null - ANNEE - correctly filled rate (%) - 100.0
2019-10-20 10:53:48,716 - VO - DE - KLEINANZEIGEN - 2019-10-01 00:00:00 - ERROR - FILE_VALIDATE - expect_column_values_to_not_be_null - ANNEE - True - 1
2019-10-20 10:53:48,716 - VO - DE - KLEINANZEIGEN - 2019-10-01 00:00:00 - ERROR - FILE_CHECK - expect_column_values_to_match_regex - ANNEE - Unexpected value: 0 on line 546, value should match regexp ^[0-9]{4}$
2019-10-20 10:53:48,717 - VO - DE - KLEINANZEIGEN - 2019-10-01 00:00:00 - ERROR - FILE_CHECK - expect_column_values_to_match_regex - ANNEE - Unexpected value: 0 on line 643, value should match regexp ^[0-9]{4}$
2019-10-20 10:53:48,717 - VO - DE - KLEINANZEIGEN - 2019-10-01 00:00:00 - ERROR - FILE_CHECK - expect_column_values_to_match_regex - ANNEE - Unexpected value: 0 on line 2291, value should match regexp ^[0-9]{4}$
2019-10-20 10:53:48,717 - VO - DE - KLEINANZEIGEN - 2019-10-01 00:00:00 - ERROR - FILE_CHECK - expect_column_values_to_match_regex - ANNEE - Unexpected value: 0 on line 2753, value should match regexp ^[0-9]{4}$
2019-10-20 10:53:48,717 - VO - DE - KLEINANZEIGEN - 2019-10-01 00:00:00 - ERROR - FILE_CHECK - expect_column_values_to_match_regex - ANNEE - Unexpected value: 0 on line 3117, value should match regexp ^[0-9]{4}$
2019-10-20 10:53:48,717 - VO - DE - KLEINANZEIGEN - 2019-10-01 00:00:00 - ERROR - FILE_CHECK - expect_column_values_to_match_regex - ANNEE - Unexpected value: 0 on line 3977, value should match regexp ^[0-9]{4}$
2019-10-20 10:53:48,717 - VO - DE - KLEINANZEIGEN - 2019-10-01 00:00:00 - ERROR - FILE_CHECK - expect_column_values_to_match_regex - ANNEE - Unexpected value: 0 on line 4106, value should match regexp ^[0-9]{4}$
2019-10-20 10:53:48,717 - VO - DE - KLEINANZEIGEN - 2019-10-01 00:00:00 - ERROR - FILE_CHECK - expect_column_values_to_match_regex - ANNEE - Unexpected value: 0 on line 5204, value should match regexp ^[0-9]{4}$
2019-10-20 10:53:48,717 - VO - DE - KLEINANZEIGEN - 2019-10-01 00:00:00 - ERROR - FILE_CHECK - expect_column_values_to_match_regex - ANNEE - Unexpected value: 0 on line 5309, value should match regexp ^[0-9]{4}$
2019-10-20 10:53:48,717 - VO - DE - KLEINANZEIGEN - 2019-10-01 00:00:00 - ERROR - FILE_CHECK - expect_column_values_to_match_regex - ANNEE - Unexpected value: 0 on line 5883, value should match regexp ^[0-9]{4}$
2019-10-20 10:53:48,717 - VO - DE - KLEINANZEIGEN - 2019-10-01 00:00:00 - ERROR - FILE_CHECK - expect_column_values_to_match_regex - ANNEE - Unexpected value: 0 on line 5936, value should match regexp ^[0-9]{4}$
2019-10-20 10:53:48,717 - VO - DE - KLEINANZEIGEN - 2019-10-01 00:00:00 - ERROR - FILE_CHECK - expect_column_values_to_match_regex - ANNEE - Unexpected value: 0 on line 5981, value should match regexp ^[0-9]{4}$
2019-10-20 10:53:48,717 - VO - DE - KLEINANZEIGEN - 2019-10-01 00:00:00 - ERROR - FILE_CHECK - expect_column_values_to_match_regex - ANNEE - Unexpected value: 0 on line 6679, value should match regexp ^[0-9]{4}$
2019-10-20 10:53:48,717 - VO - DE - KLEINANZEIGEN - 2019-10-01 00:00:00 - ERROR - FILE_CHECK - expect_column_values_to_match_regex - ANNEE - Unexpected value: 0 on line 6860, value should match regexp ^[0-9]{4}$
2019-10-20 10:53:48,717 - VO - DE - KLEINANZEIGEN - 2019-10-01 00:00:00 - ERROR - FILE_CHECK - expect_column_values_to_match_regex - ANNEE - Unexpected value: 0 on line 7367, value should match regexp ^[0-9]{4}$
2019-10-20 10:53:48,717 - VO - DE - KLEINANZEIGEN - 2019-10-01 00:00:00 - ERROR - FILE_CHECK - expect_column_values_to_match_regex - ANNEE - Unexpected value: 0 on line 7528, value should match regexp ^[0-9]{4}$
2019-10-20 10:53:48,717 - VO - DE - KLEINANZEIGEN - 2019-10-01 00:00:00 - ERROR - FILE_CHECK - expect_column_values_to_match_regex - ANNEE - Unexpected value: 0 on line 7751, value should match regexp ^[0-9]{4}$
2019-10-20 10:53:48,717 - VO - DE - KLEINANZEIGEN - 2019-10-01 00:00:00 - ERROR - FILE_CHECK - expect_column_values_to_match_regex - ANNEE - Unexpected value: 0 on line 9453, value should match regexp ^[0-9]{4}$
2019-10-20 10:53:48,717 - VO - DE - KLEINANZEIGEN - 2019-10-01 00:00:00 - ERROR - FILE_CHECK - expect_column_values_to_match_regex - ANNEE - Unexpected value: 0 on line 10264, value should match regexp ^[0-9]{4}$
2019-10-20 10:53:48,717 - VO - DE - KLEINANZEIGEN - 2019-10-01 00:00:00 - ERROR - FILE_CHECK - expect_column_values_to_match_regex - ANNEE - Unexpected value: 0 on line 11026, value should match regexp ^[0-9]{4}$
2019-10-20 10:53:48,718 - VO - DE - KLEINANZEIGEN - 2019-10-01 00:00:00 - ERROR - STAT - expect_column_values_to_match_regex - ANNEE - correctly filled rate (%) - 98.25
2019-10-20 10:53:48,718 - VO - DE - KLEINANZEIGEN - 2019-10-01 00:00:00 - ERROR - FILE_VALIDATE - expect_column_values_to_match_regex - ANNEE - False - 0
2019-10-20 10:53:48,718 - VO - DE - KLEINANZEIGEN - 2019-10-01 00:00:00 - ERROR - STAT - expect_column_values_to_not_be_null - ANNONCE_LINK - correctly filled rate (%) - 100.0
2019-10-20 10:53:48,718 - VO - DE - KLEINANZEIGEN - 2019-10-01 00:00:00 - ERROR - FILE_VALIDATE - expect_column_values_to_not_be_null - ANNONCE_LINK - True - 1
2019-10-20 10:53:48,718 - VO - DE - KLEINANZEIGEN - 2019-10-01 00:00:00 - ERROR - STAT - expect_column_values_to_be_unique - ANNONCE_LINK - observed proportion - 100.0
2019-10-20 10:53:48,718 - VO - DE - KLEINANZEIGEN - 2019-10-01 00:00:00 - ERROR - FILE_VALIDATE - expect_column_values_to_be_unique - ANNONCE_LINK - True - 1
2019-10-20 10:53:48,718 - VO - DE - KLEINANZEIGEN - 2019-10-01 00:00:00 - ERROR - STAT - expect_column_values_to_not_be_null - CARBURANT - correctly filled rate (%) - 95.93
2019-10-20 10:53:48,718 - VO - DE - KLEINANZEIGEN - 2019-10-01 00:00:00 - ERROR - FILE_VALIDATE - expect_column_values_to_not_be_null - CARBURANT - True - 1
2019-10-20 10:53:48,718 - VO - DE - KLEINANZEIGEN - 2019-10-01 00:00:00 - ERROR - STAT - expect_column_values_to_not_be_null - CARROSSERIE - correctly filled rate (%) - 0.0
2019-10-20 10:53:48,718 - VO - DE - KLEINANZEIGEN - 2019-10-01 00:00:00 - ERROR - FILE_VALIDATE - expect_column_values_to_not_be_null - CARROSSERIE - False - 0
2019-10-20 10:53:48,718 - VO - DE - KLEINANZEIGEN - 2019-10-01 00:00:00 - ERROR - STAT - expect_column_values_to_not_be_null - CP - correctly filled rate (%) - 98.28
2019-10-20 10:53:48,718 - VO - DE - KLEINANZEIGEN - 2019-10-01 00:00:00 - ERROR - FILE_VALIDATE - expect_column_values_to_not_be_null - CP - True - 1
2019-10-20 10:53:48,718 - VO - DE - KLEINANZEIGEN - 2019-10-01 00:00:00 - ERROR - STAT - expect_column_values_to_match_regex - CP - correctly filled rate (%) - 100.0
2019-10-20 10:53:48,718 - VO - DE - KLEINANZEIGEN - 2019-10-01 00:00:00 - ERROR - FILE_VALIDATE - expect_column_values_to_match_regex - CP - True - 1
2019-10-20 10:53:48,718 - VO - DE - KLEINANZEIGEN - 2019-10-01 00:00:00 - ERROR - STAT - expect_column_values_to_not_be_null - GARAGE_ID - correctly filled rate (%) - 0.0
2019-10-20 10:53:48,718 - VO - DE - KLEINANZEIGEN - 2019-10-01 00:00:00 - ERROR - FILE_VALIDATE - expect_column_values_to_not_be_null - GARAGE_ID - False - 0
2019-10-20 10:53:48,718 - VO - DE - KLEINANZEIGEN - 2019-10-01 00:00:00 - ERROR - STAT - expect_column_values_to_not_be_null - ID_CLIENT - correctly filled rate (%) - 100.0
2019-10-20 10:53:48,718 - VO - DE - KLEINANZEIGEN - 2019-10-01 00:00:00 - ERROR - FILE_VALIDATE - expect_column_values_to_not_be_null - ID_CLIENT - True - 1
2019-10-20 10:53:48,719 - VO - DE - KLEINANZEIGEN - 2019-10-01 00:00:00 - ERROR - STAT - expect_column_values_to_be_unique - ID_CLIENT - observed proportion - 100.0
2019-10-20 10:53:48,719 - VO - DE - KLEINANZEIGEN - 2019-10-01 00:00:00 - ERROR - FILE_VALIDATE - expect_column_values_to_be_unique - ID_CLIENT - True - 1
2019-10-20 10:53:48,719 - VO - DE - KLEINANZEIGEN - 2019-10-01 00:00:00 - ERROR - STAT - expect_returning_row_count - EVERY_COLUMNS - total number of rows - 589684
2019-10-20 10:53:48,719 - VO - DE - KLEINANZEIGEN - 2019-10-01 00:00:00 - ERROR - STAT - expect_column_values_to_not_be_null - IMMAT - correctly filled rate (%) - 100.0
2019-10-20 10:53:48,719 - VO - DE - KLEINANZEIGEN - 2019-10-01 00:00:00 - ERROR - FILE_VALIDATE - expect_column_values_to_not_be_null - IMMAT - True - 1
2019-10-20 10:53:48,719 - VO - DE - KLEINANZEIGEN - 2019-10-01 00:00:00 - ERROR - STAT - expect_column_values_to_be_in_type_list - KM - correctly filled rate (%) - 100.0
2019-10-20 10:53:48,719 - VO - DE - KLEINANZEIGEN - 2019-10-01 00:00:00 - ERROR - FILE_VALIDATE - expect_column_values_to_be_in_type_list - KM - True - 1
2019-10-20 10:53:48,719 - VO - DE - KLEINANZEIGEN - 2019-10-01 00:00:00 - ERROR - STAT - expect_column_values_to_not_be_null - KM - correctly filled rate (%) - 100.0
2019-10-20 10:53:48,719 - VO - DE - KLEINANZEIGEN - 2019-10-01 00:00:00 - ERROR - FILE_VALIDATE - expect_column_values_to_not_be_null - KM - True - 1
2019-10-20 10:53:48,719 - VO - DE - KLEINANZEIGEN - 2019-10-01 00:00:00 - ERROR - STAT - expect_column_values_to_be_in_type_list - LITRE - correctly filled rate (%) - 100.0
2019-10-20 10:53:48,719 - VO - DE - KLEINANZEIGEN - 2019-10-01 00:00:00 - ERROR - FILE_VALIDATE - expect_column_values_to_be_in_type_list - LITRE - True - 1
2019-10-20 10:53:48,719 - VO - DE - KLEINANZEIGEN - 2019-10-01 00:00:00 - ERROR - STAT - expect_column_values_to_not_be_null - LITRE - correctly filled rate (%) - 100.0
2019-10-20 10:53:48,719 - VO - DE - KLEINANZEIGEN - 2019-10-01 00:00:00 - ERROR - FILE_VALIDATE - expect_column_values_to_not_be_null - LITRE - True - 1
2019-10-20 10:53:48,719 - VO - DE - KLEINANZEIGEN - 2019-10-01 00:00:00 - ERROR - STAT - expect_column_values_to_not_be_null - MARQUE - correctly filled rate (%) - 100.0
2019-10-20 10:53:48,719 - VO - DE - KLEINANZEIGEN - 2019-10-01 00:00:00 - ERROR - FILE_VALIDATE - expect_column_values_to_not_be_null - MARQUE - True - 1
2019-10-20 10:53:48,719 - VO - DE - KLEINANZEIGEN - 2019-10-01 00:00:00 - ERROR - STAT - expect_column_values_to_not_be_null - MODELE - correctly filled rate (%) - 0.0
2019-10-20 10:53:48,719 - VO - DE - KLEINANZEIGEN - 2019-10-01 00:00:00 - ERROR - FILE_VALIDATE - expect_column_values_to_not_be_null - MODELE - False - 0
2019-10-20 10:53:48,719 - VO - DE - KLEINANZEIGEN - 2019-10-01 00:00:00 - ERROR - STAT - expect_column_values_to_not_be_null - MOIS - correctly filled rate (%) - 100.0
2019-10-20 10:53:48,720 - VO - DE - KLEINANZEIGEN - 2019-10-01 00:00:00 - ERROR - FILE_VALIDATE - expect_column_values_to_not_be_null - MOIS - True - 1
2019-10-20 10:53:48,720 - VO - DE - KLEINANZEIGEN - 2019-10-01 00:00:00 - ERROR - FILE_CHECK - expect_column_values_to_be_between - MOIS - Unexpected value: 0 on line 0, value should be between 1 and 12
2019-10-20 10:53:48,720 - VO - DE - KLEINANZEIGEN - 2019-10-01 00:00:00 - ERROR - FILE_CHECK - expect_column_values_to_be_between - MOIS - Unexpected value: 0 on line 1, value should be between 1 and 12
2019-10-20 10:53:48,720 - VO - DE - KLEINANZEIGEN - 2019-10-01 00:00:00 - ERROR - FILE_CHECK - expect_column_values_to_be_between - MOIS - Unexpected value: 0 on line 2, value should be between 1 and 12
2019-10-20 10:53:48,720 - VO - DE - KLEINANZEIGEN - 2019-10-01 00:00:00 - ERROR - FILE_CHECK - expect_column_values_to_be_between - MOIS - Unexpected value: 0 on line 3, value should be between 1 and 12
2019-10-20 10:53:48,720 - VO - DE - KLEINANZEIGEN - 2019-10-01 00:00:00 - ERROR - FILE_CHECK - expect_column_values_to_be_between - MOIS - Unexpected value: 0 on line 4, value should be between 1 and 12
2019-10-20 10:53:48,720 - VO - DE - KLEINANZEIGEN - 2019-10-01 00:00:00 - ERROR - FILE_CHECK - expect_column_values_to_be_between - MOIS - Unexpected value: 0 on line 5, value should be between 1 and 12
2019-10-20 10:53:48,720 - VO - DE - KLEINANZEIGEN - 2019-10-01 00:00:00 - ERROR - FILE_CHECK - expect_column_values_to_be_between - MOIS - Unexpected value: 0 on line 6, value should be between 1 and 12
2019-10-20 10:53:48,720 - VO - DE - KLEINANZEIGEN - 2019-10-01 00:00:00 - ERROR - FILE_CHECK - expect_column_values_to_be_between - MOIS - Unexpected value: 0 on line 7, value should be between 1 and 12
2019-10-20 10:53:48,720 - VO - DE - KLEINANZEIGEN - 2019-10-01 00:00:00 - ERROR - FILE_CHECK - expect_column_values_to_be_between - MOIS - Unexpected value: 0 on line 8, value should be between 1 and 12
2019-10-20 10:53:48,720 - VO - DE - KLEINANZEIGEN - 2019-10-01 00:00:00 - ERROR - FILE_CHECK - expect_column_values_to_be_between - MOIS - Unexpected value: 0 on line 9, value should be between 1 and 12
2019-10-20 10:53:48,720 - VO - DE - KLEINANZEIGEN - 2019-10-01 00:00:00 - ERROR - FILE_CHECK - expect_column_values_to_be_between - MOIS - Unexpected value: 0 on line 10, value should be between 1 and 12
2019-10-20 10:53:48,720 - VO - DE - KLEINANZEIGEN - 2019-10-01 00:00:00 - ERROR - FILE_CHECK - expect_column_values_to_be_between - MOIS - Unexpected value: 0 on line 11, value should be between 1 and 12
2019-10-20 10:53:48,720 - VO - DE - KLEINANZEIGEN - 2019-10-01 00:00:00 - ERROR - FILE_CHECK - expect_column_values_to_be_between - MOIS - Unexpected value: 0 on line 12, value should be between 1 and 12
2019-10-20 10:53:48,720 - VO - DE - KLEINANZEIGEN - 2019-10-01 00:00:00 - ERROR - FILE_CHECK - expect_column_values_to_be_between - MOIS - Unexpected value: 0 on line 13, value should be between 1 and 12
2019-10-20 10:53:48,720 - VO - DE - KLEINANZEIGEN - 2019-10-01 00:00:00 - ERROR - FILE_CHECK - expect_column_values_to_be_between - MOIS - Unexpected value: 0 on line 14, value should be between 1 and 12
2019-10-20 10:53:48,720 - VO - DE - KLEINANZEIGEN - 2019-10-01 00:00:00 - ERROR - FILE_CHECK - expect_column_values_to_be_between - MOIS - Unexpected value: 0 on line 15, value should be between 1 and 12
2019-10-20 10:53:48,720 - VO - DE - KLEINANZEIGEN - 2019-10-01 00:00:00 - ERROR - FILE_CHECK - expect_column_values_to_be_between - MOIS - Unexpected value: 0 on line 16, value should be between 1 and 12
2019-10-20 10:53:48,721 - VO - DE - KLEINANZEIGEN - 2019-10-01 00:00:00 - ERROR - FILE_CHECK - expect_column_values_to_be_between - MOIS - Unexpected value: 0 on line 17, value should be between 1 and 12
2019-10-20 10:53:48,721 - VO - DE - KLEINANZEIGEN - 2019-10-01 00:00:00 - ERROR - FILE_CHECK - expect_column_values_to_be_between - MOIS - Unexpected value: 0 on line 18, value should be between 1 and 12
2019-10-20 10:53:48,721 - VO - DE - KLEINANZEIGEN - 2019-10-01 00:00:00 - ERROR - FILE_CHECK - expect_column_values_to_be_between - MOIS - Unexpected value: 0 on line 19, value should be between 1 and 12
2019-10-20 10:53:48,721 - VO - DE - KLEINANZEIGEN - 2019-10-01 00:00:00 - ERROR - STAT - expect_column_values_to_be_between - MOIS - correctly filled rate (%) - 0.0
2019-10-20 10:53:48,721 - VO - DE - KLEINANZEIGEN - 2019-10-01 00:00:00 - ERROR - STAT - expect_column_values_to_be_between - MOIS - unexpected count - 589684
2019-10-20 10:53:48,721 - VO - DE - KLEINANZEIGEN - 2019-10-01 00:00:00 - ERROR - FILE_VALIDATE - expect_column_values_to_be_between - MOIS - False - 0
2019-10-20 10:53:48,721 - VO - DE - KLEINANZEIGEN - 2019-10-01 00:00:00 - ERROR - STAT - expect_column_values_to_match_regex - MOIS - correctly filled rate (%) - 100.0
2019-10-20 10:53:48,721 - VO - DE - KLEINANZEIGEN - 2019-10-01 00:00:00 - ERROR - FILE_VALIDATE - expect_column_values_to_match_regex - MOIS - True - 1
2019-10-20 10:53:48,721 - VO - DE - KLEINANZEIGEN - 2019-10-01 00:00:00 - ERROR - STAT - expect_column_values_to_not_be_null - NOM - correctly filled rate (%) - 100.0
2019-10-20 10:53:48,721 - VO - DE - KLEINANZEIGEN - 2019-10-01 00:00:00 - ERROR - FILE_VALIDATE - expect_column_values_to_not_be_null - NOM - True - 1
2019-10-20 10:53:48,721 - VO - DE - KLEINANZEIGEN - 2019-10-01 00:00:00 - ERROR - STAT - expect_column_value_lengths_to_be_between - NOM - correctly filled rate (%) - 100.0
2019-10-20 10:53:48,721 - VO - DE - KLEINANZEIGEN - 2019-10-01 00:00:00 - ERROR - FILE_VALIDATE - expect_column_value_lengths_to_be_between - NOM - True - 1
2019-10-20 10:53:48,721 - VO - DE - KLEINANZEIGEN - 2019-10-01 00:00:00 - ERROR - STAT - expect_column_values_to_not_be_null - OPTIONS - correctly filled rate (%) - 0.0
2019-10-20 10:53:48,721 - VO - DE - KLEINANZEIGEN - 2019-10-01 00:00:00 - ERROR - FILE_VALIDATE - expect_column_values_to_not_be_null - OPTIONS - False - 0
2019-10-20 10:53:48,721 - VO - DE - KLEINANZEIGEN - 2019-10-01 00:00:00 - ERROR - STAT - expect_column_values_to_be_in_type_list - PHOTO - correctly filled rate (%) - 100.0
2019-10-20 10:53:48,721 - VO - DE - KLEINANZEIGEN - 2019-10-01 00:00:00 - ERROR - FILE_VALIDATE - expect_column_values_to_be_in_type_list - PHOTO - True - 1
2019-10-20 10:53:48,721 - VO - DE - KLEINANZEIGEN - 2019-10-01 00:00:00 - ERROR - STAT - expect_column_values_to_not_be_null - PHOTO - correctly filled rate (%) - 100.0
2019-10-20 10:53:48,721 - VO - DE - KLEINANZEIGEN - 2019-10-01 00:00:00 - ERROR - FILE_VALIDATE - expect_column_values_to_not_be_null - PHOTO - True - 1
2019-10-20 10:53:48,722 - VO - DE - KLEINANZEIGEN - 2019-10-01 00:00:00 - ERROR - STAT - expect_column_values_to_not_be_null - PLACE - correctly filled rate (%) - 0.0
2019-10-20 10:53:48,722 - VO - DE - KLEINANZEIGEN - 2019-10-01 00:00:00 - ERROR - FILE_VALIDATE - expect_column_values_to_not_be_null - PLACE - False - 0
2019-10-20 10:53:48,722 - VO - DE - KLEINANZEIGEN - 2019-10-01 00:00:00 - ERROR - STAT - expect_column_values_to_not_be_null - PORTE - correctly filled rate (%) - 0.0
2019-10-20 10:53:48,722 - VO - DE - KLEINANZEIGEN - 2019-10-01 00:00:00 - ERROR - FILE_VALIDATE - expect_column_values_to_not_be_null - PORTE - False - 0
2019-10-20 10:53:48,722 - VO - DE - KLEINANZEIGEN - 2019-10-01 00:00:00 - ERROR - STAT - expect_column_values_to_be_in_type_list - PRIX - correctly filled rate (%) - 100.0
2019-10-20 10:53:48,722 - VO - DE - KLEINANZEIGEN - 2019-10-01 00:00:00 - ERROR - FILE_VALIDATE - expect_column_values_to_be_in_type_list - PRIX - True - 1
2019-10-20 10:53:48,722 - VO - DE - KLEINANZEIGEN - 2019-10-01 00:00:00 - ERROR - STAT - expect_column_values_to_not_be_null - PRIX - correctly filled rate (%) - 100.0
2019-10-20 10:53:48,722 - VO - DE - KLEINANZEIGEN - 2019-10-01 00:00:00 - ERROR - FILE_VALIDATE - expect_column_values_to_not_be_null - PRIX - True - 1
2019-10-20 10:53:48,722 - VO - DE - KLEINANZEIGEN - 2019-10-01 00:00:00 - ERROR - STAT - expect_column_values_to_not_be_null - PROVINCE - correctly filled rate (%) - 0.0
2019-10-20 10:53:48,722 - VO - DE - KLEINANZEIGEN - 2019-10-01 00:00:00 - ERROR - FILE_VALIDATE - expect_column_values_to_not_be_null - PROVINCE - False - 0
2019-10-20 10:53:48,722 - VO - DE - KLEINANZEIGEN - 2019-10-01 00:00:00 - ERROR - STAT - expect_column_values_to_not_be_null - SITE - correctly filled rate (%) - 100.0
2019-10-20 10:53:48,722 - VO - DE - KLEINANZEIGEN - 2019-10-01 00:00:00 - ERROR - FILE_VALIDATE - expect_column_values_to_not_be_null - SITE - True - 1
2019-10-20 10:53:48,722 - VO - DE - KLEINANZEIGEN - 2019-10-01 00:00:00 - ERROR - STAT - expect_column_values_to_not_be_null - TELEPHONE - correctly filled rate (%) - 76.55
2019-10-20 10:53:48,722 - VO - DE - KLEINANZEIGEN - 2019-10-01 00:00:00 - ERROR - FILE_VALIDATE - expect_column_values_to_not_be_null - TELEPHONE - False - 0
2019-10-20 10:53:48,722 - VO - DE - KLEINANZEIGEN - 2019-10-01 00:00:00 - ERROR - STAT - expect_column_values_to_be_phone_number - TELEPHONE - correctly filled rate (%) - 93.1
2019-10-20 10:53:48,722 - VO - DE - KLEINANZEIGEN - 2019-10-01 00:00:00 - ERROR - FILE_VALIDATE - expect_column_values_to_be_phone_number - TELEPHONE - True - 1
2019-10-20 10:53:48,722 - VO - DE - KLEINANZEIGEN - 2019-10-01 00:00:00 - ERROR - STAT - expect_column_values_to_not_be_null - TYPE - correctly filled rate (%) - 100.0
2019-10-20 10:53:48,722 - VO - DE - KLEINANZEIGEN - 2019-10-01 00:00:00 - ERROR - FILE_VALIDATE - expect_column_values_to_not_be_null - TYPE - True - 1
2019-10-20 10:53:48,723 - VO - DE - KLEINANZEIGEN - 2019-10-01 00:00:00 - ERROR - STAT - expect_column_values_to_be_in_set_2 - TYPE - observed proportion - 100.0
2019-10-20 10:53:48,723 - VO - DE - KLEINANZEIGEN - 2019-10-01 00:00:00 - ERROR - STAT - expect_column_values_to_not_be_null - VILLE - correctly filled rate (%) - 98.28
2019-10-20 10:53:48,723 - VO - DE - KLEINANZEIGEN - 2019-10-01 00:00:00 - ERROR - FILE_VALIDATE - expect_column_values_to_not_be_null - VILLE - True - 1
2019-10-20 10:53:48,723 - VO - DE - KLEINANZEIGEN - 2019-10-01 00:00:00 - ERROR - STAT - expect_column_values_to_not_be_null - VN_IND - correctly filled rate (%) - 0.0
2019-10-20 10:53:48,723 - VO - DE - KLEINANZEIGEN - 2019-10-01 00:00:00 - ERROR - FILE_VALIDATE - expect_column_values_to_not_be_null - VN_IND - False - 0
2019-10-20 10:53:48,723 - VO - DE - KLEINANZEIGEN - 2019-10-01 00:00:00 - ERROR - STAT - expect_returning_row_unique_count - MARQUE_CORRECTED - total number of unique rows - 201
2019-10-20 10:53:48,723 - VO - DE - KLEINANZEIGEN - 2019-10-01 00:00:00 - ERROR - STAT - expect_returning_row_unique_count - MODELE_CORRECTED - total number of unique rows - 2726
2019-10-20 10:53:48,723 - VO - DE - KLEINANZEIGEN - 2019-10-01 00:00:00 - ERROR - STAT - expect_returning_row_unique_count - CARROSSERIE - total number of unique rows - 0
2019-10-20 10:53:48,723 - VO - DE - KLEINANZEIGEN - 2019-10-01 00:00:00 - ERROR - STAT - expect_returning_row_unique_count - CARBURANT - total number of unique rows - 7
2019-10-20 10:53:48,723 - VO - DE - KLEINANZEIGEN - 2019-10-01 00:00:00 - ERROR - STAT - expect_column_values_to_not_be_null - CYLINDRE - correctly filled rate (%) - 0.0
2019-10-20 10:53:48,723 - VO - DE - KLEINANZEIGEN - 2019-10-01 00:00:00 - ERROR - FILE_VALIDATE - expect_column_values_to_not_be_null - CYLINDRE - False - 0
2019-10-20 10:53:48,723 - VO - DE - KLEINANZEIGEN - 2019-10-01 00:00:00 - ERROR - STAT - expect_returning_row_unique_count - PROVINCE - total number of unique rows - 0
2019-10-20 10:53:48,723 - VO - DE - KLEINANZEIGEN - 2019-10-01 00:00:00 - ERROR - STAT - expect_returning_row_unique_count - VILLE - total number of unique rows - 10194
2019-10-20 10:53:48,723 - VO - DE - KLEINANZEIGEN - 2019-10-01 00:00:00 - ERROR - STAT - expect_returning_row_unique_count - DEPARTEMENT - total number of unique rows - 0
2019-10-20 10:53:48,723 - VO - DE - KLEINANZEIGEN - 2019-10-01 00:00:00 - ERROR - STAT - expect_returning_row_count_on_conditions - DEALER_USEDCARS - total number of row with conditions - 0
2019-10-20 10:53:48,723 - VO - DE - KLEINANZEIGEN - 2019-10-01 00:00:00 - ERROR - STAT - expect_returning_row_count_on_conditions - PRIVATE_USEDCARS - total number of row with conditions - 0
2019-10-20 10:53:48,723 - VO - DE - KLEINANZEIGEN - 2019-10-01 00:00:00 - ERROR - STAT - expect_returning_row_count_on_conditions - DEALER_NEWCARS - total number of row with conditions - 0
