2019-05-28 09:19:46,763 - IMMO - IT - BAKECA - 2019-05-01 00:00:00 - ERROR - STAT - expect_column_values_to_not_be_null - ACHAT_LOC - correctly filled rate (%) - 100.0
2019-05-28 09:19:46,763 - IMMO - IT - BAKECA - 2019-05-01 00:00:00 - ERROR - STAT - expect_column_values_to_be_in_set - ACHAT_LOC - correctly filled rate (%) - 100.0
2019-05-28 09:19:46,763 - IMMO - IT - BAKECA - 2019-05-01 00:00:00 - ERROR - STAT - expect_column_values_to_not_be_null - ADRESSE - correctly filled rate (%) - 0.0
2019-05-28 09:19:46,764 - IMMO - IT - BAKECA - 2019-05-01 00:00:00 - ERROR - STAT - expect_column_values_to_not_be_null - AGENCE_ADRESSE - correctly filled rate (%) - 3.49
2019-05-28 09:19:46,764 - IMMO - IT - BAKECA - 2019-05-01 00:00:00 - ERROR - STAT - expect_column_values_to_not_be_null - AGENCE_CP - correctly filled rate (%) - 3.38
2019-05-28 09:19:46,764 - IMMO - IT - BAKECA - 2019-05-01 00:00:00 - ERROR - FILE_CHECK - expect_column_values_to_match_regex - AGENCE_CP - Unexpected value: 20100.0 on line 12, value should match regexp ^[0-9]{5}$
2019-05-28 09:19:46,764 - IMMO - IT - BAKECA - 2019-05-01 00:00:00 - ERROR - FILE_CHECK - expect_column_values_to_match_regex - AGENCE_CP - Unexpected value: 10138.0 on line 95, value should match regexp ^[0-9]{5}$
2019-05-28 09:19:46,764 - IMMO - IT - BAKECA - 2019-05-01 00:00:00 - ERROR - FILE_CHECK - expect_column_values_to_match_regex - AGENCE_CP - Unexpected value: 80144.0 on line 97, value should match regexp ^[0-9]{5}$
2019-05-28 09:19:46,764 - IMMO - IT - BAKECA - 2019-05-01 00:00:00 - ERROR - FILE_CHECK - expect_column_values_to_match_regex - AGENCE_CP - Unexpected value: 50036.0 on line 115, value should match regexp ^[0-9]{5}$
2019-05-28 09:19:46,764 - IMMO - IT - BAKECA - 2019-05-01 00:00:00 - ERROR - FILE_CHECK - expect_column_values_to_match_regex - AGENCE_CP - Unexpected value: 55018.0 on line 195, value should match regexp ^[0-9]{5}$
2019-05-28 09:19:46,764 - IMMO - IT - BAKECA - 2019-05-01 00:00:00 - ERROR - FILE_CHECK - expect_column_values_to_match_regex - AGENCE_CP - Unexpected value: 35132.0 on line 213, value should match regexp ^[0-9]{5}$
2019-05-28 09:19:46,764 - IMMO - IT - BAKECA - 2019-05-01 00:00:00 - ERROR - FILE_CHECK - expect_column_values_to_match_regex - AGENCE_CP - Unexpected value: 42121.0 on line 256, value should match regexp ^[0-9]{5}$
2019-05-28 09:19:46,764 - IMMO - IT - BAKECA - 2019-05-01 00:00:00 - ERROR - FILE_CHECK - expect_column_values_to_match_regex - AGENCE_CP - Unexpected value: 35139.0 on line 258, value should match regexp ^[0-9]{5}$
2019-05-28 09:19:46,764 - IMMO - IT - BAKECA - 2019-05-01 00:00:00 - ERROR - FILE_CHECK - expect_column_values_to_match_regex - AGENCE_CP - Unexpected value: 39031.0 on line 281, value should match regexp ^[0-9]{5}$
2019-05-28 09:19:46,764 - IMMO - IT - BAKECA - 2019-05-01 00:00:00 - ERROR - FILE_CHECK - expect_column_values_to_match_regex - AGENCE_CP - Unexpected value: 10122.0 on line 327, value should match regexp ^[0-9]{5}$
2019-05-28 09:19:46,764 - IMMO - IT - BAKECA - 2019-05-01 00:00:00 - ERROR - FILE_CHECK - expect_column_values_to_match_regex - AGENCE_CP - Unexpected value: 10138.0 on line 351, value should match regexp ^[0-9]{5}$
2019-05-28 09:19:46,764 - IMMO - IT - BAKECA - 2019-05-01 00:00:00 - ERROR - FILE_CHECK - expect_column_values_to_match_regex - AGENCE_CP - Unexpected value: 20143.0 on line 354, value should match regexp ^[0-9]{5}$
2019-05-28 09:19:46,764 - IMMO - IT - BAKECA - 2019-05-01 00:00:00 - ERROR - FILE_CHECK - expect_column_values_to_match_regex - AGENCE_CP - Unexpected value: 10122.0 on line 363, value should match regexp ^[0-9]{5}$
2019-05-28 09:19:46,764 - IMMO - IT - BAKECA - 2019-05-01 00:00:00 - ERROR - FILE_CHECK - expect_column_values_to_match_regex - AGENCE_CP - Unexpected value: 55018.0 on line 409, value should match regexp ^[0-9]{5}$
2019-05-28 09:19:46,765 - IMMO - IT - BAKECA - 2019-05-01 00:00:00 - ERROR - FILE_CHECK - expect_column_values_to_match_regex - AGENCE_CP - Unexpected value: 20123.0 on line 441, value should match regexp ^[0-9]{5}$
2019-05-28 09:19:46,765 - IMMO - IT - BAKECA - 2019-05-01 00:00:00 - ERROR - FILE_CHECK - expect_column_values_to_match_regex - AGENCE_CP - Unexpected value: 40026.0 on line 455, value should match regexp ^[0-9]{5}$
2019-05-28 09:19:46,765 - IMMO - IT - BAKECA - 2019-05-01 00:00:00 - ERROR - FILE_CHECK - expect_column_values_to_match_regex - AGENCE_CP - Unexpected value: 90044.0 on line 524, value should match regexp ^[0-9]{5}$
2019-05-28 09:19:46,765 - IMMO - IT - BAKECA - 2019-05-01 00:00:00 - ERROR - FILE_CHECK - expect_column_values_to_match_regex - AGENCE_CP - Unexpected value: 38027.0 on line 534, value should match regexp ^[0-9]{5}$
2019-05-28 09:19:46,765 - IMMO - IT - BAKECA - 2019-05-01 00:00:00 - ERROR - FILE_CHECK - expect_column_values_to_match_regex - AGENCE_CP - Unexpected value: 10138.0 on line 540, value should match regexp ^[0-9]{5}$
2019-05-28 09:19:46,765 - IMMO - IT - BAKECA - 2019-05-01 00:00:00 - ERROR - FILE_CHECK - expect_column_values_to_match_regex - AGENCE_CP - Unexpected value: 80144.0 on line 647, value should match regexp ^[0-9]{5}$
2019-05-28 09:19:46,765 - IMMO - IT - BAKECA - 2019-05-01 00:00:00 - ERROR - STAT - expect_column_values_to_match_regex - AGENCE_CP - correctly filled rate (%) - 0.0
2019-05-28 09:19:46,765 - IMMO - IT - BAKECA - 2019-05-01 00:00:00 - ERROR - STAT - expect_column_values_to_not_be_null - AGENCE_ID - correctly filled rate (%) - 100.0
2019-05-28 09:19:46,765 - IMMO - IT - BAKECA - 2019-05-01 00:00:00 - ERROR - STAT - expect_column_values_to_not_be_null - AGENCE_NOM - correctly filled rate (%) - 4.01
2019-05-28 09:19:46,765 - IMMO - IT - BAKECA - 2019-05-01 00:00:00 - ERROR - STAT - expect_column_values_to_be_phone_number - AGENCE_TEL - correctly filled rate (%) - 99.97
2019-05-28 09:19:46,765 - IMMO - IT - BAKECA - 2019-05-01 00:00:00 - ERROR - STAT - expect_column_values_to_not_be_null - AGENCE_TEL - correctly filled rate (%) - 99.48
2019-05-28 09:19:46,765 - IMMO - IT - BAKECA - 2019-05-01 00:00:00 - ERROR - STAT - expect_column_values_to_not_be_null - AGENCE_VILLE - correctly filled rate (%) - 3.71
2019-05-28 09:19:46,765 - IMMO - IT - BAKECA - 2019-05-01 00:00:00 - ERROR - STAT - expect_column_values_to_not_be_null - ANNONCE_DATE - correctly filled rate (%) - 100.0
2019-05-28 09:19:46,765 - IMMO - IT - BAKECA - 2019-05-01 00:00:00 - ERROR - STAT - expect_column_values_to_not_be_null - ANNONCE_LINK - correctly filled rate (%) - 100.0
2019-05-28 09:19:46,765 - IMMO - IT - BAKECA - 2019-05-01 00:00:00 - ERROR - STAT - expect_column_values_to_be_unique - ANNONCE_LINK - observed proportion - 100.0
2019-05-28 09:19:46,766 - IMMO - IT - BAKECA - 2019-05-01 00:00:00 - ERROR - STAT - expect_column_values_to_not_be_null - CATEGORIE - correctly filled rate (%) - 8.78
2019-05-28 09:19:46,766 - IMMO - IT - BAKECA - 2019-05-01 00:00:00 - ERROR - STAT - expect_column_values_to_not_be_null - CP - correctly filled rate (%) - 3.13
2019-05-28 09:19:46,766 - IMMO - IT - BAKECA - 2019-05-01 00:00:00 - ERROR - FILE_CHECK - expect_column_values_to_match_regex - CP - Unexpected value: 2011.0 on line 19, value should match regexp ^[0-9]{5}$
2019-05-28 09:19:46,766 - IMMO - IT - BAKECA - 2019-05-01 00:00:00 - ERROR - FILE_CHECK - expect_column_values_to_match_regex - CP - Unexpected value: 7100.0 on line 61, value should match regexp ^[0-9]{5}$
2019-05-28 09:19:46,766 - IMMO - IT - BAKECA - 2019-05-01 00:00:00 - ERROR - FILE_CHECK - expect_column_values_to_match_regex - CP - Unexpected value: 81100.0 on line 68, value should match regexp ^[0-9]{5}$
2019-05-28 09:19:46,766 - IMMO - IT - BAKECA - 2019-05-01 00:00:00 - ERROR - FILE_CHECK - expect_column_values_to_match_regex - CP - Unexpected value: 10123.0 on line 95, value should match regexp ^[0-9]{5}$
2019-05-28 09:19:46,766 - IMMO - IT - BAKECA - 2019-05-01 00:00:00 - ERROR - FILE_CHECK - expect_column_values_to_match_regex - CP - Unexpected value: 81100.0 on line 104, value should match regexp ^[0-9]{5}$
2019-05-28 09:19:46,766 - IMMO - IT - BAKECA - 2019-05-01 00:00:00 - ERROR - FILE_CHECK - expect_column_values_to_match_regex - CP - Unexpected value: 60027.0 on line 129, value should match regexp ^[0-9]{5}$
2019-05-28 09:19:46,766 - IMMO - IT - BAKECA - 2019-05-01 00:00:00 - ERROR - FILE_CHECK - expect_column_values_to_match_regex - CP - Unexpected value: 146.0 on line 226, value should match regexp ^[0-9]{5}$
2019-05-28 09:19:46,766 - IMMO - IT - BAKECA - 2019-05-01 00:00:00 - ERROR - FILE_CHECK - expect_column_values_to_match_regex - CP - Unexpected value: 10095.0 on line 259, value should match regexp ^[0-9]{5}$
2019-05-28 09:19:46,766 - IMMO - IT - BAKECA - 2019-05-01 00:00:00 - ERROR - FILE_CHECK - expect_column_values_to_match_regex - CP - Unexpected value: 16030.0 on line 318, value should match regexp ^[0-9]{5}$
2019-05-28 09:19:46,766 - IMMO - IT - BAKECA - 2019-05-01 00:00:00 - ERROR - FILE_CHECK - expect_column_values_to_match_regex - CP - Unexpected value: 87020.0 on line 343, value should match regexp ^[0-9]{5}$
2019-05-28 09:19:46,766 - IMMO - IT - BAKECA - 2019-05-01 00:00:00 - ERROR - FILE_CHECK - expect_column_values_to_match_regex - CP - Unexpected value: 51015.0 on line 349, value should match regexp ^[0-9]{5}$
2019-05-28 09:19:46,767 - IMMO - IT - BAKECA - 2019-05-01 00:00:00 - ERROR - FILE_CHECK - expect_column_values_to_match_regex - CP - Unexpected value: 96012.0 on line 456, value should match regexp ^[0-9]{5}$
2019-05-28 09:19:46,767 - IMMO - IT - BAKECA - 2019-05-01 00:00:00 - ERROR - FILE_CHECK - expect_column_values_to_match_regex - CP - Unexpected value: 64018.0 on line 479, value should match regexp ^[0-9]{5}$
2019-05-28 09:19:46,767 - IMMO - IT - BAKECA - 2019-05-01 00:00:00 - ERROR - FILE_CHECK - expect_column_values_to_match_regex - CP - Unexpected value: 6081.0 on line 555, value should match regexp ^[0-9]{5}$
2019-05-28 09:19:46,767 - IMMO - IT - BAKECA - 2019-05-01 00:00:00 - ERROR - FILE_CHECK - expect_column_values_to_match_regex - CP - Unexpected value: 40.0 on line 610, value should match regexp ^[0-9]{5}$
2019-05-28 09:19:46,767 - IMMO - IT - BAKECA - 2019-05-01 00:00:00 - ERROR - FILE_CHECK - expect_column_values_to_match_regex - CP - Unexpected value: 70123.0 on line 639, value should match regexp ^[0-9]{5}$
2019-05-28 09:19:46,767 - IMMO - IT - BAKECA - 2019-05-01 00:00:00 - ERROR - FILE_CHECK - expect_column_values_to_match_regex - CP - Unexpected value: 84013.0 on line 659, value should match regexp ^[0-9]{5}$
2019-05-28 09:19:46,767 - IMMO - IT - BAKECA - 2019-05-01 00:00:00 - ERROR - FILE_CHECK - expect_column_values_to_match_regex - CP - Unexpected value: 20153.0 on line 709, value should match regexp ^[0-9]{5}$
2019-05-28 09:19:46,767 - IMMO - IT - BAKECA - 2019-05-01 00:00:00 - ERROR - FILE_CHECK - expect_column_values_to_match_regex - CP - Unexpected value: 24040.0 on line 710, value should match regexp ^[0-9]{5}$
2019-05-28 09:19:46,767 - IMMO - IT - BAKECA - 2019-05-01 00:00:00 - ERROR - FILE_CHECK - expect_column_values_to_match_regex - CP - Unexpected value: 80078.0 on line 716, value should match regexp ^[0-9]{5}$
2019-05-28 09:19:46,767 - IMMO - IT - BAKECA - 2019-05-01 00:00:00 - ERROR - STAT - expect_column_values_to_match_regex - CP - correctly filled rate (%) - 0.0
2019-05-28 09:19:46,767 - IMMO - IT - BAKECA - 2019-05-01 00:00:00 - ERROR - STAT - expect_returning_row_count - EVERY_COLUMNS - total number of rows - 529606
2019-05-28 09:19:46,767 - IMMO - IT - BAKECA - 2019-05-01 00:00:00 - ERROR - STAT - expect_column_values_to_not_be_null - ID_CLIENT - correctly filled rate (%) - 100.0
2019-05-28 09:19:46,767 - IMMO - IT - BAKECA - 2019-05-01 00:00:00 - ERROR - STAT - expect_column_values_to_be_unique - ID_CLIENT - observed proportion - 100.0
2019-05-28 09:19:46,767 - IMMO - IT - BAKECA - 2019-05-01 00:00:00 - ERROR - FILE_CHECK - expect_column_values_to_be_of_type - M2 - Wrong type for value: 34.0 on line 0 should be int
2019-05-28 09:19:46,767 - IMMO - IT - BAKECA - 2019-05-01 00:00:00 - ERROR - FILE_CHECK - expect_column_values_to_be_of_type - M2 - Wrong type for value: 105.0 on line 1 should be int
2019-05-28 09:19:46,767 - IMMO - IT - BAKECA - 2019-05-01 00:00:00 - ERROR - FILE_CHECK - expect_column_values_to_be_of_type - M2 - Wrong type for value: 557.0 on line 2 should be int
2019-05-28 09:19:46,767 - IMMO - IT - BAKECA - 2019-05-01 00:00:00 - ERROR - FILE_CHECK - expect_column_values_to_be_of_type - M2 - Wrong type for value: 85.0 on line 3 should be int
2019-05-28 09:19:46,768 - IMMO - IT - BAKECA - 2019-05-01 00:00:00 - ERROR - FILE_CHECK - expect_column_values_to_be_of_type - M2 - Wrong type for value: 80.0 on line 4 should be int
2019-05-28 09:19:46,768 - IMMO - IT - BAKECA - 2019-05-01 00:00:00 - ERROR - FILE_CHECK - expect_column_values_to_be_of_type - M2 - Wrong type for value: 85.0 on line 5 should be int
2019-05-28 09:19:46,768 - IMMO - IT - BAKECA - 2019-05-01 00:00:00 - ERROR - FILE_CHECK - expect_column_values_to_be_of_type - M2 - Wrong type for value: 65.0 on line 6 should be int
2019-05-28 09:19:46,768 - IMMO - IT - BAKECA - 2019-05-01 00:00:00 - ERROR - FILE_CHECK - expect_column_values_to_be_of_type - M2 - Wrong type for value: 212.0 on line 7 should be int
2019-05-28 09:19:46,768 - IMMO - IT - BAKECA - 2019-05-01 00:00:00 - ERROR - FILE_CHECK - expect_column_values_to_be_of_type - M2 - Wrong type for value: 376.0 on line 8 should be int
2019-05-28 09:19:46,768 - IMMO - IT - BAKECA - 2019-05-01 00:00:00 - ERROR - FILE_CHECK - expect_column_values_to_be_of_type - M2 - Wrong type for value: 90.0 on line 9 should be int
2019-05-28 09:19:46,768 - IMMO - IT - BAKECA - 2019-05-01 00:00:00 - ERROR - FILE_CHECK - expect_column_values_to_be_of_type - M2 - Wrong type for value: 90.0 on line 10 should be int
2019-05-28 09:19:46,768 - IMMO - IT - BAKECA - 2019-05-01 00:00:00 - ERROR - FILE_CHECK - expect_column_values_to_be_of_type - M2 - Wrong type for value: 81.0 on line 11 should be int
2019-05-28 09:19:46,768 - IMMO - IT - BAKECA - 2019-05-01 00:00:00 - ERROR - FILE_CHECK - expect_column_values_to_be_of_type - M2 - Wrong type for value: 70.0 on line 12 should be int
2019-05-28 09:19:46,768 - IMMO - IT - BAKECA - 2019-05-01 00:00:00 - ERROR - FILE_CHECK - expect_column_values_to_be_of_type - M2 - Wrong type for value: 63.0 on line 13 should be int
2019-05-28 09:19:46,768 - IMMO - IT - BAKECA - 2019-05-01 00:00:00 - ERROR - FILE_CHECK - expect_column_values_to_be_of_type - M2 - Wrong type for value: 0.0 on line 14 should be int
2019-05-28 09:19:46,768 - IMMO - IT - BAKECA - 2019-05-01 00:00:00 - ERROR - FILE_CHECK - expect_column_values_to_be_of_type - M2 - Wrong type for value: 54.0 on line 15 should be int
2019-05-28 09:19:46,768 - IMMO - IT - BAKECA - 2019-05-01 00:00:00 - ERROR - FILE_CHECK - expect_column_values_to_be_of_type - M2 - Wrong type for value: 153.0 on line 16 should be int
2019-05-28 09:19:46,768 - IMMO - IT - BAKECA - 2019-05-01 00:00:00 - ERROR - FILE_CHECK - expect_column_values_to_be_of_type - M2 - Wrong type for value: 113.0 on line 17 should be int
2019-05-28 09:19:46,768 - IMMO - IT - BAKECA - 2019-05-01 00:00:00 - ERROR - FILE_CHECK - expect_column_values_to_be_of_type - M2 - Wrong type for value: 110.0 on line 18 should be int
2019-05-28 09:19:46,768 - IMMO - IT - BAKECA - 2019-05-01 00:00:00 - ERROR - FILE_CHECK - expect_column_values_to_be_of_type - M2 - Wrong type for value: 110.0 on line 19 should be int
2019-05-28 09:19:46,768 - IMMO - IT - BAKECA - 2019-05-01 00:00:00 - ERROR - STAT - expect_column_values_to_be_of_type - M2 - correctly filled rate (%) - 0.0
2019-05-28 09:19:46,768 - IMMO - IT - BAKECA - 2019-05-01 00:00:00 - ERROR - STAT - expect_column_values_to_not_be_null - M2 - correctly filled rate (%) - 100.0
2019-05-28 09:19:46,769 - IMMO - IT - BAKECA - 2019-05-01 00:00:00 - ERROR - STAT - expect_column_values_to_not_be_null - MAISON_APT - correctly filled rate (%) - 100.0
2019-05-28 09:19:46,769 - IMMO - IT - BAKECA - 2019-05-01 00:00:00 - ERROR - STAT - expect_column_values_to_be_between - MAISON_APT - correctly filled rate (%) - 100.0
2019-05-28 09:19:46,769 - IMMO - IT - BAKECA - 2019-05-01 00:00:00 - ERROR - STAT - expect_column_values_to_not_be_null - MINI_SITE_ID - correctly filled rate (%) - 0.0
2019-05-28 09:19:46,769 - IMMO - IT - BAKECA - 2019-05-01 00:00:00 - ERROR - STAT - expect_column_values_to_not_be_null - PHOTO - correctly filled rate (%) - 100.0
2019-05-28 09:19:46,769 - IMMO - IT - BAKECA - 2019-05-01 00:00:00 - ERROR - STAT - expect_column_values_to_be_in_type_list - PHOTO - correctly filled rate (%) - 100.0
2019-05-28 09:19:46,769 - IMMO - IT - BAKECA - 2019-05-01 00:00:00 - ERROR - STAT - expect_column_values_to_not_be_null - PIECE - correctly filled rate (%) - 100.0
2019-05-28 09:19:46,769 - IMMO - IT - BAKECA - 2019-05-01 00:00:00 - ERROR - STAT - expect_column_values_to_be_in_type_list - PIECE - correctly filled rate (%) - 100.0
2019-05-28 09:19:46,769 - IMMO - IT - BAKECA - 2019-05-01 00:00:00 - ERROR - STAT - expect_column_values_to_be_of_type - PRIX - correctly filled rate (%) - 100.0
2019-05-28 09:19:46,769 - IMMO - IT - BAKECA - 2019-05-01 00:00:00 - ERROR - STAT - expect_column_values_to_not_be_null - PRIX - correctly filled rate (%) - 100.0
2019-05-28 09:19:46,769 - IMMO - IT - BAKECA - 2019-05-01 00:00:00 - ERROR - STAT - expect_column_values_to_not_be_null - PRO_IND - correctly filled rate (%) - 100.0
2019-05-28 09:19:46,769 - IMMO - IT - BAKECA - 2019-05-01 00:00:00 - ERROR - STAT - expect_column_values_to_be_in_set - PRO_IND - correctly filled rate (%) - 100.0
2019-05-28 09:19:46,769 - IMMO - IT - BAKECA - 2019-05-01 00:00:00 - ERROR - STAT - expect_column_values_to_not_be_null - REGION - correctly filled rate (%) - 0.0
2019-05-28 09:19:46,769 - IMMO - IT - BAKECA - 2019-05-01 00:00:00 - ERROR - STAT - expect_column_values_to_match_regex - VILLE - correctly filled rate (%) - 100.0
2019-05-28 09:19:46,769 - IMMO - IT - BAKECA - 2019-05-01 00:00:00 - ERROR - STAT - expect_column_values_to_not_be_null - VILLE - correctly filled rate (%) - 100.0
2019-05-28 09:19:46,769 - IMMO - IT - BAKECA - 2019-05-01 00:00:00 - ERROR - STAT - expect_returning_row_unique_count - VILLE - total number of unique rows - 110
2019-05-28 09:19:46,769 - IMMO - IT - BAKECA - 2019-05-01 00:00:00 - ERROR - STAT - expect_returning_row_count_on_conditions - PRIVATE_LISTINGS - total number of row with conditions - 10185
2019-05-28 09:19:46,769 - IMMO - IT - BAKECA - 2019-05-01 00:00:00 - ERROR - STAT - expect_returning_row_count_on_conditions - DEALER_LISTINGS - total number of row with conditions - 519421
