2019-05-08 09:00:00,569 - VO - IE - CBG - 2019-03-01 00:00:00 - ERROR - STAT - expect_column_values_to_be_in_type_list - ANNEE - correctly filled rate (%) - 100.0
2019-05-08 09:00:00,570 - VO - IE - CBG - 2019-03-01 00:00:00 - ERROR - STAT - expect_column_values_to_be_between - ANNEE - correctly filled rate (%) - 99.89
2019-05-08 09:00:00,570 - VO - IE - CBG - 2019-03-01 00:00:00 - ERROR - FILE_CHECK - expect_column_values_to_be_unique - ANNONCE_LINK - Unexpected value: https://www.carbuyersguide.net/mercedes/e-class/2012-diesel-silver-saloon-automatic-2.1-galway on line 21806, value should be unique
2019-05-08 09:00:00,570 - VO - IE - CBG - 2019-03-01 00:00:00 - ERROR - FILE_CHECK - expect_column_values_to_be_unique - ANNONCE_LINK - Unexpected value: https://www.carbuyersguide.net/mercedes/e-class/2012-diesel-silver-saloon-automatic-2.1-galway on line 21807, value should be unique
2019-05-08 09:00:00,570 - VO - IE - CBG - 2019-03-01 00:00:00 - ERROR - FILE_CHECK - expect_column_values_to_be_unique - ANNONCE_LINK - Unexpected value: https://www.carbuyersguide.net/mercedes/e-class/2012-diesel-silver-saloon-automatic-2.1-galway on line 21808, value should be unique
2019-05-08 09:00:00,570 - VO - IE - CBG - 2019-03-01 00:00:00 - ERROR - FILE_CHECK - expect_column_values_to_be_unique - ANNONCE_LINK - Unexpected value: https://www.carbuyersguide.net/mercedes/e-class/2012-diesel-silver-saloon-automatic-2.1-galway on line 21809, value should be unique
2019-05-08 09:00:00,570 - VO - IE - CBG - 2019-03-01 00:00:00 - ERROR - FILE_CHECK - expect_column_values_to_be_unique - ANNONCE_LINK - Unexpected value: https://www.carbuyersguide.net/mercedes/e-class/2012-diesel-silver-saloon-automatic-2.1-galway on line 21810, value should be unique
2019-05-08 09:00:00,570 - VO - IE - CBG - 2019-03-01 00:00:00 - ERROR - FILE_CHECK - expect_column_values_to_be_unique - ANNONCE_LINK - Unexpected value: https://www.carbuyersguide.net/mercedes/e-class/2012-diesel-silver-saloon-automatic-2.1-galway on line 21811, value should be unique
2019-05-08 09:00:00,570 - VO - IE - CBG - 2019-03-01 00:00:00 - ERROR - FILE_CHECK - expect_column_values_to_be_unique - ANNONCE_LINK - Unexpected value: https://www.carbuyersguide.net/mercedes/e-class/2012-diesel-silver-saloon-automatic-2.1-galway on line 21812, value should be unique
2019-05-08 09:00:00,570 - VO - IE - CBG - 2019-03-01 00:00:00 - ERROR - FILE_CHECK - expect_column_values_to_be_unique - ANNONCE_LINK - Unexpected value: https://www.carbuyersguide.net/mercedes/e-class/2012-diesel-silver-saloon-automatic-2.1-galway on line 21813, value should be unique
2019-05-08 09:00:00,570 - VO - IE - CBG - 2019-03-01 00:00:00 - ERROR - FILE_CHECK - expect_column_values_to_be_unique - ANNONCE_LINK - Unexpected value: https://www.carbuyersguide.net/mercedes/e-class/2012-diesel-silver-saloon-automatic-2.1-galway on line 21814, value should be unique
2019-05-08 09:00:00,570 - VO - IE - CBG - 2019-03-01 00:00:00 - ERROR - FILE_CHECK - expect_column_values_to_be_unique - ANNONCE_LINK - Unexpected value: https://www.carbuyersguide.net/mercedes/e-class/2012-diesel-silver-saloon-automatic-2.1-galway on line 21815, value should be unique
2019-05-08 09:00:00,570 - VO - IE - CBG - 2019-03-01 00:00:00 - ERROR - FILE_CHECK - expect_column_values_to_be_unique - ANNONCE_LINK - Unexpected value: https://www.carbuyersguide.net/mercedes/e-class/2012-diesel-silver-saloon-automatic-2.1-galway on line 21816, value should be unique
2019-05-08 09:00:00,570 - VO - IE - CBG - 2019-03-01 00:00:00 - ERROR - FILE_CHECK - expect_column_values_to_be_unique - ANNONCE_LINK - Unexpected value: https://www.carbuyersguide.net/mercedes/e-class/2012-diesel-silver-saloon-automatic-2.1-galway on line 21817, value should be unique
2019-05-08 09:00:00,570 - VO - IE - CBG - 2019-03-01 00:00:00 - ERROR - FILE_CHECK - expect_column_values_to_be_unique - ANNONCE_LINK - Unexpected value: https://www.carbuyersguide.net/mercedes/e-class/2012-diesel-silver-saloon-automatic-2.1-galway on line 21818, value should be unique
2019-05-08 09:00:00,570 - VO - IE - CBG - 2019-03-01 00:00:00 - ERROR - FILE_CHECK - expect_column_values_to_be_unique - ANNONCE_LINK - Unexpected value: https://www.carbuyersguide.net/mercedes/e-class/2012-diesel-silver-saloon-automatic-2.1-galway on line 21819, value should be unique
2019-05-08 09:00:00,570 - VO - IE - CBG - 2019-03-01 00:00:00 - ERROR - FILE_CHECK - expect_column_values_to_be_unique - ANNONCE_LINK - Unexpected value: https://www.carbuyersguide.net/mercedes/e-class/2012-diesel-silver-saloon-automatic-2.1-galway on line 21820, value should be unique
2019-05-08 09:00:00,570 - VO - IE - CBG - 2019-03-01 00:00:00 - ERROR - FILE_CHECK - expect_column_values_to_be_unique - ANNONCE_LINK - Unexpected value: https://www.carbuyersguide.net/mercedes/e-class/2012-diesel-silver-saloon-automatic-2.1-galway on line 21821, value should be unique
2019-05-08 09:00:00,570 - VO - IE - CBG - 2019-03-01 00:00:00 - ERROR - FILE_CHECK - expect_column_values_to_be_unique - ANNONCE_LINK - Unexpected value: https://www.carbuyersguide.net/mercedes/e-class/2012-diesel-silver-saloon-automatic-2.1-galway on line 21822, value should be unique
2019-05-08 09:00:00,571 - VO - IE - CBG - 2019-03-01 00:00:00 - ERROR - FILE_CHECK - expect_column_values_to_be_unique - ANNONCE_LINK - Unexpected value: https://www.carbuyersguide.net/mercedes/e-class/2012-diesel-silver-saloon-automatic-2.1-galway on line 21823, value should be unique
2019-05-08 09:00:00,571 - VO - IE - CBG - 2019-03-01 00:00:00 - ERROR - FILE_CHECK - expect_column_values_to_be_unique - ANNONCE_LINK - Unexpected value: https://www.carbuyersguide.net/mercedes/e-class/2012-diesel-silver-saloon-automatic-2.1-galway on line 21824, value should be unique
2019-05-08 09:00:00,571 - VO - IE - CBG - 2019-03-01 00:00:00 - ERROR - FILE_CHECK - expect_column_values_to_be_unique - ANNONCE_LINK - Unexpected value: https://www.carbuyersguide.net/mercedes/e-class/2012-diesel-silver-saloon-automatic-2.1-galway on line 21825, value should be unique
2019-05-08 09:00:00,571 - VO - IE - CBG - 2019-03-01 00:00:00 - ERROR - STAT - expect_column_values_to_be_unique - ANNONCE_LINK - observed proportion - 94.68
2019-05-08 09:00:00,571 - VO - IE - CBG - 2019-03-01 00:00:00 - ERROR - FILE_CHECK - expect_column_values_to_be_unique - ID_CLIENT - Unexpected value: https:--www.carbuyersguide.net-mercedes-e-class-2012-diesel-silver-saloon-automatic-2.1-galway on line 21806, value should be unique
2019-05-08 09:00:00,571 - VO - IE - CBG - 2019-03-01 00:00:00 - ERROR - FILE_CHECK - expect_column_values_to_be_unique - ID_CLIENT - Unexpected value: https:--www.carbuyersguide.net-mercedes-e-class-2012-diesel-silver-saloon-automatic-2.1-galway on line 21807, value should be unique
2019-05-08 09:00:00,571 - VO - IE - CBG - 2019-03-01 00:00:00 - ERROR - FILE_CHECK - expect_column_values_to_be_unique - ID_CLIENT - Unexpected value: https:--www.carbuyersguide.net-mercedes-e-class-2012-diesel-silver-saloon-automatic-2.1-galway on line 21808, value should be unique
2019-05-08 09:00:00,571 - VO - IE - CBG - 2019-03-01 00:00:00 - ERROR - FILE_CHECK - expect_column_values_to_be_unique - ID_CLIENT - Unexpected value: https:--www.carbuyersguide.net-mercedes-e-class-2012-diesel-silver-saloon-automatic-2.1-galway on line 21809, value should be unique
2019-05-08 09:00:00,571 - VO - IE - CBG - 2019-03-01 00:00:00 - ERROR - FILE_CHECK - expect_column_values_to_be_unique - ID_CLIENT - Unexpected value: https:--www.carbuyersguide.net-mercedes-e-class-2012-diesel-silver-saloon-automatic-2.1-galway on line 21810, value should be unique
2019-05-08 09:00:00,571 - VO - IE - CBG - 2019-03-01 00:00:00 - ERROR - FILE_CHECK - expect_column_values_to_be_unique - ID_CLIENT - Unexpected value: https:--www.carbuyersguide.net-mercedes-e-class-2012-diesel-silver-saloon-automatic-2.1-galway on line 21811, value should be unique
2019-05-08 09:00:00,571 - VO - IE - CBG - 2019-03-01 00:00:00 - ERROR - FILE_CHECK - expect_column_values_to_be_unique - ID_CLIENT - Unexpected value: https:--www.carbuyersguide.net-mercedes-e-class-2012-diesel-silver-saloon-automatic-2.1-galway on line 21812, value should be unique
2019-05-08 09:00:00,571 - VO - IE - CBG - 2019-03-01 00:00:00 - ERROR - FILE_CHECK - expect_column_values_to_be_unique - ID_CLIENT - Unexpected value: https:--www.carbuyersguide.net-mercedes-e-class-2012-diesel-silver-saloon-automatic-2.1-galway on line 21813, value should be unique
2019-05-08 09:00:00,571 - VO - IE - CBG - 2019-03-01 00:00:00 - ERROR - FILE_CHECK - expect_column_values_to_be_unique - ID_CLIENT - Unexpected value: https:--www.carbuyersguide.net-mercedes-e-class-2012-diesel-silver-saloon-automatic-2.1-galway on line 21814, value should be unique
2019-05-08 09:00:00,571 - VO - IE - CBG - 2019-03-01 00:00:00 - ERROR - FILE_CHECK - expect_column_values_to_be_unique - ID_CLIENT - Unexpected value: https:--www.carbuyersguide.net-mercedes-e-class-2012-diesel-silver-saloon-automatic-2.1-galway on line 21815, value should be unique
2019-05-08 09:00:00,571 - VO - IE - CBG - 2019-03-01 00:00:00 - ERROR - FILE_CHECK - expect_column_values_to_be_unique - ID_CLIENT - Unexpected value: https:--www.carbuyersguide.net-mercedes-e-class-2012-diesel-silver-saloon-automatic-2.1-galway on line 21816, value should be unique
2019-05-08 09:00:00,571 - VO - IE - CBG - 2019-03-01 00:00:00 - ERROR - FILE_CHECK - expect_column_values_to_be_unique - ID_CLIENT - Unexpected value: https:--www.carbuyersguide.net-mercedes-e-class-2012-diesel-silver-saloon-automatic-2.1-galway on line 21817, value should be unique
2019-05-08 09:00:00,571 - VO - IE - CBG - 2019-03-01 00:00:00 - ERROR - FILE_CHECK - expect_column_values_to_be_unique - ID_CLIENT - Unexpected value: https:--www.carbuyersguide.net-mercedes-e-class-2012-diesel-silver-saloon-automatic-2.1-galway on line 21818, value should be unique
2019-05-08 09:00:00,571 - VO - IE - CBG - 2019-03-01 00:00:00 - ERROR - FILE_CHECK - expect_column_values_to_be_unique - ID_CLIENT - Unexpected value: https:--www.carbuyersguide.net-mercedes-e-class-2012-diesel-silver-saloon-automatic-2.1-galway on line 21819, value should be unique
2019-05-08 09:00:00,571 - VO - IE - CBG - 2019-03-01 00:00:00 - ERROR - FILE_CHECK - expect_column_values_to_be_unique - ID_CLIENT - Unexpected value: https:--www.carbuyersguide.net-mercedes-e-class-2012-diesel-silver-saloon-automatic-2.1-galway on line 21820, value should be unique
2019-05-08 09:00:00,572 - VO - IE - CBG - 2019-03-01 00:00:00 - ERROR - FILE_CHECK - expect_column_values_to_be_unique - ID_CLIENT - Unexpected value: https:--www.carbuyersguide.net-mercedes-e-class-2012-diesel-silver-saloon-automatic-2.1-galway on line 21821, value should be unique
2019-05-08 09:00:00,572 - VO - IE - CBG - 2019-03-01 00:00:00 - ERROR - FILE_CHECK - expect_column_values_to_be_unique - ID_CLIENT - Unexpected value: https:--www.carbuyersguide.net-mercedes-e-class-2012-diesel-silver-saloon-automatic-2.1-galway on line 21822, value should be unique
2019-05-08 09:00:00,572 - VO - IE - CBG - 2019-03-01 00:00:00 - ERROR - FILE_CHECK - expect_column_values_to_be_unique - ID_CLIENT - Unexpected value: https:--www.carbuyersguide.net-mercedes-e-class-2012-diesel-silver-saloon-automatic-2.1-galway on line 21823, value should be unique
2019-05-08 09:00:00,572 - VO - IE - CBG - 2019-03-01 00:00:00 - ERROR - FILE_CHECK - expect_column_values_to_be_unique - ID_CLIENT - Unexpected value: https:--www.carbuyersguide.net-mercedes-e-class-2012-diesel-silver-saloon-automatic-2.1-galway on line 21824, value should be unique
2019-05-08 09:00:00,572 - VO - IE - CBG - 2019-03-01 00:00:00 - ERROR - FILE_CHECK - expect_column_values_to_be_unique - ID_CLIENT - Unexpected value: https:--www.carbuyersguide.net-mercedes-e-class-2012-diesel-silver-saloon-automatic-2.1-galway on line 21825, value should be unique
2019-05-08 09:00:00,572 - VO - IE - CBG - 2019-03-01 00:00:00 - ERROR - STAT - expect_column_values_to_be_unique - ID_CLIENT - observed proportion - 94.68
2019-05-08 09:00:00,572 - VO - IE - CBG - 2019-03-01 00:00:00 - ERROR - STAT - expect_column_values_to_be_in_set_2 - TYPE - observed proportion - 100.0
2019-05-08 09:00:00,572 - VO - IE - CBG - 2019-03-01 00:00:00 - ERROR - STAT - expect_column_values_to_be_in_type_list - PORTE - correctly filled rate (%) - 100.0
2019-05-08 09:00:00,572 - VO - IE - CBG - 2019-03-01 00:00:00 - ERROR - FILE_CHECK - expect_column_values_to_be_in_type_list - PRIX - Wrong type for value: 14950.0 on line 0 should be in ['int']
2019-05-08 09:00:00,572 - VO - IE - CBG - 2019-03-01 00:00:00 - ERROR - FILE_CHECK - expect_column_values_to_be_in_type_list - PRIX - Wrong type for value: 14950.0 on line 1 should be in ['int']
2019-05-08 09:00:00,572 - VO - IE - CBG - 2019-03-01 00:00:00 - ERROR - FILE_CHECK - expect_column_values_to_be_in_type_list - PRIX - Wrong type for value: 17495.0 on line 2 should be in ['int']
2019-05-08 09:00:00,572 - VO - IE - CBG - 2019-03-01 00:00:00 - ERROR - FILE_CHECK - expect_column_values_to_be_in_type_list - PRIX - Wrong type for value: 15950.0 on line 3 should be in ['int']
2019-05-08 09:00:00,572 - VO - IE - CBG - 2019-03-01 00:00:00 - ERROR - FILE_CHECK - expect_column_values_to_be_in_type_list - PRIX - Wrong type for value: 1.0 on line 4 should be in ['int']
2019-05-08 09:00:00,572 - VO - IE - CBG - 2019-03-01 00:00:00 - ERROR - FILE_CHECK - expect_column_values_to_be_in_type_list - PRIX - Wrong type for value: 0.0 on line 5 should be in ['int']
2019-05-08 09:00:00,572 - VO - IE - CBG - 2019-03-01 00:00:00 - ERROR - FILE_CHECK - expect_column_values_to_be_in_type_list - PRIX - Wrong type for value: 1400.0 on line 6 should be in ['int']
2019-05-08 09:00:00,572 - VO - IE - CBG - 2019-03-01 00:00:00 - ERROR - FILE_CHECK - expect_column_values_to_be_in_type_list - PRIX - Wrong type for value: 2850.0 on line 7 should be in ['int']
2019-05-08 09:00:00,572 - VO - IE - CBG - 2019-03-01 00:00:00 - ERROR - FILE_CHECK - expect_column_values_to_be_in_type_list - PRIX - Wrong type for value: 350.0 on line 8 should be in ['int']
2019-05-08 09:00:00,573 - VO - IE - CBG - 2019-03-01 00:00:00 - ERROR - FILE_CHECK - expect_column_values_to_be_in_type_list - PRIX - Wrong type for value: 3950.0 on line 9 should be in ['int']
2019-05-08 09:00:00,573 - VO - IE - CBG - 2019-03-01 00:00:00 - ERROR - FILE_CHECK - expect_column_values_to_be_in_type_list - PRIX - Wrong type for value: 7445.0 on line 10 should be in ['int']
2019-05-08 09:00:00,573 - VO - IE - CBG - 2019-03-01 00:00:00 - ERROR - FILE_CHECK - expect_column_values_to_be_in_type_list - PRIX - Wrong type for value: 59950.0 on line 11 should be in ['int']
2019-05-08 09:00:00,573 - VO - IE - CBG - 2019-03-01 00:00:00 - ERROR - FILE_CHECK - expect_column_values_to_be_in_type_list - PRIX - Wrong type for value: 43000.0 on line 12 should be in ['int']
2019-05-08 09:00:00,573 - VO - IE - CBG - 2019-03-01 00:00:00 - ERROR - FILE_CHECK - expect_column_values_to_be_in_type_list - PRIX - Wrong type for value: 5895.0 on line 13 should be in ['int']
2019-05-08 09:00:00,573 - VO - IE - CBG - 2019-03-01 00:00:00 - ERROR - FILE_CHECK - expect_column_values_to_be_in_type_list - PRIX - Wrong type for value: 33999.0 on line 14 should be in ['int']
2019-05-08 09:00:00,573 - VO - IE - CBG - 2019-03-01 00:00:00 - ERROR - FILE_CHECK - expect_column_values_to_be_in_type_list - PRIX - Wrong type for value: 44499.0 on line 15 should be in ['int']
2019-05-08 09:00:00,573 - VO - IE - CBG - 2019-03-01 00:00:00 - ERROR - FILE_CHECK - expect_column_values_to_be_in_type_list - PRIX - Wrong type for value: 44445.0 on line 16 should be in ['int']
2019-05-08 09:00:00,573 - VO - IE - CBG - 2019-03-01 00:00:00 - ERROR - FILE_CHECK - expect_column_values_to_be_in_type_list - PRIX - Wrong type for value: 46795.0 on line 17 should be in ['int']
2019-05-08 09:00:00,573 - VO - IE - CBG - 2019-03-01 00:00:00 - ERROR - FILE_CHECK - expect_column_values_to_be_in_type_list - PRIX - Wrong type for value: 49795.0 on line 18 should be in ['int']
2019-05-08 09:00:00,573 - VO - IE - CBG - 2019-03-01 00:00:00 - ERROR - FILE_CHECK - expect_column_values_to_be_in_type_list - PRIX - Wrong type for value: 45500.0 on line 19 should be in ['int']
2019-05-08 09:00:00,573 - VO - IE - CBG - 2019-03-01 00:00:00 - ERROR - STAT - expect_column_values_to_be_in_type_list - PRIX - correctly filled rate (%) - 0.0
2019-05-08 09:00:00,573 - VO - IE - CBG - 2019-03-01 00:00:00 - ERROR - FILE_CHECK - expect_column_values_to_be_in_type_list - KM - Wrong type for value: 33796.0 on line 0 should be in ['int']
2019-05-08 09:00:00,573 - VO - IE - CBG - 2019-03-01 00:00:00 - ERROR - FILE_CHECK - expect_column_values_to_be_in_type_list - KM - Wrong type for value: 33796.0 on line 1 should be in ['int']
2019-05-08 09:00:00,573 - VO - IE - CBG - 2019-03-01 00:00:00 - ERROR - FILE_CHECK - expect_column_values_to_be_in_type_list - KM - Wrong type for value: 58765.0 on line 2 should be in ['int']
2019-05-08 09:00:00,573 - VO - IE - CBG - 2019-03-01 00:00:00 - ERROR - FILE_CHECK - expect_column_values_to_be_in_type_list - KM - Wrong type for value: 48280.0 on line 3 should be in ['int']
2019-05-08 09:00:00,573 - VO - IE - CBG - 2019-03-01 00:00:00 - ERROR - FILE_CHECK - expect_column_values_to_be_in_type_list - KM - Wrong type for value: 0.0 on line 4 should be in ['int']
2019-05-08 09:00:00,573 - VO - IE - CBG - 2019-03-01 00:00:00 - ERROR - FILE_CHECK - expect_column_values_to_be_in_type_list - KM - Wrong type for value: 0.0 on line 5 should be in ['int']
2019-05-08 09:00:00,573 - VO - IE - CBG - 2019-03-01 00:00:00 - ERROR - FILE_CHECK - expect_column_values_to_be_in_type_list - KM - Wrong type for value: 191000.0 on line 6 should be in ['int']
2019-05-08 09:00:00,574 - VO - IE - CBG - 2019-03-01 00:00:00 - ERROR - FILE_CHECK - expect_column_values_to_be_in_type_list - KM - Wrong type for value: 188293.0 on line 7 should be in ['int']
2019-05-08 09:00:00,574 - VO - IE - CBG - 2019-03-01 00:00:00 - ERROR - FILE_CHECK - expect_column_values_to_be_in_type_list - KM - Wrong type for value: 217798.0 on line 8 should be in ['int']
2019-05-08 09:00:00,574 - VO - IE - CBG - 2019-03-01 00:00:00 - ERROR - FILE_CHECK - expect_column_values_to_be_in_type_list - KM - Wrong type for value: 130432.0 on line 9 should be in ['int']
2019-05-08 09:00:00,574 - VO - IE - CBG - 2019-03-01 00:00:00 - ERROR - FILE_CHECK - expect_column_values_to_be_in_type_list - KM - Wrong type for value: 151473.0 on line 10 should be in ['int']
2019-05-08 09:00:00,574 - VO - IE - CBG - 2019-03-01 00:00:00 - ERROR - FILE_CHECK - expect_column_values_to_be_in_type_list - KM - Wrong type for value: 24140.0 on line 11 should be in ['int']
2019-05-08 09:00:00,574 - VO - IE - CBG - 2019-03-01 00:00:00 - ERROR - FILE_CHECK - expect_column_values_to_be_in_type_list - KM - Wrong type for value: 16576.0 on line 12 should be in ['int']
2019-05-08 09:00:00,574 - VO - IE - CBG - 2019-03-01 00:00:00 - ERROR - FILE_CHECK - expect_column_values_to_be_in_type_list - KM - Wrong type for value: 246229.0 on line 13 should be in ['int']
2019-05-08 09:00:00,574 - VO - IE - CBG - 2019-03-01 00:00:00 - ERROR - FILE_CHECK - expect_column_values_to_be_in_type_list - KM - Wrong type for value: 0.0 on line 14 should be in ['int']
2019-05-08 09:00:00,574 - VO - IE - CBG - 2019-03-01 00:00:00 - ERROR - FILE_CHECK - expect_column_values_to_be_in_type_list - KM - Wrong type for value: 0.0 on line 15 should be in ['int']
2019-05-08 09:00:00,574 - VO - IE - CBG - 2019-03-01 00:00:00 - ERROR - FILE_CHECK - expect_column_values_to_be_in_type_list - KM - Wrong type for value: 0.0 on line 16 should be in ['int']
2019-05-08 09:00:00,574 - VO - IE - CBG - 2019-03-01 00:00:00 - ERROR - FILE_CHECK - expect_column_values_to_be_in_type_list - KM - Wrong type for value: 0.0 on line 17 should be in ['int']
2019-05-08 09:00:00,574 - VO - IE - CBG - 2019-03-01 00:00:00 - ERROR - FILE_CHECK - expect_column_values_to_be_in_type_list - KM - Wrong type for value: 0.0 on line 18 should be in ['int']
2019-05-08 09:00:00,574 - VO - IE - CBG - 2019-03-01 00:00:00 - ERROR - FILE_CHECK - expect_column_values_to_be_in_type_list - KM - Wrong type for value: 0.0 on line 19 should be in ['int']
2019-05-08 09:00:00,574 - VO - IE - CBG - 2019-03-01 00:00:00 - ERROR - STAT - expect_column_values_to_be_in_type_list - KM - correctly filled rate (%) - 0.0
2019-05-08 09:00:00,574 - VO - IE - CBG - 2019-03-01 00:00:00 - ERROR - FILE_CHECK - expect_column_values_to_be_in_type_list - PLACE - Wrong type for value: 5.0 on line 67 should be in ['int']
2019-05-08 09:00:00,574 - VO - IE - CBG - 2019-03-01 00:00:00 - ERROR - FILE_CHECK - expect_column_values_to_be_in_type_list - PLACE - Wrong type for value: 4.0 on line 92 should be in ['int']
2019-05-08 09:00:00,574 - VO - IE - CBG - 2019-03-01 00:00:00 - ERROR - FILE_CHECK - expect_column_values_to_be_in_type_list - PLACE - Wrong type for value: 4.0 on line 94 should be in ['int']
2019-05-08 09:00:00,575 - VO - IE - CBG - 2019-03-01 00:00:00 - ERROR - FILE_CHECK - expect_column_values_to_be_in_type_list - PLACE - Wrong type for value: 5.0 on line 96 should be in ['int']
2019-05-08 09:00:00,575 - VO - IE - CBG - 2019-03-01 00:00:00 - ERROR - FILE_CHECK - expect_column_values_to_be_in_type_list - PLACE - Wrong type for value: 5.0 on line 111 should be in ['int']
2019-05-08 09:00:00,575 - VO - IE - CBG - 2019-03-01 00:00:00 - ERROR - FILE_CHECK - expect_column_values_to_be_in_type_list - PLACE - Wrong type for value: 5.0 on line 155 should be in ['int']
2019-05-08 09:00:00,575 - VO - IE - CBG - 2019-03-01 00:00:00 - ERROR - FILE_CHECK - expect_column_values_to_be_in_type_list - PLACE - Wrong type for value: 5.0 on line 168 should be in ['int']
2019-05-08 09:00:00,575 - VO - IE - CBG - 2019-03-01 00:00:00 - ERROR - FILE_CHECK - expect_column_values_to_be_in_type_list - PLACE - Wrong type for value: 5.0 on line 212 should be in ['int']
2019-05-08 09:00:00,575 - VO - IE - CBG - 2019-03-01 00:00:00 - ERROR - FILE_CHECK - expect_column_values_to_be_in_type_list - PLACE - Wrong type for value: 5.0 on line 214 should be in ['int']
2019-05-08 09:00:00,575 - VO - IE - CBG - 2019-03-01 00:00:00 - ERROR - FILE_CHECK - expect_column_values_to_be_in_type_list - PLACE - Wrong type for value: 5.0 on line 218 should be in ['int']
2019-05-08 09:00:00,575 - VO - IE - CBG - 2019-03-01 00:00:00 - ERROR - FILE_CHECK - expect_column_values_to_be_in_type_list - PLACE - Wrong type for value: 4.0 on line 219 should be in ['int']
2019-05-08 09:00:00,575 - VO - IE - CBG - 2019-03-01 00:00:00 - ERROR - FILE_CHECK - expect_column_values_to_be_in_type_list - PLACE - Wrong type for value: 5.0 on line 223 should be in ['int']
2019-05-08 09:00:00,575 - VO - IE - CBG - 2019-03-01 00:00:00 - ERROR - FILE_CHECK - expect_column_values_to_be_in_type_list - PLACE - Wrong type for value: 5.0 on line 226 should be in ['int']
2019-05-08 09:00:00,575 - VO - IE - CBG - 2019-03-01 00:00:00 - ERROR - FILE_CHECK - expect_column_values_to_be_in_type_list - PLACE - Wrong type for value: 5.0 on line 229 should be in ['int']
2019-05-08 09:00:00,575 - VO - IE - CBG - 2019-03-01 00:00:00 - ERROR - FILE_CHECK - expect_column_values_to_be_in_type_list - PLACE - Wrong type for value: 5.0 on line 230 should be in ['int']
2019-05-08 09:00:00,575 - VO - IE - CBG - 2019-03-01 00:00:00 - ERROR - FILE_CHECK - expect_column_values_to_be_in_type_list - PLACE - Wrong type for value: 5.0 on line 233 should be in ['int']
2019-05-08 09:00:00,575 - VO - IE - CBG - 2019-03-01 00:00:00 - ERROR - FILE_CHECK - expect_column_values_to_be_in_type_list - PLACE - Wrong type for value: 5.0 on line 236 should be in ['int']
2019-05-08 09:00:00,575 - VO - IE - CBG - 2019-03-01 00:00:00 - ERROR - FILE_CHECK - expect_column_values_to_be_in_type_list - PLACE - Wrong type for value: 4.0 on line 237 should be in ['int']
2019-05-08 09:00:00,575 - VO - IE - CBG - 2019-03-01 00:00:00 - ERROR - FILE_CHECK - expect_column_values_to_be_in_type_list - PLACE - Wrong type for value: 5.0 on line 241 should be in ['int']
2019-05-08 09:00:00,575 - VO - IE - CBG - 2019-03-01 00:00:00 - ERROR - FILE_CHECK - expect_column_values_to_be_in_type_list - PLACE - Wrong type for value: 5.0 on line 242 should be in ['int']
2019-05-08 09:00:00,575 - VO - IE - CBG - 2019-03-01 00:00:00 - ERROR - STAT - expect_column_values_to_be_in_type_list - PLACE - correctly filled rate (%) - 0.0
2019-05-08 09:00:00,576 - VO - IE - CBG - 2019-03-01 00:00:00 - ERROR - FILE_CHECK - expect_column_values_to_be_in_type_list - PHOTO - Wrong type for value: 23.0 on line 0 should be in ['int']
2019-05-08 09:00:00,576 - VO - IE - CBG - 2019-03-01 00:00:00 - ERROR - FILE_CHECK - expect_column_values_to_be_in_type_list - PHOTO - Wrong type for value: 23.0 on line 1 should be in ['int']
2019-05-08 09:00:00,576 - VO - IE - CBG - 2019-03-01 00:00:00 - ERROR - FILE_CHECK - expect_column_values_to_be_in_type_list - PHOTO - Wrong type for value: 11.0 on line 2 should be in ['int']
2019-05-08 09:00:00,576 - VO - IE - CBG - 2019-03-01 00:00:00 - ERROR - FILE_CHECK - expect_column_values_to_be_in_type_list - PHOTO - Wrong type for value: 20.0 on line 3 should be in ['int']
2019-05-08 09:00:00,576 - VO - IE - CBG - 2019-03-01 00:00:00 - ERROR - FILE_CHECK - expect_column_values_to_be_in_type_list - PHOTO - Wrong type for value: 1.0 on line 4 should be in ['int']
2019-05-08 09:00:00,576 - VO - IE - CBG - 2019-03-01 00:00:00 - ERROR - FILE_CHECK - expect_column_values_to_be_in_type_list - PHOTO - Wrong type for value: 0.0 on line 5 should be in ['int']
2019-05-08 09:00:00,576 - VO - IE - CBG - 2019-03-01 00:00:00 - ERROR - FILE_CHECK - expect_column_values_to_be_in_type_list - PHOTO - Wrong type for value: 5.0 on line 6 should be in ['int']
2019-05-08 09:00:00,576 - VO - IE - CBG - 2019-03-01 00:00:00 - ERROR - FILE_CHECK - expect_column_values_to_be_in_type_list - PHOTO - Wrong type for value: 7.0 on line 7 should be in ['int']
2019-05-08 09:00:00,576 - VO - IE - CBG - 2019-03-01 00:00:00 - ERROR - FILE_CHECK - expect_column_values_to_be_in_type_list - PHOTO - Wrong type for value: 8.0 on line 8 should be in ['int']
2019-05-08 09:00:00,576 - VO - IE - CBG - 2019-03-01 00:00:00 - ERROR - FILE_CHECK - expect_column_values_to_be_in_type_list - PHOTO - Wrong type for value: 10.0 on line 9 should be in ['int']
2019-05-08 09:00:00,576 - VO - IE - CBG - 2019-03-01 00:00:00 - ERROR - FILE_CHECK - expect_column_values_to_be_in_type_list - PHOTO - Wrong type for value: 8.0 on line 10 should be in ['int']
2019-05-08 09:00:00,576 - VO - IE - CBG - 2019-03-01 00:00:00 - ERROR - FILE_CHECK - expect_column_values_to_be_in_type_list - PHOTO - Wrong type for value: 1.0 on line 11 should be in ['int']
2019-05-08 09:00:00,576 - VO - IE - CBG - 2019-03-01 00:00:00 - ERROR - FILE_CHECK - expect_column_values_to_be_in_type_list - PHOTO - Wrong type for value: 4.0 on line 12 should be in ['int']
2019-05-08 09:00:00,576 - VO - IE - CBG - 2019-03-01 00:00:00 - ERROR - FILE_CHECK - expect_column_values_to_be_in_type_list - PHOTO - Wrong type for value: 18.0 on line 13 should be in ['int']
2019-05-08 09:00:00,576 - VO - IE - CBG - 2019-03-01 00:00:00 - ERROR - FILE_CHECK - expect_column_values_to_be_in_type_list - PHOTO - Wrong type for value: 13.0 on line 14 should be in ['int']
2019-05-08 09:00:00,576 - VO - IE - CBG - 2019-03-01 00:00:00 - ERROR - FILE_CHECK - expect_column_values_to_be_in_type_list - PHOTO - Wrong type for value: 8.0 on line 15 should be in ['int']
2019-05-08 09:00:00,576 - VO - IE - CBG - 2019-03-01 00:00:00 - ERROR - FILE_CHECK - expect_column_values_to_be_in_type_list - PHOTO - Wrong type for value: 12.0 on line 16 should be in ['int']
2019-05-08 09:00:00,576 - VO - IE - CBG - 2019-03-01 00:00:00 - ERROR - FILE_CHECK - expect_column_values_to_be_in_type_list - PHOTO - Wrong type for value: 14.0 on line 17 should be in ['int']
2019-05-08 09:00:00,576 - VO - IE - CBG - 2019-03-01 00:00:00 - ERROR - FILE_CHECK - expect_column_values_to_be_in_type_list - PHOTO - Wrong type for value: 25.0 on line 18 should be in ['int']
2019-05-08 09:00:00,577 - VO - IE - CBG - 2019-03-01 00:00:00 - ERROR - FILE_CHECK - expect_column_values_to_be_in_type_list - PHOTO - Wrong type for value: 7.0 on line 19 should be in ['int']
2019-05-08 09:00:00,577 - VO - IE - CBG - 2019-03-01 00:00:00 - ERROR - STAT - expect_column_values_to_be_in_type_list - PHOTO - correctly filled rate (%) - 0.0
2019-05-08 09:00:00,577 - VO - IE - CBG - 2019-03-01 00:00:00 - ERROR - STAT - expect_column_values_to_be_in_type_list - LITRE - correctly filled rate (%) - 100.0
2019-05-08 09:00:00,577 - VO - IE - CBG - 2019-03-01 00:00:00 - ERROR - STAT - expect_column_values_to_be_phone_number - TELEPHONE - correctly filled rate (%) - 99.66
2019-05-08 09:00:00,577 - VO - IE - CBG - 2019-03-01 00:00:00 - ERROR - STAT - expect_returning_row_count - EVERY_COLUMNS - total number of rows - 52029
2019-05-08 09:00:00,577 - VO - IE - CBG - 2019-03-01 00:00:00 - ERROR - STAT - expect_returning_row_count_on_conditions - DEALER_USEDCARS - total number of row with conditions - 253483
2019-05-08 09:00:00,577 - VO - IE - CBG - 2019-03-01 00:00:00 - ERROR - STAT - expect_returning_row_count_on_conditions - PRIVATE_USEDCARS - total number of row with conditions - 208145
2019-05-08 09:00:00,577 - VO - IE - CBG - 2019-03-01 00:00:00 - ERROR - STAT - expect_column_value_lengths_to_be_between - NOM - correctly filled rate (%) - 100.0
2019-05-08 09:00:00,577 - VO - IE - CBG - 2019-03-01 00:00:00 - ERROR - FILE_CHECK - expect_column_value_lengths_to_be_between - OPTIONS - Unexpected characters count of: [1 LADY OWNER WITH LO...] on line  0, value length should be between 0 and 255
2019-05-08 09:00:00,577 - VO - IE - CBG - 2019-03-01 00:00:00 - ERROR - FILE_CHECK - expect_column_value_lengths_to_be_between - OPTIONS - Unexpected characters count of: [1 LADY OWNER WITH LO...] on line  1, value length should be between 0 and 255
2019-05-08 09:00:00,577 - VO - IE - CBG - 2019-03-01 00:00:00 - ERROR - FILE_CHECK - expect_column_value_lengths_to_be_between - OPTIONS - Unexpected characters count of: [ABARTH 500  Petrol I...] on line  2, value length should be between 0 and 255
2019-05-08 09:00:00,577 - VO - IE - CBG - 2019-03-01 00:00:00 - ERROR - FILE_CHECK - expect_column_value_lengths_to_be_between - OPTIONS - Unexpected characters count of: [ABARTH 500  Petrol T...] on line  3, value length should be between 0 and 255
2019-05-08 09:00:00,577 - VO - IE - CBG - 2019-03-01 00:00:00 - ERROR - FILE_CHECK - expect_column_value_lengths_to_be_between - OPTIONS - Unexpected characters count of: [Finance Available. A...] on line  10, value length should be between 0 and 255
2019-05-08 09:00:00,577 - VO - IE - CBG - 2019-03-01 00:00:00 - ERROR - FILE_CHECK - expect_column_value_lengths_to_be_between - OPTIONS - Unexpected characters count of: [STUNNING ALFA ROMEO ...] on line  14, value length should be between 0 and 255
2019-05-08 09:00:00,577 - VO - IE - CBG - 2019-03-01 00:00:00 - ERROR - FILE_CHECK - expect_column_value_lengths_to_be_between - OPTIONS - Unexpected characters count of: [HIGH SPEC ALFA ROMEO...] on line  15, value length should be between 0 and 255
2019-05-08 09:00:00,577 - VO - IE - CBG - 2019-03-01 00:00:00 - ERROR - FILE_CHECK - expect_column_value_lengths_to_be_between - OPTIONS - Unexpected characters count of: [Awarded Best Irish M...] on line  16, value length should be between 0 and 255
2019-05-08 09:00:00,577 - VO - IE - CBG - 2019-03-01 00:00:00 - ERROR - FILE_CHECK - expect_column_value_lengths_to_be_between - OPTIONS - Unexpected characters count of: [Air Conditioning, Ce...] on line  17, value length should be between 0 and 255
2019-05-08 09:00:00,577 - VO - IE - CBG - 2019-03-01 00:00:00 - ERROR - FILE_CHECK - expect_column_value_lengths_to_be_between - OPTIONS - Unexpected characters count of: [ABS, Side Airbag, Ai...] on line  18, value length should be between 0 and 255
2019-05-08 09:00:00,578 - VO - IE - CBG - 2019-03-01 00:00:00 - ERROR - FILE_CHECK - expect_column_value_lengths_to_be_between - OPTIONS - Unexpected characters count of: [THE STUNNING NEW ALF...] on line  19, value length should be between 0 and 255
2019-05-08 09:00:00,578 - VO - IE - CBG - 2019-03-01 00:00:00 - ERROR - FILE_CHECK - expect_column_value_lengths_to_be_between - OPTIONS - Unexpected characters count of: [Alloy Wheels, Armres...] on line  20, value length should be between 0 and 255
2019-05-08 09:00:00,578 - VO - IE - CBG - 2019-03-01 00:00:00 - ERROR - FILE_CHECK - expect_column_value_lengths_to_be_between - OPTIONS - Unexpected characters count of: [Trade in accepted, A...] on line  21, value length should be between 0 and 255
2019-05-08 09:00:00,578 - VO - IE - CBG - 2019-03-01 00:00:00 - ERROR - FILE_CHECK - expect_column_value_lengths_to_be_between - OPTIONS - Unexpected characters count of: [THE STUNNING ALFA RO...] on line  22, value length should be between 0 and 255
2019-05-08 09:00:00,578 - VO - IE - CBG - 2019-03-01 00:00:00 - ERROR - FILE_CHECK - expect_column_value_lengths_to_be_between - OPTIONS - Unexpected characters count of: [ABS, Driver Airbag, ...] on line  23, value length should be between 0 and 255
2019-05-08 09:00:00,578 - VO - IE - CBG - 2019-03-01 00:00:00 - ERROR - FILE_CHECK - expect_column_value_lengths_to_be_between - OPTIONS - Unexpected characters count of: [ABS, Air Conditionin...] on line  24, value length should be between 0 and 255
2019-05-08 09:00:00,578 - VO - IE - CBG - 2019-03-01 00:00:00 - ERROR - FILE_CHECK - expect_column_value_lengths_to_be_between - OPTIONS - Unexpected characters count of: [Alloy Wheels, Armres...] on line  25, value length should be between 0 and 255
2019-05-08 09:00:00,578 - VO - IE - CBG - 2019-03-01 00:00:00 - ERROR - FILE_CHECK - expect_column_value_lengths_to_be_between - OPTIONS - Unexpected characters count of: [This Stunning 2.9 V6...] on line  26, value length should be between 0 and 255
2019-05-08 09:00:00,578 - VO - IE - CBG - 2019-03-01 00:00:00 - ERROR - FILE_CHECK - expect_column_value_lengths_to_be_between - OPTIONS - Unexpected characters count of: [Side Airbag, Alloy W...] on line  27, value length should be between 0 and 255
2019-05-08 09:00:00,578 - VO - IE - CBG - 2019-03-01 00:00:00 - ERROR - FILE_CHECK - expect_column_value_lengths_to_be_between - OPTIONS - Unexpected characters count of: [Air Conditioning, El...] on line  28, value length should be between 0 and 255
2019-05-08 09:00:00,578 - VO - IE - CBG - 2019-03-01 00:00:00 - ERROR - STAT - expect_column_value_lengths_to_be_between - OPTIONS - correctly filled rate (%) - 19.66
