2019-11-27 22:14:24,406 - IMMO - FR.CONSTRUIRE - LOGICIMMOCONSTRUIRE - 2019-11-01 00:00:00 - ERROR - FILE_VALIDATE - expect_file_to_be_validated - EVERY_COLUMNS - False - 0
2019-11-27 22:14:24,406 - IMMO - FR.CONSTRUIRE - LOGICIMMOCONSTRUIRE - 2019-11-01 00:00:00 - ERROR - STAT - expect_column_values_to_not_be_null - ACHAT_LOC - correctly filled rate (%) - 100.0
2019-11-27 22:14:24,406 - IMMO - FR.CONSTRUIRE - LOGICIMMOCONSTRUIRE - 2019-11-01 00:00:00 - ERROR - FILE_VALIDATE - expect_column_values_to_not_be_null - ACHAT_LOC - True - 1
2019-11-27 22:14:24,406 - IMMO - FR.CONSTRUIRE - LOGICIMMOCONSTRUIRE - 2019-11-01 00:00:00 - ERROR - STAT - expect_column_values_to_be_in_set - ACHAT_LOC - correctly filled rate (%) - 100.0
2019-11-27 22:14:24,406 - IMMO - FR.CONSTRUIRE - LOGICIMMOCONSTRUIRE - 2019-11-01 00:00:00 - ERROR - FILE_VALIDATE - expect_column_values_to_be_in_set - ACHAT_LOC - True - 1
2019-11-27 22:14:24,406 - IMMO - FR.CONSTRUIRE - LOGICIMMOCONSTRUIRE - 2019-11-01 00:00:00 - ERROR - STAT - expect_column_values_to_not_be_null - ADRESSE - correctly filled rate (%) - 3.17
2019-11-27 22:14:24,406 - IMMO - FR.CONSTRUIRE - LOGICIMMOCONSTRUIRE - 2019-11-01 00:00:00 - ERROR - FILE_VALIDATE - expect_column_values_to_not_be_null - ADRESSE - False - 0
2019-11-27 22:14:24,406 - IMMO - FR.CONSTRUIRE - LOGICIMMOCONSTRUIRE - 2019-11-01 00:00:00 - ERROR - STAT - expect_column_values_to_not_be_null - AGENCE_ADRESSE - correctly filled rate (%) - 99.98
2019-11-27 22:14:24,406 - IMMO - FR.CONSTRUIRE - LOGICIMMOCONSTRUIRE - 2019-11-01 00:00:00 - ERROR - FILE_VALIDATE - expect_column_values_to_not_be_null - AGENCE_ADRESSE - True - 1
2019-11-27 22:14:24,406 - IMMO - FR.CONSTRUIRE - LOGICIMMOCONSTRUIRE - 2019-11-01 00:00:00 - ERROR - STAT - expect_column_values_to_not_be_null - AGENCE_CP - correctly filled rate (%) - 99.98
2019-11-27 22:14:24,407 - IMMO - FR.CONSTRUIRE - LOGICIMMOCONSTRUIRE - 2019-11-01 00:00:00 - ERROR - FILE_VALIDATE - expect_column_values_to_not_be_null - AGENCE_CP - True - 1
2019-11-27 22:14:24,407 - IMMO - FR.CONSTRUIRE - LOGICIMMOCONSTRUIRE - 2019-11-01 00:00:00 - ERROR - STAT - expect_column_values_to_match_regex - AGENCE_CP - correctly filled rate (%) - 100.0
2019-11-27 22:14:24,407 - IMMO - FR.CONSTRUIRE - LOGICIMMOCONSTRUIRE - 2019-11-01 00:00:00 - ERROR - FILE_VALIDATE - expect_column_values_to_match_regex - AGENCE_CP - True - 1
2019-11-27 22:14:24,407 - IMMO - FR.CONSTRUIRE - LOGICIMMOCONSTRUIRE - 2019-11-01 00:00:00 - ERROR - STAT - expect_column_values_to_not_be_null - AGENCE_NOM - correctly filled rate (%) - 99.98
2019-11-27 22:14:24,407 - IMMO - FR.CONSTRUIRE - LOGICIMMOCONSTRUIRE - 2019-11-01 00:00:00 - ERROR - FILE_VALIDATE - expect_column_values_to_not_be_null - AGENCE_NOM - True - 1
2019-11-27 22:14:24,407 - IMMO - FR.CONSTRUIRE - LOGICIMMOCONSTRUIRE - 2019-11-01 00:00:00 - ERROR - STAT - expect_column_values_to_be_phone_number - AGENCE_TEL - correctly filled rate (%) - 100.0
2019-11-27 22:14:24,407 - IMMO - FR.CONSTRUIRE - LOGICIMMOCONSTRUIRE - 2019-11-01 00:00:00 - ERROR - FILE_VALIDATE - expect_column_values_to_be_phone_number - AGENCE_TEL - True - 1
2019-11-27 22:14:24,407 - IMMO - FR.CONSTRUIRE - LOGICIMMOCONSTRUIRE - 2019-11-01 00:00:00 - ERROR - STAT - expect_column_values_to_not_be_null - AGENCE_TEL - correctly filled rate (%) - 99.88
2019-11-27 22:14:24,407 - IMMO - FR.CONSTRUIRE - LOGICIMMOCONSTRUIRE - 2019-11-01 00:00:00 - ERROR - FILE_VALIDATE - expect_column_values_to_not_be_null - AGENCE_TEL - True - 1
2019-11-27 22:14:24,407 - IMMO - FR.CONSTRUIRE - LOGICIMMOCONSTRUIRE - 2019-11-01 00:00:00 - ERROR - STAT - expect_column_values_to_not_be_null - AGENCE_VILLE - correctly filled rate (%) - 99.98
2019-11-27 22:14:24,407 - IMMO - FR.CONSTRUIRE - LOGICIMMOCONSTRUIRE - 2019-11-01 00:00:00 - ERROR - FILE_VALIDATE - expect_column_values_to_not_be_null - AGENCE_VILLE - True - 1
2019-11-27 22:14:24,407 - IMMO - FR.CONSTRUIRE - LOGICIMMOCONSTRUIRE - 2019-11-01 00:00:00 - ERROR - STAT - expect_column_values_to_not_be_null - ANNONCE_DATE - correctly filled rate (%) - 0.0
2019-11-27 22:14:24,407 - IMMO - FR.CONSTRUIRE - LOGICIMMOCONSTRUIRE - 2019-11-01 00:00:00 - ERROR - FILE_VALIDATE - expect_column_values_to_not_be_null - ANNONCE_DATE - False - 0
2019-11-27 22:14:24,407 - IMMO - FR.CONSTRUIRE - LOGICIMMOCONSTRUIRE - 2019-11-01 00:00:00 - ERROR - STAT - expect_column_values_to_not_be_null - ANNONCE_LINK - correctly filled rate (%) - 100.0
2019-11-27 22:14:24,407 - IMMO - FR.CONSTRUIRE - LOGICIMMOCONSTRUIRE - 2019-11-01 00:00:00 - ERROR - FILE_VALIDATE - expect_column_values_to_not_be_null - ANNONCE_LINK - True - 1
2019-11-27 22:14:24,407 - IMMO - FR.CONSTRUIRE - LOGICIMMOCONSTRUIRE - 2019-11-01 00:00:00 - ERROR - STAT - expect_column_values_to_be_unique - ANNONCE_LINK - observed proportion - 100.0
2019-11-27 22:14:24,408 - IMMO - FR.CONSTRUIRE - LOGICIMMOCONSTRUIRE - 2019-11-01 00:00:00 - ERROR - FILE_VALIDATE - expect_column_values_to_be_unique - ANNONCE_LINK - True - 1
2019-11-27 22:14:24,408 - IMMO - FR.CONSTRUIRE - LOGICIMMOCONSTRUIRE - 2019-11-01 00:00:00 - ERROR - FILE_CHECK - expect_column_value_lengths_to_be_between - ANNONCE_TEXT - Unexpected characters count of: [Sur la commune de BR...] on line  0, value length should be between 0 and 255
2019-11-27 22:14:24,408 - IMMO - FR.CONSTRUIRE - LOGICIMMOCONSTRUIRE - 2019-11-01 00:00:00 - ERROR - FILE_CHECK - expect_column_value_lengths_to_be_between - ANNONCE_TEXT - Unexpected characters count of: [L'ABERGEMENT DE VARE...] on line  2, value length should be between 0 and 255
2019-11-27 22:14:24,408 - IMMO - FR.CONSTRUIRE - LOGICIMMOCONSTRUIRE - 2019-11-01 00:00:00 - ERROR - FILE_CHECK - expect_column_value_lengths_to_be_between - ANNONCE_TEXT - Unexpected characters count of: [Pont De Vaux - A Ven...] on line  3, value length should be between 0 and 255
2019-11-27 22:14:24,408 - IMMO - FR.CONSTRUIRE - LOGICIMMOCONSTRUIRE - 2019-11-01 00:00:00 - ERROR - FILE_CHECK - expect_column_value_lengths_to_be_between - ANNONCE_TEXT - Unexpected characters count of: [EXCLUSIVITE : Au cen...] on line  4, value length should be between 0 and 255
2019-11-27 22:14:24,408 - IMMO - FR.CONSTRUIRE - LOGICIMMOCONSTRUIRE - 2019-11-01 00:00:00 - ERROR - FILE_CHECK - expect_column_value_lengths_to_be_between - ANNONCE_TEXT - Unexpected characters count of: [Terrain constructibl...] on line  6, value length should be between 0 and 255
2019-11-27 22:14:24,408 - IMMO - FR.CONSTRUIRE - LOGICIMMOCONSTRUIRE - 2019-11-01 00:00:00 - ERROR - FILE_CHECK - expect_column_value_lengths_to_be_between - ANNONCE_TEXT - Unexpected characters count of: [Terrain Saint Trivie...] on line  7, value length should be between 0 and 255
2019-11-27 22:14:24,408 - IMMO - FR.CONSTRUIRE - LOGICIMMOCONSTRUIRE - 2019-11-01 00:00:00 - ERROR - FILE_CHECK - expect_column_value_lengths_to_be_between - ANNONCE_TEXT - Unexpected characters count of: [Terrain constructibl...] on line  8, value length should be between 0 and 255
2019-11-27 22:14:24,408 - IMMO - FR.CONSTRUIRE - LOGICIMMOCONSTRUIRE - 2019-11-01 00:00:00 - ERROR - FILE_CHECK - expect_column_value_lengths_to_be_between - ANNONCE_TEXT - Unexpected characters count of: [Terrain Boissey 520 ...] on line  10, value length should be between 0 and 255
2019-11-27 22:14:24,408 - IMMO - FR.CONSTRUIRE - LOGICIMMOCONSTRUIRE - 2019-11-01 00:00:00 - ERROR - FILE_CHECK - expect_column_value_lengths_to_be_between - ANNONCE_TEXT - Unexpected characters count of: [GRILLY~~Terrain en n...] on line  11, value length should be between 0 and 255
2019-11-27 22:14:24,408 - IMMO - FR.CONSTRUIRE - LOGICIMMOCONSTRUIRE - 2019-11-01 00:00:00 - ERROR - FILE_CHECK - expect_column_value_lengths_to_be_between - ANNONCE_TEXT - Unexpected characters count of: [Parcelle de bois dun...] on line  13, value length should be between 0 and 255
2019-11-27 22:14:24,408 - IMMO - FR.CONSTRUIRE - LOGICIMMOCONSTRUIRE - 2019-11-01 00:00:00 - ERROR - FILE_CHECK - expect_column_value_lengths_to_be_between - ANNONCE_TEXT - Unexpected characters count of: [IAD France - Nicolas...] on line  16, value length should be between 0 and 255
2019-11-27 22:14:24,408 - IMMO - FR.CONSTRUIRE - LOGICIMMOCONSTRUIRE - 2019-11-01 00:00:00 - ERROR - FILE_CHECK - expect_column_value_lengths_to_be_between - ANNONCE_TEXT - Unexpected characters count of: [Au coeur d'un petit ...] on line  17, value length should be between 0 and 255
2019-11-27 22:14:24,408 - IMMO - FR.CONSTRUIRE - LOGICIMMOCONSTRUIRE - 2019-11-01 00:00:00 - ERROR - FILE_CHECK - expect_column_value_lengths_to_be_between - ANNONCE_TEXT - Unexpected characters count of: [TERRAIN DANS LOTISSE...] on line  18, value length should be between 0 and 255
2019-11-27 22:14:24,408 - IMMO - FR.CONSTRUIRE - LOGICIMMOCONSTRUIRE - 2019-11-01 00:00:00 - ERROR - FILE_CHECK - expect_column_value_lengths_to_be_between - ANNONCE_TEXT - Unexpected characters count of: [sur la commune de Th...] on line  23, value length should be between 0 and 255
2019-11-27 22:14:24,408 - IMMO - FR.CONSTRUIRE - LOGICIMMOCONSTRUIRE - 2019-11-01 00:00:00 - ERROR - FILE_CHECK - expect_column_value_lengths_to_be_between - ANNONCE_TEXT - Unexpected characters count of: [Terrain pont de vaux...] on line  26, value length should be between 0 and 255
2019-11-27 22:14:24,408 - IMMO - FR.CONSTRUIRE - LOGICIMMOCONSTRUIRE - 2019-11-01 00:00:00 - ERROR - FILE_CHECK - expect_column_value_lengths_to_be_between - ANNONCE_TEXT - Unexpected characters count of: [Proximité Lagnieu, s...] on line  27, value length should be between 0 and 255
2019-11-27 22:14:24,409 - IMMO - FR.CONSTRUIRE - LOGICIMMOCONSTRUIRE - 2019-11-01 00:00:00 - ERROR - FILE_CHECK - expect_column_value_lengths_to_be_between - ANNONCE_TEXT - Unexpected characters count of: [ARBIGNY, à 5minutes ...] on line  28, value length should be between 0 and 255
2019-11-27 22:14:24,409 - IMMO - FR.CONSTRUIRE - LOGICIMMOCONSTRUIRE - 2019-11-01 00:00:00 - ERROR - FILE_CHECK - expect_column_value_lengths_to_be_between - ANNONCE_TEXT - Unexpected characters count of: [Sur la commune de BR...] on line  29, value length should be between 0 and 255
2019-11-27 22:14:24,409 - IMMO - FR.CONSTRUIRE - LOGICIMMOCONSTRUIRE - 2019-11-01 00:00:00 - ERROR - FILE_CHECK - expect_column_value_lengths_to_be_between - ANNONCE_TEXT - Unexpected characters count of: [LA BENATE 10 minutes...] on line  32, value length should be between 0 and 255
2019-11-27 22:14:24,409 - IMMO - FR.CONSTRUIRE - LOGICIMMOCONSTRUIRE - 2019-11-01 00:00:00 - ERROR - FILE_CHECK - expect_column_value_lengths_to_be_between - ANNONCE_TEXT - Unexpected characters count of: [Terrain St Flour 147...] on line  33, value length should be between 0 and 255
2019-11-27 22:14:24,409 - IMMO - FR.CONSTRUIRE - LOGICIMMOCONSTRUIRE - 2019-11-01 00:00:00 - ERROR - STAT - expect_column_value_lengths_to_be_between - ANNONCE_TEXT - correctly filled rate (%) - 20.66
2019-11-27 22:14:24,409 - IMMO - FR.CONSTRUIRE - LOGICIMMOCONSTRUIRE - 2019-11-01 00:00:00 - ERROR - FILE_VALIDATE - expect_column_value_lengths_to_be_between - ANNONCE_TEXT - False - 0
2019-11-27 22:14:24,409 - IMMO - FR.CONSTRUIRE - LOGICIMMOCONSTRUIRE - 2019-11-01 00:00:00 - ERROR - STAT - expect_column_values_to_not_be_null - ANNONCE_TEXT - correctly filled rate (%) - 100.0
2019-11-27 22:14:24,409 - IMMO - FR.CONSTRUIRE - LOGICIMMOCONSTRUIRE - 2019-11-01 00:00:00 - ERROR - FILE_VALIDATE - expect_column_values_to_not_be_null - ANNONCE_TEXT - False - 0
2019-11-27 22:14:24,409 - IMMO - FR.CONSTRUIRE - LOGICIMMOCONSTRUIRE - 2019-11-01 00:00:00 - ERROR - STAT - expect_column_values_to_not_be_null - CATEGORIE - correctly filled rate (%) - 100.0
2019-11-27 22:14:24,409 - IMMO - FR.CONSTRUIRE - LOGICIMMOCONSTRUIRE - 2019-11-01 00:00:00 - ERROR - FILE_VALIDATE - expect_column_values_to_not_be_null - CATEGORIE - False - 0
2019-11-27 22:14:24,409 - IMMO - FR.CONSTRUIRE - LOGICIMMOCONSTRUIRE - 2019-11-01 00:00:00 - ERROR - STAT - expect_column_values_to_not_be_null - CP - correctly filled rate (%) - 100.0
2019-11-27 22:14:24,409 - IMMO - FR.CONSTRUIRE - LOGICIMMOCONSTRUIRE - 2019-11-01 00:00:00 - ERROR - FILE_VALIDATE - expect_column_values_to_not_be_null - CP - True - 1
2019-11-27 22:14:24,409 - IMMO - FR.CONSTRUIRE - LOGICIMMOCONSTRUIRE - 2019-11-01 00:00:00 - ERROR - STAT - expect_column_values_to_match_regex - CP - correctly filled rate (%) - 100.0
2019-11-27 22:14:24,409 - IMMO - FR.CONSTRUIRE - LOGICIMMOCONSTRUIRE - 2019-11-01 00:00:00 - ERROR - FILE_VALIDATE - expect_column_values_to_match_regex - CP - True - 1
2019-11-27 22:14:24,409 - IMMO - FR.CONSTRUIRE - LOGICIMMOCONSTRUIRE - 2019-11-01 00:00:00 - ERROR - STAT - expect_column_values_to_not_be_null - DEPARTEMENT - correctly filled rate (%) - 100.0
2019-11-27 22:14:24,409 - IMMO - FR.CONSTRUIRE - LOGICIMMOCONSTRUIRE - 2019-11-01 00:00:00 - ERROR - FILE_VALIDATE - expect_column_values_to_not_be_null - DEPARTEMENT - True - 1
2019-11-27 22:14:24,409 - IMMO - FR.CONSTRUIRE - LOGICIMMOCONSTRUIRE - 2019-11-01 00:00:00 - ERROR - STAT - expect_returning_row_count - EVERY_COLUMNS - total number of rows - 85589
2019-11-27 22:14:24,410 - IMMO - FR.CONSTRUIRE - LOGICIMMOCONSTRUIRE - 2019-11-01 00:00:00 - ERROR - STAT - expect_column_values_to_not_be_null - ID_CLIENT - correctly filled rate (%) - 100.0
2019-11-27 22:14:24,410 - IMMO - FR.CONSTRUIRE - LOGICIMMOCONSTRUIRE - 2019-11-01 00:00:00 - ERROR - FILE_VALIDATE - expect_column_values_to_not_be_null - ID_CLIENT - True - 1
2019-11-27 22:14:24,410 - IMMO - FR.CONSTRUIRE - LOGICIMMOCONSTRUIRE - 2019-11-01 00:00:00 - ERROR - STAT - expect_column_values_to_be_unique - ID_CLIENT - observed proportion - 100.0
2019-11-27 22:14:24,410 - IMMO - FR.CONSTRUIRE - LOGICIMMOCONSTRUIRE - 2019-11-01 00:00:00 - ERROR - FILE_VALIDATE - expect_column_values_to_be_unique - ID_CLIENT - True - 1
2019-11-27 22:14:24,410 - IMMO - FR.CONSTRUIRE - LOGICIMMOCONSTRUIRE - 2019-11-01 00:00:00 - ERROR - FILE_CHECK - expect_column_values_to_be_of_type - M2_TOTALE - Wrong type for value: 984.0 on line 119 should be int
2019-11-27 22:14:24,410 - IMMO - FR.CONSTRUIRE - LOGICIMMOCONSTRUIRE - 2019-11-01 00:00:00 - ERROR - FILE_CHECK - expect_column_values_to_be_of_type - M2_TOTALE - Wrong type for value: 550.0 on line 347 should be int
2019-11-27 22:14:24,410 - IMMO - FR.CONSTRUIRE - LOGICIMMOCONSTRUIRE - 2019-11-01 00:00:00 - ERROR - FILE_CHECK - expect_column_values_to_be_of_type - M2_TOTALE - Wrong type for value: 644.0 on line 681 should be int
2019-11-27 22:14:24,410 - IMMO - FR.CONSTRUIRE - LOGICIMMOCONSTRUIRE - 2019-11-01 00:00:00 - ERROR - FILE_CHECK - expect_column_values_to_be_of_type - M2_TOTALE - Wrong type for value: 1732.0 on line 703 should be int
2019-11-27 22:14:24,410 - IMMO - FR.CONSTRUIRE - LOGICIMMOCONSTRUIRE - 2019-11-01 00:00:00 - ERROR - FILE_CHECK - expect_column_values_to_be_of_type - M2_TOTALE - Wrong type for value: 644.0 on line 846 should be int
2019-11-27 22:14:24,410 - IMMO - FR.CONSTRUIRE - LOGICIMMOCONSTRUIRE - 2019-11-01 00:00:00 - ERROR - FILE_CHECK - expect_column_values_to_be_of_type - M2_TOTALE - Wrong type for value: 1354.0 on line 847 should be int
2019-11-27 22:14:24,410 - IMMO - FR.CONSTRUIRE - LOGICIMMOCONSTRUIRE - 2019-11-01 00:00:00 - ERROR - FILE_CHECK - expect_column_values_to_be_of_type - M2_TOTALE - Wrong type for value: 1354.0 on line 848 should be int
2019-11-27 22:14:24,410 - IMMO - FR.CONSTRUIRE - LOGICIMMOCONSTRUIRE - 2019-11-01 00:00:00 - ERROR - FILE_CHECK - expect_column_values_to_be_of_type - M2_TOTALE - Wrong type for value: 660.0 on line 909 should be int
2019-11-27 22:14:24,410 - IMMO - FR.CONSTRUIRE - LOGICIMMOCONSTRUIRE - 2019-11-01 00:00:00 - ERROR - FILE_CHECK - expect_column_values_to_be_of_type - M2_TOTALE - Wrong type for value: 660.0 on line 925 should be int
2019-11-27 22:14:24,410 - IMMO - FR.CONSTRUIRE - LOGICIMMOCONSTRUIRE - 2019-11-01 00:00:00 - ERROR - FILE_CHECK - expect_column_values_to_be_of_type - M2_TOTALE - Wrong type for value: 840.0 on line 966 should be int
2019-11-27 22:14:24,410 - IMMO - FR.CONSTRUIRE - LOGICIMMOCONSTRUIRE - 2019-11-01 00:00:00 - ERROR - FILE_CHECK - expect_column_values_to_be_of_type - M2_TOTALE - Wrong type for value: 620.0 on line 1120 should be int
2019-11-27 22:14:24,410 - IMMO - FR.CONSTRUIRE - LOGICIMMOCONSTRUIRE - 2019-11-01 00:00:00 - ERROR - FILE_CHECK - expect_column_values_to_be_of_type - M2_TOTALE - Wrong type for value: 830.0 on line 1198 should be int
2019-11-27 22:14:24,410 - IMMO - FR.CONSTRUIRE - LOGICIMMOCONSTRUIRE - 2019-11-01 00:00:00 - ERROR - FILE_CHECK - expect_column_values_to_be_of_type - M2_TOTALE - Wrong type for value: 83.0 on line 1216 should be int
2019-11-27 22:14:24,411 - IMMO - FR.CONSTRUIRE - LOGICIMMOCONSTRUIRE - 2019-11-01 00:00:00 - ERROR - FILE_CHECK - expect_column_values_to_be_of_type - M2_TOTALE - Wrong type for value: 83.0 on line 1232 should be int
2019-11-27 22:14:24,411 - IMMO - FR.CONSTRUIRE - LOGICIMMOCONSTRUIRE - 2019-11-01 00:00:00 - ERROR - FILE_CHECK - expect_column_values_to_be_of_type - M2_TOTALE - Wrong type for value: 83.0 on line 1233 should be int
2019-11-27 22:14:24,411 - IMMO - FR.CONSTRUIRE - LOGICIMMOCONSTRUIRE - 2019-11-01 00:00:00 - ERROR - FILE_CHECK - expect_column_values_to_be_of_type - M2_TOTALE - Wrong type for value: 70.0 on line 1236 should be int
2019-11-27 22:14:24,411 - IMMO - FR.CONSTRUIRE - LOGICIMMOCONSTRUIRE - 2019-11-01 00:00:00 - ERROR - FILE_CHECK - expect_column_values_to_be_of_type - M2_TOTALE - Wrong type for value: 83.0 on line 1237 should be int
2019-11-27 22:14:24,411 - IMMO - FR.CONSTRUIRE - LOGICIMMOCONSTRUIRE - 2019-11-01 00:00:00 - ERROR - FILE_CHECK - expect_column_values_to_be_of_type - M2_TOTALE - Wrong type for value: 83.0 on line 1238 should be int
2019-11-27 22:14:24,411 - IMMO - FR.CONSTRUIRE - LOGICIMMOCONSTRUIRE - 2019-11-01 00:00:00 - ERROR - FILE_CHECK - expect_column_values_to_be_of_type - M2_TOTALE - Wrong type for value: 83.0 on line 1239 should be int
2019-11-27 22:14:24,411 - IMMO - FR.CONSTRUIRE - LOGICIMMOCONSTRUIRE - 2019-11-01 00:00:00 - ERROR - FILE_CHECK - expect_column_values_to_be_of_type - M2_TOTALE - Wrong type for value: 83.0 on line 1240 should be int
2019-11-27 22:14:24,411 - IMMO - FR.CONSTRUIRE - LOGICIMMOCONSTRUIRE - 2019-11-01 00:00:00 - ERROR - STAT - expect_column_values_to_be_of_type - M2_TOTALE - correctly filled rate (%) - 0.0
2019-11-27 22:14:24,411 - IMMO - FR.CONSTRUIRE - LOGICIMMOCONSTRUIRE - 2019-11-01 00:00:00 - ERROR - FILE_VALIDATE - expect_column_values_to_be_of_type - M2_TOTALE - False - 0
2019-11-27 22:14:24,411 - IMMO - FR.CONSTRUIRE - LOGICIMMOCONSTRUIRE - 2019-11-01 00:00:00 - ERROR - STAT - expect_column_values_to_not_be_null - M2_TOTALE - correctly filled rate (%) - 43.06
2019-11-27 22:14:24,411 - IMMO - FR.CONSTRUIRE - LOGICIMMOCONSTRUIRE - 2019-11-01 00:00:00 - ERROR - FILE_VALIDATE - expect_column_values_to_not_be_null - M2_TOTALE - False - 0
2019-11-27 22:14:24,411 - IMMO - FR.CONSTRUIRE - LOGICIMMOCONSTRUIRE - 2019-11-01 00:00:00 - ERROR - STAT - expect_column_values_to_not_be_null - MAISON_APT - correctly filled rate (%) - 0.0
2019-11-27 22:14:24,411 - IMMO - FR.CONSTRUIRE - LOGICIMMOCONSTRUIRE - 2019-11-01 00:00:00 - ERROR - FILE_VALIDATE - expect_column_values_to_not_be_null - MAISON_APT - False - 0
2019-11-27 22:14:24,411 - IMMO - FR.CONSTRUIRE - LOGICIMMOCONSTRUIRE - 2019-11-01 00:00:00 - ERROR - STAT - expect_column_values_to_not_be_null - MINI_SITE_ID - correctly filled rate (%) - 99.98
2019-11-27 22:14:24,411 - IMMO - FR.CONSTRUIRE - LOGICIMMOCONSTRUIRE - 2019-11-01 00:00:00 - ERROR - FILE_VALIDATE - expect_column_values_to_not_be_null - MINI_SITE_ID - True - 1
2019-11-27 22:14:24,411 - IMMO - FR.CONSTRUIRE - LOGICIMMOCONSTRUIRE - 2019-11-01 00:00:00 - ERROR - STAT - expect_column_values_to_not_be_null - NOM - correctly filled rate (%) - 100.0
2019-11-27 22:14:24,412 - IMMO - FR.CONSTRUIRE - LOGICIMMOCONSTRUIRE - 2019-11-01 00:00:00 - ERROR - FILE_VALIDATE - expect_column_values_to_not_be_null - NOM - True - 1
2019-11-27 22:14:24,412 - IMMO - FR.CONSTRUIRE - LOGICIMMOCONSTRUIRE - 2019-11-01 00:00:00 - ERROR - STAT - expect_column_value_lengths_to_be_between - NOM - correctly filled rate (%) - 100.0
2019-11-27 22:14:24,412 - IMMO - FR.CONSTRUIRE - LOGICIMMOCONSTRUIRE - 2019-11-01 00:00:00 - ERROR - FILE_VALIDATE - expect_column_value_lengths_to_be_between - NOM - True - 1
2019-11-27 22:14:24,412 - IMMO - FR.CONSTRUIRE - LOGICIMMOCONSTRUIRE - 2019-11-01 00:00:00 - ERROR - STAT - expect_column_values_to_match_regex - PAYS_AD - correctly filled rate (%) - 100.0
2019-11-27 22:14:24,412 - IMMO - FR.CONSTRUIRE - LOGICIMMOCONSTRUIRE - 2019-11-01 00:00:00 - ERROR - FILE_VALIDATE - expect_column_values_to_match_regex - PAYS_AD - True - 1
2019-11-27 22:14:24,412 - IMMO - FR.CONSTRUIRE - LOGICIMMOCONSTRUIRE - 2019-11-01 00:00:00 - ERROR - STAT - expect_column_values_to_not_be_null - PAYS_AD - correctly filled rate (%) - 100.0
2019-11-27 22:14:24,412 - IMMO - FR.CONSTRUIRE - LOGICIMMOCONSTRUIRE - 2019-11-01 00:00:00 - ERROR - FILE_VALIDATE - expect_column_values_to_not_be_null - PAYS_AD - True - 1
2019-11-27 22:14:24,412 - IMMO - FR.CONSTRUIRE - LOGICIMMOCONSTRUIRE - 2019-11-01 00:00:00 - ERROR - STAT - expect_column_values_to_not_be_null - PHOTO - correctly filled rate (%) - 97.03
2019-11-27 22:14:24,412 - IMMO - FR.CONSTRUIRE - LOGICIMMOCONSTRUIRE - 2019-11-01 00:00:00 - ERROR - FILE_VALIDATE - expect_column_values_to_not_be_null - PHOTO - True - 1
2019-11-27 22:14:24,412 - IMMO - FR.CONSTRUIRE - LOGICIMMOCONSTRUIRE - 2019-11-01 00:00:00 - ERROR - STAT - expect_column_values_to_be_in_type_list - PHOTO - correctly filled rate (%) - 100.0
2019-11-27 22:14:24,412 - IMMO - FR.CONSTRUIRE - LOGICIMMOCONSTRUIRE - 2019-11-01 00:00:00 - ERROR - FILE_VALIDATE - expect_column_values_to_be_in_type_list - PHOTO - True - 1
2019-11-27 22:14:24,412 - IMMO - FR.CONSTRUIRE - LOGICIMMOCONSTRUIRE - 2019-11-01 00:00:00 - ERROR - STAT - expect_column_values_to_not_be_null - PIECE - correctly filled rate (%) - 41.64
2019-11-27 22:14:24,412 - IMMO - FR.CONSTRUIRE - LOGICIMMOCONSTRUIRE - 2019-11-01 00:00:00 - ERROR - FILE_VALIDATE - expect_column_values_to_not_be_null - PIECE - False - 0
2019-11-27 22:14:24,412 - IMMO - FR.CONSTRUIRE - LOGICIMMOCONSTRUIRE - 2019-11-01 00:00:00 - ERROR - STAT - expect_column_values_to_be_in_type_list - PIECE - correctly filled rate (%) - 100.0
2019-11-27 22:14:24,412 - IMMO - FR.CONSTRUIRE - LOGICIMMOCONSTRUIRE - 2019-11-01 00:00:00 - ERROR - FILE_VALIDATE - expect_column_values_to_be_in_type_list - PIECE - True - 1
2019-11-27 22:14:24,412 - IMMO - FR.CONSTRUIRE - LOGICIMMOCONSTRUIRE - 2019-11-01 00:00:00 - ERROR - FILE_CHECK - expect_column_values_to_be_of_type - PRIX - Wrong type for value: 34000.0 on line 0 should be int
2019-11-27 22:14:24,413 - IMMO - FR.CONSTRUIRE - LOGICIMMOCONSTRUIRE - 2019-11-01 00:00:00 - ERROR - FILE_CHECK - expect_column_values_to_be_of_type - PRIX - Wrong type for value: 34000.0 on line 1 should be int
2019-11-27 22:14:24,413 - IMMO - FR.CONSTRUIRE - LOGICIMMOCONSTRUIRE - 2019-11-01 00:00:00 - ERROR - FILE_CHECK - expect_column_values_to_be_of_type - PRIX - Wrong type for value: 29000.0 on line 2 should be int
2019-11-27 22:14:24,413 - IMMO - FR.CONSTRUIRE - LOGICIMMOCONSTRUIRE - 2019-11-01 00:00:00 - ERROR - FILE_CHECK - expect_column_values_to_be_of_type - PRIX - Wrong type for value: 28000.0 on line 3 should be int
2019-11-27 22:14:24,413 - IMMO - FR.CONSTRUIRE - LOGICIMMOCONSTRUIRE - 2019-11-01 00:00:00 - ERROR - FILE_CHECK - expect_column_values_to_be_of_type - PRIX - Wrong type for value: 27000.0 on line 4 should be int
2019-11-27 22:14:24,413 - IMMO - FR.CONSTRUIRE - LOGICIMMOCONSTRUIRE - 2019-11-01 00:00:00 - ERROR - FILE_CHECK - expect_column_values_to_be_of_type - PRIX - Wrong type for value: 27000.0 on line 5 should be int
2019-11-27 22:14:24,413 - IMMO - FR.CONSTRUIRE - LOGICIMMOCONSTRUIRE - 2019-11-01 00:00:00 - ERROR - FILE_CHECK - expect_column_values_to_be_of_type - PRIX - Wrong type for value: 26000.0 on line 6 should be int
2019-11-27 22:14:24,413 - IMMO - FR.CONSTRUIRE - LOGICIMMOCONSTRUIRE - 2019-11-01 00:00:00 - ERROR - FILE_CHECK - expect_column_values_to_be_of_type - PRIX - Wrong type for value: 25000.0 on line 7 should be int
2019-11-27 22:14:24,413 - IMMO - FR.CONSTRUIRE - LOGICIMMOCONSTRUIRE - 2019-11-01 00:00:00 - ERROR - FILE_CHECK - expect_column_values_to_be_of_type - PRIX - Wrong type for value: 25000.0 on line 8 should be int
2019-11-27 22:14:24,413 - IMMO - FR.CONSTRUIRE - LOGICIMMOCONSTRUIRE - 2019-11-01 00:00:00 - ERROR - FILE_CHECK - expect_column_values_to_be_of_type - PRIX - Wrong type for value: 25000.0 on line 9 should be int
2019-11-27 22:14:24,413 - IMMO - FR.CONSTRUIRE - LOGICIMMOCONSTRUIRE - 2019-11-01 00:00:00 - ERROR - FILE_CHECK - expect_column_values_to_be_of_type - PRIX - Wrong type for value: 15000.0 on line 10 should be int
2019-11-27 22:14:24,413 - IMMO - FR.CONSTRUIRE - LOGICIMMOCONSTRUIRE - 2019-11-01 00:00:00 - ERROR - FILE_CHECK - expect_column_values_to_be_of_type - PRIX - Wrong type for value: 8500.0 on line 11 should be int
2019-11-27 22:14:24,413 - IMMO - FR.CONSTRUIRE - LOGICIMMOCONSTRUIRE - 2019-11-01 00:00:00 - ERROR - FILE_CHECK - expect_column_values_to_be_of_type - PRIX - Wrong type for value: 6500.0 on line 12 should be int
2019-11-27 22:14:24,413 - IMMO - FR.CONSTRUIRE - LOGICIMMOCONSTRUIRE - 2019-11-01 00:00:00 - ERROR - FILE_CHECK - expect_column_values_to_be_of_type - PRIX - Wrong type for value: 6500.0 on line 13 should be int
2019-11-27 22:14:24,413 - IMMO - FR.CONSTRUIRE - LOGICIMMOCONSTRUIRE - 2019-11-01 00:00:00 - ERROR - FILE_CHECK - expect_column_values_to_be_of_type - PRIX - Wrong type for value: 6500.0 on line 14 should be int
2019-11-27 22:14:24,413 - IMMO - FR.CONSTRUIRE - LOGICIMMOCONSTRUIRE - 2019-11-01 00:00:00 - ERROR - FILE_CHECK - expect_column_values_to_be_of_type - PRIX - Wrong type for value: 15500.0 on line 15 should be int
2019-11-27 22:14:24,413 - IMMO - FR.CONSTRUIRE - LOGICIMMOCONSTRUIRE - 2019-11-01 00:00:00 - ERROR - FILE_CHECK - expect_column_values_to_be_of_type - PRIX - Wrong type for value: 36000.0 on line 16 should be int
2019-11-27 22:14:24,414 - IMMO - FR.CONSTRUIRE - LOGICIMMOCONSTRUIRE - 2019-11-01 00:00:00 - ERROR - FILE_CHECK - expect_column_values_to_be_of_type - PRIX - Wrong type for value: 35500.0 on line 17 should be int
2019-11-27 22:14:24,414 - IMMO - FR.CONSTRUIRE - LOGICIMMOCONSTRUIRE - 2019-11-01 00:00:00 - ERROR - FILE_CHECK - expect_column_values_to_be_of_type - PRIX - Wrong type for value: 35500.0 on line 18 should be int
2019-11-27 22:14:24,414 - IMMO - FR.CONSTRUIRE - LOGICIMMOCONSTRUIRE - 2019-11-01 00:00:00 - ERROR - FILE_CHECK - expect_column_values_to_be_of_type - PRIX - Wrong type for value: 35000.0 on line 19 should be int
2019-11-27 22:14:24,414 - IMMO - FR.CONSTRUIRE - LOGICIMMOCONSTRUIRE - 2019-11-01 00:00:00 - ERROR - STAT - expect_column_values_to_be_of_type - PRIX - correctly filled rate (%) - 0.0
2019-11-27 22:14:24,414 - IMMO - FR.CONSTRUIRE - LOGICIMMOCONSTRUIRE - 2019-11-01 00:00:00 - ERROR - FILE_VALIDATE - expect_column_values_to_be_of_type - PRIX - False - 0
2019-11-27 22:14:24,414 - IMMO - FR.CONSTRUIRE - LOGICIMMOCONSTRUIRE - 2019-11-01 00:00:00 - ERROR - STAT - expect_column_values_to_not_be_null - PRIX - correctly filled rate (%) - 100.0
2019-11-27 22:14:24,414 - IMMO - FR.CONSTRUIRE - LOGICIMMOCONSTRUIRE - 2019-11-01 00:00:00 - ERROR - FILE_VALIDATE - expect_column_values_to_not_be_null - PRIX - True - 1
2019-11-27 22:14:24,414 - IMMO - FR.CONSTRUIRE - LOGICIMMOCONSTRUIRE - 2019-11-01 00:00:00 - ERROR - STAT - expect_column_values_to_not_be_null - PRO_IND - correctly filled rate (%) - 100.0
2019-11-27 22:14:24,414 - IMMO - FR.CONSTRUIRE - LOGICIMMOCONSTRUIRE - 2019-11-01 00:00:00 - ERROR - FILE_VALIDATE - expect_column_values_to_not_be_null - PRO_IND - True - 1
2019-11-27 22:14:24,414 - IMMO - FR.CONSTRUIRE - LOGICIMMOCONSTRUIRE - 2019-11-01 00:00:00 - ERROR - STAT - expect_column_values_to_be_in_set - PRO_IND - correctly filled rate (%) - 100.0
2019-11-27 22:14:24,414 - IMMO - FR.CONSTRUIRE - LOGICIMMOCONSTRUIRE - 2019-11-01 00:00:00 - ERROR - FILE_VALIDATE - expect_column_values_to_be_in_set - PRO_IND - True - 1
2019-11-27 22:14:24,414 - IMMO - FR.CONSTRUIRE - LOGICIMMOCONSTRUIRE - 2019-11-01 00:00:00 - ERROR - STAT - expect_column_values_to_not_be_null - REGION - correctly filled rate (%) - 0.0
2019-11-27 22:14:24,414 - IMMO - FR.CONSTRUIRE - LOGICIMMOCONSTRUIRE - 2019-11-01 00:00:00 - ERROR - FILE_VALIDATE - expect_column_values_to_not_be_null - REGION - False - 0
2019-11-27 22:14:24,414 - IMMO - FR.CONSTRUIRE - LOGICIMMOCONSTRUIRE - 2019-11-01 00:00:00 - ERROR - STAT - expect_column_values_to_not_be_null - SELLER_TYPE - correctly filled rate (%) - 100.0
2019-11-27 22:14:24,414 - IMMO - FR.CONSTRUIRE - LOGICIMMOCONSTRUIRE - 2019-11-01 00:00:00 - ERROR - FILE_VALIDATE - expect_column_values_to_not_be_null - SELLER_TYPE - True - 1
2019-11-27 22:14:24,414 - IMMO - FR.CONSTRUIRE - LOGICIMMOCONSTRUIRE - 2019-11-01 00:00:00 - ERROR - STAT - expect_column_values_to_match_regex - SELLER_TYPE - correctly filled rate (%) - 100.0
2019-11-27 22:14:24,414 - IMMO - FR.CONSTRUIRE - LOGICIMMOCONSTRUIRE - 2019-11-01 00:00:00 - ERROR - FILE_VALIDATE - expect_column_values_to_match_regex - SELLER_TYPE - True - 1
2019-11-27 22:14:24,415 - IMMO - FR.CONSTRUIRE - LOGICIMMOCONSTRUIRE - 2019-11-01 00:00:00 - ERROR - FILE_CHECK - expect_column_values_to_be_of_type - SURFACE_TERRAIN - Wrong type for value: 0.0 on line 0 should be int
2019-11-27 22:14:24,415 - IMMO - FR.CONSTRUIRE - LOGICIMMOCONSTRUIRE - 2019-11-01 00:00:00 - ERROR - FILE_CHECK - expect_column_values_to_be_of_type - SURFACE_TERRAIN - Wrong type for value: 0.0 on line 1 should be int
2019-11-27 22:14:24,415 - IMMO - FR.CONSTRUIRE - LOGICIMMOCONSTRUIRE - 2019-11-01 00:00:00 - ERROR - FILE_CHECK - expect_column_values_to_be_of_type - SURFACE_TERRAIN - Wrong type for value: 95.0 on line 2 should be int
2019-11-27 22:14:24,415 - IMMO - FR.CONSTRUIRE - LOGICIMMOCONSTRUIRE - 2019-11-01 00:00:00 - ERROR - FILE_CHECK - expect_column_values_to_be_of_type - SURFACE_TERRAIN - Wrong type for value: 490.0 on line 3 should be int
2019-11-27 22:14:24,415 - IMMO - FR.CONSTRUIRE - LOGICIMMOCONSTRUIRE - 2019-11-01 00:00:00 - ERROR - FILE_CHECK - expect_column_values_to_be_of_type - SURFACE_TERRAIN - Wrong type for value: 633.0 on line 4 should be int
2019-11-27 22:14:24,415 - IMMO - FR.CONSTRUIRE - LOGICIMMOCONSTRUIRE - 2019-11-01 00:00:00 - ERROR - FILE_CHECK - expect_column_values_to_be_of_type - SURFACE_TERRAIN - Wrong type for value: 0.0 on line 5 should be int
2019-11-27 22:14:24,415 - IMMO - FR.CONSTRUIRE - LOGICIMMOCONSTRUIRE - 2019-11-01 00:00:00 - ERROR - FILE_CHECK - expect_column_values_to_be_of_type - SURFACE_TERRAIN - Wrong type for value: 600.0 on line 6 should be int
2019-11-27 22:14:24,415 - IMMO - FR.CONSTRUIRE - LOGICIMMOCONSTRUIRE - 2019-11-01 00:00:00 - ERROR - FILE_CHECK - expect_column_values_to_be_of_type - SURFACE_TERRAIN - Wrong type for value: 1000.0 on line 7 should be int
2019-11-27 22:14:24,415 - IMMO - FR.CONSTRUIRE - LOGICIMMOCONSTRUIRE - 2019-11-01 00:00:00 - ERROR - FILE_CHECK - expect_column_values_to_be_of_type - SURFACE_TERRAIN - Wrong type for value: 816.0 on line 8 should be int
2019-11-27 22:14:24,415 - IMMO - FR.CONSTRUIRE - LOGICIMMOCONSTRUIRE - 2019-11-01 00:00:00 - ERROR - FILE_CHECK - expect_column_values_to_be_of_type - SURFACE_TERRAIN - Wrong type for value: 1138.0 on line 9 should be int
2019-11-27 22:14:24,415 - IMMO - FR.CONSTRUIRE - LOGICIMMOCONSTRUIRE - 2019-11-01 00:00:00 - ERROR - FILE_CHECK - expect_column_values_to_be_of_type - SURFACE_TERRAIN - Wrong type for value: 520.0 on line 10 should be int
2019-11-27 22:14:24,415 - IMMO - FR.CONSTRUIRE - LOGICIMMOCONSTRUIRE - 2019-11-01 00:00:00 - ERROR - FILE_CHECK - expect_column_values_to_be_of_type - SURFACE_TERRAIN - Wrong type for value: 1350.0 on line 11 should be int
2019-11-27 22:14:24,415 - IMMO - FR.CONSTRUIRE - LOGICIMMOCONSTRUIRE - 2019-11-01 00:00:00 - ERROR - FILE_CHECK - expect_column_values_to_be_of_type - SURFACE_TERRAIN - Wrong type for value: 0.0 on line 12 should be int
2019-11-27 22:14:24,415 - IMMO - FR.CONSTRUIRE - LOGICIMMOCONSTRUIRE - 2019-11-01 00:00:00 - ERROR - FILE_CHECK - expect_column_values_to_be_of_type - SURFACE_TERRAIN - Wrong type for value: 0.0 on line 13 should be int
2019-11-27 22:14:24,415 - IMMO - FR.CONSTRUIRE - LOGICIMMOCONSTRUIRE - 2019-11-01 00:00:00 - ERROR - FILE_CHECK - expect_column_values_to_be_of_type - SURFACE_TERRAIN - Wrong type for value: 0.0 on line 14 should be int
2019-11-27 22:14:24,415 - IMMO - FR.CONSTRUIRE - LOGICIMMOCONSTRUIRE - 2019-11-01 00:00:00 - ERROR - FILE_CHECK - expect_column_values_to_be_of_type - SURFACE_TERRAIN - Wrong type for value: 2294.0 on line 15 should be int
2019-11-27 22:14:24,415 - IMMO - FR.CONSTRUIRE - LOGICIMMOCONSTRUIRE - 2019-11-01 00:00:00 - ERROR - FILE_CHECK - expect_column_values_to_be_of_type - SURFACE_TERRAIN - Wrong type for value: 1210.0 on line 16 should be int
2019-11-27 22:14:24,415 - IMMO - FR.CONSTRUIRE - LOGICIMMOCONSTRUIRE - 2019-11-01 00:00:00 - ERROR - FILE_CHECK - expect_column_values_to_be_of_type - SURFACE_TERRAIN - Wrong type for value: 439.0 on line 17 should be int
2019-11-27 22:14:24,416 - IMMO - FR.CONSTRUIRE - LOGICIMMOCONSTRUIRE - 2019-11-01 00:00:00 - ERROR - FILE_CHECK - expect_column_values_to_be_of_type - SURFACE_TERRAIN - Wrong type for value: 439.0 on line 18 should be int
2019-11-27 22:14:24,416 - IMMO - FR.CONSTRUIRE - LOGICIMMOCONSTRUIRE - 2019-11-01 00:00:00 - ERROR - FILE_CHECK - expect_column_values_to_be_of_type - SURFACE_TERRAIN - Wrong type for value: 1000.0 on line 19 should be int
2019-11-27 22:14:24,416 - IMMO - FR.CONSTRUIRE - LOGICIMMOCONSTRUIRE - 2019-11-01 00:00:00 - ERROR - STAT - expect_column_values_to_be_of_type - SURFACE_TERRAIN - correctly filled rate (%) - 0.0
2019-11-27 22:14:24,416 - IMMO - FR.CONSTRUIRE - LOGICIMMOCONSTRUIRE - 2019-11-01 00:00:00 - ERROR - FILE_VALIDATE - expect_column_values_to_be_of_type - SURFACE_TERRAIN - False - 0
2019-11-27 22:14:24,416 - IMMO - FR.CONSTRUIRE - LOGICIMMOCONSTRUIRE - 2019-11-01 00:00:00 - ERROR - STAT - expect_column_values_to_match_regex - VILLE - correctly filled rate (%) - 100.0
2019-11-27 22:14:24,416 - IMMO - FR.CONSTRUIRE - LOGICIMMOCONSTRUIRE - 2019-11-01 00:00:00 - ERROR - FILE_VALIDATE - expect_column_values_to_match_regex - VILLE - True - 1
2019-11-27 22:14:24,416 - IMMO - FR.CONSTRUIRE - LOGICIMMOCONSTRUIRE - 2019-11-01 00:00:00 - ERROR - STAT - expect_column_values_to_not_be_null - VILLE - correctly filled rate (%) - 100.0
2019-11-27 22:14:24,416 - IMMO - FR.CONSTRUIRE - LOGICIMMOCONSTRUIRE - 2019-11-01 00:00:00 - ERROR - FILE_VALIDATE - expect_column_values_to_not_be_null - VILLE - True - 1
2019-11-27 22:14:24,416 - IMMO - FR.CONSTRUIRE - LOGICIMMOCONSTRUIRE - 2019-11-01 00:00:00 - ERROR - STAT - expect_returning_row_unique_count - VILLE - total number of unique rows - 13716
2019-11-27 22:14:24,416 - IMMO - FR.CONSTRUIRE - LOGICIMMOCONSTRUIRE - 2019-11-01 00:00:00 - ERROR - STAT - expect_returning_row_count_on_conditions - DEALER_LISTINGS - total number of row with conditions - 85589
2019-11-27 22:14:24,416 - IMMO - FR.CONSTRUIRE - LOGICIMMOCONSTRUIRE - 2019-11-01 00:00:00 - ERROR - STAT - expect_returning_row_count_on_conditions - PRIVATE_LISTINGS - total number of row with conditions - 0
