2019-10-07 08:49:47,425 - CAMION - CZ - MASCUS - 2019-09-01 00:00:00 - ERROR - STAT - expect_column_values_to_not_be_null - ADRESSE - correctly filled rate (%) - 97.8
2019-10-07 08:49:47,425 - CAMION - CZ - MASCUS - 2019-09-01 00:00:00 - ERROR - STAT - expect_column_values_to_be_in_type_list - ANNEE - correctly filled rate (%) - 100.0
2019-10-07 08:49:47,425 - CAMION - CZ - MASCUS - 2019-09-01 00:00:00 - ERROR - STAT - expect_column_values_to_be_between - ANNEE - correctly filled rate (%) - 96.15
2019-10-07 08:49:47,425 - CAMION - CZ - MASCUS - 2019-09-01 00:00:00 - ERROR - STAT - expect_column_values_to_not_be_null - ANNEE - correctly filled rate (%) - 100.0
2019-10-07 08:49:47,425 - CAMION - CZ - MASCUS - 2019-09-01 00:00:00 - ERROR - FILE_CHECK - expect_column_values_to_match_regex - ANNEE - Unexpected value: 0 on line 0, value should match regexp ^[0-9]{4}$
2019-10-07 08:49:47,425 - CAMION - CZ - MASCUS - 2019-09-01 00:00:00 - ERROR - FILE_CHECK - expect_column_values_to_match_regex - ANNEE - Unexpected value: 0 on line 40, value should match regexp ^[0-9]{4}$
2019-10-07 08:49:47,425 - CAMION - CZ - MASCUS - 2019-09-01 00:00:00 - ERROR - FILE_CHECK - expect_column_values_to_match_regex - ANNEE - Unexpected value: 0 on line 49, value should match regexp ^[0-9]{4}$
2019-10-07 08:49:47,425 - CAMION - CZ - MASCUS - 2019-09-01 00:00:00 - ERROR - FILE_CHECK - expect_column_values_to_match_regex - ANNEE - Unexpected value: 0 on line 57, value should match regexp ^[0-9]{4}$
2019-10-07 08:49:47,425 - CAMION - CZ - MASCUS - 2019-09-01 00:00:00 - ERROR - FILE_CHECK - expect_column_values_to_match_regex - ANNEE - Unexpected value: 0 on line 97, value should match regexp ^[0-9]{4}$
2019-10-07 08:49:47,425 - CAMION - CZ - MASCUS - 2019-09-01 00:00:00 - ERROR - FILE_CHECK - expect_column_values_to_match_regex - ANNEE - Unexpected value: 0 on line 143, value should match regexp ^[0-9]{4}$
2019-10-07 08:49:47,425 - CAMION - CZ - MASCUS - 2019-09-01 00:00:00 - ERROR - FILE_CHECK - expect_column_values_to_match_regex - ANNEE - Unexpected value: 0 on line 156, value should match regexp ^[0-9]{4}$
2019-10-07 08:49:47,425 - CAMION - CZ - MASCUS - 2019-09-01 00:00:00 - ERROR - FILE_CHECK - expect_column_values_to_match_regex - ANNEE - Unexpected value: 0 on line 241, value should match regexp ^[0-9]{4}$
2019-10-07 08:49:47,425 - CAMION - CZ - MASCUS - 2019-09-01 00:00:00 - ERROR - FILE_CHECK - expect_column_values_to_match_regex - ANNEE - Unexpected value: 0 on line 289, value should match regexp ^[0-9]{4}$
2019-10-07 08:49:47,426 - CAMION - CZ - MASCUS - 2019-09-01 00:00:00 - ERROR - FILE_CHECK - expect_column_values_to_match_regex - ANNEE - Unexpected value: 0 on line 304, value should match regexp ^[0-9]{4}$
2019-10-07 08:49:47,426 - CAMION - CZ - MASCUS - 2019-09-01 00:00:00 - ERROR - FILE_CHECK - expect_column_values_to_match_regex - ANNEE - Unexpected value: 0 on line 327, value should match regexp ^[0-9]{4}$
2019-10-07 08:49:47,426 - CAMION - CZ - MASCUS - 2019-09-01 00:00:00 - ERROR - FILE_CHECK - expect_column_values_to_match_regex - ANNEE - Unexpected value: 0 on line 356, value should match regexp ^[0-9]{4}$
2019-10-07 08:49:47,426 - CAMION - CZ - MASCUS - 2019-09-01 00:00:00 - ERROR - FILE_CHECK - expect_column_values_to_match_regex - ANNEE - Unexpected value: 0 on line 385, value should match regexp ^[0-9]{4}$
2019-10-07 08:49:47,426 - CAMION - CZ - MASCUS - 2019-09-01 00:00:00 - ERROR - FILE_CHECK - expect_column_values_to_match_regex - ANNEE - Unexpected value: 0 on line 414, value should match regexp ^[0-9]{4}$
2019-10-07 08:49:47,426 - CAMION - CZ - MASCUS - 2019-09-01 00:00:00 - ERROR - FILE_CHECK - expect_column_values_to_match_regex - ANNEE - Unexpected value: 0 on line 417, value should match regexp ^[0-9]{4}$
2019-10-07 08:49:47,426 - CAMION - CZ - MASCUS - 2019-09-01 00:00:00 - ERROR - FILE_CHECK - expect_column_values_to_match_regex - ANNEE - Unexpected value: 0 on line 609, value should match regexp ^[0-9]{4}$
2019-10-07 08:49:47,426 - CAMION - CZ - MASCUS - 2019-09-01 00:00:00 - ERROR - FILE_CHECK - expect_column_values_to_match_regex - ANNEE - Unexpected value: 0 on line 616, value should match regexp ^[0-9]{4}$
2019-10-07 08:49:47,426 - CAMION - CZ - MASCUS - 2019-09-01 00:00:00 - ERROR - FILE_CHECK - expect_column_values_to_match_regex - ANNEE - Unexpected value: 0 on line 660, value should match regexp ^[0-9]{4}$
2019-10-07 08:49:47,426 - CAMION - CZ - MASCUS - 2019-09-01 00:00:00 - ERROR - FILE_CHECK - expect_column_values_to_match_regex - ANNEE - Unexpected value: 0 on line 703, value should match regexp ^[0-9]{4}$
2019-10-07 08:49:47,426 - CAMION - CZ - MASCUS - 2019-09-01 00:00:00 - ERROR - FILE_CHECK - expect_column_values_to_match_regex - ANNEE - Unexpected value: 0 on line 712, value should match regexp ^[0-9]{4}$
2019-10-07 08:49:47,426 - CAMION - CZ - MASCUS - 2019-09-01 00:00:00 - ERROR - STAT - expect_column_values_to_match_regex - ANNEE - correctly filled rate (%) - 97.1
2019-10-07 08:49:47,426 - CAMION - CZ - MASCUS - 2019-09-01 00:00:00 - ERROR - STAT - expect_column_values_to_not_be_null - ANNONCE_LINK - correctly filled rate (%) - 100.0
2019-10-07 08:49:47,426 - CAMION - CZ - MASCUS - 2019-09-01 00:00:00 - ERROR - STAT - expect_column_values_to_be_unique - ANNONCE_LINK - observed proportion - 100.0
2019-10-07 08:49:47,426 - CAMION - CZ - MASCUS - 2019-09-01 00:00:00 - ERROR - STAT - expect_column_values_to_not_be_null - CARBURANT - correctly filled rate (%) - 4.79
2019-10-07 08:49:47,426 - CAMION - CZ - MASCUS - 2019-09-01 00:00:00 - ERROR - STAT - expect_column_values_to_not_be_null - CARROSSERIE - correctly filled rate (%) - 0.0
2019-10-07 08:49:47,426 - CAMION - CZ - MASCUS - 2019-09-01 00:00:00 - ERROR - STAT - expect_column_values_to_not_be_null - CP - correctly filled rate (%) - 97.25
2019-10-07 08:49:47,426 - CAMION - CZ - MASCUS - 2019-09-01 00:00:00 - ERROR - STAT - expect_column_values_to_match_regex - CP - correctly filled rate (%) - 100.0
2019-10-07 08:49:47,426 - CAMION - CZ - MASCUS - 2019-09-01 00:00:00 - ERROR - STAT - expect_column_values_to_not_be_null - GARAGE_ID - correctly filled rate (%) - 0.0
2019-10-07 08:49:47,427 - CAMION - CZ - MASCUS - 2019-09-01 00:00:00 - ERROR - STAT - expect_column_values_to_not_be_null - ID_CLIENT - correctly filled rate (%) - 100.0
2019-10-07 08:49:47,427 - CAMION - CZ - MASCUS - 2019-09-01 00:00:00 - ERROR - STAT - expect_column_values_to_be_unique - ID_CLIENT - observed proportion - 100.0
2019-10-07 08:49:47,427 - CAMION - CZ - MASCUS - 2019-09-01 00:00:00 - ERROR - STAT - expect_returning_row_count - EVERY_COLUMNS - total number of rows - 1274
2019-10-07 08:49:47,427 - CAMION - CZ - MASCUS - 2019-09-01 00:00:00 - ERROR - STAT - expect_column_values_to_not_be_null - IMMAT - correctly filled rate (%) - 100.0
2019-10-07 08:49:47,427 - CAMION - CZ - MASCUS - 2019-09-01 00:00:00 - ERROR - STAT - expect_column_values_to_be_in_type_list - KM - correctly filled rate (%) - 100.0
2019-10-07 08:49:47,427 - CAMION - CZ - MASCUS - 2019-09-01 00:00:00 - ERROR - STAT - expect_column_values_to_not_be_null - KM - correctly filled rate (%) - 100.0
2019-10-07 08:49:47,427 - CAMION - CZ - MASCUS - 2019-09-01 00:00:00 - ERROR - STAT - expect_column_values_to_be_in_type_list - LITRE - correctly filled rate (%) - 100.0
2019-10-07 08:49:47,427 - CAMION - CZ - MASCUS - 2019-09-01 00:00:00 - ERROR - STAT - expect_column_values_to_not_be_null - LITRE - correctly filled rate (%) - 100.0
2019-10-07 08:49:47,427 - CAMION - CZ - MASCUS - 2019-09-01 00:00:00 - ERROR - STAT - expect_column_values_to_not_be_null - MARQUE - correctly filled rate (%) - 0.0
2019-10-07 08:49:47,427 - CAMION - CZ - MASCUS - 2019-09-01 00:00:00 - ERROR - STAT - expect_column_values_to_not_be_null - MODELE - correctly filled rate (%) - 0.0
2019-10-07 08:49:47,427 - CAMION - CZ - MASCUS - 2019-09-01 00:00:00 - ERROR - STAT - expect_column_values_to_not_be_null - NOM - correctly filled rate (%) - 100.0
2019-10-07 08:49:47,427 - CAMION - CZ - MASCUS - 2019-09-01 00:00:00 - ERROR - FILE_CHECK - expect_column_value_lengths_to_be_between - NOM - Unexpected characters count of: [Krone AZ...] on line  10, value length should be between 10 and 255
2019-10-07 08:49:47,427 - CAMION - CZ - MASCUS - 2019-09-01 00:00:00 - ERROR - FILE_CHECK - expect_column_value_lengths_to_be_between - NOM - Unexpected characters count of: [JCB 435...] on line  77, value length should be between 10 and 255
2019-10-07 08:49:47,427 - CAMION - CZ - MASCUS - 2019-09-01 00:00:00 - ERROR - FILE_CHECK - expect_column_value_lengths_to_be_between - NOM - Unexpected characters count of: [Praga V3S...] on line  88, value length should be between 10 and 255
2019-10-07 08:49:47,427 - CAMION - CZ - MASCUS - 2019-09-01 00:00:00 - ERROR - FILE_CHECK - expect_column_value_lengths_to_be_between - NOM - Unexpected characters count of: [Krone SD...] on line  133, value length should be between 10 and 255
2019-10-07 08:49:47,427 - CAMION - CZ - MASCUS - 2019-09-01 00:00:00 - ERROR - FILE_CHECK - expect_column_value_lengths_to_be_between - NOM - Unexpected characters count of: [Skoda ?...] on line  164, value length should be between 10 and 255
2019-10-07 08:49:47,427 - CAMION - CZ - MASCUS - 2019-09-01 00:00:00 - ERROR - FILE_CHECK - expect_column_value_lengths_to_be_between - NOM - Unexpected characters count of: [CASE 660...] on line  187, value length should be between 10 and 255
2019-10-07 08:49:47,427 - CAMION - CZ - MASCUS - 2019-09-01 00:00:00 - ERROR - FILE_CHECK - expect_column_value_lengths_to_be_between - NOM - Unexpected characters count of: [O&K mhs.2...] on line  200, value length should be between 10 and 255
2019-10-07 08:49:47,428 - CAMION - CZ - MASCUS - 2019-09-01 00:00:00 - ERROR - FILE_CHECK - expect_column_value_lengths_to_be_between - NOM - Unexpected characters count of: [Tatra 815...] on line  227, value length should be between 10 and 255
2019-10-07 08:49:47,428 - CAMION - CZ - MASCUS - 2019-09-01 00:00:00 - ERROR - FILE_CHECK - expect_column_value_lengths_to_be_between - NOM - Unexpected characters count of: [JCB 3 CX...] on line  231, value length should be between 10 and 255
2019-10-07 08:49:47,428 - CAMION - CZ - MASCUS - 2019-09-01 00:00:00 - ERROR - FILE_CHECK - expect_column_value_lengths_to_be_between - NOM - Unexpected characters count of: [_JINÉ ?...] on line  241, value length should be between 10 and 255
2019-10-07 08:49:47,428 - CAMION - CZ - MASCUS - 2019-09-01 00:00:00 - ERROR - FILE_CHECK - expect_column_value_lengths_to_be_between - NOM - Unexpected characters count of: [JCB 8080...] on line  278, value length should be between 10 and 255
2019-10-07 08:49:47,428 - CAMION - CZ - MASCUS - 2019-09-01 00:00:00 - ERROR - FILE_CHECK - expect_column_value_lengths_to_be_between - NOM - Unexpected characters count of: [_JINÉ ?...] on line  327, value length should be between 10 and 255
2019-10-07 08:49:47,428 - CAMION - CZ - MASCUS - 2019-09-01 00:00:00 - ERROR - FILE_CHECK - expect_column_value_lengths_to_be_between - NOM - Unexpected characters count of: [Skoda ?...] on line  346, value length should be between 10 and 255
2019-10-07 08:49:47,428 - CAMION - CZ - MASCUS - 2019-09-01 00:00:00 - ERROR - FILE_CHECK - expect_column_value_lengths_to_be_between - NOM - Unexpected characters count of: [Krone SD...] on line  354, value length should be between 10 and 255
2019-10-07 08:49:47,428 - CAMION - CZ - MASCUS - 2019-09-01 00:00:00 - ERROR - FILE_CHECK - expect_column_value_lengths_to_be_between - NOM - Unexpected characters count of: [Volvo 420...] on line  381, value length should be between 10 and 255
2019-10-07 08:49:47,428 - CAMION - CZ - MASCUS - 2019-09-01 00:00:00 - ERROR - FILE_CHECK - expect_column_value_lengths_to_be_between - NOM - Unexpected characters count of: [Válec 1m...] on line  417, value length should be between 10 and 255
2019-10-07 08:49:47,428 - CAMION - CZ - MASCUS - 2019-09-01 00:00:00 - ERROR - FILE_CHECK - expect_column_value_lengths_to_be_between - NOM - Unexpected characters count of: [Skoda A10...] on line  506, value length should be between 10 and 255
2019-10-07 08:49:47,428 - CAMION - CZ - MASCUS - 2019-09-01 00:00:00 - ERROR - FILE_CHECK - expect_column_value_lengths_to_be_between - NOM - Unexpected characters count of: [Hamm H13i...] on line  510, value length should be between 10 and 255
2019-10-07 08:49:47,428 - CAMION - CZ - MASCUS - 2019-09-01 00:00:00 - ERROR - FILE_CHECK - expect_column_value_lengths_to_be_between - NOM - Unexpected characters count of: [WTC NTV...] on line  530, value length should be between 10 and 255
2019-10-07 08:49:47,428 - CAMION - CZ - MASCUS - 2019-09-01 00:00:00 - ERROR - FILE_CHECK - expect_column_value_lengths_to_be_between - NOM - Unexpected characters count of: [JLG 800AJ...] on line  596, value length should be between 10 and 255
2019-10-07 08:49:47,428 - CAMION - CZ - MASCUS - 2019-09-01 00:00:00 - ERROR - STAT - expect_column_value_lengths_to_be_between - NOM - correctly filled rate (%) - 96.08
2019-10-07 08:49:47,428 - CAMION - CZ - MASCUS - 2019-09-01 00:00:00 - ERROR - STAT - expect_column_values_to_not_be_null - OPTIONS - correctly filled rate (%) - 7.38
2019-10-07 08:49:47,428 - CAMION - CZ - MASCUS - 2019-09-01 00:00:00 - ERROR - FILE_CHECK - expect_column_value_lengths_to_be_between - OPTIONS - Unexpected characters count of: [Radio CB, Deux couch...] on line  280, value length should be between 0 and 255
2019-10-07 08:49:47,428 - CAMION - CZ - MASCUS - 2019-09-01 00:00:00 - ERROR - FILE_CHECK - expect_column_value_lengths_to_be_between - OPTIONS - Unexpected characters count of: [Deux réservoirs, ABS...] on line  308, value length should be between 0 and 255
2019-10-07 08:49:47,428 - CAMION - CZ - MASCUS - 2019-09-01 00:00:00 - ERROR - FILE_CHECK - expect_column_value_lengths_to_be_between - OPTIONS - Unexpected characters count of: [Radio CB, Deux couch...] on line  853, value length should be between 0 and 255
2019-10-07 08:49:47,429 - CAMION - CZ - MASCUS - 2019-09-01 00:00:00 - ERROR - FILE_CHECK - expect_column_value_lengths_to_be_between - OPTIONS - Unexpected characters count of: [ABS, Pare-soleil, Tr...] on line  1137, value length should be between 0 and 255
2019-10-07 08:49:47,429 - CAMION - CZ - MASCUS - 2019-09-01 00:00:00 - ERROR - FILE_CHECK - expect_column_value_lengths_to_be_between - OPTIONS - Unexpected characters count of: [ABS, Rétroviseurs él...] on line  1150, value length should be between 0 and 255
2019-10-07 08:49:47,429 - CAMION - CZ - MASCUS - 2019-09-01 00:00:00 - ERROR - STAT - expect_column_value_lengths_to_be_between - OPTIONS - correctly filled rate (%) - 94.68
2019-10-07 08:49:47,429 - CAMION - CZ - MASCUS - 2019-09-01 00:00:00 - ERROR - STAT - expect_column_values_to_be_in_type_list - PHOTO - correctly filled rate (%) - 100.0
2019-10-07 08:49:47,429 - CAMION - CZ - MASCUS - 2019-09-01 00:00:00 - ERROR - STAT - expect_column_values_to_not_be_null - PHOTO - correctly filled rate (%) - 100.0
2019-10-07 08:49:47,429 - CAMION - CZ - MASCUS - 2019-09-01 00:00:00 - ERROR - STAT - expect_column_values_to_not_be_null - PLACE - correctly filled rate (%) - 0.0
2019-10-07 08:49:47,429 - CAMION - CZ - MASCUS - 2019-09-01 00:00:00 - ERROR - STAT - expect_column_values_to_not_be_null - PORTE - correctly filled rate (%) - 0.0
2019-10-07 08:49:47,429 - CAMION - CZ - MASCUS - 2019-09-01 00:00:00 - ERROR - STAT - expect_column_values_to_be_in_type_list - PRIX - correctly filled rate (%) - 100.0
2019-10-07 08:49:47,429 - CAMION - CZ - MASCUS - 2019-09-01 00:00:00 - ERROR - STAT - expect_column_values_to_not_be_null - PRIX - correctly filled rate (%) - 100.0
2019-10-07 08:49:47,429 - CAMION - CZ - MASCUS - 2019-09-01 00:00:00 - ERROR - STAT - expect_column_values_to_not_be_null - PROVINCE - correctly filled rate (%) - 0.0
2019-10-07 08:49:47,429 - CAMION - CZ - MASCUS - 2019-09-01 00:00:00 - ERROR - STAT - expect_column_values_to_not_be_null - SITE - correctly filled rate (%) - 100.0
2019-10-07 08:49:47,429 - CAMION - CZ - MASCUS - 2019-09-01 00:00:00 - ERROR - STAT - expect_column_values_to_not_be_null - TELEPHONE - correctly filled rate (%) - 98.82
2019-10-07 08:49:47,429 - CAMION - CZ - MASCUS - 2019-09-01 00:00:00 - ERROR - STAT - expect_column_values_to_be_phone_number - TELEPHONE - correctly filled rate (%) - 100.0
2019-10-07 08:49:47,429 - CAMION - CZ - MASCUS - 2019-09-01 00:00:00 - ERROR - STAT - expect_column_values_to_not_be_null - TYPE - correctly filled rate (%) - 100.0
2019-10-07 08:49:47,429 - CAMION - CZ - MASCUS - 2019-09-01 00:00:00 - ERROR - STAT - expect_column_values_to_be_in_set_2 - TYPE - observed proportion - 100.0
2019-10-07 08:49:47,429 - CAMION - CZ - MASCUS - 2019-09-01 00:00:00 - ERROR - STAT - expect_column_values_to_not_be_null - VILLE - correctly filled rate (%) - 98.82
2019-10-07 08:49:47,429 - CAMION - CZ - MASCUS - 2019-09-01 00:00:00 - ERROR - STAT - expect_column_values_to_not_be_null - VN_IND - correctly filled rate (%) - 0.0
2019-10-07 08:49:47,429 - CAMION - CZ - MASCUS - 2019-09-01 00:00:00 - ERROR - STAT - expect_returning_row_unique_count - MARQUE_CORRECTED - total number of unique rows - 53
2019-10-07 08:49:47,430 - CAMION - CZ - MASCUS - 2019-09-01 00:00:00 - ERROR - STAT - expect_returning_row_unique_count - MODELE_CORRECTED - total number of unique rows - 89
2019-10-07 08:49:47,430 - CAMION - CZ - MASCUS - 2019-09-01 00:00:00 - ERROR - STAT - expect_returning_row_unique_count - CARROSSERIE - total number of unique rows - 0
2019-10-07 08:49:47,430 - CAMION - CZ - MASCUS - 2019-09-01 00:00:00 - ERROR - STAT - expect_returning_row_unique_count - CARBURANT - total number of unique rows - 1
2019-10-07 08:49:47,430 - CAMION - CZ - MASCUS - 2019-09-01 00:00:00 - ERROR - STAT - expect_column_values_to_not_be_null - CYLINDRE - correctly filled rate (%) - 0.0
2019-10-07 08:49:47,430 - CAMION - CZ - MASCUS - 2019-09-01 00:00:00 - ERROR - STAT - expect_returning_row_unique_count - PROVINCE - total number of unique rows - 0
2019-10-07 08:49:47,430 - CAMION - CZ - MASCUS - 2019-09-01 00:00:00 - ERROR - STAT - expect_returning_row_unique_count - VILLE - total number of unique rows - 123
2019-10-07 08:49:47,430 - CAMION - CZ - MASCUS - 2019-09-01 00:00:00 - ERROR - STAT - expect_returning_row_unique_count - DEPARTEMENT - total number of unique rows - 14
2019-10-07 08:49:47,430 - CAMION - CZ - MASCUS - 2019-09-01 00:00:00 - ERROR - STAT - expect_returning_row_count_on_conditions - DEALER_USEDCARS - total number of row with conditions - 1268
2019-10-07 08:49:47,430 - CAMION - CZ - MASCUS - 2019-09-01 00:00:00 - ERROR - STAT - expect_returning_row_count_on_conditions - PRIVATE_USEDCARS - total number of row with conditions - 6
2019-10-07 08:49:47,430 - CAMION - CZ - MASCUS - 2019-09-01 00:00:00 - ERROR - STAT - expect_returning_row_count_on_conditions - TRUCKS - total number of row with conditions - 299
2019-10-07 08:49:47,430 - CAMION - CZ - MASCUS - 2019-09-01 00:00:00 - ERROR - STAT - expect_returning_row_count_on_conditions - TRACTOR UNITS - total number of row with conditions - 82
2019-10-07 08:49:47,430 - CAMION - CZ - MASCUS - 2019-09-01 00:00:00 - ERROR - STAT - expect_returning_row_count_on_conditions - TRAILERS - total number of row with conditions - 31
2019-10-07 08:49:47,430 - CAMION - CZ - MASCUS - 2019-09-01 00:00:00 - ERROR - STAT - expect_returning_row_count_on_conditions - VANS - total number of row with conditions - 164
2019-10-07 08:49:47,430 - CAMION - CZ - MASCUS - 2019-09-01 00:00:00 - ERROR - STAT - expect_returning_row_count_on_conditions - HEAVY EQUIPMENTS - total number of row with conditions - 646
2019-10-07 08:49:47,430 - CAMION - CZ - MASCUS - 2019-09-01 00:00:00 - ERROR - STAT - expect_returning_row_count_on_conditions - SEMI TRAILERS - total number of row with conditions - 52
2019-10-07 08:49:47,430 - CAMION - CZ - MASCUS - 2019-09-01 00:00:00 - ERROR - STAT - expect_returning_row_count_on_conditions - DEALER_TRUCKS - total number of row with conditions - 298
2019-10-07 08:49:47,430 - CAMION - CZ - MASCUS - 2019-09-01 00:00:00 - ERROR - STAT - expect_returning_row_count_on_conditions - PRIVATE_TRUCKS - total number of row with conditions - 1
2019-10-07 08:49:47,430 - CAMION - CZ - MASCUS - 2019-09-01 00:00:00 - ERROR - STAT - expect_returning_row_count_on_conditions - DEALER_TRACTOR UNITS - total number of row with conditions - 82
2019-10-07 08:49:47,431 - CAMION - CZ - MASCUS - 2019-09-01 00:00:00 - ERROR - STAT - expect_returning_row_count_on_conditions - PRIVATE_TRACTOR UNITS - total number of row with conditions - 0
2019-10-07 08:49:47,431 - CAMION - CZ - MASCUS - 2019-09-01 00:00:00 - ERROR - STAT - expect_returning_row_count_on_conditions - DEALER_TRAILERS - total number of row with conditions - 31
2019-10-07 08:49:47,431 - CAMION - CZ - MASCUS - 2019-09-01 00:00:00 - ERROR - STAT - expect_returning_row_count_on_conditions - PRIVATE_TRAILERS - total number of row with conditions - 0
2019-10-07 08:49:47,431 - CAMION - CZ - MASCUS - 2019-09-01 00:00:00 - ERROR - STAT - expect_returning_row_count_on_conditions - DEALER_VANS - total number of row with conditions - 164
2019-10-07 08:49:47,431 - CAMION - CZ - MASCUS - 2019-09-01 00:00:00 - ERROR - STAT - expect_returning_row_count_on_conditions - PRIVATE_VANS - total number of row with conditions - 0
2019-10-07 08:49:47,431 - CAMION - CZ - MASCUS - 2019-09-01 00:00:00 - ERROR - STAT - expect_returning_row_count_on_conditions - DEALER_HEAVY EQUIPMENTS - total number of row with conditions - 641
2019-10-07 08:49:47,431 - CAMION - CZ - MASCUS - 2019-09-01 00:00:00 - ERROR - STAT - expect_returning_row_count_on_conditions - PRIVATE_HEAVY EQUIPMENTS - total number of row with conditions - 5
2019-10-07 08:49:47,431 - CAMION - CZ - MASCUS - 2019-09-01 00:00:00 - ERROR - STAT - expect_returning_row_count_on_conditions - DEALER_SEMI TRAILERS - total number of row with conditions - 52
2019-10-07 08:49:47,431 - CAMION - CZ - MASCUS - 2019-09-01 00:00:00 - ERROR - STAT - expect_returning_row_count_on_conditions - PRIVATE_SEMI TRAILERS - total number of row with conditions - 0
