2019-10-07 09:00:15,007 - CAMION - NL - MARKETBOOK - 2019-09-01 00:00:00 - ERROR - STAT - expect_column_values_to_not_be_null - ADRESSE - correctly filled rate (%) - 0.0
2019-10-07 09:00:15,007 - CAMION - NL - MARKETBOOK - 2019-09-01 00:00:00 - ERROR - STAT - expect_column_values_to_be_in_type_list - ANNEE - correctly filled rate (%) - 100.0
2019-10-07 09:00:15,007 - CAMION - NL - MARKETBOOK - 2019-09-01 00:00:00 - ERROR - STAT - expect_column_values_to_be_between - ANNEE - correctly filled rate (%) - 96.4
2019-10-07 09:00:15,007 - CAMION - NL - MARKETBOOK - 2019-09-01 00:00:00 - ERROR - STAT - expect_column_values_to_not_be_null - ANNEE - correctly filled rate (%) - 100.0
2019-10-07 09:00:15,007 - CAMION - NL - MARKETBOOK - 2019-09-01 00:00:00 - ERROR - FILE_CHECK - expect_column_values_to_match_regex - ANNEE - Unexpected value: 0 on line 5, value should match regexp ^[0-9]{4}$
2019-10-07 09:00:15,007 - CAMION - NL - MARKETBOOK - 2019-09-01 00:00:00 - ERROR - FILE_CHECK - expect_column_values_to_match_regex - ANNEE - Unexpected value: 0 on line 13, value should match regexp ^[0-9]{4}$
2019-10-07 09:00:15,007 - CAMION - NL - MARKETBOOK - 2019-09-01 00:00:00 - ERROR - FILE_CHECK - expect_column_values_to_match_regex - ANNEE - Unexpected value: 0 on line 55, value should match regexp ^[0-9]{4}$
2019-10-07 09:00:15,007 - CAMION - NL - MARKETBOOK - 2019-09-01 00:00:00 - ERROR - FILE_CHECK - expect_column_values_to_match_regex - ANNEE - Unexpected value: 0 on line 63, value should match regexp ^[0-9]{4}$
2019-10-07 09:00:15,007 - CAMION - NL - MARKETBOOK - 2019-09-01 00:00:00 - ERROR - FILE_CHECK - expect_column_values_to_match_regex - ANNEE - Unexpected value: 0 on line 81, value should match regexp ^[0-9]{4}$
2019-10-07 09:00:15,007 - CAMION - NL - MARKETBOOK - 2019-09-01 00:00:00 - ERROR - FILE_CHECK - expect_column_values_to_match_regex - ANNEE - Unexpected value: 0 on line 93, value should match regexp ^[0-9]{4}$
2019-10-07 09:00:15,007 - CAMION - NL - MARKETBOOK - 2019-09-01 00:00:00 - ERROR - FILE_CHECK - expect_column_values_to_match_regex - ANNEE - Unexpected value: 0 on line 256, value should match regexp ^[0-9]{4}$
2019-10-07 09:00:15,008 - CAMION - NL - MARKETBOOK - 2019-09-01 00:00:00 - ERROR - FILE_CHECK - expect_column_values_to_match_regex - ANNEE - Unexpected value: 0 on line 290, value should match regexp ^[0-9]{4}$
2019-10-07 09:00:15,008 - CAMION - NL - MARKETBOOK - 2019-09-01 00:00:00 - ERROR - FILE_CHECK - expect_column_values_to_match_regex - ANNEE - Unexpected value: 0 on line 411, value should match regexp ^[0-9]{4}$
2019-10-07 09:00:15,008 - CAMION - NL - MARKETBOOK - 2019-09-01 00:00:00 - ERROR - FILE_CHECK - expect_column_values_to_match_regex - ANNEE - Unexpected value: 0 on line 416, value should match regexp ^[0-9]{4}$
2019-10-07 09:00:15,008 - CAMION - NL - MARKETBOOK - 2019-09-01 00:00:00 - ERROR - FILE_CHECK - expect_column_values_to_match_regex - ANNEE - Unexpected value: 0 on line 432, value should match regexp ^[0-9]{4}$
2019-10-07 09:00:15,008 - CAMION - NL - MARKETBOOK - 2019-09-01 00:00:00 - ERROR - FILE_CHECK - expect_column_values_to_match_regex - ANNEE - Unexpected value: 0 on line 447, value should match regexp ^[0-9]{4}$
2019-10-07 09:00:15,008 - CAMION - NL - MARKETBOOK - 2019-09-01 00:00:00 - ERROR - FILE_CHECK - expect_column_values_to_match_regex - ANNEE - Unexpected value: 0 on line 473, value should match regexp ^[0-9]{4}$
2019-10-07 09:00:15,008 - CAMION - NL - MARKETBOOK - 2019-09-01 00:00:00 - ERROR - FILE_CHECK - expect_column_values_to_match_regex - ANNEE - Unexpected value: 0 on line 483, value should match regexp ^[0-9]{4}$
2019-10-07 09:00:15,008 - CAMION - NL - MARKETBOOK - 2019-09-01 00:00:00 - ERROR - FILE_CHECK - expect_column_values_to_match_regex - ANNEE - Unexpected value: 0 on line 522, value should match regexp ^[0-9]{4}$
2019-10-07 09:00:15,008 - CAMION - NL - MARKETBOOK - 2019-09-01 00:00:00 - ERROR - FILE_CHECK - expect_column_values_to_match_regex - ANNEE - Unexpected value: 0 on line 531, value should match regexp ^[0-9]{4}$
2019-10-07 09:00:15,008 - CAMION - NL - MARKETBOOK - 2019-09-01 00:00:00 - ERROR - FILE_CHECK - expect_column_values_to_match_regex - ANNEE - Unexpected value: 0 on line 591, value should match regexp ^[0-9]{4}$
2019-10-07 09:00:15,008 - CAMION - NL - MARKETBOOK - 2019-09-01 00:00:00 - ERROR - FILE_CHECK - expect_column_values_to_match_regex - ANNEE - Unexpected value: 0 on line 4351, value should match regexp ^[0-9]{4}$
2019-10-07 09:00:15,008 - CAMION - NL - MARKETBOOK - 2019-09-01 00:00:00 - ERROR - FILE_CHECK - expect_column_values_to_match_regex - ANNEE - Unexpected value: 0 on line 4425, value should match regexp ^[0-9]{4}$
2019-10-07 09:00:15,008 - CAMION - NL - MARKETBOOK - 2019-09-01 00:00:00 - ERROR - FILE_CHECK - expect_column_values_to_match_regex - ANNEE - Unexpected value: 0 on line 4523, value should match regexp ^[0-9]{4}$
2019-10-07 09:00:15,008 - CAMION - NL - MARKETBOOK - 2019-09-01 00:00:00 - ERROR - STAT - expect_column_values_to_match_regex - ANNEE - correctly filled rate (%) - 99.41
2019-10-07 09:00:15,008 - CAMION - NL - MARKETBOOK - 2019-09-01 00:00:00 - ERROR - STAT - expect_column_values_to_not_be_null - ANNONCE_LINK - correctly filled rate (%) - 100.0
2019-10-07 09:00:15,008 - CAMION - NL - MARKETBOOK - 2019-09-01 00:00:00 - ERROR - STAT - expect_column_values_to_be_unique - ANNONCE_LINK - observed proportion - 100.0
2019-10-07 09:00:15,008 - CAMION - NL - MARKETBOOK - 2019-09-01 00:00:00 - ERROR - STAT - expect_column_values_to_not_be_null - CARBURANT - correctly filled rate (%) - 57.92
2019-10-07 09:00:15,008 - CAMION - NL - MARKETBOOK - 2019-09-01 00:00:00 - ERROR - STAT - expect_column_values_to_not_be_null - CARROSSERIE - correctly filled rate (%) - 0.0
2019-10-07 09:00:15,009 - CAMION - NL - MARKETBOOK - 2019-09-01 00:00:00 - ERROR - STAT - expect_column_values_to_not_be_null - CP - correctly filled rate (%) - 100.0
2019-10-07 09:00:15,009 - CAMION - NL - MARKETBOOK - 2019-09-01 00:00:00 - ERROR - STAT - expect_column_values_to_match_regex - CP - correctly filled rate (%) - 93.03
2019-10-07 09:00:15,009 - CAMION - NL - MARKETBOOK - 2019-09-01 00:00:00 - ERROR - STAT - expect_column_values_to_not_be_null - GARAGE_ID - correctly filled rate (%) - 96.55
2019-10-07 09:00:15,009 - CAMION - NL - MARKETBOOK - 2019-09-01 00:00:00 - ERROR - STAT - expect_column_values_to_not_be_null - ID_CLIENT - correctly filled rate (%) - 100.0
2019-10-07 09:00:15,009 - CAMION - NL - MARKETBOOK - 2019-09-01 00:00:00 - ERROR - STAT - expect_column_values_to_be_unique - ID_CLIENT - observed proportion - 100.0
2019-10-07 09:00:15,009 - CAMION - NL - MARKETBOOK - 2019-09-01 00:00:00 - ERROR - STAT - expect_returning_row_count - EVERY_COLUMNS - total number of rows - 4750
2019-10-07 09:00:15,009 - CAMION - NL - MARKETBOOK - 2019-09-01 00:00:00 - ERROR - STAT - expect_column_values_to_not_be_null - IMMAT - correctly filled rate (%) - 100.0
2019-10-07 09:00:15,009 - CAMION - NL - MARKETBOOK - 2019-09-01 00:00:00 - ERROR - STAT - expect_column_values_to_be_in_type_list - KM - correctly filled rate (%) - 100.0
2019-10-07 09:00:15,009 - CAMION - NL - MARKETBOOK - 2019-09-01 00:00:00 - ERROR - STAT - expect_column_values_to_not_be_null - KM - correctly filled rate (%) - 100.0
2019-10-07 09:00:15,009 - CAMION - NL - MARKETBOOK - 2019-09-01 00:00:00 - ERROR - STAT - expect_column_values_to_be_in_type_list - LITRE - correctly filled rate (%) - 100.0
2019-10-07 09:00:15,009 - CAMION - NL - MARKETBOOK - 2019-09-01 00:00:00 - ERROR - STAT - expect_column_values_to_not_be_null - LITRE - correctly filled rate (%) - 100.0
2019-10-07 09:00:15,009 - CAMION - NL - MARKETBOOK - 2019-09-01 00:00:00 - ERROR - STAT - expect_column_values_to_not_be_null - MARQUE - correctly filled rate (%) - 99.12
2019-10-07 09:00:15,009 - CAMION - NL - MARKETBOOK - 2019-09-01 00:00:00 - ERROR - STAT - expect_column_values_to_not_be_null - MODELE - correctly filled rate (%) - 97.85
2019-10-07 09:00:15,009 - CAMION - NL - MARKETBOOK - 2019-09-01 00:00:00 - ERROR - STAT - expect_column_values_to_not_be_null - NOM - correctly filled rate (%) - 97.83
2019-10-07 09:00:15,009 - CAMION - NL - MARKETBOOK - 2019-09-01 00:00:00 - ERROR - FILE_CHECK - expect_column_value_lengths_to_be_between - NOM - Unexpected characters count of: [2003 GT...] on line  11, value length should be between 10 and 255
2019-10-07 09:00:15,009 - CAMION - NL - MARKETBOOK - 2019-09-01 00:00:00 - ERROR - FILE_CHECK - expect_column_value_lengths_to_be_between - NOM - Unexpected characters count of: [EXTEC C12...] on line  3270, value length should be between 10 and 255
2019-10-07 09:00:15,009 - CAMION - NL - MARKETBOOK - 2019-09-01 00:00:00 - ERROR - FILE_CHECK - expect_column_value_lengths_to_be_between - NOM - Unexpected characters count of: [1984 ATM...] on line  3583, value length should be between 10 and 255
2019-10-07 09:00:15,010 - CAMION - NL - MARKETBOOK - 2019-09-01 00:00:00 - ERROR - FILE_CHECK - expect_column_value_lengths_to_be_between - NOM - Unexpected characters count of: [EXTEC E7...] on line  4590, value length should be between 10 and 255
2019-10-07 09:00:15,010 - CAMION - NL - MARKETBOOK - 2019-09-01 00:00:00 - ERROR - STAT - expect_column_value_lengths_to_be_between - NOM - correctly filled rate (%) - 99.91
2019-10-07 09:00:15,010 - CAMION - NL - MARKETBOOK - 2019-09-01 00:00:00 - ERROR - STAT - expect_column_values_to_not_be_null - OPTIONS - correctly filled rate (%) - 0.0
2019-10-07 09:00:15,010 - CAMION - NL - MARKETBOOK - 2019-09-01 00:00:00 - ERROR - STAT - expect_column_values_to_be_in_type_list - PHOTO - correctly filled rate (%) - 100.0
2019-10-07 09:00:15,010 - CAMION - NL - MARKETBOOK - 2019-09-01 00:00:00 - ERROR - STAT - expect_column_values_to_not_be_null - PHOTO - correctly filled rate (%) - 100.0
2019-10-07 09:00:15,010 - CAMION - NL - MARKETBOOK - 2019-09-01 00:00:00 - ERROR - STAT - expect_column_values_to_not_be_null - PLACE - correctly filled rate (%) - 0.0
2019-10-07 09:00:15,010 - CAMION - NL - MARKETBOOK - 2019-09-01 00:00:00 - ERROR - STAT - expect_column_values_to_not_be_null - PORTE - correctly filled rate (%) - 0.0
2019-10-07 09:00:15,010 - CAMION - NL - MARKETBOOK - 2019-09-01 00:00:00 - ERROR - STAT - expect_column_values_to_be_in_type_list - PRIX - correctly filled rate (%) - 100.0
2019-10-07 09:00:15,010 - CAMION - NL - MARKETBOOK - 2019-09-01 00:00:00 - ERROR - STAT - expect_column_values_to_not_be_null - PRIX - correctly filled rate (%) - 100.0
2019-10-07 09:00:15,010 - CAMION - NL - MARKETBOOK - 2019-09-01 00:00:00 - ERROR - STAT - expect_column_values_to_not_be_null - PROVINCE - correctly filled rate (%) - 0.0
2019-10-07 09:00:15,010 - CAMION - NL - MARKETBOOK - 2019-09-01 00:00:00 - ERROR - STAT - expect_column_values_to_not_be_null - SITE - correctly filled rate (%) - 100.0
2019-10-07 09:00:15,010 - CAMION - NL - MARKETBOOK - 2019-09-01 00:00:00 - ERROR - STAT - expect_column_values_to_not_be_null - TELEPHONE - correctly filled rate (%) - 100.0
2019-10-07 09:00:15,010 - CAMION - NL - MARKETBOOK - 2019-09-01 00:00:00 - ERROR - STAT - expect_column_values_to_be_phone_number - TELEPHONE - correctly filled rate (%) - 100.0
2019-10-07 09:00:15,010 - CAMION - NL - MARKETBOOK - 2019-09-01 00:00:00 - ERROR - STAT - expect_column_values_to_not_be_null - TYPE - correctly filled rate (%) - 100.0
2019-10-07 09:00:15,010 - CAMION - NL - MARKETBOOK - 2019-09-01 00:00:00 - ERROR - STAT - expect_column_values_to_be_in_set_2 - TYPE - observed proportion - 100.0
2019-10-07 09:00:15,010 - CAMION - NL - MARKETBOOK - 2019-09-01 00:00:00 - ERROR - STAT - expect_column_values_to_not_be_null - VILLE - correctly filled rate (%) - 100.0
2019-10-07 09:00:15,011 - CAMION - NL - MARKETBOOK - 2019-09-01 00:00:00 - ERROR - STAT - expect_column_values_to_not_be_null - VN_IND - correctly filled rate (%) - 0.0
2019-10-07 09:00:15,011 - CAMION - NL - MARKETBOOK - 2019-09-01 00:00:00 - ERROR - STAT - expect_returning_row_unique_count - MARQUE_CORRECTED - total number of unique rows - 233
2019-10-07 09:00:15,011 - CAMION - NL - MARKETBOOK - 2019-09-01 00:00:00 - ERROR - STAT - expect_returning_row_unique_count - MODELE_CORRECTED - total number of unique rows - 739
2019-10-07 09:00:15,011 - CAMION - NL - MARKETBOOK - 2019-09-01 00:00:00 - ERROR - STAT - expect_returning_row_unique_count - CARROSSERIE - total number of unique rows - 0
2019-10-07 09:00:15,011 - CAMION - NL - MARKETBOOK - 2019-09-01 00:00:00 - ERROR - STAT - expect_returning_row_unique_count - CARBURANT - total number of unique rows - 5
2019-10-07 09:00:15,011 - CAMION - NL - MARKETBOOK - 2019-09-01 00:00:00 - ERROR - STAT - expect_column_values_to_not_be_null - CYLINDRE - correctly filled rate (%) - 0.0
2019-10-07 09:00:15,011 - CAMION - NL - MARKETBOOK - 2019-09-01 00:00:00 - ERROR - STAT - expect_returning_row_unique_count - PROVINCE - total number of unique rows - 0
2019-10-07 09:00:15,011 - CAMION - NL - MARKETBOOK - 2019-09-01 00:00:00 - ERROR - STAT - expect_returning_row_unique_count - VILLE - total number of unique rows - 42
2019-10-07 09:00:15,011 - CAMION - NL - MARKETBOOK - 2019-09-01 00:00:00 - ERROR - STAT - expect_returning_row_unique_count - DEPARTEMENT - total number of unique rows - 0
2019-10-07 09:00:15,011 - CAMION - NL - MARKETBOOK - 2019-09-01 00:00:00 - ERROR - STAT - expect_returning_row_count_on_conditions - DEALER_USEDCARS - total number of row with conditions - 4750
2019-10-07 09:00:15,011 - CAMION - NL - MARKETBOOK - 2019-09-01 00:00:00 - ERROR - STAT - expect_returning_row_count_on_conditions - PRIVATE_USEDCARS - total number of row with conditions - 0
2019-10-07 09:00:15,011 - CAMION - NL - MARKETBOOK - 2019-09-01 00:00:00 - ERROR - STAT - expect_returning_row_count_on_conditions - TRUCKS - total number of row with conditions - 1269
2019-10-07 09:00:15,011 - CAMION - NL - MARKETBOOK - 2019-09-01 00:00:00 - ERROR - STAT - expect_returning_row_count_on_conditions - TRACTOR UNITS - total number of row with conditions - 1348
2019-10-07 09:00:15,011 - CAMION - NL - MARKETBOOK - 2019-09-01 00:00:00 - ERROR - STAT - expect_returning_row_count_on_conditions - TRAILERS - total number of row with conditions - 104
2019-10-07 09:00:15,011 - CAMION - NL - MARKETBOOK - 2019-09-01 00:00:00 - ERROR - STAT - expect_returning_row_count_on_conditions - VANS - total number of row with conditions - 720
2019-10-07 09:00:15,011 - CAMION - NL - MARKETBOOK - 2019-09-01 00:00:00 - ERROR - STAT - expect_returning_row_count_on_conditions - HEAVY EQUIPMENTS - total number of row with conditions - 60
2019-10-07 09:00:15,011 - CAMION - NL - MARKETBOOK - 2019-09-01 00:00:00 - ERROR - STAT - expect_returning_row_count_on_conditions - SEMI TRAILERS - total number of row with conditions - 1249
2019-10-07 09:00:15,011 - CAMION - NL - MARKETBOOK - 2019-09-01 00:00:00 - ERROR - STAT - expect_returning_row_count_on_conditions - DEALER_TRUCKS - total number of row with conditions - 1269
2019-10-07 09:00:15,012 - CAMION - NL - MARKETBOOK - 2019-09-01 00:00:00 - ERROR - STAT - expect_returning_row_count_on_conditions - PRIVATE_TRUCKS - total number of row with conditions - 0
2019-10-07 09:00:15,012 - CAMION - NL - MARKETBOOK - 2019-09-01 00:00:00 - ERROR - STAT - expect_returning_row_count_on_conditions - DEALER_TRACTOR UNITS - total number of row with conditions - 1348
2019-10-07 09:00:15,012 - CAMION - NL - MARKETBOOK - 2019-09-01 00:00:00 - ERROR - STAT - expect_returning_row_count_on_conditions - PRIVATE_TRACTOR UNITS - total number of row with conditions - 0
2019-10-07 09:00:15,012 - CAMION - NL - MARKETBOOK - 2019-09-01 00:00:00 - ERROR - STAT - expect_returning_row_count_on_conditions - DEALER_TRAILERS - total number of row with conditions - 104
2019-10-07 09:00:15,012 - CAMION - NL - MARKETBOOK - 2019-09-01 00:00:00 - ERROR - STAT - expect_returning_row_count_on_conditions - PRIVATE_TRAILERS - total number of row with conditions - 0
2019-10-07 09:00:15,012 - CAMION - NL - MARKETBOOK - 2019-09-01 00:00:00 - ERROR - STAT - expect_returning_row_count_on_conditions - DEALER_VANS - total number of row with conditions - 720
2019-10-07 09:00:15,012 - CAMION - NL - MARKETBOOK - 2019-09-01 00:00:00 - ERROR - STAT - expect_returning_row_count_on_conditions - PRIVATE_VANS - total number of row with conditions - 0
2019-10-07 09:00:15,012 - CAMION - NL - MARKETBOOK - 2019-09-01 00:00:00 - ERROR - STAT - expect_returning_row_count_on_conditions - DEALER_HEAVY EQUIPMENTS - total number of row with conditions - 60
2019-10-07 09:00:15,012 - CAMION - NL - MARKETBOOK - 2019-09-01 00:00:00 - ERROR - STAT - expect_returning_row_count_on_conditions - PRIVATE_HEAVY EQUIPMENTS - total number of row with conditions - 0
2019-10-07 09:00:15,012 - CAMION - NL - MARKETBOOK - 2019-09-01 00:00:00 - ERROR - STAT - expect_returning_row_count_on_conditions - DEALER_SEMI TRAILERS - total number of row with conditions - 1249
2019-10-07 09:00:15,012 - CAMION - NL - MARKETBOOK - 2019-09-01 00:00:00 - ERROR - STAT - expect_returning_row_count_on_conditions - PRIVATE_SEMI TRAILERS - total number of row with conditions - 0
