2019-06-07 12:35:51,065 - VO - BR - WEBMOTORS - 2019-05-01 00:00:00 - ERROR - STAT - expect_column_values_to_not_be_null - ADRESSE - correctly filled rate (%) - 0.0
2019-06-07 12:35:51,065 - VO - BR - WEBMOTORS - 2019-05-01 00:00:00 - ERROR - STAT - expect_column_values_to_be_in_type_list - ANNEE - correctly filled rate (%) - 100.0
2019-06-07 12:35:51,065 - VO - BR - WEBMOTORS - 2019-05-01 00:00:00 - ERROR - STAT - expect_column_values_to_be_between - ANNEE - correctly filled rate (%) - 99.45
2019-06-07 12:35:51,065 - VO - BR - WEBMOTORS - 2019-05-01 00:00:00 - ERROR - STAT - expect_column_values_to_not_be_null - ANNEE - correctly filled rate (%) - 100.0
2019-06-07 12:35:51,065 - VO - BR - WEBMOTORS - 2019-05-01 00:00:00 - ERROR - STAT - expect_column_values_to_match_regex - ANNEE - correctly filled rate (%) - 100.0
2019-06-07 12:35:51,065 - VO - BR - WEBMOTORS - 2019-05-01 00:00:00 - ERROR - STAT - expect_column_values_to_not_be_null - ANNONCE_LINK - correctly filled rate (%) - 100.0
2019-06-07 12:35:51,065 - VO - BR - WEBMOTORS - 2019-05-01 00:00:00 - ERROR - STAT - expect_column_values_to_be_unique - ANNONCE_LINK - observed proportion - 100.0
2019-06-07 12:35:51,065 - VO - BR - WEBMOTORS - 2019-05-01 00:00:00 - ERROR - STAT - expect_column_values_to_not_be_null - CARBURANT - correctly filled rate (%) - 100.0
2019-06-07 12:35:51,065 - VO - BR - WEBMOTORS - 2019-05-01 00:00:00 - ERROR - STAT - expect_column_values_to_not_be_null - CARROSSERIE - correctly filled rate (%) - 0.0
2019-06-07 12:35:51,065 - VO - BR - WEBMOTORS - 2019-05-01 00:00:00 - ERROR - STAT - expect_column_values_to_not_be_null - CP - correctly filled rate (%) - 0.0
2019-06-07 12:35:51,065 - VO - BR - WEBMOTORS - 2019-05-01 00:00:00 - ERROR - STAT - expect_column_values_to_not_be_null - GARAGE_ID - correctly filled rate (%) - 88.03
2019-06-07 12:35:51,065 - VO - BR - WEBMOTORS - 2019-05-01 00:00:00 - ERROR - STAT - expect_column_values_to_not_be_null - ID_CLIENT - correctly filled rate (%) - 100.0
2019-06-07 12:35:51,065 - VO - BR - WEBMOTORS - 2019-05-01 00:00:00 - ERROR - STAT - expect_column_values_to_be_unique - ID_CLIENT - observed proportion - 100.0
2019-06-07 12:35:51,065 - VO - BR - WEBMOTORS - 2019-05-01 00:00:00 - ERROR - STAT - expect_returning_row_count - EVERY_COLUMNS - total number of rows - 410516
2019-06-07 12:35:51,065 - VO - BR - WEBMOTORS - 2019-05-01 00:00:00 - ERROR - STAT - expect_column_values_to_not_be_null - IMMAT - correctly filled rate (%) - 100.0
2019-06-07 12:35:51,066 - VO - BR - WEBMOTORS - 2019-05-01 00:00:00 - ERROR - FILE_CHECK - expect_column_values_to_be_in_type_list - KM - Wrong type for value: 100.0 on line 0 should be in ['int']
2019-06-07 12:35:51,066 - VO - BR - WEBMOTORS - 2019-05-01 00:00:00 - ERROR - FILE_CHECK - expect_column_values_to_be_in_type_list - KM - Wrong type for value: 107.0 on line 1 should be in ['int']
2019-06-07 12:35:51,066 - VO - BR - WEBMOTORS - 2019-05-01 00:00:00 - ERROR - FILE_CHECK - expect_column_values_to_be_in_type_list - KM - Wrong type for value: 25000.0 on line 2 should be in ['int']
2019-06-07 12:35:51,066 - VO - BR - WEBMOTORS - 2019-05-01 00:00:00 - ERROR - FILE_CHECK - expect_column_values_to_be_in_type_list - KM - Wrong type for value: 25000.0 on line 3 should be in ['int']
2019-06-07 12:35:51,066 - VO - BR - WEBMOTORS - 2019-05-01 00:00:00 - ERROR - FILE_CHECK - expect_column_values_to_be_in_type_list - KM - Wrong type for value: 33180.0 on line 4 should be in ['int']
2019-06-07 12:35:51,066 - VO - BR - WEBMOTORS - 2019-05-01 00:00:00 - ERROR - FILE_CHECK - expect_column_values_to_be_in_type_list - KM - Wrong type for value: 40945.0 on line 5 should be in ['int']
2019-06-07 12:35:51,066 - VO - BR - WEBMOTORS - 2019-05-01 00:00:00 - ERROR - FILE_CHECK - expect_column_values_to_be_in_type_list - KM - Wrong type for value: 999999.0 on line 6 should be in ['int']
2019-06-07 12:35:51,066 - VO - BR - WEBMOTORS - 2019-05-01 00:00:00 - ERROR - FILE_CHECK - expect_column_values_to_be_in_type_list - KM - Wrong type for value: 9999.0 on line 7 should be in ['int']
2019-06-07 12:35:51,066 - VO - BR - WEBMOTORS - 2019-05-01 00:00:00 - ERROR - FILE_CHECK - expect_column_values_to_be_in_type_list - KM - Wrong type for value: 111380.0 on line 8 should be in ['int']
2019-06-07 12:35:51,066 - VO - BR - WEBMOTORS - 2019-05-01 00:00:00 - ERROR - FILE_CHECK - expect_column_values_to_be_in_type_list - KM - Wrong type for value: 999.0 on line 9 should be in ['int']
2019-06-07 12:35:51,066 - VO - BR - WEBMOTORS - 2019-05-01 00:00:00 - ERROR - FILE_CHECK - expect_column_values_to_be_in_type_list - KM - Wrong type for value: 125000.0 on line 10 should be in ['int']
2019-06-07 12:35:51,066 - VO - BR - WEBMOTORS - 2019-05-01 00:00:00 - ERROR - FILE_CHECK - expect_column_values_to_be_in_type_list - KM - Wrong type for value: 53000.0 on line 11 should be in ['int']
2019-06-07 12:35:51,066 - VO - BR - WEBMOTORS - 2019-05-01 00:00:00 - ERROR - FILE_CHECK - expect_column_values_to_be_in_type_list - KM - Wrong type for value: 0.0 on line 12 should be in ['int']
2019-06-07 12:35:51,066 - VO - BR - WEBMOTORS - 2019-05-01 00:00:00 - ERROR - FILE_CHECK - expect_column_values_to_be_in_type_list - KM - Wrong type for value: 109000.0 on line 13 should be in ['int']
2019-06-07 12:35:51,066 - VO - BR - WEBMOTORS - 2019-05-01 00:00:00 - ERROR - FILE_CHECK - expect_column_values_to_be_in_type_list - KM - Wrong type for value: 0.0 on line 14 should be in ['int']
2019-06-07 12:35:51,066 - VO - BR - WEBMOTORS - 2019-05-01 00:00:00 - ERROR - FILE_CHECK - expect_column_values_to_be_in_type_list - KM - Wrong type for value: 0.0 on line 15 should be in ['int']
2019-06-07 12:35:51,066 - VO - BR - WEBMOTORS - 2019-05-01 00:00:00 - ERROR - FILE_CHECK - expect_column_values_to_be_in_type_list - KM - Wrong type for value: 59000.0 on line 16 should be in ['int']
2019-06-07 12:35:51,067 - VO - BR - WEBMOTORS - 2019-05-01 00:00:00 - ERROR - FILE_CHECK - expect_column_values_to_be_in_type_list - KM - Wrong type for value: 20000.0 on line 17 should be in ['int']
2019-06-07 12:35:51,067 - VO - BR - WEBMOTORS - 2019-05-01 00:00:00 - ERROR - FILE_CHECK - expect_column_values_to_be_in_type_list - KM - Wrong type for value: 15800.0 on line 18 should be in ['int']
2019-06-07 12:35:51,067 - VO - BR - WEBMOTORS - 2019-05-01 00:00:00 - ERROR - FILE_CHECK - expect_column_values_to_be_in_type_list - KM - Wrong type for value: 54234.0 on line 19 should be in ['int']
2019-06-07 12:35:51,067 - VO - BR - WEBMOTORS - 2019-05-01 00:00:00 - ERROR - STAT - expect_column_values_to_be_in_type_list - KM - correctly filled rate (%) - 0.0
2019-06-07 12:35:51,067 - VO - BR - WEBMOTORS - 2019-05-01 00:00:00 - ERROR - STAT - expect_column_values_to_not_be_null - KM - correctly filled rate (%) - 100.0
2019-06-07 12:35:51,067 - VO - BR - WEBMOTORS - 2019-05-01 00:00:00 - ERROR - STAT - expect_column_values_to_be_in_type_list - LITRE - correctly filled rate (%) - 100.0
2019-06-07 12:35:51,067 - VO - BR - WEBMOTORS - 2019-05-01 00:00:00 - ERROR - STAT - expect_column_values_to_not_be_null - LITRE - correctly filled rate (%) - 100.0
2019-06-07 12:35:51,067 - VO - BR - WEBMOTORS - 2019-05-01 00:00:00 - ERROR - STAT - expect_column_values_to_not_be_null - MARQUE - correctly filled rate (%) - 100.0
2019-06-07 12:35:51,067 - VO - BR - WEBMOTORS - 2019-05-01 00:00:00 - ERROR - STAT - expect_column_values_to_not_be_null - MODELE - correctly filled rate (%) - 88.03
2019-06-07 12:35:51,067 - VO - BR - WEBMOTORS - 2019-05-01 00:00:00 - ERROR - STAT - expect_column_values_to_not_be_null - MOIS - correctly filled rate (%) - 100.0
2019-06-07 12:35:51,067 - VO - BR - WEBMOTORS - 2019-05-01 00:00:00 - ERROR - FILE_CHECK - expect_column_values_to_be_between - MOIS - Unexpected value: 0 on line 0, value should be between 1 and 12
2019-06-07 12:35:51,067 - VO - BR - WEBMOTORS - 2019-05-01 00:00:00 - ERROR - FILE_CHECK - expect_column_values_to_be_between - MOIS - Unexpected value: 0 on line 1, value should be between 1 and 12
2019-06-07 12:35:51,067 - VO - BR - WEBMOTORS - 2019-05-01 00:00:00 - ERROR - FILE_CHECK - expect_column_values_to_be_between - MOIS - Unexpected value: 0 on line 2, value should be between 1 and 12
2019-06-07 12:35:51,067 - VO - BR - WEBMOTORS - 2019-05-01 00:00:00 - ERROR - FILE_CHECK - expect_column_values_to_be_between - MOIS - Unexpected value: 0 on line 3, value should be between 1 and 12
2019-06-07 12:35:51,067 - VO - BR - WEBMOTORS - 2019-05-01 00:00:00 - ERROR - FILE_CHECK - expect_column_values_to_be_between - MOIS - Unexpected value: 0 on line 4, value should be between 1 and 12
2019-06-07 12:35:51,067 - VO - BR - WEBMOTORS - 2019-05-01 00:00:00 - ERROR - FILE_CHECK - expect_column_values_to_be_between - MOIS - Unexpected value: 0 on line 5, value should be between 1 and 12
2019-06-07 12:35:51,067 - VO - BR - WEBMOTORS - 2019-05-01 00:00:00 - ERROR - FILE_CHECK - expect_column_values_to_be_between - MOIS - Unexpected value: 0 on line 6, value should be between 1 and 12
2019-06-07 12:35:51,068 - VO - BR - WEBMOTORS - 2019-05-01 00:00:00 - ERROR - FILE_CHECK - expect_column_values_to_be_between - MOIS - Unexpected value: 0 on line 7, value should be between 1 and 12
2019-06-07 12:35:51,068 - VO - BR - WEBMOTORS - 2019-05-01 00:00:00 - ERROR - FILE_CHECK - expect_column_values_to_be_between - MOIS - Unexpected value: 0 on line 8, value should be between 1 and 12
2019-06-07 12:35:51,068 - VO - BR - WEBMOTORS - 2019-05-01 00:00:00 - ERROR - FILE_CHECK - expect_column_values_to_be_between - MOIS - Unexpected value: 0 on line 9, value should be between 1 and 12
2019-06-07 12:35:51,068 - VO - BR - WEBMOTORS - 2019-05-01 00:00:00 - ERROR - FILE_CHECK - expect_column_values_to_be_between - MOIS - Unexpected value: 0 on line 10, value should be between 1 and 12
2019-06-07 12:35:51,068 - VO - BR - WEBMOTORS - 2019-05-01 00:00:00 - ERROR - FILE_CHECK - expect_column_values_to_be_between - MOIS - Unexpected value: 0 on line 11, value should be between 1 and 12
2019-06-07 12:35:51,068 - VO - BR - WEBMOTORS - 2019-05-01 00:00:00 - ERROR - FILE_CHECK - expect_column_values_to_be_between - MOIS - Unexpected value: 0 on line 12, value should be between 1 and 12
2019-06-07 12:35:51,068 - VO - BR - WEBMOTORS - 2019-05-01 00:00:00 - ERROR - FILE_CHECK - expect_column_values_to_be_between - MOIS - Unexpected value: 0 on line 13, value should be between 1 and 12
2019-06-07 12:35:51,068 - VO - BR - WEBMOTORS - 2019-05-01 00:00:00 - ERROR - FILE_CHECK - expect_column_values_to_be_between - MOIS - Unexpected value: 0 on line 14, value should be between 1 and 12
2019-06-07 12:35:51,068 - VO - BR - WEBMOTORS - 2019-05-01 00:00:00 - ERROR - FILE_CHECK - expect_column_values_to_be_between - MOIS - Unexpected value: 0 on line 15, value should be between 1 and 12
2019-06-07 12:35:51,068 - VO - BR - WEBMOTORS - 2019-05-01 00:00:00 - ERROR - FILE_CHECK - expect_column_values_to_be_between - MOIS - Unexpected value: 0 on line 16, value should be between 1 and 12
2019-06-07 12:35:51,068 - VO - BR - WEBMOTORS - 2019-05-01 00:00:00 - ERROR - FILE_CHECK - expect_column_values_to_be_between - MOIS - Unexpected value: 0 on line 17, value should be between 1 and 12
2019-06-07 12:35:51,068 - VO - BR - WEBMOTORS - 2019-05-01 00:00:00 - ERROR - FILE_CHECK - expect_column_values_to_be_between - MOIS - Unexpected value: 0 on line 18, value should be between 1 and 12
2019-06-07 12:35:51,068 - VO - BR - WEBMOTORS - 2019-05-01 00:00:00 - ERROR - FILE_CHECK - expect_column_values_to_be_between - MOIS - Unexpected value: 0 on line 19, value should be between 1 and 12
2019-06-07 12:35:51,068 - VO - BR - WEBMOTORS - 2019-05-01 00:00:00 - ERROR - STAT - expect_column_values_to_be_between - MOIS - correctly filled rate (%) - 0.0
2019-06-07 12:35:51,068 - VO - BR - WEBMOTORS - 2019-05-01 00:00:00 - ERROR - STAT - expect_column_values_to_match_regex - MOIS - correctly filled rate (%) - 100.0
2019-06-07 12:35:51,068 - VO - BR - WEBMOTORS - 2019-05-01 00:00:00 - ERROR - STAT - expect_column_values_to_not_be_null - NOM - correctly filled rate (%) - 100.0
2019-06-07 12:35:51,068 - VO - BR - WEBMOTORS - 2019-05-01 00:00:00 - ERROR - STAT - expect_column_value_lengths_to_be_between - NOM - correctly filled rate (%) - 100.0
2019-06-07 12:35:51,068 - VO - BR - WEBMOTORS - 2019-05-01 00:00:00 - ERROR - STAT - expect_column_values_to_not_be_null - OPTIONS - correctly filled rate (%) - 0.0
2019-06-07 12:35:51,069 - VO - BR - WEBMOTORS - 2019-05-01 00:00:00 - ERROR - STAT - expect_column_values_to_be_in_type_list - PHOTO - correctly filled rate (%) - 100.0
2019-06-07 12:35:51,069 - VO - BR - WEBMOTORS - 2019-05-01 00:00:00 - ERROR - STAT - expect_column_values_to_not_be_null - PHOTO - correctly filled rate (%) - 100.0
2019-06-07 12:35:51,069 - VO - BR - WEBMOTORS - 2019-05-01 00:00:00 - ERROR - STAT - expect_column_values_to_be_in_type_list - PLACE - correctly filled rate (%) - 100.0
2019-06-07 12:35:51,069 - VO - BR - WEBMOTORS - 2019-05-01 00:00:00 - ERROR - STAT - expect_column_values_to_not_be_null - PLACE - correctly filled rate (%) - 100.0
2019-06-07 12:35:51,069 - VO - BR - WEBMOTORS - 2019-05-01 00:00:00 - ERROR - STAT - expect_column_values_to_not_be_null - PORTE - correctly filled rate (%) - 0.0
2019-06-07 12:35:51,069 - VO - BR - WEBMOTORS - 2019-05-01 00:00:00 - ERROR - STAT - expect_column_values_to_be_in_type_list - PRIX - correctly filled rate (%) - 100.0
2019-06-07 12:35:51,069 - VO - BR - WEBMOTORS - 2019-05-01 00:00:00 - ERROR - STAT - expect_column_values_to_not_be_null - PRIX - correctly filled rate (%) - 100.0
2019-06-07 12:35:51,069 - VO - BR - WEBMOTORS - 2019-05-01 00:00:00 - ERROR - STAT - expect_column_values_to_not_be_null - PROVINCE - correctly filled rate (%) - 0.0
2019-06-07 12:35:51,069 - VO - BR - WEBMOTORS - 2019-05-01 00:00:00 - ERROR - STAT - expect_column_values_to_not_be_null - SITE - correctly filled rate (%) - 100.0
2019-06-07 12:35:51,069 - VO - BR - WEBMOTORS - 2019-05-01 00:00:00 - ERROR - STAT - expect_column_values_to_not_be_null - TELEPHONE - correctly filled rate (%) - 100.0
2019-06-07 12:35:51,069 - VO - BR - WEBMOTORS - 2019-05-01 00:00:00 - ERROR - FILE_CHECK - expect_column_values_to_be_phone_number - TELEPHONE - Unexpected value: 31993304552.0 on line 5, value should match a phone number format
2019-06-07 12:35:51,069 - VO - BR - WEBMOTORS - 2019-05-01 00:00:00 - ERROR - FILE_CHECK - expect_column_values_to_be_phone_number - TELEPHONE - Unexpected value: 16982052444.0 on line 17, value should match a phone number format
2019-06-07 12:35:51,069 - VO - BR - WEBMOTORS - 2019-05-01 00:00:00 - ERROR - FILE_CHECK - expect_column_values_to_be_phone_number - TELEPHONE - Unexpected value: 11999730262.0 on line 36, value should match a phone number format
2019-06-07 12:35:51,069 - VO - BR - WEBMOTORS - 2019-05-01 00:00:00 - ERROR - FILE_CHECK - expect_column_values_to_be_phone_number - TELEPHONE - Unexpected value: 11945269270.0 on line 76, value should match a phone number format
2019-06-07 12:35:51,069 - VO - BR - WEBMOTORS - 2019-05-01 00:00:00 - ERROR - FILE_CHECK - expect_column_values_to_be_phone_number - TELEPHONE - Unexpected value: 11985429333.0 on line 84, value should match a phone number format
2019-06-07 12:35:51,069 - VO - BR - WEBMOTORS - 2019-05-01 00:00:00 - ERROR - FILE_CHECK - expect_column_values_to_be_phone_number - TELEPHONE - Unexpected value: 11976972444.0 on line 92, value should match a phone number format
2019-06-07 12:35:51,069 - VO - BR - WEBMOTORS - 2019-05-01 00:00:00 - ERROR - FILE_CHECK - expect_column_values_to_be_phone_number - TELEPHONE - Unexpected value: 13982244484.0 on line 98, value should match a phone number format
2019-06-07 12:35:51,069 - VO - BR - WEBMOTORS - 2019-05-01 00:00:00 - ERROR - FILE_CHECK - expect_column_values_to_be_phone_number - TELEPHONE - Unexpected value: 11966777709.0 on line 128, value should match a phone number format
2019-06-07 12:35:51,070 - VO - BR - WEBMOTORS - 2019-05-01 00:00:00 - ERROR - FILE_CHECK - expect_column_values_to_be_phone_number - TELEPHONE - Unexpected value: 11964440184.0 on line 129, value should match a phone number format
2019-06-07 12:35:51,070 - VO - BR - WEBMOTORS - 2019-05-01 00:00:00 - ERROR - FILE_CHECK - expect_column_values_to_be_phone_number - TELEPHONE - Unexpected value: 21981623927.0 on line 132, value should match a phone number format
2019-06-07 12:35:51,070 - VO - BR - WEBMOTORS - 2019-05-01 00:00:00 - ERROR - FILE_CHECK - expect_column_values_to_be_phone_number - TELEPHONE - Unexpected value: 12997005008.0 on line 135, value should match a phone number format
2019-06-07 12:35:51,070 - VO - BR - WEBMOTORS - 2019-05-01 00:00:00 - ERROR - FILE_CHECK - expect_column_values_to_be_phone_number - TELEPHONE - Unexpected value: 11997926399.0 on line 142, value should match a phone number format
2019-06-07 12:35:51,070 - VO - BR - WEBMOTORS - 2019-05-01 00:00:00 - ERROR - FILE_CHECK - expect_column_values_to_be_phone_number - TELEPHONE - Unexpected value: 92981502450.0 on line 143, value should match a phone number format
2019-06-07 12:35:51,070 - VO - BR - WEBMOTORS - 2019-05-01 00:00:00 - ERROR - FILE_CHECK - expect_column_values_to_be_phone_number - TELEPHONE - Unexpected value: 18981212128.0 on line 145, value should match a phone number format
2019-06-07 12:35:51,070 - VO - BR - WEBMOTORS - 2019-05-01 00:00:00 - ERROR - FILE_CHECK - expect_column_values_to_be_phone_number - TELEPHONE - Unexpected value: 11973221144.0 on line 154, value should match a phone number format
2019-06-07 12:35:51,070 - VO - BR - WEBMOTORS - 2019-05-01 00:00:00 - ERROR - FILE_CHECK - expect_column_values_to_be_phone_number - TELEPHONE - Unexpected value: 11984556183.0 on line 207, value should match a phone number format
2019-06-07 12:35:51,070 - VO - BR - WEBMOTORS - 2019-05-01 00:00:00 - ERROR - FILE_CHECK - expect_column_values_to_be_phone_number - TELEPHONE - Unexpected value: 11996698333.0 on line 246, value should match a phone number format
2019-06-07 12:35:51,070 - VO - BR - WEBMOTORS - 2019-05-01 00:00:00 - ERROR - FILE_CHECK - expect_column_values_to_be_phone_number - TELEPHONE - Unexpected value: 17991131710.0 on line 259, value should match a phone number format
2019-06-07 12:35:51,070 - VO - BR - WEBMOTORS - 2019-05-01 00:00:00 - ERROR - FILE_CHECK - expect_column_values_to_be_phone_number - TELEPHONE - Unexpected value: 11986680003.0 on line 291, value should match a phone number format
2019-06-07 12:35:51,070 - VO - BR - WEBMOTORS - 2019-05-01 00:00:00 - ERROR - FILE_CHECK - expect_column_values_to_be_phone_number - TELEPHONE - Unexpected value: 11968168291.0 on line 308, value should match a phone number format
2019-06-07 12:35:51,070 - VO - BR - WEBMOTORS - 2019-05-01 00:00:00 - ERROR - STAT - expect_column_values_to_be_phone_number - TELEPHONE - correctly filled rate (%) - 75.45
2019-06-07 12:35:51,070 - VO - BR - WEBMOTORS - 2019-05-01 00:00:00 - ERROR - STAT - expect_column_values_to_not_be_null - TYPE - correctly filled rate (%) - 100.0
2019-06-07 12:35:51,070 - VO - BR - WEBMOTORS - 2019-05-01 00:00:00 - ERROR - STAT - expect_column_values_to_be_in_set_2 - TYPE - observed proportion - 100.0
2019-06-07 12:35:51,070 - VO - BR - WEBMOTORS - 2019-05-01 00:00:00 - ERROR - STAT - expect_column_values_to_not_be_null - VILLE - correctly filled rate (%) - 100.0
2019-06-07 12:35:51,070 - VO - BR - WEBMOTORS - 2019-05-01 00:00:00 - ERROR - STAT - expect_column_values_to_not_be_null - VN_IND - correctly filled rate (%) - 0.0
2019-06-07 12:35:51,070 - VO - BR - WEBMOTORS - 2019-05-01 00:00:00 - ERROR - STAT - expect_returning_row_count_on_conditions - DEALER_USEDCARS - total number of row with conditions - 304712
2019-06-07 12:35:51,071 - VO - BR - WEBMOTORS - 2019-05-01 00:00:00 - ERROR - STAT - expect_returning_row_count_on_conditions - PRIVATE_USEDCARS - total number of row with conditions - 105804
2019-06-07 12:35:51,071 - VO - BR - WEBMOTORS - 2019-05-01 00:00:00 - ERROR - STAT - expect_returning_row_unique_count - MARQUE_CORRECTED - total number of unique rows - 107
2019-06-07 12:35:51,071 - VO - BR - WEBMOTORS - 2019-05-01 00:00:00 - ERROR - STAT - expect_returning_row_unique_count - MODELE_CORRECTED - total number of unique rows - 670
2019-06-07 12:35:51,071 - VO - BR - WEBMOTORS - 2019-05-01 00:00:00 - ERROR - STAT - expect_returning_row_unique_count - CARROSSERIE - total number of unique rows - 0
2019-06-07 12:35:51,071 - VO - BR - WEBMOTORS - 2019-05-01 00:00:00 - ERROR - STAT - expect_returning_row_unique_count - CARBURANT - total number of unique rows - 17
2019-06-07 12:35:51,071 - VO - BR - WEBMOTORS - 2019-05-01 00:00:00 - ERROR - STAT - expect_column_values_to_not_be_null - CYLINDRE - correctly filled rate (%) - 0.0
2019-06-07 12:35:51,071 - VO - BR - WEBMOTORS - 2019-05-01 00:00:00 - ERROR - STAT - expect_returning_row_unique_count - PROVINCE - total number of unique rows - 0
2019-06-07 12:35:51,071 - VO - BR - WEBMOTORS - 2019-05-01 00:00:00 - ERROR - STAT - expect_returning_row_unique_count - VILLE - total number of unique rows - 2295
2019-06-07 12:35:51,071 - VO - BR - WEBMOTORS - 2019-05-01 00:00:00 - ERROR - STAT - expect_returning_row_unique_count - DEPARTEMENT - total number of unique rows - 27
