2019-10-04 18:36:33,556 - IMMO - FR.VACANCES - HOMELIDAYS - 2019-09-01 00:00:00 - ERROR - STAT - expect_column_values_to_not_be_null - ACHAT_LOC - correctly filled rate (%) - 100.0
2019-10-04 18:36:33,556 - IMMO - FR.VACANCES - HOMELIDAYS - 2019-09-01 00:00:00 - ERROR - FILE_CHECK - expect_column_values_to_be_in_set - ACHAT_LOC - Unexpected value: 8 on line 0, value should among [1, 2]
2019-10-04 18:36:33,556 - IMMO - FR.VACANCES - HOMELIDAYS - 2019-09-01 00:00:00 - ERROR - FILE_CHECK - expect_column_values_to_be_in_set - ACHAT_LOC - Unexpected value: 8 on line 1, value should among [1, 2]
2019-10-04 18:36:33,556 - IMMO - FR.VACANCES - HOMELIDAYS - 2019-09-01 00:00:00 - ERROR - FILE_CHECK - expect_column_values_to_be_in_set - ACHAT_LOC - Unexpected value: 8 on line 2, value should among [1, 2]
2019-10-04 18:36:33,556 - IMMO - FR.VACANCES - HOMELIDAYS - 2019-09-01 00:00:00 - ERROR - FILE_CHECK - expect_column_values_to_be_in_set - ACHAT_LOC - Unexpected value: 8 on line 3, value should among [1, 2]
2019-10-04 18:36:33,556 - IMMO - FR.VACANCES - HOMELIDAYS - 2019-09-01 00:00:00 - ERROR - FILE_CHECK - expect_column_values_to_be_in_set - ACHAT_LOC - Unexpected value: 8 on line 4, value should among [1, 2]
2019-10-04 18:36:33,556 - IMMO - FR.VACANCES - HOMELIDAYS - 2019-09-01 00:00:00 - ERROR - FILE_CHECK - expect_column_values_to_be_in_set - ACHAT_LOC - Unexpected value: 8 on line 5, value should among [1, 2]
2019-10-04 18:36:33,556 - IMMO - FR.VACANCES - HOMELIDAYS - 2019-09-01 00:00:00 - ERROR - FILE_CHECK - expect_column_values_to_be_in_set - ACHAT_LOC - Unexpected value: 8 on line 6, value should among [1, 2]
2019-10-04 18:36:33,556 - IMMO - FR.VACANCES - HOMELIDAYS - 2019-09-01 00:00:00 - ERROR - FILE_CHECK - expect_column_values_to_be_in_set - ACHAT_LOC - Unexpected value: 8 on line 7, value should among [1, 2]
2019-10-04 18:36:33,556 - IMMO - FR.VACANCES - HOMELIDAYS - 2019-09-01 00:00:00 - ERROR - FILE_CHECK - expect_column_values_to_be_in_set - ACHAT_LOC - Unexpected value: 8 on line 8, value should among [1, 2]
2019-10-04 18:36:33,556 - IMMO - FR.VACANCES - HOMELIDAYS - 2019-09-01 00:00:00 - ERROR - FILE_CHECK - expect_column_values_to_be_in_set - ACHAT_LOC - Unexpected value: 8 on line 9, value should among [1, 2]
2019-10-04 18:36:33,557 - IMMO - FR.VACANCES - HOMELIDAYS - 2019-09-01 00:00:00 - ERROR - FILE_CHECK - expect_column_values_to_be_in_set - ACHAT_LOC - Unexpected value: 8 on line 10, value should among [1, 2]
2019-10-04 18:36:33,557 - IMMO - FR.VACANCES - HOMELIDAYS - 2019-09-01 00:00:00 - ERROR - FILE_CHECK - expect_column_values_to_be_in_set - ACHAT_LOC - Unexpected value: 8 on line 11, value should among [1, 2]
2019-10-04 18:36:33,557 - IMMO - FR.VACANCES - HOMELIDAYS - 2019-09-01 00:00:00 - ERROR - FILE_CHECK - expect_column_values_to_be_in_set - ACHAT_LOC - Unexpected value: 8 on line 12, value should among [1, 2]
2019-10-04 18:36:33,557 - IMMO - FR.VACANCES - HOMELIDAYS - 2019-09-01 00:00:00 - ERROR - FILE_CHECK - expect_column_values_to_be_in_set - ACHAT_LOC - Unexpected value: 8 on line 13, value should among [1, 2]
2019-10-04 18:36:33,557 - IMMO - FR.VACANCES - HOMELIDAYS - 2019-09-01 00:00:00 - ERROR - FILE_CHECK - expect_column_values_to_be_in_set - ACHAT_LOC - Unexpected value: 8 on line 14, value should among [1, 2]
2019-10-04 18:36:33,557 - IMMO - FR.VACANCES - HOMELIDAYS - 2019-09-01 00:00:00 - ERROR - FILE_CHECK - expect_column_values_to_be_in_set - ACHAT_LOC - Unexpected value: 8 on line 15, value should among [1, 2]
2019-10-04 18:36:33,557 - IMMO - FR.VACANCES - HOMELIDAYS - 2019-09-01 00:00:00 - ERROR - FILE_CHECK - expect_column_values_to_be_in_set - ACHAT_LOC - Unexpected value: 8 on line 16, value should among [1, 2]
2019-10-04 18:36:33,557 - IMMO - FR.VACANCES - HOMELIDAYS - 2019-09-01 00:00:00 - ERROR - FILE_CHECK - expect_column_values_to_be_in_set - ACHAT_LOC - Unexpected value: 8 on line 17, value should among [1, 2]
2019-10-04 18:36:33,557 - IMMO - FR.VACANCES - HOMELIDAYS - 2019-09-01 00:00:00 - ERROR - FILE_CHECK - expect_column_values_to_be_in_set - ACHAT_LOC - Unexpected value: 8 on line 18, value should among [1, 2]
2019-10-04 18:36:33,557 - IMMO - FR.VACANCES - HOMELIDAYS - 2019-09-01 00:00:00 - ERROR - FILE_CHECK - expect_column_values_to_be_in_set - ACHAT_LOC - Unexpected value: 8 on line 19, value should among [1, 2]
2019-10-04 18:36:33,557 - IMMO - FR.VACANCES - HOMELIDAYS - 2019-09-01 00:00:00 - ERROR - STAT - expect_column_values_to_be_in_set - ACHAT_LOC - correctly filled rate (%) - 0.0
2019-10-04 18:36:33,557 - IMMO - FR.VACANCES - HOMELIDAYS - 2019-09-01 00:00:00 - ERROR - STAT - expect_column_values_to_not_be_null - ADRESSE - correctly filled rate (%) - 99.74
2019-10-04 18:36:33,557 - IMMO - FR.VACANCES - HOMELIDAYS - 2019-09-01 00:00:00 - ERROR - STAT - expect_column_values_to_not_be_null - AGENCE_ADRESSE - correctly filled rate (%) - 0.0
2019-10-04 18:36:33,557 - IMMO - FR.VACANCES - HOMELIDAYS - 2019-09-01 00:00:00 - ERROR - STAT - expect_column_values_to_not_be_null - AGENCE_CP - correctly filled rate (%) - 0.0
2019-10-04 18:36:33,557 - IMMO - FR.VACANCES - HOMELIDAYS - 2019-09-01 00:00:00 - ERROR - STAT - expect_column_values_to_not_be_null - AGENCE_NOM - correctly filled rate (%) - 0.0
2019-10-04 18:36:33,557 - IMMO - FR.VACANCES - HOMELIDAYS - 2019-09-01 00:00:00 - ERROR - STAT - expect_column_values_to_not_be_null - AGENCE_TEL - correctly filled rate (%) - 0.0
2019-10-04 18:36:33,557 - IMMO - FR.VACANCES - HOMELIDAYS - 2019-09-01 00:00:00 - ERROR - STAT - expect_column_values_to_not_be_null - AGENCE_VILLE - correctly filled rate (%) - 0.0
2019-10-04 18:36:33,558 - IMMO - FR.VACANCES - HOMELIDAYS - 2019-09-01 00:00:00 - ERROR - STAT - expect_column_values_to_not_be_null - ANNONCE_DATE - correctly filled rate (%) - 0.0
2019-10-04 18:36:33,558 - IMMO - FR.VACANCES - HOMELIDAYS - 2019-09-01 00:00:00 - ERROR - STAT - expect_column_values_to_not_be_null - ANNONCE_LINK - correctly filled rate (%) - 100.0
2019-10-04 18:36:33,558 - IMMO - FR.VACANCES - HOMELIDAYS - 2019-09-01 00:00:00 - ERROR - STAT - expect_column_values_to_be_unique - ANNONCE_LINK - observed proportion - 100.0
2019-10-04 18:36:33,558 - IMMO - FR.VACANCES - HOMELIDAYS - 2019-09-01 00:00:00 - ERROR - STAT - expect_column_values_to_not_be_null - ANNONCE_TEXT - correctly filled rate (%) - 0.0
2019-10-04 18:36:33,558 - IMMO - FR.VACANCES - HOMELIDAYS - 2019-09-01 00:00:00 - ERROR - STAT - expect_column_values_to_not_be_null - CATEGORIE - correctly filled rate (%) - 100.0
2019-10-04 18:36:33,558 - IMMO - FR.VACANCES - HOMELIDAYS - 2019-09-01 00:00:00 - ERROR - STAT - expect_column_values_to_not_be_null - CP - correctly filled rate (%) - 12.86
2019-10-04 18:36:33,558 - IMMO - FR.VACANCES - HOMELIDAYS - 2019-09-01 00:00:00 - ERROR - FILE_CHECK - expect_column_values_to_match_regex - CP - Unexpected value: 171200 on line 12886, value should match regexp ^[0-9]{5}$
2019-10-04 18:36:33,558 - IMMO - FR.VACANCES - HOMELIDAYS - 2019-09-01 00:00:00 - ERROR - FILE_CHECK - expect_column_values_to_match_regex - CP - Unexpected value: 354000 on line 18793, value should match regexp ^[0-9]{5}$
2019-10-04 18:36:33,558 - IMMO - FR.VACANCES - HOMELIDAYS - 2019-09-01 00:00:00 - ERROR - FILE_CHECK - expect_column_values_to_match_regex - CP - Unexpected value: 117180 on line 42914, value should match regexp ^[0-9]{5}$
2019-10-04 18:36:33,558 - IMMO - FR.VACANCES - HOMELIDAYS - 2019-09-01 00:00:00 - ERROR - FILE_CHECK - expect_column_values_to_match_regex - CP - Unexpected value: 564570 on line 66203, value should match regexp ^[0-9]{5}$
2019-10-04 18:36:33,558 - IMMO - FR.VACANCES - HOMELIDAYS - 2019-09-01 00:00:00 - ERROR - FILE_CHECK - expect_column_values_to_match_regex - CP - Unexpected value: 202050 on line 282070, value should match regexp ^[0-9]{5}$
2019-10-04 18:36:33,558 - IMMO - FR.VACANCES - HOMELIDAYS - 2019-09-01 00:00:00 - ERROR - FILE_CHECK - expect_column_values_to_match_regex - CP - Unexpected value: 4150 on line 338737, value should match regexp ^[0-9]{5}$
2019-10-04 18:36:33,558 - IMMO - FR.VACANCES - HOMELIDAYS - 2019-09-01 00:00:00 - ERROR - FILE_CHECK - expect_column_values_to_match_regex - CP - Unexpected value: 841 on line 339324, value should match regexp ^[0-9]{5}$
2019-10-04 18:36:33,558 - IMMO - FR.VACANCES - HOMELIDAYS - 2019-09-01 00:00:00 - ERROR - FILE_CHECK - expect_column_values_to_match_regex - CP - Unexpected value: 33 on line 352927, value should match regexp ^[0-9]{5}$
2019-10-04 18:36:33,558 - IMMO - FR.VACANCES - HOMELIDAYS - 2019-09-01 00:00:00 - ERROR - FILE_CHECK - expect_column_values_to_match_regex - CP - Unexpected value: 061000 on line 354377, value should match regexp ^[0-9]{5}$
2019-10-04 18:36:33,558 - IMMO - FR.VACANCES - HOMELIDAYS - 2019-09-01 00:00:00 - ERROR - FILE_CHECK - expect_column_values_to_match_regex - CP - Unexpected value: 063000 on line 354482, value should match regexp ^[0-9]{5}$
2019-10-04 18:36:33,558 - IMMO - FR.VACANCES - HOMELIDAYS - 2019-09-01 00:00:00 - ERROR - FILE_CHECK - expect_column_values_to_match_regex - CP - Unexpected value: 065400 on line 357357, value should match regexp ^[0-9]{5}$
2019-10-04 18:36:33,559 - IMMO - FR.VACANCES - HOMELIDAYS - 2019-09-01 00:00:00 - ERROR - FILE_CHECK - expect_column_values_to_match_regex - CP - Unexpected value: 060600 on line 370597, value should match regexp ^[0-9]{5}$
2019-10-04 18:36:33,559 - IMMO - FR.VACANCES - HOMELIDAYS - 2019-09-01 00:00:00 - ERROR - FILE_CHECK - expect_column_values_to_match_regex - CP - Unexpected value: 007110 on line 388334, value should match regexp ^[0-9]{5}$
2019-10-04 18:36:33,559 - IMMO - FR.VACANCES - HOMELIDAYS - 2019-09-01 00:00:00 - ERROR - FILE_CHECK - expect_column_values_to_match_regex - CP - Unexpected value: 5002007140 on line 392886, value should match regexp ^[0-9]{5}$
2019-10-04 18:36:33,559 - IMMO - FR.VACANCES - HOMELIDAYS - 2019-09-01 00:00:00 - ERROR - FILE_CHECK - expect_column_values_to_match_regex - CP - Unexpected value: 6650 on line 398922, value should match regexp ^[0-9]{5}$
2019-10-04 18:36:33,559 - IMMO - FR.VACANCES - HOMELIDAYS - 2019-09-01 00:00:00 - ERROR - FILE_CHECK - expect_column_values_to_match_regex - CP - Unexpected value: 1011191 on line 476050, value should match regexp ^[0-9]{5}$
2019-10-04 18:36:33,559 - IMMO - FR.VACANCES - HOMELIDAYS - 2019-09-01 00:00:00 - ERROR - FILE_CHECK - expect_column_values_to_match_regex - CP - Unexpected value: 201160 on line 476615, value should match regexp ^[0-9]{5}$
2019-10-04 18:36:33,559 - IMMO - FR.VACANCES - HOMELIDAYS - 2019-09-01 00:00:00 - ERROR - FILE_CHECK - expect_column_values_to_match_regex - CP - Unexpected value: 200000 on line 476887, value should match regexp ^[0-9]{5}$
2019-10-04 18:36:33,559 - IMMO - FR.VACANCES - HOMELIDAYS - 2019-09-01 00:00:00 - ERROR - FILE_CHECK - expect_column_values_to_match_regex - CP - Unexpected value: 45454584 on line 551494, value should match regexp ^[0-9]{5}$
2019-10-04 18:36:33,559 - IMMO - FR.VACANCES - HOMELIDAYS - 2019-09-01 00:00:00 - ERROR - FILE_CHECK - expect_column_values_to_match_regex - CP - Unexpected value: 7445 on line 593041, value should match regexp ^[0-9]{5}$
2019-10-04 18:36:33,559 - IMMO - FR.VACANCES - HOMELIDAYS - 2019-09-01 00:00:00 - ERROR - STAT - expect_column_values_to_match_regex - CP - correctly filled rate (%) - 99.98
2019-10-04 18:36:33,559 - IMMO - FR.VACANCES - HOMELIDAYS - 2019-09-01 00:00:00 - ERROR - STAT - expect_column_values_to_not_be_null - DEPARTEMENT - correctly filled rate (%) - 0.0
2019-10-04 18:36:33,559 - IMMO - FR.VACANCES - HOMELIDAYS - 2019-09-01 00:00:00 - ERROR - STAT - expect_returning_row_count - EVERY_COLUMNS - total number of rows - 1100931
2019-10-04 18:36:33,559 - IMMO - FR.VACANCES - HOMELIDAYS - 2019-09-01 00:00:00 - ERROR - STAT - expect_column_values_to_not_be_null - ID_CLIENT - correctly filled rate (%) - 100.0
2019-10-04 18:36:33,559 - IMMO - FR.VACANCES - HOMELIDAYS - 2019-09-01 00:00:00 - ERROR - STAT - expect_column_values_to_be_unique - ID_CLIENT - observed proportion - 100.0
2019-10-04 18:36:33,559 - IMMO - FR.VACANCES - HOMELIDAYS - 2019-09-01 00:00:00 - ERROR - FILE_CHECK - expect_column_values_to_be_of_type - M2_TOTALE - Wrong type for value: 190.0 on line 0 should be int
2019-10-04 18:36:33,559 - IMMO - FR.VACANCES - HOMELIDAYS - 2019-09-01 00:00:00 - ERROR - FILE_CHECK - expect_column_values_to_be_of_type - M2_TOTALE - Wrong type for value: 55.0 on line 3 should be int
2019-10-04 18:36:33,559 - IMMO - FR.VACANCES - HOMELIDAYS - 2019-09-01 00:00:00 - ERROR - FILE_CHECK - expect_column_values_to_be_of_type - M2_TOTALE - Wrong type for value: 140.0 on line 5 should be int
2019-10-04 18:36:33,559 - IMMO - FR.VACANCES - HOMELIDAYS - 2019-09-01 00:00:00 - ERROR - FILE_CHECK - expect_column_values_to_be_of_type - M2_TOTALE - Wrong type for value: 60.0 on line 6 should be int
2019-10-04 18:36:33,559 - IMMO - FR.VACANCES - HOMELIDAYS - 2019-09-01 00:00:00 - ERROR - FILE_CHECK - expect_column_values_to_be_of_type - M2_TOTALE - Wrong type for value: 527.0 on line 7 should be int
2019-10-04 18:36:33,560 - IMMO - FR.VACANCES - HOMELIDAYS - 2019-09-01 00:00:00 - ERROR - FILE_CHECK - expect_column_values_to_be_of_type - M2_TOTALE - Wrong type for value: 60.0 on line 8 should be int
2019-10-04 18:36:33,560 - IMMO - FR.VACANCES - HOMELIDAYS - 2019-09-01 00:00:00 - ERROR - FILE_CHECK - expect_column_values_to_be_of_type - M2_TOTALE - Wrong type for value: 190.0 on line 9 should be int
2019-10-04 18:36:33,560 - IMMO - FR.VACANCES - HOMELIDAYS - 2019-09-01 00:00:00 - ERROR - FILE_CHECK - expect_column_values_to_be_of_type - M2_TOTALE - Wrong type for value: 250.0 on line 10 should be int
2019-10-04 18:36:33,560 - IMMO - FR.VACANCES - HOMELIDAYS - 2019-09-01 00:00:00 - ERROR - FILE_CHECK - expect_column_values_to_be_of_type - M2_TOTALE - Wrong type for value: 33.0 on line 16 should be int
2019-10-04 18:36:33,560 - IMMO - FR.VACANCES - HOMELIDAYS - 2019-09-01 00:00:00 - ERROR - FILE_CHECK - expect_column_values_to_be_of_type - M2_TOTALE - Wrong type for value: 30.0 on line 19 should be int
2019-10-04 18:36:33,560 - IMMO - FR.VACANCES - HOMELIDAYS - 2019-09-01 00:00:00 - ERROR - FILE_CHECK - expect_column_values_to_be_of_type - M2_TOTALE - Wrong type for value: 13.0 on line 20 should be int
2019-10-04 18:36:33,560 - IMMO - FR.VACANCES - HOMELIDAYS - 2019-09-01 00:00:00 - ERROR - FILE_CHECK - expect_column_values_to_be_of_type - M2_TOTALE - Wrong type for value: 30.0 on line 21 should be int
2019-10-04 18:36:33,560 - IMMO - FR.VACANCES - HOMELIDAYS - 2019-09-01 00:00:00 - ERROR - FILE_CHECK - expect_column_values_to_be_of_type - M2_TOTALE - Wrong type for value: 50.0 on line 23 should be int
2019-10-04 18:36:33,560 - IMMO - FR.VACANCES - HOMELIDAYS - 2019-09-01 00:00:00 - ERROR - FILE_CHECK - expect_column_values_to_be_of_type - M2_TOTALE - Wrong type for value: 40.0 on line 29 should be int
2019-10-04 18:36:33,560 - IMMO - FR.VACANCES - HOMELIDAYS - 2019-09-01 00:00:00 - ERROR - FILE_CHECK - expect_column_values_to_be_of_type - M2_TOTALE - Wrong type for value: 55.0 on line 30 should be int
2019-10-04 18:36:33,560 - IMMO - FR.VACANCES - HOMELIDAYS - 2019-09-01 00:00:00 - ERROR - FILE_CHECK - expect_column_values_to_be_of_type - M2_TOTALE - Wrong type for value: 42.0 on line 32 should be int
2019-10-04 18:36:33,560 - IMMO - FR.VACANCES - HOMELIDAYS - 2019-09-01 00:00:00 - ERROR - FILE_CHECK - expect_column_values_to_be_of_type - M2_TOTALE - Wrong type for value: 30.0 on line 33 should be int
2019-10-04 18:36:33,560 - IMMO - FR.VACANCES - HOMELIDAYS - 2019-09-01 00:00:00 - ERROR - FILE_CHECK - expect_column_values_to_be_of_type - M2_TOTALE - Wrong type for value: 30.0 on line 34 should be int
2019-10-04 18:36:33,560 - IMMO - FR.VACANCES - HOMELIDAYS - 2019-09-01 00:00:00 - ERROR - FILE_CHECK - expect_column_values_to_be_of_type - M2_TOTALE - Wrong type for value: 150.0 on line 35 should be int
2019-10-04 18:36:33,560 - IMMO - FR.VACANCES - HOMELIDAYS - 2019-09-01 00:00:00 - ERROR - FILE_CHECK - expect_column_values_to_be_of_type - M2_TOTALE - Wrong type for value: 30.0 on line 37 should be int
2019-10-04 18:36:33,560 - IMMO - FR.VACANCES - HOMELIDAYS - 2019-09-01 00:00:00 - ERROR - STAT - expect_column_values_to_be_of_type - M2_TOTALE - correctly filled rate (%) - 0.0
2019-10-04 18:36:33,560 - IMMO - FR.VACANCES - HOMELIDAYS - 2019-09-01 00:00:00 - ERROR - STAT - expect_column_values_to_not_be_null - M2_TOTALE - correctly filled rate (%) - 67.11
2019-10-04 18:36:33,561 - IMMO - FR.VACANCES - HOMELIDAYS - 2019-09-01 00:00:00 - ERROR - STAT - expect_column_values_to_not_be_null - MAISON_APT - correctly filled rate (%) - 0.0
2019-10-04 18:36:33,561 - IMMO - FR.VACANCES - HOMELIDAYS - 2019-09-01 00:00:00 - ERROR - STAT - expect_column_values_to_not_be_null - MINI_SITE_ID - correctly filled rate (%) - 0.0
2019-10-04 18:36:33,561 - IMMO - FR.VACANCES - HOMELIDAYS - 2019-09-01 00:00:00 - ERROR - STAT - expect_column_values_to_not_be_null - NOM - correctly filled rate (%) - 100.0
2019-10-04 18:36:33,561 - IMMO - FR.VACANCES - HOMELIDAYS - 2019-09-01 00:00:00 - ERROR - FILE_CHECK - expect_column_value_lengths_to_be_between - NOM - Unexpected characters count of: [Living by BridgeStre...] on line  31366, value length should be between 0 and 255
2019-10-04 18:36:33,561 - IMMO - FR.VACANCES - HOMELIDAYS - 2019-09-01 00:00:00 - ERROR - FILE_CHECK - expect_column_value_lengths_to_be_between - NOM - Unexpected characters count of: [Il se trouve à 15 mi...] on line  54000, value length should be between 0 and 255
2019-10-04 18:36:33,561 - IMMO - FR.VACANCES - HOMELIDAYS - 2019-09-01 00:00:00 - ERROR - FILE_CHECK - expect_column_value_lengths_to_be_between - NOM - Unexpected characters count of: ["Love Shack" La brum...] on line  84026, value length should be between 0 and 255
2019-10-04 18:36:33,561 - IMMO - FR.VACANCES - HOMELIDAYS - 2019-09-01 00:00:00 - ERROR - FILE_CHECK - expect_column_value_lengths_to_be_between - NOM - Unexpected characters count of: [Petoskey Grove est u...] on line  93464, value length should be between 0 and 255
2019-10-04 18:36:33,561 - IMMO - FR.VACANCES - HOMELIDAYS - 2019-09-01 00:00:00 - ERROR - FILE_CHECK - expect_column_value_lengths_to_be_between - NOM - Unexpected characters count of: [Sur la promenade 1er...] on line  102483, value length should be between 0 and 255
2019-10-04 18:36:33,561 - IMMO - FR.VACANCES - HOMELIDAYS - 2019-09-01 00:00:00 - ERROR - FILE_CHECK - expect_column_value_lengths_to_be_between - NOM - Unexpected characters count of: [Sur la promenade 1er...] on line  103243, value length should be between 0 and 255
2019-10-04 18:36:33,561 - IMMO - FR.VACANCES - HOMELIDAYS - 2019-09-01 00:00:00 - ERROR - FILE_CHECK - expect_column_value_lengths_to_be_between - NOM - Unexpected characters count of: [Un chalet de montagn...] on line  149709, value length should be between 0 and 255
2019-10-04 18:36:33,561 - IMMO - FR.VACANCES - HOMELIDAYS - 2019-09-01 00:00:00 - ERROR - FILE_CHECK - expect_column_value_lengths_to_be_between - NOM - Unexpected characters count of: [Mesquite Country Clu...] on line  151851, value length should be between 0 and 255
2019-10-04 18:36:33,561 - IMMO - FR.VACANCES - HOMELIDAYS - 2019-09-01 00:00:00 - ERROR - FILE_CHECK - expect_column_value_lengths_to_be_between - NOM - Unexpected characters count of: [Emplacement de choix...] on line  166203, value length should be between 0 and 255
2019-10-04 18:36:33,561 - IMMO - FR.VACANCES - HOMELIDAYS - 2019-09-01 00:00:00 - ERROR - FILE_CHECK - expect_column_value_lengths_to_be_between - NOM - Unexpected characters count of: [Marchez jusqu'aux re...] on line  172861, value length should be between 0 and 255
2019-10-04 18:36:33,561 - IMMO - FR.VACANCES - HOMELIDAYS - 2019-09-01 00:00:00 - ERROR - FILE_CHECK - expect_column_value_lengths_to_be_between - NOM - Unexpected characters count of: [Marchez jusqu'aux re...] on line  173042, value length should be between 0 and 255
2019-10-04 18:36:33,561 - IMMO - FR.VACANCES - HOMELIDAYS - 2019-09-01 00:00:00 - ERROR - FILE_CHECK - expect_column_value_lengths_to_be_between - NOM - Unexpected characters count of: [EMPLACEMENT PRIVILÉG...] on line  176788, value length should be between 0 and 255
2019-10-04 18:36:33,561 - IMMO - FR.VACANCES - HOMELIDAYS - 2019-09-01 00:00:00 - ERROR - FILE_CHECK - expect_column_value_lengths_to_be_between - NOM - Unexpected characters count of: [Super endroit pour p...] on line  177722, value length should be between 0 and 255
2019-10-04 18:36:33,561 - IMMO - FR.VACANCES - HOMELIDAYS - 2019-09-01 00:00:00 - ERROR - FILE_CHECK - expect_column_value_lengths_to_be_between - NOM - Unexpected characters count of: [Cabane moderne accep...] on line  178121, value length should be between 0 and 255
2019-10-04 18:36:33,561 - IMMO - FR.VACANCES - HOMELIDAYS - 2019-09-01 00:00:00 - ERROR - FILE_CHECK - expect_column_value_lengths_to_be_between - NOM - Unexpected characters count of: [Le Fornaci Luxury Ap...] on line  325375, value length should be between 0 and 255
2019-10-04 18:36:33,562 - IMMO - FR.VACANCES - HOMELIDAYS - 2019-09-01 00:00:00 - ERROR - FILE_CHECK - expect_column_value_lengths_to_be_between - NOM - Unexpected characters count of: [BCN Rambla Catalunya...] on line  343733, value length should be between 0 and 255
2019-10-04 18:36:33,562 - IMMO - FR.VACANCES - HOMELIDAYS - 2019-09-01 00:00:00 - ERROR - FILE_CHECK - expect_column_value_lengths_to_be_between - NOM - Unexpected characters count of: [Soyez Appartement - ...] on line  344069, value length should be between 0 and 255
2019-10-04 18:36:33,562 - IMMO - FR.VACANCES - HOMELIDAYS - 2019-09-01 00:00:00 - ERROR - FILE_CHECK - expect_column_value_lengths_to_be_between - NOM - Unexpected characters count of: [Be Apartment - Luxue...] on line  345173, value length should be between 0 and 255
2019-10-04 18:36:33,562 - IMMO - FR.VACANCES - HOMELIDAYS - 2019-09-01 00:00:00 - ERROR - FILE_CHECK - expect_column_value_lengths_to_be_between - NOM - Unexpected characters count of: [Louez cette maison d...] on line  372490, value length should be between 0 and 255
2019-10-04 18:36:33,562 - IMMO - FR.VACANCES - HOMELIDAYS - 2019-09-01 00:00:00 - ERROR - FILE_CHECK - expect_column_value_lengths_to_be_between - NOM - Unexpected characters count of: [A quelques pas de Pe...] on line  372566, value length should be between 0 and 255
2019-10-04 18:36:33,562 - IMMO - FR.VACANCES - HOMELIDAYS - 2019-09-01 00:00:00 - ERROR - STAT - expect_column_value_lengths_to_be_between - NOM - correctly filled rate (%) - 99.98
2019-10-04 18:36:33,562 - IMMO - FR.VACANCES - HOMELIDAYS - 2019-09-01 00:00:00 - ERROR - FILE_CHECK - expect_column_values_to_match_regex - PAYS_AD - Unexpected value: Chili on line 0, value should match regexp [A-Z]{2}
2019-10-04 18:36:33,562 - IMMO - FR.VACANCES - HOMELIDAYS - 2019-09-01 00:00:00 - ERROR - FILE_CHECK - expect_column_values_to_match_regex - PAYS_AD - Unexpected value: Chili on line 1, value should match regexp [A-Z]{2}
2019-10-04 18:36:33,562 - IMMO - FR.VACANCES - HOMELIDAYS - 2019-09-01 00:00:00 - ERROR - FILE_CHECK - expect_column_values_to_match_regex - PAYS_AD - Unexpected value: Chili on line 2, value should match regexp [A-Z]{2}
2019-10-04 18:36:33,562 - IMMO - FR.VACANCES - HOMELIDAYS - 2019-09-01 00:00:00 - ERROR - FILE_CHECK - expect_column_values_to_match_regex - PAYS_AD - Unexpected value: Argentine on line 3, value should match regexp [A-Z]{2}
2019-10-04 18:36:33,562 - IMMO - FR.VACANCES - HOMELIDAYS - 2019-09-01 00:00:00 - ERROR - FILE_CHECK - expect_column_values_to_match_regex - PAYS_AD - Unexpected value: Argentine on line 4, value should match regexp [A-Z]{2}
2019-10-04 18:36:33,562 - IMMO - FR.VACANCES - HOMELIDAYS - 2019-09-01 00:00:00 - ERROR - FILE_CHECK - expect_column_values_to_match_regex - PAYS_AD - Unexpected value: Argentine on line 5, value should match regexp [A-Z]{2}
2019-10-04 18:36:33,562 - IMMO - FR.VACANCES - HOMELIDAYS - 2019-09-01 00:00:00 - ERROR - FILE_CHECK - expect_column_values_to_match_regex - PAYS_AD - Unexpected value: Argentine on line 6, value should match regexp [A-Z]{2}
2019-10-04 18:36:33,562 - IMMO - FR.VACANCES - HOMELIDAYS - 2019-09-01 00:00:00 - ERROR - FILE_CHECK - expect_column_values_to_match_regex - PAYS_AD - Unexpected value: Chili on line 7, value should match regexp [A-Z]{2}
2019-10-04 18:36:33,562 - IMMO - FR.VACANCES - HOMELIDAYS - 2019-09-01 00:00:00 - ERROR - FILE_CHECK - expect_column_values_to_match_regex - PAYS_AD - Unexpected value: Argentine on line 8, value should match regexp [A-Z]{2}
2019-10-04 18:36:33,562 - IMMO - FR.VACANCES - HOMELIDAYS - 2019-09-01 00:00:00 - ERROR - FILE_CHECK - expect_column_values_to_match_regex - PAYS_AD - Unexpected value: Chili on line 9, value should match regexp [A-Z]{2}
2019-10-04 18:36:33,562 - IMMO - FR.VACANCES - HOMELIDAYS - 2019-09-01 00:00:00 - ERROR - FILE_CHECK - expect_column_values_to_match_regex - PAYS_AD - Unexpected value: Argentine on line 10, value should match regexp [A-Z]{2}
2019-10-04 18:36:33,562 - IMMO - FR.VACANCES - HOMELIDAYS - 2019-09-01 00:00:00 - ERROR - FILE_CHECK - expect_column_values_to_match_regex - PAYS_AD - Unexpected value: Chili on line 11, value should match regexp [A-Z]{2}
2019-10-04 18:36:33,563 - IMMO - FR.VACANCES - HOMELIDAYS - 2019-09-01 00:00:00 - ERROR - FILE_CHECK - expect_column_values_to_match_regex - PAYS_AD - Unexpected value: Chili on line 12, value should match regexp [A-Z]{2}
2019-10-04 18:36:33,563 - IMMO - FR.VACANCES - HOMELIDAYS - 2019-09-01 00:00:00 - ERROR - FILE_CHECK - expect_column_values_to_match_regex - PAYS_AD - Unexpected value: Chili on line 13, value should match regexp [A-Z]{2}
2019-10-04 18:36:33,563 - IMMO - FR.VACANCES - HOMELIDAYS - 2019-09-01 00:00:00 - ERROR - FILE_CHECK - expect_column_values_to_match_regex - PAYS_AD - Unexpected value: Argentine on line 14, value should match regexp [A-Z]{2}
2019-10-04 18:36:33,563 - IMMO - FR.VACANCES - HOMELIDAYS - 2019-09-01 00:00:00 - ERROR - FILE_CHECK - expect_column_values_to_match_regex - PAYS_AD - Unexpected value: Argentine on line 15, value should match regexp [A-Z]{2}
2019-10-04 18:36:33,563 - IMMO - FR.VACANCES - HOMELIDAYS - 2019-09-01 00:00:00 - ERROR - FILE_CHECK - expect_column_values_to_match_regex - PAYS_AD - Unexpected value: Argentine on line 16, value should match regexp [A-Z]{2}
2019-10-04 18:36:33,563 - IMMO - FR.VACANCES - HOMELIDAYS - 2019-09-01 00:00:00 - ERROR - FILE_CHECK - expect_column_values_to_match_regex - PAYS_AD - Unexpected value: Chili on line 17, value should match regexp [A-Z]{2}
2019-10-04 18:36:33,563 - IMMO - FR.VACANCES - HOMELIDAYS - 2019-09-01 00:00:00 - ERROR - FILE_CHECK - expect_column_values_to_match_regex - PAYS_AD - Unexpected value: Argentine on line 18, value should match regexp [A-Z]{2}
2019-10-04 18:36:33,563 - IMMO - FR.VACANCES - HOMELIDAYS - 2019-09-01 00:00:00 - ERROR - FILE_CHECK - expect_column_values_to_match_regex - PAYS_AD - Unexpected value: Argentine on line 19, value should match regexp [A-Z]{2}
2019-10-04 18:36:33,563 - IMMO - FR.VACANCES - HOMELIDAYS - 2019-09-01 00:00:00 - ERROR - STAT - expect_column_values_to_match_regex - PAYS_AD - correctly filled rate (%) - 12.95
2019-10-04 18:36:33,563 - IMMO - FR.VACANCES - HOMELIDAYS - 2019-09-01 00:00:00 - ERROR - STAT - expect_column_values_to_not_be_null - PAYS_AD - correctly filled rate (%) - 99.7
2019-10-04 18:36:33,563 - IMMO - FR.VACANCES - HOMELIDAYS - 2019-09-01 00:00:00 - ERROR - STAT - expect_column_values_to_not_be_null - PHOTO - correctly filled rate (%) - 99.97
2019-10-04 18:36:33,563 - IMMO - FR.VACANCES - HOMELIDAYS - 2019-09-01 00:00:00 - ERROR - STAT - expect_column_values_to_be_in_type_list - PHOTO - correctly filled rate (%) - 100.0
2019-10-04 18:36:33,563 - IMMO - FR.VACANCES - HOMELIDAYS - 2019-09-01 00:00:00 - ERROR - STAT - expect_column_values_to_not_be_null - PIECE - correctly filled rate (%) - 97.34
2019-10-04 18:36:33,563 - IMMO - FR.VACANCES - HOMELIDAYS - 2019-09-01 00:00:00 - ERROR - STAT - expect_column_values_to_be_in_type_list - PIECE - correctly filled rate (%) - 100.0
2019-10-04 18:36:33,563 - IMMO - FR.VACANCES - HOMELIDAYS - 2019-09-01 00:00:00 - ERROR - FILE_CHECK - expect_column_values_to_be_of_type - PRIX - Wrong type for value: 861.0 on line 0 should be int
2019-10-04 18:36:33,563 - IMMO - FR.VACANCES - HOMELIDAYS - 2019-09-01 00:00:00 - ERROR - FILE_CHECK - expect_column_values_to_be_of_type - PRIX - Wrong type for value: 2422.0 on line 1 should be int
2019-10-04 18:36:33,563 - IMMO - FR.VACANCES - HOMELIDAYS - 2019-09-01 00:00:00 - ERROR - FILE_CHECK - expect_column_values_to_be_of_type - PRIX - Wrong type for value: 1008.0 on line 2 should be int
2019-10-04 18:36:33,563 - IMMO - FR.VACANCES - HOMELIDAYS - 2019-09-01 00:00:00 - ERROR - FILE_CHECK - expect_column_values_to_be_of_type - PRIX - Wrong type for value: 567.0 on line 3 should be int
2019-10-04 18:36:33,564 - IMMO - FR.VACANCES - HOMELIDAYS - 2019-09-01 00:00:00 - ERROR - FILE_CHECK - expect_column_values_to_be_of_type - PRIX - Wrong type for value: 623.0 on line 4 should be int
2019-10-04 18:36:33,564 - IMMO - FR.VACANCES - HOMELIDAYS - 2019-09-01 00:00:00 - ERROR - FILE_CHECK - expect_column_values_to_be_of_type - PRIX - Wrong type for value: 1323.0 on line 5 should be int
2019-10-04 18:36:33,564 - IMMO - FR.VACANCES - HOMELIDAYS - 2019-09-01 00:00:00 - ERROR - FILE_CHECK - expect_column_values_to_be_of_type - PRIX - Wrong type for value: 525.0 on line 6 should be int
2019-10-04 18:36:33,564 - IMMO - FR.VACANCES - HOMELIDAYS - 2019-09-01 00:00:00 - ERROR - FILE_CHECK - expect_column_values_to_be_of_type - PRIX - Wrong type for value: 798.0 on line 8 should be int
2019-10-04 18:36:33,564 - IMMO - FR.VACANCES - HOMELIDAYS - 2019-09-01 00:00:00 - ERROR - FILE_CHECK - expect_column_values_to_be_of_type - PRIX - Wrong type for value: 840.0 on line 9 should be int
2019-10-04 18:36:33,564 - IMMO - FR.VACANCES - HOMELIDAYS - 2019-09-01 00:00:00 - ERROR - FILE_CHECK - expect_column_values_to_be_of_type - PRIX - Wrong type for value: 2310.0 on line 10 should be int
2019-10-04 18:36:33,564 - IMMO - FR.VACANCES - HOMELIDAYS - 2019-09-01 00:00:00 - ERROR - FILE_CHECK - expect_column_values_to_be_of_type - PRIX - Wrong type for value: 826.0 on line 12 should be int
2019-10-04 18:36:33,564 - IMMO - FR.VACANCES - HOMELIDAYS - 2019-09-01 00:00:00 - ERROR - FILE_CHECK - expect_column_values_to_be_of_type - PRIX - Wrong type for value: 434.0 on line 13 should be int
2019-10-04 18:36:33,564 - IMMO - FR.VACANCES - HOMELIDAYS - 2019-09-01 00:00:00 - ERROR - FILE_CHECK - expect_column_values_to_be_of_type - PRIX - Wrong type for value: 308.0 on line 14 should be int
2019-10-04 18:36:33,564 - IMMO - FR.VACANCES - HOMELIDAYS - 2019-09-01 00:00:00 - ERROR - FILE_CHECK - expect_column_values_to_be_of_type - PRIX - Wrong type for value: 308.0 on line 15 should be int
2019-10-04 18:36:33,564 - IMMO - FR.VACANCES - HOMELIDAYS - 2019-09-01 00:00:00 - ERROR - FILE_CHECK - expect_column_values_to_be_of_type - PRIX - Wrong type for value: 392.0 on line 16 should be int
2019-10-04 18:36:33,564 - IMMO - FR.VACANCES - HOMELIDAYS - 2019-09-01 00:00:00 - ERROR - FILE_CHECK - expect_column_values_to_be_of_type - PRIX - Wrong type for value: 259.0 on line 17 should be int
2019-10-04 18:36:33,564 - IMMO - FR.VACANCES - HOMELIDAYS - 2019-09-01 00:00:00 - ERROR - FILE_CHECK - expect_column_values_to_be_of_type - PRIX - Wrong type for value: 504.0 on line 18 should be int
2019-10-04 18:36:33,564 - IMMO - FR.VACANCES - HOMELIDAYS - 2019-09-01 00:00:00 - ERROR - FILE_CHECK - expect_column_values_to_be_of_type - PRIX - Wrong type for value: 378.0 on line 19 should be int
2019-10-04 18:36:33,564 - IMMO - FR.VACANCES - HOMELIDAYS - 2019-09-01 00:00:00 - ERROR - FILE_CHECK - expect_column_values_to_be_of_type - PRIX - Wrong type for value: 392.0 on line 20 should be int
2019-10-04 18:36:33,564 - IMMO - FR.VACANCES - HOMELIDAYS - 2019-09-01 00:00:00 - ERROR - FILE_CHECK - expect_column_values_to_be_of_type - PRIX - Wrong type for value: 441.0 on line 21 should be int
2019-10-04 18:36:33,564 - IMMO - FR.VACANCES - HOMELIDAYS - 2019-09-01 00:00:00 - ERROR - STAT - expect_column_values_to_be_of_type - PRIX - correctly filled rate (%) - 0.0
2019-10-04 18:36:33,564 - IMMO - FR.VACANCES - HOMELIDAYS - 2019-09-01 00:00:00 - ERROR - STAT - expect_column_values_to_not_be_null - PRIX - correctly filled rate (%) - 95.97
2019-10-04 18:36:33,565 - IMMO - FR.VACANCES - HOMELIDAYS - 2019-09-01 00:00:00 - ERROR - STAT - expect_column_values_to_not_be_null - PRO_IND - correctly filled rate (%) - 0.0
2019-10-04 18:36:33,565 - IMMO - FR.VACANCES - HOMELIDAYS - 2019-09-01 00:00:00 - ERROR - STAT - expect_column_values_to_not_be_null - REGION - correctly filled rate (%) - 98.37
2019-10-04 18:36:33,565 - IMMO - FR.VACANCES - HOMELIDAYS - 2019-09-01 00:00:00 - ERROR - STAT - expect_column_values_to_not_be_null - SELLER_TYPE - correctly filled rate (%) - 100.0
2019-10-04 18:36:33,565 - IMMO - FR.VACANCES - HOMELIDAYS - 2019-09-01 00:00:00 - ERROR - STAT - expect_column_values_to_match_regex - SELLER_TYPE - correctly filled rate (%) - 100.0
2019-10-04 18:36:33,565 - IMMO - FR.VACANCES - HOMELIDAYS - 2019-09-01 00:00:00 - ERROR - STAT - expect_column_values_to_match_regex - VILLE - correctly filled rate (%) - 99.99
2019-10-04 18:36:33,565 - IMMO - FR.VACANCES - HOMELIDAYS - 2019-09-01 00:00:00 - ERROR - STAT - expect_column_values_to_not_be_null - VILLE - correctly filled rate (%) - 99.66
2019-10-04 18:36:33,565 - IMMO - FR.VACANCES - HOMELIDAYS - 2019-09-01 00:00:00 - ERROR - STAT - expect_returning_row_unique_count - VILLE - total number of unique rows - 58431
2019-10-04 18:36:33,565 - IMMO - FR.VACANCES - HOMELIDAYS - 2019-09-01 00:00:00 - ERROR - STAT - expect_returning_row_count_on_conditions - DEALER_LISTINGS - total number of row with conditions - 0
2019-10-04 18:36:33,565 - IMMO - FR.VACANCES - HOMELIDAYS - 2019-09-01 00:00:00 - ERROR - STAT - expect_returning_row_count_on_conditions - PRIVATE_LISTINGS - total number of row with conditions - 0
