2019-08-30 13:23:09,880 - CAMION - ES - TRUCKSNL - 2019-06-01 00:00:00 - ERROR - STAT - expect_column_values_to_not_be_null - ADRESSE - correctly filled rate (%) - 99.07
2019-08-30 13:23:09,881 - CAMION - ES - TRUCKSNL - 2019-06-01 00:00:00 - ERROR - STAT - expect_column_values_to_be_in_type_list - ANNEE - correctly filled rate (%) - 100.0
2019-08-30 13:23:09,881 - CAMION - ES - TRUCKSNL - 2019-06-01 00:00:00 - ERROR - STAT - expect_column_values_to_be_between - ANNEE - correctly filled rate (%) - 96.82
2019-08-30 13:23:09,881 - CAMION - ES - TRUCKSNL - 2019-06-01 00:00:00 - ERROR - STAT - expect_column_values_to_not_be_null - ANNEE - correctly filled rate (%) - 100.0
2019-08-30 13:23:09,881 - CAMION - ES - TRUCKSNL - 2019-06-01 00:00:00 - ERROR - FILE_CHECK - expect_column_values_to_match_regex - ANNEE - Unexpected value: 0 on line 3, value should match regexp ^[0-9]{4}$
2019-08-30 13:23:09,881 - CAMION - ES - TRUCKSNL - 2019-06-01 00:00:00 - ERROR - FILE_CHECK - expect_column_values_to_match_regex - ANNEE - Unexpected value: 0 on line 4, value should match regexp ^[0-9]{4}$
2019-08-30 13:23:09,881 - CAMION - ES - TRUCKSNL - 2019-06-01 00:00:00 - ERROR - FILE_CHECK - expect_column_values_to_match_regex - ANNEE - Unexpected value: 0 on line 5, value should match regexp ^[0-9]{4}$
2019-08-30 13:23:09,881 - CAMION - ES - TRUCKSNL - 2019-06-01 00:00:00 - ERROR - FILE_CHECK - expect_column_values_to_match_regex - ANNEE - Unexpected value: 0 on line 6, value should match regexp ^[0-9]{4}$
2019-08-30 13:23:09,881 - CAMION - ES - TRUCKSNL - 2019-06-01 00:00:00 - ERROR - FILE_CHECK - expect_column_values_to_match_regex - ANNEE - Unexpected value: 0 on line 7, value should match regexp ^[0-9]{4}$
2019-08-30 13:23:09,881 - CAMION - ES - TRUCKSNL - 2019-06-01 00:00:00 - ERROR - FILE_CHECK - expect_column_values_to_match_regex - ANNEE - Unexpected value: 0 on line 8, value should match regexp ^[0-9]{4}$
2019-08-30 13:23:09,881 - CAMION - ES - TRUCKSNL - 2019-06-01 00:00:00 - ERROR - FILE_CHECK - expect_column_values_to_match_regex - ANNEE - Unexpected value: 0 on line 95, value should match regexp ^[0-9]{4}$
2019-08-30 13:23:09,882 - CAMION - ES - TRUCKSNL - 2019-06-01 00:00:00 - ERROR - FILE_CHECK - expect_column_values_to_match_regex - ANNEE - Unexpected value: 0 on line 131, value should match regexp ^[0-9]{4}$
2019-08-30 13:23:09,882 - CAMION - ES - TRUCKSNL - 2019-06-01 00:00:00 - ERROR - FILE_CHECK - expect_column_values_to_match_regex - ANNEE - Unexpected value: 0 on line 158, value should match regexp ^[0-9]{4}$
2019-08-30 13:23:09,882 - CAMION - ES - TRUCKSNL - 2019-06-01 00:00:00 - ERROR - FILE_CHECK - expect_column_values_to_match_regex - ANNEE - Unexpected value: 0 on line 273, value should match regexp ^[0-9]{4}$
2019-08-30 13:23:09,882 - CAMION - ES - TRUCKSNL - 2019-06-01 00:00:00 - ERROR - FILE_CHECK - expect_column_values_to_match_regex - ANNEE - Unexpected value: 0 on line 295, value should match regexp ^[0-9]{4}$
2019-08-30 13:23:09,882 - CAMION - ES - TRUCKSNL - 2019-06-01 00:00:00 - ERROR - FILE_CHECK - expect_column_values_to_match_regex - ANNEE - Unexpected value: 0 on line 308, value should match regexp ^[0-9]{4}$
2019-08-30 13:23:09,882 - CAMION - ES - TRUCKSNL - 2019-06-01 00:00:00 - ERROR - FILE_CHECK - expect_column_values_to_match_regex - ANNEE - Unexpected value: 0 on line 317, value should match regexp ^[0-9]{4}$
2019-08-30 13:23:09,882 - CAMION - ES - TRUCKSNL - 2019-06-01 00:00:00 - ERROR - FILE_CHECK - expect_column_values_to_match_regex - ANNEE - Unexpected value: 0 on line 332, value should match regexp ^[0-9]{4}$
2019-08-30 13:23:09,882 - CAMION - ES - TRUCKSNL - 2019-06-01 00:00:00 - ERROR - FILE_CHECK - expect_column_values_to_match_regex - ANNEE - Unexpected value: 0 on line 334, value should match regexp ^[0-9]{4}$
2019-08-30 13:23:09,882 - CAMION - ES - TRUCKSNL - 2019-06-01 00:00:00 - ERROR - FILE_CHECK - expect_column_values_to_match_regex - ANNEE - Unexpected value: 0 on line 335, value should match regexp ^[0-9]{4}$
2019-08-30 13:23:09,882 - CAMION - ES - TRUCKSNL - 2019-06-01 00:00:00 - ERROR - FILE_CHECK - expect_column_values_to_match_regex - ANNEE - Unexpected value: 0 on line 336, value should match regexp ^[0-9]{4}$
2019-08-30 13:23:09,882 - CAMION - ES - TRUCKSNL - 2019-06-01 00:00:00 - ERROR - FILE_CHECK - expect_column_values_to_match_regex - ANNEE - Unexpected value: 0 on line 339, value should match regexp ^[0-9]{4}$
2019-08-30 13:23:09,883 - CAMION - ES - TRUCKSNL - 2019-06-01 00:00:00 - ERROR - FILE_CHECK - expect_column_values_to_match_regex - ANNEE - Unexpected value: 0 on line 356, value should match regexp ^[0-9]{4}$
2019-08-30 13:23:09,883 - CAMION - ES - TRUCKSNL - 2019-06-01 00:00:00 - ERROR - FILE_CHECK - expect_column_values_to_match_regex - ANNEE - Unexpected value: 0 on line 370, value should match regexp ^[0-9]{4}$
2019-08-30 13:23:09,883 - CAMION - ES - TRUCKSNL - 2019-06-01 00:00:00 - ERROR - STAT - expect_column_values_to_match_regex - ANNEE - correctly filled rate (%) - 97.08
2019-08-30 13:23:09,883 - CAMION - ES - TRUCKSNL - 2019-06-01 00:00:00 - ERROR - STAT - expect_column_values_to_not_be_null - ANNONCE_LINK - correctly filled rate (%) - 100.0
2019-08-30 13:23:09,883 - CAMION - ES - TRUCKSNL - 2019-06-01 00:00:00 - ERROR - STAT - expect_column_values_to_be_unique - ANNONCE_LINK - observed proportion - 100.0
2019-08-30 13:23:09,883 - CAMION - ES - TRUCKSNL - 2019-06-01 00:00:00 - ERROR - STAT - expect_column_values_to_not_be_null - CARBURANT - correctly filled rate (%) - 18.7
2019-08-30 13:23:09,883 - CAMION - ES - TRUCKSNL - 2019-06-01 00:00:00 - ERROR - STAT - expect_column_values_to_not_be_null - CARROSSERIE - correctly filled rate (%) - 0.0
2019-08-30 13:23:09,883 - CAMION - ES - TRUCKSNL - 2019-06-01 00:00:00 - ERROR - STAT - expect_column_values_to_not_be_null - CP - correctly filled rate (%) - 100.0
2019-08-30 13:23:09,883 - CAMION - ES - TRUCKSNL - 2019-06-01 00:00:00 - ERROR - STAT - expect_column_values_to_match_regex - CP - correctly filled rate (%) - 98.54
2019-08-30 13:23:09,883 - CAMION - ES - TRUCKSNL - 2019-06-01 00:00:00 - ERROR - STAT - expect_column_values_to_not_be_null - GARAGE_ID - correctly filled rate (%) - 0.0
2019-08-30 13:23:09,883 - CAMION - ES - TRUCKSNL - 2019-06-01 00:00:00 - ERROR - STAT - expect_column_values_to_not_be_null - ID_CLIENT - correctly filled rate (%) - 100.0
2019-08-30 13:23:09,884 - CAMION - ES - TRUCKSNL - 2019-06-01 00:00:00 - ERROR - STAT - expect_column_values_to_be_unique - ID_CLIENT - observed proportion - 100.0
2019-08-30 13:23:09,884 - CAMION - ES - TRUCKSNL - 2019-06-01 00:00:00 - ERROR - STAT - expect_returning_row_count - EVERY_COLUMNS - total number of rows - 754
2019-08-30 13:23:09,884 - CAMION - ES - TRUCKSNL - 2019-06-01 00:00:00 - ERROR - STAT - expect_column_values_to_not_be_null - IMMAT - correctly filled rate (%) - 100.0
2019-08-30 13:23:09,884 - CAMION - ES - TRUCKSNL - 2019-06-01 00:00:00 - ERROR - STAT - expect_column_values_to_be_in_type_list - KM - correctly filled rate (%) - 100.0
2019-08-30 13:23:09,884 - CAMION - ES - TRUCKSNL - 2019-06-01 00:00:00 - ERROR - STAT - expect_column_values_to_not_be_null - KM - correctly filled rate (%) - 100.0
2019-08-30 13:23:09,884 - CAMION - ES - TRUCKSNL - 2019-06-01 00:00:00 - ERROR - STAT - expect_column_values_to_be_in_type_list - LITRE - correctly filled rate (%) - 100.0
2019-08-30 13:23:09,884 - CAMION - ES - TRUCKSNL - 2019-06-01 00:00:00 - ERROR - STAT - expect_column_values_to_not_be_null - LITRE - correctly filled rate (%) - 100.0
2019-08-30 13:23:09,884 - CAMION - ES - TRUCKSNL - 2019-06-01 00:00:00 - ERROR - STAT - expect_column_values_to_not_be_null - MARQUE - correctly filled rate (%) - 100.0
2019-08-30 13:23:09,884 - CAMION - ES - TRUCKSNL - 2019-06-01 00:00:00 - ERROR - STAT - expect_column_values_to_not_be_null - MODELE - correctly filled rate (%) - 99.34
2019-08-30 13:23:09,884 - CAMION - ES - TRUCKSNL - 2019-06-01 00:00:00 - ERROR - STAT - expect_column_values_to_not_be_null - NOM - correctly filled rate (%) - 100.0
2019-08-30 13:23:09,884 - CAMION - ES - TRUCKSNL - 2019-06-01 00:00:00 - ERROR - FILE_CHECK - expect_column_value_lengths_to_be_between - NOM - Unexpected characters count of: [DAF FT XF...] on line  15, value length should be between 10 and 255
2019-08-30 13:23:09,884 - CAMION - ES - TRUCKSNL - 2019-06-01 00:00:00 - ERROR - FILE_CHECK - expect_column_value_lengths_to_be_between - NOM - Unexpected characters count of: [MAN 18430...] on line  17, value length should be between 10 and 255
2019-08-30 13:23:09,885 - CAMION - ES - TRUCKSNL - 2019-06-01 00:00:00 - ERROR - FILE_CHECK - expect_column_value_lengths_to_be_between - NOM - Unexpected characters count of: [DAF 430...] on line  42, value length should be between 10 and 255
2019-08-30 13:23:09,885 - CAMION - ES - TRUCKSNL - 2019-06-01 00:00:00 - ERROR - FILE_CHECK - expect_column_value_lengths_to_be_between - NOM - Unexpected characters count of: [Nissan...] on line  53, value length should be between 10 and 255
2019-08-30 13:23:09,885 - CAMION - ES - TRUCKSNL - 2019-06-01 00:00:00 - ERROR - FILE_CHECK - expect_column_value_lengths_to_be_between - NOM - Unexpected characters count of: [Iveco...] on line  61, value length should be between 10 and 255
2019-08-30 13:23:09,885 - CAMION - ES - TRUCKSNL - 2019-06-01 00:00:00 - ERROR - FILE_CHECK - expect_column_value_lengths_to_be_between - NOM - Unexpected characters count of: [PM 4...] on line  71, value length should be between 10 and 255
2019-08-30 13:23:09,885 - CAMION - ES - TRUCKSNL - 2019-06-01 00:00:00 - ERROR - FILE_CHECK - expect_column_value_lengths_to_be_between - NOM - Unexpected characters count of: [Fassi F65...] on line  89, value length should be between 10 and 255
2019-08-30 13:23:09,885 - CAMION - ES - TRUCKSNL - 2019-06-01 00:00:00 - ERROR - FILE_CHECK - expect_column_value_lengths_to_be_between - NOM - Unexpected characters count of: [DIV....] on line  101, value length should be between 10 and 255
2019-08-30 13:23:09,885 - CAMION - ES - TRUCKSNL - 2019-06-01 00:00:00 - ERROR - FILE_CHECK - expect_column_value_lengths_to_be_between - NOM - Unexpected characters count of: [PM 8...] on line  177, value length should be between 10 and 255
2019-08-30 13:23:09,885 - CAMION - ES - TRUCKSNL - 2019-06-01 00:00:00 - ERROR - FILE_CHECK - expect_column_value_lengths_to_be_between - NOM - Unexpected characters count of: [PM 16523...] on line  205, value length should be between 10 and 255
2019-08-30 13:23:09,885 - CAMION - ES - TRUCKSNL - 2019-06-01 00:00:00 - ERROR - FILE_CHECK - expect_column_value_lengths_to_be_between - NOM - Unexpected characters count of: [PM 12023...] on line  209, value length should be between 10 and 255
2019-08-30 13:23:09,885 - CAMION - ES - TRUCKSNL - 2019-06-01 00:00:00 - ERROR - FILE_CHECK - expect_column_value_lengths_to_be_between - NOM - Unexpected characters count of: [PM 6...] on line  215, value length should be between 10 and 255
2019-08-30 13:23:09,885 - CAMION - ES - TRUCKSNL - 2019-06-01 00:00:00 - ERROR - FILE_CHECK - expect_column_value_lengths_to_be_between - NOM - Unexpected characters count of: [PM 14023...] on line  218, value length should be between 10 and 255
2019-08-30 13:23:09,885 - CAMION - ES - TRUCKSNL - 2019-06-01 00:00:00 - ERROR - FILE_CHECK - expect_column_value_lengths_to_be_between - NOM - Unexpected characters count of: [PM 5...] on line  225, value length should be between 10 and 255
2019-08-30 13:23:09,885 - CAMION - ES - TRUCKSNL - 2019-06-01 00:00:00 - ERROR - FILE_CHECK - expect_column_value_lengths_to_be_between - NOM - Unexpected characters count of: [PM 21...] on line  226, value length should be between 10 and 255
2019-08-30 13:23:09,886 - CAMION - ES - TRUCKSNL - 2019-06-01 00:00:00 - ERROR - FILE_CHECK - expect_column_value_lengths_to_be_between - NOM - Unexpected characters count of: [PM 17...] on line  330, value length should be between 10 and 255
2019-08-30 13:23:09,886 - CAMION - ES - TRUCKSNL - 2019-06-01 00:00:00 - ERROR - FILE_CHECK - expect_column_value_lengths_to_be_between - NOM - Unexpected characters count of: [PM 14...] on line  367, value length should be between 10 and 255
2019-08-30 13:23:09,886 - CAMION - ES - TRUCKSNL - 2019-06-01 00:00:00 - ERROR - FILE_CHECK - expect_column_value_lengths_to_be_between - NOM - Unexpected characters count of: [PM 6522...] on line  501, value length should be between 10 and 255
2019-08-30 13:23:09,886 - CAMION - ES - TRUCKSNL - 2019-06-01 00:00:00 - ERROR - FILE_CHECK - expect_column_value_lengths_to_be_between - NOM - Unexpected characters count of: [Fiat AD7C...] on line  514, value length should be between 10 and 255
2019-08-30 13:23:09,886 - CAMION - ES - TRUCKSNL - 2019-06-01 00:00:00 - ERROR - FILE_CHECK - expect_column_value_lengths_to_be_between - NOM - Unexpected characters count of: [PPM AT380...] on line  515, value length should be between 10 and 255
2019-08-30 13:23:09,886 - CAMION - ES - TRUCKSNL - 2019-06-01 00:00:00 - ERROR - STAT - expect_column_value_lengths_to_be_between - NOM - correctly filled rate (%) - 95.36
2019-08-30 13:23:09,886 - CAMION - ES - TRUCKSNL - 2019-06-01 00:00:00 - ERROR - STAT - expect_column_values_to_not_be_null - OPTIONS - correctly filled rate (%) - 0.0
2019-08-30 13:23:09,886 - CAMION - ES - TRUCKSNL - 2019-06-01 00:00:00 - ERROR - STAT - expect_column_values_to_be_in_type_list - PHOTO - correctly filled rate (%) - 100.0
2019-08-30 13:23:09,886 - CAMION - ES - TRUCKSNL - 2019-06-01 00:00:00 - ERROR - STAT - expect_column_values_to_not_be_null - PHOTO - correctly filled rate (%) - 100.0
2019-08-30 13:23:09,886 - CAMION - ES - TRUCKSNL - 2019-06-01 00:00:00 - ERROR - STAT - expect_column_values_to_not_be_null - PLACE - correctly filled rate (%) - 0.0
2019-08-30 13:23:09,886 - CAMION - ES - TRUCKSNL - 2019-06-01 00:00:00 - ERROR - STAT - expect_column_values_to_not_be_null - PORTE - correctly filled rate (%) - 0.0
2019-08-30 13:23:09,886 - CAMION - ES - TRUCKSNL - 2019-06-01 00:00:00 - ERROR - STAT - expect_column_values_to_be_in_type_list - PRIX - correctly filled rate (%) - 100.0
2019-08-30 13:23:09,886 - CAMION - ES - TRUCKSNL - 2019-06-01 00:00:00 - ERROR - STAT - expect_column_values_to_not_be_null - PRIX - correctly filled rate (%) - 100.0
2019-08-30 13:23:09,886 - CAMION - ES - TRUCKSNL - 2019-06-01 00:00:00 - ERROR - STAT - expect_column_values_to_not_be_null - PROVINCE - correctly filled rate (%) - 0.0
2019-08-30 13:23:09,886 - CAMION - ES - TRUCKSNL - 2019-06-01 00:00:00 - ERROR - STAT - expect_column_values_to_not_be_null - SITE - correctly filled rate (%) - 100.0
2019-08-30 13:23:09,887 - CAMION - ES - TRUCKSNL - 2019-06-01 00:00:00 - ERROR - STAT - expect_column_values_to_not_be_null - TELEPHONE - correctly filled rate (%) - 100.0
2019-08-30 13:23:09,887 - CAMION - ES - TRUCKSNL - 2019-06-01 00:00:00 - ERROR - STAT - expect_column_values_to_be_phone_number - TELEPHONE - correctly filled rate (%) - 100.0
2019-08-30 13:23:09,887 - CAMION - ES - TRUCKSNL - 2019-06-01 00:00:00 - ERROR - STAT - expect_column_values_to_not_be_null - TYPE - correctly filled rate (%) - 100.0
2019-08-30 13:23:09,887 - CAMION - ES - TRUCKSNL - 2019-06-01 00:00:00 - ERROR - STAT - expect_column_values_to_be_in_set_2 - TYPE - observed proportion - 100.0
2019-08-30 13:23:09,887 - CAMION - ES - TRUCKSNL - 2019-06-01 00:00:00 - ERROR - STAT - expect_column_values_to_not_be_null - VILLE - correctly filled rate (%) - 100.0
2019-08-30 13:23:09,887 - CAMION - ES - TRUCKSNL - 2019-06-01 00:00:00 - ERROR - STAT - expect_column_values_to_not_be_null - VN_IND - correctly filled rate (%) - 0.0
2019-08-30 13:23:09,887 - CAMION - ES - TRUCKSNL - 2019-06-01 00:00:00 - ERROR - STAT - expect_returning_row_unique_count - MARQUE_CORRECTED - total number of unique rows - 84
2019-08-30 13:23:09,887 - CAMION - ES - TRUCKSNL - 2019-06-01 00:00:00 - ERROR - STAT - expect_returning_row_unique_count - MODELE_CORRECTED - total number of unique rows - 310
2019-08-30 13:23:09,887 - CAMION - ES - TRUCKSNL - 2019-06-01 00:00:00 - ERROR - STAT - expect_returning_row_unique_count - CARROSSERIE - total number of unique rows - 0
2019-08-30 13:23:09,887 - CAMION - ES - TRUCKSNL - 2019-06-01 00:00:00 - ERROR - STAT - expect_returning_row_unique_count - CARBURANT - total number of unique rows - 4
2019-08-30 13:23:09,887 - CAMION - ES - TRUCKSNL - 2019-06-01 00:00:00 - ERROR - STAT - expect_column_values_to_not_be_null - CYLINDRE - correctly filled rate (%) - 0.0
2019-08-30 13:23:09,887 - CAMION - ES - TRUCKSNL - 2019-06-01 00:00:00 - ERROR - STAT - expect_returning_row_unique_count - PROVINCE - total number of unique rows - 0
2019-08-30 13:23:09,887 - CAMION - ES - TRUCKSNL - 2019-06-01 00:00:00 - ERROR - STAT - expect_returning_row_unique_count - VILLE - total number of unique rows - 22
2019-08-30 13:23:09,887 - CAMION - ES - TRUCKSNL - 2019-06-01 00:00:00 - ERROR - STAT - expect_returning_row_unique_count - DEPARTEMENT - total number of unique rows - 0
2019-08-30 13:23:09,888 - CAMION - ES - TRUCKSNL - 2019-06-01 00:00:00 - ERROR - STAT - expect_returning_row_count_on_conditions - DEALER_USEDCARS - total number of row with conditions - 754
2019-08-30 13:23:09,888 - CAMION - ES - TRUCKSNL - 2019-06-01 00:00:00 - ERROR - STAT - expect_returning_row_count_on_conditions - PRIVATE_USEDCARS - total number of row with conditions - 0
2019-08-30 13:23:09,888 - CAMION - ES - TRUCKSNL - 2019-06-01 00:00:00 - ERROR - STAT - expect_returning_row_count_on_conditions - TRUCKS - total number of row with conditions - 44
2019-08-30 13:23:09,888 - CAMION - ES - TRUCKSNL - 2019-06-01 00:00:00 - ERROR - STAT - expect_returning_row_count_on_conditions - TRACTOR UNITS - total number of row with conditions - 137
2019-08-30 13:23:09,888 - CAMION - ES - TRUCKSNL - 2019-06-01 00:00:00 - ERROR - STAT - expect_returning_row_count_on_conditions - TRAILERS - total number of row with conditions - 142
2019-08-30 13:23:09,888 - CAMION - ES - TRUCKSNL - 2019-06-01 00:00:00 - ERROR - STAT - expect_returning_row_count_on_conditions - VANS - total number of row with conditions - 19
2019-08-30 13:23:09,888 - CAMION - ES - TRUCKSNL - 2019-06-01 00:00:00 - ERROR - STAT - expect_returning_row_count_on_conditions - HEAVY EQUIPMENTS - total number of row with conditions - 408
2019-08-30 13:23:09,888 - CAMION - ES - TRUCKSNL - 2019-06-01 00:00:00 - ERROR - STAT - expect_returning_row_count_on_conditions - SEMI TRAILERS - total number of row with conditions - 4
2019-08-30 13:23:09,888 - CAMION - ES - TRUCKSNL - 2019-06-01 00:00:00 - ERROR - STAT - expect_returning_row_count_on_conditions - DEALER_TRUCKS - total number of row with conditions - 44
2019-08-30 13:23:09,888 - CAMION - ES - TRUCKSNL - 2019-06-01 00:00:00 - ERROR - STAT - expect_returning_row_count_on_conditions - PRIVATE_TRUCKS - total number of row with conditions - 0
2019-08-30 13:23:09,888 - CAMION - ES - TRUCKSNL - 2019-06-01 00:00:00 - ERROR - STAT - expect_returning_row_count_on_conditions - DEALER_TRACTOR UNITS - total number of row with conditions - 137
2019-08-30 13:23:09,888 - CAMION - ES - TRUCKSNL - 2019-06-01 00:00:00 - ERROR - STAT - expect_returning_row_count_on_conditions - PRIVATE_TRACTOR UNITS - total number of row with conditions - 0
2019-08-30 13:23:09,888 - CAMION - ES - TRUCKSNL - 2019-06-01 00:00:00 - ERROR - STAT - expect_returning_row_count_on_conditions - DEALER_TRAILERS - total number of row with conditions - 142
2019-08-30 13:23:09,888 - CAMION - ES - TRUCKSNL - 2019-06-01 00:00:00 - ERROR - STAT - expect_returning_row_count_on_conditions - PRIVATE_TRAILERS - total number of row with conditions - 0
2019-08-30 13:23:09,888 - CAMION - ES - TRUCKSNL - 2019-06-01 00:00:00 - ERROR - STAT - expect_returning_row_count_on_conditions - DEALER_VANS - total number of row with conditions - 19
2019-08-30 13:23:09,888 - CAMION - ES - TRUCKSNL - 2019-06-01 00:00:00 - ERROR - STAT - expect_returning_row_count_on_conditions - PRIVATE_VANS - total number of row with conditions - 0
2019-08-30 13:23:09,889 - CAMION - ES - TRUCKSNL - 2019-06-01 00:00:00 - ERROR - STAT - expect_returning_row_count_on_conditions - DEALER_HEAVY EQUIPMENTS - total number of row with conditions - 408
2019-08-30 13:23:09,889 - CAMION - ES - TRUCKSNL - 2019-06-01 00:00:00 - ERROR - STAT - expect_returning_row_count_on_conditions - PRIVATE_HEAVY EQUIPMENTS - total number of row with conditions - 0
2019-08-30 13:23:09,889 - CAMION - ES - TRUCKSNL - 2019-06-01 00:00:00 - ERROR - STAT - expect_returning_row_count_on_conditions - DEALER_SEMI TRAILERS - total number of row with conditions - 4
2019-08-30 13:23:09,889 - CAMION - ES - TRUCKSNL - 2019-06-01 00:00:00 - ERROR - STAT - expect_returning_row_count_on_conditions - PRIVATE_SEMI TRAILERS - total number of row with conditions - 0
