2019-06-04 16:06:40,995 - VO - IE - DONEDEAL - 2019-04-01 00:00:00 - ERROR - STAT - expect_column_values_to_not_be_null - ADRESSE - correctly filled rate (%) - 63.64
2019-06-04 16:06:40,996 - VO - IE - DONEDEAL - 2019-04-01 00:00:00 - ERROR - STAT - expect_column_values_to_be_in_type_list - ANNEE - correctly filled rate (%) - 100.0
2019-06-04 16:06:40,996 - VO - IE - DONEDEAL - 2019-04-01 00:00:00 - ERROR - STAT - expect_column_values_to_be_between - ANNEE - correctly filled rate (%) - 99.92
2019-06-04 16:06:40,996 - VO - IE - DONEDEAL - 2019-04-01 00:00:00 - ERROR - STAT - expect_column_values_to_not_be_null - ANNEE - correctly filled rate (%) - 100.0
2019-06-04 16:06:40,996 - VO - IE - DONEDEAL - 2019-04-01 00:00:00 - ERROR - FILE_CHECK - expect_column_values_to_match_regex - ANNEE - Unexpected value: 0 on line 704, value should match regexp ^[0-9]{4}$
2019-06-04 16:06:40,996 - VO - IE - DONEDEAL - 2019-04-01 00:00:00 - ERROR - FILE_CHECK - expect_column_values_to_match_regex - ANNEE - Unexpected value: 0 on line 705, value should match regexp ^[0-9]{4}$
2019-06-04 16:06:40,996 - VO - IE - DONEDEAL - 2019-04-01 00:00:00 - ERROR - FILE_CHECK - expect_column_values_to_match_regex - ANNEE - Unexpected value: 0 on line 706, value should match regexp ^[0-9]{4}$
2019-06-04 16:06:40,996 - VO - IE - DONEDEAL - 2019-04-01 00:00:00 - ERROR - FILE_CHECK - expect_column_values_to_match_regex - ANNEE - Unexpected value: 0 on line 707, value should match regexp ^[0-9]{4}$
2019-06-04 16:06:40,996 - VO - IE - DONEDEAL - 2019-04-01 00:00:00 - ERROR - FILE_CHECK - expect_column_values_to_match_regex - ANNEE - Unexpected value: 0 on line 2952, value should match regexp ^[0-9]{4}$
2019-06-04 16:06:40,996 - VO - IE - DONEDEAL - 2019-04-01 00:00:00 - ERROR - FILE_CHECK - expect_column_values_to_match_regex - ANNEE - Unexpected value: 132 on line 5063, value should match regexp ^[0-9]{4}$
2019-06-04 16:06:40,996 - VO - IE - DONEDEAL - 2019-04-01 00:00:00 - ERROR - FILE_CHECK - expect_column_values_to_match_regex - ANNEE - Unexpected value: 0 on line 6017, value should match regexp ^[0-9]{4}$
2019-06-04 16:06:40,996 - VO - IE - DONEDEAL - 2019-04-01 00:00:00 - ERROR - FILE_CHECK - expect_column_values_to_match_regex - ANNEE - Unexpected value: 161 on line 11762, value should match regexp ^[0-9]{4}$
2019-06-04 16:06:40,996 - VO - IE - DONEDEAL - 2019-04-01 00:00:00 - ERROR - FILE_CHECK - expect_column_values_to_match_regex - ANNEE - Unexpected value: 0 on line 14192, value should match regexp ^[0-9]{4}$
2019-06-04 16:06:40,996 - VO - IE - DONEDEAL - 2019-04-01 00:00:00 - ERROR - FILE_CHECK - expect_column_values_to_match_regex - ANNEE - Unexpected value: 0 on line 14197, value should match regexp ^[0-9]{4}$
2019-06-04 16:06:40,996 - VO - IE - DONEDEAL - 2019-04-01 00:00:00 - ERROR - FILE_CHECK - expect_column_values_to_match_regex - ANNEE - Unexpected value: 131 on line 14363, value should match regexp ^[0-9]{4}$
2019-06-04 16:06:40,996 - VO - IE - DONEDEAL - 2019-04-01 00:00:00 - ERROR - FILE_CHECK - expect_column_values_to_match_regex - ANNEE - Unexpected value: 141 on line 22267, value should match regexp ^[0-9]{4}$
2019-06-04 16:06:40,996 - VO - IE - DONEDEAL - 2019-04-01 00:00:00 - ERROR - FILE_CHECK - expect_column_values_to_match_regex - ANNEE - Unexpected value: 141 on line 23543, value should match regexp ^[0-9]{4}$
2019-06-04 16:06:40,997 - VO - IE - DONEDEAL - 2019-04-01 00:00:00 - ERROR - FILE_CHECK - expect_column_values_to_match_regex - ANNEE - Unexpected value: 161 on line 24325, value should match regexp ^[0-9]{4}$
2019-06-04 16:06:40,997 - VO - IE - DONEDEAL - 2019-04-01 00:00:00 - ERROR - FILE_CHECK - expect_column_values_to_match_regex - ANNEE - Unexpected value: 151 on line 37050, value should match regexp ^[0-9]{4}$
2019-06-04 16:06:40,997 - VO - IE - DONEDEAL - 2019-04-01 00:00:00 - ERROR - FILE_CHECK - expect_column_values_to_match_regex - ANNEE - Unexpected value: 0 on line 42681, value should match regexp ^[0-9]{4}$
2019-06-04 16:06:40,997 - VO - IE - DONEDEAL - 2019-04-01 00:00:00 - ERROR - FILE_CHECK - expect_column_values_to_match_regex - ANNEE - Unexpected value: 131 on line 44600, value should match regexp ^[0-9]{4}$
2019-06-04 16:06:40,997 - VO - IE - DONEDEAL - 2019-04-01 00:00:00 - ERROR - FILE_CHECK - expect_column_values_to_match_regex - ANNEE - Unexpected value: 131 on line 58203, value should match regexp ^[0-9]{4}$
2019-06-04 16:06:40,997 - VO - IE - DONEDEAL - 2019-04-01 00:00:00 - ERROR - FILE_CHECK - expect_column_values_to_match_regex - ANNEE - Unexpected value: 151 on line 60865, value should match regexp ^[0-9]{4}$
2019-06-04 16:06:40,997 - VO - IE - DONEDEAL - 2019-04-01 00:00:00 - ERROR - FILE_CHECK - expect_column_values_to_match_regex - ANNEE - Unexpected value: 131 on line 61432, value should match regexp ^[0-9]{4}$
2019-06-04 16:06:40,997 - VO - IE - DONEDEAL - 2019-04-01 00:00:00 - ERROR - STAT - expect_column_values_to_match_regex - ANNEE - correctly filled rate (%) - 99.96
2019-06-04 16:06:40,997 - VO - IE - DONEDEAL - 2019-04-01 00:00:00 - ERROR - STAT - expect_column_values_to_not_be_null - ANNONCE_LINK - correctly filled rate (%) - 100.0
2019-06-04 16:06:40,997 - VO - IE - DONEDEAL - 2019-04-01 00:00:00 - ERROR - STAT - expect_column_values_to_be_unique - ANNONCE_LINK - observed proportion - 100.0
2019-06-04 16:06:40,997 - VO - IE - DONEDEAL - 2019-04-01 00:00:00 - ERROR - STAT - expect_column_values_to_not_be_null - CARBURANT - correctly filled rate (%) - 98.99
2019-06-04 16:06:40,997 - VO - IE - DONEDEAL - 2019-04-01 00:00:00 - ERROR - STAT - expect_column_values_to_not_be_null - CARROSSERIE - correctly filled rate (%) - 98.24
2019-06-04 16:06:40,997 - VO - IE - DONEDEAL - 2019-04-01 00:00:00 - ERROR - STAT - expect_column_values_to_not_be_null - CP - correctly filled rate (%) - 0.0
2019-06-04 16:06:40,997 - VO - IE - DONEDEAL - 2019-04-01 00:00:00 - ERROR - STAT - expect_column_values_to_not_be_null - GARAGE_ID - correctly filled rate (%) - 99.39
2019-06-04 16:06:40,997 - VO - IE - DONEDEAL - 2019-04-01 00:00:00 - ERROR - STAT - expect_column_values_to_not_be_null - ID_CLIENT - correctly filled rate (%) - 100.0
2019-06-04 16:06:40,997 - VO - IE - DONEDEAL - 2019-04-01 00:00:00 - ERROR - STAT - expect_column_values_to_be_unique - ID_CLIENT - observed proportion - 100.0
2019-06-04 16:06:40,998 - VO - IE - DONEDEAL - 2019-04-01 00:00:00 - ERROR - STAT - expect_returning_row_count - EVERY_COLUMNS - total number of rows - 77480
2019-06-04 16:06:40,998 - VO - IE - DONEDEAL - 2019-04-01 00:00:00 - ERROR - STAT - expect_column_values_to_not_be_null - IMMAT - correctly filled rate (%) - 100.0
2019-06-04 16:06:40,998 - VO - IE - DONEDEAL - 2019-04-01 00:00:00 - ERROR - STAT - expect_column_values_to_be_in_type_list - KM - correctly filled rate (%) - 100.0
2019-06-04 16:06:40,998 - VO - IE - DONEDEAL - 2019-04-01 00:00:00 - ERROR - STAT - expect_column_values_to_not_be_null - KM - correctly filled rate (%) - 100.0
2019-06-04 16:06:40,998 - VO - IE - DONEDEAL - 2019-04-01 00:00:00 - ERROR - STAT - expect_column_values_to_be_in_type_list - LITRE - correctly filled rate (%) - 100.0
2019-06-04 16:06:40,998 - VO - IE - DONEDEAL - 2019-04-01 00:00:00 - ERROR - STAT - expect_column_values_to_not_be_null - LITRE - correctly filled rate (%) - 100.0
2019-06-04 16:06:40,998 - VO - IE - DONEDEAL - 2019-04-01 00:00:00 - ERROR - STAT - expect_column_values_to_not_be_null - MARQUE - correctly filled rate (%) - 99.39
2019-06-04 16:06:40,998 - VO - IE - DONEDEAL - 2019-04-01 00:00:00 - ERROR - STAT - expect_column_values_to_not_be_null - MODELE - correctly filled rate (%) - 99.23
2019-06-04 16:06:40,998 - VO - IE - DONEDEAL - 2019-04-01 00:00:00 - ERROR - STAT - expect_column_values_to_not_be_null - MOIS - correctly filled rate (%) - 100.0
2019-06-04 16:06:40,998 - VO - IE - DONEDEAL - 2019-04-01 00:00:00 - ERROR - FILE_CHECK - expect_column_values_to_be_between - MOIS - Unexpected value: 0 on line 0, value should be between 1 and 12
2019-06-04 16:06:40,998 - VO - IE - DONEDEAL - 2019-04-01 00:00:00 - ERROR - FILE_CHECK - expect_column_values_to_be_between - MOIS - Unexpected value: 0 on line 1, value should be between 1 and 12
2019-06-04 16:06:40,999 - VO - IE - DONEDEAL - 2019-04-01 00:00:00 - ERROR - FILE_CHECK - expect_column_values_to_be_between - MOIS - Unexpected value: 0 on line 2, value should be between 1 and 12
2019-06-04 16:06:40,999 - VO - IE - DONEDEAL - 2019-04-01 00:00:00 - ERROR - FILE_CHECK - expect_column_values_to_be_between - MOIS - Unexpected value: 0 on line 3, value should be between 1 and 12
2019-06-04 16:06:40,999 - VO - IE - DONEDEAL - 2019-04-01 00:00:00 - ERROR - FILE_CHECK - expect_column_values_to_be_between - MOIS - Unexpected value: 0 on line 4, value should be between 1 and 12
2019-06-04 16:06:40,999 - VO - IE - DONEDEAL - 2019-04-01 00:00:00 - ERROR - FILE_CHECK - expect_column_values_to_be_between - MOIS - Unexpected value: 0 on line 5, value should be between 1 and 12
2019-06-04 16:06:40,999 - VO - IE - DONEDEAL - 2019-04-01 00:00:00 - ERROR - FILE_CHECK - expect_column_values_to_be_between - MOIS - Unexpected value: 0 on line 6, value should be between 1 and 12
2019-06-04 16:06:40,999 - VO - IE - DONEDEAL - 2019-04-01 00:00:00 - ERROR - FILE_CHECK - expect_column_values_to_be_between - MOIS - Unexpected value: 0 on line 7, value should be between 1 and 12
2019-06-04 16:06:40,999 - VO - IE - DONEDEAL - 2019-04-01 00:00:00 - ERROR - FILE_CHECK - expect_column_values_to_be_between - MOIS - Unexpected value: 0 on line 8, value should be between 1 and 12
2019-06-04 16:06:40,999 - VO - IE - DONEDEAL - 2019-04-01 00:00:00 - ERROR - FILE_CHECK - expect_column_values_to_be_between - MOIS - Unexpected value: 0 on line 9, value should be between 1 and 12
2019-06-04 16:06:40,999 - VO - IE - DONEDEAL - 2019-04-01 00:00:00 - ERROR - FILE_CHECK - expect_column_values_to_be_between - MOIS - Unexpected value: 0 on line 10, value should be between 1 and 12
2019-06-04 16:06:40,999 - VO - IE - DONEDEAL - 2019-04-01 00:00:00 - ERROR - FILE_CHECK - expect_column_values_to_be_between - MOIS - Unexpected value: 0 on line 11, value should be between 1 and 12
2019-06-04 16:06:40,999 - VO - IE - DONEDEAL - 2019-04-01 00:00:00 - ERROR - FILE_CHECK - expect_column_values_to_be_between - MOIS - Unexpected value: 0 on line 12, value should be between 1 and 12
2019-06-04 16:06:40,999 - VO - IE - DONEDEAL - 2019-04-01 00:00:00 - ERROR - FILE_CHECK - expect_column_values_to_be_between - MOIS - Unexpected value: 0 on line 13, value should be between 1 and 12
2019-06-04 16:06:40,999 - VO - IE - DONEDEAL - 2019-04-01 00:00:00 - ERROR - FILE_CHECK - expect_column_values_to_be_between - MOIS - Unexpected value: 0 on line 14, value should be between 1 and 12
2019-06-04 16:06:41,000 - VO - IE - DONEDEAL - 2019-04-01 00:00:00 - ERROR - FILE_CHECK - expect_column_values_to_be_between - MOIS - Unexpected value: 0 on line 15, value should be between 1 and 12
2019-06-04 16:06:41,000 - VO - IE - DONEDEAL - 2019-04-01 00:00:00 - ERROR - FILE_CHECK - expect_column_values_to_be_between - MOIS - Unexpected value: 0 on line 16, value should be between 1 and 12
2019-06-04 16:06:41,000 - VO - IE - DONEDEAL - 2019-04-01 00:00:00 - ERROR - FILE_CHECK - expect_column_values_to_be_between - MOIS - Unexpected value: 0 on line 17, value should be between 1 and 12
2019-06-04 16:06:41,000 - VO - IE - DONEDEAL - 2019-04-01 00:00:00 - ERROR - FILE_CHECK - expect_column_values_to_be_between - MOIS - Unexpected value: 0 on line 18, value should be between 1 and 12
2019-06-04 16:06:41,000 - VO - IE - DONEDEAL - 2019-04-01 00:00:00 - ERROR - FILE_CHECK - expect_column_values_to_be_between - MOIS - Unexpected value: 0 on line 19, value should be between 1 and 12
2019-06-04 16:06:41,000 - VO - IE - DONEDEAL - 2019-04-01 00:00:00 - ERROR - STAT - expect_column_values_to_be_between - MOIS - correctly filled rate (%) - 0.0
2019-06-04 16:06:41,000 - VO - IE - DONEDEAL - 2019-04-01 00:00:00 - ERROR - STAT - expect_column_values_to_match_regex - MOIS - correctly filled rate (%) - 100.0
2019-06-04 16:06:41,000 - VO - IE - DONEDEAL - 2019-04-01 00:00:00 - ERROR - STAT - expect_column_values_to_not_be_null - NOM - correctly filled rate (%) - 99.99
2019-06-04 16:06:41,000 - VO - IE - DONEDEAL - 2019-04-01 00:00:00 - ERROR - FILE_CHECK - expect_column_value_lengths_to_be_between - NOM - Unexpected characters count of: [BMW 320...] on line  42, value length should be between 10 and 255
2019-06-04 16:06:41,000 - VO - IE - DONEDEAL - 2019-04-01 00:00:00 - ERROR - FILE_CHECK - expect_column_value_lengths_to_be_between - NOM - Unexpected characters count of: [BMW X3...] on line  412, value length should be between 10 and 255
2019-06-04 16:06:41,000 - VO - IE - DONEDEAL - 2019-04-01 00:00:00 - ERROR - FILE_CHECK - expect_column_value_lengths_to_be_between - NOM - Unexpected characters count of: [toyota...] on line  573, value length should be between 10 and 255
2019-06-04 16:06:41,000 - VO - IE - DONEDEAL - 2019-04-01 00:00:00 - ERROR - FILE_CHECK - expect_column_value_lengths_to_be_between - NOM - Unexpected characters count of: [MERCEDES...] on line  674, value length should be between 10 and 255
2019-06-04 16:06:41,001 - VO - IE - DONEDEAL - 2019-04-01 00:00:00 - ERROR - FILE_CHECK - expect_column_value_lengths_to_be_between - NOM - Unexpected characters count of: [Mazda 3...] on line  914, value length should be between 10 and 255
2019-06-04 16:06:41,001 - VO - IE - DONEDEAL - 2019-04-01 00:00:00 - ERROR - FILE_CHECK - expect_column_value_lengths_to_be_between - NOM - Unexpected characters count of: [Bmw 635D...] on line  1431, value length should be between 10 and 255
2019-06-04 16:06:41,001 - VO - IE - DONEDEAL - 2019-04-01 00:00:00 - ERROR - FILE_CHECK - expect_column_value_lengths_to_be_between - NOM - Unexpected characters count of: [Saab 95...] on line  1522, value length should be between 10 and 255
2019-06-04 16:06:41,001 - VO - IE - DONEDEAL - 2019-04-01 00:00:00 - ERROR - FILE_CHECK - expect_column_value_lengths_to_be_between - NOM - Unexpected characters count of: [BMW M5...] on line  1702, value length should be between 10 and 255
2019-06-04 16:06:41,001 - VO - IE - DONEDEAL - 2019-04-01 00:00:00 - ERROR - FILE_CHECK - expect_column_value_lengths_to_be_between - NOM - Unexpected characters count of: [Defender...] on line  2020, value length should be between 10 and 255
2019-06-04 16:06:41,001 - VO - IE - DONEDEAL - 2019-04-01 00:00:00 - ERROR - FILE_CHECK - expect_column_value_lengths_to_be_between - NOM - Unexpected characters count of: [Car...] on line  2317, value length should be between 10 and 255
2019-06-04 16:06:41,001 - VO - IE - DONEDEAL - 2019-04-01 00:00:00 - ERROR - FILE_CHECK - expect_column_value_lengths_to_be_between - NOM - Unexpected characters count of: [saab...] on line  2419, value length should be between 10 and 255
2019-06-04 16:06:41,001 - VO - IE - DONEDEAL - 2019-04-01 00:00:00 - ERROR - FILE_CHECK - expect_column_value_lengths_to_be_between - NOM - Unexpected characters count of: [BMW...] on line  2788, value length should be between 10 and 255
2019-06-04 16:06:41,001 - VO - IE - DONEDEAL - 2019-04-01 00:00:00 - ERROR - FILE_CHECK - expect_column_value_lengths_to_be_between - NOM - Unexpected characters count of: [Vw beetle...] on line  2951, value length should be between 10 and 255
2019-06-04 16:06:41,001 - VO - IE - DONEDEAL - 2019-04-01 00:00:00 - ERROR - FILE_CHECK - expect_column_value_lengths_to_be_between - NOM - Unexpected characters count of: [MINI...] on line  3268, value length should be between 10 and 255
2019-06-04 16:06:41,001 - VO - IE - DONEDEAL - 2019-04-01 00:00:00 - ERROR - FILE_CHECK - expect_column_value_lengths_to_be_between - NOM - Unexpected characters count of: [REDUCED...] on line  3473, value length should be between 10 and 255
2019-06-04 16:06:41,001 - VO - IE - DONEDEAL - 2019-04-01 00:00:00 - ERROR - FILE_CHECK - expect_column_value_lengths_to_be_between - NOM - Unexpected characters count of: [BMW 530D...] on line  3625, value length should be between 10 and 255
2019-06-04 16:06:41,002 - VO - IE - DONEDEAL - 2019-04-01 00:00:00 - ERROR - FILE_CHECK - expect_column_value_lengths_to_be_between - NOM - Unexpected characters count of: [Audi A4...] on line  3732, value length should be between 10 and 255
2019-06-04 16:06:41,002 - VO - IE - DONEDEAL - 2019-04-01 00:00:00 - ERROR - FILE_CHECK - expect_column_value_lengths_to_be_between - NOM - Unexpected characters count of: [BMW F30...] on line  3837, value length should be between 10 and 255
2019-06-04 16:06:41,002 - VO - IE - DONEDEAL - 2019-04-01 00:00:00 - ERROR - FILE_CHECK - expect_column_value_lengths_to_be_between - NOM - Unexpected characters count of: [Jeep...] on line  4295, value length should be between 10 and 255
2019-06-04 16:06:41,002 - VO - IE - DONEDEAL - 2019-04-01 00:00:00 - ERROR - FILE_CHECK - expect_column_value_lengths_to_be_between - NOM - Unexpected characters count of: [Fiat 500...] on line  4611, value length should be between 10 and 255
2019-06-04 16:06:41,002 - VO - IE - DONEDEAL - 2019-04-01 00:00:00 - ERROR - STAT - expect_column_value_lengths_to_be_between - NOM - correctly filled rate (%) - 96.98
2019-06-04 16:06:41,002 - VO - IE - DONEDEAL - 2019-04-01 00:00:00 - ERROR - STAT - expect_column_values_to_not_be_null - OPTIONS - correctly filled rate (%) - 99.4
2019-06-04 16:06:41,002 - VO - IE - DONEDEAL - 2019-04-01 00:00:00 - ERROR - FILE_CHECK - expect_column_value_lengths_to_be_between - OPTIONS - Unexpected characters count of: [For Sale in Meath: F...] on line  0, value length should be between 0 and 255
2019-06-04 16:06:41,002 - VO - IE - DONEDEAL - 2019-04-01 00:00:00 - ERROR - FILE_CHECK - expect_column_value_lengths_to_be_between - OPTIONS - Unexpected characters count of: [For Sale in Galway: ...] on line  1, value length should be between 0 and 255
2019-06-04 16:06:41,002 - VO - IE - DONEDEAL - 2019-04-01 00:00:00 - ERROR - FILE_CHECK - expect_column_value_lengths_to_be_between - OPTIONS - Unexpected characters count of: [For Sale in Limerick...] on line  2, value length should be between 0 and 255
2019-06-04 16:06:41,002 - VO - IE - DONEDEAL - 2019-04-01 00:00:00 - ERROR - FILE_CHECK - expect_column_value_lengths_to_be_between - OPTIONS - Unexpected characters count of: [For Sale in Westmeat...] on line  3, value length should be between 0 and 255
2019-06-04 16:06:41,002 - VO - IE - DONEDEAL - 2019-04-01 00:00:00 - ERROR - FILE_CHECK - expect_column_value_lengths_to_be_between - OPTIONS - Unexpected characters count of: [For Sale in Cork: Mi...] on line  4, value length should be between 0 and 255
2019-06-04 16:06:41,002 - VO - IE - DONEDEAL - 2019-04-01 00:00:00 - ERROR - FILE_CHECK - expect_column_value_lengths_to_be_between - OPTIONS - Unexpected characters count of: [For Sale in Mayo: NE...] on line  5, value length should be between 0 and 255
2019-06-04 16:06:41,003 - VO - IE - DONEDEAL - 2019-04-01 00:00:00 - ERROR - FILE_CHECK - expect_column_value_lengths_to_be_between - OPTIONS - Unexpected characters count of: [For Sale in Wexford:...] on line  6, value length should be between 0 and 255
2019-06-04 16:06:41,003 - VO - IE - DONEDEAL - 2019-04-01 00:00:00 - ERROR - FILE_CHECK - expect_column_value_lengths_to_be_between - OPTIONS - Unexpected characters count of: [For Sale in Tipperar...] on line  7, value length should be between 0 and 255
2019-06-04 16:06:41,003 - VO - IE - DONEDEAL - 2019-04-01 00:00:00 - ERROR - FILE_CHECK - expect_column_value_lengths_to_be_between - OPTIONS - Unexpected characters count of: [For Sale in Cork: Je...] on line  8, value length should be between 0 and 255
2019-06-04 16:06:41,003 - VO - IE - DONEDEAL - 2019-04-01 00:00:00 - ERROR - FILE_CHECK - expect_column_value_lengths_to_be_between - OPTIONS - Unexpected characters count of: [For Sale in Galway: ...] on line  9, value length should be between 0 and 255
2019-06-04 16:06:41,003 - VO - IE - DONEDEAL - 2019-04-01 00:00:00 - ERROR - FILE_CHECK - expect_column_value_lengths_to_be_between - OPTIONS - Unexpected characters count of: [For Sale in Mayo: wh...] on line  10, value length should be between 0 and 255
2019-06-04 16:06:41,003 - VO - IE - DONEDEAL - 2019-04-01 00:00:00 - ERROR - FILE_CHECK - expect_column_value_lengths_to_be_between - OPTIONS - Unexpected characters count of: [For Sale in Galway: ...] on line  11, value length should be between 0 and 255
2019-06-04 16:06:41,003 - VO - IE - DONEDEAL - 2019-04-01 00:00:00 - ERROR - FILE_CHECK - expect_column_value_lengths_to_be_between - OPTIONS - Unexpected characters count of: [For Sale in Galway: ...] on line  12, value length should be between 0 and 255
2019-06-04 16:06:41,003 - VO - IE - DONEDEAL - 2019-04-01 00:00:00 - ERROR - FILE_CHECK - expect_column_value_lengths_to_be_between - OPTIONS - Unexpected characters count of: [For Sale in Clare: N...] on line  13, value length should be between 0 and 255
2019-06-04 16:06:41,003 - VO - IE - DONEDEAL - 2019-04-01 00:00:00 - ERROR - FILE_CHECK - expect_column_value_lengths_to_be_between - OPTIONS - Unexpected characters count of: [For Sale in Wexford:...] on line  14, value length should be between 0 and 255
2019-06-04 16:06:41,003 - VO - IE - DONEDEAL - 2019-04-01 00:00:00 - ERROR - FILE_CHECK - expect_column_value_lengths_to_be_between - OPTIONS - Unexpected characters count of: [For Sale in Offaly: ...] on line  15, value length should be between 0 and 255
2019-06-04 16:06:41,003 - VO - IE - DONEDEAL - 2019-04-01 00:00:00 - ERROR - FILE_CHECK - expect_column_value_lengths_to_be_between - OPTIONS - Unexpected characters count of: [For Sale in Wexford:...] on line  17, value length should be between 0 and 255
2019-06-04 16:06:41,003 - VO - IE - DONEDEAL - 2019-04-01 00:00:00 - ERROR - FILE_CHECK - expect_column_value_lengths_to_be_between - OPTIONS - Unexpected characters count of: [For Sale in Wexford:...] on line  18, value length should be between 0 and 255
2019-06-04 16:06:41,004 - VO - IE - DONEDEAL - 2019-04-01 00:00:00 - ERROR - FILE_CHECK - expect_column_value_lengths_to_be_between - OPTIONS - Unexpected characters count of: [For Sale in Wexford:...] on line  19, value length should be between 0 and 255
2019-06-04 16:06:41,004 - VO - IE - DONEDEAL - 2019-04-01 00:00:00 - ERROR - FILE_CHECK - expect_column_value_lengths_to_be_between - OPTIONS - Unexpected characters count of: [For Sale in Tipperar...] on line  20, value length should be between 0 and 255
2019-06-04 16:06:41,004 - VO - IE - DONEDEAL - 2019-04-01 00:00:00 - ERROR - STAT - expect_column_value_lengths_to_be_between - OPTIONS - correctly filled rate (%) - 28.12
2019-06-04 16:06:41,004 - VO - IE - DONEDEAL - 2019-04-01 00:00:00 - ERROR - STAT - expect_column_values_to_be_in_type_list - PHOTO - correctly filled rate (%) - 100.0
2019-06-04 16:06:41,004 - VO - IE - DONEDEAL - 2019-04-01 00:00:00 - ERROR - STAT - expect_column_values_to_not_be_null - PHOTO - correctly filled rate (%) - 100.0
2019-06-04 16:06:41,004 - VO - IE - DONEDEAL - 2019-04-01 00:00:00 - ERROR - STAT - expect_column_values_to_not_be_null - PLACE - correctly filled rate (%) - 0.0
2019-06-04 16:06:41,004 - VO - IE - DONEDEAL - 2019-04-01 00:00:00 - ERROR - STAT - expect_column_values_to_not_be_null - PORTE - correctly filled rate (%) - 0.0
2019-06-04 16:06:41,004 - VO - IE - DONEDEAL - 2019-04-01 00:00:00 - ERROR - STAT - expect_column_values_to_be_in_type_list - PRIX - correctly filled rate (%) - 100.0
2019-06-04 16:06:41,004 - VO - IE - DONEDEAL - 2019-04-01 00:00:00 - ERROR - STAT - expect_column_values_to_not_be_null - PRIX - correctly filled rate (%) - 100.0
2019-06-04 16:06:41,004 - VO - IE - DONEDEAL - 2019-04-01 00:00:00 - ERROR - STAT - expect_column_values_to_not_be_null - PROVINCE - correctly filled rate (%) - 99.99
2019-06-04 16:06:41,004 - VO - IE - DONEDEAL - 2019-04-01 00:00:00 - ERROR - STAT - expect_column_values_to_not_be_null - SITE - correctly filled rate (%) - 100.0
2019-06-04 16:06:41,004 - VO - IE - DONEDEAL - 2019-04-01 00:00:00 - ERROR - STAT - expect_column_values_to_not_be_null - TELEPHONE - correctly filled rate (%) - 98.78
2019-06-04 16:06:41,005 - VO - IE - DONEDEAL - 2019-04-01 00:00:00 - ERROR - STAT - expect_column_values_to_be_phone_number - TELEPHONE - correctly filled rate (%) - 93.28
2019-06-04 16:06:41,005 - VO - IE - DONEDEAL - 2019-04-01 00:00:00 - ERROR - STAT - expect_column_values_to_not_be_null - TYPE - correctly filled rate (%) - 100.0
2019-06-04 16:06:41,005 - VO - IE - DONEDEAL - 2019-04-01 00:00:00 - ERROR - STAT - expect_column_values_to_be_in_set_2 - TYPE - observed proportion - 100.0
2019-06-04 16:06:41,005 - VO - IE - DONEDEAL - 2019-04-01 00:00:00 - ERROR - STAT - expect_column_values_to_not_be_null - VILLE - correctly filled rate (%) - 81.19
2019-06-04 16:06:41,005 - VO - IE - DONEDEAL - 2019-04-01 00:00:00 - ERROR - STAT - expect_column_values_to_not_be_null - VN_IND - correctly filled rate (%) - 0.0
2019-06-04 16:06:41,005 - VO - IE - DONEDEAL - 2019-04-01 00:00:00 - ERROR - STAT - expect_returning_row_count_on_conditions - DEALER_USEDCARS - total number of row with conditions - 53353
2019-06-04 16:06:41,005 - VO - IE - DONEDEAL - 2019-04-01 00:00:00 - ERROR - STAT - expect_returning_row_count_on_conditions - PRIVATE_USEDCARS - total number of row with conditions - 24127
2019-06-04 16:06:41,005 - VO - IE - DONEDEAL - 2019-04-01 00:00:00 - ERROR - STAT - expect_returning_row_unique_count - MARQUE_CORRECTED - total number of unique rows - 60
2019-06-04 16:06:41,005 - VO - IE - DONEDEAL - 2019-04-01 00:00:00 - ERROR - STAT - expect_returning_row_unique_count - MODELE_CORRECTED - total number of unique rows - 708
2019-06-04 16:06:41,005 - VO - IE - DONEDEAL - 2019-04-01 00:00:00 - ERROR - STAT - expect_returning_row_unique_count - CARROSSERIE - total number of unique rows - 55
2019-06-04 16:06:41,005 - VO - IE - DONEDEAL - 2019-04-01 00:00:00 - ERROR - STAT - expect_returning_row_unique_count - CARBURANT - total number of unique rows - 14
2019-06-04 16:06:41,006 - VO - IE - DONEDEAL - 2019-04-01 00:00:00 - ERROR - STAT - expect_column_values_to_not_be_null - CYLINDRE - correctly filled rate (%) - 0.0
2019-06-04 16:06:41,006 - VO - IE - DONEDEAL - 2019-04-01 00:00:00 - ERROR - STAT - expect_returning_row_unique_count - PROVINCE - total number of unique rows - 32
2019-06-04 16:06:41,006 - VO - IE - DONEDEAL - 2019-04-01 00:00:00 - ERROR - STAT - expect_returning_row_unique_count - VILLE - total number of unique rows - 972
2019-06-04 16:06:41,006 - VO - IE - DONEDEAL - 2019-04-01 00:00:00 - ERROR - STAT - expect_returning_row_unique_count - DEPARTEMENT - total number of unique rows - 0
