2019-07-19 01:36:47,155 - VO - BE - 2DEHANDS - 2019-07-01 00:00:00 - ERROR - STAT - expect_column_values_to_not_be_null - ADRESSE - correctly filled rate (%) - 0.0
2019-07-19 01:36:47,155 - VO - BE - 2DEHANDS - 2019-07-01 00:00:00 - ERROR - STAT - expect_column_values_to_be_in_type_list - ANNEE - correctly filled rate (%) - 100.0
2019-07-19 01:36:47,155 - VO - BE - 2DEHANDS - 2019-07-01 00:00:00 - ERROR - STAT - expect_column_values_to_be_between - ANNEE - correctly filled rate (%) - 92.08
2019-07-19 01:36:47,155 - VO - BE - 2DEHANDS - 2019-07-01 00:00:00 - ERROR - STAT - expect_column_values_to_not_be_null - ANNEE - correctly filled rate (%) - 100.0
2019-07-19 01:36:47,155 - VO - BE - 2DEHANDS - 2019-07-01 00:00:00 - ERROR - FILE_CHECK - expect_column_values_to_match_regex - ANNEE - Unexpected value: 0 on line 0, value should match regexp ^[0-9]{4}$
2019-07-19 01:36:47,155 - VO - BE - 2DEHANDS - 2019-07-01 00:00:00 - ERROR - FILE_CHECK - expect_column_values_to_match_regex - ANNEE - Unexpected value: 0 on line 8, value should match regexp ^[0-9]{4}$
2019-07-19 01:36:47,155 - VO - BE - 2DEHANDS - 2019-07-01 00:00:00 - ERROR - FILE_CHECK - expect_column_values_to_match_regex - ANNEE - Unexpected value: 0 on line 9, value should match regexp ^[0-9]{4}$
2019-07-19 01:36:47,155 - VO - BE - 2DEHANDS - 2019-07-01 00:00:00 - ERROR - FILE_CHECK - expect_column_values_to_match_regex - ANNEE - Unexpected value: 0 on line 10, value should match regexp ^[0-9]{4}$
2019-07-19 01:36:47,155 - VO - BE - 2DEHANDS - 2019-07-01 00:00:00 - ERROR - FILE_CHECK - expect_column_values_to_match_regex - ANNEE - Unexpected value: 0 on line 24, value should match regexp ^[0-9]{4}$
2019-07-19 01:36:47,155 - VO - BE - 2DEHANDS - 2019-07-01 00:00:00 - ERROR - FILE_CHECK - expect_column_values_to_match_regex - ANNEE - Unexpected value: 0 on line 131, value should match regexp ^[0-9]{4}$
2019-07-19 01:36:47,155 - VO - BE - 2DEHANDS - 2019-07-01 00:00:00 - ERROR - FILE_CHECK - expect_column_values_to_match_regex - ANNEE - Unexpected value: 0 on line 146, value should match regexp ^[0-9]{4}$
2019-07-19 01:36:47,156 - VO - BE - 2DEHANDS - 2019-07-01 00:00:00 - ERROR - FILE_CHECK - expect_column_values_to_match_regex - ANNEE - Unexpected value: 0 on line 468, value should match regexp ^[0-9]{4}$
2019-07-19 01:36:47,156 - VO - BE - 2DEHANDS - 2019-07-01 00:00:00 - ERROR - FILE_CHECK - expect_column_values_to_match_regex - ANNEE - Unexpected value: 0 on line 481, value should match regexp ^[0-9]{4}$
2019-07-19 01:36:47,156 - VO - BE - 2DEHANDS - 2019-07-01 00:00:00 - ERROR - FILE_CHECK - expect_column_values_to_match_regex - ANNEE - Unexpected value: 0 on line 502, value should match regexp ^[0-9]{4}$
2019-07-19 01:36:47,156 - VO - BE - 2DEHANDS - 2019-07-01 00:00:00 - ERROR - FILE_CHECK - expect_column_values_to_match_regex - ANNEE - Unexpected value: 0 on line 595, value should match regexp ^[0-9]{4}$
2019-07-19 01:36:47,156 - VO - BE - 2DEHANDS - 2019-07-01 00:00:00 - ERROR - FILE_CHECK - expect_column_values_to_match_regex - ANNEE - Unexpected value: 0 on line 599, value should match regexp ^[0-9]{4}$
2019-07-19 01:36:47,156 - VO - BE - 2DEHANDS - 2019-07-01 00:00:00 - ERROR - FILE_CHECK - expect_column_values_to_match_regex - ANNEE - Unexpected value: 0 on line 609, value should match regexp ^[0-9]{4}$
2019-07-19 01:36:47,156 - VO - BE - 2DEHANDS - 2019-07-01 00:00:00 - ERROR - FILE_CHECK - expect_column_values_to_match_regex - ANNEE - Unexpected value: 0 on line 625, value should match regexp ^[0-9]{4}$
2019-07-19 01:36:47,156 - VO - BE - 2DEHANDS - 2019-07-01 00:00:00 - ERROR - FILE_CHECK - expect_column_values_to_match_regex - ANNEE - Unexpected value: 0 on line 647, value should match regexp ^[0-9]{4}$
2019-07-19 01:36:47,156 - VO - BE - 2DEHANDS - 2019-07-01 00:00:00 - ERROR - FILE_CHECK - expect_column_values_to_match_regex - ANNEE - Unexpected value: 0 on line 704, value should match regexp ^[0-9]{4}$
2019-07-19 01:36:47,156 - VO - BE - 2DEHANDS - 2019-07-01 00:00:00 - ERROR - FILE_CHECK - expect_column_values_to_match_regex - ANNEE - Unexpected value: 0 on line 713, value should match regexp ^[0-9]{4}$
2019-07-19 01:36:47,156 - VO - BE - 2DEHANDS - 2019-07-01 00:00:00 - ERROR - FILE_CHECK - expect_column_values_to_match_regex - ANNEE - Unexpected value: 0 on line 740, value should match regexp ^[0-9]{4}$
2019-07-19 01:36:47,156 - VO - BE - 2DEHANDS - 2019-07-01 00:00:00 - ERROR - FILE_CHECK - expect_column_values_to_match_regex - ANNEE - Unexpected value: 0 on line 756, value should match regexp ^[0-9]{4}$
2019-07-19 01:36:47,156 - VO - BE - 2DEHANDS - 2019-07-01 00:00:00 - ERROR - FILE_CHECK - expect_column_values_to_match_regex - ANNEE - Unexpected value: 0 on line 860, value should match regexp ^[0-9]{4}$
2019-07-19 01:36:47,156 - VO - BE - 2DEHANDS - 2019-07-01 00:00:00 - ERROR - STAT - expect_column_values_to_match_regex - ANNEE - correctly filled rate (%) - 95.06
2019-07-19 01:36:47,156 - VO - BE - 2DEHANDS - 2019-07-01 00:00:00 - ERROR - STAT - expect_column_values_to_not_be_null - ANNONCE_LINK - correctly filled rate (%) - 100.0
2019-07-19 01:36:47,156 - VO - BE - 2DEHANDS - 2019-07-01 00:00:00 - ERROR - STAT - expect_column_values_to_be_unique - ANNONCE_LINK - observed proportion - 100.0
2019-07-19 01:36:47,156 - VO - BE - 2DEHANDS - 2019-07-01 00:00:00 - ERROR - STAT - expect_column_values_to_not_be_null - CARBURANT - correctly filled rate (%) - 96.62
2019-07-19 01:36:47,157 - VO - BE - 2DEHANDS - 2019-07-01 00:00:00 - ERROR - STAT - expect_column_values_to_not_be_null - CARROSSERIE - correctly filled rate (%) - 0.0
2019-07-19 01:36:47,157 - VO - BE - 2DEHANDS - 2019-07-01 00:00:00 - ERROR - STAT - expect_column_values_to_not_be_null - CP - correctly filled rate (%) - 0.0
2019-07-19 01:36:47,157 - VO - BE - 2DEHANDS - 2019-07-01 00:00:00 - ERROR - STAT - expect_column_values_to_not_be_null - GARAGE_ID - correctly filled rate (%) - 100.0
2019-07-19 01:36:47,157 - VO - BE - 2DEHANDS - 2019-07-01 00:00:00 - ERROR - STAT - expect_column_values_to_not_be_null - ID_CLIENT - correctly filled rate (%) - 100.0
2019-07-19 01:36:47,157 - VO - BE - 2DEHANDS - 2019-07-01 00:00:00 - ERROR - STAT - expect_column_values_to_be_unique - ID_CLIENT - observed proportion - 100.0
2019-07-19 01:36:47,157 - VO - BE - 2DEHANDS - 2019-07-01 00:00:00 - ERROR - STAT - expect_returning_row_count - EVERY_COLUMNS - total number of rows - 85475
2019-07-19 01:36:47,157 - VO - BE - 2DEHANDS - 2019-07-01 00:00:00 - ERROR - STAT - expect_column_values_to_not_be_null - IMMAT - correctly filled rate (%) - 100.0
2019-07-19 01:36:47,157 - VO - BE - 2DEHANDS - 2019-07-01 00:00:00 - ERROR - STAT - expect_column_values_to_be_in_type_list - KM - correctly filled rate (%) - 100.0
2019-07-19 01:36:47,157 - VO - BE - 2DEHANDS - 2019-07-01 00:00:00 - ERROR - STAT - expect_column_values_to_not_be_null - KM - correctly filled rate (%) - 100.0
2019-07-19 01:36:47,157 - VO - BE - 2DEHANDS - 2019-07-01 00:00:00 - ERROR - STAT - expect_column_values_to_be_in_type_list - LITRE - correctly filled rate (%) - 100.0
2019-07-19 01:36:47,157 - VO - BE - 2DEHANDS - 2019-07-01 00:00:00 - ERROR - STAT - expect_column_values_to_not_be_null - LITRE - correctly filled rate (%) - 100.0
2019-07-19 01:36:47,157 - VO - BE - 2DEHANDS - 2019-07-01 00:00:00 - ERROR - STAT - expect_column_values_to_not_be_null - MARQUE - correctly filled rate (%) - 10.11
2019-07-19 01:36:47,157 - VO - BE - 2DEHANDS - 2019-07-01 00:00:00 - ERROR - STAT - expect_column_values_to_not_be_null - MODELE - correctly filled rate (%) - 94.91
2019-07-19 01:36:47,157 - VO - BE - 2DEHANDS - 2019-07-01 00:00:00 - ERROR - STAT - expect_column_values_to_not_be_null - MOIS - correctly filled rate (%) - 100.0
2019-07-19 01:36:47,158 - VO - BE - 2DEHANDS - 2019-07-01 00:00:00 - ERROR - FILE_CHECK - expect_column_values_to_be_between - MOIS - Unexpected value: 0 on line 0, value should be between 1 and 12
2019-07-19 01:36:47,158 - VO - BE - 2DEHANDS - 2019-07-01 00:00:00 - ERROR - FILE_CHECK - expect_column_values_to_be_between - MOIS - Unexpected value: 0 on line 1, value should be between 1 and 12
2019-07-19 01:36:47,158 - VO - BE - 2DEHANDS - 2019-07-01 00:00:00 - ERROR - FILE_CHECK - expect_column_values_to_be_between - MOIS - Unexpected value: 0 on line 2, value should be between 1 and 12
2019-07-19 01:36:47,158 - VO - BE - 2DEHANDS - 2019-07-01 00:00:00 - ERROR - FILE_CHECK - expect_column_values_to_be_between - MOIS - Unexpected value: 0 on line 3, value should be between 1 and 12
2019-07-19 01:36:47,158 - VO - BE - 2DEHANDS - 2019-07-01 00:00:00 - ERROR - FILE_CHECK - expect_column_values_to_be_between - MOIS - Unexpected value: 0 on line 4, value should be between 1 and 12
2019-07-19 01:36:47,158 - VO - BE - 2DEHANDS - 2019-07-01 00:00:00 - ERROR - FILE_CHECK - expect_column_values_to_be_between - MOIS - Unexpected value: 0 on line 5, value should be between 1 and 12
2019-07-19 01:36:47,158 - VO - BE - 2DEHANDS - 2019-07-01 00:00:00 - ERROR - FILE_CHECK - expect_column_values_to_be_between - MOIS - Unexpected value: 0 on line 6, value should be between 1 and 12
2019-07-19 01:36:47,158 - VO - BE - 2DEHANDS - 2019-07-01 00:00:00 - ERROR - FILE_CHECK - expect_column_values_to_be_between - MOIS - Unexpected value: 0 on line 7, value should be between 1 and 12
2019-07-19 01:36:47,158 - VO - BE - 2DEHANDS - 2019-07-01 00:00:00 - ERROR - FILE_CHECK - expect_column_values_to_be_between - MOIS - Unexpected value: 0 on line 8, value should be between 1 and 12
2019-07-19 01:36:47,158 - VO - BE - 2DEHANDS - 2019-07-01 00:00:00 - ERROR - FILE_CHECK - expect_column_values_to_be_between - MOIS - Unexpected value: 0 on line 9, value should be between 1 and 12
2019-07-19 01:36:47,158 - VO - BE - 2DEHANDS - 2019-07-01 00:00:00 - ERROR - FILE_CHECK - expect_column_values_to_be_between - MOIS - Unexpected value: 0 on line 10, value should be between 1 and 12
2019-07-19 01:36:47,158 - VO - BE - 2DEHANDS - 2019-07-01 00:00:00 - ERROR - FILE_CHECK - expect_column_values_to_be_between - MOIS - Unexpected value: 0 on line 11, value should be between 1 and 12
2019-07-19 01:36:47,158 - VO - BE - 2DEHANDS - 2019-07-01 00:00:00 - ERROR - FILE_CHECK - expect_column_values_to_be_between - MOIS - Unexpected value: 0 on line 12, value should be between 1 and 12
2019-07-19 01:36:47,158 - VO - BE - 2DEHANDS - 2019-07-01 00:00:00 - ERROR - FILE_CHECK - expect_column_values_to_be_between - MOIS - Unexpected value: 0 on line 13, value should be between 1 and 12
2019-07-19 01:36:47,158 - VO - BE - 2DEHANDS - 2019-07-01 00:00:00 - ERROR - FILE_CHECK - expect_column_values_to_be_between - MOIS - Unexpected value: 0 on line 14, value should be between 1 and 12
2019-07-19 01:36:47,158 - VO - BE - 2DEHANDS - 2019-07-01 00:00:00 - ERROR - FILE_CHECK - expect_column_values_to_be_between - MOIS - Unexpected value: 0 on line 15, value should be between 1 and 12
2019-07-19 01:36:47,158 - VO - BE - 2DEHANDS - 2019-07-01 00:00:00 - ERROR - FILE_CHECK - expect_column_values_to_be_between - MOIS - Unexpected value: 0 on line 16, value should be between 1 and 12
2019-07-19 01:36:47,158 - VO - BE - 2DEHANDS - 2019-07-01 00:00:00 - ERROR - FILE_CHECK - expect_column_values_to_be_between - MOIS - Unexpected value: 0 on line 17, value should be between 1 and 12
2019-07-19 01:36:47,159 - VO - BE - 2DEHANDS - 2019-07-01 00:00:00 - ERROR - FILE_CHECK - expect_column_values_to_be_between - MOIS - Unexpected value: 0 on line 18, value should be between 1 and 12
2019-07-19 01:36:47,159 - VO - BE - 2DEHANDS - 2019-07-01 00:00:00 - ERROR - FILE_CHECK - expect_column_values_to_be_between - MOIS - Unexpected value: 0 on line 19, value should be between 1 and 12
2019-07-19 01:36:47,159 - VO - BE - 2DEHANDS - 2019-07-01 00:00:00 - ERROR - STAT - expect_column_values_to_be_between - MOIS - correctly filled rate (%) - 0.0
2019-07-19 01:36:47,159 - VO - BE - 2DEHANDS - 2019-07-01 00:00:00 - ERROR - STAT - expect_column_values_to_match_regex - MOIS - correctly filled rate (%) - 100.0
2019-07-19 01:36:47,159 - VO - BE - 2DEHANDS - 2019-07-01 00:00:00 - ERROR - STAT - expect_column_values_to_not_be_null - NOM - correctly filled rate (%) - 100.0
2019-07-19 01:36:47,159 - VO - BE - 2DEHANDS - 2019-07-01 00:00:00 - ERROR - FILE_CHECK - expect_column_value_lengths_to_be_between - NOM - Unexpected characters count of: [Tts...] on line  32, value length should be between 10 and 255
2019-07-19 01:36:47,159 - VO - BE - 2DEHANDS - 2019-07-01 00:00:00 - ERROR - FILE_CHECK - expect_column_value_lengths_to_be_between - NOM - Unexpected characters count of: [207 cc...] on line  142, value length should be between 10 and 255
2019-07-19 01:36:47,159 - VO - BE - 2DEHANDS - 2019-07-01 00:00:00 - ERROR - FILE_CHECK - expect_column_value_lengths_to_be_between - NOM - Unexpected characters count of: [BMW 114 i...] on line  231, value length should be between 10 and 255
2019-07-19 01:36:47,159 - VO - BE - 2DEHANDS - 2019-07-01 00:00:00 - ERROR - FILE_CHECK - expect_column_value_lengths_to_be_between - NOM - Unexpected characters count of: [bmw M4...] on line  494, value length should be between 10 and 255
2019-07-19 01:36:47,159 - VO - BE - 2DEHANDS - 2019-07-01 00:00:00 - ERROR - FILE_CHECK - expect_column_value_lengths_to_be_between - NOM - Unexpected characters count of: [mercedes...] on line  698, value length should be between 10 and 255
2019-07-19 01:36:47,159 - VO - BE - 2DEHANDS - 2019-07-01 00:00:00 - ERROR - FILE_CHECK - expect_column_value_lengths_to_be_between - NOM - Unexpected characters count of: [Avendre...] on line  721, value length should be between 10 and 255
2019-07-19 01:36:47,159 - VO - BE - 2DEHANDS - 2019-07-01 00:00:00 - ERROR - FILE_CHECK - expect_column_value_lengths_to_be_between - NOM - Unexpected characters count of: [Golf 6...] on line  726, value length should be between 10 and 255
2019-07-19 01:36:47,159 - VO - BE - 2DEHANDS - 2019-07-01 00:00:00 - ERROR - FILE_CHECK - expect_column_value_lengths_to_be_between - NOM - Unexpected characters count of: [Honda...] on line  728, value length should be between 10 and 255
2019-07-19 01:36:47,159 - VO - BE - 2DEHANDS - 2019-07-01 00:00:00 - ERROR - FILE_CHECK - expect_column_value_lengths_to_be_between - NOM - Unexpected characters count of: [Golf 3 gl...] on line  860, value length should be between 10 and 255
2019-07-19 01:36:47,159 - VO - BE - 2DEHANDS - 2019-07-01 00:00:00 - ERROR - FILE_CHECK - expect_column_value_lengths_to_be_between - NOM - Unexpected characters count of: [Kia Rio...] on line  903, value length should be between 10 and 255
2019-07-19 01:36:47,159 - VO - BE - 2DEHANDS - 2019-07-01 00:00:00 - ERROR - FILE_CHECK - expect_column_value_lengths_to_be_between - NOM - Unexpected characters count of: [auto...] on line  1000, value length should be between 10 and 255
2019-07-19 01:36:47,159 - VO - BE - 2DEHANDS - 2019-07-01 00:00:00 - ERROR - FILE_CHECK - expect_column_value_lengths_to_be_between - NOM - Unexpected characters count of: [A vendre...] on line  1069, value length should be between 10 and 255
2019-07-19 01:36:47,159 - VO - BE - 2DEHANDS - 2019-07-01 00:00:00 - ERROR - FILE_CHECK - expect_column_value_lengths_to_be_between - NOM - Unexpected characters count of: [alfa 156...] on line  1137, value length should be between 10 and 255
2019-07-19 01:36:47,160 - VO - BE - 2DEHANDS - 2019-07-01 00:00:00 - ERROR - FILE_CHECK - expect_column_value_lengths_to_be_between - NOM - Unexpected characters count of: [Mazda 3...] on line  1148, value length should be between 10 and 255
2019-07-19 01:36:47,160 - VO - BE - 2DEHANDS - 2019-07-01 00:00:00 - ERROR - FILE_CHECK - expect_column_value_lengths_to_be_between - NOM - Unexpected characters count of: [Vw touran...] on line  1181, value length should be between 10 and 255
2019-07-19 01:36:47,160 - VO - BE - 2DEHANDS - 2019-07-01 00:00:00 - ERROR - FILE_CHECK - expect_column_value_lengths_to_be_between - NOM - Unexpected characters count of: [Golf 7...] on line  1246, value length should be between 10 and 255
2019-07-19 01:36:47,160 - VO - BE - 2DEHANDS - 2019-07-01 00:00:00 - ERROR - FILE_CHECK - expect_column_value_lengths_to_be_between - NOM - Unexpected characters count of: [Golf plus...] on line  1259, value length should be between 10 and 255
2019-07-19 01:36:47,160 - VO - BE - 2DEHANDS - 2019-07-01 00:00:00 - ERROR - FILE_CHECK - expect_column_value_lengths_to_be_between - NOM - Unexpected characters count of: [Bmw 220d...] on line  1276, value length should be between 10 and 255
2019-07-19 01:36:47,160 - VO - BE - 2DEHANDS - 2019-07-01 00:00:00 - ERROR - FILE_CHECK - expect_column_value_lengths_to_be_between - NOM - Unexpected characters count of: [auto...] on line  1355, value length should be between 10 and 255
2019-07-19 01:36:47,160 - VO - BE - 2DEHANDS - 2019-07-01 00:00:00 - ERROR - FILE_CHECK - expect_column_value_lengths_to_be_between - NOM - Unexpected characters count of: [VW golf...] on line  1384, value length should be between 10 and 255
2019-07-19 01:36:47,160 - VO - BE - 2DEHANDS - 2019-07-01 00:00:00 - ERROR - STAT - expect_column_value_lengths_to_be_between - NOM - correctly filled rate (%) - 97.18
2019-07-19 01:36:47,160 - VO - BE - 2DEHANDS - 2019-07-01 00:00:00 - ERROR - STAT - expect_column_values_to_not_be_null - OPTIONS - correctly filled rate (%) - 87.49
2019-07-19 01:36:47,160 - VO - BE - 2DEHANDS - 2019-07-01 00:00:00 - ERROR - FILE_CHECK - expect_column_value_lengths_to_be_between - OPTIONS - Unexpected characters count of: [abs airbags lederen ...] on line  0, value length should be between 0 and 255
2019-07-19 01:36:47,160 - VO - BE - 2DEHANDS - 2019-07-01 00:00:00 - ERROR - FILE_CHECK - expect_column_value_lengths_to_be_between - OPTIONS - Unexpected characters count of: [abs airbags aircondi...] on line  1, value length should be between 0 and 255
2019-07-19 01:36:47,160 - VO - BE - 2DEHANDS - 2019-07-01 00:00:00 - ERROR - FILE_CHECK - expect_column_value_lengths_to_be_between - OPTIONS - Unexpected characters count of: [abs airbags boordcom...] on line  3, value length should be between 0 and 255
2019-07-19 01:36:47,160 - VO - BE - 2DEHANDS - 2019-07-01 00:00:00 - ERROR - FILE_CHECK - expect_column_value_lengths_to_be_between - OPTIONS - Unexpected characters count of: [abs airbags boordcom...] on line  6, value length should be between 0 and 255
2019-07-19 01:36:47,160 - VO - BE - 2DEHANDS - 2019-07-01 00:00:00 - ERROR - FILE_CHECK - expect_column_value_lengths_to_be_between - OPTIONS - Unexpected characters count of: [abs airbags boordcom...] on line  7, value length should be between 0 and 255
2019-07-19 01:36:47,160 - VO - BE - 2DEHANDS - 2019-07-01 00:00:00 - ERROR - FILE_CHECK - expect_column_value_lengths_to_be_between - OPTIONS - Unexpected characters count of: [abs airbags boordcom...] on line  12, value length should be between 0 and 255
2019-07-19 01:36:47,160 - VO - BE - 2DEHANDS - 2019-07-01 00:00:00 - ERROR - FILE_CHECK - expect_column_value_lengths_to_be_between - OPTIONS - Unexpected characters count of: [abs airbags lederen ...] on line  13, value length should be between 0 and 255
2019-07-19 01:36:47,160 - VO - BE - 2DEHANDS - 2019-07-01 00:00:00 - ERROR - FILE_CHECK - expect_column_value_lengths_to_be_between - OPTIONS - Unexpected characters count of: [abs airbags lederen ...] on line  14, value length should be between 0 and 255
2019-07-19 01:36:47,160 - VO - BE - 2DEHANDS - 2019-07-01 00:00:00 - ERROR - FILE_CHECK - expect_column_value_lengths_to_be_between - OPTIONS - Unexpected characters count of: [abs airbags boordcom...] on line  16, value length should be between 0 and 255
2019-07-19 01:36:47,160 - VO - BE - 2DEHANDS - 2019-07-01 00:00:00 - ERROR - FILE_CHECK - expect_column_value_lengths_to_be_between - OPTIONS - Unexpected characters count of: [abs airbags lederen ...] on line  17, value length should be between 0 and 255
2019-07-19 01:36:47,161 - VO - BE - 2DEHANDS - 2019-07-01 00:00:00 - ERROR - FILE_CHECK - expect_column_value_lengths_to_be_between - OPTIONS - Unexpected characters count of: [airbags centrale ver...] on line  18, value length should be between 0 and 255
2019-07-19 01:36:47,161 - VO - BE - 2DEHANDS - 2019-07-01 00:00:00 - ERROR - FILE_CHECK - expect_column_value_lengths_to_be_between - OPTIONS - Unexpected characters count of: [abs airbags boordcom...] on line  19, value length should be between 0 and 255
2019-07-19 01:36:47,161 - VO - BE - 2DEHANDS - 2019-07-01 00:00:00 - ERROR - FILE_CHECK - expect_column_value_lengths_to_be_between - OPTIONS - Unexpected characters count of: [abs airbags lederen ...] on line  20, value length should be between 0 and 255
2019-07-19 01:36:47,161 - VO - BE - 2DEHANDS - 2019-07-01 00:00:00 - ERROR - FILE_CHECK - expect_column_value_lengths_to_be_between - OPTIONS - Unexpected characters count of: [abs airbags boordcom...] on line  21, value length should be between 0 and 255
2019-07-19 01:36:47,161 - VO - BE - 2DEHANDS - 2019-07-01 00:00:00 - ERROR - FILE_CHECK - expect_column_value_lengths_to_be_between - OPTIONS - Unexpected characters count of: [abs airbags lederen ...] on line  22, value length should be between 0 and 255
2019-07-19 01:36:47,161 - VO - BE - 2DEHANDS - 2019-07-01 00:00:00 - ERROR - FILE_CHECK - expect_column_value_lengths_to_be_between - OPTIONS - Unexpected characters count of: [abs airbags boordcom...] on line  23, value length should be between 0 and 255
2019-07-19 01:36:47,161 - VO - BE - 2DEHANDS - 2019-07-01 00:00:00 - ERROR - FILE_CHECK - expect_column_value_lengths_to_be_between - OPTIONS - Unexpected characters count of: [abs airbags lederen ...] on line  24, value length should be between 0 and 255
2019-07-19 01:36:47,161 - VO - BE - 2DEHANDS - 2019-07-01 00:00:00 - ERROR - FILE_CHECK - expect_column_value_lengths_to_be_between - OPTIONS - Unexpected characters count of: [abs airbags boordcom...] on line  25, value length should be between 0 and 255
2019-07-19 01:36:47,161 - VO - BE - 2DEHANDS - 2019-07-01 00:00:00 - ERROR - FILE_CHECK - expect_column_value_lengths_to_be_between - OPTIONS - Unexpected characters count of: [abs airbags boordcom...] on line  27, value length should be between 0 and 255
2019-07-19 01:36:47,161 - VO - BE - 2DEHANDS - 2019-07-01 00:00:00 - ERROR - FILE_CHECK - expect_column_value_lengths_to_be_between - OPTIONS - Unexpected characters count of: [abs airbags lederen ...] on line  28, value length should be between 0 and 255
2019-07-19 01:36:47,161 - VO - BE - 2DEHANDS - 2019-07-01 00:00:00 - ERROR - STAT - expect_column_value_lengths_to_be_between - OPTIONS - correctly filled rate (%) - 31.76
2019-07-19 01:36:47,161 - VO - BE - 2DEHANDS - 2019-07-01 00:00:00 - ERROR - STAT - expect_column_values_to_be_in_type_list - PHOTO - correctly filled rate (%) - 100.0
2019-07-19 01:36:47,161 - VO - BE - 2DEHANDS - 2019-07-01 00:00:00 - ERROR - STAT - expect_column_values_to_not_be_null - PHOTO - correctly filled rate (%) - 100.0
2019-07-19 01:36:47,161 - VO - BE - 2DEHANDS - 2019-07-01 00:00:00 - ERROR - STAT - expect_column_values_to_not_be_null - PLACE - correctly filled rate (%) - 0.0
2019-07-19 01:36:47,161 - VO - BE - 2DEHANDS - 2019-07-01 00:00:00 - ERROR - STAT - expect_column_values_to_not_be_null - PORTE - correctly filled rate (%) - 81.9
2019-07-19 01:36:47,161 - VO - BE - 2DEHANDS - 2019-07-01 00:00:00 - ERROR - FILE_CHECK - expect_column_values_to_be_in_type_list - PORTE - Wrong type for value: 5 deurs on line 0 should be in ['int', 'float']
2019-07-19 01:36:47,161 - VO - BE - 2DEHANDS - 2019-07-01 00:00:00 - ERROR - FILE_CHECK - expect_column_values_to_be_in_type_list - PORTE - Wrong type for value: 5 deurs on line 2 should be in ['int', 'float']
2019-07-19 01:36:47,162 - VO - BE - 2DEHANDS - 2019-07-01 00:00:00 - ERROR - FILE_CHECK - expect_column_values_to_be_in_type_list - PORTE - Wrong type for value: 5 deurs on line 3 should be in ['int', 'float']
2019-07-19 01:36:47,162 - VO - BE - 2DEHANDS - 2019-07-01 00:00:00 - ERROR - FILE_CHECK - expect_column_values_to_be_in_type_list - PORTE - Wrong type for value: 2 deurs on line 4 should be in ['int', 'float']
2019-07-19 01:36:47,162 - VO - BE - 2DEHANDS - 2019-07-01 00:00:00 - ERROR - FILE_CHECK - expect_column_values_to_be_in_type_list - PORTE - Wrong type for value: 5 deurs on line 5 should be in ['int', 'float']
2019-07-19 01:36:47,162 - VO - BE - 2DEHANDS - 2019-07-01 00:00:00 - ERROR - FILE_CHECK - expect_column_values_to_be_in_type_list - PORTE - Wrong type for value: 5 deurs on line 6 should be in ['int', 'float']
2019-07-19 01:36:47,162 - VO - BE - 2DEHANDS - 2019-07-01 00:00:00 - ERROR - FILE_CHECK - expect_column_values_to_be_in_type_list - PORTE - Wrong type for value: 3 deurs on line 12 should be in ['int', 'float']
2019-07-19 01:36:47,162 - VO - BE - 2DEHANDS - 2019-07-01 00:00:00 - ERROR - FILE_CHECK - expect_column_values_to_be_in_type_list - PORTE - Wrong type for value: 5 deurs on line 13 should be in ['int', 'float']
2019-07-19 01:36:47,162 - VO - BE - 2DEHANDS - 2019-07-01 00:00:00 - ERROR - FILE_CHECK - expect_column_values_to_be_in_type_list - PORTE - Wrong type for value: 5 deurs on line 14 should be in ['int', 'float']
2019-07-19 01:36:47,162 - VO - BE - 2DEHANDS - 2019-07-01 00:00:00 - ERROR - FILE_CHECK - expect_column_values_to_be_in_type_list - PORTE - Wrong type for value: 3 deurs on line 15 should be in ['int', 'float']
2019-07-19 01:36:47,162 - VO - BE - 2DEHANDS - 2019-07-01 00:00:00 - ERROR - FILE_CHECK - expect_column_values_to_be_in_type_list - PORTE - Wrong type for value: 5 deurs on line 16 should be in ['int', 'float']
2019-07-19 01:36:47,162 - VO - BE - 2DEHANDS - 2019-07-01 00:00:00 - ERROR - FILE_CHECK - expect_column_values_to_be_in_type_list - PORTE - Wrong type for value: 5 deurs on line 17 should be in ['int', 'float']
2019-07-19 01:36:47,162 - VO - BE - 2DEHANDS - 2019-07-01 00:00:00 - ERROR - FILE_CHECK - expect_column_values_to_be_in_type_list - PORTE - Wrong type for value: 5 deurs on line 18 should be in ['int', 'float']
2019-07-19 01:36:47,162 - VO - BE - 2DEHANDS - 2019-07-01 00:00:00 - ERROR - FILE_CHECK - expect_column_values_to_be_in_type_list - PORTE - Wrong type for value: 5 deurs on line 19 should be in ['int', 'float']
2019-07-19 01:36:47,162 - VO - BE - 2DEHANDS - 2019-07-01 00:00:00 - ERROR - FILE_CHECK - expect_column_values_to_be_in_type_list - PORTE - Wrong type for value: 5 deurs on line 20 should be in ['int', 'float']
2019-07-19 01:36:47,162 - VO - BE - 2DEHANDS - 2019-07-01 00:00:00 - ERROR - FILE_CHECK - expect_column_values_to_be_in_type_list - PORTE - Wrong type for value: 5 deurs on line 21 should be in ['int', 'float']
2019-07-19 01:36:47,162 - VO - BE - 2DEHANDS - 2019-07-01 00:00:00 - ERROR - FILE_CHECK - expect_column_values_to_be_in_type_list - PORTE - Wrong type for value: 5 deurs on line 22 should be in ['int', 'float']
2019-07-19 01:36:47,162 - VO - BE - 2DEHANDS - 2019-07-01 00:00:00 - ERROR - FILE_CHECK - expect_column_values_to_be_in_type_list - PORTE - Wrong type for value: 5 deurs on line 23 should be in ['int', 'float']
2019-07-19 01:36:47,162 - VO - BE - 2DEHANDS - 2019-07-01 00:00:00 - ERROR - FILE_CHECK - expect_column_values_to_be_in_type_list - PORTE - Wrong type for value: 5 deurs on line 27 should be in ['int', 'float']
2019-07-19 01:36:47,162 - VO - BE - 2DEHANDS - 2019-07-01 00:00:00 - ERROR - FILE_CHECK - expect_column_values_to_be_in_type_list - PORTE - Wrong type for value: 5 deurs on line 28 should be in ['int', 'float']
2019-07-19 01:36:47,162 - VO - BE - 2DEHANDS - 2019-07-01 00:00:00 - ERROR - STAT - expect_column_values_to_be_in_type_list - PORTE - correctly filled rate (%) - 0.0
2019-07-19 01:36:47,163 - VO - BE - 2DEHANDS - 2019-07-01 00:00:00 - ERROR - STAT - expect_column_values_to_be_in_type_list - PRIX - correctly filled rate (%) - 100.0
2019-07-19 01:36:47,163 - VO - BE - 2DEHANDS - 2019-07-01 00:00:00 - ERROR - STAT - expect_column_values_to_not_be_null - PRIX - correctly filled rate (%) - 100.0
2019-07-19 01:36:47,163 - VO - BE - 2DEHANDS - 2019-07-01 00:00:00 - ERROR - STAT - expect_column_values_to_not_be_null - PROVINCE - correctly filled rate (%) - 0.0
2019-07-19 01:36:47,163 - VO - BE - 2DEHANDS - 2019-07-01 00:00:00 - ERROR - STAT - expect_column_values_to_not_be_null - SITE - correctly filled rate (%) - 100.0
2019-07-19 01:36:47,163 - VO - BE - 2DEHANDS - 2019-07-01 00:00:00 - ERROR - STAT - expect_column_values_to_not_be_null - TELEPHONE - correctly filled rate (%) - 84.82
2019-07-19 01:36:47,163 - VO - BE - 2DEHANDS - 2019-07-01 00:00:00 - ERROR - FILE_CHECK - expect_column_values_to_be_phone_number - TELEPHONE - Unexpected value: 491971414.0 on line 3, value should match a phone number format
2019-07-19 01:36:47,163 - VO - BE - 2DEHANDS - 2019-07-01 00:00:00 - ERROR - FILE_CHECK - expect_column_values_to_be_phone_number - TELEPHONE - Unexpected value: 483497590.0 on line 5, value should match a phone number format
2019-07-19 01:36:47,163 - VO - BE - 2DEHANDS - 2019-07-01 00:00:00 - ERROR - FILE_CHECK - expect_column_values_to_be_phone_number - TELEPHONE - Unexpected value: 495687944.0 on line 6, value should match a phone number format
2019-07-19 01:36:47,163 - VO - BE - 2DEHANDS - 2019-07-01 00:00:00 - ERROR - FILE_CHECK - expect_column_values_to_be_phone_number - TELEPHONE - Unexpected value: 493423214.0 on line 7, value should match a phone number format
2019-07-19 01:36:47,163 - VO - BE - 2DEHANDS - 2019-07-01 00:00:00 - ERROR - FILE_CHECK - expect_column_values_to_be_phone_number - TELEPHONE - Unexpected value: 495675460.0 on line 8, value should match a phone number format
2019-07-19 01:36:47,163 - VO - BE - 2DEHANDS - 2019-07-01 00:00:00 - ERROR - FILE_CHECK - expect_column_values_to_be_phone_number - TELEPHONE - Unexpected value: 484751234.0 on line 9, value should match a phone number format
2019-07-19 01:36:47,163 - VO - BE - 2DEHANDS - 2019-07-01 00:00:00 - ERROR - FILE_CHECK - expect_column_values_to_be_phone_number - TELEPHONE - Unexpected value: 495863432.0 on line 11, value should match a phone number format
2019-07-19 01:36:47,163 - VO - BE - 2DEHANDS - 2019-07-01 00:00:00 - ERROR - FILE_CHECK - expect_column_values_to_be_phone_number - TELEPHONE - Unexpected value: 487225815.0 on line 12, value should match a phone number format
2019-07-19 01:36:47,163 - VO - BE - 2DEHANDS - 2019-07-01 00:00:00 - ERROR - FILE_CHECK - expect_column_values_to_be_phone_number - TELEPHONE - Unexpected value: 491731127.0 on line 13, value should match a phone number format
2019-07-19 01:36:47,163 - VO - BE - 2DEHANDS - 2019-07-01 00:00:00 - ERROR - FILE_CHECK - expect_column_values_to_be_phone_number - TELEPHONE - Unexpected value: 491731127.0 on line 14, value should match a phone number format
2019-07-19 01:36:47,163 - VO - BE - 2DEHANDS - 2019-07-01 00:00:00 - ERROR - FILE_CHECK - expect_column_values_to_be_phone_number - TELEPHONE - Unexpected value: 491731127.0 on line 16, value should match a phone number format
2019-07-19 01:36:47,163 - VO - BE - 2DEHANDS - 2019-07-01 00:00:00 - ERROR - FILE_CHECK - expect_column_values_to_be_phone_number - TELEPHONE - Unexpected value: 491731127.0 on line 17, value should match a phone number format
2019-07-19 01:36:47,163 - VO - BE - 2DEHANDS - 2019-07-01 00:00:00 - ERROR - FILE_CHECK - expect_column_values_to_be_phone_number - TELEPHONE - Unexpected value: 496941145.0 on line 18, value should match a phone number format
2019-07-19 01:36:47,164 - VO - BE - 2DEHANDS - 2019-07-01 00:00:00 - ERROR - FILE_CHECK - expect_column_values_to_be_phone_number - TELEPHONE - Unexpected value: 487225815.0 on line 19, value should match a phone number format
2019-07-19 01:36:47,164 - VO - BE - 2DEHANDS - 2019-07-01 00:00:00 - ERROR - FILE_CHECK - expect_column_values_to_be_phone_number - TELEPHONE - Unexpected value: 491731127.0 on line 20, value should match a phone number format
2019-07-19 01:36:47,164 - VO - BE - 2DEHANDS - 2019-07-01 00:00:00 - ERROR - FILE_CHECK - expect_column_values_to_be_phone_number - TELEPHONE - Unexpected value: 488876164.0 on line 21, value should match a phone number format
2019-07-19 01:36:47,164 - VO - BE - 2DEHANDS - 2019-07-01 00:00:00 - ERROR - FILE_CHECK - expect_column_values_to_be_phone_number - TELEPHONE - Unexpected value: 491731127.0 on line 22, value should match a phone number format
2019-07-19 01:36:47,164 - VO - BE - 2DEHANDS - 2019-07-01 00:00:00 - ERROR - FILE_CHECK - expect_column_values_to_be_phone_number - TELEPHONE - Unexpected value: 491731127.0 on line 23, value should match a phone number format
2019-07-19 01:36:47,164 - VO - BE - 2DEHANDS - 2019-07-01 00:00:00 - ERROR - FILE_CHECK - expect_column_values_to_be_phone_number - TELEPHONE - Unexpected value: 493053193.0 on line 28, value should match a phone number format
2019-07-19 01:36:47,164 - VO - BE - 2DEHANDS - 2019-07-01 00:00:00 - ERROR - FILE_CHECK - expect_column_values_to_be_phone_number - TELEPHONE - Unexpected value: 491731127.0 on line 29, value should match a phone number format
2019-07-19 01:36:47,164 - VO - BE - 2DEHANDS - 2019-07-01 00:00:00 - ERROR - STAT - expect_column_values_to_be_phone_number - TELEPHONE - correctly filled rate (%) - 38.95
2019-07-19 01:36:47,164 - VO - BE - 2DEHANDS - 2019-07-01 00:00:00 - ERROR - STAT - expect_column_values_to_not_be_null - TYPE - correctly filled rate (%) - 100.0
2019-07-19 01:36:47,164 - VO - BE - 2DEHANDS - 2019-07-01 00:00:00 - ERROR - STAT - expect_column_values_to_be_in_set_2 - TYPE - observed proportion - 100.0
2019-07-19 01:36:47,164 - VO - BE - 2DEHANDS - 2019-07-01 00:00:00 - ERROR - STAT - expect_column_values_to_not_be_null - VILLE - correctly filled rate (%) - 100.0
2019-07-19 01:36:47,164 - VO - BE - 2DEHANDS - 2019-07-01 00:00:00 - ERROR - STAT - expect_column_values_to_not_be_null - VN_IND - correctly filled rate (%) - 0.0
2019-07-19 01:36:47,164 - VO - BE - 2DEHANDS - 2019-07-01 00:00:00 - ERROR - STAT - expect_returning_row_unique_count - MARQUE_CORRECTED - total number of unique rows - 120
2019-07-19 01:36:47,164 - VO - BE - 2DEHANDS - 2019-07-01 00:00:00 - ERROR - STAT - expect_returning_row_unique_count - MODELE_CORRECTED - total number of unique rows - 1386
2019-07-19 01:36:47,164 - VO - BE - 2DEHANDS - 2019-07-01 00:00:00 - ERROR - STAT - expect_returning_row_unique_count - CARROSSERIE - total number of unique rows - 0
2019-07-19 01:36:47,164 - VO - BE - 2DEHANDS - 2019-07-01 00:00:00 - ERROR - STAT - expect_returning_row_unique_count - CARBURANT - total number of unique rows - 7
2019-07-19 01:36:47,164 - VO - BE - 2DEHANDS - 2019-07-01 00:00:00 - ERROR - STAT - expect_column_values_to_not_be_null - CYLINDRE - correctly filled rate (%) - 0.0
2019-07-19 01:36:47,164 - VO - BE - 2DEHANDS - 2019-07-01 00:00:00 - ERROR - STAT - expect_returning_row_unique_count - PROVINCE - total number of unique rows - 0
2019-07-19 01:36:47,165 - VO - BE - 2DEHANDS - 2019-07-01 00:00:00 - ERROR - STAT - expect_returning_row_unique_count - VILLE - total number of unique rows - 1347
2019-07-19 01:36:47,165 - VO - BE - 2DEHANDS - 2019-07-01 00:00:00 - ERROR - STAT - expect_returning_row_unique_count - DEPARTEMENT - total number of unique rows - 0
2019-07-19 01:36:47,165 - VO - BE - 2DEHANDS - 2019-07-01 00:00:00 - ERROR - STAT - expect_returning_row_count_on_conditions - DEALER_USEDCARS - total number of row with conditions - 0
2019-07-19 01:36:47,165 - VO - BE - 2DEHANDS - 2019-07-01 00:00:00 - ERROR - STAT - expect_returning_row_count_on_conditions - PRIVATE_USEDCARS - total number of row with conditions - 0
2019-07-19 01:36:47,165 - VO - BE - 2DEHANDS - 2019-07-01 00:00:00 - ERROR - STAT - expect_returning_row_count_on_conditions - DEALER_NEWCARS - total number of row with conditions - 0
2019-07-19 01:36:47,165 - VO - BE - 2DEHANDS - 2019-07-01 00:00:00 - ERROR - STAT - expect_returning_row_unique_count - GARAGE_ID - total number of unique rows - 27995
