2019-10-01 12:52:47,123 - VO - BR - CARROPIRACICABA - 2019-09-01 00:00:00 - ERROR - STAT - expect_column_values_to_not_be_null - ADRESSE - correctly filled rate (%) - 100.0
2019-10-01 12:52:47,124 - VO - BR - CARROPIRACICABA - 2019-09-01 00:00:00 - ERROR - STAT - expect_column_values_to_be_in_type_list - ANNEE - correctly filled rate (%) - 100.0
2019-10-01 12:52:47,124 - VO - BR - CARROPIRACICABA - 2019-09-01 00:00:00 - ERROR - STAT - expect_column_values_to_be_between - ANNEE - correctly filled rate (%) - 97.94
2019-10-01 12:52:47,124 - VO - BR - CARROPIRACICABA - 2019-09-01 00:00:00 - ERROR - STAT - expect_column_values_to_not_be_null - ANNEE - correctly filled rate (%) - 100.0
2019-10-01 12:52:47,124 - VO - BR - CARROPIRACICABA - 2019-09-01 00:00:00 - ERROR - STAT - expect_column_values_to_match_regex - ANNEE - correctly filled rate (%) - 100.0
2019-10-01 12:52:47,124 - VO - BR - CARROPIRACICABA - 2019-09-01 00:00:00 - ERROR - STAT - expect_column_values_to_not_be_null - ANNONCE_LINK - correctly filled rate (%) - 100.0
2019-10-01 12:52:47,124 - VO - BR - CARROPIRACICABA - 2019-09-01 00:00:00 - ERROR - STAT - expect_column_values_to_be_unique - ANNONCE_LINK - observed proportion - 100.0
2019-10-01 12:52:47,124 - VO - BR - CARROPIRACICABA - 2019-09-01 00:00:00 - ERROR - STAT - expect_column_values_to_not_be_null - CARBURANT - correctly filled rate (%) - 98.94
2019-10-01 12:52:47,124 - VO - BR - CARROPIRACICABA - 2019-09-01 00:00:00 - ERROR - STAT - expect_column_values_to_not_be_null - CARROSSERIE - correctly filled rate (%) - 0.0
2019-10-01 12:52:47,124 - VO - BR - CARROPIRACICABA - 2019-09-01 00:00:00 - ERROR - STAT - expect_column_values_to_not_be_null - CP - correctly filled rate (%) - 0.0
2019-10-01 12:52:47,124 - VO - BR - CARROPIRACICABA - 2019-09-01 00:00:00 - ERROR - STAT - expect_column_values_to_not_be_null - GARAGE_ID - correctly filled rate (%) - 0.0
2019-10-01 12:52:47,124 - VO - BR - CARROPIRACICABA - 2019-09-01 00:00:00 - ERROR - STAT - expect_column_values_to_not_be_null - ID_CLIENT - correctly filled rate (%) - 100.0
2019-10-01 12:52:47,124 - VO - BR - CARROPIRACICABA - 2019-09-01 00:00:00 - ERROR - STAT - expect_column_values_to_be_unique - ID_CLIENT - observed proportion - 100.0
2019-10-01 12:52:47,124 - VO - BR - CARROPIRACICABA - 2019-09-01 00:00:00 - ERROR - STAT - expect_returning_row_count - EVERY_COLUMNS - total number of rows - 25104
2019-10-01 12:52:47,124 - VO - BR - CARROPIRACICABA - 2019-09-01 00:00:00 - ERROR - STAT - expect_column_values_to_not_be_null - IMMAT - correctly filled rate (%) - 100.0
2019-10-01 12:52:47,124 - VO - BR - CARROPIRACICABA - 2019-09-01 00:00:00 - ERROR - STAT - expect_column_values_to_be_in_type_list - KM - correctly filled rate (%) - 100.0
2019-10-01 12:52:47,125 - VO - BR - CARROPIRACICABA - 2019-09-01 00:00:00 - ERROR - STAT - expect_column_values_to_not_be_null - KM - correctly filled rate (%) - 100.0
2019-10-01 12:52:47,125 - VO - BR - CARROPIRACICABA - 2019-09-01 00:00:00 - ERROR - STAT - expect_column_values_to_be_in_type_list - LITRE - correctly filled rate (%) - 100.0
2019-10-01 12:52:47,125 - VO - BR - CARROPIRACICABA - 2019-09-01 00:00:00 - ERROR - STAT - expect_column_values_to_not_be_null - LITRE - correctly filled rate (%) - 100.0
2019-10-01 12:52:47,125 - VO - BR - CARROPIRACICABA - 2019-09-01 00:00:00 - ERROR - STAT - expect_column_values_to_not_be_null - MARQUE - correctly filled rate (%) - 100.0
2019-10-01 12:52:47,125 - VO - BR - CARROPIRACICABA - 2019-09-01 00:00:00 - ERROR - STAT - expect_column_values_to_not_be_null - MODELE - correctly filled rate (%) - 100.0
2019-10-01 12:52:47,125 - VO - BR - CARROPIRACICABA - 2019-09-01 00:00:00 - ERROR - STAT - expect_column_values_to_not_be_null - MOIS - correctly filled rate (%) - 100.0
2019-10-01 12:52:47,125 - VO - BR - CARROPIRACICABA - 2019-09-01 00:00:00 - ERROR - FILE_CHECK - expect_column_values_to_be_between - MOIS - Unexpected value: 0 on line 0, value should be between 1 and 12
2019-10-01 12:52:47,125 - VO - BR - CARROPIRACICABA - 2019-09-01 00:00:00 - ERROR - FILE_CHECK - expect_column_values_to_be_between - MOIS - Unexpected value: 0 on line 1, value should be between 1 and 12
2019-10-01 12:52:47,125 - VO - BR - CARROPIRACICABA - 2019-09-01 00:00:00 - ERROR - FILE_CHECK - expect_column_values_to_be_between - MOIS - Unexpected value: 0 on line 2, value should be between 1 and 12
2019-10-01 12:52:47,125 - VO - BR - CARROPIRACICABA - 2019-09-01 00:00:00 - ERROR - FILE_CHECK - expect_column_values_to_be_between - MOIS - Unexpected value: 0 on line 3, value should be between 1 and 12
2019-10-01 12:52:47,125 - VO - BR - CARROPIRACICABA - 2019-09-01 00:00:00 - ERROR - FILE_CHECK - expect_column_values_to_be_between - MOIS - Unexpected value: 0 on line 4, value should be between 1 and 12
2019-10-01 12:52:47,125 - VO - BR - CARROPIRACICABA - 2019-09-01 00:00:00 - ERROR - FILE_CHECK - expect_column_values_to_be_between - MOIS - Unexpected value: 0 on line 5, value should be between 1 and 12
2019-10-01 12:52:47,125 - VO - BR - CARROPIRACICABA - 2019-09-01 00:00:00 - ERROR - FILE_CHECK - expect_column_values_to_be_between - MOIS - Unexpected value: 0 on line 6, value should be between 1 and 12
2019-10-01 12:52:47,125 - VO - BR - CARROPIRACICABA - 2019-09-01 00:00:00 - ERROR - FILE_CHECK - expect_column_values_to_be_between - MOIS - Unexpected value: 0 on line 7, value should be between 1 and 12
2019-10-01 12:52:47,125 - VO - BR - CARROPIRACICABA - 2019-09-01 00:00:00 - ERROR - FILE_CHECK - expect_column_values_to_be_between - MOIS - Unexpected value: 0 on line 8, value should be between 1 and 12
2019-10-01 12:52:47,125 - VO - BR - CARROPIRACICABA - 2019-09-01 00:00:00 - ERROR - FILE_CHECK - expect_column_values_to_be_between - MOIS - Unexpected value: 0 on line 9, value should be between 1 and 12
2019-10-01 12:52:47,125 - VO - BR - CARROPIRACICABA - 2019-09-01 00:00:00 - ERROR - FILE_CHECK - expect_column_values_to_be_between - MOIS - Unexpected value: 0 on line 10, value should be between 1 and 12
2019-10-01 12:52:47,125 - VO - BR - CARROPIRACICABA - 2019-09-01 00:00:00 - ERROR - FILE_CHECK - expect_column_values_to_be_between - MOIS - Unexpected value: 0 on line 11, value should be between 1 and 12
2019-10-01 12:52:47,126 - VO - BR - CARROPIRACICABA - 2019-09-01 00:00:00 - ERROR - FILE_CHECK - expect_column_values_to_be_between - MOIS - Unexpected value: 0 on line 12, value should be between 1 and 12
2019-10-01 12:52:47,126 - VO - BR - CARROPIRACICABA - 2019-09-01 00:00:00 - ERROR - FILE_CHECK - expect_column_values_to_be_between - MOIS - Unexpected value: 0 on line 13, value should be between 1 and 12
2019-10-01 12:52:47,126 - VO - BR - CARROPIRACICABA - 2019-09-01 00:00:00 - ERROR - FILE_CHECK - expect_column_values_to_be_between - MOIS - Unexpected value: 0 on line 14, value should be between 1 and 12
2019-10-01 12:52:47,126 - VO - BR - CARROPIRACICABA - 2019-09-01 00:00:00 - ERROR - FILE_CHECK - expect_column_values_to_be_between - MOIS - Unexpected value: 0 on line 15, value should be between 1 and 12
2019-10-01 12:52:47,126 - VO - BR - CARROPIRACICABA - 2019-09-01 00:00:00 - ERROR - FILE_CHECK - expect_column_values_to_be_between - MOIS - Unexpected value: 0 on line 16, value should be between 1 and 12
2019-10-01 12:52:47,126 - VO - BR - CARROPIRACICABA - 2019-09-01 00:00:00 - ERROR - FILE_CHECK - expect_column_values_to_be_between - MOIS - Unexpected value: 0 on line 17, value should be between 1 and 12
2019-10-01 12:52:47,126 - VO - BR - CARROPIRACICABA - 2019-09-01 00:00:00 - ERROR - FILE_CHECK - expect_column_values_to_be_between - MOIS - Unexpected value: 0 on line 18, value should be between 1 and 12
2019-10-01 12:52:47,126 - VO - BR - CARROPIRACICABA - 2019-09-01 00:00:00 - ERROR - FILE_CHECK - expect_column_values_to_be_between - MOIS - Unexpected value: 0 on line 19, value should be between 1 and 12
2019-10-01 12:52:47,126 - VO - BR - CARROPIRACICABA - 2019-09-01 00:00:00 - ERROR - STAT - expect_column_values_to_be_between - MOIS - correctly filled rate (%) - 0.0
2019-10-01 12:52:47,126 - VO - BR - CARROPIRACICABA - 2019-09-01 00:00:00 - ERROR - STAT - expect_column_values_to_match_regex - MOIS - correctly filled rate (%) - 100.0
2019-10-01 12:52:47,126 - VO - BR - CARROPIRACICABA - 2019-09-01 00:00:00 - ERROR - STAT - expect_column_values_to_not_be_null - NOM - correctly filled rate (%) - 100.0
2019-10-01 12:52:47,126 - VO - BR - CARROPIRACICABA - 2019-09-01 00:00:00 - ERROR - FILE_CHECK - expect_column_value_lengths_to_be_between - NOM - Unexpected characters count of: [BMW X1...] on line  162, value length should be between 10 and 255
2019-10-01 12:52:47,126 - VO - BR - CARROPIRACICABA - 2019-09-01 00:00:00 - ERROR - FILE_CHECK - expect_column_value_lengths_to_be_between - NOM - Unexpected characters count of: [DODGE Ram...] on line  2141, value length should be between 10 and 255
2019-10-01 12:52:47,126 - VO - BR - CARROPIRACICABA - 2019-09-01 00:00:00 - ERROR - FILE_CHECK - expect_column_value_lengths_to_be_between - NOM - Unexpected characters count of: [VOLVO S40...] on line  2225, value length should be between 10 and 255
2019-10-01 12:52:47,126 - VO - BR - CARROPIRACICABA - 2019-09-01 00:00:00 - ERROR - FILE_CHECK - expect_column_value_lengths_to_be_between - NOM - Unexpected characters count of: [AUDI Q3...] on line  4686, value length should be between 10 and 255
2019-10-01 12:52:47,126 - VO - BR - CARROPIRACICABA - 2019-09-01 00:00:00 - ERROR - FILE_CHECK - expect_column_value_lengths_to_be_between - NOM - Unexpected characters count of: [HONDA Fit...] on line  5947, value length should be between 10 and 255
2019-10-01 12:52:47,126 - VO - BR - CARROPIRACICABA - 2019-09-01 00:00:00 - ERROR - FILE_CHECK - expect_column_value_lengths_to_be_between - NOM - Unexpected characters count of: [HONDA Fit...] on line  6637, value length should be between 10 and 255
2019-10-01 12:52:47,126 - VO - BR - CARROPIRACICABA - 2019-09-01 00:00:00 - ERROR - FILE_CHECK - expect_column_value_lengths_to_be_between - NOM - Unexpected characters count of: [HONDA Fit...] on line  6790, value length should be between 10 and 255
2019-10-01 12:52:47,127 - VO - BR - CARROPIRACICABA - 2019-09-01 00:00:00 - ERROR - FILE_CHECK - expect_column_value_lengths_to_be_between - NOM - Unexpected characters count of: [DODGE Ram...] on line  6800, value length should be between 10 and 255
2019-10-01 12:52:47,127 - VO - BR - CARROPIRACICABA - 2019-09-01 00:00:00 - ERROR - FILE_CHECK - expect_column_value_lengths_to_be_between - NOM - Unexpected characters count of: [KIA Soul...] on line  10457, value length should be between 10 and 255
2019-10-01 12:52:47,127 - VO - BR - CARROPIRACICABA - 2019-09-01 00:00:00 - ERROR - FILE_CHECK - expect_column_value_lengths_to_be_between - NOM - Unexpected characters count of: [AUDI A4...] on line  10793, value length should be between 10 and 255
2019-10-01 12:52:47,127 - VO - BR - CARROPIRACICABA - 2019-09-01 00:00:00 - ERROR - FILE_CHECK - expect_column_value_lengths_to_be_between - NOM - Unexpected characters count of: [FORD Jeep...] on line  10884, value length should be between 10 and 255
2019-10-01 12:52:47,127 - VO - BR - CARROPIRACICABA - 2019-09-01 00:00:00 - ERROR - FILE_CHECK - expect_column_value_lengths_to_be_between - NOM - Unexpected characters count of: [BMW X1...] on line  11033, value length should be between 10 and 255
2019-10-01 12:52:47,127 - VO - BR - CARROPIRACICABA - 2019-09-01 00:00:00 - ERROR - FILE_CHECK - expect_column_value_lengths_to_be_between - NOM - Unexpected characters count of: [BMW 118 I...] on line  11559, value length should be between 10 and 255
2019-10-01 12:52:47,127 - VO - BR - CARROPIRACICABA - 2019-09-01 00:00:00 - ERROR - FILE_CHECK - expect_column_value_lengths_to_be_between - NOM - Unexpected characters count of: [AUDI A3...] on line  12971, value length should be between 10 and 255
2019-10-01 12:52:47,127 - VO - BR - CARROPIRACICABA - 2019-09-01 00:00:00 - ERROR - FILE_CHECK - expect_column_value_lengths_to_be_between - NOM - Unexpected characters count of: [HONDA Fit...] on line  13094, value length should be between 10 and 255
2019-10-01 12:52:47,127 - VO - BR - CARROPIRACICABA - 2019-09-01 00:00:00 - ERROR - FILE_CHECK - expect_column_value_lengths_to_be_between - NOM - Unexpected characters count of: [FIAT Uno...] on line  13398, value length should be between 10 and 255
2019-10-01 12:52:47,127 - VO - BR - CARROPIRACICABA - 2019-09-01 00:00:00 - ERROR - FILE_CHECK - expect_column_value_lengths_to_be_between - NOM - Unexpected characters count of: [FIAT Uno...] on line  13400, value length should be between 10 and 255
2019-10-01 12:52:47,127 - VO - BR - CARROPIRACICABA - 2019-09-01 00:00:00 - ERROR - FILE_CHECK - expect_column_value_lengths_to_be_between - NOM - Unexpected characters count of: [BMW X1...] on line  13866, value length should be between 10 and 255
2019-10-01 12:52:47,127 - VO - BR - CARROPIRACICABA - 2019-09-01 00:00:00 - ERROR - FILE_CHECK - expect_column_value_lengths_to_be_between - NOM - Unexpected characters count of: [FIAT Idea...] on line  14136, value length should be between 10 and 255
2019-10-01 12:52:47,127 - VO - BR - CARROPIRACICABA - 2019-09-01 00:00:00 - ERROR - FILE_CHECK - expect_column_value_lengths_to_be_between - NOM - Unexpected characters count of: [HONDA Fit...] on line  15611, value length should be between 10 and 255
2019-10-01 12:52:47,127 - VO - BR - CARROPIRACICABA - 2019-09-01 00:00:00 - ERROR - STAT - expect_column_value_lengths_to_be_between - NOM - correctly filled rate (%) - 99.78
2019-10-01 12:52:47,127 - VO - BR - CARROPIRACICABA - 2019-09-01 00:00:00 - ERROR - STAT - expect_column_values_to_not_be_null - OPTIONS - correctly filled rate (%) - 0.0
2019-10-01 12:52:47,127 - VO - BR - CARROPIRACICABA - 2019-09-01 00:00:00 - ERROR - STAT - expect_column_values_to_be_in_type_list - PHOTO - correctly filled rate (%) - 100.0
2019-10-01 12:52:47,127 - VO - BR - CARROPIRACICABA - 2019-09-01 00:00:00 - ERROR - STAT - expect_column_values_to_not_be_null - PHOTO - correctly filled rate (%) - 100.0
2019-10-01 12:52:47,127 - VO - BR - CARROPIRACICABA - 2019-09-01 00:00:00 - ERROR - STAT - expect_column_values_to_be_in_type_list - PLACE - correctly filled rate (%) - 100.0
2019-10-01 12:52:47,128 - VO - BR - CARROPIRACICABA - 2019-09-01 00:00:00 - ERROR - STAT - expect_column_values_to_not_be_null - PLACE - correctly filled rate (%) - 100.0
2019-10-01 12:52:47,128 - VO - BR - CARROPIRACICABA - 2019-09-01 00:00:00 - ERROR - STAT - expect_column_values_to_not_be_null - PORTE - correctly filled rate (%) - 0.0
2019-10-01 12:52:47,128 - VO - BR - CARROPIRACICABA - 2019-09-01 00:00:00 - ERROR - STAT - expect_column_values_to_be_in_type_list - PRIX - correctly filled rate (%) - 100.0
2019-10-01 12:52:47,128 - VO - BR - CARROPIRACICABA - 2019-09-01 00:00:00 - ERROR - STAT - expect_column_values_to_not_be_null - PRIX - correctly filled rate (%) - 100.0
2019-10-01 12:52:47,128 - VO - BR - CARROPIRACICABA - 2019-09-01 00:00:00 - ERROR - STAT - expect_column_values_to_not_be_null - PROVINCE - correctly filled rate (%) - 0.0
2019-10-01 12:52:47,128 - VO - BR - CARROPIRACICABA - 2019-09-01 00:00:00 - ERROR - STAT - expect_column_values_to_not_be_null - SITE - correctly filled rate (%) - 100.0
2019-10-01 12:52:47,128 - VO - BR - CARROPIRACICABA - 2019-09-01 00:00:00 - ERROR - STAT - expect_column_values_to_not_be_null - TELEPHONE - correctly filled rate (%) - 100.0
2019-10-01 12:52:47,128 - VO - BR - CARROPIRACICABA - 2019-09-01 00:00:00 - ERROR - STAT - expect_column_values_to_be_phone_number - TELEPHONE - correctly filled rate (%) - 99.57
2019-10-01 12:52:47,128 - VO - BR - CARROPIRACICABA - 2019-09-01 00:00:00 - ERROR - STAT - expect_column_values_to_not_be_null - TYPE - correctly filled rate (%) - 100.0
2019-10-01 12:52:47,128 - VO - BR - CARROPIRACICABA - 2019-09-01 00:00:00 - ERROR - STAT - expect_column_values_to_be_in_set_2 - TYPE - observed proportion - 100.0
2019-10-01 12:52:47,128 - VO - BR - CARROPIRACICABA - 2019-09-01 00:00:00 - ERROR - STAT - expect_column_values_to_not_be_null - VILLE - correctly filled rate (%) - 100.0
2019-10-01 12:52:47,128 - VO - BR - CARROPIRACICABA - 2019-09-01 00:00:00 - ERROR - STAT - expect_column_values_to_not_be_null - VN_IND - correctly filled rate (%) - 0.0
2019-10-01 12:52:47,128 - VO - BR - CARROPIRACICABA - 2019-09-01 00:00:00 - ERROR - STAT - expect_returning_row_count_on_conditions - DEALER_USEDCARS - total number of row with conditions - 25103
2019-10-01 12:52:47,128 - VO - BR - CARROPIRACICABA - 2019-09-01 00:00:00 - ERROR - STAT - expect_returning_row_count_on_conditions - PRIVATE_USEDCARS - total number of row with conditions - 1
2019-10-01 12:52:47,128 - VO - BR - CARROPIRACICABA - 2019-09-01 00:00:00 - ERROR - STAT - expect_returning_row_unique_count - MARQUE_CORRECTED - total number of unique rows - 52
2019-10-01 12:52:47,128 - VO - BR - CARROPIRACICABA - 2019-09-01 00:00:00 - ERROR - STAT - expect_returning_row_unique_count - MODELE_CORRECTED - total number of unique rows - 324
2019-10-01 12:52:47,129 - VO - BR - CARROPIRACICABA - 2019-09-01 00:00:00 - ERROR - STAT - expect_returning_row_unique_count - CARROSSERIE - total number of unique rows - 0
2019-10-01 12:52:47,129 - VO - BR - CARROPIRACICABA - 2019-09-01 00:00:00 - ERROR - STAT - expect_returning_row_unique_count - CARBURANT - total number of unique rows - 10
2019-10-01 12:52:47,129 - VO - BR - CARROPIRACICABA - 2019-09-01 00:00:00 - ERROR - STAT - expect_column_values_to_not_be_null - CYLINDRE - correctly filled rate (%) - 0.0
2019-10-01 12:52:47,129 - VO - BR - CARROPIRACICABA - 2019-09-01 00:00:00 - ERROR - STAT - expect_returning_row_unique_count - PROVINCE - total number of unique rows - 0
2019-10-01 12:52:47,129 - VO - BR - CARROPIRACICABA - 2019-09-01 00:00:00 - ERROR - STAT - expect_returning_row_unique_count - VILLE - total number of unique rows - 52
2019-10-01 12:52:47,129 - VO - BR - CARROPIRACICABA - 2019-09-01 00:00:00 - ERROR - STAT - expect_returning_row_unique_count - DEPARTEMENT - total number of unique rows - 2
